<?xml version="1.0" encoding="UTF-8"?>
<!-- Generated by org.testng.reporters.JUnitReportReporter -->
<testsuite skipped="0" hostname="MAA014482B" name="com.BOM_25Nov22.tc.TC003_BOMBasicDetails" tests="41" failures="0" timestamp="2022-12-05T23:12:09 IST" time="6806.343" errors="0">
  <testcase name="basicDetails" time="166.329" classname="com.BOM_25Nov22.tc.TC003_BOMBasicDetails"/>
  <testcase name="basicDetails" time="167.063" classname="com.BOM_25Nov22.tc.TC003_BOMBasicDetails"/>
  <testcase name="basicDetails" time="167.580" classname="com.BOM_25Nov22.tc.TC003_BOMBasicDetails"/>
  <testcase name="basicDetails" time="164.598" classname="com.BOM_25Nov22.tc.TC003_BOMBasicDetails"/>
  <testcase name="basicDetails" time="164.089" classname="com.BOM_25Nov22.tc.TC003_BOMBasicDetails"/>
  <testcase name="basicDetails" time="164.807" classname="com.BOM_25Nov22.tc.TC003_BOMBasicDetails"/>
  <testcase name="basicDetails" time="164.082" classname="com.BOM_25Nov22.tc.TC003_BOMBasicDetails"/>
  <testcase name="basicDetails" time="167.590" classname="com.BOM_25Nov22.tc.TC003_BOMBasicDetails"/>
  <testcase name="basicDetails" time="163.953" classname="com.BOM_25Nov22.tc.TC003_BOMBasicDetails"/>
  <testcase name="basicDetails" time="167.731" classname="com.BOM_25Nov22.tc.TC003_BOMBasicDetails"/>
  <testcase name="basicDetails" time="167.935" classname="com.BOM_25Nov22.tc.TC003_BOMBasicDetails"/>
  <testcase name="basicDetails" time="168.323" classname="com.BOM_25Nov22.tc.TC003_BOMBasicDetails"/>
  <testcase name="basicDetails" time="168.026" classname="com.BOM_25Nov22.tc.TC003_BOMBasicDetails"/>
  <testcase name="basicDetails" time="167.270" classname="com.BOM_25Nov22.tc.TC003_BOMBasicDetails"/>
  <testcase name="basicDetails" time="167.912" classname="com.BOM_25Nov22.tc.TC003_BOMBasicDetails"/>
  <testcase name="basicDetails" time="167.312" classname="com.BOM_25Nov22.tc.TC003_BOMBasicDetails"/>
  <testcase name="basicDetails" time="164.319" classname="com.BOM_25Nov22.tc.TC003_BOMBasicDetails"/>
  <testcase name="basicDetails" time="166.310" classname="com.BOM_25Nov22.tc.TC003_BOMBasicDetails"/>
  <testcase name="basicDetails" time="167.470" classname="com.BOM_25Nov22.tc.TC003_BOMBasicDetails"/>
  <testcase name="basicDetails" time="164.779" classname="com.BOM_25Nov22.tc.TC003_BOMBasicDetails"/>
  <testcase name="basicDetails" time="163.896" classname="com.BOM_25Nov22.tc.TC003_BOMBasicDetails"/>
  <testcase name="basicDetails" time="165.473" classname="com.BOM_25Nov22.tc.TC003_BOMBasicDetails"/>
  <testcase name="basicDetails" time="164.960" classname="com.BOM_25Nov22.tc.TC003_BOMBasicDetails"/>
  <testcase name="basicDetails" time="166.876" classname="com.BOM_25Nov22.tc.TC003_BOMBasicDetails"/>
  <testcase name="basicDetails" time="162.497" classname="com.BOM_25Nov22.tc.TC003_BOMBasicDetails"/>
  <testcase name="basicDetails" time="164.196" classname="com.BOM_25Nov22.tc.TC003_BOMBasicDetails"/>
  <testcase name="basicDetails" time="168.770" classname="com.BOM_25Nov22.tc.TC003_BOMBasicDetails"/>
  <testcase name="basicDetails" time="164.064" classname="com.BOM_25Nov22.tc.TC003_BOMBasicDetails"/>
  <testcase name="basicDetails" time="167.821" classname="com.BOM_25Nov22.tc.TC003_BOMBasicDetails"/>
  <testcase name="basicDetails" time="167.283" classname="com.BOM_25Nov22.tc.TC003_BOMBasicDetails"/>
  <testcase name="basicDetails" time="164.541" classname="com.BOM_25Nov22.tc.TC003_BOMBasicDetails"/>
  <testcase name="basicDetails" time="168.147" classname="com.BOM_25Nov22.tc.TC003_BOMBasicDetails"/>
  <testcase name="basicDetails" time="167.870" classname="com.BOM_25Nov22.tc.TC003_BOMBasicDetails"/>
  <testcase name="basicDetails" time="163.342" classname="com.BOM_25Nov22.tc.TC003_BOMBasicDetails"/>
  <testcase name="basicDetails" time="162.279" classname="com.BOM_25Nov22.tc.TC003_BOMBasicDetails"/>
  <testcase name="basicDetails" time="164.714" classname="com.BOM_25Nov22.tc.TC003_BOMBasicDetails"/>
  <testcase name="basicDetails" time="163.912" classname="com.BOM_25Nov22.tc.TC003_BOMBasicDetails"/>
  <testcase name="basicDetails" time="164.440" classname="com.BOM_25Nov22.tc.TC003_BOMBasicDetails"/>
  <testcase name="basicDetails" time="168.371" classname="com.BOM_25Nov22.tc.TC003_BOMBasicDetails"/>
  <testcase name="basicDetails" time="168.108" classname="com.BOM_25Nov22.tc.TC003_BOMBasicDetails"/>
  <testcase name="basicDetails" time="167.305" classname="com.BOM_25Nov22.tc.TC003_BOMBasicDetails"/>
</testsuite> <!-- com.BOM_25Nov22.tc.TC003_BOMBasicDetails -->
