<?xml version="1.0" encoding="UTF-8"?>
<!-- Generated by org.testng.reporters.JUnitReportReporter -->
<testsuite skipped="0" hostname="MAA014482B" name="com.CAH_May23.tc.TC004_CAHBasicDetails" tests="54" failures="0" timestamp="2023-06-12T16:31:31 IST" time="8522.685" errors="0">
  <testcase name="basicDetails" time="157.008" classname="com.CAH_May23.tc.TC004_CAHBasicDetails"/>
  <testcase name="basicDetails" time="157.414" classname="com.CAH_May23.tc.TC004_CAHBasicDetails"/>
  <testcase name="basicDetails" time="157.064" classname="com.CAH_May23.tc.TC004_CAHBasicDetails"/>
  <testcase name="basicDetails" time="157.635" classname="com.CAH_May23.tc.TC004_CAHBasicDetails"/>
  <testcase name="basicDetails" time="157.420" classname="com.CAH_May23.tc.TC004_CAHBasicDetails"/>
  <testcase name="basicDetails" time="157.380" classname="com.CAH_May23.tc.TC004_CAHBasicDetails"/>
  <testcase name="basicDetails" time="157.671" classname="com.CAH_May23.tc.TC004_CAHBasicDetails"/>
  <testcase name="basicDetails" time="157.837" classname="com.CAH_May23.tc.TC004_CAHBasicDetails"/>
  <testcase name="basicDetails" time="157.810" classname="com.CAH_May23.tc.TC004_CAHBasicDetails"/>
  <testcase name="basicDetails" time="162.678" classname="com.CAH_May23.tc.TC004_CAHBasicDetails"/>
  <testcase name="basicDetails" time="157.796" classname="com.CAH_May23.tc.TC004_CAHBasicDetails"/>
  <testcase name="basicDetails" time="157.644" classname="com.CAH_May23.tc.TC004_CAHBasicDetails"/>
  <testcase name="basicDetails" time="157.872" classname="com.CAH_May23.tc.TC004_CAHBasicDetails"/>
  <testcase name="basicDetails" time="157.191" classname="com.CAH_May23.tc.TC004_CAHBasicDetails"/>
  <testcase name="basicDetails" time="160.623" classname="com.CAH_May23.tc.TC004_CAHBasicDetails"/>
  <testcase name="basicDetails" time="157.391" classname="com.CAH_May23.tc.TC004_CAHBasicDetails"/>
  <testcase name="basicDetails" time="157.616" classname="com.CAH_May23.tc.TC004_CAHBasicDetails"/>
  <testcase name="basicDetails" time="157.877" classname="com.CAH_May23.tc.TC004_CAHBasicDetails"/>
  <testcase name="basicDetails" time="161.391" classname="com.CAH_May23.tc.TC004_CAHBasicDetails"/>
  <testcase name="basicDetails" time="157.283" classname="com.CAH_May23.tc.TC004_CAHBasicDetails"/>
  <testcase name="basicDetails" time="157.498" classname="com.CAH_May23.tc.TC004_CAHBasicDetails"/>
  <testcase name="basicDetails" time="157.303" classname="com.CAH_May23.tc.TC004_CAHBasicDetails"/>
  <testcase name="basicDetails" time="157.422" classname="com.CAH_May23.tc.TC004_CAHBasicDetails"/>
  <testcase name="basicDetails" time="157.074" classname="com.CAH_May23.tc.TC004_CAHBasicDetails"/>
  <testcase name="basicDetails" time="157.914" classname="com.CAH_May23.tc.TC004_CAHBasicDetails"/>
  <testcase name="basicDetails" time="161.110" classname="com.CAH_May23.tc.TC004_CAHBasicDetails"/>
  <testcase name="basicDetails" time="157.649" classname="com.CAH_May23.tc.TC004_CAHBasicDetails"/>
  <testcase name="basicDetails" time="157.649" classname="com.CAH_May23.tc.TC004_CAHBasicDetails"/>
  <testcase name="basicDetails" time="157.565" classname="com.CAH_May23.tc.TC004_CAHBasicDetails"/>
  <testcase name="basicDetails" time="157.441" classname="com.CAH_May23.tc.TC004_CAHBasicDetails"/>
  <testcase name="basicDetails" time="157.622" classname="com.CAH_May23.tc.TC004_CAHBasicDetails"/>
  <testcase name="basicDetails" time="157.577" classname="com.CAH_May23.tc.TC004_CAHBasicDetails"/>
  <testcase name="basicDetails" time="157.892" classname="com.CAH_May23.tc.TC004_CAHBasicDetails"/>
  <testcase name="basicDetails" time="157.413" classname="com.CAH_May23.tc.TC004_CAHBasicDetails"/>
  <testcase name="basicDetails" time="157.476" classname="com.CAH_May23.tc.TC004_CAHBasicDetails"/>
  <testcase name="basicDetails" time="157.434" classname="com.CAH_May23.tc.TC004_CAHBasicDetails"/>
  <testcase name="basicDetails" time="157.328" classname="com.CAH_May23.tc.TC004_CAHBasicDetails"/>
  <testcase name="basicDetails" time="157.697" classname="com.CAH_May23.tc.TC004_CAHBasicDetails"/>
  <testcase name="basicDetails" time="157.967" classname="com.CAH_May23.tc.TC004_CAHBasicDetails"/>
  <testcase name="basicDetails" time="157.686" classname="com.CAH_May23.tc.TC004_CAHBasicDetails"/>
  <testcase name="basicDetails" time="157.501" classname="com.CAH_May23.tc.TC004_CAHBasicDetails"/>
  <testcase name="basicDetails" time="157.582" classname="com.CAH_May23.tc.TC004_CAHBasicDetails"/>
  <testcase name="basicDetails" time="157.557" classname="com.CAH_May23.tc.TC004_CAHBasicDetails"/>
  <testcase name="basicDetails" time="157.912" classname="com.CAH_May23.tc.TC004_CAHBasicDetails"/>
  <testcase name="basicDetails" time="157.634" classname="com.CAH_May23.tc.TC004_CAHBasicDetails"/>
  <testcase name="basicDetails" time="157.459" classname="com.CAH_May23.tc.TC004_CAHBasicDetails"/>
  <testcase name="basicDetails" time="157.256" classname="com.CAH_May23.tc.TC004_CAHBasicDetails"/>
  <testcase name="basicDetails" time="157.445" classname="com.CAH_May23.tc.TC004_CAHBasicDetails"/>
  <testcase name="basicDetails" time="157.402" classname="com.CAH_May23.tc.TC004_CAHBasicDetails"/>
  <testcase name="basicDetails" time="157.558" classname="com.CAH_May23.tc.TC004_CAHBasicDetails"/>
  <testcase name="basicDetails" time="157.582" classname="com.CAH_May23.tc.TC004_CAHBasicDetails"/>
  <testcase name="basicDetails" time="157.744" classname="com.CAH_May23.tc.TC004_CAHBasicDetails"/>
  <testcase name="basicDetails" time="157.624" classname="com.CAH_May23.tc.TC004_CAHBasicDetails"/>
  <testcase name="basicDetails" time="157.111" classname="com.CAH_May23.tc.TC004_CAHBasicDetails"/>
</testsuite> <!-- com.CAH_May23.tc.TC004_CAHBasicDetails -->
