<?xml version="1.0" encoding="UTF-8"?>
<!-- Generated by org.testng.reporters.JUnitReportReporter -->
<testsuite skipped="0" hostname="MAA014482B" name="com.SPMCILHy_19Sep22.tc.TC002_SPMCILBasicDetails" tests="52" failures="0" timestamp="2022-09-29T14:30:17 IST" time="8328.798" errors="0">
  <testcase name="basicDetails" time="159.960" classname="com.SPMCILHy_19Sep22.tc.TC002_SPMCILBasicDetails"/>
  <testcase name="basicDetails" time="160.571" classname="com.SPMCILHy_19Sep22.tc.TC002_SPMCILBasicDetails"/>
  <testcase name="basicDetails" time="160.197" classname="com.SPMCILHy_19Sep22.tc.TC002_SPMCILBasicDetails"/>
  <testcase name="basicDetails" time="161.011" classname="com.SPMCILHy_19Sep22.tc.TC002_SPMCILBasicDetails"/>
  <testcase name="basicDetails" time="159.548" classname="com.SPMCILHy_19Sep22.tc.TC002_SPMCILBasicDetails"/>
  <testcase name="basicDetails" time="159.326" classname="com.SPMCILHy_19Sep22.tc.TC002_SPMCILBasicDetails"/>
  <testcase name="basicDetails" time="159.715" classname="com.SPMCILHy_19Sep22.tc.TC002_SPMCILBasicDetails"/>
  <testcase name="basicDetails" time="160.096" classname="com.SPMCILHy_19Sep22.tc.TC002_SPMCILBasicDetails"/>
  <testcase name="basicDetails" time="160.764" classname="com.SPMCILHy_19Sep22.tc.TC002_SPMCILBasicDetails"/>
  <testcase name="basicDetails" time="159.874" classname="com.SPMCILHy_19Sep22.tc.TC002_SPMCILBasicDetails"/>
  <testcase name="basicDetails" time="159.968" classname="com.SPMCILHy_19Sep22.tc.TC002_SPMCILBasicDetails"/>
  <testcase name="basicDetails" time="159.535" classname="com.SPMCILHy_19Sep22.tc.TC002_SPMCILBasicDetails"/>
  <testcase name="basicDetails" time="160.154" classname="com.SPMCILHy_19Sep22.tc.TC002_SPMCILBasicDetails"/>
  <testcase name="basicDetails" time="160.923" classname="com.SPMCILHy_19Sep22.tc.TC002_SPMCILBasicDetails"/>
  <testcase name="basicDetails" time="160.423" classname="com.SPMCILHy_19Sep22.tc.TC002_SPMCILBasicDetails"/>
  <testcase name="basicDetails" time="161.277" classname="com.SPMCILHy_19Sep22.tc.TC002_SPMCILBasicDetails"/>
  <testcase name="basicDetails" time="160.624" classname="com.SPMCILHy_19Sep22.tc.TC002_SPMCILBasicDetails"/>
  <testcase name="basicDetails" time="159.117" classname="com.SPMCILHy_19Sep22.tc.TC002_SPMCILBasicDetails"/>
  <testcase name="basicDetails" time="159.873" classname="com.SPMCILHy_19Sep22.tc.TC002_SPMCILBasicDetails"/>
  <testcase name="basicDetails" time="159.546" classname="com.SPMCILHy_19Sep22.tc.TC002_SPMCILBasicDetails"/>
  <testcase name="basicDetails" time="159.897" classname="com.SPMCILHy_19Sep22.tc.TC002_SPMCILBasicDetails"/>
  <testcase name="basicDetails" time="160.328" classname="com.SPMCILHy_19Sep22.tc.TC002_SPMCILBasicDetails"/>
  <testcase name="basicDetails" time="160.510" classname="com.SPMCILHy_19Sep22.tc.TC002_SPMCILBasicDetails"/>
  <testcase name="basicDetails" time="160.404" classname="com.SPMCILHy_19Sep22.tc.TC002_SPMCILBasicDetails"/>
  <testcase name="basicDetails" time="161.082" classname="com.SPMCILHy_19Sep22.tc.TC002_SPMCILBasicDetails"/>
  <testcase name="basicDetails" time="159.742" classname="com.SPMCILHy_19Sep22.tc.TC002_SPMCILBasicDetails"/>
  <testcase name="basicDetails" time="159.778" classname="com.SPMCILHy_19Sep22.tc.TC002_SPMCILBasicDetails"/>
  <testcase name="basicDetails" time="160.452" classname="com.SPMCILHy_19Sep22.tc.TC002_SPMCILBasicDetails"/>
  <testcase name="basicDetails" time="160.218" classname="com.SPMCILHy_19Sep22.tc.TC002_SPMCILBasicDetails"/>
  <testcase name="basicDetails" time="159.690" classname="com.SPMCILHy_19Sep22.tc.TC002_SPMCILBasicDetails"/>
  <testcase name="basicDetails" time="159.155" classname="com.SPMCILHy_19Sep22.tc.TC002_SPMCILBasicDetails"/>
  <testcase name="basicDetails" time="160.850" classname="com.SPMCILHy_19Sep22.tc.TC002_SPMCILBasicDetails"/>
  <testcase name="basicDetails" time="159.723" classname="com.SPMCILHy_19Sep22.tc.TC002_SPMCILBasicDetails"/>
  <testcase name="basicDetails" time="160.151" classname="com.SPMCILHy_19Sep22.tc.TC002_SPMCILBasicDetails"/>
  <testcase name="basicDetails" time="160.382" classname="com.SPMCILHy_19Sep22.tc.TC002_SPMCILBasicDetails"/>
  <testcase name="basicDetails" time="159.937" classname="com.SPMCILHy_19Sep22.tc.TC002_SPMCILBasicDetails"/>
  <testcase name="basicDetails" time="161.102" classname="com.SPMCILHy_19Sep22.tc.TC002_SPMCILBasicDetails"/>
  <testcase name="basicDetails" time="159.971" classname="com.SPMCILHy_19Sep22.tc.TC002_SPMCILBasicDetails"/>
  <testcase name="basicDetails" time="159.839" classname="com.SPMCILHy_19Sep22.tc.TC002_SPMCILBasicDetails"/>
  <testcase name="basicDetails" time="160.771" classname="com.SPMCILHy_19Sep22.tc.TC002_SPMCILBasicDetails"/>
  <testcase name="basicDetails" time="159.358" classname="com.SPMCILHy_19Sep22.tc.TC002_SPMCILBasicDetails"/>
  <testcase name="basicDetails" time="160.575" classname="com.SPMCILHy_19Sep22.tc.TC002_SPMCILBasicDetails"/>
  <testcase name="basicDetails" time="160.116" classname="com.SPMCILHy_19Sep22.tc.TC002_SPMCILBasicDetails"/>
  <testcase name="basicDetails" time="160.511" classname="com.SPMCILHy_19Sep22.tc.TC002_SPMCILBasicDetails"/>
  <testcase name="basicDetails" time="159.959" classname="com.SPMCILHy_19Sep22.tc.TC002_SPMCILBasicDetails"/>
  <testcase name="basicDetails" time="159.917" classname="com.SPMCILHy_19Sep22.tc.TC002_SPMCILBasicDetails"/>
  <testcase name="basicDetails" time="159.223" classname="com.SPMCILHy_19Sep22.tc.TC002_SPMCILBasicDetails"/>
  <testcase name="basicDetails" time="160.769" classname="com.SPMCILHy_19Sep22.tc.TC002_SPMCILBasicDetails"/>
  <testcase name="basicDetails" time="160.003" classname="com.SPMCILHy_19Sep22.tc.TC002_SPMCILBasicDetails"/>
  <testcase name="basicDetails" time="162.820" classname="com.SPMCILHy_19Sep22.tc.TC002_SPMCILBasicDetails"/>
  <testcase name="basicDetails" time="159.327" classname="com.SPMCILHy_19Sep22.tc.TC002_SPMCILBasicDetails"/>
  <testcase name="basicDetails" time="159.736" classname="com.SPMCILHy_19Sep22.tc.TC002_SPMCILBasicDetails"/>
</testsuite> <!-- com.SPMCILHy_19Sep22.tc.TC002_SPMCILBasicDetails -->
