<?xml version="1.0" encoding="UTF-8"?>
<!-- Generated by org.testng.reporters.JUnitReportReporter -->
<testsuite skipped="0" hostname="MAA014482B" name="com.BOMSRO.tc.TC003_BOMBasicDetails" tests="80" failures="0" timestamp="2023-01-04T16:36:52 IST" time="12848.782" errors="0">
  <testcase name="basicDetails" time="157.746" classname="com.BOMSRO.tc.TC003_BOMBasicDetails"/>
  <testcase name="basicDetails" time="159.910" classname="com.BOMSRO.tc.TC003_BOMBasicDetails"/>
  <testcase name="basicDetails" time="162.301" classname="com.BOMSRO.tc.TC003_BOMBasicDetails"/>
  <testcase name="basicDetails" time="162.258" classname="com.BOMSRO.tc.TC003_BOMBasicDetails"/>
  <testcase name="basicDetails" time="159.656" classname="com.BOMSRO.tc.TC003_BOMBasicDetails"/>
  <testcase name="basicDetails" time="159.643" classname="com.BOMSRO.tc.TC003_BOMBasicDetails"/>
  <testcase name="basicDetails" time="159.679" classname="com.BOMSRO.tc.TC003_BOMBasicDetails"/>
  <testcase name="basicDetails" time="160.475" classname="com.BOMSRO.tc.TC003_BOMBasicDetails"/>
  <testcase name="basicDetails" time="159.614" classname="com.BOMSRO.tc.TC003_BOMBasicDetails"/>
  <testcase name="basicDetails" time="159.420" classname="com.BOMSRO.tc.TC003_BOMBasicDetails"/>
  <testcase name="basicDetails" time="159.826" classname="com.BOMSRO.tc.TC003_BOMBasicDetails"/>
  <testcase name="basicDetails" time="162.320" classname="com.BOMSRO.tc.TC003_BOMBasicDetails"/>
  <testcase name="basicDetails" time="160.065" classname="com.BOMSRO.tc.TC003_BOMBasicDetails"/>
  <testcase name="basicDetails" time="161.810" classname="com.BOMSRO.tc.TC003_BOMBasicDetails"/>
  <testcase name="basicDetails" time="159.807" classname="com.BOMSRO.tc.TC003_BOMBasicDetails"/>
  <testcase name="basicDetails" time="162.528" classname="com.BOMSRO.tc.TC003_BOMBasicDetails"/>
  <testcase name="basicDetails" time="159.881" classname="com.BOMSRO.tc.TC003_BOMBasicDetails"/>
  <testcase name="basicDetails" time="159.770" classname="com.BOMSRO.tc.TC003_BOMBasicDetails"/>
  <testcase name="basicDetails" time="159.634" classname="com.BOMSRO.tc.TC003_BOMBasicDetails"/>
  <testcase name="basicDetails" time="158.465" classname="com.BOMSRO.tc.TC003_BOMBasicDetails"/>
  <testcase name="basicDetails" time="160.129" classname="com.BOMSRO.tc.TC003_BOMBasicDetails"/>
  <testcase name="basicDetails" time="160.009" classname="com.BOMSRO.tc.TC003_BOMBasicDetails"/>
  <testcase name="basicDetails" time="160.007" classname="com.BOMSRO.tc.TC003_BOMBasicDetails"/>
  <testcase name="basicDetails" time="162.180" classname="com.BOMSRO.tc.TC003_BOMBasicDetails"/>
  <testcase name="basicDetails" time="162.197" classname="com.BOMSRO.tc.TC003_BOMBasicDetails"/>
  <testcase name="basicDetails" time="159.666" classname="com.BOMSRO.tc.TC003_BOMBasicDetails"/>
  <testcase name="basicDetails" time="160.158" classname="com.BOMSRO.tc.TC003_BOMBasicDetails"/>
  <testcase name="basicDetails" time="162.428" classname="com.BOMSRO.tc.TC003_BOMBasicDetails"/>
  <testcase name="basicDetails" time="160.009" classname="com.BOMSRO.tc.TC003_BOMBasicDetails"/>
  <testcase name="basicDetails" time="159.622" classname="com.BOMSRO.tc.TC003_BOMBasicDetails"/>
  <testcase name="basicDetails" time="159.397" classname="com.BOMSRO.tc.TC003_BOMBasicDetails"/>
  <testcase name="basicDetails" time="159.841" classname="com.BOMSRO.tc.TC003_BOMBasicDetails"/>
  <testcase name="basicDetails" time="159.626" classname="com.BOMSRO.tc.TC003_BOMBasicDetails"/>
  <testcase name="basicDetails" time="159.586" classname="com.BOMSRO.tc.TC003_BOMBasicDetails"/>
  <testcase name="basicDetails" time="159.547" classname="com.BOMSRO.tc.TC003_BOMBasicDetails"/>
  <testcase name="basicDetails" time="162.356" classname="com.BOMSRO.tc.TC003_BOMBasicDetails"/>
  <testcase name="basicDetails" time="162.487" classname="com.BOMSRO.tc.TC003_BOMBasicDetails"/>
  <testcase name="basicDetails" time="162.568" classname="com.BOMSRO.tc.TC003_BOMBasicDetails"/>
  <testcase name="basicDetails" time="160.002" classname="com.BOMSRO.tc.TC003_BOMBasicDetails"/>
  <testcase name="basicDetails" time="159.947" classname="com.BOMSRO.tc.TC003_BOMBasicDetails"/>
  <testcase name="basicDetails" time="159.949" classname="com.BOMSRO.tc.TC003_BOMBasicDetails"/>
  <testcase name="basicDetails" time="160.013" classname="com.BOMSRO.tc.TC003_BOMBasicDetails"/>
  <testcase name="basicDetails" time="162.154" classname="com.BOMSRO.tc.TC003_BOMBasicDetails"/>
  <testcase name="basicDetails" time="159.865" classname="com.BOMSRO.tc.TC003_BOMBasicDetails"/>
  <testcase name="basicDetails" time="159.398" classname="com.BOMSRO.tc.TC003_BOMBasicDetails"/>
  <testcase name="basicDetails" time="159.804" classname="com.BOMSRO.tc.TC003_BOMBasicDetails"/>
  <testcase name="basicDetails" time="162.402" classname="com.BOMSRO.tc.TC003_BOMBasicDetails"/>
  <testcase name="basicDetails" time="162.931" classname="com.BOMSRO.tc.TC003_BOMBasicDetails"/>
  <testcase name="basicDetails" time="162.231" classname="com.BOMSRO.tc.TC003_BOMBasicDetails"/>
  <testcase name="basicDetails" time="162.397" classname="com.BOMSRO.tc.TC003_BOMBasicDetails"/>
  <testcase name="basicDetails" time="160.045" classname="com.BOMSRO.tc.TC003_BOMBasicDetails"/>
  <testcase name="basicDetails" time="162.094" classname="com.BOMSRO.tc.TC003_BOMBasicDetails"/>
  <testcase name="basicDetails" time="159.887" classname="com.BOMSRO.tc.TC003_BOMBasicDetails"/>
  <testcase name="basicDetails" time="159.924" classname="com.BOMSRO.tc.TC003_BOMBasicDetails"/>
  <testcase name="basicDetails" time="159.570" classname="com.BOMSRO.tc.TC003_BOMBasicDetails"/>
  <testcase name="basicDetails" time="161.977" classname="com.BOMSRO.tc.TC003_BOMBasicDetails"/>
  <testcase name="basicDetails" time="160.050" classname="com.BOMSRO.tc.TC003_BOMBasicDetails"/>
  <testcase name="basicDetails" time="159.686" classname="com.BOMSRO.tc.TC003_BOMBasicDetails"/>
  <testcase name="basicDetails" time="161.550" classname="com.BOMSRO.tc.TC003_BOMBasicDetails"/>
  <testcase name="basicDetails" time="160.128" classname="com.BOMSRO.tc.TC003_BOMBasicDetails"/>
  <testcase name="basicDetails" time="159.646" classname="com.BOMSRO.tc.TC003_BOMBasicDetails"/>
  <testcase name="basicDetails" time="159.562" classname="com.BOMSRO.tc.TC003_BOMBasicDetails"/>
  <testcase name="basicDetails" time="159.866" classname="com.BOMSRO.tc.TC003_BOMBasicDetails"/>
  <testcase name="basicDetails" time="162.058" classname="com.BOMSRO.tc.TC003_BOMBasicDetails"/>
  <testcase name="basicDetails" time="162.585" classname="com.BOMSRO.tc.TC003_BOMBasicDetails"/>
  <testcase name="basicDetails" time="162.227" classname="com.BOMSRO.tc.TC003_BOMBasicDetails"/>
  <testcase name="basicDetails" time="159.569" classname="com.BOMSRO.tc.TC003_BOMBasicDetails"/>
  <testcase name="basicDetails" time="159.681" classname="com.BOMSRO.tc.TC003_BOMBasicDetails"/>
  <testcase name="basicDetails" time="162.392" classname="com.BOMSRO.tc.TC003_BOMBasicDetails"/>
  <testcase name="basicDetails" time="159.855" classname="com.BOMSRO.tc.TC003_BOMBasicDetails"/>
  <testcase name="basicDetails" time="159.970" classname="com.BOMSRO.tc.TC003_BOMBasicDetails"/>
  <testcase name="basicDetails" time="159.725" classname="com.BOMSRO.tc.TC003_BOMBasicDetails"/>
  <testcase name="basicDetails" time="160.937" classname="com.BOMSRO.tc.TC003_BOMBasicDetails"/>
  <testcase name="basicDetails" time="162.455" classname="com.BOMSRO.tc.TC003_BOMBasicDetails"/>
  <testcase name="basicDetails" time="159.788" classname="com.BOMSRO.tc.TC003_BOMBasicDetails"/>
  <testcase name="basicDetails" time="161.994" classname="com.BOMSRO.tc.TC003_BOMBasicDetails"/>
  <testcase name="basicDetails" time="161.743" classname="com.BOMSRO.tc.TC003_BOMBasicDetails"/>
  <testcase name="basicDetails" time="159.899" classname="com.BOMSRO.tc.TC003_BOMBasicDetails"/>
  <testcase name="basicDetails" time="162.177" classname="com.BOMSRO.tc.TC003_BOMBasicDetails"/>
  <testcase name="basicDetails" time="160.028" classname="com.BOMSRO.tc.TC003_BOMBasicDetails"/>
</testsuite> <!-- com.BOMSRO.tc.TC003_BOMBasicDetails -->
