<?xml version="1.0" encoding="UTF-8"?>
<!-- Generated by org.testng.reporters.JUnitReportReporter -->
<testsuite skipped="0" hostname="MAA014482B" name="com.DSYS_June23.tc.TC001_DSYSBasicDetails" tests="36" failures="0" timestamp="2023-07-22T15:33:38 IST" time="5749.924" errors="0">
  <testcase name="basicDetails" time="159.580" classname="com.DSYS_June23.tc.TC001_DSYSBasicDetails"/>
  <testcase name="basicDetails" time="162.634" classname="com.DSYS_June23.tc.TC001_DSYSBasicDetails"/>
  <testcase name="basicDetails" time="159.032" classname="com.DSYS_June23.tc.TC001_DSYSBasicDetails"/>
  <testcase name="basicDetails" time="160.647" classname="com.DSYS_June23.tc.TC001_DSYSBasicDetails"/>
  <testcase name="basicDetails" time="160.208" classname="com.DSYS_June23.tc.TC001_DSYSBasicDetails"/>
  <testcase name="basicDetails" time="160.818" classname="com.DSYS_June23.tc.TC001_DSYSBasicDetails"/>
  <testcase name="basicDetails" time="159.193" classname="com.DSYS_June23.tc.TC001_DSYSBasicDetails"/>
  <testcase name="basicDetails" time="160.015" classname="com.DSYS_June23.tc.TC001_DSYSBasicDetails"/>
  <testcase name="basicDetails" time="159.346" classname="com.DSYS_June23.tc.TC001_DSYSBasicDetails"/>
  <testcase name="basicDetails" time="159.895" classname="com.DSYS_June23.tc.TC001_DSYSBasicDetails"/>
  <testcase name="basicDetails" time="159.772" classname="com.DSYS_June23.tc.TC001_DSYSBasicDetails"/>
  <testcase name="basicDetails" time="159.975" classname="com.DSYS_June23.tc.TC001_DSYSBasicDetails"/>
  <testcase name="basicDetails" time="158.489" classname="com.DSYS_June23.tc.TC001_DSYSBasicDetails"/>
  <testcase name="basicDetails" time="160.476" classname="com.DSYS_June23.tc.TC001_DSYSBasicDetails"/>
  <testcase name="basicDetails" time="159.387" classname="com.DSYS_June23.tc.TC001_DSYSBasicDetails"/>
  <testcase name="basicDetails" time="160.619" classname="com.DSYS_June23.tc.TC001_DSYSBasicDetails"/>
  <testcase name="basicDetails" time="159.172" classname="com.DSYS_June23.tc.TC001_DSYSBasicDetails"/>
  <testcase name="basicDetails" time="159.787" classname="com.DSYS_June23.tc.TC001_DSYSBasicDetails"/>
  <testcase name="basicDetails" time="159.755" classname="com.DSYS_June23.tc.TC001_DSYSBasicDetails"/>
  <testcase name="basicDetails" time="158.664" classname="com.DSYS_June23.tc.TC001_DSYSBasicDetails"/>
  <testcase name="basicDetails" time="159.449" classname="com.DSYS_June23.tc.TC001_DSYSBasicDetails"/>
  <testcase name="basicDetails" time="160.466" classname="com.DSYS_June23.tc.TC001_DSYSBasicDetails"/>
  <testcase name="basicDetails" time="158.984" classname="com.DSYS_June23.tc.TC001_DSYSBasicDetails"/>
  <testcase name="basicDetails" time="159.178" classname="com.DSYS_June23.tc.TC001_DSYSBasicDetails"/>
  <testcase name="basicDetails" time="159.958" classname="com.DSYS_June23.tc.TC001_DSYSBasicDetails"/>
  <testcase name="basicDetails" time="159.461" classname="com.DSYS_June23.tc.TC001_DSYSBasicDetails"/>
  <testcase name="basicDetails" time="159.454" classname="com.DSYS_June23.tc.TC001_DSYSBasicDetails"/>
  <testcase name="basicDetails" time="159.066" classname="com.DSYS_June23.tc.TC001_DSYSBasicDetails"/>
  <testcase name="basicDetails" time="159.320" classname="com.DSYS_June23.tc.TC001_DSYSBasicDetails"/>
  <testcase name="basicDetails" time="160.268" classname="com.DSYS_June23.tc.TC001_DSYSBasicDetails"/>
  <testcase name="basicDetails" time="159.762" classname="com.DSYS_June23.tc.TC001_DSYSBasicDetails"/>
  <testcase name="basicDetails" time="159.838" classname="com.DSYS_June23.tc.TC001_DSYSBasicDetails"/>
  <testcase name="basicDetails" time="159.372" classname="com.DSYS_June23.tc.TC001_DSYSBasicDetails"/>
  <testcase name="basicDetails" time="159.193" classname="com.DSYS_June23.tc.TC001_DSYSBasicDetails"/>
  <testcase name="basicDetails" time="158.306" classname="com.DSYS_June23.tc.TC001_DSYSBasicDetails"/>
  <testcase name="basicDetails" time="160.385" classname="com.DSYS_June23.tc.TC001_DSYSBasicDetails"/>
</testsuite> <!-- com.DSYS_June23.tc.TC001_DSYSBasicDetails -->
