<?xml version="1.0" encoding="UTF-8"?>
<!-- Generated by org.testng.reporters.JUnitReportReporter -->
<testsuite skipped="0" hostname="MAA014482B" name="com.NSIL_19July22.tc.TC005_NSILBasicDetails" tests="32" failures="0" timestamp="2022-08-23T17:28:14 IST" time="5068.651" errors="0">
  <testcase name="basicDetails" time="157.699" classname="com.NSIL_19July22.tc.TC005_NSILBasicDetails"/>
  <testcase name="basicDetails" time="159.274" classname="com.NSIL_19July22.tc.TC005_NSILBasicDetails"/>
  <testcase name="basicDetails" time="158.008" classname="com.NSIL_19July22.tc.TC005_NSILBasicDetails"/>
  <testcase name="basicDetails" time="158.279" classname="com.NSIL_19July22.tc.TC005_NSILBasicDetails"/>
  <testcase name="basicDetails" time="158.185" classname="com.NSIL_19July22.tc.TC005_NSILBasicDetails"/>
  <testcase name="basicDetails" time="159.368" classname="com.NSIL_19July22.tc.TC005_NSILBasicDetails"/>
  <testcase name="basicDetails" time="158.222" classname="com.NSIL_19July22.tc.TC005_NSILBasicDetails"/>
  <testcase name="basicDetails" time="158.137" classname="com.NSIL_19July22.tc.TC005_NSILBasicDetails"/>
  <testcase name="basicDetails" time="159.137" classname="com.NSIL_19July22.tc.TC005_NSILBasicDetails"/>
  <testcase name="basicDetails" time="158.318" classname="com.NSIL_19July22.tc.TC005_NSILBasicDetails"/>
  <testcase name="basicDetails" time="158.238" classname="com.NSIL_19July22.tc.TC005_NSILBasicDetails"/>
  <testcase name="basicDetails" time="158.170" classname="com.NSIL_19July22.tc.TC005_NSILBasicDetails"/>
  <testcase name="basicDetails" time="159.631" classname="com.NSIL_19July22.tc.TC005_NSILBasicDetails"/>
  <testcase name="basicDetails" time="158.255" classname="com.NSIL_19July22.tc.TC005_NSILBasicDetails"/>
  <testcase name="basicDetails" time="158.117" classname="com.NSIL_19July22.tc.TC005_NSILBasicDetails"/>
  <testcase name="basicDetails" time="158.412" classname="com.NSIL_19July22.tc.TC005_NSILBasicDetails"/>
  <testcase name="basicDetails" time="158.017" classname="com.NSIL_19July22.tc.TC005_NSILBasicDetails"/>
  <testcase name="basicDetails" time="158.247" classname="com.NSIL_19July22.tc.TC005_NSILBasicDetails"/>
  <testcase name="basicDetails" time="158.720" classname="com.NSIL_19July22.tc.TC005_NSILBasicDetails"/>
  <testcase name="basicDetails" time="157.917" classname="com.NSIL_19July22.tc.TC005_NSILBasicDetails"/>
  <testcase name="basicDetails" time="158.072" classname="com.NSIL_19July22.tc.TC005_NSILBasicDetails"/>
  <testcase name="basicDetails" time="158.690" classname="com.NSIL_19July22.tc.TC005_NSILBasicDetails"/>
  <testcase name="basicDetails" time="158.152" classname="com.NSIL_19July22.tc.TC005_NSILBasicDetails"/>
  <testcase name="basicDetails" time="159.299" classname="com.NSIL_19July22.tc.TC005_NSILBasicDetails"/>
  <testcase name="basicDetails" time="158.024" classname="com.NSIL_19July22.tc.TC005_NSILBasicDetails"/>
  <testcase name="basicDetails" time="158.541" classname="com.NSIL_19July22.tc.TC005_NSILBasicDetails"/>
  <testcase name="basicDetails" time="158.018" classname="com.NSIL_19July22.tc.TC005_NSILBasicDetails"/>
  <testcase name="basicDetails" time="158.082" classname="com.NSIL_19July22.tc.TC005_NSILBasicDetails"/>
  <testcase name="basicDetails" time="158.972" classname="com.NSIL_19July22.tc.TC005_NSILBasicDetails"/>
  <testcase name="basicDetails" time="158.039" classname="com.NSIL_19July22.tc.TC005_NSILBasicDetails"/>
  <testcase name="basicDetails" time="158.288" classname="com.NSIL_19July22.tc.TC005_NSILBasicDetails"/>
  <testcase name="basicDetails" time="158.123" classname="com.NSIL_19July22.tc.TC005_NSILBasicDetails"/>
</testsuite> <!-- com.NSIL_19July22.tc.TC005_NSILBasicDetails -->
