<?xml version="1.0" encoding="UTF-8"?>
<!-- Generated by org.testng.reporters.JUnitReportReporter -->
<testsuite skipped="0" hostname="MAA014482B" name="com.PSC.tc.TC001_PSCBasicDetails" tests="4" failures="0" timestamp="2022-10-19T14:00:46 IST" time="633.007" errors="0">
  <testcase name="basicDetails" time="158.147" classname="com.PSC.tc.TC001_PSCBasicDetails"/>
  <testcase name="basicDetails" time="159.003" classname="com.PSC.tc.TC001_PSCBasicDetails"/>
  <testcase name="basicDetails" time="158.062" classname="com.PSC.tc.TC001_PSCBasicDetails"/>
  <testcase name="basicDetails" time="157.795" classname="com.PSC.tc.TC001_PSCBasicDetails"/>
</testsuite> <!-- com.PSC.tc.TC001_PSCBasicDetails -->
