<?xml version="1.0" encoding="UTF-8"?>
<!-- Generated by org.testng.reporters.JUnitReportReporter -->
<testsuite skipped="0" hostname="MAA014482B" name="com.IIMS.tc.TC002_IIMSBasicDetails" tests="50" failures="0" timestamp="2023-07-05T16:45:44 IST" time="7780.054" errors="1">
  <testcase name="basicDetails" time="158.847" classname="com.IIMS.tc.TC002_IIMSBasicDetails"/>
  <testcase name="basicDetails" time="157.754" classname="com.IIMS.tc.TC002_IIMSBasicDetails"/>
  <testcase name="basicDetails" time="158.963" classname="com.IIMS.tc.TC002_IIMSBasicDetails"/>
  <testcase name="basicDetails" time="159.914" classname="com.IIMS.tc.TC002_IIMSBasicDetails"/>
  <testcase name="basicDetails" time="157.581" classname="com.IIMS.tc.TC002_IIMSBasicDetails"/>
  <testcase name="basicDetails" time="158.949" classname="com.IIMS.tc.TC002_IIMSBasicDetails"/>
  <testcase name="basicDetails" time="158.736" classname="com.IIMS.tc.TC002_IIMSBasicDetails"/>
  <testcase name="basicDetails" time="157.569" classname="com.IIMS.tc.TC002_IIMSBasicDetails"/>
  <testcase name="basicDetails" time="157.719" classname="com.IIMS.tc.TC002_IIMSBasicDetails"/>
  <testcase name="basicDetails" time="157.413" classname="com.IIMS.tc.TC002_IIMSBasicDetails"/>
  <testcase name="basicDetails" time="158.880" classname="com.IIMS.tc.TC002_IIMSBasicDetails"/>
  <testcase name="basicDetails" time="157.599" classname="com.IIMS.tc.TC002_IIMSBasicDetails"/>
  <testcase name="basicDetails" time="158.695" classname="com.IIMS.tc.TC002_IIMSBasicDetails"/>
  <testcase name="basicDetails" time="157.783" classname="com.IIMS.tc.TC002_IIMSBasicDetails"/>
  <testcase name="basicDetails" time="157.694" classname="com.IIMS.tc.TC002_IIMSBasicDetails"/>
  <testcase name="basicDetails" time="157.409" classname="com.IIMS.tc.TC002_IIMSBasicDetails"/>
  <testcase name="basicDetails" time="157.831" classname="com.IIMS.tc.TC002_IIMSBasicDetails"/>
  <testcase name="basicDetails" time="157.703" classname="com.IIMS.tc.TC002_IIMSBasicDetails"/>
  <testcase name="basicDetails" time="159.293" classname="com.IIMS.tc.TC002_IIMSBasicDetails"/>
  <testcase name="basicDetails" time="158.202" classname="com.IIMS.tc.TC002_IIMSBasicDetails"/>
  <testcase name="basicDetails" time="157.403" classname="com.IIMS.tc.TC002_IIMSBasicDetails"/>
  <testcase name="basicDetails" time="158.837" classname="com.IIMS.tc.TC002_IIMSBasicDetails"/>
  <testcase name="basicDetails" time="158.862" classname="com.IIMS.tc.TC002_IIMSBasicDetails"/>
  <testcase name="basicDetails" time="159.041" classname="com.IIMS.tc.TC002_IIMSBasicDetails"/>
  <testcase name="basicDetails" time="157.526" classname="com.IIMS.tc.TC002_IIMSBasicDetails"/>
  <testcase name="basicDetails" time="157.726" classname="com.IIMS.tc.TC002_IIMSBasicDetails"/>
  <testcase name="basicDetails" time="158.856" classname="com.IIMS.tc.TC002_IIMSBasicDetails"/>
  <testcase name="basicDetails" time="157.591" classname="com.IIMS.tc.TC002_IIMSBasicDetails"/>
  <testcase name="basicDetails" time="158.969" classname="com.IIMS.tc.TC002_IIMSBasicDetails"/>
  <testcase name="basicDetails" time="157.669" classname="com.IIMS.tc.TC002_IIMSBasicDetails"/>
  <testcase name="basicDetails" time="157.321" classname="com.IIMS.tc.TC002_IIMSBasicDetails"/>
  <testcase name="basicDetails" time="159.164" classname="com.IIMS.tc.TC002_IIMSBasicDetails"/>
  <testcase name="basicDetails" time="158.981" classname="com.IIMS.tc.TC002_IIMSBasicDetails"/>
  <testcase name="basicDetails" time="158.196" classname="com.IIMS.tc.TC002_IIMSBasicDetails"/>
  <testcase name="basicDetails" time="159.140" classname="com.IIMS.tc.TC002_IIMSBasicDetails"/>
  <testcase name="basicDetails" time="159.007" classname="com.IIMS.tc.TC002_IIMSBasicDetails"/>
  <testcase name="basicDetails" time="158.062" classname="com.IIMS.tc.TC002_IIMSBasicDetails"/>
  <testcase name="basicDetails" time="157.735" classname="com.IIMS.tc.TC002_IIMSBasicDetails"/>
  <testcase name="basicDetails" time="157.965" classname="com.IIMS.tc.TC002_IIMSBasicDetails"/>
  <testcase name="basicDetails" time="157.247" classname="com.IIMS.tc.TC002_IIMSBasicDetails"/>
  <testcase name="basicDetails" time="157.624" classname="com.IIMS.tc.TC002_IIMSBasicDetails"/>
  <testcase name="basicDetails" time="27.206" classname="com.IIMS.tc.TC002_IIMSBasicDetails">
    <error type="org.openqa.selenium.UnhandledAlertException" message="unexpected alert open: {Alert text : Date Of Birth should be between 01/09/1967 to 31/07/2005}
  (Session info: chrome=114.0.5735.199): Date Of Birth should be between 01/09/1967 to 31/07/2005
Build info: version: &#039;3.141.0&#039;, revision: &#039;2ecb7d9a&#039;, time: &#039;2018-10-31T20:09:30&#039;
System info: host: &#039;MAA014482B&#039;, ip: &#039;124.7.228.19&#039;, os.name: &#039;Windows 10&#039;, os.arch: &#039;amd64&#039;, os.version: &#039;10.0&#039;, java.version: &#039;1.8.0_131&#039;
Driver info: org.openqa.selenium.chrome.ChromeDriver
Capabilities {acceptInsecureCerts: false, browserName: chrome, browserVersion: 114.0.5735.199, chrome: {chromedriverVersion: 114.0.5735.90 (386bc09e8f4f..., userDataDir: C:\Users\016386\AppData\Loc...}, goog:chromeOptions: {debuggerAddress: localhost:64056}, javascriptEnabled: true, networkConnectionEnabled: false, pageLoadStrategy: normal, platform: WINDOWS, platformName: WINDOWS, proxy: Proxy(), setWindowRect: true, strictFileInteractability: false, timeouts: {implicit: 0, pageLoad: 300000, script: 30000}, unhandledPromptBehavior: dismiss and notify, webauthn:extension:credBlob: true, webauthn:extension:largeBlob: true, webauthn:extension:minPinLength: true, webauthn:extension:prf: true, webauthn:virtualAuthenticators: true}
Session ID: 3654173f9b8c7292547688d1cc7a19ac
*** Element info: {Using=xpath, value=.//*[starts-with(@id,&#039;err_seldob&#039;)]}">
      <![CDATA[org.openqa.selenium.UnhandledAlertException: unexpected alert open: {Alert text : Date Of Birth should be between 01/09/1967 to 31/07/2005}
  (Session info: chrome=114.0.5735.199): Date Of Birth should be between 01/09/1967 to 31/07/2005
Build info: version: '3.141.0', revision: '2ecb7d9a', time: '2018-10-31T20:09:30'
System info: host: 'MAA014482B', ip: '124.7.228.19', os.name: 'Windows 10', os.arch: 'amd64', os.version: '10.0', java.version: '1.8.0_131'
Driver info: org.openqa.selenium.chrome.ChromeDriver
Capabilities {acceptInsecureCerts: false, browserName: chrome, browserVersion: 114.0.5735.199, chrome: {chromedriverVersion: 114.0.5735.90 (386bc09e8f4f..., userDataDir: C:\Users\016386\AppData\Loc...}, goog:chromeOptions: {debuggerAddress: localhost:64056}, javascriptEnabled: true, networkConnectionEnabled: false, pageLoadStrategy: normal, platform: WINDOWS, platformName: WINDOWS, proxy: Proxy(), setWindowRect: true, strictFileInteractability: false, timeouts: {implicit: 0, pageLoad: 300000, script: 30000}, unhandledPromptBehavior: dismiss and notify, webauthn:extension:credBlob: true, webauthn:extension:largeBlob: true, webauthn:extension:minPinLength: true, webauthn:extension:prf: true, webauthn:virtualAuthenticators: true}
Session ID: 3654173f9b8c7292547688d1cc7a19ac
*** Element info: {Using=xpath, value=.//*[starts-with(@id,'err_seldob')]}
at org.openqa.selenium.remote.http.W3CHttpResponseCodec.decode(W3CHttpResponseCodec.java:120)
at org.openqa.selenium.remote.http.W3CHttpResponseCodec.decode(W3CHttpResponseCodec.java:49)
at org.openqa.selenium.remote.HttpCommandExecutor.execute(HttpCommandExecutor.java:158)
at org.openqa.selenium.remote.service.DriverCommandExecutor.execute(DriverCommandExecutor.java:83)
at org.openqa.selenium.remote.RemoteWebDriver.execute(RemoteWebDriver.java:552)
at org.openqa.selenium.remote.RemoteWebDriver.findElements(RemoteWebDriver.java:353)
at org.openqa.selenium.remote.RemoteWebDriver.findElementsByXPath(RemoteWebDriver.java:432)
at org.openqa.selenium.By$ByXPath.findElements(By.java:348)
at org.openqa.selenium.remote.RemoteWebDriver.findElements(RemoteWebDriver.java:311)
at lib.selenium.WebDriverServiceImpl.noagealert(WebDriverServiceImpl.java:766)
at lib.selenium.WebDriverServiceImpl.agevalidator_max(WebDriverServiceImpl.java:857)
at com.ibps.pages.PersonalDetailsPage.ageValidatorMax(PersonalDetailsPage.java:330)
at com.IIMS.tc.TC002_IIMSBasicDetails.basicDetails(TC002_IIMSBasicDetails.java:57)
at sun.reflect.GeneratedMethodAccessor8.invoke(Unknown Source)
at sun.reflect.DelegatingMethodAccessorImpl.invoke(Unknown Source)
at java.lang.reflect.Method.invoke(Unknown Source)
at org.testng.internal.MethodInvocationHelper.invokeMethod(MethodInvocationHelper.java:133)
at org.testng.internal.TestInvoker.invokeMethod(TestInvoker.java:584)
at org.testng.internal.TestInvoker.invokeTestMethod(TestInvoker.java:172)
at org.testng.internal.MethodRunner.runInSequence(MethodRunner.java:46)
at org.testng.internal.TestInvoker$MethodInvocationAgent.invoke(TestInvoker.java:804)
at org.testng.internal.TestInvoker.invokeTestMethods(TestInvoker.java:145)
at org.testng.internal.TestMethodWorker.invokeTestMethods(TestMethodWorker.java:146)
at org.testng.internal.TestMethodWorker.run(TestMethodWorker.java:128)
at java.util.concurrent.ThreadPoolExecutor.runWorker(Unknown Source)
at java.util.concurrent.ThreadPoolExecutor$Worker.run(Unknown Source)
at java.lang.Thread.run(Unknown Source)
]]>
    </error>
  </testcase> <!-- basicDetails -->
  <testcase name="basicDetails" time="158.041" classname="com.IIMS.tc.TC002_IIMSBasicDetails"/>
  <testcase name="basicDetails" time="157.583" classname="com.IIMS.tc.TC002_IIMSBasicDetails"/>
  <testcase name="basicDetails" time="157.681" classname="com.IIMS.tc.TC002_IIMSBasicDetails"/>
  <testcase name="basicDetails" time="158.604" classname="com.IIMS.tc.TC002_IIMSBasicDetails"/>
  <testcase name="basicDetails" time="158.947" classname="com.IIMS.tc.TC002_IIMSBasicDetails"/>
  <testcase name="basicDetails" time="157.791" classname="com.IIMS.tc.TC002_IIMSBasicDetails"/>
  <testcase name="basicDetails" time="157.746" classname="com.IIMS.tc.TC002_IIMSBasicDetails"/>
  <testcase name="basicDetails" time="158.999" classname="com.IIMS.tc.TC002_IIMSBasicDetails"/>
</testsuite> <!-- com.IIMS.tc.TC002_IIMSBasicDetails -->
