<?xml version="1.0" encoding="UTF-8"?>
<!-- Generated by org.testng.reporters.JUnitReportReporter -->
<testsuite skipped="0" hostname="MAA014482B" name="com.SBI_20July22.tc.TC004_SBIBasicDetails" tests="124" failures="0" timestamp="2022-07-29T02:06:47 IST" time="16129.727" errors="0">
  <testcase name="basicDetails" time="130.540" classname="com.SBI_20July22.tc.TC004_SBIBasicDetails"/>
  <testcase name="basicDetails" time="130.700" classname="com.SBI_20July22.tc.TC004_SBIBasicDetails"/>
  <testcase name="basicDetails" time="131.467" classname="com.SBI_20July22.tc.TC004_SBIBasicDetails"/>
  <testcase name="basicDetails" time="130.684" classname="com.SBI_20July22.tc.TC004_SBIBasicDetails"/>
  <testcase name="basicDetails" time="130.685" classname="com.SBI_20July22.tc.TC004_SBIBasicDetails"/>
  <testcase name="basicDetails" time="130.627" classname="com.SBI_20July22.tc.TC004_SBIBasicDetails"/>
  <testcase name="basicDetails" time="135.086" classname="com.SBI_20July22.tc.TC004_SBIBasicDetails"/>
  <testcase name="basicDetails" time="130.570" classname="com.SBI_20July22.tc.TC004_SBIBasicDetails"/>
  <testcase name="basicDetails" time="127.783" classname="com.SBI_20July22.tc.TC004_SBIBasicDetails"/>
  <testcase name="basicDetails" time="130.824" classname="com.SBI_20July22.tc.TC004_SBIBasicDetails"/>
  <testcase name="basicDetails" time="130.762" classname="com.SBI_20July22.tc.TC004_SBIBasicDetails"/>
  <testcase name="basicDetails" time="127.726" classname="com.SBI_20July22.tc.TC004_SBIBasicDetails"/>
  <testcase name="basicDetails" time="132.241" classname="com.SBI_20July22.tc.TC004_SBIBasicDetails"/>
  <testcase name="basicDetails" time="130.782" classname="com.SBI_20July22.tc.TC004_SBIBasicDetails"/>
  <testcase name="basicDetails" time="127.537" classname="com.SBI_20July22.tc.TC004_SBIBasicDetails"/>
  <testcase name="basicDetails" time="134.859" classname="com.SBI_20July22.tc.TC004_SBIBasicDetails"/>
  <testcase name="basicDetails" time="131.809" classname="com.SBI_20July22.tc.TC004_SBIBasicDetails"/>
  <testcase name="basicDetails" time="127.121" classname="com.SBI_20July22.tc.TC004_SBIBasicDetails"/>
  <testcase name="basicDetails" time="130.558" classname="com.SBI_20July22.tc.TC004_SBIBasicDetails"/>
  <testcase name="basicDetails" time="127.908" classname="com.SBI_20July22.tc.TC004_SBIBasicDetails"/>
  <testcase name="basicDetails" time="130.835" classname="com.SBI_20July22.tc.TC004_SBIBasicDetails"/>
  <testcase name="basicDetails" time="134.880" classname="com.SBI_20July22.tc.TC004_SBIBasicDetails"/>
  <testcase name="basicDetails" time="127.542" classname="com.SBI_20July22.tc.TC004_SBIBasicDetails"/>
  <testcase name="basicDetails" time="130.525" classname="com.SBI_20July22.tc.TC004_SBIBasicDetails"/>
  <testcase name="basicDetails" time="130.554" classname="com.SBI_20July22.tc.TC004_SBIBasicDetails"/>
  <testcase name="basicDetails" time="130.676" classname="com.SBI_20July22.tc.TC004_SBIBasicDetails"/>
  <testcase name="basicDetails" time="131.811" classname="com.SBI_20July22.tc.TC004_SBIBasicDetails"/>
  <testcase name="basicDetails" time="127.879" classname="com.SBI_20July22.tc.TC004_SBIBasicDetails"/>
  <testcase name="basicDetails" time="127.017" classname="com.SBI_20July22.tc.TC004_SBIBasicDetails"/>
  <testcase name="basicDetails" time="130.621" classname="com.SBI_20July22.tc.TC004_SBIBasicDetails"/>
  <testcase name="basicDetails" time="130.720" classname="com.SBI_20July22.tc.TC004_SBIBasicDetails"/>
  <testcase name="basicDetails" time="130.880" classname="com.SBI_20July22.tc.TC004_SBIBasicDetails"/>
  <testcase name="basicDetails" time="127.202" classname="com.SBI_20July22.tc.TC004_SBIBasicDetails"/>
  <testcase name="basicDetails" time="130.741" classname="com.SBI_20July22.tc.TC004_SBIBasicDetails"/>
  <testcase name="basicDetails" time="130.908" classname="com.SBI_20July22.tc.TC004_SBIBasicDetails"/>
  <testcase name="basicDetails" time="127.332" classname="com.SBI_20July22.tc.TC004_SBIBasicDetails"/>
  <testcase name="basicDetails" time="130.526" classname="com.SBI_20July22.tc.TC004_SBIBasicDetails"/>
  <testcase name="basicDetails" time="130.726" classname="com.SBI_20July22.tc.TC004_SBIBasicDetails"/>
  <testcase name="basicDetails" time="127.879" classname="com.SBI_20July22.tc.TC004_SBIBasicDetails"/>
  <testcase name="basicDetails" time="130.623" classname="com.SBI_20July22.tc.TC004_SBIBasicDetails"/>
  <testcase name="basicDetails" time="127.455" classname="com.SBI_20July22.tc.TC004_SBIBasicDetails"/>
  <testcase name="basicDetails" time="130.588" classname="com.SBI_20July22.tc.TC004_SBIBasicDetails"/>
  <testcase name="basicDetails" time="135.989" classname="com.SBI_20July22.tc.TC004_SBIBasicDetails"/>
  <testcase name="basicDetails" time="134.943" classname="com.SBI_20July22.tc.TC004_SBIBasicDetails"/>
  <testcase name="basicDetails" time="130.933" classname="com.SBI_20July22.tc.TC004_SBIBasicDetails"/>
  <testcase name="basicDetails" time="127.497" classname="com.SBI_20July22.tc.TC004_SBIBasicDetails"/>
  <testcase name="basicDetails" time="127.853" classname="com.SBI_20July22.tc.TC004_SBIBasicDetails"/>
  <testcase name="basicDetails" time="132.008" classname="com.SBI_20July22.tc.TC004_SBIBasicDetails"/>
  <testcase name="basicDetails" time="131.699" classname="com.SBI_20July22.tc.TC004_SBIBasicDetails"/>
  <testcase name="basicDetails" time="127.118" classname="com.SBI_20July22.tc.TC004_SBIBasicDetails"/>
  <testcase name="basicDetails" time="134.992" classname="com.SBI_20July22.tc.TC004_SBIBasicDetails"/>
  <testcase name="basicDetails" time="127.236" classname="com.SBI_20July22.tc.TC004_SBIBasicDetails"/>
  <testcase name="basicDetails" time="132.387" classname="com.SBI_20July22.tc.TC004_SBIBasicDetails"/>
  <testcase name="basicDetails" time="130.607" classname="com.SBI_20July22.tc.TC004_SBIBasicDetails"/>
  <testcase name="basicDetails" time="127.423" classname="com.SBI_20July22.tc.TC004_SBIBasicDetails"/>
  <testcase name="basicDetails" time="130.894" classname="com.SBI_20July22.tc.TC004_SBIBasicDetails"/>
  <testcase name="basicDetails" time="127.109" classname="com.SBI_20July22.tc.TC004_SBIBasicDetails"/>
  <testcase name="basicDetails" time="127.341" classname="com.SBI_20July22.tc.TC004_SBIBasicDetails"/>
  <testcase name="basicDetails" time="130.907" classname="com.SBI_20July22.tc.TC004_SBIBasicDetails"/>
  <testcase name="basicDetails" time="127.210" classname="com.SBI_20July22.tc.TC004_SBIBasicDetails"/>
  <testcase name="basicDetails" time="127.094" classname="com.SBI_20July22.tc.TC004_SBIBasicDetails"/>
  <testcase name="basicDetails" time="130.336" classname="com.SBI_20July22.tc.TC004_SBIBasicDetails"/>
  <testcase name="basicDetails" time="135.416" classname="com.SBI_20July22.tc.TC004_SBIBasicDetails"/>
  <testcase name="basicDetails" time="130.768" classname="com.SBI_20July22.tc.TC004_SBIBasicDetails"/>
  <testcase name="basicDetails" time="130.487" classname="com.SBI_20July22.tc.TC004_SBIBasicDetails"/>
  <testcase name="basicDetails" time="131.595" classname="com.SBI_20July22.tc.TC004_SBIBasicDetails"/>
  <testcase name="basicDetails" time="130.644" classname="com.SBI_20July22.tc.TC004_SBIBasicDetails"/>
  <testcase name="basicDetails" time="131.529" classname="com.SBI_20July22.tc.TC004_SBIBasicDetails"/>
  <testcase name="basicDetails" time="127.322" classname="com.SBI_20July22.tc.TC004_SBIBasicDetails"/>
  <testcase name="basicDetails" time="131.438" classname="com.SBI_20July22.tc.TC004_SBIBasicDetails"/>
  <testcase name="basicDetails" time="135.328" classname="com.SBI_20July22.tc.TC004_SBIBasicDetails"/>
  <testcase name="basicDetails" time="134.834" classname="com.SBI_20July22.tc.TC004_SBIBasicDetails"/>
  <testcase name="basicDetails" time="127.611" classname="com.SBI_20July22.tc.TC004_SBIBasicDetails"/>
  <testcase name="basicDetails" time="130.724" classname="com.SBI_20July22.tc.TC004_SBIBasicDetails"/>
  <testcase name="basicDetails" time="127.416" classname="com.SBI_20July22.tc.TC004_SBIBasicDetails"/>
  <testcase name="basicDetails" time="127.057" classname="com.SBI_20July22.tc.TC004_SBIBasicDetails"/>
  <testcase name="basicDetails" time="135.660" classname="com.SBI_20July22.tc.TC004_SBIBasicDetails"/>
  <testcase name="basicDetails" time="130.960" classname="com.SBI_20July22.tc.TC004_SBIBasicDetails"/>
  <testcase name="basicDetails" time="131.125" classname="com.SBI_20July22.tc.TC004_SBIBasicDetails"/>
  <testcase name="basicDetails" time="126.946" classname="com.SBI_20July22.tc.TC004_SBIBasicDetails"/>
  <testcase name="basicDetails" time="130.024" classname="com.SBI_20July22.tc.TC004_SBIBasicDetails"/>
  <testcase name="basicDetails" time="130.657" classname="com.SBI_20July22.tc.TC004_SBIBasicDetails"/>
  <testcase name="basicDetails" time="127.375" classname="com.SBI_20July22.tc.TC004_SBIBasicDetails"/>
  <testcase name="basicDetails" time="132.495" classname="com.SBI_20July22.tc.TC004_SBIBasicDetails"/>
  <testcase name="basicDetails" time="127.469" classname="com.SBI_20July22.tc.TC004_SBIBasicDetails"/>
  <testcase name="basicDetails" time="127.401" classname="com.SBI_20July22.tc.TC004_SBIBasicDetails"/>
  <testcase name="basicDetails" time="126.870" classname="com.SBI_20July22.tc.TC004_SBIBasicDetails"/>
  <testcase name="basicDetails" time="134.913" classname="com.SBI_20July22.tc.TC004_SBIBasicDetails"/>
  <testcase name="basicDetails" time="127.341" classname="com.SBI_20July22.tc.TC004_SBIBasicDetails"/>
  <testcase name="basicDetails" time="131.609" classname="com.SBI_20July22.tc.TC004_SBIBasicDetails"/>
  <testcase name="basicDetails" time="130.636" classname="com.SBI_20July22.tc.TC004_SBIBasicDetails"/>
  <testcase name="basicDetails" time="127.426" classname="com.SBI_20July22.tc.TC004_SBIBasicDetails"/>
  <testcase name="basicDetails" time="130.653" classname="com.SBI_20July22.tc.TC004_SBIBasicDetails"/>
  <testcase name="basicDetails" time="135.079" classname="com.SBI_20July22.tc.TC004_SBIBasicDetails"/>
  <testcase name="basicDetails" time="127.641" classname="com.SBI_20July22.tc.TC004_SBIBasicDetails"/>
  <testcase name="basicDetails" time="127.577" classname="com.SBI_20July22.tc.TC004_SBIBasicDetails"/>
  <testcase name="basicDetails" time="127.512" classname="com.SBI_20July22.tc.TC004_SBIBasicDetails"/>
  <testcase name="basicDetails" time="127.130" classname="com.SBI_20July22.tc.TC004_SBIBasicDetails"/>
  <testcase name="basicDetails" time="130.403" classname="com.SBI_20July22.tc.TC004_SBIBasicDetails"/>
  <testcase name="basicDetails" time="130.754" classname="com.SBI_20July22.tc.TC004_SBIBasicDetails"/>
  <testcase name="basicDetails" time="130.986" classname="com.SBI_20July22.tc.TC004_SBIBasicDetails"/>
  <testcase name="basicDetails" time="127.396" classname="com.SBI_20July22.tc.TC004_SBIBasicDetails"/>
  <testcase name="basicDetails" time="127.219" classname="com.SBI_20July22.tc.TC004_SBIBasicDetails"/>
  <testcase name="basicDetails" time="127.500" classname="com.SBI_20July22.tc.TC004_SBIBasicDetails"/>
  <testcase name="basicDetails" time="127.599" classname="com.SBI_20July22.tc.TC004_SBIBasicDetails"/>
  <testcase name="basicDetails" time="127.646" classname="com.SBI_20July22.tc.TC004_SBIBasicDetails"/>
  <testcase name="basicDetails" time="127.258" classname="com.SBI_20July22.tc.TC004_SBIBasicDetails"/>
  <testcase name="basicDetails" time="130.890" classname="com.SBI_20July22.tc.TC004_SBIBasicDetails"/>
  <testcase name="basicDetails" time="127.603" classname="com.SBI_20July22.tc.TC004_SBIBasicDetails"/>
  <testcase name="basicDetails" time="127.142" classname="com.SBI_20July22.tc.TC004_SBIBasicDetails"/>
  <testcase name="basicDetails" time="127.370" classname="com.SBI_20July22.tc.TC004_SBIBasicDetails"/>
  <testcase name="basicDetails" time="130.910" classname="com.SBI_20July22.tc.TC004_SBIBasicDetails"/>
  <testcase name="basicDetails" time="131.043" classname="com.SBI_20July22.tc.TC004_SBIBasicDetails"/>
  <testcase name="basicDetails" time="135.368" classname="com.SBI_20July22.tc.TC004_SBIBasicDetails"/>
  <testcase name="basicDetails" time="130.920" classname="com.SBI_20July22.tc.TC004_SBIBasicDetails"/>
  <testcase name="basicDetails" time="127.141" classname="com.SBI_20July22.tc.TC004_SBIBasicDetails"/>
  <testcase name="basicDetails" time="134.866" classname="com.SBI_20July22.tc.TC004_SBIBasicDetails"/>
  <testcase name="basicDetails" time="134.751" classname="com.SBI_20July22.tc.TC004_SBIBasicDetails"/>
  <testcase name="basicDetails" time="131.744" classname="com.SBI_20July22.tc.TC004_SBIBasicDetails"/>
  <testcase name="basicDetails" time="127.784" classname="com.SBI_20July22.tc.TC004_SBIBasicDetails"/>
  <testcase name="basicDetails" time="127.587" classname="com.SBI_20July22.tc.TC004_SBIBasicDetails"/>
  <testcase name="basicDetails" time="130.682" classname="com.SBI_20July22.tc.TC004_SBIBasicDetails"/>
  <testcase name="basicDetails" time="130.043" classname="com.SBI_20July22.tc.TC004_SBIBasicDetails"/>
  <testcase name="basicDetails" time="130.689" classname="com.SBI_20July22.tc.TC004_SBIBasicDetails"/>
</testsuite> <!-- com.SBI_20July22.tc.TC004_SBIBasicDetails -->
