<?xml version="1.0" encoding="UTF-8"?>
<!-- Generated by org.testng.reporters.JUnitReportReporter -->
<testsuite skipped="0" hostname="MAA014482B" name="com.MAHAGEN_2Sep22.tc.TC004_MAHAGENBasicDetails" tests="18" failures="0" timestamp="2022-09-09T15:24:30 IST" time="2783.881" errors="0">
  <testcase name="basicDetails" time="151.973" classname="com.MAHAGEN_2Sep22.tc.TC004_MAHAGENBasicDetails"/>
  <testcase name="basicDetails" time="155.232" classname="com.MAHAGEN_2Sep22.tc.TC004_MAHAGENBasicDetails"/>
  <testcase name="basicDetails" time="154.150" classname="com.MAHAGEN_2Sep22.tc.TC004_MAHAGENBasicDetails"/>
  <testcase name="basicDetails" time="156.149" classname="com.MAHAGEN_2Sep22.tc.TC004_MAHAGENBasicDetails"/>
  <testcase name="basicDetails" time="155.651" classname="com.MAHAGEN_2Sep22.tc.TC004_MAHAGENBasicDetails"/>
  <testcase name="basicDetails" time="156.792" classname="com.MAHAGEN_2Sep22.tc.TC004_MAHAGENBasicDetails"/>
  <testcase name="basicDetails" time="154.394" classname="com.MAHAGEN_2Sep22.tc.TC004_MAHAGENBasicDetails"/>
  <testcase name="basicDetails" time="154.032" classname="com.MAHAGEN_2Sep22.tc.TC004_MAHAGENBasicDetails"/>
  <testcase name="basicDetails" time="151.718" classname="com.MAHAGEN_2Sep22.tc.TC004_MAHAGENBasicDetails"/>
  <testcase name="basicDetails" time="153.974" classname="com.MAHAGEN_2Sep22.tc.TC004_MAHAGENBasicDetails"/>
  <testcase name="basicDetails" time="153.019" classname="com.MAHAGEN_2Sep22.tc.TC004_MAHAGENBasicDetails"/>
  <testcase name="basicDetails" time="153.513" classname="com.MAHAGEN_2Sep22.tc.TC004_MAHAGENBasicDetails"/>
  <testcase name="basicDetails" time="152.037" classname="com.MAHAGEN_2Sep22.tc.TC004_MAHAGENBasicDetails"/>
  <testcase name="basicDetails" time="160.870" classname="com.MAHAGEN_2Sep22.tc.TC004_MAHAGENBasicDetails"/>
  <testcase name="basicDetails" time="156.535" classname="com.MAHAGEN_2Sep22.tc.TC004_MAHAGENBasicDetails"/>
  <testcase name="basicDetails" time="156.237" classname="com.MAHAGEN_2Sep22.tc.TC004_MAHAGENBasicDetails"/>
  <testcase name="basicDetails" time="153.731" classname="com.MAHAGEN_2Sep22.tc.TC004_MAHAGENBasicDetails"/>
  <testcase name="basicDetails" time="153.874" classname="com.MAHAGEN_2Sep22.tc.TC004_MAHAGENBasicDetails"/>
</testsuite> <!-- com.MAHAGEN_2Sep22.tc.TC004_MAHAGENBasicDetails -->
