<?xml version="1.0" encoding="UTF-8"?>
<!-- Generated by org.testng.reporters.JUnitReportReporter -->
<testsuite skipped="0" hostname="MAA014482B" name="com.RBI18April23.tc.TC001_RBIBasicDetails" tests="7" failures="0" timestamp="2023-04-23T10:10:03 IST" time="1147.450" errors="0">
  <testcase name="basicDetails" time="165.297" classname="com.RBI18April23.tc.TC001_RBIBasicDetails"/>
  <testcase name="basicDetails" time="162.247" classname="com.RBI18April23.tc.TC001_RBIBasicDetails"/>
  <testcase name="basicDetails" time="164.937" classname="com.RBI18April23.tc.TC001_RBIBasicDetails"/>
  <testcase name="basicDetails" time="162.703" classname="com.RBI18April23.tc.TC001_RBIBasicDetails"/>
  <testcase name="basicDetails" time="164.445" classname="com.RBI18April23.tc.TC001_RBIBasicDetails"/>
  <testcase name="basicDetails" time="162.578" classname="com.RBI18April23.tc.TC001_RBIBasicDetails"/>
  <testcase name="basicDetails" time="165.243" classname="com.RBI18April23.tc.TC001_RBIBasicDetails"/>
</testsuite> <!-- com.RBI18April23.tc.TC001_RBIBasicDetails -->
