<?xml version="1.0" encoding="UTF-8"?>
<!-- Generated by org.testng.reporters.JUnitReportReporter -->
<testsuite skipped="0" hostname="MAA014482B" name="com.MPRAJ_18Nov22.tc.TC004_MPRAJBasicDetails" tests="23" failures="0" timestamp="2023-03-20T12:36:32 IST" time="3772.230" errors="0">
  <testcase name="basicDetails" time="163.530" classname="com.MPRAJ_18Nov22.tc.TC004_MPRAJBasicDetails"/>
  <testcase name="basicDetails" time="163.189" classname="com.MPRAJ_18Nov22.tc.TC004_MPRAJBasicDetails"/>
  <testcase name="basicDetails" time="163.580" classname="com.MPRAJ_18Nov22.tc.TC004_MPRAJBasicDetails"/>
  <testcase name="basicDetails" time="165.818" classname="com.MPRAJ_18Nov22.tc.TC004_MPRAJBasicDetails"/>
  <testcase name="basicDetails" time="164.549" classname="com.MPRAJ_18Nov22.tc.TC004_MPRAJBasicDetails"/>
  <testcase name="basicDetails" time="165.246" classname="com.MPRAJ_18Nov22.tc.TC004_MPRAJBasicDetails"/>
  <testcase name="basicDetails" time="162.425" classname="com.MPRAJ_18Nov22.tc.TC004_MPRAJBasicDetails"/>
  <testcase name="basicDetails" time="164.367" classname="com.MPRAJ_18Nov22.tc.TC004_MPRAJBasicDetails"/>
  <testcase name="basicDetails" time="162.444" classname="com.MPRAJ_18Nov22.tc.TC004_MPRAJBasicDetails"/>
  <testcase name="basicDetails" time="164.052" classname="com.MPRAJ_18Nov22.tc.TC004_MPRAJBasicDetails"/>
  <testcase name="basicDetails" time="163.621" classname="com.MPRAJ_18Nov22.tc.TC004_MPRAJBasicDetails"/>
  <testcase name="basicDetails" time="162.493" classname="com.MPRAJ_18Nov22.tc.TC004_MPRAJBasicDetails"/>
  <testcase name="basicDetails" time="163.154" classname="com.MPRAJ_18Nov22.tc.TC004_MPRAJBasicDetails"/>
  <testcase name="basicDetails" time="162.503" classname="com.MPRAJ_18Nov22.tc.TC004_MPRAJBasicDetails"/>
  <testcase name="basicDetails" time="162.346" classname="com.MPRAJ_18Nov22.tc.TC004_MPRAJBasicDetails"/>
  <testcase name="basicDetails" time="165.692" classname="com.MPRAJ_18Nov22.tc.TC004_MPRAJBasicDetails"/>
  <testcase name="basicDetails" time="163.267" classname="com.MPRAJ_18Nov22.tc.TC004_MPRAJBasicDetails"/>
  <testcase name="basicDetails" time="163.693" classname="com.MPRAJ_18Nov22.tc.TC004_MPRAJBasicDetails"/>
  <testcase name="basicDetails" time="163.469" classname="com.MPRAJ_18Nov22.tc.TC004_MPRAJBasicDetails"/>
  <testcase name="basicDetails" time="163.701" classname="com.MPRAJ_18Nov22.tc.TC004_MPRAJBasicDetails"/>
  <testcase name="basicDetails" time="172.197" classname="com.MPRAJ_18Nov22.tc.TC004_MPRAJBasicDetails"/>
  <testcase name="basicDetails" time="163.396" classname="com.MPRAJ_18Nov22.tc.TC004_MPRAJBasicDetails"/>
  <testcase name="basicDetails" time="163.498" classname="com.MPRAJ_18Nov22.tc.TC004_MPRAJBasicDetails"/>
</testsuite> <!-- com.MPRAJ_18Nov22.tc.TC004_MPRAJBasicDetails -->
