<?xml version="1.0" encoding="UTF-8"?>
<!-- Generated by org.testng.reporters.JUnitReportReporter -->
<testsuite hostname="MAA011253A" failures="0" tests="200" name="com.RBIA.tc.TC005_RBIBasicDetails" time="23080.260" errors="17" timestamp="2021-02-18T01:58:15 IST" skipped="0">
  <testcase classname="com.RBIA.tc.TC005_RBIBasicDetails" name="basicDetails" time="122.835"/>
  <testcase classname="com.RBIA.tc.TC005_RBIBasicDetails" name="basicDetails" time="123.640"/>
  <testcase classname="com.RBIA.tc.TC005_RBIBasicDetails" name="basicDetails" time="123.605"/>
  <testcase classname="com.RBIA.tc.TC005_RBIBasicDetails" name="basicDetails" time="123.614"/>
  <testcase classname="com.RBIA.tc.TC005_RBIBasicDetails" name="basicDetails" time="123.747"/>
  <testcase classname="com.RBIA.tc.TC005_RBIBasicDetails" name="basicDetails" time="123.944"/>
  <testcase classname="com.RBIA.tc.TC005_RBIBasicDetails" name="basicDetails" time="123.930"/>
  <testcase classname="com.RBIA.tc.TC005_RBIBasicDetails" name="basicDetails" time="124.380"/>
  <testcase classname="com.RBIA.tc.TC005_RBIBasicDetails" name="basicDetails" time="29.839">
    <error message="unexpected alert open: {Alert text : Date Of Birth should be between 02/02/1971 to 01/02/2003}
  (Session info: chrome=88.0.4324.150): Date Of Birth should be between 02/02/1971 to 01/02/2003
Build info: version: &#039;3.141.0&#039;, revision: &#039;2ecb7d9a&#039;, time: &#039;2018-10-31T20:09:30&#039;
System info: host: &#039;MAA011253A&#039;, ip: &#039;210.210.127.120&#039;, os.name: &#039;Windows 10&#039;, os.arch: &#039;amd64&#039;, os.version: &#039;10.0&#039;, java.version: &#039;9.0.1&#039;
Driver info: org.openqa.selenium.chrome.ChromeDriver
Capabilities {acceptInsecureCerts: false, browserName: chrome, browserVersion: 88.0.4324.150, chrome: {chromedriverVersion: 88.0.4324.96 (68dba2d8a0b14..., userDataDir: C:\Users\011253\AppData\Loc...}, goog:chromeOptions: {debuggerAddress: localhost:61872}, javascriptEnabled: true, networkConnectionEnabled: false, pageLoadStrategy: normal, platform: WINDOWS, platformName: WINDOWS, proxy: Proxy(), setWindowRect: true, strictFileInteractability: false, timeouts: {implicit: 0, pageLoad: 300000, script: 30000}, unhandledPromptBehavior: dismiss and notify, webauthn:extension:largeBlob: true, webauthn:virtualAuthenticators: true}
Session ID: 46d63d8591f3fc13a19777b4c04305b0
*** Element info: {Using=id, value=seldobyear}" type="org.openqa.selenium.UnhandledAlertException">
      <![CDATA[org.openqa.selenium.UnhandledAlertException: unexpected alert open: {Alert text : Date Of Birth should be between 02/02/1971 to 01/02/2003}
  (Session info: chrome=88.0.4324.150): Date Of Birth should be between 02/02/1971 to 01/02/2003
Build info: version: '3.141.0', revision: '2ecb7d9a', time: '2018-10-31T20:09:30'
System info: host: 'MAA011253A', ip: '210.210.127.120', os.name: 'Windows 10', os.arch: 'amd64', os.version: '10.0', java.version: '9.0.1'
Driver info: org.openqa.selenium.chrome.ChromeDriver
Capabilities {acceptInsecureCerts: false, browserName: chrome, browserVersion: 88.0.4324.150, chrome: {chromedriverVersion: 88.0.4324.96 (68dba2d8a0b14..., userDataDir: C:\Users\011253\AppData\Loc...}, goog:chromeOptions: {debuggerAddress: localhost:61872}, javascriptEnabled: true, networkConnectionEnabled: false, pageLoadStrategy: normal, platform: WINDOWS, platformName: WINDOWS, proxy: Proxy(), setWindowRect: true, strictFileInteractability: false, timeouts: {implicit: 0, pageLoad: 300000, script: 30000}, unhandledPromptBehavior: dismiss and notify, webauthn:extension:largeBlob: true, webauthn:virtualAuthenticators: true}
Session ID: 46d63d8591f3fc13a19777b4c04305b0
*** Element info: {Using=id, value=seldobyear}
at org.openqa.selenium.remote.http.W3CHttpResponseCodec.decode(W3CHttpResponseCodec.java:120)
at org.openqa.selenium.remote.http.W3CHttpResponseCodec.decode(W3CHttpResponseCodec.java:49)
at org.openqa.selenium.remote.HttpCommandExecutor.execute(HttpCommandExecutor.java:158)
at org.openqa.selenium.remote.service.DriverCommandExecutor.execute(DriverCommandExecutor.java:83)
at org.openqa.selenium.remote.RemoteWebDriver.execute(RemoteWebDriver.java:552)
at org.openqa.selenium.remote.RemoteWebDriver.findElement(RemoteWebDriver.java:323)
at org.openqa.selenium.remote.RemoteWebDriver.findElementById(RemoteWebDriver.java:372)
at org.openqa.selenium.By$ById.findElement(By.java:188)
at org.openqa.selenium.remote.RemoteWebDriver.findElement(RemoteWebDriver.java:315)
at lib.selenium.WebDriverServiceImpl.selectDropDown(WebDriverServiceImpl.java:711)
at lib.selenium.WebDriverServiceImpl.agevalidator_max(WebDriverServiceImpl.java:815)
at com.ibps.pages.PersonalDetailsPage.ageValidatorMax(PersonalDetailsPage.java:308)
at com.RBIA.tc.TC005_RBIBasicDetails.basicDetails(TC005_RBIBasicDetails.java:63)
at jdk.internal.reflect.GeneratedMethodAccessor5.invoke(Unknown Source)
at java.base/jdk.internal.reflect.DelegatingMethodAccessorImpl.invoke(Unknown Source)
at java.base/java.lang.reflect.Method.invoke(Unknown Source)
at org.testng.internal.MethodInvocationHelper.invokeMethod(MethodInvocationHelper.java:133)
at org.testng.internal.TestInvoker.invokeMethod(TestInvoker.java:584)
at org.testng.internal.TestInvoker.invokeTestMethod(TestInvoker.java:172)
at org.testng.internal.MethodRunner.runInSequence(MethodRunner.java:46)
at org.testng.internal.TestInvoker$MethodInvocationAgent.invoke(TestInvoker.java:804)
at org.testng.internal.TestInvoker.invokeTestMethods(TestInvoker.java:145)
at org.testng.internal.TestMethodWorker.invokeTestMethods(TestMethodWorker.java:146)
at org.testng.internal.TestMethodWorker.run(TestMethodWorker.java:128)
at java.base/java.util.concurrent.ThreadPoolExecutor.runWorker(Unknown Source)
at java.base/java.util.concurrent.ThreadPoolExecutor$Worker.run(Unknown Source)
at java.base/java.lang.Thread.run(Unknown Source)
]]>
    </error>
  </testcase> <!-- basicDetails -->
  <testcase classname="com.RBIA.tc.TC005_RBIBasicDetails" name="basicDetails" time="124.325"/>
  <testcase classname="com.RBIA.tc.TC005_RBIBasicDetails" name="basicDetails" time="123.199"/>
  <testcase classname="com.RBIA.tc.TC005_RBIBasicDetails" name="basicDetails" time="12.866">
    <error message="Zip bomb detected! The file would exceed the max. ratio of compressed file size to the size of the expanded data.
This may indicate that the file is used to inflate memory usage and thus could pose a security risk.
You can adjust this limit via ZipSecureFile.setMinInflateRatio() if you need to work with files which exceed this limit.
Uncompressed size: 102453, Raw/compressed size: 1024, ratio: 0.009995
Limits: MIN_INFLATE_RATIO: 0.010000, Entry: xl/styles.xml" type="org.apache.poi.ooxml.POIXMLException">
      <![CDATA[org.apache.poi.ooxml.POIXMLException: Zip bomb detected! The file would exceed the max. ratio of compressed file size to the size of the expanded data.
This may indicate that the file is used to inflate memory usage and thus could pose a security risk.
You can adjust this limit via ZipSecureFile.setMinInflateRatio() if you need to work with files which exceed this limit.
Uncompressed size: 102453, Raw/compressed size: 1024, ratio: 0.009995
Limits: MIN_INFLATE_RATIO: 0.010000, Entry: xl/styles.xml
at org.apache.poi.ooxml.POIXMLFactory.createDocumentPart(POIXMLFactory.java:66)
at org.apache.poi.ooxml.POIXMLDocumentPart.read(POIXMLDocumentPart.java:657)
at org.apache.poi.ooxml.POIXMLDocument.load(POIXMLDocument.java:180)
at org.apache.poi.xssf.usermodel.XSSFWorkbook.<init>(XSSFWorkbook.java:286)
at org.apache.poi.xssf.usermodel.XSSFWorkbook.<init>(XSSFWorkbook.java:340)
at lib.selenium.WebDriverServiceImpl.agevalidator_max(WebDriverServiceImpl.java:775)
at com.ibps.pages.PersonalDetailsPage.ageValidatorMax(PersonalDetailsPage.java:308)
at com.RBIA.tc.TC005_RBIBasicDetails.basicDetails(TC005_RBIBasicDetails.java:63)
at jdk.internal.reflect.GeneratedMethodAccessor5.invoke(Unknown Source)
at java.base/jdk.internal.reflect.DelegatingMethodAccessorImpl.invoke(Unknown Source)
at java.base/java.lang.reflect.Method.invoke(Unknown Source)
at org.testng.internal.MethodInvocationHelper.invokeMethod(MethodInvocationHelper.java:133)
at org.testng.internal.TestInvoker.invokeMethod(TestInvoker.java:584)
at org.testng.internal.TestInvoker.invokeTestMethod(TestInvoker.java:172)
at org.testng.internal.MethodRunner.runInSequence(MethodRunner.java:46)
at org.testng.internal.TestInvoker$MethodInvocationAgent.invoke(TestInvoker.java:804)
at org.testng.internal.TestInvoker.invokeTestMethods(TestInvoker.java:145)
at org.testng.internal.TestMethodWorker.invokeTestMethods(TestMethodWorker.java:146)
at org.testng.internal.TestMethodWorker.run(TestMethodWorker.java:128)
at java.base/java.util.concurrent.ThreadPoolExecutor.runWorker(Unknown Source)
at java.base/java.util.concurrent.ThreadPoolExecutor$Worker.run(Unknown Source)
at java.base/java.lang.Thread.run(Unknown Source)
Caused by: java.lang.reflect.InvocationTargetException
at jdk.internal.reflect.GeneratedConstructorAccessor53.newInstance(Unknown Source)
at java.base/jdk.internal.reflect.DelegatingConstructorAccessorImpl.newInstance(Unknown Source)
at java.base/java.lang.reflect.Constructor.newInstance(Unknown Source)
at org.apache.poi.xssf.usermodel.XSSFFactory.createDocumentPart(XSSFFactory.java:56)
at org.apache.poi.ooxml.POIXMLFactory.createDocumentPart(POIXMLFactory.java:63)
... 21 more
Caused by: java.io.IOException: Zip bomb detected! The file would exceed the max. ratio of compressed file size to the size of the expanded data.
This may indicate that the file is used to inflate memory usage and thus could pose a security risk.
You can adjust this limit via ZipSecureFile.setMinInflateRatio() if you need to work with files which exceed this limit.
Uncompressed size: 102453, Raw/compressed size: 1024, ratio: 0.009995
Limits: MIN_INFLATE_RATIO: 0.010000, Entry: xl/styles.xml
at org.apache.poi.openxml4j.util.ZipArchiveThresholdInputStream.checkThreshold(ZipArchiveThresholdInputStream.java:130)
at org.apache.poi.openxml4j.util.ZipArchiveThresholdInputStream.read(ZipArchiveThresholdInputStream.java:80)
at java.xml/com.sun.org.apache.xerces.internal.impl.XMLEntityManager$RewindableInputStream.read(Unknown Source)
at java.xml/com.sun.org.apache.xerces.internal.impl.io.UTF8Reader.read(Unknown Source)
at java.xml/com.sun.org.apache.xerces.internal.impl.XMLEntityScanner.load(Unknown Source)
at java.xml/com.sun.org.apache.xerces.internal.impl.XMLEntityScanner.scanLiteral(Unknown Source)
at java.xml/com.sun.org.apache.xerces.internal.impl.XMLScanner.scanAttributeValue(Unknown Source)
at java.xml/com.sun.org.apache.xerces.internal.impl.XMLNSDocumentScannerImpl.scanAttribute(Unknown Source)
at java.xml/com.sun.org.apache.xerces.internal.impl.XMLNSDocumentScannerImpl.scanStartElement(Unknown Source)
at java.xml/com.sun.org.apache.xerces.internal.impl.XMLDocumentFragmentScannerImpl$FragmentContentDriver.next(Unknown Source)
at java.xml/com.sun.org.apache.xerces.internal.impl.XMLDocumentScannerImpl.next(Unknown Source)
at java.xml/com.sun.org.apache.xerces.internal.impl.XMLNSDocumentScannerImpl.next(Unknown Source)
at java.xml/com.sun.org.apache.xerces.internal.impl.XMLDocumentFragmentScannerImpl.scanDocument(Unknown Source)
at java.xml/com.sun.org.apache.xerces.internal.parsers.XML11Configuration.parse(Unknown Source)
at java.xml/com.sun.org.apache.xerces.internal.parsers.XML11Configuration.parse(Unknown Source)
at java.xml/com.sun.org.apache.xerces.internal.parsers.XMLParser.parse(Unknown Source)
at java.xml/com.sun.org.apache.xerces.internal.parsers.AbstractSAXParser.parse(Unknown Source)
at java.xml/com.sun.org.apache.xerces.internal.jaxp.SAXParserImpl$JAXPSAXParser.parse(Unknown Source)
at org.apache.xmlbeans.impl.store.Locale$SaxLoader.load(Locale.java:3414)
at org.apache.xmlbeans.impl.store.Locale.parseToXmlObject(Locale.java:1272)
at org.apache.xmlbeans.impl.store.Locale.parseToXmlObject(Locale.java:1259)
at org.apache.xmlbeans.impl.schema.SchemaTypeLoaderBase.parse(SchemaTypeLoaderBase.java:345)
at org.openxmlformats.schemas.spreadsheetml.x2006.main.StyleSheetDocument$Factory.parse(Unknown Source)
at org.apache.poi.xssf.model.StylesTable.readFrom(StylesTable.java:189)
at org.apache.poi.xssf.model.StylesTable.<init>(StylesTable.java:138)
... 26 more
]]>
    </error>
  </testcase> <!-- basicDetails -->
  <testcase classname="com.RBIA.tc.TC005_RBIBasicDetails" name="basicDetails" time="122.934"/>
  <testcase classname="com.RBIA.tc.TC005_RBIBasicDetails" name="basicDetails" time="123.444"/>
  <testcase classname="com.RBIA.tc.TC005_RBIBasicDetails" name="basicDetails" time="123.661"/>
  <testcase classname="com.RBIA.tc.TC005_RBIBasicDetails" name="basicDetails" time="123.107"/>
  <testcase classname="com.RBIA.tc.TC005_RBIBasicDetails" name="basicDetails" time="123.576"/>
  <testcase classname="com.RBIA.tc.TC005_RBIBasicDetails" name="basicDetails" time="124.567"/>
  <testcase classname="com.RBIA.tc.TC005_RBIBasicDetails" name="basicDetails" time="123.074"/>
  <testcase classname="com.RBIA.tc.TC005_RBIBasicDetails" name="basicDetails" time="134.561"/>
  <testcase classname="com.RBIA.tc.TC005_RBIBasicDetails" name="basicDetails" time="123.724"/>
  <testcase classname="com.RBIA.tc.TC005_RBIBasicDetails" name="basicDetails" time="125.155"/>
  <testcase classname="com.RBIA.tc.TC005_RBIBasicDetails" name="basicDetails" time="124.213"/>
  <testcase classname="com.RBIA.tc.TC005_RBIBasicDetails" name="basicDetails" time="123.844"/>
  <testcase classname="com.RBIA.tc.TC005_RBIBasicDetails" name="basicDetails" time="149.174"/>
  <testcase classname="com.RBIA.tc.TC005_RBIBasicDetails" name="basicDetails" time="124.313"/>
  <testcase classname="com.RBIA.tc.TC005_RBIBasicDetails" name="basicDetails" time="123.998"/>
  <testcase classname="com.RBIA.tc.TC005_RBIBasicDetails" name="basicDetails" time="123.620"/>
  <testcase classname="com.RBIA.tc.TC005_RBIBasicDetails" name="basicDetails" time="123.844"/>
  <testcase classname="com.RBIA.tc.TC005_RBIBasicDetails" name="basicDetails" time="152.260"/>
  <testcase classname="com.RBIA.tc.TC005_RBIBasicDetails" name="basicDetails" time="123.115"/>
  <testcase classname="com.RBIA.tc.TC005_RBIBasicDetails" name="basicDetails" time="124.489"/>
  <testcase classname="com.RBIA.tc.TC005_RBIBasicDetails" name="basicDetails" time="124.888"/>
  <testcase classname="com.RBIA.tc.TC005_RBIBasicDetails" name="basicDetails" time="123.983"/>
  <testcase classname="com.RBIA.tc.TC005_RBIBasicDetails" name="basicDetails" time="123.358"/>
  <testcase classname="com.RBIA.tc.TC005_RBIBasicDetails" name="basicDetails" time="11.826">
    <error message="Zip bomb detected! The file would exceed the max. ratio of compressed file size to the size of the expanded data.
This may indicate that the file is used to inflate memory usage and thus could pose a security risk.
You can adjust this limit via ZipSecureFile.setMinInflateRatio() if you need to work with files which exceed this limit.
Uncompressed size: 102453, Raw/compressed size: 1024, ratio: 0.009995
Limits: MIN_INFLATE_RATIO: 0.010000, Entry: xl/styles.xml" type="org.apache.poi.ooxml.POIXMLException">
      <![CDATA[org.apache.poi.ooxml.POIXMLException: Zip bomb detected! The file would exceed the max. ratio of compressed file size to the size of the expanded data.
This may indicate that the file is used to inflate memory usage and thus could pose a security risk.
You can adjust this limit via ZipSecureFile.setMinInflateRatio() if you need to work with files which exceed this limit.
Uncompressed size: 102453, Raw/compressed size: 1024, ratio: 0.009995
Limits: MIN_INFLATE_RATIO: 0.010000, Entry: xl/styles.xml
at org.apache.poi.ooxml.POIXMLFactory.createDocumentPart(POIXMLFactory.java:66)
at org.apache.poi.ooxml.POIXMLDocumentPart.read(POIXMLDocumentPart.java:657)
at org.apache.poi.ooxml.POIXMLDocument.load(POIXMLDocument.java:180)
at org.apache.poi.xssf.usermodel.XSSFWorkbook.<init>(XSSFWorkbook.java:286)
at org.apache.poi.xssf.usermodel.XSSFWorkbook.<init>(XSSFWorkbook.java:340)
at lib.selenium.WebDriverServiceImpl.agevalidator_max(WebDriverServiceImpl.java:775)
at com.ibps.pages.PersonalDetailsPage.ageValidatorMax(PersonalDetailsPage.java:308)
at com.RBIA.tc.TC005_RBIBasicDetails.basicDetails(TC005_RBIBasicDetails.java:63)
at jdk.internal.reflect.GeneratedMethodAccessor5.invoke(Unknown Source)
at java.base/jdk.internal.reflect.DelegatingMethodAccessorImpl.invoke(Unknown Source)
at java.base/java.lang.reflect.Method.invoke(Unknown Source)
at org.testng.internal.MethodInvocationHelper.invokeMethod(MethodInvocationHelper.java:133)
at org.testng.internal.TestInvoker.invokeMethod(TestInvoker.java:584)
at org.testng.internal.TestInvoker.invokeTestMethod(TestInvoker.java:172)
at org.testng.internal.MethodRunner.runInSequence(MethodRunner.java:46)
at org.testng.internal.TestInvoker$MethodInvocationAgent.invoke(TestInvoker.java:804)
at org.testng.internal.TestInvoker.invokeTestMethods(TestInvoker.java:145)
at org.testng.internal.TestMethodWorker.invokeTestMethods(TestMethodWorker.java:146)
at org.testng.internal.TestMethodWorker.run(TestMethodWorker.java:128)
at java.base/java.util.concurrent.ThreadPoolExecutor.runWorker(Unknown Source)
at java.base/java.util.concurrent.ThreadPoolExecutor$Worker.run(Unknown Source)
at java.base/java.lang.Thread.run(Unknown Source)
Caused by: java.lang.reflect.InvocationTargetException
at jdk.internal.reflect.GeneratedConstructorAccessor53.newInstance(Unknown Source)
at java.base/jdk.internal.reflect.DelegatingConstructorAccessorImpl.newInstance(Unknown Source)
at java.base/java.lang.reflect.Constructor.newInstance(Unknown Source)
at org.apache.poi.xssf.usermodel.XSSFFactory.createDocumentPart(XSSFFactory.java:56)
at org.apache.poi.ooxml.POIXMLFactory.createDocumentPart(POIXMLFactory.java:63)
... 21 more
Caused by: java.io.IOException: Zip bomb detected! The file would exceed the max. ratio of compressed file size to the size of the expanded data.
This may indicate that the file is used to inflate memory usage and thus could pose a security risk.
You can adjust this limit via ZipSecureFile.setMinInflateRatio() if you need to work with files which exceed this limit.
Uncompressed size: 102453, Raw/compressed size: 1024, ratio: 0.009995
Limits: MIN_INFLATE_RATIO: 0.010000, Entry: xl/styles.xml
at org.apache.poi.openxml4j.util.ZipArchiveThresholdInputStream.checkThreshold(ZipArchiveThresholdInputStream.java:130)
at org.apache.poi.openxml4j.util.ZipArchiveThresholdInputStream.read(ZipArchiveThresholdInputStream.java:80)
at java.xml/com.sun.org.apache.xerces.internal.impl.XMLEntityManager$RewindableInputStream.read(Unknown Source)
at java.xml/com.sun.org.apache.xerces.internal.impl.io.UTF8Reader.read(Unknown Source)
at java.xml/com.sun.org.apache.xerces.internal.impl.XMLEntityScanner.load(Unknown Source)
at java.xml/com.sun.org.apache.xerces.internal.impl.XMLEntityScanner.scanLiteral(Unknown Source)
at java.xml/com.sun.org.apache.xerces.internal.impl.XMLScanner.scanAttributeValue(Unknown Source)
at java.xml/com.sun.org.apache.xerces.internal.impl.XMLNSDocumentScannerImpl.scanAttribute(Unknown Source)
at java.xml/com.sun.org.apache.xerces.internal.impl.XMLNSDocumentScannerImpl.scanStartElement(Unknown Source)
at java.xml/com.sun.org.apache.xerces.internal.impl.XMLDocumentFragmentScannerImpl$FragmentContentDriver.next(Unknown Source)
at java.xml/com.sun.org.apache.xerces.internal.impl.XMLDocumentScannerImpl.next(Unknown Source)
at java.xml/com.sun.org.apache.xerces.internal.impl.XMLNSDocumentScannerImpl.next(Unknown Source)
at java.xml/com.sun.org.apache.xerces.internal.impl.XMLDocumentFragmentScannerImpl.scanDocument(Unknown Source)
at java.xml/com.sun.org.apache.xerces.internal.parsers.XML11Configuration.parse(Unknown Source)
at java.xml/com.sun.org.apache.xerces.internal.parsers.XML11Configuration.parse(Unknown Source)
at java.xml/com.sun.org.apache.xerces.internal.parsers.XMLParser.parse(Unknown Source)
at java.xml/com.sun.org.apache.xerces.internal.parsers.AbstractSAXParser.parse(Unknown Source)
at java.xml/com.sun.org.apache.xerces.internal.jaxp.SAXParserImpl$JAXPSAXParser.parse(Unknown Source)
at org.apache.xmlbeans.impl.store.Locale$SaxLoader.load(Locale.java:3414)
at org.apache.xmlbeans.impl.store.Locale.parseToXmlObject(Locale.java:1272)
at org.apache.xmlbeans.impl.store.Locale.parseToXmlObject(Locale.java:1259)
at org.apache.xmlbeans.impl.schema.SchemaTypeLoaderBase.parse(SchemaTypeLoaderBase.java:345)
at org.openxmlformats.schemas.spreadsheetml.x2006.main.StyleSheetDocument$Factory.parse(Unknown Source)
at org.apache.poi.xssf.model.StylesTable.readFrom(StylesTable.java:189)
at org.apache.poi.xssf.model.StylesTable.<init>(StylesTable.java:138)
... 26 more
]]>
    </error>
  </testcase> <!-- basicDetails -->
  <testcase classname="com.RBIA.tc.TC005_RBIBasicDetails" name="basicDetails" time="123.311"/>
  <testcase classname="com.RBIA.tc.TC005_RBIBasicDetails" name="basicDetails" time="124.353"/>
  <testcase classname="com.RBIA.tc.TC005_RBIBasicDetails" name="basicDetails" time="123.340"/>
  <testcase classname="com.RBIA.tc.TC005_RBIBasicDetails" name="basicDetails" time="124.029"/>
  <testcase classname="com.RBIA.tc.TC005_RBIBasicDetails" name="basicDetails" time="124.108"/>
  <testcase classname="com.RBIA.tc.TC005_RBIBasicDetails" name="basicDetails" time="123.832"/>
  <testcase classname="com.RBIA.tc.TC005_RBIBasicDetails" name="basicDetails" time="123.248"/>
  <testcase classname="com.RBIA.tc.TC005_RBIBasicDetails" name="basicDetails" time="123.636"/>
  <testcase classname="com.RBIA.tc.TC005_RBIBasicDetails" name="basicDetails" time="150.403"/>
  <testcase classname="com.RBIA.tc.TC005_RBIBasicDetails" name="basicDetails" time="123.609"/>
  <testcase classname="com.RBIA.tc.TC005_RBIBasicDetails" name="basicDetails" time="123.396"/>
  <testcase classname="com.RBIA.tc.TC005_RBIBasicDetails" name="basicDetails" time="123.849"/>
  <testcase classname="com.RBIA.tc.TC005_RBIBasicDetails" name="basicDetails" time="124.952"/>
  <testcase classname="com.RBIA.tc.TC005_RBIBasicDetails" name="basicDetails" time="124.900"/>
  <testcase classname="com.RBIA.tc.TC005_RBIBasicDetails" name="basicDetails" time="124.166"/>
  <testcase classname="com.RBIA.tc.TC005_RBIBasicDetails" name="basicDetails" time="124.442"/>
  <testcase classname="com.RBIA.tc.TC005_RBIBasicDetails" name="basicDetails" time="123.474"/>
  <testcase classname="com.RBIA.tc.TC005_RBIBasicDetails" name="basicDetails" time="12.222">
    <error message="Zip bomb detected! The file would exceed the max. ratio of compressed file size to the size of the expanded data.
This may indicate that the file is used to inflate memory usage and thus could pose a security risk.
You can adjust this limit via ZipSecureFile.setMinInflateRatio() if you need to work with files which exceed this limit.
Uncompressed size: 102453, Raw/compressed size: 1024, ratio: 0.009995
Limits: MIN_INFLATE_RATIO: 0.010000, Entry: xl/styles.xml" type="org.apache.poi.ooxml.POIXMLException">
      <![CDATA[org.apache.poi.ooxml.POIXMLException: Zip bomb detected! The file would exceed the max. ratio of compressed file size to the size of the expanded data.
This may indicate that the file is used to inflate memory usage and thus could pose a security risk.
You can adjust this limit via ZipSecureFile.setMinInflateRatio() if you need to work with files which exceed this limit.
Uncompressed size: 102453, Raw/compressed size: 1024, ratio: 0.009995
Limits: MIN_INFLATE_RATIO: 0.010000, Entry: xl/styles.xml
at org.apache.poi.ooxml.POIXMLFactory.createDocumentPart(POIXMLFactory.java:66)
at org.apache.poi.ooxml.POIXMLDocumentPart.read(POIXMLDocumentPart.java:657)
at org.apache.poi.ooxml.POIXMLDocument.load(POIXMLDocument.java:180)
at org.apache.poi.xssf.usermodel.XSSFWorkbook.<init>(XSSFWorkbook.java:286)
at org.apache.poi.xssf.usermodel.XSSFWorkbook.<init>(XSSFWorkbook.java:340)
at lib.selenium.WebDriverServiceImpl.agevalidator_max(WebDriverServiceImpl.java:775)
at com.ibps.pages.PersonalDetailsPage.ageValidatorMax(PersonalDetailsPage.java:308)
at com.RBIA.tc.TC005_RBIBasicDetails.basicDetails(TC005_RBIBasicDetails.java:63)
at jdk.internal.reflect.GeneratedMethodAccessor5.invoke(Unknown Source)
at java.base/jdk.internal.reflect.DelegatingMethodAccessorImpl.invoke(Unknown Source)
at java.base/java.lang.reflect.Method.invoke(Unknown Source)
at org.testng.internal.MethodInvocationHelper.invokeMethod(MethodInvocationHelper.java:133)
at org.testng.internal.TestInvoker.invokeMethod(TestInvoker.java:584)
at org.testng.internal.TestInvoker.invokeTestMethod(TestInvoker.java:172)
at org.testng.internal.MethodRunner.runInSequence(MethodRunner.java:46)
at org.testng.internal.TestInvoker$MethodInvocationAgent.invoke(TestInvoker.java:804)
at org.testng.internal.TestInvoker.invokeTestMethods(TestInvoker.java:145)
at org.testng.internal.TestMethodWorker.invokeTestMethods(TestMethodWorker.java:146)
at org.testng.internal.TestMethodWorker.run(TestMethodWorker.java:128)
at java.base/java.util.concurrent.ThreadPoolExecutor.runWorker(Unknown Source)
at java.base/java.util.concurrent.ThreadPoolExecutor$Worker.run(Unknown Source)
at java.base/java.lang.Thread.run(Unknown Source)
Caused by: java.lang.reflect.InvocationTargetException
at jdk.internal.reflect.GeneratedConstructorAccessor53.newInstance(Unknown Source)
at java.base/jdk.internal.reflect.DelegatingConstructorAccessorImpl.newInstance(Unknown Source)
at java.base/java.lang.reflect.Constructor.newInstance(Unknown Source)
at org.apache.poi.xssf.usermodel.XSSFFactory.createDocumentPart(XSSFFactory.java:56)
at org.apache.poi.ooxml.POIXMLFactory.createDocumentPart(POIXMLFactory.java:63)
... 21 more
Caused by: java.io.IOException: Zip bomb detected! The file would exceed the max. ratio of compressed file size to the size of the expanded data.
This may indicate that the file is used to inflate memory usage and thus could pose a security risk.
You can adjust this limit via ZipSecureFile.setMinInflateRatio() if you need to work with files which exceed this limit.
Uncompressed size: 102453, Raw/compressed size: 1024, ratio: 0.009995
Limits: MIN_INFLATE_RATIO: 0.010000, Entry: xl/styles.xml
at org.apache.poi.openxml4j.util.ZipArchiveThresholdInputStream.checkThreshold(ZipArchiveThresholdInputStream.java:130)
at org.apache.poi.openxml4j.util.ZipArchiveThresholdInputStream.read(ZipArchiveThresholdInputStream.java:80)
at java.xml/com.sun.org.apache.xerces.internal.impl.XMLEntityManager$RewindableInputStream.read(Unknown Source)
at java.xml/com.sun.org.apache.xerces.internal.impl.io.UTF8Reader.read(Unknown Source)
at java.xml/com.sun.org.apache.xerces.internal.impl.XMLEntityScanner.load(Unknown Source)
at java.xml/com.sun.org.apache.xerces.internal.impl.XMLEntityScanner.scanLiteral(Unknown Source)
at java.xml/com.sun.org.apache.xerces.internal.impl.XMLScanner.scanAttributeValue(Unknown Source)
at java.xml/com.sun.org.apache.xerces.internal.impl.XMLNSDocumentScannerImpl.scanAttribute(Unknown Source)
at java.xml/com.sun.org.apache.xerces.internal.impl.XMLNSDocumentScannerImpl.scanStartElement(Unknown Source)
at java.xml/com.sun.org.apache.xerces.internal.impl.XMLDocumentFragmentScannerImpl$FragmentContentDriver.next(Unknown Source)
at java.xml/com.sun.org.apache.xerces.internal.impl.XMLDocumentScannerImpl.next(Unknown Source)
at java.xml/com.sun.org.apache.xerces.internal.impl.XMLNSDocumentScannerImpl.next(Unknown Source)
at java.xml/com.sun.org.apache.xerces.internal.impl.XMLDocumentFragmentScannerImpl.scanDocument(Unknown Source)
at java.xml/com.sun.org.apache.xerces.internal.parsers.XML11Configuration.parse(Unknown Source)
at java.xml/com.sun.org.apache.xerces.internal.parsers.XML11Configuration.parse(Unknown Source)
at java.xml/com.sun.org.apache.xerces.internal.parsers.XMLParser.parse(Unknown Source)
at java.xml/com.sun.org.apache.xerces.internal.parsers.AbstractSAXParser.parse(Unknown Source)
at java.xml/com.sun.org.apache.xerces.internal.jaxp.SAXParserImpl$JAXPSAXParser.parse(Unknown Source)
at org.apache.xmlbeans.impl.store.Locale$SaxLoader.load(Locale.java:3414)
at org.apache.xmlbeans.impl.store.Locale.parseToXmlObject(Locale.java:1272)
at org.apache.xmlbeans.impl.store.Locale.parseToXmlObject(Locale.java:1259)
at org.apache.xmlbeans.impl.schema.SchemaTypeLoaderBase.parse(SchemaTypeLoaderBase.java:345)
at org.openxmlformats.schemas.spreadsheetml.x2006.main.StyleSheetDocument$Factory.parse(Unknown Source)
at org.apache.poi.xssf.model.StylesTable.readFrom(StylesTable.java:189)
at org.apache.poi.xssf.model.StylesTable.<init>(StylesTable.java:138)
... 26 more
]]>
    </error>
  </testcase> <!-- basicDetails -->
  <testcase classname="com.RBIA.tc.TC005_RBIBasicDetails" name="basicDetails" time="123.693"/>
  <testcase classname="com.RBIA.tc.TC005_RBIBasicDetails" name="basicDetails" time="123.082"/>
  <testcase classname="com.RBIA.tc.TC005_RBIBasicDetails" name="basicDetails" time="12.331">
    <error message="Zip bomb detected! The file would exceed the max. ratio of compressed file size to the size of the expanded data.
This may indicate that the file is used to inflate memory usage and thus could pose a security risk.
You can adjust this limit via ZipSecureFile.setMinInflateRatio() if you need to work with files which exceed this limit.
Uncompressed size: 102453, Raw/compressed size: 1024, ratio: 0.009995
Limits: MIN_INFLATE_RATIO: 0.010000, Entry: xl/styles.xml" type="org.apache.poi.ooxml.POIXMLException">
      <![CDATA[org.apache.poi.ooxml.POIXMLException: Zip bomb detected! The file would exceed the max. ratio of compressed file size to the size of the expanded data.
This may indicate that the file is used to inflate memory usage and thus could pose a security risk.
You can adjust this limit via ZipSecureFile.setMinInflateRatio() if you need to work with files which exceed this limit.
Uncompressed size: 102453, Raw/compressed size: 1024, ratio: 0.009995
Limits: MIN_INFLATE_RATIO: 0.010000, Entry: xl/styles.xml
at org.apache.poi.ooxml.POIXMLFactory.createDocumentPart(POIXMLFactory.java:66)
at org.apache.poi.ooxml.POIXMLDocumentPart.read(POIXMLDocumentPart.java:657)
at org.apache.poi.ooxml.POIXMLDocument.load(POIXMLDocument.java:180)
at org.apache.poi.xssf.usermodel.XSSFWorkbook.<init>(XSSFWorkbook.java:286)
at org.apache.poi.xssf.usermodel.XSSFWorkbook.<init>(XSSFWorkbook.java:340)
at lib.selenium.WebDriverServiceImpl.agevalidator_max(WebDriverServiceImpl.java:775)
at com.ibps.pages.PersonalDetailsPage.ageValidatorMax(PersonalDetailsPage.java:308)
at com.RBIA.tc.TC005_RBIBasicDetails.basicDetails(TC005_RBIBasicDetails.java:63)
at jdk.internal.reflect.GeneratedMethodAccessor5.invoke(Unknown Source)
at java.base/jdk.internal.reflect.DelegatingMethodAccessorImpl.invoke(Unknown Source)
at java.base/java.lang.reflect.Method.invoke(Unknown Source)
at org.testng.internal.MethodInvocationHelper.invokeMethod(MethodInvocationHelper.java:133)
at org.testng.internal.TestInvoker.invokeMethod(TestInvoker.java:584)
at org.testng.internal.TestInvoker.invokeTestMethod(TestInvoker.java:172)
at org.testng.internal.MethodRunner.runInSequence(MethodRunner.java:46)
at org.testng.internal.TestInvoker$MethodInvocationAgent.invoke(TestInvoker.java:804)
at org.testng.internal.TestInvoker.invokeTestMethods(TestInvoker.java:145)
at org.testng.internal.TestMethodWorker.invokeTestMethods(TestMethodWorker.java:146)
at org.testng.internal.TestMethodWorker.run(TestMethodWorker.java:128)
at java.base/java.util.concurrent.ThreadPoolExecutor.runWorker(Unknown Source)
at java.base/java.util.concurrent.ThreadPoolExecutor$Worker.run(Unknown Source)
at java.base/java.lang.Thread.run(Unknown Source)
Caused by: java.lang.reflect.InvocationTargetException
at jdk.internal.reflect.GeneratedConstructorAccessor53.newInstance(Unknown Source)
at java.base/jdk.internal.reflect.DelegatingConstructorAccessorImpl.newInstance(Unknown Source)
at java.base/java.lang.reflect.Constructor.newInstance(Unknown Source)
at org.apache.poi.xssf.usermodel.XSSFFactory.createDocumentPart(XSSFFactory.java:56)
at org.apache.poi.ooxml.POIXMLFactory.createDocumentPart(POIXMLFactory.java:63)
... 21 more
Caused by: java.io.IOException: Zip bomb detected! The file would exceed the max. ratio of compressed file size to the size of the expanded data.
This may indicate that the file is used to inflate memory usage and thus could pose a security risk.
You can adjust this limit via ZipSecureFile.setMinInflateRatio() if you need to work with files which exceed this limit.
Uncompressed size: 102453, Raw/compressed size: 1024, ratio: 0.009995
Limits: MIN_INFLATE_RATIO: 0.010000, Entry: xl/styles.xml
at org.apache.poi.openxml4j.util.ZipArchiveThresholdInputStream.checkThreshold(ZipArchiveThresholdInputStream.java:130)
at org.apache.poi.openxml4j.util.ZipArchiveThresholdInputStream.read(ZipArchiveThresholdInputStream.java:80)
at java.xml/com.sun.org.apache.xerces.internal.impl.XMLEntityManager$RewindableInputStream.read(Unknown Source)
at java.xml/com.sun.org.apache.xerces.internal.impl.io.UTF8Reader.read(Unknown Source)
at java.xml/com.sun.org.apache.xerces.internal.impl.XMLEntityScanner.load(Unknown Source)
at java.xml/com.sun.org.apache.xerces.internal.impl.XMLEntityScanner.scanLiteral(Unknown Source)
at java.xml/com.sun.org.apache.xerces.internal.impl.XMLScanner.scanAttributeValue(Unknown Source)
at java.xml/com.sun.org.apache.xerces.internal.impl.XMLNSDocumentScannerImpl.scanAttribute(Unknown Source)
at java.xml/com.sun.org.apache.xerces.internal.impl.XMLNSDocumentScannerImpl.scanStartElement(Unknown Source)
at java.xml/com.sun.org.apache.xerces.internal.impl.XMLDocumentFragmentScannerImpl$FragmentContentDriver.next(Unknown Source)
at java.xml/com.sun.org.apache.xerces.internal.impl.XMLDocumentScannerImpl.next(Unknown Source)
at java.xml/com.sun.org.apache.xerces.internal.impl.XMLNSDocumentScannerImpl.next(Unknown Source)
at java.xml/com.sun.org.apache.xerces.internal.impl.XMLDocumentFragmentScannerImpl.scanDocument(Unknown Source)
at java.xml/com.sun.org.apache.xerces.internal.parsers.XML11Configuration.parse(Unknown Source)
at java.xml/com.sun.org.apache.xerces.internal.parsers.XML11Configuration.parse(Unknown Source)
at java.xml/com.sun.org.apache.xerces.internal.parsers.XMLParser.parse(Unknown Source)
at java.xml/com.sun.org.apache.xerces.internal.parsers.AbstractSAXParser.parse(Unknown Source)
at java.xml/com.sun.org.apache.xerces.internal.jaxp.SAXParserImpl$JAXPSAXParser.parse(Unknown Source)
at org.apache.xmlbeans.impl.store.Locale$SaxLoader.load(Locale.java:3414)
at org.apache.xmlbeans.impl.store.Locale.parseToXmlObject(Locale.java:1272)
at org.apache.xmlbeans.impl.store.Locale.parseToXmlObject(Locale.java:1259)
at org.apache.xmlbeans.impl.schema.SchemaTypeLoaderBase.parse(SchemaTypeLoaderBase.java:345)
at org.openxmlformats.schemas.spreadsheetml.x2006.main.StyleSheetDocument$Factory.parse(Unknown Source)
at org.apache.poi.xssf.model.StylesTable.readFrom(StylesTable.java:189)
at org.apache.poi.xssf.model.StylesTable.<init>(StylesTable.java:138)
... 26 more
]]>
    </error>
  </testcase> <!-- basicDetails -->
  <testcase classname="com.RBIA.tc.TC005_RBIBasicDetails" name="basicDetails" time="125.733"/>
  <testcase classname="com.RBIA.tc.TC005_RBIBasicDetails" name="basicDetails" time="124.141"/>
  <testcase classname="com.RBIA.tc.TC005_RBIBasicDetails" name="basicDetails" time="123.404"/>
  <testcase classname="com.RBIA.tc.TC005_RBIBasicDetails" name="basicDetails" time="124.445"/>
  <testcase classname="com.RBIA.tc.TC005_RBIBasicDetails" name="basicDetails" time="123.123"/>
  <testcase classname="com.RBIA.tc.TC005_RBIBasicDetails" name="basicDetails" time="123.720"/>
  <testcase classname="com.RBIA.tc.TC005_RBIBasicDetails" name="basicDetails" time="123.450"/>
  <testcase classname="com.RBIA.tc.TC005_RBIBasicDetails" name="basicDetails" time="123.285"/>
  <testcase classname="com.RBIA.tc.TC005_RBIBasicDetails" name="basicDetails" time="123.083"/>
  <testcase classname="com.RBIA.tc.TC005_RBIBasicDetails" name="basicDetails" time="124.535"/>
  <testcase classname="com.RBIA.tc.TC005_RBIBasicDetails" name="basicDetails" time="125.171"/>
  <testcase classname="com.RBIA.tc.TC005_RBIBasicDetails" name="basicDetails" time="12.308">
    <error message="Zip bomb detected! The file would exceed the max. ratio of compressed file size to the size of the expanded data.
This may indicate that the file is used to inflate memory usage and thus could pose a security risk.
You can adjust this limit via ZipSecureFile.setMinInflateRatio() if you need to work with files which exceed this limit.
Uncompressed size: 102453, Raw/compressed size: 1024, ratio: 0.009995
Limits: MIN_INFLATE_RATIO: 0.010000, Entry: xl/styles.xml" type="org.apache.poi.ooxml.POIXMLException">
      <![CDATA[org.apache.poi.ooxml.POIXMLException: Zip bomb detected! The file would exceed the max. ratio of compressed file size to the size of the expanded data.
This may indicate that the file is used to inflate memory usage and thus could pose a security risk.
You can adjust this limit via ZipSecureFile.setMinInflateRatio() if you need to work with files which exceed this limit.
Uncompressed size: 102453, Raw/compressed size: 1024, ratio: 0.009995
Limits: MIN_INFLATE_RATIO: 0.010000, Entry: xl/styles.xml
at org.apache.poi.ooxml.POIXMLFactory.createDocumentPart(POIXMLFactory.java:66)
at org.apache.poi.ooxml.POIXMLDocumentPart.read(POIXMLDocumentPart.java:657)
at org.apache.poi.ooxml.POIXMLDocument.load(POIXMLDocument.java:180)
at org.apache.poi.xssf.usermodel.XSSFWorkbook.<init>(XSSFWorkbook.java:286)
at org.apache.poi.xssf.usermodel.XSSFWorkbook.<init>(XSSFWorkbook.java:340)
at lib.selenium.WebDriverServiceImpl.agevalidator_max(WebDriverServiceImpl.java:775)
at com.ibps.pages.PersonalDetailsPage.ageValidatorMax(PersonalDetailsPage.java:308)
at com.RBIA.tc.TC005_RBIBasicDetails.basicDetails(TC005_RBIBasicDetails.java:63)
at jdk.internal.reflect.GeneratedMethodAccessor5.invoke(Unknown Source)
at java.base/jdk.internal.reflect.DelegatingMethodAccessorImpl.invoke(Unknown Source)
at java.base/java.lang.reflect.Method.invoke(Unknown Source)
at org.testng.internal.MethodInvocationHelper.invokeMethod(MethodInvocationHelper.java:133)
at org.testng.internal.TestInvoker.invokeMethod(TestInvoker.java:584)
at org.testng.internal.TestInvoker.invokeTestMethod(TestInvoker.java:172)
at org.testng.internal.MethodRunner.runInSequence(MethodRunner.java:46)
at org.testng.internal.TestInvoker$MethodInvocationAgent.invoke(TestInvoker.java:804)
at org.testng.internal.TestInvoker.invokeTestMethods(TestInvoker.java:145)
at org.testng.internal.TestMethodWorker.invokeTestMethods(TestMethodWorker.java:146)
at org.testng.internal.TestMethodWorker.run(TestMethodWorker.java:128)
at java.base/java.util.concurrent.ThreadPoolExecutor.runWorker(Unknown Source)
at java.base/java.util.concurrent.ThreadPoolExecutor$Worker.run(Unknown Source)
at java.base/java.lang.Thread.run(Unknown Source)
Caused by: java.lang.reflect.InvocationTargetException
at jdk.internal.reflect.GeneratedConstructorAccessor53.newInstance(Unknown Source)
at java.base/jdk.internal.reflect.DelegatingConstructorAccessorImpl.newInstance(Unknown Source)
at java.base/java.lang.reflect.Constructor.newInstance(Unknown Source)
at org.apache.poi.xssf.usermodel.XSSFFactory.createDocumentPart(XSSFFactory.java:56)
at org.apache.poi.ooxml.POIXMLFactory.createDocumentPart(POIXMLFactory.java:63)
... 21 more
Caused by: java.io.IOException: Zip bomb detected! The file would exceed the max. ratio of compressed file size to the size of the expanded data.
This may indicate that the file is used to inflate memory usage and thus could pose a security risk.
You can adjust this limit via ZipSecureFile.setMinInflateRatio() if you need to work with files which exceed this limit.
Uncompressed size: 102453, Raw/compressed size: 1024, ratio: 0.009995
Limits: MIN_INFLATE_RATIO: 0.010000, Entry: xl/styles.xml
at org.apache.poi.openxml4j.util.ZipArchiveThresholdInputStream.checkThreshold(ZipArchiveThresholdInputStream.java:130)
at org.apache.poi.openxml4j.util.ZipArchiveThresholdInputStream.read(ZipArchiveThresholdInputStream.java:80)
at java.xml/com.sun.org.apache.xerces.internal.impl.XMLEntityManager$RewindableInputStream.read(Unknown Source)
at java.xml/com.sun.org.apache.xerces.internal.impl.io.UTF8Reader.read(Unknown Source)
at java.xml/com.sun.org.apache.xerces.internal.impl.XMLEntityScanner.load(Unknown Source)
at java.xml/com.sun.org.apache.xerces.internal.impl.XMLEntityScanner.scanLiteral(Unknown Source)
at java.xml/com.sun.org.apache.xerces.internal.impl.XMLScanner.scanAttributeValue(Unknown Source)
at java.xml/com.sun.org.apache.xerces.internal.impl.XMLNSDocumentScannerImpl.scanAttribute(Unknown Source)
at java.xml/com.sun.org.apache.xerces.internal.impl.XMLNSDocumentScannerImpl.scanStartElement(Unknown Source)
at java.xml/com.sun.org.apache.xerces.internal.impl.XMLDocumentFragmentScannerImpl$FragmentContentDriver.next(Unknown Source)
at java.xml/com.sun.org.apache.xerces.internal.impl.XMLDocumentScannerImpl.next(Unknown Source)
at java.xml/com.sun.org.apache.xerces.internal.impl.XMLNSDocumentScannerImpl.next(Unknown Source)
at java.xml/com.sun.org.apache.xerces.internal.impl.XMLDocumentFragmentScannerImpl.scanDocument(Unknown Source)
at java.xml/com.sun.org.apache.xerces.internal.parsers.XML11Configuration.parse(Unknown Source)
at java.xml/com.sun.org.apache.xerces.internal.parsers.XML11Configuration.parse(Unknown Source)
at java.xml/com.sun.org.apache.xerces.internal.parsers.XMLParser.parse(Unknown Source)
at java.xml/com.sun.org.apache.xerces.internal.parsers.AbstractSAXParser.parse(Unknown Source)
at java.xml/com.sun.org.apache.xerces.internal.jaxp.SAXParserImpl$JAXPSAXParser.parse(Unknown Source)
at org.apache.xmlbeans.impl.store.Locale$SaxLoader.load(Locale.java:3414)
at org.apache.xmlbeans.impl.store.Locale.parseToXmlObject(Locale.java:1272)
at org.apache.xmlbeans.impl.store.Locale.parseToXmlObject(Locale.java:1259)
at org.apache.xmlbeans.impl.schema.SchemaTypeLoaderBase.parse(SchemaTypeLoaderBase.java:345)
at org.openxmlformats.schemas.spreadsheetml.x2006.main.StyleSheetDocument$Factory.parse(Unknown Source)
at org.apache.poi.xssf.model.StylesTable.readFrom(StylesTable.java:189)
at org.apache.poi.xssf.model.StylesTable.<init>(StylesTable.java:138)
... 26 more
]]>
    </error>
  </testcase> <!-- basicDetails -->
  <testcase classname="com.RBIA.tc.TC005_RBIBasicDetails" name="basicDetails" time="123.165"/>
  <testcase classname="com.RBIA.tc.TC005_RBIBasicDetails" name="basicDetails" time="123.572"/>
  <testcase classname="com.RBIA.tc.TC005_RBIBasicDetails" name="basicDetails" time="124.153"/>
  <testcase classname="com.RBIA.tc.TC005_RBIBasicDetails" name="basicDetails" time="123.755"/>
  <testcase classname="com.RBIA.tc.TC005_RBIBasicDetails" name="basicDetails" time="123.542"/>
  <testcase classname="com.RBIA.tc.TC005_RBIBasicDetails" name="basicDetails" time="123.417"/>
  <testcase classname="com.RBIA.tc.TC005_RBIBasicDetails" name="basicDetails" time="125.193"/>
  <testcase classname="com.RBIA.tc.TC005_RBIBasicDetails" name="basicDetails" time="123.133"/>
  <testcase classname="com.RBIA.tc.TC005_RBIBasicDetails" name="basicDetails" time="124.149"/>
  <testcase classname="com.RBIA.tc.TC005_RBIBasicDetails" name="basicDetails" time="124.038"/>
  <testcase classname="com.RBIA.tc.TC005_RBIBasicDetails" name="basicDetails" time="123.827"/>
  <testcase classname="com.RBIA.tc.TC005_RBIBasicDetails" name="basicDetails" time="123.105"/>
  <testcase classname="com.RBIA.tc.TC005_RBIBasicDetails" name="basicDetails" time="124.184"/>
  <testcase classname="com.RBIA.tc.TC005_RBIBasicDetails" name="basicDetails" time="123.273"/>
  <testcase classname="com.RBIA.tc.TC005_RBIBasicDetails" name="basicDetails" time="12.552">
    <error message="Zip bomb detected! The file would exceed the max. ratio of compressed file size to the size of the expanded data.
This may indicate that the file is used to inflate memory usage and thus could pose a security risk.
You can adjust this limit via ZipSecureFile.setMinInflateRatio() if you need to work with files which exceed this limit.
Uncompressed size: 102453, Raw/compressed size: 1024, ratio: 0.009995
Limits: MIN_INFLATE_RATIO: 0.010000, Entry: xl/styles.xml" type="org.apache.poi.ooxml.POIXMLException">
      <![CDATA[org.apache.poi.ooxml.POIXMLException: Zip bomb detected! The file would exceed the max. ratio of compressed file size to the size of the expanded data.
This may indicate that the file is used to inflate memory usage and thus could pose a security risk.
You can adjust this limit via ZipSecureFile.setMinInflateRatio() if you need to work with files which exceed this limit.
Uncompressed size: 102453, Raw/compressed size: 1024, ratio: 0.009995
Limits: MIN_INFLATE_RATIO: 0.010000, Entry: xl/styles.xml
at org.apache.poi.ooxml.POIXMLFactory.createDocumentPart(POIXMLFactory.java:66)
at org.apache.poi.ooxml.POIXMLDocumentPart.read(POIXMLDocumentPart.java:657)
at org.apache.poi.ooxml.POIXMLDocument.load(POIXMLDocument.java:180)
at org.apache.poi.xssf.usermodel.XSSFWorkbook.<init>(XSSFWorkbook.java:286)
at org.apache.poi.xssf.usermodel.XSSFWorkbook.<init>(XSSFWorkbook.java:340)
at lib.selenium.WebDriverServiceImpl.agevalidator_max(WebDriverServiceImpl.java:775)
at com.ibps.pages.PersonalDetailsPage.ageValidatorMax(PersonalDetailsPage.java:308)
at com.RBIA.tc.TC005_RBIBasicDetails.basicDetails(TC005_RBIBasicDetails.java:63)
at jdk.internal.reflect.GeneratedMethodAccessor5.invoke(Unknown Source)
at java.base/jdk.internal.reflect.DelegatingMethodAccessorImpl.invoke(Unknown Source)
at java.base/java.lang.reflect.Method.invoke(Unknown Source)
at org.testng.internal.MethodInvocationHelper.invokeMethod(MethodInvocationHelper.java:133)
at org.testng.internal.TestInvoker.invokeMethod(TestInvoker.java:584)
at org.testng.internal.TestInvoker.invokeTestMethod(TestInvoker.java:172)
at org.testng.internal.MethodRunner.runInSequence(MethodRunner.java:46)
at org.testng.internal.TestInvoker$MethodInvocationAgent.invoke(TestInvoker.java:804)
at org.testng.internal.TestInvoker.invokeTestMethods(TestInvoker.java:145)
at org.testng.internal.TestMethodWorker.invokeTestMethods(TestMethodWorker.java:146)
at org.testng.internal.TestMethodWorker.run(TestMethodWorker.java:128)
at java.base/java.util.concurrent.ThreadPoolExecutor.runWorker(Unknown Source)
at java.base/java.util.concurrent.ThreadPoolExecutor$Worker.run(Unknown Source)
at java.base/java.lang.Thread.run(Unknown Source)
Caused by: java.lang.reflect.InvocationTargetException
at jdk.internal.reflect.GeneratedConstructorAccessor53.newInstance(Unknown Source)
at java.base/jdk.internal.reflect.DelegatingConstructorAccessorImpl.newInstance(Unknown Source)
at java.base/java.lang.reflect.Constructor.newInstance(Unknown Source)
at org.apache.poi.xssf.usermodel.XSSFFactory.createDocumentPart(XSSFFactory.java:56)
at org.apache.poi.ooxml.POIXMLFactory.createDocumentPart(POIXMLFactory.java:63)
... 21 more
Caused by: java.io.IOException: Zip bomb detected! The file would exceed the max. ratio of compressed file size to the size of the expanded data.
This may indicate that the file is used to inflate memory usage and thus could pose a security risk.
You can adjust this limit via ZipSecureFile.setMinInflateRatio() if you need to work with files which exceed this limit.
Uncompressed size: 102453, Raw/compressed size: 1024, ratio: 0.009995
Limits: MIN_INFLATE_RATIO: 0.010000, Entry: xl/styles.xml
at org.apache.poi.openxml4j.util.ZipArchiveThresholdInputStream.checkThreshold(ZipArchiveThresholdInputStream.java:130)
at org.apache.poi.openxml4j.util.ZipArchiveThresholdInputStream.read(ZipArchiveThresholdInputStream.java:80)
at java.xml/com.sun.org.apache.xerces.internal.impl.XMLEntityManager$RewindableInputStream.read(Unknown Source)
at java.xml/com.sun.org.apache.xerces.internal.impl.io.UTF8Reader.read(Unknown Source)
at java.xml/com.sun.org.apache.xerces.internal.impl.XMLEntityScanner.load(Unknown Source)
at java.xml/com.sun.org.apache.xerces.internal.impl.XMLEntityScanner.scanLiteral(Unknown Source)
at java.xml/com.sun.org.apache.xerces.internal.impl.XMLScanner.scanAttributeValue(Unknown Source)
at java.xml/com.sun.org.apache.xerces.internal.impl.XMLNSDocumentScannerImpl.scanAttribute(Unknown Source)
at java.xml/com.sun.org.apache.xerces.internal.impl.XMLNSDocumentScannerImpl.scanStartElement(Unknown Source)
at java.xml/com.sun.org.apache.xerces.internal.impl.XMLDocumentFragmentScannerImpl$FragmentContentDriver.next(Unknown Source)
at java.xml/com.sun.org.apache.xerces.internal.impl.XMLDocumentScannerImpl.next(Unknown Source)
at java.xml/com.sun.org.apache.xerces.internal.impl.XMLNSDocumentScannerImpl.next(Unknown Source)
at java.xml/com.sun.org.apache.xerces.internal.impl.XMLDocumentFragmentScannerImpl.scanDocument(Unknown Source)
at java.xml/com.sun.org.apache.xerces.internal.parsers.XML11Configuration.parse(Unknown Source)
at java.xml/com.sun.org.apache.xerces.internal.parsers.XML11Configuration.parse(Unknown Source)
at java.xml/com.sun.org.apache.xerces.internal.parsers.XMLParser.parse(Unknown Source)
at java.xml/com.sun.org.apache.xerces.internal.parsers.AbstractSAXParser.parse(Unknown Source)
at java.xml/com.sun.org.apache.xerces.internal.jaxp.SAXParserImpl$JAXPSAXParser.parse(Unknown Source)
at org.apache.xmlbeans.impl.store.Locale$SaxLoader.load(Locale.java:3414)
at org.apache.xmlbeans.impl.store.Locale.parseToXmlObject(Locale.java:1272)
at org.apache.xmlbeans.impl.store.Locale.parseToXmlObject(Locale.java:1259)
at org.apache.xmlbeans.impl.schema.SchemaTypeLoaderBase.parse(SchemaTypeLoaderBase.java:345)
at org.openxmlformats.schemas.spreadsheetml.x2006.main.StyleSheetDocument$Factory.parse(Unknown Source)
at org.apache.poi.xssf.model.StylesTable.readFrom(StylesTable.java:189)
at org.apache.poi.xssf.model.StylesTable.<init>(StylesTable.java:138)
... 26 more
]]>
    </error>
  </testcase> <!-- basicDetails -->
  <testcase classname="com.RBIA.tc.TC005_RBIBasicDetails" name="basicDetails" time="123.801"/>
  <testcase classname="com.RBIA.tc.TC005_RBIBasicDetails" name="basicDetails" time="140.127"/>
  <testcase classname="com.RBIA.tc.TC005_RBIBasicDetails" name="basicDetails" time="123.958"/>
  <testcase classname="com.RBIA.tc.TC005_RBIBasicDetails" name="basicDetails" time="123.948"/>
  <testcase classname="com.RBIA.tc.TC005_RBIBasicDetails" name="basicDetails" time="123.353"/>
  <testcase classname="com.RBIA.tc.TC005_RBIBasicDetails" name="basicDetails" time="124.290"/>
  <testcase classname="com.RBIA.tc.TC005_RBIBasicDetails" name="basicDetails" time="123.882"/>
  <testcase classname="com.RBIA.tc.TC005_RBIBasicDetails" name="basicDetails" time="122.976"/>
  <testcase classname="com.RBIA.tc.TC005_RBIBasicDetails" name="basicDetails" time="123.141"/>
  <testcase classname="com.RBIA.tc.TC005_RBIBasicDetails" name="basicDetails" time="123.865"/>
  <testcase classname="com.RBIA.tc.TC005_RBIBasicDetails" name="basicDetails" time="124.361"/>
  <testcase classname="com.RBIA.tc.TC005_RBIBasicDetails" name="basicDetails" time="124.541"/>
  <testcase classname="com.RBIA.tc.TC005_RBIBasicDetails" name="basicDetails" time="124.090"/>
  <testcase classname="com.RBIA.tc.TC005_RBIBasicDetails" name="basicDetails" time="123.192"/>
  <testcase classname="com.RBIA.tc.TC005_RBIBasicDetails" name="basicDetails" time="123.230"/>
  <testcase classname="com.RBIA.tc.TC005_RBIBasicDetails" name="basicDetails" time="124.123"/>
  <testcase classname="com.RBIA.tc.TC005_RBIBasicDetails" name="basicDetails" time="123.218"/>
  <testcase classname="com.RBIA.tc.TC005_RBIBasicDetails" name="basicDetails" time="124.274"/>
  <testcase classname="com.RBIA.tc.TC005_RBIBasicDetails" name="basicDetails" time="123.718"/>
  <testcase classname="com.RBIA.tc.TC005_RBIBasicDetails" name="basicDetails" time="124.143"/>
  <testcase classname="com.RBIA.tc.TC005_RBIBasicDetails" name="basicDetails" time="95.591">
    <error message="Zip bomb detected! The file would exceed the max. ratio of compressed file size to the size of the expanded data.
This may indicate that the file is used to inflate memory usage and thus could pose a security risk.
You can adjust this limit via ZipSecureFile.setMinInflateRatio() if you need to work with files which exceed this limit.
Uncompressed size: 102453, Raw/compressed size: 1024, ratio: 0.009995
Limits: MIN_INFLATE_RATIO: 0.010000, Entry: xl/styles.xml" type="org.apache.poi.ooxml.POIXMLException">
      <![CDATA[org.apache.poi.ooxml.POIXMLException: Zip bomb detected! The file would exceed the max. ratio of compressed file size to the size of the expanded data.
This may indicate that the file is used to inflate memory usage and thus could pose a security risk.
You can adjust this limit via ZipSecureFile.setMinInflateRatio() if you need to work with files which exceed this limit.
Uncompressed size: 102453, Raw/compressed size: 1024, ratio: 0.009995
Limits: MIN_INFLATE_RATIO: 0.010000, Entry: xl/styles.xml
at org.apache.poi.ooxml.POIXMLFactory.createDocumentPart(POIXMLFactory.java:66)
at org.apache.poi.ooxml.POIXMLDocumentPart.read(POIXMLDocumentPart.java:657)
at org.apache.poi.ooxml.POIXMLDocument.load(POIXMLDocument.java:180)
at org.apache.poi.xssf.usermodel.XSSFWorkbook.<init>(XSSFWorkbook.java:286)
at org.apache.poi.xssf.usermodel.XSSFWorkbook.<init>(XSSFWorkbook.java:340)
at lib.selenium.WebDriverServiceImpl.agevalidator_asondate(WebDriverServiceImpl.java:1087)
at com.ibps.pages.PersonalDetailsPage.ageValidatorAsOnDate(PersonalDetailsPage.java:321)
at com.RBIA.tc.TC005_RBIBasicDetails.basicDetails(TC005_RBIBasicDetails.java:65)
at jdk.internal.reflect.GeneratedMethodAccessor5.invoke(Unknown Source)
at java.base/jdk.internal.reflect.DelegatingMethodAccessorImpl.invoke(Unknown Source)
at java.base/java.lang.reflect.Method.invoke(Unknown Source)
at org.testng.internal.MethodInvocationHelper.invokeMethod(MethodInvocationHelper.java:133)
at org.testng.internal.TestInvoker.invokeMethod(TestInvoker.java:584)
at org.testng.internal.TestInvoker.invokeTestMethod(TestInvoker.java:172)
at org.testng.internal.MethodRunner.runInSequence(MethodRunner.java:46)
at org.testng.internal.TestInvoker$MethodInvocationAgent.invoke(TestInvoker.java:804)
at org.testng.internal.TestInvoker.invokeTestMethods(TestInvoker.java:145)
at org.testng.internal.TestMethodWorker.invokeTestMethods(TestMethodWorker.java:146)
at org.testng.internal.TestMethodWorker.run(TestMethodWorker.java:128)
at java.base/java.util.concurrent.ThreadPoolExecutor.runWorker(Unknown Source)
at java.base/java.util.concurrent.ThreadPoolExecutor$Worker.run(Unknown Source)
at java.base/java.lang.Thread.run(Unknown Source)
Caused by: java.lang.reflect.InvocationTargetException
at jdk.internal.reflect.GeneratedConstructorAccessor53.newInstance(Unknown Source)
at java.base/jdk.internal.reflect.DelegatingConstructorAccessorImpl.newInstance(Unknown Source)
at java.base/java.lang.reflect.Constructor.newInstance(Unknown Source)
at org.apache.poi.xssf.usermodel.XSSFFactory.createDocumentPart(XSSFFactory.java:56)
at org.apache.poi.ooxml.POIXMLFactory.createDocumentPart(POIXMLFactory.java:63)
... 21 more
Caused by: java.io.IOException: Zip bomb detected! The file would exceed the max. ratio of compressed file size to the size of the expanded data.
This may indicate that the file is used to inflate memory usage and thus could pose a security risk.
You can adjust this limit via ZipSecureFile.setMinInflateRatio() if you need to work with files which exceed this limit.
Uncompressed size: 102453, Raw/compressed size: 1024, ratio: 0.009995
Limits: MIN_INFLATE_RATIO: 0.010000, Entry: xl/styles.xml
at org.apache.poi.openxml4j.util.ZipArchiveThresholdInputStream.checkThreshold(ZipArchiveThresholdInputStream.java:130)
at org.apache.poi.openxml4j.util.ZipArchiveThresholdInputStream.read(ZipArchiveThresholdInputStream.java:80)
at java.xml/com.sun.org.apache.xerces.internal.impl.XMLEntityManager$RewindableInputStream.read(Unknown Source)
at java.xml/com.sun.org.apache.xerces.internal.impl.io.UTF8Reader.read(Unknown Source)
at java.xml/com.sun.org.apache.xerces.internal.impl.XMLEntityScanner.load(Unknown Source)
at java.xml/com.sun.org.apache.xerces.internal.impl.XMLEntityScanner.scanLiteral(Unknown Source)
at java.xml/com.sun.org.apache.xerces.internal.impl.XMLScanner.scanAttributeValue(Unknown Source)
at java.xml/com.sun.org.apache.xerces.internal.impl.XMLNSDocumentScannerImpl.scanAttribute(Unknown Source)
at java.xml/com.sun.org.apache.xerces.internal.impl.XMLNSDocumentScannerImpl.scanStartElement(Unknown Source)
at java.xml/com.sun.org.apache.xerces.internal.impl.XMLDocumentFragmentScannerImpl$FragmentContentDriver.next(Unknown Source)
at java.xml/com.sun.org.apache.xerces.internal.impl.XMLDocumentScannerImpl.next(Unknown Source)
at java.xml/com.sun.org.apache.xerces.internal.impl.XMLNSDocumentScannerImpl.next(Unknown Source)
at java.xml/com.sun.org.apache.xerces.internal.impl.XMLDocumentFragmentScannerImpl.scanDocument(Unknown Source)
at java.xml/com.sun.org.apache.xerces.internal.parsers.XML11Configuration.parse(Unknown Source)
at java.xml/com.sun.org.apache.xerces.internal.parsers.XML11Configuration.parse(Unknown Source)
at java.xml/com.sun.org.apache.xerces.internal.parsers.XMLParser.parse(Unknown Source)
at java.xml/com.sun.org.apache.xerces.internal.parsers.AbstractSAXParser.parse(Unknown Source)
at java.xml/com.sun.org.apache.xerces.internal.jaxp.SAXParserImpl$JAXPSAXParser.parse(Unknown Source)
at org.apache.xmlbeans.impl.store.Locale$SaxLoader.load(Locale.java:3414)
at org.apache.xmlbeans.impl.store.Locale.parseToXmlObject(Locale.java:1272)
at org.apache.xmlbeans.impl.store.Locale.parseToXmlObject(Locale.java:1259)
at org.apache.xmlbeans.impl.schema.SchemaTypeLoaderBase.parse(SchemaTypeLoaderBase.java:345)
at org.openxmlformats.schemas.spreadsheetml.x2006.main.StyleSheetDocument$Factory.parse(Unknown Source)
at org.apache.poi.xssf.model.StylesTable.readFrom(StylesTable.java:189)
at org.apache.poi.xssf.model.StylesTable.<init>(StylesTable.java:138)
... 26 more
]]>
    </error>
  </testcase> <!-- basicDetails -->
  <testcase classname="com.RBIA.tc.TC005_RBIBasicDetails" name="basicDetails" time="123.594"/>
  <testcase classname="com.RBIA.tc.TC005_RBIBasicDetails" name="basicDetails" time="123.562"/>
  <testcase classname="com.RBIA.tc.TC005_RBIBasicDetails" name="basicDetails" time="124.588"/>
  <testcase classname="com.RBIA.tc.TC005_RBIBasicDetails" name="basicDetails" time="123.840"/>
  <testcase classname="com.RBIA.tc.TC005_RBIBasicDetails" name="basicDetails" time="123.742"/>
  <testcase classname="com.RBIA.tc.TC005_RBIBasicDetails" name="basicDetails" time="124.260"/>
  <testcase classname="com.RBIA.tc.TC005_RBIBasicDetails" name="basicDetails" time="123.327"/>
  <testcase classname="com.RBIA.tc.TC005_RBIBasicDetails" name="basicDetails" time="124.075"/>
  <testcase classname="com.RBIA.tc.TC005_RBIBasicDetails" name="basicDetails" time="123.599"/>
  <testcase classname="com.RBIA.tc.TC005_RBIBasicDetails" name="basicDetails" time="124.073"/>
  <testcase classname="com.RBIA.tc.TC005_RBIBasicDetails" name="basicDetails" time="124.404"/>
  <testcase classname="com.RBIA.tc.TC005_RBIBasicDetails" name="basicDetails" time="124.515"/>
  <testcase classname="com.RBIA.tc.TC005_RBIBasicDetails" name="basicDetails" time="123.796"/>
  <testcase classname="com.RBIA.tc.TC005_RBIBasicDetails" name="basicDetails" time="124.814"/>
  <testcase classname="com.RBIA.tc.TC005_RBIBasicDetails" name="basicDetails" time="124.649"/>
  <testcase classname="com.RBIA.tc.TC005_RBIBasicDetails" name="basicDetails" time="123.378"/>
  <testcase classname="com.RBIA.tc.TC005_RBIBasicDetails" name="basicDetails" time="124.429"/>
  <testcase classname="com.RBIA.tc.TC005_RBIBasicDetails" name="basicDetails" time="123.330"/>
  <testcase classname="com.RBIA.tc.TC005_RBIBasicDetails" name="basicDetails" time="123.375"/>
  <testcase classname="com.RBIA.tc.TC005_RBIBasicDetails" name="basicDetails" time="124.172"/>
  <testcase classname="com.RBIA.tc.TC005_RBIBasicDetails" name="basicDetails" time="11.936">
    <error message="Zip bomb detected! The file would exceed the max. ratio of compressed file size to the size of the expanded data.
This may indicate that the file is used to inflate memory usage and thus could pose a security risk.
You can adjust this limit via ZipSecureFile.setMinInflateRatio() if you need to work with files which exceed this limit.
Uncompressed size: 102453, Raw/compressed size: 1024, ratio: 0.009995
Limits: MIN_INFLATE_RATIO: 0.010000, Entry: xl/styles.xml" type="org.apache.poi.ooxml.POIXMLException">
      <![CDATA[org.apache.poi.ooxml.POIXMLException: Zip bomb detected! The file would exceed the max. ratio of compressed file size to the size of the expanded data.
This may indicate that the file is used to inflate memory usage and thus could pose a security risk.
You can adjust this limit via ZipSecureFile.setMinInflateRatio() if you need to work with files which exceed this limit.
Uncompressed size: 102453, Raw/compressed size: 1024, ratio: 0.009995
Limits: MIN_INFLATE_RATIO: 0.010000, Entry: xl/styles.xml
at org.apache.poi.ooxml.POIXMLFactory.createDocumentPart(POIXMLFactory.java:66)
at org.apache.poi.ooxml.POIXMLDocumentPart.read(POIXMLDocumentPart.java:657)
at org.apache.poi.ooxml.POIXMLDocument.load(POIXMLDocument.java:180)
at org.apache.poi.xssf.usermodel.XSSFWorkbook.<init>(XSSFWorkbook.java:286)
at org.apache.poi.xssf.usermodel.XSSFWorkbook.<init>(XSSFWorkbook.java:340)
at lib.selenium.WebDriverServiceImpl.agevalidator_max(WebDriverServiceImpl.java:775)
at com.ibps.pages.PersonalDetailsPage.ageValidatorMax(PersonalDetailsPage.java:308)
at com.RBIA.tc.TC005_RBIBasicDetails.basicDetails(TC005_RBIBasicDetails.java:63)
at jdk.internal.reflect.GeneratedMethodAccessor5.invoke(Unknown Source)
at java.base/jdk.internal.reflect.DelegatingMethodAccessorImpl.invoke(Unknown Source)
at java.base/java.lang.reflect.Method.invoke(Unknown Source)
at org.testng.internal.MethodInvocationHelper.invokeMethod(MethodInvocationHelper.java:133)
at org.testng.internal.TestInvoker.invokeMethod(TestInvoker.java:584)
at org.testng.internal.TestInvoker.invokeTestMethod(TestInvoker.java:172)
at org.testng.internal.MethodRunner.runInSequence(MethodRunner.java:46)
at org.testng.internal.TestInvoker$MethodInvocationAgent.invoke(TestInvoker.java:804)
at org.testng.internal.TestInvoker.invokeTestMethods(TestInvoker.java:145)
at org.testng.internal.TestMethodWorker.invokeTestMethods(TestMethodWorker.java:146)
at org.testng.internal.TestMethodWorker.run(TestMethodWorker.java:128)
at java.base/java.util.concurrent.ThreadPoolExecutor.runWorker(Unknown Source)
at java.base/java.util.concurrent.ThreadPoolExecutor$Worker.run(Unknown Source)
at java.base/java.lang.Thread.run(Unknown Source)
Caused by: java.lang.reflect.InvocationTargetException
at jdk.internal.reflect.GeneratedConstructorAccessor53.newInstance(Unknown Source)
at java.base/jdk.internal.reflect.DelegatingConstructorAccessorImpl.newInstance(Unknown Source)
at java.base/java.lang.reflect.Constructor.newInstance(Unknown Source)
at org.apache.poi.xssf.usermodel.XSSFFactory.createDocumentPart(XSSFFactory.java:56)
at org.apache.poi.ooxml.POIXMLFactory.createDocumentPart(POIXMLFactory.java:63)
... 21 more
Caused by: java.io.IOException: Zip bomb detected! The file would exceed the max. ratio of compressed file size to the size of the expanded data.
This may indicate that the file is used to inflate memory usage and thus could pose a security risk.
You can adjust this limit via ZipSecureFile.setMinInflateRatio() if you need to work with files which exceed this limit.
Uncompressed size: 102453, Raw/compressed size: 1024, ratio: 0.009995
Limits: MIN_INFLATE_RATIO: 0.010000, Entry: xl/styles.xml
at org.apache.poi.openxml4j.util.ZipArchiveThresholdInputStream.checkThreshold(ZipArchiveThresholdInputStream.java:130)
at org.apache.poi.openxml4j.util.ZipArchiveThresholdInputStream.read(ZipArchiveThresholdInputStream.java:80)
at java.xml/com.sun.org.apache.xerces.internal.impl.XMLEntityManager$RewindableInputStream.read(Unknown Source)
at java.xml/com.sun.org.apache.xerces.internal.impl.io.UTF8Reader.read(Unknown Source)
at java.xml/com.sun.org.apache.xerces.internal.impl.XMLEntityScanner.load(Unknown Source)
at java.xml/com.sun.org.apache.xerces.internal.impl.XMLEntityScanner.scanLiteral(Unknown Source)
at java.xml/com.sun.org.apache.xerces.internal.impl.XMLScanner.scanAttributeValue(Unknown Source)
at java.xml/com.sun.org.apache.xerces.internal.impl.XMLNSDocumentScannerImpl.scanAttribute(Unknown Source)
at java.xml/com.sun.org.apache.xerces.internal.impl.XMLNSDocumentScannerImpl.scanStartElement(Unknown Source)
at java.xml/com.sun.org.apache.xerces.internal.impl.XMLDocumentFragmentScannerImpl$FragmentContentDriver.next(Unknown Source)
at java.xml/com.sun.org.apache.xerces.internal.impl.XMLDocumentScannerImpl.next(Unknown Source)
at java.xml/com.sun.org.apache.xerces.internal.impl.XMLNSDocumentScannerImpl.next(Unknown Source)
at java.xml/com.sun.org.apache.xerces.internal.impl.XMLDocumentFragmentScannerImpl.scanDocument(Unknown Source)
at java.xml/com.sun.org.apache.xerces.internal.parsers.XML11Configuration.parse(Unknown Source)
at java.xml/com.sun.org.apache.xerces.internal.parsers.XML11Configuration.parse(Unknown Source)
at java.xml/com.sun.org.apache.xerces.internal.parsers.XMLParser.parse(Unknown Source)
at java.xml/com.sun.org.apache.xerces.internal.parsers.AbstractSAXParser.parse(Unknown Source)
at java.xml/com.sun.org.apache.xerces.internal.jaxp.SAXParserImpl$JAXPSAXParser.parse(Unknown Source)
at org.apache.xmlbeans.impl.store.Locale$SaxLoader.load(Locale.java:3414)
at org.apache.xmlbeans.impl.store.Locale.parseToXmlObject(Locale.java:1272)
at org.apache.xmlbeans.impl.store.Locale.parseToXmlObject(Locale.java:1259)
at org.apache.xmlbeans.impl.schema.SchemaTypeLoaderBase.parse(SchemaTypeLoaderBase.java:345)
at org.openxmlformats.schemas.spreadsheetml.x2006.main.StyleSheetDocument$Factory.parse(Unknown Source)
at org.apache.poi.xssf.model.StylesTable.readFrom(StylesTable.java:189)
at org.apache.poi.xssf.model.StylesTable.<init>(StylesTable.java:138)
... 26 more
]]>
    </error>
  </testcase> <!-- basicDetails -->
  <testcase classname="com.RBIA.tc.TC005_RBIBasicDetails" name="basicDetails" time="124.247"/>
  <testcase classname="com.RBIA.tc.TC005_RBIBasicDetails" name="basicDetails" time="12.152">
    <error message="Zip bomb detected! The file would exceed the max. ratio of compressed file size to the size of the expanded data.
This may indicate that the file is used to inflate memory usage and thus could pose a security risk.
You can adjust this limit via ZipSecureFile.setMinInflateRatio() if you need to work with files which exceed this limit.
Uncompressed size: 102453, Raw/compressed size: 1024, ratio: 0.009995
Limits: MIN_INFLATE_RATIO: 0.010000, Entry: xl/styles.xml" type="org.apache.poi.ooxml.POIXMLException">
      <![CDATA[org.apache.poi.ooxml.POIXMLException: Zip bomb detected! The file would exceed the max. ratio of compressed file size to the size of the expanded data.
This may indicate that the file is used to inflate memory usage and thus could pose a security risk.
You can adjust this limit via ZipSecureFile.setMinInflateRatio() if you need to work with files which exceed this limit.
Uncompressed size: 102453, Raw/compressed size: 1024, ratio: 0.009995
Limits: MIN_INFLATE_RATIO: 0.010000, Entry: xl/styles.xml
at org.apache.poi.ooxml.POIXMLFactory.createDocumentPart(POIXMLFactory.java:66)
at org.apache.poi.ooxml.POIXMLDocumentPart.read(POIXMLDocumentPart.java:657)
at org.apache.poi.ooxml.POIXMLDocument.load(POIXMLDocument.java:180)
at org.apache.poi.xssf.usermodel.XSSFWorkbook.<init>(XSSFWorkbook.java:286)
at org.apache.poi.xssf.usermodel.XSSFWorkbook.<init>(XSSFWorkbook.java:340)
at lib.selenium.WebDriverServiceImpl.agevalidator_max(WebDriverServiceImpl.java:775)
at com.ibps.pages.PersonalDetailsPage.ageValidatorMax(PersonalDetailsPage.java:308)
at com.RBIA.tc.TC005_RBIBasicDetails.basicDetails(TC005_RBIBasicDetails.java:63)
at jdk.internal.reflect.GeneratedMethodAccessor5.invoke(Unknown Source)
at java.base/jdk.internal.reflect.DelegatingMethodAccessorImpl.invoke(Unknown Source)
at java.base/java.lang.reflect.Method.invoke(Unknown Source)
at org.testng.internal.MethodInvocationHelper.invokeMethod(MethodInvocationHelper.java:133)
at org.testng.internal.TestInvoker.invokeMethod(TestInvoker.java:584)
at org.testng.internal.TestInvoker.invokeTestMethod(TestInvoker.java:172)
at org.testng.internal.MethodRunner.runInSequence(MethodRunner.java:46)
at org.testng.internal.TestInvoker$MethodInvocationAgent.invoke(TestInvoker.java:804)
at org.testng.internal.TestInvoker.invokeTestMethods(TestInvoker.java:145)
at org.testng.internal.TestMethodWorker.invokeTestMethods(TestMethodWorker.java:146)
at org.testng.internal.TestMethodWorker.run(TestMethodWorker.java:128)
at java.base/java.util.concurrent.ThreadPoolExecutor.runWorker(Unknown Source)
at java.base/java.util.concurrent.ThreadPoolExecutor$Worker.run(Unknown Source)
at java.base/java.lang.Thread.run(Unknown Source)
Caused by: java.lang.reflect.InvocationTargetException
at jdk.internal.reflect.GeneratedConstructorAccessor53.newInstance(Unknown Source)
at java.base/jdk.internal.reflect.DelegatingConstructorAccessorImpl.newInstance(Unknown Source)
at java.base/java.lang.reflect.Constructor.newInstance(Unknown Source)
at org.apache.poi.xssf.usermodel.XSSFFactory.createDocumentPart(XSSFFactory.java:56)
at org.apache.poi.ooxml.POIXMLFactory.createDocumentPart(POIXMLFactory.java:63)
... 21 more
Caused by: java.io.IOException: Zip bomb detected! The file would exceed the max. ratio of compressed file size to the size of the expanded data.
This may indicate that the file is used to inflate memory usage and thus could pose a security risk.
You can adjust this limit via ZipSecureFile.setMinInflateRatio() if you need to work with files which exceed this limit.
Uncompressed size: 102453, Raw/compressed size: 1024, ratio: 0.009995
Limits: MIN_INFLATE_RATIO: 0.010000, Entry: xl/styles.xml
at org.apache.poi.openxml4j.util.ZipArchiveThresholdInputStream.checkThreshold(ZipArchiveThresholdInputStream.java:130)
at org.apache.poi.openxml4j.util.ZipArchiveThresholdInputStream.read(ZipArchiveThresholdInputStream.java:80)
at java.xml/com.sun.org.apache.xerces.internal.impl.XMLEntityManager$RewindableInputStream.read(Unknown Source)
at java.xml/com.sun.org.apache.xerces.internal.impl.io.UTF8Reader.read(Unknown Source)
at java.xml/com.sun.org.apache.xerces.internal.impl.XMLEntityScanner.load(Unknown Source)
at java.xml/com.sun.org.apache.xerces.internal.impl.XMLEntityScanner.scanLiteral(Unknown Source)
at java.xml/com.sun.org.apache.xerces.internal.impl.XMLScanner.scanAttributeValue(Unknown Source)
at java.xml/com.sun.org.apache.xerces.internal.impl.XMLNSDocumentScannerImpl.scanAttribute(Unknown Source)
at java.xml/com.sun.org.apache.xerces.internal.impl.XMLNSDocumentScannerImpl.scanStartElement(Unknown Source)
at java.xml/com.sun.org.apache.xerces.internal.impl.XMLDocumentFragmentScannerImpl$FragmentContentDriver.next(Unknown Source)
at java.xml/com.sun.org.apache.xerces.internal.impl.XMLDocumentScannerImpl.next(Unknown Source)
at java.xml/com.sun.org.apache.xerces.internal.impl.XMLNSDocumentScannerImpl.next(Unknown Source)
at java.xml/com.sun.org.apache.xerces.internal.impl.XMLDocumentFragmentScannerImpl.scanDocument(Unknown Source)
at java.xml/com.sun.org.apache.xerces.internal.parsers.XML11Configuration.parse(Unknown Source)
at java.xml/com.sun.org.apache.xerces.internal.parsers.XML11Configuration.parse(Unknown Source)
at java.xml/com.sun.org.apache.xerces.internal.parsers.XMLParser.parse(Unknown Source)
at java.xml/com.sun.org.apache.xerces.internal.parsers.AbstractSAXParser.parse(Unknown Source)
at java.xml/com.sun.org.apache.xerces.internal.jaxp.SAXParserImpl$JAXPSAXParser.parse(Unknown Source)
at org.apache.xmlbeans.impl.store.Locale$SaxLoader.load(Locale.java:3414)
at org.apache.xmlbeans.impl.store.Locale.parseToXmlObject(Locale.java:1272)
at org.apache.xmlbeans.impl.store.Locale.parseToXmlObject(Locale.java:1259)
at org.apache.xmlbeans.impl.schema.SchemaTypeLoaderBase.parse(SchemaTypeLoaderBase.java:345)
at org.openxmlformats.schemas.spreadsheetml.x2006.main.StyleSheetDocument$Factory.parse(Unknown Source)
at org.apache.poi.xssf.model.StylesTable.readFrom(StylesTable.java:189)
at org.apache.poi.xssf.model.StylesTable.<init>(StylesTable.java:138)
... 26 more
]]>
    </error>
  </testcase> <!-- basicDetails -->
  <testcase classname="com.RBIA.tc.TC005_RBIBasicDetails" name="basicDetails" time="124.191"/>
  <testcase classname="com.RBIA.tc.TC005_RBIBasicDetails" name="basicDetails" time="123.272"/>
  <testcase classname="com.RBIA.tc.TC005_RBIBasicDetails" name="basicDetails" time="123.318"/>
  <testcase classname="com.RBIA.tc.TC005_RBIBasicDetails" name="basicDetails" time="125.064"/>
  <testcase classname="com.RBIA.tc.TC005_RBIBasicDetails" name="basicDetails" time="123.448"/>
  <testcase classname="com.RBIA.tc.TC005_RBIBasicDetails" name="basicDetails" time="122.990"/>
  <testcase classname="com.RBIA.tc.TC005_RBIBasicDetails" name="basicDetails" time="124.437"/>
  <testcase classname="com.RBIA.tc.TC005_RBIBasicDetails" name="basicDetails" time="124.749"/>
  <testcase classname="com.RBIA.tc.TC005_RBIBasicDetails" name="basicDetails" time="123.625"/>
  <testcase classname="com.RBIA.tc.TC005_RBIBasicDetails" name="basicDetails" time="122.872"/>
  <testcase classname="com.RBIA.tc.TC005_RBIBasicDetails" name="basicDetails" time="124.014"/>
  <testcase classname="com.RBIA.tc.TC005_RBIBasicDetails" name="basicDetails" time="123.767"/>
  <testcase classname="com.RBIA.tc.TC005_RBIBasicDetails" name="basicDetails" time="124.590"/>
  <testcase classname="com.RBIA.tc.TC005_RBIBasicDetails" name="basicDetails" time="124.217"/>
  <testcase classname="com.RBIA.tc.TC005_RBIBasicDetails" name="basicDetails" time="123.417"/>
  <testcase classname="com.RBIA.tc.TC005_RBIBasicDetails" name="basicDetails" time="12.054">
    <error message="Zip bomb detected! The file would exceed the max. ratio of compressed file size to the size of the expanded data.
This may indicate that the file is used to inflate memory usage and thus could pose a security risk.
You can adjust this limit via ZipSecureFile.setMinInflateRatio() if you need to work with files which exceed this limit.
Uncompressed size: 102453, Raw/compressed size: 1024, ratio: 0.009995
Limits: MIN_INFLATE_RATIO: 0.010000, Entry: xl/styles.xml" type="org.apache.poi.ooxml.POIXMLException">
      <![CDATA[org.apache.poi.ooxml.POIXMLException: Zip bomb detected! The file would exceed the max. ratio of compressed file size to the size of the expanded data.
This may indicate that the file is used to inflate memory usage and thus could pose a security risk.
You can adjust this limit via ZipSecureFile.setMinInflateRatio() if you need to work with files which exceed this limit.
Uncompressed size: 102453, Raw/compressed size: 1024, ratio: 0.009995
Limits: MIN_INFLATE_RATIO: 0.010000, Entry: xl/styles.xml
at org.apache.poi.ooxml.POIXMLFactory.createDocumentPart(POIXMLFactory.java:66)
at org.apache.poi.ooxml.POIXMLDocumentPart.read(POIXMLDocumentPart.java:657)
at org.apache.poi.ooxml.POIXMLDocument.load(POIXMLDocument.java:180)
at org.apache.poi.xssf.usermodel.XSSFWorkbook.<init>(XSSFWorkbook.java:286)
at org.apache.poi.xssf.usermodel.XSSFWorkbook.<init>(XSSFWorkbook.java:340)
at lib.selenium.WebDriverServiceImpl.agevalidator_max(WebDriverServiceImpl.java:775)
at com.ibps.pages.PersonalDetailsPage.ageValidatorMax(PersonalDetailsPage.java:308)
at com.RBIA.tc.TC005_RBIBasicDetails.basicDetails(TC005_RBIBasicDetails.java:63)
at jdk.internal.reflect.GeneratedMethodAccessor5.invoke(Unknown Source)
at java.base/jdk.internal.reflect.DelegatingMethodAccessorImpl.invoke(Unknown Source)
at java.base/java.lang.reflect.Method.invoke(Unknown Source)
at org.testng.internal.MethodInvocationHelper.invokeMethod(MethodInvocationHelper.java:133)
at org.testng.internal.TestInvoker.invokeMethod(TestInvoker.java:584)
at org.testng.internal.TestInvoker.invokeTestMethod(TestInvoker.java:172)
at org.testng.internal.MethodRunner.runInSequence(MethodRunner.java:46)
at org.testng.internal.TestInvoker$MethodInvocationAgent.invoke(TestInvoker.java:804)
at org.testng.internal.TestInvoker.invokeTestMethods(TestInvoker.java:145)
at org.testng.internal.TestMethodWorker.invokeTestMethods(TestMethodWorker.java:146)
at org.testng.internal.TestMethodWorker.run(TestMethodWorker.java:128)
at java.base/java.util.concurrent.ThreadPoolExecutor.runWorker(Unknown Source)
at java.base/java.util.concurrent.ThreadPoolExecutor$Worker.run(Unknown Source)
at java.base/java.lang.Thread.run(Unknown Source)
Caused by: java.lang.reflect.InvocationTargetException
at jdk.internal.reflect.GeneratedConstructorAccessor53.newInstance(Unknown Source)
at java.base/jdk.internal.reflect.DelegatingConstructorAccessorImpl.newInstance(Unknown Source)
at java.base/java.lang.reflect.Constructor.newInstance(Unknown Source)
at org.apache.poi.xssf.usermodel.XSSFFactory.createDocumentPart(XSSFFactory.java:56)
at org.apache.poi.ooxml.POIXMLFactory.createDocumentPart(POIXMLFactory.java:63)
... 21 more
Caused by: java.io.IOException: Zip bomb detected! The file would exceed the max. ratio of compressed file size to the size of the expanded data.
This may indicate that the file is used to inflate memory usage and thus could pose a security risk.
You can adjust this limit via ZipSecureFile.setMinInflateRatio() if you need to work with files which exceed this limit.
Uncompressed size: 102453, Raw/compressed size: 1024, ratio: 0.009995
Limits: MIN_INFLATE_RATIO: 0.010000, Entry: xl/styles.xml
at org.apache.poi.openxml4j.util.ZipArchiveThresholdInputStream.checkThreshold(ZipArchiveThresholdInputStream.java:130)
at org.apache.poi.openxml4j.util.ZipArchiveThresholdInputStream.read(ZipArchiveThresholdInputStream.java:80)
at java.xml/com.sun.org.apache.xerces.internal.impl.XMLEntityManager$RewindableInputStream.read(Unknown Source)
at java.xml/com.sun.org.apache.xerces.internal.impl.io.UTF8Reader.read(Unknown Source)
at java.xml/com.sun.org.apache.xerces.internal.impl.XMLEntityScanner.load(Unknown Source)
at java.xml/com.sun.org.apache.xerces.internal.impl.XMLEntityScanner.scanLiteral(Unknown Source)
at java.xml/com.sun.org.apache.xerces.internal.impl.XMLScanner.scanAttributeValue(Unknown Source)
at java.xml/com.sun.org.apache.xerces.internal.impl.XMLNSDocumentScannerImpl.scanAttribute(Unknown Source)
at java.xml/com.sun.org.apache.xerces.internal.impl.XMLNSDocumentScannerImpl.scanStartElement(Unknown Source)
at java.xml/com.sun.org.apache.xerces.internal.impl.XMLDocumentFragmentScannerImpl$FragmentContentDriver.next(Unknown Source)
at java.xml/com.sun.org.apache.xerces.internal.impl.XMLDocumentScannerImpl.next(Unknown Source)
at java.xml/com.sun.org.apache.xerces.internal.impl.XMLNSDocumentScannerImpl.next(Unknown Source)
at java.xml/com.sun.org.apache.xerces.internal.impl.XMLDocumentFragmentScannerImpl.scanDocument(Unknown Source)
at java.xml/com.sun.org.apache.xerces.internal.parsers.XML11Configuration.parse(Unknown Source)
at java.xml/com.sun.org.apache.xerces.internal.parsers.XML11Configuration.parse(Unknown Source)
at java.xml/com.sun.org.apache.xerces.internal.parsers.XMLParser.parse(Unknown Source)
at java.xml/com.sun.org.apache.xerces.internal.parsers.AbstractSAXParser.parse(Unknown Source)
at java.xml/com.sun.org.apache.xerces.internal.jaxp.SAXParserImpl$JAXPSAXParser.parse(Unknown Source)
at org.apache.xmlbeans.impl.store.Locale$SaxLoader.load(Locale.java:3414)
at org.apache.xmlbeans.impl.store.Locale.parseToXmlObject(Locale.java:1272)
at org.apache.xmlbeans.impl.store.Locale.parseToXmlObject(Locale.java:1259)
at org.apache.xmlbeans.impl.schema.SchemaTypeLoaderBase.parse(SchemaTypeLoaderBase.java:345)
at org.openxmlformats.schemas.spreadsheetml.x2006.main.StyleSheetDocument$Factory.parse(Unknown Source)
at org.apache.poi.xssf.model.StylesTable.readFrom(StylesTable.java:189)
at org.apache.poi.xssf.model.StylesTable.<init>(StylesTable.java:138)
... 26 more
]]>
    </error>
  </testcase> <!-- basicDetails -->
  <testcase classname="com.RBIA.tc.TC005_RBIBasicDetails" name="basicDetails" time="123.523"/>
  <testcase classname="com.RBIA.tc.TC005_RBIBasicDetails" name="basicDetails" time="124.347"/>
  <testcase classname="com.RBIA.tc.TC005_RBIBasicDetails" name="basicDetails" time="124.013"/>
  <testcase classname="com.RBIA.tc.TC005_RBIBasicDetails" name="basicDetails" time="123.153"/>
  <testcase classname="com.RBIA.tc.TC005_RBIBasicDetails" name="basicDetails" time="123.780"/>
  <testcase classname="com.RBIA.tc.TC005_RBIBasicDetails" name="basicDetails" time="123.760"/>
  <testcase classname="com.RBIA.tc.TC005_RBIBasicDetails" name="basicDetails" time="123.999"/>
  <testcase classname="com.RBIA.tc.TC005_RBIBasicDetails" name="basicDetails" time="124.347"/>
  <testcase classname="com.RBIA.tc.TC005_RBIBasicDetails" name="basicDetails" time="124.901"/>
  <testcase classname="com.RBIA.tc.TC005_RBIBasicDetails" name="basicDetails" time="123.789"/>
  <testcase classname="com.RBIA.tc.TC005_RBIBasicDetails" name="basicDetails" time="123.128"/>
  <testcase classname="com.RBIA.tc.TC005_RBIBasicDetails" name="basicDetails" time="123.300"/>
  <testcase classname="com.RBIA.tc.TC005_RBIBasicDetails" name="basicDetails" time="12.326">
    <error message="Zip bomb detected! The file would exceed the max. ratio of compressed file size to the size of the expanded data.
This may indicate that the file is used to inflate memory usage and thus could pose a security risk.
You can adjust this limit via ZipSecureFile.setMinInflateRatio() if you need to work with files which exceed this limit.
Uncompressed size: 102453, Raw/compressed size: 1024, ratio: 0.009995
Limits: MIN_INFLATE_RATIO: 0.010000, Entry: xl/styles.xml" type="org.apache.poi.ooxml.POIXMLException">
      <![CDATA[org.apache.poi.ooxml.POIXMLException: Zip bomb detected! The file would exceed the max. ratio of compressed file size to the size of the expanded data.
This may indicate that the file is used to inflate memory usage and thus could pose a security risk.
You can adjust this limit via ZipSecureFile.setMinInflateRatio() if you need to work with files which exceed this limit.
Uncompressed size: 102453, Raw/compressed size: 1024, ratio: 0.009995
Limits: MIN_INFLATE_RATIO: 0.010000, Entry: xl/styles.xml
at org.apache.poi.ooxml.POIXMLFactory.createDocumentPart(POIXMLFactory.java:66)
at org.apache.poi.ooxml.POIXMLDocumentPart.read(POIXMLDocumentPart.java:657)
at org.apache.poi.ooxml.POIXMLDocument.load(POIXMLDocument.java:180)
at org.apache.poi.xssf.usermodel.XSSFWorkbook.<init>(XSSFWorkbook.java:286)
at org.apache.poi.xssf.usermodel.XSSFWorkbook.<init>(XSSFWorkbook.java:340)
at lib.selenium.WebDriverServiceImpl.agevalidator_max(WebDriverServiceImpl.java:775)
at com.ibps.pages.PersonalDetailsPage.ageValidatorMax(PersonalDetailsPage.java:308)
at com.RBIA.tc.TC005_RBIBasicDetails.basicDetails(TC005_RBIBasicDetails.java:63)
at jdk.internal.reflect.GeneratedMethodAccessor5.invoke(Unknown Source)
at java.base/jdk.internal.reflect.DelegatingMethodAccessorImpl.invoke(Unknown Source)
at java.base/java.lang.reflect.Method.invoke(Unknown Source)
at org.testng.internal.MethodInvocationHelper.invokeMethod(MethodInvocationHelper.java:133)
at org.testng.internal.TestInvoker.invokeMethod(TestInvoker.java:584)
at org.testng.internal.TestInvoker.invokeTestMethod(TestInvoker.java:172)
at org.testng.internal.MethodRunner.runInSequence(MethodRunner.java:46)
at org.testng.internal.TestInvoker$MethodInvocationAgent.invoke(TestInvoker.java:804)
at org.testng.internal.TestInvoker.invokeTestMethods(TestInvoker.java:145)
at org.testng.internal.TestMethodWorker.invokeTestMethods(TestMethodWorker.java:146)
at org.testng.internal.TestMethodWorker.run(TestMethodWorker.java:128)
at java.base/java.util.concurrent.ThreadPoolExecutor.runWorker(Unknown Source)
at java.base/java.util.concurrent.ThreadPoolExecutor$Worker.run(Unknown Source)
at java.base/java.lang.Thread.run(Unknown Source)
Caused by: java.lang.reflect.InvocationTargetException
at jdk.internal.reflect.GeneratedConstructorAccessor53.newInstance(Unknown Source)
at java.base/jdk.internal.reflect.DelegatingConstructorAccessorImpl.newInstance(Unknown Source)
at java.base/java.lang.reflect.Constructor.newInstance(Unknown Source)
at org.apache.poi.xssf.usermodel.XSSFFactory.createDocumentPart(XSSFFactory.java:56)
at org.apache.poi.ooxml.POIXMLFactory.createDocumentPart(POIXMLFactory.java:63)
... 21 more
Caused by: java.io.IOException: Zip bomb detected! The file would exceed the max. ratio of compressed file size to the size of the expanded data.
This may indicate that the file is used to inflate memory usage and thus could pose a security risk.
You can adjust this limit via ZipSecureFile.setMinInflateRatio() if you need to work with files which exceed this limit.
Uncompressed size: 102453, Raw/compressed size: 1024, ratio: 0.009995
Limits: MIN_INFLATE_RATIO: 0.010000, Entry: xl/styles.xml
at org.apache.poi.openxml4j.util.ZipArchiveThresholdInputStream.checkThreshold(ZipArchiveThresholdInputStream.java:130)
at org.apache.poi.openxml4j.util.ZipArchiveThresholdInputStream.read(ZipArchiveThresholdInputStream.java:80)
at java.xml/com.sun.org.apache.xerces.internal.impl.XMLEntityManager$RewindableInputStream.read(Unknown Source)
at java.xml/com.sun.org.apache.xerces.internal.impl.io.UTF8Reader.read(Unknown Source)
at java.xml/com.sun.org.apache.xerces.internal.impl.XMLEntityScanner.load(Unknown Source)
at java.xml/com.sun.org.apache.xerces.internal.impl.XMLEntityScanner.scanLiteral(Unknown Source)
at java.xml/com.sun.org.apache.xerces.internal.impl.XMLScanner.scanAttributeValue(Unknown Source)
at java.xml/com.sun.org.apache.xerces.internal.impl.XMLNSDocumentScannerImpl.scanAttribute(Unknown Source)
at java.xml/com.sun.org.apache.xerces.internal.impl.XMLNSDocumentScannerImpl.scanStartElement(Unknown Source)
at java.xml/com.sun.org.apache.xerces.internal.impl.XMLDocumentFragmentScannerImpl$FragmentContentDriver.next(Unknown Source)
at java.xml/com.sun.org.apache.xerces.internal.impl.XMLDocumentScannerImpl.next(Unknown Source)
at java.xml/com.sun.org.apache.xerces.internal.impl.XMLNSDocumentScannerImpl.next(Unknown Source)
at java.xml/com.sun.org.apache.xerces.internal.impl.XMLDocumentFragmentScannerImpl.scanDocument(Unknown Source)
at java.xml/com.sun.org.apache.xerces.internal.parsers.XML11Configuration.parse(Unknown Source)
at java.xml/com.sun.org.apache.xerces.internal.parsers.XML11Configuration.parse(Unknown Source)
at java.xml/com.sun.org.apache.xerces.internal.parsers.XMLParser.parse(Unknown Source)
at java.xml/com.sun.org.apache.xerces.internal.parsers.AbstractSAXParser.parse(Unknown Source)
at java.xml/com.sun.org.apache.xerces.internal.jaxp.SAXParserImpl$JAXPSAXParser.parse(Unknown Source)
at org.apache.xmlbeans.impl.store.Locale$SaxLoader.load(Locale.java:3414)
at org.apache.xmlbeans.impl.store.Locale.parseToXmlObject(Locale.java:1272)
at org.apache.xmlbeans.impl.store.Locale.parseToXmlObject(Locale.java:1259)
at org.apache.xmlbeans.impl.schema.SchemaTypeLoaderBase.parse(SchemaTypeLoaderBase.java:345)
at org.openxmlformats.schemas.spreadsheetml.x2006.main.StyleSheetDocument$Factory.parse(Unknown Source)
at org.apache.poi.xssf.model.StylesTable.readFrom(StylesTable.java:189)
at org.apache.poi.xssf.model.StylesTable.<init>(StylesTable.java:138)
... 26 more
]]>
    </error>
  </testcase> <!-- basicDetails -->
  <testcase classname="com.RBIA.tc.TC005_RBIBasicDetails" name="basicDetails" time="123.577"/>
  <testcase classname="com.RBIA.tc.TC005_RBIBasicDetails" name="basicDetails" time="123.672"/>
  <testcase classname="com.RBIA.tc.TC005_RBIBasicDetails" name="basicDetails" time="12.055">
    <error message="Zip bomb detected! The file would exceed the max. ratio of compressed file size to the size of the expanded data.
This may indicate that the file is used to inflate memory usage and thus could pose a security risk.
You can adjust this limit via ZipSecureFile.setMinInflateRatio() if you need to work with files which exceed this limit.
Uncompressed size: 102453, Raw/compressed size: 1024, ratio: 0.009995
Limits: MIN_INFLATE_RATIO: 0.010000, Entry: xl/styles.xml" type="org.apache.poi.ooxml.POIXMLException">
      <![CDATA[org.apache.poi.ooxml.POIXMLException: Zip bomb detected! The file would exceed the max. ratio of compressed file size to the size of the expanded data.
This may indicate that the file is used to inflate memory usage and thus could pose a security risk.
You can adjust this limit via ZipSecureFile.setMinInflateRatio() if you need to work with files which exceed this limit.
Uncompressed size: 102453, Raw/compressed size: 1024, ratio: 0.009995
Limits: MIN_INFLATE_RATIO: 0.010000, Entry: xl/styles.xml
at org.apache.poi.ooxml.POIXMLFactory.createDocumentPart(POIXMLFactory.java:66)
at org.apache.poi.ooxml.POIXMLDocumentPart.read(POIXMLDocumentPart.java:657)
at org.apache.poi.ooxml.POIXMLDocument.load(POIXMLDocument.java:180)
at org.apache.poi.xssf.usermodel.XSSFWorkbook.<init>(XSSFWorkbook.java:286)
at org.apache.poi.xssf.usermodel.XSSFWorkbook.<init>(XSSFWorkbook.java:340)
at lib.selenium.WebDriverServiceImpl.agevalidator_max(WebDriverServiceImpl.java:775)
at com.ibps.pages.PersonalDetailsPage.ageValidatorMax(PersonalDetailsPage.java:308)
at com.RBIA.tc.TC005_RBIBasicDetails.basicDetails(TC005_RBIBasicDetails.java:63)
at jdk.internal.reflect.GeneratedMethodAccessor5.invoke(Unknown Source)
at java.base/jdk.internal.reflect.DelegatingMethodAccessorImpl.invoke(Unknown Source)
at java.base/java.lang.reflect.Method.invoke(Unknown Source)
at org.testng.internal.MethodInvocationHelper.invokeMethod(MethodInvocationHelper.java:133)
at org.testng.internal.TestInvoker.invokeMethod(TestInvoker.java:584)
at org.testng.internal.TestInvoker.invokeTestMethod(TestInvoker.java:172)
at org.testng.internal.MethodRunner.runInSequence(MethodRunner.java:46)
at org.testng.internal.TestInvoker$MethodInvocationAgent.invoke(TestInvoker.java:804)
at org.testng.internal.TestInvoker.invokeTestMethods(TestInvoker.java:145)
at org.testng.internal.TestMethodWorker.invokeTestMethods(TestMethodWorker.java:146)
at org.testng.internal.TestMethodWorker.run(TestMethodWorker.java:128)
at java.base/java.util.concurrent.ThreadPoolExecutor.runWorker(Unknown Source)
at java.base/java.util.concurrent.ThreadPoolExecutor$Worker.run(Unknown Source)
at java.base/java.lang.Thread.run(Unknown Source)
Caused by: java.lang.reflect.InvocationTargetException
at jdk.internal.reflect.GeneratedConstructorAccessor53.newInstance(Unknown Source)
at java.base/jdk.internal.reflect.DelegatingConstructorAccessorImpl.newInstance(Unknown Source)
at java.base/java.lang.reflect.Constructor.newInstance(Unknown Source)
at org.apache.poi.xssf.usermodel.XSSFFactory.createDocumentPart(XSSFFactory.java:56)
at org.apache.poi.ooxml.POIXMLFactory.createDocumentPart(POIXMLFactory.java:63)
... 21 more
Caused by: java.io.IOException: Zip bomb detected! The file would exceed the max. ratio of compressed file size to the size of the expanded data.
This may indicate that the file is used to inflate memory usage and thus could pose a security risk.
You can adjust this limit via ZipSecureFile.setMinInflateRatio() if you need to work with files which exceed this limit.
Uncompressed size: 102453, Raw/compressed size: 1024, ratio: 0.009995
Limits: MIN_INFLATE_RATIO: 0.010000, Entry: xl/styles.xml
at org.apache.poi.openxml4j.util.ZipArchiveThresholdInputStream.checkThreshold(ZipArchiveThresholdInputStream.java:130)
at org.apache.poi.openxml4j.util.ZipArchiveThresholdInputStream.read(ZipArchiveThresholdInputStream.java:80)
at java.xml/com.sun.org.apache.xerces.internal.impl.XMLEntityManager$RewindableInputStream.read(Unknown Source)
at java.xml/com.sun.org.apache.xerces.internal.impl.io.UTF8Reader.read(Unknown Source)
at java.xml/com.sun.org.apache.xerces.internal.impl.XMLEntityScanner.load(Unknown Source)
at java.xml/com.sun.org.apache.xerces.internal.impl.XMLEntityScanner.scanLiteral(Unknown Source)
at java.xml/com.sun.org.apache.xerces.internal.impl.XMLScanner.scanAttributeValue(Unknown Source)
at java.xml/com.sun.org.apache.xerces.internal.impl.XMLNSDocumentScannerImpl.scanAttribute(Unknown Source)
at java.xml/com.sun.org.apache.xerces.internal.impl.XMLNSDocumentScannerImpl.scanStartElement(Unknown Source)
at java.xml/com.sun.org.apache.xerces.internal.impl.XMLDocumentFragmentScannerImpl$FragmentContentDriver.next(Unknown Source)
at java.xml/com.sun.org.apache.xerces.internal.impl.XMLDocumentScannerImpl.next(Unknown Source)
at java.xml/com.sun.org.apache.xerces.internal.impl.XMLNSDocumentScannerImpl.next(Unknown Source)
at java.xml/com.sun.org.apache.xerces.internal.impl.XMLDocumentFragmentScannerImpl.scanDocument(Unknown Source)
at java.xml/com.sun.org.apache.xerces.internal.parsers.XML11Configuration.parse(Unknown Source)
at java.xml/com.sun.org.apache.xerces.internal.parsers.XML11Configuration.parse(Unknown Source)
at java.xml/com.sun.org.apache.xerces.internal.parsers.XMLParser.parse(Unknown Source)
at java.xml/com.sun.org.apache.xerces.internal.parsers.AbstractSAXParser.parse(Unknown Source)
at java.xml/com.sun.org.apache.xerces.internal.jaxp.SAXParserImpl$JAXPSAXParser.parse(Unknown Source)
at org.apache.xmlbeans.impl.store.Locale$SaxLoader.load(Locale.java:3414)
at org.apache.xmlbeans.impl.store.Locale.parseToXmlObject(Locale.java:1272)
at org.apache.xmlbeans.impl.store.Locale.parseToXmlObject(Locale.java:1259)
at org.apache.xmlbeans.impl.schema.SchemaTypeLoaderBase.parse(SchemaTypeLoaderBase.java:345)
at org.openxmlformats.schemas.spreadsheetml.x2006.main.StyleSheetDocument$Factory.parse(Unknown Source)
at org.apache.poi.xssf.model.StylesTable.readFrom(StylesTable.java:189)
at org.apache.poi.xssf.model.StylesTable.<init>(StylesTable.java:138)
... 26 more
]]>
    </error>
  </testcase> <!-- basicDetails -->
  <testcase classname="com.RBIA.tc.TC005_RBIBasicDetails" name="basicDetails" time="124.643"/>
  <testcase classname="com.RBIA.tc.TC005_RBIBasicDetails" name="basicDetails" time="124.217"/>
  <testcase classname="com.RBIA.tc.TC005_RBIBasicDetails" name="basicDetails" time="123.899"/>
  <testcase classname="com.RBIA.tc.TC005_RBIBasicDetails" name="basicDetails" time="123.148"/>
  <testcase classname="com.RBIA.tc.TC005_RBIBasicDetails" name="basicDetails" time="124.078"/>
  <testcase classname="com.RBIA.tc.TC005_RBIBasicDetails" name="basicDetails" time="124.186"/>
  <testcase classname="com.RBIA.tc.TC005_RBIBasicDetails" name="basicDetails" time="123.802"/>
  <testcase classname="com.RBIA.tc.TC005_RBIBasicDetails" name="basicDetails" time="124.029"/>
  <testcase classname="com.RBIA.tc.TC005_RBIBasicDetails" name="basicDetails" time="123.425"/>
  <testcase classname="com.RBIA.tc.TC005_RBIBasicDetails" name="basicDetails" time="122.409"/>
  <testcase classname="com.RBIA.tc.TC005_RBIBasicDetails" name="basicDetails" time="123.536"/>
  <testcase classname="com.RBIA.tc.TC005_RBIBasicDetails" name="basicDetails" time="123.398"/>
  <testcase classname="com.RBIA.tc.TC005_RBIBasicDetails" name="basicDetails" time="123.938"/>
  <testcase classname="com.RBIA.tc.TC005_RBIBasicDetails" name="basicDetails" time="123.141"/>
  <testcase classname="com.RBIA.tc.TC005_RBIBasicDetails" name="basicDetails" time="122.881"/>
  <testcase classname="com.RBIA.tc.TC005_RBIBasicDetails" name="basicDetails" time="123.662"/>
  <testcase classname="com.RBIA.tc.TC005_RBIBasicDetails" name="basicDetails" time="123.480"/>
  <testcase classname="com.RBIA.tc.TC005_RBIBasicDetails" name="basicDetails" time="124.442"/>
  <testcase classname="com.RBIA.tc.TC005_RBIBasicDetails" name="basicDetails" time="124.331"/>
  <testcase classname="com.RBIA.tc.TC005_RBIBasicDetails" name="basicDetails" time="124.622"/>
  <testcase classname="com.RBIA.tc.TC005_RBIBasicDetails" name="basicDetails" time="12.204">
    <error message="Zip bomb detected! The file would exceed the max. ratio of compressed file size to the size of the expanded data.
This may indicate that the file is used to inflate memory usage and thus could pose a security risk.
You can adjust this limit via ZipSecureFile.setMinInflateRatio() if you need to work with files which exceed this limit.
Uncompressed size: 102453, Raw/compressed size: 1024, ratio: 0.009995
Limits: MIN_INFLATE_RATIO: 0.010000, Entry: xl/styles.xml" type="org.apache.poi.ooxml.POIXMLException">
      <![CDATA[org.apache.poi.ooxml.POIXMLException: Zip bomb detected! The file would exceed the max. ratio of compressed file size to the size of the expanded data.
This may indicate that the file is used to inflate memory usage and thus could pose a security risk.
You can adjust this limit via ZipSecureFile.setMinInflateRatio() if you need to work with files which exceed this limit.
Uncompressed size: 102453, Raw/compressed size: 1024, ratio: 0.009995
Limits: MIN_INFLATE_RATIO: 0.010000, Entry: xl/styles.xml
at org.apache.poi.ooxml.POIXMLFactory.createDocumentPart(POIXMLFactory.java:66)
at org.apache.poi.ooxml.POIXMLDocumentPart.read(POIXMLDocumentPart.java:657)
at org.apache.poi.ooxml.POIXMLDocument.load(POIXMLDocument.java:180)
at org.apache.poi.xssf.usermodel.XSSFWorkbook.<init>(XSSFWorkbook.java:286)
at org.apache.poi.xssf.usermodel.XSSFWorkbook.<init>(XSSFWorkbook.java:340)
at lib.selenium.WebDriverServiceImpl.agevalidator_max(WebDriverServiceImpl.java:775)
at com.ibps.pages.PersonalDetailsPage.ageValidatorMax(PersonalDetailsPage.java:308)
at com.RBIA.tc.TC005_RBIBasicDetails.basicDetails(TC005_RBIBasicDetails.java:63)
at jdk.internal.reflect.GeneratedMethodAccessor5.invoke(Unknown Source)
at java.base/jdk.internal.reflect.DelegatingMethodAccessorImpl.invoke(Unknown Source)
at java.base/java.lang.reflect.Method.invoke(Unknown Source)
at org.testng.internal.MethodInvocationHelper.invokeMethod(MethodInvocationHelper.java:133)
at org.testng.internal.TestInvoker.invokeMethod(TestInvoker.java:584)
at org.testng.internal.TestInvoker.invokeTestMethod(TestInvoker.java:172)
at org.testng.internal.MethodRunner.runInSequence(MethodRunner.java:46)
at org.testng.internal.TestInvoker$MethodInvocationAgent.invoke(TestInvoker.java:804)
at org.testng.internal.TestInvoker.invokeTestMethods(TestInvoker.java:145)
at org.testng.internal.TestMethodWorker.invokeTestMethods(TestMethodWorker.java:146)
at org.testng.internal.TestMethodWorker.run(TestMethodWorker.java:128)
at java.base/java.util.concurrent.ThreadPoolExecutor.runWorker(Unknown Source)
at java.base/java.util.concurrent.ThreadPoolExecutor$Worker.run(Unknown Source)
at java.base/java.lang.Thread.run(Unknown Source)
Caused by: java.lang.reflect.InvocationTargetException
at jdk.internal.reflect.GeneratedConstructorAccessor53.newInstance(Unknown Source)
at java.base/jdk.internal.reflect.DelegatingConstructorAccessorImpl.newInstance(Unknown Source)
at java.base/java.lang.reflect.Constructor.newInstance(Unknown Source)
at org.apache.poi.xssf.usermodel.XSSFFactory.createDocumentPart(XSSFFactory.java:56)
at org.apache.poi.ooxml.POIXMLFactory.createDocumentPart(POIXMLFactory.java:63)
... 21 more
Caused by: java.io.IOException: Zip bomb detected! The file would exceed the max. ratio of compressed file size to the size of the expanded data.
This may indicate that the file is used to inflate memory usage and thus could pose a security risk.
You can adjust this limit via ZipSecureFile.setMinInflateRatio() if you need to work with files which exceed this limit.
Uncompressed size: 102453, Raw/compressed size: 1024, ratio: 0.009995
Limits: MIN_INFLATE_RATIO: 0.010000, Entry: xl/styles.xml
at org.apache.poi.openxml4j.util.ZipArchiveThresholdInputStream.checkThreshold(ZipArchiveThresholdInputStream.java:130)
at org.apache.poi.openxml4j.util.ZipArchiveThresholdInputStream.read(ZipArchiveThresholdInputStream.java:80)
at java.xml/com.sun.org.apache.xerces.internal.impl.XMLEntityManager$RewindableInputStream.read(Unknown Source)
at java.xml/com.sun.org.apache.xerces.internal.impl.io.UTF8Reader.read(Unknown Source)
at java.xml/com.sun.org.apache.xerces.internal.impl.XMLEntityScanner.load(Unknown Source)
at java.xml/com.sun.org.apache.xerces.internal.impl.XMLEntityScanner.scanLiteral(Unknown Source)
at java.xml/com.sun.org.apache.xerces.internal.impl.XMLScanner.scanAttributeValue(Unknown Source)
at java.xml/com.sun.org.apache.xerces.internal.impl.XMLNSDocumentScannerImpl.scanAttribute(Unknown Source)
at java.xml/com.sun.org.apache.xerces.internal.impl.XMLNSDocumentScannerImpl.scanStartElement(Unknown Source)
at java.xml/com.sun.org.apache.xerces.internal.impl.XMLDocumentFragmentScannerImpl$FragmentContentDriver.next(Unknown Source)
at java.xml/com.sun.org.apache.xerces.internal.impl.XMLDocumentScannerImpl.next(Unknown Source)
at java.xml/com.sun.org.apache.xerces.internal.impl.XMLNSDocumentScannerImpl.next(Unknown Source)
at java.xml/com.sun.org.apache.xerces.internal.impl.XMLDocumentFragmentScannerImpl.scanDocument(Unknown Source)
at java.xml/com.sun.org.apache.xerces.internal.parsers.XML11Configuration.parse(Unknown Source)
at java.xml/com.sun.org.apache.xerces.internal.parsers.XML11Configuration.parse(Unknown Source)
at java.xml/com.sun.org.apache.xerces.internal.parsers.XMLParser.parse(Unknown Source)
at java.xml/com.sun.org.apache.xerces.internal.parsers.AbstractSAXParser.parse(Unknown Source)
at java.xml/com.sun.org.apache.xerces.internal.jaxp.SAXParserImpl$JAXPSAXParser.parse(Unknown Source)
at org.apache.xmlbeans.impl.store.Locale$SaxLoader.load(Locale.java:3414)
at org.apache.xmlbeans.impl.store.Locale.parseToXmlObject(Locale.java:1272)
at org.apache.xmlbeans.impl.store.Locale.parseToXmlObject(Locale.java:1259)
at org.apache.xmlbeans.impl.schema.SchemaTypeLoaderBase.parse(SchemaTypeLoaderBase.java:345)
at org.openxmlformats.schemas.spreadsheetml.x2006.main.StyleSheetDocument$Factory.parse(Unknown Source)
at org.apache.poi.xssf.model.StylesTable.readFrom(StylesTable.java:189)
at org.apache.poi.xssf.model.StylesTable.<init>(StylesTable.java:138)
... 26 more
]]>
    </error>
  </testcase> <!-- basicDetails -->
  <testcase classname="com.RBIA.tc.TC005_RBIBasicDetails" name="basicDetails" time="124.201"/>
  <testcase classname="com.RBIA.tc.TC005_RBIBasicDetails" name="basicDetails" time="124.324"/>
  <testcase classname="com.RBIA.tc.TC005_RBIBasicDetails" name="basicDetails" time="123.698"/>
  <testcase classname="com.RBIA.tc.TC005_RBIBasicDetails" name="basicDetails" time="123.185"/>
  <testcase classname="com.RBIA.tc.TC005_RBIBasicDetails" name="basicDetails" time="123.666"/>
  <testcase classname="com.RBIA.tc.TC005_RBIBasicDetails" name="basicDetails" time="11.800">
    <error message="Zip bomb detected! The file would exceed the max. ratio of compressed file size to the size of the expanded data.
This may indicate that the file is used to inflate memory usage and thus could pose a security risk.
You can adjust this limit via ZipSecureFile.setMinInflateRatio() if you need to work with files which exceed this limit.
Uncompressed size: 102453, Raw/compressed size: 1024, ratio: 0.009995
Limits: MIN_INFLATE_RATIO: 0.010000, Entry: xl/styles.xml" type="org.apache.poi.ooxml.POIXMLException">
      <![CDATA[org.apache.poi.ooxml.POIXMLException: Zip bomb detected! The file would exceed the max. ratio of compressed file size to the size of the expanded data.
This may indicate that the file is used to inflate memory usage and thus could pose a security risk.
You can adjust this limit via ZipSecureFile.setMinInflateRatio() if you need to work with files which exceed this limit.
Uncompressed size: 102453, Raw/compressed size: 1024, ratio: 0.009995
Limits: MIN_INFLATE_RATIO: 0.010000, Entry: xl/styles.xml
at org.apache.poi.ooxml.POIXMLFactory.createDocumentPart(POIXMLFactory.java:66)
at org.apache.poi.ooxml.POIXMLDocumentPart.read(POIXMLDocumentPart.java:657)
at org.apache.poi.ooxml.POIXMLDocument.load(POIXMLDocument.java:180)
at org.apache.poi.xssf.usermodel.XSSFWorkbook.<init>(XSSFWorkbook.java:286)
at org.apache.poi.xssf.usermodel.XSSFWorkbook.<init>(XSSFWorkbook.java:340)
at lib.selenium.WebDriverServiceImpl.agevalidator_max(WebDriverServiceImpl.java:775)
at com.ibps.pages.PersonalDetailsPage.ageValidatorMax(PersonalDetailsPage.java:308)
at com.RBIA.tc.TC005_RBIBasicDetails.basicDetails(TC005_RBIBasicDetails.java:63)
at jdk.internal.reflect.GeneratedMethodAccessor5.invoke(Unknown Source)
at java.base/jdk.internal.reflect.DelegatingMethodAccessorImpl.invoke(Unknown Source)
at java.base/java.lang.reflect.Method.invoke(Unknown Source)
at org.testng.internal.MethodInvocationHelper.invokeMethod(MethodInvocationHelper.java:133)
at org.testng.internal.TestInvoker.invokeMethod(TestInvoker.java:584)
at org.testng.internal.TestInvoker.invokeTestMethod(TestInvoker.java:172)
at org.testng.internal.MethodRunner.runInSequence(MethodRunner.java:46)
at org.testng.internal.TestInvoker$MethodInvocationAgent.invoke(TestInvoker.java:804)
at org.testng.internal.TestInvoker.invokeTestMethods(TestInvoker.java:145)
at org.testng.internal.TestMethodWorker.invokeTestMethods(TestMethodWorker.java:146)
at org.testng.internal.TestMethodWorker.run(TestMethodWorker.java:128)
at java.base/java.util.concurrent.ThreadPoolExecutor.runWorker(Unknown Source)
at java.base/java.util.concurrent.ThreadPoolExecutor$Worker.run(Unknown Source)
at java.base/java.lang.Thread.run(Unknown Source)
Caused by: java.lang.reflect.InvocationTargetException
at jdk.internal.reflect.GeneratedConstructorAccessor53.newInstance(Unknown Source)
at java.base/jdk.internal.reflect.DelegatingConstructorAccessorImpl.newInstance(Unknown Source)
at java.base/java.lang.reflect.Constructor.newInstance(Unknown Source)
at org.apache.poi.xssf.usermodel.XSSFFactory.createDocumentPart(XSSFFactory.java:56)
at org.apache.poi.ooxml.POIXMLFactory.createDocumentPart(POIXMLFactory.java:63)
... 21 more
Caused by: java.io.IOException: Zip bomb detected! The file would exceed the max. ratio of compressed file size to the size of the expanded data.
This may indicate that the file is used to inflate memory usage and thus could pose a security risk.
You can adjust this limit via ZipSecureFile.setMinInflateRatio() if you need to work with files which exceed this limit.
Uncompressed size: 102453, Raw/compressed size: 1024, ratio: 0.009995
Limits: MIN_INFLATE_RATIO: 0.010000, Entry: xl/styles.xml
at org.apache.poi.openxml4j.util.ZipArchiveThresholdInputStream.checkThreshold(ZipArchiveThresholdInputStream.java:130)
at org.apache.poi.openxml4j.util.ZipArchiveThresholdInputStream.read(ZipArchiveThresholdInputStream.java:80)
at java.xml/com.sun.org.apache.xerces.internal.impl.XMLEntityManager$RewindableInputStream.read(Unknown Source)
at java.xml/com.sun.org.apache.xerces.internal.impl.io.UTF8Reader.read(Unknown Source)
at java.xml/com.sun.org.apache.xerces.internal.impl.XMLEntityScanner.load(Unknown Source)
at java.xml/com.sun.org.apache.xerces.internal.impl.XMLEntityScanner.scanLiteral(Unknown Source)
at java.xml/com.sun.org.apache.xerces.internal.impl.XMLScanner.scanAttributeValue(Unknown Source)
at java.xml/com.sun.org.apache.xerces.internal.impl.XMLNSDocumentScannerImpl.scanAttribute(Unknown Source)
at java.xml/com.sun.org.apache.xerces.internal.impl.XMLNSDocumentScannerImpl.scanStartElement(Unknown Source)
at java.xml/com.sun.org.apache.xerces.internal.impl.XMLDocumentFragmentScannerImpl$FragmentContentDriver.next(Unknown Source)
at java.xml/com.sun.org.apache.xerces.internal.impl.XMLDocumentScannerImpl.next(Unknown Source)
at java.xml/com.sun.org.apache.xerces.internal.impl.XMLNSDocumentScannerImpl.next(Unknown Source)
at java.xml/com.sun.org.apache.xerces.internal.impl.XMLDocumentFragmentScannerImpl.scanDocument(Unknown Source)
at java.xml/com.sun.org.apache.xerces.internal.parsers.XML11Configuration.parse(Unknown Source)
at java.xml/com.sun.org.apache.xerces.internal.parsers.XML11Configuration.parse(Unknown Source)
at java.xml/com.sun.org.apache.xerces.internal.parsers.XMLParser.parse(Unknown Source)
at java.xml/com.sun.org.apache.xerces.internal.parsers.AbstractSAXParser.parse(Unknown Source)
at java.xml/com.sun.org.apache.xerces.internal.jaxp.SAXParserImpl$JAXPSAXParser.parse(Unknown Source)
at org.apache.xmlbeans.impl.store.Locale$SaxLoader.load(Locale.java:3414)
at org.apache.xmlbeans.impl.store.Locale.parseToXmlObject(Locale.java:1272)
at org.apache.xmlbeans.impl.store.Locale.parseToXmlObject(Locale.java:1259)
at org.apache.xmlbeans.impl.schema.SchemaTypeLoaderBase.parse(SchemaTypeLoaderBase.java:345)
at org.openxmlformats.schemas.spreadsheetml.x2006.main.StyleSheetDocument$Factory.parse(Unknown Source)
at org.apache.poi.xssf.model.StylesTable.readFrom(StylesTable.java:189)
at org.apache.poi.xssf.model.StylesTable.<init>(StylesTable.java:138)
... 26 more
]]>
    </error>
  </testcase> <!-- basicDetails -->
  <testcase classname="com.RBIA.tc.TC005_RBIBasicDetails" name="basicDetails" time="124.273"/>
  <testcase classname="com.RBIA.tc.TC005_RBIBasicDetails" name="basicDetails" time="123.797"/>
  <testcase classname="com.RBIA.tc.TC005_RBIBasicDetails" name="basicDetails" time="124.982"/>
  <testcase classname="com.RBIA.tc.TC005_RBIBasicDetails" name="basicDetails" time="123.824"/>
  <testcase classname="com.RBIA.tc.TC005_RBIBasicDetails" name="basicDetails" time="122.936"/>
  <testcase classname="com.RBIA.tc.TC005_RBIBasicDetails" name="basicDetails" time="12.571">
    <error message="Zip bomb detected! The file would exceed the max. ratio of compressed file size to the size of the expanded data.
This may indicate that the file is used to inflate memory usage and thus could pose a security risk.
You can adjust this limit via ZipSecureFile.setMinInflateRatio() if you need to work with files which exceed this limit.
Uncompressed size: 102453, Raw/compressed size: 1024, ratio: 0.009995
Limits: MIN_INFLATE_RATIO: 0.010000, Entry: xl/styles.xml" type="org.apache.poi.ooxml.POIXMLException">
      <![CDATA[org.apache.poi.ooxml.POIXMLException: Zip bomb detected! The file would exceed the max. ratio of compressed file size to the size of the expanded data.
This may indicate that the file is used to inflate memory usage and thus could pose a security risk.
You can adjust this limit via ZipSecureFile.setMinInflateRatio() if you need to work with files which exceed this limit.
Uncompressed size: 102453, Raw/compressed size: 1024, ratio: 0.009995
Limits: MIN_INFLATE_RATIO: 0.010000, Entry: xl/styles.xml
at org.apache.poi.ooxml.POIXMLFactory.createDocumentPart(POIXMLFactory.java:66)
at org.apache.poi.ooxml.POIXMLDocumentPart.read(POIXMLDocumentPart.java:657)
at org.apache.poi.ooxml.POIXMLDocument.load(POIXMLDocument.java:180)
at org.apache.poi.xssf.usermodel.XSSFWorkbook.<init>(XSSFWorkbook.java:286)
at org.apache.poi.xssf.usermodel.XSSFWorkbook.<init>(XSSFWorkbook.java:340)
at lib.selenium.WebDriverServiceImpl.agevalidator_max(WebDriverServiceImpl.java:775)
at com.ibps.pages.PersonalDetailsPage.ageValidatorMax(PersonalDetailsPage.java:308)
at com.RBIA.tc.TC005_RBIBasicDetails.basicDetails(TC005_RBIBasicDetails.java:63)
at jdk.internal.reflect.GeneratedMethodAccessor5.invoke(Unknown Source)
at java.base/jdk.internal.reflect.DelegatingMethodAccessorImpl.invoke(Unknown Source)
at java.base/java.lang.reflect.Method.invoke(Unknown Source)
at org.testng.internal.MethodInvocationHelper.invokeMethod(MethodInvocationHelper.java:133)
at org.testng.internal.TestInvoker.invokeMethod(TestInvoker.java:584)
at org.testng.internal.TestInvoker.invokeTestMethod(TestInvoker.java:172)
at org.testng.internal.MethodRunner.runInSequence(MethodRunner.java:46)
at org.testng.internal.TestInvoker$MethodInvocationAgent.invoke(TestInvoker.java:804)
at org.testng.internal.TestInvoker.invokeTestMethods(TestInvoker.java:145)
at org.testng.internal.TestMethodWorker.invokeTestMethods(TestMethodWorker.java:146)
at org.testng.internal.TestMethodWorker.run(TestMethodWorker.java:128)
at java.base/java.util.concurrent.ThreadPoolExecutor.runWorker(Unknown Source)
at java.base/java.util.concurrent.ThreadPoolExecutor$Worker.run(Unknown Source)
at java.base/java.lang.Thread.run(Unknown Source)
Caused by: java.lang.reflect.InvocationTargetException
at jdk.internal.reflect.GeneratedConstructorAccessor53.newInstance(Unknown Source)
at java.base/jdk.internal.reflect.DelegatingConstructorAccessorImpl.newInstance(Unknown Source)
at java.base/java.lang.reflect.Constructor.newInstance(Unknown Source)
at org.apache.poi.xssf.usermodel.XSSFFactory.createDocumentPart(XSSFFactory.java:56)
at org.apache.poi.ooxml.POIXMLFactory.createDocumentPart(POIXMLFactory.java:63)
... 21 more
Caused by: java.io.IOException: Zip bomb detected! The file would exceed the max. ratio of compressed file size to the size of the expanded data.
This may indicate that the file is used to inflate memory usage and thus could pose a security risk.
You can adjust this limit via ZipSecureFile.setMinInflateRatio() if you need to work with files which exceed this limit.
Uncompressed size: 102453, Raw/compressed size: 1024, ratio: 0.009995
Limits: MIN_INFLATE_RATIO: 0.010000, Entry: xl/styles.xml
at org.apache.poi.openxml4j.util.ZipArchiveThresholdInputStream.checkThreshold(ZipArchiveThresholdInputStream.java:130)
at org.apache.poi.openxml4j.util.ZipArchiveThresholdInputStream.read(ZipArchiveThresholdInputStream.java:80)
at java.xml/com.sun.org.apache.xerces.internal.impl.XMLEntityManager$RewindableInputStream.read(Unknown Source)
at java.xml/com.sun.org.apache.xerces.internal.impl.io.UTF8Reader.read(Unknown Source)
at java.xml/com.sun.org.apache.xerces.internal.impl.XMLEntityScanner.load(Unknown Source)
at java.xml/com.sun.org.apache.xerces.internal.impl.XMLEntityScanner.scanLiteral(Unknown Source)
at java.xml/com.sun.org.apache.xerces.internal.impl.XMLScanner.scanAttributeValue(Unknown Source)
at java.xml/com.sun.org.apache.xerces.internal.impl.XMLNSDocumentScannerImpl.scanAttribute(Unknown Source)
at java.xml/com.sun.org.apache.xerces.internal.impl.XMLNSDocumentScannerImpl.scanStartElement(Unknown Source)
at java.xml/com.sun.org.apache.xerces.internal.impl.XMLDocumentFragmentScannerImpl$FragmentContentDriver.next(Unknown Source)
at java.xml/com.sun.org.apache.xerces.internal.impl.XMLDocumentScannerImpl.next(Unknown Source)
at java.xml/com.sun.org.apache.xerces.internal.impl.XMLNSDocumentScannerImpl.next(Unknown Source)
at java.xml/com.sun.org.apache.xerces.internal.impl.XMLDocumentFragmentScannerImpl.scanDocument(Unknown Source)
at java.xml/com.sun.org.apache.xerces.internal.parsers.XML11Configuration.parse(Unknown Source)
at java.xml/com.sun.org.apache.xerces.internal.parsers.XML11Configuration.parse(Unknown Source)
at java.xml/com.sun.org.apache.xerces.internal.parsers.XMLParser.parse(Unknown Source)
at java.xml/com.sun.org.apache.xerces.internal.parsers.AbstractSAXParser.parse(Unknown Source)
at java.xml/com.sun.org.apache.xerces.internal.jaxp.SAXParserImpl$JAXPSAXParser.parse(Unknown Source)
at org.apache.xmlbeans.impl.store.Locale$SaxLoader.load(Locale.java:3414)
at org.apache.xmlbeans.impl.store.Locale.parseToXmlObject(Locale.java:1272)
at org.apache.xmlbeans.impl.store.Locale.parseToXmlObject(Locale.java:1259)
at org.apache.xmlbeans.impl.schema.SchemaTypeLoaderBase.parse(SchemaTypeLoaderBase.java:345)
at org.openxmlformats.schemas.spreadsheetml.x2006.main.StyleSheetDocument$Factory.parse(Unknown Source)
at org.apache.poi.xssf.model.StylesTable.readFrom(StylesTable.java:189)
at org.apache.poi.xssf.model.StylesTable.<init>(StylesTable.java:138)
... 26 more
]]>
    </error>
  </testcase> <!-- basicDetails -->
  <testcase classname="com.RBIA.tc.TC005_RBIBasicDetails" name="basicDetails" time="123.119"/>
  <testcase classname="com.RBIA.tc.TC005_RBIBasicDetails" name="basicDetails" time="124.089"/>
  <testcase classname="com.RBIA.tc.TC005_RBIBasicDetails" name="basicDetails" time="123.437"/>
  <testcase classname="com.RBIA.tc.TC005_RBIBasicDetails" name="basicDetails" time="124.212"/>
  <testcase classname="com.RBIA.tc.TC005_RBIBasicDetails" name="basicDetails" time="123.432"/>
  <testcase classname="com.RBIA.tc.TC005_RBIBasicDetails" name="basicDetails" time="13.118">
    <error message="Zip bomb detected! The file would exceed the max. ratio of compressed file size to the size of the expanded data.
This may indicate that the file is used to inflate memory usage and thus could pose a security risk.
You can adjust this limit via ZipSecureFile.setMinInflateRatio() if you need to work with files which exceed this limit.
Uncompressed size: 102453, Raw/compressed size: 1024, ratio: 0.009995
Limits: MIN_INFLATE_RATIO: 0.010000, Entry: xl/styles.xml" type="org.apache.poi.ooxml.POIXMLException">
      <![CDATA[org.apache.poi.ooxml.POIXMLException: Zip bomb detected! The file would exceed the max. ratio of compressed file size to the size of the expanded data.
This may indicate that the file is used to inflate memory usage and thus could pose a security risk.
You can adjust this limit via ZipSecureFile.setMinInflateRatio() if you need to work with files which exceed this limit.
Uncompressed size: 102453, Raw/compressed size: 1024, ratio: 0.009995
Limits: MIN_INFLATE_RATIO: 0.010000, Entry: xl/styles.xml
at org.apache.poi.ooxml.POIXMLFactory.createDocumentPart(POIXMLFactory.java:66)
at org.apache.poi.ooxml.POIXMLDocumentPart.read(POIXMLDocumentPart.java:657)
at org.apache.poi.ooxml.POIXMLDocument.load(POIXMLDocument.java:180)
at org.apache.poi.xssf.usermodel.XSSFWorkbook.<init>(XSSFWorkbook.java:286)
at org.apache.poi.xssf.usermodel.XSSFWorkbook.<init>(XSSFWorkbook.java:340)
at lib.selenium.WebDriverServiceImpl.agevalidator_max(WebDriverServiceImpl.java:775)
at com.ibps.pages.PersonalDetailsPage.ageValidatorMax(PersonalDetailsPage.java:308)
at com.RBIA.tc.TC005_RBIBasicDetails.basicDetails(TC005_RBIBasicDetails.java:63)
at jdk.internal.reflect.GeneratedMethodAccessor5.invoke(Unknown Source)
at java.base/jdk.internal.reflect.DelegatingMethodAccessorImpl.invoke(Unknown Source)
at java.base/java.lang.reflect.Method.invoke(Unknown Source)
at org.testng.internal.MethodInvocationHelper.invokeMethod(MethodInvocationHelper.java:133)
at org.testng.internal.TestInvoker.invokeMethod(TestInvoker.java:584)
at org.testng.internal.TestInvoker.invokeTestMethod(TestInvoker.java:172)
at org.testng.internal.MethodRunner.runInSequence(MethodRunner.java:46)
at org.testng.internal.TestInvoker$MethodInvocationAgent.invoke(TestInvoker.java:804)
at org.testng.internal.TestInvoker.invokeTestMethods(TestInvoker.java:145)
at org.testng.internal.TestMethodWorker.invokeTestMethods(TestMethodWorker.java:146)
at org.testng.internal.TestMethodWorker.run(TestMethodWorker.java:128)
at java.base/java.util.concurrent.ThreadPoolExecutor.runWorker(Unknown Source)
at java.base/java.util.concurrent.ThreadPoolExecutor$Worker.run(Unknown Source)
at java.base/java.lang.Thread.run(Unknown Source)
Caused by: java.lang.reflect.InvocationTargetException
at jdk.internal.reflect.GeneratedConstructorAccessor53.newInstance(Unknown Source)
at java.base/jdk.internal.reflect.DelegatingConstructorAccessorImpl.newInstance(Unknown Source)
at java.base/java.lang.reflect.Constructor.newInstance(Unknown Source)
at org.apache.poi.xssf.usermodel.XSSFFactory.createDocumentPart(XSSFFactory.java:56)
at org.apache.poi.ooxml.POIXMLFactory.createDocumentPart(POIXMLFactory.java:63)
... 21 more
Caused by: java.io.IOException: Zip bomb detected! The file would exceed the max. ratio of compressed file size to the size of the expanded data.
This may indicate that the file is used to inflate memory usage and thus could pose a security risk.
You can adjust this limit via ZipSecureFile.setMinInflateRatio() if you need to work with files which exceed this limit.
Uncompressed size: 102453, Raw/compressed size: 1024, ratio: 0.009995
Limits: MIN_INFLATE_RATIO: 0.010000, Entry: xl/styles.xml
at org.apache.poi.openxml4j.util.ZipArchiveThresholdInputStream.checkThreshold(ZipArchiveThresholdInputStream.java:130)
at org.apache.poi.openxml4j.util.ZipArchiveThresholdInputStream.read(ZipArchiveThresholdInputStream.java:80)
at java.xml/com.sun.org.apache.xerces.internal.impl.XMLEntityManager$RewindableInputStream.read(Unknown Source)
at java.xml/com.sun.org.apache.xerces.internal.impl.io.UTF8Reader.read(Unknown Source)
at java.xml/com.sun.org.apache.xerces.internal.impl.XMLEntityScanner.load(Unknown Source)
at java.xml/com.sun.org.apache.xerces.internal.impl.XMLEntityScanner.scanLiteral(Unknown Source)
at java.xml/com.sun.org.apache.xerces.internal.impl.XMLScanner.scanAttributeValue(Unknown Source)
at java.xml/com.sun.org.apache.xerces.internal.impl.XMLNSDocumentScannerImpl.scanAttribute(Unknown Source)
at java.xml/com.sun.org.apache.xerces.internal.impl.XMLNSDocumentScannerImpl.scanStartElement(Unknown Source)
at java.xml/com.sun.org.apache.xerces.internal.impl.XMLDocumentFragmentScannerImpl$FragmentContentDriver.next(Unknown Source)
at java.xml/com.sun.org.apache.xerces.internal.impl.XMLDocumentScannerImpl.next(Unknown Source)
at java.xml/com.sun.org.apache.xerces.internal.impl.XMLNSDocumentScannerImpl.next(Unknown Source)
at java.xml/com.sun.org.apache.xerces.internal.impl.XMLDocumentFragmentScannerImpl.scanDocument(Unknown Source)
at java.xml/com.sun.org.apache.xerces.internal.parsers.XML11Configuration.parse(Unknown Source)
at java.xml/com.sun.org.apache.xerces.internal.parsers.XML11Configuration.parse(Unknown Source)
at java.xml/com.sun.org.apache.xerces.internal.parsers.XMLParser.parse(Unknown Source)
at java.xml/com.sun.org.apache.xerces.internal.parsers.AbstractSAXParser.parse(Unknown Source)
at java.xml/com.sun.org.apache.xerces.internal.jaxp.SAXParserImpl$JAXPSAXParser.parse(Unknown Source)
at org.apache.xmlbeans.impl.store.Locale$SaxLoader.load(Locale.java:3414)
at org.apache.xmlbeans.impl.store.Locale.parseToXmlObject(Locale.java:1272)
at org.apache.xmlbeans.impl.store.Locale.parseToXmlObject(Locale.java:1259)
at org.apache.xmlbeans.impl.schema.SchemaTypeLoaderBase.parse(SchemaTypeLoaderBase.java:345)
at org.openxmlformats.schemas.spreadsheetml.x2006.main.StyleSheetDocument$Factory.parse(Unknown Source)
at org.apache.poi.xssf.model.StylesTable.readFrom(StylesTable.java:189)
at org.apache.poi.xssf.model.StylesTable.<init>(StylesTable.java:138)
... 26 more
]]>
    </error>
  </testcase> <!-- basicDetails -->
  <testcase classname="com.RBIA.tc.TC005_RBIBasicDetails" name="basicDetails" time="124.267"/>
</testsuite> <!-- com.RBIA.tc.TC005_RBIBasicDetails -->
