<?xml version="1.0" encoding="UTF-8"?>
<!-- Generated by org.testng.reporters.JUnitReportReporter -->
<testsuite skipped="0" hostname="MAA014482B" name="com.BOM_25Nov22.tc.TC005_BOMBasicDetails" tests="41" failures="0" timestamp="2022-12-05T23:12:09 IST" time="6803.134" errors="0">
  <testcase name="basicDetails" time="164.300" classname="com.BOM_25Nov22.tc.TC005_BOMBasicDetails"/>
  <testcase name="basicDetails" time="166.132" classname="com.BOM_25Nov22.tc.TC005_BOMBasicDetails"/>
  <testcase name="basicDetails" time="163.876" classname="com.BOM_25Nov22.tc.TC005_BOMBasicDetails"/>
  <testcase name="basicDetails" time="163.900" classname="com.BOM_25Nov22.tc.TC005_BOMBasicDetails"/>
  <testcase name="basicDetails" time="164.384" classname="com.BOM_25Nov22.tc.TC005_BOMBasicDetails"/>
  <testcase name="basicDetails" time="166.962" classname="com.BOM_25Nov22.tc.TC005_BOMBasicDetails"/>
  <testcase name="basicDetails" time="164.750" classname="com.BOM_25Nov22.tc.TC005_BOMBasicDetails"/>
  <testcase name="basicDetails" time="164.640" classname="com.BOM_25Nov22.tc.TC005_BOMBasicDetails"/>
  <testcase name="basicDetails" time="163.701" classname="com.BOM_25Nov22.tc.TC005_BOMBasicDetails"/>
  <testcase name="basicDetails" time="167.294" classname="com.BOM_25Nov22.tc.TC005_BOMBasicDetails"/>
  <testcase name="basicDetails" time="167.928" classname="com.BOM_25Nov22.tc.TC005_BOMBasicDetails"/>
  <testcase name="basicDetails" time="167.280" classname="com.BOM_25Nov22.tc.TC005_BOMBasicDetails"/>
  <testcase name="basicDetails" time="168.033" classname="com.BOM_25Nov22.tc.TC005_BOMBasicDetails"/>
  <testcase name="basicDetails" time="167.973" classname="com.BOM_25Nov22.tc.TC005_BOMBasicDetails"/>
  <testcase name="basicDetails" time="167.526" classname="com.BOM_25Nov22.tc.TC005_BOMBasicDetails"/>
  <testcase name="basicDetails" time="163.773" classname="com.BOM_25Nov22.tc.TC005_BOMBasicDetails"/>
  <testcase name="basicDetails" time="164.597" classname="com.BOM_25Nov22.tc.TC005_BOMBasicDetails"/>
  <testcase name="basicDetails" time="167.424" classname="com.BOM_25Nov22.tc.TC005_BOMBasicDetails"/>
  <testcase name="basicDetails" time="164.278" classname="com.BOM_25Nov22.tc.TC005_BOMBasicDetails"/>
  <testcase name="basicDetails" time="166.166" classname="com.BOM_25Nov22.tc.TC005_BOMBasicDetails"/>
  <testcase name="basicDetails" time="166.447" classname="com.BOM_25Nov22.tc.TC005_BOMBasicDetails"/>
  <testcase name="basicDetails" time="167.492" classname="com.BOM_25Nov22.tc.TC005_BOMBasicDetails"/>
  <testcase name="basicDetails" time="167.477" classname="com.BOM_25Nov22.tc.TC005_BOMBasicDetails"/>
  <testcase name="basicDetails" time="168.187" classname="com.BOM_25Nov22.tc.TC005_BOMBasicDetails"/>
  <testcase name="basicDetails" time="167.063" classname="com.BOM_25Nov22.tc.TC005_BOMBasicDetails"/>
  <testcase name="basicDetails" time="164.636" classname="com.BOM_25Nov22.tc.TC005_BOMBasicDetails"/>
  <testcase name="basicDetails" time="164.785" classname="com.BOM_25Nov22.tc.TC005_BOMBasicDetails"/>
  <testcase name="basicDetails" time="164.276" classname="com.BOM_25Nov22.tc.TC005_BOMBasicDetails"/>
  <testcase name="basicDetails" time="164.502" classname="com.BOM_25Nov22.tc.TC005_BOMBasicDetails"/>
  <testcase name="basicDetails" time="167.013" classname="com.BOM_25Nov22.tc.TC005_BOMBasicDetails"/>
  <testcase name="basicDetails" time="167.599" classname="com.BOM_25Nov22.tc.TC005_BOMBasicDetails"/>
  <testcase name="basicDetails" time="164.061" classname="com.BOM_25Nov22.tc.TC005_BOMBasicDetails"/>
  <testcase name="basicDetails" time="162.218" classname="com.BOM_25Nov22.tc.TC005_BOMBasicDetails"/>
  <testcase name="basicDetails" time="167.702" classname="com.BOM_25Nov22.tc.TC005_BOMBasicDetails"/>
  <testcase name="basicDetails" time="167.863" classname="com.BOM_25Nov22.tc.TC005_BOMBasicDetails"/>
  <testcase name="basicDetails" time="167.224" classname="com.BOM_25Nov22.tc.TC005_BOMBasicDetails"/>
  <testcase name="basicDetails" time="164.143" classname="com.BOM_25Nov22.tc.TC005_BOMBasicDetails"/>
  <testcase name="basicDetails" time="165.321" classname="com.BOM_25Nov22.tc.TC005_BOMBasicDetails"/>
  <testcase name="basicDetails" time="163.947" classname="com.BOM_25Nov22.tc.TC005_BOMBasicDetails"/>
  <testcase name="basicDetails" time="168.047" classname="com.BOM_25Nov22.tc.TC005_BOMBasicDetails"/>
  <testcase name="basicDetails" time="168.214" classname="com.BOM_25Nov22.tc.TC005_BOMBasicDetails"/>
</testsuite> <!-- com.BOM_25Nov22.tc.TC005_BOMBasicDetails -->
