<?xml version="1.0" encoding="UTF-8"?>
<!-- Generated by org.testng.reporters.JUnitReportReporter -->
<testsuite skipped="0" hostname="MAA014482B" name="com.DSYS_June23.tc.TC003_DSYSBasicDetails" tests="36" failures="0" timestamp="2023-07-22T15:33:38 IST" time="5763.303" errors="0">
  <testcase name="basicDetails" time="159.905" classname="com.DSYS_June23.tc.TC003_DSYSBasicDetails"/>
  <testcase name="basicDetails" time="160.781" classname="com.DSYS_June23.tc.TC003_DSYSBasicDetails"/>
  <testcase name="basicDetails" time="160.728" classname="com.DSYS_June23.tc.TC003_DSYSBasicDetails"/>
  <testcase name="basicDetails" time="160.704" classname="com.DSYS_June23.tc.TC003_DSYSBasicDetails"/>
  <testcase name="basicDetails" time="159.530" classname="com.DSYS_June23.tc.TC003_DSYSBasicDetails"/>
  <testcase name="basicDetails" time="159.599" classname="com.DSYS_June23.tc.TC003_DSYSBasicDetails"/>
  <testcase name="basicDetails" time="159.810" classname="com.DSYS_June23.tc.TC003_DSYSBasicDetails"/>
  <testcase name="basicDetails" time="160.617" classname="com.DSYS_June23.tc.TC003_DSYSBasicDetails"/>
  <testcase name="basicDetails" time="159.230" classname="com.DSYS_June23.tc.TC003_DSYSBasicDetails"/>
  <testcase name="basicDetails" time="160.692" classname="com.DSYS_June23.tc.TC003_DSYSBasicDetails"/>
  <testcase name="basicDetails" time="159.817" classname="com.DSYS_June23.tc.TC003_DSYSBasicDetails"/>
  <testcase name="basicDetails" time="160.391" classname="com.DSYS_June23.tc.TC003_DSYSBasicDetails"/>
  <testcase name="basicDetails" time="159.908" classname="com.DSYS_June23.tc.TC003_DSYSBasicDetails"/>
  <testcase name="basicDetails" time="160.998" classname="com.DSYS_June23.tc.TC003_DSYSBasicDetails"/>
  <testcase name="basicDetails" time="159.325" classname="com.DSYS_June23.tc.TC003_DSYSBasicDetails"/>
  <testcase name="basicDetails" time="159.766" classname="com.DSYS_June23.tc.TC003_DSYSBasicDetails"/>
  <testcase name="basicDetails" time="159.549" classname="com.DSYS_June23.tc.TC003_DSYSBasicDetails"/>
  <testcase name="basicDetails" time="160.831" classname="com.DSYS_June23.tc.TC003_DSYSBasicDetails"/>
  <testcase name="basicDetails" time="159.776" classname="com.DSYS_June23.tc.TC003_DSYSBasicDetails"/>
  <testcase name="basicDetails" time="159.831" classname="com.DSYS_June23.tc.TC003_DSYSBasicDetails"/>
  <testcase name="basicDetails" time="159.917" classname="com.DSYS_June23.tc.TC003_DSYSBasicDetails"/>
  <testcase name="basicDetails" time="160.620" classname="com.DSYS_June23.tc.TC003_DSYSBasicDetails"/>
  <testcase name="basicDetails" time="159.732" classname="com.DSYS_June23.tc.TC003_DSYSBasicDetails"/>
  <testcase name="basicDetails" time="162.601" classname="com.DSYS_June23.tc.TC003_DSYSBasicDetails"/>
  <testcase name="basicDetails" time="159.451" classname="com.DSYS_June23.tc.TC003_DSYSBasicDetails"/>
  <testcase name="basicDetails" time="159.811" classname="com.DSYS_June23.tc.TC003_DSYSBasicDetails"/>
  <testcase name="basicDetails" time="159.886" classname="com.DSYS_June23.tc.TC003_DSYSBasicDetails"/>
  <testcase name="basicDetails" time="159.512" classname="com.DSYS_June23.tc.TC003_DSYSBasicDetails"/>
  <testcase name="basicDetails" time="159.810" classname="com.DSYS_June23.tc.TC003_DSYSBasicDetails"/>
  <testcase name="basicDetails" time="159.526" classname="com.DSYS_June23.tc.TC003_DSYSBasicDetails"/>
  <testcase name="basicDetails" time="159.783" classname="com.DSYS_June23.tc.TC003_DSYSBasicDetails"/>
  <testcase name="basicDetails" time="160.329" classname="com.DSYS_June23.tc.TC003_DSYSBasicDetails"/>
  <testcase name="basicDetails" time="161.125" classname="com.DSYS_June23.tc.TC003_DSYSBasicDetails"/>
  <testcase name="basicDetails" time="159.283" classname="com.DSYS_June23.tc.TC003_DSYSBasicDetails"/>
  <testcase name="basicDetails" time="160.126" classname="com.DSYS_June23.tc.TC003_DSYSBasicDetails"/>
  <testcase name="basicDetails" time="160.003" classname="com.DSYS_June23.tc.TC003_DSYSBasicDetails"/>
</testsuite> <!-- com.DSYS_June23.tc.TC003_DSYSBasicDetails -->
