<?xml version="1.0" encoding="UTF-8"?>
<!-- Generated by org.testng.reporters.JUnitReportReporter -->
<testsuite skipped="0" hostname="MAA014482B" name="com.NABARD_27July22.tc.TC005_NABARDBasicDetails" tests="180" failures="0" timestamp="2022-08-30T02:06:38 IST" time="31635.680" errors="0">
  <testcase name="basicDetails" time="174.343" classname="com.NABARD_27July22.tc.TC005_NABARDBasicDetails"/>
  <testcase name="basicDetails" time="174.877" classname="com.NABARD_27July22.tc.TC005_NABARDBasicDetails"/>
  <testcase name="basicDetails" time="174.830" classname="com.NABARD_27July22.tc.TC005_NABARDBasicDetails"/>
  <testcase name="basicDetails" time="175.153" classname="com.NABARD_27July22.tc.TC005_NABARDBasicDetails"/>
  <testcase name="basicDetails" time="173.978" classname="com.NABARD_27July22.tc.TC005_NABARDBasicDetails"/>
  <testcase name="basicDetails" time="174.976" classname="com.NABARD_27July22.tc.TC005_NABARDBasicDetails"/>
  <testcase name="basicDetails" time="174.458" classname="com.NABARD_27July22.tc.TC005_NABARDBasicDetails"/>
  <testcase name="basicDetails" time="174.302" classname="com.NABARD_27July22.tc.TC005_NABARDBasicDetails"/>
  <testcase name="basicDetails" time="179.951" classname="com.NABARD_27July22.tc.TC005_NABARDBasicDetails"/>
  <testcase name="basicDetails" time="180.329" classname="com.NABARD_27July22.tc.TC005_NABARDBasicDetails"/>
  <testcase name="basicDetails" time="175.009" classname="com.NABARD_27July22.tc.TC005_NABARDBasicDetails"/>
  <testcase name="basicDetails" time="174.807" classname="com.NABARD_27July22.tc.TC005_NABARDBasicDetails"/>
  <testcase name="basicDetails" time="174.893" classname="com.NABARD_27July22.tc.TC005_NABARDBasicDetails"/>
  <testcase name="basicDetails" time="180.442" classname="com.NABARD_27July22.tc.TC005_NABARDBasicDetails"/>
  <testcase name="basicDetails" time="174.624" classname="com.NABARD_27July22.tc.TC005_NABARDBasicDetails"/>
  <testcase name="basicDetails" time="175.236" classname="com.NABARD_27July22.tc.TC005_NABARDBasicDetails"/>
  <testcase name="basicDetails" time="174.743" classname="com.NABARD_27July22.tc.TC005_NABARDBasicDetails"/>
  <testcase name="basicDetails" time="174.423" classname="com.NABARD_27July22.tc.TC005_NABARDBasicDetails"/>
  <testcase name="basicDetails" time="174.037" classname="com.NABARD_27July22.tc.TC005_NABARDBasicDetails"/>
  <testcase name="basicDetails" time="174.731" classname="com.NABARD_27July22.tc.TC005_NABARDBasicDetails"/>
  <testcase name="basicDetails" time="174.374" classname="com.NABARD_27July22.tc.TC005_NABARDBasicDetails"/>
  <testcase name="basicDetails" time="174.810" classname="com.NABARD_27July22.tc.TC005_NABARDBasicDetails"/>
  <testcase name="basicDetails" time="174.612" classname="com.NABARD_27July22.tc.TC005_NABARDBasicDetails"/>
  <testcase name="basicDetails" time="174.544" classname="com.NABARD_27July22.tc.TC005_NABARDBasicDetails"/>
  <testcase name="basicDetails" time="174.581" classname="com.NABARD_27July22.tc.TC005_NABARDBasicDetails"/>
  <testcase name="basicDetails" time="174.971" classname="com.NABARD_27July22.tc.TC005_NABARDBasicDetails"/>
  <testcase name="basicDetails" time="174.536" classname="com.NABARD_27July22.tc.TC005_NABARDBasicDetails"/>
  <testcase name="basicDetails" time="174.428" classname="com.NABARD_27July22.tc.TC005_NABARDBasicDetails"/>
  <testcase name="basicDetails" time="179.698" classname="com.NABARD_27July22.tc.TC005_NABARDBasicDetails"/>
  <testcase name="basicDetails" time="174.501" classname="com.NABARD_27July22.tc.TC005_NABARDBasicDetails"/>
  <testcase name="basicDetails" time="180.175" classname="com.NABARD_27July22.tc.TC005_NABARDBasicDetails"/>
  <testcase name="basicDetails" time="174.698" classname="com.NABARD_27July22.tc.TC005_NABARDBasicDetails"/>
  <testcase name="basicDetails" time="174.801" classname="com.NABARD_27July22.tc.TC005_NABARDBasicDetails"/>
  <testcase name="basicDetails" time="175.004" classname="com.NABARD_27July22.tc.TC005_NABARDBasicDetails"/>
  <testcase name="basicDetails" time="174.695" classname="com.NABARD_27July22.tc.TC005_NABARDBasicDetails"/>
  <testcase name="basicDetails" time="174.755" classname="com.NABARD_27July22.tc.TC005_NABARDBasicDetails"/>
  <testcase name="basicDetails" time="174.407" classname="com.NABARD_27July22.tc.TC005_NABARDBasicDetails"/>
  <testcase name="basicDetails" time="174.823" classname="com.NABARD_27July22.tc.TC005_NABARDBasicDetails"/>
  <testcase name="basicDetails" time="174.822" classname="com.NABARD_27July22.tc.TC005_NABARDBasicDetails"/>
  <testcase name="basicDetails" time="174.264" classname="com.NABARD_27July22.tc.TC005_NABARDBasicDetails"/>
  <testcase name="basicDetails" time="174.880" classname="com.NABARD_27July22.tc.TC005_NABARDBasicDetails"/>
  <testcase name="basicDetails" time="180.064" classname="com.NABARD_27July22.tc.TC005_NABARDBasicDetails"/>
  <testcase name="basicDetails" time="180.142" classname="com.NABARD_27July22.tc.TC005_NABARDBasicDetails"/>
  <testcase name="basicDetails" time="174.575" classname="com.NABARD_27July22.tc.TC005_NABARDBasicDetails"/>
  <testcase name="basicDetails" time="175.020" classname="com.NABARD_27July22.tc.TC005_NABARDBasicDetails"/>
  <testcase name="basicDetails" time="174.555" classname="com.NABARD_27July22.tc.TC005_NABARDBasicDetails"/>
  <testcase name="basicDetails" time="173.938" classname="com.NABARD_27July22.tc.TC005_NABARDBasicDetails"/>
  <testcase name="basicDetails" time="174.695" classname="com.NABARD_27July22.tc.TC005_NABARDBasicDetails"/>
  <testcase name="basicDetails" time="174.175" classname="com.NABARD_27July22.tc.TC005_NABARDBasicDetails"/>
  <testcase name="basicDetails" time="175.091" classname="com.NABARD_27July22.tc.TC005_NABARDBasicDetails"/>
  <testcase name="basicDetails" time="174.867" classname="com.NABARD_27July22.tc.TC005_NABARDBasicDetails"/>
  <testcase name="basicDetails" time="174.887" classname="com.NABARD_27July22.tc.TC005_NABARDBasicDetails"/>
  <testcase name="basicDetails" time="174.065" classname="com.NABARD_27July22.tc.TC005_NABARDBasicDetails"/>
  <testcase name="basicDetails" time="174.667" classname="com.NABARD_27July22.tc.TC005_NABARDBasicDetails"/>
  <testcase name="basicDetails" time="174.860" classname="com.NABARD_27July22.tc.TC005_NABARDBasicDetails"/>
  <testcase name="basicDetails" time="174.722" classname="com.NABARD_27July22.tc.TC005_NABARDBasicDetails"/>
  <testcase name="basicDetails" time="174.887" classname="com.NABARD_27July22.tc.TC005_NABARDBasicDetails"/>
  <testcase name="basicDetails" time="180.760" classname="com.NABARD_27July22.tc.TC005_NABARDBasicDetails"/>
  <testcase name="basicDetails" time="174.419" classname="com.NABARD_27July22.tc.TC005_NABARDBasicDetails"/>
  <testcase name="basicDetails" time="179.743" classname="com.NABARD_27July22.tc.TC005_NABARDBasicDetails"/>
  <testcase name="basicDetails" time="180.531" classname="com.NABARD_27July22.tc.TC005_NABARDBasicDetails"/>
  <testcase name="basicDetails" time="174.302" classname="com.NABARD_27July22.tc.TC005_NABARDBasicDetails"/>
  <testcase name="basicDetails" time="174.571" classname="com.NABARD_27July22.tc.TC005_NABARDBasicDetails"/>
  <testcase name="basicDetails" time="174.756" classname="com.NABARD_27July22.tc.TC005_NABARDBasicDetails"/>
  <testcase name="basicDetails" time="174.785" classname="com.NABARD_27July22.tc.TC005_NABARDBasicDetails"/>
  <testcase name="basicDetails" time="180.360" classname="com.NABARD_27July22.tc.TC005_NABARDBasicDetails"/>
  <testcase name="basicDetails" time="174.925" classname="com.NABARD_27July22.tc.TC005_NABARDBasicDetails"/>
  <testcase name="basicDetails" time="174.794" classname="com.NABARD_27July22.tc.TC005_NABARDBasicDetails"/>
  <testcase name="basicDetails" time="174.616" classname="com.NABARD_27July22.tc.TC005_NABARDBasicDetails"/>
  <testcase name="basicDetails" time="174.109" classname="com.NABARD_27July22.tc.TC005_NABARDBasicDetails"/>
  <testcase name="basicDetails" time="174.431" classname="com.NABARD_27July22.tc.TC005_NABARDBasicDetails"/>
  <testcase name="basicDetails" time="174.820" classname="com.NABARD_27July22.tc.TC005_NABARDBasicDetails"/>
  <testcase name="basicDetails" time="180.059" classname="com.NABARD_27July22.tc.TC005_NABARDBasicDetails"/>
  <testcase name="basicDetails" time="174.205" classname="com.NABARD_27July22.tc.TC005_NABARDBasicDetails"/>
  <testcase name="basicDetails" time="174.213" classname="com.NABARD_27July22.tc.TC005_NABARDBasicDetails"/>
  <testcase name="basicDetails" time="175.064" classname="com.NABARD_27July22.tc.TC005_NABARDBasicDetails"/>
  <testcase name="basicDetails" time="174.744" classname="com.NABARD_27July22.tc.TC005_NABARDBasicDetails"/>
  <testcase name="basicDetails" time="174.940" classname="com.NABARD_27July22.tc.TC005_NABARDBasicDetails"/>
  <testcase name="basicDetails" time="174.193" classname="com.NABARD_27July22.tc.TC005_NABARDBasicDetails"/>
  <testcase name="basicDetails" time="174.936" classname="com.NABARD_27July22.tc.TC005_NABARDBasicDetails"/>
  <testcase name="basicDetails" time="174.281" classname="com.NABARD_27July22.tc.TC005_NABARDBasicDetails"/>
  <testcase name="basicDetails" time="180.614" classname="com.NABARD_27July22.tc.TC005_NABARDBasicDetails"/>
  <testcase name="basicDetails" time="174.959" classname="com.NABARD_27July22.tc.TC005_NABARDBasicDetails"/>
  <testcase name="basicDetails" time="174.882" classname="com.NABARD_27July22.tc.TC005_NABARDBasicDetails"/>
  <testcase name="basicDetails" time="174.889" classname="com.NABARD_27July22.tc.TC005_NABARDBasicDetails"/>
  <testcase name="basicDetails" time="180.134" classname="com.NABARD_27July22.tc.TC005_NABARDBasicDetails"/>
  <testcase name="basicDetails" time="174.782" classname="com.NABARD_27July22.tc.TC005_NABARDBasicDetails"/>
  <testcase name="basicDetails" time="174.885" classname="com.NABARD_27July22.tc.TC005_NABARDBasicDetails"/>
  <testcase name="basicDetails" time="175.039" classname="com.NABARD_27July22.tc.TC005_NABARDBasicDetails"/>
  <testcase name="basicDetails" time="174.731" classname="com.NABARD_27July22.tc.TC005_NABARDBasicDetails"/>
  <testcase name="basicDetails" time="174.970" classname="com.NABARD_27July22.tc.TC005_NABARDBasicDetails"/>
  <testcase name="basicDetails" time="174.472" classname="com.NABARD_27July22.tc.TC005_NABARDBasicDetails"/>
  <testcase name="basicDetails" time="174.838" classname="com.NABARD_27July22.tc.TC005_NABARDBasicDetails"/>
  <testcase name="basicDetails" time="174.758" classname="com.NABARD_27July22.tc.TC005_NABARDBasicDetails"/>
  <testcase name="basicDetails" time="174.760" classname="com.NABARD_27July22.tc.TC005_NABARDBasicDetails"/>
  <testcase name="basicDetails" time="174.546" classname="com.NABARD_27July22.tc.TC005_NABARDBasicDetails"/>
  <testcase name="basicDetails" time="174.400" classname="com.NABARD_27July22.tc.TC005_NABARDBasicDetails"/>
  <testcase name="basicDetails" time="174.240" classname="com.NABARD_27July22.tc.TC005_NABARDBasicDetails"/>
  <testcase name="basicDetails" time="174.485" classname="com.NABARD_27July22.tc.TC005_NABARDBasicDetails"/>
  <testcase name="basicDetails" time="180.239" classname="com.NABARD_27July22.tc.TC005_NABARDBasicDetails"/>
  <testcase name="basicDetails" time="180.392" classname="com.NABARD_27July22.tc.TC005_NABARDBasicDetails"/>
  <testcase name="basicDetails" time="179.578" classname="com.NABARD_27July22.tc.TC005_NABARDBasicDetails"/>
  <testcase name="basicDetails" time="174.784" classname="com.NABARD_27July22.tc.TC005_NABARDBasicDetails"/>
  <testcase name="basicDetails" time="180.414" classname="com.NABARD_27July22.tc.TC005_NABARDBasicDetails"/>
  <testcase name="basicDetails" time="174.668" classname="com.NABARD_27July22.tc.TC005_NABARDBasicDetails"/>
  <testcase name="basicDetails" time="174.384" classname="com.NABARD_27July22.tc.TC005_NABARDBasicDetails"/>
  <testcase name="basicDetails" time="174.502" classname="com.NABARD_27July22.tc.TC005_NABARDBasicDetails"/>
  <testcase name="basicDetails" time="179.908" classname="com.NABARD_27July22.tc.TC005_NABARDBasicDetails"/>
  <testcase name="basicDetails" time="174.406" classname="com.NABARD_27July22.tc.TC005_NABARDBasicDetails"/>
  <testcase name="basicDetails" time="174.884" classname="com.NABARD_27July22.tc.TC005_NABARDBasicDetails"/>
  <testcase name="basicDetails" time="174.847" classname="com.NABARD_27July22.tc.TC005_NABARDBasicDetails"/>
  <testcase name="basicDetails" time="174.602" classname="com.NABARD_27July22.tc.TC005_NABARDBasicDetails"/>
  <testcase name="basicDetails" time="174.893" classname="com.NABARD_27July22.tc.TC005_NABARDBasicDetails"/>
  <testcase name="basicDetails" time="180.539" classname="com.NABARD_27July22.tc.TC005_NABARDBasicDetails"/>
  <testcase name="basicDetails" time="179.701" classname="com.NABARD_27July22.tc.TC005_NABARDBasicDetails"/>
  <testcase name="basicDetails" time="179.816" classname="com.NABARD_27July22.tc.TC005_NABARDBasicDetails"/>
  <testcase name="basicDetails" time="174.421" classname="com.NABARD_27July22.tc.TC005_NABARDBasicDetails"/>
  <testcase name="basicDetails" time="174.647" classname="com.NABARD_27July22.tc.TC005_NABARDBasicDetails"/>
  <testcase name="basicDetails" time="179.779" classname="com.NABARD_27July22.tc.TC005_NABARDBasicDetails"/>
  <testcase name="basicDetails" time="173.886" classname="com.NABARD_27July22.tc.TC005_NABARDBasicDetails"/>
  <testcase name="basicDetails" time="174.803" classname="com.NABARD_27July22.tc.TC005_NABARDBasicDetails"/>
  <testcase name="basicDetails" time="175.051" classname="com.NABARD_27July22.tc.TC005_NABARDBasicDetails"/>
  <testcase name="basicDetails" time="174.922" classname="com.NABARD_27July22.tc.TC005_NABARDBasicDetails"/>
  <testcase name="basicDetails" time="174.955" classname="com.NABARD_27July22.tc.TC005_NABARDBasicDetails"/>
  <testcase name="basicDetails" time="174.883" classname="com.NABARD_27July22.tc.TC005_NABARDBasicDetails"/>
  <testcase name="basicDetails" time="175.157" classname="com.NABARD_27July22.tc.TC005_NABARDBasicDetails"/>
  <testcase name="basicDetails" time="174.429" classname="com.NABARD_27July22.tc.TC005_NABARDBasicDetails"/>
  <testcase name="basicDetails" time="179.832" classname="com.NABARD_27July22.tc.TC005_NABARDBasicDetails"/>
  <testcase name="basicDetails" time="180.428" classname="com.NABARD_27July22.tc.TC005_NABARDBasicDetails"/>
  <testcase name="basicDetails" time="174.808" classname="com.NABARD_27July22.tc.TC005_NABARDBasicDetails"/>
  <testcase name="basicDetails" time="174.822" classname="com.NABARD_27July22.tc.TC005_NABARDBasicDetails"/>
  <testcase name="basicDetails" time="175.129" classname="com.NABARD_27July22.tc.TC005_NABARDBasicDetails"/>
  <testcase name="basicDetails" time="179.746" classname="com.NABARD_27July22.tc.TC005_NABARDBasicDetails"/>
  <testcase name="basicDetails" time="174.452" classname="com.NABARD_27July22.tc.TC005_NABARDBasicDetails"/>
  <testcase name="basicDetails" time="174.132" classname="com.NABARD_27July22.tc.TC005_NABARDBasicDetails"/>
  <testcase name="basicDetails" time="178.440" classname="com.NABARD_27July22.tc.TC005_NABARDBasicDetails"/>
  <testcase name="basicDetails" time="174.222" classname="com.NABARD_27July22.tc.TC005_NABARDBasicDetails"/>
  <testcase name="basicDetails" time="174.986" classname="com.NABARD_27July22.tc.TC005_NABARDBasicDetails"/>
  <testcase name="basicDetails" time="180.171" classname="com.NABARD_27July22.tc.TC005_NABARDBasicDetails"/>
  <testcase name="basicDetails" time="174.670" classname="com.NABARD_27July22.tc.TC005_NABARDBasicDetails"/>
  <testcase name="basicDetails" time="174.256" classname="com.NABARD_27July22.tc.TC005_NABARDBasicDetails"/>
  <testcase name="basicDetails" time="175.096" classname="com.NABARD_27July22.tc.TC005_NABARDBasicDetails"/>
  <testcase name="basicDetails" time="175.340" classname="com.NABARD_27July22.tc.TC005_NABARDBasicDetails"/>
  <testcase name="basicDetails" time="175.109" classname="com.NABARD_27July22.tc.TC005_NABARDBasicDetails"/>
  <testcase name="basicDetails" time="180.107" classname="com.NABARD_27July22.tc.TC005_NABARDBasicDetails"/>
  <testcase name="basicDetails" time="179.739" classname="com.NABARD_27July22.tc.TC005_NABARDBasicDetails"/>
  <testcase name="basicDetails" time="180.132" classname="com.NABARD_27July22.tc.TC005_NABARDBasicDetails"/>
  <testcase name="basicDetails" time="174.511" classname="com.NABARD_27July22.tc.TC005_NABARDBasicDetails"/>
  <testcase name="basicDetails" time="175.023" classname="com.NABARD_27July22.tc.TC005_NABARDBasicDetails"/>
  <testcase name="basicDetails" time="174.766" classname="com.NABARD_27July22.tc.TC005_NABARDBasicDetails"/>
  <testcase name="basicDetails" time="179.191" classname="com.NABARD_27July22.tc.TC005_NABARDBasicDetails"/>
  <testcase name="basicDetails" time="174.954" classname="com.NABARD_27July22.tc.TC005_NABARDBasicDetails"/>
  <testcase name="basicDetails" time="174.355" classname="com.NABARD_27July22.tc.TC005_NABARDBasicDetails"/>
  <testcase name="basicDetails" time="175.278" classname="com.NABARD_27July22.tc.TC005_NABARDBasicDetails"/>
  <testcase name="basicDetails" time="174.979" classname="com.NABARD_27July22.tc.TC005_NABARDBasicDetails"/>
  <testcase name="basicDetails" time="174.846" classname="com.NABARD_27July22.tc.TC005_NABARDBasicDetails"/>
  <testcase name="basicDetails" time="180.890" classname="com.NABARD_27July22.tc.TC005_NABARDBasicDetails"/>
  <testcase name="basicDetails" time="175.146" classname="com.NABARD_27July22.tc.TC005_NABARDBasicDetails"/>
  <testcase name="basicDetails" time="180.290" classname="com.NABARD_27July22.tc.TC005_NABARDBasicDetails"/>
  <testcase name="basicDetails" time="174.792" classname="com.NABARD_27July22.tc.TC005_NABARDBasicDetails"/>
  <testcase name="basicDetails" time="174.444" classname="com.NABARD_27July22.tc.TC005_NABARDBasicDetails"/>
  <testcase name="basicDetails" time="175.062" classname="com.NABARD_27July22.tc.TC005_NABARDBasicDetails"/>
  <testcase name="basicDetails" time="175.320" classname="com.NABARD_27July22.tc.TC005_NABARDBasicDetails"/>
  <testcase name="basicDetails" time="179.729" classname="com.NABARD_27July22.tc.TC005_NABARDBasicDetails"/>
  <testcase name="basicDetails" time="179.687" classname="com.NABARD_27July22.tc.TC005_NABARDBasicDetails"/>
  <testcase name="basicDetails" time="174.920" classname="com.NABARD_27July22.tc.TC005_NABARDBasicDetails"/>
  <testcase name="basicDetails" time="174.511" classname="com.NABARD_27July22.tc.TC005_NABARDBasicDetails"/>
  <testcase name="basicDetails" time="174.092" classname="com.NABARD_27July22.tc.TC005_NABARDBasicDetails"/>
  <testcase name="basicDetails" time="174.576" classname="com.NABARD_27July22.tc.TC005_NABARDBasicDetails"/>
  <testcase name="basicDetails" time="174.266" classname="com.NABARD_27July22.tc.TC005_NABARDBasicDetails"/>
  <testcase name="basicDetails" time="174.832" classname="com.NABARD_27July22.tc.TC005_NABARDBasicDetails"/>
  <testcase name="basicDetails" time="174.495" classname="com.NABARD_27July22.tc.TC005_NABARDBasicDetails"/>
  <testcase name="basicDetails" time="174.593" classname="com.NABARD_27July22.tc.TC005_NABARDBasicDetails"/>
  <testcase name="basicDetails" time="174.822" classname="com.NABARD_27July22.tc.TC005_NABARDBasicDetails"/>
  <testcase name="basicDetails" time="174.372" classname="com.NABARD_27July22.tc.TC005_NABARDBasicDetails"/>
  <testcase name="basicDetails" time="174.413" classname="com.NABARD_27July22.tc.TC005_NABARDBasicDetails"/>
  <testcase name="basicDetails" time="174.504" classname="com.NABARD_27July22.tc.TC005_NABARDBasicDetails"/>
  <testcase name="basicDetails" time="175.147" classname="com.NABARD_27July22.tc.TC005_NABARDBasicDetails"/>
  <testcase name="basicDetails" time="174.592" classname="com.NABARD_27July22.tc.TC005_NABARDBasicDetails"/>
  <testcase name="basicDetails" time="174.495" classname="com.NABARD_27July22.tc.TC005_NABARDBasicDetails"/>
</testsuite> <!-- com.NABARD_27July22.tc.TC005_NABARDBasicDetails -->
