<?xml version="1.0" encoding="UTF-8"?>
<!-- Generated by org.testng.reporters.JUnitReportReporter -->
<testsuite skipped="0" hostname="MAA014482B" name="com.DSYS_June23.tc.TC005_DSYSBasicDetails" tests="36" failures="0" timestamp="2023-07-22T15:33:38 IST" time="5764.004" errors="0">
  <testcase name="basicDetails" time="160.210" classname="com.DSYS_June23.tc.TC005_DSYSBasicDetails"/>
  <testcase name="basicDetails" time="160.864" classname="com.DSYS_June23.tc.TC005_DSYSBasicDetails"/>
  <testcase name="basicDetails" time="160.860" classname="com.DSYS_June23.tc.TC005_DSYSBasicDetails"/>
  <testcase name="basicDetails" time="159.573" classname="com.DSYS_June23.tc.TC005_DSYSBasicDetails"/>
  <testcase name="basicDetails" time="159.631" classname="com.DSYS_June23.tc.TC005_DSYSBasicDetails"/>
  <testcase name="basicDetails" time="159.287" classname="com.DSYS_June23.tc.TC005_DSYSBasicDetails"/>
  <testcase name="basicDetails" time="159.169" classname="com.DSYS_June23.tc.TC005_DSYSBasicDetails"/>
  <testcase name="basicDetails" time="159.664" classname="com.DSYS_June23.tc.TC005_DSYSBasicDetails"/>
  <testcase name="basicDetails" time="159.832" classname="com.DSYS_June23.tc.TC005_DSYSBasicDetails"/>
  <testcase name="basicDetails" time="159.853" classname="com.DSYS_June23.tc.TC005_DSYSBasicDetails"/>
  <testcase name="basicDetails" time="160.297" classname="com.DSYS_June23.tc.TC005_DSYSBasicDetails"/>
  <testcase name="basicDetails" time="159.878" classname="com.DSYS_June23.tc.TC005_DSYSBasicDetails"/>
  <testcase name="basicDetails" time="159.878" classname="com.DSYS_June23.tc.TC005_DSYSBasicDetails"/>
  <testcase name="basicDetails" time="160.674" classname="com.DSYS_June23.tc.TC005_DSYSBasicDetails"/>
  <testcase name="basicDetails" time="161.446" classname="com.DSYS_June23.tc.TC005_DSYSBasicDetails"/>
  <testcase name="basicDetails" time="159.818" classname="com.DSYS_June23.tc.TC005_DSYSBasicDetails"/>
  <testcase name="basicDetails" time="159.713" classname="com.DSYS_June23.tc.TC005_DSYSBasicDetails"/>
  <testcase name="basicDetails" time="160.003" classname="com.DSYS_June23.tc.TC005_DSYSBasicDetails"/>
  <testcase name="basicDetails" time="160.451" classname="com.DSYS_June23.tc.TC005_DSYSBasicDetails"/>
  <testcase name="basicDetails" time="159.646" classname="com.DSYS_June23.tc.TC005_DSYSBasicDetails"/>
  <testcase name="basicDetails" time="162.285" classname="com.DSYS_June23.tc.TC005_DSYSBasicDetails"/>
  <testcase name="basicDetails" time="161.581" classname="com.DSYS_June23.tc.TC005_DSYSBasicDetails"/>
  <testcase name="basicDetails" time="160.042" classname="com.DSYS_June23.tc.TC005_DSYSBasicDetails"/>
  <testcase name="basicDetails" time="160.062" classname="com.DSYS_June23.tc.TC005_DSYSBasicDetails"/>
  <testcase name="basicDetails" time="159.998" classname="com.DSYS_June23.tc.TC005_DSYSBasicDetails"/>
  <testcase name="basicDetails" time="160.646" classname="com.DSYS_June23.tc.TC005_DSYSBasicDetails"/>
  <testcase name="basicDetails" time="160.980" classname="com.DSYS_June23.tc.TC005_DSYSBasicDetails"/>
  <testcase name="basicDetails" time="159.511" classname="com.DSYS_June23.tc.TC005_DSYSBasicDetails"/>
  <testcase name="basicDetails" time="159.918" classname="com.DSYS_June23.tc.TC005_DSYSBasicDetails"/>
  <testcase name="basicDetails" time="159.534" classname="com.DSYS_June23.tc.TC005_DSYSBasicDetails"/>
  <testcase name="basicDetails" time="160.612" classname="com.DSYS_June23.tc.TC005_DSYSBasicDetails"/>
  <testcase name="basicDetails" time="159.729" classname="com.DSYS_June23.tc.TC005_DSYSBasicDetails"/>
  <testcase name="basicDetails" time="158.850" classname="com.DSYS_June23.tc.TC005_DSYSBasicDetails"/>
  <testcase name="basicDetails" time="159.940" classname="com.DSYS_June23.tc.TC005_DSYSBasicDetails"/>
  <testcase name="basicDetails" time="159.603" classname="com.DSYS_June23.tc.TC005_DSYSBasicDetails"/>
  <testcase name="basicDetails" time="159.966" classname="com.DSYS_June23.tc.TC005_DSYSBasicDetails"/>
</testsuite> <!-- com.DSYS_June23.tc.TC005_DSYSBasicDetails -->
