<?xml version="1.0" encoding="UTF-8"?>
<!-- Generated by org.testng.reporters.JUnitReportReporter -->
<testsuite skipped="0" hostname="MAA014482B" name="com.Bihar.tc.TC002_BiharBasicDetails" tests="18" failures="0" timestamp="2023-03-03T17:37:05 IST" time="2915.796" errors="0">
  <testcase name="basicDetails" time="162.914" classname="com.Bihar.tc.TC002_BiharBasicDetails"/>
  <testcase name="basicDetails" time="160.676" classname="com.Bihar.tc.TC002_BiharBasicDetails"/>
  <testcase name="basicDetails" time="161.769" classname="com.Bihar.tc.TC002_BiharBasicDetails"/>
  <testcase name="basicDetails" time="161.696" classname="com.Bihar.tc.TC002_BiharBasicDetails"/>
  <testcase name="basicDetails" time="162.064" classname="com.Bihar.tc.TC002_BiharBasicDetails"/>
  <testcase name="basicDetails" time="160.202" classname="com.Bihar.tc.TC002_BiharBasicDetails"/>
  <testcase name="basicDetails" time="163.265" classname="com.Bihar.tc.TC002_BiharBasicDetails"/>
  <testcase name="basicDetails" time="161.434" classname="com.Bihar.tc.TC002_BiharBasicDetails"/>
  <testcase name="basicDetails" time="162.765" classname="com.Bihar.tc.TC002_BiharBasicDetails"/>
  <testcase name="basicDetails" time="160.610" classname="com.Bihar.tc.TC002_BiharBasicDetails"/>
  <testcase name="basicDetails" time="161.728" classname="com.Bihar.tc.TC002_BiharBasicDetails"/>
  <testcase name="basicDetails" time="162.759" classname="com.Bihar.tc.TC002_BiharBasicDetails"/>
  <testcase name="basicDetails" time="161.174" classname="com.Bihar.tc.TC002_BiharBasicDetails"/>
  <testcase name="basicDetails" time="162.160" classname="com.Bihar.tc.TC002_BiharBasicDetails"/>
  <testcase name="basicDetails" time="162.592" classname="com.Bihar.tc.TC002_BiharBasicDetails"/>
  <testcase name="basicDetails" time="162.338" classname="com.Bihar.tc.TC002_BiharBasicDetails"/>
  <testcase name="basicDetails" time="162.712" classname="com.Bihar.tc.TC002_BiharBasicDetails"/>
  <testcase name="basicDetails" time="162.938" classname="com.Bihar.tc.TC002_BiharBasicDetails"/>
</testsuite> <!-- com.Bihar.tc.TC002_BiharBasicDetails -->
