<?xml version="1.0" encoding="UTF-8"?>
<!-- Generated by org.testng.reporters.JUnitReportReporter -->
<testsuite skipped="0" hostname="MAA014482B" name="com.RBI21March22.tc.TC002_RBIBasicDetails" tests="24" failures="0" timestamp="2022-03-23T14:24:06 IST" time="2919.725" errors="0">
  <testcase name="basicDetails" time="121.616" classname="com.RBI21March22.tc.TC002_RBIBasicDetails"/>
  <testcase name="basicDetails" time="121.688" classname="com.RBI21March22.tc.TC002_RBIBasicDetails"/>
  <testcase name="basicDetails" time="122.578" classname="com.RBI21March22.tc.TC002_RBIBasicDetails"/>
  <testcase name="basicDetails" time="120.171" classname="com.RBI21March22.tc.TC002_RBIBasicDetails"/>
  <testcase name="basicDetails" time="121.254" classname="com.RBI21March22.tc.TC002_RBIBasicDetails"/>
  <testcase name="basicDetails" time="122.316" classname="com.RBI21March22.tc.TC002_RBIBasicDetails"/>
  <testcase name="basicDetails" time="121.689" classname="com.RBI21March22.tc.TC002_RBIBasicDetails"/>
  <testcase name="basicDetails" time="121.558" classname="com.RBI21March22.tc.TC002_RBIBasicDetails"/>
  <testcase name="basicDetails" time="121.471" classname="com.RBI21March22.tc.TC002_RBIBasicDetails"/>
  <testcase name="basicDetails" time="122.361" classname="com.RBI21March22.tc.TC002_RBIBasicDetails"/>
  <testcase name="basicDetails" time="121.945" classname="com.RBI21March22.tc.TC002_RBIBasicDetails"/>
  <testcase name="basicDetails" time="121.029" classname="com.RBI21March22.tc.TC002_RBIBasicDetails"/>
  <testcase name="basicDetails" time="121.238" classname="com.RBI21March22.tc.TC002_RBIBasicDetails"/>
  <testcase name="basicDetails" time="121.431" classname="com.RBI21March22.tc.TC002_RBIBasicDetails"/>
  <testcase name="basicDetails" time="122.817" classname="com.RBI21March22.tc.TC002_RBIBasicDetails"/>
  <testcase name="basicDetails" time="121.169" classname="com.RBI21March22.tc.TC002_RBIBasicDetails"/>
  <testcase name="basicDetails" time="120.675" classname="com.RBI21March22.tc.TC002_RBIBasicDetails"/>
  <testcase name="basicDetails" time="121.571" classname="com.RBI21March22.tc.TC002_RBIBasicDetails"/>
  <testcase name="basicDetails" time="121.623" classname="com.RBI21March22.tc.TC002_RBIBasicDetails"/>
  <testcase name="basicDetails" time="121.413" classname="com.RBI21March22.tc.TC002_RBIBasicDetails"/>
  <testcase name="basicDetails" time="122.507" classname="com.RBI21March22.tc.TC002_RBIBasicDetails"/>
  <testcase name="basicDetails" time="122.761" classname="com.RBI21March22.tc.TC002_RBIBasicDetails"/>
  <testcase name="basicDetails" time="121.617" classname="com.RBI21March22.tc.TC002_RBIBasicDetails"/>
  <testcase name="basicDetails" time="121.227" classname="com.RBI21March22.tc.TC002_RBIBasicDetails"/>
</testsuite> <!-- com.RBI21March22.tc.TC002_RBIBasicDetails -->
