<?xml version="1.0" encoding="UTF-8"?>
<!-- Generated by org.testng.reporters.JUnitReportReporter -->
<testsuite skipped="0" hostname="MAA014482B" name="com.NAK.tc.TC003_NAKBasicDetails" tests="13" failures="0" timestamp="2022-09-01T15:18:38 IST" time="2103.934" errors="0">
  <testcase name="basicDetails" time="161.648" classname="com.NAK.tc.TC003_NAKBasicDetails"/>
  <testcase name="basicDetails" time="161.504" classname="com.NAK.tc.TC003_NAKBasicDetails"/>
  <testcase name="basicDetails" time="161.602" classname="com.NAK.tc.TC003_NAKBasicDetails"/>
  <testcase name="basicDetails" time="161.457" classname="com.NAK.tc.TC003_NAKBasicDetails"/>
  <testcase name="basicDetails" time="161.452" classname="com.NAK.tc.TC003_NAKBasicDetails"/>
  <testcase name="basicDetails" time="166.541" classname="com.NAK.tc.TC003_NAKBasicDetails"/>
  <testcase name="basicDetails" time="161.588" classname="com.NAK.tc.TC003_NAKBasicDetails"/>
  <testcase name="basicDetails" time="160.988" classname="com.NAK.tc.TC003_NAKBasicDetails"/>
  <testcase name="basicDetails" time="161.949" classname="com.NAK.tc.TC003_NAKBasicDetails"/>
  <testcase name="basicDetails" time="161.262" classname="com.NAK.tc.TC003_NAKBasicDetails"/>
  <testcase name="basicDetails" time="161.440" classname="com.NAK.tc.TC003_NAKBasicDetails"/>
  <testcase name="basicDetails" time="161.006" classname="com.NAK.tc.TC003_NAKBasicDetails"/>
  <testcase name="basicDetails" time="161.497" classname="com.NAK.tc.TC003_NAKBasicDetails"/>
</testsuite> <!-- com.NAK.tc.TC003_NAKBasicDetails -->
