<?xml version="1.0" encoding="UTF-8"?>
<!-- Generated by org.testng.reporters.JUnitReportReporter -->
<testsuite skipped="0" hostname="MAA014482B" name="com.FCI_3_18Aug22.tc.TC003_FCIIIBasicDetails" tests="65" failures="0" timestamp="2022-09-05T14:38:23 IST" time="10344.695" errors="1">
  <testcase name="basicDetails" time="160.263" classname="com.FCI_3_18Aug22.tc.TC003_FCIIIBasicDetails"/>
  <testcase name="basicDetails" time="161.481" classname="com.FCI_3_18Aug22.tc.TC003_FCIIIBasicDetails"/>
  <testcase name="basicDetails" time="158.818" classname="com.FCI_3_18Aug22.tc.TC003_FCIIIBasicDetails"/>
  <testcase name="basicDetails" time="160.411" classname="com.FCI_3_18Aug22.tc.TC003_FCIIIBasicDetails"/>
  <testcase name="basicDetails" time="160.695" classname="com.FCI_3_18Aug22.tc.TC003_FCIIIBasicDetails"/>
  <testcase name="basicDetails" time="160.825" classname="com.FCI_3_18Aug22.tc.TC003_FCIIIBasicDetails"/>
  <testcase name="basicDetails" time="161.047" classname="com.FCI_3_18Aug22.tc.TC003_FCIIIBasicDetails"/>
  <testcase name="basicDetails" time="29.829" classname="com.FCI_3_18Aug22.tc.TC003_FCIIIBasicDetails">
    <error type="org.openqa.selenium.UnhandledAlertException" message="unexpected alert open: {Alert text : Date Of Birth should be between 02/08/1962 to 01/08/2004}
  (Session info: chrome=104.0.5112.102): Date Of Birth should be between 02/08/1962 to 01/08/2004
Build info: version: &#039;3.141.0&#039;, revision: &#039;2ecb7d9a&#039;, time: &#039;2018-10-31T20:09:30&#039;
System info: host: &#039;MAA014482B&#039;, ip: &#039;124.7.228.19&#039;, os.name: &#039;Windows 10&#039;, os.arch: &#039;amd64&#039;, os.version: &#039;10.0&#039;, java.version: &#039;1.8.0_131&#039;
Driver info: org.openqa.selenium.chrome.ChromeDriver
Capabilities {acceptInsecureCerts: false, browserName: chrome, browserVersion: 104.0.5112.102, chrome: {chromedriverVersion: 104.0.5112.79 (3cf3e8c8a07d..., userDataDir: C:\Users\016386\AppData\Loc...}, goog:chromeOptions: {debuggerAddress: localhost:57522}, javascriptEnabled: true, networkConnectionEnabled: false, pageLoadStrategy: normal, platform: WINDOWS, platformName: WINDOWS, proxy: Proxy(), setWindowRect: true, strictFileInteractability: false, timeouts: {implicit: 0, pageLoad: 300000, script: 30000}, unhandledPromptBehavior: dismiss and notify, webauthn:extension:credBlob: true, webauthn:extension:largeBlob: true, webauthn:virtualAuthenticators: true}
Session ID: ce5c1430c80f496cac68fdb9f2182cc1
*** Element info: {Using=xpath, value=.//*[starts-with(@id,&#039;err_seldob&#039;)]}">
      <![CDATA[org.openqa.selenium.UnhandledAlertException: unexpected alert open: {Alert text : Date Of Birth should be between 02/08/1962 to 01/08/2004}
  (Session info: chrome=104.0.5112.102): Date Of Birth should be between 02/08/1962 to 01/08/2004
Build info: version: '3.141.0', revision: '2ecb7d9a', time: '2018-10-31T20:09:30'
System info: host: 'MAA014482B', ip: '124.7.228.19', os.name: 'Windows 10', os.arch: 'amd64', os.version: '10.0', java.version: '1.8.0_131'
Driver info: org.openqa.selenium.chrome.ChromeDriver
Capabilities {acceptInsecureCerts: false, browserName: chrome, browserVersion: 104.0.5112.102, chrome: {chromedriverVersion: 104.0.5112.79 (3cf3e8c8a07d..., userDataDir: C:\Users\016386\AppData\Loc...}, goog:chromeOptions: {debuggerAddress: localhost:57522}, javascriptEnabled: true, networkConnectionEnabled: false, pageLoadStrategy: normal, platform: WINDOWS, platformName: WINDOWS, proxy: Proxy(), setWindowRect: true, strictFileInteractability: false, timeouts: {implicit: 0, pageLoad: 300000, script: 30000}, unhandledPromptBehavior: dismiss and notify, webauthn:extension:credBlob: true, webauthn:extension:largeBlob: true, webauthn:virtualAuthenticators: true}
Session ID: ce5c1430c80f496cac68fdb9f2182cc1
*** Element info: {Using=xpath, value=.//*[starts-with(@id,'err_seldob')]}
at org.openqa.selenium.remote.http.W3CHttpResponseCodec.decode(W3CHttpResponseCodec.java:120)
at org.openqa.selenium.remote.http.W3CHttpResponseCodec.decode(W3CHttpResponseCodec.java:49)
at org.openqa.selenium.remote.HttpCommandExecutor.execute(HttpCommandExecutor.java:158)
at org.openqa.selenium.remote.service.DriverCommandExecutor.execute(DriverCommandExecutor.java:83)
at org.openqa.selenium.remote.RemoteWebDriver.execute(RemoteWebDriver.java:552)
at org.openqa.selenium.remote.RemoteWebDriver.findElements(RemoteWebDriver.java:353)
at org.openqa.selenium.remote.RemoteWebDriver.findElementsByXPath(RemoteWebDriver.java:432)
at org.openqa.selenium.By$ByXPath.findElements(By.java:348)
at org.openqa.selenium.remote.RemoteWebDriver.findElements(RemoteWebDriver.java:311)
at lib.selenium.WebDriverServiceImpl.noagealert(WebDriverServiceImpl.java:766)
at lib.selenium.WebDriverServiceImpl.agevalidator_max(WebDriverServiceImpl.java:857)
at com.ibps.pages.PersonalDetailsPage.ageValidatorMax(PersonalDetailsPage.java:330)
at com.FCI_3_18Aug22.tc.TC003_FCIIIBasicDetails.basicDetails(TC003_FCIIIBasicDetails.java:63)
at sun.reflect.NativeMethodAccessorImpl.invoke0(Native Method)
at sun.reflect.NativeMethodAccessorImpl.invoke(Unknown Source)
at sun.reflect.DelegatingMethodAccessorImpl.invoke(Unknown Source)
at java.lang.reflect.Method.invoke(Unknown Source)
at org.testng.internal.MethodInvocationHelper.invokeMethod(MethodInvocationHelper.java:133)
at org.testng.internal.TestInvoker.invokeMethod(TestInvoker.java:584)
at org.testng.internal.TestInvoker.invokeTestMethod(TestInvoker.java:172)
at org.testng.internal.MethodRunner.runInSequence(MethodRunner.java:46)
at org.testng.internal.TestInvoker$MethodInvocationAgent.invoke(TestInvoker.java:804)
at org.testng.internal.TestInvoker.invokeTestMethods(TestInvoker.java:145)
at org.testng.internal.TestMethodWorker.invokeTestMethods(TestMethodWorker.java:146)
at org.testng.internal.TestMethodWorker.run(TestMethodWorker.java:128)
at java.util.concurrent.ThreadPoolExecutor.runWorker(Unknown Source)
at java.util.concurrent.ThreadPoolExecutor$Worker.run(Unknown Source)
at java.lang.Thread.run(Unknown Source)
]]>
    </error>
  </testcase> <!-- basicDetails -->
  <testcase name="basicDetails" time="161.591" classname="com.FCI_3_18Aug22.tc.TC003_FCIIIBasicDetails"/>
  <testcase name="basicDetails" time="161.934" classname="com.FCI_3_18Aug22.tc.TC003_FCIIIBasicDetails"/>
  <testcase name="basicDetails" time="160.398" classname="com.FCI_3_18Aug22.tc.TC003_FCIIIBasicDetails"/>
  <testcase name="basicDetails" time="160.240" classname="com.FCI_3_18Aug22.tc.TC003_FCIIIBasicDetails"/>
  <testcase name="basicDetails" time="161.883" classname="com.FCI_3_18Aug22.tc.TC003_FCIIIBasicDetails"/>
  <testcase name="basicDetails" time="163.538" classname="com.FCI_3_18Aug22.tc.TC003_FCIIIBasicDetails"/>
  <testcase name="basicDetails" time="161.754" classname="com.FCI_3_18Aug22.tc.TC003_FCIIIBasicDetails"/>
  <testcase name="basicDetails" time="162.211" classname="com.FCI_3_18Aug22.tc.TC003_FCIIIBasicDetails"/>
  <testcase name="basicDetails" time="162.712" classname="com.FCI_3_18Aug22.tc.TC003_FCIIIBasicDetails"/>
  <testcase name="basicDetails" time="161.717" classname="com.FCI_3_18Aug22.tc.TC003_FCIIIBasicDetails"/>
  <testcase name="basicDetails" time="161.275" classname="com.FCI_3_18Aug22.tc.TC003_FCIIIBasicDetails"/>
  <testcase name="basicDetails" time="160.600" classname="com.FCI_3_18Aug22.tc.TC003_FCIIIBasicDetails"/>
  <testcase name="basicDetails" time="160.565" classname="com.FCI_3_18Aug22.tc.TC003_FCIIIBasicDetails"/>
  <testcase name="basicDetails" time="161.868" classname="com.FCI_3_18Aug22.tc.TC003_FCIIIBasicDetails"/>
  <testcase name="basicDetails" time="160.405" classname="com.FCI_3_18Aug22.tc.TC003_FCIIIBasicDetails"/>
  <testcase name="basicDetails" time="161.743" classname="com.FCI_3_18Aug22.tc.TC003_FCIIIBasicDetails"/>
  <testcase name="basicDetails" time="160.618" classname="com.FCI_3_18Aug22.tc.TC003_FCIIIBasicDetails"/>
  <testcase name="basicDetails" time="161.008" classname="com.FCI_3_18Aug22.tc.TC003_FCIIIBasicDetails"/>
  <testcase name="basicDetails" time="162.014" classname="com.FCI_3_18Aug22.tc.TC003_FCIIIBasicDetails"/>
  <testcase name="basicDetails" time="161.364" classname="com.FCI_3_18Aug22.tc.TC003_FCIIIBasicDetails"/>
  <testcase name="basicDetails" time="161.406" classname="com.FCI_3_18Aug22.tc.TC003_FCIIIBasicDetails"/>
  <testcase name="basicDetails" time="160.170" classname="com.FCI_3_18Aug22.tc.TC003_FCIIIBasicDetails"/>
  <testcase name="basicDetails" time="161.936" classname="com.FCI_3_18Aug22.tc.TC003_FCIIIBasicDetails"/>
  <testcase name="basicDetails" time="160.105" classname="com.FCI_3_18Aug22.tc.TC003_FCIIIBasicDetails"/>
  <testcase name="basicDetails" time="162.170" classname="com.FCI_3_18Aug22.tc.TC003_FCIIIBasicDetails"/>
  <testcase name="basicDetails" time="160.111" classname="com.FCI_3_18Aug22.tc.TC003_FCIIIBasicDetails"/>
  <testcase name="basicDetails" time="160.722" classname="com.FCI_3_18Aug22.tc.TC003_FCIIIBasicDetails"/>
  <testcase name="basicDetails" time="162.948" classname="com.FCI_3_18Aug22.tc.TC003_FCIIIBasicDetails"/>
  <testcase name="basicDetails" time="160.569" classname="com.FCI_3_18Aug22.tc.TC003_FCIIIBasicDetails"/>
  <testcase name="basicDetails" time="160.690" classname="com.FCI_3_18Aug22.tc.TC003_FCIIIBasicDetails"/>
  <testcase name="basicDetails" time="160.324" classname="com.FCI_3_18Aug22.tc.TC003_FCIIIBasicDetails"/>
  <testcase name="basicDetails" time="160.686" classname="com.FCI_3_18Aug22.tc.TC003_FCIIIBasicDetails"/>
  <testcase name="basicDetails" time="160.695" classname="com.FCI_3_18Aug22.tc.TC003_FCIIIBasicDetails"/>
  <testcase name="basicDetails" time="160.449" classname="com.FCI_3_18Aug22.tc.TC003_FCIIIBasicDetails"/>
  <testcase name="basicDetails" time="162.000" classname="com.FCI_3_18Aug22.tc.TC003_FCIIIBasicDetails"/>
  <testcase name="basicDetails" time="161.755" classname="com.FCI_3_18Aug22.tc.TC003_FCIIIBasicDetails"/>
  <testcase name="basicDetails" time="160.510" classname="com.FCI_3_18Aug22.tc.TC003_FCIIIBasicDetails"/>
  <testcase name="basicDetails" time="160.615" classname="com.FCI_3_18Aug22.tc.TC003_FCIIIBasicDetails"/>
  <testcase name="basicDetails" time="161.286" classname="com.FCI_3_18Aug22.tc.TC003_FCIIIBasicDetails"/>
  <testcase name="basicDetails" time="161.692" classname="com.FCI_3_18Aug22.tc.TC003_FCIIIBasicDetails"/>
  <testcase name="basicDetails" time="161.309" classname="com.FCI_3_18Aug22.tc.TC003_FCIIIBasicDetails"/>
  <testcase name="basicDetails" time="160.741" classname="com.FCI_3_18Aug22.tc.TC003_FCIIIBasicDetails"/>
  <testcase name="basicDetails" time="161.798" classname="com.FCI_3_18Aug22.tc.TC003_FCIIIBasicDetails"/>
  <testcase name="basicDetails" time="161.403" classname="com.FCI_3_18Aug22.tc.TC003_FCIIIBasicDetails"/>
  <testcase name="basicDetails" time="160.379" classname="com.FCI_3_18Aug22.tc.TC003_FCIIIBasicDetails"/>
  <testcase name="basicDetails" time="160.999" classname="com.FCI_3_18Aug22.tc.TC003_FCIIIBasicDetails"/>
  <testcase name="basicDetails" time="160.551" classname="com.FCI_3_18Aug22.tc.TC003_FCIIIBasicDetails"/>
  <testcase name="basicDetails" time="162.465" classname="com.FCI_3_18Aug22.tc.TC003_FCIIIBasicDetails"/>
  <testcase name="basicDetails" time="163.464" classname="com.FCI_3_18Aug22.tc.TC003_FCIIIBasicDetails"/>
  <testcase name="basicDetails" time="160.445" classname="com.FCI_3_18Aug22.tc.TC003_FCIIIBasicDetails"/>
  <testcase name="basicDetails" time="161.392" classname="com.FCI_3_18Aug22.tc.TC003_FCIIIBasicDetails"/>
  <testcase name="basicDetails" time="161.235" classname="com.FCI_3_18Aug22.tc.TC003_FCIIIBasicDetails"/>
  <testcase name="basicDetails" time="161.043" classname="com.FCI_3_18Aug22.tc.TC003_FCIIIBasicDetails"/>
  <testcase name="basicDetails" time="160.712" classname="com.FCI_3_18Aug22.tc.TC003_FCIIIBasicDetails"/>
  <testcase name="basicDetails" time="161.847" classname="com.FCI_3_18Aug22.tc.TC003_FCIIIBasicDetails"/>
  <testcase name="basicDetails" time="160.419" classname="com.FCI_3_18Aug22.tc.TC003_FCIIIBasicDetails"/>
  <testcase name="basicDetails" time="160.847" classname="com.FCI_3_18Aug22.tc.TC003_FCIIIBasicDetails"/>
</testsuite> <!-- com.FCI_3_18Aug22.tc.TC003_FCIIIBasicDetails -->
