<?xml version="1.0" encoding="UTF-8"?>
<!-- Generated by org.testng.reporters.JUnitReportReporter -->
<testsuite skipped="0" hostname="MAA014482B" name="com.PMC_Feb23.tc.TC002_PMCBasicDetails" tests="160" failures="0" timestamp="2023-04-17T07:45:19 IST" time="24818.863" errors="1">
  <testcase name="basicDetails" time="156.445" classname="com.PMC_Feb23.tc.TC002_PMCBasicDetails"/>
  <testcase name="basicDetails" time="155.576" classname="com.PMC_Feb23.tc.TC002_PMCBasicDetails"/>
  <testcase name="basicDetails" time="155.749" classname="com.PMC_Feb23.tc.TC002_PMCBasicDetails"/>
  <testcase name="basicDetails" time="155.799" classname="com.PMC_Feb23.tc.TC002_PMCBasicDetails"/>
  <testcase name="basicDetails" time="159.831" classname="com.PMC_Feb23.tc.TC002_PMCBasicDetails"/>
  <testcase name="basicDetails" time="156.161" classname="com.PMC_Feb23.tc.TC002_PMCBasicDetails"/>
  <testcase name="basicDetails" time="155.613" classname="com.PMC_Feb23.tc.TC002_PMCBasicDetails"/>
  <testcase name="basicDetails" time="157.299" classname="com.PMC_Feb23.tc.TC002_PMCBasicDetails"/>
  <testcase name="basicDetails" time="155.898" classname="com.PMC_Feb23.tc.TC002_PMCBasicDetails"/>
  <testcase name="basicDetails" time="155.318" classname="com.PMC_Feb23.tc.TC002_PMCBasicDetails"/>
  <testcase name="basicDetails" time="155.181" classname="com.PMC_Feb23.tc.TC002_PMCBasicDetails"/>
  <testcase name="basicDetails" time="155.406" classname="com.PMC_Feb23.tc.TC002_PMCBasicDetails"/>
  <testcase name="basicDetails" time="156.232" classname="com.PMC_Feb23.tc.TC002_PMCBasicDetails"/>
  <testcase name="basicDetails" time="161.188" classname="com.PMC_Feb23.tc.TC002_PMCBasicDetails"/>
  <testcase name="basicDetails" time="156.094" classname="com.PMC_Feb23.tc.TC002_PMCBasicDetails"/>
  <testcase name="basicDetails" time="155.653" classname="com.PMC_Feb23.tc.TC002_PMCBasicDetails"/>
  <testcase name="basicDetails" time="155.907" classname="com.PMC_Feb23.tc.TC002_PMCBasicDetails"/>
  <testcase name="basicDetails" time="156.164" classname="com.PMC_Feb23.tc.TC002_PMCBasicDetails"/>
  <testcase name="basicDetails" time="155.934" classname="com.PMC_Feb23.tc.TC002_PMCBasicDetails"/>
  <testcase name="basicDetails" time="155.514" classname="com.PMC_Feb23.tc.TC002_PMCBasicDetails"/>
  <testcase name="basicDetails" time="155.511" classname="com.PMC_Feb23.tc.TC002_PMCBasicDetails"/>
  <testcase name="basicDetails" time="155.187" classname="com.PMC_Feb23.tc.TC002_PMCBasicDetails"/>
  <testcase name="basicDetails" time="155.740" classname="com.PMC_Feb23.tc.TC002_PMCBasicDetails"/>
  <testcase name="basicDetails" time="156.191" classname="com.PMC_Feb23.tc.TC002_PMCBasicDetails"/>
  <testcase name="basicDetails" time="155.337" classname="com.PMC_Feb23.tc.TC002_PMCBasicDetails"/>
  <testcase name="basicDetails" time="154.975" classname="com.PMC_Feb23.tc.TC002_PMCBasicDetails"/>
  <testcase name="basicDetails" time="155.436" classname="com.PMC_Feb23.tc.TC002_PMCBasicDetails"/>
  <testcase name="basicDetails" time="156.410" classname="com.PMC_Feb23.tc.TC002_PMCBasicDetails"/>
  <testcase name="basicDetails" time="155.690" classname="com.PMC_Feb23.tc.TC002_PMCBasicDetails"/>
  <testcase name="basicDetails" time="155.538" classname="com.PMC_Feb23.tc.TC002_PMCBasicDetails"/>
  <testcase name="basicDetails" time="156.274" classname="com.PMC_Feb23.tc.TC002_PMCBasicDetails"/>
  <testcase name="basicDetails" time="155.894" classname="com.PMC_Feb23.tc.TC002_PMCBasicDetails"/>
  <testcase name="basicDetails" time="156.122" classname="com.PMC_Feb23.tc.TC002_PMCBasicDetails"/>
  <testcase name="basicDetails" time="155.274" classname="com.PMC_Feb23.tc.TC002_PMCBasicDetails"/>
  <testcase name="basicDetails" time="155.917" classname="com.PMC_Feb23.tc.TC002_PMCBasicDetails"/>
  <testcase name="basicDetails" time="155.816" classname="com.PMC_Feb23.tc.TC002_PMCBasicDetails"/>
  <testcase name="basicDetails" time="155.495" classname="com.PMC_Feb23.tc.TC002_PMCBasicDetails"/>
  <testcase name="basicDetails" time="156.439" classname="com.PMC_Feb23.tc.TC002_PMCBasicDetails"/>
  <testcase name="basicDetails" time="155.722" classname="com.PMC_Feb23.tc.TC002_PMCBasicDetails"/>
  <testcase name="basicDetails" time="155.771" classname="com.PMC_Feb23.tc.TC002_PMCBasicDetails"/>
  <testcase name="basicDetails" time="155.421" classname="com.PMC_Feb23.tc.TC002_PMCBasicDetails"/>
  <testcase name="basicDetails" time="155.731" classname="com.PMC_Feb23.tc.TC002_PMCBasicDetails"/>
  <testcase name="basicDetails" time="155.842" classname="com.PMC_Feb23.tc.TC002_PMCBasicDetails"/>
  <testcase name="basicDetails" time="155.549" classname="com.PMC_Feb23.tc.TC002_PMCBasicDetails"/>
  <testcase name="basicDetails" time="156.130" classname="com.PMC_Feb23.tc.TC002_PMCBasicDetails"/>
  <testcase name="basicDetails" time="155.499" classname="com.PMC_Feb23.tc.TC002_PMCBasicDetails"/>
  <testcase name="basicDetails" time="155.548" classname="com.PMC_Feb23.tc.TC002_PMCBasicDetails"/>
  <testcase name="basicDetails" time="155.443" classname="com.PMC_Feb23.tc.TC002_PMCBasicDetails"/>
  <testcase name="basicDetails" time="156.497" classname="com.PMC_Feb23.tc.TC002_PMCBasicDetails"/>
  <testcase name="basicDetails" time="155.276" classname="com.PMC_Feb23.tc.TC002_PMCBasicDetails"/>
  <testcase name="basicDetails" time="156.234" classname="com.PMC_Feb23.tc.TC002_PMCBasicDetails"/>
  <testcase name="basicDetails" time="155.825" classname="com.PMC_Feb23.tc.TC002_PMCBasicDetails"/>
  <testcase name="basicDetails" time="156.082" classname="com.PMC_Feb23.tc.TC002_PMCBasicDetails"/>
  <testcase name="basicDetails" time="155.722" classname="com.PMC_Feb23.tc.TC002_PMCBasicDetails"/>
  <testcase name="basicDetails" time="155.935" classname="com.PMC_Feb23.tc.TC002_PMCBasicDetails"/>
  <testcase name="basicDetails" time="155.828" classname="com.PMC_Feb23.tc.TC002_PMCBasicDetails"/>
  <testcase name="basicDetails" time="155.878" classname="com.PMC_Feb23.tc.TC002_PMCBasicDetails"/>
  <testcase name="basicDetails" time="155.267" classname="com.PMC_Feb23.tc.TC002_PMCBasicDetails"/>
  <testcase name="basicDetails" time="155.396" classname="com.PMC_Feb23.tc.TC002_PMCBasicDetails"/>
  <testcase name="basicDetails" time="155.979" classname="com.PMC_Feb23.tc.TC002_PMCBasicDetails"/>
  <testcase name="basicDetails" time="161.068" classname="com.PMC_Feb23.tc.TC002_PMCBasicDetails"/>
  <testcase name="basicDetails" time="155.615" classname="com.PMC_Feb23.tc.TC002_PMCBasicDetails"/>
  <testcase name="basicDetails" time="156.681" classname="com.PMC_Feb23.tc.TC002_PMCBasicDetails"/>
  <testcase name="basicDetails" time="155.048" classname="com.PMC_Feb23.tc.TC002_PMCBasicDetails"/>
  <testcase name="basicDetails" time="155.727" classname="com.PMC_Feb23.tc.TC002_PMCBasicDetails"/>
  <testcase name="basicDetails" time="155.861" classname="com.PMC_Feb23.tc.TC002_PMCBasicDetails"/>
  <testcase name="basicDetails" time="155.926" classname="com.PMC_Feb23.tc.TC002_PMCBasicDetails"/>
  <testcase name="basicDetails" time="155.123" classname="com.PMC_Feb23.tc.TC002_PMCBasicDetails"/>
  <testcase name="basicDetails" time="157.510" classname="com.PMC_Feb23.tc.TC002_PMCBasicDetails"/>
  <testcase name="basicDetails" time="155.658" classname="com.PMC_Feb23.tc.TC002_PMCBasicDetails"/>
  <testcase name="basicDetails" time="155.372" classname="com.PMC_Feb23.tc.TC002_PMCBasicDetails"/>
  <testcase name="basicDetails" time="156.115" classname="com.PMC_Feb23.tc.TC002_PMCBasicDetails"/>
  <testcase name="basicDetails" time="155.910" classname="com.PMC_Feb23.tc.TC002_PMCBasicDetails"/>
  <testcase name="basicDetails" time="156.021" classname="com.PMC_Feb23.tc.TC002_PMCBasicDetails"/>
  <testcase name="basicDetails" time="155.767" classname="com.PMC_Feb23.tc.TC002_PMCBasicDetails"/>
  <testcase name="basicDetails" time="155.231" classname="com.PMC_Feb23.tc.TC002_PMCBasicDetails"/>
  <testcase name="basicDetails" time="27.632" classname="com.PMC_Feb23.tc.TC002_PMCBasicDetails">
    <error type="org.openqa.selenium.UnhandledAlertException" message="unexpected alert open: {Alert text : Date Of Birth should be between 01/05/1965 to 30/04/2005}
  (Session info: chrome=111.0.5563.147): Date Of Birth should be between 01/05/1965 to 30/04/2005
Build info: version: &#039;3.141.0&#039;, revision: &#039;2ecb7d9a&#039;, time: &#039;2018-10-31T20:09:30&#039;
System info: host: &#039;MAA014482B&#039;, ip: &#039;124.7.228.19&#039;, os.name: &#039;Windows 10&#039;, os.arch: &#039;amd64&#039;, os.version: &#039;10.0&#039;, java.version: &#039;1.8.0_131&#039;
Driver info: org.openqa.selenium.chrome.ChromeDriver
Capabilities {acceptInsecureCerts: false, browserName: chrome, browserVersion: 111.0.5563.147, chrome: {chromedriverVersion: 110.0.5481.77 (65ed616c6e8e..., userDataDir: C:\Users\016386\AppData\Loc...}, goog:chromeOptions: {debuggerAddress: localhost:50228}, javascriptEnabled: true, networkConnectionEnabled: false, pageLoadStrategy: normal, platform: WINDOWS, platformName: WINDOWS, proxy: Proxy(), setWindowRect: true, strictFileInteractability: false, timeouts: {implicit: 0, pageLoad: 300000, script: 30000}, unhandledPromptBehavior: dismiss and notify, webauthn:extension:credBlob: true, webauthn:extension:largeBlob: true, webauthn:virtualAuthenticators: true}
Session ID: 46a3b586da7c10ad1a0552f44c4717f6
*** Element info: {Using=xpath, value=.//*[starts-with(@id,&#039;err_seldob&#039;)]}">
      <![CDATA[org.openqa.selenium.UnhandledAlertException: unexpected alert open: {Alert text : Date Of Birth should be between 01/05/1965 to 30/04/2005}
  (Session info: chrome=111.0.5563.147): Date Of Birth should be between 01/05/1965 to 30/04/2005
Build info: version: '3.141.0', revision: '2ecb7d9a', time: '2018-10-31T20:09:30'
System info: host: 'MAA014482B', ip: '124.7.228.19', os.name: 'Windows 10', os.arch: 'amd64', os.version: '10.0', java.version: '1.8.0_131'
Driver info: org.openqa.selenium.chrome.ChromeDriver
Capabilities {acceptInsecureCerts: false, browserName: chrome, browserVersion: 111.0.5563.147, chrome: {chromedriverVersion: 110.0.5481.77 (65ed616c6e8e..., userDataDir: C:\Users\016386\AppData\Loc...}, goog:chromeOptions: {debuggerAddress: localhost:50228}, javascriptEnabled: true, networkConnectionEnabled: false, pageLoadStrategy: normal, platform: WINDOWS, platformName: WINDOWS, proxy: Proxy(), setWindowRect: true, strictFileInteractability: false, timeouts: {implicit: 0, pageLoad: 300000, script: 30000}, unhandledPromptBehavior: dismiss and notify, webauthn:extension:credBlob: true, webauthn:extension:largeBlob: true, webauthn:virtualAuthenticators: true}
Session ID: 46a3b586da7c10ad1a0552f44c4717f6
*** Element info: {Using=xpath, value=.//*[starts-with(@id,'err_seldob')]}
at org.openqa.selenium.remote.http.W3CHttpResponseCodec.decode(W3CHttpResponseCodec.java:120)
at org.openqa.selenium.remote.http.W3CHttpResponseCodec.decode(W3CHttpResponseCodec.java:49)
at org.openqa.selenium.remote.HttpCommandExecutor.execute(HttpCommandExecutor.java:158)
at org.openqa.selenium.remote.service.DriverCommandExecutor.execute(DriverCommandExecutor.java:83)
at org.openqa.selenium.remote.RemoteWebDriver.execute(RemoteWebDriver.java:552)
at org.openqa.selenium.remote.RemoteWebDriver.findElements(RemoteWebDriver.java:353)
at org.openqa.selenium.remote.RemoteWebDriver.findElementsByXPath(RemoteWebDriver.java:432)
at org.openqa.selenium.By$ByXPath.findElements(By.java:348)
at org.openqa.selenium.remote.RemoteWebDriver.findElements(RemoteWebDriver.java:311)
at lib.selenium.WebDriverServiceImpl.noagealert(WebDriverServiceImpl.java:766)
at lib.selenium.WebDriverServiceImpl.agevalidator_max(WebDriverServiceImpl.java:857)
at com.ibps.pages.PersonalDetailsPage.ageValidatorMax(PersonalDetailsPage.java:330)
at com.PMC_Feb23.tc.TC002_PMCBasicDetails.basicDetails(TC002_PMCBasicDetails.java:72)
at sun.reflect.NativeMethodAccessorImpl.invoke0(Native Method)
at sun.reflect.NativeMethodAccessorImpl.invoke(Unknown Source)
at sun.reflect.DelegatingMethodAccessorImpl.invoke(Unknown Source)
at java.lang.reflect.Method.invoke(Unknown Source)
at org.testng.internal.MethodInvocationHelper.invokeMethod(MethodInvocationHelper.java:133)
at org.testng.internal.TestInvoker.invokeMethod(TestInvoker.java:584)
at org.testng.internal.TestInvoker.invokeTestMethod(TestInvoker.java:172)
at org.testng.internal.MethodRunner.runInSequence(MethodRunner.java:46)
at org.testng.internal.TestInvoker$MethodInvocationAgent.invoke(TestInvoker.java:804)
at org.testng.internal.TestInvoker.invokeTestMethods(TestInvoker.java:145)
at org.testng.internal.TestMethodWorker.invokeTestMethods(TestMethodWorker.java:146)
at org.testng.internal.TestMethodWorker.run(TestMethodWorker.java:128)
at java.util.concurrent.ThreadPoolExecutor.runWorker(Unknown Source)
at java.util.concurrent.ThreadPoolExecutor$Worker.run(Unknown Source)
at java.lang.Thread.run(Unknown Source)
]]>
    </error>
  </testcase> <!-- basicDetails -->
  <testcase name="basicDetails" time="156.245" classname="com.PMC_Feb23.tc.TC002_PMCBasicDetails"/>
  <testcase name="basicDetails" time="155.780" classname="com.PMC_Feb23.tc.TC002_PMCBasicDetails"/>
  <testcase name="basicDetails" time="155.828" classname="com.PMC_Feb23.tc.TC002_PMCBasicDetails"/>
  <testcase name="basicDetails" time="155.252" classname="com.PMC_Feb23.tc.TC002_PMCBasicDetails"/>
  <testcase name="basicDetails" time="155.863" classname="com.PMC_Feb23.tc.TC002_PMCBasicDetails"/>
  <testcase name="basicDetails" time="155.609" classname="com.PMC_Feb23.tc.TC002_PMCBasicDetails"/>
  <testcase name="basicDetails" time="155.739" classname="com.PMC_Feb23.tc.TC002_PMCBasicDetails"/>
  <testcase name="basicDetails" time="155.933" classname="com.PMC_Feb23.tc.TC002_PMCBasicDetails"/>
  <testcase name="basicDetails" time="156.712" classname="com.PMC_Feb23.tc.TC002_PMCBasicDetails"/>
  <testcase name="basicDetails" time="156.155" classname="com.PMC_Feb23.tc.TC002_PMCBasicDetails"/>
  <testcase name="basicDetails" time="155.657" classname="com.PMC_Feb23.tc.TC002_PMCBasicDetails"/>
  <testcase name="basicDetails" time="155.707" classname="com.PMC_Feb23.tc.TC002_PMCBasicDetails"/>
  <testcase name="basicDetails" time="155.556" classname="com.PMC_Feb23.tc.TC002_PMCBasicDetails"/>
  <testcase name="basicDetails" time="155.860" classname="com.PMC_Feb23.tc.TC002_PMCBasicDetails"/>
  <testcase name="basicDetails" time="155.691" classname="com.PMC_Feb23.tc.TC002_PMCBasicDetails"/>
  <testcase name="basicDetails" time="156.048" classname="com.PMC_Feb23.tc.TC002_PMCBasicDetails"/>
  <testcase name="basicDetails" time="156.445" classname="com.PMC_Feb23.tc.TC002_PMCBasicDetails"/>
  <testcase name="basicDetails" time="155.403" classname="com.PMC_Feb23.tc.TC002_PMCBasicDetails"/>
  <testcase name="basicDetails" time="155.974" classname="com.PMC_Feb23.tc.TC002_PMCBasicDetails"/>
  <testcase name="basicDetails" time="156.995" classname="com.PMC_Feb23.tc.TC002_PMCBasicDetails"/>
  <testcase name="basicDetails" time="155.825" classname="com.PMC_Feb23.tc.TC002_PMCBasicDetails"/>
  <testcase name="basicDetails" time="157.435" classname="com.PMC_Feb23.tc.TC002_PMCBasicDetails"/>
  <testcase name="basicDetails" time="155.688" classname="com.PMC_Feb23.tc.TC002_PMCBasicDetails"/>
  <testcase name="basicDetails" time="155.635" classname="com.PMC_Feb23.tc.TC002_PMCBasicDetails"/>
  <testcase name="basicDetails" time="155.454" classname="com.PMC_Feb23.tc.TC002_PMCBasicDetails"/>
  <testcase name="basicDetails" time="155.499" classname="com.PMC_Feb23.tc.TC002_PMCBasicDetails"/>
  <testcase name="basicDetails" time="155.298" classname="com.PMC_Feb23.tc.TC002_PMCBasicDetails"/>
  <testcase name="basicDetails" time="156.244" classname="com.PMC_Feb23.tc.TC002_PMCBasicDetails"/>
  <testcase name="basicDetails" time="155.473" classname="com.PMC_Feb23.tc.TC002_PMCBasicDetails"/>
  <testcase name="basicDetails" time="155.590" classname="com.PMC_Feb23.tc.TC002_PMCBasicDetails"/>
  <testcase name="basicDetails" time="155.407" classname="com.PMC_Feb23.tc.TC002_PMCBasicDetails"/>
  <testcase name="basicDetails" time="155.694" classname="com.PMC_Feb23.tc.TC002_PMCBasicDetails"/>
  <testcase name="basicDetails" time="155.388" classname="com.PMC_Feb23.tc.TC002_PMCBasicDetails"/>
  <testcase name="basicDetails" time="155.631" classname="com.PMC_Feb23.tc.TC002_PMCBasicDetails"/>
  <testcase name="basicDetails" time="156.284" classname="com.PMC_Feb23.tc.TC002_PMCBasicDetails"/>
  <testcase name="basicDetails" time="156.074" classname="com.PMC_Feb23.tc.TC002_PMCBasicDetails"/>
  <testcase name="basicDetails" time="155.886" classname="com.PMC_Feb23.tc.TC002_PMCBasicDetails"/>
  <testcase name="basicDetails" time="155.516" classname="com.PMC_Feb23.tc.TC002_PMCBasicDetails"/>
  <testcase name="basicDetails" time="155.647" classname="com.PMC_Feb23.tc.TC002_PMCBasicDetails"/>
  <testcase name="basicDetails" time="155.441" classname="com.PMC_Feb23.tc.TC002_PMCBasicDetails"/>
  <testcase name="basicDetails" time="155.218" classname="com.PMC_Feb23.tc.TC002_PMCBasicDetails"/>
  <testcase name="basicDetails" time="155.346" classname="com.PMC_Feb23.tc.TC002_PMCBasicDetails"/>
  <testcase name="basicDetails" time="156.158" classname="com.PMC_Feb23.tc.TC002_PMCBasicDetails"/>
  <testcase name="basicDetails" time="155.794" classname="com.PMC_Feb23.tc.TC002_PMCBasicDetails"/>
  <testcase name="basicDetails" time="156.127" classname="com.PMC_Feb23.tc.TC002_PMCBasicDetails"/>
  <testcase name="basicDetails" time="155.521" classname="com.PMC_Feb23.tc.TC002_PMCBasicDetails"/>
  <testcase name="basicDetails" time="156.452" classname="com.PMC_Feb23.tc.TC002_PMCBasicDetails"/>
  <testcase name="basicDetails" time="155.478" classname="com.PMC_Feb23.tc.TC002_PMCBasicDetails"/>
  <testcase name="basicDetails" time="156.071" classname="com.PMC_Feb23.tc.TC002_PMCBasicDetails"/>
  <testcase name="basicDetails" time="155.581" classname="com.PMC_Feb23.tc.TC002_PMCBasicDetails"/>
  <testcase name="basicDetails" time="155.360" classname="com.PMC_Feb23.tc.TC002_PMCBasicDetails"/>
  <testcase name="basicDetails" time="155.653" classname="com.PMC_Feb23.tc.TC002_PMCBasicDetails"/>
  <testcase name="basicDetails" time="155.449" classname="com.PMC_Feb23.tc.TC002_PMCBasicDetails"/>
  <testcase name="basicDetails" time="155.986" classname="com.PMC_Feb23.tc.TC002_PMCBasicDetails"/>
  <testcase name="basicDetails" time="156.640" classname="com.PMC_Feb23.tc.TC002_PMCBasicDetails"/>
  <testcase name="basicDetails" time="155.593" classname="com.PMC_Feb23.tc.TC002_PMCBasicDetails"/>
  <testcase name="basicDetails" time="155.694" classname="com.PMC_Feb23.tc.TC002_PMCBasicDetails"/>
  <testcase name="basicDetails" time="155.652" classname="com.PMC_Feb23.tc.TC002_PMCBasicDetails"/>
  <testcase name="basicDetails" time="155.590" classname="com.PMC_Feb23.tc.TC002_PMCBasicDetails"/>
  <testcase name="basicDetails" time="155.654" classname="com.PMC_Feb23.tc.TC002_PMCBasicDetails"/>
  <testcase name="basicDetails" time="155.567" classname="com.PMC_Feb23.tc.TC002_PMCBasicDetails"/>
  <testcase name="basicDetails" time="156.330" classname="com.PMC_Feb23.tc.TC002_PMCBasicDetails"/>
  <testcase name="basicDetails" time="155.614" classname="com.PMC_Feb23.tc.TC002_PMCBasicDetails"/>
  <testcase name="basicDetails" time="155.416" classname="com.PMC_Feb23.tc.TC002_PMCBasicDetails"/>
  <testcase name="basicDetails" time="155.166" classname="com.PMC_Feb23.tc.TC002_PMCBasicDetails"/>
  <testcase name="basicDetails" time="155.575" classname="com.PMC_Feb23.tc.TC002_PMCBasicDetails"/>
  <testcase name="basicDetails" time="161.263" classname="com.PMC_Feb23.tc.TC002_PMCBasicDetails"/>
  <testcase name="basicDetails" time="155.715" classname="com.PMC_Feb23.tc.TC002_PMCBasicDetails"/>
  <testcase name="basicDetails" time="154.904" classname="com.PMC_Feb23.tc.TC002_PMCBasicDetails"/>
  <testcase name="basicDetails" time="155.696" classname="com.PMC_Feb23.tc.TC002_PMCBasicDetails"/>
  <testcase name="basicDetails" time="155.547" classname="com.PMC_Feb23.tc.TC002_PMCBasicDetails"/>
  <testcase name="basicDetails" time="155.656" classname="com.PMC_Feb23.tc.TC002_PMCBasicDetails"/>
  <testcase name="basicDetails" time="156.369" classname="com.PMC_Feb23.tc.TC002_PMCBasicDetails"/>
  <testcase name="basicDetails" time="155.306" classname="com.PMC_Feb23.tc.TC002_PMCBasicDetails"/>
  <testcase name="basicDetails" time="155.643" classname="com.PMC_Feb23.tc.TC002_PMCBasicDetails"/>
  <testcase name="basicDetails" time="155.898" classname="com.PMC_Feb23.tc.TC002_PMCBasicDetails"/>
  <testcase name="basicDetails" time="156.380" classname="com.PMC_Feb23.tc.TC002_PMCBasicDetails"/>
  <testcase name="basicDetails" time="156.530" classname="com.PMC_Feb23.tc.TC002_PMCBasicDetails"/>
  <testcase name="basicDetails" time="155.832" classname="com.PMC_Feb23.tc.TC002_PMCBasicDetails"/>
  <testcase name="basicDetails" time="155.141" classname="com.PMC_Feb23.tc.TC002_PMCBasicDetails"/>
  <testcase name="basicDetails" time="155.849" classname="com.PMC_Feb23.tc.TC002_PMCBasicDetails"/>
  <testcase name="basicDetails" time="156.755" classname="com.PMC_Feb23.tc.TC002_PMCBasicDetails"/>
  <testcase name="basicDetails" time="155.092" classname="com.PMC_Feb23.tc.TC002_PMCBasicDetails"/>
</testsuite> <!-- com.PMC_Feb23.tc.TC002_PMCBasicDetails -->
