<?xml version="1.0" encoding="UTF-8"?>
<!-- Generated by org.testng.reporters.JUnitReportReporter -->
<testsuite skipped="0" hostname="MAA015435A" name="com.maha.tc.TC005_MAHABasicDetails" tests="90" failures="0" timestamp="21 Nov 2019 08:39:49 GMT" time="8237.485" errors="0">
  <testcase name="basicDetails" time="88.459" classname="com.maha.tc.TC005_MAHABasicDetails"/>
  <testcase name="basicDetails" time="101.232" classname="com.maha.tc.TC005_MAHABasicDetails"/>
  <testcase name="basicDetails" time="90.530" classname="com.maha.tc.TC005_MAHABasicDetails"/>
  <testcase name="basicDetails" time="88.767" classname="com.maha.tc.TC005_MAHABasicDetails"/>
  <testcase name="basicDetails" time="88.762" classname="com.maha.tc.TC005_MAHABasicDetails"/>
  <testcase name="basicDetails" time="89.373" classname="com.maha.tc.TC005_MAHABasicDetails"/>
  <testcase name="basicDetails" time="98.423" classname="com.maha.tc.TC005_MAHABasicDetails"/>
  <testcase name="basicDetails" time="88.562" classname="com.maha.tc.TC005_MAHABasicDetails"/>
  <testcase name="basicDetails" time="89.888" classname="com.maha.tc.TC005_MAHABasicDetails"/>
  <testcase name="basicDetails" time="90.218" classname="com.maha.tc.TC005_MAHABasicDetails"/>
  <testcase name="basicDetails" time="100.805" classname="com.maha.tc.TC005_MAHABasicDetails"/>
  <testcase name="basicDetails" time="90.493" classname="com.maha.tc.TC005_MAHABasicDetails"/>
  <testcase name="basicDetails" time="89.650" classname="com.maha.tc.TC005_MAHABasicDetails"/>
  <testcase name="basicDetails" time="89.723" classname="com.maha.tc.TC005_MAHABasicDetails"/>
  <testcase name="basicDetails" time="89.980" classname="com.maha.tc.TC005_MAHABasicDetails"/>
  <testcase name="basicDetails" time="91.307" classname="com.maha.tc.TC005_MAHABasicDetails"/>
  <testcase name="basicDetails" time="88.410" classname="com.maha.tc.TC005_MAHABasicDetails"/>
  <testcase name="basicDetails" time="90.132" classname="com.maha.tc.TC005_MAHABasicDetails"/>
  <testcase name="basicDetails" time="99.047" classname="com.maha.tc.TC005_MAHABasicDetails"/>
  <testcase name="basicDetails" time="88.895" classname="com.maha.tc.TC005_MAHABasicDetails"/>
  <testcase name="basicDetails" time="100.517" classname="com.maha.tc.TC005_MAHABasicDetails"/>
  <testcase name="basicDetails" time="90.608" classname="com.maha.tc.TC005_MAHABasicDetails"/>
  <testcase name="basicDetails" time="100.190" classname="com.maha.tc.TC005_MAHABasicDetails"/>
  <testcase name="basicDetails" time="88.729" classname="com.maha.tc.TC005_MAHABasicDetails"/>
  <testcase name="basicDetails" time="91.810" classname="com.maha.tc.TC005_MAHABasicDetails"/>
  <testcase name="basicDetails" time="89.094" classname="com.maha.tc.TC005_MAHABasicDetails"/>
  <testcase name="basicDetails" time="89.984" classname="com.maha.tc.TC005_MAHABasicDetails"/>
  <testcase name="basicDetails" time="88.548" classname="com.maha.tc.TC005_MAHABasicDetails"/>
  <testcase name="basicDetails" time="89.336" classname="com.maha.tc.TC005_MAHABasicDetails"/>
  <testcase name="basicDetails" time="88.872" classname="com.maha.tc.TC005_MAHABasicDetails"/>
  <testcase name="basicDetails" time="89.341" classname="com.maha.tc.TC005_MAHABasicDetails"/>
  <testcase name="basicDetails" time="90.529" classname="com.maha.tc.TC005_MAHABasicDetails"/>
  <testcase name="basicDetails" time="100.224" classname="com.maha.tc.TC005_MAHABasicDetails"/>
  <testcase name="basicDetails" time="100.662" classname="com.maha.tc.TC005_MAHABasicDetails"/>
  <testcase name="basicDetails" time="91.207" classname="com.maha.tc.TC005_MAHABasicDetails"/>
  <testcase name="basicDetails" time="87.952" classname="com.maha.tc.TC005_MAHABasicDetails"/>
  <testcase name="basicDetails" time="91.022" classname="com.maha.tc.TC005_MAHABasicDetails"/>
  <testcase name="basicDetails" time="88.317" classname="com.maha.tc.TC005_MAHABasicDetails"/>
  <testcase name="basicDetails" time="89.399" classname="com.maha.tc.TC005_MAHABasicDetails"/>
  <testcase name="basicDetails" time="88.627" classname="com.maha.tc.TC005_MAHABasicDetails"/>
  <testcase name="basicDetails" time="89.601" classname="com.maha.tc.TC005_MAHABasicDetails"/>
  <testcase name="basicDetails" time="100.587" classname="com.maha.tc.TC005_MAHABasicDetails"/>
  <testcase name="basicDetails" time="88.944" classname="com.maha.tc.TC005_MAHABasicDetails"/>
  <testcase name="basicDetails" time="90.892" classname="com.maha.tc.TC005_MAHABasicDetails"/>
  <testcase name="basicDetails" time="87.970" classname="com.maha.tc.TC005_MAHABasicDetails"/>
  <testcase name="basicDetails" time="90.304" classname="com.maha.tc.TC005_MAHABasicDetails"/>
  <testcase name="basicDetails" time="88.449" classname="com.maha.tc.TC005_MAHABasicDetails"/>
  <testcase name="basicDetails" time="89.644" classname="com.maha.tc.TC005_MAHABasicDetails"/>
  <testcase name="basicDetails" time="89.282" classname="com.maha.tc.TC005_MAHABasicDetails"/>
  <testcase name="basicDetails" time="101.022" classname="com.maha.tc.TC005_MAHABasicDetails"/>
  <testcase name="basicDetails" time="90.775" classname="com.maha.tc.TC005_MAHABasicDetails"/>
  <testcase name="basicDetails" time="90.197" classname="com.maha.tc.TC005_MAHABasicDetails"/>
  <testcase name="basicDetails" time="88.878" classname="com.maha.tc.TC005_MAHABasicDetails"/>
  <testcase name="basicDetails" time="89.337" classname="com.maha.tc.TC005_MAHABasicDetails"/>
  <testcase name="basicDetails" time="90.187" classname="com.maha.tc.TC005_MAHABasicDetails"/>
  <testcase name="basicDetails" time="89.765" classname="com.maha.tc.TC005_MAHABasicDetails"/>
  <testcase name="basicDetails" time="89.502" classname="com.maha.tc.TC005_MAHABasicDetails"/>
  <testcase name="basicDetails" time="90.647" classname="com.maha.tc.TC005_MAHABasicDetails"/>
  <testcase name="basicDetails" time="89.545" classname="com.maha.tc.TC005_MAHABasicDetails"/>
  <testcase name="basicDetails" time="88.004" classname="com.maha.tc.TC005_MAHABasicDetails"/>
  <testcase name="basicDetails" time="88.132" classname="com.maha.tc.TC005_MAHABasicDetails"/>
  <testcase name="basicDetails" time="90.330" classname="com.maha.tc.TC005_MAHABasicDetails"/>
  <testcase name="basicDetails" time="89.394" classname="com.maha.tc.TC005_MAHABasicDetails"/>
  <testcase name="basicDetails" time="98.554" classname="com.maha.tc.TC005_MAHABasicDetails"/>
  <testcase name="basicDetails" time="90.084" classname="com.maha.tc.TC005_MAHABasicDetails"/>
  <testcase name="basicDetails" time="91.393" classname="com.maha.tc.TC005_MAHABasicDetails"/>
  <testcase name="basicDetails" time="89.882" classname="com.maha.tc.TC005_MAHABasicDetails"/>
  <testcase name="basicDetails" time="100.323" classname="com.maha.tc.TC005_MAHABasicDetails"/>
  <testcase name="basicDetails" time="89.384" classname="com.maha.tc.TC005_MAHABasicDetails"/>
  <testcase name="basicDetails" time="89.461" classname="com.maha.tc.TC005_MAHABasicDetails"/>
  <testcase name="basicDetails" time="100.211" classname="com.maha.tc.TC005_MAHABasicDetails"/>
  <testcase name="basicDetails" time="100.493" classname="com.maha.tc.TC005_MAHABasicDetails"/>
  <testcase name="basicDetails" time="89.357" classname="com.maha.tc.TC005_MAHABasicDetails"/>
  <testcase name="basicDetails" time="99.912" classname="com.maha.tc.TC005_MAHABasicDetails"/>
  <testcase name="basicDetails" time="89.398" classname="com.maha.tc.TC005_MAHABasicDetails"/>
  <testcase name="basicDetails" time="90.788" classname="com.maha.tc.TC005_MAHABasicDetails"/>
  <testcase name="basicDetails" time="89.214" classname="com.maha.tc.TC005_MAHABasicDetails"/>
  <testcase name="basicDetails" time="89.887" classname="com.maha.tc.TC005_MAHABasicDetails"/>
  <testcase name="basicDetails" time="90.855" classname="com.maha.tc.TC005_MAHABasicDetails"/>
  <testcase name="basicDetails" time="88.779" classname="com.maha.tc.TC005_MAHABasicDetails"/>
  <testcase name="basicDetails" time="93.509" classname="com.maha.tc.TC005_MAHABasicDetails"/>
  <testcase name="basicDetails" time="89.647" classname="com.maha.tc.TC005_MAHABasicDetails"/>
  <testcase name="basicDetails" time="89.930" classname="com.maha.tc.TC005_MAHABasicDetails"/>
  <testcase name="basicDetails" time="88.901" classname="com.maha.tc.TC005_MAHABasicDetails"/>
  <testcase name="basicDetails" time="89.422" classname="com.maha.tc.TC005_MAHABasicDetails"/>
  <testcase name="basicDetails" time="99.455" classname="com.maha.tc.TC005_MAHABasicDetails"/>
  <testcase name="basicDetails" time="89.195" classname="com.maha.tc.TC005_MAHABasicDetails"/>
  <testcase name="basicDetails" time="89.984" classname="com.maha.tc.TC005_MAHABasicDetails"/>
  <testcase name="basicDetails" time="89.842" classname="com.maha.tc.TC005_MAHABasicDetails"/>
  <testcase name="basicDetails" time="90.613" classname="com.maha.tc.TC005_MAHABasicDetails"/>
</testsuite> <!-- com.maha.tc.TC005_MAHABasicDetails -->
