<?xml version="1.0" encoding="UTF-8"?>
<!-- Generated by org.testng.reporters.JUnitReportReporter -->
<testsuite skipped="0" hostname="MAA014482B" name="com.SPMCIL_19July22.tc.TC005_SPMCILBasicDetails" tests="16" failures="0" timestamp="2022-11-28T10:35:26 IST" time="2502.996" errors="0">
  <testcase name="basicDetails" time="156.183" classname="com.SPMCIL_19July22.tc.TC005_SPMCILBasicDetails"/>
  <testcase name="basicDetails" time="155.024" classname="com.SPMCIL_19July22.tc.TC005_SPMCILBasicDetails"/>
  <testcase name="basicDetails" time="158.238" classname="com.SPMCIL_19July22.tc.TC005_SPMCILBasicDetails"/>
  <testcase name="basicDetails" time="154.934" classname="com.SPMCIL_19July22.tc.TC005_SPMCILBasicDetails"/>
  <testcase name="basicDetails" time="157.634" classname="com.SPMCIL_19July22.tc.TC005_SPMCILBasicDetails"/>
  <testcase name="basicDetails" time="158.698" classname="com.SPMCIL_19July22.tc.TC005_SPMCILBasicDetails"/>
  <testcase name="basicDetails" time="156.102" classname="com.SPMCIL_19July22.tc.TC005_SPMCILBasicDetails"/>
  <testcase name="basicDetails" time="156.490" classname="com.SPMCIL_19July22.tc.TC005_SPMCILBasicDetails"/>
  <testcase name="basicDetails" time="154.987" classname="com.SPMCIL_19July22.tc.TC005_SPMCILBasicDetails"/>
  <testcase name="basicDetails" time="154.504" classname="com.SPMCIL_19July22.tc.TC005_SPMCILBasicDetails"/>
  <testcase name="basicDetails" time="155.298" classname="com.SPMCIL_19July22.tc.TC005_SPMCILBasicDetails"/>
  <testcase name="basicDetails" time="159.476" classname="com.SPMCIL_19July22.tc.TC005_SPMCILBasicDetails"/>
  <testcase name="basicDetails" time="154.906" classname="com.SPMCIL_19July22.tc.TC005_SPMCILBasicDetails"/>
  <testcase name="basicDetails" time="158.761" classname="com.SPMCIL_19July22.tc.TC005_SPMCILBasicDetails"/>
  <testcase name="basicDetails" time="154.732" classname="com.SPMCIL_19July22.tc.TC005_SPMCILBasicDetails"/>
  <testcase name="basicDetails" time="157.029" classname="com.SPMCIL_19July22.tc.TC005_SPMCILBasicDetails"/>
</testsuite> <!-- com.SPMCIL_19July22.tc.TC005_SPMCILBasicDetails -->
