<?xml version="1.0" encoding="UTF-8"?>
<!-- Generated by org.testng.reporters.JUnitReportReporter -->
<testsuite skipped="0" hostname="MAA014482B" name="com.IGM_Kolkata.tc.TC002_IGMBasicDetails" tests="130" failures="0" timestamp="2022-10-18T04:20:23 IST" time="21175.031" errors="0">
  <testcase name="basicDetails" time="163.437" classname="com.IGM_Kolkata.tc.TC002_IGMBasicDetails"/>
  <testcase name="basicDetails" time="163.827" classname="com.IGM_Kolkata.tc.TC002_IGMBasicDetails"/>
  <testcase name="basicDetails" time="162.599" classname="com.IGM_Kolkata.tc.TC002_IGMBasicDetails"/>
  <testcase name="basicDetails" time="163.182" classname="com.IGM_Kolkata.tc.TC002_IGMBasicDetails"/>
  <testcase name="basicDetails" time="163.725" classname="com.IGM_Kolkata.tc.TC002_IGMBasicDetails"/>
  <testcase name="basicDetails" time="163.664" classname="com.IGM_Kolkata.tc.TC002_IGMBasicDetails"/>
  <testcase name="basicDetails" time="162.021" classname="com.IGM_Kolkata.tc.TC002_IGMBasicDetails"/>
  <testcase name="basicDetails" time="162.183" classname="com.IGM_Kolkata.tc.TC002_IGMBasicDetails"/>
  <testcase name="basicDetails" time="162.186" classname="com.IGM_Kolkata.tc.TC002_IGMBasicDetails"/>
  <testcase name="basicDetails" time="162.091" classname="com.IGM_Kolkata.tc.TC002_IGMBasicDetails"/>
  <testcase name="basicDetails" time="162.097" classname="com.IGM_Kolkata.tc.TC002_IGMBasicDetails"/>
  <testcase name="basicDetails" time="163.276" classname="com.IGM_Kolkata.tc.TC002_IGMBasicDetails"/>
  <testcase name="basicDetails" time="163.483" classname="com.IGM_Kolkata.tc.TC002_IGMBasicDetails"/>
  <testcase name="basicDetails" time="162.147" classname="com.IGM_Kolkata.tc.TC002_IGMBasicDetails"/>
  <testcase name="basicDetails" time="162.413" classname="com.IGM_Kolkata.tc.TC002_IGMBasicDetails"/>
  <testcase name="basicDetails" time="163.922" classname="com.IGM_Kolkata.tc.TC002_IGMBasicDetails"/>
  <testcase name="basicDetails" time="165.145" classname="com.IGM_Kolkata.tc.TC002_IGMBasicDetails"/>
  <testcase name="basicDetails" time="162.231" classname="com.IGM_Kolkata.tc.TC002_IGMBasicDetails"/>
  <testcase name="basicDetails" time="162.173" classname="com.IGM_Kolkata.tc.TC002_IGMBasicDetails"/>
  <testcase name="basicDetails" time="163.150" classname="com.IGM_Kolkata.tc.TC002_IGMBasicDetails"/>
  <testcase name="basicDetails" time="163.212" classname="com.IGM_Kolkata.tc.TC002_IGMBasicDetails"/>
  <testcase name="basicDetails" time="163.234" classname="com.IGM_Kolkata.tc.TC002_IGMBasicDetails"/>
  <testcase name="basicDetails" time="162.315" classname="com.IGM_Kolkata.tc.TC002_IGMBasicDetails"/>
  <testcase name="basicDetails" time="162.336" classname="com.IGM_Kolkata.tc.TC002_IGMBasicDetails"/>
  <testcase name="basicDetails" time="164.708" classname="com.IGM_Kolkata.tc.TC002_IGMBasicDetails"/>
  <testcase name="basicDetails" time="162.096" classname="com.IGM_Kolkata.tc.TC002_IGMBasicDetails"/>
  <testcase name="basicDetails" time="162.183" classname="com.IGM_Kolkata.tc.TC002_IGMBasicDetails"/>
  <testcase name="basicDetails" time="163.280" classname="com.IGM_Kolkata.tc.TC002_IGMBasicDetails"/>
  <testcase name="basicDetails" time="163.543" classname="com.IGM_Kolkata.tc.TC002_IGMBasicDetails"/>
  <testcase name="basicDetails" time="162.408" classname="com.IGM_Kolkata.tc.TC002_IGMBasicDetails"/>
  <testcase name="basicDetails" time="162.042" classname="com.IGM_Kolkata.tc.TC002_IGMBasicDetails"/>
  <testcase name="basicDetails" time="162.291" classname="com.IGM_Kolkata.tc.TC002_IGMBasicDetails"/>
  <testcase name="basicDetails" time="163.318" classname="com.IGM_Kolkata.tc.TC002_IGMBasicDetails"/>
  <testcase name="basicDetails" time="161.123" classname="com.IGM_Kolkata.tc.TC002_IGMBasicDetails"/>
  <testcase name="basicDetails" time="162.918" classname="com.IGM_Kolkata.tc.TC002_IGMBasicDetails"/>
  <testcase name="basicDetails" time="161.265" classname="com.IGM_Kolkata.tc.TC002_IGMBasicDetails"/>
  <testcase name="basicDetails" time="161.912" classname="com.IGM_Kolkata.tc.TC002_IGMBasicDetails"/>
  <testcase name="basicDetails" time="162.181" classname="com.IGM_Kolkata.tc.TC002_IGMBasicDetails"/>
  <testcase name="basicDetails" time="162.145" classname="com.IGM_Kolkata.tc.TC002_IGMBasicDetails"/>
  <testcase name="basicDetails" time="163.657" classname="com.IGM_Kolkata.tc.TC002_IGMBasicDetails"/>
  <testcase name="basicDetails" time="163.034" classname="com.IGM_Kolkata.tc.TC002_IGMBasicDetails"/>
  <testcase name="basicDetails" time="161.951" classname="com.IGM_Kolkata.tc.TC002_IGMBasicDetails"/>
  <testcase name="basicDetails" time="162.076" classname="com.IGM_Kolkata.tc.TC002_IGMBasicDetails"/>
  <testcase name="basicDetails" time="164.294" classname="com.IGM_Kolkata.tc.TC002_IGMBasicDetails"/>
  <testcase name="basicDetails" time="162.126" classname="com.IGM_Kolkata.tc.TC002_IGMBasicDetails"/>
  <testcase name="basicDetails" time="162.115" classname="com.IGM_Kolkata.tc.TC002_IGMBasicDetails"/>
  <testcase name="basicDetails" time="162.414" classname="com.IGM_Kolkata.tc.TC002_IGMBasicDetails"/>
  <testcase name="basicDetails" time="162.290" classname="com.IGM_Kolkata.tc.TC002_IGMBasicDetails"/>
  <testcase name="basicDetails" time="162.036" classname="com.IGM_Kolkata.tc.TC002_IGMBasicDetails"/>
  <testcase name="basicDetails" time="162.229" classname="com.IGM_Kolkata.tc.TC002_IGMBasicDetails"/>
  <testcase name="basicDetails" time="162.284" classname="com.IGM_Kolkata.tc.TC002_IGMBasicDetails"/>
  <testcase name="basicDetails" time="162.135" classname="com.IGM_Kolkata.tc.TC002_IGMBasicDetails"/>
  <testcase name="basicDetails" time="162.199" classname="com.IGM_Kolkata.tc.TC002_IGMBasicDetails"/>
  <testcase name="basicDetails" time="163.490" classname="com.IGM_Kolkata.tc.TC002_IGMBasicDetails"/>
  <testcase name="basicDetails" time="163.370" classname="com.IGM_Kolkata.tc.TC002_IGMBasicDetails"/>
  <testcase name="basicDetails" time="162.045" classname="com.IGM_Kolkata.tc.TC002_IGMBasicDetails"/>
  <testcase name="basicDetails" time="163.140" classname="com.IGM_Kolkata.tc.TC002_IGMBasicDetails"/>
  <testcase name="basicDetails" time="162.996" classname="com.IGM_Kolkata.tc.TC002_IGMBasicDetails"/>
  <testcase name="basicDetails" time="163.417" classname="com.IGM_Kolkata.tc.TC002_IGMBasicDetails"/>
  <testcase name="basicDetails" time="162.750" classname="com.IGM_Kolkata.tc.TC002_IGMBasicDetails"/>
  <testcase name="basicDetails" time="163.520" classname="com.IGM_Kolkata.tc.TC002_IGMBasicDetails"/>
  <testcase name="basicDetails" time="163.357" classname="com.IGM_Kolkata.tc.TC002_IGMBasicDetails"/>
  <testcase name="basicDetails" time="162.120" classname="com.IGM_Kolkata.tc.TC002_IGMBasicDetails"/>
  <testcase name="basicDetails" time="164.497" classname="com.IGM_Kolkata.tc.TC002_IGMBasicDetails"/>
  <testcase name="basicDetails" time="164.265" classname="com.IGM_Kolkata.tc.TC002_IGMBasicDetails"/>
  <testcase name="basicDetails" time="163.504" classname="com.IGM_Kolkata.tc.TC002_IGMBasicDetails"/>
  <testcase name="basicDetails" time="162.291" classname="com.IGM_Kolkata.tc.TC002_IGMBasicDetails"/>
  <testcase name="basicDetails" time="161.916" classname="com.IGM_Kolkata.tc.TC002_IGMBasicDetails"/>
  <testcase name="basicDetails" time="161.854" classname="com.IGM_Kolkata.tc.TC002_IGMBasicDetails"/>
  <testcase name="basicDetails" time="161.880" classname="com.IGM_Kolkata.tc.TC002_IGMBasicDetails"/>
  <testcase name="basicDetails" time="162.641" classname="com.IGM_Kolkata.tc.TC002_IGMBasicDetails"/>
  <testcase name="basicDetails" time="162.212" classname="com.IGM_Kolkata.tc.TC002_IGMBasicDetails"/>
  <testcase name="basicDetails" time="168.891" classname="com.IGM_Kolkata.tc.TC002_IGMBasicDetails"/>
  <testcase name="basicDetails" time="163.994" classname="com.IGM_Kolkata.tc.TC002_IGMBasicDetails"/>
  <testcase name="basicDetails" time="161.415" classname="com.IGM_Kolkata.tc.TC002_IGMBasicDetails"/>
  <testcase name="basicDetails" time="162.244" classname="com.IGM_Kolkata.tc.TC002_IGMBasicDetails"/>
  <testcase name="basicDetails" time="162.325" classname="com.IGM_Kolkata.tc.TC002_IGMBasicDetails"/>
  <testcase name="basicDetails" time="163.285" classname="com.IGM_Kolkata.tc.TC002_IGMBasicDetails"/>
  <testcase name="basicDetails" time="162.242" classname="com.IGM_Kolkata.tc.TC002_IGMBasicDetails"/>
  <testcase name="basicDetails" time="163.894" classname="com.IGM_Kolkata.tc.TC002_IGMBasicDetails"/>
  <testcase name="basicDetails" time="163.238" classname="com.IGM_Kolkata.tc.TC002_IGMBasicDetails"/>
  <testcase name="basicDetails" time="162.094" classname="com.IGM_Kolkata.tc.TC002_IGMBasicDetails"/>
  <testcase name="basicDetails" time="163.227" classname="com.IGM_Kolkata.tc.TC002_IGMBasicDetails"/>
  <testcase name="basicDetails" time="162.426" classname="com.IGM_Kolkata.tc.TC002_IGMBasicDetails"/>
  <testcase name="basicDetails" time="162.157" classname="com.IGM_Kolkata.tc.TC002_IGMBasicDetails"/>
  <testcase name="basicDetails" time="163.649" classname="com.IGM_Kolkata.tc.TC002_IGMBasicDetails"/>
  <testcase name="basicDetails" time="162.451" classname="com.IGM_Kolkata.tc.TC002_IGMBasicDetails"/>
  <testcase name="basicDetails" time="163.446" classname="com.IGM_Kolkata.tc.TC002_IGMBasicDetails"/>
  <testcase name="basicDetails" time="163.921" classname="com.IGM_Kolkata.tc.TC002_IGMBasicDetails"/>
  <testcase name="basicDetails" time="162.404" classname="com.IGM_Kolkata.tc.TC002_IGMBasicDetails"/>
  <testcase name="basicDetails" time="164.346" classname="com.IGM_Kolkata.tc.TC002_IGMBasicDetails"/>
  <testcase name="basicDetails" time="162.113" classname="com.IGM_Kolkata.tc.TC002_IGMBasicDetails"/>
  <testcase name="basicDetails" time="162.387" classname="com.IGM_Kolkata.tc.TC002_IGMBasicDetails"/>
  <testcase name="basicDetails" time="163.142" classname="com.IGM_Kolkata.tc.TC002_IGMBasicDetails"/>
  <testcase name="basicDetails" time="163.447" classname="com.IGM_Kolkata.tc.TC002_IGMBasicDetails"/>
  <testcase name="basicDetails" time="163.037" classname="com.IGM_Kolkata.tc.TC002_IGMBasicDetails"/>
  <testcase name="basicDetails" time="173.904" classname="com.IGM_Kolkata.tc.TC002_IGMBasicDetails"/>
  <testcase name="basicDetails" time="163.573" classname="com.IGM_Kolkata.tc.TC002_IGMBasicDetails"/>
  <testcase name="basicDetails" time="162.271" classname="com.IGM_Kolkata.tc.TC002_IGMBasicDetails"/>
  <testcase name="basicDetails" time="163.350" classname="com.IGM_Kolkata.tc.TC002_IGMBasicDetails"/>
  <testcase name="basicDetails" time="162.066" classname="com.IGM_Kolkata.tc.TC002_IGMBasicDetails"/>
  <testcase name="basicDetails" time="161.926" classname="com.IGM_Kolkata.tc.TC002_IGMBasicDetails"/>
  <testcase name="basicDetails" time="161.999" classname="com.IGM_Kolkata.tc.TC002_IGMBasicDetails"/>
  <testcase name="basicDetails" time="162.320" classname="com.IGM_Kolkata.tc.TC002_IGMBasicDetails"/>
  <testcase name="basicDetails" time="164.755" classname="com.IGM_Kolkata.tc.TC002_IGMBasicDetails"/>
  <testcase name="basicDetails" time="162.301" classname="com.IGM_Kolkata.tc.TC002_IGMBasicDetails"/>
  <testcase name="basicDetails" time="162.313" classname="com.IGM_Kolkata.tc.TC002_IGMBasicDetails"/>
  <testcase name="basicDetails" time="161.988" classname="com.IGM_Kolkata.tc.TC002_IGMBasicDetails"/>
  <testcase name="basicDetails" time="162.083" classname="com.IGM_Kolkata.tc.TC002_IGMBasicDetails"/>
  <testcase name="basicDetails" time="161.984" classname="com.IGM_Kolkata.tc.TC002_IGMBasicDetails"/>
  <testcase name="basicDetails" time="163.153" classname="com.IGM_Kolkata.tc.TC002_IGMBasicDetails"/>
  <testcase name="basicDetails" time="164.703" classname="com.IGM_Kolkata.tc.TC002_IGMBasicDetails"/>
  <testcase name="basicDetails" time="162.841" classname="com.IGM_Kolkata.tc.TC002_IGMBasicDetails"/>
  <testcase name="basicDetails" time="163.436" classname="com.IGM_Kolkata.tc.TC002_IGMBasicDetails"/>
  <testcase name="basicDetails" time="162.062" classname="com.IGM_Kolkata.tc.TC002_IGMBasicDetails"/>
  <testcase name="basicDetails" time="162.118" classname="com.IGM_Kolkata.tc.TC002_IGMBasicDetails"/>
  <testcase name="basicDetails" time="162.708" classname="com.IGM_Kolkata.tc.TC002_IGMBasicDetails"/>
  <testcase name="basicDetails" time="162.310" classname="com.IGM_Kolkata.tc.TC002_IGMBasicDetails"/>
  <testcase name="basicDetails" time="161.995" classname="com.IGM_Kolkata.tc.TC002_IGMBasicDetails"/>
  <testcase name="basicDetails" time="163.210" classname="com.IGM_Kolkata.tc.TC002_IGMBasicDetails"/>
  <testcase name="basicDetails" time="162.493" classname="com.IGM_Kolkata.tc.TC002_IGMBasicDetails"/>
  <testcase name="basicDetails" time="162.373" classname="com.IGM_Kolkata.tc.TC002_IGMBasicDetails"/>
  <testcase name="basicDetails" time="164.460" classname="com.IGM_Kolkata.tc.TC002_IGMBasicDetails"/>
  <testcase name="basicDetails" time="161.779" classname="com.IGM_Kolkata.tc.TC002_IGMBasicDetails"/>
  <testcase name="basicDetails" time="163.028" classname="com.IGM_Kolkata.tc.TC002_IGMBasicDetails"/>
  <testcase name="basicDetails" time="162.053" classname="com.IGM_Kolkata.tc.TC002_IGMBasicDetails"/>
  <testcase name="basicDetails" time="162.264" classname="com.IGM_Kolkata.tc.TC002_IGMBasicDetails"/>
  <testcase name="basicDetails" time="163.464" classname="com.IGM_Kolkata.tc.TC002_IGMBasicDetails"/>
  <testcase name="basicDetails" time="162.035" classname="com.IGM_Kolkata.tc.TC002_IGMBasicDetails"/>
  <testcase name="basicDetails" time="162.373" classname="com.IGM_Kolkata.tc.TC002_IGMBasicDetails"/>
</testsuite> <!-- com.IGM_Kolkata.tc.TC002_IGMBasicDetails -->
