<?xml version="1.0" encoding="UTF-8"?>
<!-- Generated by org.testng.reporters.JUnitReportReporter -->
<testsuite skipped="0" hostname="MAA014482B" name="com.BARC.tc.TC001_BARCBasicDetails" tests="6" failures="0" timestamp="2023-02-03T13:00:30 IST" time="929.931" errors="0">
  <testcase name="basicDetails" time="155.952" classname="com.BARC.tc.TC001_BARCBasicDetails"/>
  <testcase name="basicDetails" time="156.273" classname="com.BARC.tc.TC001_BARCBasicDetails"/>
  <testcase name="basicDetails" time="155.777" classname="com.BARC.tc.TC001_BARCBasicDetails"/>
  <testcase name="basicDetails" time="156.043" classname="com.BARC.tc.TC001_BARCBasicDetails"/>
  <testcase name="basicDetails" time="154.453" classname="com.BARC.tc.TC001_BARCBasicDetails"/>
  <testcase name="basicDetails" time="151.433" classname="com.BARC.tc.TC001_BARCBasicDetails"/>
</testsuite> <!-- com.BARC.tc.TC001_BARCBasicDetails -->
