<?xml version="1.0" encoding="UTF-8"?>
<!-- Generated by org.testng.reporters.JUnitReportReporter -->
<testsuite skipped="0" hostname="MAA014482B" name="com.NBRD.tc.TC003_NABARDBasicDetails" tests="104" failures="0" timestamp="2022-07-07T13:50:15 IST" time="13273.392" errors="0">
  <testcase name="basicDetails" time="128.841" classname="com.NBRD.tc.TC003_NABARDBasicDetails"/>
  <testcase name="basicDetails" time="125.642" classname="com.NBRD.tc.TC003_NABARDBasicDetails"/>
  <testcase name="basicDetails" time="128.969" classname="com.NBRD.tc.TC003_NABARDBasicDetails"/>
  <testcase name="basicDetails" time="128.846" classname="com.NBRD.tc.TC003_NABARDBasicDetails"/>
  <testcase name="basicDetails" time="129.169" classname="com.NBRD.tc.TC003_NABARDBasicDetails"/>
  <testcase name="basicDetails" time="125.788" classname="com.NBRD.tc.TC003_NABARDBasicDetails"/>
  <testcase name="basicDetails" time="125.895" classname="com.NBRD.tc.TC003_NABARDBasicDetails"/>
  <testcase name="basicDetails" time="128.745" classname="com.NBRD.tc.TC003_NABARDBasicDetails"/>
  <testcase name="basicDetails" time="129.160" classname="com.NBRD.tc.TC003_NABARDBasicDetails"/>
  <testcase name="basicDetails" time="129.524" classname="com.NBRD.tc.TC003_NABARDBasicDetails"/>
  <testcase name="basicDetails" time="129.175" classname="com.NBRD.tc.TC003_NABARDBasicDetails"/>
  <testcase name="basicDetails" time="125.740" classname="com.NBRD.tc.TC003_NABARDBasicDetails"/>
  <testcase name="basicDetails" time="125.708" classname="com.NBRD.tc.TC003_NABARDBasicDetails"/>
  <testcase name="basicDetails" time="129.589" classname="com.NBRD.tc.TC003_NABARDBasicDetails"/>
  <testcase name="basicDetails" time="129.624" classname="com.NBRD.tc.TC003_NABARDBasicDetails"/>
  <testcase name="basicDetails" time="126.161" classname="com.NBRD.tc.TC003_NABARDBasicDetails"/>
  <testcase name="basicDetails" time="125.594" classname="com.NBRD.tc.TC003_NABARDBasicDetails"/>
  <testcase name="basicDetails" time="128.886" classname="com.NBRD.tc.TC003_NABARDBasicDetails"/>
  <testcase name="basicDetails" time="125.946" classname="com.NBRD.tc.TC003_NABARDBasicDetails"/>
  <testcase name="basicDetails" time="125.846" classname="com.NBRD.tc.TC003_NABARDBasicDetails"/>
  <testcase name="basicDetails" time="128.824" classname="com.NBRD.tc.TC003_NABARDBasicDetails"/>
  <testcase name="basicDetails" time="125.594" classname="com.NBRD.tc.TC003_NABARDBasicDetails"/>
  <testcase name="basicDetails" time="125.567" classname="com.NBRD.tc.TC003_NABARDBasicDetails"/>
  <testcase name="basicDetails" time="129.494" classname="com.NBRD.tc.TC003_NABARDBasicDetails"/>
  <testcase name="basicDetails" time="128.781" classname="com.NBRD.tc.TC003_NABARDBasicDetails"/>
  <testcase name="basicDetails" time="129.099" classname="com.NBRD.tc.TC003_NABARDBasicDetails"/>
  <testcase name="basicDetails" time="129.531" classname="com.NBRD.tc.TC003_NABARDBasicDetails"/>
  <testcase name="basicDetails" time="126.094" classname="com.NBRD.tc.TC003_NABARDBasicDetails"/>
  <testcase name="basicDetails" time="128.794" classname="com.NBRD.tc.TC003_NABARDBasicDetails"/>
  <testcase name="basicDetails" time="129.794" classname="com.NBRD.tc.TC003_NABARDBasicDetails"/>
  <testcase name="basicDetails" time="125.500" classname="com.NBRD.tc.TC003_NABARDBasicDetails"/>
  <testcase name="basicDetails" time="129.503" classname="com.NBRD.tc.TC003_NABARDBasicDetails"/>
  <testcase name="basicDetails" time="129.399" classname="com.NBRD.tc.TC003_NABARDBasicDetails"/>
  <testcase name="basicDetails" time="128.827" classname="com.NBRD.tc.TC003_NABARDBasicDetails"/>
  <testcase name="basicDetails" time="125.732" classname="com.NBRD.tc.TC003_NABARDBasicDetails"/>
  <testcase name="basicDetails" time="125.646" classname="com.NBRD.tc.TC003_NABARDBasicDetails"/>
  <testcase name="basicDetails" time="125.816" classname="com.NBRD.tc.TC003_NABARDBasicDetails"/>
  <testcase name="basicDetails" time="129.517" classname="com.NBRD.tc.TC003_NABARDBasicDetails"/>
  <testcase name="basicDetails" time="126.105" classname="com.NBRD.tc.TC003_NABARDBasicDetails"/>
  <testcase name="basicDetails" time="128.824" classname="com.NBRD.tc.TC003_NABARDBasicDetails"/>
  <testcase name="basicDetails" time="129.963" classname="com.NBRD.tc.TC003_NABARDBasicDetails"/>
  <testcase name="basicDetails" time="129.375" classname="com.NBRD.tc.TC003_NABARDBasicDetails"/>
  <testcase name="basicDetails" time="126.061" classname="com.NBRD.tc.TC003_NABARDBasicDetails"/>
  <testcase name="basicDetails" time="130.419" classname="com.NBRD.tc.TC003_NABARDBasicDetails"/>
  <testcase name="basicDetails" time="129.278" classname="com.NBRD.tc.TC003_NABARDBasicDetails"/>
  <testcase name="basicDetails" time="129.563" classname="com.NBRD.tc.TC003_NABARDBasicDetails"/>
  <testcase name="basicDetails" time="125.786" classname="com.NBRD.tc.TC003_NABARDBasicDetails"/>
  <testcase name="basicDetails" time="129.494" classname="com.NBRD.tc.TC003_NABARDBasicDetails"/>
  <testcase name="basicDetails" time="126.655" classname="com.NBRD.tc.TC003_NABARDBasicDetails"/>
  <testcase name="basicDetails" time="125.849" classname="com.NBRD.tc.TC003_NABARDBasicDetails"/>
  <testcase name="basicDetails" time="125.740" classname="com.NBRD.tc.TC003_NABARDBasicDetails"/>
  <testcase name="basicDetails" time="125.551" classname="com.NBRD.tc.TC003_NABARDBasicDetails"/>
  <testcase name="basicDetails" time="125.440" classname="com.NBRD.tc.TC003_NABARDBasicDetails"/>
  <testcase name="basicDetails" time="125.570" classname="com.NBRD.tc.TC003_NABARDBasicDetails"/>
  <testcase name="basicDetails" time="129.223" classname="com.NBRD.tc.TC003_NABARDBasicDetails"/>
  <testcase name="basicDetails" time="129.053" classname="com.NBRD.tc.TC003_NABARDBasicDetails"/>
  <testcase name="basicDetails" time="129.219" classname="com.NBRD.tc.TC003_NABARDBasicDetails"/>
  <testcase name="basicDetails" time="129.033" classname="com.NBRD.tc.TC003_NABARDBasicDetails"/>
  <testcase name="basicDetails" time="126.095" classname="com.NBRD.tc.TC003_NABARDBasicDetails"/>
  <testcase name="basicDetails" time="126.177" classname="com.NBRD.tc.TC003_NABARDBasicDetails"/>
  <testcase name="basicDetails" time="125.707" classname="com.NBRD.tc.TC003_NABARDBasicDetails"/>
  <testcase name="basicDetails" time="126.535" classname="com.NBRD.tc.TC003_NABARDBasicDetails"/>
  <testcase name="basicDetails" time="126.647" classname="com.NBRD.tc.TC003_NABARDBasicDetails"/>
  <testcase name="basicDetails" time="125.564" classname="com.NBRD.tc.TC003_NABARDBasicDetails"/>
  <testcase name="basicDetails" time="126.335" classname="com.NBRD.tc.TC003_NABARDBasicDetails"/>
  <testcase name="basicDetails" time="128.662" classname="com.NBRD.tc.TC003_NABARDBasicDetails"/>
  <testcase name="basicDetails" time="129.342" classname="com.NBRD.tc.TC003_NABARDBasicDetails"/>
  <testcase name="basicDetails" time="126.037" classname="com.NBRD.tc.TC003_NABARDBasicDetails"/>
  <testcase name="basicDetails" time="129.398" classname="com.NBRD.tc.TC003_NABARDBasicDetails"/>
  <testcase name="basicDetails" time="125.399" classname="com.NBRD.tc.TC003_NABARDBasicDetails"/>
  <testcase name="basicDetails" time="129.830" classname="com.NBRD.tc.TC003_NABARDBasicDetails"/>
  <testcase name="basicDetails" time="129.351" classname="com.NBRD.tc.TC003_NABARDBasicDetails"/>
  <testcase name="basicDetails" time="125.897" classname="com.NBRD.tc.TC003_NABARDBasicDetails"/>
  <testcase name="basicDetails" time="129.531" classname="com.NBRD.tc.TC003_NABARDBasicDetails"/>
  <testcase name="basicDetails" time="125.134" classname="com.NBRD.tc.TC003_NABARDBasicDetails"/>
  <testcase name="basicDetails" time="128.946" classname="com.NBRD.tc.TC003_NABARDBasicDetails"/>
  <testcase name="basicDetails" time="125.684" classname="com.NBRD.tc.TC003_NABARDBasicDetails"/>
  <testcase name="basicDetails" time="125.515" classname="com.NBRD.tc.TC003_NABARDBasicDetails"/>
  <testcase name="basicDetails" time="125.259" classname="com.NBRD.tc.TC003_NABARDBasicDetails"/>
  <testcase name="basicDetails" time="129.719" classname="com.NBRD.tc.TC003_NABARDBasicDetails"/>
  <testcase name="basicDetails" time="126.285" classname="com.NBRD.tc.TC003_NABARDBasicDetails"/>
  <testcase name="basicDetails" time="125.432" classname="com.NBRD.tc.TC003_NABARDBasicDetails"/>
  <testcase name="basicDetails" time="129.424" classname="com.NBRD.tc.TC003_NABARDBasicDetails"/>
  <testcase name="basicDetails" time="125.535" classname="com.NBRD.tc.TC003_NABARDBasicDetails"/>
  <testcase name="basicDetails" time="129.415" classname="com.NBRD.tc.TC003_NABARDBasicDetails"/>
  <testcase name="basicDetails" time="129.339" classname="com.NBRD.tc.TC003_NABARDBasicDetails"/>
  <testcase name="basicDetails" time="129.331" classname="com.NBRD.tc.TC003_NABARDBasicDetails"/>
  <testcase name="basicDetails" time="129.193" classname="com.NBRD.tc.TC003_NABARDBasicDetails"/>
  <testcase name="basicDetails" time="126.649" classname="com.NBRD.tc.TC003_NABARDBasicDetails"/>
  <testcase name="basicDetails" time="126.291" classname="com.NBRD.tc.TC003_NABARDBasicDetails"/>
  <testcase name="basicDetails" time="125.766" classname="com.NBRD.tc.TC003_NABARDBasicDetails"/>
  <testcase name="basicDetails" time="129.261" classname="com.NBRD.tc.TC003_NABARDBasicDetails"/>
  <testcase name="basicDetails" time="126.157" classname="com.NBRD.tc.TC003_NABARDBasicDetails"/>
  <testcase name="basicDetails" time="129.002" classname="com.NBRD.tc.TC003_NABARDBasicDetails"/>
  <testcase name="basicDetails" time="129.311" classname="com.NBRD.tc.TC003_NABARDBasicDetails"/>
  <testcase name="basicDetails" time="125.516" classname="com.NBRD.tc.TC003_NABARDBasicDetails"/>
  <testcase name="basicDetails" time="129.583" classname="com.NBRD.tc.TC003_NABARDBasicDetails"/>
  <testcase name="basicDetails" time="128.185" classname="com.NBRD.tc.TC003_NABARDBasicDetails"/>
  <testcase name="basicDetails" time="129.497" classname="com.NBRD.tc.TC003_NABARDBasicDetails"/>
  <testcase name="basicDetails" time="125.813" classname="com.NBRD.tc.TC003_NABARDBasicDetails"/>
  <testcase name="basicDetails" time="130.114" classname="com.NBRD.tc.TC003_NABARDBasicDetails"/>
  <testcase name="basicDetails" time="126.022" classname="com.NBRD.tc.TC003_NABARDBasicDetails"/>
  <testcase name="basicDetails" time="129.022" classname="com.NBRD.tc.TC003_NABARDBasicDetails"/>
  <testcase name="basicDetails" time="125.924" classname="com.NBRD.tc.TC003_NABARDBasicDetails"/>
</testsuite> <!-- com.NBRD.tc.TC003_NABARDBasicDetails -->
