<?xml version="1.0" encoding="UTF-8"?>
<!-- Generated by org.testng.reporters.JUnitReportReporter -->
<testsuite skipped="0" hostname="MAA014482B" name="com.GIC_June23.tc.TC005_GICBasicDetails" tests="180" failures="0" timestamp="2023-07-09T05:31:03 IST" time="29207.451" errors="0">
  <testcase name="basicDetails" time="161.956" classname="com.GIC_June23.tc.TC005_GICBasicDetails"/>
  <testcase name="basicDetails" time="161.135" classname="com.GIC_June23.tc.TC005_GICBasicDetails"/>
  <testcase name="basicDetails" time="163.453" classname="com.GIC_June23.tc.TC005_GICBasicDetails"/>
  <testcase name="basicDetails" time="162.296" classname="com.GIC_June23.tc.TC005_GICBasicDetails"/>
  <testcase name="basicDetails" time="161.267" classname="com.GIC_June23.tc.TC005_GICBasicDetails"/>
  <testcase name="basicDetails" time="163.358" classname="com.GIC_June23.tc.TC005_GICBasicDetails"/>
  <testcase name="basicDetails" time="163.362" classname="com.GIC_June23.tc.TC005_GICBasicDetails"/>
  <testcase name="basicDetails" time="163.697" classname="com.GIC_June23.tc.TC005_GICBasicDetails"/>
  <testcase name="basicDetails" time="161.237" classname="com.GIC_June23.tc.TC005_GICBasicDetails"/>
  <testcase name="basicDetails" time="163.556" classname="com.GIC_June23.tc.TC005_GICBasicDetails"/>
  <testcase name="basicDetails" time="161.597" classname="com.GIC_June23.tc.TC005_GICBasicDetails"/>
  <testcase name="basicDetails" time="163.337" classname="com.GIC_June23.tc.TC005_GICBasicDetails"/>
  <testcase name="basicDetails" time="161.666" classname="com.GIC_June23.tc.TC005_GICBasicDetails"/>
  <testcase name="basicDetails" time="163.235" classname="com.GIC_June23.tc.TC005_GICBasicDetails"/>
  <testcase name="basicDetails" time="161.379" classname="com.GIC_June23.tc.TC005_GICBasicDetails"/>
  <testcase name="basicDetails" time="160.778" classname="com.GIC_June23.tc.TC005_GICBasicDetails"/>
  <testcase name="basicDetails" time="161.323" classname="com.GIC_June23.tc.TC005_GICBasicDetails"/>
  <testcase name="basicDetails" time="161.598" classname="com.GIC_June23.tc.TC005_GICBasicDetails"/>
  <testcase name="basicDetails" time="163.817" classname="com.GIC_June23.tc.TC005_GICBasicDetails"/>
  <testcase name="basicDetails" time="163.954" classname="com.GIC_June23.tc.TC005_GICBasicDetails"/>
  <testcase name="basicDetails" time="163.434" classname="com.GIC_June23.tc.TC005_GICBasicDetails"/>
  <testcase name="basicDetails" time="161.625" classname="com.GIC_June23.tc.TC005_GICBasicDetails"/>
  <testcase name="basicDetails" time="161.618" classname="com.GIC_June23.tc.TC005_GICBasicDetails"/>
  <testcase name="basicDetails" time="161.242" classname="com.GIC_June23.tc.TC005_GICBasicDetails"/>
  <testcase name="basicDetails" time="164.119" classname="com.GIC_June23.tc.TC005_GICBasicDetails"/>
  <testcase name="basicDetails" time="161.504" classname="com.GIC_June23.tc.TC005_GICBasicDetails"/>
  <testcase name="basicDetails" time="160.877" classname="com.GIC_June23.tc.TC005_GICBasicDetails"/>
  <testcase name="basicDetails" time="161.572" classname="com.GIC_June23.tc.TC005_GICBasicDetails"/>
  <testcase name="basicDetails" time="161.425" classname="com.GIC_June23.tc.TC005_GICBasicDetails"/>
  <testcase name="basicDetails" time="160.984" classname="com.GIC_June23.tc.TC005_GICBasicDetails"/>
  <testcase name="basicDetails" time="161.227" classname="com.GIC_June23.tc.TC005_GICBasicDetails"/>
  <testcase name="basicDetails" time="163.868" classname="com.GIC_June23.tc.TC005_GICBasicDetails"/>
  <testcase name="basicDetails" time="162.052" classname="com.GIC_June23.tc.TC005_GICBasicDetails"/>
  <testcase name="basicDetails" time="163.910" classname="com.GIC_June23.tc.TC005_GICBasicDetails"/>
  <testcase name="basicDetails" time="161.666" classname="com.GIC_June23.tc.TC005_GICBasicDetails"/>
  <testcase name="basicDetails" time="161.212" classname="com.GIC_June23.tc.TC005_GICBasicDetails"/>
  <testcase name="basicDetails" time="161.775" classname="com.GIC_June23.tc.TC005_GICBasicDetails"/>
  <testcase name="basicDetails" time="163.417" classname="com.GIC_June23.tc.TC005_GICBasicDetails"/>
  <testcase name="basicDetails" time="163.664" classname="com.GIC_June23.tc.TC005_GICBasicDetails"/>
  <testcase name="basicDetails" time="161.554" classname="com.GIC_June23.tc.TC005_GICBasicDetails"/>
  <testcase name="basicDetails" time="161.521" classname="com.GIC_June23.tc.TC005_GICBasicDetails"/>
  <testcase name="basicDetails" time="163.801" classname="com.GIC_June23.tc.TC005_GICBasicDetails"/>
  <testcase name="basicDetails" time="161.731" classname="com.GIC_June23.tc.TC005_GICBasicDetails"/>
  <testcase name="basicDetails" time="161.211" classname="com.GIC_June23.tc.TC005_GICBasicDetails"/>
  <testcase name="basicDetails" time="163.792" classname="com.GIC_June23.tc.TC005_GICBasicDetails"/>
  <testcase name="basicDetails" time="163.769" classname="com.GIC_June23.tc.TC005_GICBasicDetails"/>
  <testcase name="basicDetails" time="161.168" classname="com.GIC_June23.tc.TC005_GICBasicDetails"/>
  <testcase name="basicDetails" time="161.909" classname="com.GIC_June23.tc.TC005_GICBasicDetails"/>
  <testcase name="basicDetails" time="161.029" classname="com.GIC_June23.tc.TC005_GICBasicDetails"/>
  <testcase name="basicDetails" time="163.674" classname="com.GIC_June23.tc.TC005_GICBasicDetails"/>
  <testcase name="basicDetails" time="162.784" classname="com.GIC_June23.tc.TC005_GICBasicDetails"/>
  <testcase name="basicDetails" time="161.491" classname="com.GIC_June23.tc.TC005_GICBasicDetails"/>
  <testcase name="basicDetails" time="163.444" classname="com.GIC_June23.tc.TC005_GICBasicDetails"/>
  <testcase name="basicDetails" time="161.645" classname="com.GIC_June23.tc.TC005_GICBasicDetails"/>
  <testcase name="basicDetails" time="161.759" classname="com.GIC_June23.tc.TC005_GICBasicDetails"/>
  <testcase name="basicDetails" time="161.622" classname="com.GIC_June23.tc.TC005_GICBasicDetails"/>
  <testcase name="basicDetails" time="161.454" classname="com.GIC_June23.tc.TC005_GICBasicDetails"/>
  <testcase name="basicDetails" time="163.323" classname="com.GIC_June23.tc.TC005_GICBasicDetails"/>
  <testcase name="basicDetails" time="163.706" classname="com.GIC_June23.tc.TC005_GICBasicDetails"/>
  <testcase name="basicDetails" time="161.364" classname="com.GIC_June23.tc.TC005_GICBasicDetails"/>
  <testcase name="basicDetails" time="161.553" classname="com.GIC_June23.tc.TC005_GICBasicDetails"/>
  <testcase name="basicDetails" time="161.239" classname="com.GIC_June23.tc.TC005_GICBasicDetails"/>
  <testcase name="basicDetails" time="161.522" classname="com.GIC_June23.tc.TC005_GICBasicDetails"/>
  <testcase name="basicDetails" time="163.389" classname="com.GIC_June23.tc.TC005_GICBasicDetails"/>
  <testcase name="basicDetails" time="161.669" classname="com.GIC_June23.tc.TC005_GICBasicDetails"/>
  <testcase name="basicDetails" time="161.066" classname="com.GIC_June23.tc.TC005_GICBasicDetails"/>
  <testcase name="basicDetails" time="161.617" classname="com.GIC_June23.tc.TC005_GICBasicDetails"/>
  <testcase name="basicDetails" time="163.475" classname="com.GIC_June23.tc.TC005_GICBasicDetails"/>
  <testcase name="basicDetails" time="161.420" classname="com.GIC_June23.tc.TC005_GICBasicDetails"/>
  <testcase name="basicDetails" time="164.030" classname="com.GIC_June23.tc.TC005_GICBasicDetails"/>
  <testcase name="basicDetails" time="161.262" classname="com.GIC_June23.tc.TC005_GICBasicDetails"/>
  <testcase name="basicDetails" time="161.434" classname="com.GIC_June23.tc.TC005_GICBasicDetails"/>
  <testcase name="basicDetails" time="163.780" classname="com.GIC_June23.tc.TC005_GICBasicDetails"/>
  <testcase name="basicDetails" time="161.069" classname="com.GIC_June23.tc.TC005_GICBasicDetails"/>
  <testcase name="basicDetails" time="161.395" classname="com.GIC_June23.tc.TC005_GICBasicDetails"/>
  <testcase name="basicDetails" time="163.126" classname="com.GIC_June23.tc.TC005_GICBasicDetails"/>
  <testcase name="basicDetails" time="161.184" classname="com.GIC_June23.tc.TC005_GICBasicDetails"/>
  <testcase name="basicDetails" time="164.065" classname="com.GIC_June23.tc.TC005_GICBasicDetails"/>
  <testcase name="basicDetails" time="163.231" classname="com.GIC_June23.tc.TC005_GICBasicDetails"/>
  <testcase name="basicDetails" time="163.241" classname="com.GIC_June23.tc.TC005_GICBasicDetails"/>
  <testcase name="basicDetails" time="163.278" classname="com.GIC_June23.tc.TC005_GICBasicDetails"/>
  <testcase name="basicDetails" time="161.233" classname="com.GIC_June23.tc.TC005_GICBasicDetails"/>
  <testcase name="basicDetails" time="163.602" classname="com.GIC_June23.tc.TC005_GICBasicDetails"/>
  <testcase name="basicDetails" time="161.371" classname="com.GIC_June23.tc.TC005_GICBasicDetails"/>
  <testcase name="basicDetails" time="161.371" classname="com.GIC_June23.tc.TC005_GICBasicDetails"/>
  <testcase name="basicDetails" time="161.439" classname="com.GIC_June23.tc.TC005_GICBasicDetails"/>
  <testcase name="basicDetails" time="161.663" classname="com.GIC_June23.tc.TC005_GICBasicDetails"/>
  <testcase name="basicDetails" time="161.672" classname="com.GIC_June23.tc.TC005_GICBasicDetails"/>
  <testcase name="basicDetails" time="163.709" classname="com.GIC_June23.tc.TC005_GICBasicDetails"/>
  <testcase name="basicDetails" time="163.486" classname="com.GIC_June23.tc.TC005_GICBasicDetails"/>
  <testcase name="basicDetails" time="161.305" classname="com.GIC_June23.tc.TC005_GICBasicDetails"/>
  <testcase name="basicDetails" time="161.475" classname="com.GIC_June23.tc.TC005_GICBasicDetails"/>
  <testcase name="basicDetails" time="163.450" classname="com.GIC_June23.tc.TC005_GICBasicDetails"/>
  <testcase name="basicDetails" time="161.328" classname="com.GIC_June23.tc.TC005_GICBasicDetails"/>
  <testcase name="basicDetails" time="161.678" classname="com.GIC_June23.tc.TC005_GICBasicDetails"/>
  <testcase name="basicDetails" time="161.642" classname="com.GIC_June23.tc.TC005_GICBasicDetails"/>
  <testcase name="basicDetails" time="161.761" classname="com.GIC_June23.tc.TC005_GICBasicDetails"/>
  <testcase name="basicDetails" time="161.490" classname="com.GIC_June23.tc.TC005_GICBasicDetails"/>
  <testcase name="basicDetails" time="164.062" classname="com.GIC_June23.tc.TC005_GICBasicDetails"/>
  <testcase name="basicDetails" time="161.531" classname="com.GIC_June23.tc.TC005_GICBasicDetails"/>
  <testcase name="basicDetails" time="163.318" classname="com.GIC_June23.tc.TC005_GICBasicDetails"/>
  <testcase name="basicDetails" time="163.944" classname="com.GIC_June23.tc.TC005_GICBasicDetails"/>
  <testcase name="basicDetails" time="161.528" classname="com.GIC_June23.tc.TC005_GICBasicDetails"/>
  <testcase name="basicDetails" time="163.292" classname="com.GIC_June23.tc.TC005_GICBasicDetails"/>
  <testcase name="basicDetails" time="163.592" classname="com.GIC_June23.tc.TC005_GICBasicDetails"/>
  <testcase name="basicDetails" time="161.111" classname="com.GIC_June23.tc.TC005_GICBasicDetails"/>
  <testcase name="basicDetails" time="161.355" classname="com.GIC_June23.tc.TC005_GICBasicDetails"/>
  <testcase name="basicDetails" time="161.828" classname="com.GIC_June23.tc.TC005_GICBasicDetails"/>
  <testcase name="basicDetails" time="161.163" classname="com.GIC_June23.tc.TC005_GICBasicDetails"/>
  <testcase name="basicDetails" time="163.069" classname="com.GIC_June23.tc.TC005_GICBasicDetails"/>
  <testcase name="basicDetails" time="163.543" classname="com.GIC_June23.tc.TC005_GICBasicDetails"/>
  <testcase name="basicDetails" time="163.532" classname="com.GIC_June23.tc.TC005_GICBasicDetails"/>
  <testcase name="basicDetails" time="163.641" classname="com.GIC_June23.tc.TC005_GICBasicDetails"/>
  <testcase name="basicDetails" time="161.205" classname="com.GIC_June23.tc.TC005_GICBasicDetails"/>
  <testcase name="basicDetails" time="161.663" classname="com.GIC_June23.tc.TC005_GICBasicDetails"/>
  <testcase name="basicDetails" time="161.534" classname="com.GIC_June23.tc.TC005_GICBasicDetails"/>
  <testcase name="basicDetails" time="161.122" classname="com.GIC_June23.tc.TC005_GICBasicDetails"/>
  <testcase name="basicDetails" time="161.478" classname="com.GIC_June23.tc.TC005_GICBasicDetails"/>
  <testcase name="basicDetails" time="161.314" classname="com.GIC_June23.tc.TC005_GICBasicDetails"/>
  <testcase name="basicDetails" time="161.436" classname="com.GIC_June23.tc.TC005_GICBasicDetails"/>
  <testcase name="basicDetails" time="161.737" classname="com.GIC_June23.tc.TC005_GICBasicDetails"/>
  <testcase name="basicDetails" time="163.084" classname="com.GIC_June23.tc.TC005_GICBasicDetails"/>
  <testcase name="basicDetails" time="163.422" classname="com.GIC_June23.tc.TC005_GICBasicDetails"/>
  <testcase name="basicDetails" time="161.304" classname="com.GIC_June23.tc.TC005_GICBasicDetails"/>
  <testcase name="basicDetails" time="161.589" classname="com.GIC_June23.tc.TC005_GICBasicDetails"/>
  <testcase name="basicDetails" time="161.667" classname="com.GIC_June23.tc.TC005_GICBasicDetails"/>
  <testcase name="basicDetails" time="163.179" classname="com.GIC_June23.tc.TC005_GICBasicDetails"/>
  <testcase name="basicDetails" time="161.510" classname="com.GIC_June23.tc.TC005_GICBasicDetails"/>
  <testcase name="basicDetails" time="161.401" classname="com.GIC_June23.tc.TC005_GICBasicDetails"/>
  <testcase name="basicDetails" time="161.425" classname="com.GIC_June23.tc.TC005_GICBasicDetails"/>
  <testcase name="basicDetails" time="161.695" classname="com.GIC_June23.tc.TC005_GICBasicDetails"/>
  <testcase name="basicDetails" time="161.332" classname="com.GIC_June23.tc.TC005_GICBasicDetails"/>
  <testcase name="basicDetails" time="164.031" classname="com.GIC_June23.tc.TC005_GICBasicDetails"/>
  <testcase name="basicDetails" time="161.870" classname="com.GIC_June23.tc.TC005_GICBasicDetails"/>
  <testcase name="basicDetails" time="161.451" classname="com.GIC_June23.tc.TC005_GICBasicDetails"/>
  <testcase name="basicDetails" time="161.518" classname="com.GIC_June23.tc.TC005_GICBasicDetails"/>
  <testcase name="basicDetails" time="163.591" classname="com.GIC_June23.tc.TC005_GICBasicDetails"/>
  <testcase name="basicDetails" time="161.260" classname="com.GIC_June23.tc.TC005_GICBasicDetails"/>
  <testcase name="basicDetails" time="163.468" classname="com.GIC_June23.tc.TC005_GICBasicDetails"/>
  <testcase name="basicDetails" time="161.464" classname="com.GIC_June23.tc.TC005_GICBasicDetails"/>
  <testcase name="basicDetails" time="161.413" classname="com.GIC_June23.tc.TC005_GICBasicDetails"/>
  <testcase name="basicDetails" time="163.545" classname="com.GIC_June23.tc.TC005_GICBasicDetails"/>
  <testcase name="basicDetails" time="161.573" classname="com.GIC_June23.tc.TC005_GICBasicDetails"/>
  <testcase name="basicDetails" time="163.082" classname="com.GIC_June23.tc.TC005_GICBasicDetails"/>
  <testcase name="basicDetails" time="161.137" classname="com.GIC_June23.tc.TC005_GICBasicDetails"/>
  <testcase name="basicDetails" time="163.780" classname="com.GIC_June23.tc.TC005_GICBasicDetails"/>
  <testcase name="basicDetails" time="161.183" classname="com.GIC_June23.tc.TC005_GICBasicDetails"/>
  <testcase name="basicDetails" time="161.590" classname="com.GIC_June23.tc.TC005_GICBasicDetails"/>
  <testcase name="basicDetails" time="163.602" classname="com.GIC_June23.tc.TC005_GICBasicDetails"/>
  <testcase name="basicDetails" time="161.627" classname="com.GIC_June23.tc.TC005_GICBasicDetails"/>
  <testcase name="basicDetails" time="163.268" classname="com.GIC_June23.tc.TC005_GICBasicDetails"/>
  <testcase name="basicDetails" time="164.189" classname="com.GIC_June23.tc.TC005_GICBasicDetails"/>
  <testcase name="basicDetails" time="161.165" classname="com.GIC_June23.tc.TC005_GICBasicDetails"/>
  <testcase name="basicDetails" time="163.888" classname="com.GIC_June23.tc.TC005_GICBasicDetails"/>
  <testcase name="basicDetails" time="163.580" classname="com.GIC_June23.tc.TC005_GICBasicDetails"/>
  <testcase name="basicDetails" time="170.928" classname="com.GIC_June23.tc.TC005_GICBasicDetails"/>
  <testcase name="basicDetails" time="161.605" classname="com.GIC_June23.tc.TC005_GICBasicDetails"/>
  <testcase name="basicDetails" time="163.486" classname="com.GIC_June23.tc.TC005_GICBasicDetails"/>
  <testcase name="basicDetails" time="161.799" classname="com.GIC_June23.tc.TC005_GICBasicDetails"/>
  <testcase name="basicDetails" time="161.495" classname="com.GIC_June23.tc.TC005_GICBasicDetails"/>
  <testcase name="basicDetails" time="162.832" classname="com.GIC_June23.tc.TC005_GICBasicDetails"/>
  <testcase name="basicDetails" time="161.695" classname="com.GIC_June23.tc.TC005_GICBasicDetails"/>
  <testcase name="basicDetails" time="161.589" classname="com.GIC_June23.tc.TC005_GICBasicDetails"/>
  <testcase name="basicDetails" time="161.271" classname="com.GIC_June23.tc.TC005_GICBasicDetails"/>
  <testcase name="basicDetails" time="161.540" classname="com.GIC_June23.tc.TC005_GICBasicDetails"/>
  <testcase name="basicDetails" time="162.004" classname="com.GIC_June23.tc.TC005_GICBasicDetails"/>
  <testcase name="basicDetails" time="161.535" classname="com.GIC_June23.tc.TC005_GICBasicDetails"/>
  <testcase name="basicDetails" time="163.709" classname="com.GIC_June23.tc.TC005_GICBasicDetails"/>
  <testcase name="basicDetails" time="161.718" classname="com.GIC_June23.tc.TC005_GICBasicDetails"/>
  <testcase name="basicDetails" time="161.592" classname="com.GIC_June23.tc.TC005_GICBasicDetails"/>
  <testcase name="basicDetails" time="163.535" classname="com.GIC_June23.tc.TC005_GICBasicDetails"/>
  <testcase name="basicDetails" time="161.333" classname="com.GIC_June23.tc.TC005_GICBasicDetails"/>
  <testcase name="basicDetails" time="161.625" classname="com.GIC_June23.tc.TC005_GICBasicDetails"/>
  <testcase name="basicDetails" time="161.606" classname="com.GIC_June23.tc.TC005_GICBasicDetails"/>
  <testcase name="basicDetails" time="161.186" classname="com.GIC_June23.tc.TC005_GICBasicDetails"/>
  <testcase name="basicDetails" time="161.420" classname="com.GIC_June23.tc.TC005_GICBasicDetails"/>
  <testcase name="basicDetails" time="163.597" classname="com.GIC_June23.tc.TC005_GICBasicDetails"/>
  <testcase name="basicDetails" time="162.085" classname="com.GIC_June23.tc.TC005_GICBasicDetails"/>
  <testcase name="basicDetails" time="161.049" classname="com.GIC_June23.tc.TC005_GICBasicDetails"/>
  <testcase name="basicDetails" time="161.679" classname="com.GIC_June23.tc.TC005_GICBasicDetails"/>
</testsuite> <!-- com.GIC_June23.tc.TC005_GICBasicDetails -->
