<?xml version="1.0" encoding="UTF-8"?>
<!-- Generated by org.testng.reporters.JUnitReportReporter -->
<testsuite skipped="0" hostname="MAA015435A" name="com.mint.tc.TC002_MintBasicDetails" tests="3" failures="0" timestamp="10 Dec 2019 06:57:38 GMT" time="274.727" errors="0">
  <testcase name="basicDetails" time="91.021" classname="com.mint.tc.TC002_MintBasicDetails"/>
  <testcase name="basicDetails" time="95.287" classname="com.mint.tc.TC002_MintBasicDetails"/>
  <testcase name="basicDetails" time="88.419" classname="com.mint.tc.TC002_MintBasicDetails"/>
</testsuite> <!-- com.mint.tc.TC002_MintBasicDetails -->
