<?xml version="1.0" encoding="UTF-8"?>
<!-- Generated by org.testng.reporters.JUnitReportReporter -->
<testsuite skipped="0" hostname="MAA014482B" name="com.CNP_21Oct22.tc.TC001_CNPBasicDetails" tests="4" failures="0" timestamp="2022-10-27T18:06:33 IST" time="646.995" errors="0">
  <testcase name="basicDetails" time="162.423" classname="com.CNP_21Oct22.tc.TC001_CNPBasicDetails"/>
  <testcase name="basicDetails" time="162.745" classname="com.CNP_21Oct22.tc.TC001_CNPBasicDetails"/>
  <testcase name="basicDetails" time="161.283" classname="com.CNP_21Oct22.tc.TC001_CNPBasicDetails"/>
  <testcase name="basicDetails" time="160.544" classname="com.CNP_21Oct22.tc.TC001_CNPBasicDetails"/>
</testsuite> <!-- com.CNP_21Oct22.tc.TC001_CNPBasicDetails -->
