<?xml version="1.0" encoding="UTF-8"?>
<!-- Generated by org.testng.reporters.JUnitReportReporter -->
<testsuite skipped="0" hostname="MAA014482B" name="com.DES_April23.tc.TC002_DESBasicDetails" tests="180" failures="0" timestamp="2023-04-26T07:38:00 IST" time="29141.260" errors="0">
  <testcase name="basicDetails" time="161.080" classname="com.DES_April23.tc.TC002_DESBasicDetails"/>
  <testcase name="basicDetails" time="161.108" classname="com.DES_April23.tc.TC002_DESBasicDetails"/>
  <testcase name="basicDetails" time="161.188" classname="com.DES_April23.tc.TC002_DESBasicDetails"/>
  <testcase name="basicDetails" time="161.205" classname="com.DES_April23.tc.TC002_DESBasicDetails"/>
  <testcase name="basicDetails" time="161.008" classname="com.DES_April23.tc.TC002_DESBasicDetails"/>
  <testcase name="basicDetails" time="161.100" classname="com.DES_April23.tc.TC002_DESBasicDetails"/>
  <testcase name="basicDetails" time="161.497" classname="com.DES_April23.tc.TC002_DESBasicDetails"/>
  <testcase name="basicDetails" time="161.225" classname="com.DES_April23.tc.TC002_DESBasicDetails"/>
  <testcase name="basicDetails" time="161.693" classname="com.DES_April23.tc.TC002_DESBasicDetails"/>
  <testcase name="basicDetails" time="160.914" classname="com.DES_April23.tc.TC002_DESBasicDetails"/>
  <testcase name="basicDetails" time="164.400" classname="com.DES_April23.tc.TC002_DESBasicDetails"/>
  <testcase name="basicDetails" time="161.098" classname="com.DES_April23.tc.TC002_DESBasicDetails"/>
  <testcase name="basicDetails" time="160.950" classname="com.DES_April23.tc.TC002_DESBasicDetails"/>
  <testcase name="basicDetails" time="161.540" classname="com.DES_April23.tc.TC002_DESBasicDetails"/>
  <testcase name="basicDetails" time="161.790" classname="com.DES_April23.tc.TC002_DESBasicDetails"/>
  <testcase name="basicDetails" time="161.618" classname="com.DES_April23.tc.TC002_DESBasicDetails"/>
  <testcase name="basicDetails" time="161.504" classname="com.DES_April23.tc.TC002_DESBasicDetails"/>
  <testcase name="basicDetails" time="161.568" classname="com.DES_April23.tc.TC002_DESBasicDetails"/>
  <testcase name="basicDetails" time="161.583" classname="com.DES_April23.tc.TC002_DESBasicDetails"/>
  <testcase name="basicDetails" time="161.539" classname="com.DES_April23.tc.TC002_DESBasicDetails"/>
  <testcase name="basicDetails" time="166.220" classname="com.DES_April23.tc.TC002_DESBasicDetails"/>
  <testcase name="basicDetails" time="161.080" classname="com.DES_April23.tc.TC002_DESBasicDetails"/>
  <testcase name="basicDetails" time="161.093" classname="com.DES_April23.tc.TC002_DESBasicDetails"/>
  <testcase name="basicDetails" time="161.177" classname="com.DES_April23.tc.TC002_DESBasicDetails"/>
  <testcase name="basicDetails" time="161.155" classname="com.DES_April23.tc.TC002_DESBasicDetails"/>
  <testcase name="basicDetails" time="161.516" classname="com.DES_April23.tc.TC002_DESBasicDetails"/>
  <testcase name="basicDetails" time="161.478" classname="com.DES_April23.tc.TC002_DESBasicDetails"/>
  <testcase name="basicDetails" time="161.596" classname="com.DES_April23.tc.TC002_DESBasicDetails"/>
  <testcase name="basicDetails" time="161.143" classname="com.DES_April23.tc.TC002_DESBasicDetails"/>
  <testcase name="basicDetails" time="161.533" classname="com.DES_April23.tc.TC002_DESBasicDetails"/>
  <testcase name="basicDetails" time="161.020" classname="com.DES_April23.tc.TC002_DESBasicDetails"/>
  <testcase name="basicDetails" time="161.047" classname="com.DES_April23.tc.TC002_DESBasicDetails"/>
  <testcase name="basicDetails" time="164.507" classname="com.DES_April23.tc.TC002_DESBasicDetails"/>
  <testcase name="basicDetails" time="161.261" classname="com.DES_April23.tc.TC002_DESBasicDetails"/>
  <testcase name="basicDetails" time="161.489" classname="com.DES_April23.tc.TC002_DESBasicDetails"/>
  <testcase name="basicDetails" time="161.006" classname="com.DES_April23.tc.TC002_DESBasicDetails"/>
  <testcase name="basicDetails" time="161.092" classname="com.DES_April23.tc.TC002_DESBasicDetails"/>
  <testcase name="basicDetails" time="161.009" classname="com.DES_April23.tc.TC002_DESBasicDetails"/>
  <testcase name="basicDetails" time="161.365" classname="com.DES_April23.tc.TC002_DESBasicDetails"/>
  <testcase name="basicDetails" time="161.154" classname="com.DES_April23.tc.TC002_DESBasicDetails"/>
  <testcase name="basicDetails" time="161.014" classname="com.DES_April23.tc.TC002_DESBasicDetails"/>
  <testcase name="basicDetails" time="161.156" classname="com.DES_April23.tc.TC002_DESBasicDetails"/>
  <testcase name="basicDetails" time="161.291" classname="com.DES_April23.tc.TC002_DESBasicDetails"/>
  <testcase name="basicDetails" time="161.587" classname="com.DES_April23.tc.TC002_DESBasicDetails"/>
  <testcase name="basicDetails" time="161.330" classname="com.DES_April23.tc.TC002_DESBasicDetails"/>
  <testcase name="basicDetails" time="161.151" classname="com.DES_April23.tc.TC002_DESBasicDetails"/>
  <testcase name="basicDetails" time="160.719" classname="com.DES_April23.tc.TC002_DESBasicDetails"/>
  <testcase name="basicDetails" time="160.911" classname="com.DES_April23.tc.TC002_DESBasicDetails"/>
  <testcase name="basicDetails" time="161.161" classname="com.DES_April23.tc.TC002_DESBasicDetails"/>
  <testcase name="basicDetails" time="160.329" classname="com.DES_April23.tc.TC002_DESBasicDetails"/>
  <testcase name="basicDetails" time="164.572" classname="com.DES_April23.tc.TC002_DESBasicDetails"/>
  <testcase name="basicDetails" time="161.217" classname="com.DES_April23.tc.TC002_DESBasicDetails"/>
  <testcase name="basicDetails" time="161.227" classname="com.DES_April23.tc.TC002_DESBasicDetails"/>
  <testcase name="basicDetails" time="161.510" classname="com.DES_April23.tc.TC002_DESBasicDetails"/>
  <testcase name="basicDetails" time="161.039" classname="com.DES_April23.tc.TC002_DESBasicDetails"/>
  <testcase name="basicDetails" time="161.180" classname="com.DES_April23.tc.TC002_DESBasicDetails"/>
  <testcase name="basicDetails" time="164.722" classname="com.DES_April23.tc.TC002_DESBasicDetails"/>
  <testcase name="basicDetails" time="173.718" classname="com.DES_April23.tc.TC002_DESBasicDetails"/>
  <testcase name="basicDetails" time="164.302" classname="com.DES_April23.tc.TC002_DESBasicDetails"/>
  <testcase name="basicDetails" time="161.609" classname="com.DES_April23.tc.TC002_DESBasicDetails"/>
  <testcase name="basicDetails" time="160.900" classname="com.DES_April23.tc.TC002_DESBasicDetails"/>
  <testcase name="basicDetails" time="164.432" classname="com.DES_April23.tc.TC002_DESBasicDetails"/>
  <testcase name="basicDetails" time="161.091" classname="com.DES_April23.tc.TC002_DESBasicDetails"/>
  <testcase name="basicDetails" time="164.646" classname="com.DES_April23.tc.TC002_DESBasicDetails"/>
  <testcase name="basicDetails" time="161.186" classname="com.DES_April23.tc.TC002_DESBasicDetails"/>
  <testcase name="basicDetails" time="161.217" classname="com.DES_April23.tc.TC002_DESBasicDetails"/>
  <testcase name="basicDetails" time="161.391" classname="com.DES_April23.tc.TC002_DESBasicDetails"/>
  <testcase name="basicDetails" time="161.220" classname="com.DES_April23.tc.TC002_DESBasicDetails"/>
  <testcase name="basicDetails" time="161.331" classname="com.DES_April23.tc.TC002_DESBasicDetails"/>
  <testcase name="basicDetails" time="160.987" classname="com.DES_April23.tc.TC002_DESBasicDetails"/>
  <testcase name="basicDetails" time="161.354" classname="com.DES_April23.tc.TC002_DESBasicDetails"/>
  <testcase name="basicDetails" time="161.164" classname="com.DES_April23.tc.TC002_DESBasicDetails"/>
  <testcase name="basicDetails" time="161.243" classname="com.DES_April23.tc.TC002_DESBasicDetails"/>
  <testcase name="basicDetails" time="161.316" classname="com.DES_April23.tc.TC002_DESBasicDetails"/>
  <testcase name="basicDetails" time="161.211" classname="com.DES_April23.tc.TC002_DESBasicDetails"/>
  <testcase name="basicDetails" time="161.762" classname="com.DES_April23.tc.TC002_DESBasicDetails"/>
  <testcase name="basicDetails" time="164.328" classname="com.DES_April23.tc.TC002_DESBasicDetails"/>
  <testcase name="basicDetails" time="161.151" classname="com.DES_April23.tc.TC002_DESBasicDetails"/>
  <testcase name="basicDetails" time="161.287" classname="com.DES_April23.tc.TC002_DESBasicDetails"/>
  <testcase name="basicDetails" time="160.837" classname="com.DES_April23.tc.TC002_DESBasicDetails"/>
  <testcase name="basicDetails" time="164.471" classname="com.DES_April23.tc.TC002_DESBasicDetails"/>
  <testcase name="basicDetails" time="160.995" classname="com.DES_April23.tc.TC002_DESBasicDetails"/>
  <testcase name="basicDetails" time="164.506" classname="com.DES_April23.tc.TC002_DESBasicDetails"/>
  <testcase name="basicDetails" time="161.245" classname="com.DES_April23.tc.TC002_DESBasicDetails"/>
  <testcase name="basicDetails" time="161.188" classname="com.DES_April23.tc.TC002_DESBasicDetails"/>
  <testcase name="basicDetails" time="161.460" classname="com.DES_April23.tc.TC002_DESBasicDetails"/>
  <testcase name="basicDetails" time="160.986" classname="com.DES_April23.tc.TC002_DESBasicDetails"/>
  <testcase name="basicDetails" time="172.992" classname="com.DES_April23.tc.TC002_DESBasicDetails"/>
  <testcase name="basicDetails" time="161.369" classname="com.DES_April23.tc.TC002_DESBasicDetails"/>
  <testcase name="basicDetails" time="160.954" classname="com.DES_April23.tc.TC002_DESBasicDetails"/>
  <testcase name="basicDetails" time="164.865" classname="com.DES_April23.tc.TC002_DESBasicDetails"/>
  <testcase name="basicDetails" time="164.346" classname="com.DES_April23.tc.TC002_DESBasicDetails"/>
  <testcase name="basicDetails" time="161.881" classname="com.DES_April23.tc.TC002_DESBasicDetails"/>
  <testcase name="basicDetails" time="161.157" classname="com.DES_April23.tc.TC002_DESBasicDetails"/>
  <testcase name="basicDetails" time="161.031" classname="com.DES_April23.tc.TC002_DESBasicDetails"/>
  <testcase name="basicDetails" time="161.107" classname="com.DES_April23.tc.TC002_DESBasicDetails"/>
  <testcase name="basicDetails" time="161.378" classname="com.DES_April23.tc.TC002_DESBasicDetails"/>
  <testcase name="basicDetails" time="161.537" classname="com.DES_April23.tc.TC002_DESBasicDetails"/>
  <testcase name="basicDetails" time="164.665" classname="com.DES_April23.tc.TC002_DESBasicDetails"/>
  <testcase name="basicDetails" time="161.453" classname="com.DES_April23.tc.TC002_DESBasicDetails"/>
  <testcase name="basicDetails" time="161.403" classname="com.DES_April23.tc.TC002_DESBasicDetails"/>
  <testcase name="basicDetails" time="161.642" classname="com.DES_April23.tc.TC002_DESBasicDetails"/>
  <testcase name="basicDetails" time="160.982" classname="com.DES_April23.tc.TC002_DESBasicDetails"/>
  <testcase name="basicDetails" time="161.077" classname="com.DES_April23.tc.TC002_DESBasicDetails"/>
  <testcase name="basicDetails" time="164.806" classname="com.DES_April23.tc.TC002_DESBasicDetails"/>
  <testcase name="basicDetails" time="161.422" classname="com.DES_April23.tc.TC002_DESBasicDetails"/>
  <testcase name="basicDetails" time="160.937" classname="com.DES_April23.tc.TC002_DESBasicDetails"/>
  <testcase name="basicDetails" time="161.566" classname="com.DES_April23.tc.TC002_DESBasicDetails"/>
  <testcase name="basicDetails" time="173.551" classname="com.DES_April23.tc.TC002_DESBasicDetails"/>
  <testcase name="basicDetails" time="161.667" classname="com.DES_April23.tc.TC002_DESBasicDetails"/>
  <testcase name="basicDetails" time="161.028" classname="com.DES_April23.tc.TC002_DESBasicDetails"/>
  <testcase name="basicDetails" time="160.755" classname="com.DES_April23.tc.TC002_DESBasicDetails"/>
  <testcase name="basicDetails" time="161.152" classname="com.DES_April23.tc.TC002_DESBasicDetails"/>
  <testcase name="basicDetails" time="161.349" classname="com.DES_April23.tc.TC002_DESBasicDetails"/>
  <testcase name="basicDetails" time="160.741" classname="com.DES_April23.tc.TC002_DESBasicDetails"/>
  <testcase name="basicDetails" time="161.180" classname="com.DES_April23.tc.TC002_DESBasicDetails"/>
  <testcase name="basicDetails" time="161.471" classname="com.DES_April23.tc.TC002_DESBasicDetails"/>
  <testcase name="basicDetails" time="161.288" classname="com.DES_April23.tc.TC002_DESBasicDetails"/>
  <testcase name="basicDetails" time="161.230" classname="com.DES_April23.tc.TC002_DESBasicDetails"/>
  <testcase name="basicDetails" time="160.954" classname="com.DES_April23.tc.TC002_DESBasicDetails"/>
  <testcase name="basicDetails" time="161.162" classname="com.DES_April23.tc.TC002_DESBasicDetails"/>
  <testcase name="basicDetails" time="161.000" classname="com.DES_April23.tc.TC002_DESBasicDetails"/>
  <testcase name="basicDetails" time="161.627" classname="com.DES_April23.tc.TC002_DESBasicDetails"/>
  <testcase name="basicDetails" time="161.116" classname="com.DES_April23.tc.TC002_DESBasicDetails"/>
  <testcase name="basicDetails" time="161.138" classname="com.DES_April23.tc.TC002_DESBasicDetails"/>
  <testcase name="basicDetails" time="160.962" classname="com.DES_April23.tc.TC002_DESBasicDetails"/>
  <testcase name="basicDetails" time="160.820" classname="com.DES_April23.tc.TC002_DESBasicDetails"/>
  <testcase name="basicDetails" time="161.428" classname="com.DES_April23.tc.TC002_DESBasicDetails"/>
  <testcase name="basicDetails" time="161.152" classname="com.DES_April23.tc.TC002_DESBasicDetails"/>
  <testcase name="basicDetails" time="164.498" classname="com.DES_April23.tc.TC002_DESBasicDetails"/>
  <testcase name="basicDetails" time="161.248" classname="com.DES_April23.tc.TC002_DESBasicDetails"/>
  <testcase name="basicDetails" time="161.039" classname="com.DES_April23.tc.TC002_DESBasicDetails"/>
  <testcase name="basicDetails" time="164.519" classname="com.DES_April23.tc.TC002_DESBasicDetails"/>
  <testcase name="basicDetails" time="161.244" classname="com.DES_April23.tc.TC002_DESBasicDetails"/>
  <testcase name="basicDetails" time="161.440" classname="com.DES_April23.tc.TC002_DESBasicDetails"/>
  <testcase name="basicDetails" time="161.050" classname="com.DES_April23.tc.TC002_DESBasicDetails"/>
  <testcase name="basicDetails" time="161.397" classname="com.DES_April23.tc.TC002_DESBasicDetails"/>
  <testcase name="basicDetails" time="160.908" classname="com.DES_April23.tc.TC002_DESBasicDetails"/>
  <testcase name="basicDetails" time="161.148" classname="com.DES_April23.tc.TC002_DESBasicDetails"/>
  <testcase name="basicDetails" time="161.404" classname="com.DES_April23.tc.TC002_DESBasicDetails"/>
  <testcase name="basicDetails" time="161.127" classname="com.DES_April23.tc.TC002_DESBasicDetails"/>
  <testcase name="basicDetails" time="161.076" classname="com.DES_April23.tc.TC002_DESBasicDetails"/>
  <testcase name="basicDetails" time="161.170" classname="com.DES_April23.tc.TC002_DESBasicDetails"/>
  <testcase name="basicDetails" time="161.232" classname="com.DES_April23.tc.TC002_DESBasicDetails"/>
  <testcase name="basicDetails" time="161.711" classname="com.DES_April23.tc.TC002_DESBasicDetails"/>
  <testcase name="basicDetails" time="161.248" classname="com.DES_April23.tc.TC002_DESBasicDetails"/>
  <testcase name="basicDetails" time="161.306" classname="com.DES_April23.tc.TC002_DESBasicDetails"/>
  <testcase name="basicDetails" time="161.379" classname="com.DES_April23.tc.TC002_DESBasicDetails"/>
  <testcase name="basicDetails" time="161.307" classname="com.DES_April23.tc.TC002_DESBasicDetails"/>
  <testcase name="basicDetails" time="164.418" classname="com.DES_April23.tc.TC002_DESBasicDetails"/>
  <testcase name="basicDetails" time="161.257" classname="com.DES_April23.tc.TC002_DESBasicDetails"/>
  <testcase name="basicDetails" time="161.324" classname="com.DES_April23.tc.TC002_DESBasicDetails"/>
  <testcase name="basicDetails" time="160.933" classname="com.DES_April23.tc.TC002_DESBasicDetails"/>
  <testcase name="basicDetails" time="164.414" classname="com.DES_April23.tc.TC002_DESBasicDetails"/>
  <testcase name="basicDetails" time="160.925" classname="com.DES_April23.tc.TC002_DESBasicDetails"/>
  <testcase name="basicDetails" time="161.274" classname="com.DES_April23.tc.TC002_DESBasicDetails"/>
  <testcase name="basicDetails" time="161.108" classname="com.DES_April23.tc.TC002_DESBasicDetails"/>
  <testcase name="basicDetails" time="161.169" classname="com.DES_April23.tc.TC002_DESBasicDetails"/>
  <testcase name="basicDetails" time="160.954" classname="com.DES_April23.tc.TC002_DESBasicDetails"/>
  <testcase name="basicDetails" time="161.648" classname="com.DES_April23.tc.TC002_DESBasicDetails"/>
  <testcase name="basicDetails" time="161.392" classname="com.DES_April23.tc.TC002_DESBasicDetails"/>
  <testcase name="basicDetails" time="164.681" classname="com.DES_April23.tc.TC002_DESBasicDetails"/>
  <testcase name="basicDetails" time="160.891" classname="com.DES_April23.tc.TC002_DESBasicDetails"/>
  <testcase name="basicDetails" time="161.404" classname="com.DES_April23.tc.TC002_DESBasicDetails"/>
  <testcase name="basicDetails" time="161.252" classname="com.DES_April23.tc.TC002_DESBasicDetails"/>
  <testcase name="basicDetails" time="161.442" classname="com.DES_April23.tc.TC002_DESBasicDetails"/>
  <testcase name="basicDetails" time="161.291" classname="com.DES_April23.tc.TC002_DESBasicDetails"/>
  <testcase name="basicDetails" time="161.497" classname="com.DES_April23.tc.TC002_DESBasicDetails"/>
  <testcase name="basicDetails" time="161.174" classname="com.DES_April23.tc.TC002_DESBasicDetails"/>
  <testcase name="basicDetails" time="161.341" classname="com.DES_April23.tc.TC002_DESBasicDetails"/>
  <testcase name="basicDetails" time="161.125" classname="com.DES_April23.tc.TC002_DESBasicDetails"/>
  <testcase name="basicDetails" time="173.298" classname="com.DES_April23.tc.TC002_DESBasicDetails"/>
  <testcase name="basicDetails" time="161.410" classname="com.DES_April23.tc.TC002_DESBasicDetails"/>
  <testcase name="basicDetails" time="161.354" classname="com.DES_April23.tc.TC002_DESBasicDetails"/>
  <testcase name="basicDetails" time="164.428" classname="com.DES_April23.tc.TC002_DESBasicDetails"/>
  <testcase name="basicDetails" time="161.587" classname="com.DES_April23.tc.TC002_DESBasicDetails"/>
  <testcase name="basicDetails" time="161.498" classname="com.DES_April23.tc.TC002_DESBasicDetails"/>
  <testcase name="basicDetails" time="161.303" classname="com.DES_April23.tc.TC002_DESBasicDetails"/>
  <testcase name="basicDetails" time="160.843" classname="com.DES_April23.tc.TC002_DESBasicDetails"/>
  <testcase name="basicDetails" time="160.632" classname="com.DES_April23.tc.TC002_DESBasicDetails"/>
</testsuite> <!-- com.DES_April23.tc.TC002_DESBasicDetails -->
