<?xml version="1.0" encoding="UTF-8"?>
<!-- Generated by org.testng.reporters.JUnitReportReporter -->
<testsuite skipped="0" hostname="MAA014482B" name="com.meghalaya.tc.TC005_MeghalayaBasicDetails" tests="30" failures="0" timestamp="14 Nov 2019 05:43:52 GMT" time="2309.505" errors="0">
  <testcase name="basicDetails" time="76.274" classname="com.meghalaya.tc.TC005_MeghalayaBasicDetails"/>
  <testcase name="basicDetails" time="75.491" classname="com.meghalaya.tc.TC005_MeghalayaBasicDetails"/>
  <testcase name="basicDetails" time="75.840" classname="com.meghalaya.tc.TC005_MeghalayaBasicDetails"/>
  <testcase name="basicDetails" time="75.526" classname="com.meghalaya.tc.TC005_MeghalayaBasicDetails"/>
  <testcase name="basicDetails" time="77.424" classname="com.meghalaya.tc.TC005_MeghalayaBasicDetails"/>
  <testcase name="basicDetails" time="76.035" classname="com.meghalaya.tc.TC005_MeghalayaBasicDetails"/>
  <testcase name="basicDetails" time="76.289" classname="com.meghalaya.tc.TC005_MeghalayaBasicDetails"/>
  <testcase name="basicDetails" time="76.704" classname="com.meghalaya.tc.TC005_MeghalayaBasicDetails"/>
  <testcase name="basicDetails" time="76.352" classname="com.meghalaya.tc.TC005_MeghalayaBasicDetails"/>
  <testcase name="basicDetails" time="78.043" classname="com.meghalaya.tc.TC005_MeghalayaBasicDetails"/>
  <testcase name="basicDetails" time="77.038" classname="com.meghalaya.tc.TC005_MeghalayaBasicDetails"/>
  <testcase name="basicDetails" time="75.437" classname="com.meghalaya.tc.TC005_MeghalayaBasicDetails"/>
  <testcase name="basicDetails" time="77.016" classname="com.meghalaya.tc.TC005_MeghalayaBasicDetails"/>
  <testcase name="basicDetails" time="76.089" classname="com.meghalaya.tc.TC005_MeghalayaBasicDetails"/>
  <testcase name="basicDetails" time="77.473" classname="com.meghalaya.tc.TC005_MeghalayaBasicDetails"/>
  <testcase name="basicDetails" time="78.884" classname="com.meghalaya.tc.TC005_MeghalayaBasicDetails"/>
  <testcase name="basicDetails" time="76.312" classname="com.meghalaya.tc.TC005_MeghalayaBasicDetails"/>
  <testcase name="basicDetails" time="77.309" classname="com.meghalaya.tc.TC005_MeghalayaBasicDetails"/>
  <testcase name="basicDetails" time="76.793" classname="com.meghalaya.tc.TC005_MeghalayaBasicDetails"/>
  <testcase name="basicDetails" time="77.261" classname="com.meghalaya.tc.TC005_MeghalayaBasicDetails"/>
  <testcase name="basicDetails" time="76.872" classname="com.meghalaya.tc.TC005_MeghalayaBasicDetails"/>
  <testcase name="basicDetails" time="76.667" classname="com.meghalaya.tc.TC005_MeghalayaBasicDetails"/>
  <testcase name="basicDetails" time="77.003" classname="com.meghalaya.tc.TC005_MeghalayaBasicDetails"/>
  <testcase name="basicDetails" time="82.363" classname="com.meghalaya.tc.TC005_MeghalayaBasicDetails"/>
  <testcase name="basicDetails" time="76.986" classname="com.meghalaya.tc.TC005_MeghalayaBasicDetails"/>
  <testcase name="basicDetails" time="77.595" classname="com.meghalaya.tc.TC005_MeghalayaBasicDetails"/>
  <testcase name="basicDetails" time="76.371" classname="com.meghalaya.tc.TC005_MeghalayaBasicDetails"/>
  <testcase name="basicDetails" time="77.330" classname="com.meghalaya.tc.TC005_MeghalayaBasicDetails"/>
  <testcase name="basicDetails" time="76.974" classname="com.meghalaya.tc.TC005_MeghalayaBasicDetails"/>
  <testcase name="basicDetails" time="77.754" classname="com.meghalaya.tc.TC005_MeghalayaBasicDetails"/>
</testsuite> <!-- com.meghalaya.tc.TC005_MeghalayaBasicDetails -->
