<?xml version="1.0" encoding="UTF-8"?>
<!-- Generated by org.testng.reporters.JUnitReportReporter -->
<testsuite skipped="0" hostname="MAA014482B" name="com.DCCB_15Sep22.tc.TC005_DCCBBasicDetails" tests="17" failures="0" timestamp="2022-09-22T15:33:28 IST" time="2860.697" errors="0">
  <testcase name="basicDetails" time="169.628" classname="com.DCCB_15Sep22.tc.TC005_DCCBBasicDetails"/>
  <testcase name="basicDetails" time="170.993" classname="com.DCCB_15Sep22.tc.TC005_DCCBBasicDetails"/>
  <testcase name="basicDetails" time="169.124" classname="com.DCCB_15Sep22.tc.TC005_DCCBBasicDetails"/>
  <testcase name="basicDetails" time="162.779" classname="com.DCCB_15Sep22.tc.TC005_DCCBBasicDetails"/>
  <testcase name="basicDetails" time="171.359" classname="com.DCCB_15Sep22.tc.TC005_DCCBBasicDetails"/>
  <testcase name="basicDetails" time="164.569" classname="com.DCCB_15Sep22.tc.TC005_DCCBBasicDetails"/>
  <testcase name="basicDetails" time="164.218" classname="com.DCCB_15Sep22.tc.TC005_DCCBBasicDetails"/>
  <testcase name="basicDetails" time="169.266" classname="com.DCCB_15Sep22.tc.TC005_DCCBBasicDetails"/>
  <testcase name="basicDetails" time="169.640" classname="com.DCCB_15Sep22.tc.TC005_DCCBBasicDetails"/>
  <testcase name="basicDetails" time="164.057" classname="com.DCCB_15Sep22.tc.TC005_DCCBBasicDetails"/>
  <testcase name="basicDetails" time="170.595" classname="com.DCCB_15Sep22.tc.TC005_DCCBBasicDetails"/>
  <testcase name="basicDetails" time="165.703" classname="com.DCCB_15Sep22.tc.TC005_DCCBBasicDetails"/>
  <testcase name="basicDetails" time="171.044" classname="com.DCCB_15Sep22.tc.TC005_DCCBBasicDetails"/>
  <testcase name="basicDetails" time="170.439" classname="com.DCCB_15Sep22.tc.TC005_DCCBBasicDetails"/>
  <testcase name="basicDetails" time="171.949" classname="com.DCCB_15Sep22.tc.TC005_DCCBBasicDetails"/>
  <testcase name="basicDetails" time="171.268" classname="com.DCCB_15Sep22.tc.TC005_DCCBBasicDetails"/>
  <testcase name="basicDetails" time="164.066" classname="com.DCCB_15Sep22.tc.TC005_DCCBBasicDetails"/>
</testsuite> <!-- com.DCCB_15Sep22.tc.TC005_DCCBBasicDetails -->
