<?xml version="1.0" encoding="UTF-8"?>
<!-- Generated by org.testng.reporters.JUnitReportReporter -->
<testsuite skipped="0" hostname="MAA014482B" name="com.BOB_March23.tc.TC004_BOBBasicDetails" tests="40" failures="0" timestamp="2023-04-25T16:16:13 IST" time="6486.623" errors="0">
  <testcase name="basicDetails" time="161.229" classname="com.BOB_March23.tc.TC004_BOBBasicDetails"/>
  <testcase name="basicDetails" time="161.320" classname="com.BOB_March23.tc.TC004_BOBBasicDetails"/>
  <testcase name="basicDetails" time="163.063" classname="com.BOB_March23.tc.TC004_BOBBasicDetails"/>
  <testcase name="basicDetails" time="161.242" classname="com.BOB_March23.tc.TC004_BOBBasicDetails"/>
  <testcase name="basicDetails" time="161.293" classname="com.BOB_March23.tc.TC004_BOBBasicDetails"/>
  <testcase name="basicDetails" time="161.822" classname="com.BOB_March23.tc.TC004_BOBBasicDetails"/>
  <testcase name="basicDetails" time="163.026" classname="com.BOB_March23.tc.TC004_BOBBasicDetails"/>
  <testcase name="basicDetails" time="161.369" classname="com.BOB_March23.tc.TC004_BOBBasicDetails"/>
  <testcase name="basicDetails" time="161.688" classname="com.BOB_March23.tc.TC004_BOBBasicDetails"/>
  <testcase name="basicDetails" time="161.801" classname="com.BOB_March23.tc.TC004_BOBBasicDetails"/>
  <testcase name="basicDetails" time="161.627" classname="com.BOB_March23.tc.TC004_BOBBasicDetails"/>
  <testcase name="basicDetails" time="176.291" classname="com.BOB_March23.tc.TC004_BOBBasicDetails"/>
  <testcase name="basicDetails" time="161.123" classname="com.BOB_March23.tc.TC004_BOBBasicDetails"/>
  <testcase name="basicDetails" time="161.808" classname="com.BOB_March23.tc.TC004_BOBBasicDetails"/>
  <testcase name="basicDetails" time="161.466" classname="com.BOB_March23.tc.TC004_BOBBasicDetails"/>
  <testcase name="basicDetails" time="162.647" classname="com.BOB_March23.tc.TC004_BOBBasicDetails"/>
  <testcase name="basicDetails" time="161.376" classname="com.BOB_March23.tc.TC004_BOBBasicDetails"/>
  <testcase name="basicDetails" time="161.869" classname="com.BOB_March23.tc.TC004_BOBBasicDetails"/>
  <testcase name="basicDetails" time="161.982" classname="com.BOB_March23.tc.TC004_BOBBasicDetails"/>
  <testcase name="basicDetails" time="163.031" classname="com.BOB_March23.tc.TC004_BOBBasicDetails"/>
  <testcase name="basicDetails" time="161.342" classname="com.BOB_March23.tc.TC004_BOBBasicDetails"/>
  <testcase name="basicDetails" time="161.842" classname="com.BOB_March23.tc.TC004_BOBBasicDetails"/>
  <testcase name="basicDetails" time="161.783" classname="com.BOB_March23.tc.TC004_BOBBasicDetails"/>
  <testcase name="basicDetails" time="161.338" classname="com.BOB_March23.tc.TC004_BOBBasicDetails"/>
  <testcase name="basicDetails" time="162.262" classname="com.BOB_March23.tc.TC004_BOBBasicDetails"/>
  <testcase name="basicDetails" time="161.726" classname="com.BOB_March23.tc.TC004_BOBBasicDetails"/>
  <testcase name="basicDetails" time="162.468" classname="com.BOB_March23.tc.TC004_BOBBasicDetails"/>
  <testcase name="basicDetails" time="161.097" classname="com.BOB_March23.tc.TC004_BOBBasicDetails"/>
  <testcase name="basicDetails" time="161.592" classname="com.BOB_March23.tc.TC004_BOBBasicDetails"/>
  <testcase name="basicDetails" time="161.275" classname="com.BOB_March23.tc.TC004_BOBBasicDetails"/>
  <testcase name="basicDetails" time="161.039" classname="com.BOB_March23.tc.TC004_BOBBasicDetails"/>
  <testcase name="basicDetails" time="162.550" classname="com.BOB_March23.tc.TC004_BOBBasicDetails"/>
  <testcase name="basicDetails" time="162.474" classname="com.BOB_March23.tc.TC004_BOBBasicDetails"/>
  <testcase name="basicDetails" time="161.842" classname="com.BOB_March23.tc.TC004_BOBBasicDetails"/>
  <testcase name="basicDetails" time="161.462" classname="com.BOB_March23.tc.TC004_BOBBasicDetails"/>
  <testcase name="basicDetails" time="161.167" classname="com.BOB_March23.tc.TC004_BOBBasicDetails"/>
  <testcase name="basicDetails" time="162.453" classname="com.BOB_March23.tc.TC004_BOBBasicDetails"/>
  <testcase name="basicDetails" time="161.870" classname="com.BOB_March23.tc.TC004_BOBBasicDetails"/>
  <testcase name="basicDetails" time="161.607" classname="com.BOB_March23.tc.TC004_BOBBasicDetails"/>
  <testcase name="basicDetails" time="162.361" classname="com.BOB_March23.tc.TC004_BOBBasicDetails"/>
</testsuite> <!-- com.BOB_March23.tc.TC004_BOBBasicDetails -->
