<?xml version="1.0" encoding="UTF-8"?>
<!-- Generated by org.testng.reporters.JUnitReportReporter -->
<testsuite skipped="0" hostname="MAA011276B" name="com.nehru.tc.TC003_NehruBasicDetails" tests="120" failures="0" timestamp="22 Jul 2019 08:39:20 GMT" time="9601.081" errors="1">
  <testcase name="basicDetails" time="77.122" classname="com.nehru.tc.TC003_NehruBasicDetails"/>
  <testcase name="basicDetails" time="79.423" classname="com.nehru.tc.TC003_NehruBasicDetails"/>
  <testcase name="basicDetails" time="170.555" classname="com.nehru.tc.TC003_NehruBasicDetails"/>
  <testcase name="basicDetails" time="82.788" classname="com.nehru.tc.TC003_NehruBasicDetails"/>
  <testcase name="basicDetails" time="95.988" classname="com.nehru.tc.TC003_NehruBasicDetails"/>
  <testcase name="basicDetails" time="77.277" classname="com.nehru.tc.TC003_NehruBasicDetails"/>
  <testcase name="basicDetails" time="77.215" classname="com.nehru.tc.TC003_NehruBasicDetails"/>
  <testcase name="basicDetails" time="77.990" classname="com.nehru.tc.TC003_NehruBasicDetails"/>
  <testcase name="basicDetails" time="76.494" classname="com.nehru.tc.TC003_NehruBasicDetails"/>
  <testcase name="basicDetails" time="77.227" classname="com.nehru.tc.TC003_NehruBasicDetails"/>
  <testcase name="basicDetails" time="78.180" classname="com.nehru.tc.TC003_NehruBasicDetails"/>
  <testcase name="basicDetails" time="76.698" classname="com.nehru.tc.TC003_NehruBasicDetails"/>
  <testcase name="basicDetails" time="85.826" classname="com.nehru.tc.TC003_NehruBasicDetails"/>
  <testcase name="basicDetails" time="76.551" classname="com.nehru.tc.TC003_NehruBasicDetails"/>
  <testcase name="basicDetails" time="79.206" classname="com.nehru.tc.TC003_NehruBasicDetails"/>
  <testcase name="basicDetails" time="79.035" classname="com.nehru.tc.TC003_NehruBasicDetails"/>
  <testcase name="basicDetails" time="79.735" classname="com.nehru.tc.TC003_NehruBasicDetails"/>
  <testcase name="basicDetails" time="77.515" classname="com.nehru.tc.TC003_NehruBasicDetails"/>
  <testcase name="basicDetails" time="76.908" classname="com.nehru.tc.TC003_NehruBasicDetails"/>
  <testcase name="basicDetails" time="79.554" classname="com.nehru.tc.TC003_NehruBasicDetails"/>
  <testcase name="basicDetails" time="76.718" classname="com.nehru.tc.TC003_NehruBasicDetails"/>
  <testcase name="basicDetails" time="78.244" classname="com.nehru.tc.TC003_NehruBasicDetails"/>
  <testcase name="basicDetails" time="7.952" classname="com.nehru.tc.TC003_NehruBasicDetails">
    <error type="java.lang.NullPointerException">
      <![CDATA[java.lang.NullPointerException
at com.aventstack.extentreports.ExtentTest.log(ExtentTest.java:303)
at com.aventstack.extentreports.ExtentTest.pass(ExtentTest.java:524)
at lib.utils.HTMLReporter.reportStep(HTMLReporter.java:70)
at lib.utils.HTMLReporter.reportStep(HTMLReporter.java:82)
at lib.selenium.WebDriverServiceImpl.fromtodatespliter(WebDriverServiceImpl.java:722)
at lib.selenium.WebDriverServiceImpl.agevalidator_max(WebDriverServiceImpl.java:791)
at com.ibps.pages.PersonalDetailsPage.ageValidatorMax(PersonalDetailsPage.java:174)
at com.nehru.tc.TC003_NehruBasicDetails.basicDetails(TC003_NehruBasicDetails.java:61)
at sun.reflect.NativeMethodAccessorImpl.invoke0(Native Method)
at sun.reflect.NativeMethodAccessorImpl.invoke(NativeMethodAccessorImpl.java:62)
at sun.reflect.DelegatingMethodAccessorImpl.invoke(DelegatingMethodAccessorImpl.java:43)
at java.lang.reflect.Method.invoke(Method.java:498)
at org.testng.internal.MethodInvocationHelper.invokeMethod(MethodInvocationHelper.java:124)
at org.testng.internal.Invoker.invokeMethod(Invoker.java:583)
at org.testng.internal.Invoker.invokeTestMethod(Invoker.java:719)
at org.testng.internal.Invoker.invokeTestMethods(Invoker.java:989)
at org.testng.internal.TestMethodWorker.invokeTestMethods(TestMethodWorker.java:125)
at org.testng.internal.TestMethodWorker.run(TestMethodWorker.java:109)
at java.util.concurrent.ThreadPoolExecutor.runWorker(ThreadPoolExecutor.java:1149)
at java.util.concurrent.ThreadPoolExecutor$Worker.run(ThreadPoolExecutor.java:624)
at java.lang.Thread.run(Thread.java:748)
]]>
    </error>
  </testcase> <!-- basicDetails -->
  <testcase name="basicDetails" time="77.357" classname="com.nehru.tc.TC003_NehruBasicDetails"/>
  <testcase name="basicDetails" time="76.838" classname="com.nehru.tc.TC003_NehruBasicDetails"/>
  <testcase name="basicDetails" time="78.979" classname="com.nehru.tc.TC003_NehruBasicDetails"/>
  <testcase name="basicDetails" time="76.519" classname="com.nehru.tc.TC003_NehruBasicDetails"/>
  <testcase name="basicDetails" time="77.779" classname="com.nehru.tc.TC003_NehruBasicDetails"/>
  <testcase name="basicDetails" time="78.514" classname="com.nehru.tc.TC003_NehruBasicDetails"/>
  <testcase name="basicDetails" time="79.034" classname="com.nehru.tc.TC003_NehruBasicDetails"/>
  <testcase name="basicDetails" time="76.388" classname="com.nehru.tc.TC003_NehruBasicDetails"/>
  <testcase name="basicDetails" time="76.894" classname="com.nehru.tc.TC003_NehruBasicDetails"/>
  <testcase name="basicDetails" time="77.677" classname="com.nehru.tc.TC003_NehruBasicDetails"/>
  <testcase name="basicDetails" time="77.528" classname="com.nehru.tc.TC003_NehruBasicDetails"/>
  <testcase name="basicDetails" time="76.775" classname="com.nehru.tc.TC003_NehruBasicDetails"/>
  <testcase name="basicDetails" time="127.415" classname="com.nehru.tc.TC003_NehruBasicDetails"/>
  <testcase name="basicDetails" time="77.951" classname="com.nehru.tc.TC003_NehruBasicDetails"/>
  <testcase name="basicDetails" time="78.996" classname="com.nehru.tc.TC003_NehruBasicDetails"/>
  <testcase name="basicDetails" time="77.612" classname="com.nehru.tc.TC003_NehruBasicDetails"/>
  <testcase name="basicDetails" time="78.600" classname="com.nehru.tc.TC003_NehruBasicDetails"/>
  <testcase name="basicDetails" time="77.157" classname="com.nehru.tc.TC003_NehruBasicDetails"/>
  <testcase name="basicDetails" time="104.074" classname="com.nehru.tc.TC003_NehruBasicDetails"/>
  <testcase name="basicDetails" time="79.112" classname="com.nehru.tc.TC003_NehruBasicDetails"/>
  <testcase name="basicDetails" time="78.029" classname="com.nehru.tc.TC003_NehruBasicDetails"/>
  <testcase name="basicDetails" time="77.145" classname="com.nehru.tc.TC003_NehruBasicDetails"/>
  <testcase name="basicDetails" time="82.423" classname="com.nehru.tc.TC003_NehruBasicDetails"/>
  <testcase name="basicDetails" time="76.404" classname="com.nehru.tc.TC003_NehruBasicDetails"/>
  <testcase name="basicDetails" time="77.620" classname="com.nehru.tc.TC003_NehruBasicDetails"/>
  <testcase name="basicDetails" time="77.677" classname="com.nehru.tc.TC003_NehruBasicDetails"/>
  <testcase name="basicDetails" time="78.193" classname="com.nehru.tc.TC003_NehruBasicDetails"/>
  <testcase name="basicDetails" time="90.969" classname="com.nehru.tc.TC003_NehruBasicDetails"/>
  <testcase name="basicDetails" time="78.634" classname="com.nehru.tc.TC003_NehruBasicDetails"/>
  <testcase name="basicDetails" time="91.223" classname="com.nehru.tc.TC003_NehruBasicDetails"/>
  <testcase name="basicDetails" time="77.733" classname="com.nehru.tc.TC003_NehruBasicDetails"/>
  <testcase name="basicDetails" time="79.778" classname="com.nehru.tc.TC003_NehruBasicDetails"/>
  <testcase name="basicDetails" time="78.096" classname="com.nehru.tc.TC003_NehruBasicDetails"/>
  <testcase name="basicDetails" time="77.005" classname="com.nehru.tc.TC003_NehruBasicDetails"/>
  <testcase name="basicDetails" time="77.847" classname="com.nehru.tc.TC003_NehruBasicDetails"/>
  <testcase name="basicDetails" time="77.858" classname="com.nehru.tc.TC003_NehruBasicDetails"/>
  <testcase name="basicDetails" time="80.076" classname="com.nehru.tc.TC003_NehruBasicDetails"/>
  <testcase name="basicDetails" time="79.365" classname="com.nehru.tc.TC003_NehruBasicDetails"/>
  <testcase name="basicDetails" time="89.569" classname="com.nehru.tc.TC003_NehruBasicDetails"/>
  <testcase name="basicDetails" time="76.964" classname="com.nehru.tc.TC003_NehruBasicDetails"/>
  <testcase name="basicDetails" time="82.471" classname="com.nehru.tc.TC003_NehruBasicDetails"/>
  <testcase name="basicDetails" time="77.604" classname="com.nehru.tc.TC003_NehruBasicDetails"/>
  <testcase name="basicDetails" time="82.813" classname="com.nehru.tc.TC003_NehruBasicDetails"/>
  <testcase name="basicDetails" time="77.065" classname="com.nehru.tc.TC003_NehruBasicDetails"/>
  <testcase name="basicDetails" time="76.912" classname="com.nehru.tc.TC003_NehruBasicDetails"/>
  <testcase name="basicDetails" time="79.086" classname="com.nehru.tc.TC003_NehruBasicDetails"/>
  <testcase name="basicDetails" time="77.093" classname="com.nehru.tc.TC003_NehruBasicDetails"/>
  <testcase name="basicDetails" time="77.873" classname="com.nehru.tc.TC003_NehruBasicDetails"/>
  <testcase name="basicDetails" time="76.335" classname="com.nehru.tc.TC003_NehruBasicDetails"/>
  <testcase name="basicDetails" time="78.029" classname="com.nehru.tc.TC003_NehruBasicDetails"/>
  <testcase name="basicDetails" time="77.303" classname="com.nehru.tc.TC003_NehruBasicDetails"/>
  <testcase name="basicDetails" time="78.397" classname="com.nehru.tc.TC003_NehruBasicDetails"/>
  <testcase name="basicDetails" time="82.900" classname="com.nehru.tc.TC003_NehruBasicDetails"/>
  <testcase name="basicDetails" time="76.952" classname="com.nehru.tc.TC003_NehruBasicDetails"/>
  <testcase name="basicDetails" time="79.475" classname="com.nehru.tc.TC003_NehruBasicDetails"/>
  <testcase name="basicDetails" time="81.123" classname="com.nehru.tc.TC003_NehruBasicDetails"/>
  <testcase name="basicDetails" time="78.150" classname="com.nehru.tc.TC003_NehruBasicDetails"/>
  <testcase name="basicDetails" time="77.664" classname="com.nehru.tc.TC003_NehruBasicDetails"/>
  <testcase name="basicDetails" time="106.519" classname="com.nehru.tc.TC003_NehruBasicDetails"/>
  <testcase name="basicDetails" time="79.199" classname="com.nehru.tc.TC003_NehruBasicDetails"/>
  <testcase name="basicDetails" time="76.714" classname="com.nehru.tc.TC003_NehruBasicDetails"/>
  <testcase name="basicDetails" time="78.273" classname="com.nehru.tc.TC003_NehruBasicDetails"/>
  <testcase name="basicDetails" time="76.771" classname="com.nehru.tc.TC003_NehruBasicDetails"/>
  <testcase name="basicDetails" time="76.547" classname="com.nehru.tc.TC003_NehruBasicDetails"/>
  <testcase name="basicDetails" time="79.797" classname="com.nehru.tc.TC003_NehruBasicDetails"/>
  <testcase name="basicDetails" time="80.017" classname="com.nehru.tc.TC003_NehruBasicDetails"/>
  <testcase name="basicDetails" time="77.496" classname="com.nehru.tc.TC003_NehruBasicDetails"/>
  <testcase name="basicDetails" time="78.776" classname="com.nehru.tc.TC003_NehruBasicDetails"/>
  <testcase name="basicDetails" time="89.515" classname="com.nehru.tc.TC003_NehruBasicDetails"/>
  <testcase name="basicDetails" time="78.843" classname="com.nehru.tc.TC003_NehruBasicDetails"/>
  <testcase name="basicDetails" time="76.751" classname="com.nehru.tc.TC003_NehruBasicDetails"/>
  <testcase name="basicDetails" time="76.776" classname="com.nehru.tc.TC003_NehruBasicDetails"/>
  <testcase name="basicDetails" time="81.133" classname="com.nehru.tc.TC003_NehruBasicDetails"/>
  <testcase name="basicDetails" time="77.203" classname="com.nehru.tc.TC003_NehruBasicDetails"/>
  <testcase name="basicDetails" time="81.658" classname="com.nehru.tc.TC003_NehruBasicDetails"/>
  <testcase name="basicDetails" time="77.017" classname="com.nehru.tc.TC003_NehruBasicDetails"/>
  <testcase name="basicDetails" time="77.867" classname="com.nehru.tc.TC003_NehruBasicDetails"/>
  <testcase name="basicDetails" time="77.378" classname="com.nehru.tc.TC003_NehruBasicDetails"/>
  <testcase name="basicDetails" time="77.606" classname="com.nehru.tc.TC003_NehruBasicDetails"/>
  <testcase name="basicDetails" time="78.292" classname="com.nehru.tc.TC003_NehruBasicDetails"/>
  <testcase name="basicDetails" time="85.206" classname="com.nehru.tc.TC003_NehruBasicDetails"/>
  <testcase name="basicDetails" time="77.811" classname="com.nehru.tc.TC003_NehruBasicDetails"/>
  <testcase name="basicDetails" time="77.243" classname="com.nehru.tc.TC003_NehruBasicDetails"/>
  <testcase name="basicDetails" time="76.903" classname="com.nehru.tc.TC003_NehruBasicDetails"/>
  <testcase name="basicDetails" time="91.125" classname="com.nehru.tc.TC003_NehruBasicDetails"/>
  <testcase name="basicDetails" time="76.976" classname="com.nehru.tc.TC003_NehruBasicDetails"/>
  <testcase name="basicDetails" time="77.668" classname="com.nehru.tc.TC003_NehruBasicDetails"/>
  <testcase name="basicDetails" time="76.159" classname="com.nehru.tc.TC003_NehruBasicDetails"/>
  <testcase name="basicDetails" time="77.109" classname="com.nehru.tc.TC003_NehruBasicDetails"/>
  <testcase name="basicDetails" time="89.506" classname="com.nehru.tc.TC003_NehruBasicDetails"/>
  <testcase name="basicDetails" time="76.237" classname="com.nehru.tc.TC003_NehruBasicDetails"/>
  <testcase name="basicDetails" time="78.532" classname="com.nehru.tc.TC003_NehruBasicDetails"/>
  <testcase name="basicDetails" time="76.386" classname="com.nehru.tc.TC003_NehruBasicDetails"/>
  <testcase name="basicDetails" time="76.403" classname="com.nehru.tc.TC003_NehruBasicDetails"/>
  <testcase name="basicDetails" time="77.930" classname="com.nehru.tc.TC003_NehruBasicDetails"/>
  <testcase name="basicDetails" time="77.366" classname="com.nehru.tc.TC003_NehruBasicDetails"/>
  <testcase name="basicDetails" time="77.120" classname="com.nehru.tc.TC003_NehruBasicDetails"/>
</testsuite> <!-- com.nehru.tc.TC003_NehruBasicDetails -->
