<?xml version="1.0" encoding="UTF-8"?>
<!-- Generated by org.testng.reporters.JUnitReportReporter -->
<testsuite skipped="0" hostname="MAA014482B" name="com.CNP_21Oct22.tc.TC005_CNPBasicDetails" tests="4" failures="0" timestamp="2022-10-27T18:06:33 IST" time="647.918" errors="0">
  <testcase name="basicDetails" time="162.335" classname="com.CNP_21Oct22.tc.TC005_CNPBasicDetails"/>
  <testcase name="basicDetails" time="161.172" classname="com.CNP_21Oct22.tc.TC005_CNPBasicDetails"/>
  <testcase name="basicDetails" time="163.095" classname="com.CNP_21Oct22.tc.TC005_CNPBasicDetails"/>
  <testcase name="basicDetails" time="161.316" classname="com.CNP_21Oct22.tc.TC005_CNPBasicDetails"/>
</testsuite> <!-- com.CNP_21Oct22.tc.TC005_CNPBasicDetails -->
