<?xml version="1.0" encoding="UTF-8"?>
<!-- Generated by org.testng.reporters.JUnitReportReporter -->
<testsuite skipped="0" hostname="MAA014482B" name="com.CIDCO_June23.tc.TC001_CIDCOBasicDetails" tests="86" failures="0" timestamp="2023-06-19T02:38:00 IST" time="14107.021" errors="0">
  <testcase name="basicDetails" time="169.263" classname="com.CIDCO_June23.tc.TC001_CIDCOBasicDetails"/>
  <testcase name="basicDetails" time="169.798" classname="com.CIDCO_June23.tc.TC001_CIDCOBasicDetails"/>
  <testcase name="basicDetails" time="169.575" classname="com.CIDCO_June23.tc.TC001_CIDCOBasicDetails"/>
  <testcase name="basicDetails" time="169.425" classname="com.CIDCO_June23.tc.TC001_CIDCOBasicDetails"/>
  <testcase name="basicDetails" time="169.802" classname="com.CIDCO_June23.tc.TC001_CIDCOBasicDetails"/>
  <testcase name="basicDetails" time="170.010" classname="com.CIDCO_June23.tc.TC001_CIDCOBasicDetails"/>
  <testcase name="basicDetails" time="169.486" classname="com.CIDCO_June23.tc.TC001_CIDCOBasicDetails"/>
  <testcase name="basicDetails" time="158.273" classname="com.CIDCO_June23.tc.TC001_CIDCOBasicDetails"/>
  <testcase name="basicDetails" time="158.339" classname="com.CIDCO_June23.tc.TC001_CIDCOBasicDetails"/>
  <testcase name="basicDetails" time="169.165" classname="com.CIDCO_June23.tc.TC001_CIDCOBasicDetails"/>
  <testcase name="basicDetails" time="169.485" classname="com.CIDCO_June23.tc.TC001_CIDCOBasicDetails"/>
  <testcase name="basicDetails" time="158.285" classname="com.CIDCO_June23.tc.TC001_CIDCOBasicDetails"/>
  <testcase name="basicDetails" time="158.576" classname="com.CIDCO_June23.tc.TC001_CIDCOBasicDetails"/>
  <testcase name="basicDetails" time="157.987" classname="com.CIDCO_June23.tc.TC001_CIDCOBasicDetails"/>
  <testcase name="basicDetails" time="158.801" classname="com.CIDCO_June23.tc.TC001_CIDCOBasicDetails"/>
  <testcase name="basicDetails" time="169.856" classname="com.CIDCO_June23.tc.TC001_CIDCOBasicDetails"/>
  <testcase name="basicDetails" time="169.557" classname="com.CIDCO_June23.tc.TC001_CIDCOBasicDetails"/>
  <testcase name="basicDetails" time="158.264" classname="com.CIDCO_June23.tc.TC001_CIDCOBasicDetails"/>
  <testcase name="basicDetails" time="169.669" classname="com.CIDCO_June23.tc.TC001_CIDCOBasicDetails"/>
  <testcase name="basicDetails" time="169.229" classname="com.CIDCO_June23.tc.TC001_CIDCOBasicDetails"/>
  <testcase name="basicDetails" time="158.334" classname="com.CIDCO_June23.tc.TC001_CIDCOBasicDetails"/>
  <testcase name="basicDetails" time="158.635" classname="com.CIDCO_June23.tc.TC001_CIDCOBasicDetails"/>
  <testcase name="basicDetails" time="169.438" classname="com.CIDCO_June23.tc.TC001_CIDCOBasicDetails"/>
  <testcase name="basicDetails" time="158.724" classname="com.CIDCO_June23.tc.TC001_CIDCOBasicDetails"/>
  <testcase name="basicDetails" time="169.661" classname="com.CIDCO_June23.tc.TC001_CIDCOBasicDetails"/>
  <testcase name="basicDetails" time="169.461" classname="com.CIDCO_June23.tc.TC001_CIDCOBasicDetails"/>
  <testcase name="basicDetails" time="158.655" classname="com.CIDCO_June23.tc.TC001_CIDCOBasicDetails"/>
  <testcase name="basicDetails" time="158.697" classname="com.CIDCO_June23.tc.TC001_CIDCOBasicDetails"/>
  <testcase name="basicDetails" time="169.769" classname="com.CIDCO_June23.tc.TC001_CIDCOBasicDetails"/>
  <testcase name="basicDetails" time="158.424" classname="com.CIDCO_June23.tc.TC001_CIDCOBasicDetails"/>
  <testcase name="basicDetails" time="158.584" classname="com.CIDCO_June23.tc.TC001_CIDCOBasicDetails"/>
  <testcase name="basicDetails" time="158.894" classname="com.CIDCO_June23.tc.TC001_CIDCOBasicDetails"/>
  <testcase name="basicDetails" time="169.432" classname="com.CIDCO_June23.tc.TC001_CIDCOBasicDetails"/>
  <testcase name="basicDetails" time="158.014" classname="com.CIDCO_June23.tc.TC001_CIDCOBasicDetails"/>
  <testcase name="basicDetails" time="169.889" classname="com.CIDCO_June23.tc.TC001_CIDCOBasicDetails"/>
  <testcase name="basicDetails" time="158.064" classname="com.CIDCO_June23.tc.TC001_CIDCOBasicDetails"/>
  <testcase name="basicDetails" time="158.865" classname="com.CIDCO_June23.tc.TC001_CIDCOBasicDetails"/>
  <testcase name="basicDetails" time="168.975" classname="com.CIDCO_June23.tc.TC001_CIDCOBasicDetails"/>
  <testcase name="basicDetails" time="158.555" classname="com.CIDCO_June23.tc.TC001_CIDCOBasicDetails"/>
  <testcase name="basicDetails" time="170.055" classname="com.CIDCO_June23.tc.TC001_CIDCOBasicDetails"/>
  <testcase name="basicDetails" time="158.435" classname="com.CIDCO_June23.tc.TC001_CIDCOBasicDetails"/>
  <testcase name="basicDetails" time="158.592" classname="com.CIDCO_June23.tc.TC001_CIDCOBasicDetails"/>
  <testcase name="basicDetails" time="158.165" classname="com.CIDCO_June23.tc.TC001_CIDCOBasicDetails"/>
  <testcase name="basicDetails" time="158.110" classname="com.CIDCO_June23.tc.TC001_CIDCOBasicDetails"/>
  <testcase name="basicDetails" time="158.780" classname="com.CIDCO_June23.tc.TC001_CIDCOBasicDetails"/>
  <testcase name="basicDetails" time="158.095" classname="com.CIDCO_June23.tc.TC001_CIDCOBasicDetails"/>
  <testcase name="basicDetails" time="159.354" classname="com.CIDCO_June23.tc.TC001_CIDCOBasicDetails"/>
  <testcase name="basicDetails" time="169.469" classname="com.CIDCO_June23.tc.TC001_CIDCOBasicDetails"/>
  <testcase name="basicDetails" time="158.664" classname="com.CIDCO_June23.tc.TC001_CIDCOBasicDetails"/>
  <testcase name="basicDetails" time="169.183" classname="com.CIDCO_June23.tc.TC001_CIDCOBasicDetails"/>
  <testcase name="basicDetails" time="169.587" classname="com.CIDCO_June23.tc.TC001_CIDCOBasicDetails"/>
  <testcase name="basicDetails" time="169.751" classname="com.CIDCO_June23.tc.TC001_CIDCOBasicDetails"/>
  <testcase name="basicDetails" time="157.989" classname="com.CIDCO_June23.tc.TC001_CIDCOBasicDetails"/>
  <testcase name="basicDetails" time="169.275" classname="com.CIDCO_June23.tc.TC001_CIDCOBasicDetails"/>
  <testcase name="basicDetails" time="169.717" classname="com.CIDCO_June23.tc.TC001_CIDCOBasicDetails"/>
  <testcase name="basicDetails" time="169.409" classname="com.CIDCO_June23.tc.TC001_CIDCOBasicDetails"/>
  <testcase name="basicDetails" time="158.552" classname="com.CIDCO_June23.tc.TC001_CIDCOBasicDetails"/>
  <testcase name="basicDetails" time="169.863" classname="com.CIDCO_June23.tc.TC001_CIDCOBasicDetails"/>
  <testcase name="basicDetails" time="169.829" classname="com.CIDCO_June23.tc.TC001_CIDCOBasicDetails"/>
  <testcase name="basicDetails" time="170.618" classname="com.CIDCO_June23.tc.TC001_CIDCOBasicDetails"/>
  <testcase name="basicDetails" time="169.239" classname="com.CIDCO_June23.tc.TC001_CIDCOBasicDetails"/>
  <testcase name="basicDetails" time="158.490" classname="com.CIDCO_June23.tc.TC001_CIDCOBasicDetails"/>
  <testcase name="basicDetails" time="158.448" classname="com.CIDCO_June23.tc.TC001_CIDCOBasicDetails"/>
  <testcase name="basicDetails" time="169.182" classname="com.CIDCO_June23.tc.TC001_CIDCOBasicDetails"/>
  <testcase name="basicDetails" time="158.125" classname="com.CIDCO_June23.tc.TC001_CIDCOBasicDetails"/>
  <testcase name="basicDetails" time="158.112" classname="com.CIDCO_June23.tc.TC001_CIDCOBasicDetails"/>
  <testcase name="basicDetails" time="169.441" classname="com.CIDCO_June23.tc.TC001_CIDCOBasicDetails"/>
  <testcase name="basicDetails" time="158.686" classname="com.CIDCO_June23.tc.TC001_CIDCOBasicDetails"/>
  <testcase name="basicDetails" time="169.830" classname="com.CIDCO_June23.tc.TC001_CIDCOBasicDetails"/>
  <testcase name="basicDetails" time="170.142" classname="com.CIDCO_June23.tc.TC001_CIDCOBasicDetails"/>
  <testcase name="basicDetails" time="158.686" classname="com.CIDCO_June23.tc.TC001_CIDCOBasicDetails"/>
  <testcase name="basicDetails" time="158.382" classname="com.CIDCO_June23.tc.TC001_CIDCOBasicDetails"/>
  <testcase name="basicDetails" time="158.761" classname="com.CIDCO_June23.tc.TC001_CIDCOBasicDetails"/>
  <testcase name="basicDetails" time="158.901" classname="com.CIDCO_June23.tc.TC001_CIDCOBasicDetails"/>
  <testcase name="basicDetails" time="169.304" classname="com.CIDCO_June23.tc.TC001_CIDCOBasicDetails"/>
  <testcase name="basicDetails" time="169.508" classname="com.CIDCO_June23.tc.TC001_CIDCOBasicDetails"/>
  <testcase name="basicDetails" time="158.258" classname="com.CIDCO_June23.tc.TC001_CIDCOBasicDetails"/>
  <testcase name="basicDetails" time="158.434" classname="com.CIDCO_June23.tc.TC001_CIDCOBasicDetails"/>
  <testcase name="basicDetails" time="169.562" classname="com.CIDCO_June23.tc.TC001_CIDCOBasicDetails"/>
  <testcase name="basicDetails" time="158.163" classname="com.CIDCO_June23.tc.TC001_CIDCOBasicDetails"/>
  <testcase name="basicDetails" time="169.740" classname="com.CIDCO_June23.tc.TC001_CIDCOBasicDetails"/>
  <testcase name="basicDetails" time="169.828" classname="com.CIDCO_June23.tc.TC001_CIDCOBasicDetails"/>
  <testcase name="basicDetails" time="169.269" classname="com.CIDCO_June23.tc.TC001_CIDCOBasicDetails"/>
  <testcase name="basicDetails" time="158.760" classname="com.CIDCO_June23.tc.TC001_CIDCOBasicDetails"/>
  <testcase name="basicDetails" time="158.820" classname="com.CIDCO_June23.tc.TC001_CIDCOBasicDetails"/>
  <testcase name="basicDetails" time="169.543" classname="com.CIDCO_June23.tc.TC001_CIDCOBasicDetails"/>
</testsuite> <!-- com.CIDCO_June23.tc.TC001_CIDCOBasicDetails -->
