<?xml version="1.0" encoding="UTF-8"?>
<!-- Generated by org.testng.reporters.JUnitReportReporter -->
<testsuite skipped="0" hostname="MAA014482B" name="com.SBI_20July22.tc.TC001_SBIBasicDetails" tests="124" failures="0" timestamp="2022-07-29T02:06:47 IST" time="16011.075" errors="0">
  <testcase name="basicDetails" time="130.814" classname="com.SBI_20July22.tc.TC001_SBIBasicDetails"/>
  <testcase name="basicDetails" time="127.487" classname="com.SBI_20July22.tc.TC001_SBIBasicDetails"/>
  <testcase name="basicDetails" time="130.198" classname="com.SBI_20July22.tc.TC001_SBIBasicDetails"/>
  <testcase name="basicDetails" time="130.723" classname="com.SBI_20July22.tc.TC001_SBIBasicDetails"/>
  <testcase name="basicDetails" time="130.631" classname="com.SBI_20July22.tc.TC001_SBIBasicDetails"/>
  <testcase name="basicDetails" time="127.625" classname="com.SBI_20July22.tc.TC001_SBIBasicDetails"/>
  <testcase name="basicDetails" time="127.437" classname="com.SBI_20July22.tc.TC001_SBIBasicDetails"/>
  <testcase name="basicDetails" time="131.082" classname="com.SBI_20July22.tc.TC001_SBIBasicDetails"/>
  <testcase name="basicDetails" time="130.652" classname="com.SBI_20July22.tc.TC001_SBIBasicDetails"/>
  <testcase name="basicDetails" time="127.159" classname="com.SBI_20July22.tc.TC001_SBIBasicDetails"/>
  <testcase name="basicDetails" time="131.098" classname="com.SBI_20July22.tc.TC001_SBIBasicDetails"/>
  <testcase name="basicDetails" time="130.888" classname="com.SBI_20July22.tc.TC001_SBIBasicDetails"/>
  <testcase name="basicDetails" time="127.504" classname="com.SBI_20July22.tc.TC001_SBIBasicDetails"/>
  <testcase name="basicDetails" time="127.579" classname="com.SBI_20July22.tc.TC001_SBIBasicDetails"/>
  <testcase name="basicDetails" time="127.065" classname="com.SBI_20July22.tc.TC001_SBIBasicDetails"/>
  <testcase name="basicDetails" time="127.868" classname="com.SBI_20July22.tc.TC001_SBIBasicDetails"/>
  <testcase name="basicDetails" time="127.491" classname="com.SBI_20July22.tc.TC001_SBIBasicDetails"/>
  <testcase name="basicDetails" time="127.453" classname="com.SBI_20July22.tc.TC001_SBIBasicDetails"/>
  <testcase name="basicDetails" time="133.213" classname="com.SBI_20July22.tc.TC001_SBIBasicDetails"/>
  <testcase name="basicDetails" time="130.779" classname="com.SBI_20July22.tc.TC001_SBIBasicDetails"/>
  <testcase name="basicDetails" time="127.443" classname="com.SBI_20July22.tc.TC001_SBIBasicDetails"/>
  <testcase name="basicDetails" time="127.132" classname="com.SBI_20July22.tc.TC001_SBIBasicDetails"/>
  <testcase name="basicDetails" time="127.463" classname="com.SBI_20July22.tc.TC001_SBIBasicDetails"/>
  <testcase name="basicDetails" time="127.530" classname="com.SBI_20July22.tc.TC001_SBIBasicDetails"/>
  <testcase name="basicDetails" time="130.596" classname="com.SBI_20July22.tc.TC001_SBIBasicDetails"/>
  <testcase name="basicDetails" time="127.154" classname="com.SBI_20July22.tc.TC001_SBIBasicDetails"/>
  <testcase name="basicDetails" time="127.585" classname="com.SBI_20July22.tc.TC001_SBIBasicDetails"/>
  <testcase name="basicDetails" time="130.665" classname="com.SBI_20July22.tc.TC001_SBIBasicDetails"/>
  <testcase name="basicDetails" time="130.743" classname="com.SBI_20July22.tc.TC001_SBIBasicDetails"/>
  <testcase name="basicDetails" time="127.110" classname="com.SBI_20July22.tc.TC001_SBIBasicDetails"/>
  <testcase name="basicDetails" time="127.216" classname="com.SBI_20July22.tc.TC001_SBIBasicDetails"/>
  <testcase name="basicDetails" time="130.719" classname="com.SBI_20July22.tc.TC001_SBIBasicDetails"/>
  <testcase name="basicDetails" time="127.441" classname="com.SBI_20July22.tc.TC001_SBIBasicDetails"/>
  <testcase name="basicDetails" time="130.492" classname="com.SBI_20July22.tc.TC001_SBIBasicDetails"/>
  <testcase name="basicDetails" time="127.479" classname="com.SBI_20July22.tc.TC001_SBIBasicDetails"/>
  <testcase name="basicDetails" time="127.422" classname="com.SBI_20July22.tc.TC001_SBIBasicDetails"/>
  <testcase name="basicDetails" time="130.960" classname="com.SBI_20July22.tc.TC001_SBIBasicDetails"/>
  <testcase name="basicDetails" time="127.299" classname="com.SBI_20July22.tc.TC001_SBIBasicDetails"/>
  <testcase name="basicDetails" time="130.689" classname="com.SBI_20July22.tc.TC001_SBIBasicDetails"/>
  <testcase name="basicDetails" time="127.287" classname="com.SBI_20July22.tc.TC001_SBIBasicDetails"/>
  <testcase name="basicDetails" time="131.031" classname="com.SBI_20July22.tc.TC001_SBIBasicDetails"/>
  <testcase name="basicDetails" time="130.787" classname="com.SBI_20July22.tc.TC001_SBIBasicDetails"/>
  <testcase name="basicDetails" time="127.494" classname="com.SBI_20July22.tc.TC001_SBIBasicDetails"/>
  <testcase name="basicDetails" time="130.540" classname="com.SBI_20July22.tc.TC001_SBIBasicDetails"/>
  <testcase name="basicDetails" time="130.758" classname="com.SBI_20July22.tc.TC001_SBIBasicDetails"/>
  <testcase name="basicDetails" time="130.162" classname="com.SBI_20July22.tc.TC001_SBIBasicDetails"/>
  <testcase name="basicDetails" time="127.251" classname="com.SBI_20July22.tc.TC001_SBIBasicDetails"/>
  <testcase name="basicDetails" time="131.152" classname="com.SBI_20July22.tc.TC001_SBIBasicDetails"/>
  <testcase name="basicDetails" time="127.349" classname="com.SBI_20July22.tc.TC001_SBIBasicDetails"/>
  <testcase name="basicDetails" time="130.654" classname="com.SBI_20July22.tc.TC001_SBIBasicDetails"/>
  <testcase name="basicDetails" time="130.553" classname="com.SBI_20July22.tc.TC001_SBIBasicDetails"/>
  <testcase name="basicDetails" time="130.507" classname="com.SBI_20July22.tc.TC001_SBIBasicDetails"/>
  <testcase name="basicDetails" time="127.714" classname="com.SBI_20July22.tc.TC001_SBIBasicDetails"/>
  <testcase name="basicDetails" time="130.640" classname="com.SBI_20July22.tc.TC001_SBIBasicDetails"/>
  <testcase name="basicDetails" time="127.769" classname="com.SBI_20July22.tc.TC001_SBIBasicDetails"/>
  <testcase name="basicDetails" time="130.720" classname="com.SBI_20July22.tc.TC001_SBIBasicDetails"/>
  <testcase name="basicDetails" time="127.545" classname="com.SBI_20July22.tc.TC001_SBIBasicDetails"/>
  <testcase name="basicDetails" time="131.301" classname="com.SBI_20July22.tc.TC001_SBIBasicDetails"/>
  <testcase name="basicDetails" time="127.391" classname="com.SBI_20July22.tc.TC001_SBIBasicDetails"/>
  <testcase name="basicDetails" time="127.827" classname="com.SBI_20July22.tc.TC001_SBIBasicDetails"/>
  <testcase name="basicDetails" time="130.614" classname="com.SBI_20July22.tc.TC001_SBIBasicDetails"/>
  <testcase name="basicDetails" time="131.118" classname="com.SBI_20July22.tc.TC001_SBIBasicDetails"/>
  <testcase name="basicDetails" time="127.114" classname="com.SBI_20July22.tc.TC001_SBIBasicDetails"/>
  <testcase name="basicDetails" time="127.446" classname="com.SBI_20July22.tc.TC001_SBIBasicDetails"/>
  <testcase name="basicDetails" time="127.828" classname="com.SBI_20July22.tc.TC001_SBIBasicDetails"/>
  <testcase name="basicDetails" time="126.767" classname="com.SBI_20July22.tc.TC001_SBIBasicDetails"/>
  <testcase name="basicDetails" time="130.664" classname="com.SBI_20July22.tc.TC001_SBIBasicDetails"/>
  <testcase name="basicDetails" time="131.108" classname="com.SBI_20July22.tc.TC001_SBIBasicDetails"/>
  <testcase name="basicDetails" time="130.777" classname="com.SBI_20July22.tc.TC001_SBIBasicDetails"/>
  <testcase name="basicDetails" time="130.459" classname="com.SBI_20July22.tc.TC001_SBIBasicDetails"/>
  <testcase name="basicDetails" time="130.582" classname="com.SBI_20July22.tc.TC001_SBIBasicDetails"/>
  <testcase name="basicDetails" time="130.502" classname="com.SBI_20July22.tc.TC001_SBIBasicDetails"/>
  <testcase name="basicDetails" time="130.482" classname="com.SBI_20July22.tc.TC001_SBIBasicDetails"/>
  <testcase name="basicDetails" time="127.451" classname="com.SBI_20July22.tc.TC001_SBIBasicDetails"/>
  <testcase name="basicDetails" time="127.751" classname="com.SBI_20July22.tc.TC001_SBIBasicDetails"/>
  <testcase name="basicDetails" time="127.407" classname="com.SBI_20July22.tc.TC001_SBIBasicDetails"/>
  <testcase name="basicDetails" time="128.148" classname="com.SBI_20July22.tc.TC001_SBIBasicDetails"/>
  <testcase name="basicDetails" time="130.667" classname="com.SBI_20July22.tc.TC001_SBIBasicDetails"/>
  <testcase name="basicDetails" time="127.372" classname="com.SBI_20July22.tc.TC001_SBIBasicDetails"/>
  <testcase name="basicDetails" time="130.974" classname="com.SBI_20July22.tc.TC001_SBIBasicDetails"/>
  <testcase name="basicDetails" time="130.801" classname="com.SBI_20July22.tc.TC001_SBIBasicDetails"/>
  <testcase name="basicDetails" time="127.477" classname="com.SBI_20July22.tc.TC001_SBIBasicDetails"/>
  <testcase name="basicDetails" time="127.358" classname="com.SBI_20July22.tc.TC001_SBIBasicDetails"/>
  <testcase name="basicDetails" time="127.236" classname="com.SBI_20July22.tc.TC001_SBIBasicDetails"/>
  <testcase name="basicDetails" time="130.829" classname="com.SBI_20July22.tc.TC001_SBIBasicDetails"/>
  <testcase name="basicDetails" time="130.616" classname="com.SBI_20July22.tc.TC001_SBIBasicDetails"/>
  <testcase name="basicDetails" time="130.643" classname="com.SBI_20July22.tc.TC001_SBIBasicDetails"/>
  <testcase name="basicDetails" time="130.625" classname="com.SBI_20July22.tc.TC001_SBIBasicDetails"/>
  <testcase name="basicDetails" time="130.689" classname="com.SBI_20July22.tc.TC001_SBIBasicDetails"/>
  <testcase name="basicDetails" time="130.760" classname="com.SBI_20July22.tc.TC001_SBIBasicDetails"/>
  <testcase name="basicDetails" time="127.158" classname="com.SBI_20July22.tc.TC001_SBIBasicDetails"/>
  <testcase name="basicDetails" time="130.703" classname="com.SBI_20July22.tc.TC001_SBIBasicDetails"/>
  <testcase name="basicDetails" time="127.471" classname="com.SBI_20July22.tc.TC001_SBIBasicDetails"/>
  <testcase name="basicDetails" time="127.553" classname="com.SBI_20July22.tc.TC001_SBIBasicDetails"/>
  <testcase name="basicDetails" time="127.346" classname="com.SBI_20July22.tc.TC001_SBIBasicDetails"/>
  <testcase name="basicDetails" time="127.464" classname="com.SBI_20July22.tc.TC001_SBIBasicDetails"/>
  <testcase name="basicDetails" time="127.236" classname="com.SBI_20July22.tc.TC001_SBIBasicDetails"/>
  <testcase name="basicDetails" time="130.446" classname="com.SBI_20July22.tc.TC001_SBIBasicDetails"/>
  <testcase name="basicDetails" time="130.845" classname="com.SBI_20July22.tc.TC001_SBIBasicDetails"/>
  <testcase name="basicDetails" time="130.960" classname="com.SBI_20July22.tc.TC001_SBIBasicDetails"/>
  <testcase name="basicDetails" time="127.702" classname="com.SBI_20July22.tc.TC001_SBIBasicDetails"/>
  <testcase name="basicDetails" time="127.292" classname="com.SBI_20July22.tc.TC001_SBIBasicDetails"/>
  <testcase name="basicDetails" time="127.064" classname="com.SBI_20July22.tc.TC001_SBIBasicDetails"/>
  <testcase name="basicDetails" time="127.522" classname="com.SBI_20July22.tc.TC001_SBIBasicDetails"/>
  <testcase name="basicDetails" time="130.688" classname="com.SBI_20July22.tc.TC001_SBIBasicDetails"/>
  <testcase name="basicDetails" time="127.173" classname="com.SBI_20July22.tc.TC001_SBIBasicDetails"/>
  <testcase name="basicDetails" time="130.618" classname="com.SBI_20July22.tc.TC001_SBIBasicDetails"/>
  <testcase name="basicDetails" time="130.612" classname="com.SBI_20July22.tc.TC001_SBIBasicDetails"/>
  <testcase name="basicDetails" time="130.671" classname="com.SBI_20July22.tc.TC001_SBIBasicDetails"/>
  <testcase name="basicDetails" time="131.096" classname="com.SBI_20July22.tc.TC001_SBIBasicDetails"/>
  <testcase name="basicDetails" time="130.702" classname="com.SBI_20July22.tc.TC001_SBIBasicDetails"/>
  <testcase name="basicDetails" time="130.577" classname="com.SBI_20July22.tc.TC001_SBIBasicDetails"/>
  <testcase name="basicDetails" time="130.674" classname="com.SBI_20July22.tc.TC001_SBIBasicDetails"/>
  <testcase name="basicDetails" time="127.705" classname="com.SBI_20July22.tc.TC001_SBIBasicDetails"/>
  <testcase name="basicDetails" time="130.747" classname="com.SBI_20July22.tc.TC001_SBIBasicDetails"/>
  <testcase name="basicDetails" time="130.705" classname="com.SBI_20July22.tc.TC001_SBIBasicDetails"/>
  <testcase name="basicDetails" time="127.380" classname="com.SBI_20July22.tc.TC001_SBIBasicDetails"/>
  <testcase name="basicDetails" time="130.535" classname="com.SBI_20July22.tc.TC001_SBIBasicDetails"/>
  <testcase name="basicDetails" time="127.182" classname="com.SBI_20July22.tc.TC001_SBIBasicDetails"/>
  <testcase name="basicDetails" time="127.547" classname="com.SBI_20July22.tc.TC001_SBIBasicDetails"/>
  <testcase name="basicDetails" time="130.741" classname="com.SBI_20July22.tc.TC001_SBIBasicDetails"/>
  <testcase name="basicDetails" time="127.424" classname="com.SBI_20July22.tc.TC001_SBIBasicDetails"/>
  <testcase name="basicDetails" time="127.428" classname="com.SBI_20July22.tc.TC001_SBIBasicDetails"/>
  <testcase name="basicDetails" time="127.527" classname="com.SBI_20July22.tc.TC001_SBIBasicDetails"/>
</testsuite> <!-- com.SBI_20July22.tc.TC001_SBIBasicDetails -->
