<?xml version="1.0" encoding="UTF-8"?>
<!-- Generated by org.testng.reporters.JUnitReportReporter -->
<testsuite skipped="0" hostname="MAA011276B" name="com.OBC.tc.TC005_OBCBasicDetails" tests="65" failures="0" timestamp="24 Jul 2019 15:19:55 GMT" time="4999.887" errors="0">
  <testcase name="basicDetails" time="77.175" classname="com.OBC.tc.TC005_OBCBasicDetails"/>
  <testcase name="basicDetails" time="77.084" classname="com.OBC.tc.TC005_OBCBasicDetails"/>
  <testcase name="basicDetails" time="76.593" classname="com.OBC.tc.TC005_OBCBasicDetails"/>
  <testcase name="basicDetails" time="76.983" classname="com.OBC.tc.TC005_OBCBasicDetails"/>
  <testcase name="basicDetails" time="77.514" classname="com.OBC.tc.TC005_OBCBasicDetails"/>
  <testcase name="basicDetails" time="77.119" classname="com.OBC.tc.TC005_OBCBasicDetails"/>
  <testcase name="basicDetails" time="76.909" classname="com.OBC.tc.TC005_OBCBasicDetails"/>
  <testcase name="basicDetails" time="76.936" classname="com.OBC.tc.TC005_OBCBasicDetails"/>
  <testcase name="basicDetails" time="76.806" classname="com.OBC.tc.TC005_OBCBasicDetails"/>
  <testcase name="basicDetails" time="77.476" classname="com.OBC.tc.TC005_OBCBasicDetails"/>
  <testcase name="basicDetails" time="77.365" classname="com.OBC.tc.TC005_OBCBasicDetails"/>
  <testcase name="basicDetails" time="76.734" classname="com.OBC.tc.TC005_OBCBasicDetails"/>
  <testcase name="basicDetails" time="76.610" classname="com.OBC.tc.TC005_OBCBasicDetails"/>
  <testcase name="basicDetails" time="77.055" classname="com.OBC.tc.TC005_OBCBasicDetails"/>
  <testcase name="basicDetails" time="77.015" classname="com.OBC.tc.TC005_OBCBasicDetails"/>
  <testcase name="basicDetails" time="76.883" classname="com.OBC.tc.TC005_OBCBasicDetails"/>
  <testcase name="basicDetails" time="76.490" classname="com.OBC.tc.TC005_OBCBasicDetails"/>
  <testcase name="basicDetails" time="76.179" classname="com.OBC.tc.TC005_OBCBasicDetails"/>
  <testcase name="basicDetails" time="77.000" classname="com.OBC.tc.TC005_OBCBasicDetails"/>
  <testcase name="basicDetails" time="76.427" classname="com.OBC.tc.TC005_OBCBasicDetails"/>
  <testcase name="basicDetails" time="77.211" classname="com.OBC.tc.TC005_OBCBasicDetails"/>
  <testcase name="basicDetails" time="76.552" classname="com.OBC.tc.TC005_OBCBasicDetails"/>
  <testcase name="basicDetails" time="76.295" classname="com.OBC.tc.TC005_OBCBasicDetails"/>
  <testcase name="basicDetails" time="76.681" classname="com.OBC.tc.TC005_OBCBasicDetails"/>
  <testcase name="basicDetails" time="76.850" classname="com.OBC.tc.TC005_OBCBasicDetails"/>
  <testcase name="basicDetails" time="76.868" classname="com.OBC.tc.TC005_OBCBasicDetails"/>
  <testcase name="basicDetails" time="77.178" classname="com.OBC.tc.TC005_OBCBasicDetails"/>
  <testcase name="basicDetails" time="77.011" classname="com.OBC.tc.TC005_OBCBasicDetails"/>
  <testcase name="basicDetails" time="79.668" classname="com.OBC.tc.TC005_OBCBasicDetails"/>
  <testcase name="basicDetails" time="77.061" classname="com.OBC.tc.TC005_OBCBasicDetails"/>
  <testcase name="basicDetails" time="77.294" classname="com.OBC.tc.TC005_OBCBasicDetails"/>
  <testcase name="basicDetails" time="76.753" classname="com.OBC.tc.TC005_OBCBasicDetails"/>
  <testcase name="basicDetails" time="76.418" classname="com.OBC.tc.TC005_OBCBasicDetails"/>
  <testcase name="basicDetails" time="77.099" classname="com.OBC.tc.TC005_OBCBasicDetails"/>
  <testcase name="basicDetails" time="76.957" classname="com.OBC.tc.TC005_OBCBasicDetails"/>
  <testcase name="basicDetails" time="77.173" classname="com.OBC.tc.TC005_OBCBasicDetails"/>
  <testcase name="basicDetails" time="76.880" classname="com.OBC.tc.TC005_OBCBasicDetails"/>
  <testcase name="basicDetails" time="77.071" classname="com.OBC.tc.TC005_OBCBasicDetails"/>
  <testcase name="basicDetails" time="76.399" classname="com.OBC.tc.TC005_OBCBasicDetails"/>
  <testcase name="basicDetails" time="76.907" classname="com.OBC.tc.TC005_OBCBasicDetails"/>
  <testcase name="basicDetails" time="76.578" classname="com.OBC.tc.TC005_OBCBasicDetails"/>
  <testcase name="basicDetails" time="76.968" classname="com.OBC.tc.TC005_OBCBasicDetails"/>
  <testcase name="basicDetails" time="76.800" classname="com.OBC.tc.TC005_OBCBasicDetails"/>
  <testcase name="basicDetails" time="76.955" classname="com.OBC.tc.TC005_OBCBasicDetails"/>
  <testcase name="basicDetails" time="76.620" classname="com.OBC.tc.TC005_OBCBasicDetails"/>
  <testcase name="basicDetails" time="76.376" classname="com.OBC.tc.TC005_OBCBasicDetails"/>
  <testcase name="basicDetails" time="76.603" classname="com.OBC.tc.TC005_OBCBasicDetails"/>
  <testcase name="basicDetails" time="77.194" classname="com.OBC.tc.TC005_OBCBasicDetails"/>
  <testcase name="basicDetails" time="76.559" classname="com.OBC.tc.TC005_OBCBasicDetails"/>
  <testcase name="basicDetails" time="76.948" classname="com.OBC.tc.TC005_OBCBasicDetails"/>
  <testcase name="basicDetails" time="76.615" classname="com.OBC.tc.TC005_OBCBasicDetails"/>
  <testcase name="basicDetails" time="77.211" classname="com.OBC.tc.TC005_OBCBasicDetails"/>
  <testcase name="basicDetails" time="76.961" classname="com.OBC.tc.TC005_OBCBasicDetails"/>
  <testcase name="basicDetails" time="76.784" classname="com.OBC.tc.TC005_OBCBasicDetails"/>
  <testcase name="basicDetails" time="77.360" classname="com.OBC.tc.TC005_OBCBasicDetails"/>
  <testcase name="basicDetails" time="77.215" classname="com.OBC.tc.TC005_OBCBasicDetails"/>
  <testcase name="basicDetails" time="76.890" classname="com.OBC.tc.TC005_OBCBasicDetails"/>
  <testcase name="basicDetails" time="76.724" classname="com.OBC.tc.TC005_OBCBasicDetails"/>
  <testcase name="basicDetails" time="77.060" classname="com.OBC.tc.TC005_OBCBasicDetails"/>
  <testcase name="basicDetails" time="76.833" classname="com.OBC.tc.TC005_OBCBasicDetails"/>
  <testcase name="basicDetails" time="76.266" classname="com.OBC.tc.TC005_OBCBasicDetails"/>
  <testcase name="basicDetails" time="76.389" classname="com.OBC.tc.TC005_OBCBasicDetails"/>
  <testcase name="basicDetails" time="77.478" classname="com.OBC.tc.TC005_OBCBasicDetails"/>
  <testcase name="basicDetails" time="76.854" classname="com.OBC.tc.TC005_OBCBasicDetails"/>
  <testcase name="basicDetails" time="76.967" classname="com.OBC.tc.TC005_OBCBasicDetails"/>
</testsuite> <!-- com.OBC.tc.TC005_OBCBasicDetails -->
