<?xml version="1.0" encoding="UTF-8"?>
<!-- Generated by org.testng.reporters.JUnitReportReporter -->
<testsuite hostname="MAA011253A" failures="0" tests="65" name="com.SugarMills.tc.TC005_RAJBasicDetails" time="8294.739" errors="0" timestamp="2021-01-06T19:18:43 IST" skipped="0">
  <testcase classname="com.SugarMills.tc.TC005_RAJBasicDetails" name="basicDetails" time="127.174"/>
  <testcase classname="com.SugarMills.tc.TC005_RAJBasicDetails" name="basicDetails" time="127.956"/>
  <testcase classname="com.SugarMills.tc.TC005_RAJBasicDetails" name="basicDetails" time="126.781"/>
  <testcase classname="com.SugarMills.tc.TC005_RAJBasicDetails" name="basicDetails" time="126.684"/>
  <testcase classname="com.SugarMills.tc.TC005_RAJBasicDetails" name="basicDetails" time="127.345"/>
  <testcase classname="com.SugarMills.tc.TC005_RAJBasicDetails" name="basicDetails" time="126.672"/>
  <testcase classname="com.SugarMills.tc.TC005_RAJBasicDetails" name="basicDetails" time="126.322"/>
  <testcase classname="com.SugarMills.tc.TC005_RAJBasicDetails" name="basicDetails" time="126.692"/>
  <testcase classname="com.SugarMills.tc.TC005_RAJBasicDetails" name="basicDetails" time="127.031"/>
  <testcase classname="com.SugarMills.tc.TC005_RAJBasicDetails" name="basicDetails" time="127.527"/>
  <testcase classname="com.SugarMills.tc.TC005_RAJBasicDetails" name="basicDetails" time="127.040"/>
  <testcase classname="com.SugarMills.tc.TC005_RAJBasicDetails" name="basicDetails" time="135.103"/>
  <testcase classname="com.SugarMills.tc.TC005_RAJBasicDetails" name="basicDetails" time="126.770"/>
  <testcase classname="com.SugarMills.tc.TC005_RAJBasicDetails" name="basicDetails" time="127.565"/>
  <testcase classname="com.SugarMills.tc.TC005_RAJBasicDetails" name="basicDetails" time="126.627"/>
  <testcase classname="com.SugarMills.tc.TC005_RAJBasicDetails" name="basicDetails" time="127.160"/>
  <testcase classname="com.SugarMills.tc.TC005_RAJBasicDetails" name="basicDetails" time="127.316"/>
  <testcase classname="com.SugarMills.tc.TC005_RAJBasicDetails" name="basicDetails" time="127.080"/>
  <testcase classname="com.SugarMills.tc.TC005_RAJBasicDetails" name="basicDetails" time="127.212"/>
  <testcase classname="com.SugarMills.tc.TC005_RAJBasicDetails" name="basicDetails" time="126.716"/>
  <testcase classname="com.SugarMills.tc.TC005_RAJBasicDetails" name="basicDetails" time="126.657"/>
  <testcase classname="com.SugarMills.tc.TC005_RAJBasicDetails" name="basicDetails" time="128.599"/>
  <testcase classname="com.SugarMills.tc.TC005_RAJBasicDetails" name="basicDetails" time="126.280"/>
  <testcase classname="com.SugarMills.tc.TC005_RAJBasicDetails" name="basicDetails" time="127.687"/>
  <testcase classname="com.SugarMills.tc.TC005_RAJBasicDetails" name="basicDetails" time="127.152"/>
  <testcase classname="com.SugarMills.tc.TC005_RAJBasicDetails" name="basicDetails" time="126.624"/>
  <testcase classname="com.SugarMills.tc.TC005_RAJBasicDetails" name="basicDetails" time="128.246"/>
  <testcase classname="com.SugarMills.tc.TC005_RAJBasicDetails" name="basicDetails" time="125.850"/>
  <testcase classname="com.SugarMills.tc.TC005_RAJBasicDetails" name="basicDetails" time="127.482"/>
  <testcase classname="com.SugarMills.tc.TC005_RAJBasicDetails" name="basicDetails" time="126.156"/>
  <testcase classname="com.SugarMills.tc.TC005_RAJBasicDetails" name="basicDetails" time="126.251"/>
  <testcase classname="com.SugarMills.tc.TC005_RAJBasicDetails" name="basicDetails" time="126.903"/>
  <testcase classname="com.SugarMills.tc.TC005_RAJBasicDetails" name="basicDetails" time="126.938"/>
  <testcase classname="com.SugarMills.tc.TC005_RAJBasicDetails" name="basicDetails" time="126.895"/>
  <testcase classname="com.SugarMills.tc.TC005_RAJBasicDetails" name="basicDetails" time="127.653"/>
  <testcase classname="com.SugarMills.tc.TC005_RAJBasicDetails" name="basicDetails" time="126.678"/>
  <testcase classname="com.SugarMills.tc.TC005_RAJBasicDetails" name="basicDetails" time="126.487"/>
  <testcase classname="com.SugarMills.tc.TC005_RAJBasicDetails" name="basicDetails" time="128.660"/>
  <testcase classname="com.SugarMills.tc.TC005_RAJBasicDetails" name="basicDetails" time="129.021"/>
  <testcase classname="com.SugarMills.tc.TC005_RAJBasicDetails" name="basicDetails" time="127.485"/>
  <testcase classname="com.SugarMills.tc.TC005_RAJBasicDetails" name="basicDetails" time="126.479"/>
  <testcase classname="com.SugarMills.tc.TC005_RAJBasicDetails" name="basicDetails" time="126.566"/>
  <testcase classname="com.SugarMills.tc.TC005_RAJBasicDetails" name="basicDetails" time="126.604"/>
  <testcase classname="com.SugarMills.tc.TC005_RAJBasicDetails" name="basicDetails" time="125.979"/>
  <testcase classname="com.SugarMills.tc.TC005_RAJBasicDetails" name="basicDetails" time="126.218"/>
  <testcase classname="com.SugarMills.tc.TC005_RAJBasicDetails" name="basicDetails" time="126.946"/>
  <testcase classname="com.SugarMills.tc.TC005_RAJBasicDetails" name="basicDetails" time="153.783"/>
  <testcase classname="com.SugarMills.tc.TC005_RAJBasicDetails" name="basicDetails" time="128.211"/>
  <testcase classname="com.SugarMills.tc.TC005_RAJBasicDetails" name="basicDetails" time="127.848"/>
  <testcase classname="com.SugarMills.tc.TC005_RAJBasicDetails" name="basicDetails" time="127.343"/>
  <testcase classname="com.SugarMills.tc.TC005_RAJBasicDetails" name="basicDetails" time="126.906"/>
  <testcase classname="com.SugarMills.tc.TC005_RAJBasicDetails" name="basicDetails" time="127.130"/>
  <testcase classname="com.SugarMills.tc.TC005_RAJBasicDetails" name="basicDetails" time="127.250"/>
  <testcase classname="com.SugarMills.tc.TC005_RAJBasicDetails" name="basicDetails" time="126.283"/>
  <testcase classname="com.SugarMills.tc.TC005_RAJBasicDetails" name="basicDetails" time="127.067"/>
  <testcase classname="com.SugarMills.tc.TC005_RAJBasicDetails" name="basicDetails" time="126.334"/>
  <testcase classname="com.SugarMills.tc.TC005_RAJBasicDetails" name="basicDetails" time="126.931"/>
  <testcase classname="com.SugarMills.tc.TC005_RAJBasicDetails" name="basicDetails" time="126.582"/>
  <testcase classname="com.SugarMills.tc.TC005_RAJBasicDetails" name="basicDetails" time="126.805"/>
  <testcase classname="com.SugarMills.tc.TC005_RAJBasicDetails" name="basicDetails" time="125.946"/>
  <testcase classname="com.SugarMills.tc.TC005_RAJBasicDetails" name="basicDetails" time="127.673"/>
  <testcase classname="com.SugarMills.tc.TC005_RAJBasicDetails" name="basicDetails" time="127.383"/>
  <testcase classname="com.SugarMills.tc.TC005_RAJBasicDetails" name="basicDetails" time="127.782"/>
  <testcase classname="com.SugarMills.tc.TC005_RAJBasicDetails" name="basicDetails" time="126.074"/>
  <testcase classname="com.SugarMills.tc.TC005_RAJBasicDetails" name="basicDetails" time="130.139"/>
</testsuite> <!-- com.SugarMills.tc.TC005_RAJBasicDetails -->
