<?xml version="1.0" encoding="UTF-8"?>
<!-- Generated by org.testng.reporters.JUnitReportReporter -->
<testsuite hostname="MAA011253A" failures="0" tests="30" name="com.SPMCIL.tc.TC003_SPMCILBasicDetails" time="3.219" errors="1" timestamp="2020-09-04T20:36:58 IST" skipped="29">
  <testcase classname="com.SPMCIL.tc.TC003_SPMCILBasicDetails" name="basicDetails" time="0.000">
    <skipped/>
  </testcase> <!-- basicDetails -->
  <testcase classname="com.SPMCIL.tc.TC003_SPMCILBasicDetails" name="basicDetails" time="0.000">
    <skipped/>
  </testcase> <!-- basicDetails -->
  <testcase classname="com.SPMCIL.tc.TC003_SPMCILBasicDetails" name="basicDetails" time="0.000">
    <skipped/>
  </testcase> <!-- basicDetails -->
  <testcase classname="com.SPMCIL.tc.TC003_SPMCILBasicDetails" name="basicDetails" time="0.000">
    <skipped/>
  </testcase> <!-- basicDetails -->
  <testcase classname="com.SPMCIL.tc.TC003_SPMCILBasicDetails" name="basicDetails" time="0.000">
    <skipped/>
  </testcase> <!-- basicDetails -->
  <testcase classname="com.SPMCIL.tc.TC003_SPMCILBasicDetails" name="basicDetails" time="0.000">
    <skipped/>
  </testcase> <!-- basicDetails -->
  <testcase classname="com.SPMCIL.tc.TC003_SPMCILBasicDetails" name="basicDetails" time="0.000">
    <skipped/>
  </testcase> <!-- basicDetails -->
  <testcase classname="com.SPMCIL.tc.TC003_SPMCILBasicDetails" name="basicDetails" time="0.000">
    <skipped/>
  </testcase> <!-- basicDetails -->
  <testcase classname="com.SPMCIL.tc.TC003_SPMCILBasicDetails" name="basicDetails" time="0.000">
    <skipped/>
  </testcase> <!-- basicDetails -->
  <testcase classname="com.SPMCIL.tc.TC003_SPMCILBasicDetails" name="basicDetails" time="0.000">
    <skipped/>
  </testcase> <!-- basicDetails -->
  <testcase classname="com.SPMCIL.tc.TC003_SPMCILBasicDetails" name="basicDetails" time="0.000">
    <skipped/>
  </testcase> <!-- basicDetails -->
  <testcase classname="com.SPMCIL.tc.TC003_SPMCILBasicDetails" name="basicDetails" time="0.000">
    <skipped/>
  </testcase> <!-- basicDetails -->
  <testcase classname="com.SPMCIL.tc.TC003_SPMCILBasicDetails" name="basicDetails" time="0.000">
    <skipped/>
  </testcase> <!-- basicDetails -->
  <testcase classname="com.SPMCIL.tc.TC003_SPMCILBasicDetails" name="basicDetails" time="0.000">
    <skipped/>
  </testcase> <!-- basicDetails -->
  <testcase classname="com.SPMCIL.tc.TC003_SPMCILBasicDetails" name="beforeClass" time="3.219">
    <error type="java.lang.NullPointerException">
      <![CDATA[java.lang.NullPointerException
at lib.selenium.WebDriverServiceImpl.takeSnap(WebDriverServiceImpl.java:514)
at lib.utils.HTMLReporter.reportStep(HTMLReporter.java:42)
at lib.utils.HTMLReporter.reportStep(HTMLReporter.java:73)
at lib.selenium.WebDriverServiceImpl.startApp(WebDriverServiceImpl.java:125)
at lib.selenium.PreAndPost.beforeClass(PreAndPost.java:32)
at java.base/jdk.internal.reflect.NativeMethodAccessorImpl.invoke0(Native Method)
at java.base/jdk.internal.reflect.NativeMethodAccessorImpl.invoke(Unknown Source)
at java.base/jdk.internal.reflect.DelegatingMethodAccessorImpl.invoke(Unknown Source)
at java.base/java.lang.reflect.Method.invoke(Unknown Source)
at org.testng.internal.MethodInvocationHelper.invokeMethod(MethodInvocationHelper.java:133)
at org.testng.internal.MethodInvocationHelper.invokeMethodConsideringTimeout(MethodInvocationHelper.java:62)
at org.testng.internal.ConfigInvoker.invokeConfigurationMethod(ConfigInvoker.java:340)
at org.testng.internal.ConfigInvoker.invokeConfigurations(ConfigInvoker.java:294)
at org.testng.internal.TestMethodWorker.invokeBeforeClassMethods(TestMethodWorker.java:176)
at org.testng.internal.TestMethodWorker.run(TestMethodWorker.java:122)
at java.base/java.util.concurrent.ThreadPoolExecutor.runWorker(Unknown Source)
at java.base/java.util.concurrent.ThreadPoolExecutor$Worker.run(Unknown Source)
at java.base/java.lang.Thread.run(Unknown Source)
]]>
    </error>
  </testcase> <!-- beforeClass -->
  <testcase classname="com.SPMCIL.tc.TC003_SPMCILBasicDetails" name="basicDetails" time="0.000">
    <skipped/>
  </testcase> <!-- basicDetails -->
  <testcase classname="com.SPMCIL.tc.TC003_SPMCILBasicDetails" name="basicDetails" time="0.000">
    <skipped/>
  </testcase> <!-- basicDetails -->
  <testcase classname="com.SPMCIL.tc.TC003_SPMCILBasicDetails" name="basicDetails" time="0.000">
    <skipped/>
  </testcase> <!-- basicDetails -->
  <testcase classname="com.SPMCIL.tc.TC003_SPMCILBasicDetails" name="basicDetails" time="0.000">
    <skipped/>
  </testcase> <!-- basicDetails -->
  <testcase classname="com.SPMCIL.tc.TC003_SPMCILBasicDetails" name="basicDetails" time="0.000">
    <skipped/>
  </testcase> <!-- basicDetails -->
  <testcase classname="com.SPMCIL.tc.TC003_SPMCILBasicDetails" name="basicDetails" time="0.000">
    <skipped/>
  </testcase> <!-- basicDetails -->
  <testcase classname="com.SPMCIL.tc.TC003_SPMCILBasicDetails" name="basicDetails" time="0.000">
    <skipped/>
  </testcase> <!-- basicDetails -->
  <testcase classname="com.SPMCIL.tc.TC003_SPMCILBasicDetails" name="basicDetails" time="0.000">
    <skipped/>
  </testcase> <!-- basicDetails -->
  <testcase classname="com.SPMCIL.tc.TC003_SPMCILBasicDetails" name="basicDetails" time="0.000">
    <skipped/>
  </testcase> <!-- basicDetails -->
  <testcase classname="com.SPMCIL.tc.TC003_SPMCILBasicDetails" name="basicDetails" time="0.000">
    <skipped/>
  </testcase> <!-- basicDetails -->
  <testcase classname="com.SPMCIL.tc.TC003_SPMCILBasicDetails" name="basicDetails" time="0.000">
    <skipped/>
  </testcase> <!-- basicDetails -->
  <testcase classname="com.SPMCIL.tc.TC003_SPMCILBasicDetails" name="basicDetails" time="0.000">
    <skipped/>
  </testcase> <!-- basicDetails -->
  <testcase classname="com.SPMCIL.tc.TC003_SPMCILBasicDetails" name="basicDetails" time="0.000">
    <skipped/>
  </testcase> <!-- basicDetails -->
  <testcase classname="com.SPMCIL.tc.TC003_SPMCILBasicDetails" name="basicDetails" time="0.000">
    <skipped/>
  </testcase> <!-- basicDetails -->
  <testcase classname="com.SPMCIL.tc.TC003_SPMCILBasicDetails" name="basicDetails" time="0.000">
    <skipped/>
  </testcase> <!-- basicDetails -->
</testsuite> <!-- com.SPMCIL.tc.TC003_SPMCILBasicDetails -->
