<?xml version="1.0" encoding="UTF-8"?>
<!-- Generated by org.testng.reporters.JUnitReportReporter -->
<testsuite skipped="0" hostname="MAA014482B" name="com.CSIR_25July22.tc.TC001_CSIRBasicDetails" tests="14" failures="0" timestamp="2022-08-03T14:23:55 IST" time="1795.440" errors="0">
  <testcase name="basicDetails" time="126.965" classname="com.CSIR_25July22.tc.TC001_CSIRBasicDetails"/>
  <testcase name="basicDetails" time="129.609" classname="com.CSIR_25July22.tc.TC001_CSIRBasicDetails"/>
  <testcase name="basicDetails" time="129.646" classname="com.CSIR_25July22.tc.TC001_CSIRBasicDetails"/>
  <testcase name="basicDetails" time="129.570" classname="com.CSIR_25July22.tc.TC001_CSIRBasicDetails"/>
  <testcase name="basicDetails" time="130.026" classname="com.CSIR_25July22.tc.TC001_CSIRBasicDetails"/>
  <testcase name="basicDetails" time="129.956" classname="com.CSIR_25July22.tc.TC001_CSIRBasicDetails"/>
  <testcase name="basicDetails" time="129.326" classname="com.CSIR_25July22.tc.TC001_CSIRBasicDetails"/>
  <testcase name="basicDetails" time="125.988" classname="com.CSIR_25July22.tc.TC001_CSIRBasicDetails"/>
  <testcase name="basicDetails" time="126.030" classname="com.CSIR_25July22.tc.TC001_CSIRBasicDetails"/>
  <testcase name="basicDetails" time="126.107" classname="com.CSIR_25July22.tc.TC001_CSIRBasicDetails"/>
  <testcase name="basicDetails" time="126.617" classname="com.CSIR_25July22.tc.TC001_CSIRBasicDetails"/>
  <testcase name="basicDetails" time="126.391" classname="com.CSIR_25July22.tc.TC001_CSIRBasicDetails"/>
  <testcase name="basicDetails" time="129.598" classname="com.CSIR_25July22.tc.TC001_CSIRBasicDetails"/>
  <testcase name="basicDetails" time="129.611" classname="com.CSIR_25July22.tc.TC001_CSIRBasicDetails"/>
</testsuite> <!-- com.CSIR_25July22.tc.TC001_CSIRBasicDetails -->
