<?xml version="1.0" encoding="UTF-8"?>
<!-- Generated by org.testng.reporters.JUnitReportReporter -->
<testsuite skipped="0" hostname="MAA014482B" name="com.DRDO_17Oct.tc.TC001_DRDOBasicDetails" tests="50" failures="0" timestamp="2022-11-07T01:48:07 IST" time="8683.536" errors="0">
  <testcase name="basicDetails" time="170.656" classname="com.DRDO_17Oct.tc.TC001_DRDOBasicDetails"/>
  <testcase name="basicDetails" time="169.201" classname="com.DRDO_17Oct.tc.TC001_DRDOBasicDetails"/>
  <testcase name="basicDetails" time="172.684" classname="com.DRDO_17Oct.tc.TC001_DRDOBasicDetails"/>
  <testcase name="basicDetails" time="168.731" classname="com.DRDO_17Oct.tc.TC001_DRDOBasicDetails"/>
  <testcase name="basicDetails" time="169.877" classname="com.DRDO_17Oct.tc.TC001_DRDOBasicDetails"/>
  <testcase name="basicDetails" time="182.306" classname="com.DRDO_17Oct.tc.TC001_DRDOBasicDetails"/>
  <testcase name="basicDetails" time="168.950" classname="com.DRDO_17Oct.tc.TC001_DRDOBasicDetails"/>
  <testcase name="basicDetails" time="182.183" classname="com.DRDO_17Oct.tc.TC001_DRDOBasicDetails"/>
  <testcase name="basicDetails" time="169.344" classname="com.DRDO_17Oct.tc.TC001_DRDOBasicDetails"/>
  <testcase name="basicDetails" time="168.990" classname="com.DRDO_17Oct.tc.TC001_DRDOBasicDetails"/>
  <testcase name="basicDetails" time="168.692" classname="com.DRDO_17Oct.tc.TC001_DRDOBasicDetails"/>
  <testcase name="basicDetails" time="169.797" classname="com.DRDO_17Oct.tc.TC001_DRDOBasicDetails"/>
  <testcase name="basicDetails" time="180.835" classname="com.DRDO_17Oct.tc.TC001_DRDOBasicDetails"/>
  <testcase name="basicDetails" time="180.766" classname="com.DRDO_17Oct.tc.TC001_DRDOBasicDetails"/>
  <testcase name="basicDetails" time="169.121" classname="com.DRDO_17Oct.tc.TC001_DRDOBasicDetails"/>
  <testcase name="basicDetails" time="182.172" classname="com.DRDO_17Oct.tc.TC001_DRDOBasicDetails"/>
  <testcase name="basicDetails" time="171.115" classname="com.DRDO_17Oct.tc.TC001_DRDOBasicDetails"/>
  <testcase name="basicDetails" time="168.827" classname="com.DRDO_17Oct.tc.TC001_DRDOBasicDetails"/>
  <testcase name="basicDetails" time="168.979" classname="com.DRDO_17Oct.tc.TC001_DRDOBasicDetails"/>
  <testcase name="basicDetails" time="168.974" classname="com.DRDO_17Oct.tc.TC001_DRDOBasicDetails"/>
  <testcase name="basicDetails" time="168.699" classname="com.DRDO_17Oct.tc.TC001_DRDOBasicDetails"/>
  <testcase name="basicDetails" time="180.724" classname="com.DRDO_17Oct.tc.TC001_DRDOBasicDetails"/>
  <testcase name="basicDetails" time="173.467" classname="com.DRDO_17Oct.tc.TC001_DRDOBasicDetails"/>
  <testcase name="basicDetails" time="173.984" classname="com.DRDO_17Oct.tc.TC001_DRDOBasicDetails"/>
  <testcase name="basicDetails" time="169.754" classname="com.DRDO_17Oct.tc.TC001_DRDOBasicDetails"/>
  <testcase name="basicDetails" time="168.640" classname="com.DRDO_17Oct.tc.TC001_DRDOBasicDetails"/>
  <testcase name="basicDetails" time="182.449" classname="com.DRDO_17Oct.tc.TC001_DRDOBasicDetails"/>
  <testcase name="basicDetails" time="180.775" classname="com.DRDO_17Oct.tc.TC001_DRDOBasicDetails"/>
  <testcase name="basicDetails" time="171.351" classname="com.DRDO_17Oct.tc.TC001_DRDOBasicDetails"/>
  <testcase name="basicDetails" time="168.945" classname="com.DRDO_17Oct.tc.TC001_DRDOBasicDetails"/>
  <testcase name="basicDetails" time="168.805" classname="com.DRDO_17Oct.tc.TC001_DRDOBasicDetails"/>
  <testcase name="basicDetails" time="170.983" classname="com.DRDO_17Oct.tc.TC001_DRDOBasicDetails"/>
  <testcase name="basicDetails" time="182.026" classname="com.DRDO_17Oct.tc.TC001_DRDOBasicDetails"/>
  <testcase name="basicDetails" time="171.668" classname="com.DRDO_17Oct.tc.TC001_DRDOBasicDetails"/>
  <testcase name="basicDetails" time="171.027" classname="com.DRDO_17Oct.tc.TC001_DRDOBasicDetails"/>
  <testcase name="basicDetails" time="168.691" classname="com.DRDO_17Oct.tc.TC001_DRDOBasicDetails"/>
  <testcase name="basicDetails" time="169.125" classname="com.DRDO_17Oct.tc.TC001_DRDOBasicDetails"/>
  <testcase name="basicDetails" time="173.383" classname="com.DRDO_17Oct.tc.TC001_DRDOBasicDetails"/>
  <testcase name="basicDetails" time="169.006" classname="com.DRDO_17Oct.tc.TC001_DRDOBasicDetails"/>
  <testcase name="basicDetails" time="180.976" classname="com.DRDO_17Oct.tc.TC001_DRDOBasicDetails"/>
  <testcase name="basicDetails" time="173.328" classname="com.DRDO_17Oct.tc.TC001_DRDOBasicDetails"/>
  <testcase name="basicDetails" time="169.130" classname="com.DRDO_17Oct.tc.TC001_DRDOBasicDetails"/>
  <testcase name="basicDetails" time="180.937" classname="com.DRDO_17Oct.tc.TC001_DRDOBasicDetails"/>
  <testcase name="basicDetails" time="173.350" classname="com.DRDO_17Oct.tc.TC001_DRDOBasicDetails"/>
  <testcase name="basicDetails" time="172.951" classname="com.DRDO_17Oct.tc.TC001_DRDOBasicDetails"/>
  <testcase name="basicDetails" time="180.824" classname="com.DRDO_17Oct.tc.TC001_DRDOBasicDetails"/>
  <testcase name="basicDetails" time="180.937" classname="com.DRDO_17Oct.tc.TC001_DRDOBasicDetails"/>
  <testcase name="basicDetails" time="171.891" classname="com.DRDO_17Oct.tc.TC001_DRDOBasicDetails"/>
  <testcase name="basicDetails" time="181.214" classname="com.DRDO_17Oct.tc.TC001_DRDOBasicDetails"/>
  <testcase name="basicDetails" time="182.296" classname="com.DRDO_17Oct.tc.TC001_DRDOBasicDetails"/>
</testsuite> <!-- com.DRDO_17Oct.tc.TC001_DRDOBasicDetails -->
