<?xml version="1.0" encoding="UTF-8"?>
<!-- Generated by org.testng.reporters.JUnitReportReporter -->
<testsuite skipped="0" hostname="MAA014482B" name="com.CIDCO_April23.tc.TC002_CIDCOBasicDetails" tests="136" failures="0" timestamp="2023-06-16T06:07:59 IST" time="22652.561" errors="0">
  <testcase name="basicDetails" time="158.253" classname="com.CIDCO_April23.tc.TC002_CIDCOBasicDetails"/>
  <testcase name="basicDetails" time="158.867" classname="com.CIDCO_April23.tc.TC002_CIDCOBasicDetails"/>
  <testcase name="basicDetails" time="158.751" classname="com.CIDCO_April23.tc.TC002_CIDCOBasicDetails"/>
  <testcase name="basicDetails" time="169.647" classname="com.CIDCO_April23.tc.TC002_CIDCOBasicDetails"/>
  <testcase name="basicDetails" time="168.093" classname="com.CIDCO_April23.tc.TC002_CIDCOBasicDetails"/>
  <testcase name="basicDetails" time="158.300" classname="com.CIDCO_April23.tc.TC002_CIDCOBasicDetails"/>
  <testcase name="basicDetails" time="179.711" classname="com.CIDCO_April23.tc.TC002_CIDCOBasicDetails"/>
  <testcase name="basicDetails" time="158.254" classname="com.CIDCO_April23.tc.TC002_CIDCOBasicDetails"/>
  <testcase name="basicDetails" time="158.533" classname="com.CIDCO_April23.tc.TC002_CIDCOBasicDetails"/>
  <testcase name="basicDetails" time="179.695" classname="com.CIDCO_April23.tc.TC002_CIDCOBasicDetails"/>
  <testcase name="basicDetails" time="169.499" classname="com.CIDCO_April23.tc.TC002_CIDCOBasicDetails"/>
  <testcase name="basicDetails" time="169.522" classname="com.CIDCO_April23.tc.TC002_CIDCOBasicDetails"/>
  <testcase name="basicDetails" time="169.389" classname="com.CIDCO_April23.tc.TC002_CIDCOBasicDetails"/>
  <testcase name="basicDetails" time="158.718" classname="com.CIDCO_April23.tc.TC002_CIDCOBasicDetails"/>
  <testcase name="basicDetails" time="169.558" classname="com.CIDCO_April23.tc.TC002_CIDCOBasicDetails"/>
  <testcase name="basicDetails" time="179.196" classname="com.CIDCO_April23.tc.TC002_CIDCOBasicDetails"/>
  <testcase name="basicDetails" time="158.036" classname="com.CIDCO_April23.tc.TC002_CIDCOBasicDetails"/>
  <testcase name="basicDetails" time="158.404" classname="com.CIDCO_April23.tc.TC002_CIDCOBasicDetails"/>
  <testcase name="basicDetails" time="179.484" classname="com.CIDCO_April23.tc.TC002_CIDCOBasicDetails"/>
  <testcase name="basicDetails" time="167.933" classname="com.CIDCO_April23.tc.TC002_CIDCOBasicDetails"/>
  <testcase name="basicDetails" time="158.403" classname="com.CIDCO_April23.tc.TC002_CIDCOBasicDetails"/>
  <testcase name="basicDetails" time="169.408" classname="com.CIDCO_April23.tc.TC002_CIDCOBasicDetails"/>
  <testcase name="basicDetails" time="158.423" classname="com.CIDCO_April23.tc.TC002_CIDCOBasicDetails"/>
  <testcase name="basicDetails" time="158.116" classname="com.CIDCO_April23.tc.TC002_CIDCOBasicDetails"/>
  <testcase name="basicDetails" time="169.468" classname="com.CIDCO_April23.tc.TC002_CIDCOBasicDetails"/>
  <testcase name="basicDetails" time="158.998" classname="com.CIDCO_April23.tc.TC002_CIDCOBasicDetails"/>
  <testcase name="basicDetails" time="159.023" classname="com.CIDCO_April23.tc.TC002_CIDCOBasicDetails"/>
  <testcase name="basicDetails" time="158.244" classname="com.CIDCO_April23.tc.TC002_CIDCOBasicDetails"/>
  <testcase name="basicDetails" time="169.819" classname="com.CIDCO_April23.tc.TC002_CIDCOBasicDetails"/>
  <testcase name="basicDetails" time="169.125" classname="com.CIDCO_April23.tc.TC002_CIDCOBasicDetails"/>
  <testcase name="basicDetails" time="173.832" classname="com.CIDCO_April23.tc.TC002_CIDCOBasicDetails"/>
  <testcase name="basicDetails" time="158.117" classname="com.CIDCO_April23.tc.TC002_CIDCOBasicDetails"/>
  <testcase name="basicDetails" time="169.756" classname="com.CIDCO_April23.tc.TC002_CIDCOBasicDetails"/>
  <testcase name="basicDetails" time="158.097" classname="com.CIDCO_April23.tc.TC002_CIDCOBasicDetails"/>
  <testcase name="basicDetails" time="158.273" classname="com.CIDCO_April23.tc.TC002_CIDCOBasicDetails"/>
  <testcase name="basicDetails" time="168.405" classname="com.CIDCO_April23.tc.TC002_CIDCOBasicDetails"/>
  <testcase name="basicDetails" time="169.462" classname="com.CIDCO_April23.tc.TC002_CIDCOBasicDetails"/>
  <testcase name="basicDetails" time="169.627" classname="com.CIDCO_April23.tc.TC002_CIDCOBasicDetails"/>
  <testcase name="basicDetails" time="169.732" classname="com.CIDCO_April23.tc.TC002_CIDCOBasicDetails"/>
  <testcase name="basicDetails" time="168.431" classname="com.CIDCO_April23.tc.TC002_CIDCOBasicDetails"/>
  <testcase name="basicDetails" time="179.465" classname="com.CIDCO_April23.tc.TC002_CIDCOBasicDetails"/>
  <testcase name="basicDetails" time="158.986" classname="com.CIDCO_April23.tc.TC002_CIDCOBasicDetails"/>
  <testcase name="basicDetails" time="179.451" classname="com.CIDCO_April23.tc.TC002_CIDCOBasicDetails"/>
  <testcase name="basicDetails" time="158.282" classname="com.CIDCO_April23.tc.TC002_CIDCOBasicDetails"/>
  <testcase name="basicDetails" time="169.462" classname="com.CIDCO_April23.tc.TC002_CIDCOBasicDetails"/>
  <testcase name="basicDetails" time="179.206" classname="com.CIDCO_April23.tc.TC002_CIDCOBasicDetails"/>
  <testcase name="basicDetails" time="179.742" classname="com.CIDCO_April23.tc.TC002_CIDCOBasicDetails"/>
  <testcase name="basicDetails" time="179.310" classname="com.CIDCO_April23.tc.TC002_CIDCOBasicDetails"/>
  <testcase name="basicDetails" time="169.298" classname="com.CIDCO_April23.tc.TC002_CIDCOBasicDetails"/>
  <testcase name="basicDetails" time="179.368" classname="com.CIDCO_April23.tc.TC002_CIDCOBasicDetails"/>
  <testcase name="basicDetails" time="169.688" classname="com.CIDCO_April23.tc.TC002_CIDCOBasicDetails"/>
  <testcase name="basicDetails" time="169.847" classname="com.CIDCO_April23.tc.TC002_CIDCOBasicDetails"/>
  <testcase name="basicDetails" time="169.275" classname="com.CIDCO_April23.tc.TC002_CIDCOBasicDetails"/>
  <testcase name="basicDetails" time="158.414" classname="com.CIDCO_April23.tc.TC002_CIDCOBasicDetails"/>
  <testcase name="basicDetails" time="169.460" classname="com.CIDCO_April23.tc.TC002_CIDCOBasicDetails"/>
  <testcase name="basicDetails" time="158.812" classname="com.CIDCO_April23.tc.TC002_CIDCOBasicDetails"/>
  <testcase name="basicDetails" time="158.302" classname="com.CIDCO_April23.tc.TC002_CIDCOBasicDetails"/>
  <testcase name="basicDetails" time="158.507" classname="com.CIDCO_April23.tc.TC002_CIDCOBasicDetails"/>
  <testcase name="basicDetails" time="168.433" classname="com.CIDCO_April23.tc.TC002_CIDCOBasicDetails"/>
  <testcase name="basicDetails" time="169.415" classname="com.CIDCO_April23.tc.TC002_CIDCOBasicDetails"/>
  <testcase name="basicDetails" time="169.797" classname="com.CIDCO_April23.tc.TC002_CIDCOBasicDetails"/>
  <testcase name="basicDetails" time="186.675" classname="com.CIDCO_April23.tc.TC002_CIDCOBasicDetails"/>
  <testcase name="basicDetails" time="169.476" classname="com.CIDCO_April23.tc.TC002_CIDCOBasicDetails"/>
  <testcase name="basicDetails" time="158.357" classname="com.CIDCO_April23.tc.TC002_CIDCOBasicDetails"/>
  <testcase name="basicDetails" time="158.270" classname="com.CIDCO_April23.tc.TC002_CIDCOBasicDetails"/>
  <testcase name="basicDetails" time="179.404" classname="com.CIDCO_April23.tc.TC002_CIDCOBasicDetails"/>
  <testcase name="basicDetails" time="158.247" classname="com.CIDCO_April23.tc.TC002_CIDCOBasicDetails"/>
  <testcase name="basicDetails" time="169.370" classname="com.CIDCO_April23.tc.TC002_CIDCOBasicDetails"/>
  <testcase name="basicDetails" time="169.056" classname="com.CIDCO_April23.tc.TC002_CIDCOBasicDetails"/>
  <testcase name="basicDetails" time="169.290" classname="com.CIDCO_April23.tc.TC002_CIDCOBasicDetails"/>
  <testcase name="basicDetails" time="158.327" classname="com.CIDCO_April23.tc.TC002_CIDCOBasicDetails"/>
  <testcase name="basicDetails" time="169.933" classname="com.CIDCO_April23.tc.TC002_CIDCOBasicDetails"/>
  <testcase name="basicDetails" time="169.717" classname="com.CIDCO_April23.tc.TC002_CIDCOBasicDetails"/>
  <testcase name="basicDetails" time="169.449" classname="com.CIDCO_April23.tc.TC002_CIDCOBasicDetails"/>
  <testcase name="basicDetails" time="168.166" classname="com.CIDCO_April23.tc.TC002_CIDCOBasicDetails"/>
  <testcase name="basicDetails" time="169.778" classname="com.CIDCO_April23.tc.TC002_CIDCOBasicDetails"/>
  <testcase name="basicDetails" time="170.070" classname="com.CIDCO_April23.tc.TC002_CIDCOBasicDetails"/>
  <testcase name="basicDetails" time="168.211" classname="com.CIDCO_April23.tc.TC002_CIDCOBasicDetails"/>
  <testcase name="basicDetails" time="169.299" classname="com.CIDCO_April23.tc.TC002_CIDCOBasicDetails"/>
  <testcase name="basicDetails" time="170.179" classname="com.CIDCO_April23.tc.TC002_CIDCOBasicDetails"/>
  <testcase name="basicDetails" time="158.532" classname="com.CIDCO_April23.tc.TC002_CIDCOBasicDetails"/>
  <testcase name="basicDetails" time="168.412" classname="com.CIDCO_April23.tc.TC002_CIDCOBasicDetails"/>
  <testcase name="basicDetails" time="158.031" classname="com.CIDCO_April23.tc.TC002_CIDCOBasicDetails"/>
  <testcase name="basicDetails" time="169.384" classname="com.CIDCO_April23.tc.TC002_CIDCOBasicDetails"/>
  <testcase name="basicDetails" time="169.213" classname="com.CIDCO_April23.tc.TC002_CIDCOBasicDetails"/>
  <testcase name="basicDetails" time="169.489" classname="com.CIDCO_April23.tc.TC002_CIDCOBasicDetails"/>
  <testcase name="basicDetails" time="158.335" classname="com.CIDCO_April23.tc.TC002_CIDCOBasicDetails"/>
  <testcase name="basicDetails" time="169.145" classname="com.CIDCO_April23.tc.TC002_CIDCOBasicDetails"/>
  <testcase name="basicDetails" time="169.957" classname="com.CIDCO_April23.tc.TC002_CIDCOBasicDetails"/>
  <testcase name="basicDetails" time="169.954" classname="com.CIDCO_April23.tc.TC002_CIDCOBasicDetails"/>
  <testcase name="basicDetails" time="169.226" classname="com.CIDCO_April23.tc.TC002_CIDCOBasicDetails"/>
  <testcase name="basicDetails" time="158.405" classname="com.CIDCO_April23.tc.TC002_CIDCOBasicDetails"/>
  <testcase name="basicDetails" time="169.371" classname="com.CIDCO_April23.tc.TC002_CIDCOBasicDetails"/>
  <testcase name="basicDetails" time="169.224" classname="com.CIDCO_April23.tc.TC002_CIDCOBasicDetails"/>
  <testcase name="basicDetails" time="158.448" classname="com.CIDCO_April23.tc.TC002_CIDCOBasicDetails"/>
  <testcase name="basicDetails" time="170.204" classname="com.CIDCO_April23.tc.TC002_CIDCOBasicDetails"/>
  <testcase name="basicDetails" time="159.186" classname="com.CIDCO_April23.tc.TC002_CIDCOBasicDetails"/>
  <testcase name="basicDetails" time="158.073" classname="com.CIDCO_April23.tc.TC002_CIDCOBasicDetails"/>
  <testcase name="basicDetails" time="158.420" classname="com.CIDCO_April23.tc.TC002_CIDCOBasicDetails"/>
  <testcase name="basicDetails" time="169.950" classname="com.CIDCO_April23.tc.TC002_CIDCOBasicDetails"/>
  <testcase name="basicDetails" time="158.341" classname="com.CIDCO_April23.tc.TC002_CIDCOBasicDetails"/>
  <testcase name="basicDetails" time="158.309" classname="com.CIDCO_April23.tc.TC002_CIDCOBasicDetails"/>
  <testcase name="basicDetails" time="158.162" classname="com.CIDCO_April23.tc.TC002_CIDCOBasicDetails"/>
  <testcase name="basicDetails" time="168.318" classname="com.CIDCO_April23.tc.TC002_CIDCOBasicDetails"/>
  <testcase name="basicDetails" time="179.312" classname="com.CIDCO_April23.tc.TC002_CIDCOBasicDetails"/>
  <testcase name="basicDetails" time="158.364" classname="com.CIDCO_April23.tc.TC002_CIDCOBasicDetails"/>
  <testcase name="basicDetails" time="158.263" classname="com.CIDCO_April23.tc.TC002_CIDCOBasicDetails"/>
  <testcase name="basicDetails" time="169.969" classname="com.CIDCO_April23.tc.TC002_CIDCOBasicDetails"/>
  <testcase name="basicDetails" time="169.380" classname="com.CIDCO_April23.tc.TC002_CIDCOBasicDetails"/>
  <testcase name="basicDetails" time="168.239" classname="com.CIDCO_April23.tc.TC002_CIDCOBasicDetails"/>
  <testcase name="basicDetails" time="158.118" classname="com.CIDCO_April23.tc.TC002_CIDCOBasicDetails"/>
  <testcase name="basicDetails" time="158.023" classname="com.CIDCO_April23.tc.TC002_CIDCOBasicDetails"/>
  <testcase name="basicDetails" time="169.643" classname="com.CIDCO_April23.tc.TC002_CIDCOBasicDetails"/>
  <testcase name="basicDetails" time="169.273" classname="com.CIDCO_April23.tc.TC002_CIDCOBasicDetails"/>
  <testcase name="basicDetails" time="167.828" classname="com.CIDCO_April23.tc.TC002_CIDCOBasicDetails"/>
  <testcase name="basicDetails" time="179.435" classname="com.CIDCO_April23.tc.TC002_CIDCOBasicDetails"/>
  <testcase name="basicDetails" time="169.406" classname="com.CIDCO_April23.tc.TC002_CIDCOBasicDetails"/>
  <testcase name="basicDetails" time="168.218" classname="com.CIDCO_April23.tc.TC002_CIDCOBasicDetails"/>
  <testcase name="basicDetails" time="168.362" classname="com.CIDCO_April23.tc.TC002_CIDCOBasicDetails"/>
  <testcase name="basicDetails" time="169.542" classname="com.CIDCO_April23.tc.TC002_CIDCOBasicDetails"/>
  <testcase name="basicDetails" time="158.145" classname="com.CIDCO_April23.tc.TC002_CIDCOBasicDetails"/>
  <testcase name="basicDetails" time="158.238" classname="com.CIDCO_April23.tc.TC002_CIDCOBasicDetails"/>
  <testcase name="basicDetails" time="158.534" classname="com.CIDCO_April23.tc.TC002_CIDCOBasicDetails"/>
  <testcase name="basicDetails" time="169.575" classname="com.CIDCO_April23.tc.TC002_CIDCOBasicDetails"/>
  <testcase name="basicDetails" time="158.397" classname="com.CIDCO_April23.tc.TC002_CIDCOBasicDetails"/>
  <testcase name="basicDetails" time="179.630" classname="com.CIDCO_April23.tc.TC002_CIDCOBasicDetails"/>
  <testcase name="basicDetails" time="168.665" classname="com.CIDCO_April23.tc.TC002_CIDCOBasicDetails"/>
  <testcase name="basicDetails" time="179.410" classname="com.CIDCO_April23.tc.TC002_CIDCOBasicDetails"/>
  <testcase name="basicDetails" time="169.321" classname="com.CIDCO_April23.tc.TC002_CIDCOBasicDetails"/>
  <testcase name="basicDetails" time="168.108" classname="com.CIDCO_April23.tc.TC002_CIDCOBasicDetails"/>
  <testcase name="basicDetails" time="158.429" classname="com.CIDCO_April23.tc.TC002_CIDCOBasicDetails"/>
  <testcase name="basicDetails" time="170.195" classname="com.CIDCO_April23.tc.TC002_CIDCOBasicDetails"/>
  <testcase name="basicDetails" time="157.932" classname="com.CIDCO_April23.tc.TC002_CIDCOBasicDetails"/>
  <testcase name="basicDetails" time="158.915" classname="com.CIDCO_April23.tc.TC002_CIDCOBasicDetails"/>
  <testcase name="basicDetails" time="169.608" classname="com.CIDCO_April23.tc.TC002_CIDCOBasicDetails"/>
  <testcase name="basicDetails" time="169.596" classname="com.CIDCO_April23.tc.TC002_CIDCOBasicDetails"/>
</testsuite> <!-- com.CIDCO_April23.tc.TC002_CIDCOBasicDetails -->
