<?xml version="1.0" encoding="UTF-8"?>
<!-- Generated by org.testng.reporters.JUnitReportReporter -->
<testsuite skipped="0" hostname="MAA014482B" name="com.Bihar.tc.TC005_BiharBasicDetails" tests="18" failures="0" timestamp="2023-03-03T17:37:05 IST" time="2915.904" errors="0">
  <testcase name="basicDetails" time="162.811" classname="com.Bihar.tc.TC005_BiharBasicDetails"/>
  <testcase name="basicDetails" time="161.653" classname="com.Bihar.tc.TC005_BiharBasicDetails"/>
  <testcase name="basicDetails" time="162.300" classname="com.Bihar.tc.TC005_BiharBasicDetails"/>
  <testcase name="basicDetails" time="161.914" classname="com.Bihar.tc.TC005_BiharBasicDetails"/>
  <testcase name="basicDetails" time="162.718" classname="com.Bihar.tc.TC005_BiharBasicDetails"/>
  <testcase name="basicDetails" time="163.255" classname="com.Bihar.tc.TC005_BiharBasicDetails"/>
  <testcase name="basicDetails" time="162.718" classname="com.Bihar.tc.TC005_BiharBasicDetails"/>
  <testcase name="basicDetails" time="161.649" classname="com.Bihar.tc.TC005_BiharBasicDetails"/>
  <testcase name="basicDetails" time="163.105" classname="com.Bihar.tc.TC005_BiharBasicDetails"/>
  <testcase name="basicDetails" time="161.206" classname="com.Bihar.tc.TC005_BiharBasicDetails"/>
  <testcase name="basicDetails" time="161.945" classname="com.Bihar.tc.TC005_BiharBasicDetails"/>
  <testcase name="basicDetails" time="161.885" classname="com.Bihar.tc.TC005_BiharBasicDetails"/>
  <testcase name="basicDetails" time="160.658" classname="com.Bihar.tc.TC005_BiharBasicDetails"/>
  <testcase name="basicDetails" time="162.274" classname="com.Bihar.tc.TC005_BiharBasicDetails"/>
  <testcase name="basicDetails" time="161.958" classname="com.Bihar.tc.TC005_BiharBasicDetails"/>
  <testcase name="basicDetails" time="160.584" classname="com.Bihar.tc.TC005_BiharBasicDetails"/>
  <testcase name="basicDetails" time="162.995" classname="com.Bihar.tc.TC005_BiharBasicDetails"/>
  <testcase name="basicDetails" time="160.276" classname="com.Bihar.tc.TC005_BiharBasicDetails"/>
</testsuite> <!-- com.Bihar.tc.TC005_BiharBasicDetails -->
