<?xml version="1.0" encoding="UTF-8"?>
<!-- Generated by org.testng.reporters.JUnitReportReporter -->
<testsuite skipped="0" hostname="MAA014482B" name="com.APSFC_March23.tc.TC002_APSFCBasicDetails" tests="36" failures="0" timestamp="2023-04-03T15:32:42 IST" time="5886.680" errors="0">
  <testcase name="basicDetails" time="164.904" classname="com.APSFC_March23.tc.TC002_APSFCBasicDetails"/>
  <testcase name="basicDetails" time="167.724" classname="com.APSFC_March23.tc.TC002_APSFCBasicDetails"/>
  <testcase name="basicDetails" time="163.258" classname="com.APSFC_March23.tc.TC002_APSFCBasicDetails"/>
  <testcase name="basicDetails" time="164.146" classname="com.APSFC_March23.tc.TC002_APSFCBasicDetails"/>
  <testcase name="basicDetails" time="163.323" classname="com.APSFC_March23.tc.TC002_APSFCBasicDetails"/>
  <testcase name="basicDetails" time="162.845" classname="com.APSFC_March23.tc.TC002_APSFCBasicDetails"/>
  <testcase name="basicDetails" time="164.927" classname="com.APSFC_March23.tc.TC002_APSFCBasicDetails"/>
  <testcase name="basicDetails" time="162.335" classname="com.APSFC_March23.tc.TC002_APSFCBasicDetails"/>
  <testcase name="basicDetails" time="163.273" classname="com.APSFC_March23.tc.TC002_APSFCBasicDetails"/>
  <testcase name="basicDetails" time="161.879" classname="com.APSFC_March23.tc.TC002_APSFCBasicDetails"/>
  <testcase name="basicDetails" time="164.144" classname="com.APSFC_March23.tc.TC002_APSFCBasicDetails"/>
  <testcase name="basicDetails" time="163.105" classname="com.APSFC_March23.tc.TC002_APSFCBasicDetails"/>
  <testcase name="basicDetails" time="162.247" classname="com.APSFC_March23.tc.TC002_APSFCBasicDetails"/>
  <testcase name="basicDetails" time="163.171" classname="com.APSFC_March23.tc.TC002_APSFCBasicDetails"/>
  <testcase name="basicDetails" time="164.710" classname="com.APSFC_March23.tc.TC002_APSFCBasicDetails"/>
  <testcase name="basicDetails" time="162.277" classname="com.APSFC_March23.tc.TC002_APSFCBasicDetails"/>
  <testcase name="basicDetails" time="162.057" classname="com.APSFC_March23.tc.TC002_APSFCBasicDetails"/>
  <testcase name="basicDetails" time="164.052" classname="com.APSFC_March23.tc.TC002_APSFCBasicDetails"/>
  <testcase name="basicDetails" time="164.244" classname="com.APSFC_March23.tc.TC002_APSFCBasicDetails"/>
  <testcase name="basicDetails" time="162.435" classname="com.APSFC_March23.tc.TC002_APSFCBasicDetails"/>
  <testcase name="basicDetails" time="164.723" classname="com.APSFC_March23.tc.TC002_APSFCBasicDetails"/>
  <testcase name="basicDetails" time="163.215" classname="com.APSFC_March23.tc.TC002_APSFCBasicDetails"/>
  <testcase name="basicDetails" time="164.208" classname="com.APSFC_March23.tc.TC002_APSFCBasicDetails"/>
  <testcase name="basicDetails" time="163.519" classname="com.APSFC_March23.tc.TC002_APSFCBasicDetails"/>
  <testcase name="basicDetails" time="162.294" classname="com.APSFC_March23.tc.TC002_APSFCBasicDetails"/>
  <testcase name="basicDetails" time="162.622" classname="com.APSFC_March23.tc.TC002_APSFCBasicDetails"/>
  <testcase name="basicDetails" time="163.054" classname="com.APSFC_March23.tc.TC002_APSFCBasicDetails"/>
  <testcase name="basicDetails" time="164.600" classname="com.APSFC_March23.tc.TC002_APSFCBasicDetails"/>
  <testcase name="basicDetails" time="163.787" classname="com.APSFC_March23.tc.TC002_APSFCBasicDetails"/>
  <testcase name="basicDetails" time="164.254" classname="com.APSFC_March23.tc.TC002_APSFCBasicDetails"/>
  <testcase name="basicDetails" time="163.666" classname="com.APSFC_March23.tc.TC002_APSFCBasicDetails"/>
  <testcase name="basicDetails" time="161.819" classname="com.APSFC_March23.tc.TC002_APSFCBasicDetails"/>
  <testcase name="basicDetails" time="164.160" classname="com.APSFC_March23.tc.TC002_APSFCBasicDetails"/>
  <testcase name="basicDetails" time="164.198" classname="com.APSFC_March23.tc.TC002_APSFCBasicDetails"/>
  <testcase name="basicDetails" time="163.415" classname="com.APSFC_March23.tc.TC002_APSFCBasicDetails"/>
  <testcase name="basicDetails" time="162.090" classname="com.APSFC_March23.tc.TC002_APSFCBasicDetails"/>
</testsuite> <!-- com.APSFC_March23.tc.TC002_APSFCBasicDetails -->
