<?xml version="1.0" encoding="UTF-8"?>
<!-- Generated by org.testng.reporters.JUnitReportReporter -->
<testsuite skipped="0" hostname="MAA014482B" name="com.BIS.tc.TC002_BISBasicDetails" tests="27" failures="0" timestamp="2022-05-06T22:03:10 IST" time="3377.890" errors="0">
  <testcase name="basicDetails" time="125.301" classname="com.BIS.tc.TC002_BISBasicDetails"/>
  <testcase name="basicDetails" time="125.322" classname="com.BIS.tc.TC002_BISBasicDetails"/>
  <testcase name="basicDetails" time="126.455" classname="com.BIS.tc.TC002_BISBasicDetails"/>
  <testcase name="basicDetails" time="124.834" classname="com.BIS.tc.TC002_BISBasicDetails"/>
  <testcase name="basicDetails" time="124.815" classname="com.BIS.tc.TC002_BISBasicDetails"/>
  <testcase name="basicDetails" time="124.955" classname="com.BIS.tc.TC002_BISBasicDetails"/>
  <testcase name="basicDetails" time="124.751" classname="com.BIS.tc.TC002_BISBasicDetails"/>
  <testcase name="basicDetails" time="120.446" classname="com.BIS.tc.TC002_BISBasicDetails"/>
  <testcase name="basicDetails" time="125.271" classname="com.BIS.tc.TC002_BISBasicDetails"/>
  <testcase name="basicDetails" time="118.178" classname="com.BIS.tc.TC002_BISBasicDetails"/>
  <testcase name="basicDetails" time="124.927" classname="com.BIS.tc.TC002_BISBasicDetails"/>
  <testcase name="basicDetails" time="120.579" classname="com.BIS.tc.TC002_BISBasicDetails"/>
  <testcase name="basicDetails" time="120.874" classname="com.BIS.tc.TC002_BISBasicDetails"/>
  <testcase name="basicDetails" time="125.433" classname="com.BIS.tc.TC002_BISBasicDetails"/>
  <testcase name="basicDetails" time="120.600" classname="com.BIS.tc.TC002_BISBasicDetails"/>
  <testcase name="basicDetails" time="148.468" classname="com.BIS.tc.TC002_BISBasicDetails"/>
  <testcase name="basicDetails" time="124.673" classname="com.BIS.tc.TC002_BISBasicDetails"/>
  <testcase name="basicDetails" time="120.687" classname="com.BIS.tc.TC002_BISBasicDetails"/>
  <testcase name="basicDetails" time="120.827" classname="com.BIS.tc.TC002_BISBasicDetails"/>
  <testcase name="basicDetails" time="125.050" classname="com.BIS.tc.TC002_BISBasicDetails"/>
  <testcase name="basicDetails" time="124.861" classname="com.BIS.tc.TC002_BISBasicDetails"/>
  <testcase name="basicDetails" time="125.095" classname="com.BIS.tc.TC002_BISBasicDetails"/>
  <testcase name="basicDetails" time="124.879" classname="com.BIS.tc.TC002_BISBasicDetails"/>
  <testcase name="basicDetails" time="120.514" classname="com.BIS.tc.TC002_BISBasicDetails"/>
  <testcase name="basicDetails" time="120.796" classname="com.BIS.tc.TC002_BISBasicDetails"/>
  <testcase name="basicDetails" time="148.092" classname="com.BIS.tc.TC002_BISBasicDetails"/>
  <testcase name="basicDetails" time="121.207" classname="com.BIS.tc.TC002_BISBasicDetails"/>
</testsuite> <!-- com.BIS.tc.TC002_BISBasicDetails -->
