<?xml version="1.0" encoding="UTF-8"?>
<!-- Generated by org.testng.reporters.JUnitReportReporter -->
<testsuite skipped="0" hostname="MAA015435A" name="com.mum.tc.TC001_MUMBasicDetails" tests="2" failures="0" timestamp="29 Nov 2019 10:11:52 GMT" time="174.449" errors="0">
  <testcase name="basicDetails" time="93.508" classname="com.mum.tc.TC001_MUMBasicDetails"/>
  <testcase name="basicDetails" time="80.941" classname="com.mum.tc.TC001_MUMBasicDetails"/>
</testsuite> <!-- com.mum.tc.TC001_MUMBasicDetails -->
