<?xml version="1.0" encoding="UTF-8"?>
<!-- Generated by org.testng.reporters.JUnitReportReporter -->
<testsuite skipped="0" hostname="MAA014482B" name="com.NSIL_19July22.tc.TC001_NSILBasicDetails" tests="32" failures="0" timestamp="2022-08-23T17:28:14 IST" time="5175.683" errors="0">
  <testcase name="basicDetails" time="160.976" classname="com.NSIL_19July22.tc.TC001_NSILBasicDetails"/>
  <testcase name="basicDetails" time="186.137" classname="com.NSIL_19July22.tc.TC001_NSILBasicDetails"/>
  <testcase name="basicDetails" time="159.517" classname="com.NSIL_19July22.tc.TC001_NSILBasicDetails"/>
  <testcase name="basicDetails" time="159.347" classname="com.NSIL_19July22.tc.TC001_NSILBasicDetails"/>
  <testcase name="basicDetails" time="159.415" classname="com.NSIL_19July22.tc.TC001_NSILBasicDetails"/>
  <testcase name="basicDetails" time="159.167" classname="com.NSIL_19July22.tc.TC001_NSILBasicDetails"/>
  <testcase name="basicDetails" time="159.217" classname="com.NSIL_19July22.tc.TC001_NSILBasicDetails"/>
  <testcase name="basicDetails" time="186.172" classname="com.NSIL_19July22.tc.TC001_NSILBasicDetails"/>
  <testcase name="basicDetails" time="157.904" classname="com.NSIL_19July22.tc.TC001_NSILBasicDetails"/>
  <testcase name="basicDetails" time="160.048" classname="com.NSIL_19July22.tc.TC001_NSILBasicDetails"/>
  <testcase name="basicDetails" time="159.192" classname="com.NSIL_19July22.tc.TC001_NSILBasicDetails"/>
  <testcase name="basicDetails" time="159.554" classname="com.NSIL_19July22.tc.TC001_NSILBasicDetails"/>
  <testcase name="basicDetails" time="159.378" classname="com.NSIL_19July22.tc.TC001_NSILBasicDetails"/>
  <testcase name="basicDetails" time="159.797" classname="com.NSIL_19July22.tc.TC001_NSILBasicDetails"/>
  <testcase name="basicDetails" time="158.349" classname="com.NSIL_19July22.tc.TC001_NSILBasicDetails"/>
  <testcase name="basicDetails" time="158.655" classname="com.NSIL_19July22.tc.TC001_NSILBasicDetails"/>
  <testcase name="basicDetails" time="159.286" classname="com.NSIL_19July22.tc.TC001_NSILBasicDetails"/>
  <testcase name="basicDetails" time="158.760" classname="com.NSIL_19July22.tc.TC001_NSILBasicDetails"/>
  <testcase name="basicDetails" time="158.512" classname="com.NSIL_19July22.tc.TC001_NSILBasicDetails"/>
  <testcase name="basicDetails" time="158.606" classname="com.NSIL_19July22.tc.TC001_NSILBasicDetails"/>
  <testcase name="basicDetails" time="186.202" classname="com.NSIL_19July22.tc.TC001_NSILBasicDetails"/>
  <testcase name="basicDetails" time="160.743" classname="com.NSIL_19July22.tc.TC001_NSILBasicDetails"/>
  <testcase name="basicDetails" time="158.214" classname="com.NSIL_19July22.tc.TC001_NSILBasicDetails"/>
  <testcase name="basicDetails" time="159.523" classname="com.NSIL_19July22.tc.TC001_NSILBasicDetails"/>
  <testcase name="basicDetails" time="159.641" classname="com.NSIL_19July22.tc.TC001_NSILBasicDetails"/>
  <testcase name="basicDetails" time="158.476" classname="com.NSIL_19July22.tc.TC001_NSILBasicDetails"/>
  <testcase name="basicDetails" time="158.637" classname="com.NSIL_19July22.tc.TC001_NSILBasicDetails"/>
  <testcase name="basicDetails" time="160.391" classname="com.NSIL_19July22.tc.TC001_NSILBasicDetails"/>
  <testcase name="basicDetails" time="159.199" classname="com.NSIL_19July22.tc.TC001_NSILBasicDetails"/>
  <testcase name="basicDetails" time="158.273" classname="com.NSIL_19July22.tc.TC001_NSILBasicDetails"/>
  <testcase name="basicDetails" time="159.864" classname="com.NSIL_19July22.tc.TC001_NSILBasicDetails"/>
  <testcase name="basicDetails" time="158.531" classname="com.NSIL_19July22.tc.TC001_NSILBasicDetails"/>
</testsuite> <!-- com.NSIL_19July22.tc.TC001_NSILBasicDetails -->
