<?xml version="1.0" encoding="UTF-8"?>
<!-- Generated by org.testng.reporters.JUnitReportReporter -->
<testsuite skipped="0" hostname="MAA014482B" name="com.CBI_Jan23.tc.TC005_CBIBasicDetails" tests="83" failures="0" timestamp="2023-02-09T21:28:32 IST" time="14014.829" errors="0">
  <testcase name="basicDetails" time="167.608" classname="com.CBI_Jan23.tc.TC005_CBIBasicDetails"/>
  <testcase name="basicDetails" time="167.524" classname="com.CBI_Jan23.tc.TC005_CBIBasicDetails"/>
  <testcase name="basicDetails" time="174.816" classname="com.CBI_Jan23.tc.TC005_CBIBasicDetails"/>
  <testcase name="basicDetails" time="170.393" classname="com.CBI_Jan23.tc.TC005_CBIBasicDetails"/>
  <testcase name="basicDetails" time="167.313" classname="com.CBI_Jan23.tc.TC005_CBIBasicDetails"/>
  <testcase name="basicDetails" time="167.550" classname="com.CBI_Jan23.tc.TC005_CBIBasicDetails"/>
  <testcase name="basicDetails" time="170.465" classname="com.CBI_Jan23.tc.TC005_CBIBasicDetails"/>
  <testcase name="basicDetails" time="170.649" classname="com.CBI_Jan23.tc.TC005_CBIBasicDetails"/>
  <testcase name="basicDetails" time="167.340" classname="com.CBI_Jan23.tc.TC005_CBIBasicDetails"/>
  <testcase name="basicDetails" time="167.459" classname="com.CBI_Jan23.tc.TC005_CBIBasicDetails"/>
  <testcase name="basicDetails" time="170.723" classname="com.CBI_Jan23.tc.TC005_CBIBasicDetails"/>
  <testcase name="basicDetails" time="167.237" classname="com.CBI_Jan23.tc.TC005_CBIBasicDetails"/>
  <testcase name="basicDetails" time="170.559" classname="com.CBI_Jan23.tc.TC005_CBIBasicDetails"/>
  <testcase name="basicDetails" time="170.457" classname="com.CBI_Jan23.tc.TC005_CBIBasicDetails"/>
  <testcase name="basicDetails" time="170.480" classname="com.CBI_Jan23.tc.TC005_CBIBasicDetails"/>
  <testcase name="basicDetails" time="170.637" classname="com.CBI_Jan23.tc.TC005_CBIBasicDetails"/>
  <testcase name="basicDetails" time="167.604" classname="com.CBI_Jan23.tc.TC005_CBIBasicDetails"/>
  <testcase name="basicDetails" time="167.076" classname="com.CBI_Jan23.tc.TC005_CBIBasicDetails"/>
  <testcase name="basicDetails" time="167.802" classname="com.CBI_Jan23.tc.TC005_CBIBasicDetails"/>
  <testcase name="basicDetails" time="167.465" classname="com.CBI_Jan23.tc.TC005_CBIBasicDetails"/>
  <testcase name="basicDetails" time="167.492" classname="com.CBI_Jan23.tc.TC005_CBIBasicDetails"/>
  <testcase name="basicDetails" time="170.419" classname="com.CBI_Jan23.tc.TC005_CBIBasicDetails"/>
  <testcase name="basicDetails" time="169.667" classname="com.CBI_Jan23.tc.TC005_CBIBasicDetails"/>
  <testcase name="basicDetails" time="167.495" classname="com.CBI_Jan23.tc.TC005_CBIBasicDetails"/>
  <testcase name="basicDetails" time="170.344" classname="com.CBI_Jan23.tc.TC005_CBIBasicDetails"/>
  <testcase name="basicDetails" time="170.478" classname="com.CBI_Jan23.tc.TC005_CBIBasicDetails"/>
  <testcase name="basicDetails" time="170.868" classname="com.CBI_Jan23.tc.TC005_CBIBasicDetails"/>
  <testcase name="basicDetails" time="168.097" classname="com.CBI_Jan23.tc.TC005_CBIBasicDetails"/>
  <testcase name="basicDetails" time="167.562" classname="com.CBI_Jan23.tc.TC005_CBIBasicDetails"/>
  <testcase name="basicDetails" time="167.370" classname="com.CBI_Jan23.tc.TC005_CBIBasicDetails"/>
  <testcase name="basicDetails" time="166.781" classname="com.CBI_Jan23.tc.TC005_CBIBasicDetails"/>
  <testcase name="basicDetails" time="166.959" classname="com.CBI_Jan23.tc.TC005_CBIBasicDetails"/>
  <testcase name="basicDetails" time="167.594" classname="com.CBI_Jan23.tc.TC005_CBIBasicDetails"/>
  <testcase name="basicDetails" time="167.470" classname="com.CBI_Jan23.tc.TC005_CBIBasicDetails"/>
  <testcase name="basicDetails" time="167.098" classname="com.CBI_Jan23.tc.TC005_CBIBasicDetails"/>
  <testcase name="basicDetails" time="170.912" classname="com.CBI_Jan23.tc.TC005_CBIBasicDetails"/>
  <testcase name="basicDetails" time="167.621" classname="com.CBI_Jan23.tc.TC005_CBIBasicDetails"/>
  <testcase name="basicDetails" time="165.859" classname="com.CBI_Jan23.tc.TC005_CBIBasicDetails"/>
  <testcase name="basicDetails" time="167.504" classname="com.CBI_Jan23.tc.TC005_CBIBasicDetails"/>
  <testcase name="basicDetails" time="170.397" classname="com.CBI_Jan23.tc.TC005_CBIBasicDetails"/>
  <testcase name="basicDetails" time="167.643" classname="com.CBI_Jan23.tc.TC005_CBIBasicDetails"/>
  <testcase name="basicDetails" time="167.354" classname="com.CBI_Jan23.tc.TC005_CBIBasicDetails"/>
  <testcase name="basicDetails" time="170.730" classname="com.CBI_Jan23.tc.TC005_CBIBasicDetails"/>
  <testcase name="basicDetails" time="170.940" classname="com.CBI_Jan23.tc.TC005_CBIBasicDetails"/>
  <testcase name="basicDetails" time="170.642" classname="com.CBI_Jan23.tc.TC005_CBIBasicDetails"/>
  <testcase name="basicDetails" time="170.702" classname="com.CBI_Jan23.tc.TC005_CBIBasicDetails"/>
  <testcase name="basicDetails" time="170.363" classname="com.CBI_Jan23.tc.TC005_CBIBasicDetails"/>
  <testcase name="basicDetails" time="170.743" classname="com.CBI_Jan23.tc.TC005_CBIBasicDetails"/>
  <testcase name="basicDetails" time="167.845" classname="com.CBI_Jan23.tc.TC005_CBIBasicDetails"/>
  <testcase name="basicDetails" time="167.358" classname="com.CBI_Jan23.tc.TC005_CBIBasicDetails"/>
  <testcase name="basicDetails" time="170.594" classname="com.CBI_Jan23.tc.TC005_CBIBasicDetails"/>
  <testcase name="basicDetails" time="170.578" classname="com.CBI_Jan23.tc.TC005_CBIBasicDetails"/>
  <testcase name="basicDetails" time="170.610" classname="com.CBI_Jan23.tc.TC005_CBIBasicDetails"/>
  <testcase name="basicDetails" time="170.841" classname="com.CBI_Jan23.tc.TC005_CBIBasicDetails"/>
  <testcase name="basicDetails" time="169.498" classname="com.CBI_Jan23.tc.TC005_CBIBasicDetails"/>
  <testcase name="basicDetails" time="167.773" classname="com.CBI_Jan23.tc.TC005_CBIBasicDetails"/>
  <testcase name="basicDetails" time="170.659" classname="com.CBI_Jan23.tc.TC005_CBIBasicDetails"/>
  <testcase name="basicDetails" time="167.257" classname="com.CBI_Jan23.tc.TC005_CBIBasicDetails"/>
  <testcase name="basicDetails" time="169.042" classname="com.CBI_Jan23.tc.TC005_CBIBasicDetails"/>
  <testcase name="basicDetails" time="167.438" classname="com.CBI_Jan23.tc.TC005_CBIBasicDetails"/>
  <testcase name="basicDetails" time="170.677" classname="com.CBI_Jan23.tc.TC005_CBIBasicDetails"/>
  <testcase name="basicDetails" time="167.419" classname="com.CBI_Jan23.tc.TC005_CBIBasicDetails"/>
  <testcase name="basicDetails" time="170.068" classname="com.CBI_Jan23.tc.TC005_CBIBasicDetails"/>
  <testcase name="basicDetails" time="165.669" classname="com.CBI_Jan23.tc.TC005_CBIBasicDetails"/>
  <testcase name="basicDetails" time="171.086" classname="com.CBI_Jan23.tc.TC005_CBIBasicDetails"/>
  <testcase name="basicDetails" time="167.095" classname="com.CBI_Jan23.tc.TC005_CBIBasicDetails"/>
  <testcase name="basicDetails" time="167.500" classname="com.CBI_Jan23.tc.TC005_CBIBasicDetails"/>
  <testcase name="basicDetails" time="167.603" classname="com.CBI_Jan23.tc.TC005_CBIBasicDetails"/>
  <testcase name="basicDetails" time="167.302" classname="com.CBI_Jan23.tc.TC005_CBIBasicDetails"/>
  <testcase name="basicDetails" time="170.698" classname="com.CBI_Jan23.tc.TC005_CBIBasicDetails"/>
  <testcase name="basicDetails" time="170.409" classname="com.CBI_Jan23.tc.TC005_CBIBasicDetails"/>
  <testcase name="basicDetails" time="170.601" classname="com.CBI_Jan23.tc.TC005_CBIBasicDetails"/>
  <testcase name="basicDetails" time="167.218" classname="com.CBI_Jan23.tc.TC005_CBIBasicDetails"/>
  <testcase name="basicDetails" time="167.224" classname="com.CBI_Jan23.tc.TC005_CBIBasicDetails"/>
  <testcase name="basicDetails" time="167.050" classname="com.CBI_Jan23.tc.TC005_CBIBasicDetails"/>
  <testcase name="basicDetails" time="167.549" classname="com.CBI_Jan23.tc.TC005_CBIBasicDetails"/>
  <testcase name="basicDetails" time="170.595" classname="com.CBI_Jan23.tc.TC005_CBIBasicDetails"/>
  <testcase name="basicDetails" time="170.570" classname="com.CBI_Jan23.tc.TC005_CBIBasicDetails"/>
  <testcase name="basicDetails" time="170.575" classname="com.CBI_Jan23.tc.TC005_CBIBasicDetails"/>
  <testcase name="basicDetails" time="167.522" classname="com.CBI_Jan23.tc.TC005_CBIBasicDetails"/>
  <testcase name="basicDetails" time="167.594" classname="com.CBI_Jan23.tc.TC005_CBIBasicDetails"/>
  <testcase name="basicDetails" time="167.639" classname="com.CBI_Jan23.tc.TC005_CBIBasicDetails"/>
  <testcase name="basicDetails" time="167.412" classname="com.CBI_Jan23.tc.TC005_CBIBasicDetails"/>
</testsuite> <!-- com.CBI_Jan23.tc.TC005_CBIBasicDetails -->
