<?xml version="1.0" encoding="UTF-8"?>
<!-- Generated by org.testng.reporters.JUnitReportReporter -->
<testsuite skipped="0" hostname="MAA014482B" name="com.CIDCO_April23.tc.TC001_CIDCOBasicDetails" tests="10" failures="0" timestamp="2023-06-16T13:06:20 IST" time="1582.366" errors="0">
  <testcase name="basicDetails" time="158.003" classname="com.CIDCO_April23.tc.TC001_CIDCOBasicDetails"/>
  <testcase name="basicDetails" time="157.913" classname="com.CIDCO_April23.tc.TC001_CIDCOBasicDetails"/>
  <testcase name="basicDetails" time="157.996" classname="com.CIDCO_April23.tc.TC001_CIDCOBasicDetails"/>
  <testcase name="basicDetails" time="157.954" classname="com.CIDCO_April23.tc.TC001_CIDCOBasicDetails"/>
  <testcase name="basicDetails" time="158.092" classname="com.CIDCO_April23.tc.TC001_CIDCOBasicDetails"/>
  <testcase name="basicDetails" time="160.112" classname="com.CIDCO_April23.tc.TC001_CIDCOBasicDetails"/>
  <testcase name="basicDetails" time="158.018" classname="com.CIDCO_April23.tc.TC001_CIDCOBasicDetails"/>
  <testcase name="basicDetails" time="158.239" classname="com.CIDCO_April23.tc.TC001_CIDCOBasicDetails"/>
  <testcase name="basicDetails" time="157.932" classname="com.CIDCO_April23.tc.TC001_CIDCOBasicDetails"/>
  <testcase name="basicDetails" time="158.107" classname="com.CIDCO_April23.tc.TC001_CIDCOBasicDetails"/>
</testsuite> <!-- com.CIDCO_April23.tc.TC001_CIDCOBasicDetails -->
