<?xml version="1.0" encoding="UTF-8"?>
<!-- Generated by org.testng.reporters.JUnitReportReporter -->
<testsuite skipped="0" hostname="MAA014482B" name="com.NAK.tc.TC004_NAKBasicDetails" tests="13" failures="0" timestamp="2022-09-01T15:18:38 IST" time="2131.940" errors="0">
  <testcase name="basicDetails" time="189.238" classname="com.NAK.tc.TC004_NAKBasicDetails"/>
  <testcase name="basicDetails" time="161.091" classname="com.NAK.tc.TC004_NAKBasicDetails"/>
  <testcase name="basicDetails" time="161.636" classname="com.NAK.tc.TC004_NAKBasicDetails"/>
  <testcase name="basicDetails" time="161.474" classname="com.NAK.tc.TC004_NAKBasicDetails"/>
  <testcase name="basicDetails" time="167.579" classname="com.NAK.tc.TC004_NAKBasicDetails"/>
  <testcase name="basicDetails" time="161.638" classname="com.NAK.tc.TC004_NAKBasicDetails"/>
  <testcase name="basicDetails" time="160.976" classname="com.NAK.tc.TC004_NAKBasicDetails"/>
  <testcase name="basicDetails" time="161.599" classname="com.NAK.tc.TC004_NAKBasicDetails"/>
  <testcase name="basicDetails" time="161.563" classname="com.NAK.tc.TC004_NAKBasicDetails"/>
  <testcase name="basicDetails" time="161.306" classname="com.NAK.tc.TC004_NAKBasicDetails"/>
  <testcase name="basicDetails" time="161.462" classname="com.NAK.tc.TC004_NAKBasicDetails"/>
  <testcase name="basicDetails" time="161.125" classname="com.NAK.tc.TC004_NAKBasicDetails"/>
  <testcase name="basicDetails" time="161.253" classname="com.NAK.tc.TC004_NAKBasicDetails"/>
</testsuite> <!-- com.NAK.tc.TC004_NAKBasicDetails -->
