<?xml version="1.0" encoding="UTF-8"?>
<!-- Generated by org.testng.reporters.JUnitReportReporter -->
<testsuite hostname="MAA011253A" failures="0" tests="40" name="com.RRB.tc.TC003_RRBBasicDetails" time="3112.438" errors="1" timestamp="2020-06-30T11:10:54 IST" skipped="0">
  <testcase classname="com.RRB.tc.TC003_RRBBasicDetails" name="basicDetails" time="78.132"/>
  <testcase classname="com.RRB.tc.TC003_RRBBasicDetails" name="basicDetails" time="77.112"/>
  <testcase classname="com.RRB.tc.TC003_RRBBasicDetails" name="basicDetails" time="81.942"/>
  <testcase classname="com.RRB.tc.TC003_RRBBasicDetails" name="basicDetails" time="77.366"/>
  <testcase classname="com.RRB.tc.TC003_RRBBasicDetails" name="basicDetails" time="83.899"/>
  <testcase classname="com.RRB.tc.TC003_RRBBasicDetails" name="basicDetails" time="76.600"/>
  <testcase classname="com.RRB.tc.TC003_RRBBasicDetails" name="basicDetails" time="79.831"/>
  <testcase classname="com.RRB.tc.TC003_RRBBasicDetails" name="basicDetails" time="80.873"/>
  <testcase classname="com.RRB.tc.TC003_RRBBasicDetails" name="basicDetails" time="78.877"/>
  <testcase classname="com.RRB.tc.TC003_RRBBasicDetails" name="basicDetails" time="78.059"/>
  <testcase classname="com.RRB.tc.TC003_RRBBasicDetails" name="basicDetails" time="76.832"/>
  <testcase classname="com.RRB.tc.TC003_RRBBasicDetails" name="basicDetails" time="81.459"/>
  <testcase classname="com.RRB.tc.TC003_RRBBasicDetails" name="basicDetails" time="84.919"/>
  <testcase classname="com.RRB.tc.TC003_RRBBasicDetails" name="basicDetails" time="79.163"/>
  <testcase classname="com.RRB.tc.TC003_RRBBasicDetails" name="basicDetails" time="3.747">
    <error type="java.lang.NullPointerException">
      <![CDATA[java.lang.NullPointerException
at com.aventstack.extentreports.ExtentTest.log(ExtentTest.java:303)
at com.aventstack.extentreports.ExtentTest.pass(ExtentTest.java:524)
at lib.utils.HTMLReporter.reportStep(HTMLReporter.java:61)
at lib.utils.HTMLReporter.reportStep(HTMLReporter.java:73)
at com.ibps.pages.PersonalDetailsPage.selectDropDownUsingIndexNew(PersonalDetailsPage.java:301)
at com.RRB.tc.TC003_RRBBasicDetails.basicDetails(TC003_RRBBasicDetails.java:36)
at java.base/jdk.internal.reflect.NativeMethodAccessorImpl.invoke0(Native Method)
at java.base/jdk.internal.reflect.NativeMethodAccessorImpl.invoke(Unknown Source)
at java.base/jdk.internal.reflect.DelegatingMethodAccessorImpl.invoke(Unknown Source)
at java.base/java.lang.reflect.Method.invoke(Unknown Source)
at org.testng.internal.MethodInvocationHelper.invokeMethod(MethodInvocationHelper.java:133)
at org.testng.internal.TestInvoker.invokeMethod(TestInvoker.java:584)
at org.testng.internal.TestInvoker.invokeTestMethod(TestInvoker.java:172)
at org.testng.internal.MethodRunner.runInSequence(MethodRunner.java:46)
at org.testng.internal.TestInvoker$MethodInvocationAgent.invoke(TestInvoker.java:804)
at org.testng.internal.TestInvoker.invokeTestMethods(TestInvoker.java:145)
at org.testng.internal.TestMethodWorker.invokeTestMethods(TestMethodWorker.java:146)
at org.testng.internal.TestMethodWorker.run(TestMethodWorker.java:128)
at java.base/java.util.concurrent.ThreadPoolExecutor.runWorker(Unknown Source)
at java.base/java.util.concurrent.ThreadPoolExecutor$Worker.run(Unknown Source)
at java.base/java.lang.Thread.run(Unknown Source)
]]>
    </error>
  </testcase> <!-- basicDetails -->
  <testcase classname="com.RRB.tc.TC003_RRBBasicDetails" name="basicDetails" time="80.161"/>
  <testcase classname="com.RRB.tc.TC003_RRBBasicDetails" name="basicDetails" time="78.182"/>
  <testcase classname="com.RRB.tc.TC003_RRBBasicDetails" name="basicDetails" time="79.343"/>
  <testcase classname="com.RRB.tc.TC003_RRBBasicDetails" name="basicDetails" time="75.140"/>
  <testcase classname="com.RRB.tc.TC003_RRBBasicDetails" name="basicDetails" time="80.579"/>
  <testcase classname="com.RRB.tc.TC003_RRBBasicDetails" name="basicDetails" time="76.359"/>
  <testcase classname="com.RRB.tc.TC003_RRBBasicDetails" name="basicDetails" time="79.131"/>
  <testcase classname="com.RRB.tc.TC003_RRBBasicDetails" name="basicDetails" time="83.516"/>
  <testcase classname="com.RRB.tc.TC003_RRBBasicDetails" name="basicDetails" time="76.383"/>
  <testcase classname="com.RRB.tc.TC003_RRBBasicDetails" name="basicDetails" time="86.702"/>
  <testcase classname="com.RRB.tc.TC003_RRBBasicDetails" name="basicDetails" time="83.896"/>
  <testcase classname="com.RRB.tc.TC003_RRBBasicDetails" name="basicDetails" time="77.458"/>
  <testcase classname="com.RRB.tc.TC003_RRBBasicDetails" name="basicDetails" time="77.849"/>
  <testcase classname="com.RRB.tc.TC003_RRBBasicDetails" name="basicDetails" time="75.228"/>
  <testcase classname="com.RRB.tc.TC003_RRBBasicDetails" name="basicDetails" time="75.220"/>
  <testcase classname="com.RRB.tc.TC003_RRBBasicDetails" name="basicDetails" time="93.207"/>
  <testcase classname="com.RRB.tc.TC003_RRBBasicDetails" name="basicDetails" time="74.928"/>
  <testcase classname="com.RRB.tc.TC003_RRBBasicDetails" name="basicDetails" time="79.855"/>
  <testcase classname="com.RRB.tc.TC003_RRBBasicDetails" name="basicDetails" time="77.179"/>
  <testcase classname="com.RRB.tc.TC003_RRBBasicDetails" name="basicDetails" time="76.592"/>
  <testcase classname="com.RRB.tc.TC003_RRBBasicDetails" name="basicDetails" time="86.944"/>
  <testcase classname="com.RRB.tc.TC003_RRBBasicDetails" name="basicDetails" time="78.187"/>
  <testcase classname="com.RRB.tc.TC003_RRBBasicDetails" name="basicDetails" time="81.335"/>
  <testcase classname="com.RRB.tc.TC003_RRBBasicDetails" name="basicDetails" time="81.305"/>
  <testcase classname="com.RRB.tc.TC003_RRBBasicDetails" name="basicDetails" time="78.948"/>
</testsuite> <!-- com.RRB.tc.TC003_RRBBasicDetails -->
