<?xml version="1.0" encoding="UTF-8"?>
<!-- Generated by org.testng.reporters.JUnitReportReporter -->
<testsuite skipped="0" hostname="MAA014482B" name="com.DOS_April23.tc.TC004_DOSBasicDetails" tests="23" failures="0" timestamp="2023-04-19T13:56:44 IST" time="3561.819" errors="0">
  <testcase name="basicDetails" time="153.102" classname="com.DOS_April23.tc.TC004_DOSBasicDetails"/>
  <testcase name="basicDetails" time="152.100" classname="com.DOS_April23.tc.TC004_DOSBasicDetails"/>
  <testcase name="basicDetails" time="152.476" classname="com.DOS_April23.tc.TC004_DOSBasicDetails"/>
  <testcase name="basicDetails" time="157.725" classname="com.DOS_April23.tc.TC004_DOSBasicDetails"/>
  <testcase name="basicDetails" time="152.625" classname="com.DOS_April23.tc.TC004_DOSBasicDetails"/>
  <testcase name="basicDetails" time="157.873" classname="com.DOS_April23.tc.TC004_DOSBasicDetails"/>
  <testcase name="basicDetails" time="157.226" classname="com.DOS_April23.tc.TC004_DOSBasicDetails"/>
  <testcase name="basicDetails" time="152.233" classname="com.DOS_April23.tc.TC004_DOSBasicDetails"/>
  <testcase name="basicDetails" time="157.989" classname="com.DOS_April23.tc.TC004_DOSBasicDetails"/>
  <testcase name="basicDetails" time="151.980" classname="com.DOS_April23.tc.TC004_DOSBasicDetails"/>
  <testcase name="basicDetails" time="152.478" classname="com.DOS_April23.tc.TC004_DOSBasicDetails"/>
  <testcase name="basicDetails" time="157.925" classname="com.DOS_April23.tc.TC004_DOSBasicDetails"/>
  <testcase name="basicDetails" time="152.597" classname="com.DOS_April23.tc.TC004_DOSBasicDetails"/>
  <testcase name="basicDetails" time="152.373" classname="com.DOS_April23.tc.TC004_DOSBasicDetails"/>
  <testcase name="basicDetails" time="152.214" classname="com.DOS_April23.tc.TC004_DOSBasicDetails"/>
  <testcase name="basicDetails" time="158.384" classname="com.DOS_April23.tc.TC004_DOSBasicDetails"/>
  <testcase name="basicDetails" time="157.772" classname="com.DOS_April23.tc.TC004_DOSBasicDetails"/>
  <testcase name="basicDetails" time="159.407" classname="com.DOS_April23.tc.TC004_DOSBasicDetails"/>
  <testcase name="basicDetails" time="152.842" classname="com.DOS_April23.tc.TC004_DOSBasicDetails"/>
  <testcase name="basicDetails" time="152.506" classname="com.DOS_April23.tc.TC004_DOSBasicDetails"/>
  <testcase name="basicDetails" time="157.832" classname="com.DOS_April23.tc.TC004_DOSBasicDetails"/>
  <testcase name="basicDetails" time="157.758" classname="com.DOS_April23.tc.TC004_DOSBasicDetails"/>
  <testcase name="basicDetails" time="152.402" classname="com.DOS_April23.tc.TC004_DOSBasicDetails"/>
</testsuite> <!-- com.DOS_April23.tc.TC004_DOSBasicDetails -->
