<?xml version="1.0" encoding="UTF-8"?>
<!-- Generated by org.testng.reporters.JUnitReportReporter -->
<testsuite skipped="0" hostname="MAA014482B" name="com.RBI9FEB22.tc.TC002_RBI9FEB22BasicDetails" tests="116" failures="0" timestamp="2022-02-21T18:53:29 IST" time="13969.286" errors="0">
  <testcase name="basicDetails" time="119.986" classname="com.RBI9FEB22.tc.TC002_RBI9FEB22BasicDetails"/>
  <testcase name="basicDetails" time="120.064" classname="com.RBI9FEB22.tc.TC002_RBI9FEB22BasicDetails"/>
  <testcase name="basicDetails" time="120.230" classname="com.RBI9FEB22.tc.TC002_RBI9FEB22BasicDetails"/>
  <testcase name="basicDetails" time="120.638" classname="com.RBI9FEB22.tc.TC002_RBI9FEB22BasicDetails"/>
  <testcase name="basicDetails" time="119.954" classname="com.RBI9FEB22.tc.TC002_RBI9FEB22BasicDetails"/>
  <testcase name="basicDetails" time="119.872" classname="com.RBI9FEB22.tc.TC002_RBI9FEB22BasicDetails"/>
  <testcase name="basicDetails" time="120.551" classname="com.RBI9FEB22.tc.TC002_RBI9FEB22BasicDetails"/>
  <testcase name="basicDetails" time="120.453" classname="com.RBI9FEB22.tc.TC002_RBI9FEB22BasicDetails"/>
  <testcase name="basicDetails" time="121.034" classname="com.RBI9FEB22.tc.TC002_RBI9FEB22BasicDetails"/>
  <testcase name="basicDetails" time="120.067" classname="com.RBI9FEB22.tc.TC002_RBI9FEB22BasicDetails"/>
  <testcase name="basicDetails" time="120.093" classname="com.RBI9FEB22.tc.TC002_RBI9FEB22BasicDetails"/>
  <testcase name="basicDetails" time="120.195" classname="com.RBI9FEB22.tc.TC002_RBI9FEB22BasicDetails"/>
  <testcase name="basicDetails" time="122.189" classname="com.RBI9FEB22.tc.TC002_RBI9FEB22BasicDetails"/>
  <testcase name="basicDetails" time="120.740" classname="com.RBI9FEB22.tc.TC002_RBI9FEB22BasicDetails"/>
  <testcase name="basicDetails" time="120.516" classname="com.RBI9FEB22.tc.TC002_RBI9FEB22BasicDetails"/>
  <testcase name="basicDetails" time="120.322" classname="com.RBI9FEB22.tc.TC002_RBI9FEB22BasicDetails"/>
  <testcase name="basicDetails" time="120.882" classname="com.RBI9FEB22.tc.TC002_RBI9FEB22BasicDetails"/>
  <testcase name="basicDetails" time="121.886" classname="com.RBI9FEB22.tc.TC002_RBI9FEB22BasicDetails"/>
  <testcase name="basicDetails" time="120.232" classname="com.RBI9FEB22.tc.TC002_RBI9FEB22BasicDetails"/>
  <testcase name="basicDetails" time="120.322" classname="com.RBI9FEB22.tc.TC002_RBI9FEB22BasicDetails"/>
  <testcase name="basicDetails" time="120.771" classname="com.RBI9FEB22.tc.TC002_RBI9FEB22BasicDetails"/>
  <testcase name="basicDetails" time="120.449" classname="com.RBI9FEB22.tc.TC002_RBI9FEB22BasicDetails"/>
  <testcase name="basicDetails" time="120.097" classname="com.RBI9FEB22.tc.TC002_RBI9FEB22BasicDetails"/>
  <testcase name="basicDetails" time="120.435" classname="com.RBI9FEB22.tc.TC002_RBI9FEB22BasicDetails"/>
  <testcase name="basicDetails" time="120.001" classname="com.RBI9FEB22.tc.TC002_RBI9FEB22BasicDetails"/>
  <testcase name="basicDetails" time="119.756" classname="com.RBI9FEB22.tc.TC002_RBI9FEB22BasicDetails"/>
  <testcase name="basicDetails" time="121.077" classname="com.RBI9FEB22.tc.TC002_RBI9FEB22BasicDetails"/>
  <testcase name="basicDetails" time="120.197" classname="com.RBI9FEB22.tc.TC002_RBI9FEB22BasicDetails"/>
  <testcase name="basicDetails" time="120.453" classname="com.RBI9FEB22.tc.TC002_RBI9FEB22BasicDetails"/>
  <testcase name="basicDetails" time="120.328" classname="com.RBI9FEB22.tc.TC002_RBI9FEB22BasicDetails"/>
  <testcase name="basicDetails" time="120.368" classname="com.RBI9FEB22.tc.TC002_RBI9FEB22BasicDetails"/>
  <testcase name="basicDetails" time="120.269" classname="com.RBI9FEB22.tc.TC002_RBI9FEB22BasicDetails"/>
  <testcase name="basicDetails" time="120.435" classname="com.RBI9FEB22.tc.TC002_RBI9FEB22BasicDetails"/>
  <testcase name="basicDetails" time="120.102" classname="com.RBI9FEB22.tc.TC002_RBI9FEB22BasicDetails"/>
  <testcase name="basicDetails" time="120.775" classname="com.RBI9FEB22.tc.TC002_RBI9FEB22BasicDetails"/>
  <testcase name="basicDetails" time="120.514" classname="com.RBI9FEB22.tc.TC002_RBI9FEB22BasicDetails"/>
  <testcase name="basicDetails" time="120.563" classname="com.RBI9FEB22.tc.TC002_RBI9FEB22BasicDetails"/>
  <testcase name="basicDetails" time="120.519" classname="com.RBI9FEB22.tc.TC002_RBI9FEB22BasicDetails"/>
  <testcase name="basicDetails" time="120.273" classname="com.RBI9FEB22.tc.TC002_RBI9FEB22BasicDetails"/>
  <testcase name="basicDetails" time="120.114" classname="com.RBI9FEB22.tc.TC002_RBI9FEB22BasicDetails"/>
  <testcase name="basicDetails" time="120.589" classname="com.RBI9FEB22.tc.TC002_RBI9FEB22BasicDetails"/>
  <testcase name="basicDetails" time="120.329" classname="com.RBI9FEB22.tc.TC002_RBI9FEB22BasicDetails"/>
  <testcase name="basicDetails" time="120.582" classname="com.RBI9FEB22.tc.TC002_RBI9FEB22BasicDetails"/>
  <testcase name="basicDetails" time="120.244" classname="com.RBI9FEB22.tc.TC002_RBI9FEB22BasicDetails"/>
  <testcase name="basicDetails" time="128.793" classname="com.RBI9FEB22.tc.TC002_RBI9FEB22BasicDetails"/>
  <testcase name="basicDetails" time="120.744" classname="com.RBI9FEB22.tc.TC002_RBI9FEB22BasicDetails"/>
  <testcase name="basicDetails" time="119.690" classname="com.RBI9FEB22.tc.TC002_RBI9FEB22BasicDetails"/>
  <testcase name="basicDetails" time="120.259" classname="com.RBI9FEB22.tc.TC002_RBI9FEB22BasicDetails"/>
  <testcase name="basicDetails" time="120.691" classname="com.RBI9FEB22.tc.TC002_RBI9FEB22BasicDetails"/>
  <testcase name="basicDetails" time="120.218" classname="com.RBI9FEB22.tc.TC002_RBI9FEB22BasicDetails"/>
  <testcase name="basicDetails" time="120.432" classname="com.RBI9FEB22.tc.TC002_RBI9FEB22BasicDetails"/>
  <testcase name="basicDetails" time="120.800" classname="com.RBI9FEB22.tc.TC002_RBI9FEB22BasicDetails"/>
  <testcase name="basicDetails" time="119.899" classname="com.RBI9FEB22.tc.TC002_RBI9FEB22BasicDetails"/>
  <testcase name="basicDetails" time="120.350" classname="com.RBI9FEB22.tc.TC002_RBI9FEB22BasicDetails"/>
  <testcase name="basicDetails" time="120.430" classname="com.RBI9FEB22.tc.TC002_RBI9FEB22BasicDetails"/>
  <testcase name="basicDetails" time="120.352" classname="com.RBI9FEB22.tc.TC002_RBI9FEB22BasicDetails"/>
  <testcase name="basicDetails" time="120.311" classname="com.RBI9FEB22.tc.TC002_RBI9FEB22BasicDetails"/>
  <testcase name="basicDetails" time="120.150" classname="com.RBI9FEB22.tc.TC002_RBI9FEB22BasicDetails"/>
  <testcase name="basicDetails" time="120.397" classname="com.RBI9FEB22.tc.TC002_RBI9FEB22BasicDetails"/>
  <testcase name="basicDetails" time="121.819" classname="com.RBI9FEB22.tc.TC002_RBI9FEB22BasicDetails"/>
  <testcase name="basicDetails" time="120.233" classname="com.RBI9FEB22.tc.TC002_RBI9FEB22BasicDetails"/>
  <testcase name="basicDetails" time="120.529" classname="com.RBI9FEB22.tc.TC002_RBI9FEB22BasicDetails"/>
  <testcase name="basicDetails" time="120.176" classname="com.RBI9FEB22.tc.TC002_RBI9FEB22BasicDetails"/>
  <testcase name="basicDetails" time="120.036" classname="com.RBI9FEB22.tc.TC002_RBI9FEB22BasicDetails"/>
  <testcase name="basicDetails" time="120.233" classname="com.RBI9FEB22.tc.TC002_RBI9FEB22BasicDetails"/>
  <testcase name="basicDetails" time="119.682" classname="com.RBI9FEB22.tc.TC002_RBI9FEB22BasicDetails"/>
  <testcase name="basicDetails" time="121.508" classname="com.RBI9FEB22.tc.TC002_RBI9FEB22BasicDetails"/>
  <testcase name="basicDetails" time="120.176" classname="com.RBI9FEB22.tc.TC002_RBI9FEB22BasicDetails"/>
  <testcase name="basicDetails" time="119.877" classname="com.RBI9FEB22.tc.TC002_RBI9FEB22BasicDetails"/>
  <testcase name="basicDetails" time="120.697" classname="com.RBI9FEB22.tc.TC002_RBI9FEB22BasicDetails"/>
  <testcase name="basicDetails" time="120.679" classname="com.RBI9FEB22.tc.TC002_RBI9FEB22BasicDetails"/>
  <testcase name="basicDetails" time="120.098" classname="com.RBI9FEB22.tc.TC002_RBI9FEB22BasicDetails"/>
  <testcase name="basicDetails" time="119.876" classname="com.RBI9FEB22.tc.TC002_RBI9FEB22BasicDetails"/>
  <testcase name="basicDetails" time="120.376" classname="com.RBI9FEB22.tc.TC002_RBI9FEB22BasicDetails"/>
  <testcase name="basicDetails" time="120.318" classname="com.RBI9FEB22.tc.TC002_RBI9FEB22BasicDetails"/>
  <testcase name="basicDetails" time="119.783" classname="com.RBI9FEB22.tc.TC002_RBI9FEB22BasicDetails"/>
  <testcase name="basicDetails" time="120.079" classname="com.RBI9FEB22.tc.TC002_RBI9FEB22BasicDetails"/>
  <testcase name="basicDetails" time="120.769" classname="com.RBI9FEB22.tc.TC002_RBI9FEB22BasicDetails"/>
  <testcase name="basicDetails" time="119.918" classname="com.RBI9FEB22.tc.TC002_RBI9FEB22BasicDetails"/>
  <testcase name="basicDetails" time="120.472" classname="com.RBI9FEB22.tc.TC002_RBI9FEB22BasicDetails"/>
  <testcase name="basicDetails" time="119.853" classname="com.RBI9FEB22.tc.TC002_RBI9FEB22BasicDetails"/>
  <testcase name="basicDetails" time="120.085" classname="com.RBI9FEB22.tc.TC002_RBI9FEB22BasicDetails"/>
  <testcase name="basicDetails" time="119.640" classname="com.RBI9FEB22.tc.TC002_RBI9FEB22BasicDetails"/>
  <testcase name="basicDetails" time="119.687" classname="com.RBI9FEB22.tc.TC002_RBI9FEB22BasicDetails"/>
  <testcase name="basicDetails" time="120.888" classname="com.RBI9FEB22.tc.TC002_RBI9FEB22BasicDetails"/>
  <testcase name="basicDetails" time="120.642" classname="com.RBI9FEB22.tc.TC002_RBI9FEB22BasicDetails"/>
  <testcase name="basicDetails" time="119.998" classname="com.RBI9FEB22.tc.TC002_RBI9FEB22BasicDetails"/>
  <testcase name="basicDetails" time="120.271" classname="com.RBI9FEB22.tc.TC002_RBI9FEB22BasicDetails"/>
  <testcase name="basicDetails" time="120.704" classname="com.RBI9FEB22.tc.TC002_RBI9FEB22BasicDetails"/>
  <testcase name="basicDetails" time="120.506" classname="com.RBI9FEB22.tc.TC002_RBI9FEB22BasicDetails"/>
  <testcase name="basicDetails" time="120.231" classname="com.RBI9FEB22.tc.TC002_RBI9FEB22BasicDetails"/>
  <testcase name="basicDetails" time="119.471" classname="com.RBI9FEB22.tc.TC002_RBI9FEB22BasicDetails"/>
  <testcase name="basicDetails" time="120.695" classname="com.RBI9FEB22.tc.TC002_RBI9FEB22BasicDetails"/>
  <testcase name="basicDetails" time="120.857" classname="com.RBI9FEB22.tc.TC002_RBI9FEB22BasicDetails"/>
  <testcase name="basicDetails" time="120.096" classname="com.RBI9FEB22.tc.TC002_RBI9FEB22BasicDetails"/>
  <testcase name="basicDetails" time="120.180" classname="com.RBI9FEB22.tc.TC002_RBI9FEB22BasicDetails"/>
  <testcase name="basicDetails" time="120.103" classname="com.RBI9FEB22.tc.TC002_RBI9FEB22BasicDetails"/>
  <testcase name="basicDetails" time="120.558" classname="com.RBI9FEB22.tc.TC002_RBI9FEB22BasicDetails"/>
  <testcase name="basicDetails" time="120.480" classname="com.RBI9FEB22.tc.TC002_RBI9FEB22BasicDetails"/>
  <testcase name="basicDetails" time="120.923" classname="com.RBI9FEB22.tc.TC002_RBI9FEB22BasicDetails"/>
  <testcase name="basicDetails" time="120.028" classname="com.RBI9FEB22.tc.TC002_RBI9FEB22BasicDetails"/>
  <testcase name="basicDetails" time="120.212" classname="com.RBI9FEB22.tc.TC002_RBI9FEB22BasicDetails"/>
  <testcase name="basicDetails" time="119.447" classname="com.RBI9FEB22.tc.TC002_RBI9FEB22BasicDetails"/>
  <testcase name="basicDetails" time="120.311" classname="com.RBI9FEB22.tc.TC002_RBI9FEB22BasicDetails"/>
  <testcase name="basicDetails" time="119.534" classname="com.RBI9FEB22.tc.TC002_RBI9FEB22BasicDetails"/>
  <testcase name="basicDetails" time="120.608" classname="com.RBI9FEB22.tc.TC002_RBI9FEB22BasicDetails"/>
  <testcase name="basicDetails" time="119.886" classname="com.RBI9FEB22.tc.TC002_RBI9FEB22BasicDetails"/>
  <testcase name="basicDetails" time="120.303" classname="com.RBI9FEB22.tc.TC002_RBI9FEB22BasicDetails"/>
  <testcase name="basicDetails" time="119.909" classname="com.RBI9FEB22.tc.TC002_RBI9FEB22BasicDetails"/>
  <testcase name="basicDetails" time="119.955" classname="com.RBI9FEB22.tc.TC002_RBI9FEB22BasicDetails"/>
  <testcase name="basicDetails" time="120.431" classname="com.RBI9FEB22.tc.TC002_RBI9FEB22BasicDetails"/>
  <testcase name="basicDetails" time="120.229" classname="com.RBI9FEB22.tc.TC002_RBI9FEB22BasicDetails"/>
  <testcase name="basicDetails" time="120.171" classname="com.RBI9FEB22.tc.TC002_RBI9FEB22BasicDetails"/>
  <testcase name="basicDetails" time="120.196" classname="com.RBI9FEB22.tc.TC002_RBI9FEB22BasicDetails"/>
  <testcase name="basicDetails" time="120.380" classname="com.RBI9FEB22.tc.TC002_RBI9FEB22BasicDetails"/>
  <testcase name="basicDetails" time="121.502" classname="com.RBI9FEB22.tc.TC002_RBI9FEB22BasicDetails"/>
</testsuite> <!-- com.RBI9FEB22.tc.TC002_RBI9FEB22BasicDetails -->
