<?xml version="1.0" encoding="UTF-8"?>
<!-- Generated by org.testng.reporters.JUnitReportReporter -->
<testsuite skipped="0" hostname="MAA014482B" name="com.IGM_Kolkata_May23.tc.TC003_IGMBasicDetails" tests="4" failures="0" timestamp="2023-06-07T15:27:25 IST" time="651.956" errors="0">
  <testcase name="basicDetails" time="162.563" classname="com.IGM_Kolkata_May23.tc.TC003_IGMBasicDetails"/>
  <testcase name="basicDetails" time="165.974" classname="com.IGM_Kolkata_May23.tc.TC003_IGMBasicDetails"/>
  <testcase name="basicDetails" time="161.827" classname="com.IGM_Kolkata_May23.tc.TC003_IGMBasicDetails"/>
  <testcase name="basicDetails" time="161.592" classname="com.IGM_Kolkata_May23.tc.TC003_IGMBasicDetails"/>
</testsuite> <!-- com.IGM_Kolkata_May23.tc.TC003_IGMBasicDetails -->
