<?xml version="1.0" encoding="UTF-8"?>
<!-- Generated by org.testng.reporters.JUnitReportReporter -->
<testsuite skipped="0" hostname="MAA014482B" name="com.RBIJE_May23.tc.TC003_RBIJEBasicDetails" tests="180" failures="0" timestamp="2023-05-30T20:45:53 IST" time="29298.213" errors="0">
  <testcase name="basicDetails" time="162.346" classname="com.RBIJE_May23.tc.TC003_RBIJEBasicDetails"/>
  <testcase name="basicDetails" time="162.016" classname="com.RBIJE_May23.tc.TC003_RBIJEBasicDetails"/>
  <testcase name="basicDetails" time="165.238" classname="com.RBIJE_May23.tc.TC003_RBIJEBasicDetails"/>
  <testcase name="basicDetails" time="163.917" classname="com.RBIJE_May23.tc.TC003_RBIJEBasicDetails"/>
  <testcase name="basicDetails" time="161.714" classname="com.RBIJE_May23.tc.TC003_RBIJEBasicDetails"/>
  <testcase name="basicDetails" time="162.076" classname="com.RBIJE_May23.tc.TC003_RBIJEBasicDetails"/>
  <testcase name="basicDetails" time="164.045" classname="com.RBIJE_May23.tc.TC003_RBIJEBasicDetails"/>
  <testcase name="basicDetails" time="166.511" classname="com.RBIJE_May23.tc.TC003_RBIJEBasicDetails"/>
  <testcase name="basicDetails" time="160.815" classname="com.RBIJE_May23.tc.TC003_RBIJEBasicDetails"/>
  <testcase name="basicDetails" time="164.264" classname="com.RBIJE_May23.tc.TC003_RBIJEBasicDetails"/>
  <testcase name="basicDetails" time="160.733" classname="com.RBIJE_May23.tc.TC003_RBIJEBasicDetails"/>
  <testcase name="basicDetails" time="162.256" classname="com.RBIJE_May23.tc.TC003_RBIJEBasicDetails"/>
  <testcase name="basicDetails" time="162.470" classname="com.RBIJE_May23.tc.TC003_RBIJEBasicDetails"/>
  <testcase name="basicDetails" time="162.567" classname="com.RBIJE_May23.tc.TC003_RBIJEBasicDetails"/>
  <testcase name="basicDetails" time="162.054" classname="com.RBIJE_May23.tc.TC003_RBIJEBasicDetails"/>
  <testcase name="basicDetails" time="161.058" classname="com.RBIJE_May23.tc.TC003_RBIJEBasicDetails"/>
  <testcase name="basicDetails" time="162.213" classname="com.RBIJE_May23.tc.TC003_RBIJEBasicDetails"/>
  <testcase name="basicDetails" time="162.034" classname="com.RBIJE_May23.tc.TC003_RBIJEBasicDetails"/>
  <testcase name="basicDetails" time="162.185" classname="com.RBIJE_May23.tc.TC003_RBIJEBasicDetails"/>
  <testcase name="basicDetails" time="161.570" classname="com.RBIJE_May23.tc.TC003_RBIJEBasicDetails"/>
  <testcase name="basicDetails" time="160.802" classname="com.RBIJE_May23.tc.TC003_RBIJEBasicDetails"/>
  <testcase name="basicDetails" time="160.812" classname="com.RBIJE_May23.tc.TC003_RBIJEBasicDetails"/>
  <testcase name="basicDetails" time="161.610" classname="com.RBIJE_May23.tc.TC003_RBIJEBasicDetails"/>
  <testcase name="basicDetails" time="166.608" classname="com.RBIJE_May23.tc.TC003_RBIJEBasicDetails"/>
  <testcase name="basicDetails" time="162.208" classname="com.RBIJE_May23.tc.TC003_RBIJEBasicDetails"/>
  <testcase name="basicDetails" time="165.045" classname="com.RBIJE_May23.tc.TC003_RBIJEBasicDetails"/>
  <testcase name="basicDetails" time="161.126" classname="com.RBIJE_May23.tc.TC003_RBIJEBasicDetails"/>
  <testcase name="basicDetails" time="160.922" classname="com.RBIJE_May23.tc.TC003_RBIJEBasicDetails"/>
  <testcase name="basicDetails" time="161.796" classname="com.RBIJE_May23.tc.TC003_RBIJEBasicDetails"/>
  <testcase name="basicDetails" time="162.181" classname="com.RBIJE_May23.tc.TC003_RBIJEBasicDetails"/>
  <testcase name="basicDetails" time="161.802" classname="com.RBIJE_May23.tc.TC003_RBIJEBasicDetails"/>
  <testcase name="basicDetails" time="163.754" classname="com.RBIJE_May23.tc.TC003_RBIJEBasicDetails"/>
  <testcase name="basicDetails" time="164.108" classname="com.RBIJE_May23.tc.TC003_RBIJEBasicDetails"/>
  <testcase name="basicDetails" time="162.184" classname="com.RBIJE_May23.tc.TC003_RBIJEBasicDetails"/>
  <testcase name="basicDetails" time="160.320" classname="com.RBIJE_May23.tc.TC003_RBIJEBasicDetails"/>
  <testcase name="basicDetails" time="164.789" classname="com.RBIJE_May23.tc.TC003_RBIJEBasicDetails"/>
  <testcase name="basicDetails" time="160.823" classname="com.RBIJE_May23.tc.TC003_RBIJEBasicDetails"/>
  <testcase name="basicDetails" time="162.230" classname="com.RBIJE_May23.tc.TC003_RBIJEBasicDetails"/>
  <testcase name="basicDetails" time="160.934" classname="com.RBIJE_May23.tc.TC003_RBIJEBasicDetails"/>
  <testcase name="basicDetails" time="162.105" classname="com.RBIJE_May23.tc.TC003_RBIJEBasicDetails"/>
  <testcase name="basicDetails" time="161.058" classname="com.RBIJE_May23.tc.TC003_RBIJEBasicDetails"/>
  <testcase name="basicDetails" time="166.226" classname="com.RBIJE_May23.tc.TC003_RBIJEBasicDetails"/>
  <testcase name="basicDetails" time="161.299" classname="com.RBIJE_May23.tc.TC003_RBIJEBasicDetails"/>
  <testcase name="basicDetails" time="164.957" classname="com.RBIJE_May23.tc.TC003_RBIJEBasicDetails"/>
  <testcase name="basicDetails" time="160.771" classname="com.RBIJE_May23.tc.TC003_RBIJEBasicDetails"/>
  <testcase name="basicDetails" time="164.894" classname="com.RBIJE_May23.tc.TC003_RBIJEBasicDetails"/>
  <testcase name="basicDetails" time="161.865" classname="com.RBIJE_May23.tc.TC003_RBIJEBasicDetails"/>
  <testcase name="basicDetails" time="161.853" classname="com.RBIJE_May23.tc.TC003_RBIJEBasicDetails"/>
  <testcase name="basicDetails" time="162.147" classname="com.RBIJE_May23.tc.TC003_RBIJEBasicDetails"/>
  <testcase name="basicDetails" time="161.666" classname="com.RBIJE_May23.tc.TC003_RBIJEBasicDetails"/>
  <testcase name="basicDetails" time="162.176" classname="com.RBIJE_May23.tc.TC003_RBIJEBasicDetails"/>
  <testcase name="basicDetails" time="161.254" classname="com.RBIJE_May23.tc.TC003_RBIJEBasicDetails"/>
  <testcase name="basicDetails" time="162.747" classname="com.RBIJE_May23.tc.TC003_RBIJEBasicDetails"/>
  <testcase name="basicDetails" time="161.728" classname="com.RBIJE_May23.tc.TC003_RBIJEBasicDetails"/>
  <testcase name="basicDetails" time="161.788" classname="com.RBIJE_May23.tc.TC003_RBIJEBasicDetails"/>
  <testcase name="basicDetails" time="165.962" classname="com.RBIJE_May23.tc.TC003_RBIJEBasicDetails"/>
  <testcase name="basicDetails" time="162.676" classname="com.RBIJE_May23.tc.TC003_RBIJEBasicDetails"/>
  <testcase name="basicDetails" time="165.156" classname="com.RBIJE_May23.tc.TC003_RBIJEBasicDetails"/>
  <testcase name="basicDetails" time="161.884" classname="com.RBIJE_May23.tc.TC003_RBIJEBasicDetails"/>
  <testcase name="basicDetails" time="161.172" classname="com.RBIJE_May23.tc.TC003_RBIJEBasicDetails"/>
  <testcase name="basicDetails" time="162.122" classname="com.RBIJE_May23.tc.TC003_RBIJEBasicDetails"/>
  <testcase name="basicDetails" time="162.421" classname="com.RBIJE_May23.tc.TC003_RBIJEBasicDetails"/>
  <testcase name="basicDetails" time="165.237" classname="com.RBIJE_May23.tc.TC003_RBIJEBasicDetails"/>
  <testcase name="basicDetails" time="162.077" classname="com.RBIJE_May23.tc.TC003_RBIJEBasicDetails"/>
  <testcase name="basicDetails" time="162.188" classname="com.RBIJE_May23.tc.TC003_RBIJEBasicDetails"/>
  <testcase name="basicDetails" time="161.481" classname="com.RBIJE_May23.tc.TC003_RBIJEBasicDetails"/>
  <testcase name="basicDetails" time="165.824" classname="com.RBIJE_May23.tc.TC003_RBIJEBasicDetails"/>
  <testcase name="basicDetails" time="165.329" classname="com.RBIJE_May23.tc.TC003_RBIJEBasicDetails"/>
  <testcase name="basicDetails" time="161.576" classname="com.RBIJE_May23.tc.TC003_RBIJEBasicDetails"/>
  <testcase name="basicDetails" time="165.272" classname="com.RBIJE_May23.tc.TC003_RBIJEBasicDetails"/>
  <testcase name="basicDetails" time="162.368" classname="com.RBIJE_May23.tc.TC003_RBIJEBasicDetails"/>
  <testcase name="basicDetails" time="161.891" classname="com.RBIJE_May23.tc.TC003_RBIJEBasicDetails"/>
  <testcase name="basicDetails" time="161.962" classname="com.RBIJE_May23.tc.TC003_RBIJEBasicDetails"/>
  <testcase name="basicDetails" time="164.050" classname="com.RBIJE_May23.tc.TC003_RBIJEBasicDetails"/>
  <testcase name="basicDetails" time="166.252" classname="com.RBIJE_May23.tc.TC003_RBIJEBasicDetails"/>
  <testcase name="basicDetails" time="164.675" classname="com.RBIJE_May23.tc.TC003_RBIJEBasicDetails"/>
  <testcase name="basicDetails" time="161.849" classname="com.RBIJE_May23.tc.TC003_RBIJEBasicDetails"/>
  <testcase name="basicDetails" time="160.923" classname="com.RBIJE_May23.tc.TC003_RBIJEBasicDetails"/>
  <testcase name="basicDetails" time="165.567" classname="com.RBIJE_May23.tc.TC003_RBIJEBasicDetails"/>
  <testcase name="basicDetails" time="160.909" classname="com.RBIJE_May23.tc.TC003_RBIJEBasicDetails"/>
  <testcase name="basicDetails" time="164.270" classname="com.RBIJE_May23.tc.TC003_RBIJEBasicDetails"/>
  <testcase name="basicDetails" time="160.766" classname="com.RBIJE_May23.tc.TC003_RBIJEBasicDetails"/>
  <testcase name="basicDetails" time="161.996" classname="com.RBIJE_May23.tc.TC003_RBIJEBasicDetails"/>
  <testcase name="basicDetails" time="160.763" classname="com.RBIJE_May23.tc.TC003_RBIJEBasicDetails"/>
  <testcase name="basicDetails" time="164.776" classname="com.RBIJE_May23.tc.TC003_RBIJEBasicDetails"/>
  <testcase name="basicDetails" time="162.774" classname="com.RBIJE_May23.tc.TC003_RBIJEBasicDetails"/>
  <testcase name="basicDetails" time="160.996" classname="com.RBIJE_May23.tc.TC003_RBIJEBasicDetails"/>
  <testcase name="basicDetails" time="165.470" classname="com.RBIJE_May23.tc.TC003_RBIJEBasicDetails"/>
  <testcase name="basicDetails" time="165.374" classname="com.RBIJE_May23.tc.TC003_RBIJEBasicDetails"/>
  <testcase name="basicDetails" time="160.549" classname="com.RBIJE_May23.tc.TC003_RBIJEBasicDetails"/>
  <testcase name="basicDetails" time="162.237" classname="com.RBIJE_May23.tc.TC003_RBIJEBasicDetails"/>
  <testcase name="basicDetails" time="165.641" classname="com.RBIJE_May23.tc.TC003_RBIJEBasicDetails"/>
  <testcase name="basicDetails" time="166.786" classname="com.RBIJE_May23.tc.TC003_RBIJEBasicDetails"/>
  <testcase name="basicDetails" time="165.341" classname="com.RBIJE_May23.tc.TC003_RBIJEBasicDetails"/>
  <testcase name="basicDetails" time="162.098" classname="com.RBIJE_May23.tc.TC003_RBIJEBasicDetails"/>
  <testcase name="basicDetails" time="165.401" classname="com.RBIJE_May23.tc.TC003_RBIJEBasicDetails"/>
  <testcase name="basicDetails" time="160.919" classname="com.RBIJE_May23.tc.TC003_RBIJEBasicDetails"/>
  <testcase name="basicDetails" time="161.841" classname="com.RBIJE_May23.tc.TC003_RBIJEBasicDetails"/>
  <testcase name="basicDetails" time="160.759" classname="com.RBIJE_May23.tc.TC003_RBIJEBasicDetails"/>
  <testcase name="basicDetails" time="163.812" classname="com.RBIJE_May23.tc.TC003_RBIJEBasicDetails"/>
  <testcase name="basicDetails" time="166.163" classname="com.RBIJE_May23.tc.TC003_RBIJEBasicDetails"/>
  <testcase name="basicDetails" time="164.157" classname="com.RBIJE_May23.tc.TC003_RBIJEBasicDetails"/>
  <testcase name="basicDetails" time="161.015" classname="com.RBIJE_May23.tc.TC003_RBIJEBasicDetails"/>
  <testcase name="basicDetails" time="165.350" classname="com.RBIJE_May23.tc.TC003_RBIJEBasicDetails"/>
  <testcase name="basicDetails" time="162.143" classname="com.RBIJE_May23.tc.TC003_RBIJEBasicDetails"/>
  <testcase name="basicDetails" time="163.859" classname="com.RBIJE_May23.tc.TC003_RBIJEBasicDetails"/>
  <testcase name="basicDetails" time="162.286" classname="com.RBIJE_May23.tc.TC003_RBIJEBasicDetails"/>
  <testcase name="basicDetails" time="162.123" classname="com.RBIJE_May23.tc.TC003_RBIJEBasicDetails"/>
  <testcase name="basicDetails" time="160.638" classname="com.RBIJE_May23.tc.TC003_RBIJEBasicDetails"/>
  <testcase name="basicDetails" time="162.438" classname="com.RBIJE_May23.tc.TC003_RBIJEBasicDetails"/>
  <testcase name="basicDetails" time="164.040" classname="com.RBIJE_May23.tc.TC003_RBIJEBasicDetails"/>
  <testcase name="basicDetails" time="163.766" classname="com.RBIJE_May23.tc.TC003_RBIJEBasicDetails"/>
  <testcase name="basicDetails" time="163.749" classname="com.RBIJE_May23.tc.TC003_RBIJEBasicDetails"/>
  <testcase name="basicDetails" time="161.079" classname="com.RBIJE_May23.tc.TC003_RBIJEBasicDetails"/>
  <testcase name="basicDetails" time="162.660" classname="com.RBIJE_May23.tc.TC003_RBIJEBasicDetails"/>
  <testcase name="basicDetails" time="165.176" classname="com.RBIJE_May23.tc.TC003_RBIJEBasicDetails"/>
  <testcase name="basicDetails" time="161.962" classname="com.RBIJE_May23.tc.TC003_RBIJEBasicDetails"/>
  <testcase name="basicDetails" time="161.733" classname="com.RBIJE_May23.tc.TC003_RBIJEBasicDetails"/>
  <testcase name="basicDetails" time="161.285" classname="com.RBIJE_May23.tc.TC003_RBIJEBasicDetails"/>
  <testcase name="basicDetails" time="162.373" classname="com.RBIJE_May23.tc.TC003_RBIJEBasicDetails"/>
  <testcase name="basicDetails" time="165.546" classname="com.RBIJE_May23.tc.TC003_RBIJEBasicDetails"/>
  <testcase name="basicDetails" time="162.018" classname="com.RBIJE_May23.tc.TC003_RBIJEBasicDetails"/>
  <testcase name="basicDetails" time="166.581" classname="com.RBIJE_May23.tc.TC003_RBIJEBasicDetails"/>
  <testcase name="basicDetails" time="163.837" classname="com.RBIJE_May23.tc.TC003_RBIJEBasicDetails"/>
  <testcase name="basicDetails" time="164.300" classname="com.RBIJE_May23.tc.TC003_RBIJEBasicDetails"/>
  <testcase name="basicDetails" time="160.872" classname="com.RBIJE_May23.tc.TC003_RBIJEBasicDetails"/>
  <testcase name="basicDetails" time="162.444" classname="com.RBIJE_May23.tc.TC003_RBIJEBasicDetails"/>
  <testcase name="basicDetails" time="160.965" classname="com.RBIJE_May23.tc.TC003_RBIJEBasicDetails"/>
  <testcase name="basicDetails" time="163.981" classname="com.RBIJE_May23.tc.TC003_RBIJEBasicDetails"/>
  <testcase name="basicDetails" time="165.168" classname="com.RBIJE_May23.tc.TC003_RBIJEBasicDetails"/>
  <testcase name="basicDetails" time="165.423" classname="com.RBIJE_May23.tc.TC003_RBIJEBasicDetails"/>
  <testcase name="basicDetails" time="162.216" classname="com.RBIJE_May23.tc.TC003_RBIJEBasicDetails"/>
  <testcase name="basicDetails" time="160.802" classname="com.RBIJE_May23.tc.TC003_RBIJEBasicDetails"/>
  <testcase name="basicDetails" time="165.465" classname="com.RBIJE_May23.tc.TC003_RBIJEBasicDetails"/>
  <testcase name="basicDetails" time="164.171" classname="com.RBIJE_May23.tc.TC003_RBIJEBasicDetails"/>
  <testcase name="basicDetails" time="163.875" classname="com.RBIJE_May23.tc.TC003_RBIJEBasicDetails"/>
  <testcase name="basicDetails" time="161.813" classname="com.RBIJE_May23.tc.TC003_RBIJEBasicDetails"/>
  <testcase name="basicDetails" time="160.690" classname="com.RBIJE_May23.tc.TC003_RBIJEBasicDetails"/>
  <testcase name="basicDetails" time="160.860" classname="com.RBIJE_May23.tc.TC003_RBIJEBasicDetails"/>
  <testcase name="basicDetails" time="164.088" classname="com.RBIJE_May23.tc.TC003_RBIJEBasicDetails"/>
  <testcase name="basicDetails" time="161.929" classname="com.RBIJE_May23.tc.TC003_RBIJEBasicDetails"/>
  <testcase name="basicDetails" time="162.479" classname="com.RBIJE_May23.tc.TC003_RBIJEBasicDetails"/>
  <testcase name="basicDetails" time="162.063" classname="com.RBIJE_May23.tc.TC003_RBIJEBasicDetails"/>
  <testcase name="basicDetails" time="162.315" classname="com.RBIJE_May23.tc.TC003_RBIJEBasicDetails"/>
  <testcase name="basicDetails" time="162.360" classname="com.RBIJE_May23.tc.TC003_RBIJEBasicDetails"/>
  <testcase name="basicDetails" time="160.889" classname="com.RBIJE_May23.tc.TC003_RBIJEBasicDetails"/>
  <testcase name="basicDetails" time="160.814" classname="com.RBIJE_May23.tc.TC003_RBIJEBasicDetails"/>
  <testcase name="basicDetails" time="160.891" classname="com.RBIJE_May23.tc.TC003_RBIJEBasicDetails"/>
  <testcase name="basicDetails" time="161.194" classname="com.RBIJE_May23.tc.TC003_RBIJEBasicDetails"/>
  <testcase name="basicDetails" time="160.641" classname="com.RBIJE_May23.tc.TC003_RBIJEBasicDetails"/>
  <testcase name="basicDetails" time="162.353" classname="com.RBIJE_May23.tc.TC003_RBIJEBasicDetails"/>
  <testcase name="basicDetails" time="161.633" classname="com.RBIJE_May23.tc.TC003_RBIJEBasicDetails"/>
  <testcase name="basicDetails" time="161.848" classname="com.RBIJE_May23.tc.TC003_RBIJEBasicDetails"/>
  <testcase name="basicDetails" time="161.022" classname="com.RBIJE_May23.tc.TC003_RBIJEBasicDetails"/>
  <testcase name="basicDetails" time="162.357" classname="com.RBIJE_May23.tc.TC003_RBIJEBasicDetails"/>
  <testcase name="basicDetails" time="163.794" classname="com.RBIJE_May23.tc.TC003_RBIJEBasicDetails"/>
  <testcase name="basicDetails" time="165.187" classname="com.RBIJE_May23.tc.TC003_RBIJEBasicDetails"/>
  <testcase name="basicDetails" time="162.349" classname="com.RBIJE_May23.tc.TC003_RBIJEBasicDetails"/>
  <testcase name="basicDetails" time="163.965" classname="com.RBIJE_May23.tc.TC003_RBIJEBasicDetails"/>
  <testcase name="basicDetails" time="164.591" classname="com.RBIJE_May23.tc.TC003_RBIJEBasicDetails"/>
  <testcase name="basicDetails" time="162.199" classname="com.RBIJE_May23.tc.TC003_RBIJEBasicDetails"/>
  <testcase name="basicDetails" time="161.747" classname="com.RBIJE_May23.tc.TC003_RBIJEBasicDetails"/>
  <testcase name="basicDetails" time="161.972" classname="com.RBIJE_May23.tc.TC003_RBIJEBasicDetails"/>
  <testcase name="basicDetails" time="162.167" classname="com.RBIJE_May23.tc.TC003_RBIJEBasicDetails"/>
  <testcase name="basicDetails" time="164.081" classname="com.RBIJE_May23.tc.TC003_RBIJEBasicDetails"/>
  <testcase name="basicDetails" time="162.350" classname="com.RBIJE_May23.tc.TC003_RBIJEBasicDetails"/>
  <testcase name="basicDetails" time="161.183" classname="com.RBIJE_May23.tc.TC003_RBIJEBasicDetails"/>
  <testcase name="basicDetails" time="161.081" classname="com.RBIJE_May23.tc.TC003_RBIJEBasicDetails"/>
  <testcase name="basicDetails" time="165.532" classname="com.RBIJE_May23.tc.TC003_RBIJEBasicDetails"/>
  <testcase name="basicDetails" time="162.642" classname="com.RBIJE_May23.tc.TC003_RBIJEBasicDetails"/>
  <testcase name="basicDetails" time="161.005" classname="com.RBIJE_May23.tc.TC003_RBIJEBasicDetails"/>
  <testcase name="basicDetails" time="162.263" classname="com.RBIJE_May23.tc.TC003_RBIJEBasicDetails"/>
  <testcase name="basicDetails" time="162.855" classname="com.RBIJE_May23.tc.TC003_RBIJEBasicDetails"/>
  <testcase name="basicDetails" time="160.740" classname="com.RBIJE_May23.tc.TC003_RBIJEBasicDetails"/>
  <testcase name="basicDetails" time="163.833" classname="com.RBIJE_May23.tc.TC003_RBIJEBasicDetails"/>
  <testcase name="basicDetails" time="164.887" classname="com.RBIJE_May23.tc.TC003_RBIJEBasicDetails"/>
  <testcase name="basicDetails" time="162.953" classname="com.RBIJE_May23.tc.TC003_RBIJEBasicDetails"/>
  <testcase name="basicDetails" time="164.091" classname="com.RBIJE_May23.tc.TC003_RBIJEBasicDetails"/>
  <testcase name="basicDetails" time="162.672" classname="com.RBIJE_May23.tc.TC003_RBIJEBasicDetails"/>
  <testcase name="basicDetails" time="162.108" classname="com.RBIJE_May23.tc.TC003_RBIJEBasicDetails"/>
</testsuite> <!-- com.RBIJE_May23.tc.TC003_RBIJEBasicDetails -->
