<?xml version="1.0" encoding="UTF-8"?>
<!-- Generated by org.testng.reporters.JUnitReportReporter -->
<testsuite skipped="0" hostname="MAA014482B" name="com.CSIR_25July22.tc.TC002_CSIRBasicDetails" tests="14" failures="0" timestamp="2022-08-03T14:23:55 IST" time="1786.541" errors="0">
  <testcase name="basicDetails" time="130.045" classname="com.CSIR_25July22.tc.TC002_CSIRBasicDetails"/>
  <testcase name="basicDetails" time="127.213" classname="com.CSIR_25July22.tc.TC002_CSIRBasicDetails"/>
  <testcase name="basicDetails" time="126.381" classname="com.CSIR_25July22.tc.TC002_CSIRBasicDetails"/>
  <testcase name="basicDetails" time="126.056" classname="com.CSIR_25July22.tc.TC002_CSIRBasicDetails"/>
  <testcase name="basicDetails" time="129.808" classname="com.CSIR_25July22.tc.TC002_CSIRBasicDetails"/>
  <testcase name="basicDetails" time="126.052" classname="com.CSIR_25July22.tc.TC002_CSIRBasicDetails"/>
  <testcase name="basicDetails" time="126.191" classname="com.CSIR_25July22.tc.TC002_CSIRBasicDetails"/>
  <testcase name="basicDetails" time="129.511" classname="com.CSIR_25July22.tc.TC002_CSIRBasicDetails"/>
  <testcase name="basicDetails" time="126.086" classname="com.CSIR_25July22.tc.TC002_CSIRBasicDetails"/>
  <testcase name="basicDetails" time="130.374" classname="com.CSIR_25July22.tc.TC002_CSIRBasicDetails"/>
  <testcase name="basicDetails" time="126.423" classname="com.CSIR_25July22.tc.TC002_CSIRBasicDetails"/>
  <testcase name="basicDetails" time="126.280" classname="com.CSIR_25July22.tc.TC002_CSIRBasicDetails"/>
  <testcase name="basicDetails" time="129.853" classname="com.CSIR_25July22.tc.TC002_CSIRBasicDetails"/>
  <testcase name="basicDetails" time="126.268" classname="com.CSIR_25July22.tc.TC002_CSIRBasicDetails"/>
</testsuite> <!-- com.CSIR_25July22.tc.TC002_CSIRBasicDetails -->
