<?xml version="1.0" encoding="UTF-8"?>
<!-- Generated by org.testng.reporters.JUnitReportReporter -->
<testsuite skipped="0" hostname="MAA014482B" name="com.BOKARO.tc.TC002_BSPBasicDetails" tests="100" failures="0" timestamp="2023-03-22T01:51:27 IST" time="16192.356" errors="0">
  <testcase name="basicDetails" time="161.242" classname="com.BOKARO.tc.TC002_BSPBasicDetails"/>
  <testcase name="basicDetails" time="162.347" classname="com.BOKARO.tc.TC002_BSPBasicDetails"/>
  <testcase name="basicDetails" time="162.690" classname="com.BOKARO.tc.TC002_BSPBasicDetails"/>
  <testcase name="basicDetails" time="162.181" classname="com.BOKARO.tc.TC002_BSPBasicDetails"/>
  <testcase name="basicDetails" time="162.371" classname="com.BOKARO.tc.TC002_BSPBasicDetails"/>
  <testcase name="basicDetails" time="161.722" classname="com.BOKARO.tc.TC002_BSPBasicDetails"/>
  <testcase name="basicDetails" time="162.063" classname="com.BOKARO.tc.TC002_BSPBasicDetails"/>
  <testcase name="basicDetails" time="162.653" classname="com.BOKARO.tc.TC002_BSPBasicDetails"/>
  <testcase name="basicDetails" time="162.175" classname="com.BOKARO.tc.TC002_BSPBasicDetails"/>
  <testcase name="basicDetails" time="162.665" classname="com.BOKARO.tc.TC002_BSPBasicDetails"/>
  <testcase name="basicDetails" time="163.210" classname="com.BOKARO.tc.TC002_BSPBasicDetails"/>
  <testcase name="basicDetails" time="162.397" classname="com.BOKARO.tc.TC002_BSPBasicDetails"/>
  <testcase name="basicDetails" time="162.492" classname="com.BOKARO.tc.TC002_BSPBasicDetails"/>
  <testcase name="basicDetails" time="161.251" classname="com.BOKARO.tc.TC002_BSPBasicDetails"/>
  <testcase name="basicDetails" time="162.535" classname="com.BOKARO.tc.TC002_BSPBasicDetails"/>
  <testcase name="basicDetails" time="158.432" classname="com.BOKARO.tc.TC002_BSPBasicDetails"/>
  <testcase name="basicDetails" time="161.864" classname="com.BOKARO.tc.TC002_BSPBasicDetails"/>
  <testcase name="basicDetails" time="162.509" classname="com.BOKARO.tc.TC002_BSPBasicDetails"/>
  <testcase name="basicDetails" time="161.618" classname="com.BOKARO.tc.TC002_BSPBasicDetails"/>
  <testcase name="basicDetails" time="161.736" classname="com.BOKARO.tc.TC002_BSPBasicDetails"/>
  <testcase name="basicDetails" time="162.104" classname="com.BOKARO.tc.TC002_BSPBasicDetails"/>
  <testcase name="basicDetails" time="162.153" classname="com.BOKARO.tc.TC002_BSPBasicDetails"/>
  <testcase name="basicDetails" time="163.253" classname="com.BOKARO.tc.TC002_BSPBasicDetails"/>
  <testcase name="basicDetails" time="161.658" classname="com.BOKARO.tc.TC002_BSPBasicDetails"/>
  <testcase name="basicDetails" time="162.106" classname="com.BOKARO.tc.TC002_BSPBasicDetails"/>
  <testcase name="basicDetails" time="162.704" classname="com.BOKARO.tc.TC002_BSPBasicDetails"/>
  <testcase name="basicDetails" time="162.366" classname="com.BOKARO.tc.TC002_BSPBasicDetails"/>
  <testcase name="basicDetails" time="162.226" classname="com.BOKARO.tc.TC002_BSPBasicDetails"/>
  <testcase name="basicDetails" time="161.211" classname="com.BOKARO.tc.TC002_BSPBasicDetails"/>
  <testcase name="basicDetails" time="161.799" classname="com.BOKARO.tc.TC002_BSPBasicDetails"/>
  <testcase name="basicDetails" time="160.892" classname="com.BOKARO.tc.TC002_BSPBasicDetails"/>
  <testcase name="basicDetails" time="162.380" classname="com.BOKARO.tc.TC002_BSPBasicDetails"/>
  <testcase name="basicDetails" time="158.595" classname="com.BOKARO.tc.TC002_BSPBasicDetails"/>
  <testcase name="basicDetails" time="162.409" classname="com.BOKARO.tc.TC002_BSPBasicDetails"/>
  <testcase name="basicDetails" time="162.760" classname="com.BOKARO.tc.TC002_BSPBasicDetails"/>
  <testcase name="basicDetails" time="159.087" classname="com.BOKARO.tc.TC002_BSPBasicDetails"/>
  <testcase name="basicDetails" time="162.067" classname="com.BOKARO.tc.TC002_BSPBasicDetails"/>
  <testcase name="basicDetails" time="162.451" classname="com.BOKARO.tc.TC002_BSPBasicDetails"/>
  <testcase name="basicDetails" time="161.088" classname="com.BOKARO.tc.TC002_BSPBasicDetails"/>
  <testcase name="basicDetails" time="162.333" classname="com.BOKARO.tc.TC002_BSPBasicDetails"/>
  <testcase name="basicDetails" time="162.074" classname="com.BOKARO.tc.TC002_BSPBasicDetails"/>
  <testcase name="basicDetails" time="162.560" classname="com.BOKARO.tc.TC002_BSPBasicDetails"/>
  <testcase name="basicDetails" time="162.948" classname="com.BOKARO.tc.TC002_BSPBasicDetails"/>
  <testcase name="basicDetails" time="162.193" classname="com.BOKARO.tc.TC002_BSPBasicDetails"/>
  <testcase name="basicDetails" time="161.797" classname="com.BOKARO.tc.TC002_BSPBasicDetails"/>
  <testcase name="basicDetails" time="162.545" classname="com.BOKARO.tc.TC002_BSPBasicDetails"/>
  <testcase name="basicDetails" time="162.212" classname="com.BOKARO.tc.TC002_BSPBasicDetails"/>
  <testcase name="basicDetails" time="162.736" classname="com.BOKARO.tc.TC002_BSPBasicDetails"/>
  <testcase name="basicDetails" time="162.948" classname="com.BOKARO.tc.TC002_BSPBasicDetails"/>
  <testcase name="basicDetails" time="162.222" classname="com.BOKARO.tc.TC002_BSPBasicDetails"/>
  <testcase name="basicDetails" time="162.524" classname="com.BOKARO.tc.TC002_BSPBasicDetails"/>
  <testcase name="basicDetails" time="162.369" classname="com.BOKARO.tc.TC002_BSPBasicDetails"/>
  <testcase name="basicDetails" time="161.862" classname="com.BOKARO.tc.TC002_BSPBasicDetails"/>
  <testcase name="basicDetails" time="162.969" classname="com.BOKARO.tc.TC002_BSPBasicDetails"/>
  <testcase name="basicDetails" time="162.664" classname="com.BOKARO.tc.TC002_BSPBasicDetails"/>
  <testcase name="basicDetails" time="162.809" classname="com.BOKARO.tc.TC002_BSPBasicDetails"/>
  <testcase name="basicDetails" time="159.895" classname="com.BOKARO.tc.TC002_BSPBasicDetails"/>
  <testcase name="basicDetails" time="158.535" classname="com.BOKARO.tc.TC002_BSPBasicDetails"/>
  <testcase name="basicDetails" time="162.541" classname="com.BOKARO.tc.TC002_BSPBasicDetails"/>
  <testcase name="basicDetails" time="162.958" classname="com.BOKARO.tc.TC002_BSPBasicDetails"/>
  <testcase name="basicDetails" time="162.168" classname="com.BOKARO.tc.TC002_BSPBasicDetails"/>
  <testcase name="basicDetails" time="162.225" classname="com.BOKARO.tc.TC002_BSPBasicDetails"/>
  <testcase name="basicDetails" time="162.334" classname="com.BOKARO.tc.TC002_BSPBasicDetails"/>
  <testcase name="basicDetails" time="161.237" classname="com.BOKARO.tc.TC002_BSPBasicDetails"/>
  <testcase name="basicDetails" time="162.511" classname="com.BOKARO.tc.TC002_BSPBasicDetails"/>
  <testcase name="basicDetails" time="161.304" classname="com.BOKARO.tc.TC002_BSPBasicDetails"/>
  <testcase name="basicDetails" time="162.423" classname="com.BOKARO.tc.TC002_BSPBasicDetails"/>
  <testcase name="basicDetails" time="162.455" classname="com.BOKARO.tc.TC002_BSPBasicDetails"/>
  <testcase name="basicDetails" time="160.413" classname="com.BOKARO.tc.TC002_BSPBasicDetails"/>
  <testcase name="basicDetails" time="161.056" classname="com.BOKARO.tc.TC002_BSPBasicDetails"/>
  <testcase name="basicDetails" time="162.108" classname="com.BOKARO.tc.TC002_BSPBasicDetails"/>
  <testcase name="basicDetails" time="161.548" classname="com.BOKARO.tc.TC002_BSPBasicDetails"/>
  <testcase name="basicDetails" time="160.569" classname="com.BOKARO.tc.TC002_BSPBasicDetails"/>
  <testcase name="basicDetails" time="162.373" classname="com.BOKARO.tc.TC002_BSPBasicDetails"/>
  <testcase name="basicDetails" time="160.090" classname="com.BOKARO.tc.TC002_BSPBasicDetails"/>
  <testcase name="basicDetails" time="161.888" classname="com.BOKARO.tc.TC002_BSPBasicDetails"/>
  <testcase name="basicDetails" time="162.577" classname="com.BOKARO.tc.TC002_BSPBasicDetails"/>
  <testcase name="basicDetails" time="162.052" classname="com.BOKARO.tc.TC002_BSPBasicDetails"/>
  <testcase name="basicDetails" time="162.534" classname="com.BOKARO.tc.TC002_BSPBasicDetails"/>
  <testcase name="basicDetails" time="162.008" classname="com.BOKARO.tc.TC002_BSPBasicDetails"/>
  <testcase name="basicDetails" time="162.237" classname="com.BOKARO.tc.TC002_BSPBasicDetails"/>
  <testcase name="basicDetails" time="162.004" classname="com.BOKARO.tc.TC002_BSPBasicDetails"/>
  <testcase name="basicDetails" time="158.582" classname="com.BOKARO.tc.TC002_BSPBasicDetails"/>
  <testcase name="basicDetails" time="162.171" classname="com.BOKARO.tc.TC002_BSPBasicDetails"/>
  <testcase name="basicDetails" time="159.490" classname="com.BOKARO.tc.TC002_BSPBasicDetails"/>
  <testcase name="basicDetails" time="162.126" classname="com.BOKARO.tc.TC002_BSPBasicDetails"/>
  <testcase name="basicDetails" time="162.214" classname="com.BOKARO.tc.TC002_BSPBasicDetails"/>
  <testcase name="basicDetails" time="162.089" classname="com.BOKARO.tc.TC002_BSPBasicDetails"/>
  <testcase name="basicDetails" time="160.745" classname="com.BOKARO.tc.TC002_BSPBasicDetails"/>
  <testcase name="basicDetails" time="162.171" classname="com.BOKARO.tc.TC002_BSPBasicDetails"/>
  <testcase name="basicDetails" time="162.729" classname="com.BOKARO.tc.TC002_BSPBasicDetails"/>
  <testcase name="basicDetails" time="163.074" classname="com.BOKARO.tc.TC002_BSPBasicDetails"/>
  <testcase name="basicDetails" time="161.907" classname="com.BOKARO.tc.TC002_BSPBasicDetails"/>
  <testcase name="basicDetails" time="162.483" classname="com.BOKARO.tc.TC002_BSPBasicDetails"/>
  <testcase name="basicDetails" time="161.687" classname="com.BOKARO.tc.TC002_BSPBasicDetails"/>
  <testcase name="basicDetails" time="161.593" classname="com.BOKARO.tc.TC002_BSPBasicDetails"/>
  <testcase name="basicDetails" time="162.089" classname="com.BOKARO.tc.TC002_BSPBasicDetails"/>
  <testcase name="basicDetails" time="162.960" classname="com.BOKARO.tc.TC002_BSPBasicDetails"/>
  <testcase name="basicDetails" time="162.228" classname="com.BOKARO.tc.TC002_BSPBasicDetails"/>
  <testcase name="basicDetails" time="162.748" classname="com.BOKARO.tc.TC002_BSPBasicDetails"/>
</testsuite> <!-- com.BOKARO.tc.TC002_BSPBasicDetails -->
