<?xml version="1.0" encoding="UTF-8"?>
<!-- Generated by org.testng.reporters.JUnitReportReporter -->
<testsuite skipped="0" hostname="MAA014482B" name="com.NAK.tc.TC002_NAKBasicDetails" tests="4" failures="0" timestamp="2022-09-01T16:19:19 IST" time="646.165" errors="0">
  <testcase name="basicDetails" time="161.655" classname="com.NAK.tc.TC002_NAKBasicDetails"/>
  <testcase name="basicDetails" time="161.439" classname="com.NAK.tc.TC002_NAKBasicDetails"/>
  <testcase name="basicDetails" time="161.418" classname="com.NAK.tc.TC002_NAKBasicDetails"/>
  <testcase name="basicDetails" time="161.653" classname="com.NAK.tc.TC002_NAKBasicDetails"/>
</testsuite> <!-- com.NAK.tc.TC002_NAKBasicDetails -->
