<?xml version="1.0" encoding="UTF-8"?>
<!-- Generated by org.testng.reporters.JUnitReportReporter -->
<testsuite skipped="0" hostname="MAA014482B" name="com.SARDAR.tc.TC004_SPUBasicDetails" tests="15" failures="0" timestamp="2022-09-28T18:08:18 IST" time="2935.893" errors="0">
  <testcase name="basicDetails" time="230.065" classname="com.SARDAR.tc.TC004_SPUBasicDetails"/>
  <testcase name="basicDetails" time="231.758" classname="com.SARDAR.tc.TC004_SPUBasicDetails"/>
  <testcase name="basicDetails" time="235.134" classname="com.SARDAR.tc.TC004_SPUBasicDetails"/>
  <testcase name="basicDetails" time="165.091" classname="com.SARDAR.tc.TC004_SPUBasicDetails"/>
  <testcase name="basicDetails" time="163.627" classname="com.SARDAR.tc.TC004_SPUBasicDetails"/>
  <testcase name="basicDetails" time="163.998" classname="com.SARDAR.tc.TC004_SPUBasicDetails"/>
  <testcase name="basicDetails" time="167.585" classname="com.SARDAR.tc.TC004_SPUBasicDetails"/>
  <testcase name="basicDetails" time="228.767" classname="com.SARDAR.tc.TC004_SPUBasicDetails"/>
  <testcase name="basicDetails" time="230.699" classname="com.SARDAR.tc.TC004_SPUBasicDetails"/>
  <testcase name="basicDetails" time="229.856" classname="com.SARDAR.tc.TC004_SPUBasicDetails"/>
  <testcase name="basicDetails" time="169.328" classname="com.SARDAR.tc.TC004_SPUBasicDetails"/>
  <testcase name="basicDetails" time="228.340" classname="com.SARDAR.tc.TC004_SPUBasicDetails"/>
  <testcase name="basicDetails" time="165.331" classname="com.SARDAR.tc.TC004_SPUBasicDetails"/>
  <testcase name="basicDetails" time="163.322" classname="com.SARDAR.tc.TC004_SPUBasicDetails"/>
  <testcase name="basicDetails" time="162.992" classname="com.SARDAR.tc.TC004_SPUBasicDetails"/>
</testsuite> <!-- com.SARDAR.tc.TC004_SPUBasicDetails -->
