<?xml version="1.0" encoding="UTF-8"?>
<!-- Generated by org.testng.reporters.JUnitReportReporter -->
<testsuite skipped="0" hostname="MAA014482B" name="com.NIA_July23.tc.TC001_NIABasicDetails" tests="54" failures="0" timestamp="2023-07-19T02:52:55 IST" time="9046.062" errors="0">
  <testcase name="basicDetails" time="158.197" classname="com.NIA_July23.tc.TC001_NIABasicDetails"/>
  <testcase name="basicDetails" time="159.540" classname="com.NIA_July23.tc.TC001_NIABasicDetails"/>
  <testcase name="basicDetails" time="186.272" classname="com.NIA_July23.tc.TC001_NIABasicDetails"/>
  <testcase name="basicDetails" time="185.299" classname="com.NIA_July23.tc.TC001_NIABasicDetails"/>
  <testcase name="basicDetails" time="185.431" classname="com.NIA_July23.tc.TC001_NIABasicDetails"/>
  <testcase name="basicDetails" time="162.807" classname="com.NIA_July23.tc.TC001_NIABasicDetails"/>
  <testcase name="basicDetails" time="157.255" classname="com.NIA_July23.tc.TC001_NIABasicDetails"/>
  <testcase name="basicDetails" time="159.428" classname="com.NIA_July23.tc.TC001_NIABasicDetails"/>
  <testcase name="basicDetails" time="157.966" classname="com.NIA_July23.tc.TC001_NIABasicDetails"/>
  <testcase name="basicDetails" time="186.577" classname="com.NIA_July23.tc.TC001_NIABasicDetails"/>
  <testcase name="basicDetails" time="185.496" classname="com.NIA_July23.tc.TC001_NIABasicDetails"/>
  <testcase name="basicDetails" time="157.650" classname="com.NIA_July23.tc.TC001_NIABasicDetails"/>
  <testcase name="basicDetails" time="158.728" classname="com.NIA_July23.tc.TC001_NIABasicDetails"/>
  <testcase name="basicDetails" time="185.349" classname="com.NIA_July23.tc.TC001_NIABasicDetails"/>
  <testcase name="basicDetails" time="156.942" classname="com.NIA_July23.tc.TC001_NIABasicDetails"/>
  <testcase name="basicDetails" time="185.372" classname="com.NIA_July23.tc.TC001_NIABasicDetails"/>
  <testcase name="basicDetails" time="159.018" classname="com.NIA_July23.tc.TC001_NIABasicDetails"/>
  <testcase name="basicDetails" time="158.010" classname="com.NIA_July23.tc.TC001_NIABasicDetails"/>
  <testcase name="basicDetails" time="157.937" classname="com.NIA_July23.tc.TC001_NIABasicDetails"/>
  <testcase name="basicDetails" time="185.137" classname="com.NIA_July23.tc.TC001_NIABasicDetails"/>
  <testcase name="basicDetails" time="158.509" classname="com.NIA_July23.tc.TC001_NIABasicDetails"/>
  <testcase name="basicDetails" time="158.679" classname="com.NIA_July23.tc.TC001_NIABasicDetails"/>
  <testcase name="basicDetails" time="157.858" classname="com.NIA_July23.tc.TC001_NIABasicDetails"/>
  <testcase name="basicDetails" time="186.581" classname="com.NIA_July23.tc.TC001_NIABasicDetails"/>
  <testcase name="basicDetails" time="158.109" classname="com.NIA_July23.tc.TC001_NIABasicDetails"/>
  <testcase name="basicDetails" time="158.403" classname="com.NIA_July23.tc.TC001_NIABasicDetails"/>
  <testcase name="basicDetails" time="186.636" classname="com.NIA_July23.tc.TC001_NIABasicDetails"/>
  <testcase name="basicDetails" time="157.922" classname="com.NIA_July23.tc.TC001_NIABasicDetails"/>
  <testcase name="basicDetails" time="158.627" classname="com.NIA_July23.tc.TC001_NIABasicDetails"/>
  <testcase name="basicDetails" time="158.095" classname="com.NIA_July23.tc.TC001_NIABasicDetails"/>
  <testcase name="basicDetails" time="156.765" classname="com.NIA_July23.tc.TC001_NIABasicDetails"/>
  <testcase name="basicDetails" time="158.354" classname="com.NIA_July23.tc.TC001_NIABasicDetails"/>
  <testcase name="basicDetails" time="185.758" classname="com.NIA_July23.tc.TC001_NIABasicDetails"/>
  <testcase name="basicDetails" time="156.318" classname="com.NIA_July23.tc.TC001_NIABasicDetails"/>
  <testcase name="basicDetails" time="158.350" classname="com.NIA_July23.tc.TC001_NIABasicDetails"/>
  <testcase name="basicDetails" time="185.583" classname="com.NIA_July23.tc.TC001_NIABasicDetails"/>
  <testcase name="basicDetails" time="159.526" classname="com.NIA_July23.tc.TC001_NIABasicDetails"/>
  <testcase name="basicDetails" time="159.689" classname="com.NIA_July23.tc.TC001_NIABasicDetails"/>
  <testcase name="basicDetails" time="186.654" classname="com.NIA_July23.tc.TC001_NIABasicDetails"/>
  <testcase name="basicDetails" time="159.678" classname="com.NIA_July23.tc.TC001_NIABasicDetails"/>
  <testcase name="basicDetails" time="185.325" classname="com.NIA_July23.tc.TC001_NIABasicDetails"/>
  <testcase name="basicDetails" time="159.328" classname="com.NIA_July23.tc.TC001_NIABasicDetails"/>
  <testcase name="basicDetails" time="159.144" classname="com.NIA_July23.tc.TC001_NIABasicDetails"/>
  <testcase name="basicDetails" time="185.581" classname="com.NIA_July23.tc.TC001_NIABasicDetails"/>
  <testcase name="basicDetails" time="158.817" classname="com.NIA_July23.tc.TC001_NIABasicDetails"/>
  <testcase name="basicDetails" time="157.899" classname="com.NIA_July23.tc.TC001_NIABasicDetails"/>
  <testcase name="basicDetails" time="186.368" classname="com.NIA_July23.tc.TC001_NIABasicDetails"/>
  <testcase name="basicDetails" time="156.769" classname="com.NIA_July23.tc.TC001_NIABasicDetails"/>
  <testcase name="basicDetails" time="156.694" classname="com.NIA_July23.tc.TC001_NIABasicDetails"/>
  <testcase name="basicDetails" time="159.044" classname="com.NIA_July23.tc.TC001_NIABasicDetails"/>
  <testcase name="basicDetails" time="185.173" classname="com.NIA_July23.tc.TC001_NIABasicDetails"/>
  <testcase name="basicDetails" time="185.298" classname="com.NIA_July23.tc.TC001_NIABasicDetails"/>
  <testcase name="basicDetails" time="158.084" classname="com.NIA_July23.tc.TC001_NIABasicDetails"/>
  <testcase name="basicDetails" time="158.033" classname="com.NIA_July23.tc.TC001_NIABasicDetails"/>
</testsuite> <!-- com.NIA_July23.tc.TC001_NIABasicDetails -->
