<?xml version="1.0" encoding="UTF-8"?>
<!-- Generated by org.testng.reporters.JUnitReportReporter -->
<testsuite skipped="0" hostname="MAA014482B" name="com.MAHAGEN_16Nov22.tc.TC003_MAHAGENBasicDetails" tests="24" failures="0" timestamp="2022-11-16T17:59:48 IST" time="3793.335" errors="0">
  <testcase name="basicDetails" time="157.925" classname="com.MAHAGEN_16Nov22.tc.TC003_MAHAGENBasicDetails"/>
  <testcase name="basicDetails" time="157.795" classname="com.MAHAGEN_16Nov22.tc.TC003_MAHAGENBasicDetails"/>
  <testcase name="basicDetails" time="157.201" classname="com.MAHAGEN_16Nov22.tc.TC003_MAHAGENBasicDetails"/>
  <testcase name="basicDetails" time="158.349" classname="com.MAHAGEN_16Nov22.tc.TC003_MAHAGENBasicDetails"/>
  <testcase name="basicDetails" time="160.136" classname="com.MAHAGEN_16Nov22.tc.TC003_MAHAGENBasicDetails"/>
  <testcase name="basicDetails" time="157.997" classname="com.MAHAGEN_16Nov22.tc.TC003_MAHAGENBasicDetails"/>
  <testcase name="basicDetails" time="156.287" classname="com.MAHAGEN_16Nov22.tc.TC003_MAHAGENBasicDetails"/>
  <testcase name="basicDetails" time="157.074" classname="com.MAHAGEN_16Nov22.tc.TC003_MAHAGENBasicDetails"/>
  <testcase name="basicDetails" time="158.418" classname="com.MAHAGEN_16Nov22.tc.TC003_MAHAGENBasicDetails"/>
  <testcase name="basicDetails" time="157.157" classname="com.MAHAGEN_16Nov22.tc.TC003_MAHAGENBasicDetails"/>
  <testcase name="basicDetails" time="157.996" classname="com.MAHAGEN_16Nov22.tc.TC003_MAHAGENBasicDetails"/>
  <testcase name="basicDetails" time="157.933" classname="com.MAHAGEN_16Nov22.tc.TC003_MAHAGENBasicDetails"/>
  <testcase name="basicDetails" time="159.965" classname="com.MAHAGEN_16Nov22.tc.TC003_MAHAGENBasicDetails"/>
  <testcase name="basicDetails" time="158.066" classname="com.MAHAGEN_16Nov22.tc.TC003_MAHAGENBasicDetails"/>
  <testcase name="basicDetails" time="157.436" classname="com.MAHAGEN_16Nov22.tc.TC003_MAHAGENBasicDetails"/>
  <testcase name="basicDetails" time="156.546" classname="com.MAHAGEN_16Nov22.tc.TC003_MAHAGENBasicDetails"/>
  <testcase name="basicDetails" time="158.284" classname="com.MAHAGEN_16Nov22.tc.TC003_MAHAGENBasicDetails"/>
  <testcase name="basicDetails" time="156.489" classname="com.MAHAGEN_16Nov22.tc.TC003_MAHAGENBasicDetails"/>
  <testcase name="basicDetails" time="157.769" classname="com.MAHAGEN_16Nov22.tc.TC003_MAHAGENBasicDetails"/>
  <testcase name="basicDetails" time="158.032" classname="com.MAHAGEN_16Nov22.tc.TC003_MAHAGENBasicDetails"/>
  <testcase name="basicDetails" time="160.250" classname="com.MAHAGEN_16Nov22.tc.TC003_MAHAGENBasicDetails"/>
  <testcase name="basicDetails" time="159.326" classname="com.MAHAGEN_16Nov22.tc.TC003_MAHAGENBasicDetails"/>
  <testcase name="basicDetails" time="158.133" classname="com.MAHAGEN_16Nov22.tc.TC003_MAHAGENBasicDetails"/>
  <testcase name="basicDetails" time="158.771" classname="com.MAHAGEN_16Nov22.tc.TC003_MAHAGENBasicDetails"/>
</testsuite> <!-- com.MAHAGEN_16Nov22.tc.TC003_MAHAGENBasicDetails -->
