<?xml version="1.0" encoding="UTF-8"?>
<!-- Generated by org.testng.reporters.JUnitReportReporter -->
<testsuite skipped="0" hostname="MAA014482B" name="com.BOI24Feb22.tc.TC005_BOIBasicDetails" tests="57" failures="0" timestamp="2022-03-11T16:58:11 IST" time="6701.146" errors="0">
  <testcase name="basicDetails" time="117.765" classname="com.BOI24Feb22.tc.TC005_BOIBasicDetails"/>
  <testcase name="basicDetails" time="117.159" classname="com.BOI24Feb22.tc.TC005_BOIBasicDetails"/>
  <testcase name="basicDetails" time="116.808" classname="com.BOI24Feb22.tc.TC005_BOIBasicDetails"/>
  <testcase name="basicDetails" time="116.844" classname="com.BOI24Feb22.tc.TC005_BOIBasicDetails"/>
  <testcase name="basicDetails" time="116.811" classname="com.BOI24Feb22.tc.TC005_BOIBasicDetails"/>
  <testcase name="basicDetails" time="117.879" classname="com.BOI24Feb22.tc.TC005_BOIBasicDetails"/>
  <testcase name="basicDetails" time="116.489" classname="com.BOI24Feb22.tc.TC005_BOIBasicDetails"/>
  <testcase name="basicDetails" time="118.458" classname="com.BOI24Feb22.tc.TC005_BOIBasicDetails"/>
  <testcase name="basicDetails" time="117.040" classname="com.BOI24Feb22.tc.TC005_BOIBasicDetails"/>
  <testcase name="basicDetails" time="117.819" classname="com.BOI24Feb22.tc.TC005_BOIBasicDetails"/>
  <testcase name="basicDetails" time="116.907" classname="com.BOI24Feb22.tc.TC005_BOIBasicDetails"/>
  <testcase name="basicDetails" time="117.888" classname="com.BOI24Feb22.tc.TC005_BOIBasicDetails"/>
  <testcase name="basicDetails" time="118.351" classname="com.BOI24Feb22.tc.TC005_BOIBasicDetails"/>
  <testcase name="basicDetails" time="118.254" classname="com.BOI24Feb22.tc.TC005_BOIBasicDetails"/>
  <testcase name="basicDetails" time="118.687" classname="com.BOI24Feb22.tc.TC005_BOIBasicDetails"/>
  <testcase name="basicDetails" time="117.144" classname="com.BOI24Feb22.tc.TC005_BOIBasicDetails"/>
  <testcase name="basicDetails" time="116.546" classname="com.BOI24Feb22.tc.TC005_BOIBasicDetails"/>
  <testcase name="basicDetails" time="116.606" classname="com.BOI24Feb22.tc.TC005_BOIBasicDetails"/>
  <testcase name="basicDetails" time="118.474" classname="com.BOI24Feb22.tc.TC005_BOIBasicDetails"/>
  <testcase name="basicDetails" time="116.315" classname="com.BOI24Feb22.tc.TC005_BOIBasicDetails"/>
  <testcase name="basicDetails" time="117.908" classname="com.BOI24Feb22.tc.TC005_BOIBasicDetails"/>
  <testcase name="basicDetails" time="118.241" classname="com.BOI24Feb22.tc.TC005_BOIBasicDetails"/>
  <testcase name="basicDetails" time="116.965" classname="com.BOI24Feb22.tc.TC005_BOIBasicDetails"/>
  <testcase name="basicDetails" time="118.247" classname="com.BOI24Feb22.tc.TC005_BOIBasicDetails"/>
  <testcase name="basicDetails" time="116.648" classname="com.BOI24Feb22.tc.TC005_BOIBasicDetails"/>
  <testcase name="basicDetails" time="118.423" classname="com.BOI24Feb22.tc.TC005_BOIBasicDetails"/>
  <testcase name="basicDetails" time="118.582" classname="com.BOI24Feb22.tc.TC005_BOIBasicDetails"/>
  <testcase name="basicDetails" time="117.326" classname="com.BOI24Feb22.tc.TC005_BOIBasicDetails"/>
  <testcase name="basicDetails" time="116.691" classname="com.BOI24Feb22.tc.TC005_BOIBasicDetails"/>
  <testcase name="basicDetails" time="118.280" classname="com.BOI24Feb22.tc.TC005_BOIBasicDetails"/>
  <testcase name="basicDetails" time="118.327" classname="com.BOI24Feb22.tc.TC005_BOIBasicDetails"/>
  <testcase name="basicDetails" time="117.141" classname="com.BOI24Feb22.tc.TC005_BOIBasicDetails"/>
  <testcase name="basicDetails" time="116.296" classname="com.BOI24Feb22.tc.TC005_BOIBasicDetails"/>
  <testcase name="basicDetails" time="119.495" classname="com.BOI24Feb22.tc.TC005_BOIBasicDetails"/>
  <testcase name="basicDetails" time="117.559" classname="com.BOI24Feb22.tc.TC005_BOIBasicDetails"/>
  <testcase name="basicDetails" time="116.513" classname="com.BOI24Feb22.tc.TC005_BOIBasicDetails"/>
  <testcase name="basicDetails" time="116.876" classname="com.BOI24Feb22.tc.TC005_BOIBasicDetails"/>
  <testcase name="basicDetails" time="120.274" classname="com.BOI24Feb22.tc.TC005_BOIBasicDetails"/>
  <testcase name="basicDetails" time="117.291" classname="com.BOI24Feb22.tc.TC005_BOIBasicDetails"/>
  <testcase name="basicDetails" time="116.561" classname="com.BOI24Feb22.tc.TC005_BOIBasicDetails"/>
  <testcase name="basicDetails" time="117.765" classname="com.BOI24Feb22.tc.TC005_BOIBasicDetails"/>
  <testcase name="basicDetails" time="116.972" classname="com.BOI24Feb22.tc.TC005_BOIBasicDetails"/>
  <testcase name="basicDetails" time="117.633" classname="com.BOI24Feb22.tc.TC005_BOIBasicDetails"/>
  <testcase name="basicDetails" time="117.944" classname="com.BOI24Feb22.tc.TC005_BOIBasicDetails"/>
  <testcase name="basicDetails" time="118.230" classname="com.BOI24Feb22.tc.TC005_BOIBasicDetails"/>
  <testcase name="basicDetails" time="116.900" classname="com.BOI24Feb22.tc.TC005_BOIBasicDetails"/>
  <testcase name="basicDetails" time="116.988" classname="com.BOI24Feb22.tc.TC005_BOIBasicDetails"/>
  <testcase name="basicDetails" time="117.658" classname="com.BOI24Feb22.tc.TC005_BOIBasicDetails"/>
  <testcase name="basicDetails" time="117.767" classname="com.BOI24Feb22.tc.TC005_BOIBasicDetails"/>
  <testcase name="basicDetails" time="117.403" classname="com.BOI24Feb22.tc.TC005_BOIBasicDetails"/>
  <testcase name="basicDetails" time="118.068" classname="com.BOI24Feb22.tc.TC005_BOIBasicDetails"/>
  <testcase name="basicDetails" time="117.698" classname="com.BOI24Feb22.tc.TC005_BOIBasicDetails"/>
  <testcase name="basicDetails" time="117.296" classname="com.BOI24Feb22.tc.TC005_BOIBasicDetails"/>
  <testcase name="basicDetails" time="116.657" classname="com.BOI24Feb22.tc.TC005_BOIBasicDetails"/>
  <testcase name="basicDetails" time="118.119" classname="com.BOI24Feb22.tc.TC005_BOIBasicDetails"/>
  <testcase name="basicDetails" time="117.879" classname="com.BOI24Feb22.tc.TC005_BOIBasicDetails"/>
  <testcase name="basicDetails" time="118.281" classname="com.BOI24Feb22.tc.TC005_BOIBasicDetails"/>
</testsuite> <!-- com.BOI24Feb22.tc.TC005_BOIBasicDetails -->
