<?xml version="1.0" encoding="UTF-8"?>
<!-- Generated by org.testng.reporters.JUnitReportReporter -->
<testsuite skipped="0" hostname="MAA014482B" name="com.CRRB_27May22.tc.TC003_CRRBBasicDetails" tests="32" failures="0" timestamp="2022-05-30T12:02:39 IST" time="3835.765" errors="0">
  <testcase name="basicDetails" time="118.694" classname="com.CRRB_27May22.tc.TC003_CRRBBasicDetails"/>
  <testcase name="basicDetails" time="118.591" classname="com.CRRB_27May22.tc.TC003_CRRBBasicDetails"/>
  <testcase name="basicDetails" time="120.727" classname="com.CRRB_27May22.tc.TC003_CRRBBasicDetails"/>
  <testcase name="basicDetails" time="121.619" classname="com.CRRB_27May22.tc.TC003_CRRBBasicDetails"/>
  <testcase name="basicDetails" time="118.366" classname="com.CRRB_27May22.tc.TC003_CRRBBasicDetails"/>
  <testcase name="basicDetails" time="118.125" classname="com.CRRB_27May22.tc.TC003_CRRBBasicDetails"/>
  <testcase name="basicDetails" time="120.629" classname="com.CRRB_27May22.tc.TC003_CRRBBasicDetails"/>
  <testcase name="basicDetails" time="118.213" classname="com.CRRB_27May22.tc.TC003_CRRBBasicDetails"/>
  <testcase name="basicDetails" time="122.139" classname="com.CRRB_27May22.tc.TC003_CRRBBasicDetails"/>
  <testcase name="basicDetails" time="120.770" classname="com.CRRB_27May22.tc.TC003_CRRBBasicDetails"/>
  <testcase name="basicDetails" time="120.493" classname="com.CRRB_27May22.tc.TC003_CRRBBasicDetails"/>
  <testcase name="basicDetails" time="121.057" classname="com.CRRB_27May22.tc.TC003_CRRBBasicDetails"/>
  <testcase name="basicDetails" time="118.942" classname="com.CRRB_27May22.tc.TC003_CRRBBasicDetails"/>
  <testcase name="basicDetails" time="121.616" classname="com.CRRB_27May22.tc.TC003_CRRBBasicDetails"/>
  <testcase name="basicDetails" time="118.574" classname="com.CRRB_27May22.tc.TC003_CRRBBasicDetails"/>
  <testcase name="basicDetails" time="121.182" classname="com.CRRB_27May22.tc.TC003_CRRBBasicDetails"/>
  <testcase name="basicDetails" time="119.159" classname="com.CRRB_27May22.tc.TC003_CRRBBasicDetails"/>
  <testcase name="basicDetails" time="118.387" classname="com.CRRB_27May22.tc.TC003_CRRBBasicDetails"/>
  <testcase name="basicDetails" time="120.581" classname="com.CRRB_27May22.tc.TC003_CRRBBasicDetails"/>
  <testcase name="basicDetails" time="118.970" classname="com.CRRB_27May22.tc.TC003_CRRBBasicDetails"/>
  <testcase name="basicDetails" time="120.684" classname="com.CRRB_27May22.tc.TC003_CRRBBasicDetails"/>
  <testcase name="basicDetails" time="121.171" classname="com.CRRB_27May22.tc.TC003_CRRBBasicDetails"/>
  <testcase name="basicDetails" time="118.351" classname="com.CRRB_27May22.tc.TC003_CRRBBasicDetails"/>
  <testcase name="basicDetails" time="121.183" classname="com.CRRB_27May22.tc.TC003_CRRBBasicDetails"/>
  <testcase name="basicDetails" time="118.180" classname="com.CRRB_27May22.tc.TC003_CRRBBasicDetails"/>
  <testcase name="basicDetails" time="118.170" classname="com.CRRB_27May22.tc.TC003_CRRBBasicDetails"/>
  <testcase name="basicDetails" time="121.025" classname="com.CRRB_27May22.tc.TC003_CRRBBasicDetails"/>
  <testcase name="basicDetails" time="121.057" classname="com.CRRB_27May22.tc.TC003_CRRBBasicDetails"/>
  <testcase name="basicDetails" time="120.590" classname="com.CRRB_27May22.tc.TC003_CRRBBasicDetails"/>
  <testcase name="basicDetails" time="118.886" classname="com.CRRB_27May22.tc.TC003_CRRBBasicDetails"/>
  <testcase name="basicDetails" time="118.664" classname="com.CRRB_27May22.tc.TC003_CRRBBasicDetails"/>
  <testcase name="basicDetails" time="120.970" classname="com.CRRB_27May22.tc.TC003_CRRBBasicDetails"/>
</testsuite> <!-- com.CRRB_27May22.tc.TC003_CRRBBasicDetails -->
