<?xml version="1.0" encoding="UTF-8"?>
<!-- Generated by org.testng.reporters.JUnitReportReporter -->
<testsuite hostname="MAA011253A" failures="0" tests="12" name="com.NPS.tc.TC002_NPSBasicDetails" time="1406.005" errors="0" timestamp="2020-12-23T18:05:03 IST" skipped="0">
  <testcase classname="com.NPS.tc.TC002_NPSBasicDetails" name="basicDetails" time="117.022"/>
  <testcase classname="com.NPS.tc.TC002_NPSBasicDetails" name="basicDetails" time="116.505"/>
  <testcase classname="com.NPS.tc.TC002_NPSBasicDetails" name="basicDetails" time="116.373"/>
  <testcase classname="com.NPS.tc.TC002_NPSBasicDetails" name="basicDetails" time="117.147"/>
  <testcase classname="com.NPS.tc.TC002_NPSBasicDetails" name="basicDetails" time="117.464"/>
  <testcase classname="com.NPS.tc.TC002_NPSBasicDetails" name="basicDetails" time="117.220"/>
  <testcase classname="com.NPS.tc.TC002_NPSBasicDetails" name="basicDetails" time="117.219"/>
  <testcase classname="com.NPS.tc.TC002_NPSBasicDetails" name="basicDetails" time="117.613"/>
  <testcase classname="com.NPS.tc.TC002_NPSBasicDetails" name="basicDetails" time="117.201"/>
  <testcase classname="com.NPS.tc.TC002_NPSBasicDetails" name="basicDetails" time="117.453"/>
  <testcase classname="com.NPS.tc.TC002_NPSBasicDetails" name="basicDetails" time="117.006"/>
  <testcase classname="com.NPS.tc.TC002_NPSBasicDetails" name="basicDetails" time="117.782"/>
</testsuite> <!-- com.NPS.tc.TC002_NPSBasicDetails -->
