<?xml version="1.0" encoding="UTF-8"?>
<!-- Generated by org.testng.reporters.JUnitReportReporter -->
<testsuite skipped="0" hostname="MAA014482B" name="com.FCSCPD_June23.tc.TC004_FCSBasicDetails" tests="42" failures="0" timestamp="2023-07-07T11:00:58 IST" time="6719.982" errors="0">
  <testcase name="basicDetails" time="159.326" classname="com.FCSCPD_June23.tc.TC004_FCSBasicDetails"/>
  <testcase name="basicDetails" time="159.698" classname="com.FCSCPD_June23.tc.TC004_FCSBasicDetails"/>
  <testcase name="basicDetails" time="159.855" classname="com.FCSCPD_June23.tc.TC004_FCSBasicDetails"/>
  <testcase name="basicDetails" time="159.803" classname="com.FCSCPD_June23.tc.TC004_FCSBasicDetails"/>
  <testcase name="basicDetails" time="159.846" classname="com.FCSCPD_June23.tc.TC004_FCSBasicDetails"/>
  <testcase name="basicDetails" time="159.200" classname="com.FCSCPD_June23.tc.TC004_FCSBasicDetails"/>
  <testcase name="basicDetails" time="163.034" classname="com.FCSCPD_June23.tc.TC004_FCSBasicDetails"/>
  <testcase name="basicDetails" time="161.812" classname="com.FCSCPD_June23.tc.TC004_FCSBasicDetails"/>
  <testcase name="basicDetails" time="159.097" classname="com.FCSCPD_June23.tc.TC004_FCSBasicDetails"/>
  <testcase name="basicDetails" time="159.360" classname="com.FCSCPD_June23.tc.TC004_FCSBasicDetails"/>
  <testcase name="basicDetails" time="159.328" classname="com.FCSCPD_June23.tc.TC004_FCSBasicDetails"/>
  <testcase name="basicDetails" time="159.745" classname="com.FCSCPD_June23.tc.TC004_FCSBasicDetails"/>
  <testcase name="basicDetails" time="159.447" classname="com.FCSCPD_June23.tc.TC004_FCSBasicDetails"/>
  <testcase name="basicDetails" time="159.530" classname="com.FCSCPD_June23.tc.TC004_FCSBasicDetails"/>
  <testcase name="basicDetails" time="159.610" classname="com.FCSCPD_June23.tc.TC004_FCSBasicDetails"/>
  <testcase name="basicDetails" time="159.626" classname="com.FCSCPD_June23.tc.TC004_FCSBasicDetails"/>
  <testcase name="basicDetails" time="159.512" classname="com.FCSCPD_June23.tc.TC004_FCSBasicDetails"/>
  <testcase name="basicDetails" time="159.393" classname="com.FCSCPD_June23.tc.TC004_FCSBasicDetails"/>
  <testcase name="basicDetails" time="159.169" classname="com.FCSCPD_June23.tc.TC004_FCSBasicDetails"/>
  <testcase name="basicDetails" time="159.818" classname="com.FCSCPD_June23.tc.TC004_FCSBasicDetails"/>
  <testcase name="basicDetails" time="163.234" classname="com.FCSCPD_June23.tc.TC004_FCSBasicDetails"/>
  <testcase name="basicDetails" time="163.320" classname="com.FCSCPD_June23.tc.TC004_FCSBasicDetails"/>
  <testcase name="basicDetails" time="159.763" classname="com.FCSCPD_June23.tc.TC004_FCSBasicDetails"/>
  <testcase name="basicDetails" time="159.494" classname="com.FCSCPD_June23.tc.TC004_FCSBasicDetails"/>
  <testcase name="basicDetails" time="159.194" classname="com.FCSCPD_June23.tc.TC004_FCSBasicDetails"/>
  <testcase name="basicDetails" time="159.411" classname="com.FCSCPD_June23.tc.TC004_FCSBasicDetails"/>
  <testcase name="basicDetails" time="159.376" classname="com.FCSCPD_June23.tc.TC004_FCSBasicDetails"/>
  <testcase name="basicDetails" time="159.602" classname="com.FCSCPD_June23.tc.TC004_FCSBasicDetails"/>
  <testcase name="basicDetails" time="159.354" classname="com.FCSCPD_June23.tc.TC004_FCSBasicDetails"/>
  <testcase name="basicDetails" time="159.509" classname="com.FCSCPD_June23.tc.TC004_FCSBasicDetails"/>
  <testcase name="basicDetails" time="159.419" classname="com.FCSCPD_June23.tc.TC004_FCSBasicDetails"/>
  <testcase name="basicDetails" time="162.964" classname="com.FCSCPD_June23.tc.TC004_FCSBasicDetails"/>
  <testcase name="basicDetails" time="159.318" classname="com.FCSCPD_June23.tc.TC004_FCSBasicDetails"/>
  <testcase name="basicDetails" time="159.901" classname="com.FCSCPD_June23.tc.TC004_FCSBasicDetails"/>
  <testcase name="basicDetails" time="159.458" classname="com.FCSCPD_June23.tc.TC004_FCSBasicDetails"/>
  <testcase name="basicDetails" time="159.450" classname="com.FCSCPD_June23.tc.TC004_FCSBasicDetails"/>
  <testcase name="basicDetails" time="159.776" classname="com.FCSCPD_June23.tc.TC004_FCSBasicDetails"/>
  <testcase name="basicDetails" time="159.536" classname="com.FCSCPD_June23.tc.TC004_FCSBasicDetails"/>
  <testcase name="basicDetails" time="159.707" classname="com.FCSCPD_June23.tc.TC004_FCSBasicDetails"/>
  <testcase name="basicDetails" time="159.438" classname="com.FCSCPD_June23.tc.TC004_FCSBasicDetails"/>
  <testcase name="basicDetails" time="159.652" classname="com.FCSCPD_June23.tc.TC004_FCSBasicDetails"/>
  <testcase name="basicDetails" time="162.897" classname="com.FCSCPD_June23.tc.TC004_FCSBasicDetails"/>
</testsuite> <!-- com.FCSCPD_June23.tc.TC004_FCSBasicDetails -->
