<?xml version="1.0" encoding="UTF-8"?>
<!-- Generated by org.testng.reporters.JUnitReportReporter -->
<testsuite hostname="MAA011253A" failures="0" tests="71" name="com.sbi.tc.TC005_SBIBasicDetails" time="8377.012" errors="1" timestamp="2020-10-20T00:20:58 IST" skipped="0">
  <testcase classname="com.sbi.tc.TC005_SBIBasicDetails" name="basicDetails" time="119.912"/>
  <testcase classname="com.sbi.tc.TC005_SBIBasicDetails" name="basicDetails" time="119.340"/>
  <testcase classname="com.sbi.tc.TC005_SBIBasicDetails" name="basicDetails" time="119.362"/>
  <testcase classname="com.sbi.tc.TC005_SBIBasicDetails" name="basicDetails" time="119.410"/>
  <testcase classname="com.sbi.tc.TC005_SBIBasicDetails" name="basicDetails" time="119.711"/>
  <testcase classname="com.sbi.tc.TC005_SBIBasicDetails" name="basicDetails" time="119.239"/>
  <testcase classname="com.sbi.tc.TC005_SBIBasicDetails" name="basicDetails" time="119.185"/>
  <testcase classname="com.sbi.tc.TC005_SBIBasicDetails" name="basicDetails" time="120.155"/>
  <testcase classname="com.sbi.tc.TC005_SBIBasicDetails" name="basicDetails" time="119.707"/>
  <testcase classname="com.sbi.tc.TC005_SBIBasicDetails" name="basicDetails" time="119.387"/>
  <testcase classname="com.sbi.tc.TC005_SBIBasicDetails" name="basicDetails" time="119.464"/>
  <testcase classname="com.sbi.tc.TC005_SBIBasicDetails" name="basicDetails" time="119.924"/>
  <testcase classname="com.sbi.tc.TC005_SBIBasicDetails" name="basicDetails" time="119.665"/>
  <testcase classname="com.sbi.tc.TC005_SBIBasicDetails" name="basicDetails" time="131.550"/>
  <testcase classname="com.sbi.tc.TC005_SBIBasicDetails" name="basicDetails" time="119.490"/>
  <testcase classname="com.sbi.tc.TC005_SBIBasicDetails" name="basicDetails" time="119.254"/>
  <testcase classname="com.sbi.tc.TC005_SBIBasicDetails" name="basicDetails" time="119.630"/>
  <testcase classname="com.sbi.tc.TC005_SBIBasicDetails" name="basicDetails" time="119.030"/>
  <testcase classname="com.sbi.tc.TC005_SBIBasicDetails" name="basicDetails" time="119.517"/>
  <testcase classname="com.sbi.tc.TC005_SBIBasicDetails" name="basicDetails" time="119.160"/>
  <testcase classname="com.sbi.tc.TC005_SBIBasicDetails" name="basicDetails" time="119.697"/>
  <testcase classname="com.sbi.tc.TC005_SBIBasicDetails" name="basicDetails" time="119.235"/>
  <testcase classname="com.sbi.tc.TC005_SBIBasicDetails" name="basicDetails" time="119.331"/>
  <testcase classname="com.sbi.tc.TC005_SBIBasicDetails" name="basicDetails" time="119.214"/>
  <testcase classname="com.sbi.tc.TC005_SBIBasicDetails" name="basicDetails" time="119.451"/>
  <testcase classname="com.sbi.tc.TC005_SBIBasicDetails" name="basicDetails" time="119.006"/>
  <testcase classname="com.sbi.tc.TC005_SBIBasicDetails" name="afterClass" time="0.984">
    <error type="java.lang.NullPointerException">
      <![CDATA[java.lang.NullPointerException
at lib.utils.HTMLReporter.reportStep(HTMLReporter.java:73)
at lib.selenium.WebDriverServiceImpl.closeAllBrowsers(WebDriverServiceImpl.java:495)
at lib.selenium.PreAndPost.afterClass(PreAndPost.java:72)
at java.base/jdk.internal.reflect.NativeMethodAccessorImpl.invoke0(Native Method)
at java.base/jdk.internal.reflect.NativeMethodAccessorImpl.invoke(Unknown Source)
at java.base/jdk.internal.reflect.DelegatingMethodAccessorImpl.invoke(Unknown Source)
at java.base/java.lang.reflect.Method.invoke(Unknown Source)
at org.testng.internal.MethodInvocationHelper.invokeMethod(MethodInvocationHelper.java:133)
at org.testng.internal.MethodInvocationHelper.invokeMethodConsideringTimeout(MethodInvocationHelper.java:62)
at org.testng.internal.ConfigInvoker.invokeConfigurationMethod(ConfigInvoker.java:340)
at org.testng.internal.ConfigInvoker.invokeConfigurations(ConfigInvoker.java:294)
at org.testng.internal.TestMethodWorker.invokeAfterClassMethods(TestMethodWorker.java:217)
at org.testng.internal.TestMethodWorker.run(TestMethodWorker.java:130)
at java.base/java.util.concurrent.ThreadPoolExecutor.runWorker(Unknown Source)
at java.base/java.util.concurrent.ThreadPoolExecutor$Worker.run(Unknown Source)
at java.base/java.lang.Thread.run(Unknown Source)
]]>
    </error>
  </testcase> <!-- afterClass -->
  <testcase classname="com.sbi.tc.TC005_SBIBasicDetails" name="basicDetails" time="119.196"/>
  <testcase classname="com.sbi.tc.TC005_SBIBasicDetails" name="basicDetails" time="118.649"/>
  <testcase classname="com.sbi.tc.TC005_SBIBasicDetails" name="basicDetails" time="119.692"/>
  <testcase classname="com.sbi.tc.TC005_SBIBasicDetails" name="basicDetails" time="119.396"/>
  <testcase classname="com.sbi.tc.TC005_SBIBasicDetails" name="basicDetails" time="119.261"/>
  <testcase classname="com.sbi.tc.TC005_SBIBasicDetails" name="basicDetails" time="119.307"/>
  <testcase classname="com.sbi.tc.TC005_SBIBasicDetails" name="basicDetails" time="119.728"/>
  <testcase classname="com.sbi.tc.TC005_SBIBasicDetails" name="basicDetails" time="120.827"/>
  <testcase classname="com.sbi.tc.TC005_SBIBasicDetails" name="basicDetails" time="119.779"/>
  <testcase classname="com.sbi.tc.TC005_SBIBasicDetails" name="basicDetails" time="119.615"/>
  <testcase classname="com.sbi.tc.TC005_SBIBasicDetails" name="basicDetails" time="119.057"/>
  <testcase classname="com.sbi.tc.TC005_SBIBasicDetails" name="basicDetails" time="119.164"/>
  <testcase classname="com.sbi.tc.TC005_SBIBasicDetails" name="basicDetails" time="119.106"/>
  <testcase classname="com.sbi.tc.TC005_SBIBasicDetails" name="basicDetails" time="119.786"/>
  <testcase classname="com.sbi.tc.TC005_SBIBasicDetails" name="basicDetails" time="119.639"/>
  <testcase classname="com.sbi.tc.TC005_SBIBasicDetails" name="basicDetails" time="120.243"/>
  <testcase classname="com.sbi.tc.TC005_SBIBasicDetails" name="basicDetails" time="118.966"/>
  <testcase classname="com.sbi.tc.TC005_SBIBasicDetails" name="basicDetails" time="119.090"/>
  <testcase classname="com.sbi.tc.TC005_SBIBasicDetails" name="basicDetails" time="119.026"/>
  <testcase classname="com.sbi.tc.TC005_SBIBasicDetails" name="basicDetails" time="119.071"/>
  <testcase classname="com.sbi.tc.TC005_SBIBasicDetails" name="basicDetails" time="119.404"/>
  <testcase classname="com.sbi.tc.TC005_SBIBasicDetails" name="basicDetails" time="119.028"/>
  <testcase classname="com.sbi.tc.TC005_SBIBasicDetails" name="basicDetails" time="119.604"/>
  <testcase classname="com.sbi.tc.TC005_SBIBasicDetails" name="basicDetails" time="120.202"/>
  <testcase classname="com.sbi.tc.TC005_SBIBasicDetails" name="basicDetails" time="119.267"/>
  <testcase classname="com.sbi.tc.TC005_SBIBasicDetails" name="basicDetails" time="119.468"/>
  <testcase classname="com.sbi.tc.TC005_SBIBasicDetails" name="basicDetails" time="119.778"/>
  <testcase classname="com.sbi.tc.TC005_SBIBasicDetails" name="basicDetails" time="119.854"/>
  <testcase classname="com.sbi.tc.TC005_SBIBasicDetails" name="basicDetails" time="119.426"/>
  <testcase classname="com.sbi.tc.TC005_SBIBasicDetails" name="basicDetails" time="119.784"/>
  <testcase classname="com.sbi.tc.TC005_SBIBasicDetails" name="basicDetails" time="119.294"/>
  <testcase classname="com.sbi.tc.TC005_SBIBasicDetails" name="basicDetails" time="119.600"/>
  <testcase classname="com.sbi.tc.TC005_SBIBasicDetails" name="basicDetails" time="119.361"/>
  <testcase classname="com.sbi.tc.TC005_SBIBasicDetails" name="basicDetails" time="119.724"/>
  <testcase classname="com.sbi.tc.TC005_SBIBasicDetails" name="basicDetails" time="119.188"/>
  <testcase classname="com.sbi.tc.TC005_SBIBasicDetails" name="basicDetails" time="119.930"/>
  <testcase classname="com.sbi.tc.TC005_SBIBasicDetails" name="basicDetails" time="119.814"/>
  <testcase classname="com.sbi.tc.TC005_SBIBasicDetails" name="basicDetails" time="120.217"/>
  <testcase classname="com.sbi.tc.TC005_SBIBasicDetails" name="basicDetails" time="119.259"/>
  <testcase classname="com.sbi.tc.TC005_SBIBasicDetails" name="basicDetails" time="119.223"/>
  <testcase classname="com.sbi.tc.TC005_SBIBasicDetails" name="basicDetails" time="119.672"/>
  <testcase classname="com.sbi.tc.TC005_SBIBasicDetails" name="basicDetails" time="119.741"/>
  <testcase classname="com.sbi.tc.TC005_SBIBasicDetails" name="basicDetails" time="119.399"/>
  <testcase classname="com.sbi.tc.TC005_SBIBasicDetails" name="basicDetails" time="119.167"/>
</testsuite> <!-- com.sbi.tc.TC005_SBIBasicDetails -->
