<?xml version="1.0" encoding="UTF-8"?>
<!-- Generated by org.testng.reporters.JUnitReportReporter -->
<testsuite skipped="0" hostname="MAA014482B" name="com.meghalaya.tc.TC001_MeghalayaBasicDetails" tests="28" failures="0" timestamp="14 Nov 2019 05:43:52 GMT" time="2144.571" errors="0">
  <testcase name="basicDetails" time="77.328" classname="com.meghalaya.tc.TC001_MeghalayaBasicDetails"/>
  <testcase name="basicDetails" time="76.409" classname="com.meghalaya.tc.TC001_MeghalayaBasicDetails"/>
  <testcase name="basicDetails" time="75.718" classname="com.meghalaya.tc.TC001_MeghalayaBasicDetails"/>
  <testcase name="basicDetails" time="77.436" classname="com.meghalaya.tc.TC001_MeghalayaBasicDetails"/>
  <testcase name="basicDetails" time="74.887" classname="com.meghalaya.tc.TC001_MeghalayaBasicDetails"/>
  <testcase name="basicDetails" time="75.120" classname="com.meghalaya.tc.TC001_MeghalayaBasicDetails"/>
  <testcase name="basicDetails" time="76.145" classname="com.meghalaya.tc.TC001_MeghalayaBasicDetails"/>
  <testcase name="basicDetails" time="78.997" classname="com.meghalaya.tc.TC001_MeghalayaBasicDetails"/>
  <testcase name="basicDetails" time="76.586" classname="com.meghalaya.tc.TC001_MeghalayaBasicDetails"/>
  <testcase name="basicDetails" time="75.797" classname="com.meghalaya.tc.TC001_MeghalayaBasicDetails"/>
  <testcase name="basicDetails" time="75.308" classname="com.meghalaya.tc.TC001_MeghalayaBasicDetails"/>
  <testcase name="basicDetails" time="76.504" classname="com.meghalaya.tc.TC001_MeghalayaBasicDetails"/>
  <testcase name="basicDetails" time="75.601" classname="com.meghalaya.tc.TC001_MeghalayaBasicDetails"/>
  <testcase name="basicDetails" time="74.965" classname="com.meghalaya.tc.TC001_MeghalayaBasicDetails"/>
  <testcase name="basicDetails" time="75.366" classname="com.meghalaya.tc.TC001_MeghalayaBasicDetails"/>
  <testcase name="basicDetails" time="75.974" classname="com.meghalaya.tc.TC001_MeghalayaBasicDetails"/>
  <testcase name="basicDetails" time="76.369" classname="com.meghalaya.tc.TC001_MeghalayaBasicDetails"/>
  <testcase name="basicDetails" time="77.701" classname="com.meghalaya.tc.TC001_MeghalayaBasicDetails"/>
  <testcase name="basicDetails" time="76.996" classname="com.meghalaya.tc.TC001_MeghalayaBasicDetails"/>
  <testcase name="basicDetails" time="76.584" classname="com.meghalaya.tc.TC001_MeghalayaBasicDetails"/>
  <testcase name="basicDetails" time="75.830" classname="com.meghalaya.tc.TC001_MeghalayaBasicDetails"/>
  <testcase name="basicDetails" time="76.541" classname="com.meghalaya.tc.TC001_MeghalayaBasicDetails"/>
  <testcase name="basicDetails" time="76.325" classname="com.meghalaya.tc.TC001_MeghalayaBasicDetails"/>
  <testcase name="basicDetails" time="76.915" classname="com.meghalaya.tc.TC001_MeghalayaBasicDetails"/>
  <testcase name="basicDetails" time="82.408" classname="com.meghalaya.tc.TC001_MeghalayaBasicDetails"/>
  <testcase name="basicDetails" time="77.212" classname="com.meghalaya.tc.TC001_MeghalayaBasicDetails"/>
  <testcase name="basicDetails" time="76.936" classname="com.meghalaya.tc.TC001_MeghalayaBasicDetails"/>
  <testcase name="basicDetails" time="76.613" classname="com.meghalaya.tc.TC001_MeghalayaBasicDetails"/>
</testsuite> <!-- com.meghalaya.tc.TC001_MeghalayaBasicDetails -->
