<?xml version="1.0" encoding="UTF-8"?>
<!-- Generated by org.testng.reporters.JUnitReportReporter -->
<testsuite skipped="0" hostname="MAA014482B" name="com.IGM_Kolkata.tc.TC004_IGMBasicDetails" tests="130" failures="0" timestamp="2022-10-18T04:20:23 IST" time="21181.320" errors="0">
  <testcase name="basicDetails" time="162.080" classname="com.IGM_Kolkata.tc.TC004_IGMBasicDetails"/>
  <testcase name="basicDetails" time="163.292" classname="com.IGM_Kolkata.tc.TC004_IGMBasicDetails"/>
  <testcase name="basicDetails" time="162.549" classname="com.IGM_Kolkata.tc.TC004_IGMBasicDetails"/>
  <testcase name="basicDetails" time="161.980" classname="com.IGM_Kolkata.tc.TC004_IGMBasicDetails"/>
  <testcase name="basicDetails" time="161.865" classname="com.IGM_Kolkata.tc.TC004_IGMBasicDetails"/>
  <testcase name="basicDetails" time="161.750" classname="com.IGM_Kolkata.tc.TC004_IGMBasicDetails"/>
  <testcase name="basicDetails" time="162.191" classname="com.IGM_Kolkata.tc.TC004_IGMBasicDetails"/>
  <testcase name="basicDetails" time="161.941" classname="com.IGM_Kolkata.tc.TC004_IGMBasicDetails"/>
  <testcase name="basicDetails" time="163.312" classname="com.IGM_Kolkata.tc.TC004_IGMBasicDetails"/>
  <testcase name="basicDetails" time="163.388" classname="com.IGM_Kolkata.tc.TC004_IGMBasicDetails"/>
  <testcase name="basicDetails" time="163.421" classname="com.IGM_Kolkata.tc.TC004_IGMBasicDetails"/>
  <testcase name="basicDetails" time="163.114" classname="com.IGM_Kolkata.tc.TC004_IGMBasicDetails"/>
  <testcase name="basicDetails" time="174.067" classname="com.IGM_Kolkata.tc.TC004_IGMBasicDetails"/>
  <testcase name="basicDetails" time="163.582" classname="com.IGM_Kolkata.tc.TC004_IGMBasicDetails"/>
  <testcase name="basicDetails" time="163.082" classname="com.IGM_Kolkata.tc.TC004_IGMBasicDetails"/>
  <testcase name="basicDetails" time="162.411" classname="com.IGM_Kolkata.tc.TC004_IGMBasicDetails"/>
  <testcase name="basicDetails" time="162.236" classname="com.IGM_Kolkata.tc.TC004_IGMBasicDetails"/>
  <testcase name="basicDetails" time="161.873" classname="com.IGM_Kolkata.tc.TC004_IGMBasicDetails"/>
  <testcase name="basicDetails" time="164.278" classname="com.IGM_Kolkata.tc.TC004_IGMBasicDetails"/>
  <testcase name="basicDetails" time="161.950" classname="com.IGM_Kolkata.tc.TC004_IGMBasicDetails"/>
  <testcase name="basicDetails" time="163.247" classname="com.IGM_Kolkata.tc.TC004_IGMBasicDetails"/>
  <testcase name="basicDetails" time="162.046" classname="com.IGM_Kolkata.tc.TC004_IGMBasicDetails"/>
  <testcase name="basicDetails" time="163.359" classname="com.IGM_Kolkata.tc.TC004_IGMBasicDetails"/>
  <testcase name="basicDetails" time="163.386" classname="com.IGM_Kolkata.tc.TC004_IGMBasicDetails"/>
  <testcase name="basicDetails" time="163.479" classname="com.IGM_Kolkata.tc.TC004_IGMBasicDetails"/>
  <testcase name="basicDetails" time="164.737" classname="com.IGM_Kolkata.tc.TC004_IGMBasicDetails"/>
  <testcase name="basicDetails" time="162.025" classname="com.IGM_Kolkata.tc.TC004_IGMBasicDetails"/>
  <testcase name="basicDetails" time="162.311" classname="com.IGM_Kolkata.tc.TC004_IGMBasicDetails"/>
  <testcase name="basicDetails" time="162.175" classname="com.IGM_Kolkata.tc.TC004_IGMBasicDetails"/>
  <testcase name="basicDetails" time="161.849" classname="com.IGM_Kolkata.tc.TC004_IGMBasicDetails"/>
  <testcase name="basicDetails" time="163.053" classname="com.IGM_Kolkata.tc.TC004_IGMBasicDetails"/>
  <testcase name="basicDetails" time="162.895" classname="com.IGM_Kolkata.tc.TC004_IGMBasicDetails"/>
  <testcase name="basicDetails" time="162.695" classname="com.IGM_Kolkata.tc.TC004_IGMBasicDetails"/>
  <testcase name="basicDetails" time="162.254" classname="com.IGM_Kolkata.tc.TC004_IGMBasicDetails"/>
  <testcase name="basicDetails" time="162.301" classname="com.IGM_Kolkata.tc.TC004_IGMBasicDetails"/>
  <testcase name="basicDetails" time="164.370" classname="com.IGM_Kolkata.tc.TC004_IGMBasicDetails"/>
  <testcase name="basicDetails" time="162.051" classname="com.IGM_Kolkata.tc.TC004_IGMBasicDetails"/>
  <testcase name="basicDetails" time="162.074" classname="com.IGM_Kolkata.tc.TC004_IGMBasicDetails"/>
  <testcase name="basicDetails" time="163.598" classname="com.IGM_Kolkata.tc.TC004_IGMBasicDetails"/>
  <testcase name="basicDetails" time="168.213" classname="com.IGM_Kolkata.tc.TC004_IGMBasicDetails"/>
  <testcase name="basicDetails" time="162.298" classname="com.IGM_Kolkata.tc.TC004_IGMBasicDetails"/>
  <testcase name="basicDetails" time="162.340" classname="com.IGM_Kolkata.tc.TC004_IGMBasicDetails"/>
  <testcase name="basicDetails" time="162.227" classname="com.IGM_Kolkata.tc.TC004_IGMBasicDetails"/>
  <testcase name="basicDetails" time="162.376" classname="com.IGM_Kolkata.tc.TC004_IGMBasicDetails"/>
  <testcase name="basicDetails" time="163.421" classname="com.IGM_Kolkata.tc.TC004_IGMBasicDetails"/>
  <testcase name="basicDetails" time="163.546" classname="com.IGM_Kolkata.tc.TC004_IGMBasicDetails"/>
  <testcase name="basicDetails" time="162.014" classname="com.IGM_Kolkata.tc.TC004_IGMBasicDetails"/>
  <testcase name="basicDetails" time="163.221" classname="com.IGM_Kolkata.tc.TC004_IGMBasicDetails"/>
  <testcase name="basicDetails" time="162.200" classname="com.IGM_Kolkata.tc.TC004_IGMBasicDetails"/>
  <testcase name="basicDetails" time="161.926" classname="com.IGM_Kolkata.tc.TC004_IGMBasicDetails"/>
  <testcase name="basicDetails" time="162.134" classname="com.IGM_Kolkata.tc.TC004_IGMBasicDetails"/>
  <testcase name="basicDetails" time="162.962" classname="com.IGM_Kolkata.tc.TC004_IGMBasicDetails"/>
  <testcase name="basicDetails" time="162.207" classname="com.IGM_Kolkata.tc.TC004_IGMBasicDetails"/>
  <testcase name="basicDetails" time="164.171" classname="com.IGM_Kolkata.tc.TC004_IGMBasicDetails"/>
  <testcase name="basicDetails" time="162.411" classname="com.IGM_Kolkata.tc.TC004_IGMBasicDetails"/>
  <testcase name="basicDetails" time="163.221" classname="com.IGM_Kolkata.tc.TC004_IGMBasicDetails"/>
  <testcase name="basicDetails" time="162.266" classname="com.IGM_Kolkata.tc.TC004_IGMBasicDetails"/>
  <testcase name="basicDetails" time="163.129" classname="com.IGM_Kolkata.tc.TC004_IGMBasicDetails"/>
  <testcase name="basicDetails" time="163.111" classname="com.IGM_Kolkata.tc.TC004_IGMBasicDetails"/>
  <testcase name="basicDetails" time="163.255" classname="com.IGM_Kolkata.tc.TC004_IGMBasicDetails"/>
  <testcase name="basicDetails" time="162.264" classname="com.IGM_Kolkata.tc.TC004_IGMBasicDetails"/>
  <testcase name="basicDetails" time="162.112" classname="com.IGM_Kolkata.tc.TC004_IGMBasicDetails"/>
  <testcase name="basicDetails" time="162.206" classname="com.IGM_Kolkata.tc.TC004_IGMBasicDetails"/>
  <testcase name="basicDetails" time="162.360" classname="com.IGM_Kolkata.tc.TC004_IGMBasicDetails"/>
  <testcase name="basicDetails" time="164.436" classname="com.IGM_Kolkata.tc.TC004_IGMBasicDetails"/>
  <testcase name="basicDetails" time="162.174" classname="com.IGM_Kolkata.tc.TC004_IGMBasicDetails"/>
  <testcase name="basicDetails" time="163.272" classname="com.IGM_Kolkata.tc.TC004_IGMBasicDetails"/>
  <testcase name="basicDetails" time="163.268" classname="com.IGM_Kolkata.tc.TC004_IGMBasicDetails"/>
  <testcase name="basicDetails" time="162.041" classname="com.IGM_Kolkata.tc.TC004_IGMBasicDetails"/>
  <testcase name="basicDetails" time="162.175" classname="com.IGM_Kolkata.tc.TC004_IGMBasicDetails"/>
  <testcase name="basicDetails" time="162.429" classname="com.IGM_Kolkata.tc.TC004_IGMBasicDetails"/>
  <testcase name="basicDetails" time="163.472" classname="com.IGM_Kolkata.tc.TC004_IGMBasicDetails"/>
  <testcase name="basicDetails" time="161.689" classname="com.IGM_Kolkata.tc.TC004_IGMBasicDetails"/>
  <testcase name="basicDetails" time="161.991" classname="com.IGM_Kolkata.tc.TC004_IGMBasicDetails"/>
  <testcase name="basicDetails" time="162.212" classname="com.IGM_Kolkata.tc.TC004_IGMBasicDetails"/>
  <testcase name="basicDetails" time="162.772" classname="com.IGM_Kolkata.tc.TC004_IGMBasicDetails"/>
  <testcase name="basicDetails" time="164.530" classname="com.IGM_Kolkata.tc.TC004_IGMBasicDetails"/>
  <testcase name="basicDetails" time="163.260" classname="com.IGM_Kolkata.tc.TC004_IGMBasicDetails"/>
  <testcase name="basicDetails" time="161.838" classname="com.IGM_Kolkata.tc.TC004_IGMBasicDetails"/>
  <testcase name="basicDetails" time="162.199" classname="com.IGM_Kolkata.tc.TC004_IGMBasicDetails"/>
  <testcase name="basicDetails" time="162.069" classname="com.IGM_Kolkata.tc.TC004_IGMBasicDetails"/>
  <testcase name="basicDetails" time="161.979" classname="com.IGM_Kolkata.tc.TC004_IGMBasicDetails"/>
  <testcase name="basicDetails" time="162.743" classname="com.IGM_Kolkata.tc.TC004_IGMBasicDetails"/>
  <testcase name="basicDetails" time="162.220" classname="com.IGM_Kolkata.tc.TC004_IGMBasicDetails"/>
  <testcase name="basicDetails" time="163.381" classname="com.IGM_Kolkata.tc.TC004_IGMBasicDetails"/>
  <testcase name="basicDetails" time="173.978" classname="com.IGM_Kolkata.tc.TC004_IGMBasicDetails"/>
  <testcase name="basicDetails" time="162.160" classname="com.IGM_Kolkata.tc.TC004_IGMBasicDetails"/>
  <testcase name="basicDetails" time="163.459" classname="com.IGM_Kolkata.tc.TC004_IGMBasicDetails"/>
  <testcase name="basicDetails" time="161.960" classname="com.IGM_Kolkata.tc.TC004_IGMBasicDetails"/>
  <testcase name="basicDetails" time="161.282" classname="com.IGM_Kolkata.tc.TC004_IGMBasicDetails"/>
  <testcase name="basicDetails" time="163.382" classname="com.IGM_Kolkata.tc.TC004_IGMBasicDetails"/>
  <testcase name="basicDetails" time="162.267" classname="com.IGM_Kolkata.tc.TC004_IGMBasicDetails"/>
  <testcase name="basicDetails" time="162.174" classname="com.IGM_Kolkata.tc.TC004_IGMBasicDetails"/>
  <testcase name="basicDetails" time="163.720" classname="com.IGM_Kolkata.tc.TC004_IGMBasicDetails"/>
  <testcase name="basicDetails" time="163.618" classname="com.IGM_Kolkata.tc.TC004_IGMBasicDetails"/>
  <testcase name="basicDetails" time="163.427" classname="com.IGM_Kolkata.tc.TC004_IGMBasicDetails"/>
  <testcase name="basicDetails" time="162.204" classname="com.IGM_Kolkata.tc.TC004_IGMBasicDetails"/>
  <testcase name="basicDetails" time="161.735" classname="com.IGM_Kolkata.tc.TC004_IGMBasicDetails"/>
  <testcase name="basicDetails" time="163.081" classname="com.IGM_Kolkata.tc.TC004_IGMBasicDetails"/>
  <testcase name="basicDetails" time="162.737" classname="com.IGM_Kolkata.tc.TC004_IGMBasicDetails"/>
  <testcase name="basicDetails" time="162.125" classname="com.IGM_Kolkata.tc.TC004_IGMBasicDetails"/>
  <testcase name="basicDetails" time="165.032" classname="com.IGM_Kolkata.tc.TC004_IGMBasicDetails"/>
  <testcase name="basicDetails" time="161.871" classname="com.IGM_Kolkata.tc.TC004_IGMBasicDetails"/>
  <testcase name="basicDetails" time="162.236" classname="com.IGM_Kolkata.tc.TC004_IGMBasicDetails"/>
  <testcase name="basicDetails" time="161.933" classname="com.IGM_Kolkata.tc.TC004_IGMBasicDetails"/>
  <testcase name="basicDetails" time="162.130" classname="com.IGM_Kolkata.tc.TC004_IGMBasicDetails"/>
  <testcase name="basicDetails" time="163.813" classname="com.IGM_Kolkata.tc.TC004_IGMBasicDetails"/>
  <testcase name="basicDetails" time="162.176" classname="com.IGM_Kolkata.tc.TC004_IGMBasicDetails"/>
  <testcase name="basicDetails" time="163.586" classname="com.IGM_Kolkata.tc.TC004_IGMBasicDetails"/>
  <testcase name="basicDetails" time="161.749" classname="com.IGM_Kolkata.tc.TC004_IGMBasicDetails"/>
  <testcase name="basicDetails" time="162.111" classname="com.IGM_Kolkata.tc.TC004_IGMBasicDetails"/>
  <testcase name="basicDetails" time="162.428" classname="com.IGM_Kolkata.tc.TC004_IGMBasicDetails"/>
  <testcase name="basicDetails" time="163.467" classname="com.IGM_Kolkata.tc.TC004_IGMBasicDetails"/>
  <testcase name="basicDetails" time="164.136" classname="com.IGM_Kolkata.tc.TC004_IGMBasicDetails"/>
  <testcase name="basicDetails" time="162.121" classname="com.IGM_Kolkata.tc.TC004_IGMBasicDetails"/>
  <testcase name="basicDetails" time="162.438" classname="com.IGM_Kolkata.tc.TC004_IGMBasicDetails"/>
  <testcase name="basicDetails" time="163.184" classname="com.IGM_Kolkata.tc.TC004_IGMBasicDetails"/>
  <testcase name="basicDetails" time="163.425" classname="com.IGM_Kolkata.tc.TC004_IGMBasicDetails"/>
  <testcase name="basicDetails" time="164.562" classname="com.IGM_Kolkata.tc.TC004_IGMBasicDetails"/>
  <testcase name="basicDetails" time="162.199" classname="com.IGM_Kolkata.tc.TC004_IGMBasicDetails"/>
  <testcase name="basicDetails" time="162.233" classname="com.IGM_Kolkata.tc.TC004_IGMBasicDetails"/>
  <testcase name="basicDetails" time="163.473" classname="com.IGM_Kolkata.tc.TC004_IGMBasicDetails"/>
  <testcase name="basicDetails" time="161.966" classname="com.IGM_Kolkata.tc.TC004_IGMBasicDetails"/>
  <testcase name="basicDetails" time="163.407" classname="com.IGM_Kolkata.tc.TC004_IGMBasicDetails"/>
  <testcase name="basicDetails" time="163.650" classname="com.IGM_Kolkata.tc.TC004_IGMBasicDetails"/>
  <testcase name="basicDetails" time="163.478" classname="com.IGM_Kolkata.tc.TC004_IGMBasicDetails"/>
  <testcase name="basicDetails" time="161.929" classname="com.IGM_Kolkata.tc.TC004_IGMBasicDetails"/>
  <testcase name="basicDetails" time="163.303" classname="com.IGM_Kolkata.tc.TC004_IGMBasicDetails"/>
  <testcase name="basicDetails" time="161.622" classname="com.IGM_Kolkata.tc.TC004_IGMBasicDetails"/>
  <testcase name="basicDetails" time="162.346" classname="com.IGM_Kolkata.tc.TC004_IGMBasicDetails"/>
</testsuite> <!-- com.IGM_Kolkata.tc.TC004_IGMBasicDetails -->
