<?xml version="1.0" encoding="UTF-8"?>
<!-- Generated by org.testng.reporters.JUnitReportReporter -->
<testsuite skipped="0" hostname="MAA014482B" name="com.ESIC_4March22.tc.TC005_ESICBasicDetails" tests="71" failures="0" timestamp="2023-02-06T14:21:31 IST" time="11359.945" errors="0">
  <testcase name="basicDetails" time="160.607" classname="com.ESIC_4March22.tc.TC005_ESICBasicDetails"/>
  <testcase name="basicDetails" time="160.709" classname="com.ESIC_4March22.tc.TC005_ESICBasicDetails"/>
  <testcase name="basicDetails" time="160.529" classname="com.ESIC_4March22.tc.TC005_ESICBasicDetails"/>
  <testcase name="basicDetails" time="160.262" classname="com.ESIC_4March22.tc.TC005_ESICBasicDetails"/>
  <testcase name="basicDetails" time="160.366" classname="com.ESIC_4March22.tc.TC005_ESICBasicDetails"/>
  <testcase name="basicDetails" time="158.624" classname="com.ESIC_4March22.tc.TC005_ESICBasicDetails"/>
  <testcase name="basicDetails" time="160.227" classname="com.ESIC_4March22.tc.TC005_ESICBasicDetails"/>
  <testcase name="basicDetails" time="160.296" classname="com.ESIC_4March22.tc.TC005_ESICBasicDetails"/>
  <testcase name="basicDetails" time="160.754" classname="com.ESIC_4March22.tc.TC005_ESICBasicDetails"/>
  <testcase name="basicDetails" time="160.516" classname="com.ESIC_4March22.tc.TC005_ESICBasicDetails"/>
  <testcase name="basicDetails" time="159.966" classname="com.ESIC_4March22.tc.TC005_ESICBasicDetails"/>
  <testcase name="basicDetails" time="159.679" classname="com.ESIC_4March22.tc.TC005_ESICBasicDetails"/>
  <testcase name="basicDetails" time="160.480" classname="com.ESIC_4March22.tc.TC005_ESICBasicDetails"/>
  <testcase name="basicDetails" time="156.610" classname="com.ESIC_4March22.tc.TC005_ESICBasicDetails"/>
  <testcase name="basicDetails" time="160.293" classname="com.ESIC_4March22.tc.TC005_ESICBasicDetails"/>
  <testcase name="basicDetails" time="160.405" classname="com.ESIC_4March22.tc.TC005_ESICBasicDetails"/>
  <testcase name="basicDetails" time="160.176" classname="com.ESIC_4March22.tc.TC005_ESICBasicDetails"/>
  <testcase name="basicDetails" time="160.706" classname="com.ESIC_4March22.tc.TC005_ESICBasicDetails"/>
  <testcase name="basicDetails" time="160.028" classname="com.ESIC_4March22.tc.TC005_ESICBasicDetails"/>
  <testcase name="basicDetails" time="160.232" classname="com.ESIC_4March22.tc.TC005_ESICBasicDetails"/>
  <testcase name="basicDetails" time="158.145" classname="com.ESIC_4March22.tc.TC005_ESICBasicDetails"/>
  <testcase name="basicDetails" time="160.638" classname="com.ESIC_4March22.tc.TC005_ESICBasicDetails"/>
  <testcase name="basicDetails" time="158.518" classname="com.ESIC_4March22.tc.TC005_ESICBasicDetails"/>
  <testcase name="basicDetails" time="160.042" classname="com.ESIC_4March22.tc.TC005_ESICBasicDetails"/>
  <testcase name="basicDetails" time="160.342" classname="com.ESIC_4March22.tc.TC005_ESICBasicDetails"/>
  <testcase name="basicDetails" time="160.568" classname="com.ESIC_4March22.tc.TC005_ESICBasicDetails"/>
  <testcase name="basicDetails" time="160.001" classname="com.ESIC_4March22.tc.TC005_ESICBasicDetails"/>
  <testcase name="basicDetails" time="160.153" classname="com.ESIC_4March22.tc.TC005_ESICBasicDetails"/>
  <testcase name="basicDetails" time="160.636" classname="com.ESIC_4March22.tc.TC005_ESICBasicDetails"/>
  <testcase name="basicDetails" time="160.434" classname="com.ESIC_4March22.tc.TC005_ESICBasicDetails"/>
  <testcase name="basicDetails" time="160.281" classname="com.ESIC_4March22.tc.TC005_ESICBasicDetails"/>
  <testcase name="basicDetails" time="160.763" classname="com.ESIC_4March22.tc.TC005_ESICBasicDetails"/>
  <testcase name="basicDetails" time="160.153" classname="com.ESIC_4March22.tc.TC005_ESICBasicDetails"/>
  <testcase name="basicDetails" time="160.324" classname="com.ESIC_4March22.tc.TC005_ESICBasicDetails"/>
  <testcase name="basicDetails" time="160.195" classname="com.ESIC_4March22.tc.TC005_ESICBasicDetails"/>
  <testcase name="basicDetails" time="160.303" classname="com.ESIC_4March22.tc.TC005_ESICBasicDetails"/>
  <testcase name="basicDetails" time="160.139" classname="com.ESIC_4March22.tc.TC005_ESICBasicDetails"/>
  <testcase name="basicDetails" time="158.102" classname="com.ESIC_4March22.tc.TC005_ESICBasicDetails"/>
  <testcase name="basicDetails" time="160.341" classname="com.ESIC_4March22.tc.TC005_ESICBasicDetails"/>
  <testcase name="basicDetails" time="159.965" classname="com.ESIC_4March22.tc.TC005_ESICBasicDetails"/>
  <testcase name="basicDetails" time="160.495" classname="com.ESIC_4March22.tc.TC005_ESICBasicDetails"/>
  <testcase name="basicDetails" time="157.997" classname="com.ESIC_4March22.tc.TC005_ESICBasicDetails"/>
  <testcase name="basicDetails" time="160.472" classname="com.ESIC_4March22.tc.TC005_ESICBasicDetails"/>
  <testcase name="basicDetails" time="158.333" classname="com.ESIC_4March22.tc.TC005_ESICBasicDetails"/>
  <testcase name="basicDetails" time="159.549" classname="com.ESIC_4March22.tc.TC005_ESICBasicDetails"/>
  <testcase name="basicDetails" time="160.656" classname="com.ESIC_4March22.tc.TC005_ESICBasicDetails"/>
  <testcase name="basicDetails" time="160.472" classname="com.ESIC_4March22.tc.TC005_ESICBasicDetails"/>
  <testcase name="basicDetails" time="160.706" classname="com.ESIC_4March22.tc.TC005_ESICBasicDetails"/>
  <testcase name="basicDetails" time="160.309" classname="com.ESIC_4March22.tc.TC005_ESICBasicDetails"/>
  <testcase name="basicDetails" time="160.615" classname="com.ESIC_4March22.tc.TC005_ESICBasicDetails"/>
  <testcase name="basicDetails" time="160.431" classname="com.ESIC_4March22.tc.TC005_ESICBasicDetails"/>
  <testcase name="basicDetails" time="160.654" classname="com.ESIC_4March22.tc.TC005_ESICBasicDetails"/>
  <testcase name="basicDetails" time="160.161" classname="com.ESIC_4March22.tc.TC005_ESICBasicDetails"/>
  <testcase name="basicDetails" time="158.358" classname="com.ESIC_4March22.tc.TC005_ESICBasicDetails"/>
  <testcase name="basicDetails" time="160.533" classname="com.ESIC_4March22.tc.TC005_ESICBasicDetails"/>
  <testcase name="basicDetails" time="160.556" classname="com.ESIC_4March22.tc.TC005_ESICBasicDetails"/>
  <testcase name="basicDetails" time="158.028" classname="com.ESIC_4March22.tc.TC005_ESICBasicDetails"/>
  <testcase name="basicDetails" time="160.335" classname="com.ESIC_4March22.tc.TC005_ESICBasicDetails"/>
  <testcase name="basicDetails" time="159.928" classname="com.ESIC_4March22.tc.TC005_ESICBasicDetails"/>
  <testcase name="basicDetails" time="159.751" classname="com.ESIC_4March22.tc.TC005_ESICBasicDetails"/>
  <testcase name="basicDetails" time="157.893" classname="com.ESIC_4March22.tc.TC005_ESICBasicDetails"/>
  <testcase name="basicDetails" time="163.531" classname="com.ESIC_4March22.tc.TC005_ESICBasicDetails"/>
  <testcase name="basicDetails" time="160.832" classname="com.ESIC_4March22.tc.TC005_ESICBasicDetails"/>
  <testcase name="basicDetails" time="160.123" classname="com.ESIC_4March22.tc.TC005_ESICBasicDetails"/>
  <testcase name="basicDetails" time="160.131" classname="com.ESIC_4March22.tc.TC005_ESICBasicDetails"/>
  <testcase name="basicDetails" time="158.528" classname="com.ESIC_4March22.tc.TC005_ESICBasicDetails"/>
  <testcase name="basicDetails" time="160.591" classname="com.ESIC_4March22.tc.TC005_ESICBasicDetails"/>
  <testcase name="basicDetails" time="160.313" classname="com.ESIC_4March22.tc.TC005_ESICBasicDetails"/>
  <testcase name="basicDetails" time="159.940" classname="com.ESIC_4March22.tc.TC005_ESICBasicDetails"/>
  <testcase name="basicDetails" time="158.064" classname="com.ESIC_4March22.tc.TC005_ESICBasicDetails"/>
  <testcase name="basicDetails" time="160.152" classname="com.ESIC_4March22.tc.TC005_ESICBasicDetails"/>
</testsuite> <!-- com.ESIC_4March22.tc.TC005_ESICBasicDetails -->
