<?xml version="1.0" encoding="UTF-8"?>
<!-- Generated by org.testng.reporters.JUnitReportReporter -->
<testsuite skipped="0" hostname="MAA014482B" name="com.DOS_April23.tc.TC001_DOSBasicDetails" tests="5" failures="0" timestamp="2023-04-19T14:29:59 IST" time="773.208" errors="0">
  <testcase name="basicDetails" time="153.473" classname="com.DOS_April23.tc.TC001_DOSBasicDetails"/>
  <testcase name="basicDetails" time="157.411" classname="com.DOS_April23.tc.TC001_DOSBasicDetails"/>
  <testcase name="basicDetails" time="152.443" classname="com.DOS_April23.tc.TC001_DOSBasicDetails"/>
  <testcase name="basicDetails" time="152.154" classname="com.DOS_April23.tc.TC001_DOSBasicDetails"/>
  <testcase name="basicDetails" time="157.727" classname="com.DOS_April23.tc.TC001_DOSBasicDetails"/>
</testsuite> <!-- com.DOS_April23.tc.TC001_DOSBasicDetails -->
