<?xml version="1.0" encoding="UTF-8"?>
<!-- Generated by org.testng.reporters.JUnitReportReporter -->
<testsuite hostname="MAA011253A" failures="0" tests="50" name="com.rbiGrade.tc.TC001_RBIBasicDetails" time="6072.477" errors="0" timestamp="2021-01-27T18:53:50 IST" skipped="0">
  <testcase classname="com.rbiGrade.tc.TC001_RBIBasicDetails" name="basicDetails" time="122.210"/>
  <testcase classname="com.rbiGrade.tc.TC001_RBIBasicDetails" name="basicDetails" time="122.556"/>
  <testcase classname="com.rbiGrade.tc.TC001_RBIBasicDetails" name="basicDetails" time="121.816"/>
  <testcase classname="com.rbiGrade.tc.TC001_RBIBasicDetails" name="basicDetails" time="121.860"/>
  <testcase classname="com.rbiGrade.tc.TC001_RBIBasicDetails" name="basicDetails" time="121.534"/>
  <testcase classname="com.rbiGrade.tc.TC001_RBIBasicDetails" name="basicDetails" time="122.032"/>
  <testcase classname="com.rbiGrade.tc.TC001_RBIBasicDetails" name="basicDetails" time="121.674"/>
  <testcase classname="com.rbiGrade.tc.TC001_RBIBasicDetails" name="basicDetails" time="121.171"/>
  <testcase classname="com.rbiGrade.tc.TC001_RBIBasicDetails" name="basicDetails" time="121.041"/>
  <testcase classname="com.rbiGrade.tc.TC001_RBIBasicDetails" name="basicDetails" time="123.061"/>
  <testcase classname="com.rbiGrade.tc.TC001_RBIBasicDetails" name="basicDetails" time="121.231"/>
  <testcase classname="com.rbiGrade.tc.TC001_RBIBasicDetails" name="basicDetails" time="121.190"/>
  <testcase classname="com.rbiGrade.tc.TC001_RBIBasicDetails" name="basicDetails" time="120.887"/>
  <testcase classname="com.rbiGrade.tc.TC001_RBIBasicDetails" name="basicDetails" time="121.090"/>
  <testcase classname="com.rbiGrade.tc.TC001_RBIBasicDetails" name="basicDetails" time="121.802"/>
  <testcase classname="com.rbiGrade.tc.TC001_RBIBasicDetails" name="basicDetails" time="122.446"/>
  <testcase classname="com.rbiGrade.tc.TC001_RBIBasicDetails" name="basicDetails" time="120.566"/>
  <testcase classname="com.rbiGrade.tc.TC001_RBIBasicDetails" name="basicDetails" time="121.054"/>
  <testcase classname="com.rbiGrade.tc.TC001_RBIBasicDetails" name="basicDetails" time="121.143"/>
  <testcase classname="com.rbiGrade.tc.TC001_RBIBasicDetails" name="basicDetails" time="122.694"/>
  <testcase classname="com.rbiGrade.tc.TC001_RBIBasicDetails" name="basicDetails" time="121.053"/>
  <testcase classname="com.rbiGrade.tc.TC001_RBIBasicDetails" name="basicDetails" time="121.131"/>
  <testcase classname="com.rbiGrade.tc.TC001_RBIBasicDetails" name="basicDetails" time="121.602"/>
  <testcase classname="com.rbiGrade.tc.TC001_RBIBasicDetails" name="basicDetails" time="121.963"/>
  <testcase classname="com.rbiGrade.tc.TC001_RBIBasicDetails" name="basicDetails" time="120.917"/>
  <testcase classname="com.rbiGrade.tc.TC001_RBIBasicDetails" name="basicDetails" time="121.596"/>
  <testcase classname="com.rbiGrade.tc.TC001_RBIBasicDetails" name="basicDetails" time="121.099"/>
  <testcase classname="com.rbiGrade.tc.TC001_RBIBasicDetails" name="basicDetails" time="121.731"/>
  <testcase classname="com.rbiGrade.tc.TC001_RBIBasicDetails" name="basicDetails" time="120.929"/>
  <testcase classname="com.rbiGrade.tc.TC001_RBIBasicDetails" name="basicDetails" time="121.241"/>
  <testcase classname="com.rbiGrade.tc.TC001_RBIBasicDetails" name="basicDetails" time="121.397"/>
  <testcase classname="com.rbiGrade.tc.TC001_RBIBasicDetails" name="basicDetails" time="120.542"/>
  <testcase classname="com.rbiGrade.tc.TC001_RBIBasicDetails" name="basicDetails" time="121.736"/>
  <testcase classname="com.rbiGrade.tc.TC001_RBIBasicDetails" name="basicDetails" time="121.780"/>
  <testcase classname="com.rbiGrade.tc.TC001_RBIBasicDetails" name="basicDetails" time="122.010"/>
  <testcase classname="com.rbiGrade.tc.TC001_RBIBasicDetails" name="basicDetails" time="121.399"/>
  <testcase classname="com.rbiGrade.tc.TC001_RBIBasicDetails" name="basicDetails" time="121.620"/>
  <testcase classname="com.rbiGrade.tc.TC001_RBIBasicDetails" name="basicDetails" time="121.985"/>
  <testcase classname="com.rbiGrade.tc.TC001_RBIBasicDetails" name="basicDetails" time="120.790"/>
  <testcase classname="com.rbiGrade.tc.TC001_RBIBasicDetails" name="basicDetails" time="121.419"/>
  <testcase classname="com.rbiGrade.tc.TC001_RBIBasicDetails" name="basicDetails" time="121.288"/>
  <testcase classname="com.rbiGrade.tc.TC001_RBIBasicDetails" name="basicDetails" time="120.699"/>
  <testcase classname="com.rbiGrade.tc.TC001_RBIBasicDetails" name="basicDetails" time="120.717"/>
  <testcase classname="com.rbiGrade.tc.TC001_RBIBasicDetails" name="basicDetails" time="120.731"/>
  <testcase classname="com.rbiGrade.tc.TC001_RBIBasicDetails" name="basicDetails" time="121.374"/>
  <testcase classname="com.rbiGrade.tc.TC001_RBIBasicDetails" name="basicDetails" time="121.732"/>
  <testcase classname="com.rbiGrade.tc.TC001_RBIBasicDetails" name="basicDetails" time="121.207"/>
  <testcase classname="com.rbiGrade.tc.TC001_RBIBasicDetails" name="basicDetails" time="121.674"/>
  <testcase classname="com.rbiGrade.tc.TC001_RBIBasicDetails" name="basicDetails" time="120.796"/>
  <testcase classname="com.rbiGrade.tc.TC001_RBIBasicDetails" name="basicDetails" time="121.261"/>
</testsuite> <!-- com.rbiGrade.tc.TC001_RBIBasicDetails -->
