<?xml version="1.0" encoding="UTF-8"?>
<!-- Generated by org.testng.reporters.JUnitReportReporter -->
<testsuite hostname="MAA011253A" failures="0" tests="14" name="com.RBIJE.tc.TC003_RBIJEBasicDetails" time="1684.096" errors="0" timestamp="2021-01-27T10:10:10 IST" skipped="0">
  <testcase classname="com.RBIJE.tc.TC003_RBIJEBasicDetails" name="basicDetails" time="129.284"/>
  <testcase classname="com.RBIJE.tc.TC003_RBIJEBasicDetails" name="basicDetails" time="119.701"/>
  <testcase classname="com.RBIJE.tc.TC003_RBIJEBasicDetails" name="basicDetails" time="119.686"/>
  <testcase classname="com.RBIJE.tc.TC003_RBIJEBasicDetails" name="basicDetails" time="120.475"/>
  <testcase classname="com.RBIJE.tc.TC003_RBIJEBasicDetails" name="basicDetails" time="119.029"/>
  <testcase classname="com.RBIJE.tc.TC003_RBIJEBasicDetails" name="basicDetails" time="118.963"/>
  <testcase classname="com.RBIJE.tc.TC003_RBIJEBasicDetails" name="basicDetails" time="119.765"/>
  <testcase classname="com.RBIJE.tc.TC003_RBIJEBasicDetails" name="basicDetails" time="119.095"/>
  <testcase classname="com.RBIJE.tc.TC003_RBIJEBasicDetails" name="basicDetails" time="118.749"/>
  <testcase classname="com.RBIJE.tc.TC003_RBIJEBasicDetails" name="basicDetails" time="119.986"/>
  <testcase classname="com.RBIJE.tc.TC003_RBIJEBasicDetails" name="basicDetails" time="119.802"/>
  <testcase classname="com.RBIJE.tc.TC003_RBIJEBasicDetails" name="basicDetails" time="119.320"/>
  <testcase classname="com.RBIJE.tc.TC003_RBIJEBasicDetails" name="basicDetails" time="120.257"/>
  <testcase classname="com.RBIJE.tc.TC003_RBIJEBasicDetails" name="basicDetails" time="119.984"/>
</testsuite> <!-- com.RBIJE.tc.TC003_RBIJEBasicDetails -->
