<?xml version="1.0" encoding="UTF-8"?>
<!-- Generated by org.testng.reporters.JUnitReportReporter -->
<testsuite skipped="0" hostname="MAA014482B" name="com.IDBIRSCO.tc.TC004_IDBIRSCOBasicDetails" tests="50" failures="0" timestamp="2023-05-25T14:51:24 IST" time="8076.665" errors="0">
  <testcase name="basicDetails" time="161.629" classname="com.IDBIRSCO.tc.TC004_IDBIRSCOBasicDetails"/>
  <testcase name="basicDetails" time="162.233" classname="com.IDBIRSCO.tc.TC004_IDBIRSCOBasicDetails"/>
  <testcase name="basicDetails" time="161.639" classname="com.IDBIRSCO.tc.TC004_IDBIRSCOBasicDetails"/>
  <testcase name="basicDetails" time="161.465" classname="com.IDBIRSCO.tc.TC004_IDBIRSCOBasicDetails"/>
  <testcase name="basicDetails" time="162.279" classname="com.IDBIRSCO.tc.TC004_IDBIRSCOBasicDetails"/>
  <testcase name="basicDetails" time="162.235" classname="com.IDBIRSCO.tc.TC004_IDBIRSCOBasicDetails"/>
  <testcase name="basicDetails" time="162.484" classname="com.IDBIRSCO.tc.TC004_IDBIRSCOBasicDetails"/>
  <testcase name="basicDetails" time="160.566" classname="com.IDBIRSCO.tc.TC004_IDBIRSCOBasicDetails"/>
  <testcase name="basicDetails" time="161.616" classname="com.IDBIRSCO.tc.TC004_IDBIRSCOBasicDetails"/>
  <testcase name="basicDetails" time="162.035" classname="com.IDBIRSCO.tc.TC004_IDBIRSCOBasicDetails"/>
  <testcase name="basicDetails" time="161.660" classname="com.IDBIRSCO.tc.TC004_IDBIRSCOBasicDetails"/>
  <testcase name="basicDetails" time="161.375" classname="com.IDBIRSCO.tc.TC004_IDBIRSCOBasicDetails"/>
  <testcase name="basicDetails" time="162.314" classname="com.IDBIRSCO.tc.TC004_IDBIRSCOBasicDetails"/>
  <testcase name="basicDetails" time="161.632" classname="com.IDBIRSCO.tc.TC004_IDBIRSCOBasicDetails"/>
  <testcase name="basicDetails" time="160.700" classname="com.IDBIRSCO.tc.TC004_IDBIRSCOBasicDetails"/>
  <testcase name="basicDetails" time="161.453" classname="com.IDBIRSCO.tc.TC004_IDBIRSCOBasicDetails"/>
  <testcase name="basicDetails" time="160.312" classname="com.IDBIRSCO.tc.TC004_IDBIRSCOBasicDetails"/>
  <testcase name="basicDetails" time="162.261" classname="com.IDBIRSCO.tc.TC004_IDBIRSCOBasicDetails"/>
  <testcase name="basicDetails" time="161.472" classname="com.IDBIRSCO.tc.TC004_IDBIRSCOBasicDetails"/>
  <testcase name="basicDetails" time="162.341" classname="com.IDBIRSCO.tc.TC004_IDBIRSCOBasicDetails"/>
  <testcase name="basicDetails" time="160.616" classname="com.IDBIRSCO.tc.TC004_IDBIRSCOBasicDetails"/>
  <testcase name="basicDetails" time="160.183" classname="com.IDBIRSCO.tc.TC004_IDBIRSCOBasicDetails"/>
  <testcase name="basicDetails" time="161.855" classname="com.IDBIRSCO.tc.TC004_IDBIRSCOBasicDetails"/>
  <testcase name="basicDetails" time="160.080" classname="com.IDBIRSCO.tc.TC004_IDBIRSCOBasicDetails"/>
  <testcase name="basicDetails" time="162.347" classname="com.IDBIRSCO.tc.TC004_IDBIRSCOBasicDetails"/>
  <testcase name="basicDetails" time="161.182" classname="com.IDBIRSCO.tc.TC004_IDBIRSCOBasicDetails"/>
  <testcase name="basicDetails" time="160.576" classname="com.IDBIRSCO.tc.TC004_IDBIRSCOBasicDetails"/>
  <testcase name="basicDetails" time="162.532" classname="com.IDBIRSCO.tc.TC004_IDBIRSCOBasicDetails"/>
  <testcase name="basicDetails" time="166.399" classname="com.IDBIRSCO.tc.TC004_IDBIRSCOBasicDetails"/>
  <testcase name="basicDetails" time="161.704" classname="com.IDBIRSCO.tc.TC004_IDBIRSCOBasicDetails"/>
  <testcase name="basicDetails" time="161.152" classname="com.IDBIRSCO.tc.TC004_IDBIRSCOBasicDetails"/>
  <testcase name="basicDetails" time="161.832" classname="com.IDBIRSCO.tc.TC004_IDBIRSCOBasicDetails"/>
  <testcase name="basicDetails" time="161.218" classname="com.IDBIRSCO.tc.TC004_IDBIRSCOBasicDetails"/>
  <testcase name="basicDetails" time="161.363" classname="com.IDBIRSCO.tc.TC004_IDBIRSCOBasicDetails"/>
  <testcase name="basicDetails" time="161.252" classname="com.IDBIRSCO.tc.TC004_IDBIRSCOBasicDetails"/>
  <testcase name="basicDetails" time="161.213" classname="com.IDBIRSCO.tc.TC004_IDBIRSCOBasicDetails"/>
  <testcase name="basicDetails" time="161.338" classname="com.IDBIRSCO.tc.TC004_IDBIRSCOBasicDetails"/>
  <testcase name="basicDetails" time="160.894" classname="com.IDBIRSCO.tc.TC004_IDBIRSCOBasicDetails"/>
  <testcase name="basicDetails" time="161.133" classname="com.IDBIRSCO.tc.TC004_IDBIRSCOBasicDetails"/>
  <testcase name="basicDetails" time="160.707" classname="com.IDBIRSCO.tc.TC004_IDBIRSCOBasicDetails"/>
  <testcase name="basicDetails" time="160.663" classname="com.IDBIRSCO.tc.TC004_IDBIRSCOBasicDetails"/>
  <testcase name="basicDetails" time="160.674" classname="com.IDBIRSCO.tc.TC004_IDBIRSCOBasicDetails"/>
  <testcase name="basicDetails" time="161.474" classname="com.IDBIRSCO.tc.TC004_IDBIRSCOBasicDetails"/>
  <testcase name="basicDetails" time="162.348" classname="com.IDBIRSCO.tc.TC004_IDBIRSCOBasicDetails"/>
  <testcase name="basicDetails" time="161.074" classname="com.IDBIRSCO.tc.TC004_IDBIRSCOBasicDetails"/>
  <testcase name="basicDetails" time="162.032" classname="com.IDBIRSCO.tc.TC004_IDBIRSCOBasicDetails"/>
  <testcase name="basicDetails" time="162.056" classname="com.IDBIRSCO.tc.TC004_IDBIRSCOBasicDetails"/>
  <testcase name="basicDetails" time="160.437" classname="com.IDBIRSCO.tc.TC004_IDBIRSCOBasicDetails"/>
  <testcase name="basicDetails" time="161.893" classname="com.IDBIRSCO.tc.TC004_IDBIRSCOBasicDetails"/>
  <testcase name="basicDetails" time="160.737" classname="com.IDBIRSCO.tc.TC004_IDBIRSCOBasicDetails"/>
</testsuite> <!-- com.IDBIRSCO.tc.TC004_IDBIRSCOBasicDetails -->
