<?xml version="1.0" encoding="UTF-8"?>
<!-- Generated by org.testng.reporters.JUnitReportReporter -->
<testsuite skipped="0" hostname="MAA014482B" name="com.ESIC_4March22.tc.TC002_ESICBasicDetails" tests="71" failures="0" timestamp="2023-02-06T14:21:31 IST" time="11428.350" errors="0">
  <testcase name="basicDetails" time="160.457" classname="com.ESIC_4March22.tc.TC002_ESICBasicDetails"/>
  <testcase name="basicDetails" time="163.397" classname="com.ESIC_4March22.tc.TC002_ESICBasicDetails"/>
  <testcase name="basicDetails" time="160.551" classname="com.ESIC_4March22.tc.TC002_ESICBasicDetails"/>
  <testcase name="basicDetails" time="160.322" classname="com.ESIC_4March22.tc.TC002_ESICBasicDetails"/>
  <testcase name="basicDetails" time="160.099" classname="com.ESIC_4March22.tc.TC002_ESICBasicDetails"/>
  <testcase name="basicDetails" time="160.090" classname="com.ESIC_4March22.tc.TC002_ESICBasicDetails"/>
  <testcase name="basicDetails" time="160.500" classname="com.ESIC_4March22.tc.TC002_ESICBasicDetails"/>
  <testcase name="basicDetails" time="160.009" classname="com.ESIC_4March22.tc.TC002_ESICBasicDetails"/>
  <testcase name="basicDetails" time="160.278" classname="com.ESIC_4March22.tc.TC002_ESICBasicDetails"/>
  <testcase name="basicDetails" time="160.307" classname="com.ESIC_4March22.tc.TC002_ESICBasicDetails"/>
  <testcase name="basicDetails" time="160.007" classname="com.ESIC_4March22.tc.TC002_ESICBasicDetails"/>
  <testcase name="basicDetails" time="158.696" classname="com.ESIC_4March22.tc.TC002_ESICBasicDetails"/>
  <testcase name="basicDetails" time="160.215" classname="com.ESIC_4March22.tc.TC002_ESICBasicDetails"/>
  <testcase name="basicDetails" time="160.439" classname="com.ESIC_4March22.tc.TC002_ESICBasicDetails"/>
  <testcase name="basicDetails" time="160.435" classname="com.ESIC_4March22.tc.TC002_ESICBasicDetails"/>
  <testcase name="basicDetails" time="160.130" classname="com.ESIC_4March22.tc.TC002_ESICBasicDetails"/>
  <testcase name="basicDetails" time="160.096" classname="com.ESIC_4March22.tc.TC002_ESICBasicDetails"/>
  <testcase name="basicDetails" time="159.971" classname="com.ESIC_4March22.tc.TC002_ESICBasicDetails"/>
  <testcase name="basicDetails" time="160.130" classname="com.ESIC_4March22.tc.TC002_ESICBasicDetails"/>
  <testcase name="basicDetails" time="160.278" classname="com.ESIC_4March22.tc.TC002_ESICBasicDetails"/>
  <testcase name="basicDetails" time="160.367" classname="com.ESIC_4March22.tc.TC002_ESICBasicDetails"/>
  <testcase name="basicDetails" time="160.183" classname="com.ESIC_4March22.tc.TC002_ESICBasicDetails"/>
  <testcase name="basicDetails" time="160.071" classname="com.ESIC_4March22.tc.TC002_ESICBasicDetails"/>
  <testcase name="basicDetails" time="160.159" classname="com.ESIC_4March22.tc.TC002_ESICBasicDetails"/>
  <testcase name="basicDetails" time="160.429" classname="com.ESIC_4March22.tc.TC002_ESICBasicDetails"/>
  <testcase name="basicDetails" time="160.670" classname="com.ESIC_4March22.tc.TC002_ESICBasicDetails"/>
  <testcase name="basicDetails" time="160.395" classname="com.ESIC_4March22.tc.TC002_ESICBasicDetails"/>
  <testcase name="basicDetails" time="160.113" classname="com.ESIC_4March22.tc.TC002_ESICBasicDetails"/>
  <testcase name="basicDetails" time="160.694" classname="com.ESIC_4March22.tc.TC002_ESICBasicDetails"/>
  <testcase name="basicDetails" time="160.431" classname="com.ESIC_4March22.tc.TC002_ESICBasicDetails"/>
  <testcase name="basicDetails" time="160.625" classname="com.ESIC_4March22.tc.TC002_ESICBasicDetails"/>
  <testcase name="basicDetails" time="160.041" classname="com.ESIC_4March22.tc.TC002_ESICBasicDetails"/>
  <testcase name="basicDetails" time="158.544" classname="com.ESIC_4March22.tc.TC002_ESICBasicDetails"/>
  <testcase name="basicDetails" time="160.191" classname="com.ESIC_4March22.tc.TC002_ESICBasicDetails"/>
  <testcase name="basicDetails" time="160.781" classname="com.ESIC_4March22.tc.TC002_ESICBasicDetails"/>
  <testcase name="basicDetails" time="159.281" classname="com.ESIC_4March22.tc.TC002_ESICBasicDetails"/>
  <testcase name="basicDetails" time="159.640" classname="com.ESIC_4March22.tc.TC002_ESICBasicDetails"/>
  <testcase name="basicDetails" time="160.257" classname="com.ESIC_4March22.tc.TC002_ESICBasicDetails"/>
  <testcase name="basicDetails" time="160.073" classname="com.ESIC_4March22.tc.TC002_ESICBasicDetails"/>
  <testcase name="basicDetails" time="160.574" classname="com.ESIC_4March22.tc.TC002_ESICBasicDetails"/>
  <testcase name="basicDetails" time="160.250" classname="com.ESIC_4March22.tc.TC002_ESICBasicDetails"/>
  <testcase name="basicDetails" time="157.714" classname="com.ESIC_4March22.tc.TC002_ESICBasicDetails"/>
  <testcase name="basicDetails" time="160.843" classname="com.ESIC_4March22.tc.TC002_ESICBasicDetails"/>
  <testcase name="basicDetails" time="160.309" classname="com.ESIC_4March22.tc.TC002_ESICBasicDetails"/>
  <testcase name="basicDetails" time="160.458" classname="com.ESIC_4March22.tc.TC002_ESICBasicDetails"/>
  <testcase name="basicDetails" time="160.354" classname="com.ESIC_4March22.tc.TC002_ESICBasicDetails"/>
  <testcase name="basicDetails" time="187.786" classname="com.ESIC_4March22.tc.TC002_ESICBasicDetails"/>
  <testcase name="basicDetails" time="158.486" classname="com.ESIC_4March22.tc.TC002_ESICBasicDetails"/>
  <testcase name="basicDetails" time="160.301" classname="com.ESIC_4March22.tc.TC002_ESICBasicDetails"/>
  <testcase name="basicDetails" time="160.048" classname="com.ESIC_4March22.tc.TC002_ESICBasicDetails"/>
  <testcase name="basicDetails" time="160.510" classname="com.ESIC_4March22.tc.TC002_ESICBasicDetails"/>
  <testcase name="basicDetails" time="160.259" classname="com.ESIC_4March22.tc.TC002_ESICBasicDetails"/>
  <testcase name="basicDetails" time="160.137" classname="com.ESIC_4March22.tc.TC002_ESICBasicDetails"/>
  <testcase name="basicDetails" time="160.572" classname="com.ESIC_4March22.tc.TC002_ESICBasicDetails"/>
  <testcase name="basicDetails" time="160.207" classname="com.ESIC_4March22.tc.TC002_ESICBasicDetails"/>
  <testcase name="basicDetails" time="160.174" classname="com.ESIC_4March22.tc.TC002_ESICBasicDetails"/>
  <testcase name="basicDetails" time="160.686" classname="com.ESIC_4March22.tc.TC002_ESICBasicDetails"/>
  <testcase name="basicDetails" time="159.983" classname="com.ESIC_4March22.tc.TC002_ESICBasicDetails"/>
  <testcase name="basicDetails" time="158.837" classname="com.ESIC_4March22.tc.TC002_ESICBasicDetails"/>
  <testcase name="basicDetails" time="160.423" classname="com.ESIC_4March22.tc.TC002_ESICBasicDetails"/>
  <testcase name="basicDetails" time="187.929" classname="com.ESIC_4March22.tc.TC002_ESICBasicDetails"/>
  <testcase name="basicDetails" time="160.175" classname="com.ESIC_4March22.tc.TC002_ESICBasicDetails"/>
  <testcase name="basicDetails" time="160.621" classname="com.ESIC_4March22.tc.TC002_ESICBasicDetails"/>
  <testcase name="basicDetails" time="160.313" classname="com.ESIC_4March22.tc.TC002_ESICBasicDetails"/>
  <testcase name="basicDetails" time="160.418" classname="com.ESIC_4March22.tc.TC002_ESICBasicDetails"/>
  <testcase name="basicDetails" time="160.457" classname="com.ESIC_4March22.tc.TC002_ESICBasicDetails"/>
  <testcase name="basicDetails" time="158.298" classname="com.ESIC_4March22.tc.TC002_ESICBasicDetails"/>
  <testcase name="basicDetails" time="160.336" classname="com.ESIC_4March22.tc.TC002_ESICBasicDetails"/>
  <testcase name="basicDetails" time="160.506" classname="com.ESIC_4March22.tc.TC002_ESICBasicDetails"/>
  <testcase name="basicDetails" time="160.709" classname="com.ESIC_4March22.tc.TC002_ESICBasicDetails"/>
  <testcase name="basicDetails" time="160.325" classname="com.ESIC_4March22.tc.TC002_ESICBasicDetails"/>
</testsuite> <!-- com.ESIC_4March22.tc.TC002_ESICBasicDetails -->
