<?xml version="1.0" encoding="UTF-8"?>
<!-- Generated by org.testng.reporters.JUnitReportReporter -->
<testsuite hostname="MAA011253A" failures="0" tests="17" name="com.SBIPHARMACIST.tc.TC005_SBIBasicDetails" time="2172.096" errors="0" timestamp="2021-03-25T17:41:50 IST" skipped="0">
  <testcase classname="com.SBIPHARMACIST.tc.TC005_SBIBasicDetails" name="basicDetails" time="127.716"/>
  <testcase classname="com.SBIPHARMACIST.tc.TC005_SBIBasicDetails" name="basicDetails" time="127.687"/>
  <testcase classname="com.SBIPHARMACIST.tc.TC005_SBIBasicDetails" name="basicDetails" time="127.917"/>
  <testcase classname="com.SBIPHARMACIST.tc.TC005_SBIBasicDetails" name="basicDetails" time="127.431"/>
  <testcase classname="com.SBIPHARMACIST.tc.TC005_SBIBasicDetails" name="basicDetails" time="127.673"/>
  <testcase classname="com.SBIPHARMACIST.tc.TC005_SBIBasicDetails" name="basicDetails" time="126.760"/>
  <testcase classname="com.SBIPHARMACIST.tc.TC005_SBIBasicDetails" name="basicDetails" time="130.932"/>
  <testcase classname="com.SBIPHARMACIST.tc.TC005_SBIBasicDetails" name="basicDetails" time="128.083"/>
  <testcase classname="com.SBIPHARMACIST.tc.TC005_SBIBasicDetails" name="basicDetails" time="127.009"/>
  <testcase classname="com.SBIPHARMACIST.tc.TC005_SBIBasicDetails" name="basicDetails" time="127.208"/>
  <testcase classname="com.SBIPHARMACIST.tc.TC005_SBIBasicDetails" name="basicDetails" time="128.438"/>
  <testcase classname="com.SBIPHARMACIST.tc.TC005_SBIBasicDetails" name="basicDetails" time="127.798"/>
  <testcase classname="com.SBIPHARMACIST.tc.TC005_SBIBasicDetails" name="basicDetails" time="127.821"/>
  <testcase classname="com.SBIPHARMACIST.tc.TC005_SBIBasicDetails" name="basicDetails" time="127.675"/>
  <testcase classname="com.SBIPHARMACIST.tc.TC005_SBIBasicDetails" name="basicDetails" time="127.789"/>
  <testcase classname="com.SBIPHARMACIST.tc.TC005_SBIBasicDetails" name="basicDetails" time="127.141"/>
  <testcase classname="com.SBIPHARMACIST.tc.TC005_SBIBasicDetails" name="basicDetails" time="127.018"/>
</testsuite> <!-- com.SBIPHARMACIST.tc.TC005_SBIBasicDetails -->
