<?xml version="1.0" encoding="UTF-8"?>
<!-- Generated by org.testng.reporters.JUnitReportReporter -->
<testsuite skipped="0" hostname="MAA014482B" name="com.Shimla.tc.TC003_HPBasicDetails" tests="31" failures="0" timestamp="2023-03-03T15:03:02 IST" time="4885.701" errors="0">
  <testcase name="basicDetails" time="157.211" classname="com.Shimla.tc.TC003_HPBasicDetails"/>
  <testcase name="basicDetails" time="156.846" classname="com.Shimla.tc.TC003_HPBasicDetails"/>
  <testcase name="basicDetails" time="155.850" classname="com.Shimla.tc.TC003_HPBasicDetails"/>
  <testcase name="basicDetails" time="160.085" classname="com.Shimla.tc.TC003_HPBasicDetails"/>
  <testcase name="basicDetails" time="156.316" classname="com.Shimla.tc.TC003_HPBasicDetails"/>
  <testcase name="basicDetails" time="155.473" classname="com.Shimla.tc.TC003_HPBasicDetails"/>
  <testcase name="basicDetails" time="160.358" classname="com.Shimla.tc.TC003_HPBasicDetails"/>
  <testcase name="basicDetails" time="156.494" classname="com.Shimla.tc.TC003_HPBasicDetails"/>
  <testcase name="basicDetails" time="156.239" classname="com.Shimla.tc.TC003_HPBasicDetails"/>
  <testcase name="basicDetails" time="160.845" classname="com.Shimla.tc.TC003_HPBasicDetails"/>
  <testcase name="basicDetails" time="160.969" classname="com.Shimla.tc.TC003_HPBasicDetails"/>
  <testcase name="basicDetails" time="156.611" classname="com.Shimla.tc.TC003_HPBasicDetails"/>
  <testcase name="basicDetails" time="156.391" classname="com.Shimla.tc.TC003_HPBasicDetails"/>
  <testcase name="basicDetails" time="156.923" classname="com.Shimla.tc.TC003_HPBasicDetails"/>
  <testcase name="basicDetails" time="156.252" classname="com.Shimla.tc.TC003_HPBasicDetails"/>
  <testcase name="basicDetails" time="161.179" classname="com.Shimla.tc.TC003_HPBasicDetails"/>
  <testcase name="basicDetails" time="160.509" classname="com.Shimla.tc.TC003_HPBasicDetails"/>
  <testcase name="basicDetails" time="160.500" classname="com.Shimla.tc.TC003_HPBasicDetails"/>
  <testcase name="basicDetails" time="156.556" classname="com.Shimla.tc.TC003_HPBasicDetails"/>
  <testcase name="basicDetails" time="156.241" classname="com.Shimla.tc.TC003_HPBasicDetails"/>
  <testcase name="basicDetails" time="156.580" classname="com.Shimla.tc.TC003_HPBasicDetails"/>
  <testcase name="basicDetails" time="155.607" classname="com.Shimla.tc.TC003_HPBasicDetails"/>
  <testcase name="basicDetails" time="159.713" classname="com.Shimla.tc.TC003_HPBasicDetails"/>
  <testcase name="basicDetails" time="156.392" classname="com.Shimla.tc.TC003_HPBasicDetails"/>
  <testcase name="basicDetails" time="156.638" classname="com.Shimla.tc.TC003_HPBasicDetails"/>
  <testcase name="basicDetails" time="156.374" classname="com.Shimla.tc.TC003_HPBasicDetails"/>
  <testcase name="basicDetails" time="156.384" classname="com.Shimla.tc.TC003_HPBasicDetails"/>
  <testcase name="basicDetails" time="156.641" classname="com.Shimla.tc.TC003_HPBasicDetails"/>
  <testcase name="basicDetails" time="156.517" classname="com.Shimla.tc.TC003_HPBasicDetails"/>
  <testcase name="basicDetails" time="155.695" classname="com.Shimla.tc.TC003_HPBasicDetails"/>
  <testcase name="basicDetails" time="161.312" classname="com.Shimla.tc.TC003_HPBasicDetails"/>
</testsuite> <!-- com.Shimla.tc.TC003_HPBasicDetails -->
