<?xml version="1.0" encoding="UTF-8"?>
<!-- Generated by org.testng.reporters.JUnitReportReporter -->
<testsuite hostname="MAA011253A" failures="0" tests="48" name="com.CRP.tc.TC002_CRPBasicDetails" time="5703.589" errors="0" timestamp="2021-09-06T17:14:35 IST" skipped="0">
  <testcase classname="com.CRP.tc.TC002_CRPBasicDetails" name="basicDetails" time="118.046"/>
  <testcase classname="com.CRP.tc.TC002_CRPBasicDetails" name="basicDetails" time="121.431"/>
  <testcase classname="com.CRP.tc.TC002_CRPBasicDetails" name="basicDetails" time="117.950"/>
  <testcase classname="com.CRP.tc.TC002_CRPBasicDetails" name="basicDetails" time="118.397"/>
  <testcase classname="com.CRP.tc.TC002_CRPBasicDetails" name="basicDetails" time="119.506"/>
  <testcase classname="com.CRP.tc.TC002_CRPBasicDetails" name="basicDetails" time="118.258"/>
  <testcase classname="com.CRP.tc.TC002_CRPBasicDetails" name="basicDetails" time="118.463"/>
  <testcase classname="com.CRP.tc.TC002_CRPBasicDetails" name="basicDetails" time="119.081"/>
  <testcase classname="com.CRP.tc.TC002_CRPBasicDetails" name="basicDetails" time="118.229"/>
  <testcase classname="com.CRP.tc.TC002_CRPBasicDetails" name="basicDetails" time="118.301"/>
  <testcase classname="com.CRP.tc.TC002_CRPBasicDetails" name="basicDetails" time="118.956"/>
  <testcase classname="com.CRP.tc.TC002_CRPBasicDetails" name="basicDetails" time="118.628"/>
  <testcase classname="com.CRP.tc.TC002_CRPBasicDetails" name="basicDetails" time="119.118"/>
  <testcase classname="com.CRP.tc.TC002_CRPBasicDetails" name="basicDetails" time="117.963"/>
  <testcase classname="com.CRP.tc.TC002_CRPBasicDetails" name="basicDetails" time="119.399"/>
  <testcase classname="com.CRP.tc.TC002_CRPBasicDetails" name="basicDetails" time="119.803"/>
  <testcase classname="com.CRP.tc.TC002_CRPBasicDetails" name="basicDetails" time="118.824"/>
  <testcase classname="com.CRP.tc.TC002_CRPBasicDetails" name="basicDetails" time="119.249"/>
  <testcase classname="com.CRP.tc.TC002_CRPBasicDetails" name="basicDetails" time="117.968"/>
  <testcase classname="com.CRP.tc.TC002_CRPBasicDetails" name="basicDetails" time="117.854"/>
  <testcase classname="com.CRP.tc.TC002_CRPBasicDetails" name="basicDetails" time="117.847"/>
  <testcase classname="com.CRP.tc.TC002_CRPBasicDetails" name="basicDetails" time="118.595"/>
  <testcase classname="com.CRP.tc.TC002_CRPBasicDetails" name="basicDetails" time="119.477"/>
  <testcase classname="com.CRP.tc.TC002_CRPBasicDetails" name="basicDetails" time="119.110"/>
  <testcase classname="com.CRP.tc.TC002_CRPBasicDetails" name="basicDetails" time="118.226"/>
  <testcase classname="com.CRP.tc.TC002_CRPBasicDetails" name="basicDetails" time="118.534"/>
  <testcase classname="com.CRP.tc.TC002_CRPBasicDetails" name="basicDetails" time="119.084"/>
  <testcase classname="com.CRP.tc.TC002_CRPBasicDetails" name="basicDetails" time="118.940"/>
  <testcase classname="com.CRP.tc.TC002_CRPBasicDetails" name="basicDetails" time="118.961"/>
  <testcase classname="com.CRP.tc.TC002_CRPBasicDetails" name="basicDetails" time="119.148"/>
  <testcase classname="com.CRP.tc.TC002_CRPBasicDetails" name="basicDetails" time="119.409"/>
  <testcase classname="com.CRP.tc.TC002_CRPBasicDetails" name="basicDetails" time="117.843"/>
  <testcase classname="com.CRP.tc.TC002_CRPBasicDetails" name="basicDetails" time="118.276"/>
  <testcase classname="com.CRP.tc.TC002_CRPBasicDetails" name="basicDetails" time="119.659"/>
  <testcase classname="com.CRP.tc.TC002_CRPBasicDetails" name="basicDetails" time="119.019"/>
  <testcase classname="com.CRP.tc.TC002_CRPBasicDetails" name="basicDetails" time="118.032"/>
  <testcase classname="com.CRP.tc.TC002_CRPBasicDetails" name="basicDetails" time="119.287"/>
  <testcase classname="com.CRP.tc.TC002_CRPBasicDetails" name="basicDetails" time="119.914"/>
  <testcase classname="com.CRP.tc.TC002_CRPBasicDetails" name="basicDetails" time="119.002"/>
  <testcase classname="com.CRP.tc.TC002_CRPBasicDetails" name="basicDetails" time="119.959"/>
  <testcase classname="com.CRP.tc.TC002_CRPBasicDetails" name="basicDetails" time="117.422"/>
  <testcase classname="com.CRP.tc.TC002_CRPBasicDetails" name="basicDetails" time="118.624"/>
  <testcase classname="com.CRP.tc.TC002_CRPBasicDetails" name="basicDetails" time="119.603"/>
  <testcase classname="com.CRP.tc.TC002_CRPBasicDetails" name="basicDetails" time="118.930"/>
  <testcase classname="com.CRP.tc.TC002_CRPBasicDetails" name="basicDetails" time="117.819"/>
  <testcase classname="com.CRP.tc.TC002_CRPBasicDetails" name="basicDetails" time="118.098"/>
  <testcase classname="com.CRP.tc.TC002_CRPBasicDetails" name="basicDetails" time="119.697"/>
  <testcase classname="com.CRP.tc.TC002_CRPBasicDetails" name="basicDetails" time="119.650"/>
</testsuite> <!-- com.CRP.tc.TC002_CRPBasicDetails -->
