<?xml version="1.0" encoding="UTF-8"?>
<!-- Generated by org.testng.reporters.JUnitReportReporter -->
<testsuite skipped="0" hostname="MAA014482B" name="com.RCRB.tc.TC004_RCRBBasicDetails" tests="70" failures="0" timestamp="2022-12-22T21:06:36 IST" time="11562.821" errors="0">
  <testcase name="basicDetails" time="187.774" classname="com.RCRB.tc.TC004_RCRBBasicDetails"/>
  <testcase name="basicDetails" time="166.417" classname="com.RCRB.tc.TC004_RCRBBasicDetails"/>
  <testcase name="basicDetails" time="161.707" classname="com.RCRB.tc.TC004_RCRBBasicDetails"/>
  <testcase name="basicDetails" time="169.844" classname="com.RCRB.tc.TC004_RCRBBasicDetails"/>
  <testcase name="basicDetails" time="165.176" classname="com.RCRB.tc.TC004_RCRBBasicDetails"/>
  <testcase name="basicDetails" time="164.850" classname="com.RCRB.tc.TC004_RCRBBasicDetails"/>
  <testcase name="basicDetails" time="165.073" classname="com.RCRB.tc.TC004_RCRBBasicDetails"/>
  <testcase name="basicDetails" time="166.161" classname="com.RCRB.tc.TC004_RCRBBasicDetails"/>
  <testcase name="basicDetails" time="164.729" classname="com.RCRB.tc.TC004_RCRBBasicDetails"/>
  <testcase name="basicDetails" time="164.927" classname="com.RCRB.tc.TC004_RCRBBasicDetails"/>
  <testcase name="basicDetails" time="164.906" classname="com.RCRB.tc.TC004_RCRBBasicDetails"/>
  <testcase name="basicDetails" time="160.571" classname="com.RCRB.tc.TC004_RCRBBasicDetails"/>
  <testcase name="basicDetails" time="166.054" classname="com.RCRB.tc.TC004_RCRBBasicDetails"/>
  <testcase name="basicDetails" time="164.956" classname="com.RCRB.tc.TC004_RCRBBasicDetails"/>
  <testcase name="basicDetails" time="187.815" classname="com.RCRB.tc.TC004_RCRBBasicDetails"/>
  <testcase name="basicDetails" time="166.280" classname="com.RCRB.tc.TC004_RCRBBasicDetails"/>
  <testcase name="basicDetails" time="160.302" classname="com.RCRB.tc.TC004_RCRBBasicDetails"/>
  <testcase name="basicDetails" time="164.625" classname="com.RCRB.tc.TC004_RCRBBasicDetails"/>
  <testcase name="basicDetails" time="159.537" classname="com.RCRB.tc.TC004_RCRBBasicDetails"/>
  <testcase name="basicDetails" time="187.736" classname="com.RCRB.tc.TC004_RCRBBasicDetails"/>
  <testcase name="basicDetails" time="166.224" classname="com.RCRB.tc.TC004_RCRBBasicDetails"/>
  <testcase name="basicDetails" time="165.196" classname="com.RCRB.tc.TC004_RCRBBasicDetails"/>
  <testcase name="basicDetails" time="160.781" classname="com.RCRB.tc.TC004_RCRBBasicDetails"/>
  <testcase name="basicDetails" time="160.527" classname="com.RCRB.tc.TC004_RCRBBasicDetails"/>
  <testcase name="basicDetails" time="160.756" classname="com.RCRB.tc.TC004_RCRBBasicDetails"/>
  <testcase name="basicDetails" time="160.710" classname="com.RCRB.tc.TC004_RCRBBasicDetails"/>
  <testcase name="basicDetails" time="164.907" classname="com.RCRB.tc.TC004_RCRBBasicDetails"/>
  <testcase name="basicDetails" time="165.115" classname="com.RCRB.tc.TC004_RCRBBasicDetails"/>
  <testcase name="basicDetails" time="165.269" classname="com.RCRB.tc.TC004_RCRBBasicDetails"/>
  <testcase name="basicDetails" time="160.608" classname="com.RCRB.tc.TC004_RCRBBasicDetails"/>
  <testcase name="basicDetails" time="159.326" classname="com.RCRB.tc.TC004_RCRBBasicDetails"/>
  <testcase name="basicDetails" time="161.896" classname="com.RCRB.tc.TC004_RCRBBasicDetails"/>
  <testcase name="basicDetails" time="164.896" classname="com.RCRB.tc.TC004_RCRBBasicDetails"/>
  <testcase name="basicDetails" time="162.097" classname="com.RCRB.tc.TC004_RCRBBasicDetails"/>
  <testcase name="basicDetails" time="164.929" classname="com.RCRB.tc.TC004_RCRBBasicDetails"/>
  <testcase name="basicDetails" time="160.616" classname="com.RCRB.tc.TC004_RCRBBasicDetails"/>
  <testcase name="basicDetails" time="166.421" classname="com.RCRB.tc.TC004_RCRBBasicDetails"/>
  <testcase name="basicDetails" time="189.282" classname="com.RCRB.tc.TC004_RCRBBasicDetails"/>
  <testcase name="basicDetails" time="160.653" classname="com.RCRB.tc.TC004_RCRBBasicDetails"/>
  <testcase name="basicDetails" time="165.167" classname="com.RCRB.tc.TC004_RCRBBasicDetails"/>
  <testcase name="basicDetails" time="164.464" classname="com.RCRB.tc.TC004_RCRBBasicDetails"/>
  <testcase name="basicDetails" time="165.360" classname="com.RCRB.tc.TC004_RCRBBasicDetails"/>
  <testcase name="basicDetails" time="164.765" classname="com.RCRB.tc.TC004_RCRBBasicDetails"/>
  <testcase name="basicDetails" time="165.006" classname="com.RCRB.tc.TC004_RCRBBasicDetails"/>
  <testcase name="basicDetails" time="164.873" classname="com.RCRB.tc.TC004_RCRBBasicDetails"/>
  <testcase name="basicDetails" time="164.341" classname="com.RCRB.tc.TC004_RCRBBasicDetails"/>
  <testcase name="basicDetails" time="164.878" classname="com.RCRB.tc.TC004_RCRBBasicDetails"/>
  <testcase name="basicDetails" time="166.003" classname="com.RCRB.tc.TC004_RCRBBasicDetails"/>
  <testcase name="basicDetails" time="166.188" classname="com.RCRB.tc.TC004_RCRBBasicDetails"/>
  <testcase name="basicDetails" time="160.055" classname="com.RCRB.tc.TC004_RCRBBasicDetails"/>
  <testcase name="basicDetails" time="164.958" classname="com.RCRB.tc.TC004_RCRBBasicDetails"/>
  <testcase name="basicDetails" time="164.971" classname="com.RCRB.tc.TC004_RCRBBasicDetails"/>
  <testcase name="basicDetails" time="166.323" classname="com.RCRB.tc.TC004_RCRBBasicDetails"/>
  <testcase name="basicDetails" time="160.618" classname="com.RCRB.tc.TC004_RCRBBasicDetails"/>
  <testcase name="basicDetails" time="160.807" classname="com.RCRB.tc.TC004_RCRBBasicDetails"/>
  <testcase name="basicDetails" time="164.217" classname="com.RCRB.tc.TC004_RCRBBasicDetails"/>
  <testcase name="basicDetails" time="164.428" classname="com.RCRB.tc.TC004_RCRBBasicDetails"/>
  <testcase name="basicDetails" time="160.117" classname="com.RCRB.tc.TC004_RCRBBasicDetails"/>
  <testcase name="basicDetails" time="166.326" classname="com.RCRB.tc.TC004_RCRBBasicDetails"/>
  <testcase name="basicDetails" time="165.475" classname="com.RCRB.tc.TC004_RCRBBasicDetails"/>
  <testcase name="basicDetails" time="164.841" classname="com.RCRB.tc.TC004_RCRBBasicDetails"/>
  <testcase name="basicDetails" time="165.984" classname="com.RCRB.tc.TC004_RCRBBasicDetails"/>
  <testcase name="basicDetails" time="160.579" classname="com.RCRB.tc.TC004_RCRBBasicDetails"/>
  <testcase name="basicDetails" time="165.133" classname="com.RCRB.tc.TC004_RCRBBasicDetails"/>
  <testcase name="basicDetails" time="162.265" classname="com.RCRB.tc.TC004_RCRBBasicDetails"/>
  <testcase name="basicDetails" time="161.578" classname="com.RCRB.tc.TC004_RCRBBasicDetails"/>
  <testcase name="basicDetails" time="164.319" classname="com.RCRB.tc.TC004_RCRBBasicDetails"/>
  <testcase name="basicDetails" time="160.599" classname="com.RCRB.tc.TC004_RCRBBasicDetails"/>
  <testcase name="basicDetails" time="162.246" classname="com.RCRB.tc.TC004_RCRBBasicDetails"/>
  <testcase name="basicDetails" time="166.288" classname="com.RCRB.tc.TC004_RCRBBasicDetails"/>
</testsuite> <!-- com.RCRB.tc.TC004_RCRBBasicDetails -->
