<?xml version="1.0" encoding="UTF-8"?>
<!-- Generated by org.testng.reporters.JUnitReportReporter -->
<testsuite hostname="MAA011253A" failures="0" tests="112" name="com.PNB.tc.TC004_PNBBasicDetails" time="7291.041" errors="16" timestamp="2020-07-07T16:03:00 IST" skipped="0">
  <testcase classname="com.PNB.tc.TC004_PNBBasicDetails" name="basicDetails" time="1.002">
    <error type="java.lang.NullPointerException">
      <![CDATA[java.lang.NullPointerException
at com.ibps.pages.PersonalDetailsPage.selectDropDownUsingIndexNew(PersonalDetailsPage.java:299)
at com.PNB.tc.TC004_PNBBasicDetails.basicDetails(TC004_PNBBasicDetails.java:36)
at jdk.internal.reflect.GeneratedMethodAccessor91.invoke(Unknown Source)
at java.base/jdk.internal.reflect.DelegatingMethodAccessorImpl.invoke(Unknown Source)
at java.base/java.lang.reflect.Method.invoke(Unknown Source)
at org.testng.internal.MethodInvocationHelper.invokeMethod(MethodInvocationHelper.java:133)
at org.testng.internal.TestInvoker.invokeMethod(TestInvoker.java:584)
at org.testng.internal.TestInvoker.invokeTestMethod(TestInvoker.java:172)
at org.testng.internal.MethodRunner.runInSequence(MethodRunner.java:46)
at org.testng.internal.TestInvoker$MethodInvocationAgent.invoke(TestInvoker.java:804)
at org.testng.internal.TestInvoker.invokeTestMethods(TestInvoker.java:145)
at org.testng.internal.TestMethodWorker.invokeTestMethods(TestMethodWorker.java:146)
at org.testng.internal.TestMethodWorker.run(TestMethodWorker.java:128)
at java.base/java.util.concurrent.ThreadPoolExecutor.runWorker(Unknown Source)
at java.base/java.util.concurrent.ThreadPoolExecutor$Worker.run(Unknown Source)
at java.base/java.lang.Thread.run(Unknown Source)
]]>
    </error>
  </testcase> <!-- basicDetails -->
  <testcase classname="com.PNB.tc.TC004_PNBBasicDetails" name="basicDetails" time="76.450"/>
  <testcase classname="com.PNB.tc.TC004_PNBBasicDetails" name="basicDetails" time="76.206"/>
  <testcase classname="com.PNB.tc.TC004_PNBBasicDetails" name="basicDetails" time="73.628"/>
  <testcase classname="com.PNB.tc.TC004_PNBBasicDetails" name="basicDetails" time="75.622"/>
  <testcase classname="com.PNB.tc.TC004_PNBBasicDetails" name="basicDetails" time="75.108"/>
  <testcase classname="com.PNB.tc.TC004_PNBBasicDetails" name="basicDetails" time="82.068"/>
  <testcase classname="com.PNB.tc.TC004_PNBBasicDetails" name="basicDetails" time="78.906"/>
  <testcase classname="com.PNB.tc.TC004_PNBBasicDetails" name="basicDetails" time="76.018"/>
  <testcase classname="com.PNB.tc.TC004_PNBBasicDetails" name="basicDetails" time="75.420"/>
  <testcase classname="com.PNB.tc.TC004_PNBBasicDetails" name="basicDetails" time="77.470"/>
  <testcase classname="com.PNB.tc.TC004_PNBBasicDetails" name="basicDetails" time="78.235"/>
  <testcase classname="com.PNB.tc.TC004_PNBBasicDetails" name="basicDetails" time="1.005">
    <error type="java.lang.NullPointerException">
      <![CDATA[java.lang.NullPointerException
at com.ibps.pages.PersonalDetailsPage.selectDropDownUsingIndexNew(PersonalDetailsPage.java:299)
at com.PNB.tc.TC004_PNBBasicDetails.basicDetails(TC004_PNBBasicDetails.java:36)
at jdk.internal.reflect.GeneratedMethodAccessor91.invoke(Unknown Source)
at java.base/jdk.internal.reflect.DelegatingMethodAccessorImpl.invoke(Unknown Source)
at java.base/java.lang.reflect.Method.invoke(Unknown Source)
at org.testng.internal.MethodInvocationHelper.invokeMethod(MethodInvocationHelper.java:133)
at org.testng.internal.TestInvoker.invokeMethod(TestInvoker.java:584)
at org.testng.internal.TestInvoker.invokeTestMethod(TestInvoker.java:172)
at org.testng.internal.MethodRunner.runInSequence(MethodRunner.java:46)
at org.testng.internal.TestInvoker$MethodInvocationAgent.invoke(TestInvoker.java:804)
at org.testng.internal.TestInvoker.invokeTestMethods(TestInvoker.java:145)
at org.testng.internal.TestMethodWorker.invokeTestMethods(TestMethodWorker.java:146)
at org.testng.internal.TestMethodWorker.run(TestMethodWorker.java:128)
at java.base/java.util.concurrent.ThreadPoolExecutor.runWorker(Unknown Source)
at java.base/java.util.concurrent.ThreadPoolExecutor$Worker.run(Unknown Source)
at java.base/java.lang.Thread.run(Unknown Source)
]]>
    </error>
  </testcase> <!-- basicDetails -->
  <testcase classname="com.PNB.tc.TC004_PNBBasicDetails" name="basicDetails" time="76.811"/>
  <testcase classname="com.PNB.tc.TC004_PNBBasicDetails" name="basicDetails" time="74.793"/>
  <testcase classname="com.PNB.tc.TC004_PNBBasicDetails" name="basicDetails" time="73.472"/>
  <testcase classname="com.PNB.tc.TC004_PNBBasicDetails" name="basicDetails" time="78.105"/>
  <testcase classname="com.PNB.tc.TC004_PNBBasicDetails" name="basicDetails" time="77.317"/>
  <testcase classname="com.PNB.tc.TC004_PNBBasicDetails" name="basicDetails" time="75.732"/>
  <testcase classname="com.PNB.tc.TC004_PNBBasicDetails" name="basicDetails" time="74.414"/>
  <testcase classname="com.PNB.tc.TC004_PNBBasicDetails" name="basicDetails" time="73.558"/>
  <testcase classname="com.PNB.tc.TC004_PNBBasicDetails" name="basicDetails" time="74.867"/>
  <testcase classname="com.PNB.tc.TC004_PNBBasicDetails" name="basicDetails" time="78.154"/>
  <testcase classname="com.PNB.tc.TC004_PNBBasicDetails" name="basicDetails" time="1.019">
    <error type="java.lang.NullPointerException">
      <![CDATA[java.lang.NullPointerException
at com.ibps.pages.PersonalDetailsPage.selectDropDownUsingIndexNew(PersonalDetailsPage.java:299)
at com.PNB.tc.TC004_PNBBasicDetails.basicDetails(TC004_PNBBasicDetails.java:36)
at jdk.internal.reflect.GeneratedMethodAccessor91.invoke(Unknown Source)
at java.base/jdk.internal.reflect.DelegatingMethodAccessorImpl.invoke(Unknown Source)
at java.base/java.lang.reflect.Method.invoke(Unknown Source)
at org.testng.internal.MethodInvocationHelper.invokeMethod(MethodInvocationHelper.java:133)
at org.testng.internal.TestInvoker.invokeMethod(TestInvoker.java:584)
at org.testng.internal.TestInvoker.invokeTestMethod(TestInvoker.java:172)
at org.testng.internal.MethodRunner.runInSequence(MethodRunner.java:46)
at org.testng.internal.TestInvoker$MethodInvocationAgent.invoke(TestInvoker.java:804)
at org.testng.internal.TestInvoker.invokeTestMethods(TestInvoker.java:145)
at org.testng.internal.TestMethodWorker.invokeTestMethods(TestMethodWorker.java:146)
at org.testng.internal.TestMethodWorker.run(TestMethodWorker.java:128)
at java.base/java.util.concurrent.ThreadPoolExecutor.runWorker(Unknown Source)
at java.base/java.util.concurrent.ThreadPoolExecutor$Worker.run(Unknown Source)
at java.base/java.lang.Thread.run(Unknown Source)
]]>
    </error>
  </testcase> <!-- basicDetails -->
  <testcase classname="com.PNB.tc.TC004_PNBBasicDetails" name="basicDetails" time="1.109">
    <error type="java.lang.NullPointerException">
      <![CDATA[java.lang.NullPointerException
at com.ibps.pages.PersonalDetailsPage.selectDropDownUsingIndexNew(PersonalDetailsPage.java:299)
at com.PNB.tc.TC004_PNBBasicDetails.basicDetails(TC004_PNBBasicDetails.java:36)
at jdk.internal.reflect.GeneratedMethodAccessor91.invoke(Unknown Source)
at java.base/jdk.internal.reflect.DelegatingMethodAccessorImpl.invoke(Unknown Source)
at java.base/java.lang.reflect.Method.invoke(Unknown Source)
at org.testng.internal.MethodInvocationHelper.invokeMethod(MethodInvocationHelper.java:133)
at org.testng.internal.TestInvoker.invokeMethod(TestInvoker.java:584)
at org.testng.internal.TestInvoker.invokeTestMethod(TestInvoker.java:172)
at org.testng.internal.MethodRunner.runInSequence(MethodRunner.java:46)
at org.testng.internal.TestInvoker$MethodInvocationAgent.invoke(TestInvoker.java:804)
at org.testng.internal.TestInvoker.invokeTestMethods(TestInvoker.java:145)
at org.testng.internal.TestMethodWorker.invokeTestMethods(TestMethodWorker.java:146)
at org.testng.internal.TestMethodWorker.run(TestMethodWorker.java:128)
at java.base/java.util.concurrent.ThreadPoolExecutor.runWorker(Unknown Source)
at java.base/java.util.concurrent.ThreadPoolExecutor$Worker.run(Unknown Source)
at java.base/java.lang.Thread.run(Unknown Source)
]]>
    </error>
  </testcase> <!-- basicDetails -->
  <testcase classname="com.PNB.tc.TC004_PNBBasicDetails" name="basicDetails" time="76.643"/>
  <testcase classname="com.PNB.tc.TC004_PNBBasicDetails" name="basicDetails" time="74.704"/>
  <testcase classname="com.PNB.tc.TC004_PNBBasicDetails" name="basicDetails" time="77.474"/>
  <testcase classname="com.PNB.tc.TC004_PNBBasicDetails" name="basicDetails" time="75.896"/>
  <testcase classname="com.PNB.tc.TC004_PNBBasicDetails" name="basicDetails" time="73.815"/>
  <testcase classname="com.PNB.tc.TC004_PNBBasicDetails" name="basicDetails" time="82.551"/>
  <testcase classname="com.PNB.tc.TC004_PNBBasicDetails" name="basicDetails" time="75.894"/>
  <testcase classname="com.PNB.tc.TC004_PNBBasicDetails" name="basicDetails" time="73.638"/>
  <testcase classname="com.PNB.tc.TC004_PNBBasicDetails" name="basicDetails" time="76.328"/>
  <testcase classname="com.PNB.tc.TC004_PNBBasicDetails" name="basicDetails" time="73.204"/>
  <testcase classname="com.PNB.tc.TC004_PNBBasicDetails" name="basicDetails" time="77.456"/>
  <testcase classname="com.PNB.tc.TC004_PNBBasicDetails" name="basicDetails" time="74.839"/>
  <testcase classname="com.PNB.tc.TC004_PNBBasicDetails" name="basicDetails" time="73.840"/>
  <testcase classname="com.PNB.tc.TC004_PNBBasicDetails" name="basicDetails" time="75.006"/>
  <testcase classname="com.PNB.tc.TC004_PNBBasicDetails" name="basicDetails" time="73.604"/>
  <testcase classname="com.PNB.tc.TC004_PNBBasicDetails" name="basicDetails" time="1.022">
    <error type="java.lang.NullPointerException">
      <![CDATA[java.lang.NullPointerException
at com.ibps.pages.PersonalDetailsPage.selectDropDownUsingIndexNew(PersonalDetailsPage.java:299)
at com.PNB.tc.TC004_PNBBasicDetails.basicDetails(TC004_PNBBasicDetails.java:36)
at jdk.internal.reflect.GeneratedMethodAccessor91.invoke(Unknown Source)
at java.base/jdk.internal.reflect.DelegatingMethodAccessorImpl.invoke(Unknown Source)
at java.base/java.lang.reflect.Method.invoke(Unknown Source)
at org.testng.internal.MethodInvocationHelper.invokeMethod(MethodInvocationHelper.java:133)
at org.testng.internal.TestInvoker.invokeMethod(TestInvoker.java:584)
at org.testng.internal.TestInvoker.invokeTestMethod(TestInvoker.java:172)
at org.testng.internal.MethodRunner.runInSequence(MethodRunner.java:46)
at org.testng.internal.TestInvoker$MethodInvocationAgent.invoke(TestInvoker.java:804)
at org.testng.internal.TestInvoker.invokeTestMethods(TestInvoker.java:145)
at org.testng.internal.TestMethodWorker.invokeTestMethods(TestMethodWorker.java:146)
at org.testng.internal.TestMethodWorker.run(TestMethodWorker.java:128)
at java.base/java.util.concurrent.ThreadPoolExecutor.runWorker(Unknown Source)
at java.base/java.util.concurrent.ThreadPoolExecutor$Worker.run(Unknown Source)
at java.base/java.lang.Thread.run(Unknown Source)
]]>
    </error>
  </testcase> <!-- basicDetails -->
  <testcase classname="com.PNB.tc.TC004_PNBBasicDetails" name="basicDetails" time="73.127"/>
  <testcase classname="com.PNB.tc.TC004_PNBBasicDetails" name="basicDetails" time="73.572"/>
  <testcase classname="com.PNB.tc.TC004_PNBBasicDetails" name="basicDetails" time="72.992"/>
  <testcase classname="com.PNB.tc.TC004_PNBBasicDetails" name="basicDetails" time="73.788"/>
  <testcase classname="com.PNB.tc.TC004_PNBBasicDetails" name="basicDetails" time="74.279"/>
  <testcase classname="com.PNB.tc.TC004_PNBBasicDetails" name="basicDetails" time="75.822"/>
  <testcase classname="com.PNB.tc.TC004_PNBBasicDetails" name="basicDetails" time="78.238"/>
  <testcase classname="com.PNB.tc.TC004_PNBBasicDetails" name="basicDetails" time="1.032">
    <error type="java.lang.NullPointerException">
      <![CDATA[java.lang.NullPointerException
at com.ibps.pages.PersonalDetailsPage.selectDropDownUsingIndexNew(PersonalDetailsPage.java:299)
at com.PNB.tc.TC004_PNBBasicDetails.basicDetails(TC004_PNBBasicDetails.java:36)
at jdk.internal.reflect.GeneratedMethodAccessor91.invoke(Unknown Source)
at java.base/jdk.internal.reflect.DelegatingMethodAccessorImpl.invoke(Unknown Source)
at java.base/java.lang.reflect.Method.invoke(Unknown Source)
at org.testng.internal.MethodInvocationHelper.invokeMethod(MethodInvocationHelper.java:133)
at org.testng.internal.TestInvoker.invokeMethod(TestInvoker.java:584)
at org.testng.internal.TestInvoker.invokeTestMethod(TestInvoker.java:172)
at org.testng.internal.MethodRunner.runInSequence(MethodRunner.java:46)
at org.testng.internal.TestInvoker$MethodInvocationAgent.invoke(TestInvoker.java:804)
at org.testng.internal.TestInvoker.invokeTestMethods(TestInvoker.java:145)
at org.testng.internal.TestMethodWorker.invokeTestMethods(TestMethodWorker.java:146)
at org.testng.internal.TestMethodWorker.run(TestMethodWorker.java:128)
at java.base/java.util.concurrent.ThreadPoolExecutor.runWorker(Unknown Source)
at java.base/java.util.concurrent.ThreadPoolExecutor$Worker.run(Unknown Source)
at java.base/java.lang.Thread.run(Unknown Source)
]]>
    </error>
  </testcase> <!-- basicDetails -->
  <testcase classname="com.PNB.tc.TC004_PNBBasicDetails" name="basicDetails" time="73.194"/>
  <testcase classname="com.PNB.tc.TC004_PNBBasicDetails" name="basicDetails" time="75.225"/>
  <testcase classname="com.PNB.tc.TC004_PNBBasicDetails" name="basicDetails" time="74.961"/>
  <testcase classname="com.PNB.tc.TC004_PNBBasicDetails" name="basicDetails" time="1.977">
    <error type="java.lang.NullPointerException">
      <![CDATA[java.lang.NullPointerException
at com.ibps.pages.PersonalDetailsPage.selectDropDownUsingIndexNew(PersonalDetailsPage.java:299)
at com.PNB.tc.TC004_PNBBasicDetails.basicDetails(TC004_PNBBasicDetails.java:36)
at jdk.internal.reflect.GeneratedMethodAccessor91.invoke(Unknown Source)
at java.base/jdk.internal.reflect.DelegatingMethodAccessorImpl.invoke(Unknown Source)
at java.base/java.lang.reflect.Method.invoke(Unknown Source)
at org.testng.internal.MethodInvocationHelper.invokeMethod(MethodInvocationHelper.java:133)
at org.testng.internal.TestInvoker.invokeMethod(TestInvoker.java:584)
at org.testng.internal.TestInvoker.invokeTestMethod(TestInvoker.java:172)
at org.testng.internal.MethodRunner.runInSequence(MethodRunner.java:46)
at org.testng.internal.TestInvoker$MethodInvocationAgent.invoke(TestInvoker.java:804)
at org.testng.internal.TestInvoker.invokeTestMethods(TestInvoker.java:145)
at org.testng.internal.TestMethodWorker.invokeTestMethods(TestMethodWorker.java:146)
at org.testng.internal.TestMethodWorker.run(TestMethodWorker.java:128)
at java.base/java.util.concurrent.ThreadPoolExecutor.runWorker(Unknown Source)
at java.base/java.util.concurrent.ThreadPoolExecutor$Worker.run(Unknown Source)
at java.base/java.lang.Thread.run(Unknown Source)
]]>
    </error>
  </testcase> <!-- basicDetails -->
  <testcase classname="com.PNB.tc.TC004_PNBBasicDetails" name="basicDetails" time="1.015">
    <error type="java.lang.NullPointerException">
      <![CDATA[java.lang.NullPointerException
at com.ibps.pages.PersonalDetailsPage.selectDropDownUsingIndexNew(PersonalDetailsPage.java:299)
at com.PNB.tc.TC004_PNBBasicDetails.basicDetails(TC004_PNBBasicDetails.java:36)
at jdk.internal.reflect.GeneratedMethodAccessor91.invoke(Unknown Source)
at java.base/jdk.internal.reflect.DelegatingMethodAccessorImpl.invoke(Unknown Source)
at java.base/java.lang.reflect.Method.invoke(Unknown Source)
at org.testng.internal.MethodInvocationHelper.invokeMethod(MethodInvocationHelper.java:133)
at org.testng.internal.TestInvoker.invokeMethod(TestInvoker.java:584)
at org.testng.internal.TestInvoker.invokeTestMethod(TestInvoker.java:172)
at org.testng.internal.MethodRunner.runInSequence(MethodRunner.java:46)
at org.testng.internal.TestInvoker$MethodInvocationAgent.invoke(TestInvoker.java:804)
at org.testng.internal.TestInvoker.invokeTestMethods(TestInvoker.java:145)
at org.testng.internal.TestMethodWorker.invokeTestMethods(TestMethodWorker.java:146)
at org.testng.internal.TestMethodWorker.run(TestMethodWorker.java:128)
at java.base/java.util.concurrent.ThreadPoolExecutor.runWorker(Unknown Source)
at java.base/java.util.concurrent.ThreadPoolExecutor$Worker.run(Unknown Source)
at java.base/java.lang.Thread.run(Unknown Source)
]]>
    </error>
  </testcase> <!-- basicDetails -->
  <testcase classname="com.PNB.tc.TC004_PNBBasicDetails" name="basicDetails" time="73.330"/>
  <testcase classname="com.PNB.tc.TC004_PNBBasicDetails" name="basicDetails" time="74.286"/>
  <testcase classname="com.PNB.tc.TC004_PNBBasicDetails" name="basicDetails" time="74.778"/>
  <testcase classname="com.PNB.tc.TC004_PNBBasicDetails" name="basicDetails" time="74.526"/>
  <testcase classname="com.PNB.tc.TC004_PNBBasicDetails" name="basicDetails" time="74.994"/>
  <testcase classname="com.PNB.tc.TC004_PNBBasicDetails" name="basicDetails" time="1.094">
    <error type="java.lang.NullPointerException">
      <![CDATA[java.lang.NullPointerException
at com.ibps.pages.PersonalDetailsPage.selectDropDownUsingIndexNew(PersonalDetailsPage.java:299)
at com.PNB.tc.TC004_PNBBasicDetails.basicDetails(TC004_PNBBasicDetails.java:36)
at jdk.internal.reflect.GeneratedMethodAccessor91.invoke(Unknown Source)
at java.base/jdk.internal.reflect.DelegatingMethodAccessorImpl.invoke(Unknown Source)
at java.base/java.lang.reflect.Method.invoke(Unknown Source)
at org.testng.internal.MethodInvocationHelper.invokeMethod(MethodInvocationHelper.java:133)
at org.testng.internal.TestInvoker.invokeMethod(TestInvoker.java:584)
at org.testng.internal.TestInvoker.invokeTestMethod(TestInvoker.java:172)
at org.testng.internal.MethodRunner.runInSequence(MethodRunner.java:46)
at org.testng.internal.TestInvoker$MethodInvocationAgent.invoke(TestInvoker.java:804)
at org.testng.internal.TestInvoker.invokeTestMethods(TestInvoker.java:145)
at org.testng.internal.TestMethodWorker.invokeTestMethods(TestMethodWorker.java:146)
at org.testng.internal.TestMethodWorker.run(TestMethodWorker.java:128)
at java.base/java.util.concurrent.ThreadPoolExecutor.runWorker(Unknown Source)
at java.base/java.util.concurrent.ThreadPoolExecutor$Worker.run(Unknown Source)
at java.base/java.lang.Thread.run(Unknown Source)
]]>
    </error>
  </testcase> <!-- basicDetails -->
  <testcase classname="com.PNB.tc.TC004_PNBBasicDetails" name="basicDetails" time="82.785"/>
  <testcase classname="com.PNB.tc.TC004_PNBBasicDetails" name="basicDetails" time="73.083"/>
  <testcase classname="com.PNB.tc.TC004_PNBBasicDetails" name="basicDetails" time="1.347">
    <error type="java.lang.NullPointerException">
      <![CDATA[java.lang.NullPointerException
at com.ibps.pages.PersonalDetailsPage.selectDropDownUsingIndexNew(PersonalDetailsPage.java:299)
at com.PNB.tc.TC004_PNBBasicDetails.basicDetails(TC004_PNBBasicDetails.java:36)
at jdk.internal.reflect.GeneratedMethodAccessor91.invoke(Unknown Source)
at java.base/jdk.internal.reflect.DelegatingMethodAccessorImpl.invoke(Unknown Source)
at java.base/java.lang.reflect.Method.invoke(Unknown Source)
at org.testng.internal.MethodInvocationHelper.invokeMethod(MethodInvocationHelper.java:133)
at org.testng.internal.TestInvoker.invokeMethod(TestInvoker.java:584)
at org.testng.internal.TestInvoker.invokeTestMethod(TestInvoker.java:172)
at org.testng.internal.MethodRunner.runInSequence(MethodRunner.java:46)
at org.testng.internal.TestInvoker$MethodInvocationAgent.invoke(TestInvoker.java:804)
at org.testng.internal.TestInvoker.invokeTestMethods(TestInvoker.java:145)
at org.testng.internal.TestMethodWorker.invokeTestMethods(TestMethodWorker.java:146)
at org.testng.internal.TestMethodWorker.run(TestMethodWorker.java:128)
at java.base/java.util.concurrent.ThreadPoolExecutor.runWorker(Unknown Source)
at java.base/java.util.concurrent.ThreadPoolExecutor$Worker.run(Unknown Source)
at java.base/java.lang.Thread.run(Unknown Source)
]]>
    </error>
  </testcase> <!-- basicDetails -->
  <testcase classname="com.PNB.tc.TC004_PNBBasicDetails" name="basicDetails" time="75.446"/>
  <testcase classname="com.PNB.tc.TC004_PNBBasicDetails" name="basicDetails" time="76.252"/>
  <testcase classname="com.PNB.tc.TC004_PNBBasicDetails" name="basicDetails" time="73.521"/>
  <testcase classname="com.PNB.tc.TC004_PNBBasicDetails" name="basicDetails" time="75.093"/>
  <testcase classname="com.PNB.tc.TC004_PNBBasicDetails" name="basicDetails" time="77.507"/>
  <testcase classname="com.PNB.tc.TC004_PNBBasicDetails" name="basicDetails" time="76.294"/>
  <testcase classname="com.PNB.tc.TC004_PNBBasicDetails" name="basicDetails" time="76.631"/>
  <testcase classname="com.PNB.tc.TC004_PNBBasicDetails" name="basicDetails" time="78.592"/>
  <testcase classname="com.PNB.tc.TC004_PNBBasicDetails" name="basicDetails" time="73.353"/>
  <testcase classname="com.PNB.tc.TC004_PNBBasicDetails" name="basicDetails" time="1.067">
    <error type="java.lang.NullPointerException">
      <![CDATA[java.lang.NullPointerException
at com.ibps.pages.PersonalDetailsPage.selectDropDownUsingIndexNew(PersonalDetailsPage.java:299)
at com.PNB.tc.TC004_PNBBasicDetails.basicDetails(TC004_PNBBasicDetails.java:36)
at jdk.internal.reflect.GeneratedMethodAccessor91.invoke(Unknown Source)
at java.base/jdk.internal.reflect.DelegatingMethodAccessorImpl.invoke(Unknown Source)
at java.base/java.lang.reflect.Method.invoke(Unknown Source)
at org.testng.internal.MethodInvocationHelper.invokeMethod(MethodInvocationHelper.java:133)
at org.testng.internal.TestInvoker.invokeMethod(TestInvoker.java:584)
at org.testng.internal.TestInvoker.invokeTestMethod(TestInvoker.java:172)
at org.testng.internal.MethodRunner.runInSequence(MethodRunner.java:46)
at org.testng.internal.TestInvoker$MethodInvocationAgent.invoke(TestInvoker.java:804)
at org.testng.internal.TestInvoker.invokeTestMethods(TestInvoker.java:145)
at org.testng.internal.TestMethodWorker.invokeTestMethods(TestMethodWorker.java:146)
at org.testng.internal.TestMethodWorker.run(TestMethodWorker.java:128)
at java.base/java.util.concurrent.ThreadPoolExecutor.runWorker(Unknown Source)
at java.base/java.util.concurrent.ThreadPoolExecutor$Worker.run(Unknown Source)
at java.base/java.lang.Thread.run(Unknown Source)
]]>
    </error>
  </testcase> <!-- basicDetails -->
  <testcase classname="com.PNB.tc.TC004_PNBBasicDetails" name="basicDetails" time="74.669"/>
  <testcase classname="com.PNB.tc.TC004_PNBBasicDetails" name="basicDetails" time="1.296">
    <error type="java.lang.NullPointerException">
      <![CDATA[java.lang.NullPointerException
at com.ibps.pages.PersonalDetailsPage.selectDropDownUsingIndexNew(PersonalDetailsPage.java:299)
at com.PNB.tc.TC004_PNBBasicDetails.basicDetails(TC004_PNBBasicDetails.java:36)
at jdk.internal.reflect.GeneratedMethodAccessor91.invoke(Unknown Source)
at java.base/jdk.internal.reflect.DelegatingMethodAccessorImpl.invoke(Unknown Source)
at java.base/java.lang.reflect.Method.invoke(Unknown Source)
at org.testng.internal.MethodInvocationHelper.invokeMethod(MethodInvocationHelper.java:133)
at org.testng.internal.TestInvoker.invokeMethod(TestInvoker.java:584)
at org.testng.internal.TestInvoker.invokeTestMethod(TestInvoker.java:172)
at org.testng.internal.MethodRunner.runInSequence(MethodRunner.java:46)
at org.testng.internal.TestInvoker$MethodInvocationAgent.invoke(TestInvoker.java:804)
at org.testng.internal.TestInvoker.invokeTestMethods(TestInvoker.java:145)
at org.testng.internal.TestMethodWorker.invokeTestMethods(TestMethodWorker.java:146)
at org.testng.internal.TestMethodWorker.run(TestMethodWorker.java:128)
at java.base/java.util.concurrent.ThreadPoolExecutor.runWorker(Unknown Source)
at java.base/java.util.concurrent.ThreadPoolExecutor$Worker.run(Unknown Source)
at java.base/java.lang.Thread.run(Unknown Source)
]]>
    </error>
  </testcase> <!-- basicDetails -->
  <testcase classname="com.PNB.tc.TC004_PNBBasicDetails" name="basicDetails" time="79.030"/>
  <testcase classname="com.PNB.tc.TC004_PNBBasicDetails" name="basicDetails" time="0.993">
    <error type="java.lang.NullPointerException">
      <![CDATA[java.lang.NullPointerException
at com.ibps.pages.PersonalDetailsPage.selectDropDownUsingIndexNew(PersonalDetailsPage.java:299)
at com.PNB.tc.TC004_PNBBasicDetails.basicDetails(TC004_PNBBasicDetails.java:36)
at jdk.internal.reflect.GeneratedMethodAccessor91.invoke(Unknown Source)
at java.base/jdk.internal.reflect.DelegatingMethodAccessorImpl.invoke(Unknown Source)
at java.base/java.lang.reflect.Method.invoke(Unknown Source)
at org.testng.internal.MethodInvocationHelper.invokeMethod(MethodInvocationHelper.java:133)
at org.testng.internal.TestInvoker.invokeMethod(TestInvoker.java:584)
at org.testng.internal.TestInvoker.invokeTestMethod(TestInvoker.java:172)
at org.testng.internal.MethodRunner.runInSequence(MethodRunner.java:46)
at org.testng.internal.TestInvoker$MethodInvocationAgent.invoke(TestInvoker.java:804)
at org.testng.internal.TestInvoker.invokeTestMethods(TestInvoker.java:145)
at org.testng.internal.TestMethodWorker.invokeTestMethods(TestMethodWorker.java:146)
at org.testng.internal.TestMethodWorker.run(TestMethodWorker.java:128)
at java.base/java.util.concurrent.ThreadPoolExecutor.runWorker(Unknown Source)
at java.base/java.util.concurrent.ThreadPoolExecutor$Worker.run(Unknown Source)
at java.base/java.lang.Thread.run(Unknown Source)
]]>
    </error>
  </testcase> <!-- basicDetails -->
  <testcase classname="com.PNB.tc.TC004_PNBBasicDetails" name="basicDetails" time="73.646"/>
  <testcase classname="com.PNB.tc.TC004_PNBBasicDetails" name="basicDetails" time="73.559"/>
  <testcase classname="com.PNB.tc.TC004_PNBBasicDetails" name="basicDetails" time="76.520"/>
  <testcase classname="com.PNB.tc.TC004_PNBBasicDetails" name="basicDetails" time="1.077">
    <error type="java.lang.NullPointerException">
      <![CDATA[java.lang.NullPointerException
at com.ibps.pages.PersonalDetailsPage.selectDropDownUsingIndexNew(PersonalDetailsPage.java:299)
at com.PNB.tc.TC004_PNBBasicDetails.basicDetails(TC004_PNBBasicDetails.java:36)
at jdk.internal.reflect.GeneratedMethodAccessor91.invoke(Unknown Source)
at java.base/jdk.internal.reflect.DelegatingMethodAccessorImpl.invoke(Unknown Source)
at java.base/java.lang.reflect.Method.invoke(Unknown Source)
at org.testng.internal.MethodInvocationHelper.invokeMethod(MethodInvocationHelper.java:133)
at org.testng.internal.TestInvoker.invokeMethod(TestInvoker.java:584)
at org.testng.internal.TestInvoker.invokeTestMethod(TestInvoker.java:172)
at org.testng.internal.MethodRunner.runInSequence(MethodRunner.java:46)
at org.testng.internal.TestInvoker$MethodInvocationAgent.invoke(TestInvoker.java:804)
at org.testng.internal.TestInvoker.invokeTestMethods(TestInvoker.java:145)
at org.testng.internal.TestMethodWorker.invokeTestMethods(TestMethodWorker.java:146)
at org.testng.internal.TestMethodWorker.run(TestMethodWorker.java:128)
at java.base/java.util.concurrent.ThreadPoolExecutor.runWorker(Unknown Source)
at java.base/java.util.concurrent.ThreadPoolExecutor$Worker.run(Unknown Source)
at java.base/java.lang.Thread.run(Unknown Source)
]]>
    </error>
  </testcase> <!-- basicDetails -->
  <testcase classname="com.PNB.tc.TC004_PNBBasicDetails" name="basicDetails" time="75.109"/>
  <testcase classname="com.PNB.tc.TC004_PNBBasicDetails" name="basicDetails" time="1.047">
    <error type="java.lang.NullPointerException">
      <![CDATA[java.lang.NullPointerException
at com.ibps.pages.PersonalDetailsPage.selectDropDownUsingIndexNew(PersonalDetailsPage.java:299)
at com.PNB.tc.TC004_PNBBasicDetails.basicDetails(TC004_PNBBasicDetails.java:36)
at jdk.internal.reflect.GeneratedMethodAccessor91.invoke(Unknown Source)
at java.base/jdk.internal.reflect.DelegatingMethodAccessorImpl.invoke(Unknown Source)
at java.base/java.lang.reflect.Method.invoke(Unknown Source)
at org.testng.internal.MethodInvocationHelper.invokeMethod(MethodInvocationHelper.java:133)
at org.testng.internal.TestInvoker.invokeMethod(TestInvoker.java:584)
at org.testng.internal.TestInvoker.invokeTestMethod(TestInvoker.java:172)
at org.testng.internal.MethodRunner.runInSequence(MethodRunner.java:46)
at org.testng.internal.TestInvoker$MethodInvocationAgent.invoke(TestInvoker.java:804)
at org.testng.internal.TestInvoker.invokeTestMethods(TestInvoker.java:145)
at org.testng.internal.TestMethodWorker.invokeTestMethods(TestMethodWorker.java:146)
at org.testng.internal.TestMethodWorker.run(TestMethodWorker.java:128)
at java.base/java.util.concurrent.ThreadPoolExecutor.runWorker(Unknown Source)
at java.base/java.util.concurrent.ThreadPoolExecutor$Worker.run(Unknown Source)
at java.base/java.lang.Thread.run(Unknown Source)
]]>
    </error>
  </testcase> <!-- basicDetails -->
  <testcase classname="com.PNB.tc.TC004_PNBBasicDetails" name="basicDetails" time="78.668"/>
  <testcase classname="com.PNB.tc.TC004_PNBBasicDetails" name="basicDetails" time="73.712"/>
  <testcase classname="com.PNB.tc.TC004_PNBBasicDetails" name="basicDetails" time="81.523"/>
  <testcase classname="com.PNB.tc.TC004_PNBBasicDetails" name="basicDetails" time="74.664"/>
  <testcase classname="com.PNB.tc.TC004_PNBBasicDetails" name="basicDetails" time="73.783"/>
  <testcase classname="com.PNB.tc.TC004_PNBBasicDetails" name="basicDetails" time="75.628"/>
  <testcase classname="com.PNB.tc.TC004_PNBBasicDetails" name="basicDetails" time="74.967"/>
  <testcase classname="com.PNB.tc.TC004_PNBBasicDetails" name="basicDetails" time="75.018"/>
  <testcase classname="com.PNB.tc.TC004_PNBBasicDetails" name="basicDetails" time="82.656"/>
  <testcase classname="com.PNB.tc.TC004_PNBBasicDetails" name="basicDetails" time="76.549"/>
  <testcase classname="com.PNB.tc.TC004_PNBBasicDetails" name="basicDetails" time="75.569"/>
  <testcase classname="com.PNB.tc.TC004_PNBBasicDetails" name="basicDetails" time="74.772"/>
  <testcase classname="com.PNB.tc.TC004_PNBBasicDetails" name="basicDetails" time="73.964"/>
  <testcase classname="com.PNB.tc.TC004_PNBBasicDetails" name="basicDetails" time="75.329"/>
  <testcase classname="com.PNB.tc.TC004_PNBBasicDetails" name="basicDetails" time="77.350"/>
  <testcase classname="com.PNB.tc.TC004_PNBBasicDetails" name="basicDetails" time="74.349"/>
  <testcase classname="com.PNB.tc.TC004_PNBBasicDetails" name="basicDetails" time="75.622"/>
  <testcase classname="com.PNB.tc.TC004_PNBBasicDetails" name="basicDetails" time="73.737"/>
  <testcase classname="com.PNB.tc.TC004_PNBBasicDetails" name="basicDetails" time="74.877"/>
  <testcase classname="com.PNB.tc.TC004_PNBBasicDetails" name="basicDetails" time="72.851"/>
  <testcase classname="com.PNB.tc.TC004_PNBBasicDetails" name="basicDetails" time="74.256"/>
  <testcase classname="com.PNB.tc.TC004_PNBBasicDetails" name="basicDetails" time="73.657"/>
  <testcase classname="com.PNB.tc.TC004_PNBBasicDetails" name="basicDetails" time="78.509"/>
  <testcase classname="com.PNB.tc.TC004_PNBBasicDetails" name="basicDetails" time="1.130">
    <error type="java.lang.NullPointerException">
      <![CDATA[java.lang.NullPointerException
at com.ibps.pages.PersonalDetailsPage.selectDropDownUsingIndexNew(PersonalDetailsPage.java:299)
at com.PNB.tc.TC004_PNBBasicDetails.basicDetails(TC004_PNBBasicDetails.java:36)
at jdk.internal.reflect.GeneratedMethodAccessor91.invoke(Unknown Source)
at java.base/jdk.internal.reflect.DelegatingMethodAccessorImpl.invoke(Unknown Source)
at java.base/java.lang.reflect.Method.invoke(Unknown Source)
at org.testng.internal.MethodInvocationHelper.invokeMethod(MethodInvocationHelper.java:133)
at org.testng.internal.TestInvoker.invokeMethod(TestInvoker.java:584)
at org.testng.internal.TestInvoker.invokeTestMethod(TestInvoker.java:172)
at org.testng.internal.MethodRunner.runInSequence(MethodRunner.java:46)
at org.testng.internal.TestInvoker$MethodInvocationAgent.invoke(TestInvoker.java:804)
at org.testng.internal.TestInvoker.invokeTestMethods(TestInvoker.java:145)
at org.testng.internal.TestMethodWorker.invokeTestMethods(TestMethodWorker.java:146)
at org.testng.internal.TestMethodWorker.run(TestMethodWorker.java:128)
at java.base/java.util.concurrent.ThreadPoolExecutor.runWorker(Unknown Source)
at java.base/java.util.concurrent.ThreadPoolExecutor$Worker.run(Unknown Source)
at java.base/java.lang.Thread.run(Unknown Source)
]]>
    </error>
  </testcase> <!-- basicDetails -->
  <testcase classname="com.PNB.tc.TC004_PNBBasicDetails" name="basicDetails" time="76.127"/>
  <testcase classname="com.PNB.tc.TC004_PNBBasicDetails" name="basicDetails" time="75.773"/>
  <testcase classname="com.PNB.tc.TC004_PNBBasicDetails" name="basicDetails" time="78.626"/>
  <testcase classname="com.PNB.tc.TC004_PNBBasicDetails" name="basicDetails" time="75.182"/>
  <testcase classname="com.PNB.tc.TC004_PNBBasicDetails" name="basicDetails" time="79.643"/>
</testsuite> <!-- com.PNB.tc.TC004_PNBBasicDetails -->
