<?xml version="1.0" encoding="UTF-8"?>
<!-- Generated by org.testng.reporters.JUnitReportReporter -->
<testsuite skipped="0" hostname="MAA014482B" name="com.IDBI30May22.tc.TC004_IDBIBasicDetails" tests="162" failures="0" timestamp="2022-06-08T23:13:32 IST" time="20121.676" errors="0">
  <testcase name="basicDetails" time="124.216" classname="com.IDBI30May22.tc.TC004_IDBIBasicDetails"/>
  <testcase name="basicDetails" time="123.797" classname="com.IDBI30May22.tc.TC004_IDBIBasicDetails"/>
  <testcase name="basicDetails" time="124.095" classname="com.IDBI30May22.tc.TC004_IDBIBasicDetails"/>
  <testcase name="basicDetails" time="123.778" classname="com.IDBI30May22.tc.TC004_IDBIBasicDetails"/>
  <testcase name="basicDetails" time="124.488" classname="com.IDBI30May22.tc.TC004_IDBIBasicDetails"/>
  <testcase name="basicDetails" time="124.450" classname="com.IDBI30May22.tc.TC004_IDBIBasicDetails"/>
  <testcase name="basicDetails" time="123.763" classname="com.IDBI30May22.tc.TC004_IDBIBasicDetails"/>
  <testcase name="basicDetails" time="122.819" classname="com.IDBI30May22.tc.TC004_IDBIBasicDetails"/>
  <testcase name="basicDetails" time="124.376" classname="com.IDBI30May22.tc.TC004_IDBIBasicDetails"/>
  <testcase name="basicDetails" time="124.474" classname="com.IDBI30May22.tc.TC004_IDBIBasicDetails"/>
  <testcase name="basicDetails" time="124.318" classname="com.IDBI30May22.tc.TC004_IDBIBasicDetails"/>
  <testcase name="basicDetails" time="124.818" classname="com.IDBI30May22.tc.TC004_IDBIBasicDetails"/>
  <testcase name="basicDetails" time="124.346" classname="com.IDBI30May22.tc.TC004_IDBIBasicDetails"/>
  <testcase name="basicDetails" time="124.161" classname="com.IDBI30May22.tc.TC004_IDBIBasicDetails"/>
  <testcase name="basicDetails" time="124.247" classname="com.IDBI30May22.tc.TC004_IDBIBasicDetails"/>
  <testcase name="basicDetails" time="124.149" classname="com.IDBI30May22.tc.TC004_IDBIBasicDetails"/>
  <testcase name="basicDetails" time="124.178" classname="com.IDBI30May22.tc.TC004_IDBIBasicDetails"/>
  <testcase name="basicDetails" time="124.050" classname="com.IDBI30May22.tc.TC004_IDBIBasicDetails"/>
  <testcase name="basicDetails" time="124.105" classname="com.IDBI30May22.tc.TC004_IDBIBasicDetails"/>
  <testcase name="basicDetails" time="124.188" classname="com.IDBI30May22.tc.TC004_IDBIBasicDetails"/>
  <testcase name="basicDetails" time="123.738" classname="com.IDBI30May22.tc.TC004_IDBIBasicDetails"/>
  <testcase name="basicDetails" time="124.249" classname="com.IDBI30May22.tc.TC004_IDBIBasicDetails"/>
  <testcase name="basicDetails" time="124.220" classname="com.IDBI30May22.tc.TC004_IDBIBasicDetails"/>
  <testcase name="basicDetails" time="124.415" classname="com.IDBI30May22.tc.TC004_IDBIBasicDetails"/>
  <testcase name="basicDetails" time="124.448" classname="com.IDBI30May22.tc.TC004_IDBIBasicDetails"/>
  <testcase name="basicDetails" time="124.241" classname="com.IDBI30May22.tc.TC004_IDBIBasicDetails"/>
  <testcase name="basicDetails" time="124.077" classname="com.IDBI30May22.tc.TC004_IDBIBasicDetails"/>
  <testcase name="basicDetails" time="124.120" classname="com.IDBI30May22.tc.TC004_IDBIBasicDetails"/>
  <testcase name="basicDetails" time="123.665" classname="com.IDBI30May22.tc.TC004_IDBIBasicDetails"/>
  <testcase name="basicDetails" time="124.012" classname="com.IDBI30May22.tc.TC004_IDBIBasicDetails"/>
  <testcase name="basicDetails" time="123.522" classname="com.IDBI30May22.tc.TC004_IDBIBasicDetails"/>
  <testcase name="basicDetails" time="123.922" classname="com.IDBI30May22.tc.TC004_IDBIBasicDetails"/>
  <testcase name="basicDetails" time="124.403" classname="com.IDBI30May22.tc.TC004_IDBIBasicDetails"/>
  <testcase name="basicDetails" time="124.155" classname="com.IDBI30May22.tc.TC004_IDBIBasicDetails"/>
  <testcase name="basicDetails" time="124.263" classname="com.IDBI30May22.tc.TC004_IDBIBasicDetails"/>
  <testcase name="basicDetails" time="124.129" classname="com.IDBI30May22.tc.TC004_IDBIBasicDetails"/>
  <testcase name="basicDetails" time="123.906" classname="com.IDBI30May22.tc.TC004_IDBIBasicDetails"/>
  <testcase name="basicDetails" time="124.006" classname="com.IDBI30May22.tc.TC004_IDBIBasicDetails"/>
  <testcase name="basicDetails" time="124.205" classname="com.IDBI30May22.tc.TC004_IDBIBasicDetails"/>
  <testcase name="basicDetails" time="124.719" classname="com.IDBI30May22.tc.TC004_IDBIBasicDetails"/>
  <testcase name="basicDetails" time="124.186" classname="com.IDBI30May22.tc.TC004_IDBIBasicDetails"/>
  <testcase name="basicDetails" time="124.436" classname="com.IDBI30May22.tc.TC004_IDBIBasicDetails"/>
  <testcase name="basicDetails" time="124.402" classname="com.IDBI30May22.tc.TC004_IDBIBasicDetails"/>
  <testcase name="basicDetails" time="124.364" classname="com.IDBI30May22.tc.TC004_IDBIBasicDetails"/>
  <testcase name="basicDetails" time="124.295" classname="com.IDBI30May22.tc.TC004_IDBIBasicDetails"/>
  <testcase name="basicDetails" time="124.129" classname="com.IDBI30May22.tc.TC004_IDBIBasicDetails"/>
  <testcase name="basicDetails" time="123.611" classname="com.IDBI30May22.tc.TC004_IDBIBasicDetails"/>
  <testcase name="basicDetails" time="124.202" classname="com.IDBI30May22.tc.TC004_IDBIBasicDetails"/>
  <testcase name="basicDetails" time="124.368" classname="com.IDBI30May22.tc.TC004_IDBIBasicDetails"/>
  <testcase name="basicDetails" time="124.566" classname="com.IDBI30May22.tc.TC004_IDBIBasicDetails"/>
  <testcase name="basicDetails" time="123.999" classname="com.IDBI30May22.tc.TC004_IDBIBasicDetails"/>
  <testcase name="basicDetails" time="124.182" classname="com.IDBI30May22.tc.TC004_IDBIBasicDetails"/>
  <testcase name="basicDetails" time="123.959" classname="com.IDBI30May22.tc.TC004_IDBIBasicDetails"/>
  <testcase name="basicDetails" time="124.629" classname="com.IDBI30May22.tc.TC004_IDBIBasicDetails"/>
  <testcase name="basicDetails" time="124.036" classname="com.IDBI30May22.tc.TC004_IDBIBasicDetails"/>
  <testcase name="basicDetails" time="124.537" classname="com.IDBI30May22.tc.TC004_IDBIBasicDetails"/>
  <testcase name="basicDetails" time="124.086" classname="com.IDBI30May22.tc.TC004_IDBIBasicDetails"/>
  <testcase name="basicDetails" time="123.936" classname="com.IDBI30May22.tc.TC004_IDBIBasicDetails"/>
  <testcase name="basicDetails" time="124.178" classname="com.IDBI30May22.tc.TC004_IDBIBasicDetails"/>
  <testcase name="basicDetails" time="123.555" classname="com.IDBI30May22.tc.TC004_IDBIBasicDetails"/>
  <testcase name="basicDetails" time="124.486" classname="com.IDBI30May22.tc.TC004_IDBIBasicDetails"/>
  <testcase name="basicDetails" time="124.676" classname="com.IDBI30May22.tc.TC004_IDBIBasicDetails"/>
  <testcase name="basicDetails" time="124.102" classname="com.IDBI30May22.tc.TC004_IDBIBasicDetails"/>
  <testcase name="basicDetails" time="124.650" classname="com.IDBI30May22.tc.TC004_IDBIBasicDetails"/>
  <testcase name="basicDetails" time="124.456" classname="com.IDBI30May22.tc.TC004_IDBIBasicDetails"/>
  <testcase name="basicDetails" time="123.388" classname="com.IDBI30May22.tc.TC004_IDBIBasicDetails"/>
  <testcase name="basicDetails" time="123.969" classname="com.IDBI30May22.tc.TC004_IDBIBasicDetails"/>
  <testcase name="basicDetails" time="124.124" classname="com.IDBI30May22.tc.TC004_IDBIBasicDetails"/>
  <testcase name="basicDetails" time="124.632" classname="com.IDBI30May22.tc.TC004_IDBIBasicDetails"/>
  <testcase name="basicDetails" time="123.958" classname="com.IDBI30May22.tc.TC004_IDBIBasicDetails"/>
  <testcase name="basicDetails" time="124.504" classname="com.IDBI30May22.tc.TC004_IDBIBasicDetails"/>
  <testcase name="basicDetails" time="123.923" classname="com.IDBI30May22.tc.TC004_IDBIBasicDetails"/>
  <testcase name="basicDetails" time="124.181" classname="com.IDBI30May22.tc.TC004_IDBIBasicDetails"/>
  <testcase name="basicDetails" time="124.167" classname="com.IDBI30May22.tc.TC004_IDBIBasicDetails"/>
  <testcase name="basicDetails" time="124.095" classname="com.IDBI30May22.tc.TC004_IDBIBasicDetails"/>
  <testcase name="basicDetails" time="124.327" classname="com.IDBI30May22.tc.TC004_IDBIBasicDetails"/>
  <testcase name="basicDetails" time="124.222" classname="com.IDBI30May22.tc.TC004_IDBIBasicDetails"/>
  <testcase name="basicDetails" time="123.900" classname="com.IDBI30May22.tc.TC004_IDBIBasicDetails"/>
  <testcase name="basicDetails" time="124.041" classname="com.IDBI30May22.tc.TC004_IDBIBasicDetails"/>
  <testcase name="basicDetails" time="124.743" classname="com.IDBI30May22.tc.TC004_IDBIBasicDetails"/>
  <testcase name="basicDetails" time="124.004" classname="com.IDBI30May22.tc.TC004_IDBIBasicDetails"/>
  <testcase name="basicDetails" time="124.206" classname="com.IDBI30May22.tc.TC004_IDBIBasicDetails"/>
  <testcase name="basicDetails" time="124.157" classname="com.IDBI30May22.tc.TC004_IDBIBasicDetails"/>
  <testcase name="basicDetails" time="123.837" classname="com.IDBI30May22.tc.TC004_IDBIBasicDetails"/>
  <testcase name="basicDetails" time="124.312" classname="com.IDBI30May22.tc.TC004_IDBIBasicDetails"/>
  <testcase name="basicDetails" time="124.002" classname="com.IDBI30May22.tc.TC004_IDBIBasicDetails"/>
  <testcase name="basicDetails" time="124.379" classname="com.IDBI30May22.tc.TC004_IDBIBasicDetails"/>
  <testcase name="basicDetails" time="124.137" classname="com.IDBI30May22.tc.TC004_IDBIBasicDetails"/>
  <testcase name="basicDetails" time="123.845" classname="com.IDBI30May22.tc.TC004_IDBIBasicDetails"/>
  <testcase name="basicDetails" time="124.577" classname="com.IDBI30May22.tc.TC004_IDBIBasicDetails"/>
  <testcase name="basicDetails" time="124.035" classname="com.IDBI30May22.tc.TC004_IDBIBasicDetails"/>
  <testcase name="basicDetails" time="123.933" classname="com.IDBI30May22.tc.TC004_IDBIBasicDetails"/>
  <testcase name="basicDetails" time="124.305" classname="com.IDBI30May22.tc.TC004_IDBIBasicDetails"/>
  <testcase name="basicDetails" time="124.101" classname="com.IDBI30May22.tc.TC004_IDBIBasicDetails"/>
  <testcase name="basicDetails" time="124.246" classname="com.IDBI30May22.tc.TC004_IDBIBasicDetails"/>
  <testcase name="basicDetails" time="124.438" classname="com.IDBI30May22.tc.TC004_IDBIBasicDetails"/>
  <testcase name="basicDetails" time="124.184" classname="com.IDBI30May22.tc.TC004_IDBIBasicDetails"/>
  <testcase name="basicDetails" time="124.317" classname="com.IDBI30May22.tc.TC004_IDBIBasicDetails"/>
  <testcase name="basicDetails" time="123.960" classname="com.IDBI30May22.tc.TC004_IDBIBasicDetails"/>
  <testcase name="basicDetails" time="124.453" classname="com.IDBI30May22.tc.TC004_IDBIBasicDetails"/>
  <testcase name="basicDetails" time="123.663" classname="com.IDBI30May22.tc.TC004_IDBIBasicDetails"/>
  <testcase name="basicDetails" time="123.988" classname="com.IDBI30May22.tc.TC004_IDBIBasicDetails"/>
  <testcase name="basicDetails" time="124.210" classname="com.IDBI30May22.tc.TC004_IDBIBasicDetails"/>
  <testcase name="basicDetails" time="124.335" classname="com.IDBI30May22.tc.TC004_IDBIBasicDetails"/>
  <testcase name="basicDetails" time="124.428" classname="com.IDBI30May22.tc.TC004_IDBIBasicDetails"/>
  <testcase name="basicDetails" time="123.961" classname="com.IDBI30May22.tc.TC004_IDBIBasicDetails"/>
  <testcase name="basicDetails" time="124.022" classname="com.IDBI30May22.tc.TC004_IDBIBasicDetails"/>
  <testcase name="basicDetails" time="124.364" classname="com.IDBI30May22.tc.TC004_IDBIBasicDetails"/>
  <testcase name="basicDetails" time="123.737" classname="com.IDBI30May22.tc.TC004_IDBIBasicDetails"/>
  <testcase name="basicDetails" time="124.076" classname="com.IDBI30May22.tc.TC004_IDBIBasicDetails"/>
  <testcase name="basicDetails" time="124.381" classname="com.IDBI30May22.tc.TC004_IDBIBasicDetails"/>
  <testcase name="basicDetails" time="124.621" classname="com.IDBI30May22.tc.TC004_IDBIBasicDetails"/>
  <testcase name="basicDetails" time="124.474" classname="com.IDBI30May22.tc.TC004_IDBIBasicDetails"/>
  <testcase name="basicDetails" time="124.200" classname="com.IDBI30May22.tc.TC004_IDBIBasicDetails"/>
  <testcase name="basicDetails" time="124.172" classname="com.IDBI30May22.tc.TC004_IDBIBasicDetails"/>
  <testcase name="basicDetails" time="124.270" classname="com.IDBI30May22.tc.TC004_IDBIBasicDetails"/>
  <testcase name="basicDetails" time="124.223" classname="com.IDBI30May22.tc.TC004_IDBIBasicDetails"/>
  <testcase name="basicDetails" time="124.232" classname="com.IDBI30May22.tc.TC004_IDBIBasicDetails"/>
  <testcase name="basicDetails" time="123.167" classname="com.IDBI30May22.tc.TC004_IDBIBasicDetails"/>
  <testcase name="basicDetails" time="124.868" classname="com.IDBI30May22.tc.TC004_IDBIBasicDetails"/>
  <testcase name="basicDetails" time="123.890" classname="com.IDBI30May22.tc.TC004_IDBIBasicDetails"/>
  <testcase name="basicDetails" time="124.160" classname="com.IDBI30May22.tc.TC004_IDBIBasicDetails"/>
  <testcase name="basicDetails" time="124.495" classname="com.IDBI30May22.tc.TC004_IDBIBasicDetails"/>
  <testcase name="basicDetails" time="123.900" classname="com.IDBI30May22.tc.TC004_IDBIBasicDetails"/>
  <testcase name="basicDetails" time="123.759" classname="com.IDBI30May22.tc.TC004_IDBIBasicDetails"/>
  <testcase name="basicDetails" time="125.026" classname="com.IDBI30May22.tc.TC004_IDBIBasicDetails"/>
  <testcase name="basicDetails" time="124.420" classname="com.IDBI30May22.tc.TC004_IDBIBasicDetails"/>
  <testcase name="basicDetails" time="124.283" classname="com.IDBI30May22.tc.TC004_IDBIBasicDetails"/>
  <testcase name="basicDetails" time="124.625" classname="com.IDBI30May22.tc.TC004_IDBIBasicDetails"/>
  <testcase name="basicDetails" time="124.158" classname="com.IDBI30May22.tc.TC004_IDBIBasicDetails"/>
  <testcase name="basicDetails" time="124.281" classname="com.IDBI30May22.tc.TC004_IDBIBasicDetails"/>
  <testcase name="basicDetails" time="124.145" classname="com.IDBI30May22.tc.TC004_IDBIBasicDetails"/>
  <testcase name="basicDetails" time="124.316" classname="com.IDBI30May22.tc.TC004_IDBIBasicDetails"/>
  <testcase name="basicDetails" time="124.246" classname="com.IDBI30May22.tc.TC004_IDBIBasicDetails"/>
  <testcase name="basicDetails" time="123.967" classname="com.IDBI30May22.tc.TC004_IDBIBasicDetails"/>
  <testcase name="basicDetails" time="123.685" classname="com.IDBI30May22.tc.TC004_IDBIBasicDetails"/>
  <testcase name="basicDetails" time="124.128" classname="com.IDBI30May22.tc.TC004_IDBIBasicDetails"/>
  <testcase name="basicDetails" time="123.813" classname="com.IDBI30May22.tc.TC004_IDBIBasicDetails"/>
  <testcase name="basicDetails" time="124.189" classname="com.IDBI30May22.tc.TC004_IDBIBasicDetails"/>
  <testcase name="basicDetails" time="123.950" classname="com.IDBI30May22.tc.TC004_IDBIBasicDetails"/>
  <testcase name="basicDetails" time="124.346" classname="com.IDBI30May22.tc.TC004_IDBIBasicDetails"/>
  <testcase name="basicDetails" time="124.366" classname="com.IDBI30May22.tc.TC004_IDBIBasicDetails"/>
  <testcase name="basicDetails" time="124.417" classname="com.IDBI30May22.tc.TC004_IDBIBasicDetails"/>
  <testcase name="basicDetails" time="124.038" classname="com.IDBI30May22.tc.TC004_IDBIBasicDetails"/>
  <testcase name="basicDetails" time="124.021" classname="com.IDBI30May22.tc.TC004_IDBIBasicDetails"/>
  <testcase name="basicDetails" time="124.279" classname="com.IDBI30May22.tc.TC004_IDBIBasicDetails"/>
  <testcase name="basicDetails" time="124.368" classname="com.IDBI30May22.tc.TC004_IDBIBasicDetails"/>
  <testcase name="basicDetails" time="124.297" classname="com.IDBI30May22.tc.TC004_IDBIBasicDetails"/>
  <testcase name="basicDetails" time="124.117" classname="com.IDBI30May22.tc.TC004_IDBIBasicDetails"/>
  <testcase name="basicDetails" time="123.831" classname="com.IDBI30May22.tc.TC004_IDBIBasicDetails"/>
  <testcase name="basicDetails" time="124.335" classname="com.IDBI30May22.tc.TC004_IDBIBasicDetails"/>
  <testcase name="basicDetails" time="124.366" classname="com.IDBI30May22.tc.TC004_IDBIBasicDetails"/>
  <testcase name="basicDetails" time="123.631" classname="com.IDBI30May22.tc.TC004_IDBIBasicDetails"/>
  <testcase name="basicDetails" time="124.676" classname="com.IDBI30May22.tc.TC004_IDBIBasicDetails"/>
  <testcase name="basicDetails" time="124.456" classname="com.IDBI30May22.tc.TC004_IDBIBasicDetails"/>
  <testcase name="basicDetails" time="124.486" classname="com.IDBI30May22.tc.TC004_IDBIBasicDetails"/>
  <testcase name="basicDetails" time="128.628" classname="com.IDBI30May22.tc.TC004_IDBIBasicDetails"/>
  <testcase name="basicDetails" time="124.068" classname="com.IDBI30May22.tc.TC004_IDBIBasicDetails"/>
  <testcase name="basicDetails" time="124.595" classname="com.IDBI30May22.tc.TC004_IDBIBasicDetails"/>
  <testcase name="basicDetails" time="124.024" classname="com.IDBI30May22.tc.TC004_IDBIBasicDetails"/>
  <testcase name="basicDetails" time="124.531" classname="com.IDBI30May22.tc.TC004_IDBIBasicDetails"/>
  <testcase name="basicDetails" time="124.112" classname="com.IDBI30May22.tc.TC004_IDBIBasicDetails"/>
</testsuite> <!-- com.IDBI30May22.tc.TC004_IDBIBasicDetails -->
