<?xml version="1.0" encoding="UTF-8"?>
<!-- Generated by org.testng.reporters.JUnitReportReporter -->
<testsuite skipped="0" hostname="MAA014482B" name="com.IGM_Kolkata_2_May23.tc.TC001_IGMBasicDetails" tests="172" failures="0" timestamp="2023-06-05T20:24:20 IST" time="28232.107" errors="0">
  <testcase name="basicDetails" time="161.769" classname="com.IGM_Kolkata_2_May23.tc.TC001_IGMBasicDetails"/>
  <testcase name="basicDetails" time="162.529" classname="com.IGM_Kolkata_2_May23.tc.TC001_IGMBasicDetails"/>
  <testcase name="basicDetails" time="162.211" classname="com.IGM_Kolkata_2_May23.tc.TC001_IGMBasicDetails"/>
  <testcase name="basicDetails" time="162.271" classname="com.IGM_Kolkata_2_May23.tc.TC001_IGMBasicDetails"/>
  <testcase name="basicDetails" time="162.261" classname="com.IGM_Kolkata_2_May23.tc.TC001_IGMBasicDetails"/>
  <testcase name="basicDetails" time="165.838" classname="com.IGM_Kolkata_2_May23.tc.TC001_IGMBasicDetails"/>
  <testcase name="basicDetails" time="165.660" classname="com.IGM_Kolkata_2_May23.tc.TC001_IGMBasicDetails"/>
  <testcase name="basicDetails" time="162.446" classname="com.IGM_Kolkata_2_May23.tc.TC001_IGMBasicDetails"/>
  <testcase name="basicDetails" time="162.412" classname="com.IGM_Kolkata_2_May23.tc.TC001_IGMBasicDetails"/>
  <testcase name="basicDetails" time="162.495" classname="com.IGM_Kolkata_2_May23.tc.TC001_IGMBasicDetails"/>
  <testcase name="basicDetails" time="162.443" classname="com.IGM_Kolkata_2_May23.tc.TC001_IGMBasicDetails"/>
  <testcase name="basicDetails" time="162.248" classname="com.IGM_Kolkata_2_May23.tc.TC001_IGMBasicDetails"/>
  <testcase name="basicDetails" time="162.269" classname="com.IGM_Kolkata_2_May23.tc.TC001_IGMBasicDetails"/>
  <testcase name="basicDetails" time="162.378" classname="com.IGM_Kolkata_2_May23.tc.TC001_IGMBasicDetails"/>
  <testcase name="basicDetails" time="162.524" classname="com.IGM_Kolkata_2_May23.tc.TC001_IGMBasicDetails"/>
  <testcase name="basicDetails" time="162.409" classname="com.IGM_Kolkata_2_May23.tc.TC001_IGMBasicDetails"/>
  <testcase name="basicDetails" time="165.747" classname="com.IGM_Kolkata_2_May23.tc.TC001_IGMBasicDetails"/>
  <testcase name="basicDetails" time="162.401" classname="com.IGM_Kolkata_2_May23.tc.TC001_IGMBasicDetails"/>
  <testcase name="basicDetails" time="162.546" classname="com.IGM_Kolkata_2_May23.tc.TC001_IGMBasicDetails"/>
  <testcase name="basicDetails" time="190.118" classname="com.IGM_Kolkata_2_May23.tc.TC001_IGMBasicDetails"/>
  <testcase name="basicDetails" time="165.694" classname="com.IGM_Kolkata_2_May23.tc.TC001_IGMBasicDetails"/>
  <testcase name="basicDetails" time="162.446" classname="com.IGM_Kolkata_2_May23.tc.TC001_IGMBasicDetails"/>
  <testcase name="basicDetails" time="162.463" classname="com.IGM_Kolkata_2_May23.tc.TC001_IGMBasicDetails"/>
  <testcase name="basicDetails" time="162.947" classname="com.IGM_Kolkata_2_May23.tc.TC001_IGMBasicDetails"/>
  <testcase name="basicDetails" time="162.465" classname="com.IGM_Kolkata_2_May23.tc.TC001_IGMBasicDetails"/>
  <testcase name="basicDetails" time="161.937" classname="com.IGM_Kolkata_2_May23.tc.TC001_IGMBasicDetails"/>
  <testcase name="basicDetails" time="162.470" classname="com.IGM_Kolkata_2_May23.tc.TC001_IGMBasicDetails"/>
  <testcase name="basicDetails" time="162.732" classname="com.IGM_Kolkata_2_May23.tc.TC001_IGMBasicDetails"/>
  <testcase name="basicDetails" time="162.318" classname="com.IGM_Kolkata_2_May23.tc.TC001_IGMBasicDetails"/>
  <testcase name="basicDetails" time="166.137" classname="com.IGM_Kolkata_2_May23.tc.TC001_IGMBasicDetails"/>
  <testcase name="basicDetails" time="162.458" classname="com.IGM_Kolkata_2_May23.tc.TC001_IGMBasicDetails"/>
  <testcase name="basicDetails" time="162.247" classname="com.IGM_Kolkata_2_May23.tc.TC001_IGMBasicDetails"/>
  <testcase name="basicDetails" time="165.592" classname="com.IGM_Kolkata_2_May23.tc.TC001_IGMBasicDetails"/>
  <testcase name="basicDetails" time="162.061" classname="com.IGM_Kolkata_2_May23.tc.TC001_IGMBasicDetails"/>
  <testcase name="basicDetails" time="162.154" classname="com.IGM_Kolkata_2_May23.tc.TC001_IGMBasicDetails"/>
  <testcase name="basicDetails" time="162.538" classname="com.IGM_Kolkata_2_May23.tc.TC001_IGMBasicDetails"/>
  <testcase name="basicDetails" time="190.435" classname="com.IGM_Kolkata_2_May23.tc.TC001_IGMBasicDetails"/>
  <testcase name="basicDetails" time="162.757" classname="com.IGM_Kolkata_2_May23.tc.TC001_IGMBasicDetails"/>
  <testcase name="basicDetails" time="165.147" classname="com.IGM_Kolkata_2_May23.tc.TC001_IGMBasicDetails"/>
  <testcase name="basicDetails" time="165.138" classname="com.IGM_Kolkata_2_May23.tc.TC001_IGMBasicDetails"/>
  <testcase name="basicDetails" time="165.794" classname="com.IGM_Kolkata_2_May23.tc.TC001_IGMBasicDetails"/>
  <testcase name="basicDetails" time="162.321" classname="com.IGM_Kolkata_2_May23.tc.TC001_IGMBasicDetails"/>
  <testcase name="basicDetails" time="165.344" classname="com.IGM_Kolkata_2_May23.tc.TC001_IGMBasicDetails"/>
  <testcase name="basicDetails" time="162.520" classname="com.IGM_Kolkata_2_May23.tc.TC001_IGMBasicDetails"/>
  <testcase name="basicDetails" time="162.418" classname="com.IGM_Kolkata_2_May23.tc.TC001_IGMBasicDetails"/>
  <testcase name="basicDetails" time="169.009" classname="com.IGM_Kolkata_2_May23.tc.TC001_IGMBasicDetails"/>
  <testcase name="basicDetails" time="165.782" classname="com.IGM_Kolkata_2_May23.tc.TC001_IGMBasicDetails"/>
  <testcase name="basicDetails" time="162.612" classname="com.IGM_Kolkata_2_May23.tc.TC001_IGMBasicDetails"/>
  <testcase name="basicDetails" time="162.651" classname="com.IGM_Kolkata_2_May23.tc.TC001_IGMBasicDetails"/>
  <testcase name="basicDetails" time="162.598" classname="com.IGM_Kolkata_2_May23.tc.TC001_IGMBasicDetails"/>
  <testcase name="basicDetails" time="165.212" classname="com.IGM_Kolkata_2_May23.tc.TC001_IGMBasicDetails"/>
  <testcase name="basicDetails" time="165.724" classname="com.IGM_Kolkata_2_May23.tc.TC001_IGMBasicDetails"/>
  <testcase name="basicDetails" time="165.940" classname="com.IGM_Kolkata_2_May23.tc.TC001_IGMBasicDetails"/>
  <testcase name="basicDetails" time="190.228" classname="com.IGM_Kolkata_2_May23.tc.TC001_IGMBasicDetails"/>
  <testcase name="basicDetails" time="162.163" classname="com.IGM_Kolkata_2_May23.tc.TC001_IGMBasicDetails"/>
  <testcase name="basicDetails" time="165.774" classname="com.IGM_Kolkata_2_May23.tc.TC001_IGMBasicDetails"/>
  <testcase name="basicDetails" time="162.520" classname="com.IGM_Kolkata_2_May23.tc.TC001_IGMBasicDetails"/>
  <testcase name="basicDetails" time="162.670" classname="com.IGM_Kolkata_2_May23.tc.TC001_IGMBasicDetails"/>
  <testcase name="basicDetails" time="162.365" classname="com.IGM_Kolkata_2_May23.tc.TC001_IGMBasicDetails"/>
  <testcase name="basicDetails" time="165.567" classname="com.IGM_Kolkata_2_May23.tc.TC001_IGMBasicDetails"/>
  <testcase name="basicDetails" time="162.196" classname="com.IGM_Kolkata_2_May23.tc.TC001_IGMBasicDetails"/>
  <testcase name="basicDetails" time="162.560" classname="com.IGM_Kolkata_2_May23.tc.TC001_IGMBasicDetails"/>
  <testcase name="basicDetails" time="162.471" classname="com.IGM_Kolkata_2_May23.tc.TC001_IGMBasicDetails"/>
  <testcase name="basicDetails" time="165.878" classname="com.IGM_Kolkata_2_May23.tc.TC001_IGMBasicDetails"/>
  <testcase name="basicDetails" time="162.647" classname="com.IGM_Kolkata_2_May23.tc.TC001_IGMBasicDetails"/>
  <testcase name="basicDetails" time="162.361" classname="com.IGM_Kolkata_2_May23.tc.TC001_IGMBasicDetails"/>
  <testcase name="basicDetails" time="165.787" classname="com.IGM_Kolkata_2_May23.tc.TC001_IGMBasicDetails"/>
  <testcase name="basicDetails" time="161.996" classname="com.IGM_Kolkata_2_May23.tc.TC001_IGMBasicDetails"/>
  <testcase name="basicDetails" time="165.589" classname="com.IGM_Kolkata_2_May23.tc.TC001_IGMBasicDetails"/>
  <testcase name="basicDetails" time="162.344" classname="com.IGM_Kolkata_2_May23.tc.TC001_IGMBasicDetails"/>
  <testcase name="basicDetails" time="162.604" classname="com.IGM_Kolkata_2_May23.tc.TC001_IGMBasicDetails"/>
  <testcase name="basicDetails" time="162.614" classname="com.IGM_Kolkata_2_May23.tc.TC001_IGMBasicDetails"/>
  <testcase name="basicDetails" time="162.290" classname="com.IGM_Kolkata_2_May23.tc.TC001_IGMBasicDetails"/>
  <testcase name="basicDetails" time="165.759" classname="com.IGM_Kolkata_2_May23.tc.TC001_IGMBasicDetails"/>
  <testcase name="basicDetails" time="162.627" classname="com.IGM_Kolkata_2_May23.tc.TC001_IGMBasicDetails"/>
  <testcase name="basicDetails" time="162.499" classname="com.IGM_Kolkata_2_May23.tc.TC001_IGMBasicDetails"/>
  <testcase name="basicDetails" time="162.655" classname="com.IGM_Kolkata_2_May23.tc.TC001_IGMBasicDetails"/>
  <testcase name="basicDetails" time="162.629" classname="com.IGM_Kolkata_2_May23.tc.TC001_IGMBasicDetails"/>
  <testcase name="basicDetails" time="165.406" classname="com.IGM_Kolkata_2_May23.tc.TC001_IGMBasicDetails"/>
  <testcase name="basicDetails" time="162.358" classname="com.IGM_Kolkata_2_May23.tc.TC001_IGMBasicDetails"/>
  <testcase name="basicDetails" time="162.401" classname="com.IGM_Kolkata_2_May23.tc.TC001_IGMBasicDetails"/>
  <testcase name="basicDetails" time="162.537" classname="com.IGM_Kolkata_2_May23.tc.TC001_IGMBasicDetails"/>
  <testcase name="basicDetails" time="166.471" classname="com.IGM_Kolkata_2_May23.tc.TC001_IGMBasicDetails"/>
  <testcase name="basicDetails" time="165.874" classname="com.IGM_Kolkata_2_May23.tc.TC001_IGMBasicDetails"/>
  <testcase name="basicDetails" time="162.361" classname="com.IGM_Kolkata_2_May23.tc.TC001_IGMBasicDetails"/>
  <testcase name="basicDetails" time="162.697" classname="com.IGM_Kolkata_2_May23.tc.TC001_IGMBasicDetails"/>
  <testcase name="basicDetails" time="162.591" classname="com.IGM_Kolkata_2_May23.tc.TC001_IGMBasicDetails"/>
  <testcase name="basicDetails" time="162.797" classname="com.IGM_Kolkata_2_May23.tc.TC001_IGMBasicDetails"/>
  <testcase name="basicDetails" time="162.431" classname="com.IGM_Kolkata_2_May23.tc.TC001_IGMBasicDetails"/>
  <testcase name="basicDetails" time="165.519" classname="com.IGM_Kolkata_2_May23.tc.TC001_IGMBasicDetails"/>
  <testcase name="basicDetails" time="162.393" classname="com.IGM_Kolkata_2_May23.tc.TC001_IGMBasicDetails"/>
  <testcase name="basicDetails" time="165.345" classname="com.IGM_Kolkata_2_May23.tc.TC001_IGMBasicDetails"/>
  <testcase name="basicDetails" time="162.756" classname="com.IGM_Kolkata_2_May23.tc.TC001_IGMBasicDetails"/>
  <testcase name="basicDetails" time="162.428" classname="com.IGM_Kolkata_2_May23.tc.TC001_IGMBasicDetails"/>
  <testcase name="basicDetails" time="162.261" classname="com.IGM_Kolkata_2_May23.tc.TC001_IGMBasicDetails"/>
  <testcase name="basicDetails" time="162.513" classname="com.IGM_Kolkata_2_May23.tc.TC001_IGMBasicDetails"/>
  <testcase name="basicDetails" time="162.462" classname="com.IGM_Kolkata_2_May23.tc.TC001_IGMBasicDetails"/>
  <testcase name="basicDetails" time="162.716" classname="com.IGM_Kolkata_2_May23.tc.TC001_IGMBasicDetails"/>
  <testcase name="basicDetails" time="162.538" classname="com.IGM_Kolkata_2_May23.tc.TC001_IGMBasicDetails"/>
  <testcase name="basicDetails" time="162.150" classname="com.IGM_Kolkata_2_May23.tc.TC001_IGMBasicDetails"/>
  <testcase name="basicDetails" time="163.104" classname="com.IGM_Kolkata_2_May23.tc.TC001_IGMBasicDetails"/>
  <testcase name="basicDetails" time="162.714" classname="com.IGM_Kolkata_2_May23.tc.TC001_IGMBasicDetails"/>
  <testcase name="basicDetails" time="163.088" classname="com.IGM_Kolkata_2_May23.tc.TC001_IGMBasicDetails"/>
  <testcase name="basicDetails" time="162.928" classname="com.IGM_Kolkata_2_May23.tc.TC001_IGMBasicDetails"/>
  <testcase name="basicDetails" time="162.398" classname="com.IGM_Kolkata_2_May23.tc.TC001_IGMBasicDetails"/>
  <testcase name="basicDetails" time="165.575" classname="com.IGM_Kolkata_2_May23.tc.TC001_IGMBasicDetails"/>
  <testcase name="basicDetails" time="162.194" classname="com.IGM_Kolkata_2_May23.tc.TC001_IGMBasicDetails"/>
  <testcase name="basicDetails" time="162.522" classname="com.IGM_Kolkata_2_May23.tc.TC001_IGMBasicDetails"/>
  <testcase name="basicDetails" time="165.744" classname="com.IGM_Kolkata_2_May23.tc.TC001_IGMBasicDetails"/>
  <testcase name="basicDetails" time="162.106" classname="com.IGM_Kolkata_2_May23.tc.TC001_IGMBasicDetails"/>
  <testcase name="basicDetails" time="162.354" classname="com.IGM_Kolkata_2_May23.tc.TC001_IGMBasicDetails"/>
  <testcase name="basicDetails" time="165.696" classname="com.IGM_Kolkata_2_May23.tc.TC001_IGMBasicDetails"/>
  <testcase name="basicDetails" time="162.432" classname="com.IGM_Kolkata_2_May23.tc.TC001_IGMBasicDetails"/>
  <testcase name="basicDetails" time="165.641" classname="com.IGM_Kolkata_2_May23.tc.TC001_IGMBasicDetails"/>
  <testcase name="basicDetails" time="162.326" classname="com.IGM_Kolkata_2_May23.tc.TC001_IGMBasicDetails"/>
  <testcase name="basicDetails" time="162.324" classname="com.IGM_Kolkata_2_May23.tc.TC001_IGMBasicDetails"/>
  <testcase name="basicDetails" time="190.115" classname="com.IGM_Kolkata_2_May23.tc.TC001_IGMBasicDetails"/>
  <testcase name="basicDetails" time="162.375" classname="com.IGM_Kolkata_2_May23.tc.TC001_IGMBasicDetails"/>
  <testcase name="basicDetails" time="165.759" classname="com.IGM_Kolkata_2_May23.tc.TC001_IGMBasicDetails"/>
  <testcase name="basicDetails" time="165.559" classname="com.IGM_Kolkata_2_May23.tc.TC001_IGMBasicDetails"/>
  <testcase name="basicDetails" time="162.627" classname="com.IGM_Kolkata_2_May23.tc.TC001_IGMBasicDetails"/>
  <testcase name="basicDetails" time="162.468" classname="com.IGM_Kolkata_2_May23.tc.TC001_IGMBasicDetails"/>
  <testcase name="basicDetails" time="165.958" classname="com.IGM_Kolkata_2_May23.tc.TC001_IGMBasicDetails"/>
  <testcase name="basicDetails" time="162.564" classname="com.IGM_Kolkata_2_May23.tc.TC001_IGMBasicDetails"/>
  <testcase name="basicDetails" time="162.373" classname="com.IGM_Kolkata_2_May23.tc.TC001_IGMBasicDetails"/>
  <testcase name="basicDetails" time="165.721" classname="com.IGM_Kolkata_2_May23.tc.TC001_IGMBasicDetails"/>
  <testcase name="basicDetails" time="165.287" classname="com.IGM_Kolkata_2_May23.tc.TC001_IGMBasicDetails"/>
  <testcase name="basicDetails" time="162.341" classname="com.IGM_Kolkata_2_May23.tc.TC001_IGMBasicDetails"/>
  <testcase name="basicDetails" time="165.306" classname="com.IGM_Kolkata_2_May23.tc.TC001_IGMBasicDetails"/>
  <testcase name="basicDetails" time="165.762" classname="com.IGM_Kolkata_2_May23.tc.TC001_IGMBasicDetails"/>
  <testcase name="basicDetails" time="165.950" classname="com.IGM_Kolkata_2_May23.tc.TC001_IGMBasicDetails"/>
  <testcase name="basicDetails" time="165.938" classname="com.IGM_Kolkata_2_May23.tc.TC001_IGMBasicDetails"/>
  <testcase name="basicDetails" time="162.402" classname="com.IGM_Kolkata_2_May23.tc.TC001_IGMBasicDetails"/>
  <testcase name="basicDetails" time="162.777" classname="com.IGM_Kolkata_2_May23.tc.TC001_IGMBasicDetails"/>
  <testcase name="basicDetails" time="161.901" classname="com.IGM_Kolkata_2_May23.tc.TC001_IGMBasicDetails"/>
  <testcase name="basicDetails" time="162.593" classname="com.IGM_Kolkata_2_May23.tc.TC001_IGMBasicDetails"/>
  <testcase name="basicDetails" time="162.164" classname="com.IGM_Kolkata_2_May23.tc.TC001_IGMBasicDetails"/>
  <testcase name="basicDetails" time="162.433" classname="com.IGM_Kolkata_2_May23.tc.TC001_IGMBasicDetails"/>
  <testcase name="basicDetails" time="162.712" classname="com.IGM_Kolkata_2_May23.tc.TC001_IGMBasicDetails"/>
  <testcase name="basicDetails" time="166.035" classname="com.IGM_Kolkata_2_May23.tc.TC001_IGMBasicDetails"/>
  <testcase name="basicDetails" time="162.560" classname="com.IGM_Kolkata_2_May23.tc.TC001_IGMBasicDetails"/>
  <testcase name="basicDetails" time="165.876" classname="com.IGM_Kolkata_2_May23.tc.TC001_IGMBasicDetails"/>
  <testcase name="basicDetails" time="162.504" classname="com.IGM_Kolkata_2_May23.tc.TC001_IGMBasicDetails"/>
  <testcase name="basicDetails" time="162.550" classname="com.IGM_Kolkata_2_May23.tc.TC001_IGMBasicDetails"/>
  <testcase name="basicDetails" time="165.623" classname="com.IGM_Kolkata_2_May23.tc.TC001_IGMBasicDetails"/>
  <testcase name="basicDetails" time="166.410" classname="com.IGM_Kolkata_2_May23.tc.TC001_IGMBasicDetails"/>
  <testcase name="basicDetails" time="165.491" classname="com.IGM_Kolkata_2_May23.tc.TC001_IGMBasicDetails"/>
  <testcase name="basicDetails" time="165.245" classname="com.IGM_Kolkata_2_May23.tc.TC001_IGMBasicDetails"/>
  <testcase name="basicDetails" time="166.113" classname="com.IGM_Kolkata_2_May23.tc.TC001_IGMBasicDetails"/>
  <testcase name="basicDetails" time="162.387" classname="com.IGM_Kolkata_2_May23.tc.TC001_IGMBasicDetails"/>
  <testcase name="basicDetails" time="162.594" classname="com.IGM_Kolkata_2_May23.tc.TC001_IGMBasicDetails"/>
  <testcase name="basicDetails" time="165.535" classname="com.IGM_Kolkata_2_May23.tc.TC001_IGMBasicDetails"/>
  <testcase name="basicDetails" time="165.651" classname="com.IGM_Kolkata_2_May23.tc.TC001_IGMBasicDetails"/>
  <testcase name="basicDetails" time="162.339" classname="com.IGM_Kolkata_2_May23.tc.TC001_IGMBasicDetails"/>
  <testcase name="basicDetails" time="162.688" classname="com.IGM_Kolkata_2_May23.tc.TC001_IGMBasicDetails"/>
  <testcase name="basicDetails" time="162.564" classname="com.IGM_Kolkata_2_May23.tc.TC001_IGMBasicDetails"/>
  <testcase name="basicDetails" time="165.951" classname="com.IGM_Kolkata_2_May23.tc.TC001_IGMBasicDetails"/>
  <testcase name="basicDetails" time="165.729" classname="com.IGM_Kolkata_2_May23.tc.TC001_IGMBasicDetails"/>
  <testcase name="basicDetails" time="165.635" classname="com.IGM_Kolkata_2_May23.tc.TC001_IGMBasicDetails"/>
  <testcase name="basicDetails" time="162.502" classname="com.IGM_Kolkata_2_May23.tc.TC001_IGMBasicDetails"/>
  <testcase name="basicDetails" time="162.631" classname="com.IGM_Kolkata_2_May23.tc.TC001_IGMBasicDetails"/>
  <testcase name="basicDetails" time="162.362" classname="com.IGM_Kolkata_2_May23.tc.TC001_IGMBasicDetails"/>
  <testcase name="basicDetails" time="165.843" classname="com.IGM_Kolkata_2_May23.tc.TC001_IGMBasicDetails"/>
  <testcase name="basicDetails" time="162.147" classname="com.IGM_Kolkata_2_May23.tc.TC001_IGMBasicDetails"/>
  <testcase name="basicDetails" time="162.565" classname="com.IGM_Kolkata_2_May23.tc.TC001_IGMBasicDetails"/>
  <testcase name="basicDetails" time="162.642" classname="com.IGM_Kolkata_2_May23.tc.TC001_IGMBasicDetails"/>
  <testcase name="basicDetails" time="165.807" classname="com.IGM_Kolkata_2_May23.tc.TC001_IGMBasicDetails"/>
  <testcase name="basicDetails" time="165.427" classname="com.IGM_Kolkata_2_May23.tc.TC001_IGMBasicDetails"/>
  <testcase name="basicDetails" time="162.339" classname="com.IGM_Kolkata_2_May23.tc.TC001_IGMBasicDetails"/>
  <testcase name="basicDetails" time="162.319" classname="com.IGM_Kolkata_2_May23.tc.TC001_IGMBasicDetails"/>
  <testcase name="basicDetails" time="162.915" classname="com.IGM_Kolkata_2_May23.tc.TC001_IGMBasicDetails"/>
  <testcase name="basicDetails" time="162.063" classname="com.IGM_Kolkata_2_May23.tc.TC001_IGMBasicDetails"/>
</testsuite> <!-- com.IGM_Kolkata_2_May23.tc.TC001_IGMBasicDetails -->
