<?xml version="1.0" encoding="UTF-8"?>
<!-- Generated by org.testng.reporters.JUnitReportReporter -->
<testsuite skipped="0" hostname="MAA014482B" name="com.MAHAGEN_16Nov22.tc.TC005_MAHAGENBasicDetails" tests="24" failures="0" timestamp="2022-11-16T17:59:48 IST" time="3797.070" errors="0">
  <testcase name="basicDetails" time="158.584" classname="com.MAHAGEN_16Nov22.tc.TC005_MAHAGENBasicDetails"/>
  <testcase name="basicDetails" time="159.775" classname="com.MAHAGEN_16Nov22.tc.TC005_MAHAGENBasicDetails"/>
  <testcase name="basicDetails" time="157.006" classname="com.MAHAGEN_16Nov22.tc.TC005_MAHAGENBasicDetails"/>
  <testcase name="basicDetails" time="159.849" classname="com.MAHAGEN_16Nov22.tc.TC005_MAHAGENBasicDetails"/>
  <testcase name="basicDetails" time="157.782" classname="com.MAHAGEN_16Nov22.tc.TC005_MAHAGENBasicDetails"/>
  <testcase name="basicDetails" time="157.837" classname="com.MAHAGEN_16Nov22.tc.TC005_MAHAGENBasicDetails"/>
  <testcase name="basicDetails" time="159.813" classname="com.MAHAGEN_16Nov22.tc.TC005_MAHAGENBasicDetails"/>
  <testcase name="basicDetails" time="159.935" classname="com.MAHAGEN_16Nov22.tc.TC005_MAHAGENBasicDetails"/>
  <testcase name="basicDetails" time="156.453" classname="com.MAHAGEN_16Nov22.tc.TC005_MAHAGENBasicDetails"/>
  <testcase name="basicDetails" time="160.495" classname="com.MAHAGEN_16Nov22.tc.TC005_MAHAGENBasicDetails"/>
  <testcase name="basicDetails" time="158.471" classname="com.MAHAGEN_16Nov22.tc.TC005_MAHAGENBasicDetails"/>
  <testcase name="basicDetails" time="158.134" classname="com.MAHAGEN_16Nov22.tc.TC005_MAHAGENBasicDetails"/>
  <testcase name="basicDetails" time="158.116" classname="com.MAHAGEN_16Nov22.tc.TC005_MAHAGENBasicDetails"/>
  <testcase name="basicDetails" time="157.045" classname="com.MAHAGEN_16Nov22.tc.TC005_MAHAGENBasicDetails"/>
  <testcase name="basicDetails" time="157.937" classname="com.MAHAGEN_16Nov22.tc.TC005_MAHAGENBasicDetails"/>
  <testcase name="basicDetails" time="160.018" classname="com.MAHAGEN_16Nov22.tc.TC005_MAHAGENBasicDetails"/>
  <testcase name="basicDetails" time="156.502" classname="com.MAHAGEN_16Nov22.tc.TC005_MAHAGENBasicDetails"/>
  <testcase name="basicDetails" time="158.601" classname="com.MAHAGEN_16Nov22.tc.TC005_MAHAGENBasicDetails"/>
  <testcase name="basicDetails" time="157.641" classname="com.MAHAGEN_16Nov22.tc.TC005_MAHAGENBasicDetails"/>
  <testcase name="basicDetails" time="156.421" classname="com.MAHAGEN_16Nov22.tc.TC005_MAHAGENBasicDetails"/>
  <testcase name="basicDetails" time="156.685" classname="com.MAHAGEN_16Nov22.tc.TC005_MAHAGENBasicDetails"/>
  <testcase name="basicDetails" time="157.857" classname="com.MAHAGEN_16Nov22.tc.TC005_MAHAGENBasicDetails"/>
  <testcase name="basicDetails" time="156.638" classname="com.MAHAGEN_16Nov22.tc.TC005_MAHAGENBasicDetails"/>
  <testcase name="basicDetails" time="159.475" classname="com.MAHAGEN_16Nov22.tc.TC005_MAHAGENBasicDetails"/>
</testsuite> <!-- com.MAHAGEN_16Nov22.tc.TC005_MAHAGENBasicDetails -->
