<?xml version="1.0" encoding="UTF-8"?>
<!-- Generated by org.testng.reporters.JUnitReportReporter -->
<testsuite skipped="0" hostname="MAA014482B" name="com.CSMC_Aug23.tc.TC005_CSMCBasicDetails" tests="180" failures="0" timestamp="2023-07-09T20:56:27 IST" time="30081.262" errors="0">
  <testcase name="basicDetails" time="160.011" classname="com.CSMC_Aug23.tc.TC005_CSMCBasicDetails"/>
  <testcase name="basicDetails" time="159.993" classname="com.CSMC_Aug23.tc.TC005_CSMCBasicDetails"/>
  <testcase name="basicDetails" time="159.894" classname="com.CSMC_Aug23.tc.TC005_CSMCBasicDetails"/>
  <testcase name="basicDetails" time="187.308" classname="com.CSMC_Aug23.tc.TC005_CSMCBasicDetails"/>
  <testcase name="basicDetails" time="159.775" classname="com.CSMC_Aug23.tc.TC005_CSMCBasicDetails"/>
  <testcase name="basicDetails" time="160.328" classname="com.CSMC_Aug23.tc.TC005_CSMCBasicDetails"/>
  <testcase name="basicDetails" time="159.864" classname="com.CSMC_Aug23.tc.TC005_CSMCBasicDetails"/>
  <testcase name="basicDetails" time="159.937" classname="com.CSMC_Aug23.tc.TC005_CSMCBasicDetails"/>
  <testcase name="basicDetails" time="160.227" classname="com.CSMC_Aug23.tc.TC005_CSMCBasicDetails"/>
  <testcase name="basicDetails" time="160.261" classname="com.CSMC_Aug23.tc.TC005_CSMCBasicDetails"/>
  <testcase name="basicDetails" time="160.135" classname="com.CSMC_Aug23.tc.TC005_CSMCBasicDetails"/>
  <testcase name="basicDetails" time="159.562" classname="com.CSMC_Aug23.tc.TC005_CSMCBasicDetails"/>
  <testcase name="basicDetails" time="160.370" classname="com.CSMC_Aug23.tc.TC005_CSMCBasicDetails"/>
  <testcase name="basicDetails" time="160.350" classname="com.CSMC_Aug23.tc.TC005_CSMCBasicDetails"/>
  <testcase name="basicDetails" time="160.411" classname="com.CSMC_Aug23.tc.TC005_CSMCBasicDetails"/>
  <testcase name="basicDetails" time="187.330" classname="com.CSMC_Aug23.tc.TC005_CSMCBasicDetails"/>
  <testcase name="basicDetails" time="160.515" classname="com.CSMC_Aug23.tc.TC005_CSMCBasicDetails"/>
  <testcase name="basicDetails" time="160.129" classname="com.CSMC_Aug23.tc.TC005_CSMCBasicDetails"/>
  <testcase name="basicDetails" time="159.999" classname="com.CSMC_Aug23.tc.TC005_CSMCBasicDetails"/>
  <testcase name="basicDetails" time="160.197" classname="com.CSMC_Aug23.tc.TC005_CSMCBasicDetails"/>
  <testcase name="basicDetails" time="159.431" classname="com.CSMC_Aug23.tc.TC005_CSMCBasicDetails"/>
  <testcase name="basicDetails" time="187.323" classname="com.CSMC_Aug23.tc.TC005_CSMCBasicDetails"/>
  <testcase name="basicDetails" time="160.444" classname="com.CSMC_Aug23.tc.TC005_CSMCBasicDetails"/>
  <testcase name="basicDetails" time="160.687" classname="com.CSMC_Aug23.tc.TC005_CSMCBasicDetails"/>
  <testcase name="basicDetails" time="159.828" classname="com.CSMC_Aug23.tc.TC005_CSMCBasicDetails"/>
  <testcase name="basicDetails" time="160.333" classname="com.CSMC_Aug23.tc.TC005_CSMCBasicDetails"/>
  <testcase name="basicDetails" time="159.684" classname="com.CSMC_Aug23.tc.TC005_CSMCBasicDetails"/>
  <testcase name="basicDetails" time="159.970" classname="com.CSMC_Aug23.tc.TC005_CSMCBasicDetails"/>
  <testcase name="basicDetails" time="159.825" classname="com.CSMC_Aug23.tc.TC005_CSMCBasicDetails"/>
  <testcase name="basicDetails" time="160.450" classname="com.CSMC_Aug23.tc.TC005_CSMCBasicDetails"/>
  <testcase name="basicDetails" time="187.623" classname="com.CSMC_Aug23.tc.TC005_CSMCBasicDetails"/>
  <testcase name="basicDetails" time="160.648" classname="com.CSMC_Aug23.tc.TC005_CSMCBasicDetails"/>
  <testcase name="basicDetails" time="160.614" classname="com.CSMC_Aug23.tc.TC005_CSMCBasicDetails"/>
  <testcase name="basicDetails" time="159.825" classname="com.CSMC_Aug23.tc.TC005_CSMCBasicDetails"/>
  <testcase name="basicDetails" time="187.601" classname="com.CSMC_Aug23.tc.TC005_CSMCBasicDetails"/>
  <testcase name="basicDetails" time="160.040" classname="com.CSMC_Aug23.tc.TC005_CSMCBasicDetails"/>
  <testcase name="basicDetails" time="159.514" classname="com.CSMC_Aug23.tc.TC005_CSMCBasicDetails"/>
  <testcase name="basicDetails" time="187.524" classname="com.CSMC_Aug23.tc.TC005_CSMCBasicDetails"/>
  <testcase name="basicDetails" time="160.098" classname="com.CSMC_Aug23.tc.TC005_CSMCBasicDetails"/>
  <testcase name="basicDetails" time="187.535" classname="com.CSMC_Aug23.tc.TC005_CSMCBasicDetails"/>
  <testcase name="basicDetails" time="160.386" classname="com.CSMC_Aug23.tc.TC005_CSMCBasicDetails"/>
  <testcase name="basicDetails" time="187.549" classname="com.CSMC_Aug23.tc.TC005_CSMCBasicDetails"/>
  <testcase name="basicDetails" time="160.361" classname="com.CSMC_Aug23.tc.TC005_CSMCBasicDetails"/>
  <testcase name="basicDetails" time="160.348" classname="com.CSMC_Aug23.tc.TC005_CSMCBasicDetails"/>
  <testcase name="basicDetails" time="159.765" classname="com.CSMC_Aug23.tc.TC005_CSMCBasicDetails"/>
  <testcase name="basicDetails" time="187.418" classname="com.CSMC_Aug23.tc.TC005_CSMCBasicDetails"/>
  <testcase name="basicDetails" time="159.723" classname="com.CSMC_Aug23.tc.TC005_CSMCBasicDetails"/>
  <testcase name="basicDetails" time="187.632" classname="com.CSMC_Aug23.tc.TC005_CSMCBasicDetails"/>
  <testcase name="basicDetails" time="159.987" classname="com.CSMC_Aug23.tc.TC005_CSMCBasicDetails"/>
  <testcase name="basicDetails" time="159.468" classname="com.CSMC_Aug23.tc.TC005_CSMCBasicDetails"/>
  <testcase name="basicDetails" time="159.968" classname="com.CSMC_Aug23.tc.TC005_CSMCBasicDetails"/>
  <testcase name="basicDetails" time="160.200" classname="com.CSMC_Aug23.tc.TC005_CSMCBasicDetails"/>
  <testcase name="basicDetails" time="159.871" classname="com.CSMC_Aug23.tc.TC005_CSMCBasicDetails"/>
  <testcase name="basicDetails" time="160.508" classname="com.CSMC_Aug23.tc.TC005_CSMCBasicDetails"/>
  <testcase name="basicDetails" time="160.629" classname="com.CSMC_Aug23.tc.TC005_CSMCBasicDetails"/>
  <testcase name="basicDetails" time="159.558" classname="com.CSMC_Aug23.tc.TC005_CSMCBasicDetails"/>
  <testcase name="basicDetails" time="187.884" classname="com.CSMC_Aug23.tc.TC005_CSMCBasicDetails"/>
  <testcase name="basicDetails" time="187.726" classname="com.CSMC_Aug23.tc.TC005_CSMCBasicDetails"/>
  <testcase name="basicDetails" time="159.916" classname="com.CSMC_Aug23.tc.TC005_CSMCBasicDetails"/>
  <testcase name="basicDetails" time="160.405" classname="com.CSMC_Aug23.tc.TC005_CSMCBasicDetails"/>
  <testcase name="basicDetails" time="160.390" classname="com.CSMC_Aug23.tc.TC005_CSMCBasicDetails"/>
  <testcase name="basicDetails" time="159.952" classname="com.CSMC_Aug23.tc.TC005_CSMCBasicDetails"/>
  <testcase name="basicDetails" time="187.626" classname="com.CSMC_Aug23.tc.TC005_CSMCBasicDetails"/>
  <testcase name="basicDetails" time="160.378" classname="com.CSMC_Aug23.tc.TC005_CSMCBasicDetails"/>
  <testcase name="basicDetails" time="187.633" classname="com.CSMC_Aug23.tc.TC005_CSMCBasicDetails"/>
  <testcase name="basicDetails" time="160.343" classname="com.CSMC_Aug23.tc.TC005_CSMCBasicDetails"/>
  <testcase name="basicDetails" time="160.339" classname="com.CSMC_Aug23.tc.TC005_CSMCBasicDetails"/>
  <testcase name="basicDetails" time="187.787" classname="com.CSMC_Aug23.tc.TC005_CSMCBasicDetails"/>
  <testcase name="basicDetails" time="160.042" classname="com.CSMC_Aug23.tc.TC005_CSMCBasicDetails"/>
  <testcase name="basicDetails" time="159.516" classname="com.CSMC_Aug23.tc.TC005_CSMCBasicDetails"/>
  <testcase name="basicDetails" time="159.704" classname="com.CSMC_Aug23.tc.TC005_CSMCBasicDetails"/>
  <testcase name="basicDetails" time="159.790" classname="com.CSMC_Aug23.tc.TC005_CSMCBasicDetails"/>
  <testcase name="basicDetails" time="160.149" classname="com.CSMC_Aug23.tc.TC005_CSMCBasicDetails"/>
  <testcase name="basicDetails" time="159.916" classname="com.CSMC_Aug23.tc.TC005_CSMCBasicDetails"/>
  <testcase name="basicDetails" time="160.077" classname="com.CSMC_Aug23.tc.TC005_CSMCBasicDetails"/>
  <testcase name="basicDetails" time="160.198" classname="com.CSMC_Aug23.tc.TC005_CSMCBasicDetails"/>
  <testcase name="basicDetails" time="160.314" classname="com.CSMC_Aug23.tc.TC005_CSMCBasicDetails"/>
  <testcase name="basicDetails" time="160.445" classname="com.CSMC_Aug23.tc.TC005_CSMCBasicDetails"/>
  <testcase name="basicDetails" time="159.683" classname="com.CSMC_Aug23.tc.TC005_CSMCBasicDetails"/>
  <testcase name="basicDetails" time="187.624" classname="com.CSMC_Aug23.tc.TC005_CSMCBasicDetails"/>
  <testcase name="basicDetails" time="160.364" classname="com.CSMC_Aug23.tc.TC005_CSMCBasicDetails"/>
  <testcase name="basicDetails" time="160.231" classname="com.CSMC_Aug23.tc.TC005_CSMCBasicDetails"/>
  <testcase name="basicDetails" time="187.443" classname="com.CSMC_Aug23.tc.TC005_CSMCBasicDetails"/>
  <testcase name="basicDetails" time="187.686" classname="com.CSMC_Aug23.tc.TC005_CSMCBasicDetails"/>
  <testcase name="basicDetails" time="159.559" classname="com.CSMC_Aug23.tc.TC005_CSMCBasicDetails"/>
  <testcase name="basicDetails" time="160.176" classname="com.CSMC_Aug23.tc.TC005_CSMCBasicDetails"/>
  <testcase name="basicDetails" time="187.692" classname="com.CSMC_Aug23.tc.TC005_CSMCBasicDetails"/>
  <testcase name="basicDetails" time="187.382" classname="com.CSMC_Aug23.tc.TC005_CSMCBasicDetails"/>
  <testcase name="basicDetails" time="159.823" classname="com.CSMC_Aug23.tc.TC005_CSMCBasicDetails"/>
  <testcase name="basicDetails" time="160.027" classname="com.CSMC_Aug23.tc.TC005_CSMCBasicDetails"/>
  <testcase name="basicDetails" time="187.385" classname="com.CSMC_Aug23.tc.TC005_CSMCBasicDetails"/>
  <testcase name="basicDetails" time="159.666" classname="com.CSMC_Aug23.tc.TC005_CSMCBasicDetails"/>
  <testcase name="basicDetails" time="160.070" classname="com.CSMC_Aug23.tc.TC005_CSMCBasicDetails"/>
  <testcase name="basicDetails" time="159.740" classname="com.CSMC_Aug23.tc.TC005_CSMCBasicDetails"/>
  <testcase name="basicDetails" time="159.711" classname="com.CSMC_Aug23.tc.TC005_CSMCBasicDetails"/>
  <testcase name="basicDetails" time="159.752" classname="com.CSMC_Aug23.tc.TC005_CSMCBasicDetails"/>
  <testcase name="basicDetails" time="160.296" classname="com.CSMC_Aug23.tc.TC005_CSMCBasicDetails"/>
  <testcase name="basicDetails" time="187.454" classname="com.CSMC_Aug23.tc.TC005_CSMCBasicDetails"/>
  <testcase name="basicDetails" time="160.309" classname="com.CSMC_Aug23.tc.TC005_CSMCBasicDetails"/>
  <testcase name="basicDetails" time="187.362" classname="com.CSMC_Aug23.tc.TC005_CSMCBasicDetails"/>
  <testcase name="basicDetails" time="159.901" classname="com.CSMC_Aug23.tc.TC005_CSMCBasicDetails"/>
  <testcase name="basicDetails" time="187.588" classname="com.CSMC_Aug23.tc.TC005_CSMCBasicDetails"/>
  <testcase name="basicDetails" time="159.771" classname="com.CSMC_Aug23.tc.TC005_CSMCBasicDetails"/>
  <testcase name="basicDetails" time="187.329" classname="com.CSMC_Aug23.tc.TC005_CSMCBasicDetails"/>
  <testcase name="basicDetails" time="160.117" classname="com.CSMC_Aug23.tc.TC005_CSMCBasicDetails"/>
  <testcase name="basicDetails" time="160.082" classname="com.CSMC_Aug23.tc.TC005_CSMCBasicDetails"/>
  <testcase name="basicDetails" time="187.303" classname="com.CSMC_Aug23.tc.TC005_CSMCBasicDetails"/>
  <testcase name="basicDetails" time="159.947" classname="com.CSMC_Aug23.tc.TC005_CSMCBasicDetails"/>
  <testcase name="basicDetails" time="187.839" classname="com.CSMC_Aug23.tc.TC005_CSMCBasicDetails"/>
  <testcase name="basicDetails" time="159.850" classname="com.CSMC_Aug23.tc.TC005_CSMCBasicDetails"/>
  <testcase name="basicDetails" time="160.183" classname="com.CSMC_Aug23.tc.TC005_CSMCBasicDetails"/>
  <testcase name="basicDetails" time="159.843" classname="com.CSMC_Aug23.tc.TC005_CSMCBasicDetails"/>
  <testcase name="basicDetails" time="159.992" classname="com.CSMC_Aug23.tc.TC005_CSMCBasicDetails"/>
  <testcase name="basicDetails" time="187.452" classname="com.CSMC_Aug23.tc.TC005_CSMCBasicDetails"/>
  <testcase name="basicDetails" time="165.127" classname="com.CSMC_Aug23.tc.TC005_CSMCBasicDetails"/>
  <testcase name="basicDetails" time="160.224" classname="com.CSMC_Aug23.tc.TC005_CSMCBasicDetails"/>
  <testcase name="basicDetails" time="160.572" classname="com.CSMC_Aug23.tc.TC005_CSMCBasicDetails"/>
  <testcase name="basicDetails" time="159.939" classname="com.CSMC_Aug23.tc.TC005_CSMCBasicDetails"/>
  <testcase name="basicDetails" time="160.439" classname="com.CSMC_Aug23.tc.TC005_CSMCBasicDetails"/>
  <testcase name="basicDetails" time="187.184" classname="com.CSMC_Aug23.tc.TC005_CSMCBasicDetails"/>
  <testcase name="basicDetails" time="160.479" classname="com.CSMC_Aug23.tc.TC005_CSMCBasicDetails"/>
  <testcase name="basicDetails" time="188.043" classname="com.CSMC_Aug23.tc.TC005_CSMCBasicDetails"/>
  <testcase name="basicDetails" time="159.606" classname="com.CSMC_Aug23.tc.TC005_CSMCBasicDetails"/>
  <testcase name="basicDetails" time="159.599" classname="com.CSMC_Aug23.tc.TC005_CSMCBasicDetails"/>
  <testcase name="basicDetails" time="160.309" classname="com.CSMC_Aug23.tc.TC005_CSMCBasicDetails"/>
  <testcase name="basicDetails" time="187.643" classname="com.CSMC_Aug23.tc.TC005_CSMCBasicDetails"/>
  <testcase name="basicDetails" time="187.046" classname="com.CSMC_Aug23.tc.TC005_CSMCBasicDetails"/>
  <testcase name="basicDetails" time="159.781" classname="com.CSMC_Aug23.tc.TC005_CSMCBasicDetails"/>
  <testcase name="basicDetails" time="187.638" classname="com.CSMC_Aug23.tc.TC005_CSMCBasicDetails"/>
  <testcase name="basicDetails" time="159.723" classname="com.CSMC_Aug23.tc.TC005_CSMCBasicDetails"/>
  <testcase name="basicDetails" time="159.530" classname="com.CSMC_Aug23.tc.TC005_CSMCBasicDetails"/>
  <testcase name="basicDetails" time="160.169" classname="com.CSMC_Aug23.tc.TC005_CSMCBasicDetails"/>
  <testcase name="basicDetails" time="160.247" classname="com.CSMC_Aug23.tc.TC005_CSMCBasicDetails"/>
  <testcase name="basicDetails" time="187.483" classname="com.CSMC_Aug23.tc.TC005_CSMCBasicDetails"/>
  <testcase name="basicDetails" time="187.494" classname="com.CSMC_Aug23.tc.TC005_CSMCBasicDetails"/>
  <testcase name="basicDetails" time="160.497" classname="com.CSMC_Aug23.tc.TC005_CSMCBasicDetails"/>
  <testcase name="basicDetails" time="159.894" classname="com.CSMC_Aug23.tc.TC005_CSMCBasicDetails"/>
  <testcase name="basicDetails" time="160.231" classname="com.CSMC_Aug23.tc.TC005_CSMCBasicDetails"/>
  <testcase name="basicDetails" time="159.512" classname="com.CSMC_Aug23.tc.TC005_CSMCBasicDetails"/>
  <testcase name="basicDetails" time="160.419" classname="com.CSMC_Aug23.tc.TC005_CSMCBasicDetails"/>
  <testcase name="basicDetails" time="159.459" classname="com.CSMC_Aug23.tc.TC005_CSMCBasicDetails"/>
  <testcase name="basicDetails" time="187.530" classname="com.CSMC_Aug23.tc.TC005_CSMCBasicDetails"/>
  <testcase name="basicDetails" time="160.394" classname="com.CSMC_Aug23.tc.TC005_CSMCBasicDetails"/>
  <testcase name="basicDetails" time="160.007" classname="com.CSMC_Aug23.tc.TC005_CSMCBasicDetails"/>
  <testcase name="basicDetails" time="160.141" classname="com.CSMC_Aug23.tc.TC005_CSMCBasicDetails"/>
  <testcase name="basicDetails" time="187.553" classname="com.CSMC_Aug23.tc.TC005_CSMCBasicDetails"/>
  <testcase name="basicDetails" time="159.646" classname="com.CSMC_Aug23.tc.TC005_CSMCBasicDetails"/>
  <testcase name="basicDetails" time="187.440" classname="com.CSMC_Aug23.tc.TC005_CSMCBasicDetails"/>
  <testcase name="basicDetails" time="160.095" classname="com.CSMC_Aug23.tc.TC005_CSMCBasicDetails"/>
  <testcase name="basicDetails" time="159.976" classname="com.CSMC_Aug23.tc.TC005_CSMCBasicDetails"/>
  <testcase name="basicDetails" time="187.416" classname="com.CSMC_Aug23.tc.TC005_CSMCBasicDetails"/>
  <testcase name="basicDetails" time="160.173" classname="com.CSMC_Aug23.tc.TC005_CSMCBasicDetails"/>
  <testcase name="basicDetails" time="160.061" classname="com.CSMC_Aug23.tc.TC005_CSMCBasicDetails"/>
  <testcase name="basicDetails" time="159.875" classname="com.CSMC_Aug23.tc.TC005_CSMCBasicDetails"/>
  <testcase name="basicDetails" time="160.609" classname="com.CSMC_Aug23.tc.TC005_CSMCBasicDetails"/>
  <testcase name="basicDetails" time="160.252" classname="com.CSMC_Aug23.tc.TC005_CSMCBasicDetails"/>
  <testcase name="basicDetails" time="160.216" classname="com.CSMC_Aug23.tc.TC005_CSMCBasicDetails"/>
  <testcase name="basicDetails" time="160.257" classname="com.CSMC_Aug23.tc.TC005_CSMCBasicDetails"/>
  <testcase name="basicDetails" time="187.286" classname="com.CSMC_Aug23.tc.TC005_CSMCBasicDetails"/>
  <testcase name="basicDetails" time="160.204" classname="com.CSMC_Aug23.tc.TC005_CSMCBasicDetails"/>
  <testcase name="basicDetails" time="160.216" classname="com.CSMC_Aug23.tc.TC005_CSMCBasicDetails"/>
  <testcase name="basicDetails" time="188.021" classname="com.CSMC_Aug23.tc.TC005_CSMCBasicDetails"/>
  <testcase name="basicDetails" time="159.824" classname="com.CSMC_Aug23.tc.TC005_CSMCBasicDetails"/>
  <testcase name="basicDetails" time="159.759" classname="com.CSMC_Aug23.tc.TC005_CSMCBasicDetails"/>
  <testcase name="basicDetails" time="159.843" classname="com.CSMC_Aug23.tc.TC005_CSMCBasicDetails"/>
  <testcase name="basicDetails" time="160.112" classname="com.CSMC_Aug23.tc.TC005_CSMCBasicDetails"/>
  <testcase name="basicDetails" time="187.789" classname="com.CSMC_Aug23.tc.TC005_CSMCBasicDetails"/>
  <testcase name="basicDetails" time="160.444" classname="com.CSMC_Aug23.tc.TC005_CSMCBasicDetails"/>
  <testcase name="basicDetails" time="187.512" classname="com.CSMC_Aug23.tc.TC005_CSMCBasicDetails"/>
  <testcase name="basicDetails" time="187.721" classname="com.CSMC_Aug23.tc.TC005_CSMCBasicDetails"/>
  <testcase name="basicDetails" time="160.577" classname="com.CSMC_Aug23.tc.TC005_CSMCBasicDetails"/>
  <testcase name="basicDetails" time="159.737" classname="com.CSMC_Aug23.tc.TC005_CSMCBasicDetails"/>
  <testcase name="basicDetails" time="160.660" classname="com.CSMC_Aug23.tc.TC005_CSMCBasicDetails"/>
  <testcase name="basicDetails" time="159.997" classname="com.CSMC_Aug23.tc.TC005_CSMCBasicDetails"/>
  <testcase name="basicDetails" time="187.340" classname="com.CSMC_Aug23.tc.TC005_CSMCBasicDetails"/>
  <testcase name="basicDetails" time="160.048" classname="com.CSMC_Aug23.tc.TC005_CSMCBasicDetails"/>
  <testcase name="basicDetails" time="160.271" classname="com.CSMC_Aug23.tc.TC005_CSMCBasicDetails"/>
  <testcase name="basicDetails" time="160.362" classname="com.CSMC_Aug23.tc.TC005_CSMCBasicDetails"/>
  <testcase name="basicDetails" time="187.364" classname="com.CSMC_Aug23.tc.TC005_CSMCBasicDetails"/>
  <testcase name="basicDetails" time="160.120" classname="com.CSMC_Aug23.tc.TC005_CSMCBasicDetails"/>
</testsuite> <!-- com.CSMC_Aug23.tc.TC005_CSMCBasicDetails -->
