<?xml version="1.0" encoding="UTF-8"?>
<!-- Generated by org.testng.reporters.JUnitReportReporter -->
<testsuite skipped="0" hostname="MAA014482B" name="com.TDCN_June23.tc.TC002_TDCNBasicDetails" tests="140" failures="0" timestamp="2023-06-26T19:04:28 IST" time="22569.922" errors="0">
  <testcase name="basicDetails" time="163.034" classname="com.TDCN_June23.tc.TC002_TDCNBasicDetails"/>
  <testcase name="basicDetails" time="159.497" classname="com.TDCN_June23.tc.TC002_TDCNBasicDetails"/>
  <testcase name="basicDetails" time="159.391" classname="com.TDCN_June23.tc.TC002_TDCNBasicDetails"/>
  <testcase name="basicDetails" time="162.975" classname="com.TDCN_June23.tc.TC002_TDCNBasicDetails"/>
  <testcase name="basicDetails" time="159.331" classname="com.TDCN_June23.tc.TC002_TDCNBasicDetails"/>
  <testcase name="basicDetails" time="159.436" classname="com.TDCN_June23.tc.TC002_TDCNBasicDetails"/>
  <testcase name="basicDetails" time="162.682" classname="com.TDCN_June23.tc.TC002_TDCNBasicDetails"/>
  <testcase name="basicDetails" time="162.599" classname="com.TDCN_June23.tc.TC002_TDCNBasicDetails"/>
  <testcase name="basicDetails" time="159.204" classname="com.TDCN_June23.tc.TC002_TDCNBasicDetails"/>
  <testcase name="basicDetails" time="162.654" classname="com.TDCN_June23.tc.TC002_TDCNBasicDetails"/>
  <testcase name="basicDetails" time="162.810" classname="com.TDCN_June23.tc.TC002_TDCNBasicDetails"/>
  <testcase name="basicDetails" time="159.363" classname="com.TDCN_June23.tc.TC002_TDCNBasicDetails"/>
  <testcase name="basicDetails" time="159.692" classname="com.TDCN_June23.tc.TC002_TDCNBasicDetails"/>
  <testcase name="basicDetails" time="163.042" classname="com.TDCN_June23.tc.TC002_TDCNBasicDetails"/>
  <testcase name="basicDetails" time="159.613" classname="com.TDCN_June23.tc.TC002_TDCNBasicDetails"/>
  <testcase name="basicDetails" time="162.836" classname="com.TDCN_June23.tc.TC002_TDCNBasicDetails"/>
  <testcase name="basicDetails" time="162.595" classname="com.TDCN_June23.tc.TC002_TDCNBasicDetails"/>
  <testcase name="basicDetails" time="159.446" classname="com.TDCN_June23.tc.TC002_TDCNBasicDetails"/>
  <testcase name="basicDetails" time="162.765" classname="com.TDCN_June23.tc.TC002_TDCNBasicDetails"/>
  <testcase name="basicDetails" time="163.013" classname="com.TDCN_June23.tc.TC002_TDCNBasicDetails"/>
  <testcase name="basicDetails" time="159.289" classname="com.TDCN_June23.tc.TC002_TDCNBasicDetails"/>
  <testcase name="basicDetails" time="162.735" classname="com.TDCN_June23.tc.TC002_TDCNBasicDetails"/>
  <testcase name="basicDetails" time="162.840" classname="com.TDCN_June23.tc.TC002_TDCNBasicDetails"/>
  <testcase name="basicDetails" time="162.860" classname="com.TDCN_June23.tc.TC002_TDCNBasicDetails"/>
  <testcase name="basicDetails" time="159.538" classname="com.TDCN_June23.tc.TC002_TDCNBasicDetails"/>
  <testcase name="basicDetails" time="159.522" classname="com.TDCN_June23.tc.TC002_TDCNBasicDetails"/>
  <testcase name="basicDetails" time="159.580" classname="com.TDCN_June23.tc.TC002_TDCNBasicDetails"/>
  <testcase name="basicDetails" time="159.619" classname="com.TDCN_June23.tc.TC002_TDCNBasicDetails"/>
  <testcase name="basicDetails" time="159.447" classname="com.TDCN_June23.tc.TC002_TDCNBasicDetails"/>
  <testcase name="basicDetails" time="162.636" classname="com.TDCN_June23.tc.TC002_TDCNBasicDetails"/>
  <testcase name="basicDetails" time="162.528" classname="com.TDCN_June23.tc.TC002_TDCNBasicDetails"/>
  <testcase name="basicDetails" time="159.441" classname="com.TDCN_June23.tc.TC002_TDCNBasicDetails"/>
  <testcase name="basicDetails" time="159.478" classname="com.TDCN_June23.tc.TC002_TDCNBasicDetails"/>
  <testcase name="basicDetails" time="159.389" classname="com.TDCN_June23.tc.TC002_TDCNBasicDetails"/>
  <testcase name="basicDetails" time="162.896" classname="com.TDCN_June23.tc.TC002_TDCNBasicDetails"/>
  <testcase name="basicDetails" time="159.703" classname="com.TDCN_June23.tc.TC002_TDCNBasicDetails"/>
  <testcase name="basicDetails" time="159.409" classname="com.TDCN_June23.tc.TC002_TDCNBasicDetails"/>
  <testcase name="basicDetails" time="162.666" classname="com.TDCN_June23.tc.TC002_TDCNBasicDetails"/>
  <testcase name="basicDetails" time="159.594" classname="com.TDCN_June23.tc.TC002_TDCNBasicDetails"/>
  <testcase name="basicDetails" time="162.913" classname="com.TDCN_June23.tc.TC002_TDCNBasicDetails"/>
  <testcase name="basicDetails" time="159.332" classname="com.TDCN_June23.tc.TC002_TDCNBasicDetails"/>
  <testcase name="basicDetails" time="162.825" classname="com.TDCN_June23.tc.TC002_TDCNBasicDetails"/>
  <testcase name="basicDetails" time="159.195" classname="com.TDCN_June23.tc.TC002_TDCNBasicDetails"/>
  <testcase name="basicDetails" time="159.190" classname="com.TDCN_June23.tc.TC002_TDCNBasicDetails"/>
  <testcase name="basicDetails" time="163.016" classname="com.TDCN_June23.tc.TC002_TDCNBasicDetails"/>
  <testcase name="basicDetails" time="162.904" classname="com.TDCN_June23.tc.TC002_TDCNBasicDetails"/>
  <testcase name="basicDetails" time="159.577" classname="com.TDCN_June23.tc.TC002_TDCNBasicDetails"/>
  <testcase name="basicDetails" time="159.550" classname="com.TDCN_June23.tc.TC002_TDCNBasicDetails"/>
  <testcase name="basicDetails" time="162.404" classname="com.TDCN_June23.tc.TC002_TDCNBasicDetails"/>
  <testcase name="basicDetails" time="159.446" classname="com.TDCN_June23.tc.TC002_TDCNBasicDetails"/>
  <testcase name="basicDetails" time="159.309" classname="com.TDCN_June23.tc.TC002_TDCNBasicDetails"/>
  <testcase name="basicDetails" time="162.546" classname="com.TDCN_June23.tc.TC002_TDCNBasicDetails"/>
  <testcase name="basicDetails" time="159.429" classname="com.TDCN_June23.tc.TC002_TDCNBasicDetails"/>
  <testcase name="basicDetails" time="162.869" classname="com.TDCN_June23.tc.TC002_TDCNBasicDetails"/>
  <testcase name="basicDetails" time="159.217" classname="com.TDCN_June23.tc.TC002_TDCNBasicDetails"/>
  <testcase name="basicDetails" time="162.377" classname="com.TDCN_June23.tc.TC002_TDCNBasicDetails"/>
  <testcase name="basicDetails" time="163.035" classname="com.TDCN_June23.tc.TC002_TDCNBasicDetails"/>
  <testcase name="basicDetails" time="159.273" classname="com.TDCN_June23.tc.TC002_TDCNBasicDetails"/>
  <testcase name="basicDetails" time="159.368" classname="com.TDCN_June23.tc.TC002_TDCNBasicDetails"/>
  <testcase name="basicDetails" time="162.665" classname="com.TDCN_June23.tc.TC002_TDCNBasicDetails"/>
  <testcase name="basicDetails" time="175.075" classname="com.TDCN_June23.tc.TC002_TDCNBasicDetails"/>
  <testcase name="basicDetails" time="162.609" classname="com.TDCN_June23.tc.TC002_TDCNBasicDetails"/>
  <testcase name="basicDetails" time="159.577" classname="com.TDCN_June23.tc.TC002_TDCNBasicDetails"/>
  <testcase name="basicDetails" time="159.609" classname="com.TDCN_June23.tc.TC002_TDCNBasicDetails"/>
  <testcase name="basicDetails" time="159.298" classname="com.TDCN_June23.tc.TC002_TDCNBasicDetails"/>
  <testcase name="basicDetails" time="159.417" classname="com.TDCN_June23.tc.TC002_TDCNBasicDetails"/>
  <testcase name="basicDetails" time="159.325" classname="com.TDCN_June23.tc.TC002_TDCNBasicDetails"/>
  <testcase name="basicDetails" time="162.896" classname="com.TDCN_June23.tc.TC002_TDCNBasicDetails"/>
  <testcase name="basicDetails" time="162.789" classname="com.TDCN_June23.tc.TC002_TDCNBasicDetails"/>
  <testcase name="basicDetails" time="159.429" classname="com.TDCN_June23.tc.TC002_TDCNBasicDetails"/>
  <testcase name="basicDetails" time="162.749" classname="com.TDCN_June23.tc.TC002_TDCNBasicDetails"/>
  <testcase name="basicDetails" time="159.200" classname="com.TDCN_June23.tc.TC002_TDCNBasicDetails"/>
  <testcase name="basicDetails" time="162.866" classname="com.TDCN_June23.tc.TC002_TDCNBasicDetails"/>
  <testcase name="basicDetails" time="162.754" classname="com.TDCN_June23.tc.TC002_TDCNBasicDetails"/>
  <testcase name="basicDetails" time="162.716" classname="com.TDCN_June23.tc.TC002_TDCNBasicDetails"/>
  <testcase name="basicDetails" time="162.737" classname="com.TDCN_June23.tc.TC002_TDCNBasicDetails"/>
  <testcase name="basicDetails" time="159.576" classname="com.TDCN_June23.tc.TC002_TDCNBasicDetails"/>
  <testcase name="basicDetails" time="162.610" classname="com.TDCN_June23.tc.TC002_TDCNBasicDetails"/>
  <testcase name="basicDetails" time="162.824" classname="com.TDCN_June23.tc.TC002_TDCNBasicDetails"/>
  <testcase name="basicDetails" time="162.860" classname="com.TDCN_June23.tc.TC002_TDCNBasicDetails"/>
  <testcase name="basicDetails" time="159.736" classname="com.TDCN_June23.tc.TC002_TDCNBasicDetails"/>
  <testcase name="basicDetails" time="162.728" classname="com.TDCN_June23.tc.TC002_TDCNBasicDetails"/>
  <testcase name="basicDetails" time="162.705" classname="com.TDCN_June23.tc.TC002_TDCNBasicDetails"/>
  <testcase name="basicDetails" time="162.895" classname="com.TDCN_June23.tc.TC002_TDCNBasicDetails"/>
  <testcase name="basicDetails" time="159.620" classname="com.TDCN_June23.tc.TC002_TDCNBasicDetails"/>
  <testcase name="basicDetails" time="159.324" classname="com.TDCN_June23.tc.TC002_TDCNBasicDetails"/>
  <testcase name="basicDetails" time="162.465" classname="com.TDCN_June23.tc.TC002_TDCNBasicDetails"/>
  <testcase name="basicDetails" time="162.957" classname="com.TDCN_June23.tc.TC002_TDCNBasicDetails"/>
  <testcase name="basicDetails" time="159.262" classname="com.TDCN_June23.tc.TC002_TDCNBasicDetails"/>
  <testcase name="basicDetails" time="162.648" classname="com.TDCN_June23.tc.TC002_TDCNBasicDetails"/>
  <testcase name="basicDetails" time="162.765" classname="com.TDCN_June23.tc.TC002_TDCNBasicDetails"/>
  <testcase name="basicDetails" time="162.819" classname="com.TDCN_June23.tc.TC002_TDCNBasicDetails"/>
  <testcase name="basicDetails" time="163.052" classname="com.TDCN_June23.tc.TC002_TDCNBasicDetails"/>
  <testcase name="basicDetails" time="159.575" classname="com.TDCN_June23.tc.TC002_TDCNBasicDetails"/>
  <testcase name="basicDetails" time="159.672" classname="com.TDCN_June23.tc.TC002_TDCNBasicDetails"/>
  <testcase name="basicDetails" time="162.782" classname="com.TDCN_June23.tc.TC002_TDCNBasicDetails"/>
  <testcase name="basicDetails" time="159.523" classname="com.TDCN_June23.tc.TC002_TDCNBasicDetails"/>
  <testcase name="basicDetails" time="162.950" classname="com.TDCN_June23.tc.TC002_TDCNBasicDetails"/>
  <testcase name="basicDetails" time="162.890" classname="com.TDCN_June23.tc.TC002_TDCNBasicDetails"/>
  <testcase name="basicDetails" time="162.846" classname="com.TDCN_June23.tc.TC002_TDCNBasicDetails"/>
  <testcase name="basicDetails" time="159.145" classname="com.TDCN_June23.tc.TC002_TDCNBasicDetails"/>
  <testcase name="basicDetails" time="162.961" classname="com.TDCN_June23.tc.TC002_TDCNBasicDetails"/>
  <testcase name="basicDetails" time="159.326" classname="com.TDCN_June23.tc.TC002_TDCNBasicDetails"/>
  <testcase name="basicDetails" time="162.623" classname="com.TDCN_June23.tc.TC002_TDCNBasicDetails"/>
  <testcase name="basicDetails" time="162.712" classname="com.TDCN_June23.tc.TC002_TDCNBasicDetails"/>
  <testcase name="basicDetails" time="159.375" classname="com.TDCN_June23.tc.TC002_TDCNBasicDetails"/>
  <testcase name="basicDetails" time="159.380" classname="com.TDCN_June23.tc.TC002_TDCNBasicDetails"/>
  <testcase name="basicDetails" time="159.255" classname="com.TDCN_June23.tc.TC002_TDCNBasicDetails"/>
  <testcase name="basicDetails" time="162.862" classname="com.TDCN_June23.tc.TC002_TDCNBasicDetails"/>
  <testcase name="basicDetails" time="162.613" classname="com.TDCN_June23.tc.TC002_TDCNBasicDetails"/>
  <testcase name="basicDetails" time="159.439" classname="com.TDCN_June23.tc.TC002_TDCNBasicDetails"/>
  <testcase name="basicDetails" time="159.276" classname="com.TDCN_June23.tc.TC002_TDCNBasicDetails"/>
  <testcase name="basicDetails" time="162.589" classname="com.TDCN_June23.tc.TC002_TDCNBasicDetails"/>
  <testcase name="basicDetails" time="162.662" classname="com.TDCN_June23.tc.TC002_TDCNBasicDetails"/>
  <testcase name="basicDetails" time="159.364" classname="com.TDCN_June23.tc.TC002_TDCNBasicDetails"/>
  <testcase name="basicDetails" time="159.429" classname="com.TDCN_June23.tc.TC002_TDCNBasicDetails"/>
  <testcase name="basicDetails" time="159.632" classname="com.TDCN_June23.tc.TC002_TDCNBasicDetails"/>
  <testcase name="basicDetails" time="162.670" classname="com.TDCN_June23.tc.TC002_TDCNBasicDetails"/>
  <testcase name="basicDetails" time="162.957" classname="com.TDCN_June23.tc.TC002_TDCNBasicDetails"/>
  <testcase name="basicDetails" time="162.534" classname="com.TDCN_June23.tc.TC002_TDCNBasicDetails"/>
  <testcase name="basicDetails" time="159.416" classname="com.TDCN_June23.tc.TC002_TDCNBasicDetails"/>
  <testcase name="basicDetails" time="163.012" classname="com.TDCN_June23.tc.TC002_TDCNBasicDetails"/>
  <testcase name="basicDetails" time="162.694" classname="com.TDCN_June23.tc.TC002_TDCNBasicDetails"/>
  <testcase name="basicDetails" time="159.307" classname="com.TDCN_June23.tc.TC002_TDCNBasicDetails"/>
  <testcase name="basicDetails" time="159.373" classname="com.TDCN_June23.tc.TC002_TDCNBasicDetails"/>
  <testcase name="basicDetails" time="162.892" classname="com.TDCN_June23.tc.TC002_TDCNBasicDetails"/>
  <testcase name="basicDetails" time="162.594" classname="com.TDCN_June23.tc.TC002_TDCNBasicDetails"/>
  <testcase name="basicDetails" time="159.384" classname="com.TDCN_June23.tc.TC002_TDCNBasicDetails"/>
  <testcase name="basicDetails" time="159.326" classname="com.TDCN_June23.tc.TC002_TDCNBasicDetails"/>
  <testcase name="basicDetails" time="163.209" classname="com.TDCN_June23.tc.TC002_TDCNBasicDetails"/>
  <testcase name="basicDetails" time="159.162" classname="com.TDCN_June23.tc.TC002_TDCNBasicDetails"/>
  <testcase name="basicDetails" time="159.509" classname="com.TDCN_June23.tc.TC002_TDCNBasicDetails"/>
  <testcase name="basicDetails" time="159.249" classname="com.TDCN_June23.tc.TC002_TDCNBasicDetails"/>
  <testcase name="basicDetails" time="162.977" classname="com.TDCN_June23.tc.TC002_TDCNBasicDetails"/>
  <testcase name="basicDetails" time="162.646" classname="com.TDCN_June23.tc.TC002_TDCNBasicDetails"/>
  <testcase name="basicDetails" time="159.002" classname="com.TDCN_June23.tc.TC002_TDCNBasicDetails"/>
  <testcase name="basicDetails" time="162.604" classname="com.TDCN_June23.tc.TC002_TDCNBasicDetails"/>
  <testcase name="basicDetails" time="159.481" classname="com.TDCN_June23.tc.TC002_TDCNBasicDetails"/>
  <testcase name="basicDetails" time="160.072" classname="com.TDCN_June23.tc.TC002_TDCNBasicDetails"/>
  <testcase name="basicDetails" time="159.490" classname="com.TDCN_June23.tc.TC002_TDCNBasicDetails"/>
</testsuite> <!-- com.TDCN_June23.tc.TC002_TDCNBasicDetails -->
