<?xml version="1.0" encoding="UTF-8"?>
<!-- Generated by org.testng.reporters.JUnitReportReporter -->
<testsuite skipped="0" hostname="MAA014482B" name="com.CSIR_25July22.tc.TC005_CSIRBasicDetails" tests="14" failures="0" timestamp="2022-08-03T14:23:55 IST" time="1782.449" errors="0">
  <testcase name="basicDetails" time="129.464" classname="com.CSIR_25July22.tc.TC005_CSIRBasicDetails"/>
  <testcase name="basicDetails" time="126.512" classname="com.CSIR_25July22.tc.TC005_CSIRBasicDetails"/>
  <testcase name="basicDetails" time="126.395" classname="com.CSIR_25July22.tc.TC005_CSIRBasicDetails"/>
  <testcase name="basicDetails" time="125.933" classname="com.CSIR_25July22.tc.TC005_CSIRBasicDetails"/>
  <testcase name="basicDetails" time="129.589" classname="com.CSIR_25July22.tc.TC005_CSIRBasicDetails"/>
  <testcase name="basicDetails" time="126.254" classname="com.CSIR_25July22.tc.TC005_CSIRBasicDetails"/>
  <testcase name="basicDetails" time="126.947" classname="com.CSIR_25July22.tc.TC005_CSIRBasicDetails"/>
  <testcase name="basicDetails" time="126.547" classname="com.CSIR_25July22.tc.TC005_CSIRBasicDetails"/>
  <testcase name="basicDetails" time="130.478" classname="com.CSIR_25July22.tc.TC005_CSIRBasicDetails"/>
  <testcase name="basicDetails" time="126.125" classname="com.CSIR_25July22.tc.TC005_CSIRBasicDetails"/>
  <testcase name="basicDetails" time="126.068" classname="com.CSIR_25July22.tc.TC005_CSIRBasicDetails"/>
  <testcase name="basicDetails" time="129.761" classname="com.CSIR_25July22.tc.TC005_CSIRBasicDetails"/>
  <testcase name="basicDetails" time="126.482" classname="com.CSIR_25July22.tc.TC005_CSIRBasicDetails"/>
  <testcase name="basicDetails" time="125.894" classname="com.CSIR_25July22.tc.TC005_CSIRBasicDetails"/>
</testsuite> <!-- com.CSIR_25July22.tc.TC005_CSIRBasicDetails -->
