<?xml version="1.0" encoding="UTF-8"?>
<!-- Generated by org.testng.reporters.JUnitReportReporter -->
<testsuite skipped="0" hostname="MAA014482B" name="com.CSB_20Oct22.tc.TC002_CSBBasicDetails" tests="125" failures="0" timestamp="2022-12-29T07:03:58 IST" time="20602.180" errors="0">
  <testcase name="basicDetails" time="164.548" classname="com.CSB_20Oct22.tc.TC002_CSBBasicDetails"/>
  <testcase name="basicDetails" time="165.623" classname="com.CSB_20Oct22.tc.TC002_CSBBasicDetails"/>
  <testcase name="basicDetails" time="165.677" classname="com.CSB_20Oct22.tc.TC002_CSBBasicDetails"/>
  <testcase name="basicDetails" time="164.662" classname="com.CSB_20Oct22.tc.TC002_CSBBasicDetails"/>
  <testcase name="basicDetails" time="164.917" classname="com.CSB_20Oct22.tc.TC002_CSBBasicDetails"/>
  <testcase name="basicDetails" time="164.513" classname="com.CSB_20Oct22.tc.TC002_CSBBasicDetails"/>
  <testcase name="basicDetails" time="165.609" classname="com.CSB_20Oct22.tc.TC002_CSBBasicDetails"/>
  <testcase name="basicDetails" time="165.885" classname="com.CSB_20Oct22.tc.TC002_CSBBasicDetails"/>
  <testcase name="basicDetails" time="164.338" classname="com.CSB_20Oct22.tc.TC002_CSBBasicDetails"/>
  <testcase name="basicDetails" time="164.651" classname="com.CSB_20Oct22.tc.TC002_CSBBasicDetails"/>
  <testcase name="basicDetails" time="164.749" classname="com.CSB_20Oct22.tc.TC002_CSBBasicDetails"/>
  <testcase name="basicDetails" time="165.632" classname="com.CSB_20Oct22.tc.TC002_CSBBasicDetails"/>
  <testcase name="basicDetails" time="164.207" classname="com.CSB_20Oct22.tc.TC002_CSBBasicDetails"/>
  <testcase name="basicDetails" time="165.663" classname="com.CSB_20Oct22.tc.TC002_CSBBasicDetails"/>
  <testcase name="basicDetails" time="164.402" classname="com.CSB_20Oct22.tc.TC002_CSBBasicDetails"/>
  <testcase name="basicDetails" time="164.757" classname="com.CSB_20Oct22.tc.TC002_CSBBasicDetails"/>
  <testcase name="basicDetails" time="164.294" classname="com.CSB_20Oct22.tc.TC002_CSBBasicDetails"/>
  <testcase name="basicDetails" time="164.701" classname="com.CSB_20Oct22.tc.TC002_CSBBasicDetails"/>
  <testcase name="basicDetails" time="164.503" classname="com.CSB_20Oct22.tc.TC002_CSBBasicDetails"/>
  <testcase name="basicDetails" time="164.591" classname="com.CSB_20Oct22.tc.TC002_CSBBasicDetails"/>
  <testcase name="basicDetails" time="165.946" classname="com.CSB_20Oct22.tc.TC002_CSBBasicDetails"/>
  <testcase name="basicDetails" time="165.577" classname="com.CSB_20Oct22.tc.TC002_CSBBasicDetails"/>
  <testcase name="basicDetails" time="165.300" classname="com.CSB_20Oct22.tc.TC002_CSBBasicDetails"/>
  <testcase name="basicDetails" time="164.525" classname="com.CSB_20Oct22.tc.TC002_CSBBasicDetails"/>
  <testcase name="basicDetails" time="165.592" classname="com.CSB_20Oct22.tc.TC002_CSBBasicDetails"/>
  <testcase name="basicDetails" time="164.213" classname="com.CSB_20Oct22.tc.TC002_CSBBasicDetails"/>
  <testcase name="basicDetails" time="164.280" classname="com.CSB_20Oct22.tc.TC002_CSBBasicDetails"/>
  <testcase name="basicDetails" time="164.464" classname="com.CSB_20Oct22.tc.TC002_CSBBasicDetails"/>
  <testcase name="basicDetails" time="164.538" classname="com.CSB_20Oct22.tc.TC002_CSBBasicDetails"/>
  <testcase name="basicDetails" time="164.505" classname="com.CSB_20Oct22.tc.TC002_CSBBasicDetails"/>
  <testcase name="basicDetails" time="165.874" classname="com.CSB_20Oct22.tc.TC002_CSBBasicDetails"/>
  <testcase name="basicDetails" time="164.702" classname="com.CSB_20Oct22.tc.TC002_CSBBasicDetails"/>
  <testcase name="basicDetails" time="164.691" classname="com.CSB_20Oct22.tc.TC002_CSBBasicDetails"/>
  <testcase name="basicDetails" time="165.513" classname="com.CSB_20Oct22.tc.TC002_CSBBasicDetails"/>
  <testcase name="basicDetails" time="165.427" classname="com.CSB_20Oct22.tc.TC002_CSBBasicDetails"/>
  <testcase name="basicDetails" time="164.370" classname="com.CSB_20Oct22.tc.TC002_CSBBasicDetails"/>
  <testcase name="basicDetails" time="165.689" classname="com.CSB_20Oct22.tc.TC002_CSBBasicDetails"/>
  <testcase name="basicDetails" time="164.608" classname="com.CSB_20Oct22.tc.TC002_CSBBasicDetails"/>
  <testcase name="basicDetails" time="165.973" classname="com.CSB_20Oct22.tc.TC002_CSBBasicDetails"/>
  <testcase name="basicDetails" time="164.475" classname="com.CSB_20Oct22.tc.TC002_CSBBasicDetails"/>
  <testcase name="basicDetails" time="164.349" classname="com.CSB_20Oct22.tc.TC002_CSBBasicDetails"/>
  <testcase name="basicDetails" time="165.687" classname="com.CSB_20Oct22.tc.TC002_CSBBasicDetails"/>
  <testcase name="basicDetails" time="164.326" classname="com.CSB_20Oct22.tc.TC002_CSBBasicDetails"/>
  <testcase name="basicDetails" time="164.448" classname="com.CSB_20Oct22.tc.TC002_CSBBasicDetails"/>
  <testcase name="basicDetails" time="164.607" classname="com.CSB_20Oct22.tc.TC002_CSBBasicDetails"/>
  <testcase name="basicDetails" time="164.676" classname="com.CSB_20Oct22.tc.TC002_CSBBasicDetails"/>
  <testcase name="basicDetails" time="164.036" classname="com.CSB_20Oct22.tc.TC002_CSBBasicDetails"/>
  <testcase name="basicDetails" time="164.358" classname="com.CSB_20Oct22.tc.TC002_CSBBasicDetails"/>
  <testcase name="basicDetails" time="164.717" classname="com.CSB_20Oct22.tc.TC002_CSBBasicDetails"/>
  <testcase name="basicDetails" time="164.650" classname="com.CSB_20Oct22.tc.TC002_CSBBasicDetails"/>
  <testcase name="basicDetails" time="164.148" classname="com.CSB_20Oct22.tc.TC002_CSBBasicDetails"/>
  <testcase name="basicDetails" time="165.325" classname="com.CSB_20Oct22.tc.TC002_CSBBasicDetails"/>
  <testcase name="basicDetails" time="164.147" classname="com.CSB_20Oct22.tc.TC002_CSBBasicDetails"/>
  <testcase name="basicDetails" time="164.453" classname="com.CSB_20Oct22.tc.TC002_CSBBasicDetails"/>
  <testcase name="basicDetails" time="165.850" classname="com.CSB_20Oct22.tc.TC002_CSBBasicDetails"/>
  <testcase name="basicDetails" time="164.807" classname="com.CSB_20Oct22.tc.TC002_CSBBasicDetails"/>
  <testcase name="basicDetails" time="164.200" classname="com.CSB_20Oct22.tc.TC002_CSBBasicDetails"/>
  <testcase name="basicDetails" time="164.540" classname="com.CSB_20Oct22.tc.TC002_CSBBasicDetails"/>
  <testcase name="basicDetails" time="164.481" classname="com.CSB_20Oct22.tc.TC002_CSBBasicDetails"/>
  <testcase name="basicDetails" time="164.439" classname="com.CSB_20Oct22.tc.TC002_CSBBasicDetails"/>
  <testcase name="basicDetails" time="164.523" classname="com.CSB_20Oct22.tc.TC002_CSBBasicDetails"/>
  <testcase name="basicDetails" time="164.908" classname="com.CSB_20Oct22.tc.TC002_CSBBasicDetails"/>
  <testcase name="basicDetails" time="164.540" classname="com.CSB_20Oct22.tc.TC002_CSBBasicDetails"/>
  <testcase name="basicDetails" time="164.513" classname="com.CSB_20Oct22.tc.TC002_CSBBasicDetails"/>
  <testcase name="basicDetails" time="164.355" classname="com.CSB_20Oct22.tc.TC002_CSBBasicDetails"/>
  <testcase name="basicDetails" time="165.461" classname="com.CSB_20Oct22.tc.TC002_CSBBasicDetails"/>
  <testcase name="basicDetails" time="165.853" classname="com.CSB_20Oct22.tc.TC002_CSBBasicDetails"/>
  <testcase name="basicDetails" time="165.461" classname="com.CSB_20Oct22.tc.TC002_CSBBasicDetails"/>
  <testcase name="basicDetails" time="164.397" classname="com.CSB_20Oct22.tc.TC002_CSBBasicDetails"/>
  <testcase name="basicDetails" time="165.277" classname="com.CSB_20Oct22.tc.TC002_CSBBasicDetails"/>
  <testcase name="basicDetails" time="162.643" classname="com.CSB_20Oct22.tc.TC002_CSBBasicDetails"/>
  <testcase name="basicDetails" time="165.586" classname="com.CSB_20Oct22.tc.TC002_CSBBasicDetails"/>
  <testcase name="basicDetails" time="165.803" classname="com.CSB_20Oct22.tc.TC002_CSBBasicDetails"/>
  <testcase name="basicDetails" time="164.382" classname="com.CSB_20Oct22.tc.TC002_CSBBasicDetails"/>
  <testcase name="basicDetails" time="165.946" classname="com.CSB_20Oct22.tc.TC002_CSBBasicDetails"/>
  <testcase name="basicDetails" time="165.738" classname="com.CSB_20Oct22.tc.TC002_CSBBasicDetails"/>
  <testcase name="basicDetails" time="164.242" classname="com.CSB_20Oct22.tc.TC002_CSBBasicDetails"/>
  <testcase name="basicDetails" time="162.552" classname="com.CSB_20Oct22.tc.TC002_CSBBasicDetails"/>
  <testcase name="basicDetails" time="165.269" classname="com.CSB_20Oct22.tc.TC002_CSBBasicDetails"/>
  <testcase name="basicDetails" time="165.100" classname="com.CSB_20Oct22.tc.TC002_CSBBasicDetails"/>
  <testcase name="basicDetails" time="164.493" classname="com.CSB_20Oct22.tc.TC002_CSBBasicDetails"/>
  <testcase name="basicDetails" time="164.185" classname="com.CSB_20Oct22.tc.TC002_CSBBasicDetails"/>
  <testcase name="basicDetails" time="164.738" classname="com.CSB_20Oct22.tc.TC002_CSBBasicDetails"/>
  <testcase name="basicDetails" time="164.403" classname="com.CSB_20Oct22.tc.TC002_CSBBasicDetails"/>
  <testcase name="basicDetails" time="164.100" classname="com.CSB_20Oct22.tc.TC002_CSBBasicDetails"/>
  <testcase name="basicDetails" time="164.548" classname="com.CSB_20Oct22.tc.TC002_CSBBasicDetails"/>
  <testcase name="basicDetails" time="164.456" classname="com.CSB_20Oct22.tc.TC002_CSBBasicDetails"/>
  <testcase name="basicDetails" time="164.450" classname="com.CSB_20Oct22.tc.TC002_CSBBasicDetails"/>
  <testcase name="basicDetails" time="164.244" classname="com.CSB_20Oct22.tc.TC002_CSBBasicDetails"/>
  <testcase name="basicDetails" time="165.495" classname="com.CSB_20Oct22.tc.TC002_CSBBasicDetails"/>
  <testcase name="basicDetails" time="165.466" classname="com.CSB_20Oct22.tc.TC002_CSBBasicDetails"/>
  <testcase name="basicDetails" time="165.670" classname="com.CSB_20Oct22.tc.TC002_CSBBasicDetails"/>
  <testcase name="basicDetails" time="165.361" classname="com.CSB_20Oct22.tc.TC002_CSBBasicDetails"/>
  <testcase name="basicDetails" time="164.571" classname="com.CSB_20Oct22.tc.TC002_CSBBasicDetails"/>
  <testcase name="basicDetails" time="165.646" classname="com.CSB_20Oct22.tc.TC002_CSBBasicDetails"/>
  <testcase name="basicDetails" time="165.799" classname="com.CSB_20Oct22.tc.TC002_CSBBasicDetails"/>
  <testcase name="basicDetails" time="167.088" classname="com.CSB_20Oct22.tc.TC002_CSBBasicDetails"/>
  <testcase name="basicDetails" time="164.662" classname="com.CSB_20Oct22.tc.TC002_CSBBasicDetails"/>
  <testcase name="basicDetails" time="164.353" classname="com.CSB_20Oct22.tc.TC002_CSBBasicDetails"/>
  <testcase name="basicDetails" time="164.758" classname="com.CSB_20Oct22.tc.TC002_CSBBasicDetails"/>
  <testcase name="basicDetails" time="165.649" classname="com.CSB_20Oct22.tc.TC002_CSBBasicDetails"/>
  <testcase name="basicDetails" time="165.449" classname="com.CSB_20Oct22.tc.TC002_CSBBasicDetails"/>
  <testcase name="basicDetails" time="164.518" classname="com.CSB_20Oct22.tc.TC002_CSBBasicDetails"/>
  <testcase name="basicDetails" time="164.756" classname="com.CSB_20Oct22.tc.TC002_CSBBasicDetails"/>
  <testcase name="basicDetails" time="164.136" classname="com.CSB_20Oct22.tc.TC002_CSBBasicDetails"/>
  <testcase name="basicDetails" time="164.581" classname="com.CSB_20Oct22.tc.TC002_CSBBasicDetails"/>
  <testcase name="basicDetails" time="164.482" classname="com.CSB_20Oct22.tc.TC002_CSBBasicDetails"/>
  <testcase name="basicDetails" time="164.286" classname="com.CSB_20Oct22.tc.TC002_CSBBasicDetails"/>
  <testcase name="basicDetails" time="164.321" classname="com.CSB_20Oct22.tc.TC002_CSBBasicDetails"/>
  <testcase name="basicDetails" time="164.554" classname="com.CSB_20Oct22.tc.TC002_CSBBasicDetails"/>
  <testcase name="basicDetails" time="164.194" classname="com.CSB_20Oct22.tc.TC002_CSBBasicDetails"/>
  <testcase name="basicDetails" time="164.935" classname="com.CSB_20Oct22.tc.TC002_CSBBasicDetails"/>
  <testcase name="basicDetails" time="165.362" classname="com.CSB_20Oct22.tc.TC002_CSBBasicDetails"/>
  <testcase name="basicDetails" time="164.516" classname="com.CSB_20Oct22.tc.TC002_CSBBasicDetails"/>
  <testcase name="basicDetails" time="163.913" classname="com.CSB_20Oct22.tc.TC002_CSBBasicDetails"/>
  <testcase name="basicDetails" time="164.760" classname="com.CSB_20Oct22.tc.TC002_CSBBasicDetails"/>
  <testcase name="basicDetails" time="165.721" classname="com.CSB_20Oct22.tc.TC002_CSBBasicDetails"/>
  <testcase name="basicDetails" time="164.343" classname="com.CSB_20Oct22.tc.TC002_CSBBasicDetails"/>
  <testcase name="basicDetails" time="164.284" classname="com.CSB_20Oct22.tc.TC002_CSBBasicDetails"/>
  <testcase name="basicDetails" time="164.224" classname="com.CSB_20Oct22.tc.TC002_CSBBasicDetails"/>
  <testcase name="basicDetails" time="164.346" classname="com.CSB_20Oct22.tc.TC002_CSBBasicDetails"/>
  <testcase name="basicDetails" time="165.701" classname="com.CSB_20Oct22.tc.TC002_CSBBasicDetails"/>
  <testcase name="basicDetails" time="164.637" classname="com.CSB_20Oct22.tc.TC002_CSBBasicDetails"/>
  <testcase name="basicDetails" time="165.479" classname="com.CSB_20Oct22.tc.TC002_CSBBasicDetails"/>
  <testcase name="basicDetails" time="163.568" classname="com.CSB_20Oct22.tc.TC002_CSBBasicDetails"/>
</testsuite> <!-- com.CSB_20Oct22.tc.TC002_CSBBasicDetails -->
