<?xml version="1.0" encoding="UTF-8"?>
<!-- Generated by org.testng.reporters.JUnitReportReporter -->
<testsuite skipped="0" hostname="MAA014482B" name="com.IP_22Feb23.tc.TC004_IBBasicDetails" tests="13" failures="0" timestamp="2023-02-22T15:06:45 IST" time="2046.838" errors="0">
  <testcase name="basicDetails" time="157.387" classname="com.IP_22Feb23.tc.TC004_IBBasicDetails"/>
  <testcase name="basicDetails" time="155.336" classname="com.IP_22Feb23.tc.TC004_IBBasicDetails"/>
  <testcase name="basicDetails" time="158.817" classname="com.IP_22Feb23.tc.TC004_IBBasicDetails"/>
  <testcase name="basicDetails" time="157.426" classname="com.IP_22Feb23.tc.TC004_IBBasicDetails"/>
  <testcase name="basicDetails" time="157.637" classname="com.IP_22Feb23.tc.TC004_IBBasicDetails"/>
  <testcase name="basicDetails" time="157.870" classname="com.IP_22Feb23.tc.TC004_IBBasicDetails"/>
  <testcase name="basicDetails" time="155.341" classname="com.IP_22Feb23.tc.TC004_IBBasicDetails"/>
  <testcase name="basicDetails" time="157.373" classname="com.IP_22Feb23.tc.TC004_IBBasicDetails"/>
  <testcase name="basicDetails" time="157.873" classname="com.IP_22Feb23.tc.TC004_IBBasicDetails"/>
  <testcase name="basicDetails" time="158.605" classname="com.IP_22Feb23.tc.TC004_IBBasicDetails"/>
  <testcase name="basicDetails" time="156.347" classname="com.IP_22Feb23.tc.TC004_IBBasicDetails"/>
  <testcase name="basicDetails" time="160.070" classname="com.IP_22Feb23.tc.TC004_IBBasicDetails"/>
  <testcase name="basicDetails" time="156.756" classname="com.IP_22Feb23.tc.TC004_IBBasicDetails"/>
</testsuite> <!-- com.IP_22Feb23.tc.TC004_IBBasicDetails -->
