<?xml version="1.0" encoding="UTF-8"?>
<!-- Generated by org.testng.reporters.JUnitReportReporter -->
<testsuite skipped="0" hostname="MAA014482B" name="com.BMC_May23.tc.TC002_BMCBasicDetails" tests="3" failures="0" timestamp="2023-06-09T16:12:46 IST" time="556.417" errors="0">
  <testcase name="basicDetails" time="184.978" classname="com.BMC_May23.tc.TC002_BMCBasicDetails"/>
  <testcase name="basicDetails" time="187.093" classname="com.BMC_May23.tc.TC002_BMCBasicDetails"/>
  <testcase name="basicDetails" time="184.346" classname="com.BMC_May23.tc.TC002_BMCBasicDetails"/>
</testsuite> <!-- com.BMC_May23.tc.TC002_BMCBasicDetails -->
