<?xml version="1.0" encoding="UTF-8"?>
<!-- Generated by org.testng.reporters.JUnitReportReporter -->
<testsuite skipped="0" hostname="MAA014482B" name="com.MOIL_April23.tc.TC003_MOILBasicDetails" tests="30" failures="0" timestamp="2023-05-04T12:52:50 IST" time="4872.739" errors="0">
  <testcase name="basicDetails" time="161.416" classname="com.MOIL_April23.tc.TC003_MOILBasicDetails"/>
  <testcase name="basicDetails" time="162.901" classname="com.MOIL_April23.tc.TC003_MOILBasicDetails"/>
  <testcase name="basicDetails" time="161.851" classname="com.MOIL_April23.tc.TC003_MOILBasicDetails"/>
  <testcase name="basicDetails" time="162.273" classname="com.MOIL_April23.tc.TC003_MOILBasicDetails"/>
  <testcase name="basicDetails" time="161.572" classname="com.MOIL_April23.tc.TC003_MOILBasicDetails"/>
  <testcase name="basicDetails" time="163.684" classname="com.MOIL_April23.tc.TC003_MOILBasicDetails"/>
  <testcase name="basicDetails" time="162.619" classname="com.MOIL_April23.tc.TC003_MOILBasicDetails"/>
  <testcase name="basicDetails" time="161.949" classname="com.MOIL_April23.tc.TC003_MOILBasicDetails"/>
  <testcase name="basicDetails" time="162.296" classname="com.MOIL_April23.tc.TC003_MOILBasicDetails"/>
  <testcase name="basicDetails" time="162.487" classname="com.MOIL_April23.tc.TC003_MOILBasicDetails"/>
  <testcase name="basicDetails" time="162.526" classname="com.MOIL_April23.tc.TC003_MOILBasicDetails"/>
  <testcase name="basicDetails" time="162.678" classname="com.MOIL_April23.tc.TC003_MOILBasicDetails"/>
  <testcase name="basicDetails" time="162.783" classname="com.MOIL_April23.tc.TC003_MOILBasicDetails"/>
  <testcase name="basicDetails" time="162.134" classname="com.MOIL_April23.tc.TC003_MOILBasicDetails"/>
  <testcase name="basicDetails" time="162.489" classname="com.MOIL_April23.tc.TC003_MOILBasicDetails"/>
  <testcase name="basicDetails" time="162.522" classname="com.MOIL_April23.tc.TC003_MOILBasicDetails"/>
  <testcase name="basicDetails" time="162.576" classname="com.MOIL_April23.tc.TC003_MOILBasicDetails"/>
  <testcase name="basicDetails" time="162.418" classname="com.MOIL_April23.tc.TC003_MOILBasicDetails"/>
  <testcase name="basicDetails" time="162.605" classname="com.MOIL_April23.tc.TC003_MOILBasicDetails"/>
  <testcase name="basicDetails" time="161.944" classname="com.MOIL_April23.tc.TC003_MOILBasicDetails"/>
  <testcase name="basicDetails" time="162.251" classname="com.MOIL_April23.tc.TC003_MOILBasicDetails"/>
  <testcase name="basicDetails" time="162.746" classname="com.MOIL_April23.tc.TC003_MOILBasicDetails"/>
  <testcase name="basicDetails" time="162.550" classname="com.MOIL_April23.tc.TC003_MOILBasicDetails"/>
  <testcase name="basicDetails" time="162.313" classname="com.MOIL_April23.tc.TC003_MOILBasicDetails"/>
  <testcase name="basicDetails" time="162.331" classname="com.MOIL_April23.tc.TC003_MOILBasicDetails"/>
  <testcase name="basicDetails" time="162.505" classname="com.MOIL_April23.tc.TC003_MOILBasicDetails"/>
  <testcase name="basicDetails" time="162.467" classname="com.MOIL_April23.tc.TC003_MOILBasicDetails"/>
  <testcase name="basicDetails" time="162.931" classname="com.MOIL_April23.tc.TC003_MOILBasicDetails"/>
  <testcase name="basicDetails" time="162.565" classname="com.MOIL_April23.tc.TC003_MOILBasicDetails"/>
  <testcase name="basicDetails" time="162.357" classname="com.MOIL_April23.tc.TC003_MOILBasicDetails"/>
</testsuite> <!-- com.MOIL_April23.tc.TC003_MOILBasicDetails -->
