<?xml version="1.0" encoding="UTF-8"?>
<!-- Generated by org.testng.reporters.JUnitReportReporter -->
<testsuite skipped="0" hostname="MAA014482B" name="com.RBIJE_May23.tc.TC004_RBIJEBasicDetails" tests="180" failures="0" timestamp="2023-05-30T20:45:53 IST" time="29285.432" errors="0">
  <testcase name="basicDetails" time="163.533" classname="com.RBIJE_May23.tc.TC004_RBIJEBasicDetails"/>
  <testcase name="basicDetails" time="162.336" classname="com.RBIJE_May23.tc.TC004_RBIJEBasicDetails"/>
  <testcase name="basicDetails" time="161.797" classname="com.RBIJE_May23.tc.TC004_RBIJEBasicDetails"/>
  <testcase name="basicDetails" time="167.042" classname="com.RBIJE_May23.tc.TC004_RBIJEBasicDetails"/>
  <testcase name="basicDetails" time="165.296" classname="com.RBIJE_May23.tc.TC004_RBIJEBasicDetails"/>
  <testcase name="basicDetails" time="163.184" classname="com.RBIJE_May23.tc.TC004_RBIJEBasicDetails"/>
  <testcase name="basicDetails" time="162.167" classname="com.RBIJE_May23.tc.TC004_RBIJEBasicDetails"/>
  <testcase name="basicDetails" time="161.739" classname="com.RBIJE_May23.tc.TC004_RBIJEBasicDetails"/>
  <testcase name="basicDetails" time="160.732" classname="com.RBIJE_May23.tc.TC004_RBIJEBasicDetails"/>
  <testcase name="basicDetails" time="165.323" classname="com.RBIJE_May23.tc.TC004_RBIJEBasicDetails"/>
  <testcase name="basicDetails" time="161.182" classname="com.RBIJE_May23.tc.TC004_RBIJEBasicDetails"/>
  <testcase name="basicDetails" time="161.774" classname="com.RBIJE_May23.tc.TC004_RBIJEBasicDetails"/>
  <testcase name="basicDetails" time="160.973" classname="com.RBIJE_May23.tc.TC004_RBIJEBasicDetails"/>
  <testcase name="basicDetails" time="161.519" classname="com.RBIJE_May23.tc.TC004_RBIJEBasicDetails"/>
  <testcase name="basicDetails" time="164.959" classname="com.RBIJE_May23.tc.TC004_RBIJEBasicDetails"/>
  <testcase name="basicDetails" time="164.735" classname="com.RBIJE_May23.tc.TC004_RBIJEBasicDetails"/>
  <testcase name="basicDetails" time="162.364" classname="com.RBIJE_May23.tc.TC004_RBIJEBasicDetails"/>
  <testcase name="basicDetails" time="162.289" classname="com.RBIJE_May23.tc.TC004_RBIJEBasicDetails"/>
  <testcase name="basicDetails" time="164.981" classname="com.RBIJE_May23.tc.TC004_RBIJEBasicDetails"/>
  <testcase name="basicDetails" time="161.460" classname="com.RBIJE_May23.tc.TC004_RBIJEBasicDetails"/>
  <testcase name="basicDetails" time="162.285" classname="com.RBIJE_May23.tc.TC004_RBIJEBasicDetails"/>
  <testcase name="basicDetails" time="162.158" classname="com.RBIJE_May23.tc.TC004_RBIJEBasicDetails"/>
  <testcase name="basicDetails" time="165.053" classname="com.RBIJE_May23.tc.TC004_RBIJEBasicDetails"/>
  <testcase name="basicDetails" time="160.494" classname="com.RBIJE_May23.tc.TC004_RBIJEBasicDetails"/>
  <testcase name="basicDetails" time="162.272" classname="com.RBIJE_May23.tc.TC004_RBIJEBasicDetails"/>
  <testcase name="basicDetails" time="161.173" classname="com.RBIJE_May23.tc.TC004_RBIJEBasicDetails"/>
  <testcase name="basicDetails" time="161.915" classname="com.RBIJE_May23.tc.TC004_RBIJEBasicDetails"/>
  <testcase name="basicDetails" time="165.259" classname="com.RBIJE_May23.tc.TC004_RBIJEBasicDetails"/>
  <testcase name="basicDetails" time="164.091" classname="com.RBIJE_May23.tc.TC004_RBIJEBasicDetails"/>
  <testcase name="basicDetails" time="162.426" classname="com.RBIJE_May23.tc.TC004_RBIJEBasicDetails"/>
  <testcase name="basicDetails" time="162.397" classname="com.RBIJE_May23.tc.TC004_RBIJEBasicDetails"/>
  <testcase name="basicDetails" time="162.305" classname="com.RBIJE_May23.tc.TC004_RBIJEBasicDetails"/>
  <testcase name="basicDetails" time="165.223" classname="com.RBIJE_May23.tc.TC004_RBIJEBasicDetails"/>
  <testcase name="basicDetails" time="162.145" classname="com.RBIJE_May23.tc.TC004_RBIJEBasicDetails"/>
  <testcase name="basicDetails" time="162.376" classname="com.RBIJE_May23.tc.TC004_RBIJEBasicDetails"/>
  <testcase name="basicDetails" time="161.984" classname="com.RBIJE_May23.tc.TC004_RBIJEBasicDetails"/>
  <testcase name="basicDetails" time="160.727" classname="com.RBIJE_May23.tc.TC004_RBIJEBasicDetails"/>
  <testcase name="basicDetails" time="161.573" classname="com.RBIJE_May23.tc.TC004_RBIJEBasicDetails"/>
  <testcase name="basicDetails" time="165.442" classname="com.RBIJE_May23.tc.TC004_RBIJEBasicDetails"/>
  <testcase name="basicDetails" time="161.924" classname="com.RBIJE_May23.tc.TC004_RBIJEBasicDetails"/>
  <testcase name="basicDetails" time="164.896" classname="com.RBIJE_May23.tc.TC004_RBIJEBasicDetails"/>
  <testcase name="basicDetails" time="163.990" classname="com.RBIJE_May23.tc.TC004_RBIJEBasicDetails"/>
  <testcase name="basicDetails" time="165.378" classname="com.RBIJE_May23.tc.TC004_RBIJEBasicDetails"/>
  <testcase name="basicDetails" time="161.487" classname="com.RBIJE_May23.tc.TC004_RBIJEBasicDetails"/>
  <testcase name="basicDetails" time="163.772" classname="com.RBIJE_May23.tc.TC004_RBIJEBasicDetails"/>
  <testcase name="basicDetails" time="162.951" classname="com.RBIJE_May23.tc.TC004_RBIJEBasicDetails"/>
  <testcase name="basicDetails" time="164.174" classname="com.RBIJE_May23.tc.TC004_RBIJEBasicDetails"/>
  <testcase name="basicDetails" time="160.868" classname="com.RBIJE_May23.tc.TC004_RBIJEBasicDetails"/>
  <testcase name="basicDetails" time="160.994" classname="com.RBIJE_May23.tc.TC004_RBIJEBasicDetails"/>
  <testcase name="basicDetails" time="163.975" classname="com.RBIJE_May23.tc.TC004_RBIJEBasicDetails"/>
  <testcase name="basicDetails" time="161.934" classname="com.RBIJE_May23.tc.TC004_RBIJEBasicDetails"/>
  <testcase name="basicDetails" time="162.123" classname="com.RBIJE_May23.tc.TC004_RBIJEBasicDetails"/>
  <testcase name="basicDetails" time="160.964" classname="com.RBIJE_May23.tc.TC004_RBIJEBasicDetails"/>
  <testcase name="basicDetails" time="165.696" classname="com.RBIJE_May23.tc.TC004_RBIJEBasicDetails"/>
  <testcase name="basicDetails" time="160.990" classname="com.RBIJE_May23.tc.TC004_RBIJEBasicDetails"/>
  <testcase name="basicDetails" time="162.301" classname="com.RBIJE_May23.tc.TC004_RBIJEBasicDetails"/>
  <testcase name="basicDetails" time="162.058" classname="com.RBIJE_May23.tc.TC004_RBIJEBasicDetails"/>
  <testcase name="basicDetails" time="161.079" classname="com.RBIJE_May23.tc.TC004_RBIJEBasicDetails"/>
  <testcase name="basicDetails" time="161.981" classname="com.RBIJE_May23.tc.TC004_RBIJEBasicDetails"/>
  <testcase name="basicDetails" time="160.844" classname="com.RBIJE_May23.tc.TC004_RBIJEBasicDetails"/>
  <testcase name="basicDetails" time="160.889" classname="com.RBIJE_May23.tc.TC004_RBIJEBasicDetails"/>
  <testcase name="basicDetails" time="165.692" classname="com.RBIJE_May23.tc.TC004_RBIJEBasicDetails"/>
  <testcase name="basicDetails" time="166.327" classname="com.RBIJE_May23.tc.TC004_RBIJEBasicDetails"/>
  <testcase name="basicDetails" time="162.937" classname="com.RBIJE_May23.tc.TC004_RBIJEBasicDetails"/>
  <testcase name="basicDetails" time="164.111" classname="com.RBIJE_May23.tc.TC004_RBIJEBasicDetails"/>
  <testcase name="basicDetails" time="165.077" classname="com.RBIJE_May23.tc.TC004_RBIJEBasicDetails"/>
  <testcase name="basicDetails" time="160.772" classname="com.RBIJE_May23.tc.TC004_RBIJEBasicDetails"/>
  <testcase name="basicDetails" time="161.689" classname="com.RBIJE_May23.tc.TC004_RBIJEBasicDetails"/>
  <testcase name="basicDetails" time="162.042" classname="com.RBIJE_May23.tc.TC004_RBIJEBasicDetails"/>
  <testcase name="basicDetails" time="161.088" classname="com.RBIJE_May23.tc.TC004_RBIJEBasicDetails"/>
  <testcase name="basicDetails" time="160.990" classname="com.RBIJE_May23.tc.TC004_RBIJEBasicDetails"/>
  <testcase name="basicDetails" time="161.640" classname="com.RBIJE_May23.tc.TC004_RBIJEBasicDetails"/>
  <testcase name="basicDetails" time="162.494" classname="com.RBIJE_May23.tc.TC004_RBIJEBasicDetails"/>
  <testcase name="basicDetails" time="161.823" classname="com.RBIJE_May23.tc.TC004_RBIJEBasicDetails"/>
  <testcase name="basicDetails" time="163.962" classname="com.RBIJE_May23.tc.TC004_RBIJEBasicDetails"/>
  <testcase name="basicDetails" time="162.415" classname="com.RBIJE_May23.tc.TC004_RBIJEBasicDetails"/>
  <testcase name="basicDetails" time="165.186" classname="com.RBIJE_May23.tc.TC004_RBIJEBasicDetails"/>
  <testcase name="basicDetails" time="165.069" classname="com.RBIJE_May23.tc.TC004_RBIJEBasicDetails"/>
  <testcase name="basicDetails" time="161.113" classname="com.RBIJE_May23.tc.TC004_RBIJEBasicDetails"/>
  <testcase name="basicDetails" time="160.807" classname="com.RBIJE_May23.tc.TC004_RBIJEBasicDetails"/>
  <testcase name="basicDetails" time="162.149" classname="com.RBIJE_May23.tc.TC004_RBIJEBasicDetails"/>
  <testcase name="basicDetails" time="161.840" classname="com.RBIJE_May23.tc.TC004_RBIJEBasicDetails"/>
  <testcase name="basicDetails" time="161.697" classname="com.RBIJE_May23.tc.TC004_RBIJEBasicDetails"/>
  <testcase name="basicDetails" time="166.821" classname="com.RBIJE_May23.tc.TC004_RBIJEBasicDetails"/>
  <testcase name="basicDetails" time="161.992" classname="com.RBIJE_May23.tc.TC004_RBIJEBasicDetails"/>
  <testcase name="basicDetails" time="160.795" classname="com.RBIJE_May23.tc.TC004_RBIJEBasicDetails"/>
  <testcase name="basicDetails" time="161.191" classname="com.RBIJE_May23.tc.TC004_RBIJEBasicDetails"/>
  <testcase name="basicDetails" time="165.184" classname="com.RBIJE_May23.tc.TC004_RBIJEBasicDetails"/>
  <testcase name="basicDetails" time="162.084" classname="com.RBIJE_May23.tc.TC004_RBIJEBasicDetails"/>
  <testcase name="basicDetails" time="161.748" classname="com.RBIJE_May23.tc.TC004_RBIJEBasicDetails"/>
  <testcase name="basicDetails" time="160.939" classname="com.RBIJE_May23.tc.TC004_RBIJEBasicDetails"/>
  <testcase name="basicDetails" time="160.621" classname="com.RBIJE_May23.tc.TC004_RBIJEBasicDetails"/>
  <testcase name="basicDetails" time="162.063" classname="com.RBIJE_May23.tc.TC004_RBIJEBasicDetails"/>
  <testcase name="basicDetails" time="161.799" classname="com.RBIJE_May23.tc.TC004_RBIJEBasicDetails"/>
  <testcase name="basicDetails" time="162.088" classname="com.RBIJE_May23.tc.TC004_RBIJEBasicDetails"/>
  <testcase name="basicDetails" time="160.636" classname="com.RBIJE_May23.tc.TC004_RBIJEBasicDetails"/>
  <testcase name="basicDetails" time="160.834" classname="com.RBIJE_May23.tc.TC004_RBIJEBasicDetails"/>
  <testcase name="basicDetails" time="160.556" classname="com.RBIJE_May23.tc.TC004_RBIJEBasicDetails"/>
  <testcase name="basicDetails" time="164.029" classname="com.RBIJE_May23.tc.TC004_RBIJEBasicDetails"/>
  <testcase name="basicDetails" time="162.264" classname="com.RBIJE_May23.tc.TC004_RBIJEBasicDetails"/>
  <testcase name="basicDetails" time="162.702" classname="com.RBIJE_May23.tc.TC004_RBIJEBasicDetails"/>
  <testcase name="basicDetails" time="161.735" classname="com.RBIJE_May23.tc.TC004_RBIJEBasicDetails"/>
  <testcase name="basicDetails" time="162.058" classname="com.RBIJE_May23.tc.TC004_RBIJEBasicDetails"/>
  <testcase name="basicDetails" time="161.820" classname="com.RBIJE_May23.tc.TC004_RBIJEBasicDetails"/>
  <testcase name="basicDetails" time="161.932" classname="com.RBIJE_May23.tc.TC004_RBIJEBasicDetails"/>
  <testcase name="basicDetails" time="160.650" classname="com.RBIJE_May23.tc.TC004_RBIJEBasicDetails"/>
  <testcase name="basicDetails" time="162.279" classname="com.RBIJE_May23.tc.TC004_RBIJEBasicDetails"/>
  <testcase name="basicDetails" time="166.508" classname="com.RBIJE_May23.tc.TC004_RBIJEBasicDetails"/>
  <testcase name="basicDetails" time="160.630" classname="com.RBIJE_May23.tc.TC004_RBIJEBasicDetails"/>
  <testcase name="basicDetails" time="165.307" classname="com.RBIJE_May23.tc.TC004_RBIJEBasicDetails"/>
  <testcase name="basicDetails" time="164.153" classname="com.RBIJE_May23.tc.TC004_RBIJEBasicDetails"/>
  <testcase name="basicDetails" time="164.948" classname="com.RBIJE_May23.tc.TC004_RBIJEBasicDetails"/>
  <testcase name="basicDetails" time="165.667" classname="com.RBIJE_May23.tc.TC004_RBIJEBasicDetails"/>
  <testcase name="basicDetails" time="160.992" classname="com.RBIJE_May23.tc.TC004_RBIJEBasicDetails"/>
  <testcase name="basicDetails" time="164.241" classname="com.RBIJE_May23.tc.TC004_RBIJEBasicDetails"/>
  <testcase name="basicDetails" time="164.871" classname="com.RBIJE_May23.tc.TC004_RBIJEBasicDetails"/>
  <testcase name="basicDetails" time="161.982" classname="com.RBIJE_May23.tc.TC004_RBIJEBasicDetails"/>
  <testcase name="basicDetails" time="162.436" classname="com.RBIJE_May23.tc.TC004_RBIJEBasicDetails"/>
  <testcase name="basicDetails" time="160.896" classname="com.RBIJE_May23.tc.TC004_RBIJEBasicDetails"/>
  <testcase name="basicDetails" time="161.647" classname="com.RBIJE_May23.tc.TC004_RBIJEBasicDetails"/>
  <testcase name="basicDetails" time="161.815" classname="com.RBIJE_May23.tc.TC004_RBIJEBasicDetails"/>
  <testcase name="basicDetails" time="161.277" classname="com.RBIJE_May23.tc.TC004_RBIJEBasicDetails"/>
  <testcase name="basicDetails" time="160.884" classname="com.RBIJE_May23.tc.TC004_RBIJEBasicDetails"/>
  <testcase name="basicDetails" time="161.708" classname="com.RBIJE_May23.tc.TC004_RBIJEBasicDetails"/>
  <testcase name="basicDetails" time="161.842" classname="com.RBIJE_May23.tc.TC004_RBIJEBasicDetails"/>
  <testcase name="basicDetails" time="161.134" classname="com.RBIJE_May23.tc.TC004_RBIJEBasicDetails"/>
  <testcase name="basicDetails" time="164.015" classname="com.RBIJE_May23.tc.TC004_RBIJEBasicDetails"/>
  <testcase name="basicDetails" time="160.823" classname="com.RBIJE_May23.tc.TC004_RBIJEBasicDetails"/>
  <testcase name="basicDetails" time="160.684" classname="com.RBIJE_May23.tc.TC004_RBIJEBasicDetails"/>
  <testcase name="basicDetails" time="161.692" classname="com.RBIJE_May23.tc.TC004_RBIJEBasicDetails"/>
  <testcase name="basicDetails" time="161.193" classname="com.RBIJE_May23.tc.TC004_RBIJEBasicDetails"/>
  <testcase name="basicDetails" time="161.857" classname="com.RBIJE_May23.tc.TC004_RBIJEBasicDetails"/>
  <testcase name="basicDetails" time="162.038" classname="com.RBIJE_May23.tc.TC004_RBIJEBasicDetails"/>
  <testcase name="basicDetails" time="165.479" classname="com.RBIJE_May23.tc.TC004_RBIJEBasicDetails"/>
  <testcase name="basicDetails" time="161.107" classname="com.RBIJE_May23.tc.TC004_RBIJEBasicDetails"/>
  <testcase name="basicDetails" time="166.609" classname="com.RBIJE_May23.tc.TC004_RBIJEBasicDetails"/>
  <testcase name="basicDetails" time="161.946" classname="com.RBIJE_May23.tc.TC004_RBIJEBasicDetails"/>
  <testcase name="basicDetails" time="162.070" classname="com.RBIJE_May23.tc.TC004_RBIJEBasicDetails"/>
  <testcase name="basicDetails" time="162.261" classname="com.RBIJE_May23.tc.TC004_RBIJEBasicDetails"/>
  <testcase name="basicDetails" time="163.965" classname="com.RBIJE_May23.tc.TC004_RBIJEBasicDetails"/>
  <testcase name="basicDetails" time="162.009" classname="com.RBIJE_May23.tc.TC004_RBIJEBasicDetails"/>
  <testcase name="basicDetails" time="162.355" classname="com.RBIJE_May23.tc.TC004_RBIJEBasicDetails"/>
  <testcase name="basicDetails" time="164.052" classname="com.RBIJE_May23.tc.TC004_RBIJEBasicDetails"/>
  <testcase name="basicDetails" time="165.141" classname="com.RBIJE_May23.tc.TC004_RBIJEBasicDetails"/>
  <testcase name="basicDetails" time="161.489" classname="com.RBIJE_May23.tc.TC004_RBIJEBasicDetails"/>
  <testcase name="basicDetails" time="163.674" classname="com.RBIJE_May23.tc.TC004_RBIJEBasicDetails"/>
  <testcase name="basicDetails" time="164.906" classname="com.RBIJE_May23.tc.TC004_RBIJEBasicDetails"/>
  <testcase name="basicDetails" time="164.107" classname="com.RBIJE_May23.tc.TC004_RBIJEBasicDetails"/>
  <testcase name="basicDetails" time="164.026" classname="com.RBIJE_May23.tc.TC004_RBIJEBasicDetails"/>
  <testcase name="basicDetails" time="164.792" classname="com.RBIJE_May23.tc.TC004_RBIJEBasicDetails"/>
  <testcase name="basicDetails" time="161.000" classname="com.RBIJE_May23.tc.TC004_RBIJEBasicDetails"/>
  <testcase name="basicDetails" time="163.848" classname="com.RBIJE_May23.tc.TC004_RBIJEBasicDetails"/>
  <testcase name="basicDetails" time="161.646" classname="com.RBIJE_May23.tc.TC004_RBIJEBasicDetails"/>
  <testcase name="basicDetails" time="160.886" classname="com.RBIJE_May23.tc.TC004_RBIJEBasicDetails"/>
  <testcase name="basicDetails" time="161.912" classname="com.RBIJE_May23.tc.TC004_RBIJEBasicDetails"/>
  <testcase name="basicDetails" time="161.454" classname="com.RBIJE_May23.tc.TC004_RBIJEBasicDetails"/>
  <testcase name="basicDetails" time="164.097" classname="com.RBIJE_May23.tc.TC004_RBIJEBasicDetails"/>
  <testcase name="basicDetails" time="164.325" classname="com.RBIJE_May23.tc.TC004_RBIJEBasicDetails"/>
  <testcase name="basicDetails" time="163.192" classname="com.RBIJE_May23.tc.TC004_RBIJEBasicDetails"/>
  <testcase name="basicDetails" time="161.993" classname="com.RBIJE_May23.tc.TC004_RBIJEBasicDetails"/>
  <testcase name="basicDetails" time="165.701" classname="com.RBIJE_May23.tc.TC004_RBIJEBasicDetails"/>
  <testcase name="basicDetails" time="162.145" classname="com.RBIJE_May23.tc.TC004_RBIJEBasicDetails"/>
  <testcase name="basicDetails" time="160.934" classname="com.RBIJE_May23.tc.TC004_RBIJEBasicDetails"/>
  <testcase name="basicDetails" time="166.023" classname="com.RBIJE_May23.tc.TC004_RBIJEBasicDetails"/>
  <testcase name="basicDetails" time="161.727" classname="com.RBIJE_May23.tc.TC004_RBIJEBasicDetails"/>
  <testcase name="basicDetails" time="161.925" classname="com.RBIJE_May23.tc.TC004_RBIJEBasicDetails"/>
  <testcase name="basicDetails" time="162.095" classname="com.RBIJE_May23.tc.TC004_RBIJEBasicDetails"/>
  <testcase name="basicDetails" time="161.023" classname="com.RBIJE_May23.tc.TC004_RBIJEBasicDetails"/>
  <testcase name="basicDetails" time="161.627" classname="com.RBIJE_May23.tc.TC004_RBIJEBasicDetails"/>
  <testcase name="basicDetails" time="165.231" classname="com.RBIJE_May23.tc.TC004_RBIJEBasicDetails"/>
  <testcase name="basicDetails" time="160.405" classname="com.RBIJE_May23.tc.TC004_RBIJEBasicDetails"/>
  <testcase name="basicDetails" time="165.333" classname="com.RBIJE_May23.tc.TC004_RBIJEBasicDetails"/>
  <testcase name="basicDetails" time="164.066" classname="com.RBIJE_May23.tc.TC004_RBIJEBasicDetails"/>
  <testcase name="basicDetails" time="164.878" classname="com.RBIJE_May23.tc.TC004_RBIJEBasicDetails"/>
  <testcase name="basicDetails" time="162.485" classname="com.RBIJE_May23.tc.TC004_RBIJEBasicDetails"/>
  <testcase name="basicDetails" time="161.547" classname="com.RBIJE_May23.tc.TC004_RBIJEBasicDetails"/>
  <testcase name="basicDetails" time="162.181" classname="com.RBIJE_May23.tc.TC004_RBIJEBasicDetails"/>
  <testcase name="basicDetails" time="164.897" classname="com.RBIJE_May23.tc.TC004_RBIJEBasicDetails"/>
  <testcase name="basicDetails" time="161.969" classname="com.RBIJE_May23.tc.TC004_RBIJEBasicDetails"/>
  <testcase name="basicDetails" time="163.980" classname="com.RBIJE_May23.tc.TC004_RBIJEBasicDetails"/>
</testsuite> <!-- com.RBIJE_May23.tc.TC004_RBIJEBasicDetails -->
