<?xml version="1.0" encoding="UTF-8"?>
<!-- Generated by org.testng.reporters.JUnitReportReporter -->
<testsuite skipped="0" hostname="MAA014482B" name="com.RCF.tc.TC002_RCFBasicDetails" tests="21" failures="0" timestamp="2022-12-20T17:38:06 IST" time="3317.116" errors="0">
  <testcase name="basicDetails" time="159.201" classname="com.RCF.tc.TC002_RCFBasicDetails"/>
  <testcase name="basicDetails" time="161.076" classname="com.RCF.tc.TC002_RCFBasicDetails"/>
  <testcase name="basicDetails" time="157.897" classname="com.RCF.tc.TC002_RCFBasicDetails"/>
  <testcase name="basicDetails" time="157.989" classname="com.RCF.tc.TC002_RCFBasicDetails"/>
  <testcase name="basicDetails" time="157.696" classname="com.RCF.tc.TC002_RCFBasicDetails"/>
  <testcase name="basicDetails" time="158.257" classname="com.RCF.tc.TC002_RCFBasicDetails"/>
  <testcase name="basicDetails" time="157.625" classname="com.RCF.tc.TC002_RCFBasicDetails"/>
  <testcase name="basicDetails" time="158.194" classname="com.RCF.tc.TC002_RCFBasicDetails"/>
  <testcase name="basicDetails" time="157.481" classname="com.RCF.tc.TC002_RCFBasicDetails"/>
  <testcase name="basicDetails" time="157.769" classname="com.RCF.tc.TC002_RCFBasicDetails"/>
  <testcase name="basicDetails" time="157.832" classname="com.RCF.tc.TC002_RCFBasicDetails"/>
  <testcase name="basicDetails" time="158.006" classname="com.RCF.tc.TC002_RCFBasicDetails"/>
  <testcase name="basicDetails" time="157.611" classname="com.RCF.tc.TC002_RCFBasicDetails"/>
  <testcase name="basicDetails" time="157.633" classname="com.RCF.tc.TC002_RCFBasicDetails"/>
  <testcase name="basicDetails" time="157.427" classname="com.RCF.tc.TC002_RCFBasicDetails"/>
  <testcase name="basicDetails" time="157.588" classname="com.RCF.tc.TC002_RCFBasicDetails"/>
  <testcase name="basicDetails" time="157.764" classname="com.RCF.tc.TC002_RCFBasicDetails"/>
  <testcase name="basicDetails" time="157.609" classname="com.RCF.tc.TC002_RCFBasicDetails"/>
  <testcase name="basicDetails" time="157.495" classname="com.RCF.tc.TC002_RCFBasicDetails"/>
  <testcase name="basicDetails" time="157.467" classname="com.RCF.tc.TC002_RCFBasicDetails"/>
  <testcase name="basicDetails" time="157.499" classname="com.RCF.tc.TC002_RCFBasicDetails"/>
</testsuite> <!-- com.RCF.tc.TC002_RCFBasicDetails -->
