<?xml version="1.0" encoding="UTF-8"?>
<!-- Generated by org.testng.reporters.JUnitReportReporter -->
<testsuite hostname="MAA011253A" failures="0" tests="1" name="com.RBIJE.tc.TC001_RBIJEBasicDetails" time="118.857" errors="0" timestamp="2021-01-27T11:23:18 IST" skipped="0">
  <testcase classname="com.RBIJE.tc.TC001_RBIJEBasicDetails" name="basicDetails" time="118.857"/>
</testsuite> <!-- com.RBIJE.tc.TC001_RBIJEBasicDetails -->
