<?xml version="1.0" encoding="UTF-8"?>
<!-- Generated by org.testng.reporters.JUnitReportReporter -->
<testsuite hostname="MAA011253A" failures="0" tests="33" name="com.RCDF.tc.TC005_RCDFBasicDetails" time="3959.935" errors="0" timestamp="2021-06-09T19:29:28 IST" skipped="0">
  <testcase classname="com.RCDF.tc.TC005_RCDFBasicDetails" name="basicDetails" time="118.969"/>
  <testcase classname="com.RCDF.tc.TC005_RCDFBasicDetails" name="basicDetails" time="119.249"/>
  <testcase classname="com.RCDF.tc.TC005_RCDFBasicDetails" name="basicDetails" time="119.242"/>
  <testcase classname="com.RCDF.tc.TC005_RCDFBasicDetails" name="basicDetails" time="119.970"/>
  <testcase classname="com.RCDF.tc.TC005_RCDFBasicDetails" name="basicDetails" time="120.381"/>
  <testcase classname="com.RCDF.tc.TC005_RCDFBasicDetails" name="basicDetails" time="119.043"/>
  <testcase classname="com.RCDF.tc.TC005_RCDFBasicDetails" name="basicDetails" time="119.534"/>
  <testcase classname="com.RCDF.tc.TC005_RCDFBasicDetails" name="basicDetails" time="120.651"/>
  <testcase classname="com.RCDF.tc.TC005_RCDFBasicDetails" name="basicDetails" time="117.487"/>
  <testcase classname="com.RCDF.tc.TC005_RCDFBasicDetails" name="basicDetails" time="119.812"/>
  <testcase classname="com.RCDF.tc.TC005_RCDFBasicDetails" name="basicDetails" time="117.531"/>
  <testcase classname="com.RCDF.tc.TC005_RCDFBasicDetails" name="basicDetails" time="120.655"/>
  <testcase classname="com.RCDF.tc.TC005_RCDFBasicDetails" name="basicDetails" time="117.410"/>
  <testcase classname="com.RCDF.tc.TC005_RCDFBasicDetails" name="basicDetails" time="122.925"/>
  <testcase classname="com.RCDF.tc.TC005_RCDFBasicDetails" name="basicDetails" time="120.728"/>
  <testcase classname="com.RCDF.tc.TC005_RCDFBasicDetails" name="basicDetails" time="117.486"/>
  <testcase classname="com.RCDF.tc.TC005_RCDFBasicDetails" name="basicDetails" time="116.934"/>
  <testcase classname="com.RCDF.tc.TC005_RCDFBasicDetails" name="basicDetails" time="120.957"/>
  <testcase classname="com.RCDF.tc.TC005_RCDFBasicDetails" name="basicDetails" time="122.407"/>
  <testcase classname="com.RCDF.tc.TC005_RCDFBasicDetails" name="basicDetails" time="121.252"/>
  <testcase classname="com.RCDF.tc.TC005_RCDFBasicDetails" name="basicDetails" time="117.093"/>
  <testcase classname="com.RCDF.tc.TC005_RCDFBasicDetails" name="basicDetails" time="117.062"/>
  <testcase classname="com.RCDF.tc.TC005_RCDFBasicDetails" name="basicDetails" time="116.379"/>
  <testcase classname="com.RCDF.tc.TC005_RCDFBasicDetails" name="basicDetails" time="116.686"/>
  <testcase classname="com.RCDF.tc.TC005_RCDFBasicDetails" name="basicDetails" time="119.937"/>
  <testcase classname="com.RCDF.tc.TC005_RCDFBasicDetails" name="basicDetails" time="122.845"/>
  <testcase classname="com.RCDF.tc.TC005_RCDFBasicDetails" name="basicDetails" time="119.289"/>
  <testcase classname="com.RCDF.tc.TC005_RCDFBasicDetails" name="basicDetails" time="116.826"/>
  <testcase classname="com.RCDF.tc.TC005_RCDFBasicDetails" name="basicDetails" time="120.746"/>
  <testcase classname="com.RCDF.tc.TC005_RCDFBasicDetails" name="basicDetails" time="119.457"/>
  <testcase classname="com.RCDF.tc.TC005_RCDFBasicDetails" name="basicDetails" time="123.532"/>
  <testcase classname="com.RCDF.tc.TC005_RCDFBasicDetails" name="basicDetails" time="137.811"/>
  <testcase classname="com.RCDF.tc.TC005_RCDFBasicDetails" name="basicDetails" time="119.649"/>
</testsuite> <!-- com.RCDF.tc.TC005_RCDFBasicDetails -->
