<?xml version="1.0" encoding="UTF-8"?>
<!-- Generated by org.testng.reporters.JUnitReportReporter -->
<testsuite skipped="0" hostname="MAA014482B" name="com.CSB_20Oct22.tc.TC004_CSBBasicDetails" tests="125" failures="0" timestamp="2022-12-29T07:03:58 IST" time="20609.957" errors="0">
  <testcase name="basicDetails" time="164.472" classname="com.CSB_20Oct22.tc.TC004_CSBBasicDetails"/>
  <testcase name="basicDetails" time="162.550" classname="com.CSB_20Oct22.tc.TC004_CSBBasicDetails"/>
  <testcase name="basicDetails" time="164.658" classname="com.CSB_20Oct22.tc.TC004_CSBBasicDetails"/>
  <testcase name="basicDetails" time="165.724" classname="com.CSB_20Oct22.tc.TC004_CSBBasicDetails"/>
  <testcase name="basicDetails" time="165.189" classname="com.CSB_20Oct22.tc.TC004_CSBBasicDetails"/>
  <testcase name="basicDetails" time="165.696" classname="com.CSB_20Oct22.tc.TC004_CSBBasicDetails"/>
  <testcase name="basicDetails" time="165.705" classname="com.CSB_20Oct22.tc.TC004_CSBBasicDetails"/>
  <testcase name="basicDetails" time="164.564" classname="com.CSB_20Oct22.tc.TC004_CSBBasicDetails"/>
  <testcase name="basicDetails" time="164.826" classname="com.CSB_20Oct22.tc.TC004_CSBBasicDetails"/>
  <testcase name="basicDetails" time="164.480" classname="com.CSB_20Oct22.tc.TC004_CSBBasicDetails"/>
  <testcase name="basicDetails" time="165.801" classname="com.CSB_20Oct22.tc.TC004_CSBBasicDetails"/>
  <testcase name="basicDetails" time="165.479" classname="com.CSB_20Oct22.tc.TC004_CSBBasicDetails"/>
  <testcase name="basicDetails" time="164.559" classname="com.CSB_20Oct22.tc.TC004_CSBBasicDetails"/>
  <testcase name="basicDetails" time="164.578" classname="com.CSB_20Oct22.tc.TC004_CSBBasicDetails"/>
  <testcase name="basicDetails" time="164.515" classname="com.CSB_20Oct22.tc.TC004_CSBBasicDetails"/>
  <testcase name="basicDetails" time="164.694" classname="com.CSB_20Oct22.tc.TC004_CSBBasicDetails"/>
  <testcase name="basicDetails" time="164.547" classname="com.CSB_20Oct22.tc.TC004_CSBBasicDetails"/>
  <testcase name="basicDetails" time="164.751" classname="com.CSB_20Oct22.tc.TC004_CSBBasicDetails"/>
  <testcase name="basicDetails" time="165.358" classname="com.CSB_20Oct22.tc.TC004_CSBBasicDetails"/>
  <testcase name="basicDetails" time="165.692" classname="com.CSB_20Oct22.tc.TC004_CSBBasicDetails"/>
  <testcase name="basicDetails" time="164.165" classname="com.CSB_20Oct22.tc.TC004_CSBBasicDetails"/>
  <testcase name="basicDetails" time="165.779" classname="com.CSB_20Oct22.tc.TC004_CSBBasicDetails"/>
  <testcase name="basicDetails" time="165.519" classname="com.CSB_20Oct22.tc.TC004_CSBBasicDetails"/>
  <testcase name="basicDetails" time="164.544" classname="com.CSB_20Oct22.tc.TC004_CSBBasicDetails"/>
  <testcase name="basicDetails" time="164.512" classname="com.CSB_20Oct22.tc.TC004_CSBBasicDetails"/>
  <testcase name="basicDetails" time="164.389" classname="com.CSB_20Oct22.tc.TC004_CSBBasicDetails"/>
  <testcase name="basicDetails" time="165.775" classname="com.CSB_20Oct22.tc.TC004_CSBBasicDetails"/>
  <testcase name="basicDetails" time="164.388" classname="com.CSB_20Oct22.tc.TC004_CSBBasicDetails"/>
  <testcase name="basicDetails" time="164.426" classname="com.CSB_20Oct22.tc.TC004_CSBBasicDetails"/>
  <testcase name="basicDetails" time="164.659" classname="com.CSB_20Oct22.tc.TC004_CSBBasicDetails"/>
  <testcase name="basicDetails" time="165.584" classname="com.CSB_20Oct22.tc.TC004_CSBBasicDetails"/>
  <testcase name="basicDetails" time="164.460" classname="com.CSB_20Oct22.tc.TC004_CSBBasicDetails"/>
  <testcase name="basicDetails" time="164.309" classname="com.CSB_20Oct22.tc.TC004_CSBBasicDetails"/>
  <testcase name="basicDetails" time="165.558" classname="com.CSB_20Oct22.tc.TC004_CSBBasicDetails"/>
  <testcase name="basicDetails" time="165.490" classname="com.CSB_20Oct22.tc.TC004_CSBBasicDetails"/>
  <testcase name="basicDetails" time="164.723" classname="com.CSB_20Oct22.tc.TC004_CSBBasicDetails"/>
  <testcase name="basicDetails" time="166.054" classname="com.CSB_20Oct22.tc.TC004_CSBBasicDetails"/>
  <testcase name="basicDetails" time="164.125" classname="com.CSB_20Oct22.tc.TC004_CSBBasicDetails"/>
  <testcase name="basicDetails" time="164.336" classname="com.CSB_20Oct22.tc.TC004_CSBBasicDetails"/>
  <testcase name="basicDetails" time="164.336" classname="com.CSB_20Oct22.tc.TC004_CSBBasicDetails"/>
  <testcase name="basicDetails" time="162.617" classname="com.CSB_20Oct22.tc.TC004_CSBBasicDetails"/>
  <testcase name="basicDetails" time="165.426" classname="com.CSB_20Oct22.tc.TC004_CSBBasicDetails"/>
  <testcase name="basicDetails" time="164.525" classname="com.CSB_20Oct22.tc.TC004_CSBBasicDetails"/>
  <testcase name="basicDetails" time="164.645" classname="com.CSB_20Oct22.tc.TC004_CSBBasicDetails"/>
  <testcase name="basicDetails" time="165.822" classname="com.CSB_20Oct22.tc.TC004_CSBBasicDetails"/>
  <testcase name="basicDetails" time="164.845" classname="com.CSB_20Oct22.tc.TC004_CSBBasicDetails"/>
  <testcase name="basicDetails" time="164.424" classname="com.CSB_20Oct22.tc.TC004_CSBBasicDetails"/>
  <testcase name="basicDetails" time="165.476" classname="com.CSB_20Oct22.tc.TC004_CSBBasicDetails"/>
  <testcase name="basicDetails" time="164.363" classname="com.CSB_20Oct22.tc.TC004_CSBBasicDetails"/>
  <testcase name="basicDetails" time="164.555" classname="com.CSB_20Oct22.tc.TC004_CSBBasicDetails"/>
  <testcase name="basicDetails" time="164.571" classname="com.CSB_20Oct22.tc.TC004_CSBBasicDetails"/>
  <testcase name="basicDetails" time="163.851" classname="com.CSB_20Oct22.tc.TC004_CSBBasicDetails"/>
  <testcase name="basicDetails" time="164.668" classname="com.CSB_20Oct22.tc.TC004_CSBBasicDetails"/>
  <testcase name="basicDetails" time="164.279" classname="com.CSB_20Oct22.tc.TC004_CSBBasicDetails"/>
  <testcase name="basicDetails" time="165.442" classname="com.CSB_20Oct22.tc.TC004_CSBBasicDetails"/>
  <testcase name="basicDetails" time="164.743" classname="com.CSB_20Oct22.tc.TC004_CSBBasicDetails"/>
  <testcase name="basicDetails" time="164.456" classname="com.CSB_20Oct22.tc.TC004_CSBBasicDetails"/>
  <testcase name="basicDetails" time="165.860" classname="com.CSB_20Oct22.tc.TC004_CSBBasicDetails"/>
  <testcase name="basicDetails" time="164.959" classname="com.CSB_20Oct22.tc.TC004_CSBBasicDetails"/>
  <testcase name="basicDetails" time="165.600" classname="com.CSB_20Oct22.tc.TC004_CSBBasicDetails"/>
  <testcase name="basicDetails" time="163.001" classname="com.CSB_20Oct22.tc.TC004_CSBBasicDetails"/>
  <testcase name="basicDetails" time="165.543" classname="com.CSB_20Oct22.tc.TC004_CSBBasicDetails"/>
  <testcase name="basicDetails" time="165.706" classname="com.CSB_20Oct22.tc.TC004_CSBBasicDetails"/>
  <testcase name="basicDetails" time="165.506" classname="com.CSB_20Oct22.tc.TC004_CSBBasicDetails"/>
  <testcase name="basicDetails" time="164.702" classname="com.CSB_20Oct22.tc.TC004_CSBBasicDetails"/>
  <testcase name="basicDetails" time="165.512" classname="com.CSB_20Oct22.tc.TC004_CSBBasicDetails"/>
  <testcase name="basicDetails" time="165.842" classname="com.CSB_20Oct22.tc.TC004_CSBBasicDetails"/>
  <testcase name="basicDetails" time="164.659" classname="com.CSB_20Oct22.tc.TC004_CSBBasicDetails"/>
  <testcase name="basicDetails" time="164.607" classname="com.CSB_20Oct22.tc.TC004_CSBBasicDetails"/>
  <testcase name="basicDetails" time="165.588" classname="com.CSB_20Oct22.tc.TC004_CSBBasicDetails"/>
  <testcase name="basicDetails" time="165.568" classname="com.CSB_20Oct22.tc.TC004_CSBBasicDetails"/>
  <testcase name="basicDetails" time="164.406" classname="com.CSB_20Oct22.tc.TC004_CSBBasicDetails"/>
  <testcase name="basicDetails" time="165.025" classname="com.CSB_20Oct22.tc.TC004_CSBBasicDetails"/>
  <testcase name="basicDetails" time="165.306" classname="com.CSB_20Oct22.tc.TC004_CSBBasicDetails"/>
  <testcase name="basicDetails" time="164.806" classname="com.CSB_20Oct22.tc.TC004_CSBBasicDetails"/>
  <testcase name="basicDetails" time="164.651" classname="com.CSB_20Oct22.tc.TC004_CSBBasicDetails"/>
  <testcase name="basicDetails" time="165.674" classname="com.CSB_20Oct22.tc.TC004_CSBBasicDetails"/>
  <testcase name="basicDetails" time="164.334" classname="com.CSB_20Oct22.tc.TC004_CSBBasicDetails"/>
  <testcase name="basicDetails" time="164.466" classname="com.CSB_20Oct22.tc.TC004_CSBBasicDetails"/>
  <testcase name="basicDetails" time="164.380" classname="com.CSB_20Oct22.tc.TC004_CSBBasicDetails"/>
  <testcase name="basicDetails" time="164.800" classname="com.CSB_20Oct22.tc.TC004_CSBBasicDetails"/>
  <testcase name="basicDetails" time="163.762" classname="com.CSB_20Oct22.tc.TC004_CSBBasicDetails"/>
  <testcase name="basicDetails" time="164.685" classname="com.CSB_20Oct22.tc.TC004_CSBBasicDetails"/>
  <testcase name="basicDetails" time="164.206" classname="com.CSB_20Oct22.tc.TC004_CSBBasicDetails"/>
  <testcase name="basicDetails" time="165.542" classname="com.CSB_20Oct22.tc.TC004_CSBBasicDetails"/>
  <testcase name="basicDetails" time="164.234" classname="com.CSB_20Oct22.tc.TC004_CSBBasicDetails"/>
  <testcase name="basicDetails" time="165.262" classname="com.CSB_20Oct22.tc.TC004_CSBBasicDetails"/>
  <testcase name="basicDetails" time="164.574" classname="com.CSB_20Oct22.tc.TC004_CSBBasicDetails"/>
  <testcase name="basicDetails" time="164.242" classname="com.CSB_20Oct22.tc.TC004_CSBBasicDetails"/>
  <testcase name="basicDetails" time="164.558" classname="com.CSB_20Oct22.tc.TC004_CSBBasicDetails"/>
  <testcase name="basicDetails" time="165.516" classname="com.CSB_20Oct22.tc.TC004_CSBBasicDetails"/>
  <testcase name="basicDetails" time="164.561" classname="com.CSB_20Oct22.tc.TC004_CSBBasicDetails"/>
  <testcase name="basicDetails" time="164.679" classname="com.CSB_20Oct22.tc.TC004_CSBBasicDetails"/>
  <testcase name="basicDetails" time="165.709" classname="com.CSB_20Oct22.tc.TC004_CSBBasicDetails"/>
  <testcase name="basicDetails" time="164.388" classname="com.CSB_20Oct22.tc.TC004_CSBBasicDetails"/>
  <testcase name="basicDetails" time="165.838" classname="com.CSB_20Oct22.tc.TC004_CSBBasicDetails"/>
  <testcase name="basicDetails" time="164.467" classname="com.CSB_20Oct22.tc.TC004_CSBBasicDetails"/>
  <testcase name="basicDetails" time="164.445" classname="com.CSB_20Oct22.tc.TC004_CSBBasicDetails"/>
  <testcase name="basicDetails" time="164.196" classname="com.CSB_20Oct22.tc.TC004_CSBBasicDetails"/>
  <testcase name="basicDetails" time="166.234" classname="com.CSB_20Oct22.tc.TC004_CSBBasicDetails"/>
  <testcase name="basicDetails" time="165.813" classname="com.CSB_20Oct22.tc.TC004_CSBBasicDetails"/>
  <testcase name="basicDetails" time="164.665" classname="com.CSB_20Oct22.tc.TC004_CSBBasicDetails"/>
  <testcase name="basicDetails" time="166.484" classname="com.CSB_20Oct22.tc.TC004_CSBBasicDetails"/>
  <testcase name="basicDetails" time="165.616" classname="com.CSB_20Oct22.tc.TC004_CSBBasicDetails"/>
  <testcase name="basicDetails" time="165.665" classname="com.CSB_20Oct22.tc.TC004_CSBBasicDetails"/>
  <testcase name="basicDetails" time="164.503" classname="com.CSB_20Oct22.tc.TC004_CSBBasicDetails"/>
  <testcase name="basicDetails" time="165.614" classname="com.CSB_20Oct22.tc.TC004_CSBBasicDetails"/>
  <testcase name="basicDetails" time="164.438" classname="com.CSB_20Oct22.tc.TC004_CSBBasicDetails"/>
  <testcase name="basicDetails" time="164.708" classname="com.CSB_20Oct22.tc.TC004_CSBBasicDetails"/>
  <testcase name="basicDetails" time="162.654" classname="com.CSB_20Oct22.tc.TC004_CSBBasicDetails"/>
  <testcase name="basicDetails" time="164.220" classname="com.CSB_20Oct22.tc.TC004_CSBBasicDetails"/>
  <testcase name="basicDetails" time="165.837" classname="com.CSB_20Oct22.tc.TC004_CSBBasicDetails"/>
  <testcase name="basicDetails" time="164.620" classname="com.CSB_20Oct22.tc.TC004_CSBBasicDetails"/>
  <testcase name="basicDetails" time="164.726" classname="com.CSB_20Oct22.tc.TC004_CSBBasicDetails"/>
  <testcase name="basicDetails" time="164.288" classname="com.CSB_20Oct22.tc.TC004_CSBBasicDetails"/>
  <testcase name="basicDetails" time="164.454" classname="com.CSB_20Oct22.tc.TC004_CSBBasicDetails"/>
  <testcase name="basicDetails" time="165.761" classname="com.CSB_20Oct22.tc.TC004_CSBBasicDetails"/>
  <testcase name="basicDetails" time="164.497" classname="com.CSB_20Oct22.tc.TC004_CSBBasicDetails"/>
  <testcase name="basicDetails" time="165.460" classname="com.CSB_20Oct22.tc.TC004_CSBBasicDetails"/>
  <testcase name="basicDetails" time="164.254" classname="com.CSB_20Oct22.tc.TC004_CSBBasicDetails"/>
  <testcase name="basicDetails" time="165.799" classname="com.CSB_20Oct22.tc.TC004_CSBBasicDetails"/>
  <testcase name="basicDetails" time="164.485" classname="com.CSB_20Oct22.tc.TC004_CSBBasicDetails"/>
  <testcase name="basicDetails" time="165.860" classname="com.CSB_20Oct22.tc.TC004_CSBBasicDetails"/>
  <testcase name="basicDetails" time="164.833" classname="com.CSB_20Oct22.tc.TC004_CSBBasicDetails"/>
  <testcase name="basicDetails" time="165.430" classname="com.CSB_20Oct22.tc.TC004_CSBBasicDetails"/>
</testsuite> <!-- com.CSB_20Oct22.tc.TC004_CSBBasicDetails -->
