<?xml version="1.0" encoding="UTF-8"?>
<!-- Generated by org.testng.reporters.JUnitReportReporter -->
<testsuite skipped="0" hostname="MAA014482B" name="com.Bihar.tc.TC001_BiharBasicDetails" tests="18" failures="0" timestamp="2023-03-03T17:37:05 IST" time="2915.378" errors="0">
  <testcase name="basicDetails" time="161.852" classname="com.Bihar.tc.TC001_BiharBasicDetails"/>
  <testcase name="basicDetails" time="161.872" classname="com.Bihar.tc.TC001_BiharBasicDetails"/>
  <testcase name="basicDetails" time="162.174" classname="com.Bihar.tc.TC001_BiharBasicDetails"/>
  <testcase name="basicDetails" time="162.707" classname="com.Bihar.tc.TC001_BiharBasicDetails"/>
  <testcase name="basicDetails" time="162.774" classname="com.Bihar.tc.TC001_BiharBasicDetails"/>
  <testcase name="basicDetails" time="161.980" classname="com.Bihar.tc.TC001_BiharBasicDetails"/>
  <testcase name="basicDetails" time="162.295" classname="com.Bihar.tc.TC001_BiharBasicDetails"/>
  <testcase name="basicDetails" time="161.391" classname="com.Bihar.tc.TC001_BiharBasicDetails"/>
  <testcase name="basicDetails" time="160.211" classname="com.Bihar.tc.TC001_BiharBasicDetails"/>
  <testcase name="basicDetails" time="162.439" classname="com.Bihar.tc.TC001_BiharBasicDetails"/>
  <testcase name="basicDetails" time="160.727" classname="com.Bihar.tc.TC001_BiharBasicDetails"/>
  <testcase name="basicDetails" time="162.646" classname="com.Bihar.tc.TC001_BiharBasicDetails"/>
  <testcase name="basicDetails" time="161.964" classname="com.Bihar.tc.TC001_BiharBasicDetails"/>
  <testcase name="basicDetails" time="163.131" classname="com.Bihar.tc.TC001_BiharBasicDetails"/>
  <testcase name="basicDetails" time="162.992" classname="com.Bihar.tc.TC001_BiharBasicDetails"/>
  <testcase name="basicDetails" time="160.986" classname="com.Bihar.tc.TC001_BiharBasicDetails"/>
  <testcase name="basicDetails" time="162.705" classname="com.Bihar.tc.TC001_BiharBasicDetails"/>
  <testcase name="basicDetails" time="160.532" classname="com.Bihar.tc.TC001_BiharBasicDetails"/>
</testsuite> <!-- com.Bihar.tc.TC001_BiharBasicDetails -->
