<?xml version="1.0" encoding="UTF-8"?>
<!-- Generated by org.testng.reporters.JUnitReportReporter -->
<testsuite skipped="0" hostname="MAA014482B" name="com.RCF.tc.TC003_RCFBasicDetails" tests="21" failures="0" timestamp="2022-12-20T17:38:06 IST" time="3315.105" errors="0">
  <testcase name="basicDetails" time="157.659" classname="com.RCF.tc.TC003_RCFBasicDetails"/>
  <testcase name="basicDetails" time="157.690" classname="com.RCF.tc.TC003_RCFBasicDetails"/>
  <testcase name="basicDetails" time="158.367" classname="com.RCF.tc.TC003_RCFBasicDetails"/>
  <testcase name="basicDetails" time="157.765" classname="com.RCF.tc.TC003_RCFBasicDetails"/>
  <testcase name="basicDetails" time="157.958" classname="com.RCF.tc.TC003_RCFBasicDetails"/>
  <testcase name="basicDetails" time="157.210" classname="com.RCF.tc.TC003_RCFBasicDetails"/>
  <testcase name="basicDetails" time="157.513" classname="com.RCF.tc.TC003_RCFBasicDetails"/>
  <testcase name="basicDetails" time="158.132" classname="com.RCF.tc.TC003_RCFBasicDetails"/>
  <testcase name="basicDetails" time="161.607" classname="com.RCF.tc.TC003_RCFBasicDetails"/>
  <testcase name="basicDetails" time="157.521" classname="com.RCF.tc.TC003_RCFBasicDetails"/>
  <testcase name="basicDetails" time="157.282" classname="com.RCF.tc.TC003_RCFBasicDetails"/>
  <testcase name="basicDetails" time="157.344" classname="com.RCF.tc.TC003_RCFBasicDetails"/>
  <testcase name="basicDetails" time="157.330" classname="com.RCF.tc.TC003_RCFBasicDetails"/>
  <testcase name="basicDetails" time="157.839" classname="com.RCF.tc.TC003_RCFBasicDetails"/>
  <testcase name="basicDetails" time="157.465" classname="com.RCF.tc.TC003_RCFBasicDetails"/>
  <testcase name="basicDetails" time="157.781" classname="com.RCF.tc.TC003_RCFBasicDetails"/>
  <testcase name="basicDetails" time="157.519" classname="com.RCF.tc.TC003_RCFBasicDetails"/>
  <testcase name="basicDetails" time="157.899" classname="com.RCF.tc.TC003_RCFBasicDetails"/>
  <testcase name="basicDetails" time="157.615" classname="com.RCF.tc.TC003_RCFBasicDetails"/>
  <testcase name="basicDetails" time="157.898" classname="com.RCF.tc.TC003_RCFBasicDetails"/>
  <testcase name="basicDetails" time="157.711" classname="com.RCF.tc.TC003_RCFBasicDetails"/>
</testsuite> <!-- com.RCF.tc.TC003_RCFBasicDetails -->
