<?xml version="1.0" encoding="UTF-8"?>
<!-- Generated by org.testng.reporters.JUnitReportReporter -->
<testsuite skipped="0" hostname="MAA014482B" name="com.GIC_June23.tc.TC003_GICBasicDetails" tests="180" failures="0" timestamp="2023-07-09T05:31:04 IST" time="29204.148" errors="0">
  <testcase name="basicDetails" time="163.490" classname="com.GIC_June23.tc.TC003_GICBasicDetails"/>
  <testcase name="basicDetails" time="161.138" classname="com.GIC_June23.tc.TC003_GICBasicDetails"/>
  <testcase name="basicDetails" time="161.109" classname="com.GIC_June23.tc.TC003_GICBasicDetails"/>
  <testcase name="basicDetails" time="161.283" classname="com.GIC_June23.tc.TC003_GICBasicDetails"/>
  <testcase name="basicDetails" time="161.430" classname="com.GIC_June23.tc.TC003_GICBasicDetails"/>
  <testcase name="basicDetails" time="162.002" classname="com.GIC_June23.tc.TC003_GICBasicDetails"/>
  <testcase name="basicDetails" time="163.668" classname="com.GIC_June23.tc.TC003_GICBasicDetails"/>
  <testcase name="basicDetails" time="161.729" classname="com.GIC_June23.tc.TC003_GICBasicDetails"/>
  <testcase name="basicDetails" time="163.908" classname="com.GIC_June23.tc.TC003_GICBasicDetails"/>
  <testcase name="basicDetails" time="161.009" classname="com.GIC_June23.tc.TC003_GICBasicDetails"/>
  <testcase name="basicDetails" time="163.707" classname="com.GIC_June23.tc.TC003_GICBasicDetails"/>
  <testcase name="basicDetails" time="161.542" classname="com.GIC_June23.tc.TC003_GICBasicDetails"/>
  <testcase name="basicDetails" time="161.604" classname="com.GIC_June23.tc.TC003_GICBasicDetails"/>
  <testcase name="basicDetails" time="161.292" classname="com.GIC_June23.tc.TC003_GICBasicDetails"/>
  <testcase name="basicDetails" time="163.709" classname="com.GIC_June23.tc.TC003_GICBasicDetails"/>
  <testcase name="basicDetails" time="161.446" classname="com.GIC_June23.tc.TC003_GICBasicDetails"/>
  <testcase name="basicDetails" time="161.828" classname="com.GIC_June23.tc.TC003_GICBasicDetails"/>
  <testcase name="basicDetails" time="163.739" classname="com.GIC_June23.tc.TC003_GICBasicDetails"/>
  <testcase name="basicDetails" time="161.916" classname="com.GIC_June23.tc.TC003_GICBasicDetails"/>
  <testcase name="basicDetails" time="161.600" classname="com.GIC_June23.tc.TC003_GICBasicDetails"/>
  <testcase name="basicDetails" time="163.743" classname="com.GIC_June23.tc.TC003_GICBasicDetails"/>
  <testcase name="basicDetails" time="161.316" classname="com.GIC_June23.tc.TC003_GICBasicDetails"/>
  <testcase name="basicDetails" time="161.497" classname="com.GIC_June23.tc.TC003_GICBasicDetails"/>
  <testcase name="basicDetails" time="163.264" classname="com.GIC_June23.tc.TC003_GICBasicDetails"/>
  <testcase name="basicDetails" time="161.719" classname="com.GIC_June23.tc.TC003_GICBasicDetails"/>
  <testcase name="basicDetails" time="163.706" classname="com.GIC_June23.tc.TC003_GICBasicDetails"/>
  <testcase name="basicDetails" time="163.743" classname="com.GIC_June23.tc.TC003_GICBasicDetails"/>
  <testcase name="basicDetails" time="161.878" classname="com.GIC_June23.tc.TC003_GICBasicDetails"/>
  <testcase name="basicDetails" time="161.866" classname="com.GIC_June23.tc.TC003_GICBasicDetails"/>
  <testcase name="basicDetails" time="163.301" classname="com.GIC_June23.tc.TC003_GICBasicDetails"/>
  <testcase name="basicDetails" time="161.243" classname="com.GIC_June23.tc.TC003_GICBasicDetails"/>
  <testcase name="basicDetails" time="163.610" classname="com.GIC_June23.tc.TC003_GICBasicDetails"/>
  <testcase name="basicDetails" time="161.219" classname="com.GIC_June23.tc.TC003_GICBasicDetails"/>
  <testcase name="basicDetails" time="161.623" classname="com.GIC_June23.tc.TC003_GICBasicDetails"/>
  <testcase name="basicDetails" time="163.712" classname="com.GIC_June23.tc.TC003_GICBasicDetails"/>
  <testcase name="basicDetails" time="161.586" classname="com.GIC_June23.tc.TC003_GICBasicDetails"/>
  <testcase name="basicDetails" time="161.614" classname="com.GIC_June23.tc.TC003_GICBasicDetails"/>
  <testcase name="basicDetails" time="163.456" classname="com.GIC_June23.tc.TC003_GICBasicDetails"/>
  <testcase name="basicDetails" time="161.481" classname="com.GIC_June23.tc.TC003_GICBasicDetails"/>
  <testcase name="basicDetails" time="163.539" classname="com.GIC_June23.tc.TC003_GICBasicDetails"/>
  <testcase name="basicDetails" time="161.259" classname="com.GIC_June23.tc.TC003_GICBasicDetails"/>
  <testcase name="basicDetails" time="161.901" classname="com.GIC_June23.tc.TC003_GICBasicDetails"/>
  <testcase name="basicDetails" time="163.621" classname="com.GIC_June23.tc.TC003_GICBasicDetails"/>
  <testcase name="basicDetails" time="163.561" classname="com.GIC_June23.tc.TC003_GICBasicDetails"/>
  <testcase name="basicDetails" time="163.467" classname="com.GIC_June23.tc.TC003_GICBasicDetails"/>
  <testcase name="basicDetails" time="163.793" classname="com.GIC_June23.tc.TC003_GICBasicDetails"/>
  <testcase name="basicDetails" time="162.064" classname="com.GIC_June23.tc.TC003_GICBasicDetails"/>
  <testcase name="basicDetails" time="161.179" classname="com.GIC_June23.tc.TC003_GICBasicDetails"/>
  <testcase name="basicDetails" time="161.438" classname="com.GIC_June23.tc.TC003_GICBasicDetails"/>
  <testcase name="basicDetails" time="161.547" classname="com.GIC_June23.tc.TC003_GICBasicDetails"/>
  <testcase name="basicDetails" time="163.847" classname="com.GIC_June23.tc.TC003_GICBasicDetails"/>
  <testcase name="basicDetails" time="161.430" classname="com.GIC_June23.tc.TC003_GICBasicDetails"/>
  <testcase name="basicDetails" time="161.491" classname="com.GIC_June23.tc.TC003_GICBasicDetails"/>
  <testcase name="basicDetails" time="163.845" classname="com.GIC_June23.tc.TC003_GICBasicDetails"/>
  <testcase name="basicDetails" time="161.275" classname="com.GIC_June23.tc.TC003_GICBasicDetails"/>
  <testcase name="basicDetails" time="161.607" classname="com.GIC_June23.tc.TC003_GICBasicDetails"/>
  <testcase name="basicDetails" time="164.113" classname="com.GIC_June23.tc.TC003_GICBasicDetails"/>
  <testcase name="basicDetails" time="161.553" classname="com.GIC_June23.tc.TC003_GICBasicDetails"/>
  <testcase name="basicDetails" time="161.610" classname="com.GIC_June23.tc.TC003_GICBasicDetails"/>
  <testcase name="basicDetails" time="160.653" classname="com.GIC_June23.tc.TC003_GICBasicDetails"/>
  <testcase name="basicDetails" time="163.131" classname="com.GIC_June23.tc.TC003_GICBasicDetails"/>
  <testcase name="basicDetails" time="163.774" classname="com.GIC_June23.tc.TC003_GICBasicDetails"/>
  <testcase name="basicDetails" time="161.241" classname="com.GIC_June23.tc.TC003_GICBasicDetails"/>
  <testcase name="basicDetails" time="161.665" classname="com.GIC_June23.tc.TC003_GICBasicDetails"/>
  <testcase name="basicDetails" time="163.617" classname="com.GIC_June23.tc.TC003_GICBasicDetails"/>
  <testcase name="basicDetails" time="163.780" classname="com.GIC_June23.tc.TC003_GICBasicDetails"/>
  <testcase name="basicDetails" time="163.592" classname="com.GIC_June23.tc.TC003_GICBasicDetails"/>
  <testcase name="basicDetails" time="161.579" classname="com.GIC_June23.tc.TC003_GICBasicDetails"/>
  <testcase name="basicDetails" time="161.421" classname="com.GIC_June23.tc.TC003_GICBasicDetails"/>
  <testcase name="basicDetails" time="163.585" classname="com.GIC_June23.tc.TC003_GICBasicDetails"/>
  <testcase name="basicDetails" time="163.497" classname="com.GIC_June23.tc.TC003_GICBasicDetails"/>
  <testcase name="basicDetails" time="161.422" classname="com.GIC_June23.tc.TC003_GICBasicDetails"/>
  <testcase name="basicDetails" time="163.502" classname="com.GIC_June23.tc.TC003_GICBasicDetails"/>
  <testcase name="basicDetails" time="163.368" classname="com.GIC_June23.tc.TC003_GICBasicDetails"/>
  <testcase name="basicDetails" time="161.575" classname="com.GIC_June23.tc.TC003_GICBasicDetails"/>
  <testcase name="basicDetails" time="161.579" classname="com.GIC_June23.tc.TC003_GICBasicDetails"/>
  <testcase name="basicDetails" time="163.228" classname="com.GIC_June23.tc.TC003_GICBasicDetails"/>
  <testcase name="basicDetails" time="161.061" classname="com.GIC_June23.tc.TC003_GICBasicDetails"/>
  <testcase name="basicDetails" time="161.726" classname="com.GIC_June23.tc.TC003_GICBasicDetails"/>
  <testcase name="basicDetails" time="161.484" classname="com.GIC_June23.tc.TC003_GICBasicDetails"/>
  <testcase name="basicDetails" time="161.630" classname="com.GIC_June23.tc.TC003_GICBasicDetails"/>
  <testcase name="basicDetails" time="164.002" classname="com.GIC_June23.tc.TC003_GICBasicDetails"/>
  <testcase name="basicDetails" time="161.158" classname="com.GIC_June23.tc.TC003_GICBasicDetails"/>
  <testcase name="basicDetails" time="160.970" classname="com.GIC_June23.tc.TC003_GICBasicDetails"/>
  <testcase name="basicDetails" time="161.024" classname="com.GIC_June23.tc.TC003_GICBasicDetails"/>
  <testcase name="basicDetails" time="161.376" classname="com.GIC_June23.tc.TC003_GICBasicDetails"/>
  <testcase name="basicDetails" time="161.667" classname="com.GIC_June23.tc.TC003_GICBasicDetails"/>
  <testcase name="basicDetails" time="161.518" classname="com.GIC_June23.tc.TC003_GICBasicDetails"/>
  <testcase name="basicDetails" time="161.310" classname="com.GIC_June23.tc.TC003_GICBasicDetails"/>
  <testcase name="basicDetails" time="163.273" classname="com.GIC_June23.tc.TC003_GICBasicDetails"/>
  <testcase name="basicDetails" time="161.075" classname="com.GIC_June23.tc.TC003_GICBasicDetails"/>
  <testcase name="basicDetails" time="161.958" classname="com.GIC_June23.tc.TC003_GICBasicDetails"/>
  <testcase name="basicDetails" time="161.492" classname="com.GIC_June23.tc.TC003_GICBasicDetails"/>
  <testcase name="basicDetails" time="163.968" classname="com.GIC_June23.tc.TC003_GICBasicDetails"/>
  <testcase name="basicDetails" time="161.563" classname="com.GIC_June23.tc.TC003_GICBasicDetails"/>
  <testcase name="basicDetails" time="161.308" classname="com.GIC_June23.tc.TC003_GICBasicDetails"/>
  <testcase name="basicDetails" time="161.678" classname="com.GIC_June23.tc.TC003_GICBasicDetails"/>
  <testcase name="basicDetails" time="161.592" classname="com.GIC_June23.tc.TC003_GICBasicDetails"/>
  <testcase name="basicDetails" time="163.622" classname="com.GIC_June23.tc.TC003_GICBasicDetails"/>
  <testcase name="basicDetails" time="161.194" classname="com.GIC_June23.tc.TC003_GICBasicDetails"/>
  <testcase name="basicDetails" time="161.757" classname="com.GIC_June23.tc.TC003_GICBasicDetails"/>
  <testcase name="basicDetails" time="163.660" classname="com.GIC_June23.tc.TC003_GICBasicDetails"/>
  <testcase name="basicDetails" time="163.537" classname="com.GIC_June23.tc.TC003_GICBasicDetails"/>
  <testcase name="basicDetails" time="161.411" classname="com.GIC_June23.tc.TC003_GICBasicDetails"/>
  <testcase name="basicDetails" time="161.677" classname="com.GIC_June23.tc.TC003_GICBasicDetails"/>
  <testcase name="basicDetails" time="161.736" classname="com.GIC_June23.tc.TC003_GICBasicDetails"/>
  <testcase name="basicDetails" time="161.148" classname="com.GIC_June23.tc.TC003_GICBasicDetails"/>
  <testcase name="basicDetails" time="163.442" classname="com.GIC_June23.tc.TC003_GICBasicDetails"/>
  <testcase name="basicDetails" time="161.439" classname="com.GIC_June23.tc.TC003_GICBasicDetails"/>
  <testcase name="basicDetails" time="163.601" classname="com.GIC_June23.tc.TC003_GICBasicDetails"/>
  <testcase name="basicDetails" time="161.145" classname="com.GIC_June23.tc.TC003_GICBasicDetails"/>
  <testcase name="basicDetails" time="161.160" classname="com.GIC_June23.tc.TC003_GICBasicDetails"/>
  <testcase name="basicDetails" time="163.012" classname="com.GIC_June23.tc.TC003_GICBasicDetails"/>
  <testcase name="basicDetails" time="163.572" classname="com.GIC_June23.tc.TC003_GICBasicDetails"/>
  <testcase name="basicDetails" time="161.626" classname="com.GIC_June23.tc.TC003_GICBasicDetails"/>
  <testcase name="basicDetails" time="163.366" classname="com.GIC_June23.tc.TC003_GICBasicDetails"/>
  <testcase name="basicDetails" time="161.949" classname="com.GIC_June23.tc.TC003_GICBasicDetails"/>
  <testcase name="basicDetails" time="161.105" classname="com.GIC_June23.tc.TC003_GICBasicDetails"/>
  <testcase name="basicDetails" time="161.772" classname="com.GIC_June23.tc.TC003_GICBasicDetails"/>
  <testcase name="basicDetails" time="161.319" classname="com.GIC_June23.tc.TC003_GICBasicDetails"/>
  <testcase name="basicDetails" time="161.446" classname="com.GIC_June23.tc.TC003_GICBasicDetails"/>
  <testcase name="basicDetails" time="163.536" classname="com.GIC_June23.tc.TC003_GICBasicDetails"/>
  <testcase name="basicDetails" time="161.474" classname="com.GIC_June23.tc.TC003_GICBasicDetails"/>
  <testcase name="basicDetails" time="161.227" classname="com.GIC_June23.tc.TC003_GICBasicDetails"/>
  <testcase name="basicDetails" time="161.476" classname="com.GIC_June23.tc.TC003_GICBasicDetails"/>
  <testcase name="basicDetails" time="163.423" classname="com.GIC_June23.tc.TC003_GICBasicDetails"/>
  <testcase name="basicDetails" time="163.924" classname="com.GIC_June23.tc.TC003_GICBasicDetails"/>
  <testcase name="basicDetails" time="161.756" classname="com.GIC_June23.tc.TC003_GICBasicDetails"/>
  <testcase name="basicDetails" time="163.711" classname="com.GIC_June23.tc.TC003_GICBasicDetails"/>
  <testcase name="basicDetails" time="161.135" classname="com.GIC_June23.tc.TC003_GICBasicDetails"/>
  <testcase name="basicDetails" time="161.368" classname="com.GIC_June23.tc.TC003_GICBasicDetails"/>
  <testcase name="basicDetails" time="163.285" classname="com.GIC_June23.tc.TC003_GICBasicDetails"/>
  <testcase name="basicDetails" time="163.623" classname="com.GIC_June23.tc.TC003_GICBasicDetails"/>
  <testcase name="basicDetails" time="163.957" classname="com.GIC_June23.tc.TC003_GICBasicDetails"/>
  <testcase name="basicDetails" time="161.352" classname="com.GIC_June23.tc.TC003_GICBasicDetails"/>
  <testcase name="basicDetails" time="161.562" classname="com.GIC_June23.tc.TC003_GICBasicDetails"/>
  <testcase name="basicDetails" time="161.642" classname="com.GIC_June23.tc.TC003_GICBasicDetails"/>
  <testcase name="basicDetails" time="161.072" classname="com.GIC_June23.tc.TC003_GICBasicDetails"/>
  <testcase name="basicDetails" time="161.397" classname="com.GIC_June23.tc.TC003_GICBasicDetails"/>
  <testcase name="basicDetails" time="163.524" classname="com.GIC_June23.tc.TC003_GICBasicDetails"/>
  <testcase name="basicDetails" time="161.566" classname="com.GIC_June23.tc.TC003_GICBasicDetails"/>
  <testcase name="basicDetails" time="161.196" classname="com.GIC_June23.tc.TC003_GICBasicDetails"/>
  <testcase name="basicDetails" time="161.453" classname="com.GIC_June23.tc.TC003_GICBasicDetails"/>
  <testcase name="basicDetails" time="163.474" classname="com.GIC_June23.tc.TC003_GICBasicDetails"/>
  <testcase name="basicDetails" time="161.882" classname="com.GIC_June23.tc.TC003_GICBasicDetails"/>
  <testcase name="basicDetails" time="161.385" classname="com.GIC_June23.tc.TC003_GICBasicDetails"/>
  <testcase name="basicDetails" time="161.550" classname="com.GIC_June23.tc.TC003_GICBasicDetails"/>
  <testcase name="basicDetails" time="163.731" classname="com.GIC_June23.tc.TC003_GICBasicDetails"/>
  <testcase name="basicDetails" time="162.035" classname="com.GIC_June23.tc.TC003_GICBasicDetails"/>
  <testcase name="basicDetails" time="161.214" classname="com.GIC_June23.tc.TC003_GICBasicDetails"/>
  <testcase name="basicDetails" time="163.998" classname="com.GIC_June23.tc.TC003_GICBasicDetails"/>
  <testcase name="basicDetails" time="161.959" classname="com.GIC_June23.tc.TC003_GICBasicDetails"/>
  <testcase name="basicDetails" time="163.739" classname="com.GIC_June23.tc.TC003_GICBasicDetails"/>
  <testcase name="basicDetails" time="161.889" classname="com.GIC_June23.tc.TC003_GICBasicDetails"/>
  <testcase name="basicDetails" time="169.045" classname="com.GIC_June23.tc.TC003_GICBasicDetails"/>
  <testcase name="basicDetails" time="161.434" classname="com.GIC_June23.tc.TC003_GICBasicDetails"/>
  <testcase name="basicDetails" time="161.486" classname="com.GIC_June23.tc.TC003_GICBasicDetails"/>
  <testcase name="basicDetails" time="162.024" classname="com.GIC_June23.tc.TC003_GICBasicDetails"/>
  <testcase name="basicDetails" time="161.066" classname="com.GIC_June23.tc.TC003_GICBasicDetails"/>
  <testcase name="basicDetails" time="161.607" classname="com.GIC_June23.tc.TC003_GICBasicDetails"/>
  <testcase name="basicDetails" time="163.621" classname="com.GIC_June23.tc.TC003_GICBasicDetails"/>
  <testcase name="basicDetails" time="161.366" classname="com.GIC_June23.tc.TC003_GICBasicDetails"/>
  <testcase name="basicDetails" time="163.210" classname="com.GIC_June23.tc.TC003_GICBasicDetails"/>
  <testcase name="basicDetails" time="164.077" classname="com.GIC_June23.tc.TC003_GICBasicDetails"/>
  <testcase name="basicDetails" time="161.680" classname="com.GIC_June23.tc.TC003_GICBasicDetails"/>
  <testcase name="basicDetails" time="161.558" classname="com.GIC_June23.tc.TC003_GICBasicDetails"/>
  <testcase name="basicDetails" time="161.487" classname="com.GIC_June23.tc.TC003_GICBasicDetails"/>
  <testcase name="basicDetails" time="161.606" classname="com.GIC_June23.tc.TC003_GICBasicDetails"/>
  <testcase name="basicDetails" time="161.510" classname="com.GIC_June23.tc.TC003_GICBasicDetails"/>
  <testcase name="basicDetails" time="161.662" classname="com.GIC_June23.tc.TC003_GICBasicDetails"/>
  <testcase name="basicDetails" time="163.520" classname="com.GIC_June23.tc.TC003_GICBasicDetails"/>
  <testcase name="basicDetails" time="161.586" classname="com.GIC_June23.tc.TC003_GICBasicDetails"/>
  <testcase name="basicDetails" time="161.711" classname="com.GIC_June23.tc.TC003_GICBasicDetails"/>
  <testcase name="basicDetails" time="161.801" classname="com.GIC_June23.tc.TC003_GICBasicDetails"/>
  <testcase name="basicDetails" time="160.612" classname="com.GIC_June23.tc.TC003_GICBasicDetails"/>
  <testcase name="basicDetails" time="161.469" classname="com.GIC_June23.tc.TC003_GICBasicDetails"/>
  <testcase name="basicDetails" time="161.385" classname="com.GIC_June23.tc.TC003_GICBasicDetails"/>
  <testcase name="basicDetails" time="163.450" classname="com.GIC_June23.tc.TC003_GICBasicDetails"/>
  <testcase name="basicDetails" time="161.404" classname="com.GIC_June23.tc.TC003_GICBasicDetails"/>
  <testcase name="basicDetails" time="163.662" classname="com.GIC_June23.tc.TC003_GICBasicDetails"/>
</testsuite> <!-- com.GIC_June23.tc.TC003_GICBasicDetails -->
