<?xml version="1.0" encoding="UTF-8"?>
<!-- Generated by org.testng.reporters.JUnitReportReporter -->
<testsuite hostname="MAA011253A" failures="0" tests="38" name="com.Papermill.tc.TC005_SPMCILBasicDetails" time="4338.672" errors="0" timestamp="2021-02-01T15:26:21 IST" skipped="0">
  <testcase classname="com.Papermill.tc.TC005_SPMCILBasicDetails" name="basicDetails" time="113.423"/>
  <testcase classname="com.Papermill.tc.TC005_SPMCILBasicDetails" name="basicDetails" time="112.626"/>
  <testcase classname="com.Papermill.tc.TC005_SPMCILBasicDetails" name="basicDetails" time="113.482"/>
  <testcase classname="com.Papermill.tc.TC005_SPMCILBasicDetails" name="basicDetails" time="113.325"/>
  <testcase classname="com.Papermill.tc.TC005_SPMCILBasicDetails" name="basicDetails" time="113.081"/>
  <testcase classname="com.Papermill.tc.TC005_SPMCILBasicDetails" name="basicDetails" time="113.230"/>
  <testcase classname="com.Papermill.tc.TC005_SPMCILBasicDetails" name="basicDetails" time="113.308"/>
  <testcase classname="com.Papermill.tc.TC005_SPMCILBasicDetails" name="basicDetails" time="113.378"/>
  <testcase classname="com.Papermill.tc.TC005_SPMCILBasicDetails" name="basicDetails" time="113.434"/>
  <testcase classname="com.Papermill.tc.TC005_SPMCILBasicDetails" name="basicDetails" time="112.884"/>
  <testcase classname="com.Papermill.tc.TC005_SPMCILBasicDetails" name="basicDetails" time="112.960"/>
  <testcase classname="com.Papermill.tc.TC005_SPMCILBasicDetails" name="basicDetails" time="113.301"/>
  <testcase classname="com.Papermill.tc.TC005_SPMCILBasicDetails" name="basicDetails" time="113.638"/>
  <testcase classname="com.Papermill.tc.TC005_SPMCILBasicDetails" name="basicDetails" time="113.401"/>
  <testcase classname="com.Papermill.tc.TC005_SPMCILBasicDetails" name="basicDetails" time="113.646"/>
  <testcase classname="com.Papermill.tc.TC005_SPMCILBasicDetails" name="basicDetails" time="113.172"/>
  <testcase classname="com.Papermill.tc.TC005_SPMCILBasicDetails" name="basicDetails" time="113.595"/>
  <testcase classname="com.Papermill.tc.TC005_SPMCILBasicDetails" name="basicDetails" time="112.801"/>
  <testcase classname="com.Papermill.tc.TC005_SPMCILBasicDetails" name="basicDetails" time="113.519"/>
  <testcase classname="com.Papermill.tc.TC005_SPMCILBasicDetails" name="basicDetails" time="114.884"/>
  <testcase classname="com.Papermill.tc.TC005_SPMCILBasicDetails" name="basicDetails" time="113.336"/>
  <testcase classname="com.Papermill.tc.TC005_SPMCILBasicDetails" name="basicDetails" time="113.806"/>
  <testcase classname="com.Papermill.tc.TC005_SPMCILBasicDetails" name="basicDetails" time="113.462"/>
  <testcase classname="com.Papermill.tc.TC005_SPMCILBasicDetails" name="basicDetails" time="113.139"/>
  <testcase classname="com.Papermill.tc.TC005_SPMCILBasicDetails" name="basicDetails" time="113.372"/>
  <testcase classname="com.Papermill.tc.TC005_SPMCILBasicDetails" name="basicDetails" time="140.651"/>
  <testcase classname="com.Papermill.tc.TC005_SPMCILBasicDetails" name="basicDetails" time="113.832"/>
  <testcase classname="com.Papermill.tc.TC005_SPMCILBasicDetails" name="basicDetails" time="113.548"/>
  <testcase classname="com.Papermill.tc.TC005_SPMCILBasicDetails" name="basicDetails" time="113.364"/>
  <testcase classname="com.Papermill.tc.TC005_SPMCILBasicDetails" name="basicDetails" time="113.059"/>
  <testcase classname="com.Papermill.tc.TC005_SPMCILBasicDetails" name="basicDetails" time="113.379"/>
  <testcase classname="com.Papermill.tc.TC005_SPMCILBasicDetails" name="basicDetails" time="113.290"/>
  <testcase classname="com.Papermill.tc.TC005_SPMCILBasicDetails" name="basicDetails" time="113.175"/>
  <testcase classname="com.Papermill.tc.TC005_SPMCILBasicDetails" name="basicDetails" time="112.983"/>
  <testcase classname="com.Papermill.tc.TC005_SPMCILBasicDetails" name="basicDetails" time="112.868"/>
  <testcase classname="com.Papermill.tc.TC005_SPMCILBasicDetails" name="basicDetails" time="118.099"/>
  <testcase classname="com.Papermill.tc.TC005_SPMCILBasicDetails" name="basicDetails" time="112.856"/>
  <testcase classname="com.Papermill.tc.TC005_SPMCILBasicDetails" name="basicDetails" time="113.365"/>
</testsuite> <!-- com.Papermill.tc.TC005_SPMCILBasicDetails -->
