<?xml version="1.0" encoding="UTF-8"?>
<!-- Generated by org.testng.reporters.JUnitReportReporter -->
<testsuite skipped="0" hostname="MAA014482B" name="com.MSTC_April23.tc.TC002_MSTCBasicDetails" tests="10" failures="0" timestamp="2023-05-18T14:25:28 IST" time="1555.977" errors="0">
  <testcase name="basicDetails" time="153.933" classname="com.MSTC_April23.tc.TC002_MSTCBasicDetails"/>
  <testcase name="basicDetails" time="155.421" classname="com.MSTC_April23.tc.TC002_MSTCBasicDetails"/>
  <testcase name="basicDetails" time="155.161" classname="com.MSTC_April23.tc.TC002_MSTCBasicDetails"/>
  <testcase name="basicDetails" time="155.161" classname="com.MSTC_April23.tc.TC002_MSTCBasicDetails"/>
  <testcase name="basicDetails" time="160.377" classname="com.MSTC_April23.tc.TC002_MSTCBasicDetails"/>
  <testcase name="basicDetails" time="155.990" classname="com.MSTC_April23.tc.TC002_MSTCBasicDetails"/>
  <testcase name="basicDetails" time="155.628" classname="com.MSTC_April23.tc.TC002_MSTCBasicDetails"/>
  <testcase name="basicDetails" time="155.155" classname="com.MSTC_April23.tc.TC002_MSTCBasicDetails"/>
  <testcase name="basicDetails" time="155.117" classname="com.MSTC_April23.tc.TC002_MSTCBasicDetails"/>
  <testcase name="basicDetails" time="154.034" classname="com.MSTC_April23.tc.TC002_MSTCBasicDetails"/>
</testsuite> <!-- com.MSTC_April23.tc.TC002_MSTCBasicDetails -->
