<?xml version="1.0" encoding="UTF-8"?>
<!-- Generated by org.testng.reporters.JUnitReportReporter -->
<testsuite skipped="0" hostname="MAA014482B" name="com.MSPGCT.tc.TC003_MSPGCTBasicDetails" tests="16" failures="0" timestamp="2023-06-28T17:31:00 IST" time="2582.199" errors="0">
  <testcase name="basicDetails" time="160.634" classname="com.MSPGCT.tc.TC003_MSPGCTBasicDetails"/>
  <testcase name="basicDetails" time="160.498" classname="com.MSPGCT.tc.TC003_MSPGCTBasicDetails"/>
  <testcase name="basicDetails" time="160.527" classname="com.MSPGCT.tc.TC003_MSPGCTBasicDetails"/>
  <testcase name="basicDetails" time="160.720" classname="com.MSPGCT.tc.TC003_MSPGCTBasicDetails"/>
  <testcase name="basicDetails" time="160.953" classname="com.MSPGCT.tc.TC003_MSPGCTBasicDetails"/>
  <testcase name="basicDetails" time="161.078" classname="com.MSPGCT.tc.TC003_MSPGCTBasicDetails"/>
  <testcase name="basicDetails" time="171.574" classname="com.MSPGCT.tc.TC003_MSPGCTBasicDetails"/>
  <testcase name="basicDetails" time="160.587" classname="com.MSPGCT.tc.TC003_MSPGCTBasicDetails"/>
  <testcase name="basicDetails" time="160.777" classname="com.MSPGCT.tc.TC003_MSPGCTBasicDetails"/>
  <testcase name="basicDetails" time="160.943" classname="com.MSPGCT.tc.TC003_MSPGCTBasicDetails"/>
  <testcase name="basicDetails" time="160.931" classname="com.MSPGCT.tc.TC003_MSPGCTBasicDetails"/>
  <testcase name="basicDetails" time="160.552" classname="com.MSPGCT.tc.TC003_MSPGCTBasicDetails"/>
  <testcase name="basicDetails" time="160.604" classname="com.MSPGCT.tc.TC003_MSPGCTBasicDetails"/>
  <testcase name="basicDetails" time="160.711" classname="com.MSPGCT.tc.TC003_MSPGCTBasicDetails"/>
  <testcase name="basicDetails" time="160.492" classname="com.MSPGCT.tc.TC003_MSPGCTBasicDetails"/>
  <testcase name="basicDetails" time="160.618" classname="com.MSPGCT.tc.TC003_MSPGCTBasicDetails"/>
</testsuite> <!-- com.MSPGCT.tc.TC003_MSPGCTBasicDetails -->
