<?xml version="1.0" encoding="UTF-8"?>
<!-- Generated by org.testng.reporters.JUnitReportReporter -->
<testsuite skipped="0" hostname="MAA014482B" name="com.BOMSRO.tc.TC004_BOMBasicDetails" tests="80" failures="0" timestamp="2023-01-04T16:36:52 IST" time="12876.034" errors="0">
  <testcase name="basicDetails" time="161.776" classname="com.BOMSRO.tc.TC004_BOMBasicDetails"/>
  <testcase name="basicDetails" time="161.878" classname="com.BOMSRO.tc.TC004_BOMBasicDetails"/>
  <testcase name="basicDetails" time="160.136" classname="com.BOMSRO.tc.TC004_BOMBasicDetails"/>
  <testcase name="basicDetails" time="159.921" classname="com.BOMSRO.tc.TC004_BOMBasicDetails"/>
  <testcase name="basicDetails" time="162.253" classname="com.BOMSRO.tc.TC004_BOMBasicDetails"/>
  <testcase name="basicDetails" time="159.934" classname="com.BOMSRO.tc.TC004_BOMBasicDetails"/>
  <testcase name="basicDetails" time="162.335" classname="com.BOMSRO.tc.TC004_BOMBasicDetails"/>
  <testcase name="basicDetails" time="159.899" classname="com.BOMSRO.tc.TC004_BOMBasicDetails"/>
  <testcase name="basicDetails" time="162.378" classname="com.BOMSRO.tc.TC004_BOMBasicDetails"/>
  <testcase name="basicDetails" time="161.995" classname="com.BOMSRO.tc.TC004_BOMBasicDetails"/>
  <testcase name="basicDetails" time="159.675" classname="com.BOMSRO.tc.TC004_BOMBasicDetails"/>
  <testcase name="basicDetails" time="162.064" classname="com.BOMSRO.tc.TC004_BOMBasicDetails"/>
  <testcase name="basicDetails" time="162.491" classname="com.BOMSRO.tc.TC004_BOMBasicDetails"/>
  <testcase name="basicDetails" time="162.430" classname="com.BOMSRO.tc.TC004_BOMBasicDetails"/>
  <testcase name="basicDetails" time="161.957" classname="com.BOMSRO.tc.TC004_BOMBasicDetails"/>
  <testcase name="basicDetails" time="161.986" classname="com.BOMSRO.tc.TC004_BOMBasicDetails"/>
  <testcase name="basicDetails" time="163.606" classname="com.BOMSRO.tc.TC004_BOMBasicDetails"/>
  <testcase name="basicDetails" time="159.860" classname="com.BOMSRO.tc.TC004_BOMBasicDetails"/>
  <testcase name="basicDetails" time="159.643" classname="com.BOMSRO.tc.TC004_BOMBasicDetails"/>
  <testcase name="basicDetails" time="160.065" classname="com.BOMSRO.tc.TC004_BOMBasicDetails"/>
  <testcase name="basicDetails" time="160.787" classname="com.BOMSRO.tc.TC004_BOMBasicDetails"/>
  <testcase name="basicDetails" time="161.850" classname="com.BOMSRO.tc.TC004_BOMBasicDetails"/>
  <testcase name="basicDetails" time="159.853" classname="com.BOMSRO.tc.TC004_BOMBasicDetails"/>
  <testcase name="basicDetails" time="159.846" classname="com.BOMSRO.tc.TC004_BOMBasicDetails"/>
  <testcase name="basicDetails" time="161.972" classname="com.BOMSRO.tc.TC004_BOMBasicDetails"/>
  <testcase name="basicDetails" time="159.960" classname="com.BOMSRO.tc.TC004_BOMBasicDetails"/>
  <testcase name="basicDetails" time="162.389" classname="com.BOMSRO.tc.TC004_BOMBasicDetails"/>
  <testcase name="basicDetails" time="162.234" classname="com.BOMSRO.tc.TC004_BOMBasicDetails"/>
  <testcase name="basicDetails" time="160.075" classname="com.BOMSRO.tc.TC004_BOMBasicDetails"/>
  <testcase name="basicDetails" time="159.861" classname="com.BOMSRO.tc.TC004_BOMBasicDetails"/>
  <testcase name="basicDetails" time="159.920" classname="com.BOMSRO.tc.TC004_BOMBasicDetails"/>
  <testcase name="basicDetails" time="161.881" classname="com.BOMSRO.tc.TC004_BOMBasicDetails"/>
  <testcase name="basicDetails" time="157.695" classname="com.BOMSRO.tc.TC004_BOMBasicDetails"/>
  <testcase name="basicDetails" time="161.849" classname="com.BOMSRO.tc.TC004_BOMBasicDetails"/>
  <testcase name="basicDetails" time="159.902" classname="com.BOMSRO.tc.TC004_BOMBasicDetails"/>
  <testcase name="basicDetails" time="162.413" classname="com.BOMSRO.tc.TC004_BOMBasicDetails"/>
  <testcase name="basicDetails" time="162.453" classname="com.BOMSRO.tc.TC004_BOMBasicDetails"/>
  <testcase name="basicDetails" time="160.067" classname="com.BOMSRO.tc.TC004_BOMBasicDetails"/>
  <testcase name="basicDetails" time="161.936" classname="com.BOMSRO.tc.TC004_BOMBasicDetails"/>
  <testcase name="basicDetails" time="159.904" classname="com.BOMSRO.tc.TC004_BOMBasicDetails"/>
  <testcase name="basicDetails" time="162.061" classname="com.BOMSRO.tc.TC004_BOMBasicDetails"/>
  <testcase name="basicDetails" time="162.163" classname="com.BOMSRO.tc.TC004_BOMBasicDetails"/>
  <testcase name="basicDetails" time="159.913" classname="com.BOMSRO.tc.TC004_BOMBasicDetails"/>
  <testcase name="basicDetails" time="162.091" classname="com.BOMSRO.tc.TC004_BOMBasicDetails"/>
  <testcase name="basicDetails" time="160.286" classname="com.BOMSRO.tc.TC004_BOMBasicDetails"/>
  <testcase name="basicDetails" time="162.314" classname="com.BOMSRO.tc.TC004_BOMBasicDetails"/>
  <testcase name="basicDetails" time="159.903" classname="com.BOMSRO.tc.TC004_BOMBasicDetails"/>
  <testcase name="basicDetails" time="160.037" classname="com.BOMSRO.tc.TC004_BOMBasicDetails"/>
  <testcase name="basicDetails" time="160.138" classname="com.BOMSRO.tc.TC004_BOMBasicDetails"/>
  <testcase name="basicDetails" time="157.941" classname="com.BOMSRO.tc.TC004_BOMBasicDetails"/>
  <testcase name="basicDetails" time="162.294" classname="com.BOMSRO.tc.TC004_BOMBasicDetails"/>
  <testcase name="basicDetails" time="158.394" classname="com.BOMSRO.tc.TC004_BOMBasicDetails"/>
  <testcase name="basicDetails" time="159.787" classname="com.BOMSRO.tc.TC004_BOMBasicDetails"/>
  <testcase name="basicDetails" time="159.559" classname="com.BOMSRO.tc.TC004_BOMBasicDetails"/>
  <testcase name="basicDetails" time="159.864" classname="com.BOMSRO.tc.TC004_BOMBasicDetails"/>
  <testcase name="basicDetails" time="159.960" classname="com.BOMSRO.tc.TC004_BOMBasicDetails"/>
  <testcase name="basicDetails" time="162.494" classname="com.BOMSRO.tc.TC004_BOMBasicDetails"/>
  <testcase name="basicDetails" time="161.919" classname="com.BOMSRO.tc.TC004_BOMBasicDetails"/>
  <testcase name="basicDetails" time="162.290" classname="com.BOMSRO.tc.TC004_BOMBasicDetails"/>
  <testcase name="basicDetails" time="159.578" classname="com.BOMSRO.tc.TC004_BOMBasicDetails"/>
  <testcase name="basicDetails" time="160.144" classname="com.BOMSRO.tc.TC004_BOMBasicDetails"/>
  <testcase name="basicDetails" time="159.922" classname="com.BOMSRO.tc.TC004_BOMBasicDetails"/>
  <testcase name="basicDetails" time="159.892" classname="com.BOMSRO.tc.TC004_BOMBasicDetails"/>
  <testcase name="basicDetails" time="159.855" classname="com.BOMSRO.tc.TC004_BOMBasicDetails"/>
  <testcase name="basicDetails" time="160.070" classname="com.BOMSRO.tc.TC004_BOMBasicDetails"/>
  <testcase name="basicDetails" time="162.051" classname="com.BOMSRO.tc.TC004_BOMBasicDetails"/>
  <testcase name="basicDetails" time="159.787" classname="com.BOMSRO.tc.TC004_BOMBasicDetails"/>
  <testcase name="basicDetails" time="162.072" classname="com.BOMSRO.tc.TC004_BOMBasicDetails"/>
  <testcase name="basicDetails" time="161.550" classname="com.BOMSRO.tc.TC004_BOMBasicDetails"/>
  <testcase name="basicDetails" time="161.953" classname="com.BOMSRO.tc.TC004_BOMBasicDetails"/>
  <testcase name="basicDetails" time="159.554" classname="com.BOMSRO.tc.TC004_BOMBasicDetails"/>
  <testcase name="basicDetails" time="162.136" classname="com.BOMSRO.tc.TC004_BOMBasicDetails"/>
  <testcase name="basicDetails" time="159.381" classname="com.BOMSRO.tc.TC004_BOMBasicDetails"/>
  <testcase name="basicDetails" time="162.301" classname="com.BOMSRO.tc.TC004_BOMBasicDetails"/>
  <testcase name="basicDetails" time="162.382" classname="com.BOMSRO.tc.TC004_BOMBasicDetails"/>
  <testcase name="basicDetails" time="162.226" classname="com.BOMSRO.tc.TC004_BOMBasicDetails"/>
  <testcase name="basicDetails" time="160.163" classname="com.BOMSRO.tc.TC004_BOMBasicDetails"/>
  <testcase name="basicDetails" time="160.284" classname="com.BOMSRO.tc.TC004_BOMBasicDetails"/>
  <testcase name="basicDetails" time="161.919" classname="com.BOMSRO.tc.TC004_BOMBasicDetails"/>
  <testcase name="basicDetails" time="162.277" classname="com.BOMSRO.tc.TC004_BOMBasicDetails"/>
</testsuite> <!-- com.BOMSRO.tc.TC004_BOMBasicDetails -->
