<?xml version="1.0" encoding="UTF-8"?>
<!-- Generated by org.testng.reporters.JUnitReportReporter -->
<testsuite hostname="MAA011253A" failures="0" tests="40" name="com.RRB.tc.TC001_RRBBasicDetails" time="3114.454" errors="1" timestamp="2020-06-30T11:10:54 IST" skipped="0">
  <testcase classname="com.RRB.tc.TC001_RRBBasicDetails" name="basicDetails" time="80.739"/>
  <testcase classname="com.RRB.tc.TC001_RRBBasicDetails" name="basicDetails" time="78.372"/>
  <testcase classname="com.RRB.tc.TC001_RRBBasicDetails" name="basicDetails" time="77.889"/>
  <testcase classname="com.RRB.tc.TC001_RRBBasicDetails" name="basicDetails" time="82.584"/>
  <testcase classname="com.RRB.tc.TC001_RRBBasicDetails" name="basicDetails" time="80.420"/>
  <testcase classname="com.RRB.tc.TC001_RRBBasicDetails" name="basicDetails" time="77.598"/>
  <testcase classname="com.RRB.tc.TC001_RRBBasicDetails" name="basicDetails" time="82.022"/>
  <testcase classname="com.RRB.tc.TC001_RRBBasicDetails" name="basicDetails" time="79.164"/>
  <testcase classname="com.RRB.tc.TC001_RRBBasicDetails" name="basicDetails" time="79.849"/>
  <testcase classname="com.RRB.tc.TC001_RRBBasicDetails" name="basicDetails" time="79.325"/>
  <testcase classname="com.RRB.tc.TC001_RRBBasicDetails" name="basicDetails" time="79.781"/>
  <testcase classname="com.RRB.tc.TC001_RRBBasicDetails" name="basicDetails" time="80.950"/>
  <testcase classname="com.RRB.tc.TC001_RRBBasicDetails" name="basicDetails" time="77.031"/>
  <testcase classname="com.RRB.tc.TC001_RRBBasicDetails" name="basicDetails" time="76.464"/>
  <testcase classname="com.RRB.tc.TC001_RRBBasicDetails" name="basicDetails" time="86.681"/>
  <testcase classname="com.RRB.tc.TC001_RRBBasicDetails" name="basicDetails" time="81.558"/>
  <testcase classname="com.RRB.tc.TC001_RRBBasicDetails" name="basicDetails" time="3.626">
    <error type="java.lang.NullPointerException">
      <![CDATA[java.lang.NullPointerException
at com.aventstack.extentreports.ExtentTest.log(ExtentTest.java:303)
at com.aventstack.extentreports.ExtentTest.pass(ExtentTest.java:524)
at lib.utils.HTMLReporter.reportStep(HTMLReporter.java:61)
at lib.utils.HTMLReporter.reportStep(HTMLReporter.java:73)
at com.ibps.pages.PersonalDetailsPage.selectDropDownUsingIndexNew(PersonalDetailsPage.java:301)
at com.RRB.tc.TC001_RRBBasicDetails.basicDetails(TC001_RRBBasicDetails.java:36)
at java.base/jdk.internal.reflect.NativeMethodAccessorImpl.invoke0(Native Method)
at java.base/jdk.internal.reflect.NativeMethodAccessorImpl.invoke(Unknown Source)
at java.base/jdk.internal.reflect.DelegatingMethodAccessorImpl.invoke(Unknown Source)
at java.base/java.lang.reflect.Method.invoke(Unknown Source)
at org.testng.internal.MethodInvocationHelper.invokeMethod(MethodInvocationHelper.java:133)
at org.testng.internal.TestInvoker.invokeMethod(TestInvoker.java:584)
at org.testng.internal.TestInvoker.invokeTestMethod(TestInvoker.java:172)
at org.testng.internal.MethodRunner.runInSequence(MethodRunner.java:46)
at org.testng.internal.TestInvoker$MethodInvocationAgent.invoke(TestInvoker.java:804)
at org.testng.internal.TestInvoker.invokeTestMethods(TestInvoker.java:145)
at org.testng.internal.TestMethodWorker.invokeTestMethods(TestMethodWorker.java:146)
at org.testng.internal.TestMethodWorker.run(TestMethodWorker.java:128)
at java.base/java.util.concurrent.ThreadPoolExecutor.runWorker(Unknown Source)
at java.base/java.util.concurrent.ThreadPoolExecutor$Worker.run(Unknown Source)
at java.base/java.lang.Thread.run(Unknown Source)
]]>
    </error>
  </testcase> <!-- basicDetails -->
  <testcase classname="com.RRB.tc.TC001_RRBBasicDetails" name="basicDetails" time="82.094"/>
  <testcase classname="com.RRB.tc.TC001_RRBBasicDetails" name="basicDetails" time="79.219"/>
  <testcase classname="com.RRB.tc.TC001_RRBBasicDetails" name="basicDetails" time="82.127"/>
  <testcase classname="com.RRB.tc.TC001_RRBBasicDetails" name="basicDetails" time="93.127"/>
  <testcase classname="com.RRB.tc.TC001_RRBBasicDetails" name="basicDetails" time="81.555"/>
  <testcase classname="com.RRB.tc.TC001_RRBBasicDetails" name="basicDetails" time="81.243"/>
  <testcase classname="com.RRB.tc.TC001_RRBBasicDetails" name="basicDetails" time="76.502"/>
  <testcase classname="com.RRB.tc.TC001_RRBBasicDetails" name="basicDetails" time="75.252"/>
  <testcase classname="com.RRB.tc.TC001_RRBBasicDetails" name="basicDetails" time="88.122"/>
  <testcase classname="com.RRB.tc.TC001_RRBBasicDetails" name="basicDetails" time="73.780"/>
  <testcase classname="com.RRB.tc.TC001_RRBBasicDetails" name="basicDetails" time="77.538"/>
  <testcase classname="com.RRB.tc.TC001_RRBBasicDetails" name="basicDetails" time="76.882"/>
  <testcase classname="com.RRB.tc.TC001_RRBBasicDetails" name="basicDetails" time="78.615"/>
  <testcase classname="com.RRB.tc.TC001_RRBBasicDetails" name="basicDetails" time="77.306"/>
  <testcase classname="com.RRB.tc.TC001_RRBBasicDetails" name="basicDetails" time="78.411"/>
  <testcase classname="com.RRB.tc.TC001_RRBBasicDetails" name="basicDetails" time="76.784"/>
  <testcase classname="com.RRB.tc.TC001_RRBBasicDetails" name="basicDetails" time="81.448"/>
  <testcase classname="com.RRB.tc.TC001_RRBBasicDetails" name="basicDetails" time="81.967"/>
  <testcase classname="com.RRB.tc.TC001_RRBBasicDetails" name="basicDetails" time="74.907"/>
  <testcase classname="com.RRB.tc.TC001_RRBBasicDetails" name="basicDetails" time="77.695"/>
  <testcase classname="com.RRB.tc.TC001_RRBBasicDetails" name="basicDetails" time="79.526"/>
  <testcase classname="com.RRB.tc.TC001_RRBBasicDetails" name="basicDetails" time="77.789"/>
  <testcase classname="com.RRB.tc.TC001_RRBBasicDetails" name="basicDetails" time="78.512"/>
</testsuite> <!-- com.RRB.tc.TC001_RRBBasicDetails -->
