<?xml version="1.0" encoding="UTF-8"?>
<!-- Generated by org.testng.reporters.JUnitReportReporter -->
<testsuite skipped="0" hostname="MAA014482B" name="com.Mahatransco_8Dec22.tc.TC005_MAHABasicDetails" tests="18" failures="0" timestamp="2022-12-13T18:02:54 IST" time="2963.823" errors="0">
  <testcase name="basicDetails" time="166.371" classname="com.Mahatransco_8Dec22.tc.TC005_MAHABasicDetails"/>
  <testcase name="basicDetails" time="164.201" classname="com.Mahatransco_8Dec22.tc.TC005_MAHABasicDetails"/>
  <testcase name="basicDetails" time="163.664" classname="com.Mahatransco_8Dec22.tc.TC005_MAHABasicDetails"/>
  <testcase name="basicDetails" time="164.405" classname="com.Mahatransco_8Dec22.tc.TC005_MAHABasicDetails"/>
  <testcase name="basicDetails" time="164.088" classname="com.Mahatransco_8Dec22.tc.TC005_MAHABasicDetails"/>
  <testcase name="basicDetails" time="165.742" classname="com.Mahatransco_8Dec22.tc.TC005_MAHABasicDetails"/>
  <testcase name="basicDetails" time="163.658" classname="com.Mahatransco_8Dec22.tc.TC005_MAHABasicDetails"/>
  <testcase name="basicDetails" time="163.861" classname="com.Mahatransco_8Dec22.tc.TC005_MAHABasicDetails"/>
  <testcase name="basicDetails" time="164.172" classname="com.Mahatransco_8Dec22.tc.TC005_MAHABasicDetails"/>
  <testcase name="basicDetails" time="165.867" classname="com.Mahatransco_8Dec22.tc.TC005_MAHABasicDetails"/>
  <testcase name="basicDetails" time="162.502" classname="com.Mahatransco_8Dec22.tc.TC005_MAHABasicDetails"/>
  <testcase name="basicDetails" time="163.532" classname="com.Mahatransco_8Dec22.tc.TC005_MAHABasicDetails"/>
  <testcase name="basicDetails" time="166.722" classname="com.Mahatransco_8Dec22.tc.TC005_MAHABasicDetails"/>
  <testcase name="basicDetails" time="167.232" classname="com.Mahatransco_8Dec22.tc.TC005_MAHABasicDetails"/>
  <testcase name="basicDetails" time="163.749" classname="com.Mahatransco_8Dec22.tc.TC005_MAHABasicDetails"/>
  <testcase name="basicDetails" time="165.770" classname="com.Mahatransco_8Dec22.tc.TC005_MAHABasicDetails"/>
  <testcase name="basicDetails" time="161.912" classname="com.Mahatransco_8Dec22.tc.TC005_MAHABasicDetails"/>
  <testcase name="basicDetails" time="166.375" classname="com.Mahatransco_8Dec22.tc.TC005_MAHABasicDetails"/>
</testsuite> <!-- com.Mahatransco_8Dec22.tc.TC005_MAHABasicDetails -->
