<?xml version="1.0" encoding="UTF-8"?>
<!-- Generated by org.testng.reporters.JUnitReportReporter -->
<testsuite skipped="0" hostname="MAA014482B" name="com.RBI18April23.tc.TC005_RBIBasicDetails" tests="8" failures="0" timestamp="2023-04-23T10:10:03 IST" time="1320.733" errors="0">
  <testcase name="basicDetails" time="167.448" classname="com.RBI18April23.tc.TC005_RBIBasicDetails"/>
  <testcase name="basicDetails" time="165.121" classname="com.RBI18April23.tc.TC005_RBIBasicDetails"/>
  <testcase name="basicDetails" time="164.728" classname="com.RBI18April23.tc.TC005_RBIBasicDetails"/>
  <testcase name="basicDetails" time="164.384" classname="com.RBI18April23.tc.TC005_RBIBasicDetails"/>
  <testcase name="basicDetails" time="164.883" classname="com.RBI18April23.tc.TC005_RBIBasicDetails"/>
  <testcase name="basicDetails" time="164.223" classname="com.RBI18April23.tc.TC005_RBIBasicDetails"/>
  <testcase name="basicDetails" time="165.048" classname="com.RBI18April23.tc.TC005_RBIBasicDetails"/>
  <testcase name="basicDetails" time="164.898" classname="com.RBI18April23.tc.TC005_RBIBasicDetails"/>
</testsuite> <!-- com.RBI18April23.tc.TC005_RBIBasicDetails -->
