<?xml version="1.0" encoding="UTF-8"?>
<!-- Generated by org.testng.reporters.JUnitReportReporter -->
<testsuite skipped="0" hostname="MAA014482B" name="com.IIMS.tc.TC004_IIMSBasicDetails" tests="50" failures="0" timestamp="2023-07-05T16:45:44 IST" time="7909.584" errors="0">
  <testcase name="basicDetails" time="159.029" classname="com.IIMS.tc.TC004_IIMSBasicDetails"/>
  <testcase name="basicDetails" time="157.586" classname="com.IIMS.tc.TC004_IIMSBasicDetails"/>
  <testcase name="basicDetails" time="158.147" classname="com.IIMS.tc.TC004_IIMSBasicDetails"/>
  <testcase name="basicDetails" time="159.081" classname="com.IIMS.tc.TC004_IIMSBasicDetails"/>
  <testcase name="basicDetails" time="157.521" classname="com.IIMS.tc.TC004_IIMSBasicDetails"/>
  <testcase name="basicDetails" time="157.677" classname="com.IIMS.tc.TC004_IIMSBasicDetails"/>
  <testcase name="basicDetails" time="159.031" classname="com.IIMS.tc.TC004_IIMSBasicDetails"/>
  <testcase name="basicDetails" time="158.007" classname="com.IIMS.tc.TC004_IIMSBasicDetails"/>
  <testcase name="basicDetails" time="158.925" classname="com.IIMS.tc.TC004_IIMSBasicDetails"/>
  <testcase name="basicDetails" time="157.719" classname="com.IIMS.tc.TC004_IIMSBasicDetails"/>
  <testcase name="basicDetails" time="157.905" classname="com.IIMS.tc.TC004_IIMSBasicDetails"/>
  <testcase name="basicDetails" time="159.314" classname="com.IIMS.tc.TC004_IIMSBasicDetails"/>
  <testcase name="basicDetails" time="157.915" classname="com.IIMS.tc.TC004_IIMSBasicDetails"/>
  <testcase name="basicDetails" time="159.193" classname="com.IIMS.tc.TC004_IIMSBasicDetails"/>
  <testcase name="basicDetails" time="157.653" classname="com.IIMS.tc.TC004_IIMSBasicDetails"/>
  <testcase name="basicDetails" time="157.676" classname="com.IIMS.tc.TC004_IIMSBasicDetails"/>
  <testcase name="basicDetails" time="157.565" classname="com.IIMS.tc.TC004_IIMSBasicDetails"/>
  <testcase name="basicDetails" time="157.195" classname="com.IIMS.tc.TC004_IIMSBasicDetails"/>
  <testcase name="basicDetails" time="157.631" classname="com.IIMS.tc.TC004_IIMSBasicDetails"/>
  <testcase name="basicDetails" time="158.994" classname="com.IIMS.tc.TC004_IIMSBasicDetails"/>
  <testcase name="basicDetails" time="159.012" classname="com.IIMS.tc.TC004_IIMSBasicDetails"/>
  <testcase name="basicDetails" time="157.839" classname="com.IIMS.tc.TC004_IIMSBasicDetails"/>
  <testcase name="basicDetails" time="157.701" classname="com.IIMS.tc.TC004_IIMSBasicDetails"/>
  <testcase name="basicDetails" time="157.629" classname="com.IIMS.tc.TC004_IIMSBasicDetails"/>
  <testcase name="basicDetails" time="157.390" classname="com.IIMS.tc.TC004_IIMSBasicDetails"/>
  <testcase name="basicDetails" time="158.946" classname="com.IIMS.tc.TC004_IIMSBasicDetails"/>
  <testcase name="basicDetails" time="157.730" classname="com.IIMS.tc.TC004_IIMSBasicDetails"/>
  <testcase name="basicDetails" time="160.279" classname="com.IIMS.tc.TC004_IIMSBasicDetails"/>
  <testcase name="basicDetails" time="158.927" classname="com.IIMS.tc.TC004_IIMSBasicDetails"/>
  <testcase name="basicDetails" time="157.668" classname="com.IIMS.tc.TC004_IIMSBasicDetails"/>
  <testcase name="basicDetails" time="158.017" classname="com.IIMS.tc.TC004_IIMSBasicDetails"/>
  <testcase name="basicDetails" time="157.977" classname="com.IIMS.tc.TC004_IIMSBasicDetails"/>
  <testcase name="basicDetails" time="157.615" classname="com.IIMS.tc.TC004_IIMSBasicDetails"/>
  <testcase name="basicDetails" time="158.905" classname="com.IIMS.tc.TC004_IIMSBasicDetails"/>
  <testcase name="basicDetails" time="157.339" classname="com.IIMS.tc.TC004_IIMSBasicDetails"/>
  <testcase name="basicDetails" time="157.601" classname="com.IIMS.tc.TC004_IIMSBasicDetails"/>
  <testcase name="basicDetails" time="157.578" classname="com.IIMS.tc.TC004_IIMSBasicDetails"/>
  <testcase name="basicDetails" time="157.734" classname="com.IIMS.tc.TC004_IIMSBasicDetails"/>
  <testcase name="basicDetails" time="158.886" classname="com.IIMS.tc.TC004_IIMSBasicDetails"/>
  <testcase name="basicDetails" time="157.798" classname="com.IIMS.tc.TC004_IIMSBasicDetails"/>
  <testcase name="basicDetails" time="157.645" classname="com.IIMS.tc.TC004_IIMSBasicDetails"/>
  <testcase name="basicDetails" time="158.873" classname="com.IIMS.tc.TC004_IIMSBasicDetails"/>
  <testcase name="basicDetails" time="157.161" classname="com.IIMS.tc.TC004_IIMSBasicDetails"/>
  <testcase name="basicDetails" time="159.134" classname="com.IIMS.tc.TC004_IIMSBasicDetails"/>
  <testcase name="basicDetails" time="157.862" classname="com.IIMS.tc.TC004_IIMSBasicDetails"/>
  <testcase name="basicDetails" time="159.027" classname="com.IIMS.tc.TC004_IIMSBasicDetails"/>
  <testcase name="basicDetails" time="157.653" classname="com.IIMS.tc.TC004_IIMSBasicDetails"/>
  <testcase name="basicDetails" time="159.070" classname="com.IIMS.tc.TC004_IIMSBasicDetails"/>
  <testcase name="basicDetails" time="157.518" classname="com.IIMS.tc.TC004_IIMSBasicDetails"/>
  <testcase name="basicDetails" time="159.306" classname="com.IIMS.tc.TC004_IIMSBasicDetails"/>
</testsuite> <!-- com.IIMS.tc.TC004_IIMSBasicDetails -->
