<?xml version="1.0" encoding="UTF-8"?>
<!-- Generated by org.testng.reporters.JUnitReportReporter -->
<testsuite skipped="0" hostname="MAA014482B" name="com.FCI_2_11August22.tc.TC002_FCIBasicDetails" tests="98" failures="0" timestamp="2022-08-26T02:20:36 IST" time="15737.889" errors="1">
  <testcase name="basicDetails" time="161.868" classname="com.FCI_2_11August22.tc.TC002_FCIBasicDetails"/>
  <testcase name="basicDetails" time="158.693" classname="com.FCI_2_11August22.tc.TC002_FCIBasicDetails"/>
  <testcase name="basicDetails" time="162.136" classname="com.FCI_2_11August22.tc.TC002_FCIBasicDetails"/>
  <testcase name="basicDetails" time="162.291" classname="com.FCI_2_11August22.tc.TC002_FCIBasicDetails"/>
  <testcase name="basicDetails" time="158.988" classname="com.FCI_2_11August22.tc.TC002_FCIBasicDetails"/>
  <testcase name="basicDetails" time="158.940" classname="com.FCI_2_11August22.tc.TC002_FCIBasicDetails"/>
  <testcase name="basicDetails" time="161.511" classname="com.FCI_2_11August22.tc.TC002_FCIBasicDetails"/>
  <testcase name="basicDetails" time="165.625" classname="com.FCI_2_11August22.tc.TC002_FCIBasicDetails"/>
  <testcase name="basicDetails" time="162.094" classname="com.FCI_2_11August22.tc.TC002_FCIBasicDetails"/>
  <testcase name="basicDetails" time="162.666" classname="com.FCI_2_11August22.tc.TC002_FCIBasicDetails"/>
  <testcase name="basicDetails" time="164.734" classname="com.FCI_2_11August22.tc.TC002_FCIBasicDetails"/>
  <testcase name="basicDetails" time="163.544" classname="com.FCI_2_11August22.tc.TC002_FCIBasicDetails"/>
  <testcase name="basicDetails" time="164.631" classname="com.FCI_2_11August22.tc.TC002_FCIBasicDetails"/>
  <testcase name="basicDetails" time="162.439" classname="com.FCI_2_11August22.tc.TC002_FCIBasicDetails"/>
  <testcase name="basicDetails" time="164.931" classname="com.FCI_2_11August22.tc.TC002_FCIBasicDetails"/>
  <testcase name="basicDetails" time="162.211" classname="com.FCI_2_11August22.tc.TC002_FCIBasicDetails"/>
  <testcase name="basicDetails" time="159.123" classname="com.FCI_2_11August22.tc.TC002_FCIBasicDetails"/>
  <testcase name="basicDetails" time="161.167" classname="com.FCI_2_11August22.tc.TC002_FCIBasicDetails"/>
  <testcase name="basicDetails" time="162.411" classname="com.FCI_2_11August22.tc.TC002_FCIBasicDetails"/>
  <testcase name="basicDetails" time="164.677" classname="com.FCI_2_11August22.tc.TC002_FCIBasicDetails"/>
  <testcase name="basicDetails" time="162.119" classname="com.FCI_2_11August22.tc.TC002_FCIBasicDetails"/>
  <testcase name="basicDetails" time="162.537" classname="com.FCI_2_11August22.tc.TC002_FCIBasicDetails"/>
  <testcase name="basicDetails" time="163.076" classname="com.FCI_2_11August22.tc.TC002_FCIBasicDetails"/>
  <testcase name="basicDetails" time="162.201" classname="com.FCI_2_11August22.tc.TC002_FCIBasicDetails"/>
  <testcase name="basicDetails" time="159.430" classname="com.FCI_2_11August22.tc.TC002_FCIBasicDetails"/>
  <testcase name="basicDetails" time="158.966" classname="com.FCI_2_11August22.tc.TC002_FCIBasicDetails"/>
  <testcase name="basicDetails" time="164.696" classname="com.FCI_2_11August22.tc.TC002_FCIBasicDetails"/>
  <testcase name="basicDetails" time="158.958" classname="com.FCI_2_11August22.tc.TC002_FCIBasicDetails"/>
  <testcase name="basicDetails" time="161.568" classname="com.FCI_2_11August22.tc.TC002_FCIBasicDetails"/>
  <testcase name="basicDetails" time="162.216" classname="com.FCI_2_11August22.tc.TC002_FCIBasicDetails"/>
  <testcase name="basicDetails" time="161.585" classname="com.FCI_2_11August22.tc.TC002_FCIBasicDetails"/>
  <testcase name="basicDetails" time="161.259" classname="com.FCI_2_11August22.tc.TC002_FCIBasicDetails"/>
  <testcase name="basicDetails" time="164.915" classname="com.FCI_2_11August22.tc.TC002_FCIBasicDetails"/>
  <testcase name="basicDetails" time="164.598" classname="com.FCI_2_11August22.tc.TC002_FCIBasicDetails"/>
  <testcase name="basicDetails" time="161.733" classname="com.FCI_2_11August22.tc.TC002_FCIBasicDetails"/>
  <testcase name="basicDetails" time="161.704" classname="com.FCI_2_11August22.tc.TC002_FCIBasicDetails"/>
  <testcase name="basicDetails" time="159.238" classname="com.FCI_2_11August22.tc.TC002_FCIBasicDetails"/>
  <testcase name="basicDetails" time="164.378" classname="com.FCI_2_11August22.tc.TC002_FCIBasicDetails"/>
  <testcase name="basicDetails" time="164.742" classname="com.FCI_2_11August22.tc.TC002_FCIBasicDetails"/>
  <testcase name="basicDetails" time="162.535" classname="com.FCI_2_11August22.tc.TC002_FCIBasicDetails"/>
  <testcase name="basicDetails" time="162.281" classname="com.FCI_2_11August22.tc.TC002_FCIBasicDetails"/>
  <testcase name="basicDetails" time="162.564" classname="com.FCI_2_11August22.tc.TC002_FCIBasicDetails"/>
  <testcase name="basicDetails" time="159.010" classname="com.FCI_2_11August22.tc.TC002_FCIBasicDetails"/>
  <testcase name="basicDetails" time="162.280" classname="com.FCI_2_11August22.tc.TC002_FCIBasicDetails"/>
  <testcase name="basicDetails" time="30.462" classname="com.FCI_2_11August22.tc.TC002_FCIBasicDetails">
    <error type="org.openqa.selenium.UnhandledAlertException" message="unexpected alert open: {Alert text : Date Of Birth should be between 02/08/1989 to 01/08/2004}
  (Session info: chrome=104.0.5112.102): Date Of Birth should be between 02/08/1989 to 01/08/2004
Build info: version: &#039;3.141.0&#039;, revision: &#039;2ecb7d9a&#039;, time: &#039;2018-10-31T20:09:30&#039;
System info: host: &#039;MAA014482B&#039;, ip: &#039;124.7.228.19&#039;, os.name: &#039;Windows 10&#039;, os.arch: &#039;amd64&#039;, os.version: &#039;10.0&#039;, java.version: &#039;1.8.0_131&#039;
Driver info: org.openqa.selenium.chrome.ChromeDriver
Capabilities {acceptInsecureCerts: false, browserName: chrome, browserVersion: 104.0.5112.102, chrome: {chromedriverVersion: 104.0.5112.79 (3cf3e8c8a07d..., userDataDir: C:\Users\016386\AppData\Loc...}, goog:chromeOptions: {debuggerAddress: localhost:61409}, javascriptEnabled: true, networkConnectionEnabled: false, pageLoadStrategy: normal, platform: WINDOWS, platformName: WINDOWS, proxy: Proxy(), setWindowRect: true, strictFileInteractability: false, timeouts: {implicit: 0, pageLoad: 300000, script: 30000}, unhandledPromptBehavior: dismiss and notify, webauthn:extension:credBlob: true, webauthn:extension:largeBlob: true, webauthn:virtualAuthenticators: true}
Session ID: a50ef0e335893218c129b2f6c6cbb79d
*** Element info: {Using=xpath, value=.//*[starts-with(@id,&#039;err_seldob&#039;)]}">
      <![CDATA[org.openqa.selenium.UnhandledAlertException: unexpected alert open: {Alert text : Date Of Birth should be between 02/08/1989 to 01/08/2004}
  (Session info: chrome=104.0.5112.102): Date Of Birth should be between 02/08/1989 to 01/08/2004
Build info: version: '3.141.0', revision: '2ecb7d9a', time: '2018-10-31T20:09:30'
System info: host: 'MAA014482B', ip: '124.7.228.19', os.name: 'Windows 10', os.arch: 'amd64', os.version: '10.0', java.version: '1.8.0_131'
Driver info: org.openqa.selenium.chrome.ChromeDriver
Capabilities {acceptInsecureCerts: false, browserName: chrome, browserVersion: 104.0.5112.102, chrome: {chromedriverVersion: 104.0.5112.79 (3cf3e8c8a07d..., userDataDir: C:\Users\016386\AppData\Loc...}, goog:chromeOptions: {debuggerAddress: localhost:61409}, javascriptEnabled: true, networkConnectionEnabled: false, pageLoadStrategy: normal, platform: WINDOWS, platformName: WINDOWS, proxy: Proxy(), setWindowRect: true, strictFileInteractability: false, timeouts: {implicit: 0, pageLoad: 300000, script: 30000}, unhandledPromptBehavior: dismiss and notify, webauthn:extension:credBlob: true, webauthn:extension:largeBlob: true, webauthn:virtualAuthenticators: true}
Session ID: a50ef0e335893218c129b2f6c6cbb79d
*** Element info: {Using=xpath, value=.//*[starts-with(@id,'err_seldob')]}
at org.openqa.selenium.remote.http.W3CHttpResponseCodec.decode(W3CHttpResponseCodec.java:120)
at org.openqa.selenium.remote.http.W3CHttpResponseCodec.decode(W3CHttpResponseCodec.java:49)
at org.openqa.selenium.remote.HttpCommandExecutor.execute(HttpCommandExecutor.java:158)
at org.openqa.selenium.remote.service.DriverCommandExecutor.execute(DriverCommandExecutor.java:83)
at org.openqa.selenium.remote.RemoteWebDriver.execute(RemoteWebDriver.java:552)
at org.openqa.selenium.remote.RemoteWebDriver.findElements(RemoteWebDriver.java:353)
at org.openqa.selenium.remote.RemoteWebDriver.findElementsByXPath(RemoteWebDriver.java:432)
at org.openqa.selenium.By$ByXPath.findElements(By.java:348)
at org.openqa.selenium.remote.RemoteWebDriver.findElements(RemoteWebDriver.java:311)
at lib.selenium.WebDriverServiceImpl.noagealert(WebDriverServiceImpl.java:766)
at lib.selenium.WebDriverServiceImpl.agevalidator_max(WebDriverServiceImpl.java:857)
at com.ibps.pages.PersonalDetailsPage.ageValidatorMax(PersonalDetailsPage.java:329)
at com.FCI_2_11August22.tc.TC002_FCIBasicDetails.basicDetails(TC002_FCIBasicDetails.java:60)
at sun.reflect.NativeMethodAccessorImpl.invoke0(Native Method)
at sun.reflect.NativeMethodAccessorImpl.invoke(Unknown Source)
at sun.reflect.DelegatingMethodAccessorImpl.invoke(Unknown Source)
at java.lang.reflect.Method.invoke(Unknown Source)
at org.testng.internal.MethodInvocationHelper.invokeMethod(MethodInvocationHelper.java:133)
at org.testng.internal.TestInvoker.invokeMethod(TestInvoker.java:584)
at org.testng.internal.TestInvoker.invokeTestMethod(TestInvoker.java:172)
at org.testng.internal.MethodRunner.runInSequence(MethodRunner.java:46)
at org.testng.internal.TestInvoker$MethodInvocationAgent.invoke(TestInvoker.java:804)
at org.testng.internal.TestInvoker.invokeTestMethods(TestInvoker.java:145)
at org.testng.internal.TestMethodWorker.invokeTestMethods(TestMethodWorker.java:146)
at org.testng.internal.TestMethodWorker.run(TestMethodWorker.java:128)
at java.util.concurrent.ThreadPoolExecutor.runWorker(Unknown Source)
at java.util.concurrent.ThreadPoolExecutor$Worker.run(Unknown Source)
at java.lang.Thread.run(Unknown Source)
]]>
    </error>
  </testcase> <!-- basicDetails -->
  <testcase name="basicDetails" time="161.664" classname="com.FCI_2_11August22.tc.TC002_FCIBasicDetails"/>
  <testcase name="basicDetails" time="162.288" classname="com.FCI_2_11August22.tc.TC002_FCIBasicDetails"/>
  <testcase name="basicDetails" time="159.299" classname="com.FCI_2_11August22.tc.TC002_FCIBasicDetails"/>
  <testcase name="basicDetails" time="159.039" classname="com.FCI_2_11August22.tc.TC002_FCIBasicDetails"/>
  <testcase name="basicDetails" time="158.945" classname="com.FCI_2_11August22.tc.TC002_FCIBasicDetails"/>
  <testcase name="basicDetails" time="164.685" classname="com.FCI_2_11August22.tc.TC002_FCIBasicDetails"/>
  <testcase name="basicDetails" time="161.086" classname="com.FCI_2_11August22.tc.TC002_FCIBasicDetails"/>
  <testcase name="basicDetails" time="158.999" classname="com.FCI_2_11August22.tc.TC002_FCIBasicDetails"/>
  <testcase name="basicDetails" time="159.132" classname="com.FCI_2_11August22.tc.TC002_FCIBasicDetails"/>
  <testcase name="basicDetails" time="164.258" classname="com.FCI_2_11August22.tc.TC002_FCIBasicDetails"/>
  <testcase name="basicDetails" time="159.265" classname="com.FCI_2_11August22.tc.TC002_FCIBasicDetails"/>
  <testcase name="basicDetails" time="162.202" classname="com.FCI_2_11August22.tc.TC002_FCIBasicDetails"/>
  <testcase name="basicDetails" time="164.361" classname="com.FCI_2_11August22.tc.TC002_FCIBasicDetails"/>
  <testcase name="basicDetails" time="161.640" classname="com.FCI_2_11August22.tc.TC002_FCIBasicDetails"/>
  <testcase name="basicDetails" time="161.354" classname="com.FCI_2_11August22.tc.TC002_FCIBasicDetails"/>
  <testcase name="basicDetails" time="159.053" classname="com.FCI_2_11August22.tc.TC002_FCIBasicDetails"/>
  <testcase name="basicDetails" time="159.217" classname="com.FCI_2_11August22.tc.TC002_FCIBasicDetails"/>
  <testcase name="basicDetails" time="161.488" classname="com.FCI_2_11August22.tc.TC002_FCIBasicDetails"/>
  <testcase name="basicDetails" time="161.182" classname="com.FCI_2_11August22.tc.TC002_FCIBasicDetails"/>
  <testcase name="basicDetails" time="162.527" classname="com.FCI_2_11August22.tc.TC002_FCIBasicDetails"/>
  <testcase name="basicDetails" time="164.400" classname="com.FCI_2_11August22.tc.TC002_FCIBasicDetails"/>
  <testcase name="basicDetails" time="162.232" classname="com.FCI_2_11August22.tc.TC002_FCIBasicDetails"/>
  <testcase name="basicDetails" time="164.767" classname="com.FCI_2_11August22.tc.TC002_FCIBasicDetails"/>
  <testcase name="basicDetails" time="164.406" classname="com.FCI_2_11August22.tc.TC002_FCIBasicDetails"/>
  <testcase name="basicDetails" time="158.904" classname="com.FCI_2_11August22.tc.TC002_FCIBasicDetails"/>
  <testcase name="basicDetails" time="161.278" classname="com.FCI_2_11August22.tc.TC002_FCIBasicDetails"/>
  <testcase name="basicDetails" time="161.777" classname="com.FCI_2_11August22.tc.TC002_FCIBasicDetails"/>
  <testcase name="basicDetails" time="158.743" classname="com.FCI_2_11August22.tc.TC002_FCIBasicDetails"/>
  <testcase name="basicDetails" time="165.535" classname="com.FCI_2_11August22.tc.TC002_FCIBasicDetails"/>
  <testcase name="basicDetails" time="164.223" classname="com.FCI_2_11August22.tc.TC002_FCIBasicDetails"/>
  <testcase name="basicDetails" time="158.884" classname="com.FCI_2_11August22.tc.TC002_FCIBasicDetails"/>
  <testcase name="basicDetails" time="164.719" classname="com.FCI_2_11August22.tc.TC002_FCIBasicDetails"/>
  <testcase name="basicDetails" time="162.590" classname="com.FCI_2_11August22.tc.TC002_FCIBasicDetails"/>
  <testcase name="basicDetails" time="164.724" classname="com.FCI_2_11August22.tc.TC002_FCIBasicDetails"/>
  <testcase name="basicDetails" time="162.284" classname="com.FCI_2_11August22.tc.TC002_FCIBasicDetails"/>
  <testcase name="basicDetails" time="164.674" classname="com.FCI_2_11August22.tc.TC002_FCIBasicDetails"/>
  <testcase name="basicDetails" time="158.996" classname="com.FCI_2_11August22.tc.TC002_FCIBasicDetails"/>
  <testcase name="basicDetails" time="161.637" classname="com.FCI_2_11August22.tc.TC002_FCIBasicDetails"/>
  <testcase name="basicDetails" time="161.492" classname="com.FCI_2_11August22.tc.TC002_FCIBasicDetails"/>
  <testcase name="basicDetails" time="158.894" classname="com.FCI_2_11August22.tc.TC002_FCIBasicDetails"/>
  <testcase name="basicDetails" time="162.424" classname="com.FCI_2_11August22.tc.TC002_FCIBasicDetails"/>
  <testcase name="basicDetails" time="162.369" classname="com.FCI_2_11August22.tc.TC002_FCIBasicDetails"/>
  <testcase name="basicDetails" time="164.840" classname="com.FCI_2_11August22.tc.TC002_FCIBasicDetails"/>
  <testcase name="basicDetails" time="161.393" classname="com.FCI_2_11August22.tc.TC002_FCIBasicDetails"/>
  <testcase name="basicDetails" time="164.568" classname="com.FCI_2_11August22.tc.TC002_FCIBasicDetails"/>
  <testcase name="basicDetails" time="159.232" classname="com.FCI_2_11August22.tc.TC002_FCIBasicDetails"/>
  <testcase name="basicDetails" time="161.438" classname="com.FCI_2_11August22.tc.TC002_FCIBasicDetails"/>
  <testcase name="basicDetails" time="161.351" classname="com.FCI_2_11August22.tc.TC002_FCIBasicDetails"/>
  <testcase name="basicDetails" time="161.992" classname="com.FCI_2_11August22.tc.TC002_FCIBasicDetails"/>
  <testcase name="basicDetails" time="158.864" classname="com.FCI_2_11August22.tc.TC002_FCIBasicDetails"/>
  <testcase name="basicDetails" time="165.105" classname="com.FCI_2_11August22.tc.TC002_FCIBasicDetails"/>
  <testcase name="basicDetails" time="161.204" classname="com.FCI_2_11August22.tc.TC002_FCIBasicDetails"/>
  <testcase name="basicDetails" time="162.535" classname="com.FCI_2_11August22.tc.TC002_FCIBasicDetails"/>
</testsuite> <!-- com.FCI_2_11August22.tc.TC002_FCIBasicDetails -->
