<?xml version="1.0" encoding="UTF-8"?>
<!-- Generated by org.testng.reporters.JUnitReportReporter -->
<testsuite skipped="0" hostname="MAA014482B" name="com.MAHAVIT_12_April.tc.TC004_MAHABasicDetails" tests="25" failures="0" timestamp="2022-05-03T23:21:35 IST" time="2984.367" errors="0">
  <testcase name="basicDetails" time="119.606" classname="com.MAHAVIT_12_April.tc.TC004_MAHABasicDetails"/>
  <testcase name="basicDetails" time="117.613" classname="com.MAHAVIT_12_April.tc.TC004_MAHABasicDetails"/>
  <testcase name="basicDetails" time="121.004" classname="com.MAHAVIT_12_April.tc.TC004_MAHABasicDetails"/>
  <testcase name="basicDetails" time="118.840" classname="com.MAHAVIT_12_April.tc.TC004_MAHABasicDetails"/>
  <testcase name="basicDetails" time="119.086" classname="com.MAHAVIT_12_April.tc.TC004_MAHABasicDetails"/>
  <testcase name="basicDetails" time="117.712" classname="com.MAHAVIT_12_April.tc.TC004_MAHABasicDetails"/>
  <testcase name="basicDetails" time="117.566" classname="com.MAHAVIT_12_April.tc.TC004_MAHABasicDetails"/>
  <testcase name="basicDetails" time="121.010" classname="com.MAHAVIT_12_April.tc.TC004_MAHABasicDetails"/>
  <testcase name="basicDetails" time="121.019" classname="com.MAHAVIT_12_April.tc.TC004_MAHABasicDetails"/>
  <testcase name="basicDetails" time="117.750" classname="com.MAHAVIT_12_April.tc.TC004_MAHABasicDetails"/>
  <testcase name="basicDetails" time="121.224" classname="com.MAHAVIT_12_April.tc.TC004_MAHABasicDetails"/>
  <testcase name="basicDetails" time="120.926" classname="com.MAHAVIT_12_April.tc.TC004_MAHABasicDetails"/>
  <testcase name="basicDetails" time="117.608" classname="com.MAHAVIT_12_April.tc.TC004_MAHABasicDetails"/>
  <testcase name="basicDetails" time="119.611" classname="com.MAHAVIT_12_April.tc.TC004_MAHABasicDetails"/>
  <testcase name="basicDetails" time="119.420" classname="com.MAHAVIT_12_April.tc.TC004_MAHABasicDetails"/>
  <testcase name="basicDetails" time="120.615" classname="com.MAHAVIT_12_April.tc.TC004_MAHABasicDetails"/>
  <testcase name="basicDetails" time="119.398" classname="com.MAHAVIT_12_April.tc.TC004_MAHABasicDetails"/>
  <testcase name="basicDetails" time="119.069" classname="com.MAHAVIT_12_April.tc.TC004_MAHABasicDetails"/>
  <testcase name="basicDetails" time="117.982" classname="com.MAHAVIT_12_April.tc.TC004_MAHABasicDetails"/>
  <testcase name="basicDetails" time="118.990" classname="com.MAHAVIT_12_April.tc.TC004_MAHABasicDetails"/>
  <testcase name="basicDetails" time="119.306" classname="com.MAHAVIT_12_April.tc.TC004_MAHABasicDetails"/>
  <testcase name="basicDetails" time="119.674" classname="com.MAHAVIT_12_April.tc.TC004_MAHABasicDetails"/>
  <testcase name="basicDetails" time="121.399" classname="com.MAHAVIT_12_April.tc.TC004_MAHABasicDetails"/>
  <testcase name="basicDetails" time="118.989" classname="com.MAHAVIT_12_April.tc.TC004_MAHABasicDetails"/>
  <testcase name="basicDetails" time="118.950" classname="com.MAHAVIT_12_April.tc.TC004_MAHABasicDetails"/>
</testsuite> <!-- com.MAHAVIT_12_April.tc.TC004_MAHABasicDetails -->
