<?xml version="1.0" encoding="UTF-8"?>
<!-- Generated by org.testng.reporters.JUnitReportReporter -->
<testsuite skipped="0" hostname="MAA014482B" name="com.TDCN_June23.tc.TC005_TDCNBasicDetails" tests="125" failures="0" timestamp="2023-06-26T19:04:28 IST" time="20140.527" errors="0">
  <testcase name="basicDetails" time="159.852" classname="com.TDCN_June23.tc.TC005_TDCNBasicDetails"/>
  <testcase name="basicDetails" time="162.804" classname="com.TDCN_June23.tc.TC005_TDCNBasicDetails"/>
  <testcase name="basicDetails" time="163.328" classname="com.TDCN_June23.tc.TC005_TDCNBasicDetails"/>
  <testcase name="basicDetails" time="160.112" classname="com.TDCN_June23.tc.TC005_TDCNBasicDetails"/>
  <testcase name="basicDetails" time="159.011" classname="com.TDCN_June23.tc.TC005_TDCNBasicDetails"/>
  <testcase name="basicDetails" time="162.676" classname="com.TDCN_June23.tc.TC005_TDCNBasicDetails"/>
  <testcase name="basicDetails" time="159.995" classname="com.TDCN_June23.tc.TC005_TDCNBasicDetails"/>
  <testcase name="basicDetails" time="163.163" classname="com.TDCN_June23.tc.TC005_TDCNBasicDetails"/>
  <testcase name="basicDetails" time="159.707" classname="com.TDCN_June23.tc.TC005_TDCNBasicDetails"/>
  <testcase name="basicDetails" time="159.296" classname="com.TDCN_June23.tc.TC005_TDCNBasicDetails"/>
  <testcase name="basicDetails" time="159.345" classname="com.TDCN_June23.tc.TC005_TDCNBasicDetails"/>
  <testcase name="basicDetails" time="159.956" classname="com.TDCN_June23.tc.TC005_TDCNBasicDetails"/>
  <testcase name="basicDetails" time="159.822" classname="com.TDCN_June23.tc.TC005_TDCNBasicDetails"/>
  <testcase name="basicDetails" time="162.930" classname="com.TDCN_June23.tc.TC005_TDCNBasicDetails"/>
  <testcase name="basicDetails" time="163.411" classname="com.TDCN_June23.tc.TC005_TDCNBasicDetails"/>
  <testcase name="basicDetails" time="163.204" classname="com.TDCN_June23.tc.TC005_TDCNBasicDetails"/>
  <testcase name="basicDetails" time="159.443" classname="com.TDCN_June23.tc.TC005_TDCNBasicDetails"/>
  <testcase name="basicDetails" time="176.656" classname="com.TDCN_June23.tc.TC005_TDCNBasicDetails"/>
  <testcase name="basicDetails" time="163.202" classname="com.TDCN_June23.tc.TC005_TDCNBasicDetails"/>
  <testcase name="basicDetails" time="162.851" classname="com.TDCN_June23.tc.TC005_TDCNBasicDetails"/>
  <testcase name="basicDetails" time="163.298" classname="com.TDCN_June23.tc.TC005_TDCNBasicDetails"/>
  <testcase name="basicDetails" time="159.650" classname="com.TDCN_June23.tc.TC005_TDCNBasicDetails"/>
  <testcase name="basicDetails" time="160.026" classname="com.TDCN_June23.tc.TC005_TDCNBasicDetails"/>
  <testcase name="basicDetails" time="163.279" classname="com.TDCN_June23.tc.TC005_TDCNBasicDetails"/>
  <testcase name="basicDetails" time="159.781" classname="com.TDCN_June23.tc.TC005_TDCNBasicDetails"/>
  <testcase name="basicDetails" time="162.197" classname="com.TDCN_June23.tc.TC005_TDCNBasicDetails"/>
  <testcase name="basicDetails" time="162.283" classname="com.TDCN_June23.tc.TC005_TDCNBasicDetails"/>
  <testcase name="basicDetails" time="163.053" classname="com.TDCN_June23.tc.TC005_TDCNBasicDetails"/>
  <testcase name="basicDetails" time="159.853" classname="com.TDCN_June23.tc.TC005_TDCNBasicDetails"/>
  <testcase name="basicDetails" time="159.217" classname="com.TDCN_June23.tc.TC005_TDCNBasicDetails"/>
  <testcase name="basicDetails" time="163.002" classname="com.TDCN_June23.tc.TC005_TDCNBasicDetails"/>
  <testcase name="basicDetails" time="163.086" classname="com.TDCN_June23.tc.TC005_TDCNBasicDetails"/>
  <testcase name="basicDetails" time="159.592" classname="com.TDCN_June23.tc.TC005_TDCNBasicDetails"/>
  <testcase name="basicDetails" time="162.805" classname="com.TDCN_June23.tc.TC005_TDCNBasicDetails"/>
  <testcase name="basicDetails" time="159.256" classname="com.TDCN_June23.tc.TC005_TDCNBasicDetails"/>
  <testcase name="basicDetails" time="163.043" classname="com.TDCN_June23.tc.TC005_TDCNBasicDetails"/>
  <testcase name="basicDetails" time="162.883" classname="com.TDCN_June23.tc.TC005_TDCNBasicDetails"/>
  <testcase name="basicDetails" time="163.158" classname="com.TDCN_June23.tc.TC005_TDCNBasicDetails"/>
  <testcase name="basicDetails" time="159.489" classname="com.TDCN_June23.tc.TC005_TDCNBasicDetails"/>
  <testcase name="basicDetails" time="159.764" classname="com.TDCN_June23.tc.TC005_TDCNBasicDetails"/>
  <testcase name="basicDetails" time="160.141" classname="com.TDCN_June23.tc.TC005_TDCNBasicDetails"/>
  <testcase name="basicDetails" time="159.980" classname="com.TDCN_June23.tc.TC005_TDCNBasicDetails"/>
  <testcase name="basicDetails" time="162.752" classname="com.TDCN_June23.tc.TC005_TDCNBasicDetails"/>
  <testcase name="basicDetails" time="159.670" classname="com.TDCN_June23.tc.TC005_TDCNBasicDetails"/>
  <testcase name="basicDetails" time="160.098" classname="com.TDCN_June23.tc.TC005_TDCNBasicDetails"/>
  <testcase name="basicDetails" time="162.348" classname="com.TDCN_June23.tc.TC005_TDCNBasicDetails"/>
  <testcase name="basicDetails" time="158.596" classname="com.TDCN_June23.tc.TC005_TDCNBasicDetails"/>
  <testcase name="basicDetails" time="162.886" classname="com.TDCN_June23.tc.TC005_TDCNBasicDetails"/>
  <testcase name="basicDetails" time="159.884" classname="com.TDCN_June23.tc.TC005_TDCNBasicDetails"/>
  <testcase name="basicDetails" time="159.767" classname="com.TDCN_June23.tc.TC005_TDCNBasicDetails"/>
  <testcase name="basicDetails" time="162.988" classname="com.TDCN_June23.tc.TC005_TDCNBasicDetails"/>
  <testcase name="basicDetails" time="159.875" classname="com.TDCN_June23.tc.TC005_TDCNBasicDetails"/>
  <testcase name="basicDetails" time="163.274" classname="com.TDCN_June23.tc.TC005_TDCNBasicDetails"/>
  <testcase name="basicDetails" time="159.912" classname="com.TDCN_June23.tc.TC005_TDCNBasicDetails"/>
  <testcase name="basicDetails" time="162.338" classname="com.TDCN_June23.tc.TC005_TDCNBasicDetails"/>
  <testcase name="basicDetails" time="159.938" classname="com.TDCN_June23.tc.TC005_TDCNBasicDetails"/>
  <testcase name="basicDetails" time="163.059" classname="com.TDCN_June23.tc.TC005_TDCNBasicDetails"/>
  <testcase name="basicDetails" time="162.941" classname="com.TDCN_June23.tc.TC005_TDCNBasicDetails"/>
  <testcase name="basicDetails" time="159.264" classname="com.TDCN_June23.tc.TC005_TDCNBasicDetails"/>
  <testcase name="basicDetails" time="159.885" classname="com.TDCN_June23.tc.TC005_TDCNBasicDetails"/>
  <testcase name="basicDetails" time="162.781" classname="com.TDCN_June23.tc.TC005_TDCNBasicDetails"/>
  <testcase name="basicDetails" time="159.240" classname="com.TDCN_June23.tc.TC005_TDCNBasicDetails"/>
  <testcase name="basicDetails" time="159.958" classname="com.TDCN_June23.tc.TC005_TDCNBasicDetails"/>
  <testcase name="basicDetails" time="159.299" classname="com.TDCN_June23.tc.TC005_TDCNBasicDetails"/>
  <testcase name="basicDetails" time="159.354" classname="com.TDCN_June23.tc.TC005_TDCNBasicDetails"/>
  <testcase name="basicDetails" time="159.442" classname="com.TDCN_June23.tc.TC005_TDCNBasicDetails"/>
  <testcase name="basicDetails" time="159.788" classname="com.TDCN_June23.tc.TC005_TDCNBasicDetails"/>
  <testcase name="basicDetails" time="159.622" classname="com.TDCN_June23.tc.TC005_TDCNBasicDetails"/>
  <testcase name="basicDetails" time="159.406" classname="com.TDCN_June23.tc.TC005_TDCNBasicDetails"/>
  <testcase name="basicDetails" time="159.779" classname="com.TDCN_June23.tc.TC005_TDCNBasicDetails"/>
  <testcase name="basicDetails" time="163.143" classname="com.TDCN_June23.tc.TC005_TDCNBasicDetails"/>
  <testcase name="basicDetails" time="160.041" classname="com.TDCN_June23.tc.TC005_TDCNBasicDetails"/>
  <testcase name="basicDetails" time="160.001" classname="com.TDCN_June23.tc.TC005_TDCNBasicDetails"/>
  <testcase name="basicDetails" time="159.700" classname="com.TDCN_June23.tc.TC005_TDCNBasicDetails"/>
  <testcase name="basicDetails" time="160.178" classname="com.TDCN_June23.tc.TC005_TDCNBasicDetails"/>
  <testcase name="basicDetails" time="163.069" classname="com.TDCN_June23.tc.TC005_TDCNBasicDetails"/>
  <testcase name="basicDetails" time="162.927" classname="com.TDCN_June23.tc.TC005_TDCNBasicDetails"/>
  <testcase name="basicDetails" time="163.026" classname="com.TDCN_June23.tc.TC005_TDCNBasicDetails"/>
  <testcase name="basicDetails" time="162.640" classname="com.TDCN_June23.tc.TC005_TDCNBasicDetails"/>
  <testcase name="basicDetails" time="159.969" classname="com.TDCN_June23.tc.TC005_TDCNBasicDetails"/>
  <testcase name="basicDetails" time="159.386" classname="com.TDCN_June23.tc.TC005_TDCNBasicDetails"/>
  <testcase name="basicDetails" time="159.412" classname="com.TDCN_June23.tc.TC005_TDCNBasicDetails"/>
  <testcase name="basicDetails" time="158.658" classname="com.TDCN_June23.tc.TC005_TDCNBasicDetails"/>
  <testcase name="basicDetails" time="160.022" classname="com.TDCN_June23.tc.TC005_TDCNBasicDetails"/>
  <testcase name="basicDetails" time="163.042" classname="com.TDCN_June23.tc.TC005_TDCNBasicDetails"/>
  <testcase name="basicDetails" time="159.855" classname="com.TDCN_June23.tc.TC005_TDCNBasicDetails"/>
  <testcase name="basicDetails" time="159.782" classname="com.TDCN_June23.tc.TC005_TDCNBasicDetails"/>
  <testcase name="basicDetails" time="159.837" classname="com.TDCN_June23.tc.TC005_TDCNBasicDetails"/>
  <testcase name="basicDetails" time="160.123" classname="com.TDCN_June23.tc.TC005_TDCNBasicDetails"/>
  <testcase name="basicDetails" time="159.616" classname="com.TDCN_June23.tc.TC005_TDCNBasicDetails"/>
  <testcase name="basicDetails" time="163.039" classname="com.TDCN_June23.tc.TC005_TDCNBasicDetails"/>
  <testcase name="basicDetails" time="163.403" classname="com.TDCN_June23.tc.TC005_TDCNBasicDetails"/>
  <testcase name="basicDetails" time="159.596" classname="com.TDCN_June23.tc.TC005_TDCNBasicDetails"/>
  <testcase name="basicDetails" time="159.655" classname="com.TDCN_June23.tc.TC005_TDCNBasicDetails"/>
  <testcase name="basicDetails" time="160.020" classname="com.TDCN_June23.tc.TC005_TDCNBasicDetails"/>
  <testcase name="basicDetails" time="163.556" classname="com.TDCN_June23.tc.TC005_TDCNBasicDetails"/>
  <testcase name="basicDetails" time="163.353" classname="com.TDCN_June23.tc.TC005_TDCNBasicDetails"/>
  <testcase name="basicDetails" time="159.803" classname="com.TDCN_June23.tc.TC005_TDCNBasicDetails"/>
  <testcase name="basicDetails" time="163.002" classname="com.TDCN_June23.tc.TC005_TDCNBasicDetails"/>
  <testcase name="basicDetails" time="159.231" classname="com.TDCN_June23.tc.TC005_TDCNBasicDetails"/>
  <testcase name="basicDetails" time="159.863" classname="com.TDCN_June23.tc.TC005_TDCNBasicDetails"/>
  <testcase name="basicDetails" time="162.487" classname="com.TDCN_June23.tc.TC005_TDCNBasicDetails"/>
  <testcase name="basicDetails" time="160.595" classname="com.TDCN_June23.tc.TC005_TDCNBasicDetails"/>
  <testcase name="basicDetails" time="162.567" classname="com.TDCN_June23.tc.TC005_TDCNBasicDetails"/>
  <testcase name="basicDetails" time="159.826" classname="com.TDCN_June23.tc.TC005_TDCNBasicDetails"/>
  <testcase name="basicDetails" time="162.979" classname="com.TDCN_June23.tc.TC005_TDCNBasicDetails"/>
  <testcase name="basicDetails" time="159.740" classname="com.TDCN_June23.tc.TC005_TDCNBasicDetails"/>
  <testcase name="basicDetails" time="159.851" classname="com.TDCN_June23.tc.TC005_TDCNBasicDetails"/>
  <testcase name="basicDetails" time="158.476" classname="com.TDCN_June23.tc.TC005_TDCNBasicDetails"/>
  <testcase name="basicDetails" time="163.078" classname="com.TDCN_June23.tc.TC005_TDCNBasicDetails"/>
  <testcase name="basicDetails" time="158.338" classname="com.TDCN_June23.tc.TC005_TDCNBasicDetails"/>
  <testcase name="basicDetails" time="159.601" classname="com.TDCN_June23.tc.TC005_TDCNBasicDetails"/>
  <testcase name="basicDetails" time="162.947" classname="com.TDCN_June23.tc.TC005_TDCNBasicDetails"/>
  <testcase name="basicDetails" time="159.796" classname="com.TDCN_June23.tc.TC005_TDCNBasicDetails"/>
  <testcase name="basicDetails" time="159.716" classname="com.TDCN_June23.tc.TC005_TDCNBasicDetails"/>
  <testcase name="basicDetails" time="159.252" classname="com.TDCN_June23.tc.TC005_TDCNBasicDetails"/>
  <testcase name="basicDetails" time="163.237" classname="com.TDCN_June23.tc.TC005_TDCNBasicDetails"/>
  <testcase name="basicDetails" time="163.279" classname="com.TDCN_June23.tc.TC005_TDCNBasicDetails"/>
  <testcase name="basicDetails" time="159.525" classname="com.TDCN_June23.tc.TC005_TDCNBasicDetails"/>
  <testcase name="basicDetails" time="162.527" classname="com.TDCN_June23.tc.TC005_TDCNBasicDetails"/>
  <testcase name="basicDetails" time="163.643" classname="com.TDCN_June23.tc.TC005_TDCNBasicDetails"/>
  <testcase name="basicDetails" time="159.739" classname="com.TDCN_June23.tc.TC005_TDCNBasicDetails"/>
  <testcase name="basicDetails" time="159.585" classname="com.TDCN_June23.tc.TC005_TDCNBasicDetails"/>
  <testcase name="basicDetails" time="160.172" classname="com.TDCN_June23.tc.TC005_TDCNBasicDetails"/>
  <testcase name="basicDetails" time="162.877" classname="com.TDCN_June23.tc.TC005_TDCNBasicDetails"/>
</testsuite> <!-- com.TDCN_June23.tc.TC005_TDCNBasicDetails -->
