<?xml version="1.0" encoding="UTF-8"?>
<!-- Generated by org.testng.reporters.JUnitReportReporter -->
<testsuite hostname="MAA011253A" failures="0" tests="14" name="com.RBIJE.tc.TC004_RBIJEBasicDetails" time="1705.856" errors="0" timestamp="2021-01-27T10:10:10 IST" skipped="0">
  <testcase classname="com.RBIJE.tc.TC004_RBIJEBasicDetails" name="basicDetails" time="121.460"/>
  <testcase classname="com.RBIJE.tc.TC004_RBIJEBasicDetails" name="basicDetails" time="121.272"/>
  <testcase classname="com.RBIJE.tc.TC004_RBIJEBasicDetails" name="basicDetails" time="130.291"/>
  <testcase classname="com.RBIJE.tc.TC004_RBIJEBasicDetails" name="basicDetails" time="120.989"/>
  <testcase classname="com.RBIJE.tc.TC004_RBIJEBasicDetails" name="basicDetails" time="121.665"/>
  <testcase classname="com.RBIJE.tc.TC004_RBIJEBasicDetails" name="basicDetails" time="121.066"/>
  <testcase classname="com.RBIJE.tc.TC004_RBIJEBasicDetails" name="basicDetails" time="121.170"/>
  <testcase classname="com.RBIJE.tc.TC004_RBIJEBasicDetails" name="basicDetails" time="121.525"/>
  <testcase classname="com.RBIJE.tc.TC004_RBIJEBasicDetails" name="basicDetails" time="120.853"/>
  <testcase classname="com.RBIJE.tc.TC004_RBIJEBasicDetails" name="basicDetails" time="121.176"/>
  <testcase classname="com.RBIJE.tc.TC004_RBIJEBasicDetails" name="basicDetails" time="121.283"/>
  <testcase classname="com.RBIJE.tc.TC004_RBIJEBasicDetails" name="basicDetails" time="121.024"/>
  <testcase classname="com.RBIJE.tc.TC004_RBIJEBasicDetails" name="basicDetails" time="121.331"/>
  <testcase classname="com.RBIJE.tc.TC004_RBIJEBasicDetails" name="basicDetails" time="120.751"/>
</testsuite> <!-- com.RBIJE.tc.TC004_RBIJEBasicDetails -->
