<?xml version="1.0" encoding="UTF-8"?>
<!-- Generated by org.testng.reporters.JUnitReportReporter -->
<testsuite hostname="MAA011253A" failures="0" tests="21" name="com.EXIM.tc.TC004_EXIMBasicDetails" time="2311.192" errors="1" timestamp="2020-12-15T11:59:05 IST" skipped="0">
  <testcase classname="com.EXIM.tc.TC004_EXIMBasicDetails" name="basicDetails" time="115.253"/>
  <testcase classname="com.EXIM.tc.TC004_EXIMBasicDetails" name="basicDetails" time="114.997"/>
  <testcase classname="com.EXIM.tc.TC004_EXIMBasicDetails" name="basicDetails" time="114.976"/>
  <testcase classname="com.EXIM.tc.TC004_EXIMBasicDetails" name="basicDetails" time="115.470"/>
  <testcase classname="com.EXIM.tc.TC004_EXIMBasicDetails" name="basicDetails" time="115.031"/>
  <testcase classname="com.EXIM.tc.TC004_EXIMBasicDetails" name="basicDetails" time="115.244"/>
  <testcase classname="com.EXIM.tc.TC004_EXIMBasicDetails" name="basicDetails" time="115.247"/>
  <testcase classname="com.EXIM.tc.TC004_EXIMBasicDetails" name="basicDetails" time="116.232"/>
  <testcase classname="com.EXIM.tc.TC004_EXIMBasicDetails" name="basicDetails" time="114.833"/>
  <testcase classname="com.EXIM.tc.TC004_EXIMBasicDetails" name="basicDetails" time="115.794"/>
  <testcase classname="com.EXIM.tc.TC004_EXIMBasicDetails" name="basicDetails" time="115.019"/>
  <testcase classname="com.EXIM.tc.TC004_EXIMBasicDetails" name="basicDetails" time="116.233"/>
  <testcase classname="com.EXIM.tc.TC004_EXIMBasicDetails" name="basicDetails" time="115.216"/>
  <testcase classname="com.EXIM.tc.TC004_EXIMBasicDetails" name="basicDetails" time="115.168"/>
  <testcase classname="com.EXIM.tc.TC004_EXIMBasicDetails" name="basicDetails" time="115.503"/>
  <testcase classname="com.EXIM.tc.TC004_EXIMBasicDetails" name="basicDetails" time="115.330"/>
  <testcase classname="com.EXIM.tc.TC004_EXIMBasicDetails" name="basicDetails" time="115.232"/>
  <testcase classname="com.EXIM.tc.TC004_EXIMBasicDetails" name="basicDetails" time="117.445"/>
  <testcase classname="com.EXIM.tc.TC004_EXIMBasicDetails" name="basicDetails" time="115.733"/>
  <testcase classname="com.EXIM.tc.TC004_EXIMBasicDetails" name="afterClass" time="1.581">
    <error type="java.lang.NullPointerException">
      <![CDATA[java.lang.NullPointerException
at lib.utils.HTMLReporter.reportStep(HTMLReporter.java:73)
at lib.selenium.WebDriverServiceImpl.closeAllBrowsers(WebDriverServiceImpl.java:495)
at lib.selenium.PreAndPost.afterClass(PreAndPost.java:72)
at java.base/jdk.internal.reflect.NativeMethodAccessorImpl.invoke0(Native Method)
at java.base/jdk.internal.reflect.NativeMethodAccessorImpl.invoke(Unknown Source)
at java.base/jdk.internal.reflect.DelegatingMethodAccessorImpl.invoke(Unknown Source)
at java.base/java.lang.reflect.Method.invoke(Unknown Source)
at org.testng.internal.MethodInvocationHelper.invokeMethod(MethodInvocationHelper.java:133)
at org.testng.internal.MethodInvocationHelper.invokeMethodConsideringTimeout(MethodInvocationHelper.java:62)
at org.testng.internal.ConfigInvoker.invokeConfigurationMethod(ConfigInvoker.java:340)
at org.testng.internal.ConfigInvoker.invokeConfigurations(ConfigInvoker.java:294)
at org.testng.internal.TestMethodWorker.invokeAfterClassMethods(TestMethodWorker.java:217)
at org.testng.internal.TestMethodWorker.run(TestMethodWorker.java:130)
at java.base/java.util.concurrent.ThreadPoolExecutor.runWorker(Unknown Source)
at java.base/java.util.concurrent.ThreadPoolExecutor$Worker.run(Unknown Source)
at java.base/java.lang.Thread.run(Unknown Source)
]]>
    </error>
  </testcase> <!-- afterClass -->
  <testcase classname="com.EXIM.tc.TC004_EXIMBasicDetails" name="basicDetails" time="115.655"/>
</testsuite> <!-- com.EXIM.tc.TC004_EXIMBasicDetails -->
