<?xml version="1.0" encoding="UTF-8"?>
<!-- Generated by org.testng.reporters.JUnitReportReporter -->
<testsuite skipped="0" hostname="MAA014482B" name="com.MAHAGEN_16Nov22.tc.TC002_MAHAGENBasicDetails" tests="24" failures="0" timestamp="2022-11-16T17:59:48 IST" time="3781.112" errors="0">
  <testcase name="basicDetails" time="157.702" classname="com.MAHAGEN_16Nov22.tc.TC002_MAHAGENBasicDetails"/>
  <testcase name="basicDetails" time="157.788" classname="com.MAHAGEN_16Nov22.tc.TC002_MAHAGENBasicDetails"/>
  <testcase name="basicDetails" time="157.731" classname="com.MAHAGEN_16Nov22.tc.TC002_MAHAGENBasicDetails"/>
  <testcase name="basicDetails" time="158.803" classname="com.MAHAGEN_16Nov22.tc.TC002_MAHAGENBasicDetails"/>
  <testcase name="basicDetails" time="157.880" classname="com.MAHAGEN_16Nov22.tc.TC002_MAHAGENBasicDetails"/>
  <testcase name="basicDetails" time="156.745" classname="com.MAHAGEN_16Nov22.tc.TC002_MAHAGENBasicDetails"/>
  <testcase name="basicDetails" time="156.177" classname="com.MAHAGEN_16Nov22.tc.TC002_MAHAGENBasicDetails"/>
  <testcase name="basicDetails" time="157.631" classname="com.MAHAGEN_16Nov22.tc.TC002_MAHAGENBasicDetails"/>
  <testcase name="basicDetails" time="156.235" classname="com.MAHAGEN_16Nov22.tc.TC002_MAHAGENBasicDetails"/>
  <testcase name="basicDetails" time="158.150" classname="com.MAHAGEN_16Nov22.tc.TC002_MAHAGENBasicDetails"/>
  <testcase name="basicDetails" time="158.003" classname="com.MAHAGEN_16Nov22.tc.TC002_MAHAGENBasicDetails"/>
  <testcase name="basicDetails" time="157.887" classname="com.MAHAGEN_16Nov22.tc.TC002_MAHAGENBasicDetails"/>
  <testcase name="basicDetails" time="158.528" classname="com.MAHAGEN_16Nov22.tc.TC002_MAHAGENBasicDetails"/>
  <testcase name="basicDetails" time="157.844" classname="com.MAHAGEN_16Nov22.tc.TC002_MAHAGENBasicDetails"/>
  <testcase name="basicDetails" time="156.255" classname="com.MAHAGEN_16Nov22.tc.TC002_MAHAGENBasicDetails"/>
  <testcase name="basicDetails" time="157.985" classname="com.MAHAGEN_16Nov22.tc.TC002_MAHAGENBasicDetails"/>
  <testcase name="basicDetails" time="158.238" classname="com.MAHAGEN_16Nov22.tc.TC002_MAHAGENBasicDetails"/>
  <testcase name="basicDetails" time="157.825" classname="com.MAHAGEN_16Nov22.tc.TC002_MAHAGENBasicDetails"/>
  <testcase name="basicDetails" time="158.191" classname="com.MAHAGEN_16Nov22.tc.TC002_MAHAGENBasicDetails"/>
  <testcase name="basicDetails" time="157.992" classname="com.MAHAGEN_16Nov22.tc.TC002_MAHAGENBasicDetails"/>
  <testcase name="basicDetails" time="156.120" classname="com.MAHAGEN_16Nov22.tc.TC002_MAHAGENBasicDetails"/>
  <testcase name="basicDetails" time="156.870" classname="com.MAHAGEN_16Nov22.tc.TC002_MAHAGENBasicDetails"/>
  <testcase name="basicDetails" time="156.406" classname="com.MAHAGEN_16Nov22.tc.TC002_MAHAGENBasicDetails"/>
  <testcase name="basicDetails" time="158.126" classname="com.MAHAGEN_16Nov22.tc.TC002_MAHAGENBasicDetails"/>
</testsuite> <!-- com.MAHAGEN_16Nov22.tc.TC002_MAHAGENBasicDetails -->
