<?xml version="1.0" encoding="UTF-8"?>
<!-- Generated by org.testng.reporters.JUnitReportReporter -->
<testsuite skipped="0" hostname="MAA014482B" name="com.SBI_20July22.tc.TC003_SBIBasicDetails" tests="124" failures="0" timestamp="2022-07-29T02:06:47 IST" time="16160.756" errors="0">
  <testcase name="basicDetails" time="127.637" classname="com.SBI_20July22.tc.TC003_SBIBasicDetails"/>
  <testcase name="basicDetails" time="134.839" classname="com.SBI_20July22.tc.TC003_SBIBasicDetails"/>
  <testcase name="basicDetails" time="127.493" classname="com.SBI_20July22.tc.TC003_SBIBasicDetails"/>
  <testcase name="basicDetails" time="130.766" classname="com.SBI_20July22.tc.TC003_SBIBasicDetails"/>
  <testcase name="basicDetails" time="135.112" classname="com.SBI_20July22.tc.TC003_SBIBasicDetails"/>
  <testcase name="basicDetails" time="130.731" classname="com.SBI_20July22.tc.TC003_SBIBasicDetails"/>
  <testcase name="basicDetails" time="135.286" classname="com.SBI_20July22.tc.TC003_SBIBasicDetails"/>
  <testcase name="basicDetails" time="131.954" classname="com.SBI_20July22.tc.TC003_SBIBasicDetails"/>
  <testcase name="basicDetails" time="135.363" classname="com.SBI_20July22.tc.TC003_SBIBasicDetails"/>
  <testcase name="basicDetails" time="127.636" classname="com.SBI_20July22.tc.TC003_SBIBasicDetails"/>
  <testcase name="basicDetails" time="130.733" classname="com.SBI_20July22.tc.TC003_SBIBasicDetails"/>
  <testcase name="basicDetails" time="130.714" classname="com.SBI_20July22.tc.TC003_SBIBasicDetails"/>
  <testcase name="basicDetails" time="127.607" classname="com.SBI_20July22.tc.TC003_SBIBasicDetails"/>
  <testcase name="basicDetails" time="131.453" classname="com.SBI_20July22.tc.TC003_SBIBasicDetails"/>
  <testcase name="basicDetails" time="130.897" classname="com.SBI_20July22.tc.TC003_SBIBasicDetails"/>
  <testcase name="basicDetails" time="127.513" classname="com.SBI_20July22.tc.TC003_SBIBasicDetails"/>
  <testcase name="basicDetails" time="134.962" classname="com.SBI_20July22.tc.TC003_SBIBasicDetails"/>
  <testcase name="basicDetails" time="131.466" classname="com.SBI_20July22.tc.TC003_SBIBasicDetails"/>
  <testcase name="basicDetails" time="127.701" classname="com.SBI_20July22.tc.TC003_SBIBasicDetails"/>
  <testcase name="basicDetails" time="131.104" classname="com.SBI_20July22.tc.TC003_SBIBasicDetails"/>
  <testcase name="basicDetails" time="135.144" classname="com.SBI_20July22.tc.TC003_SBIBasicDetails"/>
  <testcase name="basicDetails" time="127.276" classname="com.SBI_20July22.tc.TC003_SBIBasicDetails"/>
  <testcase name="basicDetails" time="130.449" classname="com.SBI_20July22.tc.TC003_SBIBasicDetails"/>
  <testcase name="basicDetails" time="127.659" classname="com.SBI_20July22.tc.TC003_SBIBasicDetails"/>
  <testcase name="basicDetails" time="127.546" classname="com.SBI_20July22.tc.TC003_SBIBasicDetails"/>
  <testcase name="basicDetails" time="127.437" classname="com.SBI_20July22.tc.TC003_SBIBasicDetails"/>
  <testcase name="basicDetails" time="131.646" classname="com.SBI_20July22.tc.TC003_SBIBasicDetails"/>
  <testcase name="basicDetails" time="131.078" classname="com.SBI_20July22.tc.TC003_SBIBasicDetails"/>
  <testcase name="basicDetails" time="130.960" classname="com.SBI_20July22.tc.TC003_SBIBasicDetails"/>
  <testcase name="basicDetails" time="128.230" classname="com.SBI_20July22.tc.TC003_SBIBasicDetails"/>
  <testcase name="basicDetails" time="131.194" classname="com.SBI_20July22.tc.TC003_SBIBasicDetails"/>
  <testcase name="basicDetails" time="130.672" classname="com.SBI_20July22.tc.TC003_SBIBasicDetails"/>
  <testcase name="basicDetails" time="131.794" classname="com.SBI_20July22.tc.TC003_SBIBasicDetails"/>
  <testcase name="basicDetails" time="130.566" classname="com.SBI_20July22.tc.TC003_SBIBasicDetails"/>
  <testcase name="basicDetails" time="131.039" classname="com.SBI_20July22.tc.TC003_SBIBasicDetails"/>
  <testcase name="basicDetails" time="130.833" classname="com.SBI_20July22.tc.TC003_SBIBasicDetails"/>
  <testcase name="basicDetails" time="130.852" classname="com.SBI_20July22.tc.TC003_SBIBasicDetails"/>
  <testcase name="basicDetails" time="127.359" classname="com.SBI_20July22.tc.TC003_SBIBasicDetails"/>
  <testcase name="basicDetails" time="131.619" classname="com.SBI_20July22.tc.TC003_SBIBasicDetails"/>
  <testcase name="basicDetails" time="127.460" classname="com.SBI_20July22.tc.TC003_SBIBasicDetails"/>
  <testcase name="basicDetails" time="127.877" classname="com.SBI_20July22.tc.TC003_SBIBasicDetails"/>
  <testcase name="basicDetails" time="128.000" classname="com.SBI_20July22.tc.TC003_SBIBasicDetails"/>
  <testcase name="basicDetails" time="130.530" classname="com.SBI_20July22.tc.TC003_SBIBasicDetails"/>
  <testcase name="basicDetails" time="131.926" classname="com.SBI_20July22.tc.TC003_SBIBasicDetails"/>
  <testcase name="basicDetails" time="127.687" classname="com.SBI_20July22.tc.TC003_SBIBasicDetails"/>
  <testcase name="basicDetails" time="130.900" classname="com.SBI_20July22.tc.TC003_SBIBasicDetails"/>
  <testcase name="basicDetails" time="127.703" classname="com.SBI_20July22.tc.TC003_SBIBasicDetails"/>
  <testcase name="basicDetails" time="130.555" classname="com.SBI_20July22.tc.TC003_SBIBasicDetails"/>
  <testcase name="basicDetails" time="130.769" classname="com.SBI_20July22.tc.TC003_SBIBasicDetails"/>
  <testcase name="basicDetails" time="127.480" classname="com.SBI_20July22.tc.TC003_SBIBasicDetails"/>
  <testcase name="basicDetails" time="135.124" classname="com.SBI_20July22.tc.TC003_SBIBasicDetails"/>
  <testcase name="basicDetails" time="127.359" classname="com.SBI_20July22.tc.TC003_SBIBasicDetails"/>
  <testcase name="basicDetails" time="127.708" classname="com.SBI_20July22.tc.TC003_SBIBasicDetails"/>
  <testcase name="basicDetails" time="130.747" classname="com.SBI_20July22.tc.TC003_SBIBasicDetails"/>
  <testcase name="basicDetails" time="127.638" classname="com.SBI_20July22.tc.TC003_SBIBasicDetails"/>
  <testcase name="basicDetails" time="131.114" classname="com.SBI_20July22.tc.TC003_SBIBasicDetails"/>
  <testcase name="basicDetails" time="130.725" classname="com.SBI_20July22.tc.TC003_SBIBasicDetails"/>
  <testcase name="basicDetails" time="127.615" classname="com.SBI_20July22.tc.TC003_SBIBasicDetails"/>
  <testcase name="basicDetails" time="131.682" classname="com.SBI_20July22.tc.TC003_SBIBasicDetails"/>
  <testcase name="basicDetails" time="131.712" classname="com.SBI_20July22.tc.TC003_SBIBasicDetails"/>
  <testcase name="basicDetails" time="131.489" classname="com.SBI_20July22.tc.TC003_SBIBasicDetails"/>
  <testcase name="basicDetails" time="130.504" classname="com.SBI_20July22.tc.TC003_SBIBasicDetails"/>
  <testcase name="basicDetails" time="127.899" classname="com.SBI_20July22.tc.TC003_SBIBasicDetails"/>
  <testcase name="basicDetails" time="127.722" classname="com.SBI_20July22.tc.TC003_SBIBasicDetails"/>
  <testcase name="basicDetails" time="131.172" classname="com.SBI_20July22.tc.TC003_SBIBasicDetails"/>
  <testcase name="basicDetails" time="134.628" classname="com.SBI_20July22.tc.TC003_SBIBasicDetails"/>
  <testcase name="basicDetails" time="131.543" classname="com.SBI_20July22.tc.TC003_SBIBasicDetails"/>
  <testcase name="basicDetails" time="131.633" classname="com.SBI_20July22.tc.TC003_SBIBasicDetails"/>
  <testcase name="basicDetails" time="127.445" classname="com.SBI_20July22.tc.TC003_SBIBasicDetails"/>
  <testcase name="basicDetails" time="130.927" classname="com.SBI_20July22.tc.TC003_SBIBasicDetails"/>
  <testcase name="basicDetails" time="127.623" classname="com.SBI_20July22.tc.TC003_SBIBasicDetails"/>
  <testcase name="basicDetails" time="127.580" classname="com.SBI_20July22.tc.TC003_SBIBasicDetails"/>
  <testcase name="basicDetails" time="131.791" classname="com.SBI_20July22.tc.TC003_SBIBasicDetails"/>
  <testcase name="basicDetails" time="127.428" classname="com.SBI_20July22.tc.TC003_SBIBasicDetails"/>
  <testcase name="basicDetails" time="127.522" classname="com.SBI_20July22.tc.TC003_SBIBasicDetails"/>
  <testcase name="basicDetails" time="130.629" classname="com.SBI_20July22.tc.TC003_SBIBasicDetails"/>
  <testcase name="basicDetails" time="129.124" classname="com.SBI_20July22.tc.TC003_SBIBasicDetails"/>
  <testcase name="basicDetails" time="130.940" classname="com.SBI_20July22.tc.TC003_SBIBasicDetails"/>
  <testcase name="basicDetails" time="131.039" classname="com.SBI_20July22.tc.TC003_SBIBasicDetails"/>
  <testcase name="basicDetails" time="127.493" classname="com.SBI_20July22.tc.TC003_SBIBasicDetails"/>
  <testcase name="basicDetails" time="131.955" classname="com.SBI_20July22.tc.TC003_SBIBasicDetails"/>
  <testcase name="basicDetails" time="130.752" classname="com.SBI_20July22.tc.TC003_SBIBasicDetails"/>
  <testcase name="basicDetails" time="127.348" classname="com.SBI_20July22.tc.TC003_SBIBasicDetails"/>
  <testcase name="basicDetails" time="127.694" classname="com.SBI_20July22.tc.TC003_SBIBasicDetails"/>
  <testcase name="basicDetails" time="127.435" classname="com.SBI_20July22.tc.TC003_SBIBasicDetails"/>
  <testcase name="basicDetails" time="130.698" classname="com.SBI_20July22.tc.TC003_SBIBasicDetails"/>
  <testcase name="basicDetails" time="131.025" classname="com.SBI_20July22.tc.TC003_SBIBasicDetails"/>
  <testcase name="basicDetails" time="131.122" classname="com.SBI_20July22.tc.TC003_SBIBasicDetails"/>
  <testcase name="basicDetails" time="131.173" classname="com.SBI_20July22.tc.TC003_SBIBasicDetails"/>
  <testcase name="basicDetails" time="131.171" classname="com.SBI_20July22.tc.TC003_SBIBasicDetails"/>
  <testcase name="basicDetails" time="131.450" classname="com.SBI_20July22.tc.TC003_SBIBasicDetails"/>
  <testcase name="basicDetails" time="128.240" classname="com.SBI_20July22.tc.TC003_SBIBasicDetails"/>
  <testcase name="basicDetails" time="134.889" classname="com.SBI_20July22.tc.TC003_SBIBasicDetails"/>
  <testcase name="basicDetails" time="131.038" classname="com.SBI_20July22.tc.TC003_SBIBasicDetails"/>
  <testcase name="basicDetails" time="135.241" classname="com.SBI_20July22.tc.TC003_SBIBasicDetails"/>
  <testcase name="basicDetails" time="127.379" classname="com.SBI_20July22.tc.TC003_SBIBasicDetails"/>
  <testcase name="basicDetails" time="130.895" classname="com.SBI_20July22.tc.TC003_SBIBasicDetails"/>
  <testcase name="basicDetails" time="130.950" classname="com.SBI_20July22.tc.TC003_SBIBasicDetails"/>
  <testcase name="basicDetails" time="130.499" classname="com.SBI_20July22.tc.TC003_SBIBasicDetails"/>
  <testcase name="basicDetails" time="135.071" classname="com.SBI_20July22.tc.TC003_SBIBasicDetails"/>
  <testcase name="basicDetails" time="127.495" classname="com.SBI_20July22.tc.TC003_SBIBasicDetails"/>
  <testcase name="basicDetails" time="131.937" classname="com.SBI_20July22.tc.TC003_SBIBasicDetails"/>
  <testcase name="basicDetails" time="127.670" classname="com.SBI_20July22.tc.TC003_SBIBasicDetails"/>
  <testcase name="basicDetails" time="127.454" classname="com.SBI_20July22.tc.TC003_SBIBasicDetails"/>
  <testcase name="basicDetails" time="127.711" classname="com.SBI_20July22.tc.TC003_SBIBasicDetails"/>
  <testcase name="basicDetails" time="130.760" classname="com.SBI_20July22.tc.TC003_SBIBasicDetails"/>
  <testcase name="basicDetails" time="131.358" classname="com.SBI_20July22.tc.TC003_SBIBasicDetails"/>
  <testcase name="basicDetails" time="131.164" classname="com.SBI_20July22.tc.TC003_SBIBasicDetails"/>
  <testcase name="basicDetails" time="131.072" classname="com.SBI_20July22.tc.TC003_SBIBasicDetails"/>
  <testcase name="basicDetails" time="131.234" classname="com.SBI_20July22.tc.TC003_SBIBasicDetails"/>
  <testcase name="basicDetails" time="132.195" classname="com.SBI_20July22.tc.TC003_SBIBasicDetails"/>
  <testcase name="basicDetails" time="127.583" classname="com.SBI_20July22.tc.TC003_SBIBasicDetails"/>
  <testcase name="basicDetails" time="130.949" classname="com.SBI_20July22.tc.TC003_SBIBasicDetails"/>
  <testcase name="basicDetails" time="134.888" classname="com.SBI_20July22.tc.TC003_SBIBasicDetails"/>
  <testcase name="basicDetails" time="135.157" classname="com.SBI_20July22.tc.TC003_SBIBasicDetails"/>
  <testcase name="basicDetails" time="127.522" classname="com.SBI_20July22.tc.TC003_SBIBasicDetails"/>
  <testcase name="basicDetails" time="127.931" classname="com.SBI_20July22.tc.TC003_SBIBasicDetails"/>
  <testcase name="basicDetails" time="130.832" classname="com.SBI_20July22.tc.TC003_SBIBasicDetails"/>
  <testcase name="basicDetails" time="131.097" classname="com.SBI_20July22.tc.TC003_SBIBasicDetails"/>
  <testcase name="basicDetails" time="134.871" classname="com.SBI_20July22.tc.TC003_SBIBasicDetails"/>
  <testcase name="basicDetails" time="131.132" classname="com.SBI_20July22.tc.TC003_SBIBasicDetails"/>
  <testcase name="basicDetails" time="127.662" classname="com.SBI_20July22.tc.TC003_SBIBasicDetails"/>
  <testcase name="basicDetails" time="127.257" classname="com.SBI_20July22.tc.TC003_SBIBasicDetails"/>
  <testcase name="basicDetails" time="135.038" classname="com.SBI_20July22.tc.TC003_SBIBasicDetails"/>
</testsuite> <!-- com.SBI_20July22.tc.TC003_SBIBasicDetails -->
