<?xml version="1.0" encoding="UTF-8"?>
<!-- Generated by org.testng.reporters.JUnitReportReporter -->
<testsuite hostname="MAA011253A" failures="0" tests="12" name="com.NPS.tc.TC003_NPSBasicDetails" time="1392.056" errors="0" timestamp="2020-12-23T18:05:03 IST" skipped="0">
  <testcase classname="com.NPS.tc.TC003_NPSBasicDetails" name="basicDetails" time="115.716"/>
  <testcase classname="com.NPS.tc.TC003_NPSBasicDetails" name="basicDetails" time="115.349"/>
  <testcase classname="com.NPS.tc.TC003_NPSBasicDetails" name="basicDetails" time="116.463"/>
  <testcase classname="com.NPS.tc.TC003_NPSBasicDetails" name="basicDetails" time="115.958"/>
  <testcase classname="com.NPS.tc.TC003_NPSBasicDetails" name="basicDetails" time="115.373"/>
  <testcase classname="com.NPS.tc.TC003_NPSBasicDetails" name="basicDetails" time="116.530"/>
  <testcase classname="com.NPS.tc.TC003_NPSBasicDetails" name="basicDetails" time="115.810"/>
  <testcase classname="com.NPS.tc.TC003_NPSBasicDetails" name="basicDetails" time="115.941"/>
  <testcase classname="com.NPS.tc.TC003_NPSBasicDetails" name="basicDetails" time="116.093"/>
  <testcase classname="com.NPS.tc.TC003_NPSBasicDetails" name="basicDetails" time="116.177"/>
  <testcase classname="com.NPS.tc.TC003_NPSBasicDetails" name="basicDetails" time="116.687"/>
  <testcase classname="com.NPS.tc.TC003_NPSBasicDetails" name="basicDetails" time="115.959"/>
</testsuite> <!-- com.NPS.tc.TC003_NPSBasicDetails -->
