<?xml version="1.0" encoding="UTF-8"?>
<!-- Generated by org.testng.reporters.JUnitReportReporter -->
<testsuite skipped="0" hostname="MAA014482B" name="com.SBI_14Nov22.tc.TC002_SBIBasicDetails" tests="20" failures="0" timestamp="2022-11-14T13:44:47 IST" time="3246.003" errors="0">
  <testcase name="basicDetails" time="161.926" classname="com.SBI_14Nov22.tc.TC002_SBIBasicDetails"/>
  <testcase name="basicDetails" time="161.876" classname="com.SBI_14Nov22.tc.TC002_SBIBasicDetails"/>
  <testcase name="basicDetails" time="161.288" classname="com.SBI_14Nov22.tc.TC002_SBIBasicDetails"/>
  <testcase name="basicDetails" time="161.697" classname="com.SBI_14Nov22.tc.TC002_SBIBasicDetails"/>
  <testcase name="basicDetails" time="163.018" classname="com.SBI_14Nov22.tc.TC002_SBIBasicDetails"/>
  <testcase name="basicDetails" time="162.625" classname="com.SBI_14Nov22.tc.TC002_SBIBasicDetails"/>
  <testcase name="basicDetails" time="160.634" classname="com.SBI_14Nov22.tc.TC002_SBIBasicDetails"/>
  <testcase name="basicDetails" time="161.798" classname="com.SBI_14Nov22.tc.TC002_SBIBasicDetails"/>
  <testcase name="basicDetails" time="161.967" classname="com.SBI_14Nov22.tc.TC002_SBIBasicDetails"/>
  <testcase name="basicDetails" time="161.766" classname="com.SBI_14Nov22.tc.TC002_SBIBasicDetails"/>
  <testcase name="basicDetails" time="168.756" classname="com.SBI_14Nov22.tc.TC002_SBIBasicDetails"/>
  <testcase name="basicDetails" time="162.081" classname="com.SBI_14Nov22.tc.TC002_SBIBasicDetails"/>
  <testcase name="basicDetails" time="161.866" classname="com.SBI_14Nov22.tc.TC002_SBIBasicDetails"/>
  <testcase name="basicDetails" time="163.095" classname="com.SBI_14Nov22.tc.TC002_SBIBasicDetails"/>
  <testcase name="basicDetails" time="163.139" classname="com.SBI_14Nov22.tc.TC002_SBIBasicDetails"/>
  <testcase name="basicDetails" time="160.487" classname="com.SBI_14Nov22.tc.TC002_SBIBasicDetails"/>
  <testcase name="basicDetails" time="160.687" classname="com.SBI_14Nov22.tc.TC002_SBIBasicDetails"/>
  <testcase name="basicDetails" time="163.265" classname="com.SBI_14Nov22.tc.TC002_SBIBasicDetails"/>
  <testcase name="basicDetails" time="161.915" classname="com.SBI_14Nov22.tc.TC002_SBIBasicDetails"/>
  <testcase name="basicDetails" time="162.117" classname="com.SBI_14Nov22.tc.TC002_SBIBasicDetails"/>
</testsuite> <!-- com.SBI_14Nov22.tc.TC002_SBIBasicDetails -->
