<?xml version="1.0" encoding="UTF-8"?>
<!-- Generated by org.testng.reporters.JUnitReportReporter -->
<testsuite skipped="0" hostname="MAA014482B" name="com.SPMCIL_May23.tc.TC001_SPMCILBasicDetails" tests="146" failures="0" timestamp="2023-06-29T06:36:40 IST" time="23063.615" errors="1">
  <testcase name="basicDetails" time="157.940" classname="com.SPMCIL_May23.tc.TC001_SPMCILBasicDetails"/>
  <testcase name="basicDetails" time="157.982" classname="com.SPMCIL_May23.tc.TC001_SPMCILBasicDetails"/>
  <testcase name="basicDetails" time="158.637" classname="com.SPMCIL_May23.tc.TC001_SPMCILBasicDetails"/>
  <testcase name="basicDetails" time="158.057" classname="com.SPMCIL_May23.tc.TC001_SPMCILBasicDetails"/>
  <testcase name="basicDetails" time="158.146" classname="com.SPMCIL_May23.tc.TC001_SPMCILBasicDetails"/>
  <testcase name="basicDetails" time="157.898" classname="com.SPMCIL_May23.tc.TC001_SPMCILBasicDetails"/>
  <testcase name="basicDetails" time="158.157" classname="com.SPMCIL_May23.tc.TC001_SPMCILBasicDetails"/>
  <testcase name="basicDetails" time="158.301" classname="com.SPMCIL_May23.tc.TC001_SPMCILBasicDetails"/>
  <testcase name="basicDetails" time="158.182" classname="com.SPMCIL_May23.tc.TC001_SPMCILBasicDetails"/>
  <testcase name="basicDetails" time="158.216" classname="com.SPMCIL_May23.tc.TC001_SPMCILBasicDetails"/>
  <testcase name="basicDetails" time="158.312" classname="com.SPMCIL_May23.tc.TC001_SPMCILBasicDetails"/>
  <testcase name="basicDetails" time="157.926" classname="com.SPMCIL_May23.tc.TC001_SPMCILBasicDetails"/>
  <testcase name="basicDetails" time="157.762" classname="com.SPMCIL_May23.tc.TC001_SPMCILBasicDetails"/>
  <testcase name="basicDetails" time="158.041" classname="com.SPMCIL_May23.tc.TC001_SPMCILBasicDetails"/>
  <testcase name="basicDetails" time="158.270" classname="com.SPMCIL_May23.tc.TC001_SPMCILBasicDetails"/>
  <testcase name="basicDetails" time="158.016" classname="com.SPMCIL_May23.tc.TC001_SPMCILBasicDetails"/>
  <testcase name="basicDetails" time="157.945" classname="com.SPMCIL_May23.tc.TC001_SPMCILBasicDetails"/>
  <testcase name="basicDetails" time="158.504" classname="com.SPMCIL_May23.tc.TC001_SPMCILBasicDetails"/>
  <testcase name="basicDetails" time="157.919" classname="com.SPMCIL_May23.tc.TC001_SPMCILBasicDetails"/>
  <testcase name="basicDetails" time="158.260" classname="com.SPMCIL_May23.tc.TC001_SPMCILBasicDetails"/>
  <testcase name="basicDetails" time="165.115" classname="com.SPMCIL_May23.tc.TC001_SPMCILBasicDetails"/>
  <testcase name="basicDetails" time="158.431" classname="com.SPMCIL_May23.tc.TC001_SPMCILBasicDetails"/>
  <testcase name="basicDetails" time="158.200" classname="com.SPMCIL_May23.tc.TC001_SPMCILBasicDetails"/>
  <testcase name="basicDetails" time="158.046" classname="com.SPMCIL_May23.tc.TC001_SPMCILBasicDetails"/>
  <testcase name="basicDetails" time="158.313" classname="com.SPMCIL_May23.tc.TC001_SPMCILBasicDetails"/>
  <testcase name="basicDetails" time="158.257" classname="com.SPMCIL_May23.tc.TC001_SPMCILBasicDetails"/>
  <testcase name="basicDetails" time="185.915" classname="com.SPMCIL_May23.tc.TC001_SPMCILBasicDetails"/>
  <testcase name="basicDetails" time="158.218" classname="com.SPMCIL_May23.tc.TC001_SPMCILBasicDetails"/>
  <testcase name="basicDetails" time="158.030" classname="com.SPMCIL_May23.tc.TC001_SPMCILBasicDetails"/>
  <testcase name="basicDetails" time="158.231" classname="com.SPMCIL_May23.tc.TC001_SPMCILBasicDetails"/>
  <testcase name="basicDetails" time="157.848" classname="com.SPMCIL_May23.tc.TC001_SPMCILBasicDetails"/>
  <testcase name="basicDetails" time="157.850" classname="com.SPMCIL_May23.tc.TC001_SPMCILBasicDetails"/>
  <testcase name="basicDetails" time="158.387" classname="com.SPMCIL_May23.tc.TC001_SPMCILBasicDetails"/>
  <testcase name="basicDetails" time="158.126" classname="com.SPMCIL_May23.tc.TC001_SPMCILBasicDetails"/>
  <testcase name="basicDetails" time="158.472" classname="com.SPMCIL_May23.tc.TC001_SPMCILBasicDetails"/>
  <testcase name="basicDetails" time="185.922" classname="com.SPMCIL_May23.tc.TC001_SPMCILBasicDetails"/>
  <testcase name="basicDetails" time="158.292" classname="com.SPMCIL_May23.tc.TC001_SPMCILBasicDetails"/>
  <testcase name="basicDetails" time="158.163" classname="com.SPMCIL_May23.tc.TC001_SPMCILBasicDetails"/>
  <testcase name="basicDetails" time="158.106" classname="com.SPMCIL_May23.tc.TC001_SPMCILBasicDetails"/>
  <testcase name="basicDetails" time="158.167" classname="com.SPMCIL_May23.tc.TC001_SPMCILBasicDetails"/>
  <testcase name="basicDetails" time="158.097" classname="com.SPMCIL_May23.tc.TC001_SPMCILBasicDetails"/>
  <testcase name="basicDetails" time="158.318" classname="com.SPMCIL_May23.tc.TC001_SPMCILBasicDetails"/>
  <testcase name="basicDetails" time="157.772" classname="com.SPMCIL_May23.tc.TC001_SPMCILBasicDetails"/>
  <testcase name="basicDetails" time="158.008" classname="com.SPMCIL_May23.tc.TC001_SPMCILBasicDetails"/>
  <testcase name="basicDetails" time="157.971" classname="com.SPMCIL_May23.tc.TC001_SPMCILBasicDetails"/>
  <testcase name="basicDetails" time="157.916" classname="com.SPMCIL_May23.tc.TC001_SPMCILBasicDetails"/>
  <testcase name="basicDetails" time="158.081" classname="com.SPMCIL_May23.tc.TC001_SPMCILBasicDetails"/>
  <testcase name="basicDetails" time="158.099" classname="com.SPMCIL_May23.tc.TC001_SPMCILBasicDetails"/>
  <testcase name="basicDetails" time="158.093" classname="com.SPMCIL_May23.tc.TC001_SPMCILBasicDetails"/>
  <testcase name="basicDetails" time="158.042" classname="com.SPMCIL_May23.tc.TC001_SPMCILBasicDetails"/>
  <testcase name="basicDetails" time="158.129" classname="com.SPMCIL_May23.tc.TC001_SPMCILBasicDetails"/>
  <testcase name="basicDetails" time="158.866" classname="com.SPMCIL_May23.tc.TC001_SPMCILBasicDetails"/>
  <testcase name="basicDetails" time="158.361" classname="com.SPMCIL_May23.tc.TC001_SPMCILBasicDetails"/>
  <testcase name="basicDetails" time="158.085" classname="com.SPMCIL_May23.tc.TC001_SPMCILBasicDetails"/>
  <testcase name="basicDetails" time="158.314" classname="com.SPMCIL_May23.tc.TC001_SPMCILBasicDetails"/>
  <testcase name="basicDetails" time="158.118" classname="com.SPMCIL_May23.tc.TC001_SPMCILBasicDetails"/>
  <testcase name="basicDetails" time="158.299" classname="com.SPMCIL_May23.tc.TC001_SPMCILBasicDetails"/>
  <testcase name="basicDetails" time="158.083" classname="com.SPMCIL_May23.tc.TC001_SPMCILBasicDetails"/>
  <testcase name="basicDetails" time="158.210" classname="com.SPMCIL_May23.tc.TC001_SPMCILBasicDetails"/>
  <testcase name="basicDetails" time="158.376" classname="com.SPMCIL_May23.tc.TC001_SPMCILBasicDetails"/>
  <testcase name="basicDetails" time="158.581" classname="com.SPMCIL_May23.tc.TC001_SPMCILBasicDetails"/>
  <testcase name="basicDetails" time="158.362" classname="com.SPMCIL_May23.tc.TC001_SPMCILBasicDetails"/>
  <testcase name="basicDetails" time="158.483" classname="com.SPMCIL_May23.tc.TC001_SPMCILBasicDetails"/>
  <testcase name="basicDetails" time="158.003" classname="com.SPMCIL_May23.tc.TC001_SPMCILBasicDetails"/>
  <testcase name="basicDetails" time="158.153" classname="com.SPMCIL_May23.tc.TC001_SPMCILBasicDetails"/>
  <testcase name="basicDetails" time="158.132" classname="com.SPMCIL_May23.tc.TC001_SPMCILBasicDetails"/>
  <testcase name="basicDetails" time="158.739" classname="com.SPMCIL_May23.tc.TC001_SPMCILBasicDetails"/>
  <testcase name="basicDetails" time="158.063" classname="com.SPMCIL_May23.tc.TC001_SPMCILBasicDetails"/>
  <testcase name="basicDetails" time="157.901" classname="com.SPMCIL_May23.tc.TC001_SPMCILBasicDetails"/>
  <testcase name="basicDetails" time="158.012" classname="com.SPMCIL_May23.tc.TC001_SPMCILBasicDetails"/>
  <testcase name="basicDetails" time="157.894" classname="com.SPMCIL_May23.tc.TC001_SPMCILBasicDetails"/>
  <testcase name="basicDetails" time="158.528" classname="com.SPMCIL_May23.tc.TC001_SPMCILBasicDetails"/>
  <testcase name="basicDetails" time="158.070" classname="com.SPMCIL_May23.tc.TC001_SPMCILBasicDetails"/>
  <testcase name="basicDetails" time="158.132" classname="com.SPMCIL_May23.tc.TC001_SPMCILBasicDetails"/>
  <testcase name="basicDetails" time="158.231" classname="com.SPMCIL_May23.tc.TC001_SPMCILBasicDetails"/>
  <testcase name="basicDetails" time="158.359" classname="com.SPMCIL_May23.tc.TC001_SPMCILBasicDetails"/>
  <testcase name="basicDetails" time="158.393" classname="com.SPMCIL_May23.tc.TC001_SPMCILBasicDetails"/>
  <testcase name="basicDetails" time="158.117" classname="com.SPMCIL_May23.tc.TC001_SPMCILBasicDetails"/>
  <testcase name="basicDetails" time="158.170" classname="com.SPMCIL_May23.tc.TC001_SPMCILBasicDetails"/>
  <testcase name="basicDetails" time="157.800" classname="com.SPMCIL_May23.tc.TC001_SPMCILBasicDetails"/>
  <testcase name="basicDetails" time="9.895" classname="com.SPMCIL_May23.tc.TC001_SPMCILBasicDetails">
    <error type="java.lang.NullPointerException">
      <![CDATA[java.lang.NullPointerException
at com.ibps.pages.PersonalDetailsPage.inputTextId(PersonalDetailsPage.java:435)
at com.SPMCIL_May23.tc.TC001_SPMCILBasicDetails.basicDetails(TC001_SPMCILBasicDetails.java:49)
at sun.reflect.GeneratedMethodAccessor3.invoke(Unknown Source)
at sun.reflect.DelegatingMethodAccessorImpl.invoke(Unknown Source)
at java.lang.reflect.Method.invoke(Unknown Source)
at org.testng.internal.MethodInvocationHelper.invokeMethod(MethodInvocationHelper.java:133)
at org.testng.internal.TestInvoker.invokeMethod(TestInvoker.java:584)
at org.testng.internal.TestInvoker.invokeTestMethod(TestInvoker.java:172)
at org.testng.internal.MethodRunner.runInSequence(MethodRunner.java:46)
at org.testng.internal.TestInvoker$MethodInvocationAgent.invoke(TestInvoker.java:804)
at org.testng.internal.TestInvoker.invokeTestMethods(TestInvoker.java:145)
at org.testng.internal.TestMethodWorker.invokeTestMethods(TestMethodWorker.java:146)
at org.testng.internal.TestMethodWorker.run(TestMethodWorker.java:128)
at java.util.concurrent.ThreadPoolExecutor.runWorker(Unknown Source)
at java.util.concurrent.ThreadPoolExecutor$Worker.run(Unknown Source)
at java.lang.Thread.run(Unknown Source)
]]>
    </error>
  </testcase> <!-- basicDetails -->
  <testcase name="basicDetails" time="158.379" classname="com.SPMCIL_May23.tc.TC001_SPMCILBasicDetails"/>
  <testcase name="basicDetails" time="157.992" classname="com.SPMCIL_May23.tc.TC001_SPMCILBasicDetails"/>
  <testcase name="basicDetails" time="158.222" classname="com.SPMCIL_May23.tc.TC001_SPMCILBasicDetails"/>
  <testcase name="basicDetails" time="158.479" classname="com.SPMCIL_May23.tc.TC001_SPMCILBasicDetails"/>
  <testcase name="basicDetails" time="158.232" classname="com.SPMCIL_May23.tc.TC001_SPMCILBasicDetails"/>
  <testcase name="basicDetails" time="158.260" classname="com.SPMCIL_May23.tc.TC001_SPMCILBasicDetails"/>
  <testcase name="basicDetails" time="158.327" classname="com.SPMCIL_May23.tc.TC001_SPMCILBasicDetails"/>
  <testcase name="basicDetails" time="158.175" classname="com.SPMCIL_May23.tc.TC001_SPMCILBasicDetails"/>
  <testcase name="basicDetails" time="158.148" classname="com.SPMCIL_May23.tc.TC001_SPMCILBasicDetails"/>
  <testcase name="basicDetails" time="158.188" classname="com.SPMCIL_May23.tc.TC001_SPMCILBasicDetails"/>
  <testcase name="basicDetails" time="157.946" classname="com.SPMCIL_May23.tc.TC001_SPMCILBasicDetails"/>
  <testcase name="basicDetails" time="158.156" classname="com.SPMCIL_May23.tc.TC001_SPMCILBasicDetails"/>
  <testcase name="basicDetails" time="157.924" classname="com.SPMCIL_May23.tc.TC001_SPMCILBasicDetails"/>
  <testcase name="basicDetails" time="158.492" classname="com.SPMCIL_May23.tc.TC001_SPMCILBasicDetails"/>
  <testcase name="basicDetails" time="158.090" classname="com.SPMCIL_May23.tc.TC001_SPMCILBasicDetails"/>
  <testcase name="basicDetails" time="158.222" classname="com.SPMCIL_May23.tc.TC001_SPMCILBasicDetails"/>
  <testcase name="basicDetails" time="158.310" classname="com.SPMCIL_May23.tc.TC001_SPMCILBasicDetails"/>
  <testcase name="basicDetails" time="158.551" classname="com.SPMCIL_May23.tc.TC001_SPMCILBasicDetails"/>
  <testcase name="basicDetails" time="157.980" classname="com.SPMCIL_May23.tc.TC001_SPMCILBasicDetails"/>
  <testcase name="basicDetails" time="158.011" classname="com.SPMCIL_May23.tc.TC001_SPMCILBasicDetails"/>
  <testcase name="basicDetails" time="158.445" classname="com.SPMCIL_May23.tc.TC001_SPMCILBasicDetails"/>
  <testcase name="basicDetails" time="158.437" classname="com.SPMCIL_May23.tc.TC001_SPMCILBasicDetails"/>
  <testcase name="basicDetails" time="158.518" classname="com.SPMCIL_May23.tc.TC001_SPMCILBasicDetails"/>
  <testcase name="basicDetails" time="158.133" classname="com.SPMCIL_May23.tc.TC001_SPMCILBasicDetails"/>
  <testcase name="basicDetails" time="158.073" classname="com.SPMCIL_May23.tc.TC001_SPMCILBasicDetails"/>
  <testcase name="basicDetails" time="157.471" classname="com.SPMCIL_May23.tc.TC001_SPMCILBasicDetails"/>
  <testcase name="basicDetails" time="158.395" classname="com.SPMCIL_May23.tc.TC001_SPMCILBasicDetails"/>
  <testcase name="basicDetails" time="158.108" classname="com.SPMCIL_May23.tc.TC001_SPMCILBasicDetails"/>
  <testcase name="basicDetails" time="158.218" classname="com.SPMCIL_May23.tc.TC001_SPMCILBasicDetails"/>
  <testcase name="basicDetails" time="158.275" classname="com.SPMCIL_May23.tc.TC001_SPMCILBasicDetails"/>
  <testcase name="basicDetails" time="158.152" classname="com.SPMCIL_May23.tc.TC001_SPMCILBasicDetails"/>
  <testcase name="basicDetails" time="158.929" classname="com.SPMCIL_May23.tc.TC001_SPMCILBasicDetails"/>
  <testcase name="basicDetails" time="157.818" classname="com.SPMCIL_May23.tc.TC001_SPMCILBasicDetails"/>
  <testcase name="basicDetails" time="157.836" classname="com.SPMCIL_May23.tc.TC001_SPMCILBasicDetails"/>
  <testcase name="basicDetails" time="157.929" classname="com.SPMCIL_May23.tc.TC001_SPMCILBasicDetails"/>
  <testcase name="basicDetails" time="157.978" classname="com.SPMCIL_May23.tc.TC001_SPMCILBasicDetails"/>
  <testcase name="basicDetails" time="158.713" classname="com.SPMCIL_May23.tc.TC001_SPMCILBasicDetails"/>
  <testcase name="basicDetails" time="158.296" classname="com.SPMCIL_May23.tc.TC001_SPMCILBasicDetails"/>
  <testcase name="basicDetails" time="158.284" classname="com.SPMCIL_May23.tc.TC001_SPMCILBasicDetails"/>
  <testcase name="basicDetails" time="157.964" classname="com.SPMCIL_May23.tc.TC001_SPMCILBasicDetails"/>
  <testcase name="basicDetails" time="158.154" classname="com.SPMCIL_May23.tc.TC001_SPMCILBasicDetails"/>
  <testcase name="basicDetails" time="157.919" classname="com.SPMCIL_May23.tc.TC001_SPMCILBasicDetails"/>
  <testcase name="basicDetails" time="158.403" classname="com.SPMCIL_May23.tc.TC001_SPMCILBasicDetails"/>
  <testcase name="basicDetails" time="158.378" classname="com.SPMCIL_May23.tc.TC001_SPMCILBasicDetails"/>
  <testcase name="basicDetails" time="158.483" classname="com.SPMCIL_May23.tc.TC001_SPMCILBasicDetails"/>
  <testcase name="basicDetails" time="158.542" classname="com.SPMCIL_May23.tc.TC001_SPMCILBasicDetails"/>
  <testcase name="basicDetails" time="158.401" classname="com.SPMCIL_May23.tc.TC001_SPMCILBasicDetails"/>
  <testcase name="basicDetails" time="158.525" classname="com.SPMCIL_May23.tc.TC001_SPMCILBasicDetails"/>
  <testcase name="basicDetails" time="158.400" classname="com.SPMCIL_May23.tc.TC001_SPMCILBasicDetails"/>
  <testcase name="basicDetails" time="158.384" classname="com.SPMCIL_May23.tc.TC001_SPMCILBasicDetails"/>
  <testcase name="basicDetails" time="158.163" classname="com.SPMCIL_May23.tc.TC001_SPMCILBasicDetails"/>
  <testcase name="basicDetails" time="158.124" classname="com.SPMCIL_May23.tc.TC001_SPMCILBasicDetails"/>
  <testcase name="basicDetails" time="158.055" classname="com.SPMCIL_May23.tc.TC001_SPMCILBasicDetails"/>
  <testcase name="basicDetails" time="157.827" classname="com.SPMCIL_May23.tc.TC001_SPMCILBasicDetails"/>
  <testcase name="basicDetails" time="158.064" classname="com.SPMCIL_May23.tc.TC001_SPMCILBasicDetails"/>
  <testcase name="basicDetails" time="157.878" classname="com.SPMCIL_May23.tc.TC001_SPMCILBasicDetails"/>
  <testcase name="basicDetails" time="158.000" classname="com.SPMCIL_May23.tc.TC001_SPMCILBasicDetails"/>
  <testcase name="basicDetails" time="157.716" classname="com.SPMCIL_May23.tc.TC001_SPMCILBasicDetails"/>
  <testcase name="basicDetails" time="185.699" classname="com.SPMCIL_May23.tc.TC001_SPMCILBasicDetails"/>
  <testcase name="basicDetails" time="186.357" classname="com.SPMCIL_May23.tc.TC001_SPMCILBasicDetails"/>
  <testcase name="basicDetails" time="157.983" classname="com.SPMCIL_May23.tc.TC001_SPMCILBasicDetails"/>
  <testcase name="basicDetails" time="158.437" classname="com.SPMCIL_May23.tc.TC001_SPMCILBasicDetails"/>
  <testcase name="basicDetails" time="157.982" classname="com.SPMCIL_May23.tc.TC001_SPMCILBasicDetails"/>
  <testcase name="basicDetails" time="157.708" classname="com.SPMCIL_May23.tc.TC001_SPMCILBasicDetails"/>
  <testcase name="basicDetails" time="158.162" classname="com.SPMCIL_May23.tc.TC001_SPMCILBasicDetails"/>
</testsuite> <!-- com.SPMCIL_May23.tc.TC001_SPMCILBasicDetails -->
