<?xml version="1.0" encoding="UTF-8"?>
<!-- Generated by org.testng.reporters.JUnitReportReporter -->
<testsuite skipped="0" hostname="MAA014482B" name="com.IB_Feb23.tc.TC005_IBBasicDetails" tests="73" failures="0" timestamp="2023-02-20T18:53:20 IST" time="11892.670" errors="0">
  <testcase name="basicDetails" time="163.394" classname="com.IB_Feb23.tc.TC005_IBBasicDetails"/>
  <testcase name="basicDetails" time="163.370" classname="com.IB_Feb23.tc.TC005_IBBasicDetails"/>
  <testcase name="basicDetails" time="162.794" classname="com.IB_Feb23.tc.TC005_IBBasicDetails"/>
  <testcase name="basicDetails" time="163.348" classname="com.IB_Feb23.tc.TC005_IBBasicDetails"/>
  <testcase name="basicDetails" time="162.774" classname="com.IB_Feb23.tc.TC005_IBBasicDetails"/>
  <testcase name="basicDetails" time="162.025" classname="com.IB_Feb23.tc.TC005_IBBasicDetails"/>
  <testcase name="basicDetails" time="163.408" classname="com.IB_Feb23.tc.TC005_IBBasicDetails"/>
  <testcase name="basicDetails" time="162.412" classname="com.IB_Feb23.tc.TC005_IBBasicDetails"/>
  <testcase name="basicDetails" time="163.015" classname="com.IB_Feb23.tc.TC005_IBBasicDetails"/>
  <testcase name="basicDetails" time="163.191" classname="com.IB_Feb23.tc.TC005_IBBasicDetails"/>
  <testcase name="basicDetails" time="163.158" classname="com.IB_Feb23.tc.TC005_IBBasicDetails"/>
  <testcase name="basicDetails" time="169.131" classname="com.IB_Feb23.tc.TC005_IBBasicDetails"/>
  <testcase name="basicDetails" time="162.942" classname="com.IB_Feb23.tc.TC005_IBBasicDetails"/>
  <testcase name="basicDetails" time="163.859" classname="com.IB_Feb23.tc.TC005_IBBasicDetails"/>
  <testcase name="basicDetails" time="162.998" classname="com.IB_Feb23.tc.TC005_IBBasicDetails"/>
  <testcase name="basicDetails" time="164.129" classname="com.IB_Feb23.tc.TC005_IBBasicDetails"/>
  <testcase name="basicDetails" time="163.316" classname="com.IB_Feb23.tc.TC005_IBBasicDetails"/>
  <testcase name="basicDetails" time="162.205" classname="com.IB_Feb23.tc.TC005_IBBasicDetails"/>
  <testcase name="basicDetails" time="163.834" classname="com.IB_Feb23.tc.TC005_IBBasicDetails"/>
  <testcase name="basicDetails" time="162.055" classname="com.IB_Feb23.tc.TC005_IBBasicDetails"/>
  <testcase name="basicDetails" time="161.916" classname="com.IB_Feb23.tc.TC005_IBBasicDetails"/>
  <testcase name="basicDetails" time="163.274" classname="com.IB_Feb23.tc.TC005_IBBasicDetails"/>
  <testcase name="basicDetails" time="162.187" classname="com.IB_Feb23.tc.TC005_IBBasicDetails"/>
  <testcase name="basicDetails" time="163.435" classname="com.IB_Feb23.tc.TC005_IBBasicDetails"/>
  <testcase name="basicDetails" time="163.369" classname="com.IB_Feb23.tc.TC005_IBBasicDetails"/>
  <testcase name="basicDetails" time="162.487" classname="com.IB_Feb23.tc.TC005_IBBasicDetails"/>
  <testcase name="basicDetails" time="162.067" classname="com.IB_Feb23.tc.TC005_IBBasicDetails"/>
  <testcase name="basicDetails" time="162.235" classname="com.IB_Feb23.tc.TC005_IBBasicDetails"/>
  <testcase name="basicDetails" time="163.445" classname="com.IB_Feb23.tc.TC005_IBBasicDetails"/>
  <testcase name="basicDetails" time="162.079" classname="com.IB_Feb23.tc.TC005_IBBasicDetails"/>
  <testcase name="basicDetails" time="163.553" classname="com.IB_Feb23.tc.TC005_IBBasicDetails"/>
  <testcase name="basicDetails" time="162.318" classname="com.IB_Feb23.tc.TC005_IBBasicDetails"/>
  <testcase name="basicDetails" time="163.256" classname="com.IB_Feb23.tc.TC005_IBBasicDetails"/>
  <testcase name="basicDetails" time="162.263" classname="com.IB_Feb23.tc.TC005_IBBasicDetails"/>
  <testcase name="basicDetails" time="162.204" classname="com.IB_Feb23.tc.TC005_IBBasicDetails"/>
  <testcase name="basicDetails" time="164.088" classname="com.IB_Feb23.tc.TC005_IBBasicDetails"/>
  <testcase name="basicDetails" time="162.546" classname="com.IB_Feb23.tc.TC005_IBBasicDetails"/>
  <testcase name="basicDetails" time="163.574" classname="com.IB_Feb23.tc.TC005_IBBasicDetails"/>
  <testcase name="basicDetails" time="162.245" classname="com.IB_Feb23.tc.TC005_IBBasicDetails"/>
  <testcase name="basicDetails" time="162.421" classname="com.IB_Feb23.tc.TC005_IBBasicDetails"/>
  <testcase name="basicDetails" time="162.500" classname="com.IB_Feb23.tc.TC005_IBBasicDetails"/>
  <testcase name="basicDetails" time="163.509" classname="com.IB_Feb23.tc.TC005_IBBasicDetails"/>
  <testcase name="basicDetails" time="162.259" classname="com.IB_Feb23.tc.TC005_IBBasicDetails"/>
  <testcase name="basicDetails" time="163.478" classname="com.IB_Feb23.tc.TC005_IBBasicDetails"/>
  <testcase name="basicDetails" time="163.466" classname="com.IB_Feb23.tc.TC005_IBBasicDetails"/>
  <testcase name="basicDetails" time="161.963" classname="com.IB_Feb23.tc.TC005_IBBasicDetails"/>
  <testcase name="basicDetails" time="162.086" classname="com.IB_Feb23.tc.TC005_IBBasicDetails"/>
  <testcase name="basicDetails" time="161.847" classname="com.IB_Feb23.tc.TC005_IBBasicDetails"/>
  <testcase name="basicDetails" time="161.865" classname="com.IB_Feb23.tc.TC005_IBBasicDetails"/>
  <testcase name="basicDetails" time="162.023" classname="com.IB_Feb23.tc.TC005_IBBasicDetails"/>
  <testcase name="basicDetails" time="163.149" classname="com.IB_Feb23.tc.TC005_IBBasicDetails"/>
  <testcase name="basicDetails" time="162.998" classname="com.IB_Feb23.tc.TC005_IBBasicDetails"/>
  <testcase name="basicDetails" time="162.219" classname="com.IB_Feb23.tc.TC005_IBBasicDetails"/>
  <testcase name="basicDetails" time="162.588" classname="com.IB_Feb23.tc.TC005_IBBasicDetails"/>
  <testcase name="basicDetails" time="161.844" classname="com.IB_Feb23.tc.TC005_IBBasicDetails"/>
  <testcase name="basicDetails" time="162.295" classname="com.IB_Feb23.tc.TC005_IBBasicDetails"/>
  <testcase name="basicDetails" time="163.427" classname="com.IB_Feb23.tc.TC005_IBBasicDetails"/>
  <testcase name="basicDetails" time="163.381" classname="com.IB_Feb23.tc.TC005_IBBasicDetails"/>
  <testcase name="basicDetails" time="162.195" classname="com.IB_Feb23.tc.TC005_IBBasicDetails"/>
  <testcase name="basicDetails" time="162.508" classname="com.IB_Feb23.tc.TC005_IBBasicDetails"/>
  <testcase name="basicDetails" time="163.316" classname="com.IB_Feb23.tc.TC005_IBBasicDetails"/>
  <testcase name="basicDetails" time="162.933" classname="com.IB_Feb23.tc.TC005_IBBasicDetails"/>
  <testcase name="basicDetails" time="161.988" classname="com.IB_Feb23.tc.TC005_IBBasicDetails"/>
  <testcase name="basicDetails" time="163.594" classname="com.IB_Feb23.tc.TC005_IBBasicDetails"/>
  <testcase name="basicDetails" time="162.587" classname="com.IB_Feb23.tc.TC005_IBBasicDetails"/>
  <testcase name="basicDetails" time="163.478" classname="com.IB_Feb23.tc.TC005_IBBasicDetails"/>
  <testcase name="basicDetails" time="162.188" classname="com.IB_Feb23.tc.TC005_IBBasicDetails"/>
  <testcase name="basicDetails" time="163.996" classname="com.IB_Feb23.tc.TC005_IBBasicDetails"/>
  <testcase name="basicDetails" time="163.102" classname="com.IB_Feb23.tc.TC005_IBBasicDetails"/>
  <testcase name="basicDetails" time="163.686" classname="com.IB_Feb23.tc.TC005_IBBasicDetails"/>
  <testcase name="basicDetails" time="162.591" classname="com.IB_Feb23.tc.TC005_IBBasicDetails"/>
  <testcase name="basicDetails" time="162.016" classname="com.IB_Feb23.tc.TC005_IBBasicDetails"/>
  <testcase name="basicDetails" time="163.275" classname="com.IB_Feb23.tc.TC005_IBBasicDetails"/>
</testsuite> <!-- com.IB_Feb23.tc.TC005_IBBasicDetails -->
