<?xml version="1.0" encoding="UTF-8"?>
<!-- Generated by org.testng.reporters.JUnitReportReporter -->
<testsuite hostname="MAA011253A" failures="0" tests="33" name="com.RCDF.tc.TC001_RCDFBasicDetails" time="3959.780" errors="0" timestamp="2021-06-09T19:29:28 IST" skipped="0">
  <testcase classname="com.RCDF.tc.TC001_RCDFBasicDetails" name="basicDetails" time="117.381"/>
  <testcase classname="com.RCDF.tc.TC001_RCDFBasicDetails" name="basicDetails" time="117.363"/>
  <testcase classname="com.RCDF.tc.TC001_RCDFBasicDetails" name="basicDetails" time="117.597"/>
  <testcase classname="com.RCDF.tc.TC001_RCDFBasicDetails" name="basicDetails" time="119.397"/>
  <testcase classname="com.RCDF.tc.TC001_RCDFBasicDetails" name="basicDetails" time="119.864"/>
  <testcase classname="com.RCDF.tc.TC001_RCDFBasicDetails" name="basicDetails" time="117.796"/>
  <testcase classname="com.RCDF.tc.TC001_RCDFBasicDetails" name="basicDetails" time="119.792"/>
  <testcase classname="com.RCDF.tc.TC001_RCDFBasicDetails" name="basicDetails" time="117.431"/>
  <testcase classname="com.RCDF.tc.TC001_RCDFBasicDetails" name="basicDetails" time="120.961"/>
  <testcase classname="com.RCDF.tc.TC001_RCDFBasicDetails" name="basicDetails" time="153.037"/>
  <testcase classname="com.RCDF.tc.TC001_RCDFBasicDetails" name="basicDetails" time="117.494"/>
  <testcase classname="com.RCDF.tc.TC001_RCDFBasicDetails" name="basicDetails" time="117.813"/>
  <testcase classname="com.RCDF.tc.TC001_RCDFBasicDetails" name="basicDetails" time="120.038"/>
  <testcase classname="com.RCDF.tc.TC001_RCDFBasicDetails" name="basicDetails" time="119.828"/>
  <testcase classname="com.RCDF.tc.TC001_RCDFBasicDetails" name="basicDetails" time="117.055"/>
  <testcase classname="com.RCDF.tc.TC001_RCDFBasicDetails" name="basicDetails" time="119.718"/>
  <testcase classname="com.RCDF.tc.TC001_RCDFBasicDetails" name="basicDetails" time="120.423"/>
  <testcase classname="com.RCDF.tc.TC001_RCDFBasicDetails" name="basicDetails" time="118.021"/>
  <testcase classname="com.RCDF.tc.TC001_RCDFBasicDetails" name="basicDetails" time="117.178"/>
  <testcase classname="com.RCDF.tc.TC001_RCDFBasicDetails" name="basicDetails" time="117.586"/>
  <testcase classname="com.RCDF.tc.TC001_RCDFBasicDetails" name="basicDetails" time="117.845"/>
  <testcase classname="com.RCDF.tc.TC001_RCDFBasicDetails" name="basicDetails" time="119.745"/>
  <testcase classname="com.RCDF.tc.TC001_RCDFBasicDetails" name="basicDetails" time="117.079"/>
  <testcase classname="com.RCDF.tc.TC001_RCDFBasicDetails" name="basicDetails" time="121.239"/>
  <testcase classname="com.RCDF.tc.TC001_RCDFBasicDetails" name="basicDetails" time="119.450"/>
  <testcase classname="com.RCDF.tc.TC001_RCDFBasicDetails" name="basicDetails" time="117.608"/>
  <testcase classname="com.RCDF.tc.TC001_RCDFBasicDetails" name="basicDetails" time="117.467"/>
  <testcase classname="com.RCDF.tc.TC001_RCDFBasicDetails" name="basicDetails" time="119.570"/>
  <testcase classname="com.RCDF.tc.TC001_RCDFBasicDetails" name="basicDetails" time="119.737"/>
  <testcase classname="com.RCDF.tc.TC001_RCDFBasicDetails" name="basicDetails" time="120.672"/>
  <testcase classname="com.RCDF.tc.TC001_RCDFBasicDetails" name="basicDetails" time="122.177"/>
  <testcase classname="com.RCDF.tc.TC001_RCDFBasicDetails" name="basicDetails" time="117.446"/>
  <testcase classname="com.RCDF.tc.TC001_RCDFBasicDetails" name="basicDetails" time="123.972"/>
</testsuite> <!-- com.RCDF.tc.TC001_RCDFBasicDetails -->
