<?xml version="1.0" encoding="UTF-8"?>
<!-- Generated by org.testng.reporters.JUnitReportReporter -->
<testsuite hostname="MAA011253A" failures="0" tests="50" name="com.rbiGrade.tc.TC002_RBIBasicDetails" time="6084.590" errors="0" timestamp="2021-01-27T18:53:50 IST" skipped="0">
  <testcase classname="com.rbiGrade.tc.TC002_RBIBasicDetails" name="basicDetails" time="121.744"/>
  <testcase classname="com.rbiGrade.tc.TC002_RBIBasicDetails" name="basicDetails" time="121.721"/>
  <testcase classname="com.rbiGrade.tc.TC002_RBIBasicDetails" name="basicDetails" time="122.864"/>
  <testcase classname="com.rbiGrade.tc.TC002_RBIBasicDetails" name="basicDetails" time="121.165"/>
  <testcase classname="com.rbiGrade.tc.TC002_RBIBasicDetails" name="basicDetails" time="121.796"/>
  <testcase classname="com.rbiGrade.tc.TC002_RBIBasicDetails" name="basicDetails" time="121.173"/>
  <testcase classname="com.rbiGrade.tc.TC002_RBIBasicDetails" name="basicDetails" time="121.806"/>
  <testcase classname="com.rbiGrade.tc.TC002_RBIBasicDetails" name="basicDetails" time="121.629"/>
  <testcase classname="com.rbiGrade.tc.TC002_RBIBasicDetails" name="basicDetails" time="121.958"/>
  <testcase classname="com.rbiGrade.tc.TC002_RBIBasicDetails" name="basicDetails" time="120.924"/>
  <testcase classname="com.rbiGrade.tc.TC002_RBIBasicDetails" name="basicDetails" time="121.802"/>
  <testcase classname="com.rbiGrade.tc.TC002_RBIBasicDetails" name="basicDetails" time="121.571"/>
  <testcase classname="com.rbiGrade.tc.TC002_RBIBasicDetails" name="basicDetails" time="122.026"/>
  <testcase classname="com.rbiGrade.tc.TC002_RBIBasicDetails" name="basicDetails" time="121.145"/>
  <testcase classname="com.rbiGrade.tc.TC002_RBIBasicDetails" name="basicDetails" time="122.923"/>
  <testcase classname="com.rbiGrade.tc.TC002_RBIBasicDetails" name="basicDetails" time="121.278"/>
  <testcase classname="com.rbiGrade.tc.TC002_RBIBasicDetails" name="basicDetails" time="121.015"/>
  <testcase classname="com.rbiGrade.tc.TC002_RBIBasicDetails" name="basicDetails" time="121.661"/>
  <testcase classname="com.rbiGrade.tc.TC002_RBIBasicDetails" name="basicDetails" time="122.042"/>
  <testcase classname="com.rbiGrade.tc.TC002_RBIBasicDetails" name="basicDetails" time="121.421"/>
  <testcase classname="com.rbiGrade.tc.TC002_RBIBasicDetails" name="basicDetails" time="120.911"/>
  <testcase classname="com.rbiGrade.tc.TC002_RBIBasicDetails" name="basicDetails" time="120.982"/>
  <testcase classname="com.rbiGrade.tc.TC002_RBIBasicDetails" name="basicDetails" time="121.447"/>
  <testcase classname="com.rbiGrade.tc.TC002_RBIBasicDetails" name="basicDetails" time="121.730"/>
  <testcase classname="com.rbiGrade.tc.TC002_RBIBasicDetails" name="basicDetails" time="121.362"/>
  <testcase classname="com.rbiGrade.tc.TC002_RBIBasicDetails" name="basicDetails" time="121.850"/>
  <testcase classname="com.rbiGrade.tc.TC002_RBIBasicDetails" name="basicDetails" time="121.080"/>
  <testcase classname="com.rbiGrade.tc.TC002_RBIBasicDetails" name="basicDetails" time="122.085"/>
  <testcase classname="com.rbiGrade.tc.TC002_RBIBasicDetails" name="basicDetails" time="122.428"/>
  <testcase classname="com.rbiGrade.tc.TC002_RBIBasicDetails" name="basicDetails" time="121.009"/>
  <testcase classname="com.rbiGrade.tc.TC002_RBIBasicDetails" name="basicDetails" time="121.841"/>
  <testcase classname="com.rbiGrade.tc.TC002_RBIBasicDetails" name="basicDetails" time="121.531"/>
  <testcase classname="com.rbiGrade.tc.TC002_RBIBasicDetails" name="basicDetails" time="121.518"/>
  <testcase classname="com.rbiGrade.tc.TC002_RBIBasicDetails" name="basicDetails" time="122.019"/>
  <testcase classname="com.rbiGrade.tc.TC002_RBIBasicDetails" name="basicDetails" time="121.767"/>
  <testcase classname="com.rbiGrade.tc.TC002_RBIBasicDetails" name="basicDetails" time="122.821"/>
  <testcase classname="com.rbiGrade.tc.TC002_RBIBasicDetails" name="basicDetails" time="121.507"/>
  <testcase classname="com.rbiGrade.tc.TC002_RBIBasicDetails" name="basicDetails" time="121.600"/>
  <testcase classname="com.rbiGrade.tc.TC002_RBIBasicDetails" name="basicDetails" time="121.233"/>
  <testcase classname="com.rbiGrade.tc.TC002_RBIBasicDetails" name="basicDetails" time="121.320"/>
  <testcase classname="com.rbiGrade.tc.TC002_RBIBasicDetails" name="basicDetails" time="121.578"/>
  <testcase classname="com.rbiGrade.tc.TC002_RBIBasicDetails" name="basicDetails" time="122.378"/>
  <testcase classname="com.rbiGrade.tc.TC002_RBIBasicDetails" name="basicDetails" time="121.876"/>
  <testcase classname="com.rbiGrade.tc.TC002_RBIBasicDetails" name="basicDetails" time="121.566"/>
  <testcase classname="com.rbiGrade.tc.TC002_RBIBasicDetails" name="basicDetails" time="121.429"/>
  <testcase classname="com.rbiGrade.tc.TC002_RBIBasicDetails" name="basicDetails" time="121.514"/>
  <testcase classname="com.rbiGrade.tc.TC002_RBIBasicDetails" name="basicDetails" time="122.431"/>
  <testcase classname="com.rbiGrade.tc.TC002_RBIBasicDetails" name="basicDetails" time="122.015"/>
  <testcase classname="com.rbiGrade.tc.TC002_RBIBasicDetails" name="basicDetails" time="122.410"/>
  <testcase classname="com.rbiGrade.tc.TC002_RBIBasicDetails" name="basicDetails" time="121.688"/>
</testsuite> <!-- com.rbiGrade.tc.TC002_RBIBasicDetails -->
