<?xml version="1.0" encoding="UTF-8"?>
<!-- Generated by org.testng.reporters.JUnitReportReporter -->
<testsuite skipped="0" hostname="MAA014482B" name="com.SPMCILHy_19Sep22.tc.TC004_SPMCILBasicDetails" tests="52" failures="0" timestamp="2022-09-29T14:30:17 IST" time="8347.614" errors="0">
  <testcase name="basicDetails" time="159.848" classname="com.SPMCILHy_19Sep22.tc.TC004_SPMCILBasicDetails"/>
  <testcase name="basicDetails" time="159.722" classname="com.SPMCILHy_19Sep22.tc.TC004_SPMCILBasicDetails"/>
  <testcase name="basicDetails" time="159.584" classname="com.SPMCILHy_19Sep22.tc.TC004_SPMCILBasicDetails"/>
  <testcase name="basicDetails" time="160.710" classname="com.SPMCILHy_19Sep22.tc.TC004_SPMCILBasicDetails"/>
  <testcase name="basicDetails" time="160.518" classname="com.SPMCILHy_19Sep22.tc.TC004_SPMCILBasicDetails"/>
  <testcase name="basicDetails" time="160.028" classname="com.SPMCILHy_19Sep22.tc.TC004_SPMCILBasicDetails"/>
  <testcase name="basicDetails" time="159.367" classname="com.SPMCILHy_19Sep22.tc.TC004_SPMCILBasicDetails"/>
  <testcase name="basicDetails" time="159.152" classname="com.SPMCILHy_19Sep22.tc.TC004_SPMCILBasicDetails"/>
  <testcase name="basicDetails" time="159.614" classname="com.SPMCILHy_19Sep22.tc.TC004_SPMCILBasicDetails"/>
  <testcase name="basicDetails" time="158.852" classname="com.SPMCILHy_19Sep22.tc.TC004_SPMCILBasicDetails"/>
  <testcase name="basicDetails" time="158.973" classname="com.SPMCILHy_19Sep22.tc.TC004_SPMCILBasicDetails"/>
  <testcase name="basicDetails" time="159.659" classname="com.SPMCILHy_19Sep22.tc.TC004_SPMCILBasicDetails"/>
  <testcase name="basicDetails" time="159.615" classname="com.SPMCILHy_19Sep22.tc.TC004_SPMCILBasicDetails"/>
  <testcase name="basicDetails" time="159.732" classname="com.SPMCILHy_19Sep22.tc.TC004_SPMCILBasicDetails"/>
  <testcase name="basicDetails" time="160.687" classname="com.SPMCILHy_19Sep22.tc.TC004_SPMCILBasicDetails"/>
  <testcase name="basicDetails" time="159.563" classname="com.SPMCILHy_19Sep22.tc.TC004_SPMCILBasicDetails"/>
  <testcase name="basicDetails" time="160.292" classname="com.SPMCILHy_19Sep22.tc.TC004_SPMCILBasicDetails"/>
  <testcase name="basicDetails" time="160.209" classname="com.SPMCILHy_19Sep22.tc.TC004_SPMCILBasicDetails"/>
  <testcase name="basicDetails" time="160.830" classname="com.SPMCILHy_19Sep22.tc.TC004_SPMCILBasicDetails"/>
  <testcase name="basicDetails" time="160.510" classname="com.SPMCILHy_19Sep22.tc.TC004_SPMCILBasicDetails"/>
  <testcase name="basicDetails" time="159.369" classname="com.SPMCILHy_19Sep22.tc.TC004_SPMCILBasicDetails"/>
  <testcase name="basicDetails" time="159.397" classname="com.SPMCILHy_19Sep22.tc.TC004_SPMCILBasicDetails"/>
  <testcase name="basicDetails" time="160.792" classname="com.SPMCILHy_19Sep22.tc.TC004_SPMCILBasicDetails"/>
  <testcase name="basicDetails" time="158.940" classname="com.SPMCILHy_19Sep22.tc.TC004_SPMCILBasicDetails"/>
  <testcase name="basicDetails" time="159.123" classname="com.SPMCILHy_19Sep22.tc.TC004_SPMCILBasicDetails"/>
  <testcase name="basicDetails" time="160.747" classname="com.SPMCILHy_19Sep22.tc.TC004_SPMCILBasicDetails"/>
  <testcase name="basicDetails" time="159.148" classname="com.SPMCILHy_19Sep22.tc.TC004_SPMCILBasicDetails"/>
  <testcase name="basicDetails" time="163.223" classname="com.SPMCILHy_19Sep22.tc.TC004_SPMCILBasicDetails"/>
  <testcase name="basicDetails" time="159.633" classname="com.SPMCILHy_19Sep22.tc.TC004_SPMCILBasicDetails"/>
  <testcase name="basicDetails" time="159.948" classname="com.SPMCILHy_19Sep22.tc.TC004_SPMCILBasicDetails"/>
  <testcase name="basicDetails" time="159.697" classname="com.SPMCILHy_19Sep22.tc.TC004_SPMCILBasicDetails"/>
  <testcase name="basicDetails" time="159.631" classname="com.SPMCILHy_19Sep22.tc.TC004_SPMCILBasicDetails"/>
  <testcase name="basicDetails" time="160.070" classname="com.SPMCILHy_19Sep22.tc.TC004_SPMCILBasicDetails"/>
  <testcase name="basicDetails" time="159.749" classname="com.SPMCILHy_19Sep22.tc.TC004_SPMCILBasicDetails"/>
  <testcase name="basicDetails" time="160.629" classname="com.SPMCILHy_19Sep22.tc.TC004_SPMCILBasicDetails"/>
  <testcase name="basicDetails" time="159.326" classname="com.SPMCILHy_19Sep22.tc.TC004_SPMCILBasicDetails"/>
  <testcase name="basicDetails" time="160.376" classname="com.SPMCILHy_19Sep22.tc.TC004_SPMCILBasicDetails"/>
  <testcase name="basicDetails" time="159.767" classname="com.SPMCILHy_19Sep22.tc.TC004_SPMCILBasicDetails"/>
  <testcase name="basicDetails" time="188.250" classname="com.SPMCILHy_19Sep22.tc.TC004_SPMCILBasicDetails"/>
  <testcase name="basicDetails" time="160.230" classname="com.SPMCILHy_19Sep22.tc.TC004_SPMCILBasicDetails"/>
  <testcase name="basicDetails" time="159.576" classname="com.SPMCILHy_19Sep22.tc.TC004_SPMCILBasicDetails"/>
  <testcase name="basicDetails" time="159.932" classname="com.SPMCILHy_19Sep22.tc.TC004_SPMCILBasicDetails"/>
  <testcase name="basicDetails" time="160.675" classname="com.SPMCILHy_19Sep22.tc.TC004_SPMCILBasicDetails"/>
  <testcase name="basicDetails" time="160.946" classname="com.SPMCILHy_19Sep22.tc.TC004_SPMCILBasicDetails"/>
  <testcase name="basicDetails" time="159.847" classname="com.SPMCILHy_19Sep22.tc.TC004_SPMCILBasicDetails"/>
  <testcase name="basicDetails" time="159.584" classname="com.SPMCILHy_19Sep22.tc.TC004_SPMCILBasicDetails"/>
  <testcase name="basicDetails" time="159.997" classname="com.SPMCILHy_19Sep22.tc.TC004_SPMCILBasicDetails"/>
  <testcase name="basicDetails" time="160.827" classname="com.SPMCILHy_19Sep22.tc.TC004_SPMCILBasicDetails"/>
  <testcase name="basicDetails" time="158.992" classname="com.SPMCILHy_19Sep22.tc.TC004_SPMCILBasicDetails"/>
  <testcase name="basicDetails" time="160.405" classname="com.SPMCILHy_19Sep22.tc.TC004_SPMCILBasicDetails"/>
  <testcase name="basicDetails" time="160.479" classname="com.SPMCILHy_19Sep22.tc.TC004_SPMCILBasicDetails"/>
  <testcase name="basicDetails" time="160.844" classname="com.SPMCILHy_19Sep22.tc.TC004_SPMCILBasicDetails"/>
</testsuite> <!-- com.SPMCILHy_19Sep22.tc.TC004_SPMCILBasicDetails -->
