<?xml version="1.0" encoding="UTF-8"?>
<!-- Generated by org.testng.reporters.JUnitReportReporter -->
<testsuite skipped="0" hostname="MAA014482B" name="com.TDCN_June23.tc.TC003_TDCNBasicDetails" tests="140" failures="0" timestamp="2023-06-26T19:04:28 IST" time="22794.559" errors="0">
  <testcase name="basicDetails" time="159.954" classname="com.TDCN_June23.tc.TC003_TDCNBasicDetails"/>
  <testcase name="basicDetails" time="159.571" classname="com.TDCN_June23.tc.TC003_TDCNBasicDetails"/>
  <testcase name="basicDetails" time="163.013" classname="com.TDCN_June23.tc.TC003_TDCNBasicDetails"/>
  <testcase name="basicDetails" time="162.589" classname="com.TDCN_June23.tc.TC003_TDCNBasicDetails"/>
  <testcase name="basicDetails" time="162.979" classname="com.TDCN_June23.tc.TC003_TDCNBasicDetails"/>
  <testcase name="basicDetails" time="159.427" classname="com.TDCN_June23.tc.TC003_TDCNBasicDetails"/>
  <testcase name="basicDetails" time="163.046" classname="com.TDCN_June23.tc.TC003_TDCNBasicDetails"/>
  <testcase name="basicDetails" time="160.017" classname="com.TDCN_June23.tc.TC003_TDCNBasicDetails"/>
  <testcase name="basicDetails" time="159.447" classname="com.TDCN_June23.tc.TC003_TDCNBasicDetails"/>
  <testcase name="basicDetails" time="162.685" classname="com.TDCN_June23.tc.TC003_TDCNBasicDetails"/>
  <testcase name="basicDetails" time="160.413" classname="com.TDCN_June23.tc.TC003_TDCNBasicDetails"/>
  <testcase name="basicDetails" time="159.817" classname="com.TDCN_June23.tc.TC003_TDCNBasicDetails"/>
  <testcase name="basicDetails" time="159.860" classname="com.TDCN_June23.tc.TC003_TDCNBasicDetails"/>
  <testcase name="basicDetails" time="159.501" classname="com.TDCN_June23.tc.TC003_TDCNBasicDetails"/>
  <testcase name="basicDetails" time="160.153" classname="com.TDCN_June23.tc.TC003_TDCNBasicDetails"/>
  <testcase name="basicDetails" time="159.511" classname="com.TDCN_June23.tc.TC003_TDCNBasicDetails"/>
  <testcase name="basicDetails" time="163.507" classname="com.TDCN_June23.tc.TC003_TDCNBasicDetails"/>
  <testcase name="basicDetails" time="159.386" classname="com.TDCN_June23.tc.TC003_TDCNBasicDetails"/>
  <testcase name="basicDetails" time="159.995" classname="com.TDCN_June23.tc.TC003_TDCNBasicDetails"/>
  <testcase name="basicDetails" time="163.341" classname="com.TDCN_June23.tc.TC003_TDCNBasicDetails"/>
  <testcase name="basicDetails" time="159.667" classname="com.TDCN_June23.tc.TC003_TDCNBasicDetails"/>
  <testcase name="basicDetails" time="162.816" classname="com.TDCN_June23.tc.TC003_TDCNBasicDetails"/>
  <testcase name="basicDetails" time="160.001" classname="com.TDCN_June23.tc.TC003_TDCNBasicDetails"/>
  <testcase name="basicDetails" time="159.698" classname="com.TDCN_June23.tc.TC003_TDCNBasicDetails"/>
  <testcase name="basicDetails" time="163.534" classname="com.TDCN_June23.tc.TC003_TDCNBasicDetails"/>
  <testcase name="basicDetails" time="163.291" classname="com.TDCN_June23.tc.TC003_TDCNBasicDetails"/>
  <testcase name="basicDetails" time="159.003" classname="com.TDCN_June23.tc.TC003_TDCNBasicDetails"/>
  <testcase name="basicDetails" time="162.869" classname="com.TDCN_June23.tc.TC003_TDCNBasicDetails"/>
  <testcase name="basicDetails" time="159.873" classname="com.TDCN_June23.tc.TC003_TDCNBasicDetails"/>
  <testcase name="basicDetails" time="159.886" classname="com.TDCN_June23.tc.TC003_TDCNBasicDetails"/>
  <testcase name="basicDetails" time="162.586" classname="com.TDCN_June23.tc.TC003_TDCNBasicDetails"/>
  <testcase name="basicDetails" time="159.539" classname="com.TDCN_June23.tc.TC003_TDCNBasicDetails"/>
  <testcase name="basicDetails" time="162.894" classname="com.TDCN_June23.tc.TC003_TDCNBasicDetails"/>
  <testcase name="basicDetails" time="159.567" classname="com.TDCN_June23.tc.TC003_TDCNBasicDetails"/>
  <testcase name="basicDetails" time="159.566" classname="com.TDCN_June23.tc.TC003_TDCNBasicDetails"/>
  <testcase name="basicDetails" time="160.263" classname="com.TDCN_June23.tc.TC003_TDCNBasicDetails"/>
  <testcase name="basicDetails" time="159.904" classname="com.TDCN_June23.tc.TC003_TDCNBasicDetails"/>
  <testcase name="basicDetails" time="159.472" classname="com.TDCN_June23.tc.TC003_TDCNBasicDetails"/>
  <testcase name="basicDetails" time="159.502" classname="com.TDCN_June23.tc.TC003_TDCNBasicDetails"/>
  <testcase name="basicDetails" time="163.201" classname="com.TDCN_June23.tc.TC003_TDCNBasicDetails"/>
  <testcase name="basicDetails" time="163.528" classname="com.TDCN_June23.tc.TC003_TDCNBasicDetails"/>
  <testcase name="basicDetails" time="163.430" classname="com.TDCN_June23.tc.TC003_TDCNBasicDetails"/>
  <testcase name="basicDetails" time="160.284" classname="com.TDCN_June23.tc.TC003_TDCNBasicDetails"/>
  <testcase name="basicDetails" time="159.527" classname="com.TDCN_June23.tc.TC003_TDCNBasicDetails"/>
  <testcase name="basicDetails" time="159.313" classname="com.TDCN_June23.tc.TC003_TDCNBasicDetails"/>
  <testcase name="basicDetails" time="159.803" classname="com.TDCN_June23.tc.TC003_TDCNBasicDetails"/>
  <testcase name="basicDetails" time="163.221" classname="com.TDCN_June23.tc.TC003_TDCNBasicDetails"/>
  <testcase name="basicDetails" time="162.617" classname="com.TDCN_June23.tc.TC003_TDCNBasicDetails"/>
  <testcase name="basicDetails" time="163.053" classname="com.TDCN_June23.tc.TC003_TDCNBasicDetails"/>
  <testcase name="basicDetails" time="160.186" classname="com.TDCN_June23.tc.TC003_TDCNBasicDetails"/>
  <testcase name="basicDetails" time="162.850" classname="com.TDCN_June23.tc.TC003_TDCNBasicDetails"/>
  <testcase name="basicDetails" time="163.367" classname="com.TDCN_June23.tc.TC003_TDCNBasicDetails"/>
  <testcase name="basicDetails" time="159.458" classname="com.TDCN_June23.tc.TC003_TDCNBasicDetails"/>
  <testcase name="basicDetails" time="159.508" classname="com.TDCN_June23.tc.TC003_TDCNBasicDetails"/>
  <testcase name="basicDetails" time="159.787" classname="com.TDCN_June23.tc.TC003_TDCNBasicDetails"/>
  <testcase name="basicDetails" time="186.922" classname="com.TDCN_June23.tc.TC003_TDCNBasicDetails"/>
  <testcase name="basicDetails" time="160.511" classname="com.TDCN_June23.tc.TC003_TDCNBasicDetails"/>
  <testcase name="basicDetails" time="159.915" classname="com.TDCN_June23.tc.TC003_TDCNBasicDetails"/>
  <testcase name="basicDetails" time="160.005" classname="com.TDCN_June23.tc.TC003_TDCNBasicDetails"/>
  <testcase name="basicDetails" time="159.556" classname="com.TDCN_June23.tc.TC003_TDCNBasicDetails"/>
  <testcase name="basicDetails" time="163.406" classname="com.TDCN_June23.tc.TC003_TDCNBasicDetails"/>
  <testcase name="basicDetails" time="160.171" classname="com.TDCN_June23.tc.TC003_TDCNBasicDetails"/>
  <testcase name="basicDetails" time="187.328" classname="com.TDCN_June23.tc.TC003_TDCNBasicDetails"/>
  <testcase name="basicDetails" time="159.349" classname="com.TDCN_June23.tc.TC003_TDCNBasicDetails"/>
  <testcase name="basicDetails" time="163.397" classname="com.TDCN_June23.tc.TC003_TDCNBasicDetails"/>
  <testcase name="basicDetails" time="159.984" classname="com.TDCN_June23.tc.TC003_TDCNBasicDetails"/>
  <testcase name="basicDetails" time="160.154" classname="com.TDCN_June23.tc.TC003_TDCNBasicDetails"/>
  <testcase name="basicDetails" time="163.228" classname="com.TDCN_June23.tc.TC003_TDCNBasicDetails"/>
  <testcase name="basicDetails" time="159.850" classname="com.TDCN_June23.tc.TC003_TDCNBasicDetails"/>
  <testcase name="basicDetails" time="162.949" classname="com.TDCN_June23.tc.TC003_TDCNBasicDetails"/>
  <testcase name="basicDetails" time="163.015" classname="com.TDCN_June23.tc.TC003_TDCNBasicDetails"/>
  <testcase name="basicDetails" time="160.171" classname="com.TDCN_June23.tc.TC003_TDCNBasicDetails"/>
  <testcase name="basicDetails" time="159.778" classname="com.TDCN_June23.tc.TC003_TDCNBasicDetails"/>
  <testcase name="basicDetails" time="163.118" classname="com.TDCN_June23.tc.TC003_TDCNBasicDetails"/>
  <testcase name="basicDetails" time="159.935" classname="com.TDCN_June23.tc.TC003_TDCNBasicDetails"/>
  <testcase name="basicDetails" time="159.389" classname="com.TDCN_June23.tc.TC003_TDCNBasicDetails"/>
  <testcase name="basicDetails" time="162.973" classname="com.TDCN_June23.tc.TC003_TDCNBasicDetails"/>
  <testcase name="basicDetails" time="159.960" classname="com.TDCN_June23.tc.TC003_TDCNBasicDetails"/>
  <testcase name="basicDetails" time="159.985" classname="com.TDCN_June23.tc.TC003_TDCNBasicDetails"/>
  <testcase name="basicDetails" time="162.686" classname="com.TDCN_June23.tc.TC003_TDCNBasicDetails"/>
  <testcase name="basicDetails" time="163.074" classname="com.TDCN_June23.tc.TC003_TDCNBasicDetails"/>
  <testcase name="basicDetails" time="162.794" classname="com.TDCN_June23.tc.TC003_TDCNBasicDetails"/>
  <testcase name="basicDetails" time="159.962" classname="com.TDCN_June23.tc.TC003_TDCNBasicDetails"/>
  <testcase name="basicDetails" time="176.003" classname="com.TDCN_June23.tc.TC003_TDCNBasicDetails"/>
  <testcase name="basicDetails" time="162.722" classname="com.TDCN_June23.tc.TC003_TDCNBasicDetails"/>
  <testcase name="basicDetails" time="163.150" classname="com.TDCN_June23.tc.TC003_TDCNBasicDetails"/>
  <testcase name="basicDetails" time="162.685" classname="com.TDCN_June23.tc.TC003_TDCNBasicDetails"/>
  <testcase name="basicDetails" time="159.649" classname="com.TDCN_June23.tc.TC003_TDCNBasicDetails"/>
  <testcase name="basicDetails" time="159.406" classname="com.TDCN_June23.tc.TC003_TDCNBasicDetails"/>
  <testcase name="basicDetails" time="159.656" classname="com.TDCN_June23.tc.TC003_TDCNBasicDetails"/>
  <testcase name="basicDetails" time="159.401" classname="com.TDCN_June23.tc.TC003_TDCNBasicDetails"/>
  <testcase name="basicDetails" time="163.078" classname="com.TDCN_June23.tc.TC003_TDCNBasicDetails"/>
  <testcase name="basicDetails" time="159.593" classname="com.TDCN_June23.tc.TC003_TDCNBasicDetails"/>
  <testcase name="basicDetails" time="159.400" classname="com.TDCN_June23.tc.TC003_TDCNBasicDetails"/>
  <testcase name="basicDetails" time="186.899" classname="com.TDCN_June23.tc.TC003_TDCNBasicDetails"/>
  <testcase name="basicDetails" time="162.863" classname="com.TDCN_June23.tc.TC003_TDCNBasicDetails"/>
  <testcase name="basicDetails" time="160.425" classname="com.TDCN_June23.tc.TC003_TDCNBasicDetails"/>
  <testcase name="basicDetails" time="187.107" classname="com.TDCN_June23.tc.TC003_TDCNBasicDetails"/>
  <testcase name="basicDetails" time="160.458" classname="com.TDCN_June23.tc.TC003_TDCNBasicDetails"/>
  <testcase name="basicDetails" time="163.152" classname="com.TDCN_June23.tc.TC003_TDCNBasicDetails"/>
  <testcase name="basicDetails" time="162.708" classname="com.TDCN_June23.tc.TC003_TDCNBasicDetails"/>
  <testcase name="basicDetails" time="163.197" classname="com.TDCN_June23.tc.TC003_TDCNBasicDetails"/>
  <testcase name="basicDetails" time="163.035" classname="com.TDCN_June23.tc.TC003_TDCNBasicDetails"/>
  <testcase name="basicDetails" time="159.380" classname="com.TDCN_June23.tc.TC003_TDCNBasicDetails"/>
  <testcase name="basicDetails" time="186.948" classname="com.TDCN_June23.tc.TC003_TDCNBasicDetails"/>
  <testcase name="basicDetails" time="162.993" classname="com.TDCN_June23.tc.TC003_TDCNBasicDetails"/>
  <testcase name="basicDetails" time="159.910" classname="com.TDCN_June23.tc.TC003_TDCNBasicDetails"/>
  <testcase name="basicDetails" time="160.158" classname="com.TDCN_June23.tc.TC003_TDCNBasicDetails"/>
  <testcase name="basicDetails" time="160.216" classname="com.TDCN_June23.tc.TC003_TDCNBasicDetails"/>
  <testcase name="basicDetails" time="163.042" classname="com.TDCN_June23.tc.TC003_TDCNBasicDetails"/>
  <testcase name="basicDetails" time="163.391" classname="com.TDCN_June23.tc.TC003_TDCNBasicDetails"/>
  <testcase name="basicDetails" time="159.469" classname="com.TDCN_June23.tc.TC003_TDCNBasicDetails"/>
  <testcase name="basicDetails" time="160.047" classname="com.TDCN_June23.tc.TC003_TDCNBasicDetails"/>
  <testcase name="basicDetails" time="163.579" classname="com.TDCN_June23.tc.TC003_TDCNBasicDetails"/>
  <testcase name="basicDetails" time="160.225" classname="com.TDCN_June23.tc.TC003_TDCNBasicDetails"/>
  <testcase name="basicDetails" time="163.299" classname="com.TDCN_June23.tc.TC003_TDCNBasicDetails"/>
  <testcase name="basicDetails" time="159.796" classname="com.TDCN_June23.tc.TC003_TDCNBasicDetails"/>
  <testcase name="basicDetails" time="159.828" classname="com.TDCN_June23.tc.TC003_TDCNBasicDetails"/>
  <testcase name="basicDetails" time="162.804" classname="com.TDCN_June23.tc.TC003_TDCNBasicDetails"/>
  <testcase name="basicDetails" time="163.313" classname="com.TDCN_June23.tc.TC003_TDCNBasicDetails"/>
  <testcase name="basicDetails" time="159.878" classname="com.TDCN_June23.tc.TC003_TDCNBasicDetails"/>
  <testcase name="basicDetails" time="162.584" classname="com.TDCN_June23.tc.TC003_TDCNBasicDetails"/>
  <testcase name="basicDetails" time="186.839" classname="com.TDCN_June23.tc.TC003_TDCNBasicDetails"/>
  <testcase name="basicDetails" time="163.083" classname="com.TDCN_June23.tc.TC003_TDCNBasicDetails"/>
  <testcase name="basicDetails" time="162.538" classname="com.TDCN_June23.tc.TC003_TDCNBasicDetails"/>
  <testcase name="basicDetails" time="163.060" classname="com.TDCN_June23.tc.TC003_TDCNBasicDetails"/>
  <testcase name="basicDetails" time="163.072" classname="com.TDCN_June23.tc.TC003_TDCNBasicDetails"/>
  <testcase name="basicDetails" time="159.789" classname="com.TDCN_June23.tc.TC003_TDCNBasicDetails"/>
  <testcase name="basicDetails" time="162.874" classname="com.TDCN_June23.tc.TC003_TDCNBasicDetails"/>
  <testcase name="basicDetails" time="163.365" classname="com.TDCN_June23.tc.TC003_TDCNBasicDetails"/>
  <testcase name="basicDetails" time="186.580" classname="com.TDCN_June23.tc.TC003_TDCNBasicDetails"/>
  <testcase name="basicDetails" time="159.855" classname="com.TDCN_June23.tc.TC003_TDCNBasicDetails"/>
  <testcase name="basicDetails" time="159.884" classname="com.TDCN_June23.tc.TC003_TDCNBasicDetails"/>
  <testcase name="basicDetails" time="159.990" classname="com.TDCN_June23.tc.TC003_TDCNBasicDetails"/>
  <testcase name="basicDetails" time="159.875" classname="com.TDCN_June23.tc.TC003_TDCNBasicDetails"/>
  <testcase name="basicDetails" time="163.234" classname="com.TDCN_June23.tc.TC003_TDCNBasicDetails"/>
  <testcase name="basicDetails" time="159.559" classname="com.TDCN_June23.tc.TC003_TDCNBasicDetails"/>
  <testcase name="basicDetails" time="162.957" classname="com.TDCN_June23.tc.TC003_TDCNBasicDetails"/>
  <testcase name="basicDetails" time="190.476" classname="com.TDCN_June23.tc.TC003_TDCNBasicDetails"/>
  <testcase name="basicDetails" time="163.242" classname="com.TDCN_June23.tc.TC003_TDCNBasicDetails"/>
</testsuite> <!-- com.TDCN_June23.tc.TC003_TDCNBasicDetails -->
