<?xml version="1.0" encoding="UTF-8"?>
<!-- Generated by org.testng.reporters.JUnitReportReporter -->
<testsuite skipped="0" hostname="MAA014482B" name="com.CRP_RRB_May23.tc.TC001_CRPBasicDetails" tests="4" failures="0" timestamp="2023-05-23T23:44:53 IST" time="646.477" errors="0">
  <testcase name="basicDetails" time="161.167" classname="com.CRP_RRB_May23.tc.TC001_CRPBasicDetails"/>
  <testcase name="basicDetails" time="161.605" classname="com.CRP_RRB_May23.tc.TC001_CRPBasicDetails"/>
  <testcase name="basicDetails" time="161.612" classname="com.CRP_RRB_May23.tc.TC001_CRPBasicDetails"/>
  <testcase name="basicDetails" time="162.093" classname="com.CRP_RRB_May23.tc.TC001_CRPBasicDetails"/>
</testsuite> <!-- com.CRP_RRB_May23.tc.TC001_CRPBasicDetails -->
