<?xml version="1.0" encoding="UTF-8"?>
<!-- Generated by org.testng.reporters.JUnitReportReporter -->
<testsuite skipped="0" hostname="MAA014482B" name="com.DCCB.tc.TC002_DCCBBasicDetails" tests="118" failures="0" timestamp="2022-08-04T05:35:40 IST" time="15166.212" errors="0">
  <testcase name="basicDetails" time="133.210" classname="com.DCCB.tc.TC002_DCCBBasicDetails"/>
  <testcase name="basicDetails" time="132.199" classname="com.DCCB.tc.TC002_DCCBBasicDetails"/>
  <testcase name="basicDetails" time="132.487" classname="com.DCCB.tc.TC002_DCCBBasicDetails"/>
  <testcase name="basicDetails" time="132.355" classname="com.DCCB.tc.TC002_DCCBBasicDetails"/>
  <testcase name="basicDetails" time="124.683" classname="com.DCCB.tc.TC002_DCCBBasicDetails"/>
  <testcase name="basicDetails" time="124.721" classname="com.DCCB.tc.TC002_DCCBBasicDetails"/>
  <testcase name="basicDetails" time="132.420" classname="com.DCCB.tc.TC002_DCCBBasicDetails"/>
  <testcase name="basicDetails" time="124.657" classname="com.DCCB.tc.TC002_DCCBBasicDetails"/>
  <testcase name="basicDetails" time="131.191" classname="com.DCCB.tc.TC002_DCCBBasicDetails"/>
  <testcase name="basicDetails" time="131.171" classname="com.DCCB.tc.TC002_DCCBBasicDetails"/>
  <testcase name="basicDetails" time="124.861" classname="com.DCCB.tc.TC002_DCCBBasicDetails"/>
  <testcase name="basicDetails" time="124.747" classname="com.DCCB.tc.TC002_DCCBBasicDetails"/>
  <testcase name="basicDetails" time="124.852" classname="com.DCCB.tc.TC002_DCCBBasicDetails"/>
  <testcase name="basicDetails" time="131.408" classname="com.DCCB.tc.TC002_DCCBBasicDetails"/>
  <testcase name="basicDetails" time="131.128" classname="com.DCCB.tc.TC002_DCCBBasicDetails"/>
  <testcase name="basicDetails" time="131.430" classname="com.DCCB.tc.TC002_DCCBBasicDetails"/>
  <testcase name="basicDetails" time="125.846" classname="com.DCCB.tc.TC002_DCCBBasicDetails"/>
  <testcase name="basicDetails" time="130.982" classname="com.DCCB.tc.TC002_DCCBBasicDetails"/>
  <testcase name="basicDetails" time="132.660" classname="com.DCCB.tc.TC002_DCCBBasicDetails"/>
  <testcase name="basicDetails" time="130.902" classname="com.DCCB.tc.TC002_DCCBBasicDetails"/>
  <testcase name="basicDetails" time="124.873" classname="com.DCCB.tc.TC002_DCCBBasicDetails"/>
  <testcase name="basicDetails" time="132.655" classname="com.DCCB.tc.TC002_DCCBBasicDetails"/>
  <testcase name="basicDetails" time="124.749" classname="com.DCCB.tc.TC002_DCCBBasicDetails"/>
  <testcase name="basicDetails" time="131.039" classname="com.DCCB.tc.TC002_DCCBBasicDetails"/>
  <testcase name="basicDetails" time="124.491" classname="com.DCCB.tc.TC002_DCCBBasicDetails"/>
  <testcase name="basicDetails" time="125.836" classname="com.DCCB.tc.TC002_DCCBBasicDetails"/>
  <testcase name="basicDetails" time="131.538" classname="com.DCCB.tc.TC002_DCCBBasicDetails"/>
  <testcase name="basicDetails" time="125.036" classname="com.DCCB.tc.TC002_DCCBBasicDetails"/>
  <testcase name="basicDetails" time="131.199" classname="com.DCCB.tc.TC002_DCCBBasicDetails"/>
  <testcase name="basicDetails" time="124.530" classname="com.DCCB.tc.TC002_DCCBBasicDetails"/>
  <testcase name="basicDetails" time="124.952" classname="com.DCCB.tc.TC002_DCCBBasicDetails"/>
  <testcase name="basicDetails" time="125.807" classname="com.DCCB.tc.TC002_DCCBBasicDetails"/>
  <testcase name="basicDetails" time="125.480" classname="com.DCCB.tc.TC002_DCCBBasicDetails"/>
  <testcase name="basicDetails" time="124.809" classname="com.DCCB.tc.TC002_DCCBBasicDetails"/>
  <testcase name="basicDetails" time="131.316" classname="com.DCCB.tc.TC002_DCCBBasicDetails"/>
  <testcase name="basicDetails" time="131.158" classname="com.DCCB.tc.TC002_DCCBBasicDetails"/>
  <testcase name="basicDetails" time="125.736" classname="com.DCCB.tc.TC002_DCCBBasicDetails"/>
  <testcase name="basicDetails" time="124.412" classname="com.DCCB.tc.TC002_DCCBBasicDetails"/>
  <testcase name="basicDetails" time="125.882" classname="com.DCCB.tc.TC002_DCCBBasicDetails"/>
  <testcase name="basicDetails" time="131.165" classname="com.DCCB.tc.TC002_DCCBBasicDetails"/>
  <testcase name="basicDetails" time="130.958" classname="com.DCCB.tc.TC002_DCCBBasicDetails"/>
  <testcase name="basicDetails" time="131.550" classname="com.DCCB.tc.TC002_DCCBBasicDetails"/>
  <testcase name="basicDetails" time="131.609" classname="com.DCCB.tc.TC002_DCCBBasicDetails"/>
  <testcase name="basicDetails" time="124.654" classname="com.DCCB.tc.TC002_DCCBBasicDetails"/>
  <testcase name="basicDetails" time="124.716" classname="com.DCCB.tc.TC002_DCCBBasicDetails"/>
  <testcase name="basicDetails" time="131.340" classname="com.DCCB.tc.TC002_DCCBBasicDetails"/>
  <testcase name="basicDetails" time="132.472" classname="com.DCCB.tc.TC002_DCCBBasicDetails"/>
  <testcase name="basicDetails" time="130.994" classname="com.DCCB.tc.TC002_DCCBBasicDetails"/>
  <testcase name="basicDetails" time="125.585" classname="com.DCCB.tc.TC002_DCCBBasicDetails"/>
  <testcase name="basicDetails" time="130.872" classname="com.DCCB.tc.TC002_DCCBBasicDetails"/>
  <testcase name="basicDetails" time="125.488" classname="com.DCCB.tc.TC002_DCCBBasicDetails"/>
  <testcase name="basicDetails" time="124.512" classname="com.DCCB.tc.TC002_DCCBBasicDetails"/>
  <testcase name="basicDetails" time="132.532" classname="com.DCCB.tc.TC002_DCCBBasicDetails"/>
  <testcase name="basicDetails" time="124.642" classname="com.DCCB.tc.TC002_DCCBBasicDetails"/>
  <testcase name="basicDetails" time="125.173" classname="com.DCCB.tc.TC002_DCCBBasicDetails"/>
  <testcase name="basicDetails" time="124.587" classname="com.DCCB.tc.TC002_DCCBBasicDetails"/>
  <testcase name="basicDetails" time="131.077" classname="com.DCCB.tc.TC002_DCCBBasicDetails"/>
  <testcase name="basicDetails" time="131.286" classname="com.DCCB.tc.TC002_DCCBBasicDetails"/>
  <testcase name="basicDetails" time="124.808" classname="com.DCCB.tc.TC002_DCCBBasicDetails"/>
  <testcase name="basicDetails" time="130.979" classname="com.DCCB.tc.TC002_DCCBBasicDetails"/>
  <testcase name="basicDetails" time="125.713" classname="com.DCCB.tc.TC002_DCCBBasicDetails"/>
  <testcase name="basicDetails" time="130.966" classname="com.DCCB.tc.TC002_DCCBBasicDetails"/>
  <testcase name="basicDetails" time="124.703" classname="com.DCCB.tc.TC002_DCCBBasicDetails"/>
  <testcase name="basicDetails" time="131.205" classname="com.DCCB.tc.TC002_DCCBBasicDetails"/>
  <testcase name="basicDetails" time="132.567" classname="com.DCCB.tc.TC002_DCCBBasicDetails"/>
  <testcase name="basicDetails" time="124.804" classname="com.DCCB.tc.TC002_DCCBBasicDetails"/>
  <testcase name="basicDetails" time="131.226" classname="com.DCCB.tc.TC002_DCCBBasicDetails"/>
  <testcase name="basicDetails" time="124.601" classname="com.DCCB.tc.TC002_DCCBBasicDetails"/>
  <testcase name="basicDetails" time="131.129" classname="com.DCCB.tc.TC002_DCCBBasicDetails"/>
  <testcase name="basicDetails" time="125.834" classname="com.DCCB.tc.TC002_DCCBBasicDetails"/>
  <testcase name="basicDetails" time="131.306" classname="com.DCCB.tc.TC002_DCCBBasicDetails"/>
  <testcase name="basicDetails" time="131.165" classname="com.DCCB.tc.TC002_DCCBBasicDetails"/>
  <testcase name="basicDetails" time="131.525" classname="com.DCCB.tc.TC002_DCCBBasicDetails"/>
  <testcase name="basicDetails" time="124.966" classname="com.DCCB.tc.TC002_DCCBBasicDetails"/>
  <testcase name="basicDetails" time="132.536" classname="com.DCCB.tc.TC002_DCCBBasicDetails"/>
  <testcase name="basicDetails" time="124.437" classname="com.DCCB.tc.TC002_DCCBBasicDetails"/>
  <testcase name="basicDetails" time="131.491" classname="com.DCCB.tc.TC002_DCCBBasicDetails"/>
  <testcase name="basicDetails" time="125.611" classname="com.DCCB.tc.TC002_DCCBBasicDetails"/>
  <testcase name="basicDetails" time="125.512" classname="com.DCCB.tc.TC002_DCCBBasicDetails"/>
  <testcase name="basicDetails" time="131.196" classname="com.DCCB.tc.TC002_DCCBBasicDetails"/>
  <testcase name="basicDetails" time="124.630" classname="com.DCCB.tc.TC002_DCCBBasicDetails"/>
  <testcase name="basicDetails" time="124.713" classname="com.DCCB.tc.TC002_DCCBBasicDetails"/>
  <testcase name="basicDetails" time="124.706" classname="com.DCCB.tc.TC002_DCCBBasicDetails"/>
  <testcase name="basicDetails" time="124.704" classname="com.DCCB.tc.TC002_DCCBBasicDetails"/>
  <testcase name="basicDetails" time="124.622" classname="com.DCCB.tc.TC002_DCCBBasicDetails"/>
  <testcase name="basicDetails" time="130.871" classname="com.DCCB.tc.TC002_DCCBBasicDetails"/>
  <testcase name="basicDetails" time="131.401" classname="com.DCCB.tc.TC002_DCCBBasicDetails"/>
  <testcase name="basicDetails" time="131.418" classname="com.DCCB.tc.TC002_DCCBBasicDetails"/>
  <testcase name="basicDetails" time="124.591" classname="com.DCCB.tc.TC002_DCCBBasicDetails"/>
  <testcase name="basicDetails" time="131.071" classname="com.DCCB.tc.TC002_DCCBBasicDetails"/>
  <testcase name="basicDetails" time="131.500" classname="com.DCCB.tc.TC002_DCCBBasicDetails"/>
  <testcase name="basicDetails" time="131.725" classname="com.DCCB.tc.TC002_DCCBBasicDetails"/>
  <testcase name="basicDetails" time="125.181" classname="com.DCCB.tc.TC002_DCCBBasicDetails"/>
  <testcase name="basicDetails" time="124.755" classname="com.DCCB.tc.TC002_DCCBBasicDetails"/>
  <testcase name="basicDetails" time="124.588" classname="com.DCCB.tc.TC002_DCCBBasicDetails"/>
  <testcase name="basicDetails" time="131.400" classname="com.DCCB.tc.TC002_DCCBBasicDetails"/>
  <testcase name="basicDetails" time="125.069" classname="com.DCCB.tc.TC002_DCCBBasicDetails"/>
  <testcase name="basicDetails" time="131.493" classname="com.DCCB.tc.TC002_DCCBBasicDetails"/>
  <testcase name="basicDetails" time="131.144" classname="com.DCCB.tc.TC002_DCCBBasicDetails"/>
  <testcase name="basicDetails" time="125.753" classname="com.DCCB.tc.TC002_DCCBBasicDetails"/>
  <testcase name="basicDetails" time="131.627" classname="com.DCCB.tc.TC002_DCCBBasicDetails"/>
  <testcase name="basicDetails" time="125.897" classname="com.DCCB.tc.TC002_DCCBBasicDetails"/>
  <testcase name="basicDetails" time="124.581" classname="com.DCCB.tc.TC002_DCCBBasicDetails"/>
  <testcase name="basicDetails" time="132.232" classname="com.DCCB.tc.TC002_DCCBBasicDetails"/>
  <testcase name="basicDetails" time="132.261" classname="com.DCCB.tc.TC002_DCCBBasicDetails"/>
  <testcase name="basicDetails" time="124.707" classname="com.DCCB.tc.TC002_DCCBBasicDetails"/>
  <testcase name="basicDetails" time="132.234" classname="com.DCCB.tc.TC002_DCCBBasicDetails"/>
  <testcase name="basicDetails" time="131.194" classname="com.DCCB.tc.TC002_DCCBBasicDetails"/>
  <testcase name="basicDetails" time="135.333" classname="com.DCCB.tc.TC002_DCCBBasicDetails"/>
  <testcase name="basicDetails" time="130.821" classname="com.DCCB.tc.TC002_DCCBBasicDetails"/>
  <testcase name="basicDetails" time="132.857" classname="com.DCCB.tc.TC002_DCCBBasicDetails"/>
  <testcase name="basicDetails" time="130.893" classname="com.DCCB.tc.TC002_DCCBBasicDetails"/>
  <testcase name="basicDetails" time="124.648" classname="com.DCCB.tc.TC002_DCCBBasicDetails"/>
  <testcase name="basicDetails" time="126.367" classname="com.DCCB.tc.TC002_DCCBBasicDetails"/>
  <testcase name="basicDetails" time="131.332" classname="com.DCCB.tc.TC002_DCCBBasicDetails"/>
  <testcase name="basicDetails" time="124.707" classname="com.DCCB.tc.TC002_DCCBBasicDetails"/>
  <testcase name="basicDetails" time="131.370" classname="com.DCCB.tc.TC002_DCCBBasicDetails"/>
  <testcase name="basicDetails" time="130.916" classname="com.DCCB.tc.TC002_DCCBBasicDetails"/>
</testsuite> <!-- com.DCCB.tc.TC002_DCCBBasicDetails -->
