<?xml version="1.0" encoding="UTF-8"?>
<!-- Generated by org.testng.reporters.JUnitReportReporter -->
<testsuite skipped="0" hostname="MAA014482B" name="com.RBI9FEB22.tc.TC001_RBI9FEB22BasicDetails" tests="116" failures="0" timestamp="2022-02-21T18:53:29 IST" time="13974.904" errors="0">
  <testcase name="basicDetails" time="121.503" classname="com.RBI9FEB22.tc.TC001_RBI9FEB22BasicDetails"/>
  <testcase name="basicDetails" time="119.104" classname="com.RBI9FEB22.tc.TC001_RBI9FEB22BasicDetails"/>
  <testcase name="basicDetails" time="120.177" classname="com.RBI9FEB22.tc.TC001_RBI9FEB22BasicDetails"/>
  <testcase name="basicDetails" time="119.013" classname="com.RBI9FEB22.tc.TC001_RBI9FEB22BasicDetails"/>
  <testcase name="basicDetails" time="118.998" classname="com.RBI9FEB22.tc.TC001_RBI9FEB22BasicDetails"/>
  <testcase name="basicDetails" time="120.557" classname="com.RBI9FEB22.tc.TC001_RBI9FEB22BasicDetails"/>
  <testcase name="basicDetails" time="120.618" classname="com.RBI9FEB22.tc.TC001_RBI9FEB22BasicDetails"/>
  <testcase name="basicDetails" time="120.290" classname="com.RBI9FEB22.tc.TC001_RBI9FEB22BasicDetails"/>
  <testcase name="basicDetails" time="120.505" classname="com.RBI9FEB22.tc.TC001_RBI9FEB22BasicDetails"/>
  <testcase name="basicDetails" time="120.088" classname="com.RBI9FEB22.tc.TC001_RBI9FEB22BasicDetails"/>
  <testcase name="basicDetails" time="120.123" classname="com.RBI9FEB22.tc.TC001_RBI9FEB22BasicDetails"/>
  <testcase name="basicDetails" time="120.686" classname="com.RBI9FEB22.tc.TC001_RBI9FEB22BasicDetails"/>
  <testcase name="basicDetails" time="120.218" classname="com.RBI9FEB22.tc.TC001_RBI9FEB22BasicDetails"/>
  <testcase name="basicDetails" time="121.136" classname="com.RBI9FEB22.tc.TC001_RBI9FEB22BasicDetails"/>
  <testcase name="basicDetails" time="119.971" classname="com.RBI9FEB22.tc.TC001_RBI9FEB22BasicDetails"/>
  <testcase name="basicDetails" time="120.776" classname="com.RBI9FEB22.tc.TC001_RBI9FEB22BasicDetails"/>
  <testcase name="basicDetails" time="120.376" classname="com.RBI9FEB22.tc.TC001_RBI9FEB22BasicDetails"/>
  <testcase name="basicDetails" time="119.760" classname="com.RBI9FEB22.tc.TC001_RBI9FEB22BasicDetails"/>
  <testcase name="basicDetails" time="120.370" classname="com.RBI9FEB22.tc.TC001_RBI9FEB22BasicDetails"/>
  <testcase name="basicDetails" time="120.294" classname="com.RBI9FEB22.tc.TC001_RBI9FEB22BasicDetails"/>
  <testcase name="basicDetails" time="120.386" classname="com.RBI9FEB22.tc.TC001_RBI9FEB22BasicDetails"/>
  <testcase name="basicDetails" time="120.221" classname="com.RBI9FEB22.tc.TC001_RBI9FEB22BasicDetails"/>
  <testcase name="basicDetails" time="120.137" classname="com.RBI9FEB22.tc.TC001_RBI9FEB22BasicDetails"/>
  <testcase name="basicDetails" time="120.492" classname="com.RBI9FEB22.tc.TC001_RBI9FEB22BasicDetails"/>
  <testcase name="basicDetails" time="119.957" classname="com.RBI9FEB22.tc.TC001_RBI9FEB22BasicDetails"/>
  <testcase name="basicDetails" time="120.857" classname="com.RBI9FEB22.tc.TC001_RBI9FEB22BasicDetails"/>
  <testcase name="basicDetails" time="120.773" classname="com.RBI9FEB22.tc.TC001_RBI9FEB22BasicDetails"/>
  <testcase name="basicDetails" time="120.076" classname="com.RBI9FEB22.tc.TC001_RBI9FEB22BasicDetails"/>
  <testcase name="basicDetails" time="120.173" classname="com.RBI9FEB22.tc.TC001_RBI9FEB22BasicDetails"/>
  <testcase name="basicDetails" time="120.195" classname="com.RBI9FEB22.tc.TC001_RBI9FEB22BasicDetails"/>
  <testcase name="basicDetails" time="120.841" classname="com.RBI9FEB22.tc.TC001_RBI9FEB22BasicDetails"/>
  <testcase name="basicDetails" time="120.306" classname="com.RBI9FEB22.tc.TC001_RBI9FEB22BasicDetails"/>
  <testcase name="basicDetails" time="119.847" classname="com.RBI9FEB22.tc.TC001_RBI9FEB22BasicDetails"/>
  <testcase name="basicDetails" time="120.874" classname="com.RBI9FEB22.tc.TC001_RBI9FEB22BasicDetails"/>
  <testcase name="basicDetails" time="120.710" classname="com.RBI9FEB22.tc.TC001_RBI9FEB22BasicDetails"/>
  <testcase name="basicDetails" time="120.990" classname="com.RBI9FEB22.tc.TC001_RBI9FEB22BasicDetails"/>
  <testcase name="basicDetails" time="120.508" classname="com.RBI9FEB22.tc.TC001_RBI9FEB22BasicDetails"/>
  <testcase name="basicDetails" time="120.217" classname="com.RBI9FEB22.tc.TC001_RBI9FEB22BasicDetails"/>
  <testcase name="basicDetails" time="120.541" classname="com.RBI9FEB22.tc.TC001_RBI9FEB22BasicDetails"/>
  <testcase name="basicDetails" time="120.614" classname="com.RBI9FEB22.tc.TC001_RBI9FEB22BasicDetails"/>
  <testcase name="basicDetails" time="120.044" classname="com.RBI9FEB22.tc.TC001_RBI9FEB22BasicDetails"/>
  <testcase name="basicDetails" time="120.615" classname="com.RBI9FEB22.tc.TC001_RBI9FEB22BasicDetails"/>
  <testcase name="basicDetails" time="120.432" classname="com.RBI9FEB22.tc.TC001_RBI9FEB22BasicDetails"/>
  <testcase name="basicDetails" time="120.147" classname="com.RBI9FEB22.tc.TC001_RBI9FEB22BasicDetails"/>
  <testcase name="basicDetails" time="120.085" classname="com.RBI9FEB22.tc.TC001_RBI9FEB22BasicDetails"/>
  <testcase name="basicDetails" time="120.347" classname="com.RBI9FEB22.tc.TC001_RBI9FEB22BasicDetails"/>
  <testcase name="basicDetails" time="120.886" classname="com.RBI9FEB22.tc.TC001_RBI9FEB22BasicDetails"/>
  <testcase name="basicDetails" time="120.070" classname="com.RBI9FEB22.tc.TC001_RBI9FEB22BasicDetails"/>
  <testcase name="basicDetails" time="120.545" classname="com.RBI9FEB22.tc.TC001_RBI9FEB22BasicDetails"/>
  <testcase name="basicDetails" time="120.168" classname="com.RBI9FEB22.tc.TC001_RBI9FEB22BasicDetails"/>
  <testcase name="basicDetails" time="120.278" classname="com.RBI9FEB22.tc.TC001_RBI9FEB22BasicDetails"/>
  <testcase name="basicDetails" time="120.307" classname="com.RBI9FEB22.tc.TC001_RBI9FEB22BasicDetails"/>
  <testcase name="basicDetails" time="120.246" classname="com.RBI9FEB22.tc.TC001_RBI9FEB22BasicDetails"/>
  <testcase name="basicDetails" time="120.827" classname="com.RBI9FEB22.tc.TC001_RBI9FEB22BasicDetails"/>
  <testcase name="basicDetails" time="120.278" classname="com.RBI9FEB22.tc.TC001_RBI9FEB22BasicDetails"/>
  <testcase name="basicDetails" time="119.799" classname="com.RBI9FEB22.tc.TC001_RBI9FEB22BasicDetails"/>
  <testcase name="basicDetails" time="119.752" classname="com.RBI9FEB22.tc.TC001_RBI9FEB22BasicDetails"/>
  <testcase name="basicDetails" time="120.320" classname="com.RBI9FEB22.tc.TC001_RBI9FEB22BasicDetails"/>
  <testcase name="basicDetails" time="120.119" classname="com.RBI9FEB22.tc.TC001_RBI9FEB22BasicDetails"/>
  <testcase name="basicDetails" time="120.625" classname="com.RBI9FEB22.tc.TC001_RBI9FEB22BasicDetails"/>
  <testcase name="basicDetails" time="120.256" classname="com.RBI9FEB22.tc.TC001_RBI9FEB22BasicDetails"/>
  <testcase name="basicDetails" time="120.654" classname="com.RBI9FEB22.tc.TC001_RBI9FEB22BasicDetails"/>
  <testcase name="basicDetails" time="119.385" classname="com.RBI9FEB22.tc.TC001_RBI9FEB22BasicDetails"/>
  <testcase name="basicDetails" time="120.777" classname="com.RBI9FEB22.tc.TC001_RBI9FEB22BasicDetails"/>
  <testcase name="basicDetails" time="120.538" classname="com.RBI9FEB22.tc.TC001_RBI9FEB22BasicDetails"/>
  <testcase name="basicDetails" time="120.454" classname="com.RBI9FEB22.tc.TC001_RBI9FEB22BasicDetails"/>
  <testcase name="basicDetails" time="120.115" classname="com.RBI9FEB22.tc.TC001_RBI9FEB22BasicDetails"/>
  <testcase name="basicDetails" time="128.428" classname="com.RBI9FEB22.tc.TC001_RBI9FEB22BasicDetails"/>
  <testcase name="basicDetails" time="121.824" classname="com.RBI9FEB22.tc.TC001_RBI9FEB22BasicDetails"/>
  <testcase name="basicDetails" time="120.296" classname="com.RBI9FEB22.tc.TC001_RBI9FEB22BasicDetails"/>
  <testcase name="basicDetails" time="121.432" classname="com.RBI9FEB22.tc.TC001_RBI9FEB22BasicDetails"/>
  <testcase name="basicDetails" time="120.271" classname="com.RBI9FEB22.tc.TC001_RBI9FEB22BasicDetails"/>
  <testcase name="basicDetails" time="119.837" classname="com.RBI9FEB22.tc.TC001_RBI9FEB22BasicDetails"/>
  <testcase name="basicDetails" time="120.271" classname="com.RBI9FEB22.tc.TC001_RBI9FEB22BasicDetails"/>
  <testcase name="basicDetails" time="120.464" classname="com.RBI9FEB22.tc.TC001_RBI9FEB22BasicDetails"/>
  <testcase name="basicDetails" time="123.075" classname="com.RBI9FEB22.tc.TC001_RBI9FEB22BasicDetails"/>
  <testcase name="basicDetails" time="121.664" classname="com.RBI9FEB22.tc.TC001_RBI9FEB22BasicDetails"/>
  <testcase name="basicDetails" time="120.542" classname="com.RBI9FEB22.tc.TC001_RBI9FEB22BasicDetails"/>
  <testcase name="basicDetails" time="120.269" classname="com.RBI9FEB22.tc.TC001_RBI9FEB22BasicDetails"/>
  <testcase name="basicDetails" time="120.718" classname="com.RBI9FEB22.tc.TC001_RBI9FEB22BasicDetails"/>
  <testcase name="basicDetails" time="121.077" classname="com.RBI9FEB22.tc.TC001_RBI9FEB22BasicDetails"/>
  <testcase name="basicDetails" time="119.827" classname="com.RBI9FEB22.tc.TC001_RBI9FEB22BasicDetails"/>
  <testcase name="basicDetails" time="120.715" classname="com.RBI9FEB22.tc.TC001_RBI9FEB22BasicDetails"/>
  <testcase name="basicDetails" time="120.139" classname="com.RBI9FEB22.tc.TC001_RBI9FEB22BasicDetails"/>
  <testcase name="basicDetails" time="119.984" classname="com.RBI9FEB22.tc.TC001_RBI9FEB22BasicDetails"/>
  <testcase name="basicDetails" time="120.564" classname="com.RBI9FEB22.tc.TC001_RBI9FEB22BasicDetails"/>
  <testcase name="basicDetails" time="120.373" classname="com.RBI9FEB22.tc.TC001_RBI9FEB22BasicDetails"/>
  <testcase name="basicDetails" time="120.239" classname="com.RBI9FEB22.tc.TC001_RBI9FEB22BasicDetails"/>
  <testcase name="basicDetails" time="120.570" classname="com.RBI9FEB22.tc.TC001_RBI9FEB22BasicDetails"/>
  <testcase name="basicDetails" time="120.689" classname="com.RBI9FEB22.tc.TC001_RBI9FEB22BasicDetails"/>
  <testcase name="basicDetails" time="120.676" classname="com.RBI9FEB22.tc.TC001_RBI9FEB22BasicDetails"/>
  <testcase name="basicDetails" time="120.470" classname="com.RBI9FEB22.tc.TC001_RBI9FEB22BasicDetails"/>
  <testcase name="basicDetails" time="120.594" classname="com.RBI9FEB22.tc.TC001_RBI9FEB22BasicDetails"/>
  <testcase name="basicDetails" time="120.408" classname="com.RBI9FEB22.tc.TC001_RBI9FEB22BasicDetails"/>
  <testcase name="basicDetails" time="120.211" classname="com.RBI9FEB22.tc.TC001_RBI9FEB22BasicDetails"/>
  <testcase name="basicDetails" time="120.175" classname="com.RBI9FEB22.tc.TC001_RBI9FEB22BasicDetails"/>
  <testcase name="basicDetails" time="119.985" classname="com.RBI9FEB22.tc.TC001_RBI9FEB22BasicDetails"/>
  <testcase name="basicDetails" time="120.621" classname="com.RBI9FEB22.tc.TC001_RBI9FEB22BasicDetails"/>
  <testcase name="basicDetails" time="120.311" classname="com.RBI9FEB22.tc.TC001_RBI9FEB22BasicDetails"/>
  <testcase name="basicDetails" time="120.774" classname="com.RBI9FEB22.tc.TC001_RBI9FEB22BasicDetails"/>
  <testcase name="basicDetails" time="120.814" classname="com.RBI9FEB22.tc.TC001_RBI9FEB22BasicDetails"/>
  <testcase name="basicDetails" time="120.634" classname="com.RBI9FEB22.tc.TC001_RBI9FEB22BasicDetails"/>
  <testcase name="basicDetails" time="120.218" classname="com.RBI9FEB22.tc.TC001_RBI9FEB22BasicDetails"/>
  <testcase name="basicDetails" time="120.594" classname="com.RBI9FEB22.tc.TC001_RBI9FEB22BasicDetails"/>
  <testcase name="basicDetails" time="120.124" classname="com.RBI9FEB22.tc.TC001_RBI9FEB22BasicDetails"/>
  <testcase name="basicDetails" time="120.731" classname="com.RBI9FEB22.tc.TC001_RBI9FEB22BasicDetails"/>
  <testcase name="basicDetails" time="120.443" classname="com.RBI9FEB22.tc.TC001_RBI9FEB22BasicDetails"/>
  <testcase name="basicDetails" time="120.593" classname="com.RBI9FEB22.tc.TC001_RBI9FEB22BasicDetails"/>
  <testcase name="basicDetails" time="120.213" classname="com.RBI9FEB22.tc.TC001_RBI9FEB22BasicDetails"/>
  <testcase name="basicDetails" time="120.170" classname="com.RBI9FEB22.tc.TC001_RBI9FEB22BasicDetails"/>
  <testcase name="basicDetails" time="120.496" classname="com.RBI9FEB22.tc.TC001_RBI9FEB22BasicDetails"/>
  <testcase name="basicDetails" time="119.578" classname="com.RBI9FEB22.tc.TC001_RBI9FEB22BasicDetails"/>
  <testcase name="basicDetails" time="120.410" classname="com.RBI9FEB22.tc.TC001_RBI9FEB22BasicDetails"/>
  <testcase name="basicDetails" time="119.750" classname="com.RBI9FEB22.tc.TC001_RBI9FEB22BasicDetails"/>
  <testcase name="basicDetails" time="121.093" classname="com.RBI9FEB22.tc.TC001_RBI9FEB22BasicDetails"/>
  <testcase name="basicDetails" time="120.203" classname="com.RBI9FEB22.tc.TC001_RBI9FEB22BasicDetails"/>
</testsuite> <!-- com.RBI9FEB22.tc.TC001_RBI9FEB22BasicDetails -->
