<?xml version="1.0" encoding="UTF-8"?>
<!-- Generated by org.testng.reporters.JUnitReportReporter -->
<testsuite skipped="0" hostname="MAA014482B" name="com.CSB_20Oct22.tc.TC005_CSBBasicDetails" tests="125" failures="0" timestamp="2022-12-29T07:03:58 IST" time="20605.797" errors="0">
  <testcase name="basicDetails" time="164.437" classname="com.CSB_20Oct22.tc.TC005_CSBBasicDetails"/>
  <testcase name="basicDetails" time="165.154" classname="com.CSB_20Oct22.tc.TC005_CSBBasicDetails"/>
  <testcase name="basicDetails" time="164.472" classname="com.CSB_20Oct22.tc.TC005_CSBBasicDetails"/>
  <testcase name="basicDetails" time="165.892" classname="com.CSB_20Oct22.tc.TC005_CSBBasicDetails"/>
  <testcase name="basicDetails" time="164.606" classname="com.CSB_20Oct22.tc.TC005_CSBBasicDetails"/>
  <testcase name="basicDetails" time="165.499" classname="com.CSB_20Oct22.tc.TC005_CSBBasicDetails"/>
  <testcase name="basicDetails" time="165.704" classname="com.CSB_20Oct22.tc.TC005_CSBBasicDetails"/>
  <testcase name="basicDetails" time="165.423" classname="com.CSB_20Oct22.tc.TC005_CSBBasicDetails"/>
  <testcase name="basicDetails" time="164.284" classname="com.CSB_20Oct22.tc.TC005_CSBBasicDetails"/>
  <testcase name="basicDetails" time="164.501" classname="com.CSB_20Oct22.tc.TC005_CSBBasicDetails"/>
  <testcase name="basicDetails" time="166.252" classname="com.CSB_20Oct22.tc.TC005_CSBBasicDetails"/>
  <testcase name="basicDetails" time="164.754" classname="com.CSB_20Oct22.tc.TC005_CSBBasicDetails"/>
  <testcase name="basicDetails" time="164.260" classname="com.CSB_20Oct22.tc.TC005_CSBBasicDetails"/>
  <testcase name="basicDetails" time="165.952" classname="com.CSB_20Oct22.tc.TC005_CSBBasicDetails"/>
  <testcase name="basicDetails" time="162.737" classname="com.CSB_20Oct22.tc.TC005_CSBBasicDetails"/>
  <testcase name="basicDetails" time="165.768" classname="com.CSB_20Oct22.tc.TC005_CSBBasicDetails"/>
  <testcase name="basicDetails" time="165.458" classname="com.CSB_20Oct22.tc.TC005_CSBBasicDetails"/>
  <testcase name="basicDetails" time="164.384" classname="com.CSB_20Oct22.tc.TC005_CSBBasicDetails"/>
  <testcase name="basicDetails" time="165.243" classname="com.CSB_20Oct22.tc.TC005_CSBBasicDetails"/>
  <testcase name="basicDetails" time="164.566" classname="com.CSB_20Oct22.tc.TC005_CSBBasicDetails"/>
  <testcase name="basicDetails" time="165.709" classname="com.CSB_20Oct22.tc.TC005_CSBBasicDetails"/>
  <testcase name="basicDetails" time="162.751" classname="com.CSB_20Oct22.tc.TC005_CSBBasicDetails"/>
  <testcase name="basicDetails" time="165.586" classname="com.CSB_20Oct22.tc.TC005_CSBBasicDetails"/>
  <testcase name="basicDetails" time="165.683" classname="com.CSB_20Oct22.tc.TC005_CSBBasicDetails"/>
  <testcase name="basicDetails" time="164.642" classname="com.CSB_20Oct22.tc.TC005_CSBBasicDetails"/>
  <testcase name="basicDetails" time="164.449" classname="com.CSB_20Oct22.tc.TC005_CSBBasicDetails"/>
  <testcase name="basicDetails" time="164.289" classname="com.CSB_20Oct22.tc.TC005_CSBBasicDetails"/>
  <testcase name="basicDetails" time="165.547" classname="com.CSB_20Oct22.tc.TC005_CSBBasicDetails"/>
  <testcase name="basicDetails" time="165.412" classname="com.CSB_20Oct22.tc.TC005_CSBBasicDetails"/>
  <testcase name="basicDetails" time="164.351" classname="com.CSB_20Oct22.tc.TC005_CSBBasicDetails"/>
  <testcase name="basicDetails" time="164.732" classname="com.CSB_20Oct22.tc.TC005_CSBBasicDetails"/>
  <testcase name="basicDetails" time="164.606" classname="com.CSB_20Oct22.tc.TC005_CSBBasicDetails"/>
  <testcase name="basicDetails" time="164.924" classname="com.CSB_20Oct22.tc.TC005_CSBBasicDetails"/>
  <testcase name="basicDetails" time="164.271" classname="com.CSB_20Oct22.tc.TC005_CSBBasicDetails"/>
  <testcase name="basicDetails" time="164.228" classname="com.CSB_20Oct22.tc.TC005_CSBBasicDetails"/>
  <testcase name="basicDetails" time="164.530" classname="com.CSB_20Oct22.tc.TC005_CSBBasicDetails"/>
  <testcase name="basicDetails" time="164.315" classname="com.CSB_20Oct22.tc.TC005_CSBBasicDetails"/>
  <testcase name="basicDetails" time="164.557" classname="com.CSB_20Oct22.tc.TC005_CSBBasicDetails"/>
  <testcase name="basicDetails" time="164.431" classname="com.CSB_20Oct22.tc.TC005_CSBBasicDetails"/>
  <testcase name="basicDetails" time="164.372" classname="com.CSB_20Oct22.tc.TC005_CSBBasicDetails"/>
  <testcase name="basicDetails" time="164.595" classname="com.CSB_20Oct22.tc.TC005_CSBBasicDetails"/>
  <testcase name="basicDetails" time="164.413" classname="com.CSB_20Oct22.tc.TC005_CSBBasicDetails"/>
  <testcase name="basicDetails" time="164.435" classname="com.CSB_20Oct22.tc.TC005_CSBBasicDetails"/>
  <testcase name="basicDetails" time="164.357" classname="com.CSB_20Oct22.tc.TC005_CSBBasicDetails"/>
  <testcase name="basicDetails" time="165.272" classname="com.CSB_20Oct22.tc.TC005_CSBBasicDetails"/>
  <testcase name="basicDetails" time="164.139" classname="com.CSB_20Oct22.tc.TC005_CSBBasicDetails"/>
  <testcase name="basicDetails" time="164.745" classname="com.CSB_20Oct22.tc.TC005_CSBBasicDetails"/>
  <testcase name="basicDetails" time="165.492" classname="com.CSB_20Oct22.tc.TC005_CSBBasicDetails"/>
  <testcase name="basicDetails" time="164.004" classname="com.CSB_20Oct22.tc.TC005_CSBBasicDetails"/>
  <testcase name="basicDetails" time="165.639" classname="com.CSB_20Oct22.tc.TC005_CSBBasicDetails"/>
  <testcase name="basicDetails" time="165.550" classname="com.CSB_20Oct22.tc.TC005_CSBBasicDetails"/>
  <testcase name="basicDetails" time="164.338" classname="com.CSB_20Oct22.tc.TC005_CSBBasicDetails"/>
  <testcase name="basicDetails" time="165.728" classname="com.CSB_20Oct22.tc.TC005_CSBBasicDetails"/>
  <testcase name="basicDetails" time="164.532" classname="com.CSB_20Oct22.tc.TC005_CSBBasicDetails"/>
  <testcase name="basicDetails" time="164.603" classname="com.CSB_20Oct22.tc.TC005_CSBBasicDetails"/>
  <testcase name="basicDetails" time="164.359" classname="com.CSB_20Oct22.tc.TC005_CSBBasicDetails"/>
  <testcase name="basicDetails" time="164.582" classname="com.CSB_20Oct22.tc.TC005_CSBBasicDetails"/>
  <testcase name="basicDetails" time="164.400" classname="com.CSB_20Oct22.tc.TC005_CSBBasicDetails"/>
  <testcase name="basicDetails" time="164.281" classname="com.CSB_20Oct22.tc.TC005_CSBBasicDetails"/>
  <testcase name="basicDetails" time="164.702" classname="com.CSB_20Oct22.tc.TC005_CSBBasicDetails"/>
  <testcase name="basicDetails" time="165.726" classname="com.CSB_20Oct22.tc.TC005_CSBBasicDetails"/>
  <testcase name="basicDetails" time="165.672" classname="com.CSB_20Oct22.tc.TC005_CSBBasicDetails"/>
  <testcase name="basicDetails" time="164.832" classname="com.CSB_20Oct22.tc.TC005_CSBBasicDetails"/>
  <testcase name="basicDetails" time="164.432" classname="com.CSB_20Oct22.tc.TC005_CSBBasicDetails"/>
  <testcase name="basicDetails" time="165.666" classname="com.CSB_20Oct22.tc.TC005_CSBBasicDetails"/>
  <testcase name="basicDetails" time="164.320" classname="com.CSB_20Oct22.tc.TC005_CSBBasicDetails"/>
  <testcase name="basicDetails" time="164.474" classname="com.CSB_20Oct22.tc.TC005_CSBBasicDetails"/>
  <testcase name="basicDetails" time="165.584" classname="com.CSB_20Oct22.tc.TC005_CSBBasicDetails"/>
  <testcase name="basicDetails" time="165.593" classname="com.CSB_20Oct22.tc.TC005_CSBBasicDetails"/>
  <testcase name="basicDetails" time="165.367" classname="com.CSB_20Oct22.tc.TC005_CSBBasicDetails"/>
  <testcase name="basicDetails" time="164.318" classname="com.CSB_20Oct22.tc.TC005_CSBBasicDetails"/>
  <testcase name="basicDetails" time="165.210" classname="com.CSB_20Oct22.tc.TC005_CSBBasicDetails"/>
  <testcase name="basicDetails" time="165.909" classname="com.CSB_20Oct22.tc.TC005_CSBBasicDetails"/>
  <testcase name="basicDetails" time="164.251" classname="com.CSB_20Oct22.tc.TC005_CSBBasicDetails"/>
  <testcase name="basicDetails" time="164.398" classname="com.CSB_20Oct22.tc.TC005_CSBBasicDetails"/>
  <testcase name="basicDetails" time="165.162" classname="com.CSB_20Oct22.tc.TC005_CSBBasicDetails"/>
  <testcase name="basicDetails" time="165.860" classname="com.CSB_20Oct22.tc.TC005_CSBBasicDetails"/>
  <testcase name="basicDetails" time="164.520" classname="com.CSB_20Oct22.tc.TC005_CSBBasicDetails"/>
  <testcase name="basicDetails" time="164.778" classname="com.CSB_20Oct22.tc.TC005_CSBBasicDetails"/>
  <testcase name="basicDetails" time="164.457" classname="com.CSB_20Oct22.tc.TC005_CSBBasicDetails"/>
  <testcase name="basicDetails" time="165.678" classname="com.CSB_20Oct22.tc.TC005_CSBBasicDetails"/>
  <testcase name="basicDetails" time="164.480" classname="com.CSB_20Oct22.tc.TC005_CSBBasicDetails"/>
  <testcase name="basicDetails" time="165.465" classname="com.CSB_20Oct22.tc.TC005_CSBBasicDetails"/>
  <testcase name="basicDetails" time="165.589" classname="com.CSB_20Oct22.tc.TC005_CSBBasicDetails"/>
  <testcase name="basicDetails" time="164.460" classname="com.CSB_20Oct22.tc.TC005_CSBBasicDetails"/>
  <testcase name="basicDetails" time="164.468" classname="com.CSB_20Oct22.tc.TC005_CSBBasicDetails"/>
  <testcase name="basicDetails" time="165.023" classname="com.CSB_20Oct22.tc.TC005_CSBBasicDetails"/>
  <testcase name="basicDetails" time="165.766" classname="com.CSB_20Oct22.tc.TC005_CSBBasicDetails"/>
  <testcase name="basicDetails" time="164.700" classname="com.CSB_20Oct22.tc.TC005_CSBBasicDetails"/>
  <testcase name="basicDetails" time="164.424" classname="com.CSB_20Oct22.tc.TC005_CSBBasicDetails"/>
  <testcase name="basicDetails" time="164.276" classname="com.CSB_20Oct22.tc.TC005_CSBBasicDetails"/>
  <testcase name="basicDetails" time="165.441" classname="com.CSB_20Oct22.tc.TC005_CSBBasicDetails"/>
  <testcase name="basicDetails" time="164.386" classname="com.CSB_20Oct22.tc.TC005_CSBBasicDetails"/>
  <testcase name="basicDetails" time="164.794" classname="com.CSB_20Oct22.tc.TC005_CSBBasicDetails"/>
  <testcase name="basicDetails" time="164.574" classname="com.CSB_20Oct22.tc.TC005_CSBBasicDetails"/>
  <testcase name="basicDetails" time="165.629" classname="com.CSB_20Oct22.tc.TC005_CSBBasicDetails"/>
  <testcase name="basicDetails" time="165.475" classname="com.CSB_20Oct22.tc.TC005_CSBBasicDetails"/>
  <testcase name="basicDetails" time="164.337" classname="com.CSB_20Oct22.tc.TC005_CSBBasicDetails"/>
  <testcase name="basicDetails" time="165.463" classname="com.CSB_20Oct22.tc.TC005_CSBBasicDetails"/>
  <testcase name="basicDetails" time="164.335" classname="com.CSB_20Oct22.tc.TC005_CSBBasicDetails"/>
  <testcase name="basicDetails" time="164.065" classname="com.CSB_20Oct22.tc.TC005_CSBBasicDetails"/>
  <testcase name="basicDetails" time="164.364" classname="com.CSB_20Oct22.tc.TC005_CSBBasicDetails"/>
  <testcase name="basicDetails" time="164.374" classname="com.CSB_20Oct22.tc.TC005_CSBBasicDetails"/>
  <testcase name="basicDetails" time="164.537" classname="com.CSB_20Oct22.tc.TC005_CSBBasicDetails"/>
  <testcase name="basicDetails" time="165.458" classname="com.CSB_20Oct22.tc.TC005_CSBBasicDetails"/>
  <testcase name="basicDetails" time="164.437" classname="com.CSB_20Oct22.tc.TC005_CSBBasicDetails"/>
  <testcase name="basicDetails" time="164.317" classname="com.CSB_20Oct22.tc.TC005_CSBBasicDetails"/>
  <testcase name="basicDetails" time="166.087" classname="com.CSB_20Oct22.tc.TC005_CSBBasicDetails"/>
  <testcase name="basicDetails" time="165.462" classname="com.CSB_20Oct22.tc.TC005_CSBBasicDetails"/>
  <testcase name="basicDetails" time="165.632" classname="com.CSB_20Oct22.tc.TC005_CSBBasicDetails"/>
  <testcase name="basicDetails" time="164.747" classname="com.CSB_20Oct22.tc.TC005_CSBBasicDetails"/>
  <testcase name="basicDetails" time="164.124" classname="com.CSB_20Oct22.tc.TC005_CSBBasicDetails"/>
  <testcase name="basicDetails" time="164.344" classname="com.CSB_20Oct22.tc.TC005_CSBBasicDetails"/>
  <testcase name="basicDetails" time="163.983" classname="com.CSB_20Oct22.tc.TC005_CSBBasicDetails"/>
  <testcase name="basicDetails" time="163.302" classname="com.CSB_20Oct22.tc.TC005_CSBBasicDetails"/>
  <testcase name="basicDetails" time="164.550" classname="com.CSB_20Oct22.tc.TC005_CSBBasicDetails"/>
  <testcase name="basicDetails" time="165.670" classname="com.CSB_20Oct22.tc.TC005_CSBBasicDetails"/>
  <testcase name="basicDetails" time="165.574" classname="com.CSB_20Oct22.tc.TC005_CSBBasicDetails"/>
  <testcase name="basicDetails" time="164.911" classname="com.CSB_20Oct22.tc.TC005_CSBBasicDetails"/>
  <testcase name="basicDetails" time="164.978" classname="com.CSB_20Oct22.tc.TC005_CSBBasicDetails"/>
  <testcase name="basicDetails" time="165.463" classname="com.CSB_20Oct22.tc.TC005_CSBBasicDetails"/>
  <testcase name="basicDetails" time="164.723" classname="com.CSB_20Oct22.tc.TC005_CSBBasicDetails"/>
  <testcase name="basicDetails" time="165.492" classname="com.CSB_20Oct22.tc.TC005_CSBBasicDetails"/>
  <testcase name="basicDetails" time="164.477" classname="com.CSB_20Oct22.tc.TC005_CSBBasicDetails"/>
  <testcase name="basicDetails" time="164.536" classname="com.CSB_20Oct22.tc.TC005_CSBBasicDetails"/>
</testsuite> <!-- com.CSB_20Oct22.tc.TC005_CSBBasicDetails -->
