<?xml version="1.0" encoding="UTF-8"?>
<!-- Generated by org.testng.reporters.JUnitReportReporter -->
<testsuite skipped="0" hostname="MAA014482B" name="com.IGM_Kolkata_May23.tc.TC001_IGMBasicDetails" tests="4" failures="0" timestamp="2023-06-07T15:27:25 IST" time="652.455" errors="0">
  <testcase name="basicDetails" time="161.829" classname="com.IGM_Kolkata_May23.tc.TC001_IGMBasicDetails"/>
  <testcase name="basicDetails" time="166.489" classname="com.IGM_Kolkata_May23.tc.TC001_IGMBasicDetails"/>
  <testcase name="basicDetails" time="162.384" classname="com.IGM_Kolkata_May23.tc.TC001_IGMBasicDetails"/>
  <testcase name="basicDetails" time="161.753" classname="com.IGM_Kolkata_May23.tc.TC001_IGMBasicDetails"/>
</testsuite> <!-- com.IGM_Kolkata_May23.tc.TC001_IGMBasicDetails -->
