<?xml version="1.0" encoding="UTF-8"?>
<!-- Generated by org.testng.reporters.JUnitReportReporter -->
<testsuite skipped="0" hostname="MAA014482B" name="com.RBIJE_May23.tc.TC002_RBIJEBasicDetails" tests="180" failures="0" timestamp="2023-05-30T20:45:53 IST" time="29290.205" errors="0">
  <testcase name="basicDetails" time="165.144" classname="com.RBIJE_May23.tc.TC002_RBIJEBasicDetails"/>
  <testcase name="basicDetails" time="165.198" classname="com.RBIJE_May23.tc.TC002_RBIJEBasicDetails"/>
  <testcase name="basicDetails" time="161.847" classname="com.RBIJE_May23.tc.TC002_RBIJEBasicDetails"/>
  <testcase name="basicDetails" time="166.258" classname="com.RBIJE_May23.tc.TC002_RBIJEBasicDetails"/>
  <testcase name="basicDetails" time="162.226" classname="com.RBIJE_May23.tc.TC002_RBIJEBasicDetails"/>
  <testcase name="basicDetails" time="161.035" classname="com.RBIJE_May23.tc.TC002_RBIJEBasicDetails"/>
  <testcase name="basicDetails" time="160.905" classname="com.RBIJE_May23.tc.TC002_RBIJEBasicDetails"/>
  <testcase name="basicDetails" time="163.892" classname="com.RBIJE_May23.tc.TC002_RBIJEBasicDetails"/>
  <testcase name="basicDetails" time="160.908" classname="com.RBIJE_May23.tc.TC002_RBIJEBasicDetails"/>
  <testcase name="basicDetails" time="161.556" classname="com.RBIJE_May23.tc.TC002_RBIJEBasicDetails"/>
  <testcase name="basicDetails" time="162.032" classname="com.RBIJE_May23.tc.TC002_RBIJEBasicDetails"/>
  <testcase name="basicDetails" time="161.896" classname="com.RBIJE_May23.tc.TC002_RBIJEBasicDetails"/>
  <testcase name="basicDetails" time="160.856" classname="com.RBIJE_May23.tc.TC002_RBIJEBasicDetails"/>
  <testcase name="basicDetails" time="162.007" classname="com.RBIJE_May23.tc.TC002_RBIJEBasicDetails"/>
  <testcase name="basicDetails" time="160.631" classname="com.RBIJE_May23.tc.TC002_RBIJEBasicDetails"/>
  <testcase name="basicDetails" time="165.012" classname="com.RBIJE_May23.tc.TC002_RBIJEBasicDetails"/>
  <testcase name="basicDetails" time="164.155" classname="com.RBIJE_May23.tc.TC002_RBIJEBasicDetails"/>
  <testcase name="basicDetails" time="162.323" classname="com.RBIJE_May23.tc.TC002_RBIJEBasicDetails"/>
  <testcase name="basicDetails" time="161.063" classname="com.RBIJE_May23.tc.TC002_RBIJEBasicDetails"/>
  <testcase name="basicDetails" time="164.880" classname="com.RBIJE_May23.tc.TC002_RBIJEBasicDetails"/>
  <testcase name="basicDetails" time="166.037" classname="com.RBIJE_May23.tc.TC002_RBIJEBasicDetails"/>
  <testcase name="basicDetails" time="162.147" classname="com.RBIJE_May23.tc.TC002_RBIJEBasicDetails"/>
  <testcase name="basicDetails" time="165.024" classname="com.RBIJE_May23.tc.TC002_RBIJEBasicDetails"/>
  <testcase name="basicDetails" time="165.128" classname="com.RBIJE_May23.tc.TC002_RBIJEBasicDetails"/>
  <testcase name="basicDetails" time="162.013" classname="com.RBIJE_May23.tc.TC002_RBIJEBasicDetails"/>
  <testcase name="basicDetails" time="166.400" classname="com.RBIJE_May23.tc.TC002_RBIJEBasicDetails"/>
  <testcase name="basicDetails" time="162.361" classname="com.RBIJE_May23.tc.TC002_RBIJEBasicDetails"/>
  <testcase name="basicDetails" time="162.278" classname="com.RBIJE_May23.tc.TC002_RBIJEBasicDetails"/>
  <testcase name="basicDetails" time="160.851" classname="com.RBIJE_May23.tc.TC002_RBIJEBasicDetails"/>
  <testcase name="basicDetails" time="161.125" classname="com.RBIJE_May23.tc.TC002_RBIJEBasicDetails"/>
  <testcase name="basicDetails" time="162.402" classname="com.RBIJE_May23.tc.TC002_RBIJEBasicDetails"/>
  <testcase name="basicDetails" time="163.872" classname="com.RBIJE_May23.tc.TC002_RBIJEBasicDetails"/>
  <testcase name="basicDetails" time="164.539" classname="com.RBIJE_May23.tc.TC002_RBIJEBasicDetails"/>
  <testcase name="basicDetails" time="163.017" classname="com.RBIJE_May23.tc.TC002_RBIJEBasicDetails"/>
  <testcase name="basicDetails" time="160.486" classname="com.RBIJE_May23.tc.TC002_RBIJEBasicDetails"/>
  <testcase name="basicDetails" time="161.072" classname="com.RBIJE_May23.tc.TC002_RBIJEBasicDetails"/>
  <testcase name="basicDetails" time="161.146" classname="com.RBIJE_May23.tc.TC002_RBIJEBasicDetails"/>
  <testcase name="basicDetails" time="160.744" classname="com.RBIJE_May23.tc.TC002_RBIJEBasicDetails"/>
  <testcase name="basicDetails" time="160.947" classname="com.RBIJE_May23.tc.TC002_RBIJEBasicDetails"/>
  <testcase name="basicDetails" time="164.858" classname="com.RBIJE_May23.tc.TC002_RBIJEBasicDetails"/>
  <testcase name="basicDetails" time="165.372" classname="com.RBIJE_May23.tc.TC002_RBIJEBasicDetails"/>
  <testcase name="basicDetails" time="161.842" classname="com.RBIJE_May23.tc.TC002_RBIJEBasicDetails"/>
  <testcase name="basicDetails" time="160.838" classname="com.RBIJE_May23.tc.TC002_RBIJEBasicDetails"/>
  <testcase name="basicDetails" time="161.663" classname="com.RBIJE_May23.tc.TC002_RBIJEBasicDetails"/>
  <testcase name="basicDetails" time="162.035" classname="com.RBIJE_May23.tc.TC002_RBIJEBasicDetails"/>
  <testcase name="basicDetails" time="163.847" classname="com.RBIJE_May23.tc.TC002_RBIJEBasicDetails"/>
  <testcase name="basicDetails" time="166.249" classname="com.RBIJE_May23.tc.TC002_RBIJEBasicDetails"/>
  <testcase name="basicDetails" time="160.973" classname="com.RBIJE_May23.tc.TC002_RBIJEBasicDetails"/>
  <testcase name="basicDetails" time="161.090" classname="com.RBIJE_May23.tc.TC002_RBIJEBasicDetails"/>
  <testcase name="basicDetails" time="164.164" classname="com.RBIJE_May23.tc.TC002_RBIJEBasicDetails"/>
  <testcase name="basicDetails" time="162.288" classname="com.RBIJE_May23.tc.TC002_RBIJEBasicDetails"/>
  <testcase name="basicDetails" time="160.875" classname="com.RBIJE_May23.tc.TC002_RBIJEBasicDetails"/>
  <testcase name="basicDetails" time="163.851" classname="com.RBIJE_May23.tc.TC002_RBIJEBasicDetails"/>
  <testcase name="basicDetails" time="165.054" classname="com.RBIJE_May23.tc.TC002_RBIJEBasicDetails"/>
  <testcase name="basicDetails" time="164.212" classname="com.RBIJE_May23.tc.TC002_RBIJEBasicDetails"/>
  <testcase name="basicDetails" time="163.989" classname="com.RBIJE_May23.tc.TC002_RBIJEBasicDetails"/>
  <testcase name="basicDetails" time="162.122" classname="com.RBIJE_May23.tc.TC002_RBIJEBasicDetails"/>
  <testcase name="basicDetails" time="162.189" classname="com.RBIJE_May23.tc.TC002_RBIJEBasicDetails"/>
  <testcase name="basicDetails" time="166.764" classname="com.RBIJE_May23.tc.TC002_RBIJEBasicDetails"/>
  <testcase name="basicDetails" time="161.801" classname="com.RBIJE_May23.tc.TC002_RBIJEBasicDetails"/>
  <testcase name="basicDetails" time="162.103" classname="com.RBIJE_May23.tc.TC002_RBIJEBasicDetails"/>
  <testcase name="basicDetails" time="160.902" classname="com.RBIJE_May23.tc.TC002_RBIJEBasicDetails"/>
  <testcase name="basicDetails" time="160.965" classname="com.RBIJE_May23.tc.TC002_RBIJEBasicDetails"/>
  <testcase name="basicDetails" time="164.025" classname="com.RBIJE_May23.tc.TC002_RBIJEBasicDetails"/>
  <testcase name="basicDetails" time="162.246" classname="com.RBIJE_May23.tc.TC002_RBIJEBasicDetails"/>
  <testcase name="basicDetails" time="165.338" classname="com.RBIJE_May23.tc.TC002_RBIJEBasicDetails"/>
  <testcase name="basicDetails" time="165.429" classname="com.RBIJE_May23.tc.TC002_RBIJEBasicDetails"/>
  <testcase name="basicDetails" time="162.029" classname="com.RBIJE_May23.tc.TC002_RBIJEBasicDetails"/>
  <testcase name="basicDetails" time="162.144" classname="com.RBIJE_May23.tc.TC002_RBIJEBasicDetails"/>
  <testcase name="basicDetails" time="165.483" classname="com.RBIJE_May23.tc.TC002_RBIJEBasicDetails"/>
  <testcase name="basicDetails" time="165.817" classname="com.RBIJE_May23.tc.TC002_RBIJEBasicDetails"/>
  <testcase name="basicDetails" time="163.513" classname="com.RBIJE_May23.tc.TC002_RBIJEBasicDetails"/>
  <testcase name="basicDetails" time="163.965" classname="com.RBIJE_May23.tc.TC002_RBIJEBasicDetails"/>
  <testcase name="basicDetails" time="165.314" classname="com.RBIJE_May23.tc.TC002_RBIJEBasicDetails"/>
  <testcase name="basicDetails" time="161.504" classname="com.RBIJE_May23.tc.TC002_RBIJEBasicDetails"/>
  <testcase name="basicDetails" time="162.433" classname="com.RBIJE_May23.tc.TC002_RBIJEBasicDetails"/>
  <testcase name="basicDetails" time="162.720" classname="com.RBIJE_May23.tc.TC002_RBIJEBasicDetails"/>
  <testcase name="basicDetails" time="163.864" classname="com.RBIJE_May23.tc.TC002_RBIJEBasicDetails"/>
  <testcase name="basicDetails" time="160.823" classname="com.RBIJE_May23.tc.TC002_RBIJEBasicDetails"/>
  <testcase name="basicDetails" time="164.071" classname="com.RBIJE_May23.tc.TC002_RBIJEBasicDetails"/>
  <testcase name="basicDetails" time="160.766" classname="com.RBIJE_May23.tc.TC002_RBIJEBasicDetails"/>
  <testcase name="basicDetails" time="161.963" classname="com.RBIJE_May23.tc.TC002_RBIJEBasicDetails"/>
  <testcase name="basicDetails" time="161.637" classname="com.RBIJE_May23.tc.TC002_RBIJEBasicDetails"/>
  <testcase name="basicDetails" time="161.363" classname="com.RBIJE_May23.tc.TC002_RBIJEBasicDetails"/>
  <testcase name="basicDetails" time="161.804" classname="com.RBIJE_May23.tc.TC002_RBIJEBasicDetails"/>
  <testcase name="basicDetails" time="162.490" classname="com.RBIJE_May23.tc.TC002_RBIJEBasicDetails"/>
  <testcase name="basicDetails" time="161.850" classname="com.RBIJE_May23.tc.TC002_RBIJEBasicDetails"/>
  <testcase name="basicDetails" time="165.161" classname="com.RBIJE_May23.tc.TC002_RBIJEBasicDetails"/>
  <testcase name="basicDetails" time="166.581" classname="com.RBIJE_May23.tc.TC002_RBIJEBasicDetails"/>
  <testcase name="basicDetails" time="162.011" classname="com.RBIJE_May23.tc.TC002_RBIJEBasicDetails"/>
  <testcase name="basicDetails" time="161.046" classname="com.RBIJE_May23.tc.TC002_RBIJEBasicDetails"/>
  <testcase name="basicDetails" time="162.746" classname="com.RBIJE_May23.tc.TC002_RBIJEBasicDetails"/>
  <testcase name="basicDetails" time="161.036" classname="com.RBIJE_May23.tc.TC002_RBIJEBasicDetails"/>
  <testcase name="basicDetails" time="163.945" classname="com.RBIJE_May23.tc.TC002_RBIJEBasicDetails"/>
  <testcase name="basicDetails" time="160.478" classname="com.RBIJE_May23.tc.TC002_RBIJEBasicDetails"/>
  <testcase name="basicDetails" time="161.941" classname="com.RBIJE_May23.tc.TC002_RBIJEBasicDetails"/>
  <testcase name="basicDetails" time="162.828" classname="com.RBIJE_May23.tc.TC002_RBIJEBasicDetails"/>
  <testcase name="basicDetails" time="164.037" classname="com.RBIJE_May23.tc.TC002_RBIJEBasicDetails"/>
  <testcase name="basicDetails" time="165.115" classname="com.RBIJE_May23.tc.TC002_RBIJEBasicDetails"/>
  <testcase name="basicDetails" time="160.772" classname="com.RBIJE_May23.tc.TC002_RBIJEBasicDetails"/>
  <testcase name="basicDetails" time="165.685" classname="com.RBIJE_May23.tc.TC002_RBIJEBasicDetails"/>
  <testcase name="basicDetails" time="162.221" classname="com.RBIJE_May23.tc.TC002_RBIJEBasicDetails"/>
  <testcase name="basicDetails" time="161.737" classname="com.RBIJE_May23.tc.TC002_RBIJEBasicDetails"/>
  <testcase name="basicDetails" time="166.272" classname="com.RBIJE_May23.tc.TC002_RBIJEBasicDetails"/>
  <testcase name="basicDetails" time="163.834" classname="com.RBIJE_May23.tc.TC002_RBIJEBasicDetails"/>
  <testcase name="basicDetails" time="161.934" classname="com.RBIJE_May23.tc.TC002_RBIJEBasicDetails"/>
  <testcase name="basicDetails" time="164.896" classname="com.RBIJE_May23.tc.TC002_RBIJEBasicDetails"/>
  <testcase name="basicDetails" time="161.456" classname="com.RBIJE_May23.tc.TC002_RBIJEBasicDetails"/>
  <testcase name="basicDetails" time="160.755" classname="com.RBIJE_May23.tc.TC002_RBIJEBasicDetails"/>
  <testcase name="basicDetails" time="164.690" classname="com.RBIJE_May23.tc.TC002_RBIJEBasicDetails"/>
  <testcase name="basicDetails" time="161.693" classname="com.RBIJE_May23.tc.TC002_RBIJEBasicDetails"/>
  <testcase name="basicDetails" time="162.196" classname="com.RBIJE_May23.tc.TC002_RBIJEBasicDetails"/>
  <testcase name="basicDetails" time="165.151" classname="com.RBIJE_May23.tc.TC002_RBIJEBasicDetails"/>
  <testcase name="basicDetails" time="166.152" classname="com.RBIJE_May23.tc.TC002_RBIJEBasicDetails"/>
  <testcase name="basicDetails" time="161.817" classname="com.RBIJE_May23.tc.TC002_RBIJEBasicDetails"/>
  <testcase name="basicDetails" time="161.791" classname="com.RBIJE_May23.tc.TC002_RBIJEBasicDetails"/>
  <testcase name="basicDetails" time="163.703" classname="com.RBIJE_May23.tc.TC002_RBIJEBasicDetails"/>
  <testcase name="basicDetails" time="161.589" classname="com.RBIJE_May23.tc.TC002_RBIJEBasicDetails"/>
  <testcase name="basicDetails" time="161.118" classname="com.RBIJE_May23.tc.TC002_RBIJEBasicDetails"/>
  <testcase name="basicDetails" time="161.787" classname="com.RBIJE_May23.tc.TC002_RBIJEBasicDetails"/>
  <testcase name="basicDetails" time="165.022" classname="com.RBIJE_May23.tc.TC002_RBIJEBasicDetails"/>
  <testcase name="basicDetails" time="161.898" classname="com.RBIJE_May23.tc.TC002_RBIJEBasicDetails"/>
  <testcase name="basicDetails" time="162.444" classname="com.RBIJE_May23.tc.TC002_RBIJEBasicDetails"/>
  <testcase name="basicDetails" time="161.409" classname="com.RBIJE_May23.tc.TC002_RBIJEBasicDetails"/>
  <testcase name="basicDetails" time="160.578" classname="com.RBIJE_May23.tc.TC002_RBIJEBasicDetails"/>
  <testcase name="basicDetails" time="164.315" classname="com.RBIJE_May23.tc.TC002_RBIJEBasicDetails"/>
  <testcase name="basicDetails" time="165.080" classname="com.RBIJE_May23.tc.TC002_RBIJEBasicDetails"/>
  <testcase name="basicDetails" time="165.156" classname="com.RBIJE_May23.tc.TC002_RBIJEBasicDetails"/>
  <testcase name="basicDetails" time="166.864" classname="com.RBIJE_May23.tc.TC002_RBIJEBasicDetails"/>
  <testcase name="basicDetails" time="161.844" classname="com.RBIJE_May23.tc.TC002_RBIJEBasicDetails"/>
  <testcase name="basicDetails" time="162.063" classname="com.RBIJE_May23.tc.TC002_RBIJEBasicDetails"/>
  <testcase name="basicDetails" time="161.840" classname="com.RBIJE_May23.tc.TC002_RBIJEBasicDetails"/>
  <testcase name="basicDetails" time="160.511" classname="com.RBIJE_May23.tc.TC002_RBIJEBasicDetails"/>
  <testcase name="basicDetails" time="161.129" classname="com.RBIJE_May23.tc.TC002_RBIJEBasicDetails"/>
  <testcase name="basicDetails" time="160.813" classname="com.RBIJE_May23.tc.TC002_RBIJEBasicDetails"/>
  <testcase name="basicDetails" time="164.237" classname="com.RBIJE_May23.tc.TC002_RBIJEBasicDetails"/>
  <testcase name="basicDetails" time="165.178" classname="com.RBIJE_May23.tc.TC002_RBIJEBasicDetails"/>
  <testcase name="basicDetails" time="162.147" classname="com.RBIJE_May23.tc.TC002_RBIJEBasicDetails"/>
  <testcase name="basicDetails" time="161.975" classname="com.RBIJE_May23.tc.TC002_RBIJEBasicDetails"/>
  <testcase name="basicDetails" time="163.951" classname="com.RBIJE_May23.tc.TC002_RBIJEBasicDetails"/>
  <testcase name="basicDetails" time="161.009" classname="com.RBIJE_May23.tc.TC002_RBIJEBasicDetails"/>
  <testcase name="basicDetails" time="162.785" classname="com.RBIJE_May23.tc.TC002_RBIJEBasicDetails"/>
  <testcase name="basicDetails" time="161.259" classname="com.RBIJE_May23.tc.TC002_RBIJEBasicDetails"/>
  <testcase name="basicDetails" time="165.091" classname="com.RBIJE_May23.tc.TC002_RBIJEBasicDetails"/>
  <testcase name="basicDetails" time="160.763" classname="com.RBIJE_May23.tc.TC002_RBIJEBasicDetails"/>
  <testcase name="basicDetails" time="161.842" classname="com.RBIJE_May23.tc.TC002_RBIJEBasicDetails"/>
  <testcase name="basicDetails" time="161.853" classname="com.RBIJE_May23.tc.TC002_RBIJEBasicDetails"/>
  <testcase name="basicDetails" time="162.218" classname="com.RBIJE_May23.tc.TC002_RBIJEBasicDetails"/>
  <testcase name="basicDetails" time="162.389" classname="com.RBIJE_May23.tc.TC002_RBIJEBasicDetails"/>
  <testcase name="basicDetails" time="165.182" classname="com.RBIJE_May23.tc.TC002_RBIJEBasicDetails"/>
  <testcase name="basicDetails" time="161.640" classname="com.RBIJE_May23.tc.TC002_RBIJEBasicDetails"/>
  <testcase name="basicDetails" time="162.187" classname="com.RBIJE_May23.tc.TC002_RBIJEBasicDetails"/>
  <testcase name="basicDetails" time="164.234" classname="com.RBIJE_May23.tc.TC002_RBIJEBasicDetails"/>
  <testcase name="basicDetails" time="162.814" classname="com.RBIJE_May23.tc.TC002_RBIJEBasicDetails"/>
  <testcase name="basicDetails" time="161.939" classname="com.RBIJE_May23.tc.TC002_RBIJEBasicDetails"/>
  <testcase name="basicDetails" time="161.737" classname="com.RBIJE_May23.tc.TC002_RBIJEBasicDetails"/>
  <testcase name="basicDetails" time="161.036" classname="com.RBIJE_May23.tc.TC002_RBIJEBasicDetails"/>
  <testcase name="basicDetails" time="160.778" classname="com.RBIJE_May23.tc.TC002_RBIJEBasicDetails"/>
  <testcase name="basicDetails" time="161.905" classname="com.RBIJE_May23.tc.TC002_RBIJEBasicDetails"/>
  <testcase name="basicDetails" time="161.570" classname="com.RBIJE_May23.tc.TC002_RBIJEBasicDetails"/>
  <testcase name="basicDetails" time="162.235" classname="com.RBIJE_May23.tc.TC002_RBIJEBasicDetails"/>
  <testcase name="basicDetails" time="161.744" classname="com.RBIJE_May23.tc.TC002_RBIJEBasicDetails"/>
  <testcase name="basicDetails" time="162.848" classname="com.RBIJE_May23.tc.TC002_RBIJEBasicDetails"/>
  <testcase name="basicDetails" time="162.315" classname="com.RBIJE_May23.tc.TC002_RBIJEBasicDetails"/>
  <testcase name="basicDetails" time="160.847" classname="com.RBIJE_May23.tc.TC002_RBIJEBasicDetails"/>
  <testcase name="basicDetails" time="162.204" classname="com.RBIJE_May23.tc.TC002_RBIJEBasicDetails"/>
  <testcase name="basicDetails" time="161.193" classname="com.RBIJE_May23.tc.TC002_RBIJEBasicDetails"/>
  <testcase name="basicDetails" time="161.550" classname="com.RBIJE_May23.tc.TC002_RBIJEBasicDetails"/>
  <testcase name="basicDetails" time="162.073" classname="com.RBIJE_May23.tc.TC002_RBIJEBasicDetails"/>
  <testcase name="basicDetails" time="161.005" classname="com.RBIJE_May23.tc.TC002_RBIJEBasicDetails"/>
  <testcase name="basicDetails" time="160.886" classname="com.RBIJE_May23.tc.TC002_RBIJEBasicDetails"/>
  <testcase name="basicDetails" time="165.404" classname="com.RBIJE_May23.tc.TC002_RBIJEBasicDetails"/>
  <testcase name="basicDetails" time="163.980" classname="com.RBIJE_May23.tc.TC002_RBIJEBasicDetails"/>
  <testcase name="basicDetails" time="161.849" classname="com.RBIJE_May23.tc.TC002_RBIJEBasicDetails"/>
  <testcase name="basicDetails" time="162.047" classname="com.RBIJE_May23.tc.TC002_RBIJEBasicDetails"/>
  <testcase name="basicDetails" time="163.779" classname="com.RBIJE_May23.tc.TC002_RBIJEBasicDetails"/>
  <testcase name="basicDetails" time="161.902" classname="com.RBIJE_May23.tc.TC002_RBIJEBasicDetails"/>
  <testcase name="basicDetails" time="161.613" classname="com.RBIJE_May23.tc.TC002_RBIJEBasicDetails"/>
  <testcase name="basicDetails" time="160.965" classname="com.RBIJE_May23.tc.TC002_RBIJEBasicDetails"/>
  <testcase name="basicDetails" time="160.854" classname="com.RBIJE_May23.tc.TC002_RBIJEBasicDetails"/>
</testsuite> <!-- com.RBIJE_May23.tc.TC002_RBIJEBasicDetails -->
