<?xml version="1.0" encoding="UTF-8"?>
<!-- Generated by org.testng.reporters.JUnitReportReporter -->
<testsuite skipped="0" hostname="MAA014482B" name="com.BARC.tc.TC002_BARCBasicDetails" tests="6" failures="0" timestamp="2023-02-03T13:00:30 IST" time="926.017" errors="0">
  <testcase name="basicDetails" time="155.943" classname="com.BARC.tc.TC002_BARCBasicDetails"/>
  <testcase name="basicDetails" time="151.833" classname="com.BARC.tc.TC002_BARCBasicDetails"/>
  <testcase name="basicDetails" time="151.836" classname="com.BARC.tc.TC002_BARCBasicDetails"/>
  <testcase name="basicDetails" time="156.062" classname="com.BARC.tc.TC002_BARCBasicDetails"/>
  <testcase name="basicDetails" time="156.121" classname="com.BARC.tc.TC002_BARCBasicDetails"/>
  <testcase name="basicDetails" time="154.222" classname="com.BARC.tc.TC002_BARCBasicDetails"/>
</testsuite> <!-- com.BARC.tc.TC002_BARCBasicDetails -->
