<?xml version="1.0" encoding="UTF-8"?>
<!-- Generated by org.testng.reporters.JUnitReportReporter -->
<testsuite skipped="0" hostname="MAA014482B" name="com.CIDCO_June23.tc.TC004_CIDCOBasicDetails" tests="86" failures="0" timestamp="2023-06-19T02:38:00 IST" time="14157.758" errors="0">
  <testcase name="basicDetails" time="169.763" classname="com.CIDCO_June23.tc.TC004_CIDCOBasicDetails"/>
  <testcase name="basicDetails" time="169.881" classname="com.CIDCO_June23.tc.TC004_CIDCOBasicDetails"/>
  <testcase name="basicDetails" time="158.553" classname="com.CIDCO_June23.tc.TC004_CIDCOBasicDetails"/>
  <testcase name="basicDetails" time="169.603" classname="com.CIDCO_June23.tc.TC004_CIDCOBasicDetails"/>
  <testcase name="basicDetails" time="169.867" classname="com.CIDCO_June23.tc.TC004_CIDCOBasicDetails"/>
  <testcase name="basicDetails" time="159.093" classname="com.CIDCO_June23.tc.TC004_CIDCOBasicDetails"/>
  <testcase name="basicDetails" time="158.851" classname="com.CIDCO_June23.tc.TC004_CIDCOBasicDetails"/>
  <testcase name="basicDetails" time="158.749" classname="com.CIDCO_June23.tc.TC004_CIDCOBasicDetails"/>
  <testcase name="basicDetails" time="158.562" classname="com.CIDCO_June23.tc.TC004_CIDCOBasicDetails"/>
  <testcase name="basicDetails" time="170.078" classname="com.CIDCO_June23.tc.TC004_CIDCOBasicDetails"/>
  <testcase name="basicDetails" time="158.473" classname="com.CIDCO_June23.tc.TC004_CIDCOBasicDetails"/>
  <testcase name="basicDetails" time="169.925" classname="com.CIDCO_June23.tc.TC004_CIDCOBasicDetails"/>
  <testcase name="basicDetails" time="169.566" classname="com.CIDCO_June23.tc.TC004_CIDCOBasicDetails"/>
  <testcase name="basicDetails" time="169.998" classname="com.CIDCO_June23.tc.TC004_CIDCOBasicDetails"/>
  <testcase name="basicDetails" time="158.554" classname="com.CIDCO_June23.tc.TC004_CIDCOBasicDetails"/>
  <testcase name="basicDetails" time="169.722" classname="com.CIDCO_June23.tc.TC004_CIDCOBasicDetails"/>
  <testcase name="basicDetails" time="169.659" classname="com.CIDCO_June23.tc.TC004_CIDCOBasicDetails"/>
  <testcase name="basicDetails" time="158.697" classname="com.CIDCO_June23.tc.TC004_CIDCOBasicDetails"/>
  <testcase name="basicDetails" time="169.736" classname="com.CIDCO_June23.tc.TC004_CIDCOBasicDetails"/>
  <testcase name="basicDetails" time="169.917" classname="com.CIDCO_June23.tc.TC004_CIDCOBasicDetails"/>
  <testcase name="basicDetails" time="158.530" classname="com.CIDCO_June23.tc.TC004_CIDCOBasicDetails"/>
  <testcase name="basicDetails" time="170.068" classname="com.CIDCO_June23.tc.TC004_CIDCOBasicDetails"/>
  <testcase name="basicDetails" time="169.719" classname="com.CIDCO_June23.tc.TC004_CIDCOBasicDetails"/>
  <testcase name="basicDetails" time="158.201" classname="com.CIDCO_June23.tc.TC004_CIDCOBasicDetails"/>
  <testcase name="basicDetails" time="169.723" classname="com.CIDCO_June23.tc.TC004_CIDCOBasicDetails"/>
  <testcase name="basicDetails" time="169.824" classname="com.CIDCO_June23.tc.TC004_CIDCOBasicDetails"/>
  <testcase name="basicDetails" time="169.790" classname="com.CIDCO_June23.tc.TC004_CIDCOBasicDetails"/>
  <testcase name="basicDetails" time="170.733" classname="com.CIDCO_June23.tc.TC004_CIDCOBasicDetails"/>
  <testcase name="basicDetails" time="170.252" classname="com.CIDCO_June23.tc.TC004_CIDCOBasicDetails"/>
  <testcase name="basicDetails" time="158.581" classname="com.CIDCO_June23.tc.TC004_CIDCOBasicDetails"/>
  <testcase name="basicDetails" time="169.863" classname="com.CIDCO_June23.tc.TC004_CIDCOBasicDetails"/>
  <testcase name="basicDetails" time="169.925" classname="com.CIDCO_June23.tc.TC004_CIDCOBasicDetails"/>
  <testcase name="basicDetails" time="169.964" classname="com.CIDCO_June23.tc.TC004_CIDCOBasicDetails"/>
  <testcase name="basicDetails" time="169.850" classname="com.CIDCO_June23.tc.TC004_CIDCOBasicDetails"/>
  <testcase name="basicDetails" time="159.002" classname="com.CIDCO_June23.tc.TC004_CIDCOBasicDetails"/>
  <testcase name="basicDetails" time="170.140" classname="com.CIDCO_June23.tc.TC004_CIDCOBasicDetails"/>
  <testcase name="basicDetails" time="159.210" classname="com.CIDCO_June23.tc.TC004_CIDCOBasicDetails"/>
  <testcase name="basicDetails" time="158.735" classname="com.CIDCO_June23.tc.TC004_CIDCOBasicDetails"/>
  <testcase name="basicDetails" time="158.455" classname="com.CIDCO_June23.tc.TC004_CIDCOBasicDetails"/>
  <testcase name="basicDetails" time="169.843" classname="com.CIDCO_June23.tc.TC004_CIDCOBasicDetails"/>
  <testcase name="basicDetails" time="158.924" classname="com.CIDCO_June23.tc.TC004_CIDCOBasicDetails"/>
  <testcase name="basicDetails" time="169.796" classname="com.CIDCO_June23.tc.TC004_CIDCOBasicDetails"/>
  <testcase name="basicDetails" time="169.829" classname="com.CIDCO_June23.tc.TC004_CIDCOBasicDetails"/>
  <testcase name="basicDetails" time="169.387" classname="com.CIDCO_June23.tc.TC004_CIDCOBasicDetails"/>
  <testcase name="basicDetails" time="158.588" classname="com.CIDCO_June23.tc.TC004_CIDCOBasicDetails"/>
  <testcase name="basicDetails" time="169.648" classname="com.CIDCO_June23.tc.TC004_CIDCOBasicDetails"/>
  <testcase name="basicDetails" time="159.159" classname="com.CIDCO_June23.tc.TC004_CIDCOBasicDetails"/>
  <testcase name="basicDetails" time="169.671" classname="com.CIDCO_June23.tc.TC004_CIDCOBasicDetails"/>
  <testcase name="basicDetails" time="158.591" classname="com.CIDCO_June23.tc.TC004_CIDCOBasicDetails"/>
  <testcase name="basicDetails" time="169.568" classname="com.CIDCO_June23.tc.TC004_CIDCOBasicDetails"/>
  <testcase name="basicDetails" time="169.512" classname="com.CIDCO_June23.tc.TC004_CIDCOBasicDetails"/>
  <testcase name="basicDetails" time="158.807" classname="com.CIDCO_June23.tc.TC004_CIDCOBasicDetails"/>
  <testcase name="basicDetails" time="169.971" classname="com.CIDCO_June23.tc.TC004_CIDCOBasicDetails"/>
  <testcase name="basicDetails" time="158.447" classname="com.CIDCO_June23.tc.TC004_CIDCOBasicDetails"/>
  <testcase name="basicDetails" time="169.632" classname="com.CIDCO_June23.tc.TC004_CIDCOBasicDetails"/>
  <testcase name="basicDetails" time="158.230" classname="com.CIDCO_June23.tc.TC004_CIDCOBasicDetails"/>
  <testcase name="basicDetails" time="158.571" classname="com.CIDCO_June23.tc.TC004_CIDCOBasicDetails"/>
  <testcase name="basicDetails" time="158.792" classname="com.CIDCO_June23.tc.TC004_CIDCOBasicDetails"/>
  <testcase name="basicDetails" time="158.684" classname="com.CIDCO_June23.tc.TC004_CIDCOBasicDetails"/>
  <testcase name="basicDetails" time="158.844" classname="com.CIDCO_June23.tc.TC004_CIDCOBasicDetails"/>
  <testcase name="basicDetails" time="158.523" classname="com.CIDCO_June23.tc.TC004_CIDCOBasicDetails"/>
  <testcase name="basicDetails" time="169.964" classname="com.CIDCO_June23.tc.TC004_CIDCOBasicDetails"/>
  <testcase name="basicDetails" time="158.918" classname="com.CIDCO_June23.tc.TC004_CIDCOBasicDetails"/>
  <testcase name="basicDetails" time="170.056" classname="com.CIDCO_June23.tc.TC004_CIDCOBasicDetails"/>
  <testcase name="basicDetails" time="159.086" classname="com.CIDCO_June23.tc.TC004_CIDCOBasicDetails"/>
  <testcase name="basicDetails" time="158.395" classname="com.CIDCO_June23.tc.TC004_CIDCOBasicDetails"/>
  <testcase name="basicDetails" time="169.659" classname="com.CIDCO_June23.tc.TC004_CIDCOBasicDetails"/>
  <testcase name="basicDetails" time="169.672" classname="com.CIDCO_June23.tc.TC004_CIDCOBasicDetails"/>
  <testcase name="basicDetails" time="158.366" classname="com.CIDCO_June23.tc.TC004_CIDCOBasicDetails"/>
  <testcase name="basicDetails" time="158.395" classname="com.CIDCO_June23.tc.TC004_CIDCOBasicDetails"/>
  <testcase name="basicDetails" time="169.799" classname="com.CIDCO_June23.tc.TC004_CIDCOBasicDetails"/>
  <testcase name="basicDetails" time="158.764" classname="com.CIDCO_June23.tc.TC004_CIDCOBasicDetails"/>
  <testcase name="basicDetails" time="169.812" classname="com.CIDCO_June23.tc.TC004_CIDCOBasicDetails"/>
  <testcase name="basicDetails" time="169.953" classname="com.CIDCO_June23.tc.TC004_CIDCOBasicDetails"/>
  <testcase name="basicDetails" time="158.341" classname="com.CIDCO_June23.tc.TC004_CIDCOBasicDetails"/>
  <testcase name="basicDetails" time="158.651" classname="com.CIDCO_June23.tc.TC004_CIDCOBasicDetails"/>
  <testcase name="basicDetails" time="158.396" classname="com.CIDCO_June23.tc.TC004_CIDCOBasicDetails"/>
  <testcase name="basicDetails" time="170.017" classname="com.CIDCO_June23.tc.TC004_CIDCOBasicDetails"/>
  <testcase name="basicDetails" time="158.711" classname="com.CIDCO_June23.tc.TC004_CIDCOBasicDetails"/>
  <testcase name="basicDetails" time="169.886" classname="com.CIDCO_June23.tc.TC004_CIDCOBasicDetails"/>
  <testcase name="basicDetails" time="158.386" classname="com.CIDCO_June23.tc.TC004_CIDCOBasicDetails"/>
  <testcase name="basicDetails" time="158.271" classname="com.CIDCO_June23.tc.TC004_CIDCOBasicDetails"/>
  <testcase name="basicDetails" time="169.552" classname="com.CIDCO_June23.tc.TC004_CIDCOBasicDetails"/>
  <testcase name="basicDetails" time="158.330" classname="com.CIDCO_June23.tc.TC004_CIDCOBasicDetails"/>
  <testcase name="basicDetails" time="169.735" classname="com.CIDCO_June23.tc.TC004_CIDCOBasicDetails"/>
  <testcase name="basicDetails" time="169.814" classname="com.CIDCO_June23.tc.TC004_CIDCOBasicDetails"/>
</testsuite> <!-- com.CIDCO_June23.tc.TC004_CIDCOBasicDetails -->
