<?xml version="1.0" encoding="UTF-8"?>
<!-- Generated by org.testng.reporters.JUnitReportReporter -->
<testsuite skipped="0" hostname="MAA014482B" name="com.CIDCO_April23.tc.TC003_CIDCOBasicDetails" tests="136" failures="0" timestamp="2023-06-16T06:07:59 IST" time="23858.893" errors="0">
  <testcase name="basicDetails" time="179.589" classname="com.CIDCO_April23.tc.TC003_CIDCOBasicDetails"/>
  <testcase name="basicDetails" time="168.367" classname="com.CIDCO_April23.tc.TC003_CIDCOBasicDetails"/>
  <testcase name="basicDetails" time="168.268" classname="com.CIDCO_April23.tc.TC003_CIDCOBasicDetails"/>
  <testcase name="basicDetails" time="168.445" classname="com.CIDCO_April23.tc.TC003_CIDCOBasicDetails"/>
  <testcase name="basicDetails" time="168.381" classname="com.CIDCO_April23.tc.TC003_CIDCOBasicDetails"/>
  <testcase name="basicDetails" time="179.554" classname="com.CIDCO_April23.tc.TC003_CIDCOBasicDetails"/>
  <testcase name="basicDetails" time="179.585" classname="com.CIDCO_April23.tc.TC003_CIDCOBasicDetails"/>
  <testcase name="basicDetails" time="168.541" classname="com.CIDCO_April23.tc.TC003_CIDCOBasicDetails"/>
  <testcase name="basicDetails" time="179.446" classname="com.CIDCO_April23.tc.TC003_CIDCOBasicDetails"/>
  <testcase name="basicDetails" time="179.898" classname="com.CIDCO_April23.tc.TC003_CIDCOBasicDetails"/>
  <testcase name="basicDetails" time="179.909" classname="com.CIDCO_April23.tc.TC003_CIDCOBasicDetails"/>
  <testcase name="basicDetails" time="168.275" classname="com.CIDCO_April23.tc.TC003_CIDCOBasicDetails"/>
  <testcase name="basicDetails" time="168.602" classname="com.CIDCO_April23.tc.TC003_CIDCOBasicDetails"/>
  <testcase name="basicDetails" time="179.409" classname="com.CIDCO_April23.tc.TC003_CIDCOBasicDetails"/>
  <testcase name="basicDetails" time="195.735" classname="com.CIDCO_April23.tc.TC003_CIDCOBasicDetails"/>
  <testcase name="basicDetails" time="168.370" classname="com.CIDCO_April23.tc.TC003_CIDCOBasicDetails"/>
  <testcase name="basicDetails" time="179.749" classname="com.CIDCO_April23.tc.TC003_CIDCOBasicDetails"/>
  <testcase name="basicDetails" time="168.507" classname="com.CIDCO_April23.tc.TC003_CIDCOBasicDetails"/>
  <testcase name="basicDetails" time="168.528" classname="com.CIDCO_April23.tc.TC003_CIDCOBasicDetails"/>
  <testcase name="basicDetails" time="179.746" classname="com.CIDCO_April23.tc.TC003_CIDCOBasicDetails"/>
  <testcase name="basicDetails" time="179.690" classname="com.CIDCO_April23.tc.TC003_CIDCOBasicDetails"/>
  <testcase name="basicDetails" time="168.405" classname="com.CIDCO_April23.tc.TC003_CIDCOBasicDetails"/>
  <testcase name="basicDetails" time="180.065" classname="com.CIDCO_April23.tc.TC003_CIDCOBasicDetails"/>
  <testcase name="basicDetails" time="179.685" classname="com.CIDCO_April23.tc.TC003_CIDCOBasicDetails"/>
  <testcase name="basicDetails" time="168.247" classname="com.CIDCO_April23.tc.TC003_CIDCOBasicDetails"/>
  <testcase name="basicDetails" time="179.402" classname="com.CIDCO_April23.tc.TC003_CIDCOBasicDetails"/>
  <testcase name="basicDetails" time="195.981" classname="com.CIDCO_April23.tc.TC003_CIDCOBasicDetails"/>
  <testcase name="basicDetails" time="179.807" classname="com.CIDCO_April23.tc.TC003_CIDCOBasicDetails"/>
  <testcase name="basicDetails" time="179.702" classname="com.CIDCO_April23.tc.TC003_CIDCOBasicDetails"/>
  <testcase name="basicDetails" time="168.686" classname="com.CIDCO_April23.tc.TC003_CIDCOBasicDetails"/>
  <testcase name="basicDetails" time="168.192" classname="com.CIDCO_April23.tc.TC003_CIDCOBasicDetails"/>
  <testcase name="basicDetails" time="179.503" classname="com.CIDCO_April23.tc.TC003_CIDCOBasicDetails"/>
  <testcase name="basicDetails" time="179.361" classname="com.CIDCO_April23.tc.TC003_CIDCOBasicDetails"/>
  <testcase name="basicDetails" time="168.511" classname="com.CIDCO_April23.tc.TC003_CIDCOBasicDetails"/>
  <testcase name="basicDetails" time="168.601" classname="com.CIDCO_April23.tc.TC003_CIDCOBasicDetails"/>
  <testcase name="basicDetails" time="179.985" classname="com.CIDCO_April23.tc.TC003_CIDCOBasicDetails"/>
  <testcase name="basicDetails" time="179.824" classname="com.CIDCO_April23.tc.TC003_CIDCOBasicDetails"/>
  <testcase name="basicDetails" time="179.547" classname="com.CIDCO_April23.tc.TC003_CIDCOBasicDetails"/>
  <testcase name="basicDetails" time="180.263" classname="com.CIDCO_April23.tc.TC003_CIDCOBasicDetails"/>
  <testcase name="basicDetails" time="179.769" classname="com.CIDCO_April23.tc.TC003_CIDCOBasicDetails"/>
  <testcase name="basicDetails" time="180.003" classname="com.CIDCO_April23.tc.TC003_CIDCOBasicDetails"/>
  <testcase name="basicDetails" time="179.589" classname="com.CIDCO_April23.tc.TC003_CIDCOBasicDetails"/>
  <testcase name="basicDetails" time="168.744" classname="com.CIDCO_April23.tc.TC003_CIDCOBasicDetails"/>
  <testcase name="basicDetails" time="179.520" classname="com.CIDCO_April23.tc.TC003_CIDCOBasicDetails"/>
  <testcase name="basicDetails" time="168.207" classname="com.CIDCO_April23.tc.TC003_CIDCOBasicDetails"/>
  <testcase name="basicDetails" time="168.352" classname="com.CIDCO_April23.tc.TC003_CIDCOBasicDetails"/>
  <testcase name="basicDetails" time="168.408" classname="com.CIDCO_April23.tc.TC003_CIDCOBasicDetails"/>
  <testcase name="basicDetails" time="168.419" classname="com.CIDCO_April23.tc.TC003_CIDCOBasicDetails"/>
  <testcase name="basicDetails" time="168.738" classname="com.CIDCO_April23.tc.TC003_CIDCOBasicDetails"/>
  <testcase name="basicDetails" time="168.639" classname="com.CIDCO_April23.tc.TC003_CIDCOBasicDetails"/>
  <testcase name="basicDetails" time="168.720" classname="com.CIDCO_April23.tc.TC003_CIDCOBasicDetails"/>
  <testcase name="basicDetails" time="167.934" classname="com.CIDCO_April23.tc.TC003_CIDCOBasicDetails"/>
  <testcase name="basicDetails" time="179.577" classname="com.CIDCO_April23.tc.TC003_CIDCOBasicDetails"/>
  <testcase name="basicDetails" time="179.523" classname="com.CIDCO_April23.tc.TC003_CIDCOBasicDetails"/>
  <testcase name="basicDetails" time="168.730" classname="com.CIDCO_April23.tc.TC003_CIDCOBasicDetails"/>
  <testcase name="basicDetails" time="169.556" classname="com.CIDCO_April23.tc.TC003_CIDCOBasicDetails"/>
  <testcase name="basicDetails" time="179.685" classname="com.CIDCO_April23.tc.TC003_CIDCOBasicDetails"/>
  <testcase name="basicDetails" time="179.779" classname="com.CIDCO_April23.tc.TC003_CIDCOBasicDetails"/>
  <testcase name="basicDetails" time="179.589" classname="com.CIDCO_April23.tc.TC003_CIDCOBasicDetails"/>
  <testcase name="basicDetails" time="179.275" classname="com.CIDCO_April23.tc.TC003_CIDCOBasicDetails"/>
  <testcase name="basicDetails" time="168.312" classname="com.CIDCO_April23.tc.TC003_CIDCOBasicDetails"/>
  <testcase name="basicDetails" time="179.426" classname="com.CIDCO_April23.tc.TC003_CIDCOBasicDetails"/>
  <testcase name="basicDetails" time="179.803" classname="com.CIDCO_April23.tc.TC003_CIDCOBasicDetails"/>
  <testcase name="basicDetails" time="168.363" classname="com.CIDCO_April23.tc.TC003_CIDCOBasicDetails"/>
  <testcase name="basicDetails" time="168.181" classname="com.CIDCO_April23.tc.TC003_CIDCOBasicDetails"/>
  <testcase name="basicDetails" time="179.951" classname="com.CIDCO_April23.tc.TC003_CIDCOBasicDetails"/>
  <testcase name="basicDetails" time="179.609" classname="com.CIDCO_April23.tc.TC003_CIDCOBasicDetails"/>
  <testcase name="basicDetails" time="179.694" classname="com.CIDCO_April23.tc.TC003_CIDCOBasicDetails"/>
  <testcase name="basicDetails" time="179.680" classname="com.CIDCO_April23.tc.TC003_CIDCOBasicDetails"/>
  <testcase name="basicDetails" time="179.648" classname="com.CIDCO_April23.tc.TC003_CIDCOBasicDetails"/>
  <testcase name="basicDetails" time="179.610" classname="com.CIDCO_April23.tc.TC003_CIDCOBasicDetails"/>
  <testcase name="basicDetails" time="179.942" classname="com.CIDCO_April23.tc.TC003_CIDCOBasicDetails"/>
  <testcase name="basicDetails" time="179.731" classname="com.CIDCO_April23.tc.TC003_CIDCOBasicDetails"/>
  <testcase name="basicDetails" time="168.460" classname="com.CIDCO_April23.tc.TC003_CIDCOBasicDetails"/>
  <testcase name="basicDetails" time="179.641" classname="com.CIDCO_April23.tc.TC003_CIDCOBasicDetails"/>
  <testcase name="basicDetails" time="179.765" classname="com.CIDCO_April23.tc.TC003_CIDCOBasicDetails"/>
  <testcase name="basicDetails" time="168.285" classname="com.CIDCO_April23.tc.TC003_CIDCOBasicDetails"/>
  <testcase name="basicDetails" time="168.167" classname="com.CIDCO_April23.tc.TC003_CIDCOBasicDetails"/>
  <testcase name="basicDetails" time="179.525" classname="com.CIDCO_April23.tc.TC003_CIDCOBasicDetails"/>
  <testcase name="basicDetails" time="179.321" classname="com.CIDCO_April23.tc.TC003_CIDCOBasicDetails"/>
  <testcase name="basicDetails" time="179.484" classname="com.CIDCO_April23.tc.TC003_CIDCOBasicDetails"/>
  <testcase name="basicDetails" time="179.387" classname="com.CIDCO_April23.tc.TC003_CIDCOBasicDetails"/>
  <testcase name="basicDetails" time="168.378" classname="com.CIDCO_April23.tc.TC003_CIDCOBasicDetails"/>
  <testcase name="basicDetails" time="168.401" classname="com.CIDCO_April23.tc.TC003_CIDCOBasicDetails"/>
  <testcase name="basicDetails" time="179.396" classname="com.CIDCO_April23.tc.TC003_CIDCOBasicDetails"/>
  <testcase name="basicDetails" time="179.559" classname="com.CIDCO_April23.tc.TC003_CIDCOBasicDetails"/>
  <testcase name="basicDetails" time="179.653" classname="com.CIDCO_April23.tc.TC003_CIDCOBasicDetails"/>
  <testcase name="basicDetails" time="179.643" classname="com.CIDCO_April23.tc.TC003_CIDCOBasicDetails"/>
  <testcase name="basicDetails" time="179.693" classname="com.CIDCO_April23.tc.TC003_CIDCOBasicDetails"/>
  <testcase name="basicDetails" time="179.639" classname="com.CIDCO_April23.tc.TC003_CIDCOBasicDetails"/>
  <testcase name="basicDetails" time="179.188" classname="com.CIDCO_April23.tc.TC003_CIDCOBasicDetails"/>
  <testcase name="basicDetails" time="179.729" classname="com.CIDCO_April23.tc.TC003_CIDCOBasicDetails"/>
  <testcase name="basicDetails" time="168.510" classname="com.CIDCO_April23.tc.TC003_CIDCOBasicDetails"/>
  <testcase name="basicDetails" time="168.771" classname="com.CIDCO_April23.tc.TC003_CIDCOBasicDetails"/>
  <testcase name="basicDetails" time="179.634" classname="com.CIDCO_April23.tc.TC003_CIDCOBasicDetails"/>
  <testcase name="basicDetails" time="168.563" classname="com.CIDCO_April23.tc.TC003_CIDCOBasicDetails"/>
  <testcase name="basicDetails" time="168.736" classname="com.CIDCO_April23.tc.TC003_CIDCOBasicDetails"/>
  <testcase name="basicDetails" time="188.605" classname="com.CIDCO_April23.tc.TC003_CIDCOBasicDetails"/>
  <testcase name="basicDetails" time="168.291" classname="com.CIDCO_April23.tc.TC003_CIDCOBasicDetails"/>
  <testcase name="basicDetails" time="168.877" classname="com.CIDCO_April23.tc.TC003_CIDCOBasicDetails"/>
  <testcase name="basicDetails" time="179.727" classname="com.CIDCO_April23.tc.TC003_CIDCOBasicDetails"/>
  <testcase name="basicDetails" time="179.557" classname="com.CIDCO_April23.tc.TC003_CIDCOBasicDetails"/>
  <testcase name="basicDetails" time="168.676" classname="com.CIDCO_April23.tc.TC003_CIDCOBasicDetails"/>
  <testcase name="basicDetails" time="179.744" classname="com.CIDCO_April23.tc.TC003_CIDCOBasicDetails"/>
  <testcase name="basicDetails" time="179.584" classname="com.CIDCO_April23.tc.TC003_CIDCOBasicDetails"/>
  <testcase name="basicDetails" time="168.388" classname="com.CIDCO_April23.tc.TC003_CIDCOBasicDetails"/>
  <testcase name="basicDetails" time="168.552" classname="com.CIDCO_April23.tc.TC003_CIDCOBasicDetails"/>
  <testcase name="basicDetails" time="179.545" classname="com.CIDCO_April23.tc.TC003_CIDCOBasicDetails"/>
  <testcase name="basicDetails" time="179.589" classname="com.CIDCO_April23.tc.TC003_CIDCOBasicDetails"/>
  <testcase name="basicDetails" time="168.138" classname="com.CIDCO_April23.tc.TC003_CIDCOBasicDetails"/>
  <testcase name="basicDetails" time="179.940" classname="com.CIDCO_April23.tc.TC003_CIDCOBasicDetails"/>
  <testcase name="basicDetails" time="179.309" classname="com.CIDCO_April23.tc.TC003_CIDCOBasicDetails"/>
  <testcase name="basicDetails" time="179.569" classname="com.CIDCO_April23.tc.TC003_CIDCOBasicDetails"/>
  <testcase name="basicDetails" time="179.868" classname="com.CIDCO_April23.tc.TC003_CIDCOBasicDetails"/>
  <testcase name="basicDetails" time="179.789" classname="com.CIDCO_April23.tc.TC003_CIDCOBasicDetails"/>
  <testcase name="basicDetails" time="179.671" classname="com.CIDCO_April23.tc.TC003_CIDCOBasicDetails"/>
  <testcase name="basicDetails" time="168.436" classname="com.CIDCO_April23.tc.TC003_CIDCOBasicDetails"/>
  <testcase name="basicDetails" time="168.179" classname="com.CIDCO_April23.tc.TC003_CIDCOBasicDetails"/>
  <testcase name="basicDetails" time="168.319" classname="com.CIDCO_April23.tc.TC003_CIDCOBasicDetails"/>
  <testcase name="basicDetails" time="179.741" classname="com.CIDCO_April23.tc.TC003_CIDCOBasicDetails"/>
  <testcase name="basicDetails" time="168.869" classname="com.CIDCO_April23.tc.TC003_CIDCOBasicDetails"/>
  <testcase name="basicDetails" time="168.399" classname="com.CIDCO_April23.tc.TC003_CIDCOBasicDetails"/>
  <testcase name="basicDetails" time="179.579" classname="com.CIDCO_April23.tc.TC003_CIDCOBasicDetails"/>
  <testcase name="basicDetails" time="172.777" classname="com.CIDCO_April23.tc.TC003_CIDCOBasicDetails"/>
  <testcase name="basicDetails" time="179.899" classname="com.CIDCO_April23.tc.TC003_CIDCOBasicDetails"/>
  <testcase name="basicDetails" time="179.715" classname="com.CIDCO_April23.tc.TC003_CIDCOBasicDetails"/>
  <testcase name="basicDetails" time="195.944" classname="com.CIDCO_April23.tc.TC003_CIDCOBasicDetails"/>
  <testcase name="basicDetails" time="168.476" classname="com.CIDCO_April23.tc.TC003_CIDCOBasicDetails"/>
  <testcase name="basicDetails" time="168.829" classname="com.CIDCO_April23.tc.TC003_CIDCOBasicDetails"/>
  <testcase name="basicDetails" time="180.275" classname="com.CIDCO_April23.tc.TC003_CIDCOBasicDetails"/>
  <testcase name="basicDetails" time="168.504" classname="com.CIDCO_April23.tc.TC003_CIDCOBasicDetails"/>
  <testcase name="basicDetails" time="168.128" classname="com.CIDCO_April23.tc.TC003_CIDCOBasicDetails"/>
  <testcase name="basicDetails" time="180.019" classname="com.CIDCO_April23.tc.TC003_CIDCOBasicDetails"/>
  <testcase name="basicDetails" time="168.629" classname="com.CIDCO_April23.tc.TC003_CIDCOBasicDetails"/>
  <testcase name="basicDetails" time="168.212" classname="com.CIDCO_April23.tc.TC003_CIDCOBasicDetails"/>
  <testcase name="basicDetails" time="179.947" classname="com.CIDCO_April23.tc.TC003_CIDCOBasicDetails"/>
</testsuite> <!-- com.CIDCO_April23.tc.TC003_CIDCOBasicDetails -->
