<?xml version="1.0" encoding="UTF-8"?>
<!-- Generated by org.testng.reporters.JUnitReportReporter -->
<testsuite skipped="0" hostname="MAA014482B" name="com.PSC.tc.TC002_PSCBasicDetails" tests="4" failures="0" timestamp="2022-10-19T14:00:46 IST" time="632.105" errors="0">
  <testcase name="basicDetails" time="156.771" classname="com.PSC.tc.TC002_PSCBasicDetails"/>
  <testcase name="basicDetails" time="159.127" classname="com.PSC.tc.TC002_PSCBasicDetails"/>
  <testcase name="basicDetails" time="158.254" classname="com.PSC.tc.TC002_PSCBasicDetails"/>
  <testcase name="basicDetails" time="157.953" classname="com.PSC.tc.TC002_PSCBasicDetails"/>
</testsuite> <!-- com.PSC.tc.TC002_PSCBasicDetails -->
