<?xml version="1.0" encoding="UTF-8"?>
<!-- Generated by org.testng.reporters.JUnitReportReporter -->
<testsuite skipped="0" hostname="MAA014482B" name="com.DOS_April23.tc.TC002_DOSBasicDetails" tests="23" failures="0" timestamp="2023-04-19T13:56:44 IST" time="3557.441" errors="0">
  <testcase name="basicDetails" time="158.007" classname="com.DOS_April23.tc.TC002_DOSBasicDetails"/>
  <testcase name="basicDetails" time="152.781" classname="com.DOS_April23.tc.TC002_DOSBasicDetails"/>
  <testcase name="basicDetails" time="152.339" classname="com.DOS_April23.tc.TC002_DOSBasicDetails"/>
  <testcase name="basicDetails" time="152.352" classname="com.DOS_April23.tc.TC002_DOSBasicDetails"/>
  <testcase name="basicDetails" time="161.755" classname="com.DOS_April23.tc.TC002_DOSBasicDetails"/>
  <testcase name="basicDetails" time="152.387" classname="com.DOS_April23.tc.TC002_DOSBasicDetails"/>
  <testcase name="basicDetails" time="157.555" classname="com.DOS_April23.tc.TC002_DOSBasicDetails"/>
  <testcase name="basicDetails" time="152.327" classname="com.DOS_April23.tc.TC002_DOSBasicDetails"/>
  <testcase name="basicDetails" time="152.065" classname="com.DOS_April23.tc.TC002_DOSBasicDetails"/>
  <testcase name="basicDetails" time="152.533" classname="com.DOS_April23.tc.TC002_DOSBasicDetails"/>
  <testcase name="basicDetails" time="152.974" classname="com.DOS_April23.tc.TC002_DOSBasicDetails"/>
  <testcase name="basicDetails" time="153.066" classname="com.DOS_April23.tc.TC002_DOSBasicDetails"/>
  <testcase name="basicDetails" time="157.845" classname="com.DOS_April23.tc.TC002_DOSBasicDetails"/>
  <testcase name="basicDetails" time="157.654" classname="com.DOS_April23.tc.TC002_DOSBasicDetails"/>
  <testcase name="basicDetails" time="157.744" classname="com.DOS_April23.tc.TC002_DOSBasicDetails"/>
  <testcase name="basicDetails" time="152.292" classname="com.DOS_April23.tc.TC002_DOSBasicDetails"/>
  <testcase name="basicDetails" time="157.798" classname="com.DOS_April23.tc.TC002_DOSBasicDetails"/>
  <testcase name="basicDetails" time="157.567" classname="com.DOS_April23.tc.TC002_DOSBasicDetails"/>
  <testcase name="basicDetails" time="151.771" classname="com.DOS_April23.tc.TC002_DOSBasicDetails"/>
  <testcase name="basicDetails" time="157.597" classname="com.DOS_April23.tc.TC002_DOSBasicDetails"/>
  <testcase name="basicDetails" time="152.275" classname="com.DOS_April23.tc.TC002_DOSBasicDetails"/>
  <testcase name="basicDetails" time="152.393" classname="com.DOS_April23.tc.TC002_DOSBasicDetails"/>
  <testcase name="basicDetails" time="152.364" classname="com.DOS_April23.tc.TC002_DOSBasicDetails"/>
</testsuite> <!-- com.DOS_April23.tc.TC002_DOSBasicDetails -->
