<?xml version="1.0" encoding="UTF-8"?>
<!-- Generated by org.testng.reporters.JUnitReportReporter -->
<testsuite skipped="0" hostname="MAA014482B" name="com.CRRB_27May22.tc.TC002_CRRBBasicDetails" tests="27" failures="0" timestamp="2022-05-30T12:02:39 IST" time="3238.012" errors="0">
  <testcase name="basicDetails" time="121.123" classname="com.CRRB_27May22.tc.TC002_CRRBBasicDetails"/>
  <testcase name="basicDetails" time="120.521" classname="com.CRRB_27May22.tc.TC002_CRRBBasicDetails"/>
  <testcase name="basicDetails" time="120.770" classname="com.CRRB_27May22.tc.TC002_CRRBBasicDetails"/>
  <testcase name="basicDetails" time="118.814" classname="com.CRRB_27May22.tc.TC002_CRRBBasicDetails"/>
  <testcase name="basicDetails" time="118.839" classname="com.CRRB_27May22.tc.TC002_CRRBBasicDetails"/>
  <testcase name="basicDetails" time="118.638" classname="com.CRRB_27May22.tc.TC002_CRRBBasicDetails"/>
  <testcase name="basicDetails" time="118.772" classname="com.CRRB_27May22.tc.TC002_CRRBBasicDetails"/>
  <testcase name="basicDetails" time="121.100" classname="com.CRRB_27May22.tc.TC002_CRRBBasicDetails"/>
  <testcase name="basicDetails" time="118.592" classname="com.CRRB_27May22.tc.TC002_CRRBBasicDetails"/>
  <testcase name="basicDetails" time="121.627" classname="com.CRRB_27May22.tc.TC002_CRRBBasicDetails"/>
  <testcase name="basicDetails" time="120.402" classname="com.CRRB_27May22.tc.TC002_CRRBBasicDetails"/>
  <testcase name="basicDetails" time="120.724" classname="com.CRRB_27May22.tc.TC002_CRRBBasicDetails"/>
  <testcase name="basicDetails" time="118.888" classname="com.CRRB_27May22.tc.TC002_CRRBBasicDetails"/>
  <testcase name="basicDetails" time="118.871" classname="com.CRRB_27May22.tc.TC002_CRRBBasicDetails"/>
  <testcase name="basicDetails" time="121.351" classname="com.CRRB_27May22.tc.TC002_CRRBBasicDetails"/>
  <testcase name="basicDetails" time="121.183" classname="com.CRRB_27May22.tc.TC002_CRRBBasicDetails"/>
  <testcase name="basicDetails" time="118.765" classname="com.CRRB_27May22.tc.TC002_CRRBBasicDetails"/>
  <testcase name="basicDetails" time="120.935" classname="com.CRRB_27May22.tc.TC002_CRRBBasicDetails"/>
  <testcase name="basicDetails" time="120.936" classname="com.CRRB_27May22.tc.TC002_CRRBBasicDetails"/>
  <testcase name="basicDetails" time="118.279" classname="com.CRRB_27May22.tc.TC002_CRRBBasicDetails"/>
  <testcase name="basicDetails" time="118.556" classname="com.CRRB_27May22.tc.TC002_CRRBBasicDetails"/>
  <testcase name="basicDetails" time="120.944" classname="com.CRRB_27May22.tc.TC002_CRRBBasicDetails"/>
  <testcase name="basicDetails" time="120.639" classname="com.CRRB_27May22.tc.TC002_CRRBBasicDetails"/>
  <testcase name="basicDetails" time="118.543" classname="com.CRRB_27May22.tc.TC002_CRRBBasicDetails"/>
  <testcase name="basicDetails" time="120.751" classname="com.CRRB_27May22.tc.TC002_CRRBBasicDetails"/>
  <testcase name="basicDetails" time="118.417" classname="com.CRRB_27May22.tc.TC002_CRRBBasicDetails"/>
  <testcase name="basicDetails" time="121.032" classname="com.CRRB_27May22.tc.TC002_CRRBBasicDetails"/>
</testsuite> <!-- com.CRRB_27May22.tc.TC002_CRRBBasicDetails -->
