<?xml version="1.0" encoding="UTF-8"?>
<!-- Generated by org.testng.reporters.JUnitReportReporter -->
<testsuite hostname="MAA011253A" failures="0" tests="18" name="com.idbi.tc.TC002_IDBIBasicDetails" time="2031.737" errors="1" timestamp="2020-12-04T11:01:20 IST" skipped="0">
  <testcase classname="com.idbi.tc.TC002_IDBIBasicDetails" name="basicDetails" time="118.637"/>
  <testcase classname="com.idbi.tc.TC002_IDBIBasicDetails" name="basicDetails" time="119.192"/>
  <testcase classname="com.idbi.tc.TC002_IDBIBasicDetails" name="basicDetails" time="118.270"/>
  <testcase classname="com.idbi.tc.TC002_IDBIBasicDetails" name="basicDetails" time="118.419"/>
  <testcase classname="com.idbi.tc.TC002_IDBIBasicDetails" name="basicDetails" time="120.006"/>
  <testcase classname="com.idbi.tc.TC002_IDBIBasicDetails" name="basicDetails" time="118.722"/>
  <testcase classname="com.idbi.tc.TC002_IDBIBasicDetails" name="basicDetails" time="119.143"/>
  <testcase classname="com.idbi.tc.TC002_IDBIBasicDetails" name="basicDetails" time="119.385"/>
  <testcase classname="com.idbi.tc.TC002_IDBIBasicDetails" name="basicDetails" time="118.617"/>
  <testcase classname="com.idbi.tc.TC002_IDBIBasicDetails" name="afterClass" time="1.048">
    <error type="java.lang.NullPointerException">
      <![CDATA[java.lang.NullPointerException
at lib.utils.HTMLReporter.reportStep(HTMLReporter.java:73)
at lib.selenium.WebDriverServiceImpl.closeAllBrowsers(WebDriverServiceImpl.java:495)
at lib.selenium.PreAndPost.afterClass(PreAndPost.java:72)
at java.base/jdk.internal.reflect.NativeMethodAccessorImpl.invoke0(Native Method)
at java.base/jdk.internal.reflect.NativeMethodAccessorImpl.invoke(Unknown Source)
at java.base/jdk.internal.reflect.DelegatingMethodAccessorImpl.invoke(Unknown Source)
at java.base/java.lang.reflect.Method.invoke(Unknown Source)
at org.testng.internal.MethodInvocationHelper.invokeMethod(MethodInvocationHelper.java:133)
at org.testng.internal.MethodInvocationHelper.invokeMethodConsideringTimeout(MethodInvocationHelper.java:62)
at org.testng.internal.ConfigInvoker.invokeConfigurationMethod(ConfigInvoker.java:340)
at org.testng.internal.ConfigInvoker.invokeConfigurations(ConfigInvoker.java:294)
at org.testng.internal.TestMethodWorker.invokeAfterClassMethods(TestMethodWorker.java:217)
at org.testng.internal.TestMethodWorker.run(TestMethodWorker.java:130)
at java.base/java.util.concurrent.ThreadPoolExecutor.runWorker(Unknown Source)
at java.base/java.util.concurrent.ThreadPoolExecutor$Worker.run(Unknown Source)
at java.base/java.lang.Thread.run(Unknown Source)
]]>
    </error>
  </testcase> <!-- afterClass -->
  <testcase classname="com.idbi.tc.TC002_IDBIBasicDetails" name="basicDetails" time="118.934"/>
  <testcase classname="com.idbi.tc.TC002_IDBIBasicDetails" name="basicDetails" time="118.804"/>
  <testcase classname="com.idbi.tc.TC002_IDBIBasicDetails" name="basicDetails" time="128.455"/>
  <testcase classname="com.idbi.tc.TC002_IDBIBasicDetails" name="basicDetails" time="118.766"/>
  <testcase classname="com.idbi.tc.TC002_IDBIBasicDetails" name="basicDetails" time="118.752"/>
  <testcase classname="com.idbi.tc.TC002_IDBIBasicDetails" name="basicDetails" time="118.830"/>
  <testcase classname="com.idbi.tc.TC002_IDBIBasicDetails" name="basicDetails" time="118.791"/>
  <testcase classname="com.idbi.tc.TC002_IDBIBasicDetails" name="basicDetails" time="118.966"/>
</testsuite> <!-- com.idbi.tc.TC002_IDBIBasicDetails -->
