<?xml version="1.0" encoding="UTF-8"?>
<!-- Generated by org.testng.reporters.JUnitReportReporter -->
<testsuite skipped="0" hostname="MAA014482B" name="com.FCI_2_11August22.tc.TC003_FCIBasicDetails" tests="98" failures="0" timestamp="2022-08-26T02:20:36 IST" time="15726.665" errors="1">
  <testcase name="basicDetails" time="159.380" classname="com.FCI_2_11August22.tc.TC003_FCIBasicDetails"/>
  <testcase name="basicDetails" time="160.910" classname="com.FCI_2_11August22.tc.TC003_FCIBasicDetails"/>
  <testcase name="basicDetails" time="161.887" classname="com.FCI_2_11August22.tc.TC003_FCIBasicDetails"/>
  <testcase name="basicDetails" time="158.960" classname="com.FCI_2_11August22.tc.TC003_FCIBasicDetails"/>
  <testcase name="basicDetails" time="161.390" classname="com.FCI_2_11August22.tc.TC003_FCIBasicDetails"/>
  <testcase name="basicDetails" time="164.321" classname="com.FCI_2_11August22.tc.TC003_FCIBasicDetails"/>
  <testcase name="basicDetails" time="158.955" classname="com.FCI_2_11August22.tc.TC003_FCIBasicDetails"/>
  <testcase name="basicDetails" time="164.569" classname="com.FCI_2_11August22.tc.TC003_FCIBasicDetails"/>
  <testcase name="basicDetails" time="162.179" classname="com.FCI_2_11August22.tc.TC003_FCIBasicDetails"/>
  <testcase name="basicDetails" time="164.883" classname="com.FCI_2_11August22.tc.TC003_FCIBasicDetails"/>
  <testcase name="basicDetails" time="161.933" classname="com.FCI_2_11August22.tc.TC003_FCIBasicDetails"/>
  <testcase name="basicDetails" time="161.166" classname="com.FCI_2_11August22.tc.TC003_FCIBasicDetails"/>
  <testcase name="basicDetails" time="162.728" classname="com.FCI_2_11August22.tc.TC003_FCIBasicDetails"/>
  <testcase name="basicDetails" time="162.281" classname="com.FCI_2_11August22.tc.TC003_FCIBasicDetails"/>
  <testcase name="basicDetails" time="162.022" classname="com.FCI_2_11August22.tc.TC003_FCIBasicDetails"/>
  <testcase name="basicDetails" time="161.212" classname="com.FCI_2_11August22.tc.TC003_FCIBasicDetails"/>
  <testcase name="basicDetails" time="161.119" classname="com.FCI_2_11August22.tc.TC003_FCIBasicDetails"/>
  <testcase name="basicDetails" time="164.337" classname="com.FCI_2_11August22.tc.TC003_FCIBasicDetails"/>
  <testcase name="basicDetails" time="158.568" classname="com.FCI_2_11August22.tc.TC003_FCIBasicDetails"/>
  <testcase name="basicDetails" time="161.951" classname="com.FCI_2_11August22.tc.TC003_FCIBasicDetails"/>
  <testcase name="basicDetails" time="158.673" classname="com.FCI_2_11August22.tc.TC003_FCIBasicDetails"/>
  <testcase name="basicDetails" time="164.229" classname="com.FCI_2_11August22.tc.TC003_FCIBasicDetails"/>
  <testcase name="basicDetails" time="159.040" classname="com.FCI_2_11August22.tc.TC003_FCIBasicDetails"/>
  <testcase name="basicDetails" time="162.493" classname="com.FCI_2_11August22.tc.TC003_FCIBasicDetails"/>
  <testcase name="basicDetails" time="158.984" classname="com.FCI_2_11August22.tc.TC003_FCIBasicDetails"/>
  <testcase name="basicDetails" time="164.299" classname="com.FCI_2_11August22.tc.TC003_FCIBasicDetails"/>
  <testcase name="basicDetails" time="159.202" classname="com.FCI_2_11August22.tc.TC003_FCIBasicDetails"/>
  <testcase name="basicDetails" time="164.448" classname="com.FCI_2_11August22.tc.TC003_FCIBasicDetails"/>
  <testcase name="basicDetails" time="159.964" classname="com.FCI_2_11August22.tc.TC003_FCIBasicDetails"/>
  <testcase name="basicDetails" time="161.968" classname="com.FCI_2_11August22.tc.TC003_FCIBasicDetails"/>
  <testcase name="basicDetails" time="161.937" classname="com.FCI_2_11August22.tc.TC003_FCIBasicDetails"/>
  <testcase name="basicDetails" time="164.511" classname="com.FCI_2_11August22.tc.TC003_FCIBasicDetails"/>
  <testcase name="basicDetails" time="162.228" classname="com.FCI_2_11August22.tc.TC003_FCIBasicDetails"/>
  <testcase name="basicDetails" time="164.410" classname="com.FCI_2_11August22.tc.TC003_FCIBasicDetails"/>
  <testcase name="basicDetails" time="161.084" classname="com.FCI_2_11August22.tc.TC003_FCIBasicDetails"/>
  <testcase name="basicDetails" time="162.303" classname="com.FCI_2_11August22.tc.TC003_FCIBasicDetails"/>
  <testcase name="basicDetails" time="158.662" classname="com.FCI_2_11August22.tc.TC003_FCIBasicDetails"/>
  <testcase name="basicDetails" time="162.179" classname="com.FCI_2_11August22.tc.TC003_FCIBasicDetails"/>
  <testcase name="basicDetails" time="165.003" classname="com.FCI_2_11August22.tc.TC003_FCIBasicDetails"/>
  <testcase name="basicDetails" time="161.179" classname="com.FCI_2_11August22.tc.TC003_FCIBasicDetails"/>
  <testcase name="basicDetails" time="164.611" classname="com.FCI_2_11August22.tc.TC003_FCIBasicDetails"/>
  <testcase name="basicDetails" time="164.480" classname="com.FCI_2_11August22.tc.TC003_FCIBasicDetails"/>
  <testcase name="basicDetails" time="158.825" classname="com.FCI_2_11August22.tc.TC003_FCIBasicDetails"/>
  <testcase name="basicDetails" time="161.476" classname="com.FCI_2_11August22.tc.TC003_FCIBasicDetails"/>
  <testcase name="basicDetails" time="164.319" classname="com.FCI_2_11August22.tc.TC003_FCIBasicDetails"/>
  <testcase name="basicDetails" time="162.113" classname="com.FCI_2_11August22.tc.TC003_FCIBasicDetails"/>
  <testcase name="basicDetails" time="161.159" classname="com.FCI_2_11August22.tc.TC003_FCIBasicDetails"/>
  <testcase name="basicDetails" time="161.365" classname="com.FCI_2_11August22.tc.TC003_FCIBasicDetails"/>
  <testcase name="basicDetails" time="164.118" classname="com.FCI_2_11August22.tc.TC003_FCIBasicDetails"/>
  <testcase name="basicDetails" time="164.354" classname="com.FCI_2_11August22.tc.TC003_FCIBasicDetails"/>
  <testcase name="basicDetails" time="162.211" classname="com.FCI_2_11August22.tc.TC003_FCIBasicDetails"/>
  <testcase name="basicDetails" time="161.926" classname="com.FCI_2_11August22.tc.TC003_FCIBasicDetails"/>
  <testcase name="basicDetails" time="162.544" classname="com.FCI_2_11August22.tc.TC003_FCIBasicDetails"/>
  <testcase name="basicDetails" time="159.606" classname="com.FCI_2_11August22.tc.TC003_FCIBasicDetails"/>
  <testcase name="basicDetails" time="161.450" classname="com.FCI_2_11August22.tc.TC003_FCIBasicDetails"/>
  <testcase name="basicDetails" time="164.486" classname="com.FCI_2_11August22.tc.TC003_FCIBasicDetails"/>
  <testcase name="basicDetails" time="164.484" classname="com.FCI_2_11August22.tc.TC003_FCIBasicDetails"/>
  <testcase name="basicDetails" time="161.354" classname="com.FCI_2_11August22.tc.TC003_FCIBasicDetails"/>
  <testcase name="basicDetails" time="159.817" classname="com.FCI_2_11August22.tc.TC003_FCIBasicDetails"/>
  <testcase name="basicDetails" time="158.900" classname="com.FCI_2_11August22.tc.TC003_FCIBasicDetails"/>
  <testcase name="basicDetails" time="32.682" classname="com.FCI_2_11August22.tc.TC003_FCIBasicDetails">
    <error type="org.openqa.selenium.UnhandledAlertException" message="unexpected alert open: {Alert text : Date Of Birth should be between 02/08/1972 to 01/08/2004}
  (Session info: chrome=104.0.5112.102): Date Of Birth should be between 02/08/1972 to 01/08/2004
Build info: version: &#039;3.141.0&#039;, revision: &#039;2ecb7d9a&#039;, time: &#039;2018-10-31T20:09:30&#039;
System info: host: &#039;MAA014482B&#039;, ip: &#039;124.7.228.19&#039;, os.name: &#039;Windows 10&#039;, os.arch: &#039;amd64&#039;, os.version: &#039;10.0&#039;, java.version: &#039;1.8.0_131&#039;
Driver info: org.openqa.selenium.chrome.ChromeDriver
Capabilities {acceptInsecureCerts: false, browserName: chrome, browserVersion: 104.0.5112.102, chrome: {chromedriverVersion: 104.0.5112.79 (3cf3e8c8a07d..., userDataDir: C:\Users\016386\AppData\Loc...}, goog:chromeOptions: {debuggerAddress: localhost:61414}, javascriptEnabled: true, networkConnectionEnabled: false, pageLoadStrategy: normal, platform: WINDOWS, platformName: WINDOWS, proxy: Proxy(), setWindowRect: true, strictFileInteractability: false, timeouts: {implicit: 0, pageLoad: 300000, script: 30000}, unhandledPromptBehavior: dismiss and notify, webauthn:extension:credBlob: true, webauthn:extension:largeBlob: true, webauthn:virtualAuthenticators: true}
Session ID: c86ced97f81d709fafb6609b6b9e56b3
*** Element info: {Using=id, value=seldobyear}">
      <![CDATA[org.openqa.selenium.UnhandledAlertException: unexpected alert open: {Alert text : Date Of Birth should be between 02/08/1972 to 01/08/2004}
  (Session info: chrome=104.0.5112.102): Date Of Birth should be between 02/08/1972 to 01/08/2004
Build info: version: '3.141.0', revision: '2ecb7d9a', time: '2018-10-31T20:09:30'
System info: host: 'MAA014482B', ip: '124.7.228.19', os.name: 'Windows 10', os.arch: 'amd64', os.version: '10.0', java.version: '1.8.0_131'
Driver info: org.openqa.selenium.chrome.ChromeDriver
Capabilities {acceptInsecureCerts: false, browserName: chrome, browserVersion: 104.0.5112.102, chrome: {chromedriverVersion: 104.0.5112.79 (3cf3e8c8a07d..., userDataDir: C:\Users\016386\AppData\Loc...}, goog:chromeOptions: {debuggerAddress: localhost:61414}, javascriptEnabled: true, networkConnectionEnabled: false, pageLoadStrategy: normal, platform: WINDOWS, platformName: WINDOWS, proxy: Proxy(), setWindowRect: true, strictFileInteractability: false, timeouts: {implicit: 0, pageLoad: 300000, script: 30000}, unhandledPromptBehavior: dismiss and notify, webauthn:extension:credBlob: true, webauthn:extension:largeBlob: true, webauthn:virtualAuthenticators: true}
Session ID: c86ced97f81d709fafb6609b6b9e56b3
*** Element info: {Using=id, value=seldobyear}
at org.openqa.selenium.remote.http.W3CHttpResponseCodec.decode(W3CHttpResponseCodec.java:120)
at org.openqa.selenium.remote.http.W3CHttpResponseCodec.decode(W3CHttpResponseCodec.java:49)
at org.openqa.selenium.remote.HttpCommandExecutor.execute(HttpCommandExecutor.java:158)
at org.openqa.selenium.remote.service.DriverCommandExecutor.execute(DriverCommandExecutor.java:83)
at org.openqa.selenium.remote.RemoteWebDriver.execute(RemoteWebDriver.java:552)
at org.openqa.selenium.remote.RemoteWebDriver.findElement(RemoteWebDriver.java:323)
at org.openqa.selenium.remote.RemoteWebDriver.findElementById(RemoteWebDriver.java:372)
at org.openqa.selenium.By$ById.findElement(By.java:188)
at org.openqa.selenium.remote.RemoteWebDriver.findElement(RemoteWebDriver.java:315)
at lib.selenium.WebDriverServiceImpl.dropDownDefaultValue(WebDriverServiceImpl.java:717)
at lib.selenium.WebDriverServiceImpl.agevalidator_max(WebDriverServiceImpl.java:828)
at com.ibps.pages.PersonalDetailsPage.ageValidatorMax(PersonalDetailsPage.java:329)
at com.FCI_2_11August22.tc.TC003_FCIBasicDetails.basicDetails(TC003_FCIBasicDetails.java:59)
at sun.reflect.NativeMethodAccessorImpl.invoke0(Native Method)
at sun.reflect.NativeMethodAccessorImpl.invoke(Unknown Source)
at sun.reflect.DelegatingMethodAccessorImpl.invoke(Unknown Source)
at java.lang.reflect.Method.invoke(Unknown Source)
at org.testng.internal.MethodInvocationHelper.invokeMethod(MethodInvocationHelper.java:133)
at org.testng.internal.TestInvoker.invokeMethod(TestInvoker.java:584)
at org.testng.internal.TestInvoker.invokeTestMethod(TestInvoker.java:172)
at org.testng.internal.MethodRunner.runInSequence(MethodRunner.java:46)
at org.testng.internal.TestInvoker$MethodInvocationAgent.invoke(TestInvoker.java:804)
at org.testng.internal.TestInvoker.invokeTestMethods(TestInvoker.java:145)
at org.testng.internal.TestMethodWorker.invokeTestMethods(TestMethodWorker.java:146)
at org.testng.internal.TestMethodWorker.run(TestMethodWorker.java:128)
at java.util.concurrent.ThreadPoolExecutor.runWorker(Unknown Source)
at java.util.concurrent.ThreadPoolExecutor$Worker.run(Unknown Source)
at java.lang.Thread.run(Unknown Source)
]]>
    </error>
  </testcase> <!-- basicDetails -->
  <testcase name="basicDetails" time="159.177" classname="com.FCI_2_11August22.tc.TC003_FCIBasicDetails"/>
  <testcase name="basicDetails" time="162.479" classname="com.FCI_2_11August22.tc.TC003_FCIBasicDetails"/>
  <testcase name="basicDetails" time="162.049" classname="com.FCI_2_11August22.tc.TC003_FCIBasicDetails"/>
  <testcase name="basicDetails" time="162.211" classname="com.FCI_2_11August22.tc.TC003_FCIBasicDetails"/>
  <testcase name="basicDetails" time="158.828" classname="com.FCI_2_11August22.tc.TC003_FCIBasicDetails"/>
  <testcase name="basicDetails" time="161.467" classname="com.FCI_2_11August22.tc.TC003_FCIBasicDetails"/>
  <testcase name="basicDetails" time="161.833" classname="com.FCI_2_11August22.tc.TC003_FCIBasicDetails"/>
  <testcase name="basicDetails" time="164.062" classname="com.FCI_2_11August22.tc.TC003_FCIBasicDetails"/>
  <testcase name="basicDetails" time="162.010" classname="com.FCI_2_11August22.tc.TC003_FCIBasicDetails"/>
  <testcase name="basicDetails" time="161.270" classname="com.FCI_2_11August22.tc.TC003_FCIBasicDetails"/>
  <testcase name="basicDetails" time="164.716" classname="com.FCI_2_11August22.tc.TC003_FCIBasicDetails"/>
  <testcase name="basicDetails" time="164.559" classname="com.FCI_2_11August22.tc.TC003_FCIBasicDetails"/>
  <testcase name="basicDetails" time="162.117" classname="com.FCI_2_11August22.tc.TC003_FCIBasicDetails"/>
  <testcase name="basicDetails" time="164.629" classname="com.FCI_2_11August22.tc.TC003_FCIBasicDetails"/>
  <testcase name="basicDetails" time="164.721" classname="com.FCI_2_11August22.tc.TC003_FCIBasicDetails"/>
  <testcase name="basicDetails" time="164.248" classname="com.FCI_2_11August22.tc.TC003_FCIBasicDetails"/>
  <testcase name="basicDetails" time="158.906" classname="com.FCI_2_11August22.tc.TC003_FCIBasicDetails"/>
  <testcase name="basicDetails" time="158.733" classname="com.FCI_2_11August22.tc.TC003_FCIBasicDetails"/>
  <testcase name="basicDetails" time="161.233" classname="com.FCI_2_11August22.tc.TC003_FCIBasicDetails"/>
  <testcase name="basicDetails" time="161.282" classname="com.FCI_2_11August22.tc.TC003_FCIBasicDetails"/>
  <testcase name="basicDetails" time="160.979" classname="com.FCI_2_11August22.tc.TC003_FCIBasicDetails"/>
  <testcase name="basicDetails" time="159.076" classname="com.FCI_2_11August22.tc.TC003_FCIBasicDetails"/>
  <testcase name="basicDetails" time="161.133" classname="com.FCI_2_11August22.tc.TC003_FCIBasicDetails"/>
  <testcase name="basicDetails" time="159.020" classname="com.FCI_2_11August22.tc.TC003_FCIBasicDetails"/>
  <testcase name="basicDetails" time="162.645" classname="com.FCI_2_11August22.tc.TC003_FCIBasicDetails"/>
  <testcase name="basicDetails" time="158.955" classname="com.FCI_2_11August22.tc.TC003_FCIBasicDetails"/>
  <testcase name="basicDetails" time="161.288" classname="com.FCI_2_11August22.tc.TC003_FCIBasicDetails"/>
  <testcase name="basicDetails" time="161.238" classname="com.FCI_2_11August22.tc.TC003_FCIBasicDetails"/>
  <testcase name="basicDetails" time="165.329" classname="com.FCI_2_11August22.tc.TC003_FCIBasicDetails"/>
  <testcase name="basicDetails" time="165.208" classname="com.FCI_2_11August22.tc.TC003_FCIBasicDetails"/>
  <testcase name="basicDetails" time="158.691" classname="com.FCI_2_11August22.tc.TC003_FCIBasicDetails"/>
  <testcase name="basicDetails" time="161.263" classname="com.FCI_2_11August22.tc.TC003_FCIBasicDetails"/>
  <testcase name="basicDetails" time="159.062" classname="com.FCI_2_11August22.tc.TC003_FCIBasicDetails"/>
  <testcase name="basicDetails" time="158.768" classname="com.FCI_2_11August22.tc.TC003_FCIBasicDetails"/>
  <testcase name="basicDetails" time="161.390" classname="com.FCI_2_11August22.tc.TC003_FCIBasicDetails"/>
  <testcase name="basicDetails" time="162.151" classname="com.FCI_2_11August22.tc.TC003_FCIBasicDetails"/>
  <testcase name="basicDetails" time="162.112" classname="com.FCI_2_11August22.tc.TC003_FCIBasicDetails"/>
</testsuite> <!-- com.FCI_2_11August22.tc.TC003_FCIBasicDetails -->
