<?xml version="1.0" encoding="UTF-8"?>
<!-- Generated by org.testng.reporters.JUnitReportReporter -->
<testsuite skipped="0" hostname="MAA014482B" name="com.FCSCPD_June23.tc.TC005_FCSBasicDetails" tests="40" failures="0" timestamp="2023-07-07T11:00:58 IST" time="6850.104" errors="0">
  <testcase name="basicDetails" time="160.185" classname="com.FCSCPD_June23.tc.TC005_FCSBasicDetails"/>
  <testcase name="basicDetails" time="187.454" classname="com.FCSCPD_June23.tc.TC005_FCSBasicDetails"/>
  <testcase name="basicDetails" time="160.207" classname="com.FCSCPD_June23.tc.TC005_FCSBasicDetails"/>
  <testcase name="basicDetails" time="160.239" classname="com.FCSCPD_June23.tc.TC005_FCSBasicDetails"/>
  <testcase name="basicDetails" time="229.791" classname="com.FCSCPD_June23.tc.TC005_FCSBasicDetails"/>
  <testcase name="basicDetails" time="163.729" classname="com.FCSCPD_June23.tc.TC005_FCSBasicDetails"/>
  <testcase name="basicDetails" time="160.401" classname="com.FCSCPD_June23.tc.TC005_FCSBasicDetails"/>
  <testcase name="basicDetails" time="160.229" classname="com.FCSCPD_June23.tc.TC005_FCSBasicDetails"/>
  <testcase name="basicDetails" time="160.193" classname="com.FCSCPD_June23.tc.TC005_FCSBasicDetails"/>
  <testcase name="basicDetails" time="160.127" classname="com.FCSCPD_June23.tc.TC005_FCSBasicDetails"/>
  <testcase name="basicDetails" time="160.076" classname="com.FCSCPD_June23.tc.TC005_FCSBasicDetails"/>
  <testcase name="basicDetails" time="160.129" classname="com.FCSCPD_June23.tc.TC005_FCSBasicDetails"/>
  <testcase name="basicDetails" time="160.429" classname="com.FCSCPD_June23.tc.TC005_FCSBasicDetails"/>
  <testcase name="basicDetails" time="226.781" classname="com.FCSCPD_June23.tc.TC005_FCSBasicDetails"/>
  <testcase name="basicDetails" time="163.496" classname="com.FCSCPD_June23.tc.TC005_FCSBasicDetails"/>
  <testcase name="basicDetails" time="159.391" classname="com.FCSCPD_June23.tc.TC005_FCSBasicDetails"/>
  <testcase name="basicDetails" time="159.967" classname="com.FCSCPD_June23.tc.TC005_FCSBasicDetails"/>
  <testcase name="basicDetails" time="159.780" classname="com.FCSCPD_June23.tc.TC005_FCSBasicDetails"/>
  <testcase name="basicDetails" time="160.140" classname="com.FCSCPD_June23.tc.TC005_FCSBasicDetails"/>
  <testcase name="basicDetails" time="160.011" classname="com.FCSCPD_June23.tc.TC005_FCSBasicDetails"/>
  <testcase name="basicDetails" time="159.850" classname="com.FCSCPD_June23.tc.TC005_FCSBasicDetails"/>
  <testcase name="basicDetails" time="160.305" classname="com.FCSCPD_June23.tc.TC005_FCSBasicDetails"/>
  <testcase name="basicDetails" time="160.380" classname="com.FCSCPD_June23.tc.TC005_FCSBasicDetails"/>
  <testcase name="basicDetails" time="163.634" classname="com.FCSCPD_June23.tc.TC005_FCSBasicDetails"/>
  <testcase name="basicDetails" time="226.762" classname="com.FCSCPD_June23.tc.TC005_FCSBasicDetails"/>
  <testcase name="basicDetails" time="160.043" classname="com.FCSCPD_June23.tc.TC005_FCSBasicDetails"/>
  <testcase name="basicDetails" time="160.188" classname="com.FCSCPD_June23.tc.TC005_FCSBasicDetails"/>
  <testcase name="basicDetails" time="226.517" classname="com.FCSCPD_June23.tc.TC005_FCSBasicDetails"/>
  <testcase name="basicDetails" time="226.441" classname="com.FCSCPD_June23.tc.TC005_FCSBasicDetails"/>
  <testcase name="basicDetails" time="167.794" classname="com.FCSCPD_June23.tc.TC005_FCSBasicDetails"/>
  <testcase name="basicDetails" time="159.884" classname="com.FCSCPD_June23.tc.TC005_FCSBasicDetails"/>
  <testcase name="basicDetails" time="159.714" classname="com.FCSCPD_June23.tc.TC005_FCSBasicDetails"/>
  <testcase name="basicDetails" time="159.397" classname="com.FCSCPD_June23.tc.TC005_FCSBasicDetails"/>
  <testcase name="basicDetails" time="226.495" classname="com.FCSCPD_June23.tc.TC005_FCSBasicDetails"/>
  <testcase name="basicDetails" time="159.975" classname="com.FCSCPD_June23.tc.TC005_FCSBasicDetails"/>
  <testcase name="basicDetails" time="159.859" classname="com.FCSCPD_June23.tc.TC005_FCSBasicDetails"/>
  <testcase name="basicDetails" time="159.933" classname="com.FCSCPD_June23.tc.TC005_FCSBasicDetails"/>
  <testcase name="basicDetails" time="159.983" classname="com.FCSCPD_June23.tc.TC005_FCSBasicDetails"/>
  <testcase name="basicDetails" time="160.207" classname="com.FCSCPD_June23.tc.TC005_FCSBasicDetails"/>
  <testcase name="basicDetails" time="159.988" classname="com.FCSCPD_June23.tc.TC005_FCSBasicDetails"/>
</testsuite> <!-- com.FCSCPD_June23.tc.TC005_FCSBasicDetails -->
