<?xml version="1.0" encoding="UTF-8"?>
<!-- Generated by org.testng.reporters.JUnitReportReporter -->
<testsuite skipped="0" hostname="MAA014482B" name="com.CRRB_27May22.tc.TC001_CRRBBasicDetails" tests="27" failures="0" timestamp="2022-05-30T12:02:39 IST" time="3237.529" errors="0">
  <testcase name="basicDetails" time="120.761" classname="com.CRRB_27May22.tc.TC001_CRRBBasicDetails"/>
  <testcase name="basicDetails" time="118.553" classname="com.CRRB_27May22.tc.TC001_CRRBBasicDetails"/>
  <testcase name="basicDetails" time="120.110" classname="com.CRRB_27May22.tc.TC001_CRRBBasicDetails"/>
  <testcase name="basicDetails" time="120.792" classname="com.CRRB_27May22.tc.TC001_CRRBBasicDetails"/>
  <testcase name="basicDetails" time="118.426" classname="com.CRRB_27May22.tc.TC001_CRRBBasicDetails"/>
  <testcase name="basicDetails" time="118.766" classname="com.CRRB_27May22.tc.TC001_CRRBBasicDetails"/>
  <testcase name="basicDetails" time="121.717" classname="com.CRRB_27May22.tc.TC001_CRRBBasicDetails"/>
  <testcase name="basicDetails" time="121.642" classname="com.CRRB_27May22.tc.TC001_CRRBBasicDetails"/>
  <testcase name="basicDetails" time="118.719" classname="com.CRRB_27May22.tc.TC001_CRRBBasicDetails"/>
  <testcase name="basicDetails" time="118.697" classname="com.CRRB_27May22.tc.TC001_CRRBBasicDetails"/>
  <testcase name="basicDetails" time="120.936" classname="com.CRRB_27May22.tc.TC001_CRRBBasicDetails"/>
  <testcase name="basicDetails" time="121.123" classname="com.CRRB_27May22.tc.TC001_CRRBBasicDetails"/>
  <testcase name="basicDetails" time="120.909" classname="com.CRRB_27May22.tc.TC001_CRRBBasicDetails"/>
  <testcase name="basicDetails" time="120.824" classname="com.CRRB_27May22.tc.TC001_CRRBBasicDetails"/>
  <testcase name="basicDetails" time="120.686" classname="com.CRRB_27May22.tc.TC001_CRRBBasicDetails"/>
  <testcase name="basicDetails" time="120.480" classname="com.CRRB_27May22.tc.TC001_CRRBBasicDetails"/>
  <testcase name="basicDetails" time="118.479" classname="com.CRRB_27May22.tc.TC001_CRRBBasicDetails"/>
  <testcase name="basicDetails" time="120.658" classname="com.CRRB_27May22.tc.TC001_CRRBBasicDetails"/>
  <testcase name="basicDetails" time="119.260" classname="com.CRRB_27May22.tc.TC001_CRRBBasicDetails"/>
  <testcase name="basicDetails" time="120.810" classname="com.CRRB_27May22.tc.TC001_CRRBBasicDetails"/>
  <testcase name="basicDetails" time="121.063" classname="com.CRRB_27May22.tc.TC001_CRRBBasicDetails"/>
  <testcase name="basicDetails" time="118.971" classname="com.CRRB_27May22.tc.TC001_CRRBBasicDetails"/>
  <testcase name="basicDetails" time="120.555" classname="com.CRRB_27May22.tc.TC001_CRRBBasicDetails"/>
  <testcase name="basicDetails" time="118.887" classname="com.CRRB_27May22.tc.TC001_CRRBBasicDetails"/>
  <testcase name="basicDetails" time="118.787" classname="com.CRRB_27May22.tc.TC001_CRRBBasicDetails"/>
  <testcase name="basicDetails" time="118.273" classname="com.CRRB_27May22.tc.TC001_CRRBBasicDetails"/>
  <testcase name="basicDetails" time="118.645" classname="com.CRRB_27May22.tc.TC001_CRRBBasicDetails"/>
</testsuite> <!-- com.CRRB_27May22.tc.TC001_CRRBBasicDetails -->
