<?xml version="1.0" encoding="UTF-8"?>
<!-- Generated by org.testng.reporters.JUnitReportReporter -->
<testsuite hostname="MAA011253A" failures="0" tests="51" name="com.UCO.tc.TC005_UCOBasicDetails" time="6307.303" errors="1" timestamp="2020-10-15T14:29:43 IST" skipped="0">
  <testcase classname="com.UCO.tc.TC005_UCOBasicDetails" name="basicDetails" time="125.481"/>
  <testcase classname="com.UCO.tc.TC005_UCOBasicDetails" name="basicDetails" time="125.021"/>
  <testcase classname="com.UCO.tc.TC005_UCOBasicDetails" name="basicDetails" time="125.093"/>
  <testcase classname="com.UCO.tc.TC005_UCOBasicDetails" name="basicDetails" time="125.134"/>
  <testcase classname="com.UCO.tc.TC005_UCOBasicDetails" name="basicDetails" time="125.442"/>
  <testcase classname="com.UCO.tc.TC005_UCOBasicDetails" name="basicDetails" time="127.581"/>
  <testcase classname="com.UCO.tc.TC005_UCOBasicDetails" name="basicDetails" time="125.405"/>
  <testcase classname="com.UCO.tc.TC005_UCOBasicDetails" name="basicDetails" time="125.405"/>
  <testcase classname="com.UCO.tc.TC005_UCOBasicDetails" name="basicDetails" time="125.775"/>
  <testcase classname="com.UCO.tc.TC005_UCOBasicDetails" name="basicDetails" time="126.115"/>
  <testcase classname="com.UCO.tc.TC005_UCOBasicDetails" name="basicDetails" time="125.493"/>
  <testcase classname="com.UCO.tc.TC005_UCOBasicDetails" name="basicDetails" time="125.680"/>
  <testcase classname="com.UCO.tc.TC005_UCOBasicDetails" name="basicDetails" time="125.938"/>
  <testcase classname="com.UCO.tc.TC005_UCOBasicDetails" name="basicDetails" time="125.210"/>
  <testcase classname="com.UCO.tc.TC005_UCOBasicDetails" name="basicDetails" time="125.503"/>
  <testcase classname="com.UCO.tc.TC005_UCOBasicDetails" name="afterClass" time="1.346">
    <error type="java.lang.NullPointerException">
      <![CDATA[java.lang.NullPointerException
at lib.utils.HTMLReporter.reportStep(HTMLReporter.java:73)
at lib.selenium.WebDriverServiceImpl.closeAllBrowsers(WebDriverServiceImpl.java:495)
at lib.selenium.PreAndPost.afterClass(PreAndPost.java:71)
at java.base/jdk.internal.reflect.NativeMethodAccessorImpl.invoke0(Native Method)
at java.base/jdk.internal.reflect.NativeMethodAccessorImpl.invoke(Unknown Source)
at java.base/jdk.internal.reflect.DelegatingMethodAccessorImpl.invoke(Unknown Source)
at java.base/java.lang.reflect.Method.invoke(Unknown Source)
at org.testng.internal.MethodInvocationHelper.invokeMethod(MethodInvocationHelper.java:133)
at org.testng.internal.MethodInvocationHelper.invokeMethodConsideringTimeout(MethodInvocationHelper.java:62)
at org.testng.internal.ConfigInvoker.invokeConfigurationMethod(ConfigInvoker.java:340)
at org.testng.internal.ConfigInvoker.invokeConfigurations(ConfigInvoker.java:294)
at org.testng.internal.TestMethodWorker.invokeAfterClassMethods(TestMethodWorker.java:217)
at org.testng.internal.TestMethodWorker.run(TestMethodWorker.java:130)
at java.base/java.util.concurrent.ThreadPoolExecutor.runWorker(Unknown Source)
at java.base/java.util.concurrent.ThreadPoolExecutor$Worker.run(Unknown Source)
at java.base/java.lang.Thread.run(Unknown Source)
]]>
    </error>
  </testcase> <!-- afterClass -->
  <testcase classname="com.UCO.tc.TC005_UCOBasicDetails" name="basicDetails" time="125.579"/>
  <testcase classname="com.UCO.tc.TC005_UCOBasicDetails" name="basicDetails" time="125.010"/>
  <testcase classname="com.UCO.tc.TC005_UCOBasicDetails" name="basicDetails" time="125.340"/>
  <testcase classname="com.UCO.tc.TC005_UCOBasicDetails" name="basicDetails" time="125.699"/>
  <testcase classname="com.UCO.tc.TC005_UCOBasicDetails" name="basicDetails" time="126.651"/>
  <testcase classname="com.UCO.tc.TC005_UCOBasicDetails" name="basicDetails" time="126.459"/>
  <testcase classname="com.UCO.tc.TC005_UCOBasicDetails" name="basicDetails" time="125.426"/>
  <testcase classname="com.UCO.tc.TC005_UCOBasicDetails" name="basicDetails" time="126.015"/>
  <testcase classname="com.UCO.tc.TC005_UCOBasicDetails" name="basicDetails" time="125.285"/>
  <testcase classname="com.UCO.tc.TC005_UCOBasicDetails" name="basicDetails" time="126.288"/>
  <testcase classname="com.UCO.tc.TC005_UCOBasicDetails" name="basicDetails" time="127.448"/>
  <testcase classname="com.UCO.tc.TC005_UCOBasicDetails" name="basicDetails" time="130.294"/>
  <testcase classname="com.UCO.tc.TC005_UCOBasicDetails" name="basicDetails" time="125.435"/>
  <testcase classname="com.UCO.tc.TC005_UCOBasicDetails" name="basicDetails" time="126.088"/>
  <testcase classname="com.UCO.tc.TC005_UCOBasicDetails" name="basicDetails" time="126.309"/>
  <testcase classname="com.UCO.tc.TC005_UCOBasicDetails" name="basicDetails" time="125.286"/>
  <testcase classname="com.UCO.tc.TC005_UCOBasicDetails" name="basicDetails" time="127.519"/>
  <testcase classname="com.UCO.tc.TC005_UCOBasicDetails" name="basicDetails" time="138.216"/>
  <testcase classname="com.UCO.tc.TC005_UCOBasicDetails" name="basicDetails" time="125.125"/>
  <testcase classname="com.UCO.tc.TC005_UCOBasicDetails" name="basicDetails" time="125.873"/>
  <testcase classname="com.UCO.tc.TC005_UCOBasicDetails" name="basicDetails" time="125.568"/>
  <testcase classname="com.UCO.tc.TC005_UCOBasicDetails" name="basicDetails" time="125.383"/>
  <testcase classname="com.UCO.tc.TC005_UCOBasicDetails" name="basicDetails" time="125.903"/>
  <testcase classname="com.UCO.tc.TC005_UCOBasicDetails" name="basicDetails" time="125.296"/>
  <testcase classname="com.UCO.tc.TC005_UCOBasicDetails" name="basicDetails" time="127.793"/>
  <testcase classname="com.UCO.tc.TC005_UCOBasicDetails" name="basicDetails" time="127.254"/>
  <testcase classname="com.UCO.tc.TC005_UCOBasicDetails" name="basicDetails" time="125.782"/>
  <testcase classname="com.UCO.tc.TC005_UCOBasicDetails" name="basicDetails" time="124.602"/>
  <testcase classname="com.UCO.tc.TC005_UCOBasicDetails" name="basicDetails" time="126.919"/>
  <testcase classname="com.UCO.tc.TC005_UCOBasicDetails" name="basicDetails" time="125.614"/>
  <testcase classname="com.UCO.tc.TC005_UCOBasicDetails" name="basicDetails" time="125.340"/>
  <testcase classname="com.UCO.tc.TC005_UCOBasicDetails" name="basicDetails" time="125.037"/>
  <testcase classname="com.UCO.tc.TC005_UCOBasicDetails" name="basicDetails" time="125.132"/>
  <testcase classname="com.UCO.tc.TC005_UCOBasicDetails" name="basicDetails" time="125.345"/>
  <testcase classname="com.UCO.tc.TC005_UCOBasicDetails" name="basicDetails" time="125.368"/>
</testsuite> <!-- com.UCO.tc.TC005_UCOBasicDetails -->
