<?xml version="1.0" encoding="UTF-8"?>
<!-- Generated by org.testng.reporters.JUnitReportReporter -->
<testsuite hostname="MAA011253A" failures="0" tests="10" name="com.rbisecurity.tc.TC003_RBIBasicDetails" time="1218.091" errors="0" timestamp="2021-01-11T10:49:51 IST" skipped="0">
  <testcase classname="com.rbisecurity.tc.TC003_RBIBasicDetails" name="basicDetails" time="120.468"/>
  <testcase classname="com.rbisecurity.tc.TC003_RBIBasicDetails" name="basicDetails" time="121.405"/>
  <testcase classname="com.rbisecurity.tc.TC003_RBIBasicDetails" name="basicDetails" time="121.083"/>
  <testcase classname="com.rbisecurity.tc.TC003_RBIBasicDetails" name="basicDetails" time="128.956"/>
  <testcase classname="com.rbisecurity.tc.TC003_RBIBasicDetails" name="basicDetails" time="120.518"/>
  <testcase classname="com.rbisecurity.tc.TC003_RBIBasicDetails" name="basicDetails" time="120.872"/>
  <testcase classname="com.rbisecurity.tc.TC003_RBIBasicDetails" name="basicDetails" time="121.046"/>
  <testcase classname="com.rbisecurity.tc.TC003_RBIBasicDetails" name="basicDetails" time="120.840"/>
  <testcase classname="com.rbisecurity.tc.TC003_RBIBasicDetails" name="basicDetails" time="121.557"/>
  <testcase classname="com.rbisecurity.tc.TC003_RBIBasicDetails" name="basicDetails" time="121.346"/>
</testsuite> <!-- com.rbisecurity.tc.TC003_RBIBasicDetails -->
