<?xml version="1.0" encoding="UTF-8"?>
<!-- Generated by org.testng.reporters.JUnitReportReporter -->
<testsuite skipped="0" hostname="MAA014482B" name="com.MPRSB_06022023.tc.TC001_MPRSBBasicDetails" tests="5" failures="0" timestamp="2023-03-09T12:50:19 IST" time="808.975" errors="0">
  <testcase name="basicDetails" time="163.242" classname="com.MPRSB_06022023.tc.TC001_MPRSBBasicDetails"/>
  <testcase name="basicDetails" time="159.452" classname="com.MPRSB_06022023.tc.TC001_MPRSBBasicDetails"/>
  <testcase name="basicDetails" time="163.594" classname="com.MPRSB_06022023.tc.TC001_MPRSBBasicDetails"/>
  <testcase name="basicDetails" time="161.219" classname="com.MPRSB_06022023.tc.TC001_MPRSBBasicDetails"/>
  <testcase name="basicDetails" time="161.468" classname="com.MPRSB_06022023.tc.TC001_MPRSBBasicDetails"/>
</testsuite> <!-- com.MPRSB_06022023.tc.TC001_MPRSBBasicDetails -->
