<?xml version="1.0" encoding="UTF-8"?>
<!-- Generated by org.testng.reporters.JUnitReportReporter -->
<testsuite skipped="0" hostname="MAA014482B" name="com.MAHAVIT_12_April.tc.TC002_MAHABasicDetails" tests="25" failures="0" timestamp="2022-05-03T23:21:35 IST" time="3112.152" errors="0">
  <testcase name="basicDetails" time="119.140" classname="com.MAHAVIT_12_April.tc.TC002_MAHABasicDetails"/>
  <testcase name="basicDetails" time="119.231" classname="com.MAHAVIT_12_April.tc.TC002_MAHABasicDetails"/>
  <testcase name="basicDetails" time="119.139" classname="com.MAHAVIT_12_April.tc.TC002_MAHABasicDetails"/>
  <testcase name="basicDetails" time="118.906" classname="com.MAHAVIT_12_April.tc.TC002_MAHABasicDetails"/>
  <testcase name="basicDetails" time="118.971" classname="com.MAHAVIT_12_April.tc.TC002_MAHABasicDetails"/>
  <testcase name="basicDetails" time="118.960" classname="com.MAHAVIT_12_April.tc.TC002_MAHABasicDetails"/>
  <testcase name="basicDetails" time="118.849" classname="com.MAHAVIT_12_April.tc.TC002_MAHABasicDetails"/>
  <testcase name="basicDetails" time="119.034" classname="com.MAHAVIT_12_April.tc.TC002_MAHABasicDetails"/>
  <testcase name="basicDetails" time="121.060" classname="com.MAHAVIT_12_April.tc.TC002_MAHABasicDetails"/>
  <testcase name="basicDetails" time="118.081" classname="com.MAHAVIT_12_April.tc.TC002_MAHABasicDetails"/>
  <testcase name="basicDetails" time="119.407" classname="com.MAHAVIT_12_April.tc.TC002_MAHABasicDetails"/>
  <testcase name="basicDetails" time="119.475" classname="com.MAHAVIT_12_April.tc.TC002_MAHABasicDetails"/>
  <testcase name="basicDetails" time="119.236" classname="com.MAHAVIT_12_April.tc.TC002_MAHABasicDetails"/>
  <testcase name="basicDetails" time="119.050" classname="com.MAHAVIT_12_April.tc.TC002_MAHABasicDetails"/>
  <testcase name="basicDetails" time="119.215" classname="com.MAHAVIT_12_April.tc.TC002_MAHABasicDetails"/>
  <testcase name="basicDetails" time="119.292" classname="com.MAHAVIT_12_April.tc.TC002_MAHABasicDetails"/>
  <testcase name="basicDetails" time="119.334" classname="com.MAHAVIT_12_April.tc.TC002_MAHABasicDetails"/>
  <testcase name="basicDetails" time="119.139" classname="com.MAHAVIT_12_April.tc.TC002_MAHABasicDetails"/>
  <testcase name="basicDetails" time="119.036" classname="com.MAHAVIT_12_April.tc.TC002_MAHABasicDetails"/>
  <testcase name="basicDetails" time="186.068" classname="com.MAHAVIT_12_April.tc.TC002_MAHABasicDetails"/>
  <testcase name="basicDetails" time="118.469" classname="com.MAHAVIT_12_April.tc.TC002_MAHABasicDetails"/>
  <testcase name="basicDetails" time="119.008" classname="com.MAHAVIT_12_April.tc.TC002_MAHABasicDetails"/>
  <testcase name="basicDetails" time="119.364" classname="com.MAHAVIT_12_April.tc.TC002_MAHABasicDetails"/>
  <testcase name="basicDetails" time="185.996" classname="com.MAHAVIT_12_April.tc.TC002_MAHABasicDetails"/>
  <testcase name="basicDetails" time="118.692" classname="com.MAHAVIT_12_April.tc.TC002_MAHABasicDetails"/>
</testsuite> <!-- com.MAHAVIT_12_April.tc.TC002_MAHABasicDetails -->
