<?xml version="1.0" encoding="UTF-8"?>
<!-- Generated by org.testng.reporters.JUnitReportReporter -->
<testsuite skipped="0" hostname="MAA014482B" name="com.PMC_Nagarshiv_May23.tc.TC003_PMCBasicDetails" tests="126" failures="0" timestamp="2023-05-21T04:25:21 IST" time="19414.531" errors="0">
  <testcase name="basicDetails" time="153.565" classname="com.PMC_Nagarshiv_May23.tc.TC003_PMCBasicDetails"/>
  <testcase name="basicDetails" time="153.813" classname="com.PMC_Nagarshiv_May23.tc.TC003_PMCBasicDetails"/>
  <testcase name="basicDetails" time="153.277" classname="com.PMC_Nagarshiv_May23.tc.TC003_PMCBasicDetails"/>
  <testcase name="basicDetails" time="152.453" classname="com.PMC_Nagarshiv_May23.tc.TC003_PMCBasicDetails"/>
  <testcase name="basicDetails" time="153.567" classname="com.PMC_Nagarshiv_May23.tc.TC003_PMCBasicDetails"/>
  <testcase name="basicDetails" time="160.216" classname="com.PMC_Nagarshiv_May23.tc.TC003_PMCBasicDetails"/>
  <testcase name="basicDetails" time="153.763" classname="com.PMC_Nagarshiv_May23.tc.TC003_PMCBasicDetails"/>
  <testcase name="basicDetails" time="153.587" classname="com.PMC_Nagarshiv_May23.tc.TC003_PMCBasicDetails"/>
  <testcase name="basicDetails" time="156.846" classname="com.PMC_Nagarshiv_May23.tc.TC003_PMCBasicDetails"/>
  <testcase name="basicDetails" time="157.083" classname="com.PMC_Nagarshiv_May23.tc.TC003_PMCBasicDetails"/>
  <testcase name="basicDetails" time="153.454" classname="com.PMC_Nagarshiv_May23.tc.TC003_PMCBasicDetails"/>
  <testcase name="basicDetails" time="153.857" classname="com.PMC_Nagarshiv_May23.tc.TC003_PMCBasicDetails"/>
  <testcase name="basicDetails" time="153.432" classname="com.PMC_Nagarshiv_May23.tc.TC003_PMCBasicDetails"/>
  <testcase name="basicDetails" time="157.126" classname="com.PMC_Nagarshiv_May23.tc.TC003_PMCBasicDetails"/>
  <testcase name="basicDetails" time="153.728" classname="com.PMC_Nagarshiv_May23.tc.TC003_PMCBasicDetails"/>
  <testcase name="basicDetails" time="153.602" classname="com.PMC_Nagarshiv_May23.tc.TC003_PMCBasicDetails"/>
  <testcase name="basicDetails" time="153.251" classname="com.PMC_Nagarshiv_May23.tc.TC003_PMCBasicDetails"/>
  <testcase name="basicDetails" time="156.767" classname="com.PMC_Nagarshiv_May23.tc.TC003_PMCBasicDetails"/>
  <testcase name="basicDetails" time="153.458" classname="com.PMC_Nagarshiv_May23.tc.TC003_PMCBasicDetails"/>
  <testcase name="basicDetails" time="153.830" classname="com.PMC_Nagarshiv_May23.tc.TC003_PMCBasicDetails"/>
  <testcase name="basicDetails" time="155.904" classname="com.PMC_Nagarshiv_May23.tc.TC003_PMCBasicDetails"/>
  <testcase name="basicDetails" time="152.457" classname="com.PMC_Nagarshiv_May23.tc.TC003_PMCBasicDetails"/>
  <testcase name="basicDetails" time="156.799" classname="com.PMC_Nagarshiv_May23.tc.TC003_PMCBasicDetails"/>
  <testcase name="basicDetails" time="153.809" classname="com.PMC_Nagarshiv_May23.tc.TC003_PMCBasicDetails"/>
  <testcase name="basicDetails" time="153.384" classname="com.PMC_Nagarshiv_May23.tc.TC003_PMCBasicDetails"/>
  <testcase name="basicDetails" time="157.026" classname="com.PMC_Nagarshiv_May23.tc.TC003_PMCBasicDetails"/>
  <testcase name="basicDetails" time="153.139" classname="com.PMC_Nagarshiv_May23.tc.TC003_PMCBasicDetails"/>
  <testcase name="basicDetails" time="153.706" classname="com.PMC_Nagarshiv_May23.tc.TC003_PMCBasicDetails"/>
  <testcase name="basicDetails" time="153.595" classname="com.PMC_Nagarshiv_May23.tc.TC003_PMCBasicDetails"/>
  <testcase name="basicDetails" time="153.710" classname="com.PMC_Nagarshiv_May23.tc.TC003_PMCBasicDetails"/>
  <testcase name="basicDetails" time="152.814" classname="com.PMC_Nagarshiv_May23.tc.TC003_PMCBasicDetails"/>
  <testcase name="basicDetails" time="153.781" classname="com.PMC_Nagarshiv_May23.tc.TC003_PMCBasicDetails"/>
  <testcase name="basicDetails" time="153.733" classname="com.PMC_Nagarshiv_May23.tc.TC003_PMCBasicDetails"/>
  <testcase name="basicDetails" time="153.320" classname="com.PMC_Nagarshiv_May23.tc.TC003_PMCBasicDetails"/>
  <testcase name="basicDetails" time="153.406" classname="com.PMC_Nagarshiv_May23.tc.TC003_PMCBasicDetails"/>
  <testcase name="basicDetails" time="153.544" classname="com.PMC_Nagarshiv_May23.tc.TC003_PMCBasicDetails"/>
  <testcase name="basicDetails" time="153.588" classname="com.PMC_Nagarshiv_May23.tc.TC003_PMCBasicDetails"/>
  <testcase name="basicDetails" time="153.742" classname="com.PMC_Nagarshiv_May23.tc.TC003_PMCBasicDetails"/>
  <testcase name="basicDetails" time="153.551" classname="com.PMC_Nagarshiv_May23.tc.TC003_PMCBasicDetails"/>
  <testcase name="basicDetails" time="153.730" classname="com.PMC_Nagarshiv_May23.tc.TC003_PMCBasicDetails"/>
  <testcase name="basicDetails" time="153.954" classname="com.PMC_Nagarshiv_May23.tc.TC003_PMCBasicDetails"/>
  <testcase name="basicDetails" time="153.748" classname="com.PMC_Nagarshiv_May23.tc.TC003_PMCBasicDetails"/>
  <testcase name="basicDetails" time="153.653" classname="com.PMC_Nagarshiv_May23.tc.TC003_PMCBasicDetails"/>
  <testcase name="basicDetails" time="153.331" classname="com.PMC_Nagarshiv_May23.tc.TC003_PMCBasicDetails"/>
  <testcase name="basicDetails" time="153.825" classname="com.PMC_Nagarshiv_May23.tc.TC003_PMCBasicDetails"/>
  <testcase name="basicDetails" time="153.385" classname="com.PMC_Nagarshiv_May23.tc.TC003_PMCBasicDetails"/>
  <testcase name="basicDetails" time="153.850" classname="com.PMC_Nagarshiv_May23.tc.TC003_PMCBasicDetails"/>
  <testcase name="basicDetails" time="153.502" classname="com.PMC_Nagarshiv_May23.tc.TC003_PMCBasicDetails"/>
  <testcase name="basicDetails" time="153.482" classname="com.PMC_Nagarshiv_May23.tc.TC003_PMCBasicDetails"/>
  <testcase name="basicDetails" time="152.332" classname="com.PMC_Nagarshiv_May23.tc.TC003_PMCBasicDetails"/>
  <testcase name="basicDetails" time="153.730" classname="com.PMC_Nagarshiv_May23.tc.TC003_PMCBasicDetails"/>
  <testcase name="basicDetails" time="152.624" classname="com.PMC_Nagarshiv_May23.tc.TC003_PMCBasicDetails"/>
  <testcase name="basicDetails" time="153.671" classname="com.PMC_Nagarshiv_May23.tc.TC003_PMCBasicDetails"/>
  <testcase name="basicDetails" time="156.996" classname="com.PMC_Nagarshiv_May23.tc.TC003_PMCBasicDetails"/>
  <testcase name="basicDetails" time="153.839" classname="com.PMC_Nagarshiv_May23.tc.TC003_PMCBasicDetails"/>
  <testcase name="basicDetails" time="153.449" classname="com.PMC_Nagarshiv_May23.tc.TC003_PMCBasicDetails"/>
  <testcase name="basicDetails" time="156.962" classname="com.PMC_Nagarshiv_May23.tc.TC003_PMCBasicDetails"/>
  <testcase name="basicDetails" time="153.742" classname="com.PMC_Nagarshiv_May23.tc.TC003_PMCBasicDetails"/>
  <testcase name="basicDetails" time="156.958" classname="com.PMC_Nagarshiv_May23.tc.TC003_PMCBasicDetails"/>
  <testcase name="basicDetails" time="152.920" classname="com.PMC_Nagarshiv_May23.tc.TC003_PMCBasicDetails"/>
  <testcase name="basicDetails" time="152.612" classname="com.PMC_Nagarshiv_May23.tc.TC003_PMCBasicDetails"/>
  <testcase name="basicDetails" time="153.590" classname="com.PMC_Nagarshiv_May23.tc.TC003_PMCBasicDetails"/>
  <testcase name="basicDetails" time="153.938" classname="com.PMC_Nagarshiv_May23.tc.TC003_PMCBasicDetails"/>
  <testcase name="basicDetails" time="154.018" classname="com.PMC_Nagarshiv_May23.tc.TC003_PMCBasicDetails"/>
  <testcase name="basicDetails" time="153.703" classname="com.PMC_Nagarshiv_May23.tc.TC003_PMCBasicDetails"/>
  <testcase name="basicDetails" time="152.720" classname="com.PMC_Nagarshiv_May23.tc.TC003_PMCBasicDetails"/>
  <testcase name="basicDetails" time="153.783" classname="com.PMC_Nagarshiv_May23.tc.TC003_PMCBasicDetails"/>
  <testcase name="basicDetails" time="152.182" classname="com.PMC_Nagarshiv_May23.tc.TC003_PMCBasicDetails"/>
  <testcase name="basicDetails" time="153.809" classname="com.PMC_Nagarshiv_May23.tc.TC003_PMCBasicDetails"/>
  <testcase name="basicDetails" time="153.338" classname="com.PMC_Nagarshiv_May23.tc.TC003_PMCBasicDetails"/>
  <testcase name="basicDetails" time="153.571" classname="com.PMC_Nagarshiv_May23.tc.TC003_PMCBasicDetails"/>
  <testcase name="basicDetails" time="152.674" classname="com.PMC_Nagarshiv_May23.tc.TC003_PMCBasicDetails"/>
  <testcase name="basicDetails" time="153.747" classname="com.PMC_Nagarshiv_May23.tc.TC003_PMCBasicDetails"/>
  <testcase name="basicDetails" time="152.156" classname="com.PMC_Nagarshiv_May23.tc.TC003_PMCBasicDetails"/>
  <testcase name="basicDetails" time="152.561" classname="com.PMC_Nagarshiv_May23.tc.TC003_PMCBasicDetails"/>
  <testcase name="basicDetails" time="156.745" classname="com.PMC_Nagarshiv_May23.tc.TC003_PMCBasicDetails"/>
  <testcase name="basicDetails" time="153.228" classname="com.PMC_Nagarshiv_May23.tc.TC003_PMCBasicDetails"/>
  <testcase name="basicDetails" time="153.313" classname="com.PMC_Nagarshiv_May23.tc.TC003_PMCBasicDetails"/>
  <testcase name="basicDetails" time="153.679" classname="com.PMC_Nagarshiv_May23.tc.TC003_PMCBasicDetails"/>
  <testcase name="basicDetails" time="153.709" classname="com.PMC_Nagarshiv_May23.tc.TC003_PMCBasicDetails"/>
  <testcase name="basicDetails" time="157.035" classname="com.PMC_Nagarshiv_May23.tc.TC003_PMCBasicDetails"/>
  <testcase name="basicDetails" time="152.326" classname="com.PMC_Nagarshiv_May23.tc.TC003_PMCBasicDetails"/>
  <testcase name="basicDetails" time="153.495" classname="com.PMC_Nagarshiv_May23.tc.TC003_PMCBasicDetails"/>
  <testcase name="basicDetails" time="153.291" classname="com.PMC_Nagarshiv_May23.tc.TC003_PMCBasicDetails"/>
  <testcase name="basicDetails" time="153.268" classname="com.PMC_Nagarshiv_May23.tc.TC003_PMCBasicDetails"/>
  <testcase name="basicDetails" time="154.183" classname="com.PMC_Nagarshiv_May23.tc.TC003_PMCBasicDetails"/>
  <testcase name="basicDetails" time="153.663" classname="com.PMC_Nagarshiv_May23.tc.TC003_PMCBasicDetails"/>
  <testcase name="basicDetails" time="151.885" classname="com.PMC_Nagarshiv_May23.tc.TC003_PMCBasicDetails"/>
  <testcase name="basicDetails" time="153.734" classname="com.PMC_Nagarshiv_May23.tc.TC003_PMCBasicDetails"/>
  <testcase name="basicDetails" time="153.350" classname="com.PMC_Nagarshiv_May23.tc.TC003_PMCBasicDetails"/>
  <testcase name="basicDetails" time="153.917" classname="com.PMC_Nagarshiv_May23.tc.TC003_PMCBasicDetails"/>
  <testcase name="basicDetails" time="153.769" classname="com.PMC_Nagarshiv_May23.tc.TC003_PMCBasicDetails"/>
  <testcase name="basicDetails" time="153.894" classname="com.PMC_Nagarshiv_May23.tc.TC003_PMCBasicDetails"/>
  <testcase name="basicDetails" time="153.767" classname="com.PMC_Nagarshiv_May23.tc.TC003_PMCBasicDetails"/>
  <testcase name="basicDetails" time="156.840" classname="com.PMC_Nagarshiv_May23.tc.TC003_PMCBasicDetails"/>
  <testcase name="basicDetails" time="153.514" classname="com.PMC_Nagarshiv_May23.tc.TC003_PMCBasicDetails"/>
  <testcase name="basicDetails" time="153.932" classname="com.PMC_Nagarshiv_May23.tc.TC003_PMCBasicDetails"/>
  <testcase name="basicDetails" time="156.595" classname="com.PMC_Nagarshiv_May23.tc.TC003_PMCBasicDetails"/>
  <testcase name="basicDetails" time="153.523" classname="com.PMC_Nagarshiv_May23.tc.TC003_PMCBasicDetails"/>
  <testcase name="basicDetails" time="153.635" classname="com.PMC_Nagarshiv_May23.tc.TC003_PMCBasicDetails"/>
  <testcase name="basicDetails" time="152.339" classname="com.PMC_Nagarshiv_May23.tc.TC003_PMCBasicDetails"/>
  <testcase name="basicDetails" time="157.227" classname="com.PMC_Nagarshiv_May23.tc.TC003_PMCBasicDetails"/>
  <testcase name="basicDetails" time="153.528" classname="com.PMC_Nagarshiv_May23.tc.TC003_PMCBasicDetails"/>
  <testcase name="basicDetails" time="152.567" classname="com.PMC_Nagarshiv_May23.tc.TC003_PMCBasicDetails"/>
  <testcase name="basicDetails" time="152.554" classname="com.PMC_Nagarshiv_May23.tc.TC003_PMCBasicDetails"/>
  <testcase name="basicDetails" time="152.264" classname="com.PMC_Nagarshiv_May23.tc.TC003_PMCBasicDetails"/>
  <testcase name="basicDetails" time="157.156" classname="com.PMC_Nagarshiv_May23.tc.TC003_PMCBasicDetails"/>
  <testcase name="basicDetails" time="153.331" classname="com.PMC_Nagarshiv_May23.tc.TC003_PMCBasicDetails"/>
  <testcase name="basicDetails" time="152.999" classname="com.PMC_Nagarshiv_May23.tc.TC003_PMCBasicDetails"/>
  <testcase name="basicDetails" time="153.583" classname="com.PMC_Nagarshiv_May23.tc.TC003_PMCBasicDetails"/>
  <testcase name="basicDetails" time="153.798" classname="com.PMC_Nagarshiv_May23.tc.TC003_PMCBasicDetails"/>
  <testcase name="basicDetails" time="170.102" classname="com.PMC_Nagarshiv_May23.tc.TC003_PMCBasicDetails"/>
  <testcase name="basicDetails" time="153.538" classname="com.PMC_Nagarshiv_May23.tc.TC003_PMCBasicDetails"/>
  <testcase name="basicDetails" time="153.021" classname="com.PMC_Nagarshiv_May23.tc.TC003_PMCBasicDetails"/>
  <testcase name="basicDetails" time="153.606" classname="com.PMC_Nagarshiv_May23.tc.TC003_PMCBasicDetails"/>
  <testcase name="basicDetails" time="156.638" classname="com.PMC_Nagarshiv_May23.tc.TC003_PMCBasicDetails"/>
  <testcase name="basicDetails" time="152.440" classname="com.PMC_Nagarshiv_May23.tc.TC003_PMCBasicDetails"/>
  <testcase name="basicDetails" time="157.018" classname="com.PMC_Nagarshiv_May23.tc.TC003_PMCBasicDetails"/>
  <testcase name="basicDetails" time="153.373" classname="com.PMC_Nagarshiv_May23.tc.TC003_PMCBasicDetails"/>
  <testcase name="basicDetails" time="155.896" classname="com.PMC_Nagarshiv_May23.tc.TC003_PMCBasicDetails"/>
  <testcase name="basicDetails" time="153.404" classname="com.PMC_Nagarshiv_May23.tc.TC003_PMCBasicDetails"/>
  <testcase name="basicDetails" time="153.210" classname="com.PMC_Nagarshiv_May23.tc.TC003_PMCBasicDetails"/>
  <testcase name="basicDetails" time="153.112" classname="com.PMC_Nagarshiv_May23.tc.TC003_PMCBasicDetails"/>
  <testcase name="basicDetails" time="153.528" classname="com.PMC_Nagarshiv_May23.tc.TC003_PMCBasicDetails"/>
  <testcase name="basicDetails" time="153.737" classname="com.PMC_Nagarshiv_May23.tc.TC003_PMCBasicDetails"/>
  <testcase name="basicDetails" time="152.501" classname="com.PMC_Nagarshiv_May23.tc.TC003_PMCBasicDetails"/>
</testsuite> <!-- com.PMC_Nagarshiv_May23.tc.TC003_PMCBasicDetails -->
