<?xml version="1.0" encoding="UTF-8"?>
<!-- Generated by org.testng.reporters.JUnitReportReporter -->
<testsuite skipped="0" hostname="MAA014482B" name="com.IB_27April22.tc.TC005_IBBasicDetails" tests="29" failures="0" timestamp="2023-02-15T16:00:11 IST" time="4692.668" errors="0">
  <testcase name="basicDetails" time="165.182" classname="com.IB_27April22.tc.TC005_IBBasicDetails"/>
  <testcase name="basicDetails" time="161.807" classname="com.IB_27April22.tc.TC005_IBBasicDetails"/>
  <testcase name="basicDetails" time="161.696" classname="com.IB_27April22.tc.TC005_IBBasicDetails"/>
  <testcase name="basicDetails" time="161.790" classname="com.IB_27April22.tc.TC005_IBBasicDetails"/>
  <testcase name="basicDetails" time="161.752" classname="com.IB_27April22.tc.TC005_IBBasicDetails"/>
  <testcase name="basicDetails" time="161.441" classname="com.IB_27April22.tc.TC005_IBBasicDetails"/>
  <testcase name="basicDetails" time="161.524" classname="com.IB_27April22.tc.TC005_IBBasicDetails"/>
  <testcase name="basicDetails" time="161.735" classname="com.IB_27April22.tc.TC005_IBBasicDetails"/>
  <testcase name="basicDetails" time="161.694" classname="com.IB_27April22.tc.TC005_IBBasicDetails"/>
  <testcase name="basicDetails" time="162.050" classname="com.IB_27April22.tc.TC005_IBBasicDetails"/>
  <testcase name="basicDetails" time="161.679" classname="com.IB_27April22.tc.TC005_IBBasicDetails"/>
  <testcase name="basicDetails" time="161.765" classname="com.IB_27April22.tc.TC005_IBBasicDetails"/>
  <testcase name="basicDetails" time="161.595" classname="com.IB_27April22.tc.TC005_IBBasicDetails"/>
  <testcase name="basicDetails" time="161.562" classname="com.IB_27April22.tc.TC005_IBBasicDetails"/>
  <testcase name="basicDetails" time="161.823" classname="com.IB_27April22.tc.TC005_IBBasicDetails"/>
  <testcase name="basicDetails" time="161.715" classname="com.IB_27April22.tc.TC005_IBBasicDetails"/>
  <testcase name="basicDetails" time="161.566" classname="com.IB_27April22.tc.TC005_IBBasicDetails"/>
  <testcase name="basicDetails" time="161.922" classname="com.IB_27April22.tc.TC005_IBBasicDetails"/>
  <testcase name="basicDetails" time="161.721" classname="com.IB_27April22.tc.TC005_IBBasicDetails"/>
  <testcase name="basicDetails" time="161.864" classname="com.IB_27April22.tc.TC005_IBBasicDetails"/>
  <testcase name="basicDetails" time="161.686" classname="com.IB_27April22.tc.TC005_IBBasicDetails"/>
  <testcase name="basicDetails" time="161.620" classname="com.IB_27April22.tc.TC005_IBBasicDetails"/>
  <testcase name="basicDetails" time="161.430" classname="com.IB_27April22.tc.TC005_IBBasicDetails"/>
  <testcase name="basicDetails" time="162.091" classname="com.IB_27April22.tc.TC005_IBBasicDetails"/>
  <testcase name="basicDetails" time="161.608" classname="com.IB_27April22.tc.TC005_IBBasicDetails"/>
  <testcase name="basicDetails" time="161.709" classname="com.IB_27April22.tc.TC005_IBBasicDetails"/>
  <testcase name="basicDetails" time="161.664" classname="com.IB_27April22.tc.TC005_IBBasicDetails"/>
  <testcase name="basicDetails" time="161.451" classname="com.IB_27April22.tc.TC005_IBBasicDetails"/>
  <testcase name="basicDetails" time="161.526" classname="com.IB_27April22.tc.TC005_IBBasicDetails"/>
</testsuite> <!-- com.IB_27April22.tc.TC005_IBBasicDetails -->
