<?xml version="1.0" encoding="UTF-8"?>
<!-- Generated by org.testng.reporters.JUnitReportReporter -->
<testsuite skipped="0" hostname="MAA014482B" name="com.CSMC_Aug23.tc.TC002_CSMCBasicDetails" tests="180" failures="0" timestamp="2023-07-09T20:56:27 IST" time="29256.305" errors="0">
  <testcase name="basicDetails" time="160.804" classname="com.CSMC_Aug23.tc.TC002_CSMCBasicDetails"/>
  <testcase name="basicDetails" time="160.517" classname="com.CSMC_Aug23.tc.TC002_CSMCBasicDetails"/>
  <testcase name="basicDetails" time="160.402" classname="com.CSMC_Aug23.tc.TC002_CSMCBasicDetails"/>
  <testcase name="basicDetails" time="160.436" classname="com.CSMC_Aug23.tc.TC002_CSMCBasicDetails"/>
  <testcase name="basicDetails" time="160.220" classname="com.CSMC_Aug23.tc.TC002_CSMCBasicDetails"/>
  <testcase name="basicDetails" time="160.576" classname="com.CSMC_Aug23.tc.TC002_CSMCBasicDetails"/>
  <testcase name="basicDetails" time="160.261" classname="com.CSMC_Aug23.tc.TC002_CSMCBasicDetails"/>
  <testcase name="basicDetails" time="160.879" classname="com.CSMC_Aug23.tc.TC002_CSMCBasicDetails"/>
  <testcase name="basicDetails" time="160.305" classname="com.CSMC_Aug23.tc.TC002_CSMCBasicDetails"/>
  <testcase name="basicDetails" time="160.715" classname="com.CSMC_Aug23.tc.TC002_CSMCBasicDetails"/>
  <testcase name="basicDetails" time="164.733" classname="com.CSMC_Aug23.tc.TC002_CSMCBasicDetails"/>
  <testcase name="basicDetails" time="160.505" classname="com.CSMC_Aug23.tc.TC002_CSMCBasicDetails"/>
  <testcase name="basicDetails" time="160.116" classname="com.CSMC_Aug23.tc.TC002_CSMCBasicDetails"/>
  <testcase name="basicDetails" time="160.349" classname="com.CSMC_Aug23.tc.TC002_CSMCBasicDetails"/>
  <testcase name="basicDetails" time="160.270" classname="com.CSMC_Aug23.tc.TC002_CSMCBasicDetails"/>
  <testcase name="basicDetails" time="160.571" classname="com.CSMC_Aug23.tc.TC002_CSMCBasicDetails"/>
  <testcase name="basicDetails" time="163.601" classname="com.CSMC_Aug23.tc.TC002_CSMCBasicDetails"/>
  <testcase name="basicDetails" time="161.002" classname="com.CSMC_Aug23.tc.TC002_CSMCBasicDetails"/>
  <testcase name="basicDetails" time="187.815" classname="com.CSMC_Aug23.tc.TC002_CSMCBasicDetails"/>
  <testcase name="basicDetails" time="160.571" classname="com.CSMC_Aug23.tc.TC002_CSMCBasicDetails"/>
  <testcase name="basicDetails" time="160.933" classname="com.CSMC_Aug23.tc.TC002_CSMCBasicDetails"/>
  <testcase name="basicDetails" time="160.527" classname="com.CSMC_Aug23.tc.TC002_CSMCBasicDetails"/>
  <testcase name="basicDetails" time="160.592" classname="com.CSMC_Aug23.tc.TC002_CSMCBasicDetails"/>
  <testcase name="basicDetails" time="159.189" classname="com.CSMC_Aug23.tc.TC002_CSMCBasicDetails"/>
  <testcase name="basicDetails" time="160.878" classname="com.CSMC_Aug23.tc.TC002_CSMCBasicDetails"/>
  <testcase name="basicDetails" time="160.429" classname="com.CSMC_Aug23.tc.TC002_CSMCBasicDetails"/>
  <testcase name="basicDetails" time="160.240" classname="com.CSMC_Aug23.tc.TC002_CSMCBasicDetails"/>
  <testcase name="basicDetails" time="160.067" classname="com.CSMC_Aug23.tc.TC002_CSMCBasicDetails"/>
  <testcase name="basicDetails" time="160.404" classname="com.CSMC_Aug23.tc.TC002_CSMCBasicDetails"/>
  <testcase name="basicDetails" time="160.620" classname="com.CSMC_Aug23.tc.TC002_CSMCBasicDetails"/>
  <testcase name="basicDetails" time="160.766" classname="com.CSMC_Aug23.tc.TC002_CSMCBasicDetails"/>
  <testcase name="basicDetails" time="160.346" classname="com.CSMC_Aug23.tc.TC002_CSMCBasicDetails"/>
  <testcase name="basicDetails" time="160.138" classname="com.CSMC_Aug23.tc.TC002_CSMCBasicDetails"/>
  <testcase name="basicDetails" time="160.469" classname="com.CSMC_Aug23.tc.TC002_CSMCBasicDetails"/>
  <testcase name="basicDetails" time="160.943" classname="com.CSMC_Aug23.tc.TC002_CSMCBasicDetails"/>
  <testcase name="basicDetails" time="160.413" classname="com.CSMC_Aug23.tc.TC002_CSMCBasicDetails"/>
  <testcase name="basicDetails" time="160.421" classname="com.CSMC_Aug23.tc.TC002_CSMCBasicDetails"/>
  <testcase name="basicDetails" time="160.331" classname="com.CSMC_Aug23.tc.TC002_CSMCBasicDetails"/>
  <testcase name="basicDetails" time="160.677" classname="com.CSMC_Aug23.tc.TC002_CSMCBasicDetails"/>
  <testcase name="basicDetails" time="160.618" classname="com.CSMC_Aug23.tc.TC002_CSMCBasicDetails"/>
  <testcase name="basicDetails" time="160.052" classname="com.CSMC_Aug23.tc.TC002_CSMCBasicDetails"/>
  <testcase name="basicDetails" time="160.649" classname="com.CSMC_Aug23.tc.TC002_CSMCBasicDetails"/>
  <testcase name="basicDetails" time="160.198" classname="com.CSMC_Aug23.tc.TC002_CSMCBasicDetails"/>
  <testcase name="basicDetails" time="160.640" classname="com.CSMC_Aug23.tc.TC002_CSMCBasicDetails"/>
  <testcase name="basicDetails" time="160.749" classname="com.CSMC_Aug23.tc.TC002_CSMCBasicDetails"/>
  <testcase name="basicDetails" time="188.355" classname="com.CSMC_Aug23.tc.TC002_CSMCBasicDetails"/>
  <testcase name="basicDetails" time="160.318" classname="com.CSMC_Aug23.tc.TC002_CSMCBasicDetails"/>
  <testcase name="basicDetails" time="159.354" classname="com.CSMC_Aug23.tc.TC002_CSMCBasicDetails"/>
  <testcase name="basicDetails" time="160.916" classname="com.CSMC_Aug23.tc.TC002_CSMCBasicDetails"/>
  <testcase name="basicDetails" time="160.176" classname="com.CSMC_Aug23.tc.TC002_CSMCBasicDetails"/>
  <testcase name="basicDetails" time="158.726" classname="com.CSMC_Aug23.tc.TC002_CSMCBasicDetails"/>
  <testcase name="basicDetails" time="159.900" classname="com.CSMC_Aug23.tc.TC002_CSMCBasicDetails"/>
  <testcase name="basicDetails" time="160.486" classname="com.CSMC_Aug23.tc.TC002_CSMCBasicDetails"/>
  <testcase name="basicDetails" time="160.314" classname="com.CSMC_Aug23.tc.TC002_CSMCBasicDetails"/>
  <testcase name="basicDetails" time="187.683" classname="com.CSMC_Aug23.tc.TC002_CSMCBasicDetails"/>
  <testcase name="basicDetails" time="160.300" classname="com.CSMC_Aug23.tc.TC002_CSMCBasicDetails"/>
  <testcase name="basicDetails" time="160.650" classname="com.CSMC_Aug23.tc.TC002_CSMCBasicDetails"/>
  <testcase name="basicDetails" time="160.699" classname="com.CSMC_Aug23.tc.TC002_CSMCBasicDetails"/>
  <testcase name="basicDetails" time="160.380" classname="com.CSMC_Aug23.tc.TC002_CSMCBasicDetails"/>
  <testcase name="basicDetails" time="160.448" classname="com.CSMC_Aug23.tc.TC002_CSMCBasicDetails"/>
  <testcase name="basicDetails" time="187.756" classname="com.CSMC_Aug23.tc.TC002_CSMCBasicDetails"/>
  <testcase name="basicDetails" time="160.287" classname="com.CSMC_Aug23.tc.TC002_CSMCBasicDetails"/>
  <testcase name="basicDetails" time="160.572" classname="com.CSMC_Aug23.tc.TC002_CSMCBasicDetails"/>
  <testcase name="basicDetails" time="187.683" classname="com.CSMC_Aug23.tc.TC002_CSMCBasicDetails"/>
  <testcase name="basicDetails" time="160.686" classname="com.CSMC_Aug23.tc.TC002_CSMCBasicDetails"/>
  <testcase name="basicDetails" time="160.391" classname="com.CSMC_Aug23.tc.TC002_CSMCBasicDetails"/>
  <testcase name="basicDetails" time="160.876" classname="com.CSMC_Aug23.tc.TC002_CSMCBasicDetails"/>
  <testcase name="basicDetails" time="188.209" classname="com.CSMC_Aug23.tc.TC002_CSMCBasicDetails"/>
  <testcase name="basicDetails" time="160.344" classname="com.CSMC_Aug23.tc.TC002_CSMCBasicDetails"/>
  <testcase name="basicDetails" time="160.009" classname="com.CSMC_Aug23.tc.TC002_CSMCBasicDetails"/>
  <testcase name="basicDetails" time="160.696" classname="com.CSMC_Aug23.tc.TC002_CSMCBasicDetails"/>
  <testcase name="basicDetails" time="160.492" classname="com.CSMC_Aug23.tc.TC002_CSMCBasicDetails"/>
  <testcase name="basicDetails" time="160.630" classname="com.CSMC_Aug23.tc.TC002_CSMCBasicDetails"/>
  <testcase name="basicDetails" time="160.448" classname="com.CSMC_Aug23.tc.TC002_CSMCBasicDetails"/>
  <testcase name="basicDetails" time="160.774" classname="com.CSMC_Aug23.tc.TC002_CSMCBasicDetails"/>
  <testcase name="basicDetails" time="160.203" classname="com.CSMC_Aug23.tc.TC002_CSMCBasicDetails"/>
  <testcase name="basicDetails" time="160.460" classname="com.CSMC_Aug23.tc.TC002_CSMCBasicDetails"/>
  <testcase name="basicDetails" time="160.294" classname="com.CSMC_Aug23.tc.TC002_CSMCBasicDetails"/>
  <testcase name="basicDetails" time="160.407" classname="com.CSMC_Aug23.tc.TC002_CSMCBasicDetails"/>
  <testcase name="basicDetails" time="160.152" classname="com.CSMC_Aug23.tc.TC002_CSMCBasicDetails"/>
  <testcase name="basicDetails" time="160.552" classname="com.CSMC_Aug23.tc.TC002_CSMCBasicDetails"/>
  <testcase name="basicDetails" time="160.380" classname="com.CSMC_Aug23.tc.TC002_CSMCBasicDetails"/>
  <testcase name="basicDetails" time="160.567" classname="com.CSMC_Aug23.tc.TC002_CSMCBasicDetails"/>
  <testcase name="basicDetails" time="160.353" classname="com.CSMC_Aug23.tc.TC002_CSMCBasicDetails"/>
  <testcase name="basicDetails" time="160.168" classname="com.CSMC_Aug23.tc.TC002_CSMCBasicDetails"/>
  <testcase name="basicDetails" time="163.508" classname="com.CSMC_Aug23.tc.TC002_CSMCBasicDetails"/>
  <testcase name="basicDetails" time="160.180" classname="com.CSMC_Aug23.tc.TC002_CSMCBasicDetails"/>
  <testcase name="basicDetails" time="160.449" classname="com.CSMC_Aug23.tc.TC002_CSMCBasicDetails"/>
  <testcase name="basicDetails" time="160.565" classname="com.CSMC_Aug23.tc.TC002_CSMCBasicDetails"/>
  <testcase name="basicDetails" time="160.454" classname="com.CSMC_Aug23.tc.TC002_CSMCBasicDetails"/>
  <testcase name="basicDetails" time="160.531" classname="com.CSMC_Aug23.tc.TC002_CSMCBasicDetails"/>
  <testcase name="basicDetails" time="160.431" classname="com.CSMC_Aug23.tc.TC002_CSMCBasicDetails"/>
  <testcase name="basicDetails" time="161.924" classname="com.CSMC_Aug23.tc.TC002_CSMCBasicDetails"/>
  <testcase name="basicDetails" time="160.455" classname="com.CSMC_Aug23.tc.TC002_CSMCBasicDetails"/>
  <testcase name="basicDetails" time="159.950" classname="com.CSMC_Aug23.tc.TC002_CSMCBasicDetails"/>
  <testcase name="basicDetails" time="160.625" classname="com.CSMC_Aug23.tc.TC002_CSMCBasicDetails"/>
  <testcase name="basicDetails" time="160.613" classname="com.CSMC_Aug23.tc.TC002_CSMCBasicDetails"/>
  <testcase name="basicDetails" time="160.431" classname="com.CSMC_Aug23.tc.TC002_CSMCBasicDetails"/>
  <testcase name="basicDetails" time="163.877" classname="com.CSMC_Aug23.tc.TC002_CSMCBasicDetails"/>
  <testcase name="basicDetails" time="160.395" classname="com.CSMC_Aug23.tc.TC002_CSMCBasicDetails"/>
  <testcase name="basicDetails" time="160.333" classname="com.CSMC_Aug23.tc.TC002_CSMCBasicDetails"/>
  <testcase name="basicDetails" time="160.409" classname="com.CSMC_Aug23.tc.TC002_CSMCBasicDetails"/>
  <testcase name="basicDetails" time="160.274" classname="com.CSMC_Aug23.tc.TC002_CSMCBasicDetails"/>
  <testcase name="basicDetails" time="160.267" classname="com.CSMC_Aug23.tc.TC002_CSMCBasicDetails"/>
  <testcase name="basicDetails" time="160.475" classname="com.CSMC_Aug23.tc.TC002_CSMCBasicDetails"/>
  <testcase name="basicDetails" time="160.289" classname="com.CSMC_Aug23.tc.TC002_CSMCBasicDetails"/>
  <testcase name="basicDetails" time="160.621" classname="com.CSMC_Aug23.tc.TC002_CSMCBasicDetails"/>
  <testcase name="basicDetails" time="160.839" classname="com.CSMC_Aug23.tc.TC002_CSMCBasicDetails"/>
  <testcase name="basicDetails" time="160.851" classname="com.CSMC_Aug23.tc.TC002_CSMCBasicDetails"/>
  <testcase name="basicDetails" time="160.667" classname="com.CSMC_Aug23.tc.TC002_CSMCBasicDetails"/>
  <testcase name="basicDetails" time="160.440" classname="com.CSMC_Aug23.tc.TC002_CSMCBasicDetails"/>
  <testcase name="basicDetails" time="160.912" classname="com.CSMC_Aug23.tc.TC002_CSMCBasicDetails"/>
  <testcase name="basicDetails" time="160.253" classname="com.CSMC_Aug23.tc.TC002_CSMCBasicDetails"/>
  <testcase name="basicDetails" time="160.522" classname="com.CSMC_Aug23.tc.TC002_CSMCBasicDetails"/>
  <testcase name="basicDetails" time="160.152" classname="com.CSMC_Aug23.tc.TC002_CSMCBasicDetails"/>
  <testcase name="basicDetails" time="160.575" classname="com.CSMC_Aug23.tc.TC002_CSMCBasicDetails"/>
  <testcase name="basicDetails" time="160.542" classname="com.CSMC_Aug23.tc.TC002_CSMCBasicDetails"/>
  <testcase name="basicDetails" time="160.381" classname="com.CSMC_Aug23.tc.TC002_CSMCBasicDetails"/>
  <testcase name="basicDetails" time="160.778" classname="com.CSMC_Aug23.tc.TC002_CSMCBasicDetails"/>
  <testcase name="basicDetails" time="160.575" classname="com.CSMC_Aug23.tc.TC002_CSMCBasicDetails"/>
  <testcase name="basicDetails" time="160.145" classname="com.CSMC_Aug23.tc.TC002_CSMCBasicDetails"/>
  <testcase name="basicDetails" time="160.423" classname="com.CSMC_Aug23.tc.TC002_CSMCBasicDetails"/>
  <testcase name="basicDetails" time="160.322" classname="com.CSMC_Aug23.tc.TC002_CSMCBasicDetails"/>
  <testcase name="basicDetails" time="160.486" classname="com.CSMC_Aug23.tc.TC002_CSMCBasicDetails"/>
  <testcase name="basicDetails" time="187.931" classname="com.CSMC_Aug23.tc.TC002_CSMCBasicDetails"/>
  <testcase name="basicDetails" time="160.366" classname="com.CSMC_Aug23.tc.TC002_CSMCBasicDetails"/>
  <testcase name="basicDetails" time="160.310" classname="com.CSMC_Aug23.tc.TC002_CSMCBasicDetails"/>
  <testcase name="basicDetails" time="188.218" classname="com.CSMC_Aug23.tc.TC002_CSMCBasicDetails"/>
  <testcase name="basicDetails" time="160.433" classname="com.CSMC_Aug23.tc.TC002_CSMCBasicDetails"/>
  <testcase name="basicDetails" time="160.350" classname="com.CSMC_Aug23.tc.TC002_CSMCBasicDetails"/>
  <testcase name="basicDetails" time="160.409" classname="com.CSMC_Aug23.tc.TC002_CSMCBasicDetails"/>
  <testcase name="basicDetails" time="160.364" classname="com.CSMC_Aug23.tc.TC002_CSMCBasicDetails"/>
  <testcase name="basicDetails" time="160.353" classname="com.CSMC_Aug23.tc.TC002_CSMCBasicDetails"/>
  <testcase name="basicDetails" time="160.505" classname="com.CSMC_Aug23.tc.TC002_CSMCBasicDetails"/>
  <testcase name="basicDetails" time="160.806" classname="com.CSMC_Aug23.tc.TC002_CSMCBasicDetails"/>
  <testcase name="basicDetails" time="160.166" classname="com.CSMC_Aug23.tc.TC002_CSMCBasicDetails"/>
  <testcase name="basicDetails" time="160.704" classname="com.CSMC_Aug23.tc.TC002_CSMCBasicDetails"/>
  <testcase name="basicDetails" time="160.472" classname="com.CSMC_Aug23.tc.TC002_CSMCBasicDetails"/>
  <testcase name="basicDetails" time="188.034" classname="com.CSMC_Aug23.tc.TC002_CSMCBasicDetails"/>
  <testcase name="basicDetails" time="159.305" classname="com.CSMC_Aug23.tc.TC002_CSMCBasicDetails"/>
  <testcase name="basicDetails" time="160.237" classname="com.CSMC_Aug23.tc.TC002_CSMCBasicDetails"/>
  <testcase name="basicDetails" time="160.541" classname="com.CSMC_Aug23.tc.TC002_CSMCBasicDetails"/>
  <testcase name="basicDetails" time="160.349" classname="com.CSMC_Aug23.tc.TC002_CSMCBasicDetails"/>
  <testcase name="basicDetails" time="160.459" classname="com.CSMC_Aug23.tc.TC002_CSMCBasicDetails"/>
  <testcase name="basicDetails" time="160.147" classname="com.CSMC_Aug23.tc.TC002_CSMCBasicDetails"/>
  <testcase name="basicDetails" time="160.636" classname="com.CSMC_Aug23.tc.TC002_CSMCBasicDetails"/>
  <testcase name="basicDetails" time="160.463" classname="com.CSMC_Aug23.tc.TC002_CSMCBasicDetails"/>
  <testcase name="basicDetails" time="160.819" classname="com.CSMC_Aug23.tc.TC002_CSMCBasicDetails"/>
  <testcase name="basicDetails" time="160.490" classname="com.CSMC_Aug23.tc.TC002_CSMCBasicDetails"/>
  <testcase name="basicDetails" time="160.475" classname="com.CSMC_Aug23.tc.TC002_CSMCBasicDetails"/>
  <testcase name="basicDetails" time="160.503" classname="com.CSMC_Aug23.tc.TC002_CSMCBasicDetails"/>
  <testcase name="basicDetails" time="160.478" classname="com.CSMC_Aug23.tc.TC002_CSMCBasicDetails"/>
  <testcase name="basicDetails" time="160.176" classname="com.CSMC_Aug23.tc.TC002_CSMCBasicDetails"/>
  <testcase name="basicDetails" time="160.646" classname="com.CSMC_Aug23.tc.TC002_CSMCBasicDetails"/>
  <testcase name="basicDetails" time="160.368" classname="com.CSMC_Aug23.tc.TC002_CSMCBasicDetails"/>
  <testcase name="basicDetails" time="160.414" classname="com.CSMC_Aug23.tc.TC002_CSMCBasicDetails"/>
  <testcase name="basicDetails" time="160.407" classname="com.CSMC_Aug23.tc.TC002_CSMCBasicDetails"/>
  <testcase name="basicDetails" time="160.228" classname="com.CSMC_Aug23.tc.TC002_CSMCBasicDetails"/>
  <testcase name="basicDetails" time="187.694" classname="com.CSMC_Aug23.tc.TC002_CSMCBasicDetails"/>
  <testcase name="basicDetails" time="160.422" classname="com.CSMC_Aug23.tc.TC002_CSMCBasicDetails"/>
  <testcase name="basicDetails" time="160.946" classname="com.CSMC_Aug23.tc.TC002_CSMCBasicDetails"/>
  <testcase name="basicDetails" time="160.170" classname="com.CSMC_Aug23.tc.TC002_CSMCBasicDetails"/>
  <testcase name="basicDetails" time="160.656" classname="com.CSMC_Aug23.tc.TC002_CSMCBasicDetails"/>
  <testcase name="basicDetails" time="160.455" classname="com.CSMC_Aug23.tc.TC002_CSMCBasicDetails"/>
  <testcase name="basicDetails" time="160.260" classname="com.CSMC_Aug23.tc.TC002_CSMCBasicDetails"/>
  <testcase name="basicDetails" time="161.092" classname="com.CSMC_Aug23.tc.TC002_CSMCBasicDetails"/>
  <testcase name="basicDetails" time="160.196" classname="com.CSMC_Aug23.tc.TC002_CSMCBasicDetails"/>
  <testcase name="basicDetails" time="160.409" classname="com.CSMC_Aug23.tc.TC002_CSMCBasicDetails"/>
  <testcase name="basicDetails" time="160.074" classname="com.CSMC_Aug23.tc.TC002_CSMCBasicDetails"/>
  <testcase name="basicDetails" time="160.653" classname="com.CSMC_Aug23.tc.TC002_CSMCBasicDetails"/>
  <testcase name="basicDetails" time="187.764" classname="com.CSMC_Aug23.tc.TC002_CSMCBasicDetails"/>
  <testcase name="basicDetails" time="188.319" classname="com.CSMC_Aug23.tc.TC002_CSMCBasicDetails"/>
  <testcase name="basicDetails" time="160.559" classname="com.CSMC_Aug23.tc.TC002_CSMCBasicDetails"/>
  <testcase name="basicDetails" time="164.014" classname="com.CSMC_Aug23.tc.TC002_CSMCBasicDetails"/>
  <testcase name="basicDetails" time="160.795" classname="com.CSMC_Aug23.tc.TC002_CSMCBasicDetails"/>
  <testcase name="basicDetails" time="161.026" classname="com.CSMC_Aug23.tc.TC002_CSMCBasicDetails"/>
  <testcase name="basicDetails" time="160.875" classname="com.CSMC_Aug23.tc.TC002_CSMCBasicDetails"/>
  <testcase name="basicDetails" time="160.804" classname="com.CSMC_Aug23.tc.TC002_CSMCBasicDetails"/>
  <testcase name="basicDetails" time="160.553" classname="com.CSMC_Aug23.tc.TC002_CSMCBasicDetails"/>
  <testcase name="basicDetails" time="188.055" classname="com.CSMC_Aug23.tc.TC002_CSMCBasicDetails"/>
</testsuite> <!-- com.CSMC_Aug23.tc.TC002_CSMCBasicDetails -->
