<?xml version="1.0" encoding="UTF-8"?>
<!-- Generated by org.testng.reporters.JUnitReportReporter -->
<testsuite hostname="MAA011253A" failures="0" tests="1" name="com.MP30.tc.TC003_MPBasicDetails" time="115.881" errors="0" timestamp="2022-01-16T21:31:18 IST" skipped="0">
  <testcase classname="com.MP30.tc.TC003_MPBasicDetails" name="basicDetails" time="115.881"/>
</testsuite> <!-- com.MP30.tc.TC003_MPBasicDetails -->
