<?xml version="1.0" encoding="UTF-8"?>
<!-- Generated by org.testng.reporters.JUnitReportReporter -->
<testsuite skipped="0" hostname="MAA014482B" name="com.MOIL_April23.tc.TC005_MOILBasicDetails" tests="30" failures="0" timestamp="2023-05-04T12:52:50 IST" time="4874.215" errors="0">
  <testcase name="basicDetails" time="162.658" classname="com.MOIL_April23.tc.TC005_MOILBasicDetails"/>
  <testcase name="basicDetails" time="162.752" classname="com.MOIL_April23.tc.TC005_MOILBasicDetails"/>
  <testcase name="basicDetails" time="162.829" classname="com.MOIL_April23.tc.TC005_MOILBasicDetails"/>
  <testcase name="basicDetails" time="161.547" classname="com.MOIL_April23.tc.TC005_MOILBasicDetails"/>
  <testcase name="basicDetails" time="162.625" classname="com.MOIL_April23.tc.TC005_MOILBasicDetails"/>
  <testcase name="basicDetails" time="162.616" classname="com.MOIL_April23.tc.TC005_MOILBasicDetails"/>
  <testcase name="basicDetails" time="162.226" classname="com.MOIL_April23.tc.TC005_MOILBasicDetails"/>
  <testcase name="basicDetails" time="162.565" classname="com.MOIL_April23.tc.TC005_MOILBasicDetails"/>
  <testcase name="basicDetails" time="162.723" classname="com.MOIL_April23.tc.TC005_MOILBasicDetails"/>
  <testcase name="basicDetails" time="162.642" classname="com.MOIL_April23.tc.TC005_MOILBasicDetails"/>
  <testcase name="basicDetails" time="162.423" classname="com.MOIL_April23.tc.TC005_MOILBasicDetails"/>
  <testcase name="basicDetails" time="162.634" classname="com.MOIL_April23.tc.TC005_MOILBasicDetails"/>
  <testcase name="basicDetails" time="162.041" classname="com.MOIL_April23.tc.TC005_MOILBasicDetails"/>
  <testcase name="basicDetails" time="162.569" classname="com.MOIL_April23.tc.TC005_MOILBasicDetails"/>
  <testcase name="basicDetails" time="162.495" classname="com.MOIL_April23.tc.TC005_MOILBasicDetails"/>
  <testcase name="basicDetails" time="162.227" classname="com.MOIL_April23.tc.TC005_MOILBasicDetails"/>
  <testcase name="basicDetails" time="162.097" classname="com.MOIL_April23.tc.TC005_MOILBasicDetails"/>
  <testcase name="basicDetails" time="162.185" classname="com.MOIL_April23.tc.TC005_MOILBasicDetails"/>
  <testcase name="basicDetails" time="162.872" classname="com.MOIL_April23.tc.TC005_MOILBasicDetails"/>
  <testcase name="basicDetails" time="162.254" classname="com.MOIL_April23.tc.TC005_MOILBasicDetails"/>
  <testcase name="basicDetails" time="162.608" classname="com.MOIL_April23.tc.TC005_MOILBasicDetails"/>
  <testcase name="basicDetails" time="162.249" classname="com.MOIL_April23.tc.TC005_MOILBasicDetails"/>
  <testcase name="basicDetails" time="162.308" classname="com.MOIL_April23.tc.TC005_MOILBasicDetails"/>
  <testcase name="basicDetails" time="162.452" classname="com.MOIL_April23.tc.TC005_MOILBasicDetails"/>
  <testcase name="basicDetails" time="162.146" classname="com.MOIL_April23.tc.TC005_MOILBasicDetails"/>
  <testcase name="basicDetails" time="162.499" classname="com.MOIL_April23.tc.TC005_MOILBasicDetails"/>
  <testcase name="basicDetails" time="162.294" classname="com.MOIL_April23.tc.TC005_MOILBasicDetails"/>
  <testcase name="basicDetails" time="163.692" classname="com.MOIL_April23.tc.TC005_MOILBasicDetails"/>
  <testcase name="basicDetails" time="162.852" classname="com.MOIL_April23.tc.TC005_MOILBasicDetails"/>
  <testcase name="basicDetails" time="162.135" classname="com.MOIL_April23.tc.TC005_MOILBasicDetails"/>
</testsuite> <!-- com.MOIL_April23.tc.TC005_MOILBasicDetails -->
