<?xml version="1.0" encoding="UTF-8"?>
<!-- Generated by org.testng.reporters.JUnitReportReporter -->
<testsuite skipped="0" hostname="MAA014482B" name="com.RCRB.tc.TC003_RCRBBasicDetails" tests="70" failures="0" timestamp="2022-12-22T21:06:36 IST" time="11564.063" errors="0">
  <testcase name="basicDetails" time="160.533" classname="com.RCRB.tc.TC003_RCRBBasicDetails"/>
  <testcase name="basicDetails" time="159.825" classname="com.RCRB.tc.TC003_RCRBBasicDetails"/>
  <testcase name="basicDetails" time="165.080" classname="com.RCRB.tc.TC003_RCRBBasicDetails"/>
  <testcase name="basicDetails" time="161.951" classname="com.RCRB.tc.TC003_RCRBBasicDetails"/>
  <testcase name="basicDetails" time="162.049" classname="com.RCRB.tc.TC003_RCRBBasicDetails"/>
  <testcase name="basicDetails" time="165.416" classname="com.RCRB.tc.TC003_RCRBBasicDetails"/>
  <testcase name="basicDetails" time="165.023" classname="com.RCRB.tc.TC003_RCRBBasicDetails"/>
  <testcase name="basicDetails" time="160.923" classname="com.RCRB.tc.TC003_RCRBBasicDetails"/>
  <testcase name="basicDetails" time="159.903" classname="com.RCRB.tc.TC003_RCRBBasicDetails"/>
  <testcase name="basicDetails" time="187.175" classname="com.RCRB.tc.TC003_RCRBBasicDetails"/>
  <testcase name="basicDetails" time="165.077" classname="com.RCRB.tc.TC003_RCRBBasicDetails"/>
  <testcase name="basicDetails" time="160.397" classname="com.RCRB.tc.TC003_RCRBBasicDetails"/>
  <testcase name="basicDetails" time="192.232" classname="com.RCRB.tc.TC003_RCRBBasicDetails"/>
  <testcase name="basicDetails" time="165.999" classname="com.RCRB.tc.TC003_RCRBBasicDetails"/>
  <testcase name="basicDetails" time="166.856" classname="com.RCRB.tc.TC003_RCRBBasicDetails"/>
  <testcase name="basicDetails" time="160.685" classname="com.RCRB.tc.TC003_RCRBBasicDetails"/>
  <testcase name="basicDetails" time="160.239" classname="com.RCRB.tc.TC003_RCRBBasicDetails"/>
  <testcase name="basicDetails" time="164.835" classname="com.RCRB.tc.TC003_RCRBBasicDetails"/>
  <testcase name="basicDetails" time="160.580" classname="com.RCRB.tc.TC003_RCRBBasicDetails"/>
  <testcase name="basicDetails" time="160.503" classname="com.RCRB.tc.TC003_RCRBBasicDetails"/>
  <testcase name="basicDetails" time="159.701" classname="com.RCRB.tc.TC003_RCRBBasicDetails"/>
  <testcase name="basicDetails" time="160.571" classname="com.RCRB.tc.TC003_RCRBBasicDetails"/>
  <testcase name="basicDetails" time="165.084" classname="com.RCRB.tc.TC003_RCRBBasicDetails"/>
  <testcase name="basicDetails" time="166.313" classname="com.RCRB.tc.TC003_RCRBBasicDetails"/>
  <testcase name="basicDetails" time="164.978" classname="com.RCRB.tc.TC003_RCRBBasicDetails"/>
  <testcase name="basicDetails" time="188.230" classname="com.RCRB.tc.TC003_RCRBBasicDetails"/>
  <testcase name="basicDetails" time="160.065" classname="com.RCRB.tc.TC003_RCRBBasicDetails"/>
  <testcase name="basicDetails" time="189.325" classname="com.RCRB.tc.TC003_RCRBBasicDetails"/>
  <testcase name="basicDetails" time="165.418" classname="com.RCRB.tc.TC003_RCRBBasicDetails"/>
  <testcase name="basicDetails" time="166.403" classname="com.RCRB.tc.TC003_RCRBBasicDetails"/>
  <testcase name="basicDetails" time="159.179" classname="com.RCRB.tc.TC003_RCRBBasicDetails"/>
  <testcase name="basicDetails" time="160.704" classname="com.RCRB.tc.TC003_RCRBBasicDetails"/>
  <testcase name="basicDetails" time="165.139" classname="com.RCRB.tc.TC003_RCRBBasicDetails"/>
  <testcase name="basicDetails" time="165.066" classname="com.RCRB.tc.TC003_RCRBBasicDetails"/>
  <testcase name="basicDetails" time="188.058" classname="com.RCRB.tc.TC003_RCRBBasicDetails"/>
  <testcase name="basicDetails" time="164.712" classname="com.RCRB.tc.TC003_RCRBBasicDetails"/>
  <testcase name="basicDetails" time="160.903" classname="com.RCRB.tc.TC003_RCRBBasicDetails"/>
  <testcase name="basicDetails" time="162.294" classname="com.RCRB.tc.TC003_RCRBBasicDetails"/>
  <testcase name="basicDetails" time="166.610" classname="com.RCRB.tc.TC003_RCRBBasicDetails"/>
  <testcase name="basicDetails" time="161.132" classname="com.RCRB.tc.TC003_RCRBBasicDetails"/>
  <testcase name="basicDetails" time="188.306" classname="com.RCRB.tc.TC003_RCRBBasicDetails"/>
  <testcase name="basicDetails" time="165.252" classname="com.RCRB.tc.TC003_RCRBBasicDetails"/>
  <testcase name="basicDetails" time="161.992" classname="com.RCRB.tc.TC003_RCRBBasicDetails"/>
  <testcase name="basicDetails" time="165.836" classname="com.RCRB.tc.TC003_RCRBBasicDetails"/>
  <testcase name="basicDetails" time="160.802" classname="com.RCRB.tc.TC003_RCRBBasicDetails"/>
  <testcase name="basicDetails" time="164.781" classname="com.RCRB.tc.TC003_RCRBBasicDetails"/>
  <testcase name="basicDetails" time="164.991" classname="com.RCRB.tc.TC003_RCRBBasicDetails"/>
  <testcase name="basicDetails" time="160.516" classname="com.RCRB.tc.TC003_RCRBBasicDetails"/>
  <testcase name="basicDetails" time="160.368" classname="com.RCRB.tc.TC003_RCRBBasicDetails"/>
  <testcase name="basicDetails" time="165.769" classname="com.RCRB.tc.TC003_RCRBBasicDetails"/>
  <testcase name="basicDetails" time="166.323" classname="com.RCRB.tc.TC003_RCRBBasicDetails"/>
  <testcase name="basicDetails" time="160.822" classname="com.RCRB.tc.TC003_RCRBBasicDetails"/>
  <testcase name="basicDetails" time="161.936" classname="com.RCRB.tc.TC003_RCRBBasicDetails"/>
  <testcase name="basicDetails" time="164.942" classname="com.RCRB.tc.TC003_RCRBBasicDetails"/>
  <testcase name="basicDetails" time="165.228" classname="com.RCRB.tc.TC003_RCRBBasicDetails"/>
  <testcase name="basicDetails" time="159.489" classname="com.RCRB.tc.TC003_RCRBBasicDetails"/>
  <testcase name="basicDetails" time="166.428" classname="com.RCRB.tc.TC003_RCRBBasicDetails"/>
  <testcase name="basicDetails" time="164.105" classname="com.RCRB.tc.TC003_RCRBBasicDetails"/>
  <testcase name="basicDetails" time="161.258" classname="com.RCRB.tc.TC003_RCRBBasicDetails"/>
  <testcase name="basicDetails" time="164.868" classname="com.RCRB.tc.TC003_RCRBBasicDetails"/>
  <testcase name="basicDetails" time="166.030" classname="com.RCRB.tc.TC003_RCRBBasicDetails"/>
  <testcase name="basicDetails" time="164.938" classname="com.RCRB.tc.TC003_RCRBBasicDetails"/>
  <testcase name="basicDetails" time="159.891" classname="com.RCRB.tc.TC003_RCRBBasicDetails"/>
  <testcase name="basicDetails" time="165.450" classname="com.RCRB.tc.TC003_RCRBBasicDetails"/>
  <testcase name="basicDetails" time="164.781" classname="com.RCRB.tc.TC003_RCRBBasicDetails"/>
  <testcase name="basicDetails" time="160.455" classname="com.RCRB.tc.TC003_RCRBBasicDetails"/>
  <testcase name="basicDetails" time="160.959" classname="com.RCRB.tc.TC003_RCRBBasicDetails"/>
  <testcase name="basicDetails" time="162.162" classname="com.RCRB.tc.TC003_RCRBBasicDetails"/>
  <testcase name="basicDetails" time="160.796" classname="com.RCRB.tc.TC003_RCRBBasicDetails"/>
  <testcase name="basicDetails" time="159.423" classname="com.RCRB.tc.TC003_RCRBBasicDetails"/>
</testsuite> <!-- com.RCRB.tc.TC003_RCRBBasicDetails -->
