<?xml version="1.0" encoding="UTF-8"?>
<!-- Generated by org.testng.reporters.JUnitReportReporter -->
<testsuite skipped="0" hostname="MAA014482B" name="com.DCCB_15Sep22.tc.TC004_DCCBBasicDetails" tests="17" failures="0" timestamp="2022-09-22T15:33:28 IST" time="2851.023" errors="0">
  <testcase name="basicDetails" time="164.555" classname="com.DCCB_15Sep22.tc.TC004_DCCBBasicDetails"/>
  <testcase name="basicDetails" time="163.755" classname="com.DCCB_15Sep22.tc.TC004_DCCBBasicDetails"/>
  <testcase name="basicDetails" time="169.467" classname="com.DCCB_15Sep22.tc.TC004_DCCBBasicDetails"/>
  <testcase name="basicDetails" time="162.712" classname="com.DCCB_15Sep22.tc.TC004_DCCBBasicDetails"/>
  <testcase name="basicDetails" time="169.239" classname="com.DCCB_15Sep22.tc.TC004_DCCBBasicDetails"/>
  <testcase name="basicDetails" time="169.961" classname="com.DCCB_15Sep22.tc.TC004_DCCBBasicDetails"/>
  <testcase name="basicDetails" time="164.638" classname="com.DCCB_15Sep22.tc.TC004_DCCBBasicDetails"/>
  <testcase name="basicDetails" time="170.508" classname="com.DCCB_15Sep22.tc.TC004_DCCBBasicDetails"/>
  <testcase name="basicDetails" time="162.850" classname="com.DCCB_15Sep22.tc.TC004_DCCBBasicDetails"/>
  <testcase name="basicDetails" time="172.031" classname="com.DCCB_15Sep22.tc.TC004_DCCBBasicDetails"/>
  <testcase name="basicDetails" time="164.508" classname="com.DCCB_15Sep22.tc.TC004_DCCBBasicDetails"/>
  <testcase name="basicDetails" time="164.439" classname="com.DCCB_15Sep22.tc.TC004_DCCBBasicDetails"/>
  <testcase name="basicDetails" time="170.758" classname="com.DCCB_15Sep22.tc.TC004_DCCBBasicDetails"/>
  <testcase name="basicDetails" time="171.038" classname="com.DCCB_15Sep22.tc.TC004_DCCBBasicDetails"/>
  <testcase name="basicDetails" time="169.553" classname="com.DCCB_15Sep22.tc.TC004_DCCBBasicDetails"/>
  <testcase name="basicDetails" time="169.812" classname="com.DCCB_15Sep22.tc.TC004_DCCBBasicDetails"/>
  <testcase name="basicDetails" time="171.199" classname="com.DCCB_15Sep22.tc.TC004_DCCBBasicDetails"/>
</testsuite> <!-- com.DCCB_15Sep22.tc.TC004_DCCBBasicDetails -->
