<?xml version="1.0" encoding="UTF-8"?>
<!-- Generated by org.testng.reporters.JUnitReportReporter -->
<testsuite skipped="0" hostname="MAA014482B" name="com.meghalaya.tc.TC002_MeghalayaBasicDetails" tests="28" failures="0" timestamp="14 Nov 2019 05:43:52 GMT" time="2136.530" errors="0">
  <testcase name="basicDetails" time="76.777" classname="com.meghalaya.tc.TC002_MeghalayaBasicDetails"/>
  <testcase name="basicDetails" time="76.122" classname="com.meghalaya.tc.TC002_MeghalayaBasicDetails"/>
  <testcase name="basicDetails" time="75.928" classname="com.meghalaya.tc.TC002_MeghalayaBasicDetails"/>
  <testcase name="basicDetails" time="75.478" classname="com.meghalaya.tc.TC002_MeghalayaBasicDetails"/>
  <testcase name="basicDetails" time="78.305" classname="com.meghalaya.tc.TC002_MeghalayaBasicDetails"/>
  <testcase name="basicDetails" time="77.041" classname="com.meghalaya.tc.TC002_MeghalayaBasicDetails"/>
  <testcase name="basicDetails" time="76.464" classname="com.meghalaya.tc.TC002_MeghalayaBasicDetails"/>
  <testcase name="basicDetails" time="76.000" classname="com.meghalaya.tc.TC002_MeghalayaBasicDetails"/>
  <testcase name="basicDetails" time="76.447" classname="com.meghalaya.tc.TC002_MeghalayaBasicDetails"/>
  <testcase name="basicDetails" time="77.199" classname="com.meghalaya.tc.TC002_MeghalayaBasicDetails"/>
  <testcase name="basicDetails" time="75.831" classname="com.meghalaya.tc.TC002_MeghalayaBasicDetails"/>
  <testcase name="basicDetails" time="77.758" classname="com.meghalaya.tc.TC002_MeghalayaBasicDetails"/>
  <testcase name="basicDetails" time="76.452" classname="com.meghalaya.tc.TC002_MeghalayaBasicDetails"/>
  <testcase name="basicDetails" time="76.278" classname="com.meghalaya.tc.TC002_MeghalayaBasicDetails"/>
  <testcase name="basicDetails" time="76.193" classname="com.meghalaya.tc.TC002_MeghalayaBasicDetails"/>
  <testcase name="basicDetails" time="76.885" classname="com.meghalaya.tc.TC002_MeghalayaBasicDetails"/>
  <testcase name="basicDetails" time="76.836" classname="com.meghalaya.tc.TC002_MeghalayaBasicDetails"/>
  <testcase name="basicDetails" time="76.996" classname="com.meghalaya.tc.TC002_MeghalayaBasicDetails"/>
  <testcase name="basicDetails" time="76.380" classname="com.meghalaya.tc.TC002_MeghalayaBasicDetails"/>
  <testcase name="basicDetails" time="75.375" classname="com.meghalaya.tc.TC002_MeghalayaBasicDetails"/>
  <testcase name="basicDetails" time="74.752" classname="com.meghalaya.tc.TC002_MeghalayaBasicDetails"/>
  <testcase name="basicDetails" time="75.638" classname="com.meghalaya.tc.TC002_MeghalayaBasicDetails"/>
  <testcase name="basicDetails" time="74.912" classname="com.meghalaya.tc.TC002_MeghalayaBasicDetails"/>
  <testcase name="basicDetails" time="75.441" classname="com.meghalaya.tc.TC002_MeghalayaBasicDetails"/>
  <testcase name="basicDetails" time="76.298" classname="com.meghalaya.tc.TC002_MeghalayaBasicDetails"/>
  <testcase name="basicDetails" time="75.522" classname="com.meghalaya.tc.TC002_MeghalayaBasicDetails"/>
  <testcase name="basicDetails" time="76.189" classname="com.meghalaya.tc.TC002_MeghalayaBasicDetails"/>
  <testcase name="basicDetails" time="77.033" classname="com.meghalaya.tc.TC002_MeghalayaBasicDetails"/>
</testsuite> <!-- com.meghalaya.tc.TC002_MeghalayaBasicDetails -->
