<?xml version="1.0" encoding="UTF-8"?>
<!-- Generated by org.testng.reporters.JUnitReportReporter -->
<testsuite skipped="0" hostname="MAA014482B" name="com.RCRB.tc.TC001_RCRBBasicDetails" tests="70" failures="0" timestamp="2022-12-22T21:06:36 IST" time="11638.186" errors="0">
  <testcase name="basicDetails" time="161.075" classname="com.RCRB.tc.TC001_RCRBBasicDetails"/>
  <testcase name="basicDetails" time="166.515" classname="com.RCRB.tc.TC001_RCRBBasicDetails"/>
  <testcase name="basicDetails" time="161.037" classname="com.RCRB.tc.TC001_RCRBBasicDetails"/>
  <testcase name="basicDetails" time="164.801" classname="com.RCRB.tc.TC001_RCRBBasicDetails"/>
  <testcase name="basicDetails" time="164.738" classname="com.RCRB.tc.TC001_RCRBBasicDetails"/>
  <testcase name="basicDetails" time="160.731" classname="com.RCRB.tc.TC001_RCRBBasicDetails"/>
  <testcase name="basicDetails" time="165.582" classname="com.RCRB.tc.TC001_RCRBBasicDetails"/>
  <testcase name="basicDetails" time="160.600" classname="com.RCRB.tc.TC001_RCRBBasicDetails"/>
  <testcase name="basicDetails" time="166.012" classname="com.RCRB.tc.TC001_RCRBBasicDetails"/>
  <testcase name="basicDetails" time="165.447" classname="com.RCRB.tc.TC001_RCRBBasicDetails"/>
  <testcase name="basicDetails" time="163.613" classname="com.RCRB.tc.TC001_RCRBBasicDetails"/>
  <testcase name="basicDetails" time="164.870" classname="com.RCRB.tc.TC001_RCRBBasicDetails"/>
  <testcase name="basicDetails" time="165.252" classname="com.RCRB.tc.TC001_RCRBBasicDetails"/>
  <testcase name="basicDetails" time="165.114" classname="com.RCRB.tc.TC001_RCRBBasicDetails"/>
  <testcase name="basicDetails" time="188.054" classname="com.RCRB.tc.TC001_RCRBBasicDetails"/>
  <testcase name="basicDetails" time="159.642" classname="com.RCRB.tc.TC001_RCRBBasicDetails"/>
  <testcase name="basicDetails" time="165.133" classname="com.RCRB.tc.TC001_RCRBBasicDetails"/>
  <testcase name="basicDetails" time="161.236" classname="com.RCRB.tc.TC001_RCRBBasicDetails"/>
  <testcase name="basicDetails" time="165.022" classname="com.RCRB.tc.TC001_RCRBBasicDetails"/>
  <testcase name="basicDetails" time="163.740" classname="com.RCRB.tc.TC001_RCRBBasicDetails"/>
  <testcase name="basicDetails" time="160.405" classname="com.RCRB.tc.TC001_RCRBBasicDetails"/>
  <testcase name="basicDetails" time="165.019" classname="com.RCRB.tc.TC001_RCRBBasicDetails"/>
  <testcase name="basicDetails" time="188.036" classname="com.RCRB.tc.TC001_RCRBBasicDetails"/>
  <testcase name="basicDetails" time="165.896" classname="com.RCRB.tc.TC001_RCRBBasicDetails"/>
  <testcase name="basicDetails" time="159.818" classname="com.RCRB.tc.TC001_RCRBBasicDetails"/>
  <testcase name="basicDetails" time="164.866" classname="com.RCRB.tc.TC001_RCRBBasicDetails"/>
  <testcase name="basicDetails" time="164.755" classname="com.RCRB.tc.TC001_RCRBBasicDetails"/>
  <testcase name="basicDetails" time="166.267" classname="com.RCRB.tc.TC001_RCRBBasicDetails"/>
  <testcase name="basicDetails" time="165.069" classname="com.RCRB.tc.TC001_RCRBBasicDetails"/>
  <testcase name="basicDetails" time="197.836" classname="com.RCRB.tc.TC001_RCRBBasicDetails"/>
  <testcase name="basicDetails" time="187.925" classname="com.RCRB.tc.TC001_RCRBBasicDetails"/>
  <testcase name="basicDetails" time="165.326" classname="com.RCRB.tc.TC001_RCRBBasicDetails"/>
  <testcase name="basicDetails" time="166.317" classname="com.RCRB.tc.TC001_RCRBBasicDetails"/>
  <testcase name="basicDetails" time="191.775" classname="com.RCRB.tc.TC001_RCRBBasicDetails"/>
  <testcase name="basicDetails" time="165.170" classname="com.RCRB.tc.TC001_RCRBBasicDetails"/>
  <testcase name="basicDetails" time="164.880" classname="com.RCRB.tc.TC001_RCRBBasicDetails"/>
  <testcase name="basicDetails" time="160.822" classname="com.RCRB.tc.TC001_RCRBBasicDetails"/>
  <testcase name="basicDetails" time="164.829" classname="com.RCRB.tc.TC001_RCRBBasicDetails"/>
  <testcase name="basicDetails" time="191.199" classname="com.RCRB.tc.TC001_RCRBBasicDetails"/>
  <testcase name="basicDetails" time="160.427" classname="com.RCRB.tc.TC001_RCRBBasicDetails"/>
  <testcase name="basicDetails" time="166.604" classname="com.RCRB.tc.TC001_RCRBBasicDetails"/>
  <testcase name="basicDetails" time="164.884" classname="com.RCRB.tc.TC001_RCRBBasicDetails"/>
  <testcase name="basicDetails" time="160.770" classname="com.RCRB.tc.TC001_RCRBBasicDetails"/>
  <testcase name="basicDetails" time="160.669" classname="com.RCRB.tc.TC001_RCRBBasicDetails"/>
  <testcase name="basicDetails" time="165.377" classname="com.RCRB.tc.TC001_RCRBBasicDetails"/>
  <testcase name="basicDetails" time="160.694" classname="com.RCRB.tc.TC001_RCRBBasicDetails"/>
  <testcase name="basicDetails" time="164.278" classname="com.RCRB.tc.TC001_RCRBBasicDetails"/>
  <testcase name="basicDetails" time="165.214" classname="com.RCRB.tc.TC001_RCRBBasicDetails"/>
  <testcase name="basicDetails" time="165.366" classname="com.RCRB.tc.TC001_RCRBBasicDetails"/>
  <testcase name="basicDetails" time="164.709" classname="com.RCRB.tc.TC001_RCRBBasicDetails"/>
  <testcase name="basicDetails" time="161.176" classname="com.RCRB.tc.TC001_RCRBBasicDetails"/>
  <testcase name="basicDetails" time="164.759" classname="com.RCRB.tc.TC001_RCRBBasicDetails"/>
  <testcase name="basicDetails" time="165.022" classname="com.RCRB.tc.TC001_RCRBBasicDetails"/>
  <testcase name="basicDetails" time="159.363" classname="com.RCRB.tc.TC001_RCRBBasicDetails"/>
  <testcase name="basicDetails" time="161.999" classname="com.RCRB.tc.TC001_RCRBBasicDetails"/>
  <testcase name="basicDetails" time="164.755" classname="com.RCRB.tc.TC001_RCRBBasicDetails"/>
  <testcase name="basicDetails" time="160.862" classname="com.RCRB.tc.TC001_RCRBBasicDetails"/>
  <testcase name="basicDetails" time="160.471" classname="com.RCRB.tc.TC001_RCRBBasicDetails"/>
  <testcase name="basicDetails" time="160.804" classname="com.RCRB.tc.TC001_RCRBBasicDetails"/>
  <testcase name="basicDetails" time="160.839" classname="com.RCRB.tc.TC001_RCRBBasicDetails"/>
  <testcase name="basicDetails" time="160.769" classname="com.RCRB.tc.TC001_RCRBBasicDetails"/>
  <testcase name="basicDetails" time="160.854" classname="com.RCRB.tc.TC001_RCRBBasicDetails"/>
  <testcase name="basicDetails" time="161.014" classname="com.RCRB.tc.TC001_RCRBBasicDetails"/>
  <testcase name="basicDetails" time="166.356" classname="com.RCRB.tc.TC001_RCRBBasicDetails"/>
  <testcase name="basicDetails" time="166.490" classname="com.RCRB.tc.TC001_RCRBBasicDetails"/>
  <testcase name="basicDetails" time="188.119" classname="com.RCRB.tc.TC001_RCRBBasicDetails"/>
  <testcase name="basicDetails" time="164.422" classname="com.RCRB.tc.TC001_RCRBBasicDetails"/>
  <testcase name="basicDetails" time="166.434" classname="com.RCRB.tc.TC001_RCRBBasicDetails"/>
  <testcase name="basicDetails" time="165.166" classname="com.RCRB.tc.TC001_RCRBBasicDetails"/>
  <testcase name="basicDetails" time="165.096" classname="com.RCRB.tc.TC001_RCRBBasicDetails"/>
</testsuite> <!-- com.RCRB.tc.TC001_RCRBBasicDetails -->
