<?xml version="1.0" encoding="UTF-8"?>
<!-- Generated by org.testng.reporters.JUnitReportReporter -->
<testsuite skipped="0" hostname="MAA014482B" name="com.CAH_May23.tc.TC001_CAHBasicDetails" tests="54" failures="0" timestamp="2023-06-12T16:31:31 IST" time="8529.194" errors="0">
  <testcase name="basicDetails" time="157.389" classname="com.CAH_May23.tc.TC001_CAHBasicDetails"/>
  <testcase name="basicDetails" time="158.005" classname="com.CAH_May23.tc.TC001_CAHBasicDetails"/>
  <testcase name="basicDetails" time="157.746" classname="com.CAH_May23.tc.TC001_CAHBasicDetails"/>
  <testcase name="basicDetails" time="157.400" classname="com.CAH_May23.tc.TC001_CAHBasicDetails"/>
  <testcase name="basicDetails" time="157.673" classname="com.CAH_May23.tc.TC001_CAHBasicDetails"/>
  <testcase name="basicDetails" time="157.856" classname="com.CAH_May23.tc.TC001_CAHBasicDetails"/>
  <testcase name="basicDetails" time="157.548" classname="com.CAH_May23.tc.TC001_CAHBasicDetails"/>
  <testcase name="basicDetails" time="157.517" classname="com.CAH_May23.tc.TC001_CAHBasicDetails"/>
  <testcase name="basicDetails" time="157.698" classname="com.CAH_May23.tc.TC001_CAHBasicDetails"/>
  <testcase name="basicDetails" time="157.899" classname="com.CAH_May23.tc.TC001_CAHBasicDetails"/>
  <testcase name="basicDetails" time="157.522" classname="com.CAH_May23.tc.TC001_CAHBasicDetails"/>
  <testcase name="basicDetails" time="157.825" classname="com.CAH_May23.tc.TC001_CAHBasicDetails"/>
  <testcase name="basicDetails" time="157.761" classname="com.CAH_May23.tc.TC001_CAHBasicDetails"/>
  <testcase name="basicDetails" time="157.561" classname="com.CAH_May23.tc.TC001_CAHBasicDetails"/>
  <testcase name="basicDetails" time="157.745" classname="com.CAH_May23.tc.TC001_CAHBasicDetails"/>
  <testcase name="basicDetails" time="157.959" classname="com.CAH_May23.tc.TC001_CAHBasicDetails"/>
  <testcase name="basicDetails" time="157.585" classname="com.CAH_May23.tc.TC001_CAHBasicDetails"/>
  <testcase name="basicDetails" time="157.513" classname="com.CAH_May23.tc.TC001_CAHBasicDetails"/>
  <testcase name="basicDetails" time="157.531" classname="com.CAH_May23.tc.TC001_CAHBasicDetails"/>
  <testcase name="basicDetails" time="157.779" classname="com.CAH_May23.tc.TC001_CAHBasicDetails"/>
  <testcase name="basicDetails" time="157.889" classname="com.CAH_May23.tc.TC001_CAHBasicDetails"/>
  <testcase name="basicDetails" time="157.601" classname="com.CAH_May23.tc.TC001_CAHBasicDetails"/>
  <testcase name="basicDetails" time="157.551" classname="com.CAH_May23.tc.TC001_CAHBasicDetails"/>
  <testcase name="basicDetails" time="157.566" classname="com.CAH_May23.tc.TC001_CAHBasicDetails"/>
  <testcase name="basicDetails" time="160.965" classname="com.CAH_May23.tc.TC001_CAHBasicDetails"/>
  <testcase name="basicDetails" time="157.543" classname="com.CAH_May23.tc.TC001_CAHBasicDetails"/>
  <testcase name="basicDetails" time="157.504" classname="com.CAH_May23.tc.TC001_CAHBasicDetails"/>
  <testcase name="basicDetails" time="157.375" classname="com.CAH_May23.tc.TC001_CAHBasicDetails"/>
  <testcase name="basicDetails" time="157.458" classname="com.CAH_May23.tc.TC001_CAHBasicDetails"/>
  <testcase name="basicDetails" time="157.510" classname="com.CAH_May23.tc.TC001_CAHBasicDetails"/>
  <testcase name="basicDetails" time="163.575" classname="com.CAH_May23.tc.TC001_CAHBasicDetails"/>
  <testcase name="basicDetails" time="157.628" classname="com.CAH_May23.tc.TC001_CAHBasicDetails"/>
  <testcase name="basicDetails" time="157.730" classname="com.CAH_May23.tc.TC001_CAHBasicDetails"/>
  <testcase name="basicDetails" time="156.979" classname="com.CAH_May23.tc.TC001_CAHBasicDetails"/>
  <testcase name="basicDetails" time="157.597" classname="com.CAH_May23.tc.TC001_CAHBasicDetails"/>
  <testcase name="basicDetails" time="157.534" classname="com.CAH_May23.tc.TC001_CAHBasicDetails"/>
  <testcase name="basicDetails" time="160.998" classname="com.CAH_May23.tc.TC001_CAHBasicDetails"/>
  <testcase name="basicDetails" time="157.537" classname="com.CAH_May23.tc.TC001_CAHBasicDetails"/>
  <testcase name="basicDetails" time="157.919" classname="com.CAH_May23.tc.TC001_CAHBasicDetails"/>
  <testcase name="basicDetails" time="157.818" classname="com.CAH_May23.tc.TC001_CAHBasicDetails"/>
  <testcase name="basicDetails" time="157.914" classname="com.CAH_May23.tc.TC001_CAHBasicDetails"/>
  <testcase name="basicDetails" time="158.159" classname="com.CAH_May23.tc.TC001_CAHBasicDetails"/>
  <testcase name="basicDetails" time="160.952" classname="com.CAH_May23.tc.TC001_CAHBasicDetails"/>
  <testcase name="basicDetails" time="157.981" classname="com.CAH_May23.tc.TC001_CAHBasicDetails"/>
  <testcase name="basicDetails" time="157.280" classname="com.CAH_May23.tc.TC001_CAHBasicDetails"/>
  <testcase name="basicDetails" time="157.530" classname="com.CAH_May23.tc.TC001_CAHBasicDetails"/>
  <testcase name="basicDetails" time="157.574" classname="com.CAH_May23.tc.TC001_CAHBasicDetails"/>
  <testcase name="basicDetails" time="157.573" classname="com.CAH_May23.tc.TC001_CAHBasicDetails"/>
  <testcase name="basicDetails" time="157.898" classname="com.CAH_May23.tc.TC001_CAHBasicDetails"/>
  <testcase name="basicDetails" time="158.052" classname="com.CAH_May23.tc.TC001_CAHBasicDetails"/>
  <testcase name="basicDetails" time="157.635" classname="com.CAH_May23.tc.TC001_CAHBasicDetails"/>
  <testcase name="basicDetails" time="157.406" classname="com.CAH_May23.tc.TC001_CAHBasicDetails"/>
  <testcase name="basicDetails" time="157.556" classname="com.CAH_May23.tc.TC001_CAHBasicDetails"/>
  <testcase name="basicDetails" time="157.895" classname="com.CAH_May23.tc.TC001_CAHBasicDetails"/>
</testsuite> <!-- com.CAH_May23.tc.TC001_CAHBasicDetails -->
