<?xml version="1.0" encoding="UTF-8"?>
<!-- Generated by org.testng.reporters.JUnitReportReporter -->
<testsuite hostname="MAA011253A" failures="0" tests="11" name="com.rbisecurity.tc.TC001_RBIBasicDetails" time="1354.260" errors="0" timestamp="2021-01-11T10:49:51 IST" skipped="0">
  <testcase classname="com.rbisecurity.tc.TC001_RBIBasicDetails" name="basicDetails" time="123.016"/>
  <testcase classname="com.rbisecurity.tc.TC001_RBIBasicDetails" name="basicDetails" time="120.930"/>
  <testcase classname="com.rbisecurity.tc.TC001_RBIBasicDetails" name="basicDetails" time="123.153"/>
  <testcase classname="com.rbisecurity.tc.TC001_RBIBasicDetails" name="basicDetails" time="123.432"/>
  <testcase classname="com.rbisecurity.tc.TC001_RBIBasicDetails" name="basicDetails" time="122.620"/>
  <testcase classname="com.rbisecurity.tc.TC001_RBIBasicDetails" name="basicDetails" time="123.626"/>
  <testcase classname="com.rbisecurity.tc.TC001_RBIBasicDetails" name="basicDetails" time="122.456"/>
  <testcase classname="com.rbisecurity.tc.TC001_RBIBasicDetails" name="basicDetails" time="130.739"/>
  <testcase classname="com.rbisecurity.tc.TC001_RBIBasicDetails" name="basicDetails" time="122.827"/>
  <testcase classname="com.rbisecurity.tc.TC001_RBIBasicDetails" name="basicDetails" time="120.307"/>
  <testcase classname="com.rbisecurity.tc.TC001_RBIBasicDetails" name="basicDetails" time="121.154"/>
</testsuite> <!-- com.rbisecurity.tc.TC001_RBIBasicDetails -->
