<?xml version="1.0" encoding="UTF-8"?>
<!-- Generated by org.testng.reporters.JUnitReportReporter -->
<testsuite skipped="0" hostname="MAA014482B" name="com.GIC_June23.tc.TC001_GICBasicDetails" tests="180" failures="0" timestamp="2023-07-09T05:31:03 IST" time="29219.031" errors="0">
  <testcase name="basicDetails" time="164.051" classname="com.GIC_June23.tc.TC001_GICBasicDetails"/>
  <testcase name="basicDetails" time="161.388" classname="com.GIC_June23.tc.TC001_GICBasicDetails"/>
  <testcase name="basicDetails" time="163.850" classname="com.GIC_June23.tc.TC001_GICBasicDetails"/>
  <testcase name="basicDetails" time="161.445" classname="com.GIC_June23.tc.TC001_GICBasicDetails"/>
  <testcase name="basicDetails" time="161.739" classname="com.GIC_June23.tc.TC001_GICBasicDetails"/>
  <testcase name="basicDetails" time="161.780" classname="com.GIC_June23.tc.TC001_GICBasicDetails"/>
  <testcase name="basicDetails" time="161.844" classname="com.GIC_June23.tc.TC001_GICBasicDetails"/>
  <testcase name="basicDetails" time="163.909" classname="com.GIC_June23.tc.TC001_GICBasicDetails"/>
  <testcase name="basicDetails" time="163.717" classname="com.GIC_June23.tc.TC001_GICBasicDetails"/>
  <testcase name="basicDetails" time="163.375" classname="com.GIC_June23.tc.TC001_GICBasicDetails"/>
  <testcase name="basicDetails" time="163.919" classname="com.GIC_June23.tc.TC001_GICBasicDetails"/>
  <testcase name="basicDetails" time="161.933" classname="com.GIC_June23.tc.TC001_GICBasicDetails"/>
  <testcase name="basicDetails" time="161.478" classname="com.GIC_June23.tc.TC001_GICBasicDetails"/>
  <testcase name="basicDetails" time="161.634" classname="com.GIC_June23.tc.TC001_GICBasicDetails"/>
  <testcase name="basicDetails" time="161.430" classname="com.GIC_June23.tc.TC001_GICBasicDetails"/>
  <testcase name="basicDetails" time="161.793" classname="com.GIC_June23.tc.TC001_GICBasicDetails"/>
  <testcase name="basicDetails" time="162.092" classname="com.GIC_June23.tc.TC001_GICBasicDetails"/>
  <testcase name="basicDetails" time="163.652" classname="com.GIC_June23.tc.TC001_GICBasicDetails"/>
  <testcase name="basicDetails" time="163.609" classname="com.GIC_June23.tc.TC001_GICBasicDetails"/>
  <testcase name="basicDetails" time="161.772" classname="com.GIC_June23.tc.TC001_GICBasicDetails"/>
  <testcase name="basicDetails" time="161.488" classname="com.GIC_June23.tc.TC001_GICBasicDetails"/>
  <testcase name="basicDetails" time="161.407" classname="com.GIC_June23.tc.TC001_GICBasicDetails"/>
  <testcase name="basicDetails" time="163.638" classname="com.GIC_June23.tc.TC001_GICBasicDetails"/>
  <testcase name="basicDetails" time="161.641" classname="com.GIC_June23.tc.TC001_GICBasicDetails"/>
  <testcase name="basicDetails" time="163.844" classname="com.GIC_June23.tc.TC001_GICBasicDetails"/>
  <testcase name="basicDetails" time="161.063" classname="com.GIC_June23.tc.TC001_GICBasicDetails"/>
  <testcase name="basicDetails" time="161.145" classname="com.GIC_June23.tc.TC001_GICBasicDetails"/>
  <testcase name="basicDetails" time="163.559" classname="com.GIC_June23.tc.TC001_GICBasicDetails"/>
  <testcase name="basicDetails" time="161.924" classname="com.GIC_June23.tc.TC001_GICBasicDetails"/>
  <testcase name="basicDetails" time="161.465" classname="com.GIC_June23.tc.TC001_GICBasicDetails"/>
  <testcase name="basicDetails" time="161.508" classname="com.GIC_June23.tc.TC001_GICBasicDetails"/>
  <testcase name="basicDetails" time="163.726" classname="com.GIC_June23.tc.TC001_GICBasicDetails"/>
  <testcase name="basicDetails" time="161.354" classname="com.GIC_June23.tc.TC001_GICBasicDetails"/>
  <testcase name="basicDetails" time="161.128" classname="com.GIC_June23.tc.TC001_GICBasicDetails"/>
  <testcase name="basicDetails" time="161.349" classname="com.GIC_June23.tc.TC001_GICBasicDetails"/>
  <testcase name="basicDetails" time="163.487" classname="com.GIC_June23.tc.TC001_GICBasicDetails"/>
  <testcase name="basicDetails" time="161.559" classname="com.GIC_June23.tc.TC001_GICBasicDetails"/>
  <testcase name="basicDetails" time="161.422" classname="com.GIC_June23.tc.TC001_GICBasicDetails"/>
  <testcase name="basicDetails" time="161.467" classname="com.GIC_June23.tc.TC001_GICBasicDetails"/>
  <testcase name="basicDetails" time="161.880" classname="com.GIC_June23.tc.TC001_GICBasicDetails"/>
  <testcase name="basicDetails" time="161.578" classname="com.GIC_June23.tc.TC001_GICBasicDetails"/>
  <testcase name="basicDetails" time="161.848" classname="com.GIC_June23.tc.TC001_GICBasicDetails"/>
  <testcase name="basicDetails" time="161.713" classname="com.GIC_June23.tc.TC001_GICBasicDetails"/>
  <testcase name="basicDetails" time="163.525" classname="com.GIC_June23.tc.TC001_GICBasicDetails"/>
  <testcase name="basicDetails" time="163.476" classname="com.GIC_June23.tc.TC001_GICBasicDetails"/>
  <testcase name="basicDetails" time="161.412" classname="com.GIC_June23.tc.TC001_GICBasicDetails"/>
  <testcase name="basicDetails" time="161.367" classname="com.GIC_June23.tc.TC001_GICBasicDetails"/>
  <testcase name="basicDetails" time="161.341" classname="com.GIC_June23.tc.TC001_GICBasicDetails"/>
  <testcase name="basicDetails" time="161.565" classname="com.GIC_June23.tc.TC001_GICBasicDetails"/>
  <testcase name="basicDetails" time="161.186" classname="com.GIC_June23.tc.TC001_GICBasicDetails"/>
  <testcase name="basicDetails" time="163.774" classname="com.GIC_June23.tc.TC001_GICBasicDetails"/>
  <testcase name="basicDetails" time="163.654" classname="com.GIC_June23.tc.TC001_GICBasicDetails"/>
  <testcase name="basicDetails" time="161.012" classname="com.GIC_June23.tc.TC001_GICBasicDetails"/>
  <testcase name="basicDetails" time="162.049" classname="com.GIC_June23.tc.TC001_GICBasicDetails"/>
  <testcase name="basicDetails" time="163.328" classname="com.GIC_June23.tc.TC001_GICBasicDetails"/>
  <testcase name="basicDetails" time="163.648" classname="com.GIC_June23.tc.TC001_GICBasicDetails"/>
  <testcase name="basicDetails" time="161.680" classname="com.GIC_June23.tc.TC001_GICBasicDetails"/>
  <testcase name="basicDetails" time="161.725" classname="com.GIC_June23.tc.TC001_GICBasicDetails"/>
  <testcase name="basicDetails" time="163.577" classname="com.GIC_June23.tc.TC001_GICBasicDetails"/>
  <testcase name="basicDetails" time="161.548" classname="com.GIC_June23.tc.TC001_GICBasicDetails"/>
  <testcase name="basicDetails" time="161.290" classname="com.GIC_June23.tc.TC001_GICBasicDetails"/>
  <testcase name="basicDetails" time="163.462" classname="com.GIC_June23.tc.TC001_GICBasicDetails"/>
  <testcase name="basicDetails" time="161.357" classname="com.GIC_June23.tc.TC001_GICBasicDetails"/>
  <testcase name="basicDetails" time="163.410" classname="com.GIC_June23.tc.TC001_GICBasicDetails"/>
  <testcase name="basicDetails" time="163.516" classname="com.GIC_June23.tc.TC001_GICBasicDetails"/>
  <testcase name="basicDetails" time="161.187" classname="com.GIC_June23.tc.TC001_GICBasicDetails"/>
  <testcase name="basicDetails" time="161.413" classname="com.GIC_June23.tc.TC001_GICBasicDetails"/>
  <testcase name="basicDetails" time="163.345" classname="com.GIC_June23.tc.TC001_GICBasicDetails"/>
  <testcase name="basicDetails" time="161.171" classname="com.GIC_June23.tc.TC001_GICBasicDetails"/>
  <testcase name="basicDetails" time="163.544" classname="com.GIC_June23.tc.TC001_GICBasicDetails"/>
  <testcase name="basicDetails" time="163.614" classname="com.GIC_June23.tc.TC001_GICBasicDetails"/>
  <testcase name="basicDetails" time="161.656" classname="com.GIC_June23.tc.TC001_GICBasicDetails"/>
  <testcase name="basicDetails" time="161.468" classname="com.GIC_June23.tc.TC001_GICBasicDetails"/>
  <testcase name="basicDetails" time="163.540" classname="com.GIC_June23.tc.TC001_GICBasicDetails"/>
  <testcase name="basicDetails" time="163.897" classname="com.GIC_June23.tc.TC001_GICBasicDetails"/>
  <testcase name="basicDetails" time="161.165" classname="com.GIC_June23.tc.TC001_GICBasicDetails"/>
  <testcase name="basicDetails" time="162.284" classname="com.GIC_June23.tc.TC001_GICBasicDetails"/>
  <testcase name="basicDetails" time="163.691" classname="com.GIC_June23.tc.TC001_GICBasicDetails"/>
  <testcase name="basicDetails" time="163.779" classname="com.GIC_June23.tc.TC001_GICBasicDetails"/>
  <testcase name="basicDetails" time="161.473" classname="com.GIC_June23.tc.TC001_GICBasicDetails"/>
  <testcase name="basicDetails" time="161.784" classname="com.GIC_June23.tc.TC001_GICBasicDetails"/>
  <testcase name="basicDetails" time="163.845" classname="com.GIC_June23.tc.TC001_GICBasicDetails"/>
  <testcase name="basicDetails" time="161.399" classname="com.GIC_June23.tc.TC001_GICBasicDetails"/>
  <testcase name="basicDetails" time="161.746" classname="com.GIC_June23.tc.TC001_GICBasicDetails"/>
  <testcase name="basicDetails" time="161.230" classname="com.GIC_June23.tc.TC001_GICBasicDetails"/>
  <testcase name="basicDetails" time="163.970" classname="com.GIC_June23.tc.TC001_GICBasicDetails"/>
  <testcase name="basicDetails" time="161.731" classname="com.GIC_June23.tc.TC001_GICBasicDetails"/>
  <testcase name="basicDetails" time="163.535" classname="com.GIC_June23.tc.TC001_GICBasicDetails"/>
  <testcase name="basicDetails" time="161.874" classname="com.GIC_June23.tc.TC001_GICBasicDetails"/>
  <testcase name="basicDetails" time="161.705" classname="com.GIC_June23.tc.TC001_GICBasicDetails"/>
  <testcase name="basicDetails" time="163.428" classname="com.GIC_June23.tc.TC001_GICBasicDetails"/>
  <testcase name="basicDetails" time="161.396" classname="com.GIC_June23.tc.TC001_GICBasicDetails"/>
  <testcase name="basicDetails" time="163.525" classname="com.GIC_June23.tc.TC001_GICBasicDetails"/>
  <testcase name="basicDetails" time="161.816" classname="com.GIC_June23.tc.TC001_GICBasicDetails"/>
  <testcase name="basicDetails" time="161.651" classname="com.GIC_June23.tc.TC001_GICBasicDetails"/>
  <testcase name="basicDetails" time="163.717" classname="com.GIC_June23.tc.TC001_GICBasicDetails"/>
  <testcase name="basicDetails" time="160.531" classname="com.GIC_June23.tc.TC001_GICBasicDetails"/>
  <testcase name="basicDetails" time="161.775" classname="com.GIC_June23.tc.TC001_GICBasicDetails"/>
  <testcase name="basicDetails" time="170.070" classname="com.GIC_June23.tc.TC001_GICBasicDetails"/>
  <testcase name="basicDetails" time="163.903" classname="com.GIC_June23.tc.TC001_GICBasicDetails"/>
  <testcase name="basicDetails" time="161.351" classname="com.GIC_June23.tc.TC001_GICBasicDetails"/>
  <testcase name="basicDetails" time="161.703" classname="com.GIC_June23.tc.TC001_GICBasicDetails"/>
  <testcase name="basicDetails" time="163.368" classname="com.GIC_June23.tc.TC001_GICBasicDetails"/>
  <testcase name="basicDetails" time="161.464" classname="com.GIC_June23.tc.TC001_GICBasicDetails"/>
  <testcase name="basicDetails" time="161.536" classname="com.GIC_June23.tc.TC001_GICBasicDetails"/>
  <testcase name="basicDetails" time="161.834" classname="com.GIC_June23.tc.TC001_GICBasicDetails"/>
  <testcase name="basicDetails" time="161.725" classname="com.GIC_June23.tc.TC001_GICBasicDetails"/>
  <testcase name="basicDetails" time="161.772" classname="com.GIC_June23.tc.TC001_GICBasicDetails"/>
  <testcase name="basicDetails" time="163.831" classname="com.GIC_June23.tc.TC001_GICBasicDetails"/>
  <testcase name="basicDetails" time="161.553" classname="com.GIC_June23.tc.TC001_GICBasicDetails"/>
  <testcase name="basicDetails" time="163.444" classname="com.GIC_June23.tc.TC001_GICBasicDetails"/>
  <testcase name="basicDetails" time="161.207" classname="com.GIC_June23.tc.TC001_GICBasicDetails"/>
  <testcase name="basicDetails" time="161.210" classname="com.GIC_June23.tc.TC001_GICBasicDetails"/>
  <testcase name="basicDetails" time="161.676" classname="com.GIC_June23.tc.TC001_GICBasicDetails"/>
  <testcase name="basicDetails" time="163.316" classname="com.GIC_June23.tc.TC001_GICBasicDetails"/>
  <testcase name="basicDetails" time="161.289" classname="com.GIC_June23.tc.TC001_GICBasicDetails"/>
  <testcase name="basicDetails" time="161.590" classname="com.GIC_June23.tc.TC001_GICBasicDetails"/>
  <testcase name="basicDetails" time="161.256" classname="com.GIC_June23.tc.TC001_GICBasicDetails"/>
  <testcase name="basicDetails" time="161.314" classname="com.GIC_June23.tc.TC001_GICBasicDetails"/>
  <testcase name="basicDetails" time="163.612" classname="com.GIC_June23.tc.TC001_GICBasicDetails"/>
  <testcase name="basicDetails" time="162.134" classname="com.GIC_June23.tc.TC001_GICBasicDetails"/>
  <testcase name="basicDetails" time="163.648" classname="com.GIC_June23.tc.TC001_GICBasicDetails"/>
  <testcase name="basicDetails" time="161.410" classname="com.GIC_June23.tc.TC001_GICBasicDetails"/>
  <testcase name="basicDetails" time="163.530" classname="com.GIC_June23.tc.TC001_GICBasicDetails"/>
  <testcase name="basicDetails" time="161.347" classname="com.GIC_June23.tc.TC001_GICBasicDetails"/>
  <testcase name="basicDetails" time="161.524" classname="com.GIC_June23.tc.TC001_GICBasicDetails"/>
  <testcase name="basicDetails" time="163.449" classname="com.GIC_June23.tc.TC001_GICBasicDetails"/>
  <testcase name="basicDetails" time="161.323" classname="com.GIC_June23.tc.TC001_GICBasicDetails"/>
  <testcase name="basicDetails" time="161.702" classname="com.GIC_June23.tc.TC001_GICBasicDetails"/>
  <testcase name="basicDetails" time="163.432" classname="com.GIC_June23.tc.TC001_GICBasicDetails"/>
  <testcase name="basicDetails" time="161.249" classname="com.GIC_June23.tc.TC001_GICBasicDetails"/>
  <testcase name="basicDetails" time="161.643" classname="com.GIC_June23.tc.TC001_GICBasicDetails"/>
  <testcase name="basicDetails" time="163.317" classname="com.GIC_June23.tc.TC001_GICBasicDetails"/>
  <testcase name="basicDetails" time="161.664" classname="com.GIC_June23.tc.TC001_GICBasicDetails"/>
  <testcase name="basicDetails" time="162.444" classname="com.GIC_June23.tc.TC001_GICBasicDetails"/>
  <testcase name="basicDetails" time="161.676" classname="com.GIC_June23.tc.TC001_GICBasicDetails"/>
  <testcase name="basicDetails" time="163.877" classname="com.GIC_June23.tc.TC001_GICBasicDetails"/>
  <testcase name="basicDetails" time="161.083" classname="com.GIC_June23.tc.TC001_GICBasicDetails"/>
  <testcase name="basicDetails" time="161.457" classname="com.GIC_June23.tc.TC001_GICBasicDetails"/>
  <testcase name="basicDetails" time="161.221" classname="com.GIC_June23.tc.TC001_GICBasicDetails"/>
  <testcase name="basicDetails" time="161.327" classname="com.GIC_June23.tc.TC001_GICBasicDetails"/>
  <testcase name="basicDetails" time="161.808" classname="com.GIC_June23.tc.TC001_GICBasicDetails"/>
  <testcase name="basicDetails" time="161.782" classname="com.GIC_June23.tc.TC001_GICBasicDetails"/>
  <testcase name="basicDetails" time="161.406" classname="com.GIC_June23.tc.TC001_GICBasicDetails"/>
  <testcase name="basicDetails" time="161.599" classname="com.GIC_June23.tc.TC001_GICBasicDetails"/>
  <testcase name="basicDetails" time="163.720" classname="com.GIC_June23.tc.TC001_GICBasicDetails"/>
  <testcase name="basicDetails" time="161.580" classname="com.GIC_June23.tc.TC001_GICBasicDetails"/>
  <testcase name="basicDetails" time="161.240" classname="com.GIC_June23.tc.TC001_GICBasicDetails"/>
  <testcase name="basicDetails" time="161.619" classname="com.GIC_June23.tc.TC001_GICBasicDetails"/>
  <testcase name="basicDetails" time="163.502" classname="com.GIC_June23.tc.TC001_GICBasicDetails"/>
  <testcase name="basicDetails" time="161.816" classname="com.GIC_June23.tc.TC001_GICBasicDetails"/>
  <testcase name="basicDetails" time="163.511" classname="com.GIC_June23.tc.TC001_GICBasicDetails"/>
  <testcase name="basicDetails" time="161.642" classname="com.GIC_June23.tc.TC001_GICBasicDetails"/>
  <testcase name="basicDetails" time="161.809" classname="com.GIC_June23.tc.TC001_GICBasicDetails"/>
  <testcase name="basicDetails" time="163.367" classname="com.GIC_June23.tc.TC001_GICBasicDetails"/>
  <testcase name="basicDetails" time="163.505" classname="com.GIC_June23.tc.TC001_GICBasicDetails"/>
  <testcase name="basicDetails" time="163.678" classname="com.GIC_June23.tc.TC001_GICBasicDetails"/>
  <testcase name="basicDetails" time="161.536" classname="com.GIC_June23.tc.TC001_GICBasicDetails"/>
  <testcase name="basicDetails" time="161.996" classname="com.GIC_June23.tc.TC001_GICBasicDetails"/>
  <testcase name="basicDetails" time="162.058" classname="com.GIC_June23.tc.TC001_GICBasicDetails"/>
  <testcase name="basicDetails" time="163.576" classname="com.GIC_June23.tc.TC001_GICBasicDetails"/>
  <testcase name="basicDetails" time="161.323" classname="com.GIC_June23.tc.TC001_GICBasicDetails"/>
  <testcase name="basicDetails" time="161.486" classname="com.GIC_June23.tc.TC001_GICBasicDetails"/>
  <testcase name="basicDetails" time="161.699" classname="com.GIC_June23.tc.TC001_GICBasicDetails"/>
  <testcase name="basicDetails" time="161.401" classname="com.GIC_June23.tc.TC001_GICBasicDetails"/>
  <testcase name="basicDetails" time="163.418" classname="com.GIC_June23.tc.TC001_GICBasicDetails"/>
  <testcase name="basicDetails" time="163.764" classname="com.GIC_June23.tc.TC001_GICBasicDetails"/>
  <testcase name="basicDetails" time="161.514" classname="com.GIC_June23.tc.TC001_GICBasicDetails"/>
  <testcase name="basicDetails" time="163.261" classname="com.GIC_June23.tc.TC001_GICBasicDetails"/>
  <testcase name="basicDetails" time="161.432" classname="com.GIC_June23.tc.TC001_GICBasicDetails"/>
  <testcase name="basicDetails" time="163.667" classname="com.GIC_June23.tc.TC001_GICBasicDetails"/>
  <testcase name="basicDetails" time="161.351" classname="com.GIC_June23.tc.TC001_GICBasicDetails"/>
  <testcase name="basicDetails" time="163.719" classname="com.GIC_June23.tc.TC001_GICBasicDetails"/>
  <testcase name="basicDetails" time="161.727" classname="com.GIC_June23.tc.TC001_GICBasicDetails"/>
  <testcase name="basicDetails" time="163.567" classname="com.GIC_June23.tc.TC001_GICBasicDetails"/>
  <testcase name="basicDetails" time="163.770" classname="com.GIC_June23.tc.TC001_GICBasicDetails"/>
  <testcase name="basicDetails" time="163.814" classname="com.GIC_June23.tc.TC001_GICBasicDetails"/>
  <testcase name="basicDetails" time="161.080" classname="com.GIC_June23.tc.TC001_GICBasicDetails"/>
  <testcase name="basicDetails" time="163.685" classname="com.GIC_June23.tc.TC001_GICBasicDetails"/>
  <testcase name="basicDetails" time="161.729" classname="com.GIC_June23.tc.TC001_GICBasicDetails"/>
</testsuite> <!-- com.GIC_June23.tc.TC001_GICBasicDetails -->
