<?xml version="1.0" encoding="UTF-8"?>
<!-- Generated by org.testng.reporters.JUnitReportReporter -->
<testsuite hostname="MAA011253A" failures="0" tests="20" name="com.SBIPHARMACIST.tc.TC002_SBIBasicDetails" time="2541.883" errors="0" timestamp="2021-03-25T17:41:50 IST" skipped="0">
  <testcase classname="com.SBIPHARMACIST.tc.TC002_SBIBasicDetails" name="basicDetails" time="126.731"/>
  <testcase classname="com.SBIPHARMACIST.tc.TC002_SBIBasicDetails" name="basicDetails" time="126.625"/>
  <testcase classname="com.SBIPHARMACIST.tc.TC002_SBIBasicDetails" name="basicDetails" time="126.765"/>
  <testcase classname="com.SBIPHARMACIST.tc.TC002_SBIBasicDetails" name="basicDetails" time="127.069"/>
  <testcase classname="com.SBIPHARMACIST.tc.TC002_SBIBasicDetails" name="basicDetails" time="127.001"/>
  <testcase classname="com.SBIPHARMACIST.tc.TC002_SBIBasicDetails" name="basicDetails" time="126.853"/>
  <testcase classname="com.SBIPHARMACIST.tc.TC002_SBIBasicDetails" name="basicDetails" time="126.716"/>
  <testcase classname="com.SBIPHARMACIST.tc.TC002_SBIBasicDetails" name="basicDetails" time="126.489"/>
  <testcase classname="com.SBIPHARMACIST.tc.TC002_SBIBasicDetails" name="basicDetails" time="127.787"/>
  <testcase classname="com.SBIPHARMACIST.tc.TC002_SBIBasicDetails" name="basicDetails" time="131.344"/>
  <testcase classname="com.SBIPHARMACIST.tc.TC002_SBIBasicDetails" name="basicDetails" time="126.794"/>
  <testcase classname="com.SBIPHARMACIST.tc.TC002_SBIBasicDetails" name="basicDetails" time="126.420"/>
  <testcase classname="com.SBIPHARMACIST.tc.TC002_SBIBasicDetails" name="basicDetails" time="127.020"/>
  <testcase classname="com.SBIPHARMACIST.tc.TC002_SBIBasicDetails" name="basicDetails" time="126.594"/>
  <testcase classname="com.SBIPHARMACIST.tc.TC002_SBIBasicDetails" name="basicDetails" time="126.786"/>
  <testcase classname="com.SBIPHARMACIST.tc.TC002_SBIBasicDetails" name="basicDetails" time="126.755"/>
  <testcase classname="com.SBIPHARMACIST.tc.TC002_SBIBasicDetails" name="basicDetails" time="126.490"/>
  <testcase classname="com.SBIPHARMACIST.tc.TC002_SBIBasicDetails" name="basicDetails" time="126.422"/>
  <testcase classname="com.SBIPHARMACIST.tc.TC002_SBIBasicDetails" name="basicDetails" time="128.339"/>
  <testcase classname="com.SBIPHARMACIST.tc.TC002_SBIBasicDetails" name="basicDetails" time="126.883"/>
</testsuite> <!-- com.SBIPHARMACIST.tc.TC002_SBIBasicDetails -->
