<?xml version="1.0" encoding="UTF-8"?>
<!-- Generated by org.testng.reporters.JUnitReportReporter -->
<testsuite hostname="MAA011253A" failures="0" tests="5" name="com.SBISCO.tc.TC001_SBIBasicDetails" time="476.486" errors="1" timestamp="2020-11-30T19:57:17 IST" skipped="0">
  <testcase classname="com.SBISCO.tc.TC001_SBIBasicDetails" name="basicDetails" time="118.718"/>
  <testcase classname="com.SBISCO.tc.TC001_SBIBasicDetails" name="basicDetails" time="120.065"/>
  <testcase classname="com.SBISCO.tc.TC001_SBIBasicDetails" name="basicDetails" time="118.131"/>
  <testcase classname="com.SBISCO.tc.TC001_SBIBasicDetails" name="basicDetails" time="118.500"/>
  <testcase classname="com.SBISCO.tc.TC001_SBIBasicDetails" name="afterClass" time="1.072">
    <error type="java.lang.NullPointerException">
      <![CDATA[java.lang.NullPointerException
at lib.utils.HTMLReporter.reportStep(HTMLReporter.java:73)
at lib.selenium.WebDriverServiceImpl.closeAllBrowsers(WebDriverServiceImpl.java:495)
at lib.selenium.PreAndPost.afterClass(PreAndPost.java:72)
at java.base/jdk.internal.reflect.NativeMethodAccessorImpl.invoke0(Native Method)
at java.base/jdk.internal.reflect.NativeMethodAccessorImpl.invoke(Unknown Source)
at java.base/jdk.internal.reflect.DelegatingMethodAccessorImpl.invoke(Unknown Source)
at java.base/java.lang.reflect.Method.invoke(Unknown Source)
at org.testng.internal.MethodInvocationHelper.invokeMethod(MethodInvocationHelper.java:133)
at org.testng.internal.MethodInvocationHelper.invokeMethodConsideringTimeout(MethodInvocationHelper.java:62)
at org.testng.internal.ConfigInvoker.invokeConfigurationMethod(ConfigInvoker.java:340)
at org.testng.internal.ConfigInvoker.invokeConfigurations(ConfigInvoker.java:294)
at org.testng.internal.TestMethodWorker.invokeAfterClassMethods(TestMethodWorker.java:217)
at org.testng.internal.TestMethodWorker.run(TestMethodWorker.java:130)
at java.base/java.util.concurrent.ThreadPoolExecutor.runWorker(Unknown Source)
at java.base/java.util.concurrent.ThreadPoolExecutor$Worker.run(Unknown Source)
at java.base/java.lang.Thread.run(Unknown Source)
]]>
    </error>
  </testcase> <!-- afterClass -->
</testsuite> <!-- com.SBISCO.tc.TC001_SBIBasicDetails -->
