<?xml version="1.0" encoding="UTF-8"?>
<!-- Generated by org.testng.reporters.JUnitReportReporter -->
<testsuite skipped="0" hostname="MAA014482B" name="com.CIDCO_April23.tc.TC005_CIDCOBasicDetails" tests="136" failures="0" timestamp="2023-06-16T06:07:59 IST" time="23894.381" errors="0">
  <testcase name="basicDetails" time="179.233" classname="com.CIDCO_April23.tc.TC005_CIDCOBasicDetails"/>
  <testcase name="basicDetails" time="179.538" classname="com.CIDCO_April23.tc.TC005_CIDCOBasicDetails"/>
  <testcase name="basicDetails" time="179.601" classname="com.CIDCO_April23.tc.TC005_CIDCOBasicDetails"/>
  <testcase name="basicDetails" time="179.509" classname="com.CIDCO_April23.tc.TC005_CIDCOBasicDetails"/>
  <testcase name="basicDetails" time="179.429" classname="com.CIDCO_April23.tc.TC005_CIDCOBasicDetails"/>
  <testcase name="basicDetails" time="179.624" classname="com.CIDCO_April23.tc.TC005_CIDCOBasicDetails"/>
  <testcase name="basicDetails" time="179.821" classname="com.CIDCO_April23.tc.TC005_CIDCOBasicDetails"/>
  <testcase name="basicDetails" time="180.157" classname="com.CIDCO_April23.tc.TC005_CIDCOBasicDetails"/>
  <testcase name="basicDetails" time="179.472" classname="com.CIDCO_April23.tc.TC005_CIDCOBasicDetails"/>
  <testcase name="basicDetails" time="179.299" classname="com.CIDCO_April23.tc.TC005_CIDCOBasicDetails"/>
  <testcase name="basicDetails" time="186.042" classname="com.CIDCO_April23.tc.TC005_CIDCOBasicDetails"/>
  <testcase name="basicDetails" time="168.634" classname="com.CIDCO_April23.tc.TC005_CIDCOBasicDetails"/>
  <testcase name="basicDetails" time="179.871" classname="com.CIDCO_April23.tc.TC005_CIDCOBasicDetails"/>
  <testcase name="basicDetails" time="168.323" classname="com.CIDCO_April23.tc.TC005_CIDCOBasicDetails"/>
  <testcase name="basicDetails" time="168.456" classname="com.CIDCO_April23.tc.TC005_CIDCOBasicDetails"/>
  <testcase name="basicDetails" time="180.114" classname="com.CIDCO_April23.tc.TC005_CIDCOBasicDetails"/>
  <testcase name="basicDetails" time="168.631" classname="com.CIDCO_April23.tc.TC005_CIDCOBasicDetails"/>
  <testcase name="basicDetails" time="179.591" classname="com.CIDCO_April23.tc.TC005_CIDCOBasicDetails"/>
  <testcase name="basicDetails" time="168.104" classname="com.CIDCO_April23.tc.TC005_CIDCOBasicDetails"/>
  <testcase name="basicDetails" time="168.166" classname="com.CIDCO_April23.tc.TC005_CIDCOBasicDetails"/>
  <testcase name="basicDetails" time="168.539" classname="com.CIDCO_April23.tc.TC005_CIDCOBasicDetails"/>
  <testcase name="basicDetails" time="179.575" classname="com.CIDCO_April23.tc.TC005_CIDCOBasicDetails"/>
  <testcase name="basicDetails" time="168.652" classname="com.CIDCO_April23.tc.TC005_CIDCOBasicDetails"/>
  <testcase name="basicDetails" time="168.675" classname="com.CIDCO_April23.tc.TC005_CIDCOBasicDetails"/>
  <testcase name="basicDetails" time="168.525" classname="com.CIDCO_April23.tc.TC005_CIDCOBasicDetails"/>
  <testcase name="basicDetails" time="168.257" classname="com.CIDCO_April23.tc.TC005_CIDCOBasicDetails"/>
  <testcase name="basicDetails" time="179.587" classname="com.CIDCO_April23.tc.TC005_CIDCOBasicDetails"/>
  <testcase name="basicDetails" time="179.652" classname="com.CIDCO_April23.tc.TC005_CIDCOBasicDetails"/>
  <testcase name="basicDetails" time="168.278" classname="com.CIDCO_April23.tc.TC005_CIDCOBasicDetails"/>
  <testcase name="basicDetails" time="168.861" classname="com.CIDCO_April23.tc.TC005_CIDCOBasicDetails"/>
  <testcase name="basicDetails" time="179.427" classname="com.CIDCO_April23.tc.TC005_CIDCOBasicDetails"/>
  <testcase name="basicDetails" time="180.611" classname="com.CIDCO_April23.tc.TC005_CIDCOBasicDetails"/>
  <testcase name="basicDetails" time="179.529" classname="com.CIDCO_April23.tc.TC005_CIDCOBasicDetails"/>
  <testcase name="basicDetails" time="179.430" classname="com.CIDCO_April23.tc.TC005_CIDCOBasicDetails"/>
  <testcase name="basicDetails" time="179.654" classname="com.CIDCO_April23.tc.TC005_CIDCOBasicDetails"/>
  <testcase name="basicDetails" time="168.343" classname="com.CIDCO_April23.tc.TC005_CIDCOBasicDetails"/>
  <testcase name="basicDetails" time="168.251" classname="com.CIDCO_April23.tc.TC005_CIDCOBasicDetails"/>
  <testcase name="basicDetails" time="168.591" classname="com.CIDCO_April23.tc.TC005_CIDCOBasicDetails"/>
  <testcase name="basicDetails" time="180.576" classname="com.CIDCO_April23.tc.TC005_CIDCOBasicDetails"/>
  <testcase name="basicDetails" time="168.620" classname="com.CIDCO_April23.tc.TC005_CIDCOBasicDetails"/>
  <testcase name="basicDetails" time="168.394" classname="com.CIDCO_April23.tc.TC005_CIDCOBasicDetails"/>
  <testcase name="basicDetails" time="168.285" classname="com.CIDCO_April23.tc.TC005_CIDCOBasicDetails"/>
  <testcase name="basicDetails" time="179.388" classname="com.CIDCO_April23.tc.TC005_CIDCOBasicDetails"/>
  <testcase name="basicDetails" time="168.236" classname="com.CIDCO_April23.tc.TC005_CIDCOBasicDetails"/>
  <testcase name="basicDetails" time="180.199" classname="com.CIDCO_April23.tc.TC005_CIDCOBasicDetails"/>
  <testcase name="basicDetails" time="179.662" classname="com.CIDCO_April23.tc.TC005_CIDCOBasicDetails"/>
  <testcase name="basicDetails" time="180.063" classname="com.CIDCO_April23.tc.TC005_CIDCOBasicDetails"/>
  <testcase name="basicDetails" time="179.663" classname="com.CIDCO_April23.tc.TC005_CIDCOBasicDetails"/>
  <testcase name="basicDetails" time="179.556" classname="com.CIDCO_April23.tc.TC005_CIDCOBasicDetails"/>
  <testcase name="basicDetails" time="179.734" classname="com.CIDCO_April23.tc.TC005_CIDCOBasicDetails"/>
  <testcase name="basicDetails" time="182.491" classname="com.CIDCO_April23.tc.TC005_CIDCOBasicDetails"/>
  <testcase name="basicDetails" time="179.645" classname="com.CIDCO_April23.tc.TC005_CIDCOBasicDetails"/>
  <testcase name="basicDetails" time="168.649" classname="com.CIDCO_April23.tc.TC005_CIDCOBasicDetails"/>
  <testcase name="basicDetails" time="179.493" classname="com.CIDCO_April23.tc.TC005_CIDCOBasicDetails"/>
  <testcase name="basicDetails" time="180.206" classname="com.CIDCO_April23.tc.TC005_CIDCOBasicDetails"/>
  <testcase name="basicDetails" time="168.582" classname="com.CIDCO_April23.tc.TC005_CIDCOBasicDetails"/>
  <testcase name="basicDetails" time="179.826" classname="com.CIDCO_April23.tc.TC005_CIDCOBasicDetails"/>
  <testcase name="basicDetails" time="179.508" classname="com.CIDCO_April23.tc.TC005_CIDCOBasicDetails"/>
  <testcase name="basicDetails" time="179.956" classname="com.CIDCO_April23.tc.TC005_CIDCOBasicDetails"/>
  <testcase name="basicDetails" time="168.329" classname="com.CIDCO_April23.tc.TC005_CIDCOBasicDetails"/>
  <testcase name="basicDetails" time="179.509" classname="com.CIDCO_April23.tc.TC005_CIDCOBasicDetails"/>
  <testcase name="basicDetails" time="168.570" classname="com.CIDCO_April23.tc.TC005_CIDCOBasicDetails"/>
  <testcase name="basicDetails" time="179.023" classname="com.CIDCO_April23.tc.TC005_CIDCOBasicDetails"/>
  <testcase name="basicDetails" time="180.456" classname="com.CIDCO_April23.tc.TC005_CIDCOBasicDetails"/>
  <testcase name="basicDetails" time="179.652" classname="com.CIDCO_April23.tc.TC005_CIDCOBasicDetails"/>
  <testcase name="basicDetails" time="196.392" classname="com.CIDCO_April23.tc.TC005_CIDCOBasicDetails"/>
  <testcase name="basicDetails" time="168.500" classname="com.CIDCO_April23.tc.TC005_CIDCOBasicDetails"/>
  <testcase name="basicDetails" time="179.599" classname="com.CIDCO_April23.tc.TC005_CIDCOBasicDetails"/>
  <testcase name="basicDetails" time="168.425" classname="com.CIDCO_April23.tc.TC005_CIDCOBasicDetails"/>
  <testcase name="basicDetails" time="179.648" classname="com.CIDCO_April23.tc.TC005_CIDCOBasicDetails"/>
  <testcase name="basicDetails" time="168.238" classname="com.CIDCO_April23.tc.TC005_CIDCOBasicDetails"/>
  <testcase name="basicDetails" time="179.679" classname="com.CIDCO_April23.tc.TC005_CIDCOBasicDetails"/>
  <testcase name="basicDetails" time="168.667" classname="com.CIDCO_April23.tc.TC005_CIDCOBasicDetails"/>
  <testcase name="basicDetails" time="168.542" classname="com.CIDCO_April23.tc.TC005_CIDCOBasicDetails"/>
  <testcase name="basicDetails" time="168.232" classname="com.CIDCO_April23.tc.TC005_CIDCOBasicDetails"/>
  <testcase name="basicDetails" time="168.377" classname="com.CIDCO_April23.tc.TC005_CIDCOBasicDetails"/>
  <testcase name="basicDetails" time="168.229" classname="com.CIDCO_April23.tc.TC005_CIDCOBasicDetails"/>
  <testcase name="basicDetails" time="179.735" classname="com.CIDCO_April23.tc.TC005_CIDCOBasicDetails"/>
  <testcase name="basicDetails" time="179.842" classname="com.CIDCO_April23.tc.TC005_CIDCOBasicDetails"/>
  <testcase name="basicDetails" time="180.081" classname="com.CIDCO_April23.tc.TC005_CIDCOBasicDetails"/>
  <testcase name="basicDetails" time="168.377" classname="com.CIDCO_April23.tc.TC005_CIDCOBasicDetails"/>
  <testcase name="basicDetails" time="168.284" classname="com.CIDCO_April23.tc.TC005_CIDCOBasicDetails"/>
  <testcase name="basicDetails" time="179.881" classname="com.CIDCO_April23.tc.TC005_CIDCOBasicDetails"/>
  <testcase name="basicDetails" time="179.615" classname="com.CIDCO_April23.tc.TC005_CIDCOBasicDetails"/>
  <testcase name="basicDetails" time="170.489" classname="com.CIDCO_April23.tc.TC005_CIDCOBasicDetails"/>
  <testcase name="basicDetails" time="179.622" classname="com.CIDCO_April23.tc.TC005_CIDCOBasicDetails"/>
  <testcase name="basicDetails" time="179.301" classname="com.CIDCO_April23.tc.TC005_CIDCOBasicDetails"/>
  <testcase name="basicDetails" time="168.369" classname="com.CIDCO_April23.tc.TC005_CIDCOBasicDetails"/>
  <testcase name="basicDetails" time="168.249" classname="com.CIDCO_April23.tc.TC005_CIDCOBasicDetails"/>
  <testcase name="basicDetails" time="179.807" classname="com.CIDCO_April23.tc.TC005_CIDCOBasicDetails"/>
  <testcase name="basicDetails" time="168.405" classname="com.CIDCO_April23.tc.TC005_CIDCOBasicDetails"/>
  <testcase name="basicDetails" time="168.723" classname="com.CIDCO_April23.tc.TC005_CIDCOBasicDetails"/>
  <testcase name="basicDetails" time="168.182" classname="com.CIDCO_April23.tc.TC005_CIDCOBasicDetails"/>
  <testcase name="basicDetails" time="179.439" classname="com.CIDCO_April23.tc.TC005_CIDCOBasicDetails"/>
  <testcase name="basicDetails" time="179.626" classname="com.CIDCO_April23.tc.TC005_CIDCOBasicDetails"/>
  <testcase name="basicDetails" time="179.617" classname="com.CIDCO_April23.tc.TC005_CIDCOBasicDetails"/>
  <testcase name="basicDetails" time="168.461" classname="com.CIDCO_April23.tc.TC005_CIDCOBasicDetails"/>
  <testcase name="basicDetails" time="179.990" classname="com.CIDCO_April23.tc.TC005_CIDCOBasicDetails"/>
  <testcase name="basicDetails" time="179.444" classname="com.CIDCO_April23.tc.TC005_CIDCOBasicDetails"/>
  <testcase name="basicDetails" time="179.977" classname="com.CIDCO_April23.tc.TC005_CIDCOBasicDetails"/>
  <testcase name="basicDetails" time="179.948" classname="com.CIDCO_April23.tc.TC005_CIDCOBasicDetails"/>
  <testcase name="basicDetails" time="180.102" classname="com.CIDCO_April23.tc.TC005_CIDCOBasicDetails"/>
  <testcase name="basicDetails" time="179.463" classname="com.CIDCO_April23.tc.TC005_CIDCOBasicDetails"/>
  <testcase name="basicDetails" time="168.258" classname="com.CIDCO_April23.tc.TC005_CIDCOBasicDetails"/>
  <testcase name="basicDetails" time="180.136" classname="com.CIDCO_April23.tc.TC005_CIDCOBasicDetails"/>
  <testcase name="basicDetails" time="168.836" classname="com.CIDCO_April23.tc.TC005_CIDCOBasicDetails"/>
  <testcase name="basicDetails" time="179.527" classname="com.CIDCO_April23.tc.TC005_CIDCOBasicDetails"/>
  <testcase name="basicDetails" time="179.698" classname="com.CIDCO_April23.tc.TC005_CIDCOBasicDetails"/>
  <testcase name="basicDetails" time="195.951" classname="com.CIDCO_April23.tc.TC005_CIDCOBasicDetails"/>
  <testcase name="basicDetails" time="180.037" classname="com.CIDCO_April23.tc.TC005_CIDCOBasicDetails"/>
  <testcase name="basicDetails" time="179.987" classname="com.CIDCO_April23.tc.TC005_CIDCOBasicDetails"/>
  <testcase name="basicDetails" time="168.500" classname="com.CIDCO_April23.tc.TC005_CIDCOBasicDetails"/>
  <testcase name="basicDetails" time="179.926" classname="com.CIDCO_April23.tc.TC005_CIDCOBasicDetails"/>
  <testcase name="basicDetails" time="195.957" classname="com.CIDCO_April23.tc.TC005_CIDCOBasicDetails"/>
  <testcase name="basicDetails" time="179.677" classname="com.CIDCO_April23.tc.TC005_CIDCOBasicDetails"/>
  <testcase name="basicDetails" time="180.078" classname="com.CIDCO_April23.tc.TC005_CIDCOBasicDetails"/>
  <testcase name="basicDetails" time="168.440" classname="com.CIDCO_April23.tc.TC005_CIDCOBasicDetails"/>
  <testcase name="basicDetails" time="179.481" classname="com.CIDCO_April23.tc.TC005_CIDCOBasicDetails"/>
  <testcase name="basicDetails" time="168.574" classname="com.CIDCO_April23.tc.TC005_CIDCOBasicDetails"/>
  <testcase name="basicDetails" time="168.378" classname="com.CIDCO_April23.tc.TC005_CIDCOBasicDetails"/>
  <testcase name="basicDetails" time="179.690" classname="com.CIDCO_April23.tc.TC005_CIDCOBasicDetails"/>
  <testcase name="basicDetails" time="168.512" classname="com.CIDCO_April23.tc.TC005_CIDCOBasicDetails"/>
  <testcase name="basicDetails" time="168.438" classname="com.CIDCO_April23.tc.TC005_CIDCOBasicDetails"/>
  <testcase name="basicDetails" time="179.820" classname="com.CIDCO_April23.tc.TC005_CIDCOBasicDetails"/>
  <testcase name="basicDetails" time="168.710" classname="com.CIDCO_April23.tc.TC005_CIDCOBasicDetails"/>
  <testcase name="basicDetails" time="169.027" classname="com.CIDCO_April23.tc.TC005_CIDCOBasicDetails"/>
  <testcase name="basicDetails" time="179.661" classname="com.CIDCO_April23.tc.TC005_CIDCOBasicDetails"/>
  <testcase name="basicDetails" time="168.178" classname="com.CIDCO_April23.tc.TC005_CIDCOBasicDetails"/>
  <testcase name="basicDetails" time="179.607" classname="com.CIDCO_April23.tc.TC005_CIDCOBasicDetails"/>
  <testcase name="basicDetails" time="180.027" classname="com.CIDCO_April23.tc.TC005_CIDCOBasicDetails"/>
  <testcase name="basicDetails" time="179.534" classname="com.CIDCO_April23.tc.TC005_CIDCOBasicDetails"/>
  <testcase name="basicDetails" time="168.466" classname="com.CIDCO_April23.tc.TC005_CIDCOBasicDetails"/>
  <testcase name="basicDetails" time="179.282" classname="com.CIDCO_April23.tc.TC005_CIDCOBasicDetails"/>
  <testcase name="basicDetails" time="168.214" classname="com.CIDCO_April23.tc.TC005_CIDCOBasicDetails"/>
  <testcase name="basicDetails" time="179.535" classname="com.CIDCO_April23.tc.TC005_CIDCOBasicDetails"/>
  <testcase name="basicDetails" time="180.360" classname="com.CIDCO_April23.tc.TC005_CIDCOBasicDetails"/>
</testsuite> <!-- com.CIDCO_April23.tc.TC005_CIDCOBasicDetails -->
