<?xml version="1.0" encoding="UTF-8"?>
<!-- Generated by org.testng.reporters.JUnitReportReporter -->
<testsuite skipped="0" hostname="MAA015435A" name="com.maha.tc.TC004_MAHABasicDetails" tests="90" failures="0" timestamp="21 Nov 2019 08:39:49 GMT" time="8209.806" errors="0">
  <testcase name="basicDetails" time="90.512" classname="com.maha.tc.TC004_MAHABasicDetails"/>
  <testcase name="basicDetails" time="89.940" classname="com.maha.tc.TC004_MAHABasicDetails"/>
  <testcase name="basicDetails" time="88.836" classname="com.maha.tc.TC004_MAHABasicDetails"/>
  <testcase name="basicDetails" time="91.252" classname="com.maha.tc.TC004_MAHABasicDetails"/>
  <testcase name="basicDetails" time="89.203" classname="com.maha.tc.TC004_MAHABasicDetails"/>
  <testcase name="basicDetails" time="89.320" classname="com.maha.tc.TC004_MAHABasicDetails"/>
  <testcase name="basicDetails" time="89.762" classname="com.maha.tc.TC004_MAHABasicDetails"/>
  <testcase name="basicDetails" time="89.668" classname="com.maha.tc.TC004_MAHABasicDetails"/>
  <testcase name="basicDetails" time="89.538" classname="com.maha.tc.TC004_MAHABasicDetails"/>
  <testcase name="basicDetails" time="90.354" classname="com.maha.tc.TC004_MAHABasicDetails"/>
  <testcase name="basicDetails" time="100.782" classname="com.maha.tc.TC004_MAHABasicDetails"/>
  <testcase name="basicDetails" time="89.330" classname="com.maha.tc.TC004_MAHABasicDetails"/>
  <testcase name="basicDetails" time="89.743" classname="com.maha.tc.TC004_MAHABasicDetails"/>
  <testcase name="basicDetails" time="89.137" classname="com.maha.tc.TC004_MAHABasicDetails"/>
  <testcase name="basicDetails" time="91.374" classname="com.maha.tc.TC004_MAHABasicDetails"/>
  <testcase name="basicDetails" time="88.917" classname="com.maha.tc.TC004_MAHABasicDetails"/>
  <testcase name="basicDetails" time="90.424" classname="com.maha.tc.TC004_MAHABasicDetails"/>
  <testcase name="basicDetails" time="100.743" classname="com.maha.tc.TC004_MAHABasicDetails"/>
  <testcase name="basicDetails" time="101.321" classname="com.maha.tc.TC004_MAHABasicDetails"/>
  <testcase name="basicDetails" time="90.222" classname="com.maha.tc.TC004_MAHABasicDetails"/>
  <testcase name="basicDetails" time="88.508" classname="com.maha.tc.TC004_MAHABasicDetails"/>
  <testcase name="basicDetails" time="89.851" classname="com.maha.tc.TC004_MAHABasicDetails"/>
  <testcase name="basicDetails" time="88.356" classname="com.maha.tc.TC004_MAHABasicDetails"/>
  <testcase name="basicDetails" time="89.858" classname="com.maha.tc.TC004_MAHABasicDetails"/>
  <testcase name="basicDetails" time="89.409" classname="com.maha.tc.TC004_MAHABasicDetails"/>
  <testcase name="basicDetails" time="100.123" classname="com.maha.tc.TC004_MAHABasicDetails"/>
  <testcase name="basicDetails" time="90.516" classname="com.maha.tc.TC004_MAHABasicDetails"/>
  <testcase name="basicDetails" time="89.805" classname="com.maha.tc.TC004_MAHABasicDetails"/>
  <testcase name="basicDetails" time="89.210" classname="com.maha.tc.TC004_MAHABasicDetails"/>
  <testcase name="basicDetails" time="88.488" classname="com.maha.tc.TC004_MAHABasicDetails"/>
  <testcase name="basicDetails" time="99.530" classname="com.maha.tc.TC004_MAHABasicDetails"/>
  <testcase name="basicDetails" time="88.889" classname="com.maha.tc.TC004_MAHABasicDetails"/>
  <testcase name="basicDetails" time="89.969" classname="com.maha.tc.TC004_MAHABasicDetails"/>
  <testcase name="basicDetails" time="88.843" classname="com.maha.tc.TC004_MAHABasicDetails"/>
  <testcase name="basicDetails" time="88.777" classname="com.maha.tc.TC004_MAHABasicDetails"/>
  <testcase name="basicDetails" time="98.919" classname="com.maha.tc.TC004_MAHABasicDetails"/>
  <testcase name="basicDetails" time="89.845" classname="com.maha.tc.TC004_MAHABasicDetails"/>
  <testcase name="basicDetails" time="89.489" classname="com.maha.tc.TC004_MAHABasicDetails"/>
  <testcase name="basicDetails" time="99.060" classname="com.maha.tc.TC004_MAHABasicDetails"/>
  <testcase name="basicDetails" time="88.018" classname="com.maha.tc.TC004_MAHABasicDetails"/>
  <testcase name="basicDetails" time="88.783" classname="com.maha.tc.TC004_MAHABasicDetails"/>
  <testcase name="basicDetails" time="90.449" classname="com.maha.tc.TC004_MAHABasicDetails"/>
  <testcase name="basicDetails" time="89.774" classname="com.maha.tc.TC004_MAHABasicDetails"/>
  <testcase name="basicDetails" time="88.793" classname="com.maha.tc.TC004_MAHABasicDetails"/>
  <testcase name="basicDetails" time="90.578" classname="com.maha.tc.TC004_MAHABasicDetails"/>
  <testcase name="basicDetails" time="89.311" classname="com.maha.tc.TC004_MAHABasicDetails"/>
  <testcase name="basicDetails" time="89.199" classname="com.maha.tc.TC004_MAHABasicDetails"/>
  <testcase name="basicDetails" time="88.754" classname="com.maha.tc.TC004_MAHABasicDetails"/>
  <testcase name="basicDetails" time="99.084" classname="com.maha.tc.TC004_MAHABasicDetails"/>
  <testcase name="basicDetails" time="88.921" classname="com.maha.tc.TC004_MAHABasicDetails"/>
  <testcase name="basicDetails" time="89.503" classname="com.maha.tc.TC004_MAHABasicDetails"/>
  <testcase name="basicDetails" time="89.017" classname="com.maha.tc.TC004_MAHABasicDetails"/>
  <testcase name="basicDetails" time="100.123" classname="com.maha.tc.TC004_MAHABasicDetails"/>
  <testcase name="basicDetails" time="99.664" classname="com.maha.tc.TC004_MAHABasicDetails"/>
  <testcase name="basicDetails" time="92.474" classname="com.maha.tc.TC004_MAHABasicDetails"/>
  <testcase name="basicDetails" time="90.675" classname="com.maha.tc.TC004_MAHABasicDetails"/>
  <testcase name="basicDetails" time="91.089" classname="com.maha.tc.TC004_MAHABasicDetails"/>
  <testcase name="basicDetails" time="89.210" classname="com.maha.tc.TC004_MAHABasicDetails"/>
  <testcase name="basicDetails" time="89.680" classname="com.maha.tc.TC004_MAHABasicDetails"/>
  <testcase name="basicDetails" time="88.423" classname="com.maha.tc.TC004_MAHABasicDetails"/>
  <testcase name="basicDetails" time="98.246" classname="com.maha.tc.TC004_MAHABasicDetails"/>
  <testcase name="basicDetails" time="89.684" classname="com.maha.tc.TC004_MAHABasicDetails"/>
  <testcase name="basicDetails" time="88.547" classname="com.maha.tc.TC004_MAHABasicDetails"/>
  <testcase name="basicDetails" time="90.200" classname="com.maha.tc.TC004_MAHABasicDetails"/>
  <testcase name="basicDetails" time="101.050" classname="com.maha.tc.TC004_MAHABasicDetails"/>
  <testcase name="basicDetails" time="90.795" classname="com.maha.tc.TC004_MAHABasicDetails"/>
  <testcase name="basicDetails" time="88.854" classname="com.maha.tc.TC004_MAHABasicDetails"/>
  <testcase name="basicDetails" time="89.809" classname="com.maha.tc.TC004_MAHABasicDetails"/>
  <testcase name="basicDetails" time="89.270" classname="com.maha.tc.TC004_MAHABasicDetails"/>
  <testcase name="basicDetails" time="89.934" classname="com.maha.tc.TC004_MAHABasicDetails"/>
  <testcase name="basicDetails" time="99.569" classname="com.maha.tc.TC004_MAHABasicDetails"/>
  <testcase name="basicDetails" time="88.782" classname="com.maha.tc.TC004_MAHABasicDetails"/>
  <testcase name="basicDetails" time="88.682" classname="com.maha.tc.TC004_MAHABasicDetails"/>
  <testcase name="basicDetails" time="89.643" classname="com.maha.tc.TC004_MAHABasicDetails"/>
  <testcase name="basicDetails" time="89.474" classname="com.maha.tc.TC004_MAHABasicDetails"/>
  <testcase name="basicDetails" time="91.493" classname="com.maha.tc.TC004_MAHABasicDetails"/>
  <testcase name="basicDetails" time="89.073" classname="com.maha.tc.TC004_MAHABasicDetails"/>
  <testcase name="basicDetails" time="88.434" classname="com.maha.tc.TC004_MAHABasicDetails"/>
  <testcase name="basicDetails" time="90.340" classname="com.maha.tc.TC004_MAHABasicDetails"/>
  <testcase name="basicDetails" time="99.719" classname="com.maha.tc.TC004_MAHABasicDetails"/>
  <testcase name="basicDetails" time="90.201" classname="com.maha.tc.TC004_MAHABasicDetails"/>
  <testcase name="basicDetails" time="90.916" classname="com.maha.tc.TC004_MAHABasicDetails"/>
  <testcase name="basicDetails" time="91.461" classname="com.maha.tc.TC004_MAHABasicDetails"/>
  <testcase name="basicDetails" time="88.805" classname="com.maha.tc.TC004_MAHABasicDetails"/>
  <testcase name="basicDetails" time="88.343" classname="com.maha.tc.TC004_MAHABasicDetails"/>
  <testcase name="basicDetails" time="90.786" classname="com.maha.tc.TC004_MAHABasicDetails"/>
  <testcase name="basicDetails" time="89.435" classname="com.maha.tc.TC004_MAHABasicDetails"/>
  <testcase name="basicDetails" time="89.398" classname="com.maha.tc.TC004_MAHABasicDetails"/>
  <testcase name="basicDetails" time="89.429" classname="com.maha.tc.TC004_MAHABasicDetails"/>
  <testcase name="basicDetails" time="90.089" classname="com.maha.tc.TC004_MAHABasicDetails"/>
</testsuite> <!-- com.maha.tc.TC004_MAHABasicDetails -->
