<?xml version="1.0" encoding="UTF-8"?>
<!-- Generated by org.testng.reporters.JUnitReportReporter -->
<testsuite skipped="0" hostname="MAA014482B" name="com.PMC_Feb23.tc.TC005_PMCBasicDetails" tests="125" failures="0" timestamp="2023-04-17T07:45:19 IST" time="19514.623" errors="0">
  <testcase name="basicDetails" time="156.111" classname="com.PMC_Feb23.tc.TC005_PMCBasicDetails"/>
  <testcase name="basicDetails" time="156.012" classname="com.PMC_Feb23.tc.TC005_PMCBasicDetails"/>
  <testcase name="basicDetails" time="155.571" classname="com.PMC_Feb23.tc.TC005_PMCBasicDetails"/>
  <testcase name="basicDetails" time="155.993" classname="com.PMC_Feb23.tc.TC005_PMCBasicDetails"/>
  <testcase name="basicDetails" time="155.485" classname="com.PMC_Feb23.tc.TC005_PMCBasicDetails"/>
  <testcase name="basicDetails" time="155.867" classname="com.PMC_Feb23.tc.TC005_PMCBasicDetails"/>
  <testcase name="basicDetails" time="155.710" classname="com.PMC_Feb23.tc.TC005_PMCBasicDetails"/>
  <testcase name="basicDetails" time="155.977" classname="com.PMC_Feb23.tc.TC005_PMCBasicDetails"/>
  <testcase name="basicDetails" time="155.698" classname="com.PMC_Feb23.tc.TC005_PMCBasicDetails"/>
  <testcase name="basicDetails" time="157.432" classname="com.PMC_Feb23.tc.TC005_PMCBasicDetails"/>
  <testcase name="basicDetails" time="156.060" classname="com.PMC_Feb23.tc.TC005_PMCBasicDetails"/>
  <testcase name="basicDetails" time="155.752" classname="com.PMC_Feb23.tc.TC005_PMCBasicDetails"/>
  <testcase name="basicDetails" time="155.824" classname="com.PMC_Feb23.tc.TC005_PMCBasicDetails"/>
  <testcase name="basicDetails" time="155.782" classname="com.PMC_Feb23.tc.TC005_PMCBasicDetails"/>
  <testcase name="basicDetails" time="156.091" classname="com.PMC_Feb23.tc.TC005_PMCBasicDetails"/>
  <testcase name="basicDetails" time="155.930" classname="com.PMC_Feb23.tc.TC005_PMCBasicDetails"/>
  <testcase name="basicDetails" time="156.137" classname="com.PMC_Feb23.tc.TC005_PMCBasicDetails"/>
  <testcase name="basicDetails" time="155.854" classname="com.PMC_Feb23.tc.TC005_PMCBasicDetails"/>
  <testcase name="basicDetails" time="156.101" classname="com.PMC_Feb23.tc.TC005_PMCBasicDetails"/>
  <testcase name="basicDetails" time="155.747" classname="com.PMC_Feb23.tc.TC005_PMCBasicDetails"/>
  <testcase name="basicDetails" time="155.975" classname="com.PMC_Feb23.tc.TC005_PMCBasicDetails"/>
  <testcase name="basicDetails" time="156.013" classname="com.PMC_Feb23.tc.TC005_PMCBasicDetails"/>
  <testcase name="basicDetails" time="157.392" classname="com.PMC_Feb23.tc.TC005_PMCBasicDetails"/>
  <testcase name="basicDetails" time="156.007" classname="com.PMC_Feb23.tc.TC005_PMCBasicDetails"/>
  <testcase name="basicDetails" time="156.139" classname="com.PMC_Feb23.tc.TC005_PMCBasicDetails"/>
  <testcase name="basicDetails" time="155.926" classname="com.PMC_Feb23.tc.TC005_PMCBasicDetails"/>
  <testcase name="basicDetails" time="156.768" classname="com.PMC_Feb23.tc.TC005_PMCBasicDetails"/>
  <testcase name="basicDetails" time="156.255" classname="com.PMC_Feb23.tc.TC005_PMCBasicDetails"/>
  <testcase name="basicDetails" time="155.845" classname="com.PMC_Feb23.tc.TC005_PMCBasicDetails"/>
  <testcase name="basicDetails" time="156.002" classname="com.PMC_Feb23.tc.TC005_PMCBasicDetails"/>
  <testcase name="basicDetails" time="156.204" classname="com.PMC_Feb23.tc.TC005_PMCBasicDetails"/>
  <testcase name="basicDetails" time="156.118" classname="com.PMC_Feb23.tc.TC005_PMCBasicDetails"/>
  <testcase name="basicDetails" time="156.025" classname="com.PMC_Feb23.tc.TC005_PMCBasicDetails"/>
  <testcase name="basicDetails" time="155.991" classname="com.PMC_Feb23.tc.TC005_PMCBasicDetails"/>
  <testcase name="basicDetails" time="155.693" classname="com.PMC_Feb23.tc.TC005_PMCBasicDetails"/>
  <testcase name="basicDetails" time="155.918" classname="com.PMC_Feb23.tc.TC005_PMCBasicDetails"/>
  <testcase name="basicDetails" time="156.045" classname="com.PMC_Feb23.tc.TC005_PMCBasicDetails"/>
  <testcase name="basicDetails" time="156.304" classname="com.PMC_Feb23.tc.TC005_PMCBasicDetails"/>
  <testcase name="basicDetails" time="166.885" classname="com.PMC_Feb23.tc.TC005_PMCBasicDetails"/>
  <testcase name="basicDetails" time="155.961" classname="com.PMC_Feb23.tc.TC005_PMCBasicDetails"/>
  <testcase name="basicDetails" time="156.088" classname="com.PMC_Feb23.tc.TC005_PMCBasicDetails"/>
  <testcase name="basicDetails" time="156.117" classname="com.PMC_Feb23.tc.TC005_PMCBasicDetails"/>
  <testcase name="basicDetails" time="156.122" classname="com.PMC_Feb23.tc.TC005_PMCBasicDetails"/>
  <testcase name="basicDetails" time="155.746" classname="com.PMC_Feb23.tc.TC005_PMCBasicDetails"/>
  <testcase name="basicDetails" time="155.914" classname="com.PMC_Feb23.tc.TC005_PMCBasicDetails"/>
  <testcase name="basicDetails" time="155.793" classname="com.PMC_Feb23.tc.TC005_PMCBasicDetails"/>
  <testcase name="basicDetails" time="156.315" classname="com.PMC_Feb23.tc.TC005_PMCBasicDetails"/>
  <testcase name="basicDetails" time="156.250" classname="com.PMC_Feb23.tc.TC005_PMCBasicDetails"/>
  <testcase name="basicDetails" time="155.690" classname="com.PMC_Feb23.tc.TC005_PMCBasicDetails"/>
  <testcase name="basicDetails" time="156.327" classname="com.PMC_Feb23.tc.TC005_PMCBasicDetails"/>
  <testcase name="basicDetails" time="156.039" classname="com.PMC_Feb23.tc.TC005_PMCBasicDetails"/>
  <testcase name="basicDetails" time="155.862" classname="com.PMC_Feb23.tc.TC005_PMCBasicDetails"/>
  <testcase name="basicDetails" time="155.898" classname="com.PMC_Feb23.tc.TC005_PMCBasicDetails"/>
  <testcase name="basicDetails" time="155.786" classname="com.PMC_Feb23.tc.TC005_PMCBasicDetails"/>
  <testcase name="basicDetails" time="155.806" classname="com.PMC_Feb23.tc.TC005_PMCBasicDetails"/>
  <testcase name="basicDetails" time="156.114" classname="com.PMC_Feb23.tc.TC005_PMCBasicDetails"/>
  <testcase name="basicDetails" time="156.080" classname="com.PMC_Feb23.tc.TC005_PMCBasicDetails"/>
  <testcase name="basicDetails" time="156.039" classname="com.PMC_Feb23.tc.TC005_PMCBasicDetails"/>
  <testcase name="basicDetails" time="156.160" classname="com.PMC_Feb23.tc.TC005_PMCBasicDetails"/>
  <testcase name="basicDetails" time="155.867" classname="com.PMC_Feb23.tc.TC005_PMCBasicDetails"/>
  <testcase name="basicDetails" time="155.867" classname="com.PMC_Feb23.tc.TC005_PMCBasicDetails"/>
  <testcase name="basicDetails" time="156.417" classname="com.PMC_Feb23.tc.TC005_PMCBasicDetails"/>
  <testcase name="basicDetails" time="155.803" classname="com.PMC_Feb23.tc.TC005_PMCBasicDetails"/>
  <testcase name="basicDetails" time="155.851" classname="com.PMC_Feb23.tc.TC005_PMCBasicDetails"/>
  <testcase name="basicDetails" time="156.056" classname="com.PMC_Feb23.tc.TC005_PMCBasicDetails"/>
  <testcase name="basicDetails" time="156.383" classname="com.PMC_Feb23.tc.TC005_PMCBasicDetails"/>
  <testcase name="basicDetails" time="155.834" classname="com.PMC_Feb23.tc.TC005_PMCBasicDetails"/>
  <testcase name="basicDetails" time="156.001" classname="com.PMC_Feb23.tc.TC005_PMCBasicDetails"/>
  <testcase name="basicDetails" time="155.733" classname="com.PMC_Feb23.tc.TC005_PMCBasicDetails"/>
  <testcase name="basicDetails" time="156.790" classname="com.PMC_Feb23.tc.TC005_PMCBasicDetails"/>
  <testcase name="basicDetails" time="156.119" classname="com.PMC_Feb23.tc.TC005_PMCBasicDetails"/>
  <testcase name="basicDetails" time="156.137" classname="com.PMC_Feb23.tc.TC005_PMCBasicDetails"/>
  <testcase name="basicDetails" time="157.070" classname="com.PMC_Feb23.tc.TC005_PMCBasicDetails"/>
  <testcase name="basicDetails" time="155.967" classname="com.PMC_Feb23.tc.TC005_PMCBasicDetails"/>
  <testcase name="basicDetails" time="156.042" classname="com.PMC_Feb23.tc.TC005_PMCBasicDetails"/>
  <testcase name="basicDetails" time="155.963" classname="com.PMC_Feb23.tc.TC005_PMCBasicDetails"/>
  <testcase name="basicDetails" time="155.820" classname="com.PMC_Feb23.tc.TC005_PMCBasicDetails"/>
  <testcase name="basicDetails" time="156.218" classname="com.PMC_Feb23.tc.TC005_PMCBasicDetails"/>
  <testcase name="basicDetails" time="155.958" classname="com.PMC_Feb23.tc.TC005_PMCBasicDetails"/>
  <testcase name="basicDetails" time="156.157" classname="com.PMC_Feb23.tc.TC005_PMCBasicDetails"/>
  <testcase name="basicDetails" time="155.928" classname="com.PMC_Feb23.tc.TC005_PMCBasicDetails"/>
  <testcase name="basicDetails" time="156.213" classname="com.PMC_Feb23.tc.TC005_PMCBasicDetails"/>
  <testcase name="basicDetails" time="155.957" classname="com.PMC_Feb23.tc.TC005_PMCBasicDetails"/>
  <testcase name="basicDetails" time="156.146" classname="com.PMC_Feb23.tc.TC005_PMCBasicDetails"/>
  <testcase name="basicDetails" time="156.144" classname="com.PMC_Feb23.tc.TC005_PMCBasicDetails"/>
  <testcase name="basicDetails" time="155.916" classname="com.PMC_Feb23.tc.TC005_PMCBasicDetails"/>
  <testcase name="basicDetails" time="155.951" classname="com.PMC_Feb23.tc.TC005_PMCBasicDetails"/>
  <testcase name="basicDetails" time="156.117" classname="com.PMC_Feb23.tc.TC005_PMCBasicDetails"/>
  <testcase name="basicDetails" time="156.126" classname="com.PMC_Feb23.tc.TC005_PMCBasicDetails"/>
  <testcase name="basicDetails" time="155.831" classname="com.PMC_Feb23.tc.TC005_PMCBasicDetails"/>
  <testcase name="basicDetails" time="155.729" classname="com.PMC_Feb23.tc.TC005_PMCBasicDetails"/>
  <testcase name="basicDetails" time="156.069" classname="com.PMC_Feb23.tc.TC005_PMCBasicDetails"/>
  <testcase name="basicDetails" time="156.046" classname="com.PMC_Feb23.tc.TC005_PMCBasicDetails"/>
  <testcase name="basicDetails" time="155.844" classname="com.PMC_Feb23.tc.TC005_PMCBasicDetails"/>
  <testcase name="basicDetails" time="155.757" classname="com.PMC_Feb23.tc.TC005_PMCBasicDetails"/>
  <testcase name="basicDetails" time="155.835" classname="com.PMC_Feb23.tc.TC005_PMCBasicDetails"/>
  <testcase name="basicDetails" time="155.740" classname="com.PMC_Feb23.tc.TC005_PMCBasicDetails"/>
  <testcase name="basicDetails" time="155.846" classname="com.PMC_Feb23.tc.TC005_PMCBasicDetails"/>
  <testcase name="basicDetails" time="156.191" classname="com.PMC_Feb23.tc.TC005_PMCBasicDetails"/>
  <testcase name="basicDetails" time="155.817" classname="com.PMC_Feb23.tc.TC005_PMCBasicDetails"/>
  <testcase name="basicDetails" time="156.209" classname="com.PMC_Feb23.tc.TC005_PMCBasicDetails"/>
  <testcase name="basicDetails" time="156.183" classname="com.PMC_Feb23.tc.TC005_PMCBasicDetails"/>
  <testcase name="basicDetails" time="155.243" classname="com.PMC_Feb23.tc.TC005_PMCBasicDetails"/>
  <testcase name="basicDetails" time="155.651" classname="com.PMC_Feb23.tc.TC005_PMCBasicDetails"/>
  <testcase name="basicDetails" time="155.775" classname="com.PMC_Feb23.tc.TC005_PMCBasicDetails"/>
  <testcase name="basicDetails" time="156.270" classname="com.PMC_Feb23.tc.TC005_PMCBasicDetails"/>
  <testcase name="basicDetails" time="156.012" classname="com.PMC_Feb23.tc.TC005_PMCBasicDetails"/>
  <testcase name="basicDetails" time="156.257" classname="com.PMC_Feb23.tc.TC005_PMCBasicDetails"/>
  <testcase name="basicDetails" time="155.931" classname="com.PMC_Feb23.tc.TC005_PMCBasicDetails"/>
  <testcase name="basicDetails" time="155.783" classname="com.PMC_Feb23.tc.TC005_PMCBasicDetails"/>
  <testcase name="basicDetails" time="156.596" classname="com.PMC_Feb23.tc.TC005_PMCBasicDetails"/>
  <testcase name="basicDetails" time="156.165" classname="com.PMC_Feb23.tc.TC005_PMCBasicDetails"/>
  <testcase name="basicDetails" time="155.930" classname="com.PMC_Feb23.tc.TC005_PMCBasicDetails"/>
  <testcase name="basicDetails" time="156.242" classname="com.PMC_Feb23.tc.TC005_PMCBasicDetails"/>
  <testcase name="basicDetails" time="155.757" classname="com.PMC_Feb23.tc.TC005_PMCBasicDetails"/>
  <testcase name="basicDetails" time="155.874" classname="com.PMC_Feb23.tc.TC005_PMCBasicDetails"/>
  <testcase name="basicDetails" time="156.224" classname="com.PMC_Feb23.tc.TC005_PMCBasicDetails"/>
  <testcase name="basicDetails" time="155.809" classname="com.PMC_Feb23.tc.TC005_PMCBasicDetails"/>
  <testcase name="basicDetails" time="156.115" classname="com.PMC_Feb23.tc.TC005_PMCBasicDetails"/>
  <testcase name="basicDetails" time="156.391" classname="com.PMC_Feb23.tc.TC005_PMCBasicDetails"/>
  <testcase name="basicDetails" time="156.201" classname="com.PMC_Feb23.tc.TC005_PMCBasicDetails"/>
  <testcase name="basicDetails" time="155.982" classname="com.PMC_Feb23.tc.TC005_PMCBasicDetails"/>
  <testcase name="basicDetails" time="155.982" classname="com.PMC_Feb23.tc.TC005_PMCBasicDetails"/>
  <testcase name="basicDetails" time="156.048" classname="com.PMC_Feb23.tc.TC005_PMCBasicDetails"/>
  <testcase name="basicDetails" time="155.992" classname="com.PMC_Feb23.tc.TC005_PMCBasicDetails"/>
</testsuite> <!-- com.PMC_Feb23.tc.TC005_PMCBasicDetails -->
