<?xml version="1.0" encoding="UTF-8"?>
<!-- Generated by org.testng.reporters.JUnitReportReporter -->
<testsuite skipped="0" hostname="MAA014482B" name="com.DAMBCD_June23.tc.TC003_DAMBasicDetails" tests="180" failures="0" timestamp="2023-07-16T22:57:26 IST" time="31878.260" errors="0">
  <testcase name="basicDetails" time="190.128" classname="com.DAMBCD_June23.tc.TC003_DAMBasicDetails"/>
  <testcase name="basicDetails" time="167.244" classname="com.DAMBCD_June23.tc.TC003_DAMBasicDetails"/>
  <testcase name="basicDetails" time="167.322" classname="com.DAMBCD_June23.tc.TC003_DAMBasicDetails"/>
  <testcase name="basicDetails" time="167.782" classname="com.DAMBCD_June23.tc.TC003_DAMBasicDetails"/>
  <testcase name="basicDetails" time="189.742" classname="com.DAMBCD_June23.tc.TC003_DAMBasicDetails"/>
  <testcase name="basicDetails" time="169.850" classname="com.DAMBCD_June23.tc.TC003_DAMBasicDetails"/>
  <testcase name="basicDetails" time="167.626" classname="com.DAMBCD_June23.tc.TC003_DAMBasicDetails"/>
  <testcase name="basicDetails" time="189.657" classname="com.DAMBCD_June23.tc.TC003_DAMBasicDetails"/>
  <testcase name="basicDetails" time="167.865" classname="com.DAMBCD_June23.tc.TC003_DAMBasicDetails"/>
  <testcase name="basicDetails" time="167.890" classname="com.DAMBCD_June23.tc.TC003_DAMBasicDetails"/>
  <testcase name="basicDetails" time="167.610" classname="com.DAMBCD_June23.tc.TC003_DAMBasicDetails"/>
  <testcase name="basicDetails" time="170.008" classname="com.DAMBCD_June23.tc.TC003_DAMBasicDetails"/>
  <testcase name="basicDetails" time="190.037" classname="com.DAMBCD_June23.tc.TC003_DAMBasicDetails"/>
  <testcase name="basicDetails" time="167.593" classname="com.DAMBCD_June23.tc.TC003_DAMBasicDetails"/>
  <testcase name="basicDetails" time="167.581" classname="com.DAMBCD_June23.tc.TC003_DAMBasicDetails"/>
  <testcase name="basicDetails" time="167.619" classname="com.DAMBCD_June23.tc.TC003_DAMBasicDetails"/>
  <testcase name="basicDetails" time="190.070" classname="com.DAMBCD_June23.tc.TC003_DAMBasicDetails"/>
  <testcase name="basicDetails" time="189.455" classname="com.DAMBCD_June23.tc.TC003_DAMBasicDetails"/>
  <testcase name="basicDetails" time="167.675" classname="com.DAMBCD_June23.tc.TC003_DAMBasicDetails"/>
  <testcase name="basicDetails" time="169.673" classname="com.DAMBCD_June23.tc.TC003_DAMBasicDetails"/>
  <testcase name="basicDetails" time="167.491" classname="com.DAMBCD_June23.tc.TC003_DAMBasicDetails"/>
  <testcase name="basicDetails" time="167.595" classname="com.DAMBCD_June23.tc.TC003_DAMBasicDetails"/>
  <testcase name="basicDetails" time="190.071" classname="com.DAMBCD_June23.tc.TC003_DAMBasicDetails"/>
  <testcase name="basicDetails" time="169.651" classname="com.DAMBCD_June23.tc.TC003_DAMBasicDetails"/>
  <testcase name="basicDetails" time="169.623" classname="com.DAMBCD_June23.tc.TC003_DAMBasicDetails"/>
  <testcase name="basicDetails" time="189.663" classname="com.DAMBCD_June23.tc.TC003_DAMBasicDetails"/>
  <testcase name="basicDetails" time="167.596" classname="com.DAMBCD_June23.tc.TC003_DAMBasicDetails"/>
  <testcase name="basicDetails" time="167.342" classname="com.DAMBCD_June23.tc.TC003_DAMBasicDetails"/>
  <testcase name="basicDetails" time="190.038" classname="com.DAMBCD_June23.tc.TC003_DAMBasicDetails"/>
  <testcase name="basicDetails" time="167.434" classname="com.DAMBCD_June23.tc.TC003_DAMBasicDetails"/>
  <testcase name="basicDetails" time="189.909" classname="com.DAMBCD_June23.tc.TC003_DAMBasicDetails"/>
  <testcase name="basicDetails" time="189.678" classname="com.DAMBCD_June23.tc.TC003_DAMBasicDetails"/>
  <testcase name="basicDetails" time="167.699" classname="com.DAMBCD_June23.tc.TC003_DAMBasicDetails"/>
  <testcase name="basicDetails" time="167.781" classname="com.DAMBCD_June23.tc.TC003_DAMBasicDetails"/>
  <testcase name="basicDetails" time="189.989" classname="com.DAMBCD_June23.tc.TC003_DAMBasicDetails"/>
  <testcase name="basicDetails" time="167.978" classname="com.DAMBCD_June23.tc.TC003_DAMBasicDetails"/>
  <testcase name="basicDetails" time="189.937" classname="com.DAMBCD_June23.tc.TC003_DAMBasicDetails"/>
  <testcase name="basicDetails" time="167.384" classname="com.DAMBCD_June23.tc.TC003_DAMBasicDetails"/>
  <testcase name="basicDetails" time="167.662" classname="com.DAMBCD_June23.tc.TC003_DAMBasicDetails"/>
  <testcase name="basicDetails" time="170.142" classname="com.DAMBCD_June23.tc.TC003_DAMBasicDetails"/>
  <testcase name="basicDetails" time="167.917" classname="com.DAMBCD_June23.tc.TC003_DAMBasicDetails"/>
  <testcase name="basicDetails" time="189.876" classname="com.DAMBCD_June23.tc.TC003_DAMBasicDetails"/>
  <testcase name="basicDetails" time="169.696" classname="com.DAMBCD_June23.tc.TC003_DAMBasicDetails"/>
  <testcase name="basicDetails" time="189.284" classname="com.DAMBCD_June23.tc.TC003_DAMBasicDetails"/>
  <testcase name="basicDetails" time="189.453" classname="com.DAMBCD_June23.tc.TC003_DAMBasicDetails"/>
  <testcase name="basicDetails" time="170.196" classname="com.DAMBCD_June23.tc.TC003_DAMBasicDetails"/>
  <testcase name="basicDetails" time="189.533" classname="com.DAMBCD_June23.tc.TC003_DAMBasicDetails"/>
  <testcase name="basicDetails" time="167.564" classname="com.DAMBCD_June23.tc.TC003_DAMBasicDetails"/>
  <testcase name="basicDetails" time="167.965" classname="com.DAMBCD_June23.tc.TC003_DAMBasicDetails"/>
  <testcase name="basicDetails" time="167.366" classname="com.DAMBCD_June23.tc.TC003_DAMBasicDetails"/>
  <testcase name="basicDetails" time="189.683" classname="com.DAMBCD_June23.tc.TC003_DAMBasicDetails"/>
  <testcase name="basicDetails" time="167.132" classname="com.DAMBCD_June23.tc.TC003_DAMBasicDetails"/>
  <testcase name="basicDetails" time="191.989" classname="com.DAMBCD_June23.tc.TC003_DAMBasicDetails"/>
  <testcase name="basicDetails" time="189.828" classname="com.DAMBCD_June23.tc.TC003_DAMBasicDetails"/>
  <testcase name="basicDetails" time="167.682" classname="com.DAMBCD_June23.tc.TC003_DAMBasicDetails"/>
  <testcase name="basicDetails" time="192.038" classname="com.DAMBCD_June23.tc.TC003_DAMBasicDetails"/>
  <testcase name="basicDetails" time="167.343" classname="com.DAMBCD_June23.tc.TC003_DAMBasicDetails"/>
  <testcase name="basicDetails" time="190.258" classname="com.DAMBCD_June23.tc.TC003_DAMBasicDetails"/>
  <testcase name="basicDetails" time="168.053" classname="com.DAMBCD_June23.tc.TC003_DAMBasicDetails"/>
  <testcase name="basicDetails" time="167.650" classname="com.DAMBCD_June23.tc.TC003_DAMBasicDetails"/>
  <testcase name="basicDetails" time="189.859" classname="com.DAMBCD_June23.tc.TC003_DAMBasicDetails"/>
  <testcase name="basicDetails" time="169.828" classname="com.DAMBCD_June23.tc.TC003_DAMBasicDetails"/>
  <testcase name="basicDetails" time="167.496" classname="com.DAMBCD_June23.tc.TC003_DAMBasicDetails"/>
  <testcase name="basicDetails" time="167.699" classname="com.DAMBCD_June23.tc.TC003_DAMBasicDetails"/>
  <testcase name="basicDetails" time="167.355" classname="com.DAMBCD_June23.tc.TC003_DAMBasicDetails"/>
  <testcase name="basicDetails" time="162.227" classname="com.DAMBCD_June23.tc.TC003_DAMBasicDetails"/>
  <testcase name="basicDetails" time="169.710" classname="com.DAMBCD_June23.tc.TC003_DAMBasicDetails"/>
  <testcase name="basicDetails" time="189.640" classname="com.DAMBCD_June23.tc.TC003_DAMBasicDetails"/>
  <testcase name="basicDetails" time="169.367" classname="com.DAMBCD_June23.tc.TC003_DAMBasicDetails"/>
  <testcase name="basicDetails" time="189.828" classname="com.DAMBCD_June23.tc.TC003_DAMBasicDetails"/>
  <testcase name="basicDetails" time="167.207" classname="com.DAMBCD_June23.tc.TC003_DAMBasicDetails"/>
  <testcase name="basicDetails" time="192.109" classname="com.DAMBCD_June23.tc.TC003_DAMBasicDetails"/>
  <testcase name="basicDetails" time="167.890" classname="com.DAMBCD_June23.tc.TC003_DAMBasicDetails"/>
  <testcase name="basicDetails" time="189.579" classname="com.DAMBCD_June23.tc.TC003_DAMBasicDetails"/>
  <testcase name="basicDetails" time="167.528" classname="com.DAMBCD_June23.tc.TC003_DAMBasicDetails"/>
  <testcase name="basicDetails" time="189.939" classname="com.DAMBCD_June23.tc.TC003_DAMBasicDetails"/>
  <testcase name="basicDetails" time="189.740" classname="com.DAMBCD_June23.tc.TC003_DAMBasicDetails"/>
  <testcase name="basicDetails" time="190.031" classname="com.DAMBCD_June23.tc.TC003_DAMBasicDetails"/>
  <testcase name="basicDetails" time="189.918" classname="com.DAMBCD_June23.tc.TC003_DAMBasicDetails"/>
  <testcase name="basicDetails" time="191.617" classname="com.DAMBCD_June23.tc.TC003_DAMBasicDetails"/>
  <testcase name="basicDetails" time="167.713" classname="com.DAMBCD_June23.tc.TC003_DAMBasicDetails"/>
  <testcase name="basicDetails" time="190.117" classname="com.DAMBCD_June23.tc.TC003_DAMBasicDetails"/>
  <testcase name="basicDetails" time="189.755" classname="com.DAMBCD_June23.tc.TC003_DAMBasicDetails"/>
  <testcase name="basicDetails" time="167.630" classname="com.DAMBCD_June23.tc.TC003_DAMBasicDetails"/>
  <testcase name="basicDetails" time="167.668" classname="com.DAMBCD_June23.tc.TC003_DAMBasicDetails"/>
  <testcase name="basicDetails" time="170.022" classname="com.DAMBCD_June23.tc.TC003_DAMBasicDetails"/>
  <testcase name="basicDetails" time="169.913" classname="com.DAMBCD_June23.tc.TC003_DAMBasicDetails"/>
  <testcase name="basicDetails" time="167.361" classname="com.DAMBCD_June23.tc.TC003_DAMBasicDetails"/>
  <testcase name="basicDetails" time="170.349" classname="com.DAMBCD_June23.tc.TC003_DAMBasicDetails"/>
  <testcase name="basicDetails" time="189.970" classname="com.DAMBCD_June23.tc.TC003_DAMBasicDetails"/>
  <testcase name="basicDetails" time="167.486" classname="com.DAMBCD_June23.tc.TC003_DAMBasicDetails"/>
  <testcase name="basicDetails" time="167.372" classname="com.DAMBCD_June23.tc.TC003_DAMBasicDetails"/>
  <testcase name="basicDetails" time="189.850" classname="com.DAMBCD_June23.tc.TC003_DAMBasicDetails"/>
  <testcase name="basicDetails" time="167.650" classname="com.DAMBCD_June23.tc.TC003_DAMBasicDetails"/>
  <testcase name="basicDetails" time="167.098" classname="com.DAMBCD_June23.tc.TC003_DAMBasicDetails"/>
  <testcase name="basicDetails" time="190.000" classname="com.DAMBCD_June23.tc.TC003_DAMBasicDetails"/>
  <testcase name="basicDetails" time="167.589" classname="com.DAMBCD_June23.tc.TC003_DAMBasicDetails"/>
  <testcase name="basicDetails" time="192.351" classname="com.DAMBCD_June23.tc.TC003_DAMBasicDetails"/>
  <testcase name="basicDetails" time="167.578" classname="com.DAMBCD_June23.tc.TC003_DAMBasicDetails"/>
  <testcase name="basicDetails" time="191.858" classname="com.DAMBCD_June23.tc.TC003_DAMBasicDetails"/>
  <testcase name="basicDetails" time="167.442" classname="com.DAMBCD_June23.tc.TC003_DAMBasicDetails"/>
  <testcase name="basicDetails" time="167.936" classname="com.DAMBCD_June23.tc.TC003_DAMBasicDetails"/>
  <testcase name="basicDetails" time="189.559" classname="com.DAMBCD_June23.tc.TC003_DAMBasicDetails"/>
  <testcase name="basicDetails" time="169.739" classname="com.DAMBCD_June23.tc.TC003_DAMBasicDetails"/>
  <testcase name="basicDetails" time="191.701" classname="com.DAMBCD_June23.tc.TC003_DAMBasicDetails"/>
  <testcase name="basicDetails" time="189.736" classname="com.DAMBCD_June23.tc.TC003_DAMBasicDetails"/>
  <testcase name="basicDetails" time="169.679" classname="com.DAMBCD_June23.tc.TC003_DAMBasicDetails"/>
  <testcase name="basicDetails" time="167.868" classname="com.DAMBCD_June23.tc.TC003_DAMBasicDetails"/>
  <testcase name="basicDetails" time="167.489" classname="com.DAMBCD_June23.tc.TC003_DAMBasicDetails"/>
  <testcase name="basicDetails" time="189.714" classname="com.DAMBCD_June23.tc.TC003_DAMBasicDetails"/>
  <testcase name="basicDetails" time="189.979" classname="com.DAMBCD_June23.tc.TC003_DAMBasicDetails"/>
  <testcase name="basicDetails" time="192.164" classname="com.DAMBCD_June23.tc.TC003_DAMBasicDetails"/>
  <testcase name="basicDetails" time="189.873" classname="com.DAMBCD_June23.tc.TC003_DAMBasicDetails"/>
  <testcase name="basicDetails" time="167.663" classname="com.DAMBCD_June23.tc.TC003_DAMBasicDetails"/>
  <testcase name="basicDetails" time="169.771" classname="com.DAMBCD_June23.tc.TC003_DAMBasicDetails"/>
  <testcase name="basicDetails" time="192.365" classname="com.DAMBCD_June23.tc.TC003_DAMBasicDetails"/>
  <testcase name="basicDetails" time="190.473" classname="com.DAMBCD_June23.tc.TC003_DAMBasicDetails"/>
  <testcase name="basicDetails" time="189.822" classname="com.DAMBCD_June23.tc.TC003_DAMBasicDetails"/>
  <testcase name="basicDetails" time="189.552" classname="com.DAMBCD_June23.tc.TC003_DAMBasicDetails"/>
  <testcase name="basicDetails" time="189.971" classname="com.DAMBCD_June23.tc.TC003_DAMBasicDetails"/>
  <testcase name="basicDetails" time="167.703" classname="com.DAMBCD_June23.tc.TC003_DAMBasicDetails"/>
  <testcase name="basicDetails" time="169.476" classname="com.DAMBCD_June23.tc.TC003_DAMBasicDetails"/>
  <testcase name="basicDetails" time="169.502" classname="com.DAMBCD_June23.tc.TC003_DAMBasicDetails"/>
  <testcase name="basicDetails" time="189.591" classname="com.DAMBCD_June23.tc.TC003_DAMBasicDetails"/>
  <testcase name="basicDetails" time="167.913" classname="com.DAMBCD_June23.tc.TC003_DAMBasicDetails"/>
  <testcase name="basicDetails" time="167.558" classname="com.DAMBCD_June23.tc.TC003_DAMBasicDetails"/>
  <testcase name="basicDetails" time="167.584" classname="com.DAMBCD_June23.tc.TC003_DAMBasicDetails"/>
  <testcase name="basicDetails" time="167.136" classname="com.DAMBCD_June23.tc.TC003_DAMBasicDetails"/>
  <testcase name="basicDetails" time="190.054" classname="com.DAMBCD_June23.tc.TC003_DAMBasicDetails"/>
  <testcase name="basicDetails" time="169.951" classname="com.DAMBCD_June23.tc.TC003_DAMBasicDetails"/>
  <testcase name="basicDetails" time="169.746" classname="com.DAMBCD_June23.tc.TC003_DAMBasicDetails"/>
  <testcase name="basicDetails" time="167.916" classname="com.DAMBCD_June23.tc.TC003_DAMBasicDetails"/>
  <testcase name="basicDetails" time="189.851" classname="com.DAMBCD_June23.tc.TC003_DAMBasicDetails"/>
  <testcase name="basicDetails" time="167.442" classname="com.DAMBCD_June23.tc.TC003_DAMBasicDetails"/>
  <testcase name="basicDetails" time="192.043" classname="com.DAMBCD_June23.tc.TC003_DAMBasicDetails"/>
  <testcase name="basicDetails" time="189.926" classname="com.DAMBCD_June23.tc.TC003_DAMBasicDetails"/>
  <testcase name="basicDetails" time="170.107" classname="com.DAMBCD_June23.tc.TC003_DAMBasicDetails"/>
  <testcase name="basicDetails" time="189.647" classname="com.DAMBCD_June23.tc.TC003_DAMBasicDetails"/>
  <testcase name="basicDetails" time="170.031" classname="com.DAMBCD_June23.tc.TC003_DAMBasicDetails"/>
  <testcase name="basicDetails" time="189.558" classname="com.DAMBCD_June23.tc.TC003_DAMBasicDetails"/>
  <testcase name="basicDetails" time="189.954" classname="com.DAMBCD_June23.tc.TC003_DAMBasicDetails"/>
  <testcase name="basicDetails" time="190.070" classname="com.DAMBCD_June23.tc.TC003_DAMBasicDetails"/>
  <testcase name="basicDetails" time="162.782" classname="com.DAMBCD_June23.tc.TC003_DAMBasicDetails"/>
  <testcase name="basicDetails" time="167.677" classname="com.DAMBCD_June23.tc.TC003_DAMBasicDetails"/>
  <testcase name="basicDetails" time="169.918" classname="com.DAMBCD_June23.tc.TC003_DAMBasicDetails"/>
  <testcase name="basicDetails" time="189.597" classname="com.DAMBCD_June23.tc.TC003_DAMBasicDetails"/>
  <testcase name="basicDetails" time="166.980" classname="com.DAMBCD_June23.tc.TC003_DAMBasicDetails"/>
  <testcase name="basicDetails" time="169.774" classname="com.DAMBCD_June23.tc.TC003_DAMBasicDetails"/>
  <testcase name="basicDetails" time="192.325" classname="com.DAMBCD_June23.tc.TC003_DAMBasicDetails"/>
  <testcase name="basicDetails" time="170.020" classname="com.DAMBCD_June23.tc.TC003_DAMBasicDetails"/>
  <testcase name="basicDetails" time="189.735" classname="com.DAMBCD_June23.tc.TC003_DAMBasicDetails"/>
  <testcase name="basicDetails" time="189.848" classname="com.DAMBCD_June23.tc.TC003_DAMBasicDetails"/>
  <testcase name="basicDetails" time="192.262" classname="com.DAMBCD_June23.tc.TC003_DAMBasicDetails"/>
  <testcase name="basicDetails" time="168.011" classname="com.DAMBCD_June23.tc.TC003_DAMBasicDetails"/>
  <testcase name="basicDetails" time="167.696" classname="com.DAMBCD_June23.tc.TC003_DAMBasicDetails"/>
  <testcase name="basicDetails" time="167.492" classname="com.DAMBCD_June23.tc.TC003_DAMBasicDetails"/>
  <testcase name="basicDetails" time="167.457" classname="com.DAMBCD_June23.tc.TC003_DAMBasicDetails"/>
  <testcase name="basicDetails" time="167.567" classname="com.DAMBCD_June23.tc.TC003_DAMBasicDetails"/>
  <testcase name="basicDetails" time="167.456" classname="com.DAMBCD_June23.tc.TC003_DAMBasicDetails"/>
  <testcase name="basicDetails" time="162.553" classname="com.DAMBCD_June23.tc.TC003_DAMBasicDetails"/>
  <testcase name="basicDetails" time="168.573" classname="com.DAMBCD_June23.tc.TC003_DAMBasicDetails"/>
  <testcase name="basicDetails" time="192.581" classname="com.DAMBCD_June23.tc.TC003_DAMBasicDetails"/>
  <testcase name="basicDetails" time="190.123" classname="com.DAMBCD_June23.tc.TC003_DAMBasicDetails"/>
  <testcase name="basicDetails" time="169.677" classname="com.DAMBCD_June23.tc.TC003_DAMBasicDetails"/>
  <testcase name="basicDetails" time="189.807" classname="com.DAMBCD_June23.tc.TC003_DAMBasicDetails"/>
  <testcase name="basicDetails" time="167.229" classname="com.DAMBCD_June23.tc.TC003_DAMBasicDetails"/>
  <testcase name="basicDetails" time="192.508" classname="com.DAMBCD_June23.tc.TC003_DAMBasicDetails"/>
  <testcase name="basicDetails" time="169.797" classname="com.DAMBCD_June23.tc.TC003_DAMBasicDetails"/>
  <testcase name="basicDetails" time="169.803" classname="com.DAMBCD_June23.tc.TC003_DAMBasicDetails"/>
  <testcase name="basicDetails" time="192.238" classname="com.DAMBCD_June23.tc.TC003_DAMBasicDetails"/>
  <testcase name="basicDetails" time="167.633" classname="com.DAMBCD_June23.tc.TC003_DAMBasicDetails"/>
  <testcase name="basicDetails" time="190.128" classname="com.DAMBCD_June23.tc.TC003_DAMBasicDetails"/>
  <testcase name="basicDetails" time="169.936" classname="com.DAMBCD_June23.tc.TC003_DAMBasicDetails"/>
  <testcase name="basicDetails" time="167.327" classname="com.DAMBCD_June23.tc.TC003_DAMBasicDetails"/>
  <testcase name="basicDetails" time="190.263" classname="com.DAMBCD_June23.tc.TC003_DAMBasicDetails"/>
  <testcase name="basicDetails" time="167.412" classname="com.DAMBCD_June23.tc.TC003_DAMBasicDetails"/>
  <testcase name="basicDetails" time="192.146" classname="com.DAMBCD_June23.tc.TC003_DAMBasicDetails"/>
  <testcase name="basicDetails" time="167.712" classname="com.DAMBCD_June23.tc.TC003_DAMBasicDetails"/>
  <testcase name="basicDetails" time="167.654" classname="com.DAMBCD_June23.tc.TC003_DAMBasicDetails"/>
  <testcase name="basicDetails" time="165.820" classname="com.DAMBCD_June23.tc.TC003_DAMBasicDetails"/>
</testsuite> <!-- com.DAMBCD_June23.tc.TC003_DAMBasicDetails -->
