<?xml version="1.0" encoding="UTF-8"?>
<!-- Generated by org.testng.reporters.JUnitReportReporter -->
<testsuite hostname="MAA011253A" failures="0" tests="40" name="com.RRB.tc.TC004_RRBBasicDetails" time="3193.823" errors="0" timestamp="2020-06-30T11:10:54 IST" skipped="0">
  <testcase classname="com.RRB.tc.TC004_RRBBasicDetails" name="basicDetails" time="77.326"/>
  <testcase classname="com.RRB.tc.TC004_RRBBasicDetails" name="basicDetails" time="80.814"/>
  <testcase classname="com.RRB.tc.TC004_RRBBasicDetails" name="basicDetails" time="82.690"/>
  <testcase classname="com.RRB.tc.TC004_RRBBasicDetails" name="basicDetails" time="77.437"/>
  <testcase classname="com.RRB.tc.TC004_RRBBasicDetails" name="basicDetails" time="77.229"/>
  <testcase classname="com.RRB.tc.TC004_RRBBasicDetails" name="basicDetails" time="78.231"/>
  <testcase classname="com.RRB.tc.TC004_RRBBasicDetails" name="basicDetails" time="80.023"/>
  <testcase classname="com.RRB.tc.TC004_RRBBasicDetails" name="basicDetails" time="78.598"/>
  <testcase classname="com.RRB.tc.TC004_RRBBasicDetails" name="basicDetails" time="77.532"/>
  <testcase classname="com.RRB.tc.TC004_RRBBasicDetails" name="basicDetails" time="77.044"/>
  <testcase classname="com.RRB.tc.TC004_RRBBasicDetails" name="basicDetails" time="79.720"/>
  <testcase classname="com.RRB.tc.TC004_RRBBasicDetails" name="basicDetails" time="77.739"/>
  <testcase classname="com.RRB.tc.TC004_RRBBasicDetails" name="basicDetails" time="76.750"/>
  <testcase classname="com.RRB.tc.TC004_RRBBasicDetails" name="basicDetails" time="76.607"/>
  <testcase classname="com.RRB.tc.TC004_RRBBasicDetails" name="basicDetails" time="78.576"/>
  <testcase classname="com.RRB.tc.TC004_RRBBasicDetails" name="basicDetails" time="78.486"/>
  <testcase classname="com.RRB.tc.TC004_RRBBasicDetails" name="basicDetails" time="76.676"/>
  <testcase classname="com.RRB.tc.TC004_RRBBasicDetails" name="basicDetails" time="86.765"/>
  <testcase classname="com.RRB.tc.TC004_RRBBasicDetails" name="basicDetails" time="75.731"/>
  <testcase classname="com.RRB.tc.TC004_RRBBasicDetails" name="basicDetails" time="76.963"/>
  <testcase classname="com.RRB.tc.TC004_RRBBasicDetails" name="basicDetails" time="91.331"/>
  <testcase classname="com.RRB.tc.TC004_RRBBasicDetails" name="basicDetails" time="80.917"/>
  <testcase classname="com.RRB.tc.TC004_RRBBasicDetails" name="basicDetails" time="83.609"/>
  <testcase classname="com.RRB.tc.TC004_RRBBasicDetails" name="basicDetails" time="78.929"/>
  <testcase classname="com.RRB.tc.TC004_RRBBasicDetails" name="basicDetails" time="79.168"/>
  <testcase classname="com.RRB.tc.TC004_RRBBasicDetails" name="basicDetails" time="81.796"/>
  <testcase classname="com.RRB.tc.TC004_RRBBasicDetails" name="basicDetails" time="80.370"/>
  <testcase classname="com.RRB.tc.TC004_RRBBasicDetails" name="basicDetails" time="77.897"/>
  <testcase classname="com.RRB.tc.TC004_RRBBasicDetails" name="basicDetails" time="79.500"/>
  <testcase classname="com.RRB.tc.TC004_RRBBasicDetails" name="basicDetails" time="78.408"/>
  <testcase classname="com.RRB.tc.TC004_RRBBasicDetails" name="basicDetails" time="80.590"/>
  <testcase classname="com.RRB.tc.TC004_RRBBasicDetails" name="basicDetails" time="77.772"/>
  <testcase classname="com.RRB.tc.TC004_RRBBasicDetails" name="basicDetails" time="78.329"/>
  <testcase classname="com.RRB.tc.TC004_RRBBasicDetails" name="basicDetails" time="82.842"/>
  <testcase classname="com.RRB.tc.TC004_RRBBasicDetails" name="basicDetails" time="82.161"/>
  <testcase classname="com.RRB.tc.TC004_RRBBasicDetails" name="basicDetails" time="76.466"/>
  <testcase classname="com.RRB.tc.TC004_RRBBasicDetails" name="basicDetails" time="81.182"/>
  <testcase classname="com.RRB.tc.TC004_RRBBasicDetails" name="basicDetails" time="78.660"/>
  <testcase classname="com.RRB.tc.TC004_RRBBasicDetails" name="basicDetails" time="91.687"/>
  <testcase classname="com.RRB.tc.TC004_RRBBasicDetails" name="basicDetails" time="81.272"/>
</testsuite> <!-- com.RRB.tc.TC004_RRBBasicDetails -->
