<?xml version="1.0" encoding="UTF-8"?>
<!-- Generated by org.testng.reporters.JUnitReportReporter -->
<testsuite skipped="0" hostname="MAA015435A" name="com.maha.tc.TC001_MAHABasicDetails" tests="1" failures="0" timestamp="04 Dec 2019 14:08:37 GMT" time="86.810" errors="0">
  <testcase name="basicDetails" time="86.810" classname="com.maha.tc.TC001_MAHABasicDetails"/>
</testsuite> <!-- com.maha.tc.TC001_MAHABasicDetails -->
