<?xml version="1.0" encoding="UTF-8"?>
<!-- Generated by org.testng.reporters.JUnitReportReporter -->
<testsuite skipped="0" hostname="MAA014482B" name="com.RBI9FEB22.tc.TC004_RBI9FEB22BasicDetails" tests="116" failures="0" timestamp="2022-02-21T18:53:28 IST" time="13954.974" errors="0">
  <testcase name="basicDetails" time="120.531" classname="com.RBI9FEB22.tc.TC004_RBI9FEB22BasicDetails"/>
  <testcase name="basicDetails" time="120.638" classname="com.RBI9FEB22.tc.TC004_RBI9FEB22BasicDetails"/>
  <testcase name="basicDetails" time="120.928" classname="com.RBI9FEB22.tc.TC004_RBI9FEB22BasicDetails"/>
  <testcase name="basicDetails" time="119.923" classname="com.RBI9FEB22.tc.TC004_RBI9FEB22BasicDetails"/>
  <testcase name="basicDetails" time="120.166" classname="com.RBI9FEB22.tc.TC004_RBI9FEB22BasicDetails"/>
  <testcase name="basicDetails" time="120.582" classname="com.RBI9FEB22.tc.TC004_RBI9FEB22BasicDetails"/>
  <testcase name="basicDetails" time="120.298" classname="com.RBI9FEB22.tc.TC004_RBI9FEB22BasicDetails"/>
  <testcase name="basicDetails" time="120.592" classname="com.RBI9FEB22.tc.TC004_RBI9FEB22BasicDetails"/>
  <testcase name="basicDetails" time="119.944" classname="com.RBI9FEB22.tc.TC004_RBI9FEB22BasicDetails"/>
  <testcase name="basicDetails" time="120.160" classname="com.RBI9FEB22.tc.TC004_RBI9FEB22BasicDetails"/>
  <testcase name="basicDetails" time="119.766" classname="com.RBI9FEB22.tc.TC004_RBI9FEB22BasicDetails"/>
  <testcase name="basicDetails" time="120.166" classname="com.RBI9FEB22.tc.TC004_RBI9FEB22BasicDetails"/>
  <testcase name="basicDetails" time="120.439" classname="com.RBI9FEB22.tc.TC004_RBI9FEB22BasicDetails"/>
  <testcase name="basicDetails" time="120.034" classname="com.RBI9FEB22.tc.TC004_RBI9FEB22BasicDetails"/>
  <testcase name="basicDetails" time="119.943" classname="com.RBI9FEB22.tc.TC004_RBI9FEB22BasicDetails"/>
  <testcase name="basicDetails" time="120.537" classname="com.RBI9FEB22.tc.TC004_RBI9FEB22BasicDetails"/>
  <testcase name="basicDetails" time="119.277" classname="com.RBI9FEB22.tc.TC004_RBI9FEB22BasicDetails"/>
  <testcase name="basicDetails" time="120.043" classname="com.RBI9FEB22.tc.TC004_RBI9FEB22BasicDetails"/>
  <testcase name="basicDetails" time="120.608" classname="com.RBI9FEB22.tc.TC004_RBI9FEB22BasicDetails"/>
  <testcase name="basicDetails" time="119.702" classname="com.RBI9FEB22.tc.TC004_RBI9FEB22BasicDetails"/>
  <testcase name="basicDetails" time="119.953" classname="com.RBI9FEB22.tc.TC004_RBI9FEB22BasicDetails"/>
  <testcase name="basicDetails" time="120.215" classname="com.RBI9FEB22.tc.TC004_RBI9FEB22BasicDetails"/>
  <testcase name="basicDetails" time="126.162" classname="com.RBI9FEB22.tc.TC004_RBI9FEB22BasicDetails"/>
  <testcase name="basicDetails" time="119.813" classname="com.RBI9FEB22.tc.TC004_RBI9FEB22BasicDetails"/>
  <testcase name="basicDetails" time="119.933" classname="com.RBI9FEB22.tc.TC004_RBI9FEB22BasicDetails"/>
  <testcase name="basicDetails" time="120.332" classname="com.RBI9FEB22.tc.TC004_RBI9FEB22BasicDetails"/>
  <testcase name="basicDetails" time="120.270" classname="com.RBI9FEB22.tc.TC004_RBI9FEB22BasicDetails"/>
  <testcase name="basicDetails" time="120.265" classname="com.RBI9FEB22.tc.TC004_RBI9FEB22BasicDetails"/>
  <testcase name="basicDetails" time="120.195" classname="com.RBI9FEB22.tc.TC004_RBI9FEB22BasicDetails"/>
  <testcase name="basicDetails" time="120.798" classname="com.RBI9FEB22.tc.TC004_RBI9FEB22BasicDetails"/>
  <testcase name="basicDetails" time="119.871" classname="com.RBI9FEB22.tc.TC004_RBI9FEB22BasicDetails"/>
  <testcase name="basicDetails" time="120.721" classname="com.RBI9FEB22.tc.TC004_RBI9FEB22BasicDetails"/>
  <testcase name="basicDetails" time="120.786" classname="com.RBI9FEB22.tc.TC004_RBI9FEB22BasicDetails"/>
  <testcase name="basicDetails" time="119.949" classname="com.RBI9FEB22.tc.TC004_RBI9FEB22BasicDetails"/>
  <testcase name="basicDetails" time="120.883" classname="com.RBI9FEB22.tc.TC004_RBI9FEB22BasicDetails"/>
  <testcase name="basicDetails" time="119.967" classname="com.RBI9FEB22.tc.TC004_RBI9FEB22BasicDetails"/>
  <testcase name="basicDetails" time="120.036" classname="com.RBI9FEB22.tc.TC004_RBI9FEB22BasicDetails"/>
  <testcase name="basicDetails" time="120.223" classname="com.RBI9FEB22.tc.TC004_RBI9FEB22BasicDetails"/>
  <testcase name="basicDetails" time="120.463" classname="com.RBI9FEB22.tc.TC004_RBI9FEB22BasicDetails"/>
  <testcase name="basicDetails" time="120.430" classname="com.RBI9FEB22.tc.TC004_RBI9FEB22BasicDetails"/>
  <testcase name="basicDetails" time="120.403" classname="com.RBI9FEB22.tc.TC004_RBI9FEB22BasicDetails"/>
  <testcase name="basicDetails" time="119.811" classname="com.RBI9FEB22.tc.TC004_RBI9FEB22BasicDetails"/>
  <testcase name="basicDetails" time="120.732" classname="com.RBI9FEB22.tc.TC004_RBI9FEB22BasicDetails"/>
  <testcase name="basicDetails" time="120.188" classname="com.RBI9FEB22.tc.TC004_RBI9FEB22BasicDetails"/>
  <testcase name="basicDetails" time="120.846" classname="com.RBI9FEB22.tc.TC004_RBI9FEB22BasicDetails"/>
  <testcase name="basicDetails" time="118.758" classname="com.RBI9FEB22.tc.TC004_RBI9FEB22BasicDetails"/>
  <testcase name="basicDetails" time="120.513" classname="com.RBI9FEB22.tc.TC004_RBI9FEB22BasicDetails"/>
  <testcase name="basicDetails" time="120.403" classname="com.RBI9FEB22.tc.TC004_RBI9FEB22BasicDetails"/>
  <testcase name="basicDetails" time="120.496" classname="com.RBI9FEB22.tc.TC004_RBI9FEB22BasicDetails"/>
  <testcase name="basicDetails" time="120.059" classname="com.RBI9FEB22.tc.TC004_RBI9FEB22BasicDetails"/>
  <testcase name="basicDetails" time="120.471" classname="com.RBI9FEB22.tc.TC004_RBI9FEB22BasicDetails"/>
  <testcase name="basicDetails" time="120.198" classname="com.RBI9FEB22.tc.TC004_RBI9FEB22BasicDetails"/>
  <testcase name="basicDetails" time="120.017" classname="com.RBI9FEB22.tc.TC004_RBI9FEB22BasicDetails"/>
  <testcase name="basicDetails" time="120.595" classname="com.RBI9FEB22.tc.TC004_RBI9FEB22BasicDetails"/>
  <testcase name="basicDetails" time="120.583" classname="com.RBI9FEB22.tc.TC004_RBI9FEB22BasicDetails"/>
  <testcase name="basicDetails" time="120.069" classname="com.RBI9FEB22.tc.TC004_RBI9FEB22BasicDetails"/>
  <testcase name="basicDetails" time="120.144" classname="com.RBI9FEB22.tc.TC004_RBI9FEB22BasicDetails"/>
  <testcase name="basicDetails" time="119.904" classname="com.RBI9FEB22.tc.TC004_RBI9FEB22BasicDetails"/>
  <testcase name="basicDetails" time="120.420" classname="com.RBI9FEB22.tc.TC004_RBI9FEB22BasicDetails"/>
  <testcase name="basicDetails" time="120.609" classname="com.RBI9FEB22.tc.TC004_RBI9FEB22BasicDetails"/>
  <testcase name="basicDetails" time="120.355" classname="com.RBI9FEB22.tc.TC004_RBI9FEB22BasicDetails"/>
  <testcase name="basicDetails" time="120.239" classname="com.RBI9FEB22.tc.TC004_RBI9FEB22BasicDetails"/>
  <testcase name="basicDetails" time="120.826" classname="com.RBI9FEB22.tc.TC004_RBI9FEB22BasicDetails"/>
  <testcase name="basicDetails" time="119.857" classname="com.RBI9FEB22.tc.TC004_RBI9FEB22BasicDetails"/>
  <testcase name="basicDetails" time="119.854" classname="com.RBI9FEB22.tc.TC004_RBI9FEB22BasicDetails"/>
  <testcase name="basicDetails" time="120.245" classname="com.RBI9FEB22.tc.TC004_RBI9FEB22BasicDetails"/>
  <testcase name="basicDetails" time="120.374" classname="com.RBI9FEB22.tc.TC004_RBI9FEB22BasicDetails"/>
  <testcase name="basicDetails" time="119.849" classname="com.RBI9FEB22.tc.TC004_RBI9FEB22BasicDetails"/>
  <testcase name="basicDetails" time="119.862" classname="com.RBI9FEB22.tc.TC004_RBI9FEB22BasicDetails"/>
  <testcase name="basicDetails" time="120.727" classname="com.RBI9FEB22.tc.TC004_RBI9FEB22BasicDetails"/>
  <testcase name="basicDetails" time="120.525" classname="com.RBI9FEB22.tc.TC004_RBI9FEB22BasicDetails"/>
  <testcase name="basicDetails" time="119.987" classname="com.RBI9FEB22.tc.TC004_RBI9FEB22BasicDetails"/>
  <testcase name="basicDetails" time="120.143" classname="com.RBI9FEB22.tc.TC004_RBI9FEB22BasicDetails"/>
  <testcase name="basicDetails" time="119.950" classname="com.RBI9FEB22.tc.TC004_RBI9FEB22BasicDetails"/>
  <testcase name="basicDetails" time="120.093" classname="com.RBI9FEB22.tc.TC004_RBI9FEB22BasicDetails"/>
  <testcase name="basicDetails" time="120.711" classname="com.RBI9FEB22.tc.TC004_RBI9FEB22BasicDetails"/>
  <testcase name="basicDetails" time="120.293" classname="com.RBI9FEB22.tc.TC004_RBI9FEB22BasicDetails"/>
  <testcase name="basicDetails" time="120.513" classname="com.RBI9FEB22.tc.TC004_RBI9FEB22BasicDetails"/>
  <testcase name="basicDetails" time="119.965" classname="com.RBI9FEB22.tc.TC004_RBI9FEB22BasicDetails"/>
  <testcase name="basicDetails" time="120.422" classname="com.RBI9FEB22.tc.TC004_RBI9FEB22BasicDetails"/>
  <testcase name="basicDetails" time="120.084" classname="com.RBI9FEB22.tc.TC004_RBI9FEB22BasicDetails"/>
  <testcase name="basicDetails" time="120.416" classname="com.RBI9FEB22.tc.TC004_RBI9FEB22BasicDetails"/>
  <testcase name="basicDetails" time="120.326" classname="com.RBI9FEB22.tc.TC004_RBI9FEB22BasicDetails"/>
  <testcase name="basicDetails" time="119.738" classname="com.RBI9FEB22.tc.TC004_RBI9FEB22BasicDetails"/>
  <testcase name="basicDetails" time="119.953" classname="com.RBI9FEB22.tc.TC004_RBI9FEB22BasicDetails"/>
  <testcase name="basicDetails" time="120.113" classname="com.RBI9FEB22.tc.TC004_RBI9FEB22BasicDetails"/>
  <testcase name="basicDetails" time="120.138" classname="com.RBI9FEB22.tc.TC004_RBI9FEB22BasicDetails"/>
  <testcase name="basicDetails" time="120.206" classname="com.RBI9FEB22.tc.TC004_RBI9FEB22BasicDetails"/>
  <testcase name="basicDetails" time="120.178" classname="com.RBI9FEB22.tc.TC004_RBI9FEB22BasicDetails"/>
  <testcase name="basicDetails" time="120.223" classname="com.RBI9FEB22.tc.TC004_RBI9FEB22BasicDetails"/>
  <testcase name="basicDetails" time="120.503" classname="com.RBI9FEB22.tc.TC004_RBI9FEB22BasicDetails"/>
  <testcase name="basicDetails" time="120.214" classname="com.RBI9FEB22.tc.TC004_RBI9FEB22BasicDetails"/>
  <testcase name="basicDetails" time="119.971" classname="com.RBI9FEB22.tc.TC004_RBI9FEB22BasicDetails"/>
  <testcase name="basicDetails" time="120.441" classname="com.RBI9FEB22.tc.TC004_RBI9FEB22BasicDetails"/>
  <testcase name="basicDetails" time="120.572" classname="com.RBI9FEB22.tc.TC004_RBI9FEB22BasicDetails"/>
  <testcase name="basicDetails" time="120.120" classname="com.RBI9FEB22.tc.TC004_RBI9FEB22BasicDetails"/>
  <testcase name="basicDetails" time="120.436" classname="com.RBI9FEB22.tc.TC004_RBI9FEB22BasicDetails"/>
  <testcase name="basicDetails" time="120.595" classname="com.RBI9FEB22.tc.TC004_RBI9FEB22BasicDetails"/>
  <testcase name="basicDetails" time="120.480" classname="com.RBI9FEB22.tc.TC004_RBI9FEB22BasicDetails"/>
  <testcase name="basicDetails" time="119.760" classname="com.RBI9FEB22.tc.TC004_RBI9FEB22BasicDetails"/>
  <testcase name="basicDetails" time="120.298" classname="com.RBI9FEB22.tc.TC004_RBI9FEB22BasicDetails"/>
  <testcase name="basicDetails" time="120.270" classname="com.RBI9FEB22.tc.TC004_RBI9FEB22BasicDetails"/>
  <testcase name="basicDetails" time="119.980" classname="com.RBI9FEB22.tc.TC004_RBI9FEB22BasicDetails"/>
  <testcase name="basicDetails" time="120.384" classname="com.RBI9FEB22.tc.TC004_RBI9FEB22BasicDetails"/>
  <testcase name="basicDetails" time="120.173" classname="com.RBI9FEB22.tc.TC004_RBI9FEB22BasicDetails"/>
  <testcase name="basicDetails" time="120.846" classname="com.RBI9FEB22.tc.TC004_RBI9FEB22BasicDetails"/>
  <testcase name="basicDetails" time="120.371" classname="com.RBI9FEB22.tc.TC004_RBI9FEB22BasicDetails"/>
  <testcase name="basicDetails" time="120.871" classname="com.RBI9FEB22.tc.TC004_RBI9FEB22BasicDetails"/>
  <testcase name="basicDetails" time="120.220" classname="com.RBI9FEB22.tc.TC004_RBI9FEB22BasicDetails"/>
  <testcase name="basicDetails" time="120.153" classname="com.RBI9FEB22.tc.TC004_RBI9FEB22BasicDetails"/>
  <testcase name="basicDetails" time="120.093" classname="com.RBI9FEB22.tc.TC004_RBI9FEB22BasicDetails"/>
  <testcase name="basicDetails" time="120.155" classname="com.RBI9FEB22.tc.TC004_RBI9FEB22BasicDetails"/>
  <testcase name="basicDetails" time="120.448" classname="com.RBI9FEB22.tc.TC004_RBI9FEB22BasicDetails"/>
  <testcase name="basicDetails" time="120.081" classname="com.RBI9FEB22.tc.TC004_RBI9FEB22BasicDetails"/>
  <testcase name="basicDetails" time="120.428" classname="com.RBI9FEB22.tc.TC004_RBI9FEB22BasicDetails"/>
  <testcase name="basicDetails" time="120.185" classname="com.RBI9FEB22.tc.TC004_RBI9FEB22BasicDetails"/>
</testsuite> <!-- com.RBI9FEB22.tc.TC004_RBI9FEB22BasicDetails -->
