<?xml version="1.0" encoding="UTF-8"?>
<!-- Generated by org.testng.reporters.JUnitReportReporter -->
<testsuite skipped="0" hostname="MAA014482B" name="com.DRDO.tc.TC002_DRDOBasicDetails" tests="33" failures="0" timestamp="2022-08-19T23:09:19 IST" time="5759.353" errors="0">
  <testcase name="basicDetails" time="176.293" classname="com.DRDO.tc.TC002_DRDOBasicDetails"/>
  <testcase name="basicDetails" time="175.659" classname="com.DRDO.tc.TC002_DRDOBasicDetails"/>
  <testcase name="basicDetails" time="176.984" classname="com.DRDO.tc.TC002_DRDOBasicDetails"/>
  <testcase name="basicDetails" time="172.005" classname="com.DRDO.tc.TC002_DRDOBasicDetails"/>
  <testcase name="basicDetails" time="174.382" classname="com.DRDO.tc.TC002_DRDOBasicDetails"/>
  <testcase name="basicDetails" time="171.712" classname="com.DRDO.tc.TC002_DRDOBasicDetails"/>
  <testcase name="basicDetails" time="176.071" classname="com.DRDO.tc.TC002_DRDOBasicDetails"/>
  <testcase name="basicDetails" time="174.145" classname="com.DRDO.tc.TC002_DRDOBasicDetails"/>
  <testcase name="basicDetails" time="178.336" classname="com.DRDO.tc.TC002_DRDOBasicDetails"/>
  <testcase name="basicDetails" time="174.101" classname="com.DRDO.tc.TC002_DRDOBasicDetails"/>
  <testcase name="basicDetails" time="179.118" classname="com.DRDO.tc.TC002_DRDOBasicDetails"/>
  <testcase name="basicDetails" time="171.922" classname="com.DRDO.tc.TC002_DRDOBasicDetails"/>
  <testcase name="basicDetails" time="175.855" classname="com.DRDO.tc.TC002_DRDOBasicDetails"/>
  <testcase name="basicDetails" time="171.999" classname="com.DRDO.tc.TC002_DRDOBasicDetails"/>
  <testcase name="basicDetails" time="174.316" classname="com.DRDO.tc.TC002_DRDOBasicDetails"/>
  <testcase name="basicDetails" time="174.373" classname="com.DRDO.tc.TC002_DRDOBasicDetails"/>
  <testcase name="basicDetails" time="174.573" classname="com.DRDO.tc.TC002_DRDOBasicDetails"/>
  <testcase name="basicDetails" time="177.260" classname="com.DRDO.tc.TC002_DRDOBasicDetails"/>
  <testcase name="basicDetails" time="171.646" classname="com.DRDO.tc.TC002_DRDOBasicDetails"/>
  <testcase name="basicDetails" time="174.045" classname="com.DRDO.tc.TC002_DRDOBasicDetails"/>
  <testcase name="basicDetails" time="176.492" classname="com.DRDO.tc.TC002_DRDOBasicDetails"/>
  <testcase name="basicDetails" time="171.632" classname="com.DRDO.tc.TC002_DRDOBasicDetails"/>
  <testcase name="basicDetails" time="174.203" classname="com.DRDO.tc.TC002_DRDOBasicDetails"/>
  <testcase name="basicDetails" time="176.239" classname="com.DRDO.tc.TC002_DRDOBasicDetails"/>
  <testcase name="basicDetails" time="173.915" classname="com.DRDO.tc.TC002_DRDOBasicDetails"/>
  <testcase name="basicDetails" time="177.512" classname="com.DRDO.tc.TC002_DRDOBasicDetails"/>
  <testcase name="basicDetails" time="176.522" classname="com.DRDO.tc.TC002_DRDOBasicDetails"/>
  <testcase name="basicDetails" time="174.107" classname="com.DRDO.tc.TC002_DRDOBasicDetails"/>
  <testcase name="basicDetails" time="171.820" classname="com.DRDO.tc.TC002_DRDOBasicDetails"/>
  <testcase name="basicDetails" time="176.696" classname="com.DRDO.tc.TC002_DRDOBasicDetails"/>
  <testcase name="basicDetails" time="172.033" classname="com.DRDO.tc.TC002_DRDOBasicDetails"/>
  <testcase name="basicDetails" time="171.825" classname="com.DRDO.tc.TC002_DRDOBasicDetails"/>
  <testcase name="basicDetails" time="171.562" classname="com.DRDO.tc.TC002_DRDOBasicDetails"/>
</testsuite> <!-- com.DRDO.tc.TC002_DRDOBasicDetails -->
