<?xml version="1.0" encoding="UTF-8"?>
<!-- Generated by org.testng.reporters.JUnitReportReporter -->
<testsuite skipped="0" hostname="MAA014482B" name="com.IB_Feb23.tc.TC004_IBBasicDetails" tests="73" failures="0" timestamp="2023-02-20T18:53:20 IST" time="11897.561" errors="0">
  <testcase name="basicDetails" time="162.614" classname="com.IB_Feb23.tc.TC004_IBBasicDetails"/>
  <testcase name="basicDetails" time="163.087" classname="com.IB_Feb23.tc.TC004_IBBasicDetails"/>
  <testcase name="basicDetails" time="162.444" classname="com.IB_Feb23.tc.TC004_IBBasicDetails"/>
  <testcase name="basicDetails" time="162.317" classname="com.IB_Feb23.tc.TC004_IBBasicDetails"/>
  <testcase name="basicDetails" time="163.317" classname="com.IB_Feb23.tc.TC004_IBBasicDetails"/>
  <testcase name="basicDetails" time="162.355" classname="com.IB_Feb23.tc.TC004_IBBasicDetails"/>
  <testcase name="basicDetails" time="163.163" classname="com.IB_Feb23.tc.TC004_IBBasicDetails"/>
  <testcase name="basicDetails" time="163.585" classname="com.IB_Feb23.tc.TC004_IBBasicDetails"/>
  <testcase name="basicDetails" time="162.553" classname="com.IB_Feb23.tc.TC004_IBBasicDetails"/>
  <testcase name="basicDetails" time="161.877" classname="com.IB_Feb23.tc.TC004_IBBasicDetails"/>
  <testcase name="basicDetails" time="163.467" classname="com.IB_Feb23.tc.TC004_IBBasicDetails"/>
  <testcase name="basicDetails" time="161.994" classname="com.IB_Feb23.tc.TC004_IBBasicDetails"/>
  <testcase name="basicDetails" time="162.963" classname="com.IB_Feb23.tc.TC004_IBBasicDetails"/>
  <testcase name="basicDetails" time="163.143" classname="com.IB_Feb23.tc.TC004_IBBasicDetails"/>
  <testcase name="basicDetails" time="162.430" classname="com.IB_Feb23.tc.TC004_IBBasicDetails"/>
  <testcase name="basicDetails" time="162.388" classname="com.IB_Feb23.tc.TC004_IBBasicDetails"/>
  <testcase name="basicDetails" time="163.768" classname="com.IB_Feb23.tc.TC004_IBBasicDetails"/>
  <testcase name="basicDetails" time="161.822" classname="com.IB_Feb23.tc.TC004_IBBasicDetails"/>
  <testcase name="basicDetails" time="164.078" classname="com.IB_Feb23.tc.TC004_IBBasicDetails"/>
  <testcase name="basicDetails" time="163.033" classname="com.IB_Feb23.tc.TC004_IBBasicDetails"/>
  <testcase name="basicDetails" time="162.964" classname="com.IB_Feb23.tc.TC004_IBBasicDetails"/>
  <testcase name="basicDetails" time="163.872" classname="com.IB_Feb23.tc.TC004_IBBasicDetails"/>
  <testcase name="basicDetails" time="162.223" classname="com.IB_Feb23.tc.TC004_IBBasicDetails"/>
  <testcase name="basicDetails" time="163.472" classname="com.IB_Feb23.tc.TC004_IBBasicDetails"/>
  <testcase name="basicDetails" time="170.209" classname="com.IB_Feb23.tc.TC004_IBBasicDetails"/>
  <testcase name="basicDetails" time="163.352" classname="com.IB_Feb23.tc.TC004_IBBasicDetails"/>
  <testcase name="basicDetails" time="163.411" classname="com.IB_Feb23.tc.TC004_IBBasicDetails"/>
  <testcase name="basicDetails" time="163.194" classname="com.IB_Feb23.tc.TC004_IBBasicDetails"/>
  <testcase name="basicDetails" time="162.063" classname="com.IB_Feb23.tc.TC004_IBBasicDetails"/>
  <testcase name="basicDetails" time="163.098" classname="com.IB_Feb23.tc.TC004_IBBasicDetails"/>
  <testcase name="basicDetails" time="163.714" classname="com.IB_Feb23.tc.TC004_IBBasicDetails"/>
  <testcase name="basicDetails" time="163.070" classname="com.IB_Feb23.tc.TC004_IBBasicDetails"/>
  <testcase name="basicDetails" time="162.412" classname="com.IB_Feb23.tc.TC004_IBBasicDetails"/>
  <testcase name="basicDetails" time="163.255" classname="com.IB_Feb23.tc.TC004_IBBasicDetails"/>
  <testcase name="basicDetails" time="163.548" classname="com.IB_Feb23.tc.TC004_IBBasicDetails"/>
  <testcase name="basicDetails" time="163.308" classname="com.IB_Feb23.tc.TC004_IBBasicDetails"/>
  <testcase name="basicDetails" time="163.348" classname="com.IB_Feb23.tc.TC004_IBBasicDetails"/>
  <testcase name="basicDetails" time="163.423" classname="com.IB_Feb23.tc.TC004_IBBasicDetails"/>
  <testcase name="basicDetails" time="162.114" classname="com.IB_Feb23.tc.TC004_IBBasicDetails"/>
  <testcase name="basicDetails" time="161.897" classname="com.IB_Feb23.tc.TC004_IBBasicDetails"/>
  <testcase name="basicDetails" time="162.471" classname="com.IB_Feb23.tc.TC004_IBBasicDetails"/>
  <testcase name="basicDetails" time="162.251" classname="com.IB_Feb23.tc.TC004_IBBasicDetails"/>
  <testcase name="basicDetails" time="162.484" classname="com.IB_Feb23.tc.TC004_IBBasicDetails"/>
  <testcase name="basicDetails" time="163.688" classname="com.IB_Feb23.tc.TC004_IBBasicDetails"/>
  <testcase name="basicDetails" time="163.595" classname="com.IB_Feb23.tc.TC004_IBBasicDetails"/>
  <testcase name="basicDetails" time="162.626" classname="com.IB_Feb23.tc.TC004_IBBasicDetails"/>
  <testcase name="basicDetails" time="163.318" classname="com.IB_Feb23.tc.TC004_IBBasicDetails"/>
  <testcase name="basicDetails" time="162.276" classname="com.IB_Feb23.tc.TC004_IBBasicDetails"/>
  <testcase name="basicDetails" time="164.043" classname="com.IB_Feb23.tc.TC004_IBBasicDetails"/>
  <testcase name="basicDetails" time="163.267" classname="com.IB_Feb23.tc.TC004_IBBasicDetails"/>
  <testcase name="basicDetails" time="163.798" classname="com.IB_Feb23.tc.TC004_IBBasicDetails"/>
  <testcase name="basicDetails" time="163.648" classname="com.IB_Feb23.tc.TC004_IBBasicDetails"/>
  <testcase name="basicDetails" time="161.971" classname="com.IB_Feb23.tc.TC004_IBBasicDetails"/>
  <testcase name="basicDetails" time="162.138" classname="com.IB_Feb23.tc.TC004_IBBasicDetails"/>
  <testcase name="basicDetails" time="162.506" classname="com.IB_Feb23.tc.TC004_IBBasicDetails"/>
  <testcase name="basicDetails" time="162.231" classname="com.IB_Feb23.tc.TC004_IBBasicDetails"/>
  <testcase name="basicDetails" time="162.084" classname="com.IB_Feb23.tc.TC004_IBBasicDetails"/>
  <testcase name="basicDetails" time="162.217" classname="com.IB_Feb23.tc.TC004_IBBasicDetails"/>
  <testcase name="basicDetails" time="163.656" classname="com.IB_Feb23.tc.TC004_IBBasicDetails"/>
  <testcase name="basicDetails" time="162.295" classname="com.IB_Feb23.tc.TC004_IBBasicDetails"/>
  <testcase name="basicDetails" time="163.490" classname="com.IB_Feb23.tc.TC004_IBBasicDetails"/>
  <testcase name="basicDetails" time="162.118" classname="com.IB_Feb23.tc.TC004_IBBasicDetails"/>
  <testcase name="basicDetails" time="162.003" classname="com.IB_Feb23.tc.TC004_IBBasicDetails"/>
  <testcase name="basicDetails" time="163.643" classname="com.IB_Feb23.tc.TC004_IBBasicDetails"/>
  <testcase name="basicDetails" time="162.913" classname="com.IB_Feb23.tc.TC004_IBBasicDetails"/>
  <testcase name="basicDetails" time="162.250" classname="com.IB_Feb23.tc.TC004_IBBasicDetails"/>
  <testcase name="basicDetails" time="162.304" classname="com.IB_Feb23.tc.TC004_IBBasicDetails"/>
  <testcase name="basicDetails" time="163.224" classname="com.IB_Feb23.tc.TC004_IBBasicDetails"/>
  <testcase name="basicDetails" time="163.011" classname="com.IB_Feb23.tc.TC004_IBBasicDetails"/>
  <testcase name="basicDetails" time="162.685" classname="com.IB_Feb23.tc.TC004_IBBasicDetails"/>
  <testcase name="basicDetails" time="163.209" classname="com.IB_Feb23.tc.TC004_IBBasicDetails"/>
  <testcase name="basicDetails" time="162.621" classname="com.IB_Feb23.tc.TC004_IBBasicDetails"/>
  <testcase name="basicDetails" time="163.182" classname="com.IB_Feb23.tc.TC004_IBBasicDetails"/>
</testsuite> <!-- com.IB_Feb23.tc.TC004_IBBasicDetails -->
