<?xml version="1.0" encoding="UTF-8"?>
<!-- Generated by org.testng.reporters.JUnitReportReporter -->
<testsuite skipped="0" hostname="MAA014482B" name="com.FCI_3_18Aug22.tc.TC005_FCIIIBasicDetails" tests="65" failures="0" timestamp="2022-09-05T14:38:23 IST" time="10478.094" errors="0">
  <testcase name="basicDetails" time="160.614" classname="com.FCI_3_18Aug22.tc.TC005_FCIIIBasicDetails"/>
  <testcase name="basicDetails" time="161.273" classname="com.FCI_3_18Aug22.tc.TC005_FCIIIBasicDetails"/>
  <testcase name="basicDetails" time="160.431" classname="com.FCI_3_18Aug22.tc.TC005_FCIIIBasicDetails"/>
  <testcase name="basicDetails" time="162.094" classname="com.FCI_3_18Aug22.tc.TC005_FCIIIBasicDetails"/>
  <testcase name="basicDetails" time="160.560" classname="com.FCI_3_18Aug22.tc.TC005_FCIIIBasicDetails"/>
  <testcase name="basicDetails" time="160.494" classname="com.FCI_3_18Aug22.tc.TC005_FCIIIBasicDetails"/>
  <testcase name="basicDetails" time="160.295" classname="com.FCI_3_18Aug22.tc.TC005_FCIIIBasicDetails"/>
  <testcase name="basicDetails" time="161.880" classname="com.FCI_3_18Aug22.tc.TC005_FCIIIBasicDetails"/>
  <testcase name="basicDetails" time="160.751" classname="com.FCI_3_18Aug22.tc.TC005_FCIIIBasicDetails"/>
  <testcase name="basicDetails" time="160.807" classname="com.FCI_3_18Aug22.tc.TC005_FCIIIBasicDetails"/>
  <testcase name="basicDetails" time="161.036" classname="com.FCI_3_18Aug22.tc.TC005_FCIIIBasicDetails"/>
  <testcase name="basicDetails" time="160.487" classname="com.FCI_3_18Aug22.tc.TC005_FCIIIBasicDetails"/>
  <testcase name="basicDetails" time="160.453" classname="com.FCI_3_18Aug22.tc.TC005_FCIIIBasicDetails"/>
  <testcase name="basicDetails" time="161.360" classname="com.FCI_3_18Aug22.tc.TC005_FCIIIBasicDetails"/>
  <testcase name="basicDetails" time="161.643" classname="com.FCI_3_18Aug22.tc.TC005_FCIIIBasicDetails"/>
  <testcase name="basicDetails" time="161.504" classname="com.FCI_3_18Aug22.tc.TC005_FCIIIBasicDetails"/>
  <testcase name="basicDetails" time="161.355" classname="com.FCI_3_18Aug22.tc.TC005_FCIIIBasicDetails"/>
  <testcase name="basicDetails" time="160.850" classname="com.FCI_3_18Aug22.tc.TC005_FCIIIBasicDetails"/>
  <testcase name="basicDetails" time="159.893" classname="com.FCI_3_18Aug22.tc.TC005_FCIIIBasicDetails"/>
  <testcase name="basicDetails" time="160.420" classname="com.FCI_3_18Aug22.tc.TC005_FCIIIBasicDetails"/>
  <testcase name="basicDetails" time="160.611" classname="com.FCI_3_18Aug22.tc.TC005_FCIIIBasicDetails"/>
  <testcase name="basicDetails" time="160.593" classname="com.FCI_3_18Aug22.tc.TC005_FCIIIBasicDetails"/>
  <testcase name="basicDetails" time="160.439" classname="com.FCI_3_18Aug22.tc.TC005_FCIIIBasicDetails"/>
  <testcase name="basicDetails" time="162.450" classname="com.FCI_3_18Aug22.tc.TC005_FCIIIBasicDetails"/>
  <testcase name="basicDetails" time="160.704" classname="com.FCI_3_18Aug22.tc.TC005_FCIIIBasicDetails"/>
  <testcase name="basicDetails" time="161.739" classname="com.FCI_3_18Aug22.tc.TC005_FCIIIBasicDetails"/>
  <testcase name="basicDetails" time="162.004" classname="com.FCI_3_18Aug22.tc.TC005_FCIIIBasicDetails"/>
  <testcase name="basicDetails" time="160.675" classname="com.FCI_3_18Aug22.tc.TC005_FCIIIBasicDetails"/>
  <testcase name="basicDetails" time="162.249" classname="com.FCI_3_18Aug22.tc.TC005_FCIIIBasicDetails"/>
  <testcase name="basicDetails" time="161.727" classname="com.FCI_3_18Aug22.tc.TC005_FCIIIBasicDetails"/>
  <testcase name="basicDetails" time="160.712" classname="com.FCI_3_18Aug22.tc.TC005_FCIIIBasicDetails"/>
  <testcase name="basicDetails" time="160.652" classname="com.FCI_3_18Aug22.tc.TC005_FCIIIBasicDetails"/>
  <testcase name="basicDetails" time="162.037" classname="com.FCI_3_18Aug22.tc.TC005_FCIIIBasicDetails"/>
  <testcase name="basicDetails" time="161.902" classname="com.FCI_3_18Aug22.tc.TC005_FCIIIBasicDetails"/>
  <testcase name="basicDetails" time="162.066" classname="com.FCI_3_18Aug22.tc.TC005_FCIIIBasicDetails"/>
  <testcase name="basicDetails" time="160.982" classname="com.FCI_3_18Aug22.tc.TC005_FCIIIBasicDetails"/>
  <testcase name="basicDetails" time="162.075" classname="com.FCI_3_18Aug22.tc.TC005_FCIIIBasicDetails"/>
  <testcase name="basicDetails" time="160.795" classname="com.FCI_3_18Aug22.tc.TC005_FCIIIBasicDetails"/>
  <testcase name="basicDetails" time="161.279" classname="com.FCI_3_18Aug22.tc.TC005_FCIIIBasicDetails"/>
  <testcase name="basicDetails" time="160.698" classname="com.FCI_3_18Aug22.tc.TC005_FCIIIBasicDetails"/>
  <testcase name="basicDetails" time="160.884" classname="com.FCI_3_18Aug22.tc.TC005_FCIIIBasicDetails"/>
  <testcase name="basicDetails" time="160.466" classname="com.FCI_3_18Aug22.tc.TC005_FCIIIBasicDetails"/>
  <testcase name="basicDetails" time="161.005" classname="com.FCI_3_18Aug22.tc.TC005_FCIIIBasicDetails"/>
  <testcase name="basicDetails" time="161.286" classname="com.FCI_3_18Aug22.tc.TC005_FCIIIBasicDetails"/>
  <testcase name="basicDetails" time="160.984" classname="com.FCI_3_18Aug22.tc.TC005_FCIIIBasicDetails"/>
  <testcase name="basicDetails" time="162.242" classname="com.FCI_3_18Aug22.tc.TC005_FCIIIBasicDetails"/>
  <testcase name="basicDetails" time="160.927" classname="com.FCI_3_18Aug22.tc.TC005_FCIIIBasicDetails"/>
  <testcase name="basicDetails" time="160.595" classname="com.FCI_3_18Aug22.tc.TC005_FCIIIBasicDetails"/>
  <testcase name="basicDetails" time="160.930" classname="com.FCI_3_18Aug22.tc.TC005_FCIIIBasicDetails"/>
  <testcase name="basicDetails" time="161.967" classname="com.FCI_3_18Aug22.tc.TC005_FCIIIBasicDetails"/>
  <testcase name="basicDetails" time="162.049" classname="com.FCI_3_18Aug22.tc.TC005_FCIIIBasicDetails"/>
  <testcase name="basicDetails" time="160.458" classname="com.FCI_3_18Aug22.tc.TC005_FCIIIBasicDetails"/>
  <testcase name="basicDetails" time="160.744" classname="com.FCI_3_18Aug22.tc.TC005_FCIIIBasicDetails"/>
  <testcase name="basicDetails" time="161.784" classname="com.FCI_3_18Aug22.tc.TC005_FCIIIBasicDetails"/>
  <testcase name="basicDetails" time="161.808" classname="com.FCI_3_18Aug22.tc.TC005_FCIIIBasicDetails"/>
  <testcase name="basicDetails" time="160.875" classname="com.FCI_3_18Aug22.tc.TC005_FCIIIBasicDetails"/>
  <testcase name="basicDetails" time="161.980" classname="com.FCI_3_18Aug22.tc.TC005_FCIIIBasicDetails"/>
  <testcase name="basicDetails" time="160.620" classname="com.FCI_3_18Aug22.tc.TC005_FCIIIBasicDetails"/>
  <testcase name="basicDetails" time="161.742" classname="com.FCI_3_18Aug22.tc.TC005_FCIIIBasicDetails"/>
  <testcase name="basicDetails" time="161.510" classname="com.FCI_3_18Aug22.tc.TC005_FCIIIBasicDetails"/>
  <testcase name="basicDetails" time="161.354" classname="com.FCI_3_18Aug22.tc.TC005_FCIIIBasicDetails"/>
  <testcase name="basicDetails" time="163.637" classname="com.FCI_3_18Aug22.tc.TC005_FCIIIBasicDetails"/>
  <testcase name="basicDetails" time="160.719" classname="com.FCI_3_18Aug22.tc.TC005_FCIIIBasicDetails"/>
  <testcase name="basicDetails" time="161.753" classname="com.FCI_3_18Aug22.tc.TC005_FCIIIBasicDetails"/>
  <testcase name="basicDetails" time="161.186" classname="com.FCI_3_18Aug22.tc.TC005_FCIIIBasicDetails"/>
</testsuite> <!-- com.FCI_3_18Aug22.tc.TC005_FCIIIBasicDetails -->
