<?xml version="1.0" encoding="UTF-8"?>
<!-- Generated by org.testng.reporters.JUnitReportReporter -->
<testsuite skipped="0" hostname="MAA014482B" name="com.CSB_20Oct22.tc.TC003_CSBBasicDetails" tests="125" failures="0" timestamp="2022-12-29T07:03:58 IST" time="20609.057" errors="0">
  <testcase name="basicDetails" time="164.846" classname="com.CSB_20Oct22.tc.TC003_CSBBasicDetails"/>
  <testcase name="basicDetails" time="164.492" classname="com.CSB_20Oct22.tc.TC003_CSBBasicDetails"/>
  <testcase name="basicDetails" time="165.883" classname="com.CSB_20Oct22.tc.TC003_CSBBasicDetails"/>
  <testcase name="basicDetails" time="164.320" classname="com.CSB_20Oct22.tc.TC003_CSBBasicDetails"/>
  <testcase name="basicDetails" time="164.543" classname="com.CSB_20Oct22.tc.TC003_CSBBasicDetails"/>
  <testcase name="basicDetails" time="164.331" classname="com.CSB_20Oct22.tc.TC003_CSBBasicDetails"/>
  <testcase name="basicDetails" time="164.600" classname="com.CSB_20Oct22.tc.TC003_CSBBasicDetails"/>
  <testcase name="basicDetails" time="164.956" classname="com.CSB_20Oct22.tc.TC003_CSBBasicDetails"/>
  <testcase name="basicDetails" time="164.595" classname="com.CSB_20Oct22.tc.TC003_CSBBasicDetails"/>
  <testcase name="basicDetails" time="164.355" classname="com.CSB_20Oct22.tc.TC003_CSBBasicDetails"/>
  <testcase name="basicDetails" time="165.518" classname="com.CSB_20Oct22.tc.TC003_CSBBasicDetails"/>
  <testcase name="basicDetails" time="164.639" classname="com.CSB_20Oct22.tc.TC003_CSBBasicDetails"/>
  <testcase name="basicDetails" time="164.571" classname="com.CSB_20Oct22.tc.TC003_CSBBasicDetails"/>
  <testcase name="basicDetails" time="164.604" classname="com.CSB_20Oct22.tc.TC003_CSBBasicDetails"/>
  <testcase name="basicDetails" time="164.755" classname="com.CSB_20Oct22.tc.TC003_CSBBasicDetails"/>
  <testcase name="basicDetails" time="164.680" classname="com.CSB_20Oct22.tc.TC003_CSBBasicDetails"/>
  <testcase name="basicDetails" time="164.558" classname="com.CSB_20Oct22.tc.TC003_CSBBasicDetails"/>
  <testcase name="basicDetails" time="165.517" classname="com.CSB_20Oct22.tc.TC003_CSBBasicDetails"/>
  <testcase name="basicDetails" time="165.291" classname="com.CSB_20Oct22.tc.TC003_CSBBasicDetails"/>
  <testcase name="basicDetails" time="164.871" classname="com.CSB_20Oct22.tc.TC003_CSBBasicDetails"/>
  <testcase name="basicDetails" time="165.891" classname="com.CSB_20Oct22.tc.TC003_CSBBasicDetails"/>
  <testcase name="basicDetails" time="165.215" classname="com.CSB_20Oct22.tc.TC003_CSBBasicDetails"/>
  <testcase name="basicDetails" time="165.689" classname="com.CSB_20Oct22.tc.TC003_CSBBasicDetails"/>
  <testcase name="basicDetails" time="164.444" classname="com.CSB_20Oct22.tc.TC003_CSBBasicDetails"/>
  <testcase name="basicDetails" time="165.005" classname="com.CSB_20Oct22.tc.TC003_CSBBasicDetails"/>
  <testcase name="basicDetails" time="165.933" classname="com.CSB_20Oct22.tc.TC003_CSBBasicDetails"/>
  <testcase name="basicDetails" time="164.340" classname="com.CSB_20Oct22.tc.TC003_CSBBasicDetails"/>
  <testcase name="basicDetails" time="165.916" classname="com.CSB_20Oct22.tc.TC003_CSBBasicDetails"/>
  <testcase name="basicDetails" time="164.421" classname="com.CSB_20Oct22.tc.TC003_CSBBasicDetails"/>
  <testcase name="basicDetails" time="165.659" classname="com.CSB_20Oct22.tc.TC003_CSBBasicDetails"/>
  <testcase name="basicDetails" time="164.419" classname="com.CSB_20Oct22.tc.TC003_CSBBasicDetails"/>
  <testcase name="basicDetails" time="164.548" classname="com.CSB_20Oct22.tc.TC003_CSBBasicDetails"/>
  <testcase name="basicDetails" time="165.397" classname="com.CSB_20Oct22.tc.TC003_CSBBasicDetails"/>
  <testcase name="basicDetails" time="164.558" classname="com.CSB_20Oct22.tc.TC003_CSBBasicDetails"/>
  <testcase name="basicDetails" time="164.699" classname="com.CSB_20Oct22.tc.TC003_CSBBasicDetails"/>
  <testcase name="basicDetails" time="164.582" classname="com.CSB_20Oct22.tc.TC003_CSBBasicDetails"/>
  <testcase name="basicDetails" time="164.476" classname="com.CSB_20Oct22.tc.TC003_CSBBasicDetails"/>
  <testcase name="basicDetails" time="165.688" classname="com.CSB_20Oct22.tc.TC003_CSBBasicDetails"/>
  <testcase name="basicDetails" time="164.272" classname="com.CSB_20Oct22.tc.TC003_CSBBasicDetails"/>
  <testcase name="basicDetails" time="164.864" classname="com.CSB_20Oct22.tc.TC003_CSBBasicDetails"/>
  <testcase name="basicDetails" time="164.202" classname="com.CSB_20Oct22.tc.TC003_CSBBasicDetails"/>
  <testcase name="basicDetails" time="165.797" classname="com.CSB_20Oct22.tc.TC003_CSBBasicDetails"/>
  <testcase name="basicDetails" time="164.387" classname="com.CSB_20Oct22.tc.TC003_CSBBasicDetails"/>
  <testcase name="basicDetails" time="165.442" classname="com.CSB_20Oct22.tc.TC003_CSBBasicDetails"/>
  <testcase name="basicDetails" time="163.681" classname="com.CSB_20Oct22.tc.TC003_CSBBasicDetails"/>
  <testcase name="basicDetails" time="164.678" classname="com.CSB_20Oct22.tc.TC003_CSBBasicDetails"/>
  <testcase name="basicDetails" time="164.423" classname="com.CSB_20Oct22.tc.TC003_CSBBasicDetails"/>
  <testcase name="basicDetails" time="164.420" classname="com.CSB_20Oct22.tc.TC003_CSBBasicDetails"/>
  <testcase name="basicDetails" time="164.605" classname="com.CSB_20Oct22.tc.TC003_CSBBasicDetails"/>
  <testcase name="basicDetails" time="164.628" classname="com.CSB_20Oct22.tc.TC003_CSBBasicDetails"/>
  <testcase name="basicDetails" time="164.413" classname="com.CSB_20Oct22.tc.TC003_CSBBasicDetails"/>
  <testcase name="basicDetails" time="165.614" classname="com.CSB_20Oct22.tc.TC003_CSBBasicDetails"/>
  <testcase name="basicDetails" time="164.185" classname="com.CSB_20Oct22.tc.TC003_CSBBasicDetails"/>
  <testcase name="basicDetails" time="165.486" classname="com.CSB_20Oct22.tc.TC003_CSBBasicDetails"/>
  <testcase name="basicDetails" time="166.060" classname="com.CSB_20Oct22.tc.TC003_CSBBasicDetails"/>
  <testcase name="basicDetails" time="165.248" classname="com.CSB_20Oct22.tc.TC003_CSBBasicDetails"/>
  <testcase name="basicDetails" time="164.802" classname="com.CSB_20Oct22.tc.TC003_CSBBasicDetails"/>
  <testcase name="basicDetails" time="163.902" classname="com.CSB_20Oct22.tc.TC003_CSBBasicDetails"/>
  <testcase name="basicDetails" time="164.568" classname="com.CSB_20Oct22.tc.TC003_CSBBasicDetails"/>
  <testcase name="basicDetails" time="163.763" classname="com.CSB_20Oct22.tc.TC003_CSBBasicDetails"/>
  <testcase name="basicDetails" time="164.754" classname="com.CSB_20Oct22.tc.TC003_CSBBasicDetails"/>
  <testcase name="basicDetails" time="165.770" classname="com.CSB_20Oct22.tc.TC003_CSBBasicDetails"/>
  <testcase name="basicDetails" time="164.329" classname="com.CSB_20Oct22.tc.TC003_CSBBasicDetails"/>
  <testcase name="basicDetails" time="164.476" classname="com.CSB_20Oct22.tc.TC003_CSBBasicDetails"/>
  <testcase name="basicDetails" time="164.804" classname="com.CSB_20Oct22.tc.TC003_CSBBasicDetails"/>
  <testcase name="basicDetails" time="164.542" classname="com.CSB_20Oct22.tc.TC003_CSBBasicDetails"/>
  <testcase name="basicDetails" time="164.659" classname="com.CSB_20Oct22.tc.TC003_CSBBasicDetails"/>
  <testcase name="basicDetails" time="164.780" classname="com.CSB_20Oct22.tc.TC003_CSBBasicDetails"/>
  <testcase name="basicDetails" time="165.599" classname="com.CSB_20Oct22.tc.TC003_CSBBasicDetails"/>
  <testcase name="basicDetails" time="164.423" classname="com.CSB_20Oct22.tc.TC003_CSBBasicDetails"/>
  <testcase name="basicDetails" time="164.321" classname="com.CSB_20Oct22.tc.TC003_CSBBasicDetails"/>
  <testcase name="basicDetails" time="165.492" classname="com.CSB_20Oct22.tc.TC003_CSBBasicDetails"/>
  <testcase name="basicDetails" time="165.466" classname="com.CSB_20Oct22.tc.TC003_CSBBasicDetails"/>
  <testcase name="basicDetails" time="164.626" classname="com.CSB_20Oct22.tc.TC003_CSBBasicDetails"/>
  <testcase name="basicDetails" time="164.276" classname="com.CSB_20Oct22.tc.TC003_CSBBasicDetails"/>
  <testcase name="basicDetails" time="164.775" classname="com.CSB_20Oct22.tc.TC003_CSBBasicDetails"/>
  <testcase name="basicDetails" time="164.186" classname="com.CSB_20Oct22.tc.TC003_CSBBasicDetails"/>
  <testcase name="basicDetails" time="165.291" classname="com.CSB_20Oct22.tc.TC003_CSBBasicDetails"/>
  <testcase name="basicDetails" time="165.659" classname="com.CSB_20Oct22.tc.TC003_CSBBasicDetails"/>
  <testcase name="basicDetails" time="165.409" classname="com.CSB_20Oct22.tc.TC003_CSBBasicDetails"/>
  <testcase name="basicDetails" time="164.308" classname="com.CSB_20Oct22.tc.TC003_CSBBasicDetails"/>
  <testcase name="basicDetails" time="164.588" classname="com.CSB_20Oct22.tc.TC003_CSBBasicDetails"/>
  <testcase name="basicDetails" time="164.498" classname="com.CSB_20Oct22.tc.TC003_CSBBasicDetails"/>
  <testcase name="basicDetails" time="164.650" classname="com.CSB_20Oct22.tc.TC003_CSBBasicDetails"/>
  <testcase name="basicDetails" time="165.693" classname="com.CSB_20Oct22.tc.TC003_CSBBasicDetails"/>
  <testcase name="basicDetails" time="164.100" classname="com.CSB_20Oct22.tc.TC003_CSBBasicDetails"/>
  <testcase name="basicDetails" time="165.381" classname="com.CSB_20Oct22.tc.TC003_CSBBasicDetails"/>
  <testcase name="basicDetails" time="166.033" classname="com.CSB_20Oct22.tc.TC003_CSBBasicDetails"/>
  <testcase name="basicDetails" time="164.495" classname="com.CSB_20Oct22.tc.TC003_CSBBasicDetails"/>
  <testcase name="basicDetails" time="163.482" classname="com.CSB_20Oct22.tc.TC003_CSBBasicDetails"/>
  <testcase name="basicDetails" time="163.986" classname="com.CSB_20Oct22.tc.TC003_CSBBasicDetails"/>
  <testcase name="basicDetails" time="165.494" classname="com.CSB_20Oct22.tc.TC003_CSBBasicDetails"/>
  <testcase name="basicDetails" time="165.617" classname="com.CSB_20Oct22.tc.TC003_CSBBasicDetails"/>
  <testcase name="basicDetails" time="165.800" classname="com.CSB_20Oct22.tc.TC003_CSBBasicDetails"/>
  <testcase name="basicDetails" time="165.523" classname="com.CSB_20Oct22.tc.TC003_CSBBasicDetails"/>
  <testcase name="basicDetails" time="164.705" classname="com.CSB_20Oct22.tc.TC003_CSBBasicDetails"/>
  <testcase name="basicDetails" time="165.915" classname="com.CSB_20Oct22.tc.TC003_CSBBasicDetails"/>
  <testcase name="basicDetails" time="164.909" classname="com.CSB_20Oct22.tc.TC003_CSBBasicDetails"/>
  <testcase name="basicDetails" time="165.271" classname="com.CSB_20Oct22.tc.TC003_CSBBasicDetails"/>
  <testcase name="basicDetails" time="164.649" classname="com.CSB_20Oct22.tc.TC003_CSBBasicDetails"/>
  <testcase name="basicDetails" time="164.395" classname="com.CSB_20Oct22.tc.TC003_CSBBasicDetails"/>
  <testcase name="basicDetails" time="165.700" classname="com.CSB_20Oct22.tc.TC003_CSBBasicDetails"/>
  <testcase name="basicDetails" time="164.902" classname="com.CSB_20Oct22.tc.TC003_CSBBasicDetails"/>
  <testcase name="basicDetails" time="164.477" classname="com.CSB_20Oct22.tc.TC003_CSBBasicDetails"/>
  <testcase name="basicDetails" time="164.804" classname="com.CSB_20Oct22.tc.TC003_CSBBasicDetails"/>
  <testcase name="basicDetails" time="164.421" classname="com.CSB_20Oct22.tc.TC003_CSBBasicDetails"/>
  <testcase name="basicDetails" time="164.483" classname="com.CSB_20Oct22.tc.TC003_CSBBasicDetails"/>
  <testcase name="basicDetails" time="164.269" classname="com.CSB_20Oct22.tc.TC003_CSBBasicDetails"/>
  <testcase name="basicDetails" time="165.594" classname="com.CSB_20Oct22.tc.TC003_CSBBasicDetails"/>
  <testcase name="basicDetails" time="164.612" classname="com.CSB_20Oct22.tc.TC003_CSBBasicDetails"/>
  <testcase name="basicDetails" time="164.692" classname="com.CSB_20Oct22.tc.TC003_CSBBasicDetails"/>
  <testcase name="basicDetails" time="164.530" classname="com.CSB_20Oct22.tc.TC003_CSBBasicDetails"/>
  <testcase name="basicDetails" time="165.780" classname="com.CSB_20Oct22.tc.TC003_CSBBasicDetails"/>
  <testcase name="basicDetails" time="164.522" classname="com.CSB_20Oct22.tc.TC003_CSBBasicDetails"/>
  <testcase name="basicDetails" time="165.458" classname="com.CSB_20Oct22.tc.TC003_CSBBasicDetails"/>
  <testcase name="basicDetails" time="164.461" classname="com.CSB_20Oct22.tc.TC003_CSBBasicDetails"/>
  <testcase name="basicDetails" time="165.482" classname="com.CSB_20Oct22.tc.TC003_CSBBasicDetails"/>
  <testcase name="basicDetails" time="164.416" classname="com.CSB_20Oct22.tc.TC003_CSBBasicDetails"/>
  <testcase name="basicDetails" time="164.388" classname="com.CSB_20Oct22.tc.TC003_CSBBasicDetails"/>
  <testcase name="basicDetails" time="165.511" classname="com.CSB_20Oct22.tc.TC003_CSBBasicDetails"/>
  <testcase name="basicDetails" time="164.323" classname="com.CSB_20Oct22.tc.TC003_CSBBasicDetails"/>
  <testcase name="basicDetails" time="164.450" classname="com.CSB_20Oct22.tc.TC003_CSBBasicDetails"/>
  <testcase name="basicDetails" time="165.397" classname="com.CSB_20Oct22.tc.TC003_CSBBasicDetails"/>
  <testcase name="basicDetails" time="165.748" classname="com.CSB_20Oct22.tc.TC003_CSBBasicDetails"/>
  <testcase name="basicDetails" time="165.264" classname="com.CSB_20Oct22.tc.TC003_CSBBasicDetails"/>
</testsuite> <!-- com.CSB_20Oct22.tc.TC003_CSBBasicDetails -->
