<?xml version="1.0" encoding="UTF-8"?>
<!-- Generated by org.testng.reporters.JUnitReportReporter -->
<testsuite skipped="0" hostname="MAA014482B" name="com.BOI24Feb22.tc.TC001_BOIBasicDetails" tests="57" failures="0" timestamp="2022-03-11T16:58:11 IST" time="6688.360" errors="0">
  <testcase name="basicDetails" time="117.650" classname="com.BOI24Feb22.tc.TC001_BOIBasicDetails"/>
  <testcase name="basicDetails" time="118.233" classname="com.BOI24Feb22.tc.TC001_BOIBasicDetails"/>
  <testcase name="basicDetails" time="116.772" classname="com.BOI24Feb22.tc.TC001_BOIBasicDetails"/>
  <testcase name="basicDetails" time="117.732" classname="com.BOI24Feb22.tc.TC001_BOIBasicDetails"/>
  <testcase name="basicDetails" time="118.393" classname="com.BOI24Feb22.tc.TC001_BOIBasicDetails"/>
  <testcase name="basicDetails" time="116.538" classname="com.BOI24Feb22.tc.TC001_BOIBasicDetails"/>
  <testcase name="basicDetails" time="116.646" classname="com.BOI24Feb22.tc.TC001_BOIBasicDetails"/>
  <testcase name="basicDetails" time="117.724" classname="com.BOI24Feb22.tc.TC001_BOIBasicDetails"/>
  <testcase name="basicDetails" time="116.436" classname="com.BOI24Feb22.tc.TC001_BOIBasicDetails"/>
  <testcase name="basicDetails" time="117.865" classname="com.BOI24Feb22.tc.TC001_BOIBasicDetails"/>
  <testcase name="basicDetails" time="116.358" classname="com.BOI24Feb22.tc.TC001_BOIBasicDetails"/>
  <testcase name="basicDetails" time="118.087" classname="com.BOI24Feb22.tc.TC001_BOIBasicDetails"/>
  <testcase name="basicDetails" time="116.352" classname="com.BOI24Feb22.tc.TC001_BOIBasicDetails"/>
  <testcase name="basicDetails" time="117.991" classname="com.BOI24Feb22.tc.TC001_BOIBasicDetails"/>
  <testcase name="basicDetails" time="116.277" classname="com.BOI24Feb22.tc.TC001_BOIBasicDetails"/>
  <testcase name="basicDetails" time="117.456" classname="com.BOI24Feb22.tc.TC001_BOIBasicDetails"/>
  <testcase name="basicDetails" time="117.577" classname="com.BOI24Feb22.tc.TC001_BOIBasicDetails"/>
  <testcase name="basicDetails" time="118.251" classname="com.BOI24Feb22.tc.TC001_BOIBasicDetails"/>
  <testcase name="basicDetails" time="117.897" classname="com.BOI24Feb22.tc.TC001_BOIBasicDetails"/>
  <testcase name="basicDetails" time="116.597" classname="com.BOI24Feb22.tc.TC001_BOIBasicDetails"/>
  <testcase name="basicDetails" time="118.621" classname="com.BOI24Feb22.tc.TC001_BOIBasicDetails"/>
  <testcase name="basicDetails" time="117.487" classname="com.BOI24Feb22.tc.TC001_BOIBasicDetails"/>
  <testcase name="basicDetails" time="116.766" classname="com.BOI24Feb22.tc.TC001_BOIBasicDetails"/>
  <testcase name="basicDetails" time="116.815" classname="com.BOI24Feb22.tc.TC001_BOIBasicDetails"/>
  <testcase name="basicDetails" time="117.735" classname="com.BOI24Feb22.tc.TC001_BOIBasicDetails"/>
  <testcase name="basicDetails" time="118.529" classname="com.BOI24Feb22.tc.TC001_BOIBasicDetails"/>
  <testcase name="basicDetails" time="116.285" classname="com.BOI24Feb22.tc.TC001_BOIBasicDetails"/>
  <testcase name="basicDetails" time="116.650" classname="com.BOI24Feb22.tc.TC001_BOIBasicDetails"/>
  <testcase name="basicDetails" time="117.899" classname="com.BOI24Feb22.tc.TC001_BOIBasicDetails"/>
  <testcase name="basicDetails" time="118.059" classname="com.BOI24Feb22.tc.TC001_BOIBasicDetails"/>
  <testcase name="basicDetails" time="117.754" classname="com.BOI24Feb22.tc.TC001_BOIBasicDetails"/>
  <testcase name="basicDetails" time="117.609" classname="com.BOI24Feb22.tc.TC001_BOIBasicDetails"/>
  <testcase name="basicDetails" time="116.810" classname="com.BOI24Feb22.tc.TC001_BOIBasicDetails"/>
  <testcase name="basicDetails" time="117.802" classname="com.BOI24Feb22.tc.TC001_BOIBasicDetails"/>
  <testcase name="basicDetails" time="118.339" classname="com.BOI24Feb22.tc.TC001_BOIBasicDetails"/>
  <testcase name="basicDetails" time="117.767" classname="com.BOI24Feb22.tc.TC001_BOIBasicDetails"/>
  <testcase name="basicDetails" time="116.055" classname="com.BOI24Feb22.tc.TC001_BOIBasicDetails"/>
  <testcase name="basicDetails" time="116.401" classname="com.BOI24Feb22.tc.TC001_BOIBasicDetails"/>
  <testcase name="basicDetails" time="117.975" classname="com.BOI24Feb22.tc.TC001_BOIBasicDetails"/>
  <testcase name="basicDetails" time="117.882" classname="com.BOI24Feb22.tc.TC001_BOIBasicDetails"/>
  <testcase name="basicDetails" time="116.866" classname="com.BOI24Feb22.tc.TC001_BOIBasicDetails"/>
  <testcase name="basicDetails" time="117.437" classname="com.BOI24Feb22.tc.TC001_BOIBasicDetails"/>
  <testcase name="basicDetails" time="117.552" classname="com.BOI24Feb22.tc.TC001_BOIBasicDetails"/>
  <testcase name="basicDetails" time="116.465" classname="com.BOI24Feb22.tc.TC001_BOIBasicDetails"/>
  <testcase name="basicDetails" time="116.318" classname="com.BOI24Feb22.tc.TC001_BOIBasicDetails"/>
  <testcase name="basicDetails" time="116.687" classname="com.BOI24Feb22.tc.TC001_BOIBasicDetails"/>
  <testcase name="basicDetails" time="116.961" classname="com.BOI24Feb22.tc.TC001_BOIBasicDetails"/>
  <testcase name="basicDetails" time="117.994" classname="com.BOI24Feb22.tc.TC001_BOIBasicDetails"/>
  <testcase name="basicDetails" time="118.108" classname="com.BOI24Feb22.tc.TC001_BOIBasicDetails"/>
  <testcase name="basicDetails" time="117.346" classname="com.BOI24Feb22.tc.TC001_BOIBasicDetails"/>
  <testcase name="basicDetails" time="116.170" classname="com.BOI24Feb22.tc.TC001_BOIBasicDetails"/>
  <testcase name="basicDetails" time="118.018" classname="com.BOI24Feb22.tc.TC001_BOIBasicDetails"/>
  <testcase name="basicDetails" time="116.752" classname="com.BOI24Feb22.tc.TC001_BOIBasicDetails"/>
  <testcase name="basicDetails" time="117.812" classname="com.BOI24Feb22.tc.TC001_BOIBasicDetails"/>
  <testcase name="basicDetails" time="118.337" classname="com.BOI24Feb22.tc.TC001_BOIBasicDetails"/>
  <testcase name="basicDetails" time="115.994" classname="com.BOI24Feb22.tc.TC001_BOIBasicDetails"/>
  <testcase name="basicDetails" time="117.471" classname="com.BOI24Feb22.tc.TC001_BOIBasicDetails"/>
</testsuite> <!-- com.BOI24Feb22.tc.TC001_BOIBasicDetails -->
