<?xml version="1.0" encoding="UTF-8"?>
<!-- Generated by org.testng.reporters.JUnitReportReporter -->
<testsuite skipped="0" hostname="MAA014482B" name="com.Shimla.tc.TC004_HPBasicDetails" tests="31" failures="0" timestamp="2023-03-03T15:03:02 IST" time="4887.686" errors="0">
  <testcase name="basicDetails" time="156.464" classname="com.Shimla.tc.TC004_HPBasicDetails"/>
  <testcase name="basicDetails" time="160.435" classname="com.Shimla.tc.TC004_HPBasicDetails"/>
  <testcase name="basicDetails" time="155.994" classname="com.Shimla.tc.TC004_HPBasicDetails"/>
  <testcase name="basicDetails" time="161.111" classname="com.Shimla.tc.TC004_HPBasicDetails"/>
  <testcase name="basicDetails" time="155.846" classname="com.Shimla.tc.TC004_HPBasicDetails"/>
  <testcase name="basicDetails" time="160.398" classname="com.Shimla.tc.TC004_HPBasicDetails"/>
  <testcase name="basicDetails" time="155.865" classname="com.Shimla.tc.TC004_HPBasicDetails"/>
  <testcase name="basicDetails" time="156.702" classname="com.Shimla.tc.TC004_HPBasicDetails"/>
  <testcase name="basicDetails" time="156.664" classname="com.Shimla.tc.TC004_HPBasicDetails"/>
  <testcase name="basicDetails" time="155.743" classname="com.Shimla.tc.TC004_HPBasicDetails"/>
  <testcase name="basicDetails" time="156.044" classname="com.Shimla.tc.TC004_HPBasicDetails"/>
  <testcase name="basicDetails" time="156.392" classname="com.Shimla.tc.TC004_HPBasicDetails"/>
  <testcase name="basicDetails" time="155.638" classname="com.Shimla.tc.TC004_HPBasicDetails"/>
  <testcase name="basicDetails" time="160.063" classname="com.Shimla.tc.TC004_HPBasicDetails"/>
  <testcase name="basicDetails" time="156.280" classname="com.Shimla.tc.TC004_HPBasicDetails"/>
  <testcase name="basicDetails" time="155.704" classname="com.Shimla.tc.TC004_HPBasicDetails"/>
  <testcase name="basicDetails" time="160.749" classname="com.Shimla.tc.TC004_HPBasicDetails"/>
  <testcase name="basicDetails" time="155.593" classname="com.Shimla.tc.TC004_HPBasicDetails"/>
  <testcase name="basicDetails" time="156.272" classname="com.Shimla.tc.TC004_HPBasicDetails"/>
  <testcase name="basicDetails" time="160.877" classname="com.Shimla.tc.TC004_HPBasicDetails"/>
  <testcase name="basicDetails" time="156.417" classname="com.Shimla.tc.TC004_HPBasicDetails"/>
  <testcase name="basicDetails" time="158.334" classname="com.Shimla.tc.TC004_HPBasicDetails"/>
  <testcase name="basicDetails" time="160.383" classname="com.Shimla.tc.TC004_HPBasicDetails"/>
  <testcase name="basicDetails" time="156.385" classname="com.Shimla.tc.TC004_HPBasicDetails"/>
  <testcase name="basicDetails" time="160.280" classname="com.Shimla.tc.TC004_HPBasicDetails"/>
  <testcase name="basicDetails" time="156.035" classname="com.Shimla.tc.TC004_HPBasicDetails"/>
  <testcase name="basicDetails" time="161.155" classname="com.Shimla.tc.TC004_HPBasicDetails"/>
  <testcase name="basicDetails" time="156.649" classname="com.Shimla.tc.TC004_HPBasicDetails"/>
  <testcase name="basicDetails" time="160.182" classname="com.Shimla.tc.TC004_HPBasicDetails"/>
  <testcase name="basicDetails" time="157.084" classname="com.Shimla.tc.TC004_HPBasicDetails"/>
  <testcase name="basicDetails" time="155.948" classname="com.Shimla.tc.TC004_HPBasicDetails"/>
</testsuite> <!-- com.Shimla.tc.TC004_HPBasicDetails -->
