<?xml version="1.0" encoding="UTF-8"?>
<!-- Generated by org.testng.reporters.JUnitReportReporter -->
<testsuite skipped="0" hostname="MAA014482B" name="com.NIA_July23.tc.TC002_NIABasicDetails" tests="54" failures="0" timestamp="2023-07-19T02:52:55 IST" time="9046.049" errors="0">
  <testcase name="basicDetails" time="185.509" classname="com.NIA_July23.tc.TC002_NIABasicDetails"/>
  <testcase name="basicDetails" time="157.861" classname="com.NIA_July23.tc.TC002_NIABasicDetails"/>
  <testcase name="basicDetails" time="185.398" classname="com.NIA_July23.tc.TC002_NIABasicDetails"/>
  <testcase name="basicDetails" time="158.172" classname="com.NIA_July23.tc.TC002_NIABasicDetails"/>
  <testcase name="basicDetails" time="157.543" classname="com.NIA_July23.tc.TC002_NIABasicDetails"/>
  <testcase name="basicDetails" time="185.736" classname="com.NIA_July23.tc.TC002_NIABasicDetails"/>
  <testcase name="basicDetails" time="159.049" classname="com.NIA_July23.tc.TC002_NIABasicDetails"/>
  <testcase name="basicDetails" time="156.875" classname="com.NIA_July23.tc.TC002_NIABasicDetails"/>
  <testcase name="basicDetails" time="158.896" classname="com.NIA_July23.tc.TC002_NIABasicDetails"/>
  <testcase name="basicDetails" time="157.818" classname="com.NIA_July23.tc.TC002_NIABasicDetails"/>
  <testcase name="basicDetails" time="186.178" classname="com.NIA_July23.tc.TC002_NIABasicDetails"/>
  <testcase name="basicDetails" time="185.140" classname="com.NIA_July23.tc.TC002_NIABasicDetails"/>
  <testcase name="basicDetails" time="157.836" classname="com.NIA_July23.tc.TC002_NIABasicDetails"/>
  <testcase name="basicDetails" time="158.378" classname="com.NIA_July23.tc.TC002_NIABasicDetails"/>
  <testcase name="basicDetails" time="185.478" classname="com.NIA_July23.tc.TC002_NIABasicDetails"/>
  <testcase name="basicDetails" time="158.055" classname="com.NIA_July23.tc.TC002_NIABasicDetails"/>
  <testcase name="basicDetails" time="156.600" classname="com.NIA_July23.tc.TC002_NIABasicDetails"/>
  <testcase name="basicDetails" time="185.146" classname="com.NIA_July23.tc.TC002_NIABasicDetails"/>
  <testcase name="basicDetails" time="158.355" classname="com.NIA_July23.tc.TC002_NIABasicDetails"/>
  <testcase name="basicDetails" time="185.522" classname="com.NIA_July23.tc.TC002_NIABasicDetails"/>
  <testcase name="basicDetails" time="158.759" classname="com.NIA_July23.tc.TC002_NIABasicDetails"/>
  <testcase name="basicDetails" time="186.002" classname="com.NIA_July23.tc.TC002_NIABasicDetails"/>
  <testcase name="basicDetails" time="158.532" classname="com.NIA_July23.tc.TC002_NIABasicDetails"/>
  <testcase name="basicDetails" time="185.617" classname="com.NIA_July23.tc.TC002_NIABasicDetails"/>
  <testcase name="basicDetails" time="185.350" classname="com.NIA_July23.tc.TC002_NIABasicDetails"/>
  <testcase name="basicDetails" time="157.051" classname="com.NIA_July23.tc.TC002_NIABasicDetails"/>
  <testcase name="basicDetails" time="158.157" classname="com.NIA_July23.tc.TC002_NIABasicDetails"/>
  <testcase name="basicDetails" time="158.192" classname="com.NIA_July23.tc.TC002_NIABasicDetails"/>
  <testcase name="basicDetails" time="158.909" classname="com.NIA_July23.tc.TC002_NIABasicDetails"/>
  <testcase name="basicDetails" time="156.629" classname="com.NIA_July23.tc.TC002_NIABasicDetails"/>
  <testcase name="basicDetails" time="159.066" classname="com.NIA_July23.tc.TC002_NIABasicDetails"/>
  <testcase name="basicDetails" time="159.468" classname="com.NIA_July23.tc.TC002_NIABasicDetails"/>
  <testcase name="basicDetails" time="159.724" classname="com.NIA_July23.tc.TC002_NIABasicDetails"/>
  <testcase name="basicDetails" time="157.498" classname="com.NIA_July23.tc.TC002_NIABasicDetails"/>
  <testcase name="basicDetails" time="186.810" classname="com.NIA_July23.tc.TC002_NIABasicDetails"/>
  <testcase name="basicDetails" time="159.418" classname="com.NIA_July23.tc.TC002_NIABasicDetails"/>
  <testcase name="basicDetails" time="157.922" classname="com.NIA_July23.tc.TC002_NIABasicDetails"/>
  <testcase name="basicDetails" time="186.604" classname="com.NIA_July23.tc.TC002_NIABasicDetails"/>
  <testcase name="basicDetails" time="185.469" classname="com.NIA_July23.tc.TC002_NIABasicDetails"/>
  <testcase name="basicDetails" time="159.276" classname="com.NIA_July23.tc.TC002_NIABasicDetails"/>
  <testcase name="basicDetails" time="164.013" classname="com.NIA_July23.tc.TC002_NIABasicDetails"/>
  <testcase name="basicDetails" time="159.228" classname="com.NIA_July23.tc.TC002_NIABasicDetails"/>
  <testcase name="basicDetails" time="185.407" classname="com.NIA_July23.tc.TC002_NIABasicDetails"/>
  <testcase name="basicDetails" time="186.139" classname="com.NIA_July23.tc.TC002_NIABasicDetails"/>
  <testcase name="basicDetails" time="159.437" classname="com.NIA_July23.tc.TC002_NIABasicDetails"/>
  <testcase name="basicDetails" time="158.240" classname="com.NIA_July23.tc.TC002_NIABasicDetails"/>
  <testcase name="basicDetails" time="158.012" classname="com.NIA_July23.tc.TC002_NIABasicDetails"/>
  <testcase name="basicDetails" time="158.163" classname="com.NIA_July23.tc.TC002_NIABasicDetails"/>
  <testcase name="basicDetails" time="158.023" classname="com.NIA_July23.tc.TC002_NIABasicDetails"/>
  <testcase name="basicDetails" time="157.956" classname="com.NIA_July23.tc.TC002_NIABasicDetails"/>
  <testcase name="basicDetails" time="186.340" classname="com.NIA_July23.tc.TC002_NIABasicDetails"/>
  <testcase name="basicDetails" time="156.658" classname="com.NIA_July23.tc.TC002_NIABasicDetails"/>
  <testcase name="basicDetails" time="159.287" classname="com.NIA_July23.tc.TC002_NIABasicDetails"/>
  <testcase name="basicDetails" time="185.148" classname="com.NIA_July23.tc.TC002_NIABasicDetails"/>
</testsuite> <!-- com.NIA_July23.tc.TC002_NIABasicDetails -->
