<?xml version="1.0" encoding="UTF-8"?>
<!-- Generated by org.testng.reporters.JUnitReportReporter -->
<testsuite skipped="0" hostname="MAA014482B" name="com.CSB_20Oct22.tc.TC001_CSBBasicDetails" tests="125" failures="0" timestamp="2022-12-29T07:03:58 IST" time="20596.557" errors="0">
  <testcase name="basicDetails" time="164.233" classname="com.CSB_20Oct22.tc.TC001_CSBBasicDetails"/>
  <testcase name="basicDetails" time="164.589" classname="com.CSB_20Oct22.tc.TC001_CSBBasicDetails"/>
  <testcase name="basicDetails" time="165.393" classname="com.CSB_20Oct22.tc.TC001_CSBBasicDetails"/>
  <testcase name="basicDetails" time="164.736" classname="com.CSB_20Oct22.tc.TC001_CSBBasicDetails"/>
  <testcase name="basicDetails" time="164.295" classname="com.CSB_20Oct22.tc.TC001_CSBBasicDetails"/>
  <testcase name="basicDetails" time="164.196" classname="com.CSB_20Oct22.tc.TC001_CSBBasicDetails"/>
  <testcase name="basicDetails" time="164.680" classname="com.CSB_20Oct22.tc.TC001_CSBBasicDetails"/>
  <testcase name="basicDetails" time="164.287" classname="com.CSB_20Oct22.tc.TC001_CSBBasicDetails"/>
  <testcase name="basicDetails" time="165.173" classname="com.CSB_20Oct22.tc.TC001_CSBBasicDetails"/>
  <testcase name="basicDetails" time="164.330" classname="com.CSB_20Oct22.tc.TC001_CSBBasicDetails"/>
  <testcase name="basicDetails" time="164.267" classname="com.CSB_20Oct22.tc.TC001_CSBBasicDetails"/>
  <testcase name="basicDetails" time="164.362" classname="com.CSB_20Oct22.tc.TC001_CSBBasicDetails"/>
  <testcase name="basicDetails" time="164.399" classname="com.CSB_20Oct22.tc.TC001_CSBBasicDetails"/>
  <testcase name="basicDetails" time="164.638" classname="com.CSB_20Oct22.tc.TC001_CSBBasicDetails"/>
  <testcase name="basicDetails" time="165.424" classname="com.CSB_20Oct22.tc.TC001_CSBBasicDetails"/>
  <testcase name="basicDetails" time="164.329" classname="com.CSB_20Oct22.tc.TC001_CSBBasicDetails"/>
  <testcase name="basicDetails" time="165.174" classname="com.CSB_20Oct22.tc.TC001_CSBBasicDetails"/>
  <testcase name="basicDetails" time="164.464" classname="com.CSB_20Oct22.tc.TC001_CSBBasicDetails"/>
  <testcase name="basicDetails" time="165.961" classname="com.CSB_20Oct22.tc.TC001_CSBBasicDetails"/>
  <testcase name="basicDetails" time="164.825" classname="com.CSB_20Oct22.tc.TC001_CSBBasicDetails"/>
  <testcase name="basicDetails" time="165.432" classname="com.CSB_20Oct22.tc.TC001_CSBBasicDetails"/>
  <testcase name="basicDetails" time="164.789" classname="com.CSB_20Oct22.tc.TC001_CSBBasicDetails"/>
  <testcase name="basicDetails" time="164.124" classname="com.CSB_20Oct22.tc.TC001_CSBBasicDetails"/>
  <testcase name="basicDetails" time="165.297" classname="com.CSB_20Oct22.tc.TC001_CSBBasicDetails"/>
  <testcase name="basicDetails" time="165.360" classname="com.CSB_20Oct22.tc.TC001_CSBBasicDetails"/>
  <testcase name="basicDetails" time="164.473" classname="com.CSB_20Oct22.tc.TC001_CSBBasicDetails"/>
  <testcase name="basicDetails" time="165.546" classname="com.CSB_20Oct22.tc.TC001_CSBBasicDetails"/>
  <testcase name="basicDetails" time="165.510" classname="com.CSB_20Oct22.tc.TC001_CSBBasicDetails"/>
  <testcase name="basicDetails" time="164.378" classname="com.CSB_20Oct22.tc.TC001_CSBBasicDetails"/>
  <testcase name="basicDetails" time="164.422" classname="com.CSB_20Oct22.tc.TC001_CSBBasicDetails"/>
  <testcase name="basicDetails" time="164.629" classname="com.CSB_20Oct22.tc.TC001_CSBBasicDetails"/>
  <testcase name="basicDetails" time="164.948" classname="com.CSB_20Oct22.tc.TC001_CSBBasicDetails"/>
  <testcase name="basicDetails" time="164.488" classname="com.CSB_20Oct22.tc.TC001_CSBBasicDetails"/>
  <testcase name="basicDetails" time="164.650" classname="com.CSB_20Oct22.tc.TC001_CSBBasicDetails"/>
  <testcase name="basicDetails" time="165.390" classname="com.CSB_20Oct22.tc.TC001_CSBBasicDetails"/>
  <testcase name="basicDetails" time="165.698" classname="com.CSB_20Oct22.tc.TC001_CSBBasicDetails"/>
  <testcase name="basicDetails" time="164.312" classname="com.CSB_20Oct22.tc.TC001_CSBBasicDetails"/>
  <testcase name="basicDetails" time="165.316" classname="com.CSB_20Oct22.tc.TC001_CSBBasicDetails"/>
  <testcase name="basicDetails" time="164.414" classname="com.CSB_20Oct22.tc.TC001_CSBBasicDetails"/>
  <testcase name="basicDetails" time="165.330" classname="com.CSB_20Oct22.tc.TC001_CSBBasicDetails"/>
  <testcase name="basicDetails" time="163.974" classname="com.CSB_20Oct22.tc.TC001_CSBBasicDetails"/>
  <testcase name="basicDetails" time="164.230" classname="com.CSB_20Oct22.tc.TC001_CSBBasicDetails"/>
  <testcase name="basicDetails" time="164.624" classname="com.CSB_20Oct22.tc.TC001_CSBBasicDetails"/>
  <testcase name="basicDetails" time="165.919" classname="com.CSB_20Oct22.tc.TC001_CSBBasicDetails"/>
  <testcase name="basicDetails" time="162.627" classname="com.CSB_20Oct22.tc.TC001_CSBBasicDetails"/>
  <testcase name="basicDetails" time="165.377" classname="com.CSB_20Oct22.tc.TC001_CSBBasicDetails"/>
  <testcase name="basicDetails" time="165.587" classname="com.CSB_20Oct22.tc.TC001_CSBBasicDetails"/>
  <testcase name="basicDetails" time="164.494" classname="com.CSB_20Oct22.tc.TC001_CSBBasicDetails"/>
  <testcase name="basicDetails" time="165.444" classname="com.CSB_20Oct22.tc.TC001_CSBBasicDetails"/>
  <testcase name="basicDetails" time="165.563" classname="com.CSB_20Oct22.tc.TC001_CSBBasicDetails"/>
  <testcase name="basicDetails" time="165.868" classname="com.CSB_20Oct22.tc.TC001_CSBBasicDetails"/>
  <testcase name="basicDetails" time="164.054" classname="com.CSB_20Oct22.tc.TC001_CSBBasicDetails"/>
  <testcase name="basicDetails" time="164.322" classname="com.CSB_20Oct22.tc.TC001_CSBBasicDetails"/>
  <testcase name="basicDetails" time="163.226" classname="com.CSB_20Oct22.tc.TC001_CSBBasicDetails"/>
  <testcase name="basicDetails" time="165.376" classname="com.CSB_20Oct22.tc.TC001_CSBBasicDetails"/>
  <testcase name="basicDetails" time="164.887" classname="com.CSB_20Oct22.tc.TC001_CSBBasicDetails"/>
  <testcase name="basicDetails" time="162.672" classname="com.CSB_20Oct22.tc.TC001_CSBBasicDetails"/>
  <testcase name="basicDetails" time="164.104" classname="com.CSB_20Oct22.tc.TC001_CSBBasicDetails"/>
  <testcase name="basicDetails" time="164.208" classname="com.CSB_20Oct22.tc.TC001_CSBBasicDetails"/>
  <testcase name="basicDetails" time="164.748" classname="com.CSB_20Oct22.tc.TC001_CSBBasicDetails"/>
  <testcase name="basicDetails" time="165.477" classname="com.CSB_20Oct22.tc.TC001_CSBBasicDetails"/>
  <testcase name="basicDetails" time="164.196" classname="com.CSB_20Oct22.tc.TC001_CSBBasicDetails"/>
  <testcase name="basicDetails" time="164.320" classname="com.CSB_20Oct22.tc.TC001_CSBBasicDetails"/>
  <testcase name="basicDetails" time="164.553" classname="com.CSB_20Oct22.tc.TC001_CSBBasicDetails"/>
  <testcase name="basicDetails" time="164.008" classname="com.CSB_20Oct22.tc.TC001_CSBBasicDetails"/>
  <testcase name="basicDetails" time="164.373" classname="com.CSB_20Oct22.tc.TC001_CSBBasicDetails"/>
  <testcase name="basicDetails" time="165.407" classname="com.CSB_20Oct22.tc.TC001_CSBBasicDetails"/>
  <testcase name="basicDetails" time="165.498" classname="com.CSB_20Oct22.tc.TC001_CSBBasicDetails"/>
  <testcase name="basicDetails" time="164.417" classname="com.CSB_20Oct22.tc.TC001_CSBBasicDetails"/>
  <testcase name="basicDetails" time="164.639" classname="com.CSB_20Oct22.tc.TC001_CSBBasicDetails"/>
  <testcase name="basicDetails" time="164.777" classname="com.CSB_20Oct22.tc.TC001_CSBBasicDetails"/>
  <testcase name="basicDetails" time="162.564" classname="com.CSB_20Oct22.tc.TC001_CSBBasicDetails"/>
  <testcase name="basicDetails" time="164.290" classname="com.CSB_20Oct22.tc.TC001_CSBBasicDetails"/>
  <testcase name="basicDetails" time="165.783" classname="com.CSB_20Oct22.tc.TC001_CSBBasicDetails"/>
  <testcase name="basicDetails" time="165.611" classname="com.CSB_20Oct22.tc.TC001_CSBBasicDetails"/>
  <testcase name="basicDetails" time="165.442" classname="com.CSB_20Oct22.tc.TC001_CSBBasicDetails"/>
  <testcase name="basicDetails" time="164.676" classname="com.CSB_20Oct22.tc.TC001_CSBBasicDetails"/>
  <testcase name="basicDetails" time="164.510" classname="com.CSB_20Oct22.tc.TC001_CSBBasicDetails"/>
  <testcase name="basicDetails" time="164.111" classname="com.CSB_20Oct22.tc.TC001_CSBBasicDetails"/>
  <testcase name="basicDetails" time="165.262" classname="com.CSB_20Oct22.tc.TC001_CSBBasicDetails"/>
  <testcase name="basicDetails" time="164.855" classname="com.CSB_20Oct22.tc.TC001_CSBBasicDetails"/>
  <testcase name="basicDetails" time="164.029" classname="com.CSB_20Oct22.tc.TC001_CSBBasicDetails"/>
  <testcase name="basicDetails" time="165.349" classname="com.CSB_20Oct22.tc.TC001_CSBBasicDetails"/>
  <testcase name="basicDetails" time="164.104" classname="com.CSB_20Oct22.tc.TC001_CSBBasicDetails"/>
  <testcase name="basicDetails" time="164.290" classname="com.CSB_20Oct22.tc.TC001_CSBBasicDetails"/>
  <testcase name="basicDetails" time="164.273" classname="com.CSB_20Oct22.tc.TC001_CSBBasicDetails"/>
  <testcase name="basicDetails" time="165.614" classname="com.CSB_20Oct22.tc.TC001_CSBBasicDetails"/>
  <testcase name="basicDetails" time="164.948" classname="com.CSB_20Oct22.tc.TC001_CSBBasicDetails"/>
  <testcase name="basicDetails" time="164.367" classname="com.CSB_20Oct22.tc.TC001_CSBBasicDetails"/>
  <testcase name="basicDetails" time="165.376" classname="com.CSB_20Oct22.tc.TC001_CSBBasicDetails"/>
  <testcase name="basicDetails" time="164.624" classname="com.CSB_20Oct22.tc.TC001_CSBBasicDetails"/>
  <testcase name="basicDetails" time="165.533" classname="com.CSB_20Oct22.tc.TC001_CSBBasicDetails"/>
  <testcase name="basicDetails" time="165.096" classname="com.CSB_20Oct22.tc.TC001_CSBBasicDetails"/>
  <testcase name="basicDetails" time="164.845" classname="com.CSB_20Oct22.tc.TC001_CSBBasicDetails"/>
  <testcase name="basicDetails" time="165.493" classname="com.CSB_20Oct22.tc.TC001_CSBBasicDetails"/>
  <testcase name="basicDetails" time="164.239" classname="com.CSB_20Oct22.tc.TC001_CSBBasicDetails"/>
  <testcase name="basicDetails" time="164.495" classname="com.CSB_20Oct22.tc.TC001_CSBBasicDetails"/>
  <testcase name="basicDetails" time="165.759" classname="com.CSB_20Oct22.tc.TC001_CSBBasicDetails"/>
  <testcase name="basicDetails" time="165.458" classname="com.CSB_20Oct22.tc.TC001_CSBBasicDetails"/>
  <testcase name="basicDetails" time="164.625" classname="com.CSB_20Oct22.tc.TC001_CSBBasicDetails"/>
  <testcase name="basicDetails" time="165.609" classname="com.CSB_20Oct22.tc.TC001_CSBBasicDetails"/>
  <testcase name="basicDetails" time="164.044" classname="com.CSB_20Oct22.tc.TC001_CSBBasicDetails"/>
  <testcase name="basicDetails" time="165.292" classname="com.CSB_20Oct22.tc.TC001_CSBBasicDetails"/>
  <testcase name="basicDetails" time="164.399" classname="com.CSB_20Oct22.tc.TC001_CSBBasicDetails"/>
  <testcase name="basicDetails" time="165.720" classname="com.CSB_20Oct22.tc.TC001_CSBBasicDetails"/>
  <testcase name="basicDetails" time="164.410" classname="com.CSB_20Oct22.tc.TC001_CSBBasicDetails"/>
  <testcase name="basicDetails" time="165.086" classname="com.CSB_20Oct22.tc.TC001_CSBBasicDetails"/>
  <testcase name="basicDetails" time="164.264" classname="com.CSB_20Oct22.tc.TC001_CSBBasicDetails"/>
  <testcase name="basicDetails" time="166.306" classname="com.CSB_20Oct22.tc.TC001_CSBBasicDetails"/>
  <testcase name="basicDetails" time="164.374" classname="com.CSB_20Oct22.tc.TC001_CSBBasicDetails"/>
  <testcase name="basicDetails" time="164.417" classname="com.CSB_20Oct22.tc.TC001_CSBBasicDetails"/>
  <testcase name="basicDetails" time="164.379" classname="com.CSB_20Oct22.tc.TC001_CSBBasicDetails"/>
  <testcase name="basicDetails" time="165.472" classname="com.CSB_20Oct22.tc.TC001_CSBBasicDetails"/>
  <testcase name="basicDetails" time="165.436" classname="com.CSB_20Oct22.tc.TC001_CSBBasicDetails"/>
  <testcase name="basicDetails" time="164.375" classname="com.CSB_20Oct22.tc.TC001_CSBBasicDetails"/>
  <testcase name="basicDetails" time="165.550" classname="com.CSB_20Oct22.tc.TC001_CSBBasicDetails"/>
  <testcase name="basicDetails" time="164.541" classname="com.CSB_20Oct22.tc.TC001_CSBBasicDetails"/>
  <testcase name="basicDetails" time="163.490" classname="com.CSB_20Oct22.tc.TC001_CSBBasicDetails"/>
  <testcase name="basicDetails" time="165.849" classname="com.CSB_20Oct22.tc.TC001_CSBBasicDetails"/>
  <testcase name="basicDetails" time="165.651" classname="com.CSB_20Oct22.tc.TC001_CSBBasicDetails"/>
  <testcase name="basicDetails" time="165.571" classname="com.CSB_20Oct22.tc.TC001_CSBBasicDetails"/>
  <testcase name="basicDetails" time="164.306" classname="com.CSB_20Oct22.tc.TC001_CSBBasicDetails"/>
  <testcase name="basicDetails" time="164.513" classname="com.CSB_20Oct22.tc.TC001_CSBBasicDetails"/>
  <testcase name="basicDetails" time="164.129" classname="com.CSB_20Oct22.tc.TC001_CSBBasicDetails"/>
  <testcase name="basicDetails" time="164.516" classname="com.CSB_20Oct22.tc.TC001_CSBBasicDetails"/>
</testsuite> <!-- com.CSB_20Oct22.tc.TC001_CSBBasicDetails -->
