<?xml version="1.0" encoding="UTF-8"?>
<!-- Generated by org.testng.reporters.JUnitReportReporter -->
<testsuite skipped="0" hostname="MAA014482B" name="com.MPRAJ_18Nov22.tc.TC002_MPRAJBasicDetails" tests="7" failures="0" timestamp="2023-03-20T12:58:53 IST" time="1141.287" errors="0">
  <testcase name="basicDetails" time="164.341" classname="com.MPRAJ_18Nov22.tc.TC002_MPRAJBasicDetails"/>
  <testcase name="basicDetails" time="163.398" classname="com.MPRAJ_18Nov22.tc.TC002_MPRAJBasicDetails"/>
  <testcase name="basicDetails" time="161.873" classname="com.MPRAJ_18Nov22.tc.TC002_MPRAJBasicDetails"/>
  <testcase name="basicDetails" time="163.390" classname="com.MPRAJ_18Nov22.tc.TC002_MPRAJBasicDetails"/>
  <testcase name="basicDetails" time="162.330" classname="com.MPRAJ_18Nov22.tc.TC002_MPRAJBasicDetails"/>
  <testcase name="basicDetails" time="163.630" classname="com.MPRAJ_18Nov22.tc.TC002_MPRAJBasicDetails"/>
  <testcase name="basicDetails" time="162.325" classname="com.MPRAJ_18Nov22.tc.TC002_MPRAJBasicDetails"/>
</testsuite> <!-- com.MPRAJ_18Nov22.tc.TC002_MPRAJBasicDetails -->
