<?xml version="1.0" encoding="UTF-8"?>
<!-- Generated by org.testng.reporters.JUnitReportReporter -->
<testsuite skipped="0" hostname="MAA014482B" name="com.IB_27April22.tc.TC001_IBBasicDetails" tests="29" failures="0" timestamp="2023-02-15T16:00:11 IST" time="4716.780" errors="0">
  <testcase name="basicDetails" time="162.951" classname="com.IB_27April22.tc.TC001_IBBasicDetails"/>
  <testcase name="basicDetails" time="162.927" classname="com.IB_27April22.tc.TC001_IBBasicDetails"/>
  <testcase name="basicDetails" time="162.610" classname="com.IB_27April22.tc.TC001_IBBasicDetails"/>
  <testcase name="basicDetails" time="165.796" classname="com.IB_27April22.tc.TC001_IBBasicDetails"/>
  <testcase name="basicDetails" time="162.717" classname="com.IB_27April22.tc.TC001_IBBasicDetails"/>
  <testcase name="basicDetails" time="162.689" classname="com.IB_27April22.tc.TC001_IBBasicDetails"/>
  <testcase name="basicDetails" time="161.725" classname="com.IB_27April22.tc.TC001_IBBasicDetails"/>
  <testcase name="basicDetails" time="162.867" classname="com.IB_27April22.tc.TC001_IBBasicDetails"/>
  <testcase name="basicDetails" time="162.345" classname="com.IB_27April22.tc.TC001_IBBasicDetails"/>
  <testcase name="basicDetails" time="162.712" classname="com.IB_27April22.tc.TC001_IBBasicDetails"/>
  <testcase name="basicDetails" time="162.804" classname="com.IB_27April22.tc.TC001_IBBasicDetails"/>
  <testcase name="basicDetails" time="162.736" classname="com.IB_27April22.tc.TC001_IBBasicDetails"/>
  <testcase name="basicDetails" time="162.437" classname="com.IB_27April22.tc.TC001_IBBasicDetails"/>
  <testcase name="basicDetails" time="161.502" classname="com.IB_27April22.tc.TC001_IBBasicDetails"/>
  <testcase name="basicDetails" time="162.651" classname="com.IB_27April22.tc.TC001_IBBasicDetails"/>
  <testcase name="basicDetails" time="162.766" classname="com.IB_27April22.tc.TC001_IBBasicDetails"/>
  <testcase name="basicDetails" time="162.701" classname="com.IB_27April22.tc.TC001_IBBasicDetails"/>
  <testcase name="basicDetails" time="161.367" classname="com.IB_27April22.tc.TC001_IBBasicDetails"/>
  <testcase name="basicDetails" time="162.870" classname="com.IB_27April22.tc.TC001_IBBasicDetails"/>
  <testcase name="basicDetails" time="162.770" classname="com.IB_27April22.tc.TC001_IBBasicDetails"/>
  <testcase name="basicDetails" time="162.667" classname="com.IB_27April22.tc.TC001_IBBasicDetails"/>
  <testcase name="basicDetails" time="162.833" classname="com.IB_27April22.tc.TC001_IBBasicDetails"/>
  <testcase name="basicDetails" time="162.659" classname="com.IB_27April22.tc.TC001_IBBasicDetails"/>
  <testcase name="basicDetails" time="162.508" classname="com.IB_27April22.tc.TC001_IBBasicDetails"/>
  <testcase name="basicDetails" time="162.592" classname="com.IB_27April22.tc.TC001_IBBasicDetails"/>
  <testcase name="basicDetails" time="162.753" classname="com.IB_27April22.tc.TC001_IBBasicDetails"/>
  <testcase name="basicDetails" time="162.805" classname="com.IB_27April22.tc.TC001_IBBasicDetails"/>
  <testcase name="basicDetails" time="161.376" classname="com.IB_27April22.tc.TC001_IBBasicDetails"/>
  <testcase name="basicDetails" time="162.644" classname="com.IB_27April22.tc.TC001_IBBasicDetails"/>
</testsuite> <!-- com.IB_27April22.tc.TC001_IBBasicDetails -->
