<?xml version="1.0" encoding="UTF-8"?>
<!-- Generated by org.testng.reporters.JUnitReportReporter -->
<testsuite hostname="MAA011253A" failures="0" tests="21" name="com.rbisb.tc.TC002_RBIBasicDetails" time="1494.083" errors="0" timestamp="2020-07-23T14:53:28 IST" skipped="0">
  <testcase classname="com.rbisb.tc.TC002_RBIBasicDetails" name="basicDetails" time="70.806"/>
  <testcase classname="com.rbisb.tc.TC002_RBIBasicDetails" name="basicDetails" time="70.643"/>
  <testcase classname="com.rbisb.tc.TC002_RBIBasicDetails" name="basicDetails" time="71.117"/>
  <testcase classname="com.rbisb.tc.TC002_RBIBasicDetails" name="basicDetails" time="69.789"/>
  <testcase classname="com.rbisb.tc.TC002_RBIBasicDetails" name="basicDetails" time="70.388"/>
  <testcase classname="com.rbisb.tc.TC002_RBIBasicDetails" name="basicDetails" time="71.706"/>
  <testcase classname="com.rbisb.tc.TC002_RBIBasicDetails" name="basicDetails" time="70.167"/>
  <testcase classname="com.rbisb.tc.TC002_RBIBasicDetails" name="basicDetails" time="70.542"/>
  <testcase classname="com.rbisb.tc.TC002_RBIBasicDetails" name="basicDetails" time="77.687"/>
  <testcase classname="com.rbisb.tc.TC002_RBIBasicDetails" name="basicDetails" time="70.342"/>
  <testcase classname="com.rbisb.tc.TC002_RBIBasicDetails" name="basicDetails" time="70.248"/>
  <testcase classname="com.rbisb.tc.TC002_RBIBasicDetails" name="basicDetails" time="70.626"/>
  <testcase classname="com.rbisb.tc.TC002_RBIBasicDetails" name="basicDetails" time="70.336"/>
  <testcase classname="com.rbisb.tc.TC002_RBIBasicDetails" name="basicDetails" time="72.551"/>
  <testcase classname="com.rbisb.tc.TC002_RBIBasicDetails" name="basicDetails" time="70.727"/>
  <testcase classname="com.rbisb.tc.TC002_RBIBasicDetails" name="basicDetails" time="70.670"/>
  <testcase classname="com.rbisb.tc.TC002_RBIBasicDetails" name="basicDetails" time="71.437"/>
  <testcase classname="com.rbisb.tc.TC002_RBIBasicDetails" name="basicDetails" time="70.451"/>
  <testcase classname="com.rbisb.tc.TC002_RBIBasicDetails" name="basicDetails" time="71.080"/>
  <testcase classname="com.rbisb.tc.TC002_RBIBasicDetails" name="basicDetails" time="71.097"/>
  <testcase classname="com.rbisb.tc.TC002_RBIBasicDetails" name="basicDetails" time="71.673"/>
</testsuite> <!-- com.rbisb.tc.TC002_RBIBasicDetails -->
