<?xml version="1.0" encoding="UTF-8"?>
<!-- Generated by org.testng.reporters.JUnitReportReporter -->
<testsuite skipped="0" hostname="MAA014482B" name="com.GSD_April23.tc.TC001_GSDBasicDetails" tests="18" failures="0" timestamp="2023-04-18T15:28:53 IST" time="2784.089" errors="0">
  <testcase name="basicDetails" time="153.712" classname="com.GSD_April23.tc.TC001_GSDBasicDetails"/>
  <testcase name="basicDetails" time="154.284" classname="com.GSD_April23.tc.TC001_GSDBasicDetails"/>
  <testcase name="basicDetails" time="155.387" classname="com.GSD_April23.tc.TC001_GSDBasicDetails"/>
  <testcase name="basicDetails" time="159.184" classname="com.GSD_April23.tc.TC001_GSDBasicDetails"/>
  <testcase name="basicDetails" time="154.054" classname="com.GSD_April23.tc.TC001_GSDBasicDetails"/>
  <testcase name="basicDetails" time="154.122" classname="com.GSD_April23.tc.TC001_GSDBasicDetails"/>
  <testcase name="basicDetails" time="153.949" classname="com.GSD_April23.tc.TC001_GSDBasicDetails"/>
  <testcase name="basicDetails" time="154.036" classname="com.GSD_April23.tc.TC001_GSDBasicDetails"/>
  <testcase name="basicDetails" time="154.145" classname="com.GSD_April23.tc.TC001_GSDBasicDetails"/>
  <testcase name="basicDetails" time="153.819" classname="com.GSD_April23.tc.TC001_GSDBasicDetails"/>
  <testcase name="basicDetails" time="153.925" classname="com.GSD_April23.tc.TC001_GSDBasicDetails"/>
  <testcase name="basicDetails" time="158.575" classname="com.GSD_April23.tc.TC001_GSDBasicDetails"/>
  <testcase name="basicDetails" time="153.764" classname="com.GSD_April23.tc.TC001_GSDBasicDetails"/>
  <testcase name="basicDetails" time="154.422" classname="com.GSD_April23.tc.TC001_GSDBasicDetails"/>
  <testcase name="basicDetails" time="154.271" classname="com.GSD_April23.tc.TC001_GSDBasicDetails"/>
  <testcase name="basicDetails" time="153.577" classname="com.GSD_April23.tc.TC001_GSDBasicDetails"/>
  <testcase name="basicDetails" time="154.604" classname="com.GSD_April23.tc.TC001_GSDBasicDetails"/>
  <testcase name="basicDetails" time="154.259" classname="com.GSD_April23.tc.TC001_GSDBasicDetails"/>
</testsuite> <!-- com.GSD_April23.tc.TC001_GSDBasicDetails -->
