<?xml version="1.0" encoding="UTF-8"?>
<!-- Generated by org.testng.reporters.JUnitReportReporter -->
<testsuite skipped="0" hostname="MAA014482B" name="com.DCCB_March23.tc.TC002_DCCBBasicDetails" tests="102" failures="0" timestamp="2023-03-25T01:46:51 IST" time="17353.260" errors="0">
  <testcase name="basicDetails" time="170.110" classname="com.DCCB_March23.tc.TC002_DCCBBasicDetails"/>
  <testcase name="basicDetails" time="170.004" classname="com.DCCB_March23.tc.TC002_DCCBBasicDetails"/>
  <testcase name="basicDetails" time="169.380" classname="com.DCCB_March23.tc.TC002_DCCBBasicDetails"/>
  <testcase name="basicDetails" time="170.270" classname="com.DCCB_March23.tc.TC002_DCCBBasicDetails"/>
  <testcase name="basicDetails" time="170.187" classname="com.DCCB_March23.tc.TC002_DCCBBasicDetails"/>
  <testcase name="basicDetails" time="170.309" classname="com.DCCB_March23.tc.TC002_DCCBBasicDetails"/>
  <testcase name="basicDetails" time="169.632" classname="com.DCCB_March23.tc.TC002_DCCBBasicDetails"/>
  <testcase name="basicDetails" time="169.730" classname="com.DCCB_March23.tc.TC002_DCCBBasicDetails"/>
  <testcase name="basicDetails" time="170.610" classname="com.DCCB_March23.tc.TC002_DCCBBasicDetails"/>
  <testcase name="basicDetails" time="170.198" classname="com.DCCB_March23.tc.TC002_DCCBBasicDetails"/>
  <testcase name="basicDetails" time="170.511" classname="com.DCCB_March23.tc.TC002_DCCBBasicDetails"/>
  <testcase name="basicDetails" time="179.889" classname="com.DCCB_March23.tc.TC002_DCCBBasicDetails"/>
  <testcase name="basicDetails" time="170.036" classname="com.DCCB_March23.tc.TC002_DCCBBasicDetails"/>
  <testcase name="basicDetails" time="169.573" classname="com.DCCB_March23.tc.TC002_DCCBBasicDetails"/>
  <testcase name="basicDetails" time="169.760" classname="com.DCCB_March23.tc.TC002_DCCBBasicDetails"/>
  <testcase name="basicDetails" time="169.482" classname="com.DCCB_March23.tc.TC002_DCCBBasicDetails"/>
  <testcase name="basicDetails" time="170.330" classname="com.DCCB_March23.tc.TC002_DCCBBasicDetails"/>
  <testcase name="basicDetails" time="169.527" classname="com.DCCB_March23.tc.TC002_DCCBBasicDetails"/>
  <testcase name="basicDetails" time="169.744" classname="com.DCCB_March23.tc.TC002_DCCBBasicDetails"/>
  <testcase name="basicDetails" time="170.274" classname="com.DCCB_March23.tc.TC002_DCCBBasicDetails"/>
  <testcase name="basicDetails" time="170.496" classname="com.DCCB_March23.tc.TC002_DCCBBasicDetails"/>
  <testcase name="basicDetails" time="169.781" classname="com.DCCB_March23.tc.TC002_DCCBBasicDetails"/>
  <testcase name="basicDetails" time="170.007" classname="com.DCCB_March23.tc.TC002_DCCBBasicDetails"/>
  <testcase name="basicDetails" time="170.479" classname="com.DCCB_March23.tc.TC002_DCCBBasicDetails"/>
  <testcase name="basicDetails" time="169.852" classname="com.DCCB_March23.tc.TC002_DCCBBasicDetails"/>
  <testcase name="basicDetails" time="170.052" classname="com.DCCB_March23.tc.TC002_DCCBBasicDetails"/>
  <testcase name="basicDetails" time="170.496" classname="com.DCCB_March23.tc.TC002_DCCBBasicDetails"/>
  <testcase name="basicDetails" time="170.077" classname="com.DCCB_March23.tc.TC002_DCCBBasicDetails"/>
  <testcase name="basicDetails" time="169.984" classname="com.DCCB_March23.tc.TC002_DCCBBasicDetails"/>
  <testcase name="basicDetails" time="170.399" classname="com.DCCB_March23.tc.TC002_DCCBBasicDetails"/>
  <testcase name="basicDetails" time="170.212" classname="com.DCCB_March23.tc.TC002_DCCBBasicDetails"/>
  <testcase name="basicDetails" time="170.241" classname="com.DCCB_March23.tc.TC002_DCCBBasicDetails"/>
  <testcase name="basicDetails" time="170.845" classname="com.DCCB_March23.tc.TC002_DCCBBasicDetails"/>
  <testcase name="basicDetails" time="169.837" classname="com.DCCB_March23.tc.TC002_DCCBBasicDetails"/>
  <testcase name="basicDetails" time="169.828" classname="com.DCCB_March23.tc.TC002_DCCBBasicDetails"/>
  <testcase name="basicDetails" time="170.111" classname="com.DCCB_March23.tc.TC002_DCCBBasicDetails"/>
  <testcase name="basicDetails" time="170.255" classname="com.DCCB_March23.tc.TC002_DCCBBasicDetails"/>
  <testcase name="basicDetails" time="169.939" classname="com.DCCB_March23.tc.TC002_DCCBBasicDetails"/>
  <testcase name="basicDetails" time="170.278" classname="com.DCCB_March23.tc.TC002_DCCBBasicDetails"/>
  <testcase name="basicDetails" time="169.019" classname="com.DCCB_March23.tc.TC002_DCCBBasicDetails"/>
  <testcase name="basicDetails" time="170.613" classname="com.DCCB_March23.tc.TC002_DCCBBasicDetails"/>
  <testcase name="basicDetails" time="169.835" classname="com.DCCB_March23.tc.TC002_DCCBBasicDetails"/>
  <testcase name="basicDetails" time="169.417" classname="com.DCCB_March23.tc.TC002_DCCBBasicDetails"/>
  <testcase name="basicDetails" time="170.661" classname="com.DCCB_March23.tc.TC002_DCCBBasicDetails"/>
  <testcase name="basicDetails" time="170.370" classname="com.DCCB_March23.tc.TC002_DCCBBasicDetails"/>
  <testcase name="basicDetails" time="169.692" classname="com.DCCB_March23.tc.TC002_DCCBBasicDetails"/>
  <testcase name="basicDetails" time="170.261" classname="com.DCCB_March23.tc.TC002_DCCBBasicDetails"/>
  <testcase name="basicDetails" time="169.317" classname="com.DCCB_March23.tc.TC002_DCCBBasicDetails"/>
  <testcase name="basicDetails" time="169.814" classname="com.DCCB_March23.tc.TC002_DCCBBasicDetails"/>
  <testcase name="basicDetails" time="170.178" classname="com.DCCB_March23.tc.TC002_DCCBBasicDetails"/>
  <testcase name="basicDetails" time="169.747" classname="com.DCCB_March23.tc.TC002_DCCBBasicDetails"/>
  <testcase name="basicDetails" time="170.314" classname="com.DCCB_March23.tc.TC002_DCCBBasicDetails"/>
  <testcase name="basicDetails" time="169.475" classname="com.DCCB_March23.tc.TC002_DCCBBasicDetails"/>
  <testcase name="basicDetails" time="169.942" classname="com.DCCB_March23.tc.TC002_DCCBBasicDetails"/>
  <testcase name="basicDetails" time="170.259" classname="com.DCCB_March23.tc.TC002_DCCBBasicDetails"/>
  <testcase name="basicDetails" time="169.841" classname="com.DCCB_March23.tc.TC002_DCCBBasicDetails"/>
  <testcase name="basicDetails" time="169.836" classname="com.DCCB_March23.tc.TC002_DCCBBasicDetails"/>
  <testcase name="basicDetails" time="170.259" classname="com.DCCB_March23.tc.TC002_DCCBBasicDetails"/>
  <testcase name="basicDetails" time="169.999" classname="com.DCCB_March23.tc.TC002_DCCBBasicDetails"/>
  <testcase name="basicDetails" time="169.693" classname="com.DCCB_March23.tc.TC002_DCCBBasicDetails"/>
  <testcase name="basicDetails" time="169.679" classname="com.DCCB_March23.tc.TC002_DCCBBasicDetails"/>
  <testcase name="basicDetails" time="170.230" classname="com.DCCB_March23.tc.TC002_DCCBBasicDetails"/>
  <testcase name="basicDetails" time="170.124" classname="com.DCCB_March23.tc.TC002_DCCBBasicDetails"/>
  <testcase name="basicDetails" time="170.244" classname="com.DCCB_March23.tc.TC002_DCCBBasicDetails"/>
  <testcase name="basicDetails" time="169.835" classname="com.DCCB_March23.tc.TC002_DCCBBasicDetails"/>
  <testcase name="basicDetails" time="170.676" classname="com.DCCB_March23.tc.TC002_DCCBBasicDetails"/>
  <testcase name="basicDetails" time="169.737" classname="com.DCCB_March23.tc.TC002_DCCBBasicDetails"/>
  <testcase name="basicDetails" time="170.519" classname="com.DCCB_March23.tc.TC002_DCCBBasicDetails"/>
  <testcase name="basicDetails" time="169.954" classname="com.DCCB_March23.tc.TC002_DCCBBasicDetails"/>
  <testcase name="basicDetails" time="170.109" classname="com.DCCB_March23.tc.TC002_DCCBBasicDetails"/>
  <testcase name="basicDetails" time="171.784" classname="com.DCCB_March23.tc.TC002_DCCBBasicDetails"/>
  <testcase name="basicDetails" time="169.838" classname="com.DCCB_March23.tc.TC002_DCCBBasicDetails"/>
  <testcase name="basicDetails" time="169.573" classname="com.DCCB_March23.tc.TC002_DCCBBasicDetails"/>
  <testcase name="basicDetails" time="169.903" classname="com.DCCB_March23.tc.TC002_DCCBBasicDetails"/>
  <testcase name="basicDetails" time="169.778" classname="com.DCCB_March23.tc.TC002_DCCBBasicDetails"/>
  <testcase name="basicDetails" time="169.744" classname="com.DCCB_March23.tc.TC002_DCCBBasicDetails"/>
  <testcase name="basicDetails" time="170.309" classname="com.DCCB_March23.tc.TC002_DCCBBasicDetails"/>
  <testcase name="basicDetails" time="170.490" classname="com.DCCB_March23.tc.TC002_DCCBBasicDetails"/>
  <testcase name="basicDetails" time="170.984" classname="com.DCCB_March23.tc.TC002_DCCBBasicDetails"/>
  <testcase name="basicDetails" time="169.911" classname="com.DCCB_March23.tc.TC002_DCCBBasicDetails"/>
  <testcase name="basicDetails" time="169.555" classname="com.DCCB_March23.tc.TC002_DCCBBasicDetails"/>
  <testcase name="basicDetails" time="169.426" classname="com.DCCB_March23.tc.TC002_DCCBBasicDetails"/>
  <testcase name="basicDetails" time="169.616" classname="com.DCCB_March23.tc.TC002_DCCBBasicDetails"/>
  <testcase name="basicDetails" time="170.204" classname="com.DCCB_March23.tc.TC002_DCCBBasicDetails"/>
  <testcase name="basicDetails" time="170.380" classname="com.DCCB_March23.tc.TC002_DCCBBasicDetails"/>
  <testcase name="basicDetails" time="169.834" classname="com.DCCB_March23.tc.TC002_DCCBBasicDetails"/>
  <testcase name="basicDetails" time="170.035" classname="com.DCCB_March23.tc.TC002_DCCBBasicDetails"/>
  <testcase name="basicDetails" time="169.317" classname="com.DCCB_March23.tc.TC002_DCCBBasicDetails"/>
  <testcase name="basicDetails" time="169.340" classname="com.DCCB_March23.tc.TC002_DCCBBasicDetails"/>
  <testcase name="basicDetails" time="169.830" classname="com.DCCB_March23.tc.TC002_DCCBBasicDetails"/>
  <testcase name="basicDetails" time="170.059" classname="com.DCCB_March23.tc.TC002_DCCBBasicDetails"/>
  <testcase name="basicDetails" time="169.653" classname="com.DCCB_March23.tc.TC002_DCCBBasicDetails"/>
  <testcase name="basicDetails" time="169.969" classname="com.DCCB_March23.tc.TC002_DCCBBasicDetails"/>
  <testcase name="basicDetails" time="170.574" classname="com.DCCB_March23.tc.TC002_DCCBBasicDetails"/>
  <testcase name="basicDetails" time="169.779" classname="com.DCCB_March23.tc.TC002_DCCBBasicDetails"/>
  <testcase name="basicDetails" time="170.388" classname="com.DCCB_March23.tc.TC002_DCCBBasicDetails"/>
  <testcase name="basicDetails" time="170.177" classname="com.DCCB_March23.tc.TC002_DCCBBasicDetails"/>
  <testcase name="basicDetails" time="170.446" classname="com.DCCB_March23.tc.TC002_DCCBBasicDetails"/>
  <testcase name="basicDetails" time="170.096" classname="com.DCCB_March23.tc.TC002_DCCBBasicDetails"/>
  <testcase name="basicDetails" time="170.457" classname="com.DCCB_March23.tc.TC002_DCCBBasicDetails"/>
  <testcase name="basicDetails" time="169.384" classname="com.DCCB_March23.tc.TC002_DCCBBasicDetails"/>
  <testcase name="basicDetails" time="170.051" classname="com.DCCB_March23.tc.TC002_DCCBBasicDetails"/>
</testsuite> <!-- com.DCCB_March23.tc.TC002_DCCBBasicDetails -->
