<?xml version="1.0" encoding="UTF-8"?>
<!-- Generated by org.testng.reporters.JUnitReportReporter -->
<testsuite skipped="0" hostname="MAA014482B" name="com.FCI_2_11August22.tc.TC005_FCIBasicDetails" tests="98" failures="0" timestamp="2022-08-26T02:20:36 IST" time="15709.008" errors="1">
  <testcase name="basicDetails" time="164.654" classname="com.FCI_2_11August22.tc.TC005_FCIBasicDetails"/>
  <testcase name="basicDetails" time="161.286" classname="com.FCI_2_11August22.tc.TC005_FCIBasicDetails"/>
  <testcase name="basicDetails" time="159.092" classname="com.FCI_2_11August22.tc.TC005_FCIBasicDetails"/>
  <testcase name="basicDetails" time="161.312" classname="com.FCI_2_11August22.tc.TC005_FCIBasicDetails"/>
  <testcase name="basicDetails" time="159.159" classname="com.FCI_2_11August22.tc.TC005_FCIBasicDetails"/>
  <testcase name="basicDetails" time="159.303" classname="com.FCI_2_11August22.tc.TC005_FCIBasicDetails"/>
  <testcase name="basicDetails" time="163.399" classname="com.FCI_2_11August22.tc.TC005_FCIBasicDetails"/>
  <testcase name="basicDetails" time="159.315" classname="com.FCI_2_11August22.tc.TC005_FCIBasicDetails"/>
  <testcase name="basicDetails" time="161.688" classname="com.FCI_2_11August22.tc.TC005_FCIBasicDetails"/>
  <testcase name="basicDetails" time="158.995" classname="com.FCI_2_11August22.tc.TC005_FCIBasicDetails"/>
  <testcase name="basicDetails" time="164.527" classname="com.FCI_2_11August22.tc.TC005_FCIBasicDetails"/>
  <testcase name="basicDetails" time="164.673" classname="com.FCI_2_11August22.tc.TC005_FCIBasicDetails"/>
  <testcase name="basicDetails" time="162.015" classname="com.FCI_2_11August22.tc.TC005_FCIBasicDetails"/>
  <testcase name="basicDetails" time="162.136" classname="com.FCI_2_11August22.tc.TC005_FCIBasicDetails"/>
  <testcase name="basicDetails" time="162.293" classname="com.FCI_2_11August22.tc.TC005_FCIBasicDetails"/>
  <testcase name="basicDetails" time="0.020" classname="com.FCI_2_11August22.tc.TC005_FCIBasicDetails">
    <error type="java.lang.NullPointerException">
      <![CDATA[java.lang.NullPointerException
at com.ibps.pages.PersonalDetailsPage.selectDropDownUsingIndexNew(PersonalDetailsPage.java:365)
at com.FCI_2_11August22.tc.TC005_FCIBasicDetails.basicDetails(TC005_FCIBasicDetails.java:37)
at sun.reflect.GeneratedMethodAccessor6.invoke(Unknown Source)
at sun.reflect.DelegatingMethodAccessorImpl.invoke(Unknown Source)
at java.lang.reflect.Method.invoke(Unknown Source)
at org.testng.internal.MethodInvocationHelper.invokeMethod(MethodInvocationHelper.java:133)
at org.testng.internal.TestInvoker.invokeMethod(TestInvoker.java:584)
at org.testng.internal.TestInvoker.invokeTestMethod(TestInvoker.java:172)
at org.testng.internal.MethodRunner.runInSequence(MethodRunner.java:46)
at org.testng.internal.TestInvoker$MethodInvocationAgent.invoke(TestInvoker.java:804)
at org.testng.internal.TestInvoker.invokeTestMethods(TestInvoker.java:145)
at org.testng.internal.TestMethodWorker.invokeTestMethods(TestMethodWorker.java:146)
at org.testng.internal.TestMethodWorker.run(TestMethodWorker.java:128)
at java.util.concurrent.ThreadPoolExecutor.runWorker(Unknown Source)
at java.util.concurrent.ThreadPoolExecutor$Worker.run(Unknown Source)
at java.lang.Thread.run(Unknown Source)
]]>
    </error>
  </testcase> <!-- basicDetails -->
  <testcase name="basicDetails" time="159.072" classname="com.FCI_2_11August22.tc.TC005_FCIBasicDetails"/>
  <testcase name="basicDetails" time="159.760" classname="com.FCI_2_11August22.tc.TC005_FCIBasicDetails"/>
  <testcase name="basicDetails" time="159.072" classname="com.FCI_2_11August22.tc.TC005_FCIBasicDetails"/>
  <testcase name="basicDetails" time="161.314" classname="com.FCI_2_11August22.tc.TC005_FCIBasicDetails"/>
  <testcase name="basicDetails" time="159.358" classname="com.FCI_2_11August22.tc.TC005_FCIBasicDetails"/>
  <testcase name="basicDetails" time="161.427" classname="com.FCI_2_11August22.tc.TC005_FCIBasicDetails"/>
  <testcase name="basicDetails" time="162.847" classname="com.FCI_2_11August22.tc.TC005_FCIBasicDetails"/>
  <testcase name="basicDetails" time="161.482" classname="com.FCI_2_11August22.tc.TC005_FCIBasicDetails"/>
  <testcase name="basicDetails" time="164.807" classname="com.FCI_2_11August22.tc.TC005_FCIBasicDetails"/>
  <testcase name="basicDetails" time="162.520" classname="com.FCI_2_11August22.tc.TC005_FCIBasicDetails"/>
  <testcase name="basicDetails" time="159.209" classname="com.FCI_2_11August22.tc.TC005_FCIBasicDetails"/>
  <testcase name="basicDetails" time="164.967" classname="com.FCI_2_11August22.tc.TC005_FCIBasicDetails"/>
  <testcase name="basicDetails" time="161.452" classname="com.FCI_2_11August22.tc.TC005_FCIBasicDetails"/>
  <testcase name="basicDetails" time="161.243" classname="com.FCI_2_11August22.tc.TC005_FCIBasicDetails"/>
  <testcase name="basicDetails" time="159.112" classname="com.FCI_2_11August22.tc.TC005_FCIBasicDetails"/>
  <testcase name="basicDetails" time="164.579" classname="com.FCI_2_11August22.tc.TC005_FCIBasicDetails"/>
  <testcase name="basicDetails" time="162.116" classname="com.FCI_2_11August22.tc.TC005_FCIBasicDetails"/>
  <testcase name="basicDetails" time="162.047" classname="com.FCI_2_11August22.tc.TC005_FCIBasicDetails"/>
  <testcase name="basicDetails" time="162.140" classname="com.FCI_2_11August22.tc.TC005_FCIBasicDetails"/>
  <testcase name="basicDetails" time="161.307" classname="com.FCI_2_11August22.tc.TC005_FCIBasicDetails"/>
  <testcase name="basicDetails" time="162.782" classname="com.FCI_2_11August22.tc.TC005_FCIBasicDetails"/>
  <testcase name="basicDetails" time="164.756" classname="com.FCI_2_11August22.tc.TC005_FCIBasicDetails"/>
  <testcase name="basicDetails" time="162.401" classname="com.FCI_2_11August22.tc.TC005_FCIBasicDetails"/>
  <testcase name="basicDetails" time="161.206" classname="com.FCI_2_11August22.tc.TC005_FCIBasicDetails"/>
  <testcase name="basicDetails" time="164.830" classname="com.FCI_2_11August22.tc.TC005_FCIBasicDetails"/>
  <testcase name="basicDetails" time="162.451" classname="com.FCI_2_11August22.tc.TC005_FCIBasicDetails"/>
  <testcase name="basicDetails" time="160.208" classname="com.FCI_2_11August22.tc.TC005_FCIBasicDetails"/>
  <testcase name="basicDetails" time="164.705" classname="com.FCI_2_11August22.tc.TC005_FCIBasicDetails"/>
  <testcase name="basicDetails" time="162.278" classname="com.FCI_2_11August22.tc.TC005_FCIBasicDetails"/>
  <testcase name="basicDetails" time="164.697" classname="com.FCI_2_11August22.tc.TC005_FCIBasicDetails"/>
  <testcase name="basicDetails" time="159.349" classname="com.FCI_2_11August22.tc.TC005_FCIBasicDetails"/>
  <testcase name="basicDetails" time="159.225" classname="com.FCI_2_11August22.tc.TC005_FCIBasicDetails"/>
  <testcase name="basicDetails" time="162.447" classname="com.FCI_2_11August22.tc.TC005_FCIBasicDetails"/>
  <testcase name="basicDetails" time="158.777" classname="com.FCI_2_11August22.tc.TC005_FCIBasicDetails"/>
  <testcase name="basicDetails" time="162.486" classname="com.FCI_2_11August22.tc.TC005_FCIBasicDetails"/>
  <testcase name="basicDetails" time="161.583" classname="com.FCI_2_11August22.tc.TC005_FCIBasicDetails"/>
  <testcase name="basicDetails" time="161.467" classname="com.FCI_2_11August22.tc.TC005_FCIBasicDetails"/>
  <testcase name="basicDetails" time="165.039" classname="com.FCI_2_11August22.tc.TC005_FCIBasicDetails"/>
  <testcase name="basicDetails" time="159.056" classname="com.FCI_2_11August22.tc.TC005_FCIBasicDetails"/>
  <testcase name="basicDetails" time="162.182" classname="com.FCI_2_11August22.tc.TC005_FCIBasicDetails"/>
  <testcase name="basicDetails" time="164.799" classname="com.FCI_2_11August22.tc.TC005_FCIBasicDetails"/>
  <testcase name="basicDetails" time="159.167" classname="com.FCI_2_11August22.tc.TC005_FCIBasicDetails"/>
  <testcase name="basicDetails" time="164.953" classname="com.FCI_2_11August22.tc.TC005_FCIBasicDetails"/>
  <testcase name="basicDetails" time="159.587" classname="com.FCI_2_11August22.tc.TC005_FCIBasicDetails"/>
  <testcase name="basicDetails" time="159.195" classname="com.FCI_2_11August22.tc.TC005_FCIBasicDetails"/>
  <testcase name="basicDetails" time="159.068" classname="com.FCI_2_11August22.tc.TC005_FCIBasicDetails"/>
  <testcase name="basicDetails" time="164.882" classname="com.FCI_2_11August22.tc.TC005_FCIBasicDetails"/>
  <testcase name="basicDetails" time="161.508" classname="com.FCI_2_11August22.tc.TC005_FCIBasicDetails"/>
  <testcase name="basicDetails" time="161.407" classname="com.FCI_2_11August22.tc.TC005_FCIBasicDetails"/>
  <testcase name="basicDetails" time="162.766" classname="com.FCI_2_11August22.tc.TC005_FCIBasicDetails"/>
  <testcase name="basicDetails" time="158.969" classname="com.FCI_2_11August22.tc.TC005_FCIBasicDetails"/>
  <testcase name="basicDetails" time="158.692" classname="com.FCI_2_11August22.tc.TC005_FCIBasicDetails"/>
  <testcase name="basicDetails" time="161.495" classname="com.FCI_2_11August22.tc.TC005_FCIBasicDetails"/>
  <testcase name="basicDetails" time="164.331" classname="com.FCI_2_11August22.tc.TC005_FCIBasicDetails"/>
  <testcase name="basicDetails" time="164.770" classname="com.FCI_2_11August22.tc.TC005_FCIBasicDetails"/>
  <testcase name="basicDetails" time="161.270" classname="com.FCI_2_11August22.tc.TC005_FCIBasicDetails"/>
  <testcase name="basicDetails" time="162.663" classname="com.FCI_2_11August22.tc.TC005_FCIBasicDetails"/>
  <testcase name="basicDetails" time="161.583" classname="com.FCI_2_11August22.tc.TC005_FCIBasicDetails"/>
  <testcase name="basicDetails" time="158.910" classname="com.FCI_2_11August22.tc.TC005_FCIBasicDetails"/>
  <testcase name="basicDetails" time="164.560" classname="com.FCI_2_11August22.tc.TC005_FCIBasicDetails"/>
  <testcase name="basicDetails" time="158.818" classname="com.FCI_2_11August22.tc.TC005_FCIBasicDetails"/>
  <testcase name="basicDetails" time="164.700" classname="com.FCI_2_11August22.tc.TC005_FCIBasicDetails"/>
  <testcase name="basicDetails" time="162.869" classname="com.FCI_2_11August22.tc.TC005_FCIBasicDetails"/>
  <testcase name="basicDetails" time="161.436" classname="com.FCI_2_11August22.tc.TC005_FCIBasicDetails"/>
  <testcase name="basicDetails" time="162.675" classname="com.FCI_2_11August22.tc.TC005_FCIBasicDetails"/>
  <testcase name="basicDetails" time="162.207" classname="com.FCI_2_11August22.tc.TC005_FCIBasicDetails"/>
  <testcase name="basicDetails" time="164.855" classname="com.FCI_2_11August22.tc.TC005_FCIBasicDetails"/>
  <testcase name="basicDetails" time="162.010" classname="com.FCI_2_11August22.tc.TC005_FCIBasicDetails"/>
  <testcase name="basicDetails" time="163.168" classname="com.FCI_2_11August22.tc.TC005_FCIBasicDetails"/>
  <testcase name="basicDetails" time="161.565" classname="com.FCI_2_11August22.tc.TC005_FCIBasicDetails"/>
  <testcase name="basicDetails" time="162.396" classname="com.FCI_2_11August22.tc.TC005_FCIBasicDetails"/>
  <testcase name="basicDetails" time="162.529" classname="com.FCI_2_11August22.tc.TC005_FCIBasicDetails"/>
  <testcase name="basicDetails" time="164.744" classname="com.FCI_2_11August22.tc.TC005_FCIBasicDetails"/>
  <testcase name="basicDetails" time="161.936" classname="com.FCI_2_11August22.tc.TC005_FCIBasicDetails"/>
  <testcase name="basicDetails" time="161.428" classname="com.FCI_2_11August22.tc.TC005_FCIBasicDetails"/>
  <testcase name="basicDetails" time="164.814" classname="com.FCI_2_11August22.tc.TC005_FCIBasicDetails"/>
  <testcase name="basicDetails" time="164.782" classname="com.FCI_2_11August22.tc.TC005_FCIBasicDetails"/>
  <testcase name="basicDetails" time="164.988" classname="com.FCI_2_11August22.tc.TC005_FCIBasicDetails"/>
  <testcase name="basicDetails" time="161.564" classname="com.FCI_2_11August22.tc.TC005_FCIBasicDetails"/>
  <testcase name="basicDetails" time="159.037" classname="com.FCI_2_11August22.tc.TC005_FCIBasicDetails"/>
  <testcase name="basicDetails" time="161.512" classname="com.FCI_2_11August22.tc.TC005_FCIBasicDetails"/>
  <testcase name="basicDetails" time="164.777" classname="com.FCI_2_11August22.tc.TC005_FCIBasicDetails"/>
</testsuite> <!-- com.FCI_2_11August22.tc.TC005_FCIBasicDetails -->
