<?xml version="1.0" encoding="UTF-8"?>
<!-- Generated by org.testng.reporters.JUnitReportReporter -->
<testsuite skipped="0" hostname="MAA014482B" name="com.CBI_8Sep22.tc.TC004_CBIBasicDetails" tests="4" failures="0" timestamp="2022-09-22T18:17:20 IST" time="620.510" errors="0">
  <testcase name="basicDetails" time="156.494" classname="com.CBI_8Sep22.tc.TC004_CBIBasicDetails"/>
  <testcase name="basicDetails" time="155.117" classname="com.CBI_8Sep22.tc.TC004_CBIBasicDetails"/>
  <testcase name="basicDetails" time="154.362" classname="com.CBI_8Sep22.tc.TC004_CBIBasicDetails"/>
  <testcase name="basicDetails" time="154.537" classname="com.CBI_8Sep22.tc.TC004_CBIBasicDetails"/>
</testsuite> <!-- com.CBI_8Sep22.tc.TC004_CBIBasicDetails -->
