<?xml version="1.0" encoding="UTF-8"?>
<!-- Generated by org.testng.reporters.JUnitReportReporter -->
<testsuite hostname="MAA011253A" failures="0" tests="35" name="com.Papermill.tc.TC003_SPMCILBasicDetails" time="3952.806" errors="0" timestamp="2021-02-01T15:26:21 IST" skipped="0">
  <testcase classname="com.Papermill.tc.TC003_SPMCILBasicDetails" name="basicDetails" time="112.487"/>
  <testcase classname="com.Papermill.tc.TC003_SPMCILBasicDetails" name="basicDetails" time="112.348"/>
  <testcase classname="com.Papermill.tc.TC003_SPMCILBasicDetails" name="basicDetails" time="112.786"/>
  <testcase classname="com.Papermill.tc.TC003_SPMCILBasicDetails" name="basicDetails" time="114.053"/>
  <testcase classname="com.Papermill.tc.TC003_SPMCILBasicDetails" name="basicDetails" time="112.742"/>
  <testcase classname="com.Papermill.tc.TC003_SPMCILBasicDetails" name="basicDetails" time="112.948"/>
  <testcase classname="com.Papermill.tc.TC003_SPMCILBasicDetails" name="basicDetails" time="113.457"/>
  <testcase classname="com.Papermill.tc.TC003_SPMCILBasicDetails" name="basicDetails" time="112.577"/>
  <testcase classname="com.Papermill.tc.TC003_SPMCILBasicDetails" name="basicDetails" time="113.504"/>
  <testcase classname="com.Papermill.tc.TC003_SPMCILBasicDetails" name="basicDetails" time="112.769"/>
  <testcase classname="com.Papermill.tc.TC003_SPMCILBasicDetails" name="basicDetails" time="113.226"/>
  <testcase classname="com.Papermill.tc.TC003_SPMCILBasicDetails" name="basicDetails" time="112.534"/>
  <testcase classname="com.Papermill.tc.TC003_SPMCILBasicDetails" name="basicDetails" time="112.629"/>
  <testcase classname="com.Papermill.tc.TC003_SPMCILBasicDetails" name="basicDetails" time="113.708"/>
  <testcase classname="com.Papermill.tc.TC003_SPMCILBasicDetails" name="basicDetails" time="112.790"/>
  <testcase classname="com.Papermill.tc.TC003_SPMCILBasicDetails" name="basicDetails" time="112.438"/>
  <testcase classname="com.Papermill.tc.TC003_SPMCILBasicDetails" name="basicDetails" time="112.632"/>
  <testcase classname="com.Papermill.tc.TC003_SPMCILBasicDetails" name="basicDetails" time="112.263"/>
  <testcase classname="com.Papermill.tc.TC003_SPMCILBasicDetails" name="basicDetails" time="112.669"/>
  <testcase classname="com.Papermill.tc.TC003_SPMCILBasicDetails" name="basicDetails" time="112.620"/>
  <testcase classname="com.Papermill.tc.TC003_SPMCILBasicDetails" name="basicDetails" time="112.702"/>
  <testcase classname="com.Papermill.tc.TC003_SPMCILBasicDetails" name="basicDetails" time="112.658"/>
  <testcase classname="com.Papermill.tc.TC003_SPMCILBasicDetails" name="basicDetails" time="112.505"/>
  <testcase classname="com.Papermill.tc.TC003_SPMCILBasicDetails" name="basicDetails" time="117.928"/>
  <testcase classname="com.Papermill.tc.TC003_SPMCILBasicDetails" name="basicDetails" time="112.647"/>
  <testcase classname="com.Papermill.tc.TC003_SPMCILBasicDetails" name="basicDetails" time="112.347"/>
  <testcase classname="com.Papermill.tc.TC003_SPMCILBasicDetails" name="basicDetails" time="112.742"/>
  <testcase classname="com.Papermill.tc.TC003_SPMCILBasicDetails" name="basicDetails" time="112.705"/>
  <testcase classname="com.Papermill.tc.TC003_SPMCILBasicDetails" name="basicDetails" time="112.352"/>
  <testcase classname="com.Papermill.tc.TC003_SPMCILBasicDetails" name="basicDetails" time="113.054"/>
  <testcase classname="com.Papermill.tc.TC003_SPMCILBasicDetails" name="basicDetails" time="112.987"/>
  <testcase classname="com.Papermill.tc.TC003_SPMCILBasicDetails" name="basicDetails" time="112.692"/>
  <testcase classname="com.Papermill.tc.TC003_SPMCILBasicDetails" name="basicDetails" time="113.061"/>
  <testcase classname="com.Papermill.tc.TC003_SPMCILBasicDetails" name="basicDetails" time="112.486"/>
  <testcase classname="com.Papermill.tc.TC003_SPMCILBasicDetails" name="basicDetails" time="112.760"/>
</testsuite> <!-- com.Papermill.tc.TC003_SPMCILBasicDetails -->
