<?xml version="1.0" encoding="UTF-8"?>
<!-- Generated by org.testng.reporters.JUnitReportReporter -->
<testsuite skipped="0" hostname="MAA014482B" name="com.ESIC_4March22.tc.TC003_ESICBasicDetails" tests="71" failures="0" timestamp="2023-02-06T14:21:31 IST" time="11350.853" errors="0">
  <testcase name="basicDetails" time="160.313" classname="com.ESIC_4March22.tc.TC003_ESICBasicDetails"/>
  <testcase name="basicDetails" time="159.891" classname="com.ESIC_4March22.tc.TC003_ESICBasicDetails"/>
  <testcase name="basicDetails" time="159.641" classname="com.ESIC_4March22.tc.TC003_ESICBasicDetails"/>
  <testcase name="basicDetails" time="160.114" classname="com.ESIC_4March22.tc.TC003_ESICBasicDetails"/>
  <testcase name="basicDetails" time="158.365" classname="com.ESIC_4March22.tc.TC003_ESICBasicDetails"/>
  <testcase name="basicDetails" time="160.200" classname="com.ESIC_4March22.tc.TC003_ESICBasicDetails"/>
  <testcase name="basicDetails" time="160.422" classname="com.ESIC_4March22.tc.TC003_ESICBasicDetails"/>
  <testcase name="basicDetails" time="160.116" classname="com.ESIC_4March22.tc.TC003_ESICBasicDetails"/>
  <testcase name="basicDetails" time="160.558" classname="com.ESIC_4March22.tc.TC003_ESICBasicDetails"/>
  <testcase name="basicDetails" time="158.104" classname="com.ESIC_4March22.tc.TC003_ESICBasicDetails"/>
  <testcase name="basicDetails" time="160.313" classname="com.ESIC_4March22.tc.TC003_ESICBasicDetails"/>
  <testcase name="basicDetails" time="160.190" classname="com.ESIC_4March22.tc.TC003_ESICBasicDetails"/>
  <testcase name="basicDetails" time="159.798" classname="com.ESIC_4March22.tc.TC003_ESICBasicDetails"/>
  <testcase name="basicDetails" time="160.419" classname="com.ESIC_4March22.tc.TC003_ESICBasicDetails"/>
  <testcase name="basicDetails" time="160.321" classname="com.ESIC_4March22.tc.TC003_ESICBasicDetails"/>
  <testcase name="basicDetails" time="159.724" classname="com.ESIC_4March22.tc.TC003_ESICBasicDetails"/>
  <testcase name="basicDetails" time="160.302" classname="com.ESIC_4March22.tc.TC003_ESICBasicDetails"/>
  <testcase name="basicDetails" time="160.016" classname="com.ESIC_4March22.tc.TC003_ESICBasicDetails"/>
  <testcase name="basicDetails" time="160.391" classname="com.ESIC_4March22.tc.TC003_ESICBasicDetails"/>
  <testcase name="basicDetails" time="158.732" classname="com.ESIC_4March22.tc.TC003_ESICBasicDetails"/>
  <testcase name="basicDetails" time="160.402" classname="com.ESIC_4March22.tc.TC003_ESICBasicDetails"/>
  <testcase name="basicDetails" time="160.308" classname="com.ESIC_4March22.tc.TC003_ESICBasicDetails"/>
  <testcase name="basicDetails" time="160.775" classname="com.ESIC_4March22.tc.TC003_ESICBasicDetails"/>
  <testcase name="basicDetails" time="160.146" classname="com.ESIC_4March22.tc.TC003_ESICBasicDetails"/>
  <testcase name="basicDetails" time="160.063" classname="com.ESIC_4March22.tc.TC003_ESICBasicDetails"/>
  <testcase name="basicDetails" time="160.303" classname="com.ESIC_4March22.tc.TC003_ESICBasicDetails"/>
  <testcase name="basicDetails" time="160.263" classname="com.ESIC_4March22.tc.TC003_ESICBasicDetails"/>
  <testcase name="basicDetails" time="158.683" classname="com.ESIC_4March22.tc.TC003_ESICBasicDetails"/>
  <testcase name="basicDetails" time="160.459" classname="com.ESIC_4March22.tc.TC003_ESICBasicDetails"/>
  <testcase name="basicDetails" time="160.349" classname="com.ESIC_4March22.tc.TC003_ESICBasicDetails"/>
  <testcase name="basicDetails" time="160.136" classname="com.ESIC_4March22.tc.TC003_ESICBasicDetails"/>
  <testcase name="basicDetails" time="160.169" classname="com.ESIC_4March22.tc.TC003_ESICBasicDetails"/>
  <testcase name="basicDetails" time="160.138" classname="com.ESIC_4March22.tc.TC003_ESICBasicDetails"/>
  <testcase name="basicDetails" time="158.874" classname="com.ESIC_4March22.tc.TC003_ESICBasicDetails"/>
  <testcase name="basicDetails" time="160.300" classname="com.ESIC_4March22.tc.TC003_ESICBasicDetails"/>
  <testcase name="basicDetails" time="160.374" classname="com.ESIC_4March22.tc.TC003_ESICBasicDetails"/>
  <testcase name="basicDetails" time="159.845" classname="com.ESIC_4March22.tc.TC003_ESICBasicDetails"/>
  <testcase name="basicDetails" time="160.362" classname="com.ESIC_4March22.tc.TC003_ESICBasicDetails"/>
  <testcase name="basicDetails" time="160.310" classname="com.ESIC_4March22.tc.TC003_ESICBasicDetails"/>
  <testcase name="basicDetails" time="160.074" classname="com.ESIC_4March22.tc.TC003_ESICBasicDetails"/>
  <testcase name="basicDetails" time="157.701" classname="com.ESIC_4March22.tc.TC003_ESICBasicDetails"/>
  <testcase name="basicDetails" time="158.643" classname="com.ESIC_4March22.tc.TC003_ESICBasicDetails"/>
  <testcase name="basicDetails" time="160.491" classname="com.ESIC_4March22.tc.TC003_ESICBasicDetails"/>
  <testcase name="basicDetails" time="157.784" classname="com.ESIC_4March22.tc.TC003_ESICBasicDetails"/>
  <testcase name="basicDetails" time="159.651" classname="com.ESIC_4March22.tc.TC003_ESICBasicDetails"/>
  <testcase name="basicDetails" time="158.365" classname="com.ESIC_4March22.tc.TC003_ESICBasicDetails"/>
  <testcase name="basicDetails" time="160.136" classname="com.ESIC_4March22.tc.TC003_ESICBasicDetails"/>
  <testcase name="basicDetails" time="164.513" classname="com.ESIC_4March22.tc.TC003_ESICBasicDetails"/>
  <testcase name="basicDetails" time="160.486" classname="com.ESIC_4March22.tc.TC003_ESICBasicDetails"/>
  <testcase name="basicDetails" time="159.946" classname="com.ESIC_4March22.tc.TC003_ESICBasicDetails"/>
  <testcase name="basicDetails" time="160.011" classname="com.ESIC_4March22.tc.TC003_ESICBasicDetails"/>
  <testcase name="basicDetails" time="158.085" classname="com.ESIC_4March22.tc.TC003_ESICBasicDetails"/>
  <testcase name="basicDetails" time="160.335" classname="com.ESIC_4March22.tc.TC003_ESICBasicDetails"/>
  <testcase name="basicDetails" time="160.559" classname="com.ESIC_4March22.tc.TC003_ESICBasicDetails"/>
  <testcase name="basicDetails" time="160.152" classname="com.ESIC_4March22.tc.TC003_ESICBasicDetails"/>
  <testcase name="basicDetails" time="160.287" classname="com.ESIC_4March22.tc.TC003_ESICBasicDetails"/>
  <testcase name="basicDetails" time="160.364" classname="com.ESIC_4March22.tc.TC003_ESICBasicDetails"/>
  <testcase name="basicDetails" time="159.810" classname="com.ESIC_4March22.tc.TC003_ESICBasicDetails"/>
  <testcase name="basicDetails" time="160.084" classname="com.ESIC_4March22.tc.TC003_ESICBasicDetails"/>
  <testcase name="basicDetails" time="160.115" classname="com.ESIC_4March22.tc.TC003_ESICBasicDetails"/>
  <testcase name="basicDetails" time="160.069" classname="com.ESIC_4March22.tc.TC003_ESICBasicDetails"/>
  <testcase name="basicDetails" time="158.119" classname="com.ESIC_4March22.tc.TC003_ESICBasicDetails"/>
  <testcase name="basicDetails" time="157.827" classname="com.ESIC_4March22.tc.TC003_ESICBasicDetails"/>
  <testcase name="basicDetails" time="160.246" classname="com.ESIC_4March22.tc.TC003_ESICBasicDetails"/>
  <testcase name="basicDetails" time="160.318" classname="com.ESIC_4March22.tc.TC003_ESICBasicDetails"/>
  <testcase name="basicDetails" time="160.206" classname="com.ESIC_4March22.tc.TC003_ESICBasicDetails"/>
  <testcase name="basicDetails" time="158.490" classname="com.ESIC_4March22.tc.TC003_ESICBasicDetails"/>
  <testcase name="basicDetails" time="159.372" classname="com.ESIC_4March22.tc.TC003_ESICBasicDetails"/>
  <testcase name="basicDetails" time="160.209" classname="com.ESIC_4March22.tc.TC003_ESICBasicDetails"/>
  <testcase name="basicDetails" time="157.893" classname="com.ESIC_4March22.tc.TC003_ESICBasicDetails"/>
  <testcase name="basicDetails" time="160.323" classname="com.ESIC_4March22.tc.TC003_ESICBasicDetails"/>
</testsuite> <!-- com.ESIC_4March22.tc.TC003_ESICBasicDetails -->
