<?xml version="1.0" encoding="UTF-8"?>
<!-- Generated by org.testng.reporters.JUnitReportReporter -->
<testsuite skipped="0" hostname="MAA014482B" name="com.DCCB_March23.tc.TC001_DCCBBasicDetails" tests="102" failures="0" timestamp="2023-03-25T01:46:51 IST" time="17356.340" errors="0">
  <testcase name="basicDetails" time="169.645" classname="com.DCCB_March23.tc.TC001_DCCBBasicDetails"/>
  <testcase name="basicDetails" time="170.078" classname="com.DCCB_March23.tc.TC001_DCCBBasicDetails"/>
  <testcase name="basicDetails" time="169.332" classname="com.DCCB_March23.tc.TC001_DCCBBasicDetails"/>
  <testcase name="basicDetails" time="170.773" classname="com.DCCB_March23.tc.TC001_DCCBBasicDetails"/>
  <testcase name="basicDetails" time="170.501" classname="com.DCCB_March23.tc.TC001_DCCBBasicDetails"/>
  <testcase name="basicDetails" time="169.834" classname="com.DCCB_March23.tc.TC001_DCCBBasicDetails"/>
  <testcase name="basicDetails" time="170.205" classname="com.DCCB_March23.tc.TC001_DCCBBasicDetails"/>
  <testcase name="basicDetails" time="170.309" classname="com.DCCB_March23.tc.TC001_DCCBBasicDetails"/>
  <testcase name="basicDetails" time="170.266" classname="com.DCCB_March23.tc.TC001_DCCBBasicDetails"/>
  <testcase name="basicDetails" time="170.221" classname="com.DCCB_March23.tc.TC001_DCCBBasicDetails"/>
  <testcase name="basicDetails" time="169.827" classname="com.DCCB_March23.tc.TC001_DCCBBasicDetails"/>
  <testcase name="basicDetails" time="170.224" classname="com.DCCB_March23.tc.TC001_DCCBBasicDetails"/>
  <testcase name="basicDetails" time="170.203" classname="com.DCCB_March23.tc.TC001_DCCBBasicDetails"/>
  <testcase name="basicDetails" time="170.854" classname="com.DCCB_March23.tc.TC001_DCCBBasicDetails"/>
  <testcase name="basicDetails" time="169.830" classname="com.DCCB_March23.tc.TC001_DCCBBasicDetails"/>
  <testcase name="basicDetails" time="169.742" classname="com.DCCB_March23.tc.TC001_DCCBBasicDetails"/>
  <testcase name="basicDetails" time="170.372" classname="com.DCCB_March23.tc.TC001_DCCBBasicDetails"/>
  <testcase name="basicDetails" time="170.090" classname="com.DCCB_March23.tc.TC001_DCCBBasicDetails"/>
  <testcase name="basicDetails" time="170.080" classname="com.DCCB_March23.tc.TC001_DCCBBasicDetails"/>
  <testcase name="basicDetails" time="170.064" classname="com.DCCB_March23.tc.TC001_DCCBBasicDetails"/>
  <testcase name="basicDetails" time="169.959" classname="com.DCCB_March23.tc.TC001_DCCBBasicDetails"/>
  <testcase name="basicDetails" time="170.170" classname="com.DCCB_March23.tc.TC001_DCCBBasicDetails"/>
  <testcase name="basicDetails" time="169.299" classname="com.DCCB_March23.tc.TC001_DCCBBasicDetails"/>
  <testcase name="basicDetails" time="170.251" classname="com.DCCB_March23.tc.TC001_DCCBBasicDetails"/>
  <testcase name="basicDetails" time="170.605" classname="com.DCCB_March23.tc.TC001_DCCBBasicDetails"/>
  <testcase name="basicDetails" time="169.767" classname="com.DCCB_March23.tc.TC001_DCCBBasicDetails"/>
  <testcase name="basicDetails" time="169.980" classname="com.DCCB_March23.tc.TC001_DCCBBasicDetails"/>
  <testcase name="basicDetails" time="170.241" classname="com.DCCB_March23.tc.TC001_DCCBBasicDetails"/>
  <testcase name="basicDetails" time="169.818" classname="com.DCCB_March23.tc.TC001_DCCBBasicDetails"/>
  <testcase name="basicDetails" time="170.380" classname="com.DCCB_March23.tc.TC001_DCCBBasicDetails"/>
  <testcase name="basicDetails" time="169.827" classname="com.DCCB_March23.tc.TC001_DCCBBasicDetails"/>
  <testcase name="basicDetails" time="169.635" classname="com.DCCB_March23.tc.TC001_DCCBBasicDetails"/>
  <testcase name="basicDetails" time="170.223" classname="com.DCCB_March23.tc.TC001_DCCBBasicDetails"/>
  <testcase name="basicDetails" time="170.605" classname="com.DCCB_March23.tc.TC001_DCCBBasicDetails"/>
  <testcase name="basicDetails" time="170.274" classname="com.DCCB_March23.tc.TC001_DCCBBasicDetails"/>
  <testcase name="basicDetails" time="169.865" classname="com.DCCB_March23.tc.TC001_DCCBBasicDetails"/>
  <testcase name="basicDetails" time="170.437" classname="com.DCCB_March23.tc.TC001_DCCBBasicDetails"/>
  <testcase name="basicDetails" time="169.706" classname="com.DCCB_March23.tc.TC001_DCCBBasicDetails"/>
  <testcase name="basicDetails" time="180.522" classname="com.DCCB_March23.tc.TC001_DCCBBasicDetails"/>
  <testcase name="basicDetails" time="169.647" classname="com.DCCB_March23.tc.TC001_DCCBBasicDetails"/>
  <testcase name="basicDetails" time="170.104" classname="com.DCCB_March23.tc.TC001_DCCBBasicDetails"/>
  <testcase name="basicDetails" time="170.348" classname="com.DCCB_March23.tc.TC001_DCCBBasicDetails"/>
  <testcase name="basicDetails" time="169.906" classname="com.DCCB_March23.tc.TC001_DCCBBasicDetails"/>
  <testcase name="basicDetails" time="169.748" classname="com.DCCB_March23.tc.TC001_DCCBBasicDetails"/>
  <testcase name="basicDetails" time="169.994" classname="com.DCCB_March23.tc.TC001_DCCBBasicDetails"/>
  <testcase name="basicDetails" time="170.079" classname="com.DCCB_March23.tc.TC001_DCCBBasicDetails"/>
  <testcase name="basicDetails" time="170.122" classname="com.DCCB_March23.tc.TC001_DCCBBasicDetails"/>
  <testcase name="basicDetails" time="169.651" classname="com.DCCB_March23.tc.TC001_DCCBBasicDetails"/>
  <testcase name="basicDetails" time="170.082" classname="com.DCCB_March23.tc.TC001_DCCBBasicDetails"/>
  <testcase name="basicDetails" time="170.063" classname="com.DCCB_March23.tc.TC001_DCCBBasicDetails"/>
  <testcase name="basicDetails" time="171.405" classname="com.DCCB_March23.tc.TC001_DCCBBasicDetails"/>
  <testcase name="basicDetails" time="170.530" classname="com.DCCB_March23.tc.TC001_DCCBBasicDetails"/>
  <testcase name="basicDetails" time="170.492" classname="com.DCCB_March23.tc.TC001_DCCBBasicDetails"/>
  <testcase name="basicDetails" time="169.922" classname="com.DCCB_March23.tc.TC001_DCCBBasicDetails"/>
  <testcase name="basicDetails" time="170.495" classname="com.DCCB_March23.tc.TC001_DCCBBasicDetails"/>
  <testcase name="basicDetails" time="170.127" classname="com.DCCB_March23.tc.TC001_DCCBBasicDetails"/>
  <testcase name="basicDetails" time="169.722" classname="com.DCCB_March23.tc.TC001_DCCBBasicDetails"/>
  <testcase name="basicDetails" time="169.637" classname="com.DCCB_March23.tc.TC001_DCCBBasicDetails"/>
  <testcase name="basicDetails" time="170.335" classname="com.DCCB_March23.tc.TC001_DCCBBasicDetails"/>
  <testcase name="basicDetails" time="170.507" classname="com.DCCB_March23.tc.TC001_DCCBBasicDetails"/>
  <testcase name="basicDetails" time="169.109" classname="com.DCCB_March23.tc.TC001_DCCBBasicDetails"/>
  <testcase name="basicDetails" time="169.744" classname="com.DCCB_March23.tc.TC001_DCCBBasicDetails"/>
  <testcase name="basicDetails" time="170.412" classname="com.DCCB_March23.tc.TC001_DCCBBasicDetails"/>
  <testcase name="basicDetails" time="169.286" classname="com.DCCB_March23.tc.TC001_DCCBBasicDetails"/>
  <testcase name="basicDetails" time="170.425" classname="com.DCCB_March23.tc.TC001_DCCBBasicDetails"/>
  <testcase name="basicDetails" time="170.034" classname="com.DCCB_March23.tc.TC001_DCCBBasicDetails"/>
  <testcase name="basicDetails" time="170.227" classname="com.DCCB_March23.tc.TC001_DCCBBasicDetails"/>
  <testcase name="basicDetails" time="170.027" classname="com.DCCB_March23.tc.TC001_DCCBBasicDetails"/>
  <testcase name="basicDetails" time="169.738" classname="com.DCCB_March23.tc.TC001_DCCBBasicDetails"/>
  <testcase name="basicDetails" time="170.321" classname="com.DCCB_March23.tc.TC001_DCCBBasicDetails"/>
  <testcase name="basicDetails" time="170.641" classname="com.DCCB_March23.tc.TC001_DCCBBasicDetails"/>
  <testcase name="basicDetails" time="170.336" classname="com.DCCB_March23.tc.TC001_DCCBBasicDetails"/>
  <testcase name="basicDetails" time="170.576" classname="com.DCCB_March23.tc.TC001_DCCBBasicDetails"/>
  <testcase name="basicDetails" time="170.266" classname="com.DCCB_March23.tc.TC001_DCCBBasicDetails"/>
  <testcase name="basicDetails" time="169.672" classname="com.DCCB_March23.tc.TC001_DCCBBasicDetails"/>
  <testcase name="basicDetails" time="170.244" classname="com.DCCB_March23.tc.TC001_DCCBBasicDetails"/>
  <testcase name="basicDetails" time="169.676" classname="com.DCCB_March23.tc.TC001_DCCBBasicDetails"/>
  <testcase name="basicDetails" time="170.648" classname="com.DCCB_March23.tc.TC001_DCCBBasicDetails"/>
  <testcase name="basicDetails" time="169.542" classname="com.DCCB_March23.tc.TC001_DCCBBasicDetails"/>
  <testcase name="basicDetails" time="170.615" classname="com.DCCB_March23.tc.TC001_DCCBBasicDetails"/>
  <testcase name="basicDetails" time="170.382" classname="com.DCCB_March23.tc.TC001_DCCBBasicDetails"/>
  <testcase name="basicDetails" time="170.131" classname="com.DCCB_March23.tc.TC001_DCCBBasicDetails"/>
  <testcase name="basicDetails" time="170.019" classname="com.DCCB_March23.tc.TC001_DCCBBasicDetails"/>
  <testcase name="basicDetails" time="169.976" classname="com.DCCB_March23.tc.TC001_DCCBBasicDetails"/>
  <testcase name="basicDetails" time="170.516" classname="com.DCCB_March23.tc.TC001_DCCBBasicDetails"/>
  <testcase name="basicDetails" time="169.976" classname="com.DCCB_March23.tc.TC001_DCCBBasicDetails"/>
  <testcase name="basicDetails" time="169.692" classname="com.DCCB_March23.tc.TC001_DCCBBasicDetails"/>
  <testcase name="basicDetails" time="169.287" classname="com.DCCB_March23.tc.TC001_DCCBBasicDetails"/>
  <testcase name="basicDetails" time="169.891" classname="com.DCCB_March23.tc.TC001_DCCBBasicDetails"/>
  <testcase name="basicDetails" time="170.101" classname="com.DCCB_March23.tc.TC001_DCCBBasicDetails"/>
  <testcase name="basicDetails" time="169.826" classname="com.DCCB_March23.tc.TC001_DCCBBasicDetails"/>
  <testcase name="basicDetails" time="169.403" classname="com.DCCB_March23.tc.TC001_DCCBBasicDetails"/>
  <testcase name="basicDetails" time="170.402" classname="com.DCCB_March23.tc.TC001_DCCBBasicDetails"/>
  <testcase name="basicDetails" time="169.322" classname="com.DCCB_March23.tc.TC001_DCCBBasicDetails"/>
  <testcase name="basicDetails" time="169.632" classname="com.DCCB_March23.tc.TC001_DCCBBasicDetails"/>
  <testcase name="basicDetails" time="170.411" classname="com.DCCB_March23.tc.TC001_DCCBBasicDetails"/>
  <testcase name="basicDetails" time="169.567" classname="com.DCCB_March23.tc.TC001_DCCBBasicDetails"/>
  <testcase name="basicDetails" time="169.726" classname="com.DCCB_March23.tc.TC001_DCCBBasicDetails"/>
  <testcase name="basicDetails" time="169.279" classname="com.DCCB_March23.tc.TC001_DCCBBasicDetails"/>
  <testcase name="basicDetails" time="169.948" classname="com.DCCB_March23.tc.TC001_DCCBBasicDetails"/>
  <testcase name="basicDetails" time="169.896" classname="com.DCCB_March23.tc.TC001_DCCBBasicDetails"/>
  <testcase name="basicDetails" time="170.489" classname="com.DCCB_March23.tc.TC001_DCCBBasicDetails"/>
</testsuite> <!-- com.DCCB_March23.tc.TC001_DCCBBasicDetails -->
