<?xml version="1.0" encoding="UTF-8"?>
<!-- Generated by org.testng.reporters.JUnitReportReporter -->
<testsuite skipped="0" hostname="MAA014482B" name="com.TDCN_June23.tc.TC004_TDCNBasicDetails" tests="140" failures="0" timestamp="2023-06-26T19:04:28 IST" time="22583.961" errors="0">
  <testcase name="basicDetails" time="163.097" classname="com.TDCN_June23.tc.TC004_TDCNBasicDetails"/>
  <testcase name="basicDetails" time="159.762" classname="com.TDCN_June23.tc.TC004_TDCNBasicDetails"/>
  <testcase name="basicDetails" time="159.889" classname="com.TDCN_June23.tc.TC004_TDCNBasicDetails"/>
  <testcase name="basicDetails" time="160.042" classname="com.TDCN_June23.tc.TC004_TDCNBasicDetails"/>
  <testcase name="basicDetails" time="159.576" classname="com.TDCN_June23.tc.TC004_TDCNBasicDetails"/>
  <testcase name="basicDetails" time="159.882" classname="com.TDCN_June23.tc.TC004_TDCNBasicDetails"/>
  <testcase name="basicDetails" time="163.364" classname="com.TDCN_June23.tc.TC004_TDCNBasicDetails"/>
  <testcase name="basicDetails" time="163.248" classname="com.TDCN_June23.tc.TC004_TDCNBasicDetails"/>
  <testcase name="basicDetails" time="163.483" classname="com.TDCN_June23.tc.TC004_TDCNBasicDetails"/>
  <testcase name="basicDetails" time="160.141" classname="com.TDCN_June23.tc.TC004_TDCNBasicDetails"/>
  <testcase name="basicDetails" time="163.047" classname="com.TDCN_June23.tc.TC004_TDCNBasicDetails"/>
  <testcase name="basicDetails" time="163.155" classname="com.TDCN_June23.tc.TC004_TDCNBasicDetails"/>
  <testcase name="basicDetails" time="159.915" classname="com.TDCN_June23.tc.TC004_TDCNBasicDetails"/>
  <testcase name="basicDetails" time="163.345" classname="com.TDCN_June23.tc.TC004_TDCNBasicDetails"/>
  <testcase name="basicDetails" time="159.983" classname="com.TDCN_June23.tc.TC004_TDCNBasicDetails"/>
  <testcase name="basicDetails" time="162.905" classname="com.TDCN_June23.tc.TC004_TDCNBasicDetails"/>
  <testcase name="basicDetails" time="160.582" classname="com.TDCN_June23.tc.TC004_TDCNBasicDetails"/>
  <testcase name="basicDetails" time="163.175" classname="com.TDCN_June23.tc.TC004_TDCNBasicDetails"/>
  <testcase name="basicDetails" time="159.910" classname="com.TDCN_June23.tc.TC004_TDCNBasicDetails"/>
  <testcase name="basicDetails" time="163.041" classname="com.TDCN_June23.tc.TC004_TDCNBasicDetails"/>
  <testcase name="basicDetails" time="159.709" classname="com.TDCN_June23.tc.TC004_TDCNBasicDetails"/>
  <testcase name="basicDetails" time="159.775" classname="com.TDCN_June23.tc.TC004_TDCNBasicDetails"/>
  <testcase name="basicDetails" time="159.703" classname="com.TDCN_June23.tc.TC004_TDCNBasicDetails"/>
  <testcase name="basicDetails" time="159.991" classname="com.TDCN_June23.tc.TC004_TDCNBasicDetails"/>
  <testcase name="basicDetails" time="163.695" classname="com.TDCN_June23.tc.TC004_TDCNBasicDetails"/>
  <testcase name="basicDetails" time="160.080" classname="com.TDCN_June23.tc.TC004_TDCNBasicDetails"/>
  <testcase name="basicDetails" time="160.087" classname="com.TDCN_June23.tc.TC004_TDCNBasicDetails"/>
  <testcase name="basicDetails" time="159.843" classname="com.TDCN_June23.tc.TC004_TDCNBasicDetails"/>
  <testcase name="basicDetails" time="160.161" classname="com.TDCN_June23.tc.TC004_TDCNBasicDetails"/>
  <testcase name="basicDetails" time="159.963" classname="com.TDCN_June23.tc.TC004_TDCNBasicDetails"/>
  <testcase name="basicDetails" time="163.223" classname="com.TDCN_June23.tc.TC004_TDCNBasicDetails"/>
  <testcase name="basicDetails" time="163.269" classname="com.TDCN_June23.tc.TC004_TDCNBasicDetails"/>
  <testcase name="basicDetails" time="163.006" classname="com.TDCN_June23.tc.TC004_TDCNBasicDetails"/>
  <testcase name="basicDetails" time="159.973" classname="com.TDCN_June23.tc.TC004_TDCNBasicDetails"/>
  <testcase name="basicDetails" time="163.180" classname="com.TDCN_June23.tc.TC004_TDCNBasicDetails"/>
  <testcase name="basicDetails" time="159.983" classname="com.TDCN_June23.tc.TC004_TDCNBasicDetails"/>
  <testcase name="basicDetails" time="159.716" classname="com.TDCN_June23.tc.TC004_TDCNBasicDetails"/>
  <testcase name="basicDetails" time="160.141" classname="com.TDCN_June23.tc.TC004_TDCNBasicDetails"/>
  <testcase name="basicDetails" time="163.179" classname="com.TDCN_June23.tc.TC004_TDCNBasicDetails"/>
  <testcase name="basicDetails" time="159.743" classname="com.TDCN_June23.tc.TC004_TDCNBasicDetails"/>
  <testcase name="basicDetails" time="160.036" classname="com.TDCN_June23.tc.TC004_TDCNBasicDetails"/>
  <testcase name="basicDetails" time="163.221" classname="com.TDCN_June23.tc.TC004_TDCNBasicDetails"/>
  <testcase name="basicDetails" time="159.755" classname="com.TDCN_June23.tc.TC004_TDCNBasicDetails"/>
  <testcase name="basicDetails" time="159.553" classname="com.TDCN_June23.tc.TC004_TDCNBasicDetails"/>
  <testcase name="basicDetails" time="163.376" classname="com.TDCN_June23.tc.TC004_TDCNBasicDetails"/>
  <testcase name="basicDetails" time="163.674" classname="com.TDCN_June23.tc.TC004_TDCNBasicDetails"/>
  <testcase name="basicDetails" time="163.248" classname="com.TDCN_June23.tc.TC004_TDCNBasicDetails"/>
  <testcase name="basicDetails" time="159.926" classname="com.TDCN_June23.tc.TC004_TDCNBasicDetails"/>
  <testcase name="basicDetails" time="163.453" classname="com.TDCN_June23.tc.TC004_TDCNBasicDetails"/>
  <testcase name="basicDetails" time="159.532" classname="com.TDCN_June23.tc.TC004_TDCNBasicDetails"/>
  <testcase name="basicDetails" time="163.308" classname="com.TDCN_June23.tc.TC004_TDCNBasicDetails"/>
  <testcase name="basicDetails" time="159.891" classname="com.TDCN_June23.tc.TC004_TDCNBasicDetails"/>
  <testcase name="basicDetails" time="163.419" classname="com.TDCN_June23.tc.TC004_TDCNBasicDetails"/>
  <testcase name="basicDetails" time="159.803" classname="com.TDCN_June23.tc.TC004_TDCNBasicDetails"/>
  <testcase name="basicDetails" time="163.296" classname="com.TDCN_June23.tc.TC004_TDCNBasicDetails"/>
  <testcase name="basicDetails" time="160.017" classname="com.TDCN_June23.tc.TC004_TDCNBasicDetails"/>
  <testcase name="basicDetails" time="163.251" classname="com.TDCN_June23.tc.TC004_TDCNBasicDetails"/>
  <testcase name="basicDetails" time="160.131" classname="com.TDCN_June23.tc.TC004_TDCNBasicDetails"/>
  <testcase name="basicDetails" time="160.121" classname="com.TDCN_June23.tc.TC004_TDCNBasicDetails"/>
  <testcase name="basicDetails" time="163.361" classname="com.TDCN_June23.tc.TC004_TDCNBasicDetails"/>
  <testcase name="basicDetails" time="160.002" classname="com.TDCN_June23.tc.TC004_TDCNBasicDetails"/>
  <testcase name="basicDetails" time="163.834" classname="com.TDCN_June23.tc.TC004_TDCNBasicDetails"/>
  <testcase name="basicDetails" time="159.882" classname="com.TDCN_June23.tc.TC004_TDCNBasicDetails"/>
  <testcase name="basicDetails" time="163.403" classname="com.TDCN_June23.tc.TC004_TDCNBasicDetails"/>
  <testcase name="basicDetails" time="163.165" classname="com.TDCN_June23.tc.TC004_TDCNBasicDetails"/>
  <testcase name="basicDetails" time="163.149" classname="com.TDCN_June23.tc.TC004_TDCNBasicDetails"/>
  <testcase name="basicDetails" time="163.444" classname="com.TDCN_June23.tc.TC004_TDCNBasicDetails"/>
  <testcase name="basicDetails" time="159.843" classname="com.TDCN_June23.tc.TC004_TDCNBasicDetails"/>
  <testcase name="basicDetails" time="162.832" classname="com.TDCN_June23.tc.TC004_TDCNBasicDetails"/>
  <testcase name="basicDetails" time="160.072" classname="com.TDCN_June23.tc.TC004_TDCNBasicDetails"/>
  <testcase name="basicDetails" time="159.949" classname="com.TDCN_June23.tc.TC004_TDCNBasicDetails"/>
  <testcase name="basicDetails" time="159.621" classname="com.TDCN_June23.tc.TC004_TDCNBasicDetails"/>
  <testcase name="basicDetails" time="159.926" classname="com.TDCN_June23.tc.TC004_TDCNBasicDetails"/>
  <testcase name="basicDetails" time="163.010" classname="com.TDCN_June23.tc.TC004_TDCNBasicDetails"/>
  <testcase name="basicDetails" time="163.222" classname="com.TDCN_June23.tc.TC004_TDCNBasicDetails"/>
  <testcase name="basicDetails" time="160.434" classname="com.TDCN_June23.tc.TC004_TDCNBasicDetails"/>
  <testcase name="basicDetails" time="160.098" classname="com.TDCN_June23.tc.TC004_TDCNBasicDetails"/>
  <testcase name="basicDetails" time="159.818" classname="com.TDCN_June23.tc.TC004_TDCNBasicDetails"/>
  <testcase name="basicDetails" time="159.786" classname="com.TDCN_June23.tc.TC004_TDCNBasicDetails"/>
  <testcase name="basicDetails" time="159.693" classname="com.TDCN_June23.tc.TC004_TDCNBasicDetails"/>
  <testcase name="basicDetails" time="162.973" classname="com.TDCN_June23.tc.TC004_TDCNBasicDetails"/>
  <testcase name="basicDetails" time="159.752" classname="com.TDCN_June23.tc.TC004_TDCNBasicDetails"/>
  <testcase name="basicDetails" time="160.161" classname="com.TDCN_June23.tc.TC004_TDCNBasicDetails"/>
  <testcase name="basicDetails" time="159.884" classname="com.TDCN_June23.tc.TC004_TDCNBasicDetails"/>
  <testcase name="basicDetails" time="159.806" classname="com.TDCN_June23.tc.TC004_TDCNBasicDetails"/>
  <testcase name="basicDetails" time="163.409" classname="com.TDCN_June23.tc.TC004_TDCNBasicDetails"/>
  <testcase name="basicDetails" time="160.175" classname="com.TDCN_June23.tc.TC004_TDCNBasicDetails"/>
  <testcase name="basicDetails" time="159.650" classname="com.TDCN_June23.tc.TC004_TDCNBasicDetails"/>
  <testcase name="basicDetails" time="159.766" classname="com.TDCN_June23.tc.TC004_TDCNBasicDetails"/>
  <testcase name="basicDetails" time="160.055" classname="com.TDCN_June23.tc.TC004_TDCNBasicDetails"/>
  <testcase name="basicDetails" time="163.240" classname="com.TDCN_June23.tc.TC004_TDCNBasicDetails"/>
  <testcase name="basicDetails" time="159.905" classname="com.TDCN_June23.tc.TC004_TDCNBasicDetails"/>
  <testcase name="basicDetails" time="159.759" classname="com.TDCN_June23.tc.TC004_TDCNBasicDetails"/>
  <testcase name="basicDetails" time="163.109" classname="com.TDCN_June23.tc.TC004_TDCNBasicDetails"/>
  <testcase name="basicDetails" time="163.067" classname="com.TDCN_June23.tc.TC004_TDCNBasicDetails"/>
  <testcase name="basicDetails" time="163.169" classname="com.TDCN_June23.tc.TC004_TDCNBasicDetails"/>
  <testcase name="basicDetails" time="163.158" classname="com.TDCN_June23.tc.TC004_TDCNBasicDetails"/>
  <testcase name="basicDetails" time="160.203" classname="com.TDCN_June23.tc.TC004_TDCNBasicDetails"/>
  <testcase name="basicDetails" time="160.042" classname="com.TDCN_June23.tc.TC004_TDCNBasicDetails"/>
  <testcase name="basicDetails" time="163.347" classname="com.TDCN_June23.tc.TC004_TDCNBasicDetails"/>
  <testcase name="basicDetails" time="163.298" classname="com.TDCN_June23.tc.TC004_TDCNBasicDetails"/>
  <testcase name="basicDetails" time="160.446" classname="com.TDCN_June23.tc.TC004_TDCNBasicDetails"/>
  <testcase name="basicDetails" time="159.873" classname="com.TDCN_June23.tc.TC004_TDCNBasicDetails"/>
  <testcase name="basicDetails" time="159.998" classname="com.TDCN_June23.tc.TC004_TDCNBasicDetails"/>
  <testcase name="basicDetails" time="160.229" classname="com.TDCN_June23.tc.TC004_TDCNBasicDetails"/>
  <testcase name="basicDetails" time="159.937" classname="com.TDCN_June23.tc.TC004_TDCNBasicDetails"/>
  <testcase name="basicDetails" time="159.856" classname="com.TDCN_June23.tc.TC004_TDCNBasicDetails"/>
  <testcase name="basicDetails" time="160.192" classname="com.TDCN_June23.tc.TC004_TDCNBasicDetails"/>
  <testcase name="basicDetails" time="159.872" classname="com.TDCN_June23.tc.TC004_TDCNBasicDetails"/>
  <testcase name="basicDetails" time="159.999" classname="com.TDCN_June23.tc.TC004_TDCNBasicDetails"/>
  <testcase name="basicDetails" time="159.913" classname="com.TDCN_June23.tc.TC004_TDCNBasicDetails"/>
  <testcase name="basicDetails" time="175.487" classname="com.TDCN_June23.tc.TC004_TDCNBasicDetails"/>
  <testcase name="basicDetails" time="159.959" classname="com.TDCN_June23.tc.TC004_TDCNBasicDetails"/>
  <testcase name="basicDetails" time="160.019" classname="com.TDCN_June23.tc.TC004_TDCNBasicDetails"/>
  <testcase name="basicDetails" time="160.248" classname="com.TDCN_June23.tc.TC004_TDCNBasicDetails"/>
  <testcase name="basicDetails" time="160.103" classname="com.TDCN_June23.tc.TC004_TDCNBasicDetails"/>
  <testcase name="basicDetails" time="159.938" classname="com.TDCN_June23.tc.TC004_TDCNBasicDetails"/>
  <testcase name="basicDetails" time="163.053" classname="com.TDCN_June23.tc.TC004_TDCNBasicDetails"/>
  <testcase name="basicDetails" time="163.255" classname="com.TDCN_June23.tc.TC004_TDCNBasicDetails"/>
  <testcase name="basicDetails" time="160.119" classname="com.TDCN_June23.tc.TC004_TDCNBasicDetails"/>
  <testcase name="basicDetails" time="159.917" classname="com.TDCN_June23.tc.TC004_TDCNBasicDetails"/>
  <testcase name="basicDetails" time="159.730" classname="com.TDCN_June23.tc.TC004_TDCNBasicDetails"/>
  <testcase name="basicDetails" time="163.370" classname="com.TDCN_June23.tc.TC004_TDCNBasicDetails"/>
  <testcase name="basicDetails" time="163.098" classname="com.TDCN_June23.tc.TC004_TDCNBasicDetails"/>
  <testcase name="basicDetails" time="159.827" classname="com.TDCN_June23.tc.TC004_TDCNBasicDetails"/>
  <testcase name="basicDetails" time="160.327" classname="com.TDCN_June23.tc.TC004_TDCNBasicDetails"/>
  <testcase name="basicDetails" time="159.632" classname="com.TDCN_June23.tc.TC004_TDCNBasicDetails"/>
  <testcase name="basicDetails" time="163.275" classname="com.TDCN_June23.tc.TC004_TDCNBasicDetails"/>
  <testcase name="basicDetails" time="160.149" classname="com.TDCN_June23.tc.TC004_TDCNBasicDetails"/>
  <testcase name="basicDetails" time="163.308" classname="com.TDCN_June23.tc.TC004_TDCNBasicDetails"/>
  <testcase name="basicDetails" time="163.225" classname="com.TDCN_June23.tc.TC004_TDCNBasicDetails"/>
  <testcase name="basicDetails" time="163.280" classname="com.TDCN_June23.tc.TC004_TDCNBasicDetails"/>
  <testcase name="basicDetails" time="159.966" classname="com.TDCN_June23.tc.TC004_TDCNBasicDetails"/>
  <testcase name="basicDetails" time="163.318" classname="com.TDCN_June23.tc.TC004_TDCNBasicDetails"/>
  <testcase name="basicDetails" time="159.968" classname="com.TDCN_June23.tc.TC004_TDCNBasicDetails"/>
  <testcase name="basicDetails" time="160.013" classname="com.TDCN_June23.tc.TC004_TDCNBasicDetails"/>
  <testcase name="basicDetails" time="160.131" classname="com.TDCN_June23.tc.TC004_TDCNBasicDetails"/>
  <testcase name="basicDetails" time="163.274" classname="com.TDCN_June23.tc.TC004_TDCNBasicDetails"/>
  <testcase name="basicDetails" time="160.160" classname="com.TDCN_June23.tc.TC004_TDCNBasicDetails"/>
  <testcase name="basicDetails" time="160.046" classname="com.TDCN_June23.tc.TC004_TDCNBasicDetails"/>
</testsuite> <!-- com.TDCN_June23.tc.TC004_TDCNBasicDetails -->
