<?xml version="1.0" encoding="UTF-8"?>
<!-- Generated by org.testng.reporters.JUnitReportReporter -->
<testsuite skipped="0" hostname="MAA014482B" name="com.CBI_8Sep22.tc.TC002_CBIBasicDetails" tests="4" failures="0" timestamp="2022-09-22T18:17:20 IST" time="621.250" errors="0">
  <testcase name="basicDetails" time="156.722" classname="com.CBI_8Sep22.tc.TC002_CBIBasicDetails"/>
  <testcase name="basicDetails" time="154.678" classname="com.CBI_8Sep22.tc.TC002_CBIBasicDetails"/>
  <testcase name="basicDetails" time="154.571" classname="com.CBI_8Sep22.tc.TC002_CBIBasicDetails"/>
  <testcase name="basicDetails" time="155.279" classname="com.CBI_8Sep22.tc.TC002_CBIBasicDetails"/>
</testsuite> <!-- com.CBI_8Sep22.tc.TC002_CBIBasicDetails -->
