<?xml version="1.0" encoding="UTF-8"?>
<!-- Generated by org.testng.reporters.JUnitReportReporter -->
<testsuite skipped="0" hostname="MAA014482B" name="com.CSIR_25July22.tc.TC004_CSIRBasicDetails" tests="14" failures="0" timestamp="2022-08-03T14:23:55 IST" time="1790.383" errors="0">
  <testcase name="basicDetails" time="129.851" classname="com.CSIR_25July22.tc.TC004_CSIRBasicDetails"/>
  <testcase name="basicDetails" time="126.421" classname="com.CSIR_25July22.tc.TC004_CSIRBasicDetails"/>
  <testcase name="basicDetails" time="126.428" classname="com.CSIR_25July22.tc.TC004_CSIRBasicDetails"/>
  <testcase name="basicDetails" time="126.366" classname="com.CSIR_25July22.tc.TC004_CSIRBasicDetails"/>
  <testcase name="basicDetails" time="126.280" classname="com.CSIR_25July22.tc.TC004_CSIRBasicDetails"/>
  <testcase name="basicDetails" time="127.355" classname="com.CSIR_25July22.tc.TC004_CSIRBasicDetails"/>
  <testcase name="basicDetails" time="126.562" classname="com.CSIR_25July22.tc.TC004_CSIRBasicDetails"/>
  <testcase name="basicDetails" time="126.309" classname="com.CSIR_25July22.tc.TC004_CSIRBasicDetails"/>
  <testcase name="basicDetails" time="129.618" classname="com.CSIR_25July22.tc.TC004_CSIRBasicDetails"/>
  <testcase name="basicDetails" time="129.479" classname="com.CSIR_25July22.tc.TC004_CSIRBasicDetails"/>
  <testcase name="basicDetails" time="126.428" classname="com.CSIR_25July22.tc.TC004_CSIRBasicDetails"/>
  <testcase name="basicDetails" time="130.253" classname="com.CSIR_25July22.tc.TC004_CSIRBasicDetails"/>
  <testcase name="basicDetails" time="129.580" classname="com.CSIR_25July22.tc.TC004_CSIRBasicDetails"/>
  <testcase name="basicDetails" time="129.453" classname="com.CSIR_25July22.tc.TC004_CSIRBasicDetails"/>
</testsuite> <!-- com.CSIR_25July22.tc.TC004_CSIRBasicDetails -->
