<?xml version="1.0" encoding="UTF-8"?>
<!-- Generated by org.testng.reporters.JUnitReportReporter -->
<testsuite skipped="0" hostname="MAA014482B" name="com.IIMS.tc.TC003_IIMSBasicDetails" tests="50" failures="0" timestamp="2023-07-05T16:45:44 IST" time="7919.362" errors="0">
  <testcase name="basicDetails" time="157.944" classname="com.IIMS.tc.TC003_IIMSBasicDetails"/>
  <testcase name="basicDetails" time="158.969" classname="com.IIMS.tc.TC003_IIMSBasicDetails"/>
  <testcase name="basicDetails" time="157.744" classname="com.IIMS.tc.TC003_IIMSBasicDetails"/>
  <testcase name="basicDetails" time="158.982" classname="com.IIMS.tc.TC003_IIMSBasicDetails"/>
  <testcase name="basicDetails" time="157.674" classname="com.IIMS.tc.TC003_IIMSBasicDetails"/>
  <testcase name="basicDetails" time="161.874" classname="com.IIMS.tc.TC003_IIMSBasicDetails"/>
  <testcase name="basicDetails" time="157.843" classname="com.IIMS.tc.TC003_IIMSBasicDetails"/>
  <testcase name="basicDetails" time="158.003" classname="com.IIMS.tc.TC003_IIMSBasicDetails"/>
  <testcase name="basicDetails" time="157.571" classname="com.IIMS.tc.TC003_IIMSBasicDetails"/>
  <testcase name="basicDetails" time="158.973" classname="com.IIMS.tc.TC003_IIMSBasicDetails"/>
  <testcase name="basicDetails" time="157.322" classname="com.IIMS.tc.TC003_IIMSBasicDetails"/>
  <testcase name="basicDetails" time="159.186" classname="com.IIMS.tc.TC003_IIMSBasicDetails"/>
  <testcase name="basicDetails" time="159.181" classname="com.IIMS.tc.TC003_IIMSBasicDetails"/>
  <testcase name="basicDetails" time="157.444" classname="com.IIMS.tc.TC003_IIMSBasicDetails"/>
  <testcase name="basicDetails" time="157.721" classname="com.IIMS.tc.TC003_IIMSBasicDetails"/>
  <testcase name="basicDetails" time="157.787" classname="com.IIMS.tc.TC003_IIMSBasicDetails"/>
  <testcase name="basicDetails" time="159.096" classname="com.IIMS.tc.TC003_IIMSBasicDetails"/>
  <testcase name="basicDetails" time="159.112" classname="com.IIMS.tc.TC003_IIMSBasicDetails"/>
  <testcase name="basicDetails" time="157.616" classname="com.IIMS.tc.TC003_IIMSBasicDetails"/>
  <testcase name="basicDetails" time="157.628" classname="com.IIMS.tc.TC003_IIMSBasicDetails"/>
  <testcase name="basicDetails" time="158.829" classname="com.IIMS.tc.TC003_IIMSBasicDetails"/>
  <testcase name="basicDetails" time="159.030" classname="com.IIMS.tc.TC003_IIMSBasicDetails"/>
  <testcase name="basicDetails" time="159.170" classname="com.IIMS.tc.TC003_IIMSBasicDetails"/>
  <testcase name="basicDetails" time="157.821" classname="com.IIMS.tc.TC003_IIMSBasicDetails"/>
  <testcase name="basicDetails" time="159.076" classname="com.IIMS.tc.TC003_IIMSBasicDetails"/>
  <testcase name="basicDetails" time="158.945" classname="com.IIMS.tc.TC003_IIMSBasicDetails"/>
  <testcase name="basicDetails" time="157.990" classname="com.IIMS.tc.TC003_IIMSBasicDetails"/>
  <testcase name="basicDetails" time="160.901" classname="com.IIMS.tc.TC003_IIMSBasicDetails"/>
  <testcase name="basicDetails" time="159.020" classname="com.IIMS.tc.TC003_IIMSBasicDetails"/>
  <testcase name="basicDetails" time="157.941" classname="com.IIMS.tc.TC003_IIMSBasicDetails"/>
  <testcase name="basicDetails" time="157.756" classname="com.IIMS.tc.TC003_IIMSBasicDetails"/>
  <testcase name="basicDetails" time="157.869" classname="com.IIMS.tc.TC003_IIMSBasicDetails"/>
  <testcase name="basicDetails" time="157.996" classname="com.IIMS.tc.TC003_IIMSBasicDetails"/>
  <testcase name="basicDetails" time="159.043" classname="com.IIMS.tc.TC003_IIMSBasicDetails"/>
  <testcase name="basicDetails" time="158.836" classname="com.IIMS.tc.TC003_IIMSBasicDetails"/>
  <testcase name="basicDetails" time="158.050" classname="com.IIMS.tc.TC003_IIMSBasicDetails"/>
  <testcase name="basicDetails" time="158.982" classname="com.IIMS.tc.TC003_IIMSBasicDetails"/>
  <testcase name="basicDetails" time="157.454" classname="com.IIMS.tc.TC003_IIMSBasicDetails"/>
  <testcase name="basicDetails" time="159.330" classname="com.IIMS.tc.TC003_IIMSBasicDetails"/>
  <testcase name="basicDetails" time="157.643" classname="com.IIMS.tc.TC003_IIMSBasicDetails"/>
  <testcase name="basicDetails" time="157.725" classname="com.IIMS.tc.TC003_IIMSBasicDetails"/>
  <testcase name="basicDetails" time="159.235" classname="com.IIMS.tc.TC003_IIMSBasicDetails"/>
  <testcase name="basicDetails" time="157.731" classname="com.IIMS.tc.TC003_IIMSBasicDetails"/>
  <testcase name="basicDetails" time="158.077" classname="com.IIMS.tc.TC003_IIMSBasicDetails"/>
  <testcase name="basicDetails" time="157.824" classname="com.IIMS.tc.TC003_IIMSBasicDetails"/>
  <testcase name="basicDetails" time="157.694" classname="com.IIMS.tc.TC003_IIMSBasicDetails"/>
  <testcase name="basicDetails" time="157.575" classname="com.IIMS.tc.TC003_IIMSBasicDetails"/>
  <testcase name="basicDetails" time="157.584" classname="com.IIMS.tc.TC003_IIMSBasicDetails"/>
  <testcase name="basicDetails" time="157.732" classname="com.IIMS.tc.TC003_IIMSBasicDetails"/>
  <testcase name="basicDetails" time="158.833" classname="com.IIMS.tc.TC003_IIMSBasicDetails"/>
</testsuite> <!-- com.IIMS.tc.TC003_IIMSBasicDetails -->
