<?xml version="1.0" encoding="UTF-8"?>
<!-- Generated by org.testng.reporters.JUnitReportReporter -->
<testsuite skipped="0" hostname="MAA014482B" name="com.MAHAGEN_2Sep22.tc.TC002_MAHAGENBasicDetails" tests="18" failures="0" timestamp="2022-09-09T15:24:30 IST" time="2780.363" errors="0">
  <testcase name="basicDetails" time="155.123" classname="com.MAHAGEN_2Sep22.tc.TC002_MAHAGENBasicDetails"/>
  <testcase name="basicDetails" time="155.159" classname="com.MAHAGEN_2Sep22.tc.TC002_MAHAGENBasicDetails"/>
  <testcase name="basicDetails" time="153.714" classname="com.MAHAGEN_2Sep22.tc.TC002_MAHAGENBasicDetails"/>
  <testcase name="basicDetails" time="152.199" classname="com.MAHAGEN_2Sep22.tc.TC002_MAHAGENBasicDetails"/>
  <testcase name="basicDetails" time="156.797" classname="com.MAHAGEN_2Sep22.tc.TC002_MAHAGENBasicDetails"/>
  <testcase name="basicDetails" time="156.586" classname="com.MAHAGEN_2Sep22.tc.TC002_MAHAGENBasicDetails"/>
  <testcase name="basicDetails" time="153.409" classname="com.MAHAGEN_2Sep22.tc.TC002_MAHAGENBasicDetails"/>
  <testcase name="basicDetails" time="153.767" classname="com.MAHAGEN_2Sep22.tc.TC002_MAHAGENBasicDetails"/>
  <testcase name="basicDetails" time="160.894" classname="com.MAHAGEN_2Sep22.tc.TC002_MAHAGENBasicDetails"/>
  <testcase name="basicDetails" time="151.958" classname="com.MAHAGEN_2Sep22.tc.TC002_MAHAGENBasicDetails"/>
  <testcase name="basicDetails" time="154.008" classname="com.MAHAGEN_2Sep22.tc.TC002_MAHAGENBasicDetails"/>
  <testcase name="basicDetails" time="154.445" classname="com.MAHAGEN_2Sep22.tc.TC002_MAHAGENBasicDetails"/>
  <testcase name="basicDetails" time="153.967" classname="com.MAHAGEN_2Sep22.tc.TC002_MAHAGENBasicDetails"/>
  <testcase name="basicDetails" time="152.902" classname="com.MAHAGEN_2Sep22.tc.TC002_MAHAGENBasicDetails"/>
  <testcase name="basicDetails" time="151.717" classname="com.MAHAGEN_2Sep22.tc.TC002_MAHAGENBasicDetails"/>
  <testcase name="basicDetails" time="153.178" classname="com.MAHAGEN_2Sep22.tc.TC002_MAHAGENBasicDetails"/>
  <testcase name="basicDetails" time="155.076" classname="com.MAHAGEN_2Sep22.tc.TC002_MAHAGENBasicDetails"/>
  <testcase name="basicDetails" time="155.464" classname="com.MAHAGEN_2Sep22.tc.TC002_MAHAGENBasicDetails"/>
</testsuite> <!-- com.MAHAGEN_2Sep22.tc.TC002_MAHAGENBasicDetails -->
