<?xml version="1.0" encoding="UTF-8"?>
<!-- Generated by org.testng.reporters.JUnitReportReporter -->
<testsuite skipped="0" hostname="MAA014482B" name="com.CAMP_March23.tc.TC004_CAMPBasicDetails" tests="180" failures="0" timestamp="2023-03-16T08:07:22 IST" time="28841.469" errors="0">
  <testcase name="basicDetails" time="159.824" classname="com.CAMP_March23.tc.TC004_CAMPBasicDetails"/>
  <testcase name="basicDetails" time="159.964" classname="com.CAMP_March23.tc.TC004_CAMPBasicDetails"/>
  <testcase name="basicDetails" time="162.142" classname="com.CAMP_March23.tc.TC004_CAMPBasicDetails"/>
  <testcase name="basicDetails" time="159.610" classname="com.CAMP_March23.tc.TC004_CAMPBasicDetails"/>
  <testcase name="basicDetails" time="161.756" classname="com.CAMP_March23.tc.TC004_CAMPBasicDetails"/>
  <testcase name="basicDetails" time="161.827" classname="com.CAMP_March23.tc.TC004_CAMPBasicDetails"/>
  <testcase name="basicDetails" time="159.520" classname="com.CAMP_March23.tc.TC004_CAMPBasicDetails"/>
  <testcase name="basicDetails" time="159.705" classname="com.CAMP_March23.tc.TC004_CAMPBasicDetails"/>
  <testcase name="basicDetails" time="162.527" classname="com.CAMP_March23.tc.TC004_CAMPBasicDetails"/>
  <testcase name="basicDetails" time="159.938" classname="com.CAMP_March23.tc.TC004_CAMPBasicDetails"/>
  <testcase name="basicDetails" time="160.946" classname="com.CAMP_March23.tc.TC004_CAMPBasicDetails"/>
  <testcase name="basicDetails" time="159.503" classname="com.CAMP_March23.tc.TC004_CAMPBasicDetails"/>
  <testcase name="basicDetails" time="161.987" classname="com.CAMP_March23.tc.TC004_CAMPBasicDetails"/>
  <testcase name="basicDetails" time="162.220" classname="com.CAMP_March23.tc.TC004_CAMPBasicDetails"/>
  <testcase name="basicDetails" time="162.118" classname="com.CAMP_March23.tc.TC004_CAMPBasicDetails"/>
  <testcase name="basicDetails" time="161.749" classname="com.CAMP_March23.tc.TC004_CAMPBasicDetails"/>
  <testcase name="basicDetails" time="160.067" classname="com.CAMP_March23.tc.TC004_CAMPBasicDetails"/>
  <testcase name="basicDetails" time="159.914" classname="com.CAMP_March23.tc.TC004_CAMPBasicDetails"/>
  <testcase name="basicDetails" time="159.454" classname="com.CAMP_March23.tc.TC004_CAMPBasicDetails"/>
  <testcase name="basicDetails" time="159.593" classname="com.CAMP_March23.tc.TC004_CAMPBasicDetails"/>
  <testcase name="basicDetails" time="159.864" classname="com.CAMP_March23.tc.TC004_CAMPBasicDetails"/>
  <testcase name="basicDetails" time="162.047" classname="com.CAMP_March23.tc.TC004_CAMPBasicDetails"/>
  <testcase name="basicDetails" time="159.653" classname="com.CAMP_March23.tc.TC004_CAMPBasicDetails"/>
  <testcase name="basicDetails" time="160.050" classname="com.CAMP_March23.tc.TC004_CAMPBasicDetails"/>
  <testcase name="basicDetails" time="159.854" classname="com.CAMP_March23.tc.TC004_CAMPBasicDetails"/>
  <testcase name="basicDetails" time="159.874" classname="com.CAMP_March23.tc.TC004_CAMPBasicDetails"/>
  <testcase name="basicDetails" time="159.596" classname="com.CAMP_March23.tc.TC004_CAMPBasicDetails"/>
  <testcase name="basicDetails" time="160.032" classname="com.CAMP_March23.tc.TC004_CAMPBasicDetails"/>
  <testcase name="basicDetails" time="159.930" classname="com.CAMP_March23.tc.TC004_CAMPBasicDetails"/>
  <testcase name="basicDetails" time="159.837" classname="com.CAMP_March23.tc.TC004_CAMPBasicDetails"/>
  <testcase name="basicDetails" time="159.704" classname="com.CAMP_March23.tc.TC004_CAMPBasicDetails"/>
  <testcase name="basicDetails" time="159.601" classname="com.CAMP_March23.tc.TC004_CAMPBasicDetails"/>
  <testcase name="basicDetails" time="159.812" classname="com.CAMP_March23.tc.TC004_CAMPBasicDetails"/>
  <testcase name="basicDetails" time="158.495" classname="com.CAMP_March23.tc.TC004_CAMPBasicDetails"/>
  <testcase name="basicDetails" time="159.357" classname="com.CAMP_March23.tc.TC004_CAMPBasicDetails"/>
  <testcase name="basicDetails" time="160.226" classname="com.CAMP_March23.tc.TC004_CAMPBasicDetails"/>
  <testcase name="basicDetails" time="159.998" classname="com.CAMP_March23.tc.TC004_CAMPBasicDetails"/>
  <testcase name="basicDetails" time="161.932" classname="com.CAMP_March23.tc.TC004_CAMPBasicDetails"/>
  <testcase name="basicDetails" time="159.791" classname="com.CAMP_March23.tc.TC004_CAMPBasicDetails"/>
  <testcase name="basicDetails" time="159.399" classname="com.CAMP_March23.tc.TC004_CAMPBasicDetails"/>
  <testcase name="basicDetails" time="159.557" classname="com.CAMP_March23.tc.TC004_CAMPBasicDetails"/>
  <testcase name="basicDetails" time="159.397" classname="com.CAMP_March23.tc.TC004_CAMPBasicDetails"/>
  <testcase name="basicDetails" time="158.531" classname="com.CAMP_March23.tc.TC004_CAMPBasicDetails"/>
  <testcase name="basicDetails" time="160.043" classname="com.CAMP_March23.tc.TC004_CAMPBasicDetails"/>
  <testcase name="basicDetails" time="162.978" classname="com.CAMP_March23.tc.TC004_CAMPBasicDetails"/>
  <testcase name="basicDetails" time="159.431" classname="com.CAMP_March23.tc.TC004_CAMPBasicDetails"/>
  <testcase name="basicDetails" time="159.202" classname="com.CAMP_March23.tc.TC004_CAMPBasicDetails"/>
  <testcase name="basicDetails" time="160.058" classname="com.CAMP_March23.tc.TC004_CAMPBasicDetails"/>
  <testcase name="basicDetails" time="160.066" classname="com.CAMP_March23.tc.TC004_CAMPBasicDetails"/>
  <testcase name="basicDetails" time="161.782" classname="com.CAMP_March23.tc.TC004_CAMPBasicDetails"/>
  <testcase name="basicDetails" time="159.380" classname="com.CAMP_March23.tc.TC004_CAMPBasicDetails"/>
  <testcase name="basicDetails" time="160.069" classname="com.CAMP_March23.tc.TC004_CAMPBasicDetails"/>
  <testcase name="basicDetails" time="159.774" classname="com.CAMP_March23.tc.TC004_CAMPBasicDetails"/>
  <testcase name="basicDetails" time="159.858" classname="com.CAMP_March23.tc.TC004_CAMPBasicDetails"/>
  <testcase name="basicDetails" time="159.949" classname="com.CAMP_March23.tc.TC004_CAMPBasicDetails"/>
  <testcase name="basicDetails" time="158.081" classname="com.CAMP_March23.tc.TC004_CAMPBasicDetails"/>
  <testcase name="basicDetails" time="159.420" classname="com.CAMP_March23.tc.TC004_CAMPBasicDetails"/>
  <testcase name="basicDetails" time="160.071" classname="com.CAMP_March23.tc.TC004_CAMPBasicDetails"/>
  <testcase name="basicDetails" time="160.117" classname="com.CAMP_March23.tc.TC004_CAMPBasicDetails"/>
  <testcase name="basicDetails" time="159.102" classname="com.CAMP_March23.tc.TC004_CAMPBasicDetails"/>
  <testcase name="basicDetails" time="159.688" classname="com.CAMP_March23.tc.TC004_CAMPBasicDetails"/>
  <testcase name="basicDetails" time="159.660" classname="com.CAMP_March23.tc.TC004_CAMPBasicDetails"/>
  <testcase name="basicDetails" time="159.942" classname="com.CAMP_March23.tc.TC004_CAMPBasicDetails"/>
  <testcase name="basicDetails" time="159.587" classname="com.CAMP_March23.tc.TC004_CAMPBasicDetails"/>
  <testcase name="basicDetails" time="163.267" classname="com.CAMP_March23.tc.TC004_CAMPBasicDetails"/>
  <testcase name="basicDetails" time="160.098" classname="com.CAMP_March23.tc.TC004_CAMPBasicDetails"/>
  <testcase name="basicDetails" time="158.161" classname="com.CAMP_March23.tc.TC004_CAMPBasicDetails"/>
  <testcase name="basicDetails" time="158.435" classname="com.CAMP_March23.tc.TC004_CAMPBasicDetails"/>
  <testcase name="basicDetails" time="158.846" classname="com.CAMP_March23.tc.TC004_CAMPBasicDetails"/>
  <testcase name="basicDetails" time="159.560" classname="com.CAMP_March23.tc.TC004_CAMPBasicDetails"/>
  <testcase name="basicDetails" time="159.680" classname="com.CAMP_March23.tc.TC004_CAMPBasicDetails"/>
  <testcase name="basicDetails" time="159.645" classname="com.CAMP_March23.tc.TC004_CAMPBasicDetails"/>
  <testcase name="basicDetails" time="159.638" classname="com.CAMP_March23.tc.TC004_CAMPBasicDetails"/>
  <testcase name="basicDetails" time="159.602" classname="com.CAMP_March23.tc.TC004_CAMPBasicDetails"/>
  <testcase name="basicDetails" time="160.418" classname="com.CAMP_March23.tc.TC004_CAMPBasicDetails"/>
  <testcase name="basicDetails" time="159.456" classname="com.CAMP_March23.tc.TC004_CAMPBasicDetails"/>
  <testcase name="basicDetails" time="160.000" classname="com.CAMP_March23.tc.TC004_CAMPBasicDetails"/>
  <testcase name="basicDetails" time="159.705" classname="com.CAMP_March23.tc.TC004_CAMPBasicDetails"/>
  <testcase name="basicDetails" time="162.976" classname="com.CAMP_March23.tc.TC004_CAMPBasicDetails"/>
  <testcase name="basicDetails" time="161.786" classname="com.CAMP_March23.tc.TC004_CAMPBasicDetails"/>
  <testcase name="basicDetails" time="159.581" classname="com.CAMP_March23.tc.TC004_CAMPBasicDetails"/>
  <testcase name="basicDetails" time="159.419" classname="com.CAMP_March23.tc.TC004_CAMPBasicDetails"/>
  <testcase name="basicDetails" time="159.820" classname="com.CAMP_March23.tc.TC004_CAMPBasicDetails"/>
  <testcase name="basicDetails" time="160.065" classname="com.CAMP_March23.tc.TC004_CAMPBasicDetails"/>
  <testcase name="basicDetails" time="159.331" classname="com.CAMP_March23.tc.TC004_CAMPBasicDetails"/>
  <testcase name="basicDetails" time="159.477" classname="com.CAMP_March23.tc.TC004_CAMPBasicDetails"/>
  <testcase name="basicDetails" time="161.508" classname="com.CAMP_March23.tc.TC004_CAMPBasicDetails"/>
  <testcase name="basicDetails" time="159.477" classname="com.CAMP_March23.tc.TC004_CAMPBasicDetails"/>
  <testcase name="basicDetails" time="159.457" classname="com.CAMP_March23.tc.TC004_CAMPBasicDetails"/>
  <testcase name="basicDetails" time="159.720" classname="com.CAMP_March23.tc.TC004_CAMPBasicDetails"/>
  <testcase name="basicDetails" time="159.712" classname="com.CAMP_March23.tc.TC004_CAMPBasicDetails"/>
  <testcase name="basicDetails" time="159.840" classname="com.CAMP_March23.tc.TC004_CAMPBasicDetails"/>
  <testcase name="basicDetails" time="162.808" classname="com.CAMP_March23.tc.TC004_CAMPBasicDetails"/>
  <testcase name="basicDetails" time="159.924" classname="com.CAMP_March23.tc.TC004_CAMPBasicDetails"/>
  <testcase name="basicDetails" time="162.050" classname="com.CAMP_March23.tc.TC004_CAMPBasicDetails"/>
  <testcase name="basicDetails" time="159.679" classname="com.CAMP_March23.tc.TC004_CAMPBasicDetails"/>
  <testcase name="basicDetails" time="159.902" classname="com.CAMP_March23.tc.TC004_CAMPBasicDetails"/>
  <testcase name="basicDetails" time="161.983" classname="com.CAMP_March23.tc.TC004_CAMPBasicDetails"/>
  <testcase name="basicDetails" time="160.296" classname="com.CAMP_March23.tc.TC004_CAMPBasicDetails"/>
  <testcase name="basicDetails" time="159.800" classname="com.CAMP_March23.tc.TC004_CAMPBasicDetails"/>
  <testcase name="basicDetails" time="160.144" classname="com.CAMP_March23.tc.TC004_CAMPBasicDetails"/>
  <testcase name="basicDetails" time="162.013" classname="com.CAMP_March23.tc.TC004_CAMPBasicDetails"/>
  <testcase name="basicDetails" time="161.935" classname="com.CAMP_March23.tc.TC004_CAMPBasicDetails"/>
  <testcase name="basicDetails" time="160.281" classname="com.CAMP_March23.tc.TC004_CAMPBasicDetails"/>
  <testcase name="basicDetails" time="159.676" classname="com.CAMP_March23.tc.TC004_CAMPBasicDetails"/>
  <testcase name="basicDetails" time="160.176" classname="com.CAMP_March23.tc.TC004_CAMPBasicDetails"/>
  <testcase name="basicDetails" time="159.651" classname="com.CAMP_March23.tc.TC004_CAMPBasicDetails"/>
  <testcase name="basicDetails" time="159.803" classname="com.CAMP_March23.tc.TC004_CAMPBasicDetails"/>
  <testcase name="basicDetails" time="159.454" classname="com.CAMP_March23.tc.TC004_CAMPBasicDetails"/>
  <testcase name="basicDetails" time="159.968" classname="com.CAMP_March23.tc.TC004_CAMPBasicDetails"/>
  <testcase name="basicDetails" time="159.353" classname="com.CAMP_March23.tc.TC004_CAMPBasicDetails"/>
  <testcase name="basicDetails" time="159.959" classname="com.CAMP_March23.tc.TC004_CAMPBasicDetails"/>
  <testcase name="basicDetails" time="159.858" classname="com.CAMP_March23.tc.TC004_CAMPBasicDetails"/>
  <testcase name="basicDetails" time="159.927" classname="com.CAMP_March23.tc.TC004_CAMPBasicDetails"/>
  <testcase name="basicDetails" time="159.632" classname="com.CAMP_March23.tc.TC004_CAMPBasicDetails"/>
  <testcase name="basicDetails" time="159.900" classname="com.CAMP_March23.tc.TC004_CAMPBasicDetails"/>
  <testcase name="basicDetails" time="161.997" classname="com.CAMP_March23.tc.TC004_CAMPBasicDetails"/>
  <testcase name="basicDetails" time="159.774" classname="com.CAMP_March23.tc.TC004_CAMPBasicDetails"/>
  <testcase name="basicDetails" time="164.994" classname="com.CAMP_March23.tc.TC004_CAMPBasicDetails"/>
  <testcase name="basicDetails" time="159.723" classname="com.CAMP_March23.tc.TC004_CAMPBasicDetails"/>
  <testcase name="basicDetails" time="160.604" classname="com.CAMP_March23.tc.TC004_CAMPBasicDetails"/>
  <testcase name="basicDetails" time="159.664" classname="com.CAMP_March23.tc.TC004_CAMPBasicDetails"/>
  <testcase name="basicDetails" time="159.726" classname="com.CAMP_March23.tc.TC004_CAMPBasicDetails"/>
  <testcase name="basicDetails" time="160.053" classname="com.CAMP_March23.tc.TC004_CAMPBasicDetails"/>
  <testcase name="basicDetails" time="159.401" classname="com.CAMP_March23.tc.TC004_CAMPBasicDetails"/>
  <testcase name="basicDetails" time="161.588" classname="com.CAMP_March23.tc.TC004_CAMPBasicDetails"/>
  <testcase name="basicDetails" time="162.149" classname="com.CAMP_March23.tc.TC004_CAMPBasicDetails"/>
  <testcase name="basicDetails" time="159.853" classname="com.CAMP_March23.tc.TC004_CAMPBasicDetails"/>
  <testcase name="basicDetails" time="159.964" classname="com.CAMP_March23.tc.TC004_CAMPBasicDetails"/>
  <testcase name="basicDetails" time="159.445" classname="com.CAMP_March23.tc.TC004_CAMPBasicDetails"/>
  <testcase name="basicDetails" time="159.740" classname="com.CAMP_March23.tc.TC004_CAMPBasicDetails"/>
  <testcase name="basicDetails" time="159.628" classname="com.CAMP_March23.tc.TC004_CAMPBasicDetails"/>
  <testcase name="basicDetails" time="159.995" classname="com.CAMP_March23.tc.TC004_CAMPBasicDetails"/>
  <testcase name="basicDetails" time="160.014" classname="com.CAMP_March23.tc.TC004_CAMPBasicDetails"/>
  <testcase name="basicDetails" time="159.860" classname="com.CAMP_March23.tc.TC004_CAMPBasicDetails"/>
  <testcase name="basicDetails" time="159.758" classname="com.CAMP_March23.tc.TC004_CAMPBasicDetails"/>
  <testcase name="basicDetails" time="159.403" classname="com.CAMP_March23.tc.TC004_CAMPBasicDetails"/>
  <testcase name="basicDetails" time="160.139" classname="com.CAMP_March23.tc.TC004_CAMPBasicDetails"/>
  <testcase name="basicDetails" time="162.618" classname="com.CAMP_March23.tc.TC004_CAMPBasicDetails"/>
  <testcase name="basicDetails" time="159.680" classname="com.CAMP_March23.tc.TC004_CAMPBasicDetails"/>
  <testcase name="basicDetails" time="159.937" classname="com.CAMP_March23.tc.TC004_CAMPBasicDetails"/>
  <testcase name="basicDetails" time="161.632" classname="com.CAMP_March23.tc.TC004_CAMPBasicDetails"/>
  <testcase name="basicDetails" time="159.829" classname="com.CAMP_March23.tc.TC004_CAMPBasicDetails"/>
  <testcase name="basicDetails" time="161.810" classname="com.CAMP_March23.tc.TC004_CAMPBasicDetails"/>
  <testcase name="basicDetails" time="160.845" classname="com.CAMP_March23.tc.TC004_CAMPBasicDetails"/>
  <testcase name="basicDetails" time="159.675" classname="com.CAMP_March23.tc.TC004_CAMPBasicDetails"/>
  <testcase name="basicDetails" time="159.362" classname="com.CAMP_March23.tc.TC004_CAMPBasicDetails"/>
  <testcase name="basicDetails" time="159.996" classname="com.CAMP_March23.tc.TC004_CAMPBasicDetails"/>
  <testcase name="basicDetails" time="159.416" classname="com.CAMP_March23.tc.TC004_CAMPBasicDetails"/>
  <testcase name="basicDetails" time="160.074" classname="com.CAMP_March23.tc.TC004_CAMPBasicDetails"/>
  <testcase name="basicDetails" time="160.183" classname="com.CAMP_March23.tc.TC004_CAMPBasicDetails"/>
  <testcase name="basicDetails" time="163.101" classname="com.CAMP_March23.tc.TC004_CAMPBasicDetails"/>
  <testcase name="basicDetails" time="159.262" classname="com.CAMP_March23.tc.TC004_CAMPBasicDetails"/>
  <testcase name="basicDetails" time="159.777" classname="com.CAMP_March23.tc.TC004_CAMPBasicDetails"/>
  <testcase name="basicDetails" time="162.986" classname="com.CAMP_March23.tc.TC004_CAMPBasicDetails"/>
  <testcase name="basicDetails" time="162.020" classname="com.CAMP_March23.tc.TC004_CAMPBasicDetails"/>
  <testcase name="basicDetails" time="159.448" classname="com.CAMP_March23.tc.TC004_CAMPBasicDetails"/>
  <testcase name="basicDetails" time="159.690" classname="com.CAMP_March23.tc.TC004_CAMPBasicDetails"/>
  <testcase name="basicDetails" time="159.793" classname="com.CAMP_March23.tc.TC004_CAMPBasicDetails"/>
  <testcase name="basicDetails" time="160.239" classname="com.CAMP_March23.tc.TC004_CAMPBasicDetails"/>
  <testcase name="basicDetails" time="161.835" classname="com.CAMP_March23.tc.TC004_CAMPBasicDetails"/>
  <testcase name="basicDetails" time="161.607" classname="com.CAMP_March23.tc.TC004_CAMPBasicDetails"/>
  <testcase name="basicDetails" time="159.298" classname="com.CAMP_March23.tc.TC004_CAMPBasicDetails"/>
  <testcase name="basicDetails" time="159.891" classname="com.CAMP_March23.tc.TC004_CAMPBasicDetails"/>
  <testcase name="basicDetails" time="159.672" classname="com.CAMP_March23.tc.TC004_CAMPBasicDetails"/>
  <testcase name="basicDetails" time="159.602" classname="com.CAMP_March23.tc.TC004_CAMPBasicDetails"/>
  <testcase name="basicDetails" time="161.927" classname="com.CAMP_March23.tc.TC004_CAMPBasicDetails"/>
  <testcase name="basicDetails" time="159.807" classname="com.CAMP_March23.tc.TC004_CAMPBasicDetails"/>
  <testcase name="basicDetails" time="159.525" classname="com.CAMP_March23.tc.TC004_CAMPBasicDetails"/>
  <testcase name="basicDetails" time="159.650" classname="com.CAMP_March23.tc.TC004_CAMPBasicDetails"/>
  <testcase name="basicDetails" time="158.500" classname="com.CAMP_March23.tc.TC004_CAMPBasicDetails"/>
  <testcase name="basicDetails" time="161.875" classname="com.CAMP_March23.tc.TC004_CAMPBasicDetails"/>
  <testcase name="basicDetails" time="159.578" classname="com.CAMP_March23.tc.TC004_CAMPBasicDetails"/>
  <testcase name="basicDetails" time="159.592" classname="com.CAMP_March23.tc.TC004_CAMPBasicDetails"/>
  <testcase name="basicDetails" time="159.906" classname="com.CAMP_March23.tc.TC004_CAMPBasicDetails"/>
  <testcase name="basicDetails" time="159.573" classname="com.CAMP_March23.tc.TC004_CAMPBasicDetails"/>
  <testcase name="basicDetails" time="162.536" classname="com.CAMP_March23.tc.TC004_CAMPBasicDetails"/>
  <testcase name="basicDetails" time="160.394" classname="com.CAMP_March23.tc.TC004_CAMPBasicDetails"/>
  <testcase name="basicDetails" time="159.706" classname="com.CAMP_March23.tc.TC004_CAMPBasicDetails"/>
  <testcase name="basicDetails" time="162.136" classname="com.CAMP_March23.tc.TC004_CAMPBasicDetails"/>
</testsuite> <!-- com.CAMP_March23.tc.TC004_CAMPBasicDetails -->
