<?xml version="1.0" encoding="UTF-8"?>
<!-- Generated by org.testng.reporters.JUnitReportReporter -->
<testsuite skipped="0" hostname="MAA014482B" name="com.DRDO.tc.TC005_DRDOBasicDetails" tests="42" failures="0" timestamp="2022-08-19T23:09:19 IST" time="7314.965" errors="0">
  <testcase name="basicDetails" time="176.184" classname="com.DRDO.tc.TC005_DRDOBasicDetails"/>
  <testcase name="basicDetails" time="172.200" classname="com.DRDO.tc.TC005_DRDOBasicDetails"/>
  <testcase name="basicDetails" time="172.013" classname="com.DRDO.tc.TC005_DRDOBasicDetails"/>
  <testcase name="basicDetails" time="174.473" classname="com.DRDO.tc.TC005_DRDOBasicDetails"/>
  <testcase name="basicDetails" time="176.316" classname="com.DRDO.tc.TC005_DRDOBasicDetails"/>
  <testcase name="basicDetails" time="176.257" classname="com.DRDO.tc.TC005_DRDOBasicDetails"/>
  <testcase name="basicDetails" time="172.432" classname="com.DRDO.tc.TC005_DRDOBasicDetails"/>
  <testcase name="basicDetails" time="172.218" classname="com.DRDO.tc.TC005_DRDOBasicDetails"/>
  <testcase name="basicDetails" time="174.463" classname="com.DRDO.tc.TC005_DRDOBasicDetails"/>
  <testcase name="basicDetails" time="172.164" classname="com.DRDO.tc.TC005_DRDOBasicDetails"/>
  <testcase name="basicDetails" time="174.553" classname="com.DRDO.tc.TC005_DRDOBasicDetails"/>
  <testcase name="basicDetails" time="172.144" classname="com.DRDO.tc.TC005_DRDOBasicDetails"/>
  <testcase name="basicDetails" time="174.393" classname="com.DRDO.tc.TC005_DRDOBasicDetails"/>
  <testcase name="basicDetails" time="174.905" classname="com.DRDO.tc.TC005_DRDOBasicDetails"/>
  <testcase name="basicDetails" time="177.792" classname="com.DRDO.tc.TC005_DRDOBasicDetails"/>
  <testcase name="basicDetails" time="171.719" classname="com.DRDO.tc.TC005_DRDOBasicDetails"/>
  <testcase name="basicDetails" time="176.157" classname="com.DRDO.tc.TC005_DRDOBasicDetails"/>
  <testcase name="basicDetails" time="172.627" classname="com.DRDO.tc.TC005_DRDOBasicDetails"/>
  <testcase name="basicDetails" time="174.107" classname="com.DRDO.tc.TC005_DRDOBasicDetails"/>
  <testcase name="basicDetails" time="172.049" classname="com.DRDO.tc.TC005_DRDOBasicDetails"/>
  <testcase name="basicDetails" time="172.125" classname="com.DRDO.tc.TC005_DRDOBasicDetails"/>
  <testcase name="basicDetails" time="176.500" classname="com.DRDO.tc.TC005_DRDOBasicDetails"/>
  <testcase name="basicDetails" time="172.051" classname="com.DRDO.tc.TC005_DRDOBasicDetails"/>
  <testcase name="basicDetails" time="174.763" classname="com.DRDO.tc.TC005_DRDOBasicDetails"/>
  <testcase name="basicDetails" time="176.497" classname="com.DRDO.tc.TC005_DRDOBasicDetails"/>
  <testcase name="basicDetails" time="176.623" classname="com.DRDO.tc.TC005_DRDOBasicDetails"/>
  <testcase name="basicDetails" time="177.327" classname="com.DRDO.tc.TC005_DRDOBasicDetails"/>
  <testcase name="basicDetails" time="171.999" classname="com.DRDO.tc.TC005_DRDOBasicDetails"/>
  <testcase name="basicDetails" time="174.284" classname="com.DRDO.tc.TC005_DRDOBasicDetails"/>
  <testcase name="basicDetails" time="172.758" classname="com.DRDO.tc.TC005_DRDOBasicDetails"/>
  <testcase name="basicDetails" time="171.981" classname="com.DRDO.tc.TC005_DRDOBasicDetails"/>
  <testcase name="basicDetails" time="174.250" classname="com.DRDO.tc.TC005_DRDOBasicDetails"/>
  <testcase name="basicDetails" time="175.582" classname="com.DRDO.tc.TC005_DRDOBasicDetails"/>
  <testcase name="basicDetails" time="172.101" classname="com.DRDO.tc.TC005_DRDOBasicDetails"/>
  <testcase name="basicDetails" time="174.436" classname="com.DRDO.tc.TC005_DRDOBasicDetails"/>
  <testcase name="basicDetails" time="173.236" classname="com.DRDO.tc.TC005_DRDOBasicDetails"/>
  <testcase name="basicDetails" time="171.987" classname="com.DRDO.tc.TC005_DRDOBasicDetails"/>
  <testcase name="basicDetails" time="174.548" classname="com.DRDO.tc.TC005_DRDOBasicDetails"/>
  <testcase name="basicDetails" time="178.603" classname="com.DRDO.tc.TC005_DRDOBasicDetails"/>
  <testcase name="basicDetails" time="174.580" classname="com.DRDO.tc.TC005_DRDOBasicDetails"/>
  <testcase name="basicDetails" time="178.490" classname="com.DRDO.tc.TC005_DRDOBasicDetails"/>
  <testcase name="basicDetails" time="171.078" classname="com.DRDO.tc.TC005_DRDOBasicDetails"/>
</testsuite> <!-- com.DRDO.tc.TC005_DRDOBasicDetails -->
