<?xml version="1.0" encoding="UTF-8"?>
<!-- Generated by org.testng.reporters.JUnitReportReporter -->
<testsuite skipped="0" hostname="MAA014482B" name="com.PSC.tc.TC004_PSCBasicDetails" tests="4" failures="0" timestamp="2022-10-19T14:00:46 IST" time="631.902" errors="0">
  <testcase name="basicDetails" time="156.557" classname="com.PSC.tc.TC004_PSCBasicDetails"/>
  <testcase name="basicDetails" time="158.723" classname="com.PSC.tc.TC004_PSCBasicDetails"/>
  <testcase name="basicDetails" time="156.824" classname="com.PSC.tc.TC004_PSCBasicDetails"/>
  <testcase name="basicDetails" time="159.798" classname="com.PSC.tc.TC004_PSCBasicDetails"/>
</testsuite> <!-- com.PSC.tc.TC004_PSCBasicDetails -->
