<?xml version="1.0" encoding="UTF-8"?>
<!-- Generated by org.testng.reporters.JUnitReportReporter -->
<testsuite skipped="0" hostname="MAA014482B" name="com.NABARD_27July22.tc.TC003_NABARDBasicDetails" tests="180" failures="0" timestamp="2022-08-30T02:06:38 IST" time="31677.250" errors="0">
  <testcase name="basicDetails" time="174.574" classname="com.NABARD_27July22.tc.TC003_NABARDBasicDetails"/>
  <testcase name="basicDetails" time="175.241" classname="com.NABARD_27July22.tc.TC003_NABARDBasicDetails"/>
  <testcase name="basicDetails" time="174.782" classname="com.NABARD_27July22.tc.TC003_NABARDBasicDetails"/>
  <testcase name="basicDetails" time="174.898" classname="com.NABARD_27July22.tc.TC003_NABARDBasicDetails"/>
  <testcase name="basicDetails" time="174.402" classname="com.NABARD_27July22.tc.TC003_NABARDBasicDetails"/>
  <testcase name="basicDetails" time="181.103" classname="com.NABARD_27July22.tc.TC003_NABARDBasicDetails"/>
  <testcase name="basicDetails" time="174.825" classname="com.NABARD_27July22.tc.TC003_NABARDBasicDetails"/>
  <testcase name="basicDetails" time="175.318" classname="com.NABARD_27July22.tc.TC003_NABARDBasicDetails"/>
  <testcase name="basicDetails" time="175.309" classname="com.NABARD_27July22.tc.TC003_NABARDBasicDetails"/>
  <testcase name="basicDetails" time="175.090" classname="com.NABARD_27July22.tc.TC003_NABARDBasicDetails"/>
  <testcase name="basicDetails" time="175.107" classname="com.NABARD_27July22.tc.TC003_NABARDBasicDetails"/>
  <testcase name="basicDetails" time="175.049" classname="com.NABARD_27July22.tc.TC003_NABARDBasicDetails"/>
  <testcase name="basicDetails" time="174.978" classname="com.NABARD_27July22.tc.TC003_NABARDBasicDetails"/>
  <testcase name="basicDetails" time="174.439" classname="com.NABARD_27July22.tc.TC003_NABARDBasicDetails"/>
  <testcase name="basicDetails" time="175.055" classname="com.NABARD_27July22.tc.TC003_NABARDBasicDetails"/>
  <testcase name="basicDetails" time="175.092" classname="com.NABARD_27July22.tc.TC003_NABARDBasicDetails"/>
  <testcase name="basicDetails" time="175.664" classname="com.NABARD_27July22.tc.TC003_NABARDBasicDetails"/>
  <testcase name="basicDetails" time="174.658" classname="com.NABARD_27July22.tc.TC003_NABARDBasicDetails"/>
  <testcase name="basicDetails" time="174.885" classname="com.NABARD_27July22.tc.TC003_NABARDBasicDetails"/>
  <testcase name="basicDetails" time="174.900" classname="com.NABARD_27July22.tc.TC003_NABARDBasicDetails"/>
  <testcase name="basicDetails" time="174.799" classname="com.NABARD_27July22.tc.TC003_NABARDBasicDetails"/>
  <testcase name="basicDetails" time="174.823" classname="com.NABARD_27July22.tc.TC003_NABARDBasicDetails"/>
  <testcase name="basicDetails" time="175.164" classname="com.NABARD_27July22.tc.TC003_NABARDBasicDetails"/>
  <testcase name="basicDetails" time="174.636" classname="com.NABARD_27July22.tc.TC003_NABARDBasicDetails"/>
  <testcase name="basicDetails" time="174.630" classname="com.NABARD_27July22.tc.TC003_NABARDBasicDetails"/>
  <testcase name="basicDetails" time="174.544" classname="com.NABARD_27July22.tc.TC003_NABARDBasicDetails"/>
  <testcase name="basicDetails" time="175.289" classname="com.NABARD_27July22.tc.TC003_NABARDBasicDetails"/>
  <testcase name="basicDetails" time="174.492" classname="com.NABARD_27July22.tc.TC003_NABARDBasicDetails"/>
  <testcase name="basicDetails" time="174.916" classname="com.NABARD_27July22.tc.TC003_NABARDBasicDetails"/>
  <testcase name="basicDetails" time="174.567" classname="com.NABARD_27July22.tc.TC003_NABARDBasicDetails"/>
  <testcase name="basicDetails" time="175.393" classname="com.NABARD_27July22.tc.TC003_NABARDBasicDetails"/>
  <testcase name="basicDetails" time="174.903" classname="com.NABARD_27July22.tc.TC003_NABARDBasicDetails"/>
  <testcase name="basicDetails" time="180.367" classname="com.NABARD_27July22.tc.TC003_NABARDBasicDetails"/>
  <testcase name="basicDetails" time="175.407" classname="com.NABARD_27July22.tc.TC003_NABARDBasicDetails"/>
  <testcase name="basicDetails" time="175.022" classname="com.NABARD_27July22.tc.TC003_NABARDBasicDetails"/>
  <testcase name="basicDetails" time="179.808" classname="com.NABARD_27July22.tc.TC003_NABARDBasicDetails"/>
  <testcase name="basicDetails" time="175.313" classname="com.NABARD_27July22.tc.TC003_NABARDBasicDetails"/>
  <testcase name="basicDetails" time="180.938" classname="com.NABARD_27July22.tc.TC003_NABARDBasicDetails"/>
  <testcase name="basicDetails" time="175.207" classname="com.NABARD_27July22.tc.TC003_NABARDBasicDetails"/>
  <testcase name="basicDetails" time="175.099" classname="com.NABARD_27July22.tc.TC003_NABARDBasicDetails"/>
  <testcase name="basicDetails" time="175.449" classname="com.NABARD_27July22.tc.TC003_NABARDBasicDetails"/>
  <testcase name="basicDetails" time="175.110" classname="com.NABARD_27July22.tc.TC003_NABARDBasicDetails"/>
  <testcase name="basicDetails" time="175.178" classname="com.NABARD_27July22.tc.TC003_NABARDBasicDetails"/>
  <testcase name="basicDetails" time="175.427" classname="com.NABARD_27July22.tc.TC003_NABARDBasicDetails"/>
  <testcase name="basicDetails" time="175.001" classname="com.NABARD_27July22.tc.TC003_NABARDBasicDetails"/>
  <testcase name="basicDetails" time="175.417" classname="com.NABARD_27July22.tc.TC003_NABARDBasicDetails"/>
  <testcase name="basicDetails" time="180.641" classname="com.NABARD_27July22.tc.TC003_NABARDBasicDetails"/>
  <testcase name="basicDetails" time="174.947" classname="com.NABARD_27July22.tc.TC003_NABARDBasicDetails"/>
  <testcase name="basicDetails" time="174.059" classname="com.NABARD_27July22.tc.TC003_NABARDBasicDetails"/>
  <testcase name="basicDetails" time="175.387" classname="com.NABARD_27July22.tc.TC003_NABARDBasicDetails"/>
  <testcase name="basicDetails" time="175.180" classname="com.NABARD_27July22.tc.TC003_NABARDBasicDetails"/>
  <testcase name="basicDetails" time="175.073" classname="com.NABARD_27July22.tc.TC003_NABARDBasicDetails"/>
  <testcase name="basicDetails" time="174.789" classname="com.NABARD_27July22.tc.TC003_NABARDBasicDetails"/>
  <testcase name="basicDetails" time="175.365" classname="com.NABARD_27July22.tc.TC003_NABARDBasicDetails"/>
  <testcase name="basicDetails" time="180.183" classname="com.NABARD_27July22.tc.TC003_NABARDBasicDetails"/>
  <testcase name="basicDetails" time="174.979" classname="com.NABARD_27July22.tc.TC003_NABARDBasicDetails"/>
  <testcase name="basicDetails" time="175.224" classname="com.NABARD_27July22.tc.TC003_NABARDBasicDetails"/>
  <testcase name="basicDetails" time="175.394" classname="com.NABARD_27July22.tc.TC003_NABARDBasicDetails"/>
  <testcase name="basicDetails" time="175.388" classname="com.NABARD_27July22.tc.TC003_NABARDBasicDetails"/>
  <testcase name="basicDetails" time="174.523" classname="com.NABARD_27July22.tc.TC003_NABARDBasicDetails"/>
  <testcase name="basicDetails" time="175.170" classname="com.NABARD_27July22.tc.TC003_NABARDBasicDetails"/>
  <testcase name="basicDetails" time="180.501" classname="com.NABARD_27July22.tc.TC003_NABARDBasicDetails"/>
  <testcase name="basicDetails" time="175.326" classname="com.NABARD_27July22.tc.TC003_NABARDBasicDetails"/>
  <testcase name="basicDetails" time="175.369" classname="com.NABARD_27July22.tc.TC003_NABARDBasicDetails"/>
  <testcase name="basicDetails" time="174.727" classname="com.NABARD_27July22.tc.TC003_NABARDBasicDetails"/>
  <testcase name="basicDetails" time="175.058" classname="com.NABARD_27July22.tc.TC003_NABARDBasicDetails"/>
  <testcase name="basicDetails" time="175.627" classname="com.NABARD_27July22.tc.TC003_NABARDBasicDetails"/>
  <testcase name="basicDetails" time="175.160" classname="com.NABARD_27July22.tc.TC003_NABARDBasicDetails"/>
  <testcase name="basicDetails" time="174.559" classname="com.NABARD_27July22.tc.TC003_NABARDBasicDetails"/>
  <testcase name="basicDetails" time="174.963" classname="com.NABARD_27July22.tc.TC003_NABARDBasicDetails"/>
  <testcase name="basicDetails" time="174.657" classname="com.NABARD_27July22.tc.TC003_NABARDBasicDetails"/>
  <testcase name="basicDetails" time="174.940" classname="com.NABARD_27July22.tc.TC003_NABARDBasicDetails"/>
  <testcase name="basicDetails" time="175.006" classname="com.NABARD_27July22.tc.TC003_NABARDBasicDetails"/>
  <testcase name="basicDetails" time="174.524" classname="com.NABARD_27July22.tc.TC003_NABARDBasicDetails"/>
  <testcase name="basicDetails" time="180.527" classname="com.NABARD_27July22.tc.TC003_NABARDBasicDetails"/>
  <testcase name="basicDetails" time="174.957" classname="com.NABARD_27July22.tc.TC003_NABARDBasicDetails"/>
  <testcase name="basicDetails" time="174.871" classname="com.NABARD_27July22.tc.TC003_NABARDBasicDetails"/>
  <testcase name="basicDetails" time="175.682" classname="com.NABARD_27July22.tc.TC003_NABARDBasicDetails"/>
  <testcase name="basicDetails" time="180.438" classname="com.NABARD_27July22.tc.TC003_NABARDBasicDetails"/>
  <testcase name="basicDetails" time="175.689" classname="com.NABARD_27July22.tc.TC003_NABARDBasicDetails"/>
  <testcase name="basicDetails" time="174.743" classname="com.NABARD_27July22.tc.TC003_NABARDBasicDetails"/>
  <testcase name="basicDetails" time="174.975" classname="com.NABARD_27July22.tc.TC003_NABARDBasicDetails"/>
  <testcase name="basicDetails" time="180.761" classname="com.NABARD_27July22.tc.TC003_NABARDBasicDetails"/>
  <testcase name="basicDetails" time="175.065" classname="com.NABARD_27July22.tc.TC003_NABARDBasicDetails"/>
  <testcase name="basicDetails" time="175.455" classname="com.NABARD_27July22.tc.TC003_NABARDBasicDetails"/>
  <testcase name="basicDetails" time="174.990" classname="com.NABARD_27July22.tc.TC003_NABARDBasicDetails"/>
  <testcase name="basicDetails" time="174.661" classname="com.NABARD_27July22.tc.TC003_NABARDBasicDetails"/>
  <testcase name="basicDetails" time="174.820" classname="com.NABARD_27July22.tc.TC003_NABARDBasicDetails"/>
  <testcase name="basicDetails" time="180.454" classname="com.NABARD_27July22.tc.TC003_NABARDBasicDetails"/>
  <testcase name="basicDetails" time="175.158" classname="com.NABARD_27July22.tc.TC003_NABARDBasicDetails"/>
  <testcase name="basicDetails" time="174.550" classname="com.NABARD_27July22.tc.TC003_NABARDBasicDetails"/>
  <testcase name="basicDetails" time="174.816" classname="com.NABARD_27July22.tc.TC003_NABARDBasicDetails"/>
  <testcase name="basicDetails" time="180.540" classname="com.NABARD_27July22.tc.TC003_NABARDBasicDetails"/>
  <testcase name="basicDetails" time="175.257" classname="com.NABARD_27July22.tc.TC003_NABARDBasicDetails"/>
  <testcase name="basicDetails" time="175.589" classname="com.NABARD_27July22.tc.TC003_NABARDBasicDetails"/>
  <testcase name="basicDetails" time="174.751" classname="com.NABARD_27July22.tc.TC003_NABARDBasicDetails"/>
  <testcase name="basicDetails" time="175.142" classname="com.NABARD_27July22.tc.TC003_NABARDBasicDetails"/>
  <testcase name="basicDetails" time="175.180" classname="com.NABARD_27July22.tc.TC003_NABARDBasicDetails"/>
  <testcase name="basicDetails" time="175.385" classname="com.NABARD_27July22.tc.TC003_NABARDBasicDetails"/>
  <testcase name="basicDetails" time="175.282" classname="com.NABARD_27July22.tc.TC003_NABARDBasicDetails"/>
  <testcase name="basicDetails" time="174.690" classname="com.NABARD_27July22.tc.TC003_NABARDBasicDetails"/>
  <testcase name="basicDetails" time="180.050" classname="com.NABARD_27July22.tc.TC003_NABARDBasicDetails"/>
  <testcase name="basicDetails" time="175.510" classname="com.NABARD_27July22.tc.TC003_NABARDBasicDetails"/>
  <testcase name="basicDetails" time="175.387" classname="com.NABARD_27July22.tc.TC003_NABARDBasicDetails"/>
  <testcase name="basicDetails" time="175.335" classname="com.NABARD_27July22.tc.TC003_NABARDBasicDetails"/>
  <testcase name="basicDetails" time="175.457" classname="com.NABARD_27July22.tc.TC003_NABARDBasicDetails"/>
  <testcase name="basicDetails" time="180.995" classname="com.NABARD_27July22.tc.TC003_NABARDBasicDetails"/>
  <testcase name="basicDetails" time="175.058" classname="com.NABARD_27July22.tc.TC003_NABARDBasicDetails"/>
  <testcase name="basicDetails" time="180.097" classname="com.NABARD_27July22.tc.TC003_NABARDBasicDetails"/>
  <testcase name="basicDetails" time="175.461" classname="com.NABARD_27July22.tc.TC003_NABARDBasicDetails"/>
  <testcase name="basicDetails" time="174.772" classname="com.NABARD_27July22.tc.TC003_NABARDBasicDetails"/>
  <testcase name="basicDetails" time="174.730" classname="com.NABARD_27July22.tc.TC003_NABARDBasicDetails"/>
  <testcase name="basicDetails" time="175.474" classname="com.NABARD_27July22.tc.TC003_NABARDBasicDetails"/>
  <testcase name="basicDetails" time="179.924" classname="com.NABARD_27July22.tc.TC003_NABARDBasicDetails"/>
  <testcase name="basicDetails" time="180.720" classname="com.NABARD_27July22.tc.TC003_NABARDBasicDetails"/>
  <testcase name="basicDetails" time="175.099" classname="com.NABARD_27July22.tc.TC003_NABARDBasicDetails"/>
  <testcase name="basicDetails" time="174.661" classname="com.NABARD_27July22.tc.TC003_NABARDBasicDetails"/>
  <testcase name="basicDetails" time="174.910" classname="com.NABARD_27July22.tc.TC003_NABARDBasicDetails"/>
  <testcase name="basicDetails" time="175.105" classname="com.NABARD_27July22.tc.TC003_NABARDBasicDetails"/>
  <testcase name="basicDetails" time="175.010" classname="com.NABARD_27July22.tc.TC003_NABARDBasicDetails"/>
  <testcase name="basicDetails" time="174.619" classname="com.NABARD_27July22.tc.TC003_NABARDBasicDetails"/>
  <testcase name="basicDetails" time="174.758" classname="com.NABARD_27July22.tc.TC003_NABARDBasicDetails"/>
  <testcase name="basicDetails" time="174.595" classname="com.NABARD_27July22.tc.TC003_NABARDBasicDetails"/>
  <testcase name="basicDetails" time="175.457" classname="com.NABARD_27July22.tc.TC003_NABARDBasicDetails"/>
  <testcase name="basicDetails" time="174.962" classname="com.NABARD_27July22.tc.TC003_NABARDBasicDetails"/>
  <testcase name="basicDetails" time="180.584" classname="com.NABARD_27July22.tc.TC003_NABARDBasicDetails"/>
  <testcase name="basicDetails" time="175.260" classname="com.NABARD_27July22.tc.TC003_NABARDBasicDetails"/>
  <testcase name="basicDetails" time="174.526" classname="com.NABARD_27July22.tc.TC003_NABARDBasicDetails"/>
  <testcase name="basicDetails" time="174.660" classname="com.NABARD_27July22.tc.TC003_NABARDBasicDetails"/>
  <testcase name="basicDetails" time="175.333" classname="com.NABARD_27July22.tc.TC003_NABARDBasicDetails"/>
  <testcase name="basicDetails" time="175.175" classname="com.NABARD_27July22.tc.TC003_NABARDBasicDetails"/>
  <testcase name="basicDetails" time="175.567" classname="com.NABARD_27July22.tc.TC003_NABARDBasicDetails"/>
  <testcase name="basicDetails" time="175.490" classname="com.NABARD_27July22.tc.TC003_NABARDBasicDetails"/>
  <testcase name="basicDetails" time="175.134" classname="com.NABARD_27July22.tc.TC003_NABARDBasicDetails"/>
  <testcase name="basicDetails" time="175.443" classname="com.NABARD_27July22.tc.TC003_NABARDBasicDetails"/>
  <testcase name="basicDetails" time="175.237" classname="com.NABARD_27July22.tc.TC003_NABARDBasicDetails"/>
  <testcase name="basicDetails" time="175.147" classname="com.NABARD_27July22.tc.TC003_NABARDBasicDetails"/>
  <testcase name="basicDetails" time="180.267" classname="com.NABARD_27July22.tc.TC003_NABARDBasicDetails"/>
  <testcase name="basicDetails" time="175.407" classname="com.NABARD_27July22.tc.TC003_NABARDBasicDetails"/>
  <testcase name="basicDetails" time="175.083" classname="com.NABARD_27July22.tc.TC003_NABARDBasicDetails"/>
  <testcase name="basicDetails" time="175.042" classname="com.NABARD_27July22.tc.TC003_NABARDBasicDetails"/>
  <testcase name="basicDetails" time="180.548" classname="com.NABARD_27July22.tc.TC003_NABARDBasicDetails"/>
  <testcase name="basicDetails" time="174.513" classname="com.NABARD_27July22.tc.TC003_NABARDBasicDetails"/>
  <testcase name="basicDetails" time="175.138" classname="com.NABARD_27July22.tc.TC003_NABARDBasicDetails"/>
  <testcase name="basicDetails" time="174.706" classname="com.NABARD_27July22.tc.TC003_NABARDBasicDetails"/>
  <testcase name="basicDetails" time="180.796" classname="com.NABARD_27July22.tc.TC003_NABARDBasicDetails"/>
  <testcase name="basicDetails" time="180.779" classname="com.NABARD_27July22.tc.TC003_NABARDBasicDetails"/>
  <testcase name="basicDetails" time="180.326" classname="com.NABARD_27July22.tc.TC003_NABARDBasicDetails"/>
  <testcase name="basicDetails" time="180.766" classname="com.NABARD_27July22.tc.TC003_NABARDBasicDetails"/>
  <testcase name="basicDetails" time="179.922" classname="com.NABARD_27July22.tc.TC003_NABARDBasicDetails"/>
  <testcase name="basicDetails" time="174.550" classname="com.NABARD_27July22.tc.TC003_NABARDBasicDetails"/>
  <testcase name="basicDetails" time="175.210" classname="com.NABARD_27July22.tc.TC003_NABARDBasicDetails"/>
  <testcase name="basicDetails" time="174.647" classname="com.NABARD_27July22.tc.TC003_NABARDBasicDetails"/>
  <testcase name="basicDetails" time="174.031" classname="com.NABARD_27July22.tc.TC003_NABARDBasicDetails"/>
  <testcase name="basicDetails" time="174.870" classname="com.NABARD_27July22.tc.TC003_NABARDBasicDetails"/>
  <testcase name="basicDetails" time="175.472" classname="com.NABARD_27July22.tc.TC003_NABARDBasicDetails"/>
  <testcase name="basicDetails" time="174.945" classname="com.NABARD_27July22.tc.TC003_NABARDBasicDetails"/>
  <testcase name="basicDetails" time="175.037" classname="com.NABARD_27July22.tc.TC003_NABARDBasicDetails"/>
  <testcase name="basicDetails" time="180.721" classname="com.NABARD_27July22.tc.TC003_NABARDBasicDetails"/>
  <testcase name="basicDetails" time="180.543" classname="com.NABARD_27July22.tc.TC003_NABARDBasicDetails"/>
  <testcase name="basicDetails" time="180.338" classname="com.NABARD_27July22.tc.TC003_NABARDBasicDetails"/>
  <testcase name="basicDetails" time="175.677" classname="com.NABARD_27July22.tc.TC003_NABARDBasicDetails"/>
  <testcase name="basicDetails" time="174.903" classname="com.NABARD_27July22.tc.TC003_NABARDBasicDetails"/>
  <testcase name="basicDetails" time="175.382" classname="com.NABARD_27July22.tc.TC003_NABARDBasicDetails"/>
  <testcase name="basicDetails" time="174.952" classname="com.NABARD_27July22.tc.TC003_NABARDBasicDetails"/>
  <testcase name="basicDetails" time="178.841" classname="com.NABARD_27July22.tc.TC003_NABARDBasicDetails"/>
  <testcase name="basicDetails" time="174.713" classname="com.NABARD_27July22.tc.TC003_NABARDBasicDetails"/>
  <testcase name="basicDetails" time="180.220" classname="com.NABARD_27July22.tc.TC003_NABARDBasicDetails"/>
  <testcase name="basicDetails" time="175.111" classname="com.NABARD_27July22.tc.TC003_NABARDBasicDetails"/>
  <testcase name="basicDetails" time="174.855" classname="com.NABARD_27July22.tc.TC003_NABARDBasicDetails"/>
  <testcase name="basicDetails" time="180.922" classname="com.NABARD_27July22.tc.TC003_NABARDBasicDetails"/>
  <testcase name="basicDetails" time="180.525" classname="com.NABARD_27July22.tc.TC003_NABARDBasicDetails"/>
  <testcase name="basicDetails" time="175.137" classname="com.NABARD_27July22.tc.TC003_NABARDBasicDetails"/>
  <testcase name="basicDetails" time="175.321" classname="com.NABARD_27July22.tc.TC003_NABARDBasicDetails"/>
  <testcase name="basicDetails" time="174.666" classname="com.NABARD_27July22.tc.TC003_NABARDBasicDetails"/>
  <testcase name="basicDetails" time="175.201" classname="com.NABARD_27July22.tc.TC003_NABARDBasicDetails"/>
  <testcase name="basicDetails" time="174.383" classname="com.NABARD_27July22.tc.TC003_NABARDBasicDetails"/>
  <testcase name="basicDetails" time="174.881" classname="com.NABARD_27July22.tc.TC003_NABARDBasicDetails"/>
  <testcase name="basicDetails" time="174.219" classname="com.NABARD_27July22.tc.TC003_NABARDBasicDetails"/>
  <testcase name="basicDetails" time="174.554" classname="com.NABARD_27July22.tc.TC003_NABARDBasicDetails"/>
</testsuite> <!-- com.NABARD_27July22.tc.TC003_NABARDBasicDetails -->
