<?xml version="1.0" encoding="UTF-8"?>
<!-- Generated by org.testng.reporters.JUnitReportReporter -->
<testsuite skipped="0" hostname="MAA014482B" name="com.DRDO.tc.TC004_DRDOBasicDetails" tests="36" failures="0" timestamp="2022-08-19T23:09:19 IST" time="6271.918" errors="0">
  <testcase name="basicDetails" time="176.580" classname="com.DRDO.tc.TC004_DRDOBasicDetails"/>
  <testcase name="basicDetails" time="171.982" classname="com.DRDO.tc.TC004_DRDOBasicDetails"/>
  <testcase name="basicDetails" time="171.948" classname="com.DRDO.tc.TC004_DRDOBasicDetails"/>
  <testcase name="basicDetails" time="172.047" classname="com.DRDO.tc.TC004_DRDOBasicDetails"/>
  <testcase name="basicDetails" time="176.207" classname="com.DRDO.tc.TC004_DRDOBasicDetails"/>
  <testcase name="basicDetails" time="174.260" classname="com.DRDO.tc.TC004_DRDOBasicDetails"/>
  <testcase name="basicDetails" time="172.173" classname="com.DRDO.tc.TC004_DRDOBasicDetails"/>
  <testcase name="basicDetails" time="170.870" classname="com.DRDO.tc.TC004_DRDOBasicDetails"/>
  <testcase name="basicDetails" time="172.109" classname="com.DRDO.tc.TC004_DRDOBasicDetails"/>
  <testcase name="basicDetails" time="173.981" classname="com.DRDO.tc.TC004_DRDOBasicDetails"/>
  <testcase name="basicDetails" time="171.987" classname="com.DRDO.tc.TC004_DRDOBasicDetails"/>
  <testcase name="basicDetails" time="172.073" classname="com.DRDO.tc.TC004_DRDOBasicDetails"/>
  <testcase name="basicDetails" time="178.547" classname="com.DRDO.tc.TC004_DRDOBasicDetails"/>
  <testcase name="basicDetails" time="174.393" classname="com.DRDO.tc.TC004_DRDOBasicDetails"/>
  <testcase name="basicDetails" time="174.024" classname="com.DRDO.tc.TC004_DRDOBasicDetails"/>
  <testcase name="basicDetails" time="172.303" classname="com.DRDO.tc.TC004_DRDOBasicDetails"/>
  <testcase name="basicDetails" time="176.343" classname="com.DRDO.tc.TC004_DRDOBasicDetails"/>
  <testcase name="basicDetails" time="177.658" classname="com.DRDO.tc.TC004_DRDOBasicDetails"/>
  <testcase name="basicDetails" time="171.785" classname="com.DRDO.tc.TC004_DRDOBasicDetails"/>
  <testcase name="basicDetails" time="176.091" classname="com.DRDO.tc.TC004_DRDOBasicDetails"/>
  <testcase name="basicDetails" time="174.396" classname="com.DRDO.tc.TC004_DRDOBasicDetails"/>
  <testcase name="basicDetails" time="174.443" classname="com.DRDO.tc.TC004_DRDOBasicDetails"/>
  <testcase name="basicDetails" time="173.252" classname="com.DRDO.tc.TC004_DRDOBasicDetails"/>
  <testcase name="basicDetails" time="174.480" classname="com.DRDO.tc.TC004_DRDOBasicDetails"/>
  <testcase name="basicDetails" time="171.930" classname="com.DRDO.tc.TC004_DRDOBasicDetails"/>
  <testcase name="basicDetails" time="176.747" classname="com.DRDO.tc.TC004_DRDOBasicDetails"/>
  <testcase name="basicDetails" time="177.503" classname="com.DRDO.tc.TC004_DRDOBasicDetails"/>
  <testcase name="basicDetails" time="174.051" classname="com.DRDO.tc.TC004_DRDOBasicDetails"/>
  <testcase name="basicDetails" time="176.217" classname="com.DRDO.tc.TC004_DRDOBasicDetails"/>
  <testcase name="basicDetails" time="176.445" classname="com.DRDO.tc.TC004_DRDOBasicDetails"/>
  <testcase name="basicDetails" time="171.995" classname="com.DRDO.tc.TC004_DRDOBasicDetails"/>
  <testcase name="basicDetails" time="172.058" classname="com.DRDO.tc.TC004_DRDOBasicDetails"/>
  <testcase name="basicDetails" time="172.208" classname="com.DRDO.tc.TC004_DRDOBasicDetails"/>
  <testcase name="basicDetails" time="178.689" classname="com.DRDO.tc.TC004_DRDOBasicDetails"/>
  <testcase name="basicDetails" time="174.368" classname="com.DRDO.tc.TC004_DRDOBasicDetails"/>
  <testcase name="basicDetails" time="175.775" classname="com.DRDO.tc.TC004_DRDOBasicDetails"/>
</testsuite> <!-- com.DRDO.tc.TC004_DRDOBasicDetails -->
