<?xml version="1.0" encoding="UTF-8"?>
<!-- Generated by org.testng.reporters.JUnitReportReporter -->
<testsuite skipped="0" hostname="MAA014482B" name="com.IB_27April22.tc.TC004_IBBasicDetails" tests="29" failures="0" timestamp="2023-02-15T16:00:11 IST" time="4693.322" errors="0">
  <testcase name="basicDetails" time="161.870" classname="com.IB_27April22.tc.TC004_IBBasicDetails"/>
  <testcase name="basicDetails" time="162.322" classname="com.IB_27April22.tc.TC004_IBBasicDetails"/>
  <testcase name="basicDetails" time="162.121" classname="com.IB_27April22.tc.TC004_IBBasicDetails"/>
  <testcase name="basicDetails" time="161.689" classname="com.IB_27April22.tc.TC004_IBBasicDetails"/>
  <testcase name="basicDetails" time="161.590" classname="com.IB_27April22.tc.TC004_IBBasicDetails"/>
  <testcase name="basicDetails" time="161.700" classname="com.IB_27April22.tc.TC004_IBBasicDetails"/>
  <testcase name="basicDetails" time="161.756" classname="com.IB_27April22.tc.TC004_IBBasicDetails"/>
  <testcase name="basicDetails" time="161.516" classname="com.IB_27April22.tc.TC004_IBBasicDetails"/>
  <testcase name="basicDetails" time="161.662" classname="com.IB_27April22.tc.TC004_IBBasicDetails"/>
  <testcase name="basicDetails" time="161.721" classname="com.IB_27April22.tc.TC004_IBBasicDetails"/>
  <testcase name="basicDetails" time="161.538" classname="com.IB_27April22.tc.TC004_IBBasicDetails"/>
  <testcase name="basicDetails" time="161.687" classname="com.IB_27April22.tc.TC004_IBBasicDetails"/>
  <testcase name="basicDetails" time="161.437" classname="com.IB_27April22.tc.TC004_IBBasicDetails"/>
  <testcase name="basicDetails" time="161.878" classname="com.IB_27April22.tc.TC004_IBBasicDetails"/>
  <testcase name="basicDetails" time="161.481" classname="com.IB_27April22.tc.TC004_IBBasicDetails"/>
  <testcase name="basicDetails" time="161.692" classname="com.IB_27April22.tc.TC004_IBBasicDetails"/>
  <testcase name="basicDetails" time="162.184" classname="com.IB_27April22.tc.TC004_IBBasicDetails"/>
  <testcase name="basicDetails" time="161.672" classname="com.IB_27April22.tc.TC004_IBBasicDetails"/>
  <testcase name="basicDetails" time="161.318" classname="com.IB_27April22.tc.TC004_IBBasicDetails"/>
  <testcase name="basicDetails" time="161.504" classname="com.IB_27April22.tc.TC004_IBBasicDetails"/>
  <testcase name="basicDetails" time="161.526" classname="com.IB_27April22.tc.TC004_IBBasicDetails"/>
  <testcase name="basicDetails" time="161.575" classname="com.IB_27April22.tc.TC004_IBBasicDetails"/>
  <testcase name="basicDetails" time="161.522" classname="com.IB_27April22.tc.TC004_IBBasicDetails"/>
  <testcase name="basicDetails" time="161.644" classname="com.IB_27April22.tc.TC004_IBBasicDetails"/>
  <testcase name="basicDetails" time="165.682" classname="com.IB_27April22.tc.TC004_IBBasicDetails"/>
  <testcase name="basicDetails" time="161.914" classname="com.IB_27April22.tc.TC004_IBBasicDetails"/>
  <testcase name="basicDetails" time="161.485" classname="com.IB_27April22.tc.TC004_IBBasicDetails"/>
  <testcase name="basicDetails" time="161.685" classname="com.IB_27April22.tc.TC004_IBBasicDetails"/>
  <testcase name="basicDetails" time="161.951" classname="com.IB_27April22.tc.TC004_IBBasicDetails"/>
</testsuite> <!-- com.IB_27April22.tc.TC004_IBBasicDetails -->
