<?xml version="1.0" encoding="UTF-8"?>
<!-- Generated by org.testng.reporters.JUnitReportReporter -->
<testsuite skipped="0" hostname="MAA014482B" name="com.RCRB.tc.TC002_RCRBBasicDetails" tests="70" failures="0" timestamp="2022-12-22T21:06:36 IST" time="11557.327" errors="0">
  <testcase name="basicDetails" time="165.420" classname="com.RCRB.tc.TC002_RCRBBasicDetails"/>
  <testcase name="basicDetails" time="164.782" classname="com.RCRB.tc.TC002_RCRBBasicDetails"/>
  <testcase name="basicDetails" time="160.527" classname="com.RCRB.tc.TC002_RCRBBasicDetails"/>
  <testcase name="basicDetails" time="164.884" classname="com.RCRB.tc.TC002_RCRBBasicDetails"/>
  <testcase name="basicDetails" time="164.797" classname="com.RCRB.tc.TC002_RCRBBasicDetails"/>
  <testcase name="basicDetails" time="160.743" classname="com.RCRB.tc.TC002_RCRBBasicDetails"/>
  <testcase name="basicDetails" time="166.416" classname="com.RCRB.tc.TC002_RCRBBasicDetails"/>
  <testcase name="basicDetails" time="188.649" classname="com.RCRB.tc.TC002_RCRBBasicDetails"/>
  <testcase name="basicDetails" time="161.058" classname="com.RCRB.tc.TC002_RCRBBasicDetails"/>
  <testcase name="basicDetails" time="162.183" classname="com.RCRB.tc.TC002_RCRBBasicDetails"/>
  <testcase name="basicDetails" time="161.595" classname="com.RCRB.tc.TC002_RCRBBasicDetails"/>
  <testcase name="basicDetails" time="160.992" classname="com.RCRB.tc.TC002_RCRBBasicDetails"/>
  <testcase name="basicDetails" time="164.770" classname="com.RCRB.tc.TC002_RCRBBasicDetails"/>
  <testcase name="basicDetails" time="160.923" classname="com.RCRB.tc.TC002_RCRBBasicDetails"/>
  <testcase name="basicDetails" time="160.824" classname="com.RCRB.tc.TC002_RCRBBasicDetails"/>
  <testcase name="basicDetails" time="165.197" classname="com.RCRB.tc.TC002_RCRBBasicDetails"/>
  <testcase name="basicDetails" time="161.009" classname="com.RCRB.tc.TC002_RCRBBasicDetails"/>
  <testcase name="basicDetails" time="161.717" classname="com.RCRB.tc.TC002_RCRBBasicDetails"/>
  <testcase name="basicDetails" time="161.874" classname="com.RCRB.tc.TC002_RCRBBasicDetails"/>
  <testcase name="basicDetails" time="166.178" classname="com.RCRB.tc.TC002_RCRBBasicDetails"/>
  <testcase name="basicDetails" time="160.528" classname="com.RCRB.tc.TC002_RCRBBasicDetails"/>
  <testcase name="basicDetails" time="159.983" classname="com.RCRB.tc.TC002_RCRBBasicDetails"/>
  <testcase name="basicDetails" time="166.311" classname="com.RCRB.tc.TC002_RCRBBasicDetails"/>
  <testcase name="basicDetails" time="188.199" classname="com.RCRB.tc.TC002_RCRBBasicDetails"/>
  <testcase name="basicDetails" time="165.132" classname="com.RCRB.tc.TC002_RCRBBasicDetails"/>
  <testcase name="basicDetails" time="160.538" classname="com.RCRB.tc.TC002_RCRBBasicDetails"/>
  <testcase name="basicDetails" time="165.027" classname="com.RCRB.tc.TC002_RCRBBasicDetails"/>
  <testcase name="basicDetails" time="187.751" classname="com.RCRB.tc.TC002_RCRBBasicDetails"/>
  <testcase name="basicDetails" time="160.864" classname="com.RCRB.tc.TC002_RCRBBasicDetails"/>
  <testcase name="basicDetails" time="160.605" classname="com.RCRB.tc.TC002_RCRBBasicDetails"/>
  <testcase name="basicDetails" time="165.198" classname="com.RCRB.tc.TC002_RCRBBasicDetails"/>
  <testcase name="basicDetails" time="160.686" classname="com.RCRB.tc.TC002_RCRBBasicDetails"/>
  <testcase name="basicDetails" time="164.328" classname="com.RCRB.tc.TC002_RCRBBasicDetails"/>
  <testcase name="basicDetails" time="164.947" classname="com.RCRB.tc.TC002_RCRBBasicDetails"/>
  <testcase name="basicDetails" time="160.598" classname="com.RCRB.tc.TC002_RCRBBasicDetails"/>
  <testcase name="basicDetails" time="164.788" classname="com.RCRB.tc.TC002_RCRBBasicDetails"/>
  <testcase name="basicDetails" time="160.661" classname="com.RCRB.tc.TC002_RCRBBasicDetails"/>
  <testcase name="basicDetails" time="166.374" classname="com.RCRB.tc.TC002_RCRBBasicDetails"/>
  <testcase name="basicDetails" time="162.579" classname="com.RCRB.tc.TC002_RCRBBasicDetails"/>
  <testcase name="basicDetails" time="164.919" classname="com.RCRB.tc.TC002_RCRBBasicDetails"/>
  <testcase name="basicDetails" time="159.656" classname="com.RCRB.tc.TC002_RCRBBasicDetails"/>
  <testcase name="basicDetails" time="165.161" classname="com.RCRB.tc.TC002_RCRBBasicDetails"/>
  <testcase name="basicDetails" time="160.882" classname="com.RCRB.tc.TC002_RCRBBasicDetails"/>
  <testcase name="basicDetails" time="166.819" classname="com.RCRB.tc.TC002_RCRBBasicDetails"/>
  <testcase name="basicDetails" time="166.374" classname="com.RCRB.tc.TC002_RCRBBasicDetails"/>
  <testcase name="basicDetails" time="187.246" classname="com.RCRB.tc.TC002_RCRBBasicDetails"/>
  <testcase name="basicDetails" time="187.836" classname="com.RCRB.tc.TC002_RCRBBasicDetails"/>
  <testcase name="basicDetails" time="160.860" classname="com.RCRB.tc.TC002_RCRBBasicDetails"/>
  <testcase name="basicDetails" time="160.406" classname="com.RCRB.tc.TC002_RCRBBasicDetails"/>
  <testcase name="basicDetails" time="166.480" classname="com.RCRB.tc.TC002_RCRBBasicDetails"/>
  <testcase name="basicDetails" time="160.592" classname="com.RCRB.tc.TC002_RCRBBasicDetails"/>
  <testcase name="basicDetails" time="164.892" classname="com.RCRB.tc.TC002_RCRBBasicDetails"/>
  <testcase name="basicDetails" time="161.859" classname="com.RCRB.tc.TC002_RCRBBasicDetails"/>
  <testcase name="basicDetails" time="189.987" classname="com.RCRB.tc.TC002_RCRBBasicDetails"/>
  <testcase name="basicDetails" time="164.746" classname="com.RCRB.tc.TC002_RCRBBasicDetails"/>
  <testcase name="basicDetails" time="166.417" classname="com.RCRB.tc.TC002_RCRBBasicDetails"/>
  <testcase name="basicDetails" time="160.423" classname="com.RCRB.tc.TC002_RCRBBasicDetails"/>
  <testcase name="basicDetails" time="161.965" classname="com.RCRB.tc.TC002_RCRBBasicDetails"/>
  <testcase name="basicDetails" time="160.397" classname="com.RCRB.tc.TC002_RCRBBasicDetails"/>
  <testcase name="basicDetails" time="159.968" classname="com.RCRB.tc.TC002_RCRBBasicDetails"/>
  <testcase name="basicDetails" time="164.660" classname="com.RCRB.tc.TC002_RCRBBasicDetails"/>
  <testcase name="basicDetails" time="166.214" classname="com.RCRB.tc.TC002_RCRBBasicDetails"/>
  <testcase name="basicDetails" time="165.332" classname="com.RCRB.tc.TC002_RCRBBasicDetails"/>
  <testcase name="basicDetails" time="161.274" classname="com.RCRB.tc.TC002_RCRBBasicDetails"/>
  <testcase name="basicDetails" time="160.900" classname="com.RCRB.tc.TC002_RCRBBasicDetails"/>
  <testcase name="basicDetails" time="158.741" classname="com.RCRB.tc.TC002_RCRBBasicDetails"/>
  <testcase name="basicDetails" time="160.513" classname="com.RCRB.tc.TC002_RCRBBasicDetails"/>
  <testcase name="basicDetails" time="160.905" classname="com.RCRB.tc.TC002_RCRBBasicDetails"/>
  <testcase name="basicDetails" time="166.256" classname="com.RCRB.tc.TC002_RCRBBasicDetails"/>
  <testcase name="basicDetails" time="165.012" classname="com.RCRB.tc.TC002_RCRBBasicDetails"/>
</testsuite> <!-- com.RCRB.tc.TC002_RCRBBasicDetails -->
