<?xml version="1.0" encoding="UTF-8"?>
<!-- Generated by org.testng.reporters.JUnitReportReporter -->
<testsuite skipped="0" hostname="MAA014482B" name="com.SPMCILHy_19Sep22.tc.TC001_SPMCILBasicDetails" tests="52" failures="0" timestamp="2022-09-29T14:30:17 IST" time="8321.443" errors="0">
  <testcase name="basicDetails" time="160.017" classname="com.SPMCILHy_19Sep22.tc.TC001_SPMCILBasicDetails"/>
  <testcase name="basicDetails" time="159.588" classname="com.SPMCILHy_19Sep22.tc.TC001_SPMCILBasicDetails"/>
  <testcase name="basicDetails" time="159.948" classname="com.SPMCILHy_19Sep22.tc.TC001_SPMCILBasicDetails"/>
  <testcase name="basicDetails" time="159.638" classname="com.SPMCILHy_19Sep22.tc.TC001_SPMCILBasicDetails"/>
  <testcase name="basicDetails" time="159.886" classname="com.SPMCILHy_19Sep22.tc.TC001_SPMCILBasicDetails"/>
  <testcase name="basicDetails" time="159.096" classname="com.SPMCILHy_19Sep22.tc.TC001_SPMCILBasicDetails"/>
  <testcase name="basicDetails" time="160.706" classname="com.SPMCILHy_19Sep22.tc.TC001_SPMCILBasicDetails"/>
  <testcase name="basicDetails" time="158.843" classname="com.SPMCILHy_19Sep22.tc.TC001_SPMCILBasicDetails"/>
  <testcase name="basicDetails" time="159.758" classname="com.SPMCILHy_19Sep22.tc.TC001_SPMCILBasicDetails"/>
  <testcase name="basicDetails" time="159.925" classname="com.SPMCILHy_19Sep22.tc.TC001_SPMCILBasicDetails"/>
  <testcase name="basicDetails" time="160.078" classname="com.SPMCILHy_19Sep22.tc.TC001_SPMCILBasicDetails"/>
  <testcase name="basicDetails" time="160.493" classname="com.SPMCILHy_19Sep22.tc.TC001_SPMCILBasicDetails"/>
  <testcase name="basicDetails" time="159.308" classname="com.SPMCILHy_19Sep22.tc.TC001_SPMCILBasicDetails"/>
  <testcase name="basicDetails" time="159.893" classname="com.SPMCILHy_19Sep22.tc.TC001_SPMCILBasicDetails"/>
  <testcase name="basicDetails" time="160.313" classname="com.SPMCILHy_19Sep22.tc.TC001_SPMCILBasicDetails"/>
  <testcase name="basicDetails" time="160.169" classname="com.SPMCILHy_19Sep22.tc.TC001_SPMCILBasicDetails"/>
  <testcase name="basicDetails" time="159.866" classname="com.SPMCILHy_19Sep22.tc.TC001_SPMCILBasicDetails"/>
  <testcase name="basicDetails" time="159.097" classname="com.SPMCILHy_19Sep22.tc.TC001_SPMCILBasicDetails"/>
  <testcase name="basicDetails" time="159.346" classname="com.SPMCILHy_19Sep22.tc.TC001_SPMCILBasicDetails"/>
  <testcase name="basicDetails" time="160.634" classname="com.SPMCILHy_19Sep22.tc.TC001_SPMCILBasicDetails"/>
  <testcase name="basicDetails" time="160.609" classname="com.SPMCILHy_19Sep22.tc.TC001_SPMCILBasicDetails"/>
  <testcase name="basicDetails" time="160.054" classname="com.SPMCILHy_19Sep22.tc.TC001_SPMCILBasicDetails"/>
  <testcase name="basicDetails" time="159.555" classname="com.SPMCILHy_19Sep22.tc.TC001_SPMCILBasicDetails"/>
  <testcase name="basicDetails" time="159.951" classname="com.SPMCILHy_19Sep22.tc.TC001_SPMCILBasicDetails"/>
  <testcase name="basicDetails" time="159.009" classname="com.SPMCILHy_19Sep22.tc.TC001_SPMCILBasicDetails"/>
  <testcase name="basicDetails" time="160.102" classname="com.SPMCILHy_19Sep22.tc.TC001_SPMCILBasicDetails"/>
  <testcase name="basicDetails" time="159.854" classname="com.SPMCILHy_19Sep22.tc.TC001_SPMCILBasicDetails"/>
  <testcase name="basicDetails" time="159.916" classname="com.SPMCILHy_19Sep22.tc.TC001_SPMCILBasicDetails"/>
  <testcase name="basicDetails" time="159.163" classname="com.SPMCILHy_19Sep22.tc.TC001_SPMCILBasicDetails"/>
  <testcase name="basicDetails" time="159.822" classname="com.SPMCILHy_19Sep22.tc.TC001_SPMCILBasicDetails"/>
  <testcase name="basicDetails" time="160.252" classname="com.SPMCILHy_19Sep22.tc.TC001_SPMCILBasicDetails"/>
  <testcase name="basicDetails" time="160.187" classname="com.SPMCILHy_19Sep22.tc.TC001_SPMCILBasicDetails"/>
  <testcase name="basicDetails" time="160.695" classname="com.SPMCILHy_19Sep22.tc.TC001_SPMCILBasicDetails"/>
  <testcase name="basicDetails" time="160.516" classname="com.SPMCILHy_19Sep22.tc.TC001_SPMCILBasicDetails"/>
  <testcase name="basicDetails" time="162.650" classname="com.SPMCILHy_19Sep22.tc.TC001_SPMCILBasicDetails"/>
  <testcase name="basicDetails" time="160.362" classname="com.SPMCILHy_19Sep22.tc.TC001_SPMCILBasicDetails"/>
  <testcase name="basicDetails" time="160.112" classname="com.SPMCILHy_19Sep22.tc.TC001_SPMCILBasicDetails"/>
  <testcase name="basicDetails" time="159.019" classname="com.SPMCILHy_19Sep22.tc.TC001_SPMCILBasicDetails"/>
  <testcase name="basicDetails" time="160.604" classname="com.SPMCILHy_19Sep22.tc.TC001_SPMCILBasicDetails"/>
  <testcase name="basicDetails" time="160.653" classname="com.SPMCILHy_19Sep22.tc.TC001_SPMCILBasicDetails"/>
  <testcase name="basicDetails" time="159.698" classname="com.SPMCILHy_19Sep22.tc.TC001_SPMCILBasicDetails"/>
  <testcase name="basicDetails" time="160.679" classname="com.SPMCILHy_19Sep22.tc.TC001_SPMCILBasicDetails"/>
  <testcase name="basicDetails" time="159.808" classname="com.SPMCILHy_19Sep22.tc.TC001_SPMCILBasicDetails"/>
  <testcase name="basicDetails" time="159.846" classname="com.SPMCILHy_19Sep22.tc.TC001_SPMCILBasicDetails"/>
  <testcase name="basicDetails" time="160.507" classname="com.SPMCILHy_19Sep22.tc.TC001_SPMCILBasicDetails"/>
  <testcase name="basicDetails" time="160.780" classname="com.SPMCILHy_19Sep22.tc.TC001_SPMCILBasicDetails"/>
  <testcase name="basicDetails" time="159.646" classname="com.SPMCILHy_19Sep22.tc.TC001_SPMCILBasicDetails"/>
  <testcase name="basicDetails" time="159.844" classname="com.SPMCILHy_19Sep22.tc.TC001_SPMCILBasicDetails"/>
  <testcase name="basicDetails" time="160.562" classname="com.SPMCILHy_19Sep22.tc.TC001_SPMCILBasicDetails"/>
  <testcase name="basicDetails" time="159.830" classname="com.SPMCILHy_19Sep22.tc.TC001_SPMCILBasicDetails"/>
  <testcase name="basicDetails" time="160.575" classname="com.SPMCILHy_19Sep22.tc.TC001_SPMCILBasicDetails"/>
  <testcase name="basicDetails" time="159.981" classname="com.SPMCILHy_19Sep22.tc.TC001_SPMCILBasicDetails"/>
</testsuite> <!-- com.SPMCILHy_19Sep22.tc.TC001_SPMCILBasicDetails -->
