<?xml version="1.0" encoding="UTF-8"?>
<!-- Generated by org.testng.reporters.JUnitReportReporter -->
<testsuite skipped="0" hostname="MAA014482B" name="com.RBI18April23.tc.TC002_RBIBasicDetails" tests="7" failures="0" timestamp="2023-04-23T10:10:03 IST" time="1144.346" errors="0">
  <testcase name="basicDetails" time="164.915" classname="com.RBI18April23.tc.TC002_RBIBasicDetails"/>
  <testcase name="basicDetails" time="164.819" classname="com.RBI18April23.tc.TC002_RBIBasicDetails"/>
  <testcase name="basicDetails" time="162.754" classname="com.RBI18April23.tc.TC002_RBIBasicDetails"/>
  <testcase name="basicDetails" time="164.890" classname="com.RBI18April23.tc.TC002_RBIBasicDetails"/>
  <testcase name="basicDetails" time="161.980" classname="com.RBI18April23.tc.TC002_RBIBasicDetails"/>
  <testcase name="basicDetails" time="162.497" classname="com.RBI18April23.tc.TC002_RBIBasicDetails"/>
  <testcase name="basicDetails" time="162.491" classname="com.RBI18April23.tc.TC002_RBIBasicDetails"/>
</testsuite> <!-- com.RBI18April23.tc.TC002_RBIBasicDetails -->
