<?xml version="1.0" encoding="UTF-8"?>
<!-- Generated by org.testng.reporters.JUnitReportReporter -->
<testsuite hostname="MAA011253A" failures="0" tests="33" name="com.RCDF.tc.TC004_RCDFBasicDetails" time="3964.903" errors="0" timestamp="2021-06-09T19:29:28 IST" skipped="0">
  <testcase classname="com.RCDF.tc.TC004_RCDFBasicDetails" name="basicDetails" time="119.508"/>
  <testcase classname="com.RCDF.tc.TC004_RCDFBasicDetails" name="basicDetails" time="119.011"/>
  <testcase classname="com.RCDF.tc.TC004_RCDFBasicDetails" name="basicDetails" time="122.890"/>
  <testcase classname="com.RCDF.tc.TC004_RCDFBasicDetails" name="basicDetails" time="120.684"/>
  <testcase classname="com.RCDF.tc.TC004_RCDFBasicDetails" name="basicDetails" time="119.362"/>
  <testcase classname="com.RCDF.tc.TC004_RCDFBasicDetails" name="basicDetails" time="117.368"/>
  <testcase classname="com.RCDF.tc.TC004_RCDFBasicDetails" name="basicDetails" time="120.450"/>
  <testcase classname="com.RCDF.tc.TC004_RCDFBasicDetails" name="basicDetails" time="118.799"/>
  <testcase classname="com.RCDF.tc.TC004_RCDFBasicDetails" name="basicDetails" time="119.819"/>
  <testcase classname="com.RCDF.tc.TC004_RCDFBasicDetails" name="basicDetails" time="120.709"/>
  <testcase classname="com.RCDF.tc.TC004_RCDFBasicDetails" name="basicDetails" time="120.067"/>
  <testcase classname="com.RCDF.tc.TC004_RCDFBasicDetails" name="basicDetails" time="119.519"/>
  <testcase classname="com.RCDF.tc.TC004_RCDFBasicDetails" name="basicDetails" time="119.868"/>
  <testcase classname="com.RCDF.tc.TC004_RCDFBasicDetails" name="basicDetails" time="119.447"/>
  <testcase classname="com.RCDF.tc.TC004_RCDFBasicDetails" name="basicDetails" time="122.144"/>
  <testcase classname="com.RCDF.tc.TC004_RCDFBasicDetails" name="basicDetails" time="122.663"/>
  <testcase classname="com.RCDF.tc.TC004_RCDFBasicDetails" name="basicDetails" time="122.373"/>
  <testcase classname="com.RCDF.tc.TC004_RCDFBasicDetails" name="basicDetails" time="116.411"/>
  <testcase classname="com.RCDF.tc.TC004_RCDFBasicDetails" name="basicDetails" time="117.425"/>
  <testcase classname="com.RCDF.tc.TC004_RCDFBasicDetails" name="basicDetails" time="120.765"/>
  <testcase classname="com.RCDF.tc.TC004_RCDFBasicDetails" name="basicDetails" time="117.448"/>
  <testcase classname="com.RCDF.tc.TC004_RCDFBasicDetails" name="basicDetails" time="117.298"/>
  <testcase classname="com.RCDF.tc.TC004_RCDFBasicDetails" name="basicDetails" time="123.660"/>
  <testcase classname="com.RCDF.tc.TC004_RCDFBasicDetails" name="basicDetails" time="120.805"/>
  <testcase classname="com.RCDF.tc.TC004_RCDFBasicDetails" name="basicDetails" time="120.112"/>
  <testcase classname="com.RCDF.tc.TC004_RCDFBasicDetails" name="basicDetails" time="121.300"/>
  <testcase classname="com.RCDF.tc.TC004_RCDFBasicDetails" name="basicDetails" time="120.744"/>
  <testcase classname="com.RCDF.tc.TC004_RCDFBasicDetails" name="basicDetails" time="122.581"/>
  <testcase classname="com.RCDF.tc.TC004_RCDFBasicDetails" name="basicDetails" time="123.666"/>
  <testcase classname="com.RCDF.tc.TC004_RCDFBasicDetails" name="basicDetails" time="119.205"/>
  <testcase classname="com.RCDF.tc.TC004_RCDFBasicDetails" name="basicDetails" time="121.014"/>
  <testcase classname="com.RCDF.tc.TC004_RCDFBasicDetails" name="basicDetails" time="119.453"/>
  <testcase classname="com.RCDF.tc.TC004_RCDFBasicDetails" name="basicDetails" time="118.335"/>
</testsuite> <!-- com.RCDF.tc.TC004_RCDFBasicDetails -->
