<?xml version="1.0" encoding="UTF-8"?>
<!-- Generated by org.testng.reporters.JUnitReportReporter -->
<testsuite skipped="0" hostname="MAA014482B" name="com.MSTC_April23.tc.TC001_MSTCBasicDetails" tests="10" failures="0" timestamp="2023-05-18T14:25:28 IST" time="1558.140" errors="0">
  <testcase name="basicDetails" time="155.276" classname="com.MSTC_April23.tc.TC001_MSTCBasicDetails"/>
  <testcase name="basicDetails" time="155.227" classname="com.MSTC_April23.tc.TC001_MSTCBasicDetails"/>
  <testcase name="basicDetails" time="155.209" classname="com.MSTC_April23.tc.TC001_MSTCBasicDetails"/>
  <testcase name="basicDetails" time="155.252" classname="com.MSTC_April23.tc.TC001_MSTCBasicDetails"/>
  <testcase name="basicDetails" time="159.967" classname="com.MSTC_April23.tc.TC001_MSTCBasicDetails"/>
  <testcase name="basicDetails" time="155.209" classname="com.MSTC_April23.tc.TC001_MSTCBasicDetails"/>
  <testcase name="basicDetails" time="156.171" classname="com.MSTC_April23.tc.TC001_MSTCBasicDetails"/>
  <testcase name="basicDetails" time="155.450" classname="com.MSTC_April23.tc.TC001_MSTCBasicDetails"/>
  <testcase name="basicDetails" time="155.012" classname="com.MSTC_April23.tc.TC001_MSTCBasicDetails"/>
  <testcase name="basicDetails" time="155.367" classname="com.MSTC_April23.tc.TC001_MSTCBasicDetails"/>
</testsuite> <!-- com.MSTC_April23.tc.TC001_MSTCBasicDetails -->
