<?xml version="1.0" encoding="UTF-8"?>
<!-- Generated by org.testng.reporters.JUnitReportReporter -->
<testsuite skipped="0" hostname="MAA014482B" name="com.NAK.tc.TC001_NAKBasicDetails" tests="5" failures="0" timestamp="2022-09-01T16:19:19 IST" time="806.450" errors="0">
  <testcase name="basicDetails" time="161.524" classname="com.NAK.tc.TC001_NAKBasicDetails"/>
  <testcase name="basicDetails" time="161.465" classname="com.NAK.tc.TC001_NAKBasicDetails"/>
  <testcase name="basicDetails" time="161.443" classname="com.NAK.tc.TC001_NAKBasicDetails"/>
  <testcase name="basicDetails" time="161.803" classname="com.NAK.tc.TC001_NAKBasicDetails"/>
  <testcase name="basicDetails" time="160.215" classname="com.NAK.tc.TC001_NAKBasicDetails"/>
</testsuite> <!-- com.NAK.tc.TC001_NAKBasicDetails -->
