<?xml version="1.0" encoding="UTF-8"?>
<!-- Generated by org.testng.reporters.JUnitReportReporter -->
<testsuite skipped="0" hostname="MAA014482B" name="com.PNB_May23.tc.TC003_PNBBasicDetails" tests="44" failures="0" timestamp="2023-05-16T14:41:00 IST" time="7159.950" errors="0">
  <testcase name="basicDetails" time="161.466" classname="com.PNB_May23.tc.TC003_PNBBasicDetails"/>
  <testcase name="basicDetails" time="163.408" classname="com.PNB_May23.tc.TC003_PNBBasicDetails"/>
  <testcase name="basicDetails" time="161.939" classname="com.PNB_May23.tc.TC003_PNBBasicDetails"/>
  <testcase name="basicDetails" time="162.194" classname="com.PNB_May23.tc.TC003_PNBBasicDetails"/>
  <testcase name="basicDetails" time="162.056" classname="com.PNB_May23.tc.TC003_PNBBasicDetails"/>
  <testcase name="basicDetails" time="163.378" classname="com.PNB_May23.tc.TC003_PNBBasicDetails"/>
  <testcase name="basicDetails" time="163.577" classname="com.PNB_May23.tc.TC003_PNBBasicDetails"/>
  <testcase name="basicDetails" time="163.405" classname="com.PNB_May23.tc.TC003_PNBBasicDetails"/>
  <testcase name="basicDetails" time="161.274" classname="com.PNB_May23.tc.TC003_PNBBasicDetails"/>
  <testcase name="basicDetails" time="163.335" classname="com.PNB_May23.tc.TC003_PNBBasicDetails"/>
  <testcase name="basicDetails" time="161.779" classname="com.PNB_May23.tc.TC003_PNBBasicDetails"/>
  <testcase name="basicDetails" time="163.126" classname="com.PNB_May23.tc.TC003_PNBBasicDetails"/>
  <testcase name="basicDetails" time="162.869" classname="com.PNB_May23.tc.TC003_PNBBasicDetails"/>
  <testcase name="basicDetails" time="163.403" classname="com.PNB_May23.tc.TC003_PNBBasicDetails"/>
  <testcase name="basicDetails" time="161.748" classname="com.PNB_May23.tc.TC003_PNBBasicDetails"/>
  <testcase name="basicDetails" time="164.355" classname="com.PNB_May23.tc.TC003_PNBBasicDetails"/>
  <testcase name="basicDetails" time="163.404" classname="com.PNB_May23.tc.TC003_PNBBasicDetails"/>
  <testcase name="basicDetails" time="161.729" classname="com.PNB_May23.tc.TC003_PNBBasicDetails"/>
  <testcase name="basicDetails" time="161.620" classname="com.PNB_May23.tc.TC003_PNBBasicDetails"/>
  <testcase name="basicDetails" time="162.030" classname="com.PNB_May23.tc.TC003_PNBBasicDetails"/>
  <testcase name="basicDetails" time="163.368" classname="com.PNB_May23.tc.TC003_PNBBasicDetails"/>
  <testcase name="basicDetails" time="161.796" classname="com.PNB_May23.tc.TC003_PNBBasicDetails"/>
  <testcase name="basicDetails" time="163.497" classname="com.PNB_May23.tc.TC003_PNBBasicDetails"/>
  <testcase name="basicDetails" time="163.413" classname="com.PNB_May23.tc.TC003_PNBBasicDetails"/>
  <testcase name="basicDetails" time="161.274" classname="com.PNB_May23.tc.TC003_PNBBasicDetails"/>
  <testcase name="basicDetails" time="161.243" classname="com.PNB_May23.tc.TC003_PNBBasicDetails"/>
  <testcase name="basicDetails" time="162.234" classname="com.PNB_May23.tc.TC003_PNBBasicDetails"/>
  <testcase name="basicDetails" time="161.929" classname="com.PNB_May23.tc.TC003_PNBBasicDetails"/>
  <testcase name="basicDetails" time="162.739" classname="com.PNB_May23.tc.TC003_PNBBasicDetails"/>
  <testcase name="basicDetails" time="162.164" classname="com.PNB_May23.tc.TC003_PNBBasicDetails"/>
  <testcase name="basicDetails" time="163.203" classname="com.PNB_May23.tc.TC003_PNBBasicDetails"/>
  <testcase name="basicDetails" time="161.726" classname="com.PNB_May23.tc.TC003_PNBBasicDetails"/>
  <testcase name="basicDetails" time="161.702" classname="com.PNB_May23.tc.TC003_PNBBasicDetails"/>
  <testcase name="basicDetails" time="163.681" classname="com.PNB_May23.tc.TC003_PNBBasicDetails"/>
  <testcase name="basicDetails" time="165.189" classname="com.PNB_May23.tc.TC003_PNBBasicDetails"/>
  <testcase name="basicDetails" time="161.489" classname="com.PNB_May23.tc.TC003_PNBBasicDetails"/>
  <testcase name="basicDetails" time="162.167" classname="com.PNB_May23.tc.TC003_PNBBasicDetails"/>
  <testcase name="basicDetails" time="163.269" classname="com.PNB_May23.tc.TC003_PNBBasicDetails"/>
  <testcase name="basicDetails" time="163.300" classname="com.PNB_May23.tc.TC003_PNBBasicDetails"/>
  <testcase name="basicDetails" time="170.195" classname="com.PNB_May23.tc.TC003_PNBBasicDetails"/>
  <testcase name="basicDetails" time="162.902" classname="com.PNB_May23.tc.TC003_PNBBasicDetails"/>
  <testcase name="basicDetails" time="161.605" classname="com.PNB_May23.tc.TC003_PNBBasicDetails"/>
  <testcase name="basicDetails" time="161.718" classname="com.PNB_May23.tc.TC003_PNBBasicDetails"/>
  <testcase name="basicDetails" time="162.052" classname="com.PNB_May23.tc.TC003_PNBBasicDetails"/>
</testsuite> <!-- com.PNB_May23.tc.TC003_PNBBasicDetails -->
