<?xml version="1.0" encoding="UTF-8"?>
<!-- Generated by org.testng.reporters.JUnitReportReporter -->
<testsuite hostname="MAA011253A" failures="0" tests="33" name="com.RCDF.tc.TC003_RCDFBasicDetails" time="3918.506" errors="0" timestamp="2021-06-09T19:29:28 IST" skipped="0">
  <testcase classname="com.RCDF.tc.TC003_RCDFBasicDetails" name="basicDetails" time="116.633"/>
  <testcase classname="com.RCDF.tc.TC003_RCDFBasicDetails" name="basicDetails" time="116.370"/>
  <testcase classname="com.RCDF.tc.TC003_RCDFBasicDetails" name="basicDetails" time="122.622"/>
  <testcase classname="com.RCDF.tc.TC003_RCDFBasicDetails" name="basicDetails" time="116.795"/>
  <testcase classname="com.RCDF.tc.TC003_RCDFBasicDetails" name="basicDetails" time="116.955"/>
  <testcase classname="com.RCDF.tc.TC003_RCDFBasicDetails" name="basicDetails" time="118.688"/>
  <testcase classname="com.RCDF.tc.TC003_RCDFBasicDetails" name="basicDetails" time="116.544"/>
  <testcase classname="com.RCDF.tc.TC003_RCDFBasicDetails" name="basicDetails" time="119.716"/>
  <testcase classname="com.RCDF.tc.TC003_RCDFBasicDetails" name="basicDetails" time="121.898"/>
  <testcase classname="com.RCDF.tc.TC003_RCDFBasicDetails" name="basicDetails" time="119.781"/>
  <testcase classname="com.RCDF.tc.TC003_RCDFBasicDetails" name="basicDetails" time="119.018"/>
  <testcase classname="com.RCDF.tc.TC003_RCDFBasicDetails" name="basicDetails" time="119.948"/>
  <testcase classname="com.RCDF.tc.TC003_RCDFBasicDetails" name="basicDetails" time="116.666"/>
  <testcase classname="com.RCDF.tc.TC003_RCDFBasicDetails" name="basicDetails" time="119.644"/>
  <testcase classname="com.RCDF.tc.TC003_RCDFBasicDetails" name="basicDetails" time="121.815"/>
  <testcase classname="com.RCDF.tc.TC003_RCDFBasicDetails" name="basicDetails" time="118.737"/>
  <testcase classname="com.RCDF.tc.TC003_RCDFBasicDetails" name="basicDetails" time="117.066"/>
  <testcase classname="com.RCDF.tc.TC003_RCDFBasicDetails" name="basicDetails" time="116.698"/>
  <testcase classname="com.RCDF.tc.TC003_RCDFBasicDetails" name="basicDetails" time="118.724"/>
  <testcase classname="com.RCDF.tc.TC003_RCDFBasicDetails" name="basicDetails" time="118.163"/>
  <testcase classname="com.RCDF.tc.TC003_RCDFBasicDetails" name="basicDetails" time="119.407"/>
  <testcase classname="com.RCDF.tc.TC003_RCDFBasicDetails" name="basicDetails" time="120.706"/>
  <testcase classname="com.RCDF.tc.TC003_RCDFBasicDetails" name="basicDetails" time="120.405"/>
  <testcase classname="com.RCDF.tc.TC003_RCDFBasicDetails" name="basicDetails" time="118.933"/>
  <testcase classname="com.RCDF.tc.TC003_RCDFBasicDetails" name="basicDetails" time="116.766"/>
  <testcase classname="com.RCDF.tc.TC003_RCDFBasicDetails" name="basicDetails" time="116.301"/>
  <testcase classname="com.RCDF.tc.TC003_RCDFBasicDetails" name="basicDetails" time="118.923"/>
  <testcase classname="com.RCDF.tc.TC003_RCDFBasicDetails" name="basicDetails" time="118.139"/>
  <testcase classname="com.RCDF.tc.TC003_RCDFBasicDetails" name="basicDetails" time="122.741"/>
  <testcase classname="com.RCDF.tc.TC003_RCDFBasicDetails" name="basicDetails" time="119.882"/>
  <testcase classname="com.RCDF.tc.TC003_RCDFBasicDetails" name="basicDetails" time="119.979"/>
  <testcase classname="com.RCDF.tc.TC003_RCDFBasicDetails" name="basicDetails" time="116.534"/>
  <testcase classname="com.RCDF.tc.TC003_RCDFBasicDetails" name="basicDetails" time="117.309"/>
</testsuite> <!-- com.RCDF.tc.TC003_RCDFBasicDetails -->
