<?xml version="1.0" encoding="UTF-8"?>
<!-- Generated by org.testng.reporters.JUnitReportReporter -->
<testsuite hostname="MAA011253A" failures="0" tests="55" name="com.rbiGrade.tc.TC004_RBIBasicDetails" time="6687.518" errors="0" timestamp="2021-01-27T18:53:50 IST" skipped="0">
  <testcase classname="com.rbiGrade.tc.TC004_RBIBasicDetails" name="basicDetails" time="120.965"/>
  <testcase classname="com.rbiGrade.tc.TC004_RBIBasicDetails" name="basicDetails" time="121.664"/>
  <testcase classname="com.rbiGrade.tc.TC004_RBIBasicDetails" name="basicDetails" time="121.402"/>
  <testcase classname="com.rbiGrade.tc.TC004_RBIBasicDetails" name="basicDetails" time="121.102"/>
  <testcase classname="com.rbiGrade.tc.TC004_RBIBasicDetails" name="basicDetails" time="120.930"/>
  <testcase classname="com.rbiGrade.tc.TC004_RBIBasicDetails" name="basicDetails" time="121.423"/>
  <testcase classname="com.rbiGrade.tc.TC004_RBIBasicDetails" name="basicDetails" time="121.438"/>
  <testcase classname="com.rbiGrade.tc.TC004_RBIBasicDetails" name="basicDetails" time="120.902"/>
  <testcase classname="com.rbiGrade.tc.TC004_RBIBasicDetails" name="basicDetails" time="121.369"/>
  <testcase classname="com.rbiGrade.tc.TC004_RBIBasicDetails" name="basicDetails" time="121.600"/>
  <testcase classname="com.rbiGrade.tc.TC004_RBIBasicDetails" name="basicDetails" time="120.829"/>
  <testcase classname="com.rbiGrade.tc.TC004_RBIBasicDetails" name="basicDetails" time="121.310"/>
  <testcase classname="com.rbiGrade.tc.TC004_RBIBasicDetails" name="basicDetails" time="120.690"/>
  <testcase classname="com.rbiGrade.tc.TC004_RBIBasicDetails" name="basicDetails" time="121.327"/>
  <testcase classname="com.rbiGrade.tc.TC004_RBIBasicDetails" name="basicDetails" time="121.324"/>
  <testcase classname="com.rbiGrade.tc.TC004_RBIBasicDetails" name="basicDetails" time="121.620"/>
  <testcase classname="com.rbiGrade.tc.TC004_RBIBasicDetails" name="basicDetails" time="122.016"/>
  <testcase classname="com.rbiGrade.tc.TC004_RBIBasicDetails" name="basicDetails" time="121.777"/>
  <testcase classname="com.rbiGrade.tc.TC004_RBIBasicDetails" name="basicDetails" time="121.896"/>
  <testcase classname="com.rbiGrade.tc.TC004_RBIBasicDetails" name="basicDetails" time="121.579"/>
  <testcase classname="com.rbiGrade.tc.TC004_RBIBasicDetails" name="basicDetails" time="121.229"/>
  <testcase classname="com.rbiGrade.tc.TC004_RBIBasicDetails" name="basicDetails" time="121.296"/>
  <testcase classname="com.rbiGrade.tc.TC004_RBIBasicDetails" name="basicDetails" time="122.964"/>
  <testcase classname="com.rbiGrade.tc.TC004_RBIBasicDetails" name="basicDetails" time="120.954"/>
  <testcase classname="com.rbiGrade.tc.TC004_RBIBasicDetails" name="basicDetails" time="122.058"/>
  <testcase classname="com.rbiGrade.tc.TC004_RBIBasicDetails" name="basicDetails" time="121.536"/>
  <testcase classname="com.rbiGrade.tc.TC004_RBIBasicDetails" name="basicDetails" time="121.268"/>
  <testcase classname="com.rbiGrade.tc.TC004_RBIBasicDetails" name="basicDetails" time="121.574"/>
  <testcase classname="com.rbiGrade.tc.TC004_RBIBasicDetails" name="basicDetails" time="122.352"/>
  <testcase classname="com.rbiGrade.tc.TC004_RBIBasicDetails" name="basicDetails" time="121.819"/>
  <testcase classname="com.rbiGrade.tc.TC004_RBIBasicDetails" name="basicDetails" time="121.170"/>
  <testcase classname="com.rbiGrade.tc.TC004_RBIBasicDetails" name="basicDetails" time="121.456"/>
  <testcase classname="com.rbiGrade.tc.TC004_RBIBasicDetails" name="basicDetails" time="122.087"/>
  <testcase classname="com.rbiGrade.tc.TC004_RBIBasicDetails" name="basicDetails" time="122.690"/>
  <testcase classname="com.rbiGrade.tc.TC004_RBIBasicDetails" name="basicDetails" time="121.097"/>
  <testcase classname="com.rbiGrade.tc.TC004_RBIBasicDetails" name="basicDetails" time="121.598"/>
  <testcase classname="com.rbiGrade.tc.TC004_RBIBasicDetails" name="basicDetails" time="121.344"/>
  <testcase classname="com.rbiGrade.tc.TC004_RBIBasicDetails" name="basicDetails" time="121.376"/>
  <testcase classname="com.rbiGrade.tc.TC004_RBIBasicDetails" name="basicDetails" time="121.796"/>
  <testcase classname="com.rbiGrade.tc.TC004_RBIBasicDetails" name="basicDetails" time="121.552"/>
  <testcase classname="com.rbiGrade.tc.TC004_RBIBasicDetails" name="basicDetails" time="121.753"/>
  <testcase classname="com.rbiGrade.tc.TC004_RBIBasicDetails" name="basicDetails" time="121.425"/>
  <testcase classname="com.rbiGrade.tc.TC004_RBIBasicDetails" name="basicDetails" time="121.789"/>
  <testcase classname="com.rbiGrade.tc.TC004_RBIBasicDetails" name="basicDetails" time="122.035"/>
  <testcase classname="com.rbiGrade.tc.TC004_RBIBasicDetails" name="basicDetails" time="121.542"/>
  <testcase classname="com.rbiGrade.tc.TC004_RBIBasicDetails" name="basicDetails" time="122.590"/>
  <testcase classname="com.rbiGrade.tc.TC004_RBIBasicDetails" name="basicDetails" time="121.873"/>
  <testcase classname="com.rbiGrade.tc.TC004_RBIBasicDetails" name="basicDetails" time="121.351"/>
  <testcase classname="com.rbiGrade.tc.TC004_RBIBasicDetails" name="basicDetails" time="121.851"/>
  <testcase classname="com.rbiGrade.tc.TC004_RBIBasicDetails" name="basicDetails" time="122.027"/>
  <testcase classname="com.rbiGrade.tc.TC004_RBIBasicDetails" name="basicDetails" time="121.089"/>
  <testcase classname="com.rbiGrade.tc.TC004_RBIBasicDetails" name="basicDetails" time="121.793"/>
  <testcase classname="com.rbiGrade.tc.TC004_RBIBasicDetails" name="basicDetails" time="122.412"/>
  <testcase classname="com.rbiGrade.tc.TC004_RBIBasicDetails" name="basicDetails" time="121.613"/>
  <testcase classname="com.rbiGrade.tc.TC004_RBIBasicDetails" name="basicDetails" time="121.996"/>
</testsuite> <!-- com.rbiGrade.tc.TC004_RBIBasicDetails -->
