<?xml version="1.0" encoding="UTF-8"?>
<!-- Generated by org.testng.reporters.JUnitReportReporter -->
<testsuite skipped="0" hostname="MAA011276B" name="com.OBC.tc.TC004_OBCBasicDetails" tests="133" failures="0" timestamp="24 Jul 2019 13:53:39 GMT" time="10697.197" errors="0">
  <testcase name="basicDetails" time="77.773" classname="com.OBC.tc.TC004_OBCBasicDetails"/>
  <testcase name="basicDetails" time="79.190" classname="com.OBC.tc.TC004_OBCBasicDetails"/>
  <testcase name="basicDetails" time="77.016" classname="com.OBC.tc.TC004_OBCBasicDetails"/>
  <testcase name="basicDetails" time="78.164" classname="com.OBC.tc.TC004_OBCBasicDetails"/>
  <testcase name="basicDetails" time="79.277" classname="com.OBC.tc.TC004_OBCBasicDetails"/>
  <testcase name="basicDetails" time="77.364" classname="com.OBC.tc.TC004_OBCBasicDetails"/>
  <testcase name="basicDetails" time="76.951" classname="com.OBC.tc.TC004_OBCBasicDetails"/>
  <testcase name="basicDetails" time="78.427" classname="com.OBC.tc.TC004_OBCBasicDetails"/>
  <testcase name="basicDetails" time="77.603" classname="com.OBC.tc.TC004_OBCBasicDetails"/>
  <testcase name="basicDetails" time="78.589" classname="com.OBC.tc.TC004_OBCBasicDetails"/>
  <testcase name="basicDetails" time="77.888" classname="com.OBC.tc.TC004_OBCBasicDetails"/>
  <testcase name="basicDetails" time="76.647" classname="com.OBC.tc.TC004_OBCBasicDetails"/>
  <testcase name="basicDetails" time="77.782" classname="com.OBC.tc.TC004_OBCBasicDetails"/>
  <testcase name="basicDetails" time="78.489" classname="com.OBC.tc.TC004_OBCBasicDetails"/>
  <testcase name="basicDetails" time="78.811" classname="com.OBC.tc.TC004_OBCBasicDetails"/>
  <testcase name="basicDetails" time="77.482" classname="com.OBC.tc.TC004_OBCBasicDetails"/>
  <testcase name="basicDetails" time="78.934" classname="com.OBC.tc.TC004_OBCBasicDetails"/>
  <testcase name="basicDetails" time="77.304" classname="com.OBC.tc.TC004_OBCBasicDetails"/>
  <testcase name="basicDetails" time="165.795" classname="com.OBC.tc.TC004_OBCBasicDetails"/>
  <testcase name="basicDetails" time="77.363" classname="com.OBC.tc.TC004_OBCBasicDetails"/>
  <testcase name="basicDetails" time="76.578" classname="com.OBC.tc.TC004_OBCBasicDetails"/>
  <testcase name="basicDetails" time="76.642" classname="com.OBC.tc.TC004_OBCBasicDetails"/>
  <testcase name="basicDetails" time="78.236" classname="com.OBC.tc.TC004_OBCBasicDetails"/>
  <testcase name="basicDetails" time="86.349" classname="com.OBC.tc.TC004_OBCBasicDetails"/>
  <testcase name="basicDetails" time="78.367" classname="com.OBC.tc.TC004_OBCBasicDetails"/>
  <testcase name="basicDetails" time="77.968" classname="com.OBC.tc.TC004_OBCBasicDetails"/>
  <testcase name="basicDetails" time="79.222" classname="com.OBC.tc.TC004_OBCBasicDetails"/>
  <testcase name="basicDetails" time="77.591" classname="com.OBC.tc.TC004_OBCBasicDetails"/>
  <testcase name="basicDetails" time="77.563" classname="com.OBC.tc.TC004_OBCBasicDetails"/>
  <testcase name="basicDetails" time="76.208" classname="com.OBC.tc.TC004_OBCBasicDetails"/>
  <testcase name="basicDetails" time="78.054" classname="com.OBC.tc.TC004_OBCBasicDetails"/>
  <testcase name="basicDetails" time="77.738" classname="com.OBC.tc.TC004_OBCBasicDetails"/>
  <testcase name="basicDetails" time="79.216" classname="com.OBC.tc.TC004_OBCBasicDetails"/>
  <testcase name="basicDetails" time="79.607" classname="com.OBC.tc.TC004_OBCBasicDetails"/>
  <testcase name="basicDetails" time="80.670" classname="com.OBC.tc.TC004_OBCBasicDetails"/>
  <testcase name="basicDetails" time="87.646" classname="com.OBC.tc.TC004_OBCBasicDetails"/>
  <testcase name="basicDetails" time="76.506" classname="com.OBC.tc.TC004_OBCBasicDetails"/>
  <testcase name="basicDetails" time="78.173" classname="com.OBC.tc.TC004_OBCBasicDetails"/>
  <testcase name="basicDetails" time="83.749" classname="com.OBC.tc.TC004_OBCBasicDetails"/>
  <testcase name="basicDetails" time="78.098" classname="com.OBC.tc.TC004_OBCBasicDetails"/>
  <testcase name="basicDetails" time="78.139" classname="com.OBC.tc.TC004_OBCBasicDetails"/>
  <testcase name="basicDetails" time="110.999" classname="com.OBC.tc.TC004_OBCBasicDetails"/>
  <testcase name="basicDetails" time="76.305" classname="com.OBC.tc.TC004_OBCBasicDetails"/>
  <testcase name="basicDetails" time="78.482" classname="com.OBC.tc.TC004_OBCBasicDetails"/>
  <testcase name="basicDetails" time="78.019" classname="com.OBC.tc.TC004_OBCBasicDetails"/>
  <testcase name="basicDetails" time="77.985" classname="com.OBC.tc.TC004_OBCBasicDetails"/>
  <testcase name="basicDetails" time="79.104" classname="com.OBC.tc.TC004_OBCBasicDetails"/>
  <testcase name="basicDetails" time="79.523" classname="com.OBC.tc.TC004_OBCBasicDetails"/>
  <testcase name="basicDetails" time="78.505" classname="com.OBC.tc.TC004_OBCBasicDetails"/>
  <testcase name="basicDetails" time="78.292" classname="com.OBC.tc.TC004_OBCBasicDetails"/>
  <testcase name="basicDetails" time="77.551" classname="com.OBC.tc.TC004_OBCBasicDetails"/>
  <testcase name="basicDetails" time="80.265" classname="com.OBC.tc.TC004_OBCBasicDetails"/>
  <testcase name="basicDetails" time="77.385" classname="com.OBC.tc.TC004_OBCBasicDetails"/>
  <testcase name="basicDetails" time="77.548" classname="com.OBC.tc.TC004_OBCBasicDetails"/>
  <testcase name="basicDetails" time="78.123" classname="com.OBC.tc.TC004_OBCBasicDetails"/>
  <testcase name="basicDetails" time="79.929" classname="com.OBC.tc.TC004_OBCBasicDetails"/>
  <testcase name="basicDetails" time="77.842" classname="com.OBC.tc.TC004_OBCBasicDetails"/>
  <testcase name="basicDetails" time="196.696" classname="com.OBC.tc.TC004_OBCBasicDetails"/>
  <testcase name="basicDetails" time="80.103" classname="com.OBC.tc.TC004_OBCBasicDetails"/>
  <testcase name="basicDetails" time="76.458" classname="com.OBC.tc.TC004_OBCBasicDetails"/>
  <testcase name="basicDetails" time="77.811" classname="com.OBC.tc.TC004_OBCBasicDetails"/>
  <testcase name="basicDetails" time="77.877" classname="com.OBC.tc.TC004_OBCBasicDetails"/>
  <testcase name="basicDetails" time="77.861" classname="com.OBC.tc.TC004_OBCBasicDetails"/>
  <testcase name="basicDetails" time="79.392" classname="com.OBC.tc.TC004_OBCBasicDetails"/>
  <testcase name="basicDetails" time="77.895" classname="com.OBC.tc.TC004_OBCBasicDetails"/>
  <testcase name="basicDetails" time="81.000" classname="com.OBC.tc.TC004_OBCBasicDetails"/>
  <testcase name="basicDetails" time="78.164" classname="com.OBC.tc.TC004_OBCBasicDetails"/>
  <testcase name="basicDetails" time="77.379" classname="com.OBC.tc.TC004_OBCBasicDetails"/>
  <testcase name="basicDetails" time="77.432" classname="com.OBC.tc.TC004_OBCBasicDetails"/>
  <testcase name="basicDetails" time="76.168" classname="com.OBC.tc.TC004_OBCBasicDetails"/>
  <testcase name="basicDetails" time="77.664" classname="com.OBC.tc.TC004_OBCBasicDetails"/>
  <testcase name="basicDetails" time="77.257" classname="com.OBC.tc.TC004_OBCBasicDetails"/>
  <testcase name="basicDetails" time="77.688" classname="com.OBC.tc.TC004_OBCBasicDetails"/>
  <testcase name="basicDetails" time="76.897" classname="com.OBC.tc.TC004_OBCBasicDetails"/>
  <testcase name="basicDetails" time="78.293" classname="com.OBC.tc.TC004_OBCBasicDetails"/>
  <testcase name="basicDetails" time="77.139" classname="com.OBC.tc.TC004_OBCBasicDetails"/>
  <testcase name="basicDetails" time="77.866" classname="com.OBC.tc.TC004_OBCBasicDetails"/>
  <testcase name="basicDetails" time="77.392" classname="com.OBC.tc.TC004_OBCBasicDetails"/>
  <testcase name="basicDetails" time="78.720" classname="com.OBC.tc.TC004_OBCBasicDetails"/>
  <testcase name="basicDetails" time="78.847" classname="com.OBC.tc.TC004_OBCBasicDetails"/>
  <testcase name="basicDetails" time="78.763" classname="com.OBC.tc.TC004_OBCBasicDetails"/>
  <testcase name="basicDetails" time="76.857" classname="com.OBC.tc.TC004_OBCBasicDetails"/>
  <testcase name="basicDetails" time="90.309" classname="com.OBC.tc.TC004_OBCBasicDetails"/>
  <testcase name="basicDetails" time="76.925" classname="com.OBC.tc.TC004_OBCBasicDetails"/>
  <testcase name="basicDetails" time="78.513" classname="com.OBC.tc.TC004_OBCBasicDetails"/>
  <testcase name="basicDetails" time="82.202" classname="com.OBC.tc.TC004_OBCBasicDetails"/>
  <testcase name="basicDetails" time="78.007" classname="com.OBC.tc.TC004_OBCBasicDetails"/>
  <testcase name="basicDetails" time="78.419" classname="com.OBC.tc.TC004_OBCBasicDetails"/>
  <testcase name="basicDetails" time="78.963" classname="com.OBC.tc.TC004_OBCBasicDetails"/>
  <testcase name="basicDetails" time="76.910" classname="com.OBC.tc.TC004_OBCBasicDetails"/>
  <testcase name="basicDetails" time="78.129" classname="com.OBC.tc.TC004_OBCBasicDetails"/>
  <testcase name="basicDetails" time="77.603" classname="com.OBC.tc.TC004_OBCBasicDetails"/>
  <testcase name="basicDetails" time="76.596" classname="com.OBC.tc.TC004_OBCBasicDetails"/>
  <testcase name="basicDetails" time="76.899" classname="com.OBC.tc.TC004_OBCBasicDetails"/>
  <testcase name="basicDetails" time="76.552" classname="com.OBC.tc.TC004_OBCBasicDetails"/>
  <testcase name="basicDetails" time="77.425" classname="com.OBC.tc.TC004_OBCBasicDetails"/>
  <testcase name="basicDetails" time="76.084" classname="com.OBC.tc.TC004_OBCBasicDetails"/>
  <testcase name="basicDetails" time="84.697" classname="com.OBC.tc.TC004_OBCBasicDetails"/>
  <testcase name="basicDetails" time="79.264" classname="com.OBC.tc.TC004_OBCBasicDetails"/>
  <testcase name="basicDetails" time="77.119" classname="com.OBC.tc.TC004_OBCBasicDetails"/>
  <testcase name="basicDetails" time="79.034" classname="com.OBC.tc.TC004_OBCBasicDetails"/>
  <testcase name="basicDetails" time="77.731" classname="com.OBC.tc.TC004_OBCBasicDetails"/>
  <testcase name="basicDetails" time="83.871" classname="com.OBC.tc.TC004_OBCBasicDetails"/>
  <testcase name="basicDetails" time="79.054" classname="com.OBC.tc.TC004_OBCBasicDetails"/>
  <testcase name="basicDetails" time="78.937" classname="com.OBC.tc.TC004_OBCBasicDetails"/>
  <testcase name="basicDetails" time="76.500" classname="com.OBC.tc.TC004_OBCBasicDetails"/>
  <testcase name="basicDetails" time="77.935" classname="com.OBC.tc.TC004_OBCBasicDetails"/>
  <testcase name="basicDetails" time="77.824" classname="com.OBC.tc.TC004_OBCBasicDetails"/>
  <testcase name="basicDetails" time="78.169" classname="com.OBC.tc.TC004_OBCBasicDetails"/>
  <testcase name="basicDetails" time="77.241" classname="com.OBC.tc.TC004_OBCBasicDetails"/>
  <testcase name="basicDetails" time="78.744" classname="com.OBC.tc.TC004_OBCBasicDetails"/>
  <testcase name="basicDetails" time="76.405" classname="com.OBC.tc.TC004_OBCBasicDetails"/>
  <testcase name="basicDetails" time="79.984" classname="com.OBC.tc.TC004_OBCBasicDetails"/>
  <testcase name="basicDetails" time="80.394" classname="com.OBC.tc.TC004_OBCBasicDetails"/>
  <testcase name="basicDetails" time="79.105" classname="com.OBC.tc.TC004_OBCBasicDetails"/>
  <testcase name="basicDetails" time="77.165" classname="com.OBC.tc.TC004_OBCBasicDetails"/>
  <testcase name="basicDetails" time="77.050" classname="com.OBC.tc.TC004_OBCBasicDetails"/>
  <testcase name="basicDetails" time="76.791" classname="com.OBC.tc.TC004_OBCBasicDetails"/>
  <testcase name="basicDetails" time="77.892" classname="com.OBC.tc.TC004_OBCBasicDetails"/>
  <testcase name="basicDetails" time="78.912" classname="com.OBC.tc.TC004_OBCBasicDetails"/>
  <testcase name="basicDetails" time="78.822" classname="com.OBC.tc.TC004_OBCBasicDetails"/>
  <testcase name="basicDetails" time="77.407" classname="com.OBC.tc.TC004_OBCBasicDetails"/>
  <testcase name="basicDetails" time="77.005" classname="com.OBC.tc.TC004_OBCBasicDetails"/>
  <testcase name="basicDetails" time="78.009" classname="com.OBC.tc.TC004_OBCBasicDetails"/>
  <testcase name="basicDetails" time="107.456" classname="com.OBC.tc.TC004_OBCBasicDetails"/>
  <testcase name="basicDetails" time="78.957" classname="com.OBC.tc.TC004_OBCBasicDetails"/>
  <testcase name="basicDetails" time="76.882" classname="com.OBC.tc.TC004_OBCBasicDetails"/>
  <testcase name="basicDetails" time="77.146" classname="com.OBC.tc.TC004_OBCBasicDetails"/>
  <testcase name="basicDetails" time="77.160" classname="com.OBC.tc.TC004_OBCBasicDetails"/>
  <testcase name="basicDetails" time="78.685" classname="com.OBC.tc.TC004_OBCBasicDetails"/>
  <testcase name="basicDetails" time="77.737" classname="com.OBC.tc.TC004_OBCBasicDetails"/>
  <testcase name="basicDetails" time="79.777" classname="com.OBC.tc.TC004_OBCBasicDetails"/>
  <testcase name="basicDetails" time="80.155" classname="com.OBC.tc.TC004_OBCBasicDetails"/>
</testsuite> <!-- com.OBC.tc.TC004_OBCBasicDetails -->
