<?xml version="1.0" encoding="UTF-8"?>
<!-- Generated by org.testng.reporters.JUnitReportReporter -->
<testsuite skipped="0" hostname="MAA014482B" name="com.IGM_Kolkata_2_May23.tc.TC002_IGMBasicDetails" tests="172" failures="0" timestamp="2023-06-05T20:24:20 IST" time="28237.592" errors="0">
  <testcase name="basicDetails" time="165.767" classname="com.IGM_Kolkata_2_May23.tc.TC002_IGMBasicDetails"/>
  <testcase name="basicDetails" time="162.245" classname="com.IGM_Kolkata_2_May23.tc.TC002_IGMBasicDetails"/>
  <testcase name="basicDetails" time="165.864" classname="com.IGM_Kolkata_2_May23.tc.TC002_IGMBasicDetails"/>
  <testcase name="basicDetails" time="162.503" classname="com.IGM_Kolkata_2_May23.tc.TC002_IGMBasicDetails"/>
  <testcase name="basicDetails" time="166.067" classname="com.IGM_Kolkata_2_May23.tc.TC002_IGMBasicDetails"/>
  <testcase name="basicDetails" time="162.335" classname="com.IGM_Kolkata_2_May23.tc.TC002_IGMBasicDetails"/>
  <testcase name="basicDetails" time="165.498" classname="com.IGM_Kolkata_2_May23.tc.TC002_IGMBasicDetails"/>
  <testcase name="basicDetails" time="162.382" classname="com.IGM_Kolkata_2_May23.tc.TC002_IGMBasicDetails"/>
  <testcase name="basicDetails" time="162.148" classname="com.IGM_Kolkata_2_May23.tc.TC002_IGMBasicDetails"/>
  <testcase name="basicDetails" time="162.833" classname="com.IGM_Kolkata_2_May23.tc.TC002_IGMBasicDetails"/>
  <testcase name="basicDetails" time="162.331" classname="com.IGM_Kolkata_2_May23.tc.TC002_IGMBasicDetails"/>
  <testcase name="basicDetails" time="162.850" classname="com.IGM_Kolkata_2_May23.tc.TC002_IGMBasicDetails"/>
  <testcase name="basicDetails" time="162.237" classname="com.IGM_Kolkata_2_May23.tc.TC002_IGMBasicDetails"/>
  <testcase name="basicDetails" time="166.263" classname="com.IGM_Kolkata_2_May23.tc.TC002_IGMBasicDetails"/>
  <testcase name="basicDetails" time="165.720" classname="com.IGM_Kolkata_2_May23.tc.TC002_IGMBasicDetails"/>
  <testcase name="basicDetails" time="162.795" classname="com.IGM_Kolkata_2_May23.tc.TC002_IGMBasicDetails"/>
  <testcase name="basicDetails" time="165.790" classname="com.IGM_Kolkata_2_May23.tc.TC002_IGMBasicDetails"/>
  <testcase name="basicDetails" time="166.146" classname="com.IGM_Kolkata_2_May23.tc.TC002_IGMBasicDetails"/>
  <testcase name="basicDetails" time="162.407" classname="com.IGM_Kolkata_2_May23.tc.TC002_IGMBasicDetails"/>
  <testcase name="basicDetails" time="162.332" classname="com.IGM_Kolkata_2_May23.tc.TC002_IGMBasicDetails"/>
  <testcase name="basicDetails" time="162.478" classname="com.IGM_Kolkata_2_May23.tc.TC002_IGMBasicDetails"/>
  <testcase name="basicDetails" time="162.368" classname="com.IGM_Kolkata_2_May23.tc.TC002_IGMBasicDetails"/>
  <testcase name="basicDetails" time="162.638" classname="com.IGM_Kolkata_2_May23.tc.TC002_IGMBasicDetails"/>
  <testcase name="basicDetails" time="162.454" classname="com.IGM_Kolkata_2_May23.tc.TC002_IGMBasicDetails"/>
  <testcase name="basicDetails" time="162.595" classname="com.IGM_Kolkata_2_May23.tc.TC002_IGMBasicDetails"/>
  <testcase name="basicDetails" time="162.342" classname="com.IGM_Kolkata_2_May23.tc.TC002_IGMBasicDetails"/>
  <testcase name="basicDetails" time="162.606" classname="com.IGM_Kolkata_2_May23.tc.TC002_IGMBasicDetails"/>
  <testcase name="basicDetails" time="165.876" classname="com.IGM_Kolkata_2_May23.tc.TC002_IGMBasicDetails"/>
  <testcase name="basicDetails" time="190.158" classname="com.IGM_Kolkata_2_May23.tc.TC002_IGMBasicDetails"/>
  <testcase name="basicDetails" time="190.214" classname="com.IGM_Kolkata_2_May23.tc.TC002_IGMBasicDetails"/>
  <testcase name="basicDetails" time="165.664" classname="com.IGM_Kolkata_2_May23.tc.TC002_IGMBasicDetails"/>
  <testcase name="basicDetails" time="163.041" classname="com.IGM_Kolkata_2_May23.tc.TC002_IGMBasicDetails"/>
  <testcase name="basicDetails" time="162.277" classname="com.IGM_Kolkata_2_May23.tc.TC002_IGMBasicDetails"/>
  <testcase name="basicDetails" time="165.823" classname="com.IGM_Kolkata_2_May23.tc.TC002_IGMBasicDetails"/>
  <testcase name="basicDetails" time="162.374" classname="com.IGM_Kolkata_2_May23.tc.TC002_IGMBasicDetails"/>
  <testcase name="basicDetails" time="165.616" classname="com.IGM_Kolkata_2_May23.tc.TC002_IGMBasicDetails"/>
  <testcase name="basicDetails" time="163.031" classname="com.IGM_Kolkata_2_May23.tc.TC002_IGMBasicDetails"/>
  <testcase name="basicDetails" time="162.487" classname="com.IGM_Kolkata_2_May23.tc.TC002_IGMBasicDetails"/>
  <testcase name="basicDetails" time="162.374" classname="com.IGM_Kolkata_2_May23.tc.TC002_IGMBasicDetails"/>
  <testcase name="basicDetails" time="162.281" classname="com.IGM_Kolkata_2_May23.tc.TC002_IGMBasicDetails"/>
  <testcase name="basicDetails" time="162.364" classname="com.IGM_Kolkata_2_May23.tc.TC002_IGMBasicDetails"/>
  <testcase name="basicDetails" time="165.295" classname="com.IGM_Kolkata_2_May23.tc.TC002_IGMBasicDetails"/>
  <testcase name="basicDetails" time="165.844" classname="com.IGM_Kolkata_2_May23.tc.TC002_IGMBasicDetails"/>
  <testcase name="basicDetails" time="165.164" classname="com.IGM_Kolkata_2_May23.tc.TC002_IGMBasicDetails"/>
  <testcase name="basicDetails" time="162.328" classname="com.IGM_Kolkata_2_May23.tc.TC002_IGMBasicDetails"/>
  <testcase name="basicDetails" time="162.392" classname="com.IGM_Kolkata_2_May23.tc.TC002_IGMBasicDetails"/>
  <testcase name="basicDetails" time="169.505" classname="com.IGM_Kolkata_2_May23.tc.TC002_IGMBasicDetails"/>
  <testcase name="basicDetails" time="165.368" classname="com.IGM_Kolkata_2_May23.tc.TC002_IGMBasicDetails"/>
  <testcase name="basicDetails" time="162.703" classname="com.IGM_Kolkata_2_May23.tc.TC002_IGMBasicDetails"/>
  <testcase name="basicDetails" time="162.273" classname="com.IGM_Kolkata_2_May23.tc.TC002_IGMBasicDetails"/>
  <testcase name="basicDetails" time="163.036" classname="com.IGM_Kolkata_2_May23.tc.TC002_IGMBasicDetails"/>
  <testcase name="basicDetails" time="162.482" classname="com.IGM_Kolkata_2_May23.tc.TC002_IGMBasicDetails"/>
  <testcase name="basicDetails" time="165.480" classname="com.IGM_Kolkata_2_May23.tc.TC002_IGMBasicDetails"/>
  <testcase name="basicDetails" time="162.735" classname="com.IGM_Kolkata_2_May23.tc.TC002_IGMBasicDetails"/>
  <testcase name="basicDetails" time="162.434" classname="com.IGM_Kolkata_2_May23.tc.TC002_IGMBasicDetails"/>
  <testcase name="basicDetails" time="165.974" classname="com.IGM_Kolkata_2_May23.tc.TC002_IGMBasicDetails"/>
  <testcase name="basicDetails" time="162.914" classname="com.IGM_Kolkata_2_May23.tc.TC002_IGMBasicDetails"/>
  <testcase name="basicDetails" time="165.713" classname="com.IGM_Kolkata_2_May23.tc.TC002_IGMBasicDetails"/>
  <testcase name="basicDetails" time="162.680" classname="com.IGM_Kolkata_2_May23.tc.TC002_IGMBasicDetails"/>
  <testcase name="basicDetails" time="162.715" classname="com.IGM_Kolkata_2_May23.tc.TC002_IGMBasicDetails"/>
  <testcase name="basicDetails" time="162.450" classname="com.IGM_Kolkata_2_May23.tc.TC002_IGMBasicDetails"/>
  <testcase name="basicDetails" time="162.419" classname="com.IGM_Kolkata_2_May23.tc.TC002_IGMBasicDetails"/>
  <testcase name="basicDetails" time="162.543" classname="com.IGM_Kolkata_2_May23.tc.TC002_IGMBasicDetails"/>
  <testcase name="basicDetails" time="162.000" classname="com.IGM_Kolkata_2_May23.tc.TC002_IGMBasicDetails"/>
  <testcase name="basicDetails" time="162.920" classname="com.IGM_Kolkata_2_May23.tc.TC002_IGMBasicDetails"/>
  <testcase name="basicDetails" time="165.378" classname="com.IGM_Kolkata_2_May23.tc.TC002_IGMBasicDetails"/>
  <testcase name="basicDetails" time="162.588" classname="com.IGM_Kolkata_2_May23.tc.TC002_IGMBasicDetails"/>
  <testcase name="basicDetails" time="162.433" classname="com.IGM_Kolkata_2_May23.tc.TC002_IGMBasicDetails"/>
  <testcase name="basicDetails" time="162.444" classname="com.IGM_Kolkata_2_May23.tc.TC002_IGMBasicDetails"/>
  <testcase name="basicDetails" time="165.510" classname="com.IGM_Kolkata_2_May23.tc.TC002_IGMBasicDetails"/>
  <testcase name="basicDetails" time="162.281" classname="com.IGM_Kolkata_2_May23.tc.TC002_IGMBasicDetails"/>
  <testcase name="basicDetails" time="162.958" classname="com.IGM_Kolkata_2_May23.tc.TC002_IGMBasicDetails"/>
  <testcase name="basicDetails" time="162.599" classname="com.IGM_Kolkata_2_May23.tc.TC002_IGMBasicDetails"/>
  <testcase name="basicDetails" time="162.934" classname="com.IGM_Kolkata_2_May23.tc.TC002_IGMBasicDetails"/>
  <testcase name="basicDetails" time="165.319" classname="com.IGM_Kolkata_2_May23.tc.TC002_IGMBasicDetails"/>
  <testcase name="basicDetails" time="190.344" classname="com.IGM_Kolkata_2_May23.tc.TC002_IGMBasicDetails"/>
  <testcase name="basicDetails" time="162.181" classname="com.IGM_Kolkata_2_May23.tc.TC002_IGMBasicDetails"/>
  <testcase name="basicDetails" time="162.215" classname="com.IGM_Kolkata_2_May23.tc.TC002_IGMBasicDetails"/>
  <testcase name="basicDetails" time="165.906" classname="com.IGM_Kolkata_2_May23.tc.TC002_IGMBasicDetails"/>
  <testcase name="basicDetails" time="165.772" classname="com.IGM_Kolkata_2_May23.tc.TC002_IGMBasicDetails"/>
  <testcase name="basicDetails" time="165.912" classname="com.IGM_Kolkata_2_May23.tc.TC002_IGMBasicDetails"/>
  <testcase name="basicDetails" time="162.730" classname="com.IGM_Kolkata_2_May23.tc.TC002_IGMBasicDetails"/>
  <testcase name="basicDetails" time="162.474" classname="com.IGM_Kolkata_2_May23.tc.TC002_IGMBasicDetails"/>
  <testcase name="basicDetails" time="161.858" classname="com.IGM_Kolkata_2_May23.tc.TC002_IGMBasicDetails"/>
  <testcase name="basicDetails" time="162.248" classname="com.IGM_Kolkata_2_May23.tc.TC002_IGMBasicDetails"/>
  <testcase name="basicDetails" time="162.502" classname="com.IGM_Kolkata_2_May23.tc.TC002_IGMBasicDetails"/>
  <testcase name="basicDetails" time="166.197" classname="com.IGM_Kolkata_2_May23.tc.TC002_IGMBasicDetails"/>
  <testcase name="basicDetails" time="162.047" classname="com.IGM_Kolkata_2_May23.tc.TC002_IGMBasicDetails"/>
  <testcase name="basicDetails" time="165.741" classname="com.IGM_Kolkata_2_May23.tc.TC002_IGMBasicDetails"/>
  <testcase name="basicDetails" time="162.567" classname="com.IGM_Kolkata_2_May23.tc.TC002_IGMBasicDetails"/>
  <testcase name="basicDetails" time="162.664" classname="com.IGM_Kolkata_2_May23.tc.TC002_IGMBasicDetails"/>
  <testcase name="basicDetails" time="162.464" classname="com.IGM_Kolkata_2_May23.tc.TC002_IGMBasicDetails"/>
  <testcase name="basicDetails" time="165.266" classname="com.IGM_Kolkata_2_May23.tc.TC002_IGMBasicDetails"/>
  <testcase name="basicDetails" time="162.395" classname="com.IGM_Kolkata_2_May23.tc.TC002_IGMBasicDetails"/>
  <testcase name="basicDetails" time="165.934" classname="com.IGM_Kolkata_2_May23.tc.TC002_IGMBasicDetails"/>
  <testcase name="basicDetails" time="161.794" classname="com.IGM_Kolkata_2_May23.tc.TC002_IGMBasicDetails"/>
  <testcase name="basicDetails" time="162.515" classname="com.IGM_Kolkata_2_May23.tc.TC002_IGMBasicDetails"/>
  <testcase name="basicDetails" time="162.418" classname="com.IGM_Kolkata_2_May23.tc.TC002_IGMBasicDetails"/>
  <testcase name="basicDetails" time="162.546" classname="com.IGM_Kolkata_2_May23.tc.TC002_IGMBasicDetails"/>
  <testcase name="basicDetails" time="162.907" classname="com.IGM_Kolkata_2_May23.tc.TC002_IGMBasicDetails"/>
  <testcase name="basicDetails" time="162.409" classname="com.IGM_Kolkata_2_May23.tc.TC002_IGMBasicDetails"/>
  <testcase name="basicDetails" time="162.495" classname="com.IGM_Kolkata_2_May23.tc.TC002_IGMBasicDetails"/>
  <testcase name="basicDetails" time="162.690" classname="com.IGM_Kolkata_2_May23.tc.TC002_IGMBasicDetails"/>
  <testcase name="basicDetails" time="162.668" classname="com.IGM_Kolkata_2_May23.tc.TC002_IGMBasicDetails"/>
  <testcase name="basicDetails" time="165.899" classname="com.IGM_Kolkata_2_May23.tc.TC002_IGMBasicDetails"/>
  <testcase name="basicDetails" time="166.050" classname="com.IGM_Kolkata_2_May23.tc.TC002_IGMBasicDetails"/>
  <testcase name="basicDetails" time="161.926" classname="com.IGM_Kolkata_2_May23.tc.TC002_IGMBasicDetails"/>
  <testcase name="basicDetails" time="162.547" classname="com.IGM_Kolkata_2_May23.tc.TC002_IGMBasicDetails"/>
  <testcase name="basicDetails" time="162.524" classname="com.IGM_Kolkata_2_May23.tc.TC002_IGMBasicDetails"/>
  <testcase name="basicDetails" time="165.763" classname="com.IGM_Kolkata_2_May23.tc.TC002_IGMBasicDetails"/>
  <testcase name="basicDetails" time="162.919" classname="com.IGM_Kolkata_2_May23.tc.TC002_IGMBasicDetails"/>
  <testcase name="basicDetails" time="162.254" classname="com.IGM_Kolkata_2_May23.tc.TC002_IGMBasicDetails"/>
  <testcase name="basicDetails" time="162.540" classname="com.IGM_Kolkata_2_May23.tc.TC002_IGMBasicDetails"/>
  <testcase name="basicDetails" time="162.196" classname="com.IGM_Kolkata_2_May23.tc.TC002_IGMBasicDetails"/>
  <testcase name="basicDetails" time="162.462" classname="com.IGM_Kolkata_2_May23.tc.TC002_IGMBasicDetails"/>
  <testcase name="basicDetails" time="162.660" classname="com.IGM_Kolkata_2_May23.tc.TC002_IGMBasicDetails"/>
  <testcase name="basicDetails" time="162.817" classname="com.IGM_Kolkata_2_May23.tc.TC002_IGMBasicDetails"/>
  <testcase name="basicDetails" time="161.743" classname="com.IGM_Kolkata_2_May23.tc.TC002_IGMBasicDetails"/>
  <testcase name="basicDetails" time="162.680" classname="com.IGM_Kolkata_2_May23.tc.TC002_IGMBasicDetails"/>
  <testcase name="basicDetails" time="162.445" classname="com.IGM_Kolkata_2_May23.tc.TC002_IGMBasicDetails"/>
  <testcase name="basicDetails" time="162.345" classname="com.IGM_Kolkata_2_May23.tc.TC002_IGMBasicDetails"/>
  <testcase name="basicDetails" time="162.366" classname="com.IGM_Kolkata_2_May23.tc.TC002_IGMBasicDetails"/>
  <testcase name="basicDetails" time="162.295" classname="com.IGM_Kolkata_2_May23.tc.TC002_IGMBasicDetails"/>
  <testcase name="basicDetails" time="165.860" classname="com.IGM_Kolkata_2_May23.tc.TC002_IGMBasicDetails"/>
  <testcase name="basicDetails" time="165.853" classname="com.IGM_Kolkata_2_May23.tc.TC002_IGMBasicDetails"/>
  <testcase name="basicDetails" time="162.558" classname="com.IGM_Kolkata_2_May23.tc.TC002_IGMBasicDetails"/>
  <testcase name="basicDetails" time="162.526" classname="com.IGM_Kolkata_2_May23.tc.TC002_IGMBasicDetails"/>
  <testcase name="basicDetails" time="162.490" classname="com.IGM_Kolkata_2_May23.tc.TC002_IGMBasicDetails"/>
  <testcase name="basicDetails" time="162.596" classname="com.IGM_Kolkata_2_May23.tc.TC002_IGMBasicDetails"/>
  <testcase name="basicDetails" time="190.303" classname="com.IGM_Kolkata_2_May23.tc.TC002_IGMBasicDetails"/>
  <testcase name="basicDetails" time="165.738" classname="com.IGM_Kolkata_2_May23.tc.TC002_IGMBasicDetails"/>
  <testcase name="basicDetails" time="165.802" classname="com.IGM_Kolkata_2_May23.tc.TC002_IGMBasicDetails"/>
  <testcase name="basicDetails" time="162.907" classname="com.IGM_Kolkata_2_May23.tc.TC002_IGMBasicDetails"/>
  <testcase name="basicDetails" time="165.974" classname="com.IGM_Kolkata_2_May23.tc.TC002_IGMBasicDetails"/>
  <testcase name="basicDetails" time="162.161" classname="com.IGM_Kolkata_2_May23.tc.TC002_IGMBasicDetails"/>
  <testcase name="basicDetails" time="162.909" classname="com.IGM_Kolkata_2_May23.tc.TC002_IGMBasicDetails"/>
  <testcase name="basicDetails" time="162.335" classname="com.IGM_Kolkata_2_May23.tc.TC002_IGMBasicDetails"/>
  <testcase name="basicDetails" time="165.413" classname="com.IGM_Kolkata_2_May23.tc.TC002_IGMBasicDetails"/>
  <testcase name="basicDetails" time="165.329" classname="com.IGM_Kolkata_2_May23.tc.TC002_IGMBasicDetails"/>
  <testcase name="basicDetails" time="162.505" classname="com.IGM_Kolkata_2_May23.tc.TC002_IGMBasicDetails"/>
  <testcase name="basicDetails" time="162.451" classname="com.IGM_Kolkata_2_May23.tc.TC002_IGMBasicDetails"/>
  <testcase name="basicDetails" time="165.971" classname="com.IGM_Kolkata_2_May23.tc.TC002_IGMBasicDetails"/>
  <testcase name="basicDetails" time="162.158" classname="com.IGM_Kolkata_2_May23.tc.TC002_IGMBasicDetails"/>
  <testcase name="basicDetails" time="162.674" classname="com.IGM_Kolkata_2_May23.tc.TC002_IGMBasicDetails"/>
  <testcase name="basicDetails" time="162.167" classname="com.IGM_Kolkata_2_May23.tc.TC002_IGMBasicDetails"/>
  <testcase name="basicDetails" time="165.691" classname="com.IGM_Kolkata_2_May23.tc.TC002_IGMBasicDetails"/>
  <testcase name="basicDetails" time="165.636" classname="com.IGM_Kolkata_2_May23.tc.TC002_IGMBasicDetails"/>
  <testcase name="basicDetails" time="165.566" classname="com.IGM_Kolkata_2_May23.tc.TC002_IGMBasicDetails"/>
  <testcase name="basicDetails" time="165.927" classname="com.IGM_Kolkata_2_May23.tc.TC002_IGMBasicDetails"/>
  <testcase name="basicDetails" time="166.231" classname="com.IGM_Kolkata_2_May23.tc.TC002_IGMBasicDetails"/>
  <testcase name="basicDetails" time="162.622" classname="com.IGM_Kolkata_2_May23.tc.TC002_IGMBasicDetails"/>
  <testcase name="basicDetails" time="162.725" classname="com.IGM_Kolkata_2_May23.tc.TC002_IGMBasicDetails"/>
  <testcase name="basicDetails" time="162.509" classname="com.IGM_Kolkata_2_May23.tc.TC002_IGMBasicDetails"/>
  <testcase name="basicDetails" time="162.622" classname="com.IGM_Kolkata_2_May23.tc.TC002_IGMBasicDetails"/>
  <testcase name="basicDetails" time="162.337" classname="com.IGM_Kolkata_2_May23.tc.TC002_IGMBasicDetails"/>
  <testcase name="basicDetails" time="165.900" classname="com.IGM_Kolkata_2_May23.tc.TC002_IGMBasicDetails"/>
  <testcase name="basicDetails" time="162.469" classname="com.IGM_Kolkata_2_May23.tc.TC002_IGMBasicDetails"/>
  <testcase name="basicDetails" time="162.525" classname="com.IGM_Kolkata_2_May23.tc.TC002_IGMBasicDetails"/>
  <testcase name="basicDetails" time="162.339" classname="com.IGM_Kolkata_2_May23.tc.TC002_IGMBasicDetails"/>
  <testcase name="basicDetails" time="166.052" classname="com.IGM_Kolkata_2_May23.tc.TC002_IGMBasicDetails"/>
  <testcase name="basicDetails" time="162.448" classname="com.IGM_Kolkata_2_May23.tc.TC002_IGMBasicDetails"/>
  <testcase name="basicDetails" time="162.485" classname="com.IGM_Kolkata_2_May23.tc.TC002_IGMBasicDetails"/>
  <testcase name="basicDetails" time="165.906" classname="com.IGM_Kolkata_2_May23.tc.TC002_IGMBasicDetails"/>
  <testcase name="basicDetails" time="165.545" classname="com.IGM_Kolkata_2_May23.tc.TC002_IGMBasicDetails"/>
  <testcase name="basicDetails" time="162.369" classname="com.IGM_Kolkata_2_May23.tc.TC002_IGMBasicDetails"/>
  <testcase name="basicDetails" time="162.707" classname="com.IGM_Kolkata_2_May23.tc.TC002_IGMBasicDetails"/>
  <testcase name="basicDetails" time="163.124" classname="com.IGM_Kolkata_2_May23.tc.TC002_IGMBasicDetails"/>
  <testcase name="basicDetails" time="163.081" classname="com.IGM_Kolkata_2_May23.tc.TC002_IGMBasicDetails"/>
  <testcase name="basicDetails" time="162.684" classname="com.IGM_Kolkata_2_May23.tc.TC002_IGMBasicDetails"/>
  <testcase name="basicDetails" time="165.840" classname="com.IGM_Kolkata_2_May23.tc.TC002_IGMBasicDetails"/>
  <testcase name="basicDetails" time="165.876" classname="com.IGM_Kolkata_2_May23.tc.TC002_IGMBasicDetails"/>
  <testcase name="basicDetails" time="166.019" classname="com.IGM_Kolkata_2_May23.tc.TC002_IGMBasicDetails"/>
</testsuite> <!-- com.IGM_Kolkata_2_May23.tc.TC002_IGMBasicDetails -->
