<?xml version="1.0" encoding="UTF-8"?>
<!-- Generated by org.testng.reporters.JUnitReportReporter -->
<testsuite skipped="0" hostname="MAA014482B" name="com.NHB_03Jan23.TC002_NHBBasicDetails" tests="26" failures="0" timestamp="2023-01-10T18:23:02 IST" time="4276.006" errors="0">
  <testcase name="basicDetails" time="160.160" classname="com.NHB_03Jan23.TC002_NHBBasicDetails"/>
  <testcase name="basicDetails" time="160.650" classname="com.NHB_03Jan23.TC002_NHBBasicDetails"/>
  <testcase name="basicDetails" time="161.559" classname="com.NHB_03Jan23.TC002_NHBBasicDetails"/>
  <testcase name="basicDetails" time="166.109" classname="com.NHB_03Jan23.TC002_NHBBasicDetails"/>
  <testcase name="basicDetails" time="168.209" classname="com.NHB_03Jan23.TC002_NHBBasicDetails"/>
  <testcase name="basicDetails" time="168.320" classname="com.NHB_03Jan23.TC002_NHBBasicDetails"/>
  <testcase name="basicDetails" time="161.152" classname="com.NHB_03Jan23.TC002_NHBBasicDetails"/>
  <testcase name="basicDetails" time="162.079" classname="com.NHB_03Jan23.TC002_NHBBasicDetails"/>
  <testcase name="basicDetails" time="163.543" classname="com.NHB_03Jan23.TC002_NHBBasicDetails"/>
  <testcase name="basicDetails" time="167.890" classname="com.NHB_03Jan23.TC002_NHBBasicDetails"/>
  <testcase name="basicDetails" time="167.846" classname="com.NHB_03Jan23.TC002_NHBBasicDetails"/>
  <testcase name="basicDetails" time="168.251" classname="com.NHB_03Jan23.TC002_NHBBasicDetails"/>
  <testcase name="basicDetails" time="166.147" classname="com.NHB_03Jan23.TC002_NHBBasicDetails"/>
  <testcase name="basicDetails" time="159.984" classname="com.NHB_03Jan23.TC002_NHBBasicDetails"/>
  <testcase name="basicDetails" time="161.444" classname="com.NHB_03Jan23.TC002_NHBBasicDetails"/>
  <testcase name="basicDetails" time="159.676" classname="com.NHB_03Jan23.TC002_NHBBasicDetails"/>
  <testcase name="basicDetails" time="166.481" classname="com.NHB_03Jan23.TC002_NHBBasicDetails"/>
  <testcase name="basicDetails" time="161.693" classname="com.NHB_03Jan23.TC002_NHBBasicDetails"/>
  <testcase name="basicDetails" time="168.164" classname="com.NHB_03Jan23.TC002_NHBBasicDetails"/>
  <testcase name="basicDetails" time="168.161" classname="com.NHB_03Jan23.TC002_NHBBasicDetails"/>
  <testcase name="basicDetails" time="161.674" classname="com.NHB_03Jan23.TC002_NHBBasicDetails"/>
  <testcase name="basicDetails" time="161.795" classname="com.NHB_03Jan23.TC002_NHBBasicDetails"/>
  <testcase name="basicDetails" time="161.257" classname="com.NHB_03Jan23.TC002_NHBBasicDetails"/>
  <testcase name="basicDetails" time="167.915" classname="com.NHB_03Jan23.TC002_NHBBasicDetails"/>
  <testcase name="basicDetails" time="168.076" classname="com.NHB_03Jan23.TC002_NHBBasicDetails"/>
  <testcase name="basicDetails" time="167.771" classname="com.NHB_03Jan23.TC002_NHBBasicDetails"/>
</testsuite> <!-- com.NHB_03Jan23.TC002_NHBBasicDetails -->
