<?xml version="1.0" encoding="UTF-8"?>
<!-- Generated by org.testng.reporters.JUnitReportReporter -->
<testsuite skipped="0" hostname="MAA014482B" name="com.MAHAVIT_12_April.tc.TC003_MAHABasicDetails" tests="25" failures="0" timestamp="2022-05-03T23:21:35 IST" time="3109.850" errors="0">
  <testcase name="basicDetails" time="119.110" classname="com.MAHAVIT_12_April.tc.TC003_MAHABasicDetails"/>
  <testcase name="basicDetails" time="118.740" classname="com.MAHAVIT_12_April.tc.TC003_MAHABasicDetails"/>
  <testcase name="basicDetails" time="118.859" classname="com.MAHAVIT_12_April.tc.TC003_MAHABasicDetails"/>
  <testcase name="basicDetails" time="118.949" classname="com.MAHAVIT_12_April.tc.TC003_MAHABasicDetails"/>
  <testcase name="basicDetails" time="186.007" classname="com.MAHAVIT_12_April.tc.TC003_MAHABasicDetails"/>
  <testcase name="basicDetails" time="119.069" classname="com.MAHAVIT_12_April.tc.TC003_MAHABasicDetails"/>
  <testcase name="basicDetails" time="118.940" classname="com.MAHAVIT_12_April.tc.TC003_MAHABasicDetails"/>
  <testcase name="basicDetails" time="120.422" classname="com.MAHAVIT_12_April.tc.TC003_MAHABasicDetails"/>
  <testcase name="basicDetails" time="118.932" classname="com.MAHAVIT_12_April.tc.TC003_MAHABasicDetails"/>
  <testcase name="basicDetails" time="118.847" classname="com.MAHAVIT_12_April.tc.TC003_MAHABasicDetails"/>
  <testcase name="basicDetails" time="119.382" classname="com.MAHAVIT_12_April.tc.TC003_MAHABasicDetails"/>
  <testcase name="basicDetails" time="118.704" classname="com.MAHAVIT_12_April.tc.TC003_MAHABasicDetails"/>
  <testcase name="basicDetails" time="118.390" classname="com.MAHAVIT_12_April.tc.TC003_MAHABasicDetails"/>
  <testcase name="basicDetails" time="118.538" classname="com.MAHAVIT_12_April.tc.TC003_MAHABasicDetails"/>
  <testcase name="basicDetails" time="118.617" classname="com.MAHAVIT_12_April.tc.TC003_MAHABasicDetails"/>
  <testcase name="basicDetails" time="119.139" classname="com.MAHAVIT_12_April.tc.TC003_MAHABasicDetails"/>
  <testcase name="basicDetails" time="119.479" classname="com.MAHAVIT_12_April.tc.TC003_MAHABasicDetails"/>
  <testcase name="basicDetails" time="119.243" classname="com.MAHAVIT_12_April.tc.TC003_MAHABasicDetails"/>
  <testcase name="basicDetails" time="118.937" classname="com.MAHAVIT_12_April.tc.TC003_MAHABasicDetails"/>
  <testcase name="basicDetails" time="118.942" classname="com.MAHAVIT_12_April.tc.TC003_MAHABasicDetails"/>
  <testcase name="basicDetails" time="119.186" classname="com.MAHAVIT_12_April.tc.TC003_MAHABasicDetails"/>
  <testcase name="basicDetails" time="118.912" classname="com.MAHAVIT_12_April.tc.TC003_MAHABasicDetails"/>
  <testcase name="basicDetails" time="119.415" classname="com.MAHAVIT_12_April.tc.TC003_MAHABasicDetails"/>
  <testcase name="basicDetails" time="186.210" classname="com.MAHAVIT_12_April.tc.TC003_MAHABasicDetails"/>
  <testcase name="basicDetails" time="118.881" classname="com.MAHAVIT_12_April.tc.TC003_MAHABasicDetails"/>
</testsuite> <!-- com.MAHAVIT_12_April.tc.TC003_MAHABasicDetails -->
