<?xml version="1.0" encoding="UTF-8"?>
<!-- Generated by org.testng.reporters.JUnitReportReporter -->
<testsuite skipped="0" hostname="MAA014482B" name="com.CSMC_Aug23.tc.TC004_CSMCBasicDetails" tests="180" failures="0" timestamp="2023-07-09T20:56:27 IST" time="29746.250" errors="0">
  <testcase name="basicDetails" time="160.808" classname="com.CSMC_Aug23.tc.TC004_CSMCBasicDetails"/>
  <testcase name="basicDetails" time="160.556" classname="com.CSMC_Aug23.tc.TC004_CSMCBasicDetails"/>
  <testcase name="basicDetails" time="160.060" classname="com.CSMC_Aug23.tc.TC004_CSMCBasicDetails"/>
  <testcase name="basicDetails" time="160.895" classname="com.CSMC_Aug23.tc.TC004_CSMCBasicDetails"/>
  <testcase name="basicDetails" time="187.577" classname="com.CSMC_Aug23.tc.TC004_CSMCBasicDetails"/>
  <testcase name="basicDetails" time="160.417" classname="com.CSMC_Aug23.tc.TC004_CSMCBasicDetails"/>
  <testcase name="basicDetails" time="160.266" classname="com.CSMC_Aug23.tc.TC004_CSMCBasicDetails"/>
  <testcase name="basicDetails" time="160.206" classname="com.CSMC_Aug23.tc.TC004_CSMCBasicDetails"/>
  <testcase name="basicDetails" time="160.247" classname="com.CSMC_Aug23.tc.TC004_CSMCBasicDetails"/>
  <testcase name="basicDetails" time="160.391" classname="com.CSMC_Aug23.tc.TC004_CSMCBasicDetails"/>
  <testcase name="basicDetails" time="160.297" classname="com.CSMC_Aug23.tc.TC004_CSMCBasicDetails"/>
  <testcase name="basicDetails" time="160.417" classname="com.CSMC_Aug23.tc.TC004_CSMCBasicDetails"/>
  <testcase name="basicDetails" time="160.400" classname="com.CSMC_Aug23.tc.TC004_CSMCBasicDetails"/>
  <testcase name="basicDetails" time="159.953" classname="com.CSMC_Aug23.tc.TC004_CSMCBasicDetails"/>
  <testcase name="basicDetails" time="159.891" classname="com.CSMC_Aug23.tc.TC004_CSMCBasicDetails"/>
  <testcase name="basicDetails" time="187.361" classname="com.CSMC_Aug23.tc.TC004_CSMCBasicDetails"/>
  <testcase name="basicDetails" time="160.003" classname="com.CSMC_Aug23.tc.TC004_CSMCBasicDetails"/>
  <testcase name="basicDetails" time="160.357" classname="com.CSMC_Aug23.tc.TC004_CSMCBasicDetails"/>
  <testcase name="basicDetails" time="160.549" classname="com.CSMC_Aug23.tc.TC004_CSMCBasicDetails"/>
  <testcase name="basicDetails" time="187.965" classname="com.CSMC_Aug23.tc.TC004_CSMCBasicDetails"/>
  <testcase name="basicDetails" time="160.576" classname="com.CSMC_Aug23.tc.TC004_CSMCBasicDetails"/>
  <testcase name="basicDetails" time="160.329" classname="com.CSMC_Aug23.tc.TC004_CSMCBasicDetails"/>
  <testcase name="basicDetails" time="160.580" classname="com.CSMC_Aug23.tc.TC004_CSMCBasicDetails"/>
  <testcase name="basicDetails" time="187.656" classname="com.CSMC_Aug23.tc.TC004_CSMCBasicDetails"/>
  <testcase name="basicDetails" time="160.190" classname="com.CSMC_Aug23.tc.TC004_CSMCBasicDetails"/>
  <testcase name="basicDetails" time="160.522" classname="com.CSMC_Aug23.tc.TC004_CSMCBasicDetails"/>
  <testcase name="basicDetails" time="160.176" classname="com.CSMC_Aug23.tc.TC004_CSMCBasicDetails"/>
  <testcase name="basicDetails" time="160.256" classname="com.CSMC_Aug23.tc.TC004_CSMCBasicDetails"/>
  <testcase name="basicDetails" time="160.089" classname="com.CSMC_Aug23.tc.TC004_CSMCBasicDetails"/>
  <testcase name="basicDetails" time="187.657" classname="com.CSMC_Aug23.tc.TC004_CSMCBasicDetails"/>
  <testcase name="basicDetails" time="187.446" classname="com.CSMC_Aug23.tc.TC004_CSMCBasicDetails"/>
  <testcase name="basicDetails" time="160.197" classname="com.CSMC_Aug23.tc.TC004_CSMCBasicDetails"/>
  <testcase name="basicDetails" time="160.472" classname="com.CSMC_Aug23.tc.TC004_CSMCBasicDetails"/>
  <testcase name="basicDetails" time="187.599" classname="com.CSMC_Aug23.tc.TC004_CSMCBasicDetails"/>
  <testcase name="basicDetails" time="160.310" classname="com.CSMC_Aug23.tc.TC004_CSMCBasicDetails"/>
  <testcase name="basicDetails" time="187.428" classname="com.CSMC_Aug23.tc.TC004_CSMCBasicDetails"/>
  <testcase name="basicDetails" time="160.107" classname="com.CSMC_Aug23.tc.TC004_CSMCBasicDetails"/>
  <testcase name="basicDetails" time="160.595" classname="com.CSMC_Aug23.tc.TC004_CSMCBasicDetails"/>
  <testcase name="basicDetails" time="159.915" classname="com.CSMC_Aug23.tc.TC004_CSMCBasicDetails"/>
  <testcase name="basicDetails" time="160.310" classname="com.CSMC_Aug23.tc.TC004_CSMCBasicDetails"/>
  <testcase name="basicDetails" time="160.545" classname="com.CSMC_Aug23.tc.TC004_CSMCBasicDetails"/>
  <testcase name="basicDetails" time="160.527" classname="com.CSMC_Aug23.tc.TC004_CSMCBasicDetails"/>
  <testcase name="basicDetails" time="187.642" classname="com.CSMC_Aug23.tc.TC004_CSMCBasicDetails"/>
  <testcase name="basicDetails" time="160.062" classname="com.CSMC_Aug23.tc.TC004_CSMCBasicDetails"/>
  <testcase name="basicDetails" time="160.411" classname="com.CSMC_Aug23.tc.TC004_CSMCBasicDetails"/>
  <testcase name="basicDetails" time="160.412" classname="com.CSMC_Aug23.tc.TC004_CSMCBasicDetails"/>
  <testcase name="basicDetails" time="160.695" classname="com.CSMC_Aug23.tc.TC004_CSMCBasicDetails"/>
  <testcase name="basicDetails" time="160.233" classname="com.CSMC_Aug23.tc.TC004_CSMCBasicDetails"/>
  <testcase name="basicDetails" time="187.875" classname="com.CSMC_Aug23.tc.TC004_CSMCBasicDetails"/>
  <testcase name="basicDetails" time="160.145" classname="com.CSMC_Aug23.tc.TC004_CSMCBasicDetails"/>
  <testcase name="basicDetails" time="160.241" classname="com.CSMC_Aug23.tc.TC004_CSMCBasicDetails"/>
  <testcase name="basicDetails" time="160.287" classname="com.CSMC_Aug23.tc.TC004_CSMCBasicDetails"/>
  <testcase name="basicDetails" time="160.309" classname="com.CSMC_Aug23.tc.TC004_CSMCBasicDetails"/>
  <testcase name="basicDetails" time="160.511" classname="com.CSMC_Aug23.tc.TC004_CSMCBasicDetails"/>
  <testcase name="basicDetails" time="160.520" classname="com.CSMC_Aug23.tc.TC004_CSMCBasicDetails"/>
  <testcase name="basicDetails" time="160.082" classname="com.CSMC_Aug23.tc.TC004_CSMCBasicDetails"/>
  <testcase name="basicDetails" time="159.931" classname="com.CSMC_Aug23.tc.TC004_CSMCBasicDetails"/>
  <testcase name="basicDetails" time="160.328" classname="com.CSMC_Aug23.tc.TC004_CSMCBasicDetails"/>
  <testcase name="basicDetails" time="160.303" classname="com.CSMC_Aug23.tc.TC004_CSMCBasicDetails"/>
  <testcase name="basicDetails" time="160.825" classname="com.CSMC_Aug23.tc.TC004_CSMCBasicDetails"/>
  <testcase name="basicDetails" time="160.178" classname="com.CSMC_Aug23.tc.TC004_CSMCBasicDetails"/>
  <testcase name="basicDetails" time="159.925" classname="com.CSMC_Aug23.tc.TC004_CSMCBasicDetails"/>
  <testcase name="basicDetails" time="160.127" classname="com.CSMC_Aug23.tc.TC004_CSMCBasicDetails"/>
  <testcase name="basicDetails" time="160.108" classname="com.CSMC_Aug23.tc.TC004_CSMCBasicDetails"/>
  <testcase name="basicDetails" time="160.754" classname="com.CSMC_Aug23.tc.TC004_CSMCBasicDetails"/>
  <testcase name="basicDetails" time="160.549" classname="com.CSMC_Aug23.tc.TC004_CSMCBasicDetails"/>
  <testcase name="basicDetails" time="160.379" classname="com.CSMC_Aug23.tc.TC004_CSMCBasicDetails"/>
  <testcase name="basicDetails" time="160.366" classname="com.CSMC_Aug23.tc.TC004_CSMCBasicDetails"/>
  <testcase name="basicDetails" time="187.646" classname="com.CSMC_Aug23.tc.TC004_CSMCBasicDetails"/>
  <testcase name="basicDetails" time="160.366" classname="com.CSMC_Aug23.tc.TC004_CSMCBasicDetails"/>
  <testcase name="basicDetails" time="160.350" classname="com.CSMC_Aug23.tc.TC004_CSMCBasicDetails"/>
  <testcase name="basicDetails" time="160.351" classname="com.CSMC_Aug23.tc.TC004_CSMCBasicDetails"/>
  <testcase name="basicDetails" time="160.129" classname="com.CSMC_Aug23.tc.TC004_CSMCBasicDetails"/>
  <testcase name="basicDetails" time="160.620" classname="com.CSMC_Aug23.tc.TC004_CSMCBasicDetails"/>
  <testcase name="basicDetails" time="160.496" classname="com.CSMC_Aug23.tc.TC004_CSMCBasicDetails"/>
  <testcase name="basicDetails" time="187.763" classname="com.CSMC_Aug23.tc.TC004_CSMCBasicDetails"/>
  <testcase name="basicDetails" time="187.510" classname="com.CSMC_Aug23.tc.TC004_CSMCBasicDetails"/>
  <testcase name="basicDetails" time="160.049" classname="com.CSMC_Aug23.tc.TC004_CSMCBasicDetails"/>
  <testcase name="basicDetails" time="160.727" classname="com.CSMC_Aug23.tc.TC004_CSMCBasicDetails"/>
  <testcase name="basicDetails" time="160.492" classname="com.CSMC_Aug23.tc.TC004_CSMCBasicDetails"/>
  <testcase name="basicDetails" time="160.245" classname="com.CSMC_Aug23.tc.TC004_CSMCBasicDetails"/>
  <testcase name="basicDetails" time="160.668" classname="com.CSMC_Aug23.tc.TC004_CSMCBasicDetails"/>
  <testcase name="basicDetails" time="160.183" classname="com.CSMC_Aug23.tc.TC004_CSMCBasicDetails"/>
  <testcase name="basicDetails" time="160.417" classname="com.CSMC_Aug23.tc.TC004_CSMCBasicDetails"/>
  <testcase name="basicDetails" time="160.623" classname="com.CSMC_Aug23.tc.TC004_CSMCBasicDetails"/>
  <testcase name="basicDetails" time="160.329" classname="com.CSMC_Aug23.tc.TC004_CSMCBasicDetails"/>
  <testcase name="basicDetails" time="160.088" classname="com.CSMC_Aug23.tc.TC004_CSMCBasicDetails"/>
  <testcase name="basicDetails" time="160.042" classname="com.CSMC_Aug23.tc.TC004_CSMCBasicDetails"/>
  <testcase name="basicDetails" time="160.391" classname="com.CSMC_Aug23.tc.TC004_CSMCBasicDetails"/>
  <testcase name="basicDetails" time="160.449" classname="com.CSMC_Aug23.tc.TC004_CSMCBasicDetails"/>
  <testcase name="basicDetails" time="159.986" classname="com.CSMC_Aug23.tc.TC004_CSMCBasicDetails"/>
  <testcase name="basicDetails" time="187.723" classname="com.CSMC_Aug23.tc.TC004_CSMCBasicDetails"/>
  <testcase name="basicDetails" time="160.582" classname="com.CSMC_Aug23.tc.TC004_CSMCBasicDetails"/>
  <testcase name="basicDetails" time="187.474" classname="com.CSMC_Aug23.tc.TC004_CSMCBasicDetails"/>
  <testcase name="basicDetails" time="160.511" classname="com.CSMC_Aug23.tc.TC004_CSMCBasicDetails"/>
  <testcase name="basicDetails" time="187.566" classname="com.CSMC_Aug23.tc.TC004_CSMCBasicDetails"/>
  <testcase name="basicDetails" time="160.403" classname="com.CSMC_Aug23.tc.TC004_CSMCBasicDetails"/>
  <testcase name="basicDetails" time="160.617" classname="com.CSMC_Aug23.tc.TC004_CSMCBasicDetails"/>
  <testcase name="basicDetails" time="160.215" classname="com.CSMC_Aug23.tc.TC004_CSMCBasicDetails"/>
  <testcase name="basicDetails" time="160.012" classname="com.CSMC_Aug23.tc.TC004_CSMCBasicDetails"/>
  <testcase name="basicDetails" time="160.290" classname="com.CSMC_Aug23.tc.TC004_CSMCBasicDetails"/>
  <testcase name="basicDetails" time="160.006" classname="com.CSMC_Aug23.tc.TC004_CSMCBasicDetails"/>
  <testcase name="basicDetails" time="187.867" classname="com.CSMC_Aug23.tc.TC004_CSMCBasicDetails"/>
  <testcase name="basicDetails" time="187.575" classname="com.CSMC_Aug23.tc.TC004_CSMCBasicDetails"/>
  <testcase name="basicDetails" time="160.191" classname="com.CSMC_Aug23.tc.TC004_CSMCBasicDetails"/>
  <testcase name="basicDetails" time="187.979" classname="com.CSMC_Aug23.tc.TC004_CSMCBasicDetails"/>
  <testcase name="basicDetails" time="187.497" classname="com.CSMC_Aug23.tc.TC004_CSMCBasicDetails"/>
  <testcase name="basicDetails" time="160.720" classname="com.CSMC_Aug23.tc.TC004_CSMCBasicDetails"/>
  <testcase name="basicDetails" time="160.450" classname="com.CSMC_Aug23.tc.TC004_CSMCBasicDetails"/>
  <testcase name="basicDetails" time="160.629" classname="com.CSMC_Aug23.tc.TC004_CSMCBasicDetails"/>
  <testcase name="basicDetails" time="160.040" classname="com.CSMC_Aug23.tc.TC004_CSMCBasicDetails"/>
  <testcase name="basicDetails" time="187.950" classname="com.CSMC_Aug23.tc.TC004_CSMCBasicDetails"/>
  <testcase name="basicDetails" time="160.290" classname="com.CSMC_Aug23.tc.TC004_CSMCBasicDetails"/>
  <testcase name="basicDetails" time="161.928" classname="com.CSMC_Aug23.tc.TC004_CSMCBasicDetails"/>
  <testcase name="basicDetails" time="160.731" classname="com.CSMC_Aug23.tc.TC004_CSMCBasicDetails"/>
  <testcase name="basicDetails" time="160.112" classname="com.CSMC_Aug23.tc.TC004_CSMCBasicDetails"/>
  <testcase name="basicDetails" time="160.486" classname="com.CSMC_Aug23.tc.TC004_CSMCBasicDetails"/>
  <testcase name="basicDetails" time="160.155" classname="com.CSMC_Aug23.tc.TC004_CSMCBasicDetails"/>
  <testcase name="basicDetails" time="159.825" classname="com.CSMC_Aug23.tc.TC004_CSMCBasicDetails"/>
  <testcase name="basicDetails" time="187.985" classname="com.CSMC_Aug23.tc.TC004_CSMCBasicDetails"/>
  <testcase name="basicDetails" time="160.947" classname="com.CSMC_Aug23.tc.TC004_CSMCBasicDetails"/>
  <testcase name="basicDetails" time="160.259" classname="com.CSMC_Aug23.tc.TC004_CSMCBasicDetails"/>
  <testcase name="basicDetails" time="160.564" classname="com.CSMC_Aug23.tc.TC004_CSMCBasicDetails"/>
  <testcase name="basicDetails" time="160.786" classname="com.CSMC_Aug23.tc.TC004_CSMCBasicDetails"/>
  <testcase name="basicDetails" time="160.179" classname="com.CSMC_Aug23.tc.TC004_CSMCBasicDetails"/>
  <testcase name="basicDetails" time="160.624" classname="com.CSMC_Aug23.tc.TC004_CSMCBasicDetails"/>
  <testcase name="basicDetails" time="160.540" classname="com.CSMC_Aug23.tc.TC004_CSMCBasicDetails"/>
  <testcase name="basicDetails" time="159.907" classname="com.CSMC_Aug23.tc.TC004_CSMCBasicDetails"/>
  <testcase name="basicDetails" time="160.201" classname="com.CSMC_Aug23.tc.TC004_CSMCBasicDetails"/>
  <testcase name="basicDetails" time="160.233" classname="com.CSMC_Aug23.tc.TC004_CSMCBasicDetails"/>
  <testcase name="basicDetails" time="187.626" classname="com.CSMC_Aug23.tc.TC004_CSMCBasicDetails"/>
  <testcase name="basicDetails" time="160.302" classname="com.CSMC_Aug23.tc.TC004_CSMCBasicDetails"/>
  <testcase name="basicDetails" time="160.170" classname="com.CSMC_Aug23.tc.TC004_CSMCBasicDetails"/>
  <testcase name="basicDetails" time="187.673" classname="com.CSMC_Aug23.tc.TC004_CSMCBasicDetails"/>
  <testcase name="basicDetails" time="160.404" classname="com.CSMC_Aug23.tc.TC004_CSMCBasicDetails"/>
  <testcase name="basicDetails" time="160.597" classname="com.CSMC_Aug23.tc.TC004_CSMCBasicDetails"/>
  <testcase name="basicDetails" time="187.830" classname="com.CSMC_Aug23.tc.TC004_CSMCBasicDetails"/>
  <testcase name="basicDetails" time="160.179" classname="com.CSMC_Aug23.tc.TC004_CSMCBasicDetails"/>
  <testcase name="basicDetails" time="159.998" classname="com.CSMC_Aug23.tc.TC004_CSMCBasicDetails"/>
  <testcase name="basicDetails" time="160.400" classname="com.CSMC_Aug23.tc.TC004_CSMCBasicDetails"/>
  <testcase name="basicDetails" time="160.416" classname="com.CSMC_Aug23.tc.TC004_CSMCBasicDetails"/>
  <testcase name="basicDetails" time="160.336" classname="com.CSMC_Aug23.tc.TC004_CSMCBasicDetails"/>
  <testcase name="basicDetails" time="160.241" classname="com.CSMC_Aug23.tc.TC004_CSMCBasicDetails"/>
  <testcase name="basicDetails" time="159.944" classname="com.CSMC_Aug23.tc.TC004_CSMCBasicDetails"/>
  <testcase name="basicDetails" time="187.442" classname="com.CSMC_Aug23.tc.TC004_CSMCBasicDetails"/>
  <testcase name="basicDetails" time="160.254" classname="com.CSMC_Aug23.tc.TC004_CSMCBasicDetails"/>
  <testcase name="basicDetails" time="160.441" classname="com.CSMC_Aug23.tc.TC004_CSMCBasicDetails"/>
  <testcase name="basicDetails" time="160.439" classname="com.CSMC_Aug23.tc.TC004_CSMCBasicDetails"/>
  <testcase name="basicDetails" time="187.587" classname="com.CSMC_Aug23.tc.TC004_CSMCBasicDetails"/>
  <testcase name="basicDetails" time="160.542" classname="com.CSMC_Aug23.tc.TC004_CSMCBasicDetails"/>
  <testcase name="basicDetails" time="160.494" classname="com.CSMC_Aug23.tc.TC004_CSMCBasicDetails"/>
  <testcase name="basicDetails" time="187.835" classname="com.CSMC_Aug23.tc.TC004_CSMCBasicDetails"/>
  <testcase name="basicDetails" time="160.473" classname="com.CSMC_Aug23.tc.TC004_CSMCBasicDetails"/>
  <testcase name="basicDetails" time="160.650" classname="com.CSMC_Aug23.tc.TC004_CSMCBasicDetails"/>
  <testcase name="basicDetails" time="160.568" classname="com.CSMC_Aug23.tc.TC004_CSMCBasicDetails"/>
  <testcase name="basicDetails" time="160.341" classname="com.CSMC_Aug23.tc.TC004_CSMCBasicDetails"/>
  <testcase name="basicDetails" time="160.456" classname="com.CSMC_Aug23.tc.TC004_CSMCBasicDetails"/>
  <testcase name="basicDetails" time="160.573" classname="com.CSMC_Aug23.tc.TC004_CSMCBasicDetails"/>
  <testcase name="basicDetails" time="160.673" classname="com.CSMC_Aug23.tc.TC004_CSMCBasicDetails"/>
  <testcase name="basicDetails" time="160.584" classname="com.CSMC_Aug23.tc.TC004_CSMCBasicDetails"/>
  <testcase name="basicDetails" time="160.230" classname="com.CSMC_Aug23.tc.TC004_CSMCBasicDetails"/>
  <testcase name="basicDetails" time="163.635" classname="com.CSMC_Aug23.tc.TC004_CSMCBasicDetails"/>
  <testcase name="basicDetails" time="187.258" classname="com.CSMC_Aug23.tc.TC004_CSMCBasicDetails"/>
  <testcase name="basicDetails" time="160.355" classname="com.CSMC_Aug23.tc.TC004_CSMCBasicDetails"/>
  <testcase name="basicDetails" time="159.160" classname="com.CSMC_Aug23.tc.TC004_CSMCBasicDetails"/>
  <testcase name="basicDetails" time="160.346" classname="com.CSMC_Aug23.tc.TC004_CSMCBasicDetails"/>
  <testcase name="basicDetails" time="187.878" classname="com.CSMC_Aug23.tc.TC004_CSMCBasicDetails"/>
  <testcase name="basicDetails" time="187.765" classname="com.CSMC_Aug23.tc.TC004_CSMCBasicDetails"/>
  <testcase name="basicDetails" time="160.786" classname="com.CSMC_Aug23.tc.TC004_CSMCBasicDetails"/>
  <testcase name="basicDetails" time="165.234" classname="com.CSMC_Aug23.tc.TC004_CSMCBasicDetails"/>
  <testcase name="basicDetails" time="160.260" classname="com.CSMC_Aug23.tc.TC004_CSMCBasicDetails"/>
  <testcase name="basicDetails" time="160.364" classname="com.CSMC_Aug23.tc.TC004_CSMCBasicDetails"/>
  <testcase name="basicDetails" time="160.109" classname="com.CSMC_Aug23.tc.TC004_CSMCBasicDetails"/>
  <testcase name="basicDetails" time="187.826" classname="com.CSMC_Aug23.tc.TC004_CSMCBasicDetails"/>
  <testcase name="basicDetails" time="160.303" classname="com.CSMC_Aug23.tc.TC004_CSMCBasicDetails"/>
  <testcase name="basicDetails" time="160.424" classname="com.CSMC_Aug23.tc.TC004_CSMCBasicDetails"/>
  <testcase name="basicDetails" time="160.856" classname="com.CSMC_Aug23.tc.TC004_CSMCBasicDetails"/>
  <testcase name="basicDetails" time="160.022" classname="com.CSMC_Aug23.tc.TC004_CSMCBasicDetails"/>
  <testcase name="basicDetails" time="160.266" classname="com.CSMC_Aug23.tc.TC004_CSMCBasicDetails"/>
  <testcase name="basicDetails" time="160.442" classname="com.CSMC_Aug23.tc.TC004_CSMCBasicDetails"/>
</testsuite> <!-- com.CSMC_Aug23.tc.TC004_CSMCBasicDetails -->
