<?xml version="1.0" encoding="UTF-8"?>
<!-- Generated by org.testng.reporters.JUnitReportReporter -->
<testsuite skipped="0" hostname="MAA014482B" name="com.IGM_Kolkata_May23.tc.TC004_IGMBasicDetails" tests="4" failures="0" timestamp="2023-06-07T15:27:25 IST" time="653.978" errors="0">
  <testcase name="basicDetails" time="167.817" classname="com.IGM_Kolkata_May23.tc.TC004_IGMBasicDetails"/>
  <testcase name="basicDetails" time="161.882" classname="com.IGM_Kolkata_May23.tc.TC004_IGMBasicDetails"/>
  <testcase name="basicDetails" time="161.956" classname="com.IGM_Kolkata_May23.tc.TC004_IGMBasicDetails"/>
  <testcase name="basicDetails" time="162.323" classname="com.IGM_Kolkata_May23.tc.TC004_IGMBasicDetails"/>
</testsuite> <!-- com.IGM_Kolkata_May23.tc.TC004_IGMBasicDetails -->
