<?xml version="1.0" encoding="UTF-8"?>
<!-- Generated by org.testng.reporters.JUnitReportReporter -->
<testsuite skipped="0" hostname="MAA014482B" name="com.BMC_April23.tc.TC001_BMCBasicDetails" tests="180" failures="0" timestamp="2023-05-05T23:31:22 IST" time="27835.768" errors="0">
  <testcase name="basicDetails" time="154.680" classname="com.BMC_April23.tc.TC001_BMCBasicDetails"/>
  <testcase name="basicDetails" time="155.073" classname="com.BMC_April23.tc.TC001_BMCBasicDetails"/>
  <testcase name="basicDetails" time="154.172" classname="com.BMC_April23.tc.TC001_BMCBasicDetails"/>
  <testcase name="basicDetails" time="154.574" classname="com.BMC_April23.tc.TC001_BMCBasicDetails"/>
  <testcase name="basicDetails" time="154.291" classname="com.BMC_April23.tc.TC001_BMCBasicDetails"/>
  <testcase name="basicDetails" time="153.959" classname="com.BMC_April23.tc.TC001_BMCBasicDetails"/>
  <testcase name="basicDetails" time="154.476" classname="com.BMC_April23.tc.TC001_BMCBasicDetails"/>
  <testcase name="basicDetails" time="154.185" classname="com.BMC_April23.tc.TC001_BMCBasicDetails"/>
  <testcase name="basicDetails" time="154.843" classname="com.BMC_April23.tc.TC001_BMCBasicDetails"/>
  <testcase name="basicDetails" time="154.781" classname="com.BMC_April23.tc.TC001_BMCBasicDetails"/>
  <testcase name="basicDetails" time="154.497" classname="com.BMC_April23.tc.TC001_BMCBasicDetails"/>
  <testcase name="basicDetails" time="154.321" classname="com.BMC_April23.tc.TC001_BMCBasicDetails"/>
  <testcase name="basicDetails" time="154.215" classname="com.BMC_April23.tc.TC001_BMCBasicDetails"/>
  <testcase name="basicDetails" time="154.599" classname="com.BMC_April23.tc.TC001_BMCBasicDetails"/>
  <testcase name="basicDetails" time="155.584" classname="com.BMC_April23.tc.TC001_BMCBasicDetails"/>
  <testcase name="basicDetails" time="155.227" classname="com.BMC_April23.tc.TC001_BMCBasicDetails"/>
  <testcase name="basicDetails" time="154.388" classname="com.BMC_April23.tc.TC001_BMCBasicDetails"/>
  <testcase name="basicDetails" time="154.759" classname="com.BMC_April23.tc.TC001_BMCBasicDetails"/>
  <testcase name="basicDetails" time="154.465" classname="com.BMC_April23.tc.TC001_BMCBasicDetails"/>
  <testcase name="basicDetails" time="154.663" classname="com.BMC_April23.tc.TC001_BMCBasicDetails"/>
  <testcase name="basicDetails" time="153.981" classname="com.BMC_April23.tc.TC001_BMCBasicDetails"/>
  <testcase name="basicDetails" time="154.683" classname="com.BMC_April23.tc.TC001_BMCBasicDetails"/>
  <testcase name="basicDetails" time="154.616" classname="com.BMC_April23.tc.TC001_BMCBasicDetails"/>
  <testcase name="basicDetails" time="154.527" classname="com.BMC_April23.tc.TC001_BMCBasicDetails"/>
  <testcase name="basicDetails" time="154.825" classname="com.BMC_April23.tc.TC001_BMCBasicDetails"/>
  <testcase name="basicDetails" time="154.960" classname="com.BMC_April23.tc.TC001_BMCBasicDetails"/>
  <testcase name="basicDetails" time="154.643" classname="com.BMC_April23.tc.TC001_BMCBasicDetails"/>
  <testcase name="basicDetails" time="154.874" classname="com.BMC_April23.tc.TC001_BMCBasicDetails"/>
  <testcase name="basicDetails" time="154.626" classname="com.BMC_April23.tc.TC001_BMCBasicDetails"/>
  <testcase name="basicDetails" time="154.785" classname="com.BMC_April23.tc.TC001_BMCBasicDetails"/>
  <testcase name="basicDetails" time="153.762" classname="com.BMC_April23.tc.TC001_BMCBasicDetails"/>
  <testcase name="basicDetails" time="154.802" classname="com.BMC_April23.tc.TC001_BMCBasicDetails"/>
  <testcase name="basicDetails" time="158.510" classname="com.BMC_April23.tc.TC001_BMCBasicDetails"/>
  <testcase name="basicDetails" time="155.092" classname="com.BMC_April23.tc.TC001_BMCBasicDetails"/>
  <testcase name="basicDetails" time="154.336" classname="com.BMC_April23.tc.TC001_BMCBasicDetails"/>
  <testcase name="basicDetails" time="154.656" classname="com.BMC_April23.tc.TC001_BMCBasicDetails"/>
  <testcase name="basicDetails" time="154.956" classname="com.BMC_April23.tc.TC001_BMCBasicDetails"/>
  <testcase name="basicDetails" time="153.887" classname="com.BMC_April23.tc.TC001_BMCBasicDetails"/>
  <testcase name="basicDetails" time="154.278" classname="com.BMC_April23.tc.TC001_BMCBasicDetails"/>
  <testcase name="basicDetails" time="154.695" classname="com.BMC_April23.tc.TC001_BMCBasicDetails"/>
  <testcase name="basicDetails" time="154.608" classname="com.BMC_April23.tc.TC001_BMCBasicDetails"/>
  <testcase name="basicDetails" time="155.184" classname="com.BMC_April23.tc.TC001_BMCBasicDetails"/>
  <testcase name="basicDetails" time="154.720" classname="com.BMC_April23.tc.TC001_BMCBasicDetails"/>
  <testcase name="basicDetails" time="154.472" classname="com.BMC_April23.tc.TC001_BMCBasicDetails"/>
  <testcase name="basicDetails" time="154.624" classname="com.BMC_April23.tc.TC001_BMCBasicDetails"/>
  <testcase name="basicDetails" time="153.633" classname="com.BMC_April23.tc.TC001_BMCBasicDetails"/>
  <testcase name="basicDetails" time="154.827" classname="com.BMC_April23.tc.TC001_BMCBasicDetails"/>
  <testcase name="basicDetails" time="154.089" classname="com.BMC_April23.tc.TC001_BMCBasicDetails"/>
  <testcase name="basicDetails" time="154.552" classname="com.BMC_April23.tc.TC001_BMCBasicDetails"/>
  <testcase name="basicDetails" time="154.400" classname="com.BMC_April23.tc.TC001_BMCBasicDetails"/>
  <testcase name="basicDetails" time="154.412" classname="com.BMC_April23.tc.TC001_BMCBasicDetails"/>
  <testcase name="basicDetails" time="155.597" classname="com.BMC_April23.tc.TC001_BMCBasicDetails"/>
  <testcase name="basicDetails" time="154.899" classname="com.BMC_April23.tc.TC001_BMCBasicDetails"/>
  <testcase name="basicDetails" time="154.597" classname="com.BMC_April23.tc.TC001_BMCBasicDetails"/>
  <testcase name="basicDetails" time="153.988" classname="com.BMC_April23.tc.TC001_BMCBasicDetails"/>
  <testcase name="basicDetails" time="154.884" classname="com.BMC_April23.tc.TC001_BMCBasicDetails"/>
  <testcase name="basicDetails" time="154.538" classname="com.BMC_April23.tc.TC001_BMCBasicDetails"/>
  <testcase name="basicDetails" time="154.740" classname="com.BMC_April23.tc.TC001_BMCBasicDetails"/>
  <testcase name="basicDetails" time="154.492" classname="com.BMC_April23.tc.TC001_BMCBasicDetails"/>
  <testcase name="basicDetails" time="154.531" classname="com.BMC_April23.tc.TC001_BMCBasicDetails"/>
  <testcase name="basicDetails" time="154.417" classname="com.BMC_April23.tc.TC001_BMCBasicDetails"/>
  <testcase name="basicDetails" time="154.806" classname="com.BMC_April23.tc.TC001_BMCBasicDetails"/>
  <testcase name="basicDetails" time="153.738" classname="com.BMC_April23.tc.TC001_BMCBasicDetails"/>
  <testcase name="basicDetails" time="155.020" classname="com.BMC_April23.tc.TC001_BMCBasicDetails"/>
  <testcase name="basicDetails" time="154.845" classname="com.BMC_April23.tc.TC001_BMCBasicDetails"/>
  <testcase name="basicDetails" time="153.986" classname="com.BMC_April23.tc.TC001_BMCBasicDetails"/>
  <testcase name="basicDetails" time="154.896" classname="com.BMC_April23.tc.TC001_BMCBasicDetails"/>
  <testcase name="basicDetails" time="155.166" classname="com.BMC_April23.tc.TC001_BMCBasicDetails"/>
  <testcase name="basicDetails" time="154.996" classname="com.BMC_April23.tc.TC001_BMCBasicDetails"/>
  <testcase name="basicDetails" time="155.204" classname="com.BMC_April23.tc.TC001_BMCBasicDetails"/>
  <testcase name="basicDetails" time="155.321" classname="com.BMC_April23.tc.TC001_BMCBasicDetails"/>
  <testcase name="basicDetails" time="153.878" classname="com.BMC_April23.tc.TC001_BMCBasicDetails"/>
  <testcase name="basicDetails" time="154.562" classname="com.BMC_April23.tc.TC001_BMCBasicDetails"/>
  <testcase name="basicDetails" time="154.136" classname="com.BMC_April23.tc.TC001_BMCBasicDetails"/>
  <testcase name="basicDetails" time="153.994" classname="com.BMC_April23.tc.TC001_BMCBasicDetails"/>
  <testcase name="basicDetails" time="154.776" classname="com.BMC_April23.tc.TC001_BMCBasicDetails"/>
  <testcase name="basicDetails" time="154.124" classname="com.BMC_April23.tc.TC001_BMCBasicDetails"/>
  <testcase name="basicDetails" time="155.141" classname="com.BMC_April23.tc.TC001_BMCBasicDetails"/>
  <testcase name="basicDetails" time="154.625" classname="com.BMC_April23.tc.TC001_BMCBasicDetails"/>
  <testcase name="basicDetails" time="154.459" classname="com.BMC_April23.tc.TC001_BMCBasicDetails"/>
  <testcase name="basicDetails" time="154.770" classname="com.BMC_April23.tc.TC001_BMCBasicDetails"/>
  <testcase name="basicDetails" time="154.013" classname="com.BMC_April23.tc.TC001_BMCBasicDetails"/>
  <testcase name="basicDetails" time="154.212" classname="com.BMC_April23.tc.TC001_BMCBasicDetails"/>
  <testcase name="basicDetails" time="154.252" classname="com.BMC_April23.tc.TC001_BMCBasicDetails"/>
  <testcase name="basicDetails" time="153.787" classname="com.BMC_April23.tc.TC001_BMCBasicDetails"/>
  <testcase name="basicDetails" time="154.579" classname="com.BMC_April23.tc.TC001_BMCBasicDetails"/>
  <testcase name="basicDetails" time="154.368" classname="com.BMC_April23.tc.TC001_BMCBasicDetails"/>
  <testcase name="basicDetails" time="154.401" classname="com.BMC_April23.tc.TC001_BMCBasicDetails"/>
  <testcase name="basicDetails" time="154.534" classname="com.BMC_April23.tc.TC001_BMCBasicDetails"/>
  <testcase name="basicDetails" time="153.938" classname="com.BMC_April23.tc.TC001_BMCBasicDetails"/>
  <testcase name="basicDetails" time="154.118" classname="com.BMC_April23.tc.TC001_BMCBasicDetails"/>
  <testcase name="basicDetails" time="155.304" classname="com.BMC_April23.tc.TC001_BMCBasicDetails"/>
  <testcase name="basicDetails" time="154.643" classname="com.BMC_April23.tc.TC001_BMCBasicDetails"/>
  <testcase name="basicDetails" time="155.226" classname="com.BMC_April23.tc.TC001_BMCBasicDetails"/>
  <testcase name="basicDetails" time="154.444" classname="com.BMC_April23.tc.TC001_BMCBasicDetails"/>
  <testcase name="basicDetails" time="155.005" classname="com.BMC_April23.tc.TC001_BMCBasicDetails"/>
  <testcase name="basicDetails" time="154.292" classname="com.BMC_April23.tc.TC001_BMCBasicDetails"/>
  <testcase name="basicDetails" time="154.672" classname="com.BMC_April23.tc.TC001_BMCBasicDetails"/>
  <testcase name="basicDetails" time="154.787" classname="com.BMC_April23.tc.TC001_BMCBasicDetails"/>
  <testcase name="basicDetails" time="154.846" classname="com.BMC_April23.tc.TC001_BMCBasicDetails"/>
  <testcase name="basicDetails" time="154.209" classname="com.BMC_April23.tc.TC001_BMCBasicDetails"/>
  <testcase name="basicDetails" time="154.498" classname="com.BMC_April23.tc.TC001_BMCBasicDetails"/>
  <testcase name="basicDetails" time="154.769" classname="com.BMC_April23.tc.TC001_BMCBasicDetails"/>
  <testcase name="basicDetails" time="154.449" classname="com.BMC_April23.tc.TC001_BMCBasicDetails"/>
  <testcase name="basicDetails" time="154.110" classname="com.BMC_April23.tc.TC001_BMCBasicDetails"/>
  <testcase name="basicDetails" time="154.956" classname="com.BMC_April23.tc.TC001_BMCBasicDetails"/>
  <testcase name="basicDetails" time="154.660" classname="com.BMC_April23.tc.TC001_BMCBasicDetails"/>
  <testcase name="basicDetails" time="154.715" classname="com.BMC_April23.tc.TC001_BMCBasicDetails"/>
  <testcase name="basicDetails" time="154.255" classname="com.BMC_April23.tc.TC001_BMCBasicDetails"/>
  <testcase name="basicDetails" time="154.595" classname="com.BMC_April23.tc.TC001_BMCBasicDetails"/>
  <testcase name="basicDetails" time="155.166" classname="com.BMC_April23.tc.TC001_BMCBasicDetails"/>
  <testcase name="basicDetails" time="154.598" classname="com.BMC_April23.tc.TC001_BMCBasicDetails"/>
  <testcase name="basicDetails" time="154.564" classname="com.BMC_April23.tc.TC001_BMCBasicDetails"/>
  <testcase name="basicDetails" time="154.724" classname="com.BMC_April23.tc.TC001_BMCBasicDetails"/>
  <testcase name="basicDetails" time="154.615" classname="com.BMC_April23.tc.TC001_BMCBasicDetails"/>
  <testcase name="basicDetails" time="154.066" classname="com.BMC_April23.tc.TC001_BMCBasicDetails"/>
  <testcase name="basicDetails" time="154.353" classname="com.BMC_April23.tc.TC001_BMCBasicDetails"/>
  <testcase name="basicDetails" time="154.962" classname="com.BMC_April23.tc.TC001_BMCBasicDetails"/>
  <testcase name="basicDetails" time="154.307" classname="com.BMC_April23.tc.TC001_BMCBasicDetails"/>
  <testcase name="basicDetails" time="154.675" classname="com.BMC_April23.tc.TC001_BMCBasicDetails"/>
  <testcase name="basicDetails" time="154.490" classname="com.BMC_April23.tc.TC001_BMCBasicDetails"/>
  <testcase name="basicDetails" time="154.657" classname="com.BMC_April23.tc.TC001_BMCBasicDetails"/>
  <testcase name="basicDetails" time="155.201" classname="com.BMC_April23.tc.TC001_BMCBasicDetails"/>
  <testcase name="basicDetails" time="154.863" classname="com.BMC_April23.tc.TC001_BMCBasicDetails"/>
  <testcase name="basicDetails" time="154.659" classname="com.BMC_April23.tc.TC001_BMCBasicDetails"/>
  <testcase name="basicDetails" time="154.731" classname="com.BMC_April23.tc.TC001_BMCBasicDetails"/>
  <testcase name="basicDetails" time="155.399" classname="com.BMC_April23.tc.TC001_BMCBasicDetails"/>
  <testcase name="basicDetails" time="154.722" classname="com.BMC_April23.tc.TC001_BMCBasicDetails"/>
  <testcase name="basicDetails" time="154.778" classname="com.BMC_April23.tc.TC001_BMCBasicDetails"/>
  <testcase name="basicDetails" time="154.745" classname="com.BMC_April23.tc.TC001_BMCBasicDetails"/>
  <testcase name="basicDetails" time="154.193" classname="com.BMC_April23.tc.TC001_BMCBasicDetails"/>
  <testcase name="basicDetails" time="154.647" classname="com.BMC_April23.tc.TC001_BMCBasicDetails"/>
  <testcase name="basicDetails" time="154.726" classname="com.BMC_April23.tc.TC001_BMCBasicDetails"/>
  <testcase name="basicDetails" time="155.691" classname="com.BMC_April23.tc.TC001_BMCBasicDetails"/>
  <testcase name="basicDetails" time="154.385" classname="com.BMC_April23.tc.TC001_BMCBasicDetails"/>
  <testcase name="basicDetails" time="154.864" classname="com.BMC_April23.tc.TC001_BMCBasicDetails"/>
  <testcase name="basicDetails" time="154.813" classname="com.BMC_April23.tc.TC001_BMCBasicDetails"/>
  <testcase name="basicDetails" time="154.440" classname="com.BMC_April23.tc.TC001_BMCBasicDetails"/>
  <testcase name="basicDetails" time="154.688" classname="com.BMC_April23.tc.TC001_BMCBasicDetails"/>
  <testcase name="basicDetails" time="154.636" classname="com.BMC_April23.tc.TC001_BMCBasicDetails"/>
  <testcase name="basicDetails" time="154.647" classname="com.BMC_April23.tc.TC001_BMCBasicDetails"/>
  <testcase name="basicDetails" time="154.613" classname="com.BMC_April23.tc.TC001_BMCBasicDetails"/>
  <testcase name="basicDetails" time="154.146" classname="com.BMC_April23.tc.TC001_BMCBasicDetails"/>
  <testcase name="basicDetails" time="154.738" classname="com.BMC_April23.tc.TC001_BMCBasicDetails"/>
  <testcase name="basicDetails" time="154.210" classname="com.BMC_April23.tc.TC001_BMCBasicDetails"/>
  <testcase name="basicDetails" time="154.515" classname="com.BMC_April23.tc.TC001_BMCBasicDetails"/>
  <testcase name="basicDetails" time="154.636" classname="com.BMC_April23.tc.TC001_BMCBasicDetails"/>
  <testcase name="basicDetails" time="154.806" classname="com.BMC_April23.tc.TC001_BMCBasicDetails"/>
  <testcase name="basicDetails" time="155.368" classname="com.BMC_April23.tc.TC001_BMCBasicDetails"/>
  <testcase name="basicDetails" time="154.307" classname="com.BMC_April23.tc.TC001_BMCBasicDetails"/>
  <testcase name="basicDetails" time="154.687" classname="com.BMC_April23.tc.TC001_BMCBasicDetails"/>
  <testcase name="basicDetails" time="154.574" classname="com.BMC_April23.tc.TC001_BMCBasicDetails"/>
  <testcase name="basicDetails" time="154.485" classname="com.BMC_April23.tc.TC001_BMCBasicDetails"/>
  <testcase name="basicDetails" time="154.598" classname="com.BMC_April23.tc.TC001_BMCBasicDetails"/>
  <testcase name="basicDetails" time="154.803" classname="com.BMC_April23.tc.TC001_BMCBasicDetails"/>
  <testcase name="basicDetails" time="154.088" classname="com.BMC_April23.tc.TC001_BMCBasicDetails"/>
  <testcase name="basicDetails" time="154.857" classname="com.BMC_April23.tc.TC001_BMCBasicDetails"/>
  <testcase name="basicDetails" time="154.718" classname="com.BMC_April23.tc.TC001_BMCBasicDetails"/>
  <testcase name="basicDetails" time="154.556" classname="com.BMC_April23.tc.TC001_BMCBasicDetails"/>
  <testcase name="basicDetails" time="154.606" classname="com.BMC_April23.tc.TC001_BMCBasicDetails"/>
  <testcase name="basicDetails" time="155.258" classname="com.BMC_April23.tc.TC001_BMCBasicDetails"/>
  <testcase name="basicDetails" time="154.819" classname="com.BMC_April23.tc.TC001_BMCBasicDetails"/>
  <testcase name="basicDetails" time="154.599" classname="com.BMC_April23.tc.TC001_BMCBasicDetails"/>
  <testcase name="basicDetails" time="154.234" classname="com.BMC_April23.tc.TC001_BMCBasicDetails"/>
  <testcase name="basicDetails" time="154.436" classname="com.BMC_April23.tc.TC001_BMCBasicDetails"/>
  <testcase name="basicDetails" time="154.402" classname="com.BMC_April23.tc.TC001_BMCBasicDetails"/>
  <testcase name="basicDetails" time="154.802" classname="com.BMC_April23.tc.TC001_BMCBasicDetails"/>
  <testcase name="basicDetails" time="154.961" classname="com.BMC_April23.tc.TC001_BMCBasicDetails"/>
  <testcase name="basicDetails" time="154.792" classname="com.BMC_April23.tc.TC001_BMCBasicDetails"/>
  <testcase name="basicDetails" time="154.513" classname="com.BMC_April23.tc.TC001_BMCBasicDetails"/>
  <testcase name="basicDetails" time="154.529" classname="com.BMC_April23.tc.TC001_BMCBasicDetails"/>
  <testcase name="basicDetails" time="156.401" classname="com.BMC_April23.tc.TC001_BMCBasicDetails"/>
  <testcase name="basicDetails" time="154.490" classname="com.BMC_April23.tc.TC001_BMCBasicDetails"/>
  <testcase name="basicDetails" time="154.544" classname="com.BMC_April23.tc.TC001_BMCBasicDetails"/>
  <testcase name="basicDetails" time="154.371" classname="com.BMC_April23.tc.TC001_BMCBasicDetails"/>
  <testcase name="basicDetails" time="154.808" classname="com.BMC_April23.tc.TC001_BMCBasicDetails"/>
  <testcase name="basicDetails" time="154.589" classname="com.BMC_April23.tc.TC001_BMCBasicDetails"/>
  <testcase name="basicDetails" time="155.334" classname="com.BMC_April23.tc.TC001_BMCBasicDetails"/>
  <testcase name="basicDetails" time="155.119" classname="com.BMC_April23.tc.TC001_BMCBasicDetails"/>
  <testcase name="basicDetails" time="154.923" classname="com.BMC_April23.tc.TC001_BMCBasicDetails"/>
</testsuite> <!-- com.BMC_April23.tc.TC001_BMCBasicDetails -->
