<?xml version="1.0" encoding="UTF-8"?>
<!-- Generated by org.testng.reporters.JUnitReportReporter -->
<testsuite skipped="0" hostname="MAA014482B" name="com.NIA_July23.tc.TC003_NIABasicDetails" tests="54" failures="0" timestamp="2023-07-19T02:52:55 IST" time="9046.037" errors="0">
  <testcase name="basicDetails" time="158.454" classname="com.NIA_July23.tc.TC003_NIABasicDetails"/>
  <testcase name="basicDetails" time="163.766" classname="com.NIA_July23.tc.TC003_NIABasicDetails"/>
  <testcase name="basicDetails" time="185.464" classname="com.NIA_July23.tc.TC003_NIABasicDetails"/>
  <testcase name="basicDetails" time="186.301" classname="com.NIA_July23.tc.TC003_NIABasicDetails"/>
  <testcase name="basicDetails" time="159.568" classname="com.NIA_July23.tc.TC003_NIABasicDetails"/>
  <testcase name="basicDetails" time="157.756" classname="com.NIA_July23.tc.TC003_NIABasicDetails"/>
  <testcase name="basicDetails" time="156.919" classname="com.NIA_July23.tc.TC003_NIABasicDetails"/>
  <testcase name="basicDetails" time="186.576" classname="com.NIA_July23.tc.TC003_NIABasicDetails"/>
  <testcase name="basicDetails" time="159.420" classname="com.NIA_July23.tc.TC003_NIABasicDetails"/>
  <testcase name="basicDetails" time="158.099" classname="com.NIA_July23.tc.TC003_NIABasicDetails"/>
  <testcase name="basicDetails" time="159.134" classname="com.NIA_July23.tc.TC003_NIABasicDetails"/>
  <testcase name="basicDetails" time="158.783" classname="com.NIA_July23.tc.TC003_NIABasicDetails"/>
  <testcase name="basicDetails" time="159.523" classname="com.NIA_July23.tc.TC003_NIABasicDetails"/>
  <testcase name="basicDetails" time="185.765" classname="com.NIA_July23.tc.TC003_NIABasicDetails"/>
  <testcase name="basicDetails" time="185.350" classname="com.NIA_July23.tc.TC003_NIABasicDetails"/>
  <testcase name="basicDetails" time="158.005" classname="com.NIA_July23.tc.TC003_NIABasicDetails"/>
  <testcase name="basicDetails" time="158.156" classname="com.NIA_July23.tc.TC003_NIABasicDetails"/>
  <testcase name="basicDetails" time="159.874" classname="com.NIA_July23.tc.TC003_NIABasicDetails"/>
  <testcase name="basicDetails" time="158.471" classname="com.NIA_July23.tc.TC003_NIABasicDetails"/>
  <testcase name="basicDetails" time="185.308" classname="com.NIA_July23.tc.TC003_NIABasicDetails"/>
  <testcase name="basicDetails" time="186.375" classname="com.NIA_July23.tc.TC003_NIABasicDetails"/>
  <testcase name="basicDetails" time="159.308" classname="com.NIA_July23.tc.TC003_NIABasicDetails"/>
  <testcase name="basicDetails" time="158.794" classname="com.NIA_July23.tc.TC003_NIABasicDetails"/>
  <testcase name="basicDetails" time="185.693" classname="com.NIA_July23.tc.TC003_NIABasicDetails"/>
  <testcase name="basicDetails" time="159.432" classname="com.NIA_July23.tc.TC003_NIABasicDetails"/>
  <testcase name="basicDetails" time="157.826" classname="com.NIA_July23.tc.TC003_NIABasicDetails"/>
  <testcase name="basicDetails" time="156.542" classname="com.NIA_July23.tc.TC003_NIABasicDetails"/>
  <testcase name="basicDetails" time="185.606" classname="com.NIA_July23.tc.TC003_NIABasicDetails"/>
  <testcase name="basicDetails" time="158.386" classname="com.NIA_July23.tc.TC003_NIABasicDetails"/>
  <testcase name="basicDetails" time="158.500" classname="com.NIA_July23.tc.TC003_NIABasicDetails"/>
  <testcase name="basicDetails" time="158.404" classname="com.NIA_July23.tc.TC003_NIABasicDetails"/>
  <testcase name="basicDetails" time="186.572" classname="com.NIA_July23.tc.TC003_NIABasicDetails"/>
  <testcase name="basicDetails" time="185.612" classname="com.NIA_July23.tc.TC003_NIABasicDetails"/>
  <testcase name="basicDetails" time="157.988" classname="com.NIA_July23.tc.TC003_NIABasicDetails"/>
  <testcase name="basicDetails" time="157.662" classname="com.NIA_July23.tc.TC003_NIABasicDetails"/>
  <testcase name="basicDetails" time="157.808" classname="com.NIA_July23.tc.TC003_NIABasicDetails"/>
  <testcase name="basicDetails" time="185.077" classname="com.NIA_July23.tc.TC003_NIABasicDetails"/>
  <testcase name="basicDetails" time="157.726" classname="com.NIA_July23.tc.TC003_NIABasicDetails"/>
  <testcase name="basicDetails" time="156.676" classname="com.NIA_July23.tc.TC003_NIABasicDetails"/>
  <testcase name="basicDetails" time="186.283" classname="com.NIA_July23.tc.TC003_NIABasicDetails"/>
  <testcase name="basicDetails" time="185.181" classname="com.NIA_July23.tc.TC003_NIABasicDetails"/>
  <testcase name="basicDetails" time="185.502" classname="com.NIA_July23.tc.TC003_NIABasicDetails"/>
  <testcase name="basicDetails" time="158.988" classname="com.NIA_July23.tc.TC003_NIABasicDetails"/>
  <testcase name="basicDetails" time="158.793" classname="com.NIA_July23.tc.TC003_NIABasicDetails"/>
  <testcase name="basicDetails" time="158.120" classname="com.NIA_July23.tc.TC003_NIABasicDetails"/>
  <testcase name="basicDetails" time="158.904" classname="com.NIA_July23.tc.TC003_NIABasicDetails"/>
  <testcase name="basicDetails" time="158.119" classname="com.NIA_July23.tc.TC003_NIABasicDetails"/>
  <testcase name="basicDetails" time="156.812" classname="com.NIA_July23.tc.TC003_NIABasicDetails"/>
  <testcase name="basicDetails" time="186.632" classname="com.NIA_July23.tc.TC003_NIABasicDetails"/>
  <testcase name="basicDetails" time="157.878" classname="com.NIA_July23.tc.TC003_NIABasicDetails"/>
  <testcase name="basicDetails" time="185.197" classname="com.NIA_July23.tc.TC003_NIABasicDetails"/>
  <testcase name="basicDetails" time="157.195" classname="com.NIA_July23.tc.TC003_NIABasicDetails"/>
  <testcase name="basicDetails" time="185.301" classname="com.NIA_July23.tc.TC003_NIABasicDetails"/>
  <testcase name="basicDetails" time="156.453" classname="com.NIA_July23.tc.TC003_NIABasicDetails"/>
</testsuite> <!-- com.NIA_July23.tc.TC003_NIABasicDetails -->
