<?xml version="1.0" encoding="UTF-8"?>
<!-- Generated by org.testng.reporters.JUnitReportReporter -->
<testsuite skipped="0" hostname="MAA014482B" name="com.IDBIRSCO.tc.TC003_IDBIRSCOBasicDetails" tests="50" failures="0" timestamp="2023-05-25T14:51:23 IST" time="8076.398" errors="0">
  <testcase name="basicDetails" time="160.439" classname="com.IDBIRSCO.tc.TC003_IDBIRSCOBasicDetails"/>
  <testcase name="basicDetails" time="161.191" classname="com.IDBIRSCO.tc.TC003_IDBIRSCOBasicDetails"/>
  <testcase name="basicDetails" time="160.913" classname="com.IDBIRSCO.tc.TC003_IDBIRSCOBasicDetails"/>
  <testcase name="basicDetails" time="167.162" classname="com.IDBIRSCO.tc.TC003_IDBIRSCOBasicDetails"/>
  <testcase name="basicDetails" time="161.012" classname="com.IDBIRSCO.tc.TC003_IDBIRSCOBasicDetails"/>
  <testcase name="basicDetails" time="161.632" classname="com.IDBIRSCO.tc.TC003_IDBIRSCOBasicDetails"/>
  <testcase name="basicDetails" time="160.719" classname="com.IDBIRSCO.tc.TC003_IDBIRSCOBasicDetails"/>
  <testcase name="basicDetails" time="161.806" classname="com.IDBIRSCO.tc.TC003_IDBIRSCOBasicDetails"/>
  <testcase name="basicDetails" time="162.217" classname="com.IDBIRSCO.tc.TC003_IDBIRSCOBasicDetails"/>
  <testcase name="basicDetails" time="161.577" classname="com.IDBIRSCO.tc.TC003_IDBIRSCOBasicDetails"/>
  <testcase name="basicDetails" time="162.031" classname="com.IDBIRSCO.tc.TC003_IDBIRSCOBasicDetails"/>
  <testcase name="basicDetails" time="160.464" classname="com.IDBIRSCO.tc.TC003_IDBIRSCOBasicDetails"/>
  <testcase name="basicDetails" time="161.319" classname="com.IDBIRSCO.tc.TC003_IDBIRSCOBasicDetails"/>
  <testcase name="basicDetails" time="160.550" classname="com.IDBIRSCO.tc.TC003_IDBIRSCOBasicDetails"/>
  <testcase name="basicDetails" time="162.403" classname="com.IDBIRSCO.tc.TC003_IDBIRSCOBasicDetails"/>
  <testcase name="basicDetails" time="160.637" classname="com.IDBIRSCO.tc.TC003_IDBIRSCOBasicDetails"/>
  <testcase name="basicDetails" time="161.771" classname="com.IDBIRSCO.tc.TC003_IDBIRSCOBasicDetails"/>
  <testcase name="basicDetails" time="162.447" classname="com.IDBIRSCO.tc.TC003_IDBIRSCOBasicDetails"/>
  <testcase name="basicDetails" time="160.556" classname="com.IDBIRSCO.tc.TC003_IDBIRSCOBasicDetails"/>
  <testcase name="basicDetails" time="160.784" classname="com.IDBIRSCO.tc.TC003_IDBIRSCOBasicDetails"/>
  <testcase name="basicDetails" time="161.211" classname="com.IDBIRSCO.tc.TC003_IDBIRSCOBasicDetails"/>
  <testcase name="basicDetails" time="160.942" classname="com.IDBIRSCO.tc.TC003_IDBIRSCOBasicDetails"/>
  <testcase name="basicDetails" time="160.734" classname="com.IDBIRSCO.tc.TC003_IDBIRSCOBasicDetails"/>
  <testcase name="basicDetails" time="162.155" classname="com.IDBIRSCO.tc.TC003_IDBIRSCOBasicDetails"/>
  <testcase name="basicDetails" time="162.271" classname="com.IDBIRSCO.tc.TC003_IDBIRSCOBasicDetails"/>
  <testcase name="basicDetails" time="161.399" classname="com.IDBIRSCO.tc.TC003_IDBIRSCOBasicDetails"/>
  <testcase name="basicDetails" time="162.127" classname="com.IDBIRSCO.tc.TC003_IDBIRSCOBasicDetails"/>
  <testcase name="basicDetails" time="162.582" classname="com.IDBIRSCO.tc.TC003_IDBIRSCOBasicDetails"/>
  <testcase name="basicDetails" time="160.945" classname="com.IDBIRSCO.tc.TC003_IDBIRSCOBasicDetails"/>
  <testcase name="basicDetails" time="161.712" classname="com.IDBIRSCO.tc.TC003_IDBIRSCOBasicDetails"/>
  <testcase name="basicDetails" time="162.116" classname="com.IDBIRSCO.tc.TC003_IDBIRSCOBasicDetails"/>
  <testcase name="basicDetails" time="161.087" classname="com.IDBIRSCO.tc.TC003_IDBIRSCOBasicDetails"/>
  <testcase name="basicDetails" time="161.071" classname="com.IDBIRSCO.tc.TC003_IDBIRSCOBasicDetails"/>
  <testcase name="basicDetails" time="160.762" classname="com.IDBIRSCO.tc.TC003_IDBIRSCOBasicDetails"/>
  <testcase name="basicDetails" time="161.778" classname="com.IDBIRSCO.tc.TC003_IDBIRSCOBasicDetails"/>
  <testcase name="basicDetails" time="161.876" classname="com.IDBIRSCO.tc.TC003_IDBIRSCOBasicDetails"/>
  <testcase name="basicDetails" time="161.995" classname="com.IDBIRSCO.tc.TC003_IDBIRSCOBasicDetails"/>
  <testcase name="basicDetails" time="160.764" classname="com.IDBIRSCO.tc.TC003_IDBIRSCOBasicDetails"/>
  <testcase name="basicDetails" time="160.359" classname="com.IDBIRSCO.tc.TC003_IDBIRSCOBasicDetails"/>
  <testcase name="basicDetails" time="162.193" classname="com.IDBIRSCO.tc.TC003_IDBIRSCOBasicDetails"/>
  <testcase name="basicDetails" time="161.027" classname="com.IDBIRSCO.tc.TC003_IDBIRSCOBasicDetails"/>
  <testcase name="basicDetails" time="161.792" classname="com.IDBIRSCO.tc.TC003_IDBIRSCOBasicDetails"/>
  <testcase name="basicDetails" time="162.247" classname="com.IDBIRSCO.tc.TC003_IDBIRSCOBasicDetails"/>
  <testcase name="basicDetails" time="160.869" classname="com.IDBIRSCO.tc.TC003_IDBIRSCOBasicDetails"/>
  <testcase name="basicDetails" time="161.594" classname="com.IDBIRSCO.tc.TC003_IDBIRSCOBasicDetails"/>
  <testcase name="basicDetails" time="161.357" classname="com.IDBIRSCO.tc.TC003_IDBIRSCOBasicDetails"/>
  <testcase name="basicDetails" time="162.453" classname="com.IDBIRSCO.tc.TC003_IDBIRSCOBasicDetails"/>
  <testcase name="basicDetails" time="161.148" classname="com.IDBIRSCO.tc.TC003_IDBIRSCOBasicDetails"/>
  <testcase name="basicDetails" time="161.612" classname="com.IDBIRSCO.tc.TC003_IDBIRSCOBasicDetails"/>
  <testcase name="basicDetails" time="160.590" classname="com.IDBIRSCO.tc.TC003_IDBIRSCOBasicDetails"/>
</testsuite> <!-- com.IDBIRSCO.tc.TC003_IDBIRSCOBasicDetails -->
