<?xml version="1.0" encoding="UTF-8"?>
<!-- Generated by org.testng.reporters.JUnitReportReporter -->
<testsuite skipped="0" hostname="MAA014482B" name="com.PSC.tc.TC005_PSCBasicDetails" tests="2" failures="0" timestamp="2022-10-19T14:00:46 IST" time="319.632" errors="0">
  <testcase name="basicDetails" time="160.277" classname="com.PSC.tc.TC005_PSCBasicDetails"/>
  <testcase name="basicDetails" time="159.355" classname="com.PSC.tc.TC005_PSCBasicDetails"/>
</testsuite> <!-- com.PSC.tc.TC005_PSCBasicDetails -->
