<?xml version="1.0" encoding="UTF-8"?>
<!-- Generated by org.testng.reporters.JUnitReportReporter -->
<testsuite skipped="0" hostname="MAA014482B" name="com.DSYS_June23.tc.TC004_DSYSBasicDetails" tests="36" failures="0" timestamp="2023-07-22T15:33:38 IST" time="5768.102" errors="0">
  <testcase name="basicDetails" time="159.616" classname="com.DSYS_June23.tc.TC004_DSYSBasicDetails"/>
  <testcase name="basicDetails" time="160.913" classname="com.DSYS_June23.tc.TC004_DSYSBasicDetails"/>
  <testcase name="basicDetails" time="160.210" classname="com.DSYS_June23.tc.TC004_DSYSBasicDetails"/>
  <testcase name="basicDetails" time="160.956" classname="com.DSYS_June23.tc.TC004_DSYSBasicDetails"/>
  <testcase name="basicDetails" time="161.299" classname="com.DSYS_June23.tc.TC004_DSYSBasicDetails"/>
  <testcase name="basicDetails" time="159.756" classname="com.DSYS_June23.tc.TC004_DSYSBasicDetails"/>
  <testcase name="basicDetails" time="159.824" classname="com.DSYS_June23.tc.TC004_DSYSBasicDetails"/>
  <testcase name="basicDetails" time="159.850" classname="com.DSYS_June23.tc.TC004_DSYSBasicDetails"/>
  <testcase name="basicDetails" time="160.138" classname="com.DSYS_June23.tc.TC004_DSYSBasicDetails"/>
  <testcase name="basicDetails" time="159.742" classname="com.DSYS_June23.tc.TC004_DSYSBasicDetails"/>
  <testcase name="basicDetails" time="160.205" classname="com.DSYS_June23.tc.TC004_DSYSBasicDetails"/>
  <testcase name="basicDetails" time="159.232" classname="com.DSYS_June23.tc.TC004_DSYSBasicDetails"/>
  <testcase name="basicDetails" time="159.794" classname="com.DSYS_June23.tc.TC004_DSYSBasicDetails"/>
  <testcase name="basicDetails" time="159.875" classname="com.DSYS_June23.tc.TC004_DSYSBasicDetails"/>
  <testcase name="basicDetails" time="160.151" classname="com.DSYS_June23.tc.TC004_DSYSBasicDetails"/>
  <testcase name="basicDetails" time="159.722" classname="com.DSYS_June23.tc.TC004_DSYSBasicDetails"/>
  <testcase name="basicDetails" time="160.388" classname="com.DSYS_June23.tc.TC004_DSYSBasicDetails"/>
  <testcase name="basicDetails" time="160.804" classname="com.DSYS_June23.tc.TC004_DSYSBasicDetails"/>
  <testcase name="basicDetails" time="163.196" classname="com.DSYS_June23.tc.TC004_DSYSBasicDetails"/>
  <testcase name="basicDetails" time="160.730" classname="com.DSYS_June23.tc.TC004_DSYSBasicDetails"/>
  <testcase name="basicDetails" time="160.698" classname="com.DSYS_June23.tc.TC004_DSYSBasicDetails"/>
  <testcase name="basicDetails" time="159.651" classname="com.DSYS_June23.tc.TC004_DSYSBasicDetails"/>
  <testcase name="basicDetails" time="160.110" classname="com.DSYS_June23.tc.TC004_DSYSBasicDetails"/>
  <testcase name="basicDetails" time="160.254" classname="com.DSYS_June23.tc.TC004_DSYSBasicDetails"/>
  <testcase name="basicDetails" time="159.783" classname="com.DSYS_June23.tc.TC004_DSYSBasicDetails"/>
  <testcase name="basicDetails" time="160.578" classname="com.DSYS_June23.tc.TC004_DSYSBasicDetails"/>
  <testcase name="basicDetails" time="159.880" classname="com.DSYS_June23.tc.TC004_DSYSBasicDetails"/>
  <testcase name="basicDetails" time="159.910" classname="com.DSYS_June23.tc.TC004_DSYSBasicDetails"/>
  <testcase name="basicDetails" time="159.929" classname="com.DSYS_June23.tc.TC004_DSYSBasicDetails"/>
  <testcase name="basicDetails" time="160.130" classname="com.DSYS_June23.tc.TC004_DSYSBasicDetails"/>
  <testcase name="basicDetails" time="159.638" classname="com.DSYS_June23.tc.TC004_DSYSBasicDetails"/>
  <testcase name="basicDetails" time="159.706" classname="com.DSYS_June23.tc.TC004_DSYSBasicDetails"/>
  <testcase name="basicDetails" time="160.397" classname="com.DSYS_June23.tc.TC004_DSYSBasicDetails"/>
  <testcase name="basicDetails" time="161.048" classname="com.DSYS_June23.tc.TC004_DSYSBasicDetails"/>
  <testcase name="basicDetails" time="159.291" classname="com.DSYS_June23.tc.TC004_DSYSBasicDetails"/>
  <testcase name="basicDetails" time="160.698" classname="com.DSYS_June23.tc.TC004_DSYSBasicDetails"/>
</testsuite> <!-- com.DSYS_June23.tc.TC004_DSYSBasicDetails -->
