<?xml version="1.0" encoding="UTF-8"?>
<!-- Generated by org.testng.reporters.JUnitReportReporter -->
<testsuite skipped="0" hostname="MAA014482B" name="com.PNB_May23.tc.TC004_PNBBasicDetails" tests="44" failures="0" timestamp="2023-05-16T14:41:00 IST" time="7161.507" errors="0">
  <testcase name="basicDetails" time="161.720" classname="com.PNB_May23.tc.TC004_PNBBasicDetails"/>
  <testcase name="basicDetails" time="162.923" classname="com.PNB_May23.tc.TC004_PNBBasicDetails"/>
  <testcase name="basicDetails" time="161.879" classname="com.PNB_May23.tc.TC004_PNBBasicDetails"/>
  <testcase name="basicDetails" time="170.089" classname="com.PNB_May23.tc.TC004_PNBBasicDetails"/>
  <testcase name="basicDetails" time="163.512" classname="com.PNB_May23.tc.TC004_PNBBasicDetails"/>
  <testcase name="basicDetails" time="163.333" classname="com.PNB_May23.tc.TC004_PNBBasicDetails"/>
  <testcase name="basicDetails" time="162.327" classname="com.PNB_May23.tc.TC004_PNBBasicDetails"/>
  <testcase name="basicDetails" time="162.247" classname="com.PNB_May23.tc.TC004_PNBBasicDetails"/>
  <testcase name="basicDetails" time="161.732" classname="com.PNB_May23.tc.TC004_PNBBasicDetails"/>
  <testcase name="basicDetails" time="162.046" classname="com.PNB_May23.tc.TC004_PNBBasicDetails"/>
  <testcase name="basicDetails" time="163.276" classname="com.PNB_May23.tc.TC004_PNBBasicDetails"/>
  <testcase name="basicDetails" time="161.805" classname="com.PNB_May23.tc.TC004_PNBBasicDetails"/>
  <testcase name="basicDetails" time="162.085" classname="com.PNB_May23.tc.TC004_PNBBasicDetails"/>
  <testcase name="basicDetails" time="163.744" classname="com.PNB_May23.tc.TC004_PNBBasicDetails"/>
  <testcase name="basicDetails" time="162.906" classname="com.PNB_May23.tc.TC004_PNBBasicDetails"/>
  <testcase name="basicDetails" time="163.086" classname="com.PNB_May23.tc.TC004_PNBBasicDetails"/>
  <testcase name="basicDetails" time="163.095" classname="com.PNB_May23.tc.TC004_PNBBasicDetails"/>
  <testcase name="basicDetails" time="161.679" classname="com.PNB_May23.tc.TC004_PNBBasicDetails"/>
  <testcase name="basicDetails" time="161.940" classname="com.PNB_May23.tc.TC004_PNBBasicDetails"/>
  <testcase name="basicDetails" time="162.065" classname="com.PNB_May23.tc.TC004_PNBBasicDetails"/>
  <testcase name="basicDetails" time="162.944" classname="com.PNB_May23.tc.TC004_PNBBasicDetails"/>
  <testcase name="basicDetails" time="163.005" classname="com.PNB_May23.tc.TC004_PNBBasicDetails"/>
  <testcase name="basicDetails" time="161.611" classname="com.PNB_May23.tc.TC004_PNBBasicDetails"/>
  <testcase name="basicDetails" time="162.027" classname="com.PNB_May23.tc.TC004_PNBBasicDetails"/>
  <testcase name="basicDetails" time="161.441" classname="com.PNB_May23.tc.TC004_PNBBasicDetails"/>
  <testcase name="basicDetails" time="163.112" classname="com.PNB_May23.tc.TC004_PNBBasicDetails"/>
  <testcase name="basicDetails" time="162.152" classname="com.PNB_May23.tc.TC004_PNBBasicDetails"/>
  <testcase name="basicDetails" time="162.027" classname="com.PNB_May23.tc.TC004_PNBBasicDetails"/>
  <testcase name="basicDetails" time="163.261" classname="com.PNB_May23.tc.TC004_PNBBasicDetails"/>
  <testcase name="basicDetails" time="161.949" classname="com.PNB_May23.tc.TC004_PNBBasicDetails"/>
  <testcase name="basicDetails" time="161.614" classname="com.PNB_May23.tc.TC004_PNBBasicDetails"/>
  <testcase name="basicDetails" time="161.887" classname="com.PNB_May23.tc.TC004_PNBBasicDetails"/>
  <testcase name="basicDetails" time="161.763" classname="com.PNB_May23.tc.TC004_PNBBasicDetails"/>
  <testcase name="basicDetails" time="163.009" classname="com.PNB_May23.tc.TC004_PNBBasicDetails"/>
  <testcase name="basicDetails" time="163.743" classname="com.PNB_May23.tc.TC004_PNBBasicDetails"/>
  <testcase name="basicDetails" time="165.529" classname="com.PNB_May23.tc.TC004_PNBBasicDetails"/>
  <testcase name="basicDetails" time="163.274" classname="com.PNB_May23.tc.TC004_PNBBasicDetails"/>
  <testcase name="basicDetails" time="161.998" classname="com.PNB_May23.tc.TC004_PNBBasicDetails"/>
  <testcase name="basicDetails" time="163.653" classname="com.PNB_May23.tc.TC004_PNBBasicDetails"/>
  <testcase name="basicDetails" time="162.157" classname="com.PNB_May23.tc.TC004_PNBBasicDetails"/>
  <testcase name="basicDetails" time="163.359" classname="com.PNB_May23.tc.TC004_PNBBasicDetails"/>
  <testcase name="basicDetails" time="161.933" classname="com.PNB_May23.tc.TC004_PNBBasicDetails"/>
  <testcase name="basicDetails" time="163.438" classname="com.PNB_May23.tc.TC004_PNBBasicDetails"/>
  <testcase name="basicDetails" time="163.132" classname="com.PNB_May23.tc.TC004_PNBBasicDetails"/>
</testsuite> <!-- com.PNB_May23.tc.TC004_PNBBasicDetails -->
