<?xml version="1.0" encoding="UTF-8"?>
<!-- Generated by org.testng.reporters.JUnitReportReporter -->
<testsuite skipped="0" hostname="MAA014482B" name="com.meghalaya.tc.TC003_MeghalayaBasicDetails" tests="28" failures="0" timestamp="14 Nov 2019 05:43:52 GMT" time="2142.665" errors="0">
  <testcase name="basicDetails" time="76.166" classname="com.meghalaya.tc.TC003_MeghalayaBasicDetails"/>
  <testcase name="basicDetails" time="74.764" classname="com.meghalaya.tc.TC003_MeghalayaBasicDetails"/>
  <testcase name="basicDetails" time="76.125" classname="com.meghalaya.tc.TC003_MeghalayaBasicDetails"/>
  <testcase name="basicDetails" time="75.586" classname="com.meghalaya.tc.TC003_MeghalayaBasicDetails"/>
  <testcase name="basicDetails" time="76.025" classname="com.meghalaya.tc.TC003_MeghalayaBasicDetails"/>
  <testcase name="basicDetails" time="76.605" classname="com.meghalaya.tc.TC003_MeghalayaBasicDetails"/>
  <testcase name="basicDetails" time="76.248" classname="com.meghalaya.tc.TC003_MeghalayaBasicDetails"/>
  <testcase name="basicDetails" time="76.110" classname="com.meghalaya.tc.TC003_MeghalayaBasicDetails"/>
  <testcase name="basicDetails" time="76.639" classname="com.meghalaya.tc.TC003_MeghalayaBasicDetails"/>
  <testcase name="basicDetails" time="76.951" classname="com.meghalaya.tc.TC003_MeghalayaBasicDetails"/>
  <testcase name="basicDetails" time="82.178" classname="com.meghalaya.tc.TC003_MeghalayaBasicDetails"/>
  <testcase name="basicDetails" time="78.376" classname="com.meghalaya.tc.TC003_MeghalayaBasicDetails"/>
  <testcase name="basicDetails" time="75.873" classname="com.meghalaya.tc.TC003_MeghalayaBasicDetails"/>
  <testcase name="basicDetails" time="76.415" classname="com.meghalaya.tc.TC003_MeghalayaBasicDetails"/>
  <testcase name="basicDetails" time="76.005" classname="com.meghalaya.tc.TC003_MeghalayaBasicDetails"/>
  <testcase name="basicDetails" time="75.866" classname="com.meghalaya.tc.TC003_MeghalayaBasicDetails"/>
  <testcase name="basicDetails" time="76.605" classname="com.meghalaya.tc.TC003_MeghalayaBasicDetails"/>
  <testcase name="basicDetails" time="75.626" classname="com.meghalaya.tc.TC003_MeghalayaBasicDetails"/>
  <testcase name="basicDetails" time="75.366" classname="com.meghalaya.tc.TC003_MeghalayaBasicDetails"/>
  <testcase name="basicDetails" time="76.127" classname="com.meghalaya.tc.TC003_MeghalayaBasicDetails"/>
  <testcase name="basicDetails" time="78.102" classname="com.meghalaya.tc.TC003_MeghalayaBasicDetails"/>
  <testcase name="basicDetails" time="76.976" classname="com.meghalaya.tc.TC003_MeghalayaBasicDetails"/>
  <testcase name="basicDetails" time="75.684" classname="com.meghalaya.tc.TC003_MeghalayaBasicDetails"/>
  <testcase name="basicDetails" time="76.873" classname="com.meghalaya.tc.TC003_MeghalayaBasicDetails"/>
  <testcase name="basicDetails" time="77.252" classname="com.meghalaya.tc.TC003_MeghalayaBasicDetails"/>
  <testcase name="basicDetails" time="76.176" classname="com.meghalaya.tc.TC003_MeghalayaBasicDetails"/>
  <testcase name="basicDetails" time="76.890" classname="com.meghalaya.tc.TC003_MeghalayaBasicDetails"/>
  <testcase name="basicDetails" time="75.056" classname="com.meghalaya.tc.TC003_MeghalayaBasicDetails"/>
</testsuite> <!-- com.meghalaya.tc.TC003_MeghalayaBasicDetails -->
