<?xml version="1.0" encoding="UTF-8"?>
<!-- Generated by org.testng.reporters.JUnitReportReporter -->
<testsuite skipped="0" hostname="MAA014482B" name="com.CRP_RRB_May23.tc.TC004_CRPBasicDetails" tests="64" failures="0" timestamp="2023-05-23T19:06:06 IST" time="10374.663" errors="0">
  <testcase name="basicDetails" time="161.692" classname="com.CRP_RRB_May23.tc.TC004_CRPBasicDetails"/>
  <testcase name="basicDetails" time="162.173" classname="com.CRP_RRB_May23.tc.TC004_CRPBasicDetails"/>
  <testcase name="basicDetails" time="162.102" classname="com.CRP_RRB_May23.tc.TC004_CRPBasicDetails"/>
  <testcase name="basicDetails" time="161.986" classname="com.CRP_RRB_May23.tc.TC004_CRPBasicDetails"/>
  <testcase name="basicDetails" time="161.272" classname="com.CRP_RRB_May23.tc.TC004_CRPBasicDetails"/>
  <testcase name="basicDetails" time="161.662" classname="com.CRP_RRB_May23.tc.TC004_CRPBasicDetails"/>
  <testcase name="basicDetails" time="161.582" classname="com.CRP_RRB_May23.tc.TC004_CRPBasicDetails"/>
  <testcase name="basicDetails" time="162.166" classname="com.CRP_RRB_May23.tc.TC004_CRPBasicDetails"/>
  <testcase name="basicDetails" time="162.347" classname="com.CRP_RRB_May23.tc.TC004_CRPBasicDetails"/>
  <testcase name="basicDetails" time="162.554" classname="com.CRP_RRB_May23.tc.TC004_CRPBasicDetails"/>
  <testcase name="basicDetails" time="162.242" classname="com.CRP_RRB_May23.tc.TC004_CRPBasicDetails"/>
  <testcase name="basicDetails" time="161.873" classname="com.CRP_RRB_May23.tc.TC004_CRPBasicDetails"/>
  <testcase name="basicDetails" time="161.595" classname="com.CRP_RRB_May23.tc.TC004_CRPBasicDetails"/>
  <testcase name="basicDetails" time="161.328" classname="com.CRP_RRB_May23.tc.TC004_CRPBasicDetails"/>
  <testcase name="basicDetails" time="161.799" classname="com.CRP_RRB_May23.tc.TC004_CRPBasicDetails"/>
  <testcase name="basicDetails" time="161.859" classname="com.CRP_RRB_May23.tc.TC004_CRPBasicDetails"/>
  <testcase name="basicDetails" time="162.303" classname="com.CRP_RRB_May23.tc.TC004_CRPBasicDetails"/>
  <testcase name="basicDetails" time="161.996" classname="com.CRP_RRB_May23.tc.TC004_CRPBasicDetails"/>
  <testcase name="basicDetails" time="162.039" classname="com.CRP_RRB_May23.tc.TC004_CRPBasicDetails"/>
  <testcase name="basicDetails" time="162.452" classname="com.CRP_RRB_May23.tc.TC004_CRPBasicDetails"/>
  <testcase name="basicDetails" time="161.491" classname="com.CRP_RRB_May23.tc.TC004_CRPBasicDetails"/>
  <testcase name="basicDetails" time="163.178" classname="com.CRP_RRB_May23.tc.TC004_CRPBasicDetails"/>
  <testcase name="basicDetails" time="161.857" classname="com.CRP_RRB_May23.tc.TC004_CRPBasicDetails"/>
  <testcase name="basicDetails" time="161.894" classname="com.CRP_RRB_May23.tc.TC004_CRPBasicDetails"/>
  <testcase name="basicDetails" time="161.438" classname="com.CRP_RRB_May23.tc.TC004_CRPBasicDetails"/>
  <testcase name="basicDetails" time="162.180" classname="com.CRP_RRB_May23.tc.TC004_CRPBasicDetails"/>
  <testcase name="basicDetails" time="161.849" classname="com.CRP_RRB_May23.tc.TC004_CRPBasicDetails"/>
  <testcase name="basicDetails" time="162.710" classname="com.CRP_RRB_May23.tc.TC004_CRPBasicDetails"/>
  <testcase name="basicDetails" time="162.495" classname="com.CRP_RRB_May23.tc.TC004_CRPBasicDetails"/>
  <testcase name="basicDetails" time="162.095" classname="com.CRP_RRB_May23.tc.TC004_CRPBasicDetails"/>
  <testcase name="basicDetails" time="162.245" classname="com.CRP_RRB_May23.tc.TC004_CRPBasicDetails"/>
  <testcase name="basicDetails" time="162.164" classname="com.CRP_RRB_May23.tc.TC004_CRPBasicDetails"/>
  <testcase name="basicDetails" time="161.799" classname="com.CRP_RRB_May23.tc.TC004_CRPBasicDetails"/>
  <testcase name="basicDetails" time="161.956" classname="com.CRP_RRB_May23.tc.TC004_CRPBasicDetails"/>
  <testcase name="basicDetails" time="162.132" classname="com.CRP_RRB_May23.tc.TC004_CRPBasicDetails"/>
  <testcase name="basicDetails" time="162.776" classname="com.CRP_RRB_May23.tc.TC004_CRPBasicDetails"/>
  <testcase name="basicDetails" time="162.007" classname="com.CRP_RRB_May23.tc.TC004_CRPBasicDetails"/>
  <testcase name="basicDetails" time="161.978" classname="com.CRP_RRB_May23.tc.TC004_CRPBasicDetails"/>
  <testcase name="basicDetails" time="162.488" classname="com.CRP_RRB_May23.tc.TC004_CRPBasicDetails"/>
  <testcase name="basicDetails" time="162.061" classname="com.CRP_RRB_May23.tc.TC004_CRPBasicDetails"/>
  <testcase name="basicDetails" time="161.943" classname="com.CRP_RRB_May23.tc.TC004_CRPBasicDetails"/>
  <testcase name="basicDetails" time="162.678" classname="com.CRP_RRB_May23.tc.TC004_CRPBasicDetails"/>
  <testcase name="basicDetails" time="161.652" classname="com.CRP_RRB_May23.tc.TC004_CRPBasicDetails"/>
  <testcase name="basicDetails" time="162.178" classname="com.CRP_RRB_May23.tc.TC004_CRPBasicDetails"/>
  <testcase name="basicDetails" time="162.089" classname="com.CRP_RRB_May23.tc.TC004_CRPBasicDetails"/>
  <testcase name="basicDetails" time="161.944" classname="com.CRP_RRB_May23.tc.TC004_CRPBasicDetails"/>
  <testcase name="basicDetails" time="162.157" classname="com.CRP_RRB_May23.tc.TC004_CRPBasicDetails"/>
  <testcase name="basicDetails" time="164.001" classname="com.CRP_RRB_May23.tc.TC004_CRPBasicDetails"/>
  <testcase name="basicDetails" time="162.714" classname="com.CRP_RRB_May23.tc.TC004_CRPBasicDetails"/>
  <testcase name="basicDetails" time="162.899" classname="com.CRP_RRB_May23.tc.TC004_CRPBasicDetails"/>
  <testcase name="basicDetails" time="162.224" classname="com.CRP_RRB_May23.tc.TC004_CRPBasicDetails"/>
  <testcase name="basicDetails" time="161.917" classname="com.CRP_RRB_May23.tc.TC004_CRPBasicDetails"/>
  <testcase name="basicDetails" time="162.293" classname="com.CRP_RRB_May23.tc.TC004_CRPBasicDetails"/>
  <testcase name="basicDetails" time="162.113" classname="com.CRP_RRB_May23.tc.TC004_CRPBasicDetails"/>
  <testcase name="basicDetails" time="162.211" classname="com.CRP_RRB_May23.tc.TC004_CRPBasicDetails"/>
  <testcase name="basicDetails" time="161.795" classname="com.CRP_RRB_May23.tc.TC004_CRPBasicDetails"/>
  <testcase name="basicDetails" time="161.700" classname="com.CRP_RRB_May23.tc.TC004_CRPBasicDetails"/>
  <testcase name="basicDetails" time="162.039" classname="com.CRP_RRB_May23.tc.TC004_CRPBasicDetails"/>
  <testcase name="basicDetails" time="161.982" classname="com.CRP_RRB_May23.tc.TC004_CRPBasicDetails"/>
  <testcase name="basicDetails" time="162.034" classname="com.CRP_RRB_May23.tc.TC004_CRPBasicDetails"/>
  <testcase name="basicDetails" time="161.494" classname="com.CRP_RRB_May23.tc.TC004_CRPBasicDetails"/>
  <testcase name="basicDetails" time="162.165" classname="com.CRP_RRB_May23.tc.TC004_CRPBasicDetails"/>
  <testcase name="basicDetails" time="161.946" classname="com.CRP_RRB_May23.tc.TC004_CRPBasicDetails"/>
  <testcase name="basicDetails" time="162.680" classname="com.CRP_RRB_May23.tc.TC004_CRPBasicDetails"/>
</testsuite> <!-- com.CRP_RRB_May23.tc.TC004_CRPBasicDetails -->
