<?xml version="1.0" encoding="UTF-8"?>
<!-- Generated by org.testng.reporters.JUnitReportReporter -->
<testsuite skipped="0" hostname="MAA014482B" name="com.DAMBCD_June23.tc.TC002_DAMBasicDetails" tests="180" failures="0" timestamp="2023-07-16T22:57:26 IST" time="31995.422" errors="0">
  <testcase name="basicDetails" time="167.563" classname="com.DAMBCD_June23.tc.TC002_DAMBasicDetails"/>
  <testcase name="basicDetails" time="167.459" classname="com.DAMBCD_June23.tc.TC002_DAMBasicDetails"/>
  <testcase name="basicDetails" time="190.003" classname="com.DAMBCD_June23.tc.TC002_DAMBasicDetails"/>
  <testcase name="basicDetails" time="167.417" classname="com.DAMBCD_June23.tc.TC002_DAMBasicDetails"/>
  <testcase name="basicDetails" time="167.311" classname="com.DAMBCD_June23.tc.TC002_DAMBasicDetails"/>
  <testcase name="basicDetails" time="167.371" classname="com.DAMBCD_June23.tc.TC002_DAMBasicDetails"/>
  <testcase name="basicDetails" time="167.371" classname="com.DAMBCD_June23.tc.TC002_DAMBasicDetails"/>
  <testcase name="basicDetails" time="189.577" classname="com.DAMBCD_June23.tc.TC002_DAMBasicDetails"/>
  <testcase name="basicDetails" time="189.925" classname="com.DAMBCD_June23.tc.TC002_DAMBasicDetails"/>
  <testcase name="basicDetails" time="167.447" classname="com.DAMBCD_June23.tc.TC002_DAMBasicDetails"/>
  <testcase name="basicDetails" time="167.422" classname="com.DAMBCD_June23.tc.TC002_DAMBasicDetails"/>
  <testcase name="basicDetails" time="190.006" classname="com.DAMBCD_June23.tc.TC002_DAMBasicDetails"/>
  <testcase name="basicDetails" time="192.014" classname="com.DAMBCD_June23.tc.TC002_DAMBasicDetails"/>
  <testcase name="basicDetails" time="167.091" classname="com.DAMBCD_June23.tc.TC002_DAMBasicDetails"/>
  <testcase name="basicDetails" time="189.998" classname="com.DAMBCD_June23.tc.TC002_DAMBasicDetails"/>
  <testcase name="basicDetails" time="167.324" classname="com.DAMBCD_June23.tc.TC002_DAMBasicDetails"/>
  <testcase name="basicDetails" time="189.610" classname="com.DAMBCD_June23.tc.TC002_DAMBasicDetails"/>
  <testcase name="basicDetails" time="167.491" classname="com.DAMBCD_June23.tc.TC002_DAMBasicDetails"/>
  <testcase name="basicDetails" time="167.698" classname="com.DAMBCD_June23.tc.TC002_DAMBasicDetails"/>
  <testcase name="basicDetails" time="169.740" classname="com.DAMBCD_June23.tc.TC002_DAMBasicDetails"/>
  <testcase name="basicDetails" time="192.176" classname="com.DAMBCD_June23.tc.TC002_DAMBasicDetails"/>
  <testcase name="basicDetails" time="190.124" classname="com.DAMBCD_June23.tc.TC002_DAMBasicDetails"/>
  <testcase name="basicDetails" time="167.415" classname="com.DAMBCD_June23.tc.TC002_DAMBasicDetails"/>
  <testcase name="basicDetails" time="189.986" classname="com.DAMBCD_June23.tc.TC002_DAMBasicDetails"/>
  <testcase name="basicDetails" time="189.779" classname="com.DAMBCD_June23.tc.TC002_DAMBasicDetails"/>
  <testcase name="basicDetails" time="169.604" classname="com.DAMBCD_June23.tc.TC002_DAMBasicDetails"/>
  <testcase name="basicDetails" time="170.193" classname="com.DAMBCD_June23.tc.TC002_DAMBasicDetails"/>
  <testcase name="basicDetails" time="189.470" classname="com.DAMBCD_June23.tc.TC002_DAMBasicDetails"/>
  <testcase name="basicDetails" time="167.700" classname="com.DAMBCD_June23.tc.TC002_DAMBasicDetails"/>
  <testcase name="basicDetails" time="167.268" classname="com.DAMBCD_June23.tc.TC002_DAMBasicDetails"/>
  <testcase name="basicDetails" time="189.896" classname="com.DAMBCD_June23.tc.TC002_DAMBasicDetails"/>
  <testcase name="basicDetails" time="167.275" classname="com.DAMBCD_June23.tc.TC002_DAMBasicDetails"/>
  <testcase name="basicDetails" time="167.262" classname="com.DAMBCD_June23.tc.TC002_DAMBasicDetails"/>
  <testcase name="basicDetails" time="192.571" classname="com.DAMBCD_June23.tc.TC002_DAMBasicDetails"/>
  <testcase name="basicDetails" time="189.953" classname="com.DAMBCD_June23.tc.TC002_DAMBasicDetails"/>
  <testcase name="basicDetails" time="167.317" classname="com.DAMBCD_June23.tc.TC002_DAMBasicDetails"/>
  <testcase name="basicDetails" time="167.147" classname="com.DAMBCD_June23.tc.TC002_DAMBasicDetails"/>
  <testcase name="basicDetails" time="167.117" classname="com.DAMBCD_June23.tc.TC002_DAMBasicDetails"/>
  <testcase name="basicDetails" time="167.613" classname="com.DAMBCD_June23.tc.TC002_DAMBasicDetails"/>
  <testcase name="basicDetails" time="167.532" classname="com.DAMBCD_June23.tc.TC002_DAMBasicDetails"/>
  <testcase name="basicDetails" time="167.612" classname="com.DAMBCD_June23.tc.TC002_DAMBasicDetails"/>
  <testcase name="basicDetails" time="192.099" classname="com.DAMBCD_June23.tc.TC002_DAMBasicDetails"/>
  <testcase name="basicDetails" time="167.135" classname="com.DAMBCD_June23.tc.TC002_DAMBasicDetails"/>
  <testcase name="basicDetails" time="167.361" classname="com.DAMBCD_June23.tc.TC002_DAMBasicDetails"/>
  <testcase name="basicDetails" time="189.907" classname="com.DAMBCD_June23.tc.TC002_DAMBasicDetails"/>
  <testcase name="basicDetails" time="189.732" classname="com.DAMBCD_June23.tc.TC002_DAMBasicDetails"/>
  <testcase name="basicDetails" time="189.691" classname="com.DAMBCD_June23.tc.TC002_DAMBasicDetails"/>
  <testcase name="basicDetails" time="167.155" classname="com.DAMBCD_June23.tc.TC002_DAMBasicDetails"/>
  <testcase name="basicDetails" time="167.366" classname="com.DAMBCD_June23.tc.TC002_DAMBasicDetails"/>
  <testcase name="basicDetails" time="167.177" classname="com.DAMBCD_June23.tc.TC002_DAMBasicDetails"/>
  <testcase name="basicDetails" time="192.404" classname="com.DAMBCD_June23.tc.TC002_DAMBasicDetails"/>
  <testcase name="basicDetails" time="189.449" classname="com.DAMBCD_June23.tc.TC002_DAMBasicDetails"/>
  <testcase name="basicDetails" time="189.895" classname="com.DAMBCD_June23.tc.TC002_DAMBasicDetails"/>
  <testcase name="basicDetails" time="189.933" classname="com.DAMBCD_June23.tc.TC002_DAMBasicDetails"/>
  <testcase name="basicDetails" time="189.995" classname="com.DAMBCD_June23.tc.TC002_DAMBasicDetails"/>
  <testcase name="basicDetails" time="189.761" classname="com.DAMBCD_June23.tc.TC002_DAMBasicDetails"/>
  <testcase name="basicDetails" time="189.847" classname="com.DAMBCD_June23.tc.TC002_DAMBasicDetails"/>
  <testcase name="basicDetails" time="190.028" classname="com.DAMBCD_June23.tc.TC002_DAMBasicDetails"/>
  <testcase name="basicDetails" time="190.005" classname="com.DAMBCD_June23.tc.TC002_DAMBasicDetails"/>
  <testcase name="basicDetails" time="189.714" classname="com.DAMBCD_June23.tc.TC002_DAMBasicDetails"/>
  <testcase name="basicDetails" time="166.982" classname="com.DAMBCD_June23.tc.TC002_DAMBasicDetails"/>
  <testcase name="basicDetails" time="192.174" classname="com.DAMBCD_June23.tc.TC002_DAMBasicDetails"/>
  <testcase name="basicDetails" time="167.412" classname="com.DAMBCD_June23.tc.TC002_DAMBasicDetails"/>
  <testcase name="basicDetails" time="167.800" classname="com.DAMBCD_June23.tc.TC002_DAMBasicDetails"/>
  <testcase name="basicDetails" time="167.328" classname="com.DAMBCD_June23.tc.TC002_DAMBasicDetails"/>
  <testcase name="basicDetails" time="167.464" classname="com.DAMBCD_June23.tc.TC002_DAMBasicDetails"/>
  <testcase name="basicDetails" time="167.186" classname="com.DAMBCD_June23.tc.TC002_DAMBasicDetails"/>
  <testcase name="basicDetails" time="189.901" classname="com.DAMBCD_June23.tc.TC002_DAMBasicDetails"/>
  <testcase name="basicDetails" time="189.869" classname="com.DAMBCD_June23.tc.TC002_DAMBasicDetails"/>
  <testcase name="basicDetails" time="190.160" classname="com.DAMBCD_June23.tc.TC002_DAMBasicDetails"/>
  <testcase name="basicDetails" time="170.326" classname="com.DAMBCD_June23.tc.TC002_DAMBasicDetails"/>
  <testcase name="basicDetails" time="167.000" classname="com.DAMBCD_June23.tc.TC002_DAMBasicDetails"/>
  <testcase name="basicDetails" time="189.687" classname="com.DAMBCD_June23.tc.TC002_DAMBasicDetails"/>
  <testcase name="basicDetails" time="167.383" classname="com.DAMBCD_June23.tc.TC002_DAMBasicDetails"/>
  <testcase name="basicDetails" time="189.939" classname="com.DAMBCD_June23.tc.TC002_DAMBasicDetails"/>
  <testcase name="basicDetails" time="169.594" classname="com.DAMBCD_June23.tc.TC002_DAMBasicDetails"/>
  <testcase name="basicDetails" time="192.222" classname="com.DAMBCD_June23.tc.TC002_DAMBasicDetails"/>
  <testcase name="basicDetails" time="170.330" classname="com.DAMBCD_June23.tc.TC002_DAMBasicDetails"/>
  <testcase name="basicDetails" time="167.571" classname="com.DAMBCD_June23.tc.TC002_DAMBasicDetails"/>
  <testcase name="basicDetails" time="162.360" classname="com.DAMBCD_June23.tc.TC002_DAMBasicDetails"/>
  <testcase name="basicDetails" time="192.027" classname="com.DAMBCD_June23.tc.TC002_DAMBasicDetails"/>
  <testcase name="basicDetails" time="192.407" classname="com.DAMBCD_June23.tc.TC002_DAMBasicDetails"/>
  <testcase name="basicDetails" time="167.427" classname="com.DAMBCD_June23.tc.TC002_DAMBasicDetails"/>
  <testcase name="basicDetails" time="169.751" classname="com.DAMBCD_June23.tc.TC002_DAMBasicDetails"/>
  <testcase name="basicDetails" time="169.951" classname="com.DAMBCD_June23.tc.TC002_DAMBasicDetails"/>
  <testcase name="basicDetails" time="167.795" classname="com.DAMBCD_June23.tc.TC002_DAMBasicDetails"/>
  <testcase name="basicDetails" time="169.469" classname="com.DAMBCD_June23.tc.TC002_DAMBasicDetails"/>
  <testcase name="basicDetails" time="169.831" classname="com.DAMBCD_June23.tc.TC002_DAMBasicDetails"/>
  <testcase name="basicDetails" time="170.292" classname="com.DAMBCD_June23.tc.TC002_DAMBasicDetails"/>
  <testcase name="basicDetails" time="192.260" classname="com.DAMBCD_June23.tc.TC002_DAMBasicDetails"/>
  <testcase name="basicDetails" time="169.860" classname="com.DAMBCD_June23.tc.TC002_DAMBasicDetails"/>
  <testcase name="basicDetails" time="189.797" classname="com.DAMBCD_June23.tc.TC002_DAMBasicDetails"/>
  <testcase name="basicDetails" time="169.952" classname="com.DAMBCD_June23.tc.TC002_DAMBasicDetails"/>
  <testcase name="basicDetails" time="190.035" classname="com.DAMBCD_June23.tc.TC002_DAMBasicDetails"/>
  <testcase name="basicDetails" time="192.253" classname="com.DAMBCD_June23.tc.TC002_DAMBasicDetails"/>
  <testcase name="basicDetails" time="189.865" classname="com.DAMBCD_June23.tc.TC002_DAMBasicDetails"/>
  <testcase name="basicDetails" time="167.509" classname="com.DAMBCD_June23.tc.TC002_DAMBasicDetails"/>
  <testcase name="basicDetails" time="168.363" classname="com.DAMBCD_June23.tc.TC002_DAMBasicDetails"/>
  <testcase name="basicDetails" time="167.548" classname="com.DAMBCD_June23.tc.TC002_DAMBasicDetails"/>
  <testcase name="basicDetails" time="169.824" classname="com.DAMBCD_June23.tc.TC002_DAMBasicDetails"/>
  <testcase name="basicDetails" time="167.491" classname="com.DAMBCD_June23.tc.TC002_DAMBasicDetails"/>
  <testcase name="basicDetails" time="192.062" classname="com.DAMBCD_June23.tc.TC002_DAMBasicDetails"/>
  <testcase name="basicDetails" time="189.951" classname="com.DAMBCD_June23.tc.TC002_DAMBasicDetails"/>
  <testcase name="basicDetails" time="189.608" classname="com.DAMBCD_June23.tc.TC002_DAMBasicDetails"/>
  <testcase name="basicDetails" time="169.116" classname="com.DAMBCD_June23.tc.TC002_DAMBasicDetails"/>
  <testcase name="basicDetails" time="189.947" classname="com.DAMBCD_June23.tc.TC002_DAMBasicDetails"/>
  <testcase name="basicDetails" time="169.916" classname="com.DAMBCD_June23.tc.TC002_DAMBasicDetails"/>
  <testcase name="basicDetails" time="167.627" classname="com.DAMBCD_June23.tc.TC002_DAMBasicDetails"/>
  <testcase name="basicDetails" time="189.637" classname="com.DAMBCD_June23.tc.TC002_DAMBasicDetails"/>
  <testcase name="basicDetails" time="189.929" classname="com.DAMBCD_June23.tc.TC002_DAMBasicDetails"/>
  <testcase name="basicDetails" time="167.468" classname="com.DAMBCD_June23.tc.TC002_DAMBasicDetails"/>
  <testcase name="basicDetails" time="167.390" classname="com.DAMBCD_June23.tc.TC002_DAMBasicDetails"/>
  <testcase name="basicDetails" time="169.997" classname="com.DAMBCD_June23.tc.TC002_DAMBasicDetails"/>
  <testcase name="basicDetails" time="167.689" classname="com.DAMBCD_June23.tc.TC002_DAMBasicDetails"/>
  <testcase name="basicDetails" time="167.955" classname="com.DAMBCD_June23.tc.TC002_DAMBasicDetails"/>
  <testcase name="basicDetails" time="169.833" classname="com.DAMBCD_June23.tc.TC002_DAMBasicDetails"/>
  <testcase name="basicDetails" time="167.458" classname="com.DAMBCD_June23.tc.TC002_DAMBasicDetails"/>
  <testcase name="basicDetails" time="192.067" classname="com.DAMBCD_June23.tc.TC002_DAMBasicDetails"/>
  <testcase name="basicDetails" time="169.950" classname="com.DAMBCD_June23.tc.TC002_DAMBasicDetails"/>
  <testcase name="basicDetails" time="189.755" classname="com.DAMBCD_June23.tc.TC002_DAMBasicDetails"/>
  <testcase name="basicDetails" time="167.729" classname="com.DAMBCD_June23.tc.TC002_DAMBasicDetails"/>
  <testcase name="basicDetails" time="189.685" classname="com.DAMBCD_June23.tc.TC002_DAMBasicDetails"/>
  <testcase name="basicDetails" time="162.120" classname="com.DAMBCD_June23.tc.TC002_DAMBasicDetails"/>
  <testcase name="basicDetails" time="192.156" classname="com.DAMBCD_June23.tc.TC002_DAMBasicDetails"/>
  <testcase name="basicDetails" time="169.428" classname="com.DAMBCD_June23.tc.TC002_DAMBasicDetails"/>
  <testcase name="basicDetails" time="189.870" classname="com.DAMBCD_June23.tc.TC002_DAMBasicDetails"/>
  <testcase name="basicDetails" time="162.269" classname="com.DAMBCD_June23.tc.TC002_DAMBasicDetails"/>
  <testcase name="basicDetails" time="167.136" classname="com.DAMBCD_June23.tc.TC002_DAMBasicDetails"/>
  <testcase name="basicDetails" time="167.414" classname="com.DAMBCD_June23.tc.TC002_DAMBasicDetails"/>
  <testcase name="basicDetails" time="167.595" classname="com.DAMBCD_June23.tc.TC002_DAMBasicDetails"/>
  <testcase name="basicDetails" time="169.727" classname="com.DAMBCD_June23.tc.TC002_DAMBasicDetails"/>
  <testcase name="basicDetails" time="189.621" classname="com.DAMBCD_June23.tc.TC002_DAMBasicDetails"/>
  <testcase name="basicDetails" time="167.490" classname="com.DAMBCD_June23.tc.TC002_DAMBasicDetails"/>
  <testcase name="basicDetails" time="190.193" classname="com.DAMBCD_June23.tc.TC002_DAMBasicDetails"/>
  <testcase name="basicDetails" time="169.498" classname="com.DAMBCD_June23.tc.TC002_DAMBasicDetails"/>
  <testcase name="basicDetails" time="169.841" classname="com.DAMBCD_June23.tc.TC002_DAMBasicDetails"/>
  <testcase name="basicDetails" time="167.819" classname="com.DAMBCD_June23.tc.TC002_DAMBasicDetails"/>
  <testcase name="basicDetails" time="169.875" classname="com.DAMBCD_June23.tc.TC002_DAMBasicDetails"/>
  <testcase name="basicDetails" time="189.989" classname="com.DAMBCD_June23.tc.TC002_DAMBasicDetails"/>
  <testcase name="basicDetails" time="189.655" classname="com.DAMBCD_June23.tc.TC002_DAMBasicDetails"/>
  <testcase name="basicDetails" time="167.272" classname="com.DAMBCD_June23.tc.TC002_DAMBasicDetails"/>
  <testcase name="basicDetails" time="167.439" classname="com.DAMBCD_June23.tc.TC002_DAMBasicDetails"/>
  <testcase name="basicDetails" time="173.505" classname="com.DAMBCD_June23.tc.TC002_DAMBasicDetails"/>
  <testcase name="basicDetails" time="189.939" classname="com.DAMBCD_June23.tc.TC002_DAMBasicDetails"/>
  <testcase name="basicDetails" time="192.032" classname="com.DAMBCD_June23.tc.TC002_DAMBasicDetails"/>
  <testcase name="basicDetails" time="192.155" classname="com.DAMBCD_June23.tc.TC002_DAMBasicDetails"/>
  <testcase name="basicDetails" time="167.869" classname="com.DAMBCD_June23.tc.TC002_DAMBasicDetails"/>
  <testcase name="basicDetails" time="190.075" classname="com.DAMBCD_June23.tc.TC002_DAMBasicDetails"/>
  <testcase name="basicDetails" time="192.155" classname="com.DAMBCD_June23.tc.TC002_DAMBasicDetails"/>
  <testcase name="basicDetails" time="169.664" classname="com.DAMBCD_June23.tc.TC002_DAMBasicDetails"/>
  <testcase name="basicDetails" time="189.808" classname="com.DAMBCD_June23.tc.TC002_DAMBasicDetails"/>
  <testcase name="basicDetails" time="170.317" classname="com.DAMBCD_June23.tc.TC002_DAMBasicDetails"/>
  <testcase name="basicDetails" time="170.047" classname="com.DAMBCD_June23.tc.TC002_DAMBasicDetails"/>
  <testcase name="basicDetails" time="189.868" classname="com.DAMBCD_June23.tc.TC002_DAMBasicDetails"/>
  <testcase name="basicDetails" time="169.868" classname="com.DAMBCD_June23.tc.TC002_DAMBasicDetails"/>
  <testcase name="basicDetails" time="167.753" classname="com.DAMBCD_June23.tc.TC002_DAMBasicDetails"/>
  <testcase name="basicDetails" time="189.854" classname="com.DAMBCD_June23.tc.TC002_DAMBasicDetails"/>
  <testcase name="basicDetails" time="167.632" classname="com.DAMBCD_June23.tc.TC002_DAMBasicDetails"/>
  <testcase name="basicDetails" time="169.796" classname="com.DAMBCD_June23.tc.TC002_DAMBasicDetails"/>
  <testcase name="basicDetails" time="189.990" classname="com.DAMBCD_June23.tc.TC002_DAMBasicDetails"/>
  <testcase name="basicDetails" time="167.930" classname="com.DAMBCD_June23.tc.TC002_DAMBasicDetails"/>
  <testcase name="basicDetails" time="192.941" classname="com.DAMBCD_June23.tc.TC002_DAMBasicDetails"/>
  <testcase name="basicDetails" time="189.710" classname="com.DAMBCD_June23.tc.TC002_DAMBasicDetails"/>
  <testcase name="basicDetails" time="189.844" classname="com.DAMBCD_June23.tc.TC002_DAMBasicDetails"/>
  <testcase name="basicDetails" time="189.916" classname="com.DAMBCD_June23.tc.TC002_DAMBasicDetails"/>
  <testcase name="basicDetails" time="167.214" classname="com.DAMBCD_June23.tc.TC002_DAMBasicDetails"/>
  <testcase name="basicDetails" time="167.639" classname="com.DAMBCD_June23.tc.TC002_DAMBasicDetails"/>
  <testcase name="basicDetails" time="192.342" classname="com.DAMBCD_June23.tc.TC002_DAMBasicDetails"/>
  <testcase name="basicDetails" time="189.581" classname="com.DAMBCD_June23.tc.TC002_DAMBasicDetails"/>
  <testcase name="basicDetails" time="169.728" classname="com.DAMBCD_June23.tc.TC002_DAMBasicDetails"/>
  <testcase name="basicDetails" time="192.341" classname="com.DAMBCD_June23.tc.TC002_DAMBasicDetails"/>
  <testcase name="basicDetails" time="189.829" classname="com.DAMBCD_June23.tc.TC002_DAMBasicDetails"/>
  <testcase name="basicDetails" time="167.359" classname="com.DAMBCD_June23.tc.TC002_DAMBasicDetails"/>
  <testcase name="basicDetails" time="189.862" classname="com.DAMBCD_June23.tc.TC002_DAMBasicDetails"/>
  <testcase name="basicDetails" time="162.052" classname="com.DAMBCD_June23.tc.TC002_DAMBasicDetails"/>
  <testcase name="basicDetails" time="167.223" classname="com.DAMBCD_June23.tc.TC002_DAMBasicDetails"/>
  <testcase name="basicDetails" time="189.873" classname="com.DAMBCD_June23.tc.TC002_DAMBasicDetails"/>
  <testcase name="basicDetails" time="167.288" classname="com.DAMBCD_June23.tc.TC002_DAMBasicDetails"/>
  <testcase name="basicDetails" time="169.694" classname="com.DAMBCD_June23.tc.TC002_DAMBasicDetails"/>
  <testcase name="basicDetails" time="189.656" classname="com.DAMBCD_June23.tc.TC002_DAMBasicDetails"/>
</testsuite> <!-- com.DAMBCD_June23.tc.TC002_DAMBasicDetails -->
