<?xml version="1.0" encoding="UTF-8"?>
<!-- Generated by org.testng.reporters.JUnitReportReporter -->
<testsuite skipped="0" hostname="MAA014482B" name="com.IP_22Feb23.tc.TC001_IBBasicDetails" tests="13" failures="0" timestamp="2023-02-22T16:18:45 IST" time="2042.211" errors="0">
  <testcase name="basicDetails" time="157.431" classname="com.IP_22Feb23.tc.TC001_IBBasicDetails"/>
  <testcase name="basicDetails" time="155.609" classname="com.IP_22Feb23.tc.TC001_IBBasicDetails"/>
  <testcase name="basicDetails" time="157.220" classname="com.IP_22Feb23.tc.TC001_IBBasicDetails"/>
  <testcase name="basicDetails" time="157.461" classname="com.IP_22Feb23.tc.TC001_IBBasicDetails"/>
  <testcase name="basicDetails" time="157.084" classname="com.IP_22Feb23.tc.TC001_IBBasicDetails"/>
  <testcase name="basicDetails" time="157.475" classname="com.IP_22Feb23.tc.TC001_IBBasicDetails"/>
  <testcase name="basicDetails" time="157.012" classname="com.IP_22Feb23.tc.TC001_IBBasicDetails"/>
  <testcase name="basicDetails" time="157.297" classname="com.IP_22Feb23.tc.TC001_IBBasicDetails"/>
  <testcase name="basicDetails" time="158.039" classname="com.IP_22Feb23.tc.TC001_IBBasicDetails"/>
  <testcase name="basicDetails" time="157.052" classname="com.IP_22Feb23.tc.TC001_IBBasicDetails"/>
  <testcase name="basicDetails" time="155.490" classname="com.IP_22Feb23.tc.TC001_IBBasicDetails"/>
  <testcase name="basicDetails" time="157.518" classname="com.IP_22Feb23.tc.TC001_IBBasicDetails"/>
  <testcase name="basicDetails" time="157.523" classname="com.IP_22Feb23.tc.TC001_IBBasicDetails"/>
</testsuite> <!-- com.IP_22Feb23.tc.TC001_IBBasicDetails -->
