<?xml version="1.0" encoding="UTF-8"?>
<!-- Generated by org.testng.reporters.JUnitReportReporter -->
<testsuite skipped="0" hostname="MAA014482B" name="com.IB_Feb23.tc.TC003_IBBasicDetails" tests="73" failures="0" timestamp="2023-02-20T18:53:20 IST" time="11889.750" errors="0">
  <testcase name="basicDetails" time="163.050" classname="com.IB_Feb23.tc.TC003_IBBasicDetails"/>
  <testcase name="basicDetails" time="163.279" classname="com.IB_Feb23.tc.TC003_IBBasicDetails"/>
  <testcase name="basicDetails" time="162.365" classname="com.IB_Feb23.tc.TC003_IBBasicDetails"/>
  <testcase name="basicDetails" time="163.676" classname="com.IB_Feb23.tc.TC003_IBBasicDetails"/>
  <testcase name="basicDetails" time="162.582" classname="com.IB_Feb23.tc.TC003_IBBasicDetails"/>
  <testcase name="basicDetails" time="162.098" classname="com.IB_Feb23.tc.TC003_IBBasicDetails"/>
  <testcase name="basicDetails" time="163.332" classname="com.IB_Feb23.tc.TC003_IBBasicDetails"/>
  <testcase name="basicDetails" time="162.026" classname="com.IB_Feb23.tc.TC003_IBBasicDetails"/>
  <testcase name="basicDetails" time="162.300" classname="com.IB_Feb23.tc.TC003_IBBasicDetails"/>
  <testcase name="basicDetails" time="162.739" classname="com.IB_Feb23.tc.TC003_IBBasicDetails"/>
  <testcase name="basicDetails" time="162.399" classname="com.IB_Feb23.tc.TC003_IBBasicDetails"/>
  <testcase name="basicDetails" time="163.858" classname="com.IB_Feb23.tc.TC003_IBBasicDetails"/>
  <testcase name="basicDetails" time="162.043" classname="com.IB_Feb23.tc.TC003_IBBasicDetails"/>
  <testcase name="basicDetails" time="163.336" classname="com.IB_Feb23.tc.TC003_IBBasicDetails"/>
  <testcase name="basicDetails" time="163.626" classname="com.IB_Feb23.tc.TC003_IBBasicDetails"/>
  <testcase name="basicDetails" time="163.295" classname="com.IB_Feb23.tc.TC003_IBBasicDetails"/>
  <testcase name="basicDetails" time="163.280" classname="com.IB_Feb23.tc.TC003_IBBasicDetails"/>
  <testcase name="basicDetails" time="161.837" classname="com.IB_Feb23.tc.TC003_IBBasicDetails"/>
  <testcase name="basicDetails" time="163.403" classname="com.IB_Feb23.tc.TC003_IBBasicDetails"/>
  <testcase name="basicDetails" time="162.597" classname="com.IB_Feb23.tc.TC003_IBBasicDetails"/>
  <testcase name="basicDetails" time="163.460" classname="com.IB_Feb23.tc.TC003_IBBasicDetails"/>
  <testcase name="basicDetails" time="163.225" classname="com.IB_Feb23.tc.TC003_IBBasicDetails"/>
  <testcase name="basicDetails" time="163.219" classname="com.IB_Feb23.tc.TC003_IBBasicDetails"/>
  <testcase name="basicDetails" time="162.131" classname="com.IB_Feb23.tc.TC003_IBBasicDetails"/>
  <testcase name="basicDetails" time="162.301" classname="com.IB_Feb23.tc.TC003_IBBasicDetails"/>
  <testcase name="basicDetails" time="163.735" classname="com.IB_Feb23.tc.TC003_IBBasicDetails"/>
  <testcase name="basicDetails" time="163.089" classname="com.IB_Feb23.tc.TC003_IBBasicDetails"/>
  <testcase name="basicDetails" time="163.480" classname="com.IB_Feb23.tc.TC003_IBBasicDetails"/>
  <testcase name="basicDetails" time="163.184" classname="com.IB_Feb23.tc.TC003_IBBasicDetails"/>
  <testcase name="basicDetails" time="163.681" classname="com.IB_Feb23.tc.TC003_IBBasicDetails"/>
  <testcase name="basicDetails" time="163.505" classname="com.IB_Feb23.tc.TC003_IBBasicDetails"/>
  <testcase name="basicDetails" time="163.364" classname="com.IB_Feb23.tc.TC003_IBBasicDetails"/>
  <testcase name="basicDetails" time="161.966" classname="com.IB_Feb23.tc.TC003_IBBasicDetails"/>
  <testcase name="basicDetails" time="161.822" classname="com.IB_Feb23.tc.TC003_IBBasicDetails"/>
  <testcase name="basicDetails" time="162.141" classname="com.IB_Feb23.tc.TC003_IBBasicDetails"/>
  <testcase name="basicDetails" time="162.295" classname="com.IB_Feb23.tc.TC003_IBBasicDetails"/>
  <testcase name="basicDetails" time="162.369" classname="com.IB_Feb23.tc.TC003_IBBasicDetails"/>
  <testcase name="basicDetails" time="162.039" classname="com.IB_Feb23.tc.TC003_IBBasicDetails"/>
  <testcase name="basicDetails" time="161.903" classname="com.IB_Feb23.tc.TC003_IBBasicDetails"/>
  <testcase name="basicDetails" time="163.061" classname="com.IB_Feb23.tc.TC003_IBBasicDetails"/>
  <testcase name="basicDetails" time="163.420" classname="com.IB_Feb23.tc.TC003_IBBasicDetails"/>
  <testcase name="basicDetails" time="162.075" classname="com.IB_Feb23.tc.TC003_IBBasicDetails"/>
  <testcase name="basicDetails" time="163.074" classname="com.IB_Feb23.tc.TC003_IBBasicDetails"/>
  <testcase name="basicDetails" time="162.432" classname="com.IB_Feb23.tc.TC003_IBBasicDetails"/>
  <testcase name="basicDetails" time="163.066" classname="com.IB_Feb23.tc.TC003_IBBasicDetails"/>
  <testcase name="basicDetails" time="163.632" classname="com.IB_Feb23.tc.TC003_IBBasicDetails"/>
  <testcase name="basicDetails" time="163.197" classname="com.IB_Feb23.tc.TC003_IBBasicDetails"/>
  <testcase name="basicDetails" time="163.289" classname="com.IB_Feb23.tc.TC003_IBBasicDetails"/>
  <testcase name="basicDetails" time="161.774" classname="com.IB_Feb23.tc.TC003_IBBasicDetails"/>
  <testcase name="basicDetails" time="162.593" classname="com.IB_Feb23.tc.TC003_IBBasicDetails"/>
  <testcase name="basicDetails" time="162.585" classname="com.IB_Feb23.tc.TC003_IBBasicDetails"/>
  <testcase name="basicDetails" time="163.075" classname="com.IB_Feb23.tc.TC003_IBBasicDetails"/>
  <testcase name="basicDetails" time="162.556" classname="com.IB_Feb23.tc.TC003_IBBasicDetails"/>
  <testcase name="basicDetails" time="162.149" classname="com.IB_Feb23.tc.TC003_IBBasicDetails"/>
  <testcase name="basicDetails" time="162.407" classname="com.IB_Feb23.tc.TC003_IBBasicDetails"/>
  <testcase name="basicDetails" time="163.043" classname="com.IB_Feb23.tc.TC003_IBBasicDetails"/>
  <testcase name="basicDetails" time="162.356" classname="com.IB_Feb23.tc.TC003_IBBasicDetails"/>
  <testcase name="basicDetails" time="162.159" classname="com.IB_Feb23.tc.TC003_IBBasicDetails"/>
  <testcase name="basicDetails" time="162.223" classname="com.IB_Feb23.tc.TC003_IBBasicDetails"/>
  <testcase name="basicDetails" time="162.318" classname="com.IB_Feb23.tc.TC003_IBBasicDetails"/>
  <testcase name="basicDetails" time="162.924" classname="com.IB_Feb23.tc.TC003_IBBasicDetails"/>
  <testcase name="basicDetails" time="162.054" classname="com.IB_Feb23.tc.TC003_IBBasicDetails"/>
  <testcase name="basicDetails" time="162.961" classname="com.IB_Feb23.tc.TC003_IBBasicDetails"/>
  <testcase name="basicDetails" time="161.890" classname="com.IB_Feb23.tc.TC003_IBBasicDetails"/>
  <testcase name="basicDetails" time="162.068" classname="com.IB_Feb23.tc.TC003_IBBasicDetails"/>
  <testcase name="basicDetails" time="162.129" classname="com.IB_Feb23.tc.TC003_IBBasicDetails"/>
  <testcase name="basicDetails" time="169.716" classname="com.IB_Feb23.tc.TC003_IBBasicDetails"/>
  <testcase name="basicDetails" time="163.560" classname="com.IB_Feb23.tc.TC003_IBBasicDetails"/>
  <testcase name="basicDetails" time="163.888" classname="com.IB_Feb23.tc.TC003_IBBasicDetails"/>
  <testcase name="basicDetails" time="163.260" classname="com.IB_Feb23.tc.TC003_IBBasicDetails"/>
  <testcase name="basicDetails" time="163.124" classname="com.IB_Feb23.tc.TC003_IBBasicDetails"/>
  <testcase name="basicDetails" time="161.919" classname="com.IB_Feb23.tc.TC003_IBBasicDetails"/>
  <testcase name="basicDetails" time="163.743" classname="com.IB_Feb23.tc.TC003_IBBasicDetails"/>
</testsuite> <!-- com.IB_Feb23.tc.TC003_IBBasicDetails -->
