<?xml version="1.0" encoding="UTF-8"?>
<!-- Generated by org.testng.reporters.JUnitReportReporter -->
<testsuite skipped="0" hostname="MAA014482B" name="com.SPMCIL_May23.tc.TC002_SPMCILBasicDetails" tests="146" failures="0" timestamp="2023-06-29T06:36:40 IST" time="23312.088" errors="0">
  <testcase name="basicDetails" time="158.378" classname="com.SPMCIL_May23.tc.TC002_SPMCILBasicDetails"/>
  <testcase name="basicDetails" time="158.219" classname="com.SPMCIL_May23.tc.TC002_SPMCILBasicDetails"/>
  <testcase name="basicDetails" time="158.403" classname="com.SPMCIL_May23.tc.TC002_SPMCILBasicDetails"/>
  <testcase name="basicDetails" time="158.183" classname="com.SPMCIL_May23.tc.TC002_SPMCILBasicDetails"/>
  <testcase name="basicDetails" time="158.413" classname="com.SPMCIL_May23.tc.TC002_SPMCILBasicDetails"/>
  <testcase name="basicDetails" time="186.110" classname="com.SPMCIL_May23.tc.TC002_SPMCILBasicDetails"/>
  <testcase name="basicDetails" time="158.847" classname="com.SPMCIL_May23.tc.TC002_SPMCILBasicDetails"/>
  <testcase name="basicDetails" time="157.912" classname="com.SPMCIL_May23.tc.TC002_SPMCILBasicDetails"/>
  <testcase name="basicDetails" time="158.458" classname="com.SPMCIL_May23.tc.TC002_SPMCILBasicDetails"/>
  <testcase name="basicDetails" time="158.366" classname="com.SPMCIL_May23.tc.TC002_SPMCILBasicDetails"/>
  <testcase name="basicDetails" time="158.371" classname="com.SPMCIL_May23.tc.TC002_SPMCILBasicDetails"/>
  <testcase name="basicDetails" time="158.382" classname="com.SPMCIL_May23.tc.TC002_SPMCILBasicDetails"/>
  <testcase name="basicDetails" time="158.568" classname="com.SPMCIL_May23.tc.TC002_SPMCILBasicDetails"/>
  <testcase name="basicDetails" time="158.341" classname="com.SPMCIL_May23.tc.TC002_SPMCILBasicDetails"/>
  <testcase name="basicDetails" time="158.063" classname="com.SPMCIL_May23.tc.TC002_SPMCILBasicDetails"/>
  <testcase name="basicDetails" time="158.244" classname="com.SPMCIL_May23.tc.TC002_SPMCILBasicDetails"/>
  <testcase name="basicDetails" time="158.617" classname="com.SPMCIL_May23.tc.TC002_SPMCILBasicDetails"/>
  <testcase name="basicDetails" time="158.531" classname="com.SPMCIL_May23.tc.TC002_SPMCILBasicDetails"/>
  <testcase name="basicDetails" time="158.327" classname="com.SPMCIL_May23.tc.TC002_SPMCILBasicDetails"/>
  <testcase name="basicDetails" time="158.101" classname="com.SPMCIL_May23.tc.TC002_SPMCILBasicDetails"/>
  <testcase name="basicDetails" time="158.206" classname="com.SPMCIL_May23.tc.TC002_SPMCILBasicDetails"/>
  <testcase name="basicDetails" time="158.418" classname="com.SPMCIL_May23.tc.TC002_SPMCILBasicDetails"/>
  <testcase name="basicDetails" time="185.588" classname="com.SPMCIL_May23.tc.TC002_SPMCILBasicDetails"/>
  <testcase name="basicDetails" time="157.939" classname="com.SPMCIL_May23.tc.TC002_SPMCILBasicDetails"/>
  <testcase name="basicDetails" time="158.469" classname="com.SPMCIL_May23.tc.TC002_SPMCILBasicDetails"/>
  <testcase name="basicDetails" time="157.982" classname="com.SPMCIL_May23.tc.TC002_SPMCILBasicDetails"/>
  <testcase name="basicDetails" time="158.398" classname="com.SPMCIL_May23.tc.TC002_SPMCILBasicDetails"/>
  <testcase name="basicDetails" time="158.542" classname="com.SPMCIL_May23.tc.TC002_SPMCILBasicDetails"/>
  <testcase name="basicDetails" time="158.518" classname="com.SPMCIL_May23.tc.TC002_SPMCILBasicDetails"/>
  <testcase name="basicDetails" time="158.216" classname="com.SPMCIL_May23.tc.TC002_SPMCILBasicDetails"/>
  <testcase name="basicDetails" time="158.246" classname="com.SPMCIL_May23.tc.TC002_SPMCILBasicDetails"/>
  <testcase name="basicDetails" time="158.249" classname="com.SPMCIL_May23.tc.TC002_SPMCILBasicDetails"/>
  <testcase name="basicDetails" time="158.379" classname="com.SPMCIL_May23.tc.TC002_SPMCILBasicDetails"/>
  <testcase name="basicDetails" time="158.263" classname="com.SPMCIL_May23.tc.TC002_SPMCILBasicDetails"/>
  <testcase name="basicDetails" time="157.879" classname="com.SPMCIL_May23.tc.TC002_SPMCILBasicDetails"/>
  <testcase name="basicDetails" time="158.597" classname="com.SPMCIL_May23.tc.TC002_SPMCILBasicDetails"/>
  <testcase name="basicDetails" time="158.408" classname="com.SPMCIL_May23.tc.TC002_SPMCILBasicDetails"/>
  <testcase name="basicDetails" time="158.183" classname="com.SPMCIL_May23.tc.TC002_SPMCILBasicDetails"/>
  <testcase name="basicDetails" time="158.365" classname="com.SPMCIL_May23.tc.TC002_SPMCILBasicDetails"/>
  <testcase name="basicDetails" time="186.150" classname="com.SPMCIL_May23.tc.TC002_SPMCILBasicDetails"/>
  <testcase name="basicDetails" time="158.087" classname="com.SPMCIL_May23.tc.TC002_SPMCILBasicDetails"/>
  <testcase name="basicDetails" time="158.092" classname="com.SPMCIL_May23.tc.TC002_SPMCILBasicDetails"/>
  <testcase name="basicDetails" time="157.873" classname="com.SPMCIL_May23.tc.TC002_SPMCILBasicDetails"/>
  <testcase name="basicDetails" time="157.982" classname="com.SPMCIL_May23.tc.TC002_SPMCILBasicDetails"/>
  <testcase name="basicDetails" time="158.109" classname="com.SPMCIL_May23.tc.TC002_SPMCILBasicDetails"/>
  <testcase name="basicDetails" time="186.456" classname="com.SPMCIL_May23.tc.TC002_SPMCILBasicDetails"/>
  <testcase name="basicDetails" time="158.183" classname="com.SPMCIL_May23.tc.TC002_SPMCILBasicDetails"/>
  <testcase name="basicDetails" time="158.310" classname="com.SPMCIL_May23.tc.TC002_SPMCILBasicDetails"/>
  <testcase name="basicDetails" time="158.028" classname="com.SPMCIL_May23.tc.TC002_SPMCILBasicDetails"/>
  <testcase name="basicDetails" time="158.457" classname="com.SPMCIL_May23.tc.TC002_SPMCILBasicDetails"/>
  <testcase name="basicDetails" time="158.162" classname="com.SPMCIL_May23.tc.TC002_SPMCILBasicDetails"/>
  <testcase name="basicDetails" time="158.263" classname="com.SPMCIL_May23.tc.TC002_SPMCILBasicDetails"/>
  <testcase name="basicDetails" time="158.218" classname="com.SPMCIL_May23.tc.TC002_SPMCILBasicDetails"/>
  <testcase name="basicDetails" time="158.237" classname="com.SPMCIL_May23.tc.TC002_SPMCILBasicDetails"/>
  <testcase name="basicDetails" time="158.312" classname="com.SPMCIL_May23.tc.TC002_SPMCILBasicDetails"/>
  <testcase name="basicDetails" time="158.064" classname="com.SPMCIL_May23.tc.TC002_SPMCILBasicDetails"/>
  <testcase name="basicDetails" time="157.955" classname="com.SPMCIL_May23.tc.TC002_SPMCILBasicDetails"/>
  <testcase name="basicDetails" time="157.992" classname="com.SPMCIL_May23.tc.TC002_SPMCILBasicDetails"/>
  <testcase name="basicDetails" time="186.457" classname="com.SPMCIL_May23.tc.TC002_SPMCILBasicDetails"/>
  <testcase name="basicDetails" time="158.574" classname="com.SPMCIL_May23.tc.TC002_SPMCILBasicDetails"/>
  <testcase name="basicDetails" time="158.469" classname="com.SPMCIL_May23.tc.TC002_SPMCILBasicDetails"/>
  <testcase name="basicDetails" time="157.937" classname="com.SPMCIL_May23.tc.TC002_SPMCILBasicDetails"/>
  <testcase name="basicDetails" time="158.242" classname="com.SPMCIL_May23.tc.TC002_SPMCILBasicDetails"/>
  <testcase name="basicDetails" time="158.088" classname="com.SPMCIL_May23.tc.TC002_SPMCILBasicDetails"/>
  <testcase name="basicDetails" time="158.394" classname="com.SPMCIL_May23.tc.TC002_SPMCILBasicDetails"/>
  <testcase name="basicDetails" time="158.745" classname="com.SPMCIL_May23.tc.TC002_SPMCILBasicDetails"/>
  <testcase name="basicDetails" time="158.266" classname="com.SPMCIL_May23.tc.TC002_SPMCILBasicDetails"/>
  <testcase name="basicDetails" time="158.559" classname="com.SPMCIL_May23.tc.TC002_SPMCILBasicDetails"/>
  <testcase name="basicDetails" time="158.322" classname="com.SPMCIL_May23.tc.TC002_SPMCILBasicDetails"/>
  <testcase name="basicDetails" time="158.281" classname="com.SPMCIL_May23.tc.TC002_SPMCILBasicDetails"/>
  <testcase name="basicDetails" time="158.504" classname="com.SPMCIL_May23.tc.TC002_SPMCILBasicDetails"/>
  <testcase name="basicDetails" time="158.345" classname="com.SPMCIL_May23.tc.TC002_SPMCILBasicDetails"/>
  <testcase name="basicDetails" time="158.144" classname="com.SPMCIL_May23.tc.TC002_SPMCILBasicDetails"/>
  <testcase name="basicDetails" time="158.665" classname="com.SPMCIL_May23.tc.TC002_SPMCILBasicDetails"/>
  <testcase name="basicDetails" time="158.461" classname="com.SPMCIL_May23.tc.TC002_SPMCILBasicDetails"/>
  <testcase name="basicDetails" time="158.099" classname="com.SPMCIL_May23.tc.TC002_SPMCILBasicDetails"/>
  <testcase name="basicDetails" time="158.267" classname="com.SPMCIL_May23.tc.TC002_SPMCILBasicDetails"/>
  <testcase name="basicDetails" time="157.958" classname="com.SPMCIL_May23.tc.TC002_SPMCILBasicDetails"/>
  <testcase name="basicDetails" time="158.304" classname="com.SPMCIL_May23.tc.TC002_SPMCILBasicDetails"/>
  <testcase name="basicDetails" time="157.696" classname="com.SPMCIL_May23.tc.TC002_SPMCILBasicDetails"/>
  <testcase name="basicDetails" time="158.094" classname="com.SPMCIL_May23.tc.TC002_SPMCILBasicDetails"/>
  <testcase name="basicDetails" time="158.130" classname="com.SPMCIL_May23.tc.TC002_SPMCILBasicDetails"/>
  <testcase name="basicDetails" time="158.490" classname="com.SPMCIL_May23.tc.TC002_SPMCILBasicDetails"/>
  <testcase name="basicDetails" time="158.136" classname="com.SPMCIL_May23.tc.TC002_SPMCILBasicDetails"/>
  <testcase name="basicDetails" time="158.345" classname="com.SPMCIL_May23.tc.TC002_SPMCILBasicDetails"/>
  <testcase name="basicDetails" time="158.380" classname="com.SPMCIL_May23.tc.TC002_SPMCILBasicDetails"/>
  <testcase name="basicDetails" time="158.626" classname="com.SPMCIL_May23.tc.TC002_SPMCILBasicDetails"/>
  <testcase name="basicDetails" time="158.398" classname="com.SPMCIL_May23.tc.TC002_SPMCILBasicDetails"/>
  <testcase name="basicDetails" time="157.930" classname="com.SPMCIL_May23.tc.TC002_SPMCILBasicDetails"/>
  <testcase name="basicDetails" time="158.325" classname="com.SPMCIL_May23.tc.TC002_SPMCILBasicDetails"/>
  <testcase name="basicDetails" time="158.271" classname="com.SPMCIL_May23.tc.TC002_SPMCILBasicDetails"/>
  <testcase name="basicDetails" time="158.317" classname="com.SPMCIL_May23.tc.TC002_SPMCILBasicDetails"/>
  <testcase name="basicDetails" time="158.754" classname="com.SPMCIL_May23.tc.TC002_SPMCILBasicDetails"/>
  <testcase name="basicDetails" time="158.085" classname="com.SPMCIL_May23.tc.TC002_SPMCILBasicDetails"/>
  <testcase name="basicDetails" time="158.385" classname="com.SPMCIL_May23.tc.TC002_SPMCILBasicDetails"/>
  <testcase name="basicDetails" time="158.619" classname="com.SPMCIL_May23.tc.TC002_SPMCILBasicDetails"/>
  <testcase name="basicDetails" time="157.811" classname="com.SPMCIL_May23.tc.TC002_SPMCILBasicDetails"/>
  <testcase name="basicDetails" time="157.953" classname="com.SPMCIL_May23.tc.TC002_SPMCILBasicDetails"/>
  <testcase name="basicDetails" time="158.403" classname="com.SPMCIL_May23.tc.TC002_SPMCILBasicDetails"/>
  <testcase name="basicDetails" time="158.613" classname="com.SPMCIL_May23.tc.TC002_SPMCILBasicDetails"/>
  <testcase name="basicDetails" time="158.112" classname="com.SPMCIL_May23.tc.TC002_SPMCILBasicDetails"/>
  <testcase name="basicDetails" time="158.259" classname="com.SPMCIL_May23.tc.TC002_SPMCILBasicDetails"/>
  <testcase name="basicDetails" time="158.422" classname="com.SPMCIL_May23.tc.TC002_SPMCILBasicDetails"/>
  <testcase name="basicDetails" time="158.623" classname="com.SPMCIL_May23.tc.TC002_SPMCILBasicDetails"/>
  <testcase name="basicDetails" time="158.434" classname="com.SPMCIL_May23.tc.TC002_SPMCILBasicDetails"/>
  <testcase name="basicDetails" time="158.491" classname="com.SPMCIL_May23.tc.TC002_SPMCILBasicDetails"/>
  <testcase name="basicDetails" time="158.236" classname="com.SPMCIL_May23.tc.TC002_SPMCILBasicDetails"/>
  <testcase name="basicDetails" time="158.303" classname="com.SPMCIL_May23.tc.TC002_SPMCILBasicDetails"/>
  <testcase name="basicDetails" time="158.217" classname="com.SPMCIL_May23.tc.TC002_SPMCILBasicDetails"/>
  <testcase name="basicDetails" time="158.531" classname="com.SPMCIL_May23.tc.TC002_SPMCILBasicDetails"/>
  <testcase name="basicDetails" time="158.149" classname="com.SPMCIL_May23.tc.TC002_SPMCILBasicDetails"/>
  <testcase name="basicDetails" time="158.507" classname="com.SPMCIL_May23.tc.TC002_SPMCILBasicDetails"/>
  <testcase name="basicDetails" time="158.629" classname="com.SPMCIL_May23.tc.TC002_SPMCILBasicDetails"/>
  <testcase name="basicDetails" time="158.127" classname="com.SPMCIL_May23.tc.TC002_SPMCILBasicDetails"/>
  <testcase name="basicDetails" time="158.506" classname="com.SPMCIL_May23.tc.TC002_SPMCILBasicDetails"/>
  <testcase name="basicDetails" time="158.470" classname="com.SPMCIL_May23.tc.TC002_SPMCILBasicDetails"/>
  <testcase name="basicDetails" time="158.221" classname="com.SPMCIL_May23.tc.TC002_SPMCILBasicDetails"/>
  <testcase name="basicDetails" time="185.928" classname="com.SPMCIL_May23.tc.TC002_SPMCILBasicDetails"/>
  <testcase name="basicDetails" time="158.190" classname="com.SPMCIL_May23.tc.TC002_SPMCILBasicDetails"/>
  <testcase name="basicDetails" time="158.161" classname="com.SPMCIL_May23.tc.TC002_SPMCILBasicDetails"/>
  <testcase name="basicDetails" time="158.534" classname="com.SPMCIL_May23.tc.TC002_SPMCILBasicDetails"/>
  <testcase name="basicDetails" time="158.318" classname="com.SPMCIL_May23.tc.TC002_SPMCILBasicDetails"/>
  <testcase name="basicDetails" time="158.444" classname="com.SPMCIL_May23.tc.TC002_SPMCILBasicDetails"/>
  <testcase name="basicDetails" time="163.590" classname="com.SPMCIL_May23.tc.TC002_SPMCILBasicDetails"/>
  <testcase name="basicDetails" time="158.361" classname="com.SPMCIL_May23.tc.TC002_SPMCILBasicDetails"/>
  <testcase name="basicDetails" time="158.141" classname="com.SPMCIL_May23.tc.TC002_SPMCILBasicDetails"/>
  <testcase name="basicDetails" time="158.246" classname="com.SPMCIL_May23.tc.TC002_SPMCILBasicDetails"/>
  <testcase name="basicDetails" time="158.462" classname="com.SPMCIL_May23.tc.TC002_SPMCILBasicDetails"/>
  <testcase name="basicDetails" time="158.478" classname="com.SPMCIL_May23.tc.TC002_SPMCILBasicDetails"/>
  <testcase name="basicDetails" time="158.358" classname="com.SPMCIL_May23.tc.TC002_SPMCILBasicDetails"/>
  <testcase name="basicDetails" time="186.070" classname="com.SPMCIL_May23.tc.TC002_SPMCILBasicDetails"/>
  <testcase name="basicDetails" time="158.581" classname="com.SPMCIL_May23.tc.TC002_SPMCILBasicDetails"/>
  <testcase name="basicDetails" time="157.966" classname="com.SPMCIL_May23.tc.TC002_SPMCILBasicDetails"/>
  <testcase name="basicDetails" time="158.569" classname="com.SPMCIL_May23.tc.TC002_SPMCILBasicDetails"/>
  <testcase name="basicDetails" time="158.329" classname="com.SPMCIL_May23.tc.TC002_SPMCILBasicDetails"/>
  <testcase name="basicDetails" time="158.425" classname="com.SPMCIL_May23.tc.TC002_SPMCILBasicDetails"/>
  <testcase name="basicDetails" time="158.153" classname="com.SPMCIL_May23.tc.TC002_SPMCILBasicDetails"/>
  <testcase name="basicDetails" time="158.699" classname="com.SPMCIL_May23.tc.TC002_SPMCILBasicDetails"/>
  <testcase name="basicDetails" time="158.611" classname="com.SPMCIL_May23.tc.TC002_SPMCILBasicDetails"/>
  <testcase name="basicDetails" time="158.033" classname="com.SPMCIL_May23.tc.TC002_SPMCILBasicDetails"/>
  <testcase name="basicDetails" time="157.882" classname="com.SPMCIL_May23.tc.TC002_SPMCILBasicDetails"/>
  <testcase name="basicDetails" time="158.617" classname="com.SPMCIL_May23.tc.TC002_SPMCILBasicDetails"/>
  <testcase name="basicDetails" time="158.323" classname="com.SPMCIL_May23.tc.TC002_SPMCILBasicDetails"/>
  <testcase name="basicDetails" time="158.338" classname="com.SPMCIL_May23.tc.TC002_SPMCILBasicDetails"/>
  <testcase name="basicDetails" time="158.694" classname="com.SPMCIL_May23.tc.TC002_SPMCILBasicDetails"/>
  <testcase name="basicDetails" time="157.895" classname="com.SPMCIL_May23.tc.TC002_SPMCILBasicDetails"/>
</testsuite> <!-- com.SPMCIL_May23.tc.TC002_SPMCILBasicDetails -->
