<?xml version="1.0" encoding="UTF-8"?>
<!-- Generated by org.testng.reporters.JUnitReportReporter -->
<testsuite skipped="0" hostname="MAA011276B" name="test.RunClass" tests="1" failures="0" timestamp="18 Jul 2019 12:03:17 GMT" time="0.011" errors="0">
  <testcase name="alertSnap" time="0.011" classname="test.RunClass"/>
</testsuite> <!-- test.RunClass -->
