<?xml version="1.0" encoding="UTF-8"?>
<!-- Generated by org.testng.reporters.JUnitReportReporter -->
<testsuite skipped="0" hostname="MAA014482B" name="com.DCCB.tc.TC003_DCCBBasicDetails" tests="118" failures="0" timestamp="2022-08-04T05:35:40 IST" time="15176.171" errors="0">
  <testcase name="basicDetails" time="131.688" classname="com.DCCB.tc.TC003_DCCBBasicDetails"/>
  <testcase name="basicDetails" time="124.789" classname="com.DCCB.tc.TC003_DCCBBasicDetails"/>
  <testcase name="basicDetails" time="131.537" classname="com.DCCB.tc.TC003_DCCBBasicDetails"/>
  <testcase name="basicDetails" time="130.890" classname="com.DCCB.tc.TC003_DCCBBasicDetails"/>
  <testcase name="basicDetails" time="125.792" classname="com.DCCB.tc.TC003_DCCBBasicDetails"/>
  <testcase name="basicDetails" time="131.274" classname="com.DCCB.tc.TC003_DCCBBasicDetails"/>
  <testcase name="basicDetails" time="125.673" classname="com.DCCB.tc.TC003_DCCBBasicDetails"/>
  <testcase name="basicDetails" time="131.080" classname="com.DCCB.tc.TC003_DCCBBasicDetails"/>
  <testcase name="basicDetails" time="125.539" classname="com.DCCB.tc.TC003_DCCBBasicDetails"/>
  <testcase name="basicDetails" time="126.323" classname="com.DCCB.tc.TC003_DCCBBasicDetails"/>
  <testcase name="basicDetails" time="131.351" classname="com.DCCB.tc.TC003_DCCBBasicDetails"/>
  <testcase name="basicDetails" time="131.120" classname="com.DCCB.tc.TC003_DCCBBasicDetails"/>
  <testcase name="basicDetails" time="125.761" classname="com.DCCB.tc.TC003_DCCBBasicDetails"/>
  <testcase name="basicDetails" time="125.936" classname="com.DCCB.tc.TC003_DCCBBasicDetails"/>
  <testcase name="basicDetails" time="124.797" classname="com.DCCB.tc.TC003_DCCBBasicDetails"/>
  <testcase name="basicDetails" time="132.483" classname="com.DCCB.tc.TC003_DCCBBasicDetails"/>
  <testcase name="basicDetails" time="131.465" classname="com.DCCB.tc.TC003_DCCBBasicDetails"/>
  <testcase name="basicDetails" time="131.357" classname="com.DCCB.tc.TC003_DCCBBasicDetails"/>
  <testcase name="basicDetails" time="124.750" classname="com.DCCB.tc.TC003_DCCBBasicDetails"/>
  <testcase name="basicDetails" time="126.012" classname="com.DCCB.tc.TC003_DCCBBasicDetails"/>
  <testcase name="basicDetails" time="124.643" classname="com.DCCB.tc.TC003_DCCBBasicDetails"/>
  <testcase name="basicDetails" time="124.945" classname="com.DCCB.tc.TC003_DCCBBasicDetails"/>
  <testcase name="basicDetails" time="130.990" classname="com.DCCB.tc.TC003_DCCBBasicDetails"/>
  <testcase name="basicDetails" time="125.965" classname="com.DCCB.tc.TC003_DCCBBasicDetails"/>
  <testcase name="basicDetails" time="126.371" classname="com.DCCB.tc.TC003_DCCBBasicDetails"/>
  <testcase name="basicDetails" time="125.005" classname="com.DCCB.tc.TC003_DCCBBasicDetails"/>
  <testcase name="basicDetails" time="124.859" classname="com.DCCB.tc.TC003_DCCBBasicDetails"/>
  <testcase name="basicDetails" time="131.609" classname="com.DCCB.tc.TC003_DCCBBasicDetails"/>
  <testcase name="basicDetails" time="131.131" classname="com.DCCB.tc.TC003_DCCBBasicDetails"/>
  <testcase name="basicDetails" time="131.135" classname="com.DCCB.tc.TC003_DCCBBasicDetails"/>
  <testcase name="basicDetails" time="130.869" classname="com.DCCB.tc.TC003_DCCBBasicDetails"/>
  <testcase name="basicDetails" time="124.799" classname="com.DCCB.tc.TC003_DCCBBasicDetails"/>
  <testcase name="basicDetails" time="124.713" classname="com.DCCB.tc.TC003_DCCBBasicDetails"/>
  <testcase name="basicDetails" time="132.670" classname="com.DCCB.tc.TC003_DCCBBasicDetails"/>
  <testcase name="basicDetails" time="131.239" classname="com.DCCB.tc.TC003_DCCBBasicDetails"/>
  <testcase name="basicDetails" time="124.531" classname="com.DCCB.tc.TC003_DCCBBasicDetails"/>
  <testcase name="basicDetails" time="124.601" classname="com.DCCB.tc.TC003_DCCBBasicDetails"/>
  <testcase name="basicDetails" time="130.989" classname="com.DCCB.tc.TC003_DCCBBasicDetails"/>
  <testcase name="basicDetails" time="131.308" classname="com.DCCB.tc.TC003_DCCBBasicDetails"/>
  <testcase name="basicDetails" time="131.652" classname="com.DCCB.tc.TC003_DCCBBasicDetails"/>
  <testcase name="basicDetails" time="125.925" classname="com.DCCB.tc.TC003_DCCBBasicDetails"/>
  <testcase name="basicDetails" time="124.493" classname="com.DCCB.tc.TC003_DCCBBasicDetails"/>
  <testcase name="basicDetails" time="131.045" classname="com.DCCB.tc.TC003_DCCBBasicDetails"/>
  <testcase name="basicDetails" time="130.921" classname="com.DCCB.tc.TC003_DCCBBasicDetails"/>
  <testcase name="basicDetails" time="124.418" classname="com.DCCB.tc.TC003_DCCBBasicDetails"/>
  <testcase name="basicDetails" time="131.394" classname="com.DCCB.tc.TC003_DCCBBasicDetails"/>
  <testcase name="basicDetails" time="131.226" classname="com.DCCB.tc.TC003_DCCBBasicDetails"/>
  <testcase name="basicDetails" time="125.212" classname="com.DCCB.tc.TC003_DCCBBasicDetails"/>
  <testcase name="basicDetails" time="125.165" classname="com.DCCB.tc.TC003_DCCBBasicDetails"/>
  <testcase name="basicDetails" time="125.033" classname="com.DCCB.tc.TC003_DCCBBasicDetails"/>
  <testcase name="basicDetails" time="132.202" classname="com.DCCB.tc.TC003_DCCBBasicDetails"/>
  <testcase name="basicDetails" time="124.818" classname="com.DCCB.tc.TC003_DCCBBasicDetails"/>
  <testcase name="basicDetails" time="125.875" classname="com.DCCB.tc.TC003_DCCBBasicDetails"/>
  <testcase name="basicDetails" time="131.143" classname="com.DCCB.tc.TC003_DCCBBasicDetails"/>
  <testcase name="basicDetails" time="124.400" classname="com.DCCB.tc.TC003_DCCBBasicDetails"/>
  <testcase name="basicDetails" time="131.690" classname="com.DCCB.tc.TC003_DCCBBasicDetails"/>
  <testcase name="basicDetails" time="124.701" classname="com.DCCB.tc.TC003_DCCBBasicDetails"/>
  <testcase name="basicDetails" time="132.708" classname="com.DCCB.tc.TC003_DCCBBasicDetails"/>
  <testcase name="basicDetails" time="131.329" classname="com.DCCB.tc.TC003_DCCBBasicDetails"/>
  <testcase name="basicDetails" time="131.268" classname="com.DCCB.tc.TC003_DCCBBasicDetails"/>
  <testcase name="basicDetails" time="131.351" classname="com.DCCB.tc.TC003_DCCBBasicDetails"/>
  <testcase name="basicDetails" time="131.639" classname="com.DCCB.tc.TC003_DCCBBasicDetails"/>
  <testcase name="basicDetails" time="124.552" classname="com.DCCB.tc.TC003_DCCBBasicDetails"/>
  <testcase name="basicDetails" time="131.162" classname="com.DCCB.tc.TC003_DCCBBasicDetails"/>
  <testcase name="basicDetails" time="125.118" classname="com.DCCB.tc.TC003_DCCBBasicDetails"/>
  <testcase name="basicDetails" time="125.385" classname="com.DCCB.tc.TC003_DCCBBasicDetails"/>
  <testcase name="basicDetails" time="124.481" classname="com.DCCB.tc.TC003_DCCBBasicDetails"/>
  <testcase name="basicDetails" time="131.265" classname="com.DCCB.tc.TC003_DCCBBasicDetails"/>
  <testcase name="basicDetails" time="124.711" classname="com.DCCB.tc.TC003_DCCBBasicDetails"/>
  <testcase name="basicDetails" time="132.297" classname="com.DCCB.tc.TC003_DCCBBasicDetails"/>
  <testcase name="basicDetails" time="130.967" classname="com.DCCB.tc.TC003_DCCBBasicDetails"/>
  <testcase name="basicDetails" time="131.396" classname="com.DCCB.tc.TC003_DCCBBasicDetails"/>
  <testcase name="basicDetails" time="124.584" classname="com.DCCB.tc.TC003_DCCBBasicDetails"/>
  <testcase name="basicDetails" time="131.112" classname="com.DCCB.tc.TC003_DCCBBasicDetails"/>
  <testcase name="basicDetails" time="130.973" classname="com.DCCB.tc.TC003_DCCBBasicDetails"/>
  <testcase name="basicDetails" time="131.167" classname="com.DCCB.tc.TC003_DCCBBasicDetails"/>
  <testcase name="basicDetails" time="125.773" classname="com.DCCB.tc.TC003_DCCBBasicDetails"/>
  <testcase name="basicDetails" time="131.039" classname="com.DCCB.tc.TC003_DCCBBasicDetails"/>
  <testcase name="basicDetails" time="124.759" classname="com.DCCB.tc.TC003_DCCBBasicDetails"/>
  <testcase name="basicDetails" time="131.297" classname="com.DCCB.tc.TC003_DCCBBasicDetails"/>
  <testcase name="basicDetails" time="131.338" classname="com.DCCB.tc.TC003_DCCBBasicDetails"/>
  <testcase name="basicDetails" time="131.115" classname="com.DCCB.tc.TC003_DCCBBasicDetails"/>
  <testcase name="basicDetails" time="135.653" classname="com.DCCB.tc.TC003_DCCBBasicDetails"/>
  <testcase name="basicDetails" time="124.646" classname="com.DCCB.tc.TC003_DCCBBasicDetails"/>
  <testcase name="basicDetails" time="131.621" classname="com.DCCB.tc.TC003_DCCBBasicDetails"/>
  <testcase name="basicDetails" time="131.812" classname="com.DCCB.tc.TC003_DCCBBasicDetails"/>
  <testcase name="basicDetails" time="132.176" classname="com.DCCB.tc.TC003_DCCBBasicDetails"/>
  <testcase name="basicDetails" time="130.988" classname="com.DCCB.tc.TC003_DCCBBasicDetails"/>
  <testcase name="basicDetails" time="124.801" classname="com.DCCB.tc.TC003_DCCBBasicDetails"/>
  <testcase name="basicDetails" time="131.542" classname="com.DCCB.tc.TC003_DCCBBasicDetails"/>
  <testcase name="basicDetails" time="132.701" classname="com.DCCB.tc.TC003_DCCBBasicDetails"/>
  <testcase name="basicDetails" time="125.681" classname="com.DCCB.tc.TC003_DCCBBasicDetails"/>
  <testcase name="basicDetails" time="124.564" classname="com.DCCB.tc.TC003_DCCBBasicDetails"/>
  <testcase name="basicDetails" time="124.806" classname="com.DCCB.tc.TC003_DCCBBasicDetails"/>
  <testcase name="basicDetails" time="132.335" classname="com.DCCB.tc.TC003_DCCBBasicDetails"/>
  <testcase name="basicDetails" time="124.420" classname="com.DCCB.tc.TC003_DCCBBasicDetails"/>
  <testcase name="basicDetails" time="131.038" classname="com.DCCB.tc.TC003_DCCBBasicDetails"/>
  <testcase name="basicDetails" time="124.592" classname="com.DCCB.tc.TC003_DCCBBasicDetails"/>
  <testcase name="basicDetails" time="132.401" classname="com.DCCB.tc.TC003_DCCBBasicDetails"/>
  <testcase name="basicDetails" time="132.338" classname="com.DCCB.tc.TC003_DCCBBasicDetails"/>
  <testcase name="basicDetails" time="124.818" classname="com.DCCB.tc.TC003_DCCBBasicDetails"/>
  <testcase name="basicDetails" time="125.196" classname="com.DCCB.tc.TC003_DCCBBasicDetails"/>
  <testcase name="basicDetails" time="124.601" classname="com.DCCB.tc.TC003_DCCBBasicDetails"/>
  <testcase name="basicDetails" time="124.841" classname="com.DCCB.tc.TC003_DCCBBasicDetails"/>
  <testcase name="basicDetails" time="133.182" classname="com.DCCB.tc.TC003_DCCBBasicDetails"/>
  <testcase name="basicDetails" time="131.128" classname="com.DCCB.tc.TC003_DCCBBasicDetails"/>
  <testcase name="basicDetails" time="130.999" classname="com.DCCB.tc.TC003_DCCBBasicDetails"/>
  <testcase name="basicDetails" time="132.542" classname="com.DCCB.tc.TC003_DCCBBasicDetails"/>
  <testcase name="basicDetails" time="124.544" classname="com.DCCB.tc.TC003_DCCBBasicDetails"/>
  <testcase name="basicDetails" time="131.441" classname="com.DCCB.tc.TC003_DCCBBasicDetails"/>
  <testcase name="basicDetails" time="124.836" classname="com.DCCB.tc.TC003_DCCBBasicDetails"/>
  <testcase name="basicDetails" time="124.537" classname="com.DCCB.tc.TC003_DCCBBasicDetails"/>
  <testcase name="basicDetails" time="132.573" classname="com.DCCB.tc.TC003_DCCBBasicDetails"/>
  <testcase name="basicDetails" time="131.305" classname="com.DCCB.tc.TC003_DCCBBasicDetails"/>
  <testcase name="basicDetails" time="125.802" classname="com.DCCB.tc.TC003_DCCBBasicDetails"/>
  <testcase name="basicDetails" time="132.683" classname="com.DCCB.tc.TC003_DCCBBasicDetails"/>
  <testcase name="basicDetails" time="132.509" classname="com.DCCB.tc.TC003_DCCBBasicDetails"/>
  <testcase name="basicDetails" time="124.431" classname="com.DCCB.tc.TC003_DCCBBasicDetails"/>
</testsuite> <!-- com.DCCB.tc.TC003_DCCBBasicDetails -->
