<?xml version="1.0" encoding="UTF-8"?>
<!-- Generated by org.testng.reporters.JUnitReportReporter -->
<testsuite skipped="0" hostname="MAA014482B" name="com.CRRB_27May22.tc.TC005_CRRBBasicDetails" tests="27" failures="0" timestamp="2022-05-30T12:02:39 IST" time="3239.245" errors="0">
  <testcase name="basicDetails" time="118.833" classname="com.CRRB_27May22.tc.TC005_CRRBBasicDetails"/>
  <testcase name="basicDetails" time="120.843" classname="com.CRRB_27May22.tc.TC005_CRRBBasicDetails"/>
  <testcase name="basicDetails" time="119.087" classname="com.CRRB_27May22.tc.TC005_CRRBBasicDetails"/>
  <testcase name="basicDetails" time="120.906" classname="com.CRRB_27May22.tc.TC005_CRRBBasicDetails"/>
  <testcase name="basicDetails" time="120.724" classname="com.CRRB_27May22.tc.TC005_CRRBBasicDetails"/>
  <testcase name="basicDetails" time="120.690" classname="com.CRRB_27May22.tc.TC005_CRRBBasicDetails"/>
  <testcase name="basicDetails" time="121.648" classname="com.CRRB_27May22.tc.TC005_CRRBBasicDetails"/>
  <testcase name="basicDetails" time="120.645" classname="com.CRRB_27May22.tc.TC005_CRRBBasicDetails"/>
  <testcase name="basicDetails" time="119.328" classname="com.CRRB_27May22.tc.TC005_CRRBBasicDetails"/>
  <testcase name="basicDetails" time="118.950" classname="com.CRRB_27May22.tc.TC005_CRRBBasicDetails"/>
  <testcase name="basicDetails" time="120.918" classname="com.CRRB_27May22.tc.TC005_CRRBBasicDetails"/>
  <testcase name="basicDetails" time="120.584" classname="com.CRRB_27May22.tc.TC005_CRRBBasicDetails"/>
  <testcase name="basicDetails" time="121.985" classname="com.CRRB_27May22.tc.TC005_CRRBBasicDetails"/>
  <testcase name="basicDetails" time="121.151" classname="com.CRRB_27May22.tc.TC005_CRRBBasicDetails"/>
  <testcase name="basicDetails" time="118.319" classname="com.CRRB_27May22.tc.TC005_CRRBBasicDetails"/>
  <testcase name="basicDetails" time="119.235" classname="com.CRRB_27May22.tc.TC005_CRRBBasicDetails"/>
  <testcase name="basicDetails" time="118.706" classname="com.CRRB_27May22.tc.TC005_CRRBBasicDetails"/>
  <testcase name="basicDetails" time="118.674" classname="com.CRRB_27May22.tc.TC005_CRRBBasicDetails"/>
  <testcase name="basicDetails" time="120.968" classname="com.CRRB_27May22.tc.TC005_CRRBBasicDetails"/>
  <testcase name="basicDetails" time="118.873" classname="com.CRRB_27May22.tc.TC005_CRRBBasicDetails"/>
  <testcase name="basicDetails" time="120.771" classname="com.CRRB_27May22.tc.TC005_CRRBBasicDetails"/>
  <testcase name="basicDetails" time="118.607" classname="com.CRRB_27May22.tc.TC005_CRRBBasicDetails"/>
  <testcase name="basicDetails" time="118.199" classname="com.CRRB_27May22.tc.TC005_CRRBBasicDetails"/>
  <testcase name="basicDetails" time="120.541" classname="com.CRRB_27May22.tc.TC005_CRRBBasicDetails"/>
  <testcase name="basicDetails" time="118.689" classname="com.CRRB_27May22.tc.TC005_CRRBBasicDetails"/>
  <testcase name="basicDetails" time="120.639" classname="com.CRRB_27May22.tc.TC005_CRRBBasicDetails"/>
  <testcase name="basicDetails" time="120.732" classname="com.CRRB_27May22.tc.TC005_CRRBBasicDetails"/>
</testsuite> <!-- com.CRRB_27May22.tc.TC005_CRRBBasicDetails -->
