<?xml version="1.0" encoding="UTF-8"?>
<!-- Generated by org.testng.reporters.JUnitReportReporter -->
<testsuite skipped="0" hostname="MAA014482B" name="com.CNP_21Oct22.tc.TC002_CNPBasicDetails" tests="4" failures="0" timestamp="2022-10-27T18:06:33 IST" time="649.093" errors="0">
  <testcase name="basicDetails" time="162.604" classname="com.CNP_21Oct22.tc.TC002_CNPBasicDetails"/>
  <testcase name="basicDetails" time="160.919" classname="com.CNP_21Oct22.tc.TC002_CNPBasicDetails"/>
  <testcase name="basicDetails" time="164.122" classname="com.CNP_21Oct22.tc.TC002_CNPBasicDetails"/>
  <testcase name="basicDetails" time="161.448" classname="com.CNP_21Oct22.tc.TC002_CNPBasicDetails"/>
</testsuite> <!-- com.CNP_21Oct22.tc.TC002_CNPBasicDetails -->
