<?xml version="1.0" encoding="UTF-8"?>
<!-- Generated by org.testng.reporters.JUnitReportReporter -->
<testsuite skipped="0" hostname="MAA014482B" name="com.MOIL_April23.tc.TC002_MOILBasicDetails" tests="30" failures="0" timestamp="2023-05-04T12:52:50 IST" time="4871.099" errors="0">
  <testcase name="basicDetails" time="162.311" classname="com.MOIL_April23.tc.TC002_MOILBasicDetails"/>
  <testcase name="basicDetails" time="162.720" classname="com.MOIL_April23.tc.TC002_MOILBasicDetails"/>
  <testcase name="basicDetails" time="162.130" classname="com.MOIL_April23.tc.TC002_MOILBasicDetails"/>
  <testcase name="basicDetails" time="162.445" classname="com.MOIL_April23.tc.TC002_MOILBasicDetails"/>
  <testcase name="basicDetails" time="162.684" classname="com.MOIL_April23.tc.TC002_MOILBasicDetails"/>
  <testcase name="basicDetails" time="162.713" classname="com.MOIL_April23.tc.TC002_MOILBasicDetails"/>
  <testcase name="basicDetails" time="162.149" classname="com.MOIL_April23.tc.TC002_MOILBasicDetails"/>
  <testcase name="basicDetails" time="163.010" classname="com.MOIL_April23.tc.TC002_MOILBasicDetails"/>
  <testcase name="basicDetails" time="162.255" classname="com.MOIL_April23.tc.TC002_MOILBasicDetails"/>
  <testcase name="basicDetails" time="161.944" classname="com.MOIL_April23.tc.TC002_MOILBasicDetails"/>
  <testcase name="basicDetails" time="162.901" classname="com.MOIL_April23.tc.TC002_MOILBasicDetails"/>
  <testcase name="basicDetails" time="162.498" classname="com.MOIL_April23.tc.TC002_MOILBasicDetails"/>
  <testcase name="basicDetails" time="162.137" classname="com.MOIL_April23.tc.TC002_MOILBasicDetails"/>
  <testcase name="basicDetails" time="161.858" classname="com.MOIL_April23.tc.TC002_MOILBasicDetails"/>
  <testcase name="basicDetails" time="162.457" classname="com.MOIL_April23.tc.TC002_MOILBasicDetails"/>
  <testcase name="basicDetails" time="162.181" classname="com.MOIL_April23.tc.TC002_MOILBasicDetails"/>
  <testcase name="basicDetails" time="162.791" classname="com.MOIL_April23.tc.TC002_MOILBasicDetails"/>
  <testcase name="basicDetails" time="162.324" classname="com.MOIL_April23.tc.TC002_MOILBasicDetails"/>
  <testcase name="basicDetails" time="162.608" classname="com.MOIL_April23.tc.TC002_MOILBasicDetails"/>
  <testcase name="basicDetails" time="162.667" classname="com.MOIL_April23.tc.TC002_MOILBasicDetails"/>
  <testcase name="basicDetails" time="162.123" classname="com.MOIL_April23.tc.TC002_MOILBasicDetails"/>
  <testcase name="basicDetails" time="161.625" classname="com.MOIL_April23.tc.TC002_MOILBasicDetails"/>
  <testcase name="basicDetails" time="162.676" classname="com.MOIL_April23.tc.TC002_MOILBasicDetails"/>
  <testcase name="basicDetails" time="162.012" classname="com.MOIL_April23.tc.TC002_MOILBasicDetails"/>
  <testcase name="basicDetails" time="162.319" classname="com.MOIL_April23.tc.TC002_MOILBasicDetails"/>
  <testcase name="basicDetails" time="161.998" classname="com.MOIL_April23.tc.TC002_MOILBasicDetails"/>
  <testcase name="basicDetails" time="162.367" classname="com.MOIL_April23.tc.TC002_MOILBasicDetails"/>
  <testcase name="basicDetails" time="162.449" classname="com.MOIL_April23.tc.TC002_MOILBasicDetails"/>
  <testcase name="basicDetails" time="162.162" classname="com.MOIL_April23.tc.TC002_MOILBasicDetails"/>
  <testcase name="basicDetails" time="162.585" classname="com.MOIL_April23.tc.TC002_MOILBasicDetails"/>
</testsuite> <!-- com.MOIL_April23.tc.TC002_MOILBasicDetails -->
