<?xml version="1.0" encoding="UTF-8"?>
<!-- Generated by org.testng.reporters.JUnitReportReporter -->
<testsuite skipped="0" hostname="MAA014482B" name="com.SPMCILHy_19Sep22.tc.TC005_SPMCILBasicDetails" tests="52" failures="0" timestamp="2022-09-29T14:30:17 IST" time="8327.239" errors="0">
  <testcase name="basicDetails" time="159.653" classname="com.SPMCILHy_19Sep22.tc.TC005_SPMCILBasicDetails"/>
  <testcase name="basicDetails" time="160.531" classname="com.SPMCILHy_19Sep22.tc.TC005_SPMCILBasicDetails"/>
  <testcase name="basicDetails" time="160.448" classname="com.SPMCILHy_19Sep22.tc.TC005_SPMCILBasicDetails"/>
  <testcase name="basicDetails" time="159.813" classname="com.SPMCILHy_19Sep22.tc.TC005_SPMCILBasicDetails"/>
  <testcase name="basicDetails" time="159.781" classname="com.SPMCILHy_19Sep22.tc.TC005_SPMCILBasicDetails"/>
  <testcase name="basicDetails" time="159.905" classname="com.SPMCILHy_19Sep22.tc.TC005_SPMCILBasicDetails"/>
  <testcase name="basicDetails" time="160.782" classname="com.SPMCILHy_19Sep22.tc.TC005_SPMCILBasicDetails"/>
  <testcase name="basicDetails" time="159.912" classname="com.SPMCILHy_19Sep22.tc.TC005_SPMCILBasicDetails"/>
  <testcase name="basicDetails" time="161.152" classname="com.SPMCILHy_19Sep22.tc.TC005_SPMCILBasicDetails"/>
  <testcase name="basicDetails" time="159.869" classname="com.SPMCILHy_19Sep22.tc.TC005_SPMCILBasicDetails"/>
  <testcase name="basicDetails" time="160.883" classname="com.SPMCILHy_19Sep22.tc.TC005_SPMCILBasicDetails"/>
  <testcase name="basicDetails" time="159.950" classname="com.SPMCILHy_19Sep22.tc.TC005_SPMCILBasicDetails"/>
  <testcase name="basicDetails" time="160.802" classname="com.SPMCILHy_19Sep22.tc.TC005_SPMCILBasicDetails"/>
  <testcase name="basicDetails" time="160.773" classname="com.SPMCILHy_19Sep22.tc.TC005_SPMCILBasicDetails"/>
  <testcase name="basicDetails" time="160.213" classname="com.SPMCILHy_19Sep22.tc.TC005_SPMCILBasicDetails"/>
  <testcase name="basicDetails" time="160.344" classname="com.SPMCILHy_19Sep22.tc.TC005_SPMCILBasicDetails"/>
  <testcase name="basicDetails" time="160.086" classname="com.SPMCILHy_19Sep22.tc.TC005_SPMCILBasicDetails"/>
  <testcase name="basicDetails" time="159.552" classname="com.SPMCILHy_19Sep22.tc.TC005_SPMCILBasicDetails"/>
  <testcase name="basicDetails" time="160.132" classname="com.SPMCILHy_19Sep22.tc.TC005_SPMCILBasicDetails"/>
  <testcase name="basicDetails" time="159.376" classname="com.SPMCILHy_19Sep22.tc.TC005_SPMCILBasicDetails"/>
  <testcase name="basicDetails" time="159.922" classname="com.SPMCILHy_19Sep22.tc.TC005_SPMCILBasicDetails"/>
  <testcase name="basicDetails" time="160.208" classname="com.SPMCILHy_19Sep22.tc.TC005_SPMCILBasicDetails"/>
  <testcase name="basicDetails" time="160.005" classname="com.SPMCILHy_19Sep22.tc.TC005_SPMCILBasicDetails"/>
  <testcase name="basicDetails" time="159.452" classname="com.SPMCILHy_19Sep22.tc.TC005_SPMCILBasicDetails"/>
  <testcase name="basicDetails" time="159.044" classname="com.SPMCILHy_19Sep22.tc.TC005_SPMCILBasicDetails"/>
  <testcase name="basicDetails" time="160.067" classname="com.SPMCILHy_19Sep22.tc.TC005_SPMCILBasicDetails"/>
  <testcase name="basicDetails" time="160.793" classname="com.SPMCILHy_19Sep22.tc.TC005_SPMCILBasicDetails"/>
  <testcase name="basicDetails" time="159.751" classname="com.SPMCILHy_19Sep22.tc.TC005_SPMCILBasicDetails"/>
  <testcase name="basicDetails" time="159.831" classname="com.SPMCILHy_19Sep22.tc.TC005_SPMCILBasicDetails"/>
  <testcase name="basicDetails" time="159.604" classname="com.SPMCILHy_19Sep22.tc.TC005_SPMCILBasicDetails"/>
  <testcase name="basicDetails" time="160.642" classname="com.SPMCILHy_19Sep22.tc.TC005_SPMCILBasicDetails"/>
  <testcase name="basicDetails" time="159.600" classname="com.SPMCILHy_19Sep22.tc.TC005_SPMCILBasicDetails"/>
  <testcase name="basicDetails" time="160.410" classname="com.SPMCILHy_19Sep22.tc.TC005_SPMCILBasicDetails"/>
  <testcase name="basicDetails" time="159.712" classname="com.SPMCILHy_19Sep22.tc.TC005_SPMCILBasicDetails"/>
  <testcase name="basicDetails" time="160.547" classname="com.SPMCILHy_19Sep22.tc.TC005_SPMCILBasicDetails"/>
  <testcase name="basicDetails" time="160.923" classname="com.SPMCILHy_19Sep22.tc.TC005_SPMCILBasicDetails"/>
  <testcase name="basicDetails" time="159.283" classname="com.SPMCILHy_19Sep22.tc.TC005_SPMCILBasicDetails"/>
  <testcase name="basicDetails" time="162.894" classname="com.SPMCILHy_19Sep22.tc.TC005_SPMCILBasicDetails"/>
  <testcase name="basicDetails" time="159.278" classname="com.SPMCILHy_19Sep22.tc.TC005_SPMCILBasicDetails"/>
  <testcase name="basicDetails" time="159.220" classname="com.SPMCILHy_19Sep22.tc.TC005_SPMCILBasicDetails"/>
  <testcase name="basicDetails" time="159.712" classname="com.SPMCILHy_19Sep22.tc.TC005_SPMCILBasicDetails"/>
  <testcase name="basicDetails" time="160.915" classname="com.SPMCILHy_19Sep22.tc.TC005_SPMCILBasicDetails"/>
  <testcase name="basicDetails" time="160.514" classname="com.SPMCILHy_19Sep22.tc.TC005_SPMCILBasicDetails"/>
  <testcase name="basicDetails" time="160.958" classname="com.SPMCILHy_19Sep22.tc.TC005_SPMCILBasicDetails"/>
  <testcase name="basicDetails" time="160.028" classname="com.SPMCILHy_19Sep22.tc.TC005_SPMCILBasicDetails"/>
  <testcase name="basicDetails" time="159.792" classname="com.SPMCILHy_19Sep22.tc.TC005_SPMCILBasicDetails"/>
  <testcase name="basicDetails" time="159.827" classname="com.SPMCILHy_19Sep22.tc.TC005_SPMCILBasicDetails"/>
  <testcase name="basicDetails" time="160.447" classname="com.SPMCILHy_19Sep22.tc.TC005_SPMCILBasicDetails"/>
  <testcase name="basicDetails" time="160.821" classname="com.SPMCILHy_19Sep22.tc.TC005_SPMCILBasicDetails"/>
  <testcase name="basicDetails" time="159.966" classname="com.SPMCILHy_19Sep22.tc.TC005_SPMCILBasicDetails"/>
  <testcase name="basicDetails" time="159.383" classname="com.SPMCILHy_19Sep22.tc.TC005_SPMCILBasicDetails"/>
  <testcase name="basicDetails" time="159.733" classname="com.SPMCILHy_19Sep22.tc.TC005_SPMCILBasicDetails"/>
</testsuite> <!-- com.SPMCILHy_19Sep22.tc.TC005_SPMCILBasicDetails -->
