<?xml version="1.0" encoding="UTF-8"?>
<!-- Generated by org.testng.reporters.JUnitReportReporter -->
<testsuite skipped="0" hostname="MAA014482B" name="com.IP_22Feb23.tc.TC002_IBBasicDetails" tests="13" failures="0" timestamp="2023-02-22T15:06:45 IST" time="2046.262" errors="0">
  <testcase name="basicDetails" time="155.582" classname="com.IP_22Feb23.tc.TC002_IBBasicDetails"/>
  <testcase name="basicDetails" time="156.398" classname="com.IP_22Feb23.tc.TC002_IBBasicDetails"/>
  <testcase name="basicDetails" time="156.633" classname="com.IP_22Feb23.tc.TC002_IBBasicDetails"/>
  <testcase name="basicDetails" time="157.722" classname="com.IP_22Feb23.tc.TC002_IBBasicDetails"/>
  <testcase name="basicDetails" time="158.640" classname="com.IP_22Feb23.tc.TC002_IBBasicDetails"/>
  <testcase name="basicDetails" time="155.700" classname="com.IP_22Feb23.tc.TC002_IBBasicDetails"/>
  <testcase name="basicDetails" time="157.782" classname="com.IP_22Feb23.tc.TC002_IBBasicDetails"/>
  <testcase name="basicDetails" time="156.545" classname="com.IP_22Feb23.tc.TC002_IBBasicDetails"/>
  <testcase name="basicDetails" time="158.602" classname="com.IP_22Feb23.tc.TC002_IBBasicDetails"/>
  <testcase name="basicDetails" time="159.409" classname="com.IP_22Feb23.tc.TC002_IBBasicDetails"/>
  <testcase name="basicDetails" time="157.529" classname="com.IP_22Feb23.tc.TC002_IBBasicDetails"/>
  <testcase name="basicDetails" time="157.793" classname="com.IP_22Feb23.tc.TC002_IBBasicDetails"/>
  <testcase name="basicDetails" time="157.927" classname="com.IP_22Feb23.tc.TC002_IBBasicDetails"/>
</testsuite> <!-- com.IP_22Feb23.tc.TC002_IBBasicDetails -->
