<?xml version="1.0" encoding="UTF-8"?>
<!-- Generated by org.testng.reporters.JUnitReportReporter -->
<testsuite skipped="0" hostname="MAA014482B" name="com.Shimla.tc.TC005_HPBasicDetails" tests="29" failures="0" timestamp="2023-03-03T15:03:02 IST" time="4569.450" errors="0">
  <testcase name="basicDetails" time="156.394" classname="com.Shimla.tc.TC005_HPBasicDetails"/>
  <testcase name="basicDetails" time="156.573" classname="com.Shimla.tc.TC005_HPBasicDetails"/>
  <testcase name="basicDetails" time="161.043" classname="com.Shimla.tc.TC005_HPBasicDetails"/>
  <testcase name="basicDetails" time="156.492" classname="com.Shimla.tc.TC005_HPBasicDetails"/>
  <testcase name="basicDetails" time="159.910" classname="com.Shimla.tc.TC005_HPBasicDetails"/>
  <testcase name="basicDetails" time="155.475" classname="com.Shimla.tc.TC005_HPBasicDetails"/>
  <testcase name="basicDetails" time="160.850" classname="com.Shimla.tc.TC005_HPBasicDetails"/>
  <testcase name="basicDetails" time="160.541" classname="com.Shimla.tc.TC005_HPBasicDetails"/>
  <testcase name="basicDetails" time="156.905" classname="com.Shimla.tc.TC005_HPBasicDetails"/>
  <testcase name="basicDetails" time="155.177" classname="com.Shimla.tc.TC005_HPBasicDetails"/>
  <testcase name="basicDetails" time="155.653" classname="com.Shimla.tc.TC005_HPBasicDetails"/>
  <testcase name="basicDetails" time="160.859" classname="com.Shimla.tc.TC005_HPBasicDetails"/>
  <testcase name="basicDetails" time="155.048" classname="com.Shimla.tc.TC005_HPBasicDetails"/>
  <testcase name="basicDetails" time="159.894" classname="com.Shimla.tc.TC005_HPBasicDetails"/>
  <testcase name="basicDetails" time="156.036" classname="com.Shimla.tc.TC005_HPBasicDetails"/>
  <testcase name="basicDetails" time="156.055" classname="com.Shimla.tc.TC005_HPBasicDetails"/>
  <testcase name="basicDetails" time="160.715" classname="com.Shimla.tc.TC005_HPBasicDetails"/>
  <testcase name="basicDetails" time="157.064" classname="com.Shimla.tc.TC005_HPBasicDetails"/>
  <testcase name="basicDetails" time="156.379" classname="com.Shimla.tc.TC005_HPBasicDetails"/>
  <testcase name="basicDetails" time="156.447" classname="com.Shimla.tc.TC005_HPBasicDetails"/>
  <testcase name="basicDetails" time="159.950" classname="com.Shimla.tc.TC005_HPBasicDetails"/>
  <testcase name="basicDetails" time="156.249" classname="com.Shimla.tc.TC005_HPBasicDetails"/>
  <testcase name="basicDetails" time="159.337" classname="com.Shimla.tc.TC005_HPBasicDetails"/>
  <testcase name="basicDetails" time="156.687" classname="com.Shimla.tc.TC005_HPBasicDetails"/>
  <testcase name="basicDetails" time="160.050" classname="com.Shimla.tc.TC005_HPBasicDetails"/>
  <testcase name="basicDetails" time="156.768" classname="com.Shimla.tc.TC005_HPBasicDetails"/>
  <testcase name="basicDetails" time="155.130" classname="com.Shimla.tc.TC005_HPBasicDetails"/>
  <testcase name="basicDetails" time="156.978" classname="com.Shimla.tc.TC005_HPBasicDetails"/>
  <testcase name="basicDetails" time="154.791" classname="com.Shimla.tc.TC005_HPBasicDetails"/>
</testsuite> <!-- com.Shimla.tc.TC005_HPBasicDetails -->
