<?xml version="1.0" encoding="UTF-8"?>
<!-- Generated by org.testng.reporters.JUnitReportReporter -->
<testsuite skipped="0" hostname="MAA014482B" name="com.MOIL_April23.tc.TC004_MOILBasicDetails" tests="30" failures="0" timestamp="2023-05-04T12:52:50 IST" time="4875.308" errors="0">
  <testcase name="basicDetails" time="164.321" classname="com.MOIL_April23.tc.TC004_MOILBasicDetails"/>
  <testcase name="basicDetails" time="163.073" classname="com.MOIL_April23.tc.TC004_MOILBasicDetails"/>
  <testcase name="basicDetails" time="162.142" classname="com.MOIL_April23.tc.TC004_MOILBasicDetails"/>
  <testcase name="basicDetails" time="162.734" classname="com.MOIL_April23.tc.TC004_MOILBasicDetails"/>
  <testcase name="basicDetails" time="162.108" classname="com.MOIL_April23.tc.TC004_MOILBasicDetails"/>
  <testcase name="basicDetails" time="162.139" classname="com.MOIL_April23.tc.TC004_MOILBasicDetails"/>
  <testcase name="basicDetails" time="162.690" classname="com.MOIL_April23.tc.TC004_MOILBasicDetails"/>
  <testcase name="basicDetails" time="162.615" classname="com.MOIL_April23.tc.TC004_MOILBasicDetails"/>
  <testcase name="basicDetails" time="161.674" classname="com.MOIL_April23.tc.TC004_MOILBasicDetails"/>
  <testcase name="basicDetails" time="162.917" classname="com.MOIL_April23.tc.TC004_MOILBasicDetails"/>
  <testcase name="basicDetails" time="162.631" classname="com.MOIL_April23.tc.TC004_MOILBasicDetails"/>
  <testcase name="basicDetails" time="162.240" classname="com.MOIL_April23.tc.TC004_MOILBasicDetails"/>
  <testcase name="basicDetails" time="161.756" classname="com.MOIL_April23.tc.TC004_MOILBasicDetails"/>
  <testcase name="basicDetails" time="162.066" classname="com.MOIL_April23.tc.TC004_MOILBasicDetails"/>
  <testcase name="basicDetails" time="162.812" classname="com.MOIL_April23.tc.TC004_MOILBasicDetails"/>
  <testcase name="basicDetails" time="162.579" classname="com.MOIL_April23.tc.TC004_MOILBasicDetails"/>
  <testcase name="basicDetails" time="162.622" classname="com.MOIL_April23.tc.TC004_MOILBasicDetails"/>
  <testcase name="basicDetails" time="162.934" classname="com.MOIL_April23.tc.TC004_MOILBasicDetails"/>
  <testcase name="basicDetails" time="162.962" classname="com.MOIL_April23.tc.TC004_MOILBasicDetails"/>
  <testcase name="basicDetails" time="162.501" classname="com.MOIL_April23.tc.TC004_MOILBasicDetails"/>
  <testcase name="basicDetails" time="162.546" classname="com.MOIL_April23.tc.TC004_MOILBasicDetails"/>
  <testcase name="basicDetails" time="161.591" classname="com.MOIL_April23.tc.TC004_MOILBasicDetails"/>
  <testcase name="basicDetails" time="162.309" classname="com.MOIL_April23.tc.TC004_MOILBasicDetails"/>
  <testcase name="basicDetails" time="162.266" classname="com.MOIL_April23.tc.TC004_MOILBasicDetails"/>
  <testcase name="basicDetails" time="162.808" classname="com.MOIL_April23.tc.TC004_MOILBasicDetails"/>
  <testcase name="basicDetails" time="162.176" classname="com.MOIL_April23.tc.TC004_MOILBasicDetails"/>
  <testcase name="basicDetails" time="162.347" classname="com.MOIL_April23.tc.TC004_MOILBasicDetails"/>
  <testcase name="basicDetails" time="162.346" classname="com.MOIL_April23.tc.TC004_MOILBasicDetails"/>
  <testcase name="basicDetails" time="162.810" classname="com.MOIL_April23.tc.TC004_MOILBasicDetails"/>
  <testcase name="basicDetails" time="162.593" classname="com.MOIL_April23.tc.TC004_MOILBasicDetails"/>
</testsuite> <!-- com.MOIL_April23.tc.TC004_MOILBasicDetails -->
