<?xml version="1.0" encoding="UTF-8"?>
<!-- Generated by org.testng.reporters.JUnitReportReporter -->
<testsuite hostname="MAA011253A" failures="0" tests="144" name="com.SPMCIL.tc.TC004_SPMCILBasicDetails" time="10012.239" errors="29" timestamp="2020-09-04T20:04:13 IST" skipped="0">
  <testcase classname="com.SPMCIL.tc.TC004_SPMCILBasicDetails" name="basicDetails" time="86.034"/>
  <testcase classname="com.SPMCIL.tc.TC004_SPMCILBasicDetails" name="basicDetails" time="85.069"/>
  <testcase classname="com.SPMCIL.tc.TC004_SPMCILBasicDetails" name="basicDetails" time="84.884"/>
  <testcase classname="com.SPMCIL.tc.TC004_SPMCILBasicDetails" name="basicDetails" time="86.354"/>
  <testcase classname="com.SPMCIL.tc.TC004_SPMCILBasicDetails" name="basicDetails" time="84.792"/>
  <testcase classname="com.SPMCIL.tc.TC004_SPMCILBasicDetails" name="basicDetails" time="0.760">
    <error type="java.lang.NullPointerException">
      <![CDATA[java.lang.NullPointerException
at com.ibps.pages.PersonalDetailsPage.selectDropDownUsingIndexNew(PersonalDetailsPage.java:299)
at com.SPMCIL.tc.TC004_SPMCILBasicDetails.basicDetails(TC004_SPMCILBasicDetails.java:37)
at jdk.internal.reflect.GeneratedMethodAccessor91.invoke(Unknown Source)
at java.base/jdk.internal.reflect.DelegatingMethodAccessorImpl.invoke(Unknown Source)
at java.base/java.lang.reflect.Method.invoke(Unknown Source)
at org.testng.internal.MethodInvocationHelper.invokeMethod(MethodInvocationHelper.java:133)
at org.testng.internal.TestInvoker.invokeMethod(TestInvoker.java:584)
at org.testng.internal.TestInvoker.invokeTestMethod(TestInvoker.java:172)
at org.testng.internal.MethodRunner.runInSequence(MethodRunner.java:46)
at org.testng.internal.TestInvoker$MethodInvocationAgent.invoke(TestInvoker.java:804)
at org.testng.internal.TestInvoker.invokeTestMethods(TestInvoker.java:145)
at org.testng.internal.TestMethodWorker.invokeTestMethods(TestMethodWorker.java:146)
at org.testng.internal.TestMethodWorker.run(TestMethodWorker.java:128)
at java.base/java.util.concurrent.ThreadPoolExecutor.runWorker(Unknown Source)
at java.base/java.util.concurrent.ThreadPoolExecutor$Worker.run(Unknown Source)
at java.base/java.lang.Thread.run(Unknown Source)
]]>
    </error>
  </testcase> <!-- basicDetails -->
  <testcase classname="com.SPMCIL.tc.TC004_SPMCILBasicDetails" name="basicDetails" time="0.817">
    <error type="java.lang.NullPointerException">
      <![CDATA[java.lang.NullPointerException
at com.ibps.pages.PersonalDetailsPage.selectDropDownUsingIndexNew(PersonalDetailsPage.java:299)
at com.SPMCIL.tc.TC004_SPMCILBasicDetails.basicDetails(TC004_SPMCILBasicDetails.java:37)
at jdk.internal.reflect.GeneratedMethodAccessor91.invoke(Unknown Source)
at java.base/jdk.internal.reflect.DelegatingMethodAccessorImpl.invoke(Unknown Source)
at java.base/java.lang.reflect.Method.invoke(Unknown Source)
at org.testng.internal.MethodInvocationHelper.invokeMethod(MethodInvocationHelper.java:133)
at org.testng.internal.TestInvoker.invokeMethod(TestInvoker.java:584)
at org.testng.internal.TestInvoker.invokeTestMethod(TestInvoker.java:172)
at org.testng.internal.MethodRunner.runInSequence(MethodRunner.java:46)
at org.testng.internal.TestInvoker$MethodInvocationAgent.invoke(TestInvoker.java:804)
at org.testng.internal.TestInvoker.invokeTestMethods(TestInvoker.java:145)
at org.testng.internal.TestMethodWorker.invokeTestMethods(TestMethodWorker.java:146)
at org.testng.internal.TestMethodWorker.run(TestMethodWorker.java:128)
at java.base/java.util.concurrent.ThreadPoolExecutor.runWorker(Unknown Source)
at java.base/java.util.concurrent.ThreadPoolExecutor$Worker.run(Unknown Source)
at java.base/java.lang.Thread.run(Unknown Source)
]]>
    </error>
  </testcase> <!-- basicDetails -->
  <testcase classname="com.SPMCIL.tc.TC004_SPMCILBasicDetails" name="basicDetails" time="84.572"/>
  <testcase classname="com.SPMCIL.tc.TC004_SPMCILBasicDetails" name="basicDetails" time="83.963"/>
  <testcase classname="com.SPMCIL.tc.TC004_SPMCILBasicDetails" name="basicDetails" time="1.014">
    <error type="java.lang.NullPointerException">
      <![CDATA[java.lang.NullPointerException
at com.ibps.pages.PersonalDetailsPage.selectDropDownUsingIndexNew(PersonalDetailsPage.java:299)
at com.SPMCIL.tc.TC004_SPMCILBasicDetails.basicDetails(TC004_SPMCILBasicDetails.java:37)
at jdk.internal.reflect.GeneratedMethodAccessor91.invoke(Unknown Source)
at java.base/jdk.internal.reflect.DelegatingMethodAccessorImpl.invoke(Unknown Source)
at java.base/java.lang.reflect.Method.invoke(Unknown Source)
at org.testng.internal.MethodInvocationHelper.invokeMethod(MethodInvocationHelper.java:133)
at org.testng.internal.TestInvoker.invokeMethod(TestInvoker.java:584)
at org.testng.internal.TestInvoker.invokeTestMethod(TestInvoker.java:172)
at org.testng.internal.MethodRunner.runInSequence(MethodRunner.java:46)
at org.testng.internal.TestInvoker$MethodInvocationAgent.invoke(TestInvoker.java:804)
at org.testng.internal.TestInvoker.invokeTestMethods(TestInvoker.java:145)
at org.testng.internal.TestMethodWorker.invokeTestMethods(TestMethodWorker.java:146)
at org.testng.internal.TestMethodWorker.run(TestMethodWorker.java:128)
at java.base/java.util.concurrent.ThreadPoolExecutor.runWorker(Unknown Source)
at java.base/java.util.concurrent.ThreadPoolExecutor$Worker.run(Unknown Source)
at java.base/java.lang.Thread.run(Unknown Source)
]]>
    </error>
  </testcase> <!-- basicDetails -->
  <testcase classname="com.SPMCIL.tc.TC004_SPMCILBasicDetails" name="basicDetails" time="84.426"/>
  <testcase classname="com.SPMCIL.tc.TC004_SPMCILBasicDetails" name="basicDetails" time="86.987"/>
  <testcase classname="com.SPMCIL.tc.TC004_SPMCILBasicDetails" name="basicDetails" time="85.938"/>
  <testcase classname="com.SPMCIL.tc.TC004_SPMCILBasicDetails" name="basicDetails" time="86.497"/>
  <testcase classname="com.SPMCIL.tc.TC004_SPMCILBasicDetails" name="basicDetails" time="84.939"/>
  <testcase classname="com.SPMCIL.tc.TC004_SPMCILBasicDetails" name="basicDetails" time="84.442"/>
  <testcase classname="com.SPMCIL.tc.TC004_SPMCILBasicDetails" name="basicDetails" time="0.776">
    <error type="java.lang.NullPointerException">
      <![CDATA[java.lang.NullPointerException
at com.ibps.pages.PersonalDetailsPage.selectDropDownUsingIndexNew(PersonalDetailsPage.java:299)
at com.SPMCIL.tc.TC004_SPMCILBasicDetails.basicDetails(TC004_SPMCILBasicDetails.java:37)
at jdk.internal.reflect.GeneratedMethodAccessor91.invoke(Unknown Source)
at java.base/jdk.internal.reflect.DelegatingMethodAccessorImpl.invoke(Unknown Source)
at java.base/java.lang.reflect.Method.invoke(Unknown Source)
at org.testng.internal.MethodInvocationHelper.invokeMethod(MethodInvocationHelper.java:133)
at org.testng.internal.TestInvoker.invokeMethod(TestInvoker.java:584)
at org.testng.internal.TestInvoker.invokeTestMethod(TestInvoker.java:172)
at org.testng.internal.MethodRunner.runInSequence(MethodRunner.java:46)
at org.testng.internal.TestInvoker$MethodInvocationAgent.invoke(TestInvoker.java:804)
at org.testng.internal.TestInvoker.invokeTestMethods(TestInvoker.java:145)
at org.testng.internal.TestMethodWorker.invokeTestMethods(TestMethodWorker.java:146)
at org.testng.internal.TestMethodWorker.run(TestMethodWorker.java:128)
at java.base/java.util.concurrent.ThreadPoolExecutor.runWorker(Unknown Source)
at java.base/java.util.concurrent.ThreadPoolExecutor$Worker.run(Unknown Source)
at java.base/java.lang.Thread.run(Unknown Source)
]]>
    </error>
  </testcase> <!-- basicDetails -->
  <testcase classname="com.SPMCIL.tc.TC004_SPMCILBasicDetails" name="basicDetails" time="0.856">
    <error type="java.lang.NullPointerException">
      <![CDATA[java.lang.NullPointerException
at com.ibps.pages.PersonalDetailsPage.selectDropDownUsingIndexNew(PersonalDetailsPage.java:299)
at com.SPMCIL.tc.TC004_SPMCILBasicDetails.basicDetails(TC004_SPMCILBasicDetails.java:37)
at jdk.internal.reflect.GeneratedMethodAccessor91.invoke(Unknown Source)
at java.base/jdk.internal.reflect.DelegatingMethodAccessorImpl.invoke(Unknown Source)
at java.base/java.lang.reflect.Method.invoke(Unknown Source)
at org.testng.internal.MethodInvocationHelper.invokeMethod(MethodInvocationHelper.java:133)
at org.testng.internal.TestInvoker.invokeMethod(TestInvoker.java:584)
at org.testng.internal.TestInvoker.invokeTestMethod(TestInvoker.java:172)
at org.testng.internal.MethodRunner.runInSequence(MethodRunner.java:46)
at org.testng.internal.TestInvoker$MethodInvocationAgent.invoke(TestInvoker.java:804)
at org.testng.internal.TestInvoker.invokeTestMethods(TestInvoker.java:145)
at org.testng.internal.TestMethodWorker.invokeTestMethods(TestMethodWorker.java:146)
at org.testng.internal.TestMethodWorker.run(TestMethodWorker.java:128)
at java.base/java.util.concurrent.ThreadPoolExecutor.runWorker(Unknown Source)
at java.base/java.util.concurrent.ThreadPoolExecutor$Worker.run(Unknown Source)
at java.base/java.lang.Thread.run(Unknown Source)
]]>
    </error>
  </testcase> <!-- basicDetails -->
  <testcase classname="com.SPMCIL.tc.TC004_SPMCILBasicDetails" name="basicDetails" time="84.873"/>
  <testcase classname="com.SPMCIL.tc.TC004_SPMCILBasicDetails" name="basicDetails" time="89.937"/>
  <testcase classname="com.SPMCIL.tc.TC004_SPMCILBasicDetails" name="basicDetails" time="0.784">
    <error type="java.lang.NullPointerException">
      <![CDATA[java.lang.NullPointerException
at com.ibps.pages.PersonalDetailsPage.selectDropDownUsingIndexNew(PersonalDetailsPage.java:299)
at com.SPMCIL.tc.TC004_SPMCILBasicDetails.basicDetails(TC004_SPMCILBasicDetails.java:37)
at jdk.internal.reflect.GeneratedMethodAccessor91.invoke(Unknown Source)
at java.base/jdk.internal.reflect.DelegatingMethodAccessorImpl.invoke(Unknown Source)
at java.base/java.lang.reflect.Method.invoke(Unknown Source)
at org.testng.internal.MethodInvocationHelper.invokeMethod(MethodInvocationHelper.java:133)
at org.testng.internal.TestInvoker.invokeMethod(TestInvoker.java:584)
at org.testng.internal.TestInvoker.invokeTestMethod(TestInvoker.java:172)
at org.testng.internal.MethodRunner.runInSequence(MethodRunner.java:46)
at org.testng.internal.TestInvoker$MethodInvocationAgent.invoke(TestInvoker.java:804)
at org.testng.internal.TestInvoker.invokeTestMethods(TestInvoker.java:145)
at org.testng.internal.TestMethodWorker.invokeTestMethods(TestMethodWorker.java:146)
at org.testng.internal.TestMethodWorker.run(TestMethodWorker.java:128)
at java.base/java.util.concurrent.ThreadPoolExecutor.runWorker(Unknown Source)
at java.base/java.util.concurrent.ThreadPoolExecutor$Worker.run(Unknown Source)
at java.base/java.lang.Thread.run(Unknown Source)
]]>
    </error>
  </testcase> <!-- basicDetails -->
  <testcase classname="com.SPMCIL.tc.TC004_SPMCILBasicDetails" name="basicDetails" time="84.235"/>
  <testcase classname="com.SPMCIL.tc.TC004_SPMCILBasicDetails" name="basicDetails" time="85.632"/>
  <testcase classname="com.SPMCIL.tc.TC004_SPMCILBasicDetails" name="basicDetails" time="1.263">
    <error type="java.lang.NullPointerException">
      <![CDATA[java.lang.NullPointerException
at com.ibps.pages.PersonalDetailsPage.selectDropDownUsingIndexNew(PersonalDetailsPage.java:299)
at com.SPMCIL.tc.TC004_SPMCILBasicDetails.basicDetails(TC004_SPMCILBasicDetails.java:37)
at jdk.internal.reflect.GeneratedMethodAccessor91.invoke(Unknown Source)
at java.base/jdk.internal.reflect.DelegatingMethodAccessorImpl.invoke(Unknown Source)
at java.base/java.lang.reflect.Method.invoke(Unknown Source)
at org.testng.internal.MethodInvocationHelper.invokeMethod(MethodInvocationHelper.java:133)
at org.testng.internal.TestInvoker.invokeMethod(TestInvoker.java:584)
at org.testng.internal.TestInvoker.invokeTestMethod(TestInvoker.java:172)
at org.testng.internal.MethodRunner.runInSequence(MethodRunner.java:46)
at org.testng.internal.TestInvoker$MethodInvocationAgent.invoke(TestInvoker.java:804)
at org.testng.internal.TestInvoker.invokeTestMethods(TestInvoker.java:145)
at org.testng.internal.TestMethodWorker.invokeTestMethods(TestMethodWorker.java:146)
at org.testng.internal.TestMethodWorker.run(TestMethodWorker.java:128)
at java.base/java.util.concurrent.ThreadPoolExecutor.runWorker(Unknown Source)
at java.base/java.util.concurrent.ThreadPoolExecutor$Worker.run(Unknown Source)
at java.base/java.lang.Thread.run(Unknown Source)
]]>
    </error>
  </testcase> <!-- basicDetails -->
  <testcase classname="com.SPMCIL.tc.TC004_SPMCILBasicDetails" name="basicDetails" time="88.480"/>
  <testcase classname="com.SPMCIL.tc.TC004_SPMCILBasicDetails" name="basicDetails" time="86.940"/>
  <testcase classname="com.SPMCIL.tc.TC004_SPMCILBasicDetails" name="basicDetails" time="86.213"/>
  <testcase classname="com.SPMCIL.tc.TC004_SPMCILBasicDetails" name="basicDetails" time="84.627"/>
  <testcase classname="com.SPMCIL.tc.TC004_SPMCILBasicDetails" name="basicDetails" time="84.249"/>
  <testcase classname="com.SPMCIL.tc.TC004_SPMCILBasicDetails" name="basicDetails" time="85.611"/>
  <testcase classname="com.SPMCIL.tc.TC004_SPMCILBasicDetails" name="basicDetails" time="84.522"/>
  <testcase classname="com.SPMCIL.tc.TC004_SPMCILBasicDetails" name="basicDetails" time="85.638"/>
  <testcase classname="com.SPMCIL.tc.TC004_SPMCILBasicDetails" name="basicDetails" time="85.925"/>
  <testcase classname="com.SPMCIL.tc.TC004_SPMCILBasicDetails" name="basicDetails" time="0.811">
    <error type="java.lang.NullPointerException">
      <![CDATA[java.lang.NullPointerException
at com.ibps.pages.PersonalDetailsPage.selectDropDownUsingIndexNew(PersonalDetailsPage.java:299)
at com.SPMCIL.tc.TC004_SPMCILBasicDetails.basicDetails(TC004_SPMCILBasicDetails.java:37)
at jdk.internal.reflect.GeneratedMethodAccessor91.invoke(Unknown Source)
at java.base/jdk.internal.reflect.DelegatingMethodAccessorImpl.invoke(Unknown Source)
at java.base/java.lang.reflect.Method.invoke(Unknown Source)
at org.testng.internal.MethodInvocationHelper.invokeMethod(MethodInvocationHelper.java:133)
at org.testng.internal.TestInvoker.invokeMethod(TestInvoker.java:584)
at org.testng.internal.TestInvoker.invokeTestMethod(TestInvoker.java:172)
at org.testng.internal.MethodRunner.runInSequence(MethodRunner.java:46)
at org.testng.internal.TestInvoker$MethodInvocationAgent.invoke(TestInvoker.java:804)
at org.testng.internal.TestInvoker.invokeTestMethods(TestInvoker.java:145)
at org.testng.internal.TestMethodWorker.invokeTestMethods(TestMethodWorker.java:146)
at org.testng.internal.TestMethodWorker.run(TestMethodWorker.java:128)
at java.base/java.util.concurrent.ThreadPoolExecutor.runWorker(Unknown Source)
at java.base/java.util.concurrent.ThreadPoolExecutor$Worker.run(Unknown Source)
at java.base/java.lang.Thread.run(Unknown Source)
]]>
    </error>
  </testcase> <!-- basicDetails -->
  <testcase classname="com.SPMCIL.tc.TC004_SPMCILBasicDetails" name="basicDetails" time="87.333"/>
  <testcase classname="com.SPMCIL.tc.TC004_SPMCILBasicDetails" name="basicDetails" time="85.428"/>
  <testcase classname="com.SPMCIL.tc.TC004_SPMCILBasicDetails" name="basicDetails" time="85.073"/>
  <testcase classname="com.SPMCIL.tc.TC004_SPMCILBasicDetails" name="basicDetails" time="87.663"/>
  <testcase classname="com.SPMCIL.tc.TC004_SPMCILBasicDetails" name="basicDetails" time="0.859">
    <error type="java.lang.NullPointerException">
      <![CDATA[java.lang.NullPointerException
at com.ibps.pages.PersonalDetailsPage.selectDropDownUsingIndexNew(PersonalDetailsPage.java:299)
at com.SPMCIL.tc.TC004_SPMCILBasicDetails.basicDetails(TC004_SPMCILBasicDetails.java:37)
at jdk.internal.reflect.GeneratedMethodAccessor91.invoke(Unknown Source)
at java.base/jdk.internal.reflect.DelegatingMethodAccessorImpl.invoke(Unknown Source)
at java.base/java.lang.reflect.Method.invoke(Unknown Source)
at org.testng.internal.MethodInvocationHelper.invokeMethod(MethodInvocationHelper.java:133)
at org.testng.internal.TestInvoker.invokeMethod(TestInvoker.java:584)
at org.testng.internal.TestInvoker.invokeTestMethod(TestInvoker.java:172)
at org.testng.internal.MethodRunner.runInSequence(MethodRunner.java:46)
at org.testng.internal.TestInvoker$MethodInvocationAgent.invoke(TestInvoker.java:804)
at org.testng.internal.TestInvoker.invokeTestMethods(TestInvoker.java:145)
at org.testng.internal.TestMethodWorker.invokeTestMethods(TestMethodWorker.java:146)
at org.testng.internal.TestMethodWorker.run(TestMethodWorker.java:128)
at java.base/java.util.concurrent.ThreadPoolExecutor.runWorker(Unknown Source)
at java.base/java.util.concurrent.ThreadPoolExecutor$Worker.run(Unknown Source)
at java.base/java.lang.Thread.run(Unknown Source)
]]>
    </error>
  </testcase> <!-- basicDetails -->
  <testcase classname="com.SPMCIL.tc.TC004_SPMCILBasicDetails" name="basicDetails" time="85.558"/>
  <testcase classname="com.SPMCIL.tc.TC004_SPMCILBasicDetails" name="basicDetails" time="85.574"/>
  <testcase classname="com.SPMCIL.tc.TC004_SPMCILBasicDetails" name="basicDetails" time="85.909"/>
  <testcase classname="com.SPMCIL.tc.TC004_SPMCILBasicDetails" name="basicDetails" time="87.178"/>
  <testcase classname="com.SPMCIL.tc.TC004_SPMCILBasicDetails" name="basicDetails" time="85.785"/>
  <testcase classname="com.SPMCIL.tc.TC004_SPMCILBasicDetails" name="basicDetails" time="87.664"/>
  <testcase classname="com.SPMCIL.tc.TC004_SPMCILBasicDetails" name="basicDetails" time="84.775"/>
  <testcase classname="com.SPMCIL.tc.TC004_SPMCILBasicDetails" name="basicDetails" time="84.729"/>
  <testcase classname="com.SPMCIL.tc.TC004_SPMCILBasicDetails" name="basicDetails" time="92.176"/>
  <testcase classname="com.SPMCIL.tc.TC004_SPMCILBasicDetails" name="basicDetails" time="84.852"/>
  <testcase classname="com.SPMCIL.tc.TC004_SPMCILBasicDetails" name="basicDetails" time="85.103"/>
  <testcase classname="com.SPMCIL.tc.TC004_SPMCILBasicDetails" name="basicDetails" time="87.528"/>
  <testcase classname="com.SPMCIL.tc.TC004_SPMCILBasicDetails" name="basicDetails" time="86.167"/>
  <testcase classname="com.SPMCIL.tc.TC004_SPMCILBasicDetails" name="basicDetails" time="85.899"/>
  <testcase classname="com.SPMCIL.tc.TC004_SPMCILBasicDetails" name="basicDetails" time="86.566"/>
  <testcase classname="com.SPMCIL.tc.TC004_SPMCILBasicDetails" name="basicDetails" time="0.872">
    <error type="java.lang.NullPointerException">
      <![CDATA[java.lang.NullPointerException
at com.ibps.pages.PersonalDetailsPage.selectDropDownUsingIndexNew(PersonalDetailsPage.java:299)
at com.SPMCIL.tc.TC004_SPMCILBasicDetails.basicDetails(TC004_SPMCILBasicDetails.java:37)
at jdk.internal.reflect.GeneratedMethodAccessor91.invoke(Unknown Source)
at java.base/jdk.internal.reflect.DelegatingMethodAccessorImpl.invoke(Unknown Source)
at java.base/java.lang.reflect.Method.invoke(Unknown Source)
at org.testng.internal.MethodInvocationHelper.invokeMethod(MethodInvocationHelper.java:133)
at org.testng.internal.TestInvoker.invokeMethod(TestInvoker.java:584)
at org.testng.internal.TestInvoker.invokeTestMethod(TestInvoker.java:172)
at org.testng.internal.MethodRunner.runInSequence(MethodRunner.java:46)
at org.testng.internal.TestInvoker$MethodInvocationAgent.invoke(TestInvoker.java:804)
at org.testng.internal.TestInvoker.invokeTestMethods(TestInvoker.java:145)
at org.testng.internal.TestMethodWorker.invokeTestMethods(TestMethodWorker.java:146)
at org.testng.internal.TestMethodWorker.run(TestMethodWorker.java:128)
at java.base/java.util.concurrent.ThreadPoolExecutor.runWorker(Unknown Source)
at java.base/java.util.concurrent.ThreadPoolExecutor$Worker.run(Unknown Source)
at java.base/java.lang.Thread.run(Unknown Source)
]]>
    </error>
  </testcase> <!-- basicDetails -->
  <testcase classname="com.SPMCIL.tc.TC004_SPMCILBasicDetails" name="basicDetails" time="86.564"/>
  <testcase classname="com.SPMCIL.tc.TC004_SPMCILBasicDetails" name="basicDetails" time="86.128"/>
  <testcase classname="com.SPMCIL.tc.TC004_SPMCILBasicDetails" name="basicDetails" time="114.918"/>
  <testcase classname="com.SPMCIL.tc.TC004_SPMCILBasicDetails" name="basicDetails" time="85.219"/>
  <testcase classname="com.SPMCIL.tc.TC004_SPMCILBasicDetails" name="basicDetails" time="85.462"/>
  <testcase classname="com.SPMCIL.tc.TC004_SPMCILBasicDetails" name="basicDetails" time="84.992"/>
  <testcase classname="com.SPMCIL.tc.TC004_SPMCILBasicDetails" name="basicDetails" time="1.565">
    <error type="java.lang.NullPointerException">
      <![CDATA[java.lang.NullPointerException
at com.ibps.pages.PersonalDetailsPage.selectDropDownUsingIndexNew(PersonalDetailsPage.java:299)
at com.SPMCIL.tc.TC004_SPMCILBasicDetails.basicDetails(TC004_SPMCILBasicDetails.java:37)
at jdk.internal.reflect.GeneratedMethodAccessor91.invoke(Unknown Source)
at java.base/jdk.internal.reflect.DelegatingMethodAccessorImpl.invoke(Unknown Source)
at java.base/java.lang.reflect.Method.invoke(Unknown Source)
at org.testng.internal.MethodInvocationHelper.invokeMethod(MethodInvocationHelper.java:133)
at org.testng.internal.TestInvoker.invokeMethod(TestInvoker.java:584)
at org.testng.internal.TestInvoker.invokeTestMethod(TestInvoker.java:172)
at org.testng.internal.MethodRunner.runInSequence(MethodRunner.java:46)
at org.testng.internal.TestInvoker$MethodInvocationAgent.invoke(TestInvoker.java:804)
at org.testng.internal.TestInvoker.invokeTestMethods(TestInvoker.java:145)
at org.testng.internal.TestMethodWorker.invokeTestMethods(TestMethodWorker.java:146)
at org.testng.internal.TestMethodWorker.run(TestMethodWorker.java:128)
at java.base/java.util.concurrent.ThreadPoolExecutor.runWorker(Unknown Source)
at java.base/java.util.concurrent.ThreadPoolExecutor$Worker.run(Unknown Source)
at java.base/java.lang.Thread.run(Unknown Source)
]]>
    </error>
  </testcase> <!-- basicDetails -->
  <testcase classname="com.SPMCIL.tc.TC004_SPMCILBasicDetails" name="basicDetails" time="88.351"/>
  <testcase classname="com.SPMCIL.tc.TC004_SPMCILBasicDetails" name="basicDetails" time="91.319"/>
  <testcase classname="com.SPMCIL.tc.TC004_SPMCILBasicDetails" name="basicDetails" time="88.994"/>
  <testcase classname="com.SPMCIL.tc.TC004_SPMCILBasicDetails" name="basicDetails" time="83.290"/>
  <testcase classname="com.SPMCIL.tc.TC004_SPMCILBasicDetails" name="basicDetails" time="0.811">
    <error type="java.lang.NullPointerException">
      <![CDATA[java.lang.NullPointerException
at com.ibps.pages.PersonalDetailsPage.selectDropDownUsingIndexNew(PersonalDetailsPage.java:299)
at com.SPMCIL.tc.TC004_SPMCILBasicDetails.basicDetails(TC004_SPMCILBasicDetails.java:37)
at jdk.internal.reflect.GeneratedMethodAccessor91.invoke(Unknown Source)
at java.base/jdk.internal.reflect.DelegatingMethodAccessorImpl.invoke(Unknown Source)
at java.base/java.lang.reflect.Method.invoke(Unknown Source)
at org.testng.internal.MethodInvocationHelper.invokeMethod(MethodInvocationHelper.java:133)
at org.testng.internal.TestInvoker.invokeMethod(TestInvoker.java:584)
at org.testng.internal.TestInvoker.invokeTestMethod(TestInvoker.java:172)
at org.testng.internal.MethodRunner.runInSequence(MethodRunner.java:46)
at org.testng.internal.TestInvoker$MethodInvocationAgent.invoke(TestInvoker.java:804)
at org.testng.internal.TestInvoker.invokeTestMethods(TestInvoker.java:145)
at org.testng.internal.TestMethodWorker.invokeTestMethods(TestMethodWorker.java:146)
at org.testng.internal.TestMethodWorker.run(TestMethodWorker.java:128)
at java.base/java.util.concurrent.ThreadPoolExecutor.runWorker(Unknown Source)
at java.base/java.util.concurrent.ThreadPoolExecutor$Worker.run(Unknown Source)
at java.base/java.lang.Thread.run(Unknown Source)
]]>
    </error>
  </testcase> <!-- basicDetails -->
  <testcase classname="com.SPMCIL.tc.TC004_SPMCILBasicDetails" name="basicDetails" time="0.841">
    <error type="java.lang.NullPointerException">
      <![CDATA[java.lang.NullPointerException
at com.ibps.pages.PersonalDetailsPage.selectDropDownUsingIndexNew(PersonalDetailsPage.java:299)
at com.SPMCIL.tc.TC004_SPMCILBasicDetails.basicDetails(TC004_SPMCILBasicDetails.java:37)
at jdk.internal.reflect.GeneratedMethodAccessor91.invoke(Unknown Source)
at java.base/jdk.internal.reflect.DelegatingMethodAccessorImpl.invoke(Unknown Source)
at java.base/java.lang.reflect.Method.invoke(Unknown Source)
at org.testng.internal.MethodInvocationHelper.invokeMethod(MethodInvocationHelper.java:133)
at org.testng.internal.TestInvoker.invokeMethod(TestInvoker.java:584)
at org.testng.internal.TestInvoker.invokeTestMethod(TestInvoker.java:172)
at org.testng.internal.MethodRunner.runInSequence(MethodRunner.java:46)
at org.testng.internal.TestInvoker$MethodInvocationAgent.invoke(TestInvoker.java:804)
at org.testng.internal.TestInvoker.invokeTestMethods(TestInvoker.java:145)
at org.testng.internal.TestMethodWorker.invokeTestMethods(TestMethodWorker.java:146)
at org.testng.internal.TestMethodWorker.run(TestMethodWorker.java:128)
at java.base/java.util.concurrent.ThreadPoolExecutor.runWorker(Unknown Source)
at java.base/java.util.concurrent.ThreadPoolExecutor$Worker.run(Unknown Source)
at java.base/java.lang.Thread.run(Unknown Source)
]]>
    </error>
  </testcase> <!-- basicDetails -->
  <testcase classname="com.SPMCIL.tc.TC004_SPMCILBasicDetails" name="basicDetails" time="86.021"/>
  <testcase classname="com.SPMCIL.tc.TC004_SPMCILBasicDetails" name="basicDetails" time="0.845">
    <error type="java.lang.NullPointerException">
      <![CDATA[java.lang.NullPointerException
at com.ibps.pages.PersonalDetailsPage.selectDropDownUsingIndexNew(PersonalDetailsPage.java:299)
at com.SPMCIL.tc.TC004_SPMCILBasicDetails.basicDetails(TC004_SPMCILBasicDetails.java:37)
at jdk.internal.reflect.GeneratedMethodAccessor91.invoke(Unknown Source)
at java.base/jdk.internal.reflect.DelegatingMethodAccessorImpl.invoke(Unknown Source)
at java.base/java.lang.reflect.Method.invoke(Unknown Source)
at org.testng.internal.MethodInvocationHelper.invokeMethod(MethodInvocationHelper.java:133)
at org.testng.internal.TestInvoker.invokeMethod(TestInvoker.java:584)
at org.testng.internal.TestInvoker.invokeTestMethod(TestInvoker.java:172)
at org.testng.internal.MethodRunner.runInSequence(MethodRunner.java:46)
at org.testng.internal.TestInvoker$MethodInvocationAgent.invoke(TestInvoker.java:804)
at org.testng.internal.TestInvoker.invokeTestMethods(TestInvoker.java:145)
at org.testng.internal.TestMethodWorker.invokeTestMethods(TestMethodWorker.java:146)
at org.testng.internal.TestMethodWorker.run(TestMethodWorker.java:128)
at java.base/java.util.concurrent.ThreadPoolExecutor.runWorker(Unknown Source)
at java.base/java.util.concurrent.ThreadPoolExecutor$Worker.run(Unknown Source)
at java.base/java.lang.Thread.run(Unknown Source)
]]>
    </error>
  </testcase> <!-- basicDetails -->
  <testcase classname="com.SPMCIL.tc.TC004_SPMCILBasicDetails" name="basicDetails" time="86.429"/>
  <testcase classname="com.SPMCIL.tc.TC004_SPMCILBasicDetails" name="basicDetails" time="0.676">
    <error type="java.lang.NullPointerException">
      <![CDATA[java.lang.NullPointerException
at com.ibps.pages.PersonalDetailsPage.selectDropDownUsingIndexNew(PersonalDetailsPage.java:299)
at com.SPMCIL.tc.TC004_SPMCILBasicDetails.basicDetails(TC004_SPMCILBasicDetails.java:37)
at jdk.internal.reflect.GeneratedMethodAccessor91.invoke(Unknown Source)
at java.base/jdk.internal.reflect.DelegatingMethodAccessorImpl.invoke(Unknown Source)
at java.base/java.lang.reflect.Method.invoke(Unknown Source)
at org.testng.internal.MethodInvocationHelper.invokeMethod(MethodInvocationHelper.java:133)
at org.testng.internal.TestInvoker.invokeMethod(TestInvoker.java:584)
at org.testng.internal.TestInvoker.invokeTestMethod(TestInvoker.java:172)
at org.testng.internal.MethodRunner.runInSequence(MethodRunner.java:46)
at org.testng.internal.TestInvoker$MethodInvocationAgent.invoke(TestInvoker.java:804)
at org.testng.internal.TestInvoker.invokeTestMethods(TestInvoker.java:145)
at org.testng.internal.TestMethodWorker.invokeTestMethods(TestMethodWorker.java:146)
at org.testng.internal.TestMethodWorker.run(TestMethodWorker.java:128)
at java.base/java.util.concurrent.ThreadPoolExecutor.runWorker(Unknown Source)
at java.base/java.util.concurrent.ThreadPoolExecutor$Worker.run(Unknown Source)
at java.base/java.lang.Thread.run(Unknown Source)
]]>
    </error>
  </testcase> <!-- basicDetails -->
  <testcase classname="com.SPMCIL.tc.TC004_SPMCILBasicDetails" name="basicDetails" time="0.919">
    <error type="java.lang.NullPointerException">
      <![CDATA[java.lang.NullPointerException
at com.ibps.pages.PersonalDetailsPage.selectDropDownUsingIndexNew(PersonalDetailsPage.java:299)
at com.SPMCIL.tc.TC004_SPMCILBasicDetails.basicDetails(TC004_SPMCILBasicDetails.java:37)
at jdk.internal.reflect.GeneratedMethodAccessor91.invoke(Unknown Source)
at java.base/jdk.internal.reflect.DelegatingMethodAccessorImpl.invoke(Unknown Source)
at java.base/java.lang.reflect.Method.invoke(Unknown Source)
at org.testng.internal.MethodInvocationHelper.invokeMethod(MethodInvocationHelper.java:133)
at org.testng.internal.TestInvoker.invokeMethod(TestInvoker.java:584)
at org.testng.internal.TestInvoker.invokeTestMethod(TestInvoker.java:172)
at org.testng.internal.MethodRunner.runInSequence(MethodRunner.java:46)
at org.testng.internal.TestInvoker$MethodInvocationAgent.invoke(TestInvoker.java:804)
at org.testng.internal.TestInvoker.invokeTestMethods(TestInvoker.java:145)
at org.testng.internal.TestMethodWorker.invokeTestMethods(TestMethodWorker.java:146)
at org.testng.internal.TestMethodWorker.run(TestMethodWorker.java:128)
at java.base/java.util.concurrent.ThreadPoolExecutor.runWorker(Unknown Source)
at java.base/java.util.concurrent.ThreadPoolExecutor$Worker.run(Unknown Source)
at java.base/java.lang.Thread.run(Unknown Source)
]]>
    </error>
  </testcase> <!-- basicDetails -->
  <testcase classname="com.SPMCIL.tc.TC004_SPMCILBasicDetails" name="basicDetails" time="86.457"/>
  <testcase classname="com.SPMCIL.tc.TC004_SPMCILBasicDetails" name="basicDetails" time="86.380"/>
  <testcase classname="com.SPMCIL.tc.TC004_SPMCILBasicDetails" name="basicDetails" time="85.446"/>
  <testcase classname="com.SPMCIL.tc.TC004_SPMCILBasicDetails" name="basicDetails" time="85.773"/>
  <testcase classname="com.SPMCIL.tc.TC004_SPMCILBasicDetails" name="basicDetails" time="85.711"/>
  <testcase classname="com.SPMCIL.tc.TC004_SPMCILBasicDetails" name="basicDetails" time="1.314">
    <error type="java.lang.NullPointerException">
      <![CDATA[java.lang.NullPointerException
at com.ibps.pages.PersonalDetailsPage.selectDropDownUsingIndexNew(PersonalDetailsPage.java:299)
at com.SPMCIL.tc.TC004_SPMCILBasicDetails.basicDetails(TC004_SPMCILBasicDetails.java:37)
at jdk.internal.reflect.GeneratedMethodAccessor91.invoke(Unknown Source)
at java.base/jdk.internal.reflect.DelegatingMethodAccessorImpl.invoke(Unknown Source)
at java.base/java.lang.reflect.Method.invoke(Unknown Source)
at org.testng.internal.MethodInvocationHelper.invokeMethod(MethodInvocationHelper.java:133)
at org.testng.internal.TestInvoker.invokeMethod(TestInvoker.java:584)
at org.testng.internal.TestInvoker.invokeTestMethod(TestInvoker.java:172)
at org.testng.internal.MethodRunner.runInSequence(MethodRunner.java:46)
at org.testng.internal.TestInvoker$MethodInvocationAgent.invoke(TestInvoker.java:804)
at org.testng.internal.TestInvoker.invokeTestMethods(TestInvoker.java:145)
at org.testng.internal.TestMethodWorker.invokeTestMethods(TestMethodWorker.java:146)
at org.testng.internal.TestMethodWorker.run(TestMethodWorker.java:128)
at java.base/java.util.concurrent.ThreadPoolExecutor.runWorker(Unknown Source)
at java.base/java.util.concurrent.ThreadPoolExecutor$Worker.run(Unknown Source)
at java.base/java.lang.Thread.run(Unknown Source)
]]>
    </error>
  </testcase> <!-- basicDetails -->
  <testcase classname="com.SPMCIL.tc.TC004_SPMCILBasicDetails" name="basicDetails" time="85.548"/>
  <testcase classname="com.SPMCIL.tc.TC004_SPMCILBasicDetails" name="basicDetails" time="85.769"/>
  <testcase classname="com.SPMCIL.tc.TC004_SPMCILBasicDetails" name="basicDetails" time="0.672">
    <error type="java.lang.NullPointerException">
      <![CDATA[java.lang.NullPointerException
at com.ibps.pages.PersonalDetailsPage.selectDropDownUsingIndexNew(PersonalDetailsPage.java:299)
at com.SPMCIL.tc.TC004_SPMCILBasicDetails.basicDetails(TC004_SPMCILBasicDetails.java:37)
at jdk.internal.reflect.GeneratedMethodAccessor91.invoke(Unknown Source)
at java.base/jdk.internal.reflect.DelegatingMethodAccessorImpl.invoke(Unknown Source)
at java.base/java.lang.reflect.Method.invoke(Unknown Source)
at org.testng.internal.MethodInvocationHelper.invokeMethod(MethodInvocationHelper.java:133)
at org.testng.internal.TestInvoker.invokeMethod(TestInvoker.java:584)
at org.testng.internal.TestInvoker.invokeTestMethod(TestInvoker.java:172)
at org.testng.internal.MethodRunner.runInSequence(MethodRunner.java:46)
at org.testng.internal.TestInvoker$MethodInvocationAgent.invoke(TestInvoker.java:804)
at org.testng.internal.TestInvoker.invokeTestMethods(TestInvoker.java:145)
at org.testng.internal.TestMethodWorker.invokeTestMethods(TestMethodWorker.java:146)
at org.testng.internal.TestMethodWorker.run(TestMethodWorker.java:128)
at java.base/java.util.concurrent.ThreadPoolExecutor.runWorker(Unknown Source)
at java.base/java.util.concurrent.ThreadPoolExecutor$Worker.run(Unknown Source)
at java.base/java.lang.Thread.run(Unknown Source)
]]>
    </error>
  </testcase> <!-- basicDetails -->
  <testcase classname="com.SPMCIL.tc.TC004_SPMCILBasicDetails" name="basicDetails" time="86.077"/>
  <testcase classname="com.SPMCIL.tc.TC004_SPMCILBasicDetails" name="basicDetails" time="86.359"/>
  <testcase classname="com.SPMCIL.tc.TC004_SPMCILBasicDetails" name="basicDetails" time="85.450"/>
  <testcase classname="com.SPMCIL.tc.TC004_SPMCILBasicDetails" name="basicDetails" time="0.780">
    <error type="java.lang.NullPointerException">
      <![CDATA[java.lang.NullPointerException
at com.ibps.pages.PersonalDetailsPage.selectDropDownUsingIndexNew(PersonalDetailsPage.java:299)
at com.SPMCIL.tc.TC004_SPMCILBasicDetails.basicDetails(TC004_SPMCILBasicDetails.java:37)
at jdk.internal.reflect.GeneratedMethodAccessor91.invoke(Unknown Source)
at java.base/jdk.internal.reflect.DelegatingMethodAccessorImpl.invoke(Unknown Source)
at java.base/java.lang.reflect.Method.invoke(Unknown Source)
at org.testng.internal.MethodInvocationHelper.invokeMethod(MethodInvocationHelper.java:133)
at org.testng.internal.TestInvoker.invokeMethod(TestInvoker.java:584)
at org.testng.internal.TestInvoker.invokeTestMethod(TestInvoker.java:172)
at org.testng.internal.MethodRunner.runInSequence(MethodRunner.java:46)
at org.testng.internal.TestInvoker$MethodInvocationAgent.invoke(TestInvoker.java:804)
at org.testng.internal.TestInvoker.invokeTestMethods(TestInvoker.java:145)
at org.testng.internal.TestMethodWorker.invokeTestMethods(TestMethodWorker.java:146)
at org.testng.internal.TestMethodWorker.run(TestMethodWorker.java:128)
at java.base/java.util.concurrent.ThreadPoolExecutor.runWorker(Unknown Source)
at java.base/java.util.concurrent.ThreadPoolExecutor$Worker.run(Unknown Source)
at java.base/java.lang.Thread.run(Unknown Source)
]]>
    </error>
  </testcase> <!-- basicDetails -->
  <testcase classname="com.SPMCIL.tc.TC004_SPMCILBasicDetails" name="basicDetails" time="90.207"/>
  <testcase classname="com.SPMCIL.tc.TC004_SPMCILBasicDetails" name="basicDetails" time="85.631"/>
  <testcase classname="com.SPMCIL.tc.TC004_SPMCILBasicDetails" name="basicDetails" time="84.521"/>
  <testcase classname="com.SPMCIL.tc.TC004_SPMCILBasicDetails" name="basicDetails" time="84.311"/>
  <testcase classname="com.SPMCIL.tc.TC004_SPMCILBasicDetails" name="basicDetails" time="86.234"/>
  <testcase classname="com.SPMCIL.tc.TC004_SPMCILBasicDetails" name="basicDetails" time="85.769"/>
  <testcase classname="com.SPMCIL.tc.TC004_SPMCILBasicDetails" name="basicDetails" time="85.166"/>
  <testcase classname="com.SPMCIL.tc.TC004_SPMCILBasicDetails" name="basicDetails" time="83.658"/>
  <testcase classname="com.SPMCIL.tc.TC004_SPMCILBasicDetails" name="basicDetails" time="85.746"/>
  <testcase classname="com.SPMCIL.tc.TC004_SPMCILBasicDetails" name="basicDetails" time="0.757">
    <error type="java.lang.NullPointerException">
      <![CDATA[java.lang.NullPointerException
at com.ibps.pages.PersonalDetailsPage.selectDropDownUsingIndexNew(PersonalDetailsPage.java:299)
at com.SPMCIL.tc.TC004_SPMCILBasicDetails.basicDetails(TC004_SPMCILBasicDetails.java:37)
at jdk.internal.reflect.GeneratedMethodAccessor91.invoke(Unknown Source)
at java.base/jdk.internal.reflect.DelegatingMethodAccessorImpl.invoke(Unknown Source)
at java.base/java.lang.reflect.Method.invoke(Unknown Source)
at org.testng.internal.MethodInvocationHelper.invokeMethod(MethodInvocationHelper.java:133)
at org.testng.internal.TestInvoker.invokeMethod(TestInvoker.java:584)
at org.testng.internal.TestInvoker.invokeTestMethod(TestInvoker.java:172)
at org.testng.internal.MethodRunner.runInSequence(MethodRunner.java:46)
at org.testng.internal.TestInvoker$MethodInvocationAgent.invoke(TestInvoker.java:804)
at org.testng.internal.TestInvoker.invokeTestMethods(TestInvoker.java:145)
at org.testng.internal.TestMethodWorker.invokeTestMethods(TestMethodWorker.java:146)
at org.testng.internal.TestMethodWorker.run(TestMethodWorker.java:128)
at java.base/java.util.concurrent.ThreadPoolExecutor.runWorker(Unknown Source)
at java.base/java.util.concurrent.ThreadPoolExecutor$Worker.run(Unknown Source)
at java.base/java.lang.Thread.run(Unknown Source)
]]>
    </error>
  </testcase> <!-- basicDetails -->
  <testcase classname="com.SPMCIL.tc.TC004_SPMCILBasicDetails" name="basicDetails" time="84.728"/>
  <testcase classname="com.SPMCIL.tc.TC004_SPMCILBasicDetails" name="basicDetails" time="83.585"/>
  <testcase classname="com.SPMCIL.tc.TC004_SPMCILBasicDetails" name="basicDetails" time="85.302"/>
  <testcase classname="com.SPMCIL.tc.TC004_SPMCILBasicDetails" name="basicDetails" time="2.404">
    <error type="java.lang.NullPointerException">
      <![CDATA[java.lang.NullPointerException
at com.ibps.pages.PersonalDetailsPage.selectDropDownUsingIndexNew(PersonalDetailsPage.java:299)
at com.SPMCIL.tc.TC004_SPMCILBasicDetails.basicDetails(TC004_SPMCILBasicDetails.java:37)
at jdk.internal.reflect.GeneratedMethodAccessor91.invoke(Unknown Source)
at java.base/jdk.internal.reflect.DelegatingMethodAccessorImpl.invoke(Unknown Source)
at java.base/java.lang.reflect.Method.invoke(Unknown Source)
at org.testng.internal.MethodInvocationHelper.invokeMethod(MethodInvocationHelper.java:133)
at org.testng.internal.TestInvoker.invokeMethod(TestInvoker.java:584)
at org.testng.internal.TestInvoker.invokeTestMethod(TestInvoker.java:172)
at org.testng.internal.MethodRunner.runInSequence(MethodRunner.java:46)
at org.testng.internal.TestInvoker$MethodInvocationAgent.invoke(TestInvoker.java:804)
at org.testng.internal.TestInvoker.invokeTestMethods(TestInvoker.java:145)
at org.testng.internal.TestMethodWorker.invokeTestMethods(TestMethodWorker.java:146)
at org.testng.internal.TestMethodWorker.run(TestMethodWorker.java:128)
at java.base/java.util.concurrent.ThreadPoolExecutor.runWorker(Unknown Source)
at java.base/java.util.concurrent.ThreadPoolExecutor$Worker.run(Unknown Source)
at java.base/java.lang.Thread.run(Unknown Source)
]]>
    </error>
  </testcase> <!-- basicDetails -->
  <testcase classname="com.SPMCIL.tc.TC004_SPMCILBasicDetails" name="basicDetails" time="1.378">
    <error type="java.lang.NullPointerException">
      <![CDATA[java.lang.NullPointerException
at com.ibps.pages.PersonalDetailsPage.selectDropDownUsingIndexNew(PersonalDetailsPage.java:299)
at com.SPMCIL.tc.TC004_SPMCILBasicDetails.basicDetails(TC004_SPMCILBasicDetails.java:37)
at jdk.internal.reflect.GeneratedMethodAccessor91.invoke(Unknown Source)
at java.base/jdk.internal.reflect.DelegatingMethodAccessorImpl.invoke(Unknown Source)
at java.base/java.lang.reflect.Method.invoke(Unknown Source)
at org.testng.internal.MethodInvocationHelper.invokeMethod(MethodInvocationHelper.java:133)
at org.testng.internal.TestInvoker.invokeMethod(TestInvoker.java:584)
at org.testng.internal.TestInvoker.invokeTestMethod(TestInvoker.java:172)
at org.testng.internal.MethodRunner.runInSequence(MethodRunner.java:46)
at org.testng.internal.TestInvoker$MethodInvocationAgent.invoke(TestInvoker.java:804)
at org.testng.internal.TestInvoker.invokeTestMethods(TestInvoker.java:145)
at org.testng.internal.TestMethodWorker.invokeTestMethods(TestMethodWorker.java:146)
at org.testng.internal.TestMethodWorker.run(TestMethodWorker.java:128)
at java.base/java.util.concurrent.ThreadPoolExecutor.runWorker(Unknown Source)
at java.base/java.util.concurrent.ThreadPoolExecutor$Worker.run(Unknown Source)
at java.base/java.lang.Thread.run(Unknown Source)
]]>
    </error>
  </testcase> <!-- basicDetails -->
  <testcase classname="com.SPMCIL.tc.TC004_SPMCILBasicDetails" name="basicDetails" time="86.152"/>
  <testcase classname="com.SPMCIL.tc.TC004_SPMCILBasicDetails" name="basicDetails" time="84.755"/>
  <testcase classname="com.SPMCIL.tc.TC004_SPMCILBasicDetails" name="basicDetails" time="156.842"/>
  <testcase classname="com.SPMCIL.tc.TC004_SPMCILBasicDetails" name="basicDetails" time="86.684"/>
  <testcase classname="com.SPMCIL.tc.TC004_SPMCILBasicDetails" name="basicDetails" time="86.670"/>
  <testcase classname="com.SPMCIL.tc.TC004_SPMCILBasicDetails" name="basicDetails" time="0.691">
    <error type="java.lang.NullPointerException">
      <![CDATA[java.lang.NullPointerException
at com.ibps.pages.PersonalDetailsPage.selectDropDownUsingIndexNew(PersonalDetailsPage.java:299)
at com.SPMCIL.tc.TC004_SPMCILBasicDetails.basicDetails(TC004_SPMCILBasicDetails.java:37)
at jdk.internal.reflect.GeneratedMethodAccessor91.invoke(Unknown Source)
at java.base/jdk.internal.reflect.DelegatingMethodAccessorImpl.invoke(Unknown Source)
at java.base/java.lang.reflect.Method.invoke(Unknown Source)
at org.testng.internal.MethodInvocationHelper.invokeMethod(MethodInvocationHelper.java:133)
at org.testng.internal.TestInvoker.invokeMethod(TestInvoker.java:584)
at org.testng.internal.TestInvoker.invokeTestMethod(TestInvoker.java:172)
at org.testng.internal.MethodRunner.runInSequence(MethodRunner.java:46)
at org.testng.internal.TestInvoker$MethodInvocationAgent.invoke(TestInvoker.java:804)
at org.testng.internal.TestInvoker.invokeTestMethods(TestInvoker.java:145)
at org.testng.internal.TestMethodWorker.invokeTestMethods(TestMethodWorker.java:146)
at org.testng.internal.TestMethodWorker.run(TestMethodWorker.java:128)
at java.base/java.util.concurrent.ThreadPoolExecutor.runWorker(Unknown Source)
at java.base/java.util.concurrent.ThreadPoolExecutor$Worker.run(Unknown Source)
at java.base/java.lang.Thread.run(Unknown Source)
]]>
    </error>
  </testcase> <!-- basicDetails -->
  <testcase classname="com.SPMCIL.tc.TC004_SPMCILBasicDetails" name="basicDetails" time="85.532"/>
  <testcase classname="com.SPMCIL.tc.TC004_SPMCILBasicDetails" name="basicDetails" time="84.975"/>
  <testcase classname="com.SPMCIL.tc.TC004_SPMCILBasicDetails" name="basicDetails" time="85.069"/>
  <testcase classname="com.SPMCIL.tc.TC004_SPMCILBasicDetails" name="basicDetails" time="93.827"/>
  <testcase classname="com.SPMCIL.tc.TC004_SPMCILBasicDetails" name="basicDetails" time="85.393"/>
  <testcase classname="com.SPMCIL.tc.TC004_SPMCILBasicDetails" name="basicDetails" time="84.462"/>
  <testcase classname="com.SPMCIL.tc.TC004_SPMCILBasicDetails" name="basicDetails" time="84.313"/>
  <testcase classname="com.SPMCIL.tc.TC004_SPMCILBasicDetails" name="basicDetails" time="86.152"/>
  <testcase classname="com.SPMCIL.tc.TC004_SPMCILBasicDetails" name="basicDetails" time="85.288"/>
  <testcase classname="com.SPMCIL.tc.TC004_SPMCILBasicDetails" name="basicDetails" time="86.626"/>
  <testcase classname="com.SPMCIL.tc.TC004_SPMCILBasicDetails" name="basicDetails" time="85.021"/>
  <testcase classname="com.SPMCIL.tc.TC004_SPMCILBasicDetails" name="basicDetails" time="85.196"/>
  <testcase classname="com.SPMCIL.tc.TC004_SPMCILBasicDetails" name="basicDetails" time="84.375"/>
  <testcase classname="com.SPMCIL.tc.TC004_SPMCILBasicDetails" name="basicDetails" time="2.587">
    <error type="java.lang.NullPointerException">
      <![CDATA[java.lang.NullPointerException
at com.ibps.pages.PersonalDetailsPage.selectDropDownUsingIndexNew(PersonalDetailsPage.java:299)
at com.SPMCIL.tc.TC004_SPMCILBasicDetails.basicDetails(TC004_SPMCILBasicDetails.java:37)
at jdk.internal.reflect.GeneratedMethodAccessor91.invoke(Unknown Source)
at java.base/jdk.internal.reflect.DelegatingMethodAccessorImpl.invoke(Unknown Source)
at java.base/java.lang.reflect.Method.invoke(Unknown Source)
at org.testng.internal.MethodInvocationHelper.invokeMethod(MethodInvocationHelper.java:133)
at org.testng.internal.TestInvoker.invokeMethod(TestInvoker.java:584)
at org.testng.internal.TestInvoker.invokeTestMethod(TestInvoker.java:172)
at org.testng.internal.MethodRunner.runInSequence(MethodRunner.java:46)
at org.testng.internal.TestInvoker$MethodInvocationAgent.invoke(TestInvoker.java:804)
at org.testng.internal.TestInvoker.invokeTestMethods(TestInvoker.java:145)
at org.testng.internal.TestMethodWorker.invokeTestMethods(TestMethodWorker.java:146)
at org.testng.internal.TestMethodWorker.run(TestMethodWorker.java:128)
at java.base/java.util.concurrent.ThreadPoolExecutor.runWorker(Unknown Source)
at java.base/java.util.concurrent.ThreadPoolExecutor$Worker.run(Unknown Source)
at java.base/java.lang.Thread.run(Unknown Source)
]]>
    </error>
  </testcase> <!-- basicDetails -->
  <testcase classname="com.SPMCIL.tc.TC004_SPMCILBasicDetails" name="basicDetails" time="84.652"/>
  <testcase classname="com.SPMCIL.tc.TC004_SPMCILBasicDetails" name="basicDetails" time="0.778">
    <error type="java.lang.NullPointerException">
      <![CDATA[java.lang.NullPointerException
at com.ibps.pages.PersonalDetailsPage.selectDropDownUsingIndexNew(PersonalDetailsPage.java:299)
at com.SPMCIL.tc.TC004_SPMCILBasicDetails.basicDetails(TC004_SPMCILBasicDetails.java:37)
at jdk.internal.reflect.GeneratedMethodAccessor91.invoke(Unknown Source)
at java.base/jdk.internal.reflect.DelegatingMethodAccessorImpl.invoke(Unknown Source)
at java.base/java.lang.reflect.Method.invoke(Unknown Source)
at org.testng.internal.MethodInvocationHelper.invokeMethod(MethodInvocationHelper.java:133)
at org.testng.internal.TestInvoker.invokeMethod(TestInvoker.java:584)
at org.testng.internal.TestInvoker.invokeTestMethod(TestInvoker.java:172)
at org.testng.internal.MethodRunner.runInSequence(MethodRunner.java:46)
at org.testng.internal.TestInvoker$MethodInvocationAgent.invoke(TestInvoker.java:804)
at org.testng.internal.TestInvoker.invokeTestMethods(TestInvoker.java:145)
at org.testng.internal.TestMethodWorker.invokeTestMethods(TestMethodWorker.java:146)
at org.testng.internal.TestMethodWorker.run(TestMethodWorker.java:128)
at java.base/java.util.concurrent.ThreadPoolExecutor.runWorker(Unknown Source)
at java.base/java.util.concurrent.ThreadPoolExecutor$Worker.run(Unknown Source)
at java.base/java.lang.Thread.run(Unknown Source)
]]>
    </error>
  </testcase> <!-- basicDetails -->
  <testcase classname="com.SPMCIL.tc.TC004_SPMCILBasicDetails" name="basicDetails" time="86.280"/>
  <testcase classname="com.SPMCIL.tc.TC004_SPMCILBasicDetails" name="basicDetails" time="86.236"/>
  <testcase classname="com.SPMCIL.tc.TC004_SPMCILBasicDetails" name="basicDetails" time="85.878"/>
  <testcase classname="com.SPMCIL.tc.TC004_SPMCILBasicDetails" name="basicDetails" time="84.482"/>
  <testcase classname="com.SPMCIL.tc.TC004_SPMCILBasicDetails" name="basicDetails" time="86.978"/>
  <testcase classname="com.SPMCIL.tc.TC004_SPMCILBasicDetails" name="basicDetails" time="85.914"/>
  <testcase classname="com.SPMCIL.tc.TC004_SPMCILBasicDetails" name="basicDetails" time="86.511"/>
  <testcase classname="com.SPMCIL.tc.TC004_SPMCILBasicDetails" name="basicDetails" time="0.810">
    <error type="java.lang.NullPointerException">
      <![CDATA[java.lang.NullPointerException
at com.ibps.pages.PersonalDetailsPage.selectDropDownUsingIndexNew(PersonalDetailsPage.java:299)
at com.SPMCIL.tc.TC004_SPMCILBasicDetails.basicDetails(TC004_SPMCILBasicDetails.java:37)
at jdk.internal.reflect.GeneratedMethodAccessor91.invoke(Unknown Source)
at java.base/jdk.internal.reflect.DelegatingMethodAccessorImpl.invoke(Unknown Source)
at java.base/java.lang.reflect.Method.invoke(Unknown Source)
at org.testng.internal.MethodInvocationHelper.invokeMethod(MethodInvocationHelper.java:133)
at org.testng.internal.TestInvoker.invokeMethod(TestInvoker.java:584)
at org.testng.internal.TestInvoker.invokeTestMethod(TestInvoker.java:172)
at org.testng.internal.MethodRunner.runInSequence(MethodRunner.java:46)
at org.testng.internal.TestInvoker$MethodInvocationAgent.invoke(TestInvoker.java:804)
at org.testng.internal.TestInvoker.invokeTestMethods(TestInvoker.java:145)
at org.testng.internal.TestMethodWorker.invokeTestMethods(TestMethodWorker.java:146)
at org.testng.internal.TestMethodWorker.run(TestMethodWorker.java:128)
at java.base/java.util.concurrent.ThreadPoolExecutor.runWorker(Unknown Source)
at java.base/java.util.concurrent.ThreadPoolExecutor$Worker.run(Unknown Source)
at java.base/java.lang.Thread.run(Unknown Source)
]]>
    </error>
  </testcase> <!-- basicDetails -->
  <testcase classname="com.SPMCIL.tc.TC004_SPMCILBasicDetails" name="basicDetails" time="85.168"/>
  <testcase classname="com.SPMCIL.tc.TC004_SPMCILBasicDetails" name="basicDetails" time="85.216"/>
  <testcase classname="com.SPMCIL.tc.TC004_SPMCILBasicDetails" name="basicDetails" time="85.417"/>
  <testcase classname="com.SPMCIL.tc.TC004_SPMCILBasicDetails" name="basicDetails" time="91.570"/>
  <testcase classname="com.SPMCIL.tc.TC004_SPMCILBasicDetails" name="basicDetails" time="84.688"/>
  <testcase classname="com.SPMCIL.tc.TC004_SPMCILBasicDetails" name="basicDetails" time="84.552"/>
  <testcase classname="com.SPMCIL.tc.TC004_SPMCILBasicDetails" name="basicDetails" time="85.667"/>
  <testcase classname="com.SPMCIL.tc.TC004_SPMCILBasicDetails" name="basicDetails" time="2.026">
    <error type="java.lang.NullPointerException">
      <![CDATA[java.lang.NullPointerException
at com.ibps.pages.PersonalDetailsPage.selectDropDownUsingIndexNew(PersonalDetailsPage.java:299)
at com.SPMCIL.tc.TC004_SPMCILBasicDetails.basicDetails(TC004_SPMCILBasicDetails.java:37)
at jdk.internal.reflect.GeneratedMethodAccessor91.invoke(Unknown Source)
at java.base/jdk.internal.reflect.DelegatingMethodAccessorImpl.invoke(Unknown Source)
at java.base/java.lang.reflect.Method.invoke(Unknown Source)
at org.testng.internal.MethodInvocationHelper.invokeMethod(MethodInvocationHelper.java:133)
at org.testng.internal.TestInvoker.invokeMethod(TestInvoker.java:584)
at org.testng.internal.TestInvoker.invokeTestMethod(TestInvoker.java:172)
at org.testng.internal.MethodRunner.runInSequence(MethodRunner.java:46)
at org.testng.internal.TestInvoker$MethodInvocationAgent.invoke(TestInvoker.java:804)
at org.testng.internal.TestInvoker.invokeTestMethods(TestInvoker.java:145)
at org.testng.internal.TestMethodWorker.invokeTestMethods(TestMethodWorker.java:146)
at org.testng.internal.TestMethodWorker.run(TestMethodWorker.java:128)
at java.base/java.util.concurrent.ThreadPoolExecutor.runWorker(Unknown Source)
at java.base/java.util.concurrent.ThreadPoolExecutor$Worker.run(Unknown Source)
at java.base/java.lang.Thread.run(Unknown Source)
]]>
    </error>
  </testcase> <!-- basicDetails -->
  <testcase classname="com.SPMCIL.tc.TC004_SPMCILBasicDetails" name="basicDetails" time="84.979"/>
  <testcase classname="com.SPMCIL.tc.TC004_SPMCILBasicDetails" name="basicDetails" time="0.781">
    <error type="java.lang.NullPointerException">
      <![CDATA[java.lang.NullPointerException
at com.ibps.pages.PersonalDetailsPage.selectDropDownUsingIndexNew(PersonalDetailsPage.java:299)
at com.SPMCIL.tc.TC004_SPMCILBasicDetails.basicDetails(TC004_SPMCILBasicDetails.java:37)
at jdk.internal.reflect.GeneratedMethodAccessor91.invoke(Unknown Source)
at java.base/jdk.internal.reflect.DelegatingMethodAccessorImpl.invoke(Unknown Source)
at java.base/java.lang.reflect.Method.invoke(Unknown Source)
at org.testng.internal.MethodInvocationHelper.invokeMethod(MethodInvocationHelper.java:133)
at org.testng.internal.TestInvoker.invokeMethod(TestInvoker.java:584)
at org.testng.internal.TestInvoker.invokeTestMethod(TestInvoker.java:172)
at org.testng.internal.MethodRunner.runInSequence(MethodRunner.java:46)
at org.testng.internal.TestInvoker$MethodInvocationAgent.invoke(TestInvoker.java:804)
at org.testng.internal.TestInvoker.invokeTestMethods(TestInvoker.java:145)
at org.testng.internal.TestMethodWorker.invokeTestMethods(TestMethodWorker.java:146)
at org.testng.internal.TestMethodWorker.run(TestMethodWorker.java:128)
at java.base/java.util.concurrent.ThreadPoolExecutor.runWorker(Unknown Source)
at java.base/java.util.concurrent.ThreadPoolExecutor$Worker.run(Unknown Source)
at java.base/java.lang.Thread.run(Unknown Source)
]]>
    </error>
  </testcase> <!-- basicDetails -->
  <testcase classname="com.SPMCIL.tc.TC004_SPMCILBasicDetails" name="basicDetails" time="84.530"/>
  <testcase classname="com.SPMCIL.tc.TC004_SPMCILBasicDetails" name="basicDetails" time="87.740"/>
  <testcase classname="com.SPMCIL.tc.TC004_SPMCILBasicDetails" name="basicDetails" time="0.748">
    <error type="java.lang.NullPointerException">
      <![CDATA[java.lang.NullPointerException
at com.ibps.pages.PersonalDetailsPage.selectDropDownUsingIndexNew(PersonalDetailsPage.java:299)
at com.SPMCIL.tc.TC004_SPMCILBasicDetails.basicDetails(TC004_SPMCILBasicDetails.java:37)
at jdk.internal.reflect.GeneratedMethodAccessor91.invoke(Unknown Source)
at java.base/jdk.internal.reflect.DelegatingMethodAccessorImpl.invoke(Unknown Source)
at java.base/java.lang.reflect.Method.invoke(Unknown Source)
at org.testng.internal.MethodInvocationHelper.invokeMethod(MethodInvocationHelper.java:133)
at org.testng.internal.TestInvoker.invokeMethod(TestInvoker.java:584)
at org.testng.internal.TestInvoker.invokeTestMethod(TestInvoker.java:172)
at org.testng.internal.MethodRunner.runInSequence(MethodRunner.java:46)
at org.testng.internal.TestInvoker$MethodInvocationAgent.invoke(TestInvoker.java:804)
at org.testng.internal.TestInvoker.invokeTestMethods(TestInvoker.java:145)
at org.testng.internal.TestMethodWorker.invokeTestMethods(TestMethodWorker.java:146)
at org.testng.internal.TestMethodWorker.run(TestMethodWorker.java:128)
at java.base/java.util.concurrent.ThreadPoolExecutor.runWorker(Unknown Source)
at java.base/java.util.concurrent.ThreadPoolExecutor$Worker.run(Unknown Source)
at java.base/java.lang.Thread.run(Unknown Source)
]]>
    </error>
  </testcase> <!-- basicDetails -->
</testsuite> <!-- com.SPMCIL.tc.TC004_SPMCILBasicDetails -->
