<?xml version="1.0" encoding="UTF-8"?>
<!-- Generated by org.testng.reporters.JUnitReportReporter -->
<testsuite skipped="0" hostname="MAA014482B" name="com.SBI_27_March_23.tc.TC001_SBIBasicDetails" tests="140" failures="0" timestamp="2023-04-20T07:02:48 IST" time="22751.584" errors="0">
  <testcase name="basicDetails" time="163.013" classname="com.SBI_27_March_23.tc.TC001_SBIBasicDetails"/>
  <testcase name="basicDetails" time="162.185" classname="com.SBI_27_March_23.tc.TC001_SBIBasicDetails"/>
  <testcase name="basicDetails" time="161.936" classname="com.SBI_27_March_23.tc.TC001_SBIBasicDetails"/>
  <testcase name="basicDetails" time="161.918" classname="com.SBI_27_March_23.tc.TC001_SBIBasicDetails"/>
  <testcase name="basicDetails" time="162.015" classname="com.SBI_27_March_23.tc.TC001_SBIBasicDetails"/>
  <testcase name="basicDetails" time="161.665" classname="com.SBI_27_March_23.tc.TC001_SBIBasicDetails"/>
  <testcase name="basicDetails" time="161.700" classname="com.SBI_27_March_23.tc.TC001_SBIBasicDetails"/>
  <testcase name="basicDetails" time="161.825" classname="com.SBI_27_March_23.tc.TC001_SBIBasicDetails"/>
  <testcase name="basicDetails" time="163.031" classname="com.SBI_27_March_23.tc.TC001_SBIBasicDetails"/>
  <testcase name="basicDetails" time="163.111" classname="com.SBI_27_March_23.tc.TC001_SBIBasicDetails"/>
  <testcase name="basicDetails" time="163.269" classname="com.SBI_27_March_23.tc.TC001_SBIBasicDetails"/>
  <testcase name="basicDetails" time="163.230" classname="com.SBI_27_March_23.tc.TC001_SBIBasicDetails"/>
  <testcase name="basicDetails" time="163.287" classname="com.SBI_27_March_23.tc.TC001_SBIBasicDetails"/>
  <testcase name="basicDetails" time="162.022" classname="com.SBI_27_March_23.tc.TC001_SBIBasicDetails"/>
  <testcase name="basicDetails" time="162.278" classname="com.SBI_27_March_23.tc.TC001_SBIBasicDetails"/>
  <testcase name="basicDetails" time="161.914" classname="com.SBI_27_March_23.tc.TC001_SBIBasicDetails"/>
  <testcase name="basicDetails" time="163.149" classname="com.SBI_27_March_23.tc.TC001_SBIBasicDetails"/>
  <testcase name="basicDetails" time="163.033" classname="com.SBI_27_March_23.tc.TC001_SBIBasicDetails"/>
  <testcase name="basicDetails" time="162.036" classname="com.SBI_27_March_23.tc.TC001_SBIBasicDetails"/>
  <testcase name="basicDetails" time="162.092" classname="com.SBI_27_March_23.tc.TC001_SBIBasicDetails"/>
  <testcase name="basicDetails" time="161.911" classname="com.SBI_27_March_23.tc.TC001_SBIBasicDetails"/>
  <testcase name="basicDetails" time="162.028" classname="com.SBI_27_March_23.tc.TC001_SBIBasicDetails"/>
  <testcase name="basicDetails" time="161.646" classname="com.SBI_27_March_23.tc.TC001_SBIBasicDetails"/>
  <testcase name="basicDetails" time="161.908" classname="com.SBI_27_March_23.tc.TC001_SBIBasicDetails"/>
  <testcase name="basicDetails" time="161.858" classname="com.SBI_27_March_23.tc.TC001_SBIBasicDetails"/>
  <testcase name="basicDetails" time="163.222" classname="com.SBI_27_March_23.tc.TC001_SBIBasicDetails"/>
  <testcase name="basicDetails" time="161.903" classname="com.SBI_27_March_23.tc.TC001_SBIBasicDetails"/>
  <testcase name="basicDetails" time="162.522" classname="com.SBI_27_March_23.tc.TC001_SBIBasicDetails"/>
  <testcase name="basicDetails" time="162.044" classname="com.SBI_27_March_23.tc.TC001_SBIBasicDetails"/>
  <testcase name="basicDetails" time="163.139" classname="com.SBI_27_March_23.tc.TC001_SBIBasicDetails"/>
  <testcase name="basicDetails" time="161.767" classname="com.SBI_27_March_23.tc.TC001_SBIBasicDetails"/>
  <testcase name="basicDetails" time="161.594" classname="com.SBI_27_March_23.tc.TC001_SBIBasicDetails"/>
  <testcase name="basicDetails" time="161.978" classname="com.SBI_27_March_23.tc.TC001_SBIBasicDetails"/>
  <testcase name="basicDetails" time="162.973" classname="com.SBI_27_March_23.tc.TC001_SBIBasicDetails"/>
  <testcase name="basicDetails" time="161.519" classname="com.SBI_27_March_23.tc.TC001_SBIBasicDetails"/>
  <testcase name="basicDetails" time="162.297" classname="com.SBI_27_March_23.tc.TC001_SBIBasicDetails"/>
  <testcase name="basicDetails" time="163.298" classname="com.SBI_27_March_23.tc.TC001_SBIBasicDetails"/>
  <testcase name="basicDetails" time="161.751" classname="com.SBI_27_March_23.tc.TC001_SBIBasicDetails"/>
  <testcase name="basicDetails" time="163.323" classname="com.SBI_27_March_23.tc.TC001_SBIBasicDetails"/>
  <testcase name="basicDetails" time="162.213" classname="com.SBI_27_March_23.tc.TC001_SBIBasicDetails"/>
  <testcase name="basicDetails" time="161.895" classname="com.SBI_27_March_23.tc.TC001_SBIBasicDetails"/>
  <testcase name="basicDetails" time="161.846" classname="com.SBI_27_March_23.tc.TC001_SBIBasicDetails"/>
  <testcase name="basicDetails" time="161.909" classname="com.SBI_27_March_23.tc.TC001_SBIBasicDetails"/>
  <testcase name="basicDetails" time="162.076" classname="com.SBI_27_March_23.tc.TC001_SBIBasicDetails"/>
  <testcase name="basicDetails" time="163.039" classname="com.SBI_27_March_23.tc.TC001_SBIBasicDetails"/>
  <testcase name="basicDetails" time="161.887" classname="com.SBI_27_March_23.tc.TC001_SBIBasicDetails"/>
  <testcase name="basicDetails" time="163.285" classname="com.SBI_27_March_23.tc.TC001_SBIBasicDetails"/>
  <testcase name="basicDetails" time="162.732" classname="com.SBI_27_March_23.tc.TC001_SBIBasicDetails"/>
  <testcase name="basicDetails" time="163.405" classname="com.SBI_27_March_23.tc.TC001_SBIBasicDetails"/>
  <testcase name="basicDetails" time="163.165" classname="com.SBI_27_March_23.tc.TC001_SBIBasicDetails"/>
  <testcase name="basicDetails" time="161.919" classname="com.SBI_27_March_23.tc.TC001_SBIBasicDetails"/>
  <testcase name="basicDetails" time="163.139" classname="com.SBI_27_March_23.tc.TC001_SBIBasicDetails"/>
  <testcase name="basicDetails" time="163.104" classname="com.SBI_27_March_23.tc.TC001_SBIBasicDetails"/>
  <testcase name="basicDetails" time="163.003" classname="com.SBI_27_March_23.tc.TC001_SBIBasicDetails"/>
  <testcase name="basicDetails" time="161.832" classname="com.SBI_27_March_23.tc.TC001_SBIBasicDetails"/>
  <testcase name="basicDetails" time="161.931" classname="com.SBI_27_March_23.tc.TC001_SBIBasicDetails"/>
  <testcase name="basicDetails" time="163.109" classname="com.SBI_27_March_23.tc.TC001_SBIBasicDetails"/>
  <testcase name="basicDetails" time="162.234" classname="com.SBI_27_March_23.tc.TC001_SBIBasicDetails"/>
  <testcase name="basicDetails" time="162.766" classname="com.SBI_27_March_23.tc.TC001_SBIBasicDetails"/>
  <testcase name="basicDetails" time="162.033" classname="com.SBI_27_March_23.tc.TC001_SBIBasicDetails"/>
  <testcase name="basicDetails" time="163.057" classname="com.SBI_27_March_23.tc.TC001_SBIBasicDetails"/>
  <testcase name="basicDetails" time="162.623" classname="com.SBI_27_March_23.tc.TC001_SBIBasicDetails"/>
  <testcase name="basicDetails" time="162.931" classname="com.SBI_27_March_23.tc.TC001_SBIBasicDetails"/>
  <testcase name="basicDetails" time="162.933" classname="com.SBI_27_March_23.tc.TC001_SBIBasicDetails"/>
  <testcase name="basicDetails" time="162.134" classname="com.SBI_27_March_23.tc.TC001_SBIBasicDetails"/>
  <testcase name="basicDetails" time="163.008" classname="com.SBI_27_March_23.tc.TC001_SBIBasicDetails"/>
  <testcase name="basicDetails" time="162.843" classname="com.SBI_27_March_23.tc.TC001_SBIBasicDetails"/>
  <testcase name="basicDetails" time="163.134" classname="com.SBI_27_March_23.tc.TC001_SBIBasicDetails"/>
  <testcase name="basicDetails" time="162.865" classname="com.SBI_27_March_23.tc.TC001_SBIBasicDetails"/>
  <testcase name="basicDetails" time="163.185" classname="com.SBI_27_March_23.tc.TC001_SBIBasicDetails"/>
  <testcase name="basicDetails" time="163.230" classname="com.SBI_27_March_23.tc.TC001_SBIBasicDetails"/>
  <testcase name="basicDetails" time="162.301" classname="com.SBI_27_March_23.tc.TC001_SBIBasicDetails"/>
  <testcase name="basicDetails" time="163.564" classname="com.SBI_27_March_23.tc.TC001_SBIBasicDetails"/>
  <testcase name="basicDetails" time="162.440" classname="com.SBI_27_March_23.tc.TC001_SBIBasicDetails"/>
  <testcase name="basicDetails" time="161.853" classname="com.SBI_27_March_23.tc.TC001_SBIBasicDetails"/>
  <testcase name="basicDetails" time="162.146" classname="com.SBI_27_March_23.tc.TC001_SBIBasicDetails"/>
  <testcase name="basicDetails" time="161.645" classname="com.SBI_27_March_23.tc.TC001_SBIBasicDetails"/>
  <testcase name="basicDetails" time="162.943" classname="com.SBI_27_March_23.tc.TC001_SBIBasicDetails"/>
  <testcase name="basicDetails" time="161.996" classname="com.SBI_27_March_23.tc.TC001_SBIBasicDetails"/>
  <testcase name="basicDetails" time="162.888" classname="com.SBI_27_March_23.tc.TC001_SBIBasicDetails"/>
  <testcase name="basicDetails" time="162.089" classname="com.SBI_27_March_23.tc.TC001_SBIBasicDetails"/>
  <testcase name="basicDetails" time="161.809" classname="com.SBI_27_March_23.tc.TC001_SBIBasicDetails"/>
  <testcase name="basicDetails" time="161.950" classname="com.SBI_27_March_23.tc.TC001_SBIBasicDetails"/>
  <testcase name="basicDetails" time="162.000" classname="com.SBI_27_March_23.tc.TC001_SBIBasicDetails"/>
  <testcase name="basicDetails" time="162.879" classname="com.SBI_27_March_23.tc.TC001_SBIBasicDetails"/>
  <testcase name="basicDetails" time="163.079" classname="com.SBI_27_March_23.tc.TC001_SBIBasicDetails"/>
  <testcase name="basicDetails" time="161.881" classname="com.SBI_27_March_23.tc.TC001_SBIBasicDetails"/>
  <testcase name="basicDetails" time="162.106" classname="com.SBI_27_March_23.tc.TC001_SBIBasicDetails"/>
  <testcase name="basicDetails" time="161.792" classname="com.SBI_27_March_23.tc.TC001_SBIBasicDetails"/>
  <testcase name="basicDetails" time="163.481" classname="com.SBI_27_March_23.tc.TC001_SBIBasicDetails"/>
  <testcase name="basicDetails" time="162.049" classname="com.SBI_27_March_23.tc.TC001_SBIBasicDetails"/>
  <testcase name="basicDetails" time="162.949" classname="com.SBI_27_March_23.tc.TC001_SBIBasicDetails"/>
  <testcase name="basicDetails" time="162.883" classname="com.SBI_27_March_23.tc.TC001_SBIBasicDetails"/>
  <testcase name="basicDetails" time="162.991" classname="com.SBI_27_March_23.tc.TC001_SBIBasicDetails"/>
  <testcase name="basicDetails" time="163.034" classname="com.SBI_27_March_23.tc.TC001_SBIBasicDetails"/>
  <testcase name="basicDetails" time="163.445" classname="com.SBI_27_March_23.tc.TC001_SBIBasicDetails"/>
  <testcase name="basicDetails" time="161.867" classname="com.SBI_27_March_23.tc.TC001_SBIBasicDetails"/>
  <testcase name="basicDetails" time="163.022" classname="com.SBI_27_March_23.tc.TC001_SBIBasicDetails"/>
  <testcase name="basicDetails" time="161.948" classname="com.SBI_27_March_23.tc.TC001_SBIBasicDetails"/>
  <testcase name="basicDetails" time="161.835" classname="com.SBI_27_March_23.tc.TC001_SBIBasicDetails"/>
  <testcase name="basicDetails" time="162.919" classname="com.SBI_27_March_23.tc.TC001_SBIBasicDetails"/>
  <testcase name="basicDetails" time="162.029" classname="com.SBI_27_March_23.tc.TC001_SBIBasicDetails"/>
  <testcase name="basicDetails" time="163.234" classname="com.SBI_27_March_23.tc.TC001_SBIBasicDetails"/>
  <testcase name="basicDetails" time="162.884" classname="com.SBI_27_March_23.tc.TC001_SBIBasicDetails"/>
  <testcase name="basicDetails" time="161.985" classname="com.SBI_27_March_23.tc.TC001_SBIBasicDetails"/>
  <testcase name="basicDetails" time="161.710" classname="com.SBI_27_March_23.tc.TC001_SBIBasicDetails"/>
  <testcase name="basicDetails" time="162.998" classname="com.SBI_27_March_23.tc.TC001_SBIBasicDetails"/>
  <testcase name="basicDetails" time="161.732" classname="com.SBI_27_March_23.tc.TC001_SBIBasicDetails"/>
  <testcase name="basicDetails" time="162.199" classname="com.SBI_27_March_23.tc.TC001_SBIBasicDetails"/>
  <testcase name="basicDetails" time="162.984" classname="com.SBI_27_March_23.tc.TC001_SBIBasicDetails"/>
  <testcase name="basicDetails" time="163.075" classname="com.SBI_27_March_23.tc.TC001_SBIBasicDetails"/>
  <testcase name="basicDetails" time="163.013" classname="com.SBI_27_March_23.tc.TC001_SBIBasicDetails"/>
  <testcase name="basicDetails" time="163.237" classname="com.SBI_27_March_23.tc.TC001_SBIBasicDetails"/>
  <testcase name="basicDetails" time="161.851" classname="com.SBI_27_March_23.tc.TC001_SBIBasicDetails"/>
  <testcase name="basicDetails" time="162.993" classname="com.SBI_27_March_23.tc.TC001_SBIBasicDetails"/>
  <testcase name="basicDetails" time="162.775" classname="com.SBI_27_March_23.tc.TC001_SBIBasicDetails"/>
  <testcase name="basicDetails" time="163.048" classname="com.SBI_27_March_23.tc.TC001_SBIBasicDetails"/>
  <testcase name="basicDetails" time="161.857" classname="com.SBI_27_March_23.tc.TC001_SBIBasicDetails"/>
  <testcase name="basicDetails" time="163.126" classname="com.SBI_27_March_23.tc.TC001_SBIBasicDetails"/>
  <testcase name="basicDetails" time="162.397" classname="com.SBI_27_March_23.tc.TC001_SBIBasicDetails"/>
  <testcase name="basicDetails" time="162.870" classname="com.SBI_27_March_23.tc.TC001_SBIBasicDetails"/>
  <testcase name="basicDetails" time="162.133" classname="com.SBI_27_March_23.tc.TC001_SBIBasicDetails"/>
  <testcase name="basicDetails" time="163.049" classname="com.SBI_27_March_23.tc.TC001_SBIBasicDetails"/>
  <testcase name="basicDetails" time="163.176" classname="com.SBI_27_March_23.tc.TC001_SBIBasicDetails"/>
  <testcase name="basicDetails" time="162.107" classname="com.SBI_27_March_23.tc.TC001_SBIBasicDetails"/>
  <testcase name="basicDetails" time="161.693" classname="com.SBI_27_March_23.tc.TC001_SBIBasicDetails"/>
  <testcase name="basicDetails" time="163.295" classname="com.SBI_27_March_23.tc.TC001_SBIBasicDetails"/>
  <testcase name="basicDetails" time="162.032" classname="com.SBI_27_March_23.tc.TC001_SBIBasicDetails"/>
  <testcase name="basicDetails" time="163.359" classname="com.SBI_27_March_23.tc.TC001_SBIBasicDetails"/>
  <testcase name="basicDetails" time="163.061" classname="com.SBI_27_March_23.tc.TC001_SBIBasicDetails"/>
  <testcase name="basicDetails" time="163.017" classname="com.SBI_27_March_23.tc.TC001_SBIBasicDetails"/>
  <testcase name="basicDetails" time="163.028" classname="com.SBI_27_March_23.tc.TC001_SBIBasicDetails"/>
  <testcase name="basicDetails" time="162.253" classname="com.SBI_27_March_23.tc.TC001_SBIBasicDetails"/>
  <testcase name="basicDetails" time="162.209" classname="com.SBI_27_March_23.tc.TC001_SBIBasicDetails"/>
  <testcase name="basicDetails" time="161.880" classname="com.SBI_27_March_23.tc.TC001_SBIBasicDetails"/>
  <testcase name="basicDetails" time="163.534" classname="com.SBI_27_March_23.tc.TC001_SBIBasicDetails"/>
  <testcase name="basicDetails" time="162.816" classname="com.SBI_27_March_23.tc.TC001_SBIBasicDetails"/>
  <testcase name="basicDetails" time="162.903" classname="com.SBI_27_March_23.tc.TC001_SBIBasicDetails"/>
  <testcase name="basicDetails" time="162.742" classname="com.SBI_27_March_23.tc.TC001_SBIBasicDetails"/>
  <testcase name="basicDetails" time="161.663" classname="com.SBI_27_March_23.tc.TC001_SBIBasicDetails"/>
</testsuite> <!-- com.SBI_27_March_23.tc.TC001_SBIBasicDetails -->
