<?xml version="1.0" encoding="UTF-8"?>
<!-- Generated by org.testng.reporters.JUnitReportReporter -->
<testsuite skipped="0" hostname="MAA014482B" name="com.RCF.tc.TC004_RCFBasicDetails" tests="21" failures="0" timestamp="2022-12-20T17:38:06 IST" time="3315.630" errors="0">
  <testcase name="basicDetails" time="157.724" classname="com.RCF.tc.TC004_RCFBasicDetails"/>
  <testcase name="basicDetails" time="157.528" classname="com.RCF.tc.TC004_RCFBasicDetails"/>
  <testcase name="basicDetails" time="157.544" classname="com.RCF.tc.TC004_RCFBasicDetails"/>
  <testcase name="basicDetails" time="157.618" classname="com.RCF.tc.TC004_RCFBasicDetails"/>
  <testcase name="basicDetails" time="158.394" classname="com.RCF.tc.TC004_RCFBasicDetails"/>
  <testcase name="basicDetails" time="157.562" classname="com.RCF.tc.TC004_RCFBasicDetails"/>
  <testcase name="basicDetails" time="160.417" classname="com.RCF.tc.TC004_RCFBasicDetails"/>
  <testcase name="basicDetails" time="157.821" classname="com.RCF.tc.TC004_RCFBasicDetails"/>
  <testcase name="basicDetails" time="158.272" classname="com.RCF.tc.TC004_RCFBasicDetails"/>
  <testcase name="basicDetails" time="157.477" classname="com.RCF.tc.TC004_RCFBasicDetails"/>
  <testcase name="basicDetails" time="157.369" classname="com.RCF.tc.TC004_RCFBasicDetails"/>
  <testcase name="basicDetails" time="157.871" classname="com.RCF.tc.TC004_RCFBasicDetails"/>
  <testcase name="basicDetails" time="157.995" classname="com.RCF.tc.TC004_RCFBasicDetails"/>
  <testcase name="basicDetails" time="157.623" classname="com.RCF.tc.TC004_RCFBasicDetails"/>
  <testcase name="basicDetails" time="157.905" classname="com.RCF.tc.TC004_RCFBasicDetails"/>
  <testcase name="basicDetails" time="157.583" classname="com.RCF.tc.TC004_RCFBasicDetails"/>
  <testcase name="basicDetails" time="157.558" classname="com.RCF.tc.TC004_RCFBasicDetails"/>
  <testcase name="basicDetails" time="157.816" classname="com.RCF.tc.TC004_RCFBasicDetails"/>
  <testcase name="basicDetails" time="158.151" classname="com.RCF.tc.TC004_RCFBasicDetails"/>
  <testcase name="basicDetails" time="157.546" classname="com.RCF.tc.TC004_RCFBasicDetails"/>
  <testcase name="basicDetails" time="157.856" classname="com.RCF.tc.TC004_RCFBasicDetails"/>
</testsuite> <!-- com.RCF.tc.TC004_RCFBasicDetails -->
