<?xml version="1.0" encoding="UTF-8"?>
<!-- Generated by org.testng.reporters.JUnitReportReporter -->
<testsuite skipped="0" hostname="MAA014482B" name="com.IDBI30May22.tc.TC001_IDBIBasicDetails" tests="162" failures="0" timestamp="2022-06-08T23:13:33 IST" time="20118.561" errors="0">
  <testcase name="basicDetails" time="124.086" classname="com.IDBI30May22.tc.TC001_IDBIBasicDetails"/>
  <testcase name="basicDetails" time="124.039" classname="com.IDBI30May22.tc.TC001_IDBIBasicDetails"/>
  <testcase name="basicDetails" time="124.195" classname="com.IDBI30May22.tc.TC001_IDBIBasicDetails"/>
  <testcase name="basicDetails" time="124.438" classname="com.IDBI30May22.tc.TC001_IDBIBasicDetails"/>
  <testcase name="basicDetails" time="124.135" classname="com.IDBI30May22.tc.TC001_IDBIBasicDetails"/>
  <testcase name="basicDetails" time="124.574" classname="com.IDBI30May22.tc.TC001_IDBIBasicDetails"/>
  <testcase name="basicDetails" time="123.899" classname="com.IDBI30May22.tc.TC001_IDBIBasicDetails"/>
  <testcase name="basicDetails" time="124.819" classname="com.IDBI30May22.tc.TC001_IDBIBasicDetails"/>
  <testcase name="basicDetails" time="124.339" classname="com.IDBI30May22.tc.TC001_IDBIBasicDetails"/>
  <testcase name="basicDetails" time="124.457" classname="com.IDBI30May22.tc.TC001_IDBIBasicDetails"/>
  <testcase name="basicDetails" time="124.168" classname="com.IDBI30May22.tc.TC001_IDBIBasicDetails"/>
  <testcase name="basicDetails" time="124.421" classname="com.IDBI30May22.tc.TC001_IDBIBasicDetails"/>
  <testcase name="basicDetails" time="124.583" classname="com.IDBI30May22.tc.TC001_IDBIBasicDetails"/>
  <testcase name="basicDetails" time="124.148" classname="com.IDBI30May22.tc.TC001_IDBIBasicDetails"/>
  <testcase name="basicDetails" time="124.211" classname="com.IDBI30May22.tc.TC001_IDBIBasicDetails"/>
  <testcase name="basicDetails" time="124.516" classname="com.IDBI30May22.tc.TC001_IDBIBasicDetails"/>
  <testcase name="basicDetails" time="124.354" classname="com.IDBI30May22.tc.TC001_IDBIBasicDetails"/>
  <testcase name="basicDetails" time="123.612" classname="com.IDBI30May22.tc.TC001_IDBIBasicDetails"/>
  <testcase name="basicDetails" time="124.319" classname="com.IDBI30May22.tc.TC001_IDBIBasicDetails"/>
  <testcase name="basicDetails" time="124.299" classname="com.IDBI30May22.tc.TC001_IDBIBasicDetails"/>
  <testcase name="basicDetails" time="124.285" classname="com.IDBI30May22.tc.TC001_IDBIBasicDetails"/>
  <testcase name="basicDetails" time="123.982" classname="com.IDBI30May22.tc.TC001_IDBIBasicDetails"/>
  <testcase name="basicDetails" time="123.929" classname="com.IDBI30May22.tc.TC001_IDBIBasicDetails"/>
  <testcase name="basicDetails" time="124.482" classname="com.IDBI30May22.tc.TC001_IDBIBasicDetails"/>
  <testcase name="basicDetails" time="124.189" classname="com.IDBI30May22.tc.TC001_IDBIBasicDetails"/>
  <testcase name="basicDetails" time="123.691" classname="com.IDBI30May22.tc.TC001_IDBIBasicDetails"/>
  <testcase name="basicDetails" time="124.064" classname="com.IDBI30May22.tc.TC001_IDBIBasicDetails"/>
  <testcase name="basicDetails" time="123.708" classname="com.IDBI30May22.tc.TC001_IDBIBasicDetails"/>
  <testcase name="basicDetails" time="124.300" classname="com.IDBI30May22.tc.TC001_IDBIBasicDetails"/>
  <testcase name="basicDetails" time="124.344" classname="com.IDBI30May22.tc.TC001_IDBIBasicDetails"/>
  <testcase name="basicDetails" time="124.190" classname="com.IDBI30May22.tc.TC001_IDBIBasicDetails"/>
  <testcase name="basicDetails" time="123.967" classname="com.IDBI30May22.tc.TC001_IDBIBasicDetails"/>
  <testcase name="basicDetails" time="124.542" classname="com.IDBI30May22.tc.TC001_IDBIBasicDetails"/>
  <testcase name="basicDetails" time="123.778" classname="com.IDBI30May22.tc.TC001_IDBIBasicDetails"/>
  <testcase name="basicDetails" time="124.152" classname="com.IDBI30May22.tc.TC001_IDBIBasicDetails"/>
  <testcase name="basicDetails" time="124.215" classname="com.IDBI30May22.tc.TC001_IDBIBasicDetails"/>
  <testcase name="basicDetails" time="123.798" classname="com.IDBI30May22.tc.TC001_IDBIBasicDetails"/>
  <testcase name="basicDetails" time="124.537" classname="com.IDBI30May22.tc.TC001_IDBIBasicDetails"/>
  <testcase name="basicDetails" time="124.242" classname="com.IDBI30May22.tc.TC001_IDBIBasicDetails"/>
  <testcase name="basicDetails" time="123.922" classname="com.IDBI30May22.tc.TC001_IDBIBasicDetails"/>
  <testcase name="basicDetails" time="124.540" classname="com.IDBI30May22.tc.TC001_IDBIBasicDetails"/>
  <testcase name="basicDetails" time="124.293" classname="com.IDBI30May22.tc.TC001_IDBIBasicDetails"/>
  <testcase name="basicDetails" time="123.951" classname="com.IDBI30May22.tc.TC001_IDBIBasicDetails"/>
  <testcase name="basicDetails" time="124.221" classname="com.IDBI30May22.tc.TC001_IDBIBasicDetails"/>
  <testcase name="basicDetails" time="124.244" classname="com.IDBI30May22.tc.TC001_IDBIBasicDetails"/>
  <testcase name="basicDetails" time="124.751" classname="com.IDBI30May22.tc.TC001_IDBIBasicDetails"/>
  <testcase name="basicDetails" time="123.725" classname="com.IDBI30May22.tc.TC001_IDBIBasicDetails"/>
  <testcase name="basicDetails" time="123.827" classname="com.IDBI30May22.tc.TC001_IDBIBasicDetails"/>
  <testcase name="basicDetails" time="123.974" classname="com.IDBI30May22.tc.TC001_IDBIBasicDetails"/>
  <testcase name="basicDetails" time="123.225" classname="com.IDBI30May22.tc.TC001_IDBIBasicDetails"/>
  <testcase name="basicDetails" time="124.389" classname="com.IDBI30May22.tc.TC001_IDBIBasicDetails"/>
  <testcase name="basicDetails" time="124.142" classname="com.IDBI30May22.tc.TC001_IDBIBasicDetails"/>
  <testcase name="basicDetails" time="124.081" classname="com.IDBI30May22.tc.TC001_IDBIBasicDetails"/>
  <testcase name="basicDetails" time="124.317" classname="com.IDBI30May22.tc.TC001_IDBIBasicDetails"/>
  <testcase name="basicDetails" time="124.362" classname="com.IDBI30May22.tc.TC001_IDBIBasicDetails"/>
  <testcase name="basicDetails" time="128.229" classname="com.IDBI30May22.tc.TC001_IDBIBasicDetails"/>
  <testcase name="basicDetails" time="123.861" classname="com.IDBI30May22.tc.TC001_IDBIBasicDetails"/>
  <testcase name="basicDetails" time="123.896" classname="com.IDBI30May22.tc.TC001_IDBIBasicDetails"/>
  <testcase name="basicDetails" time="123.615" classname="com.IDBI30May22.tc.TC001_IDBIBasicDetails"/>
  <testcase name="basicDetails" time="124.013" classname="com.IDBI30May22.tc.TC001_IDBIBasicDetails"/>
  <testcase name="basicDetails" time="123.924" classname="com.IDBI30May22.tc.TC001_IDBIBasicDetails"/>
  <testcase name="basicDetails" time="123.859" classname="com.IDBI30May22.tc.TC001_IDBIBasicDetails"/>
  <testcase name="basicDetails" time="124.083" classname="com.IDBI30May22.tc.TC001_IDBIBasicDetails"/>
  <testcase name="basicDetails" time="124.329" classname="com.IDBI30May22.tc.TC001_IDBIBasicDetails"/>
  <testcase name="basicDetails" time="124.416" classname="com.IDBI30May22.tc.TC001_IDBIBasicDetails"/>
  <testcase name="basicDetails" time="124.443" classname="com.IDBI30May22.tc.TC001_IDBIBasicDetails"/>
  <testcase name="basicDetails" time="124.006" classname="com.IDBI30May22.tc.TC001_IDBIBasicDetails"/>
  <testcase name="basicDetails" time="124.058" classname="com.IDBI30May22.tc.TC001_IDBIBasicDetails"/>
  <testcase name="basicDetails" time="123.916" classname="com.IDBI30May22.tc.TC001_IDBIBasicDetails"/>
  <testcase name="basicDetails" time="124.184" classname="com.IDBI30May22.tc.TC001_IDBIBasicDetails"/>
  <testcase name="basicDetails" time="124.038" classname="com.IDBI30May22.tc.TC001_IDBIBasicDetails"/>
  <testcase name="basicDetails" time="124.194" classname="com.IDBI30May22.tc.TC001_IDBIBasicDetails"/>
  <testcase name="basicDetails" time="124.146" classname="com.IDBI30May22.tc.TC001_IDBIBasicDetails"/>
  <testcase name="basicDetails" time="125.042" classname="com.IDBI30May22.tc.TC001_IDBIBasicDetails"/>
  <testcase name="basicDetails" time="123.815" classname="com.IDBI30May22.tc.TC001_IDBIBasicDetails"/>
  <testcase name="basicDetails" time="123.984" classname="com.IDBI30May22.tc.TC001_IDBIBasicDetails"/>
  <testcase name="basicDetails" time="124.431" classname="com.IDBI30May22.tc.TC001_IDBIBasicDetails"/>
  <testcase name="basicDetails" time="124.515" classname="com.IDBI30May22.tc.TC001_IDBIBasicDetails"/>
  <testcase name="basicDetails" time="124.460" classname="com.IDBI30May22.tc.TC001_IDBIBasicDetails"/>
  <testcase name="basicDetails" time="123.745" classname="com.IDBI30May22.tc.TC001_IDBIBasicDetails"/>
  <testcase name="basicDetails" time="123.984" classname="com.IDBI30May22.tc.TC001_IDBIBasicDetails"/>
  <testcase name="basicDetails" time="124.268" classname="com.IDBI30May22.tc.TC001_IDBIBasicDetails"/>
  <testcase name="basicDetails" time="124.755" classname="com.IDBI30May22.tc.TC001_IDBIBasicDetails"/>
  <testcase name="basicDetails" time="124.062" classname="com.IDBI30May22.tc.TC001_IDBIBasicDetails"/>
  <testcase name="basicDetails" time="123.623" classname="com.IDBI30May22.tc.TC001_IDBIBasicDetails"/>
  <testcase name="basicDetails" time="124.470" classname="com.IDBI30May22.tc.TC001_IDBIBasicDetails"/>
  <testcase name="basicDetails" time="124.264" classname="com.IDBI30May22.tc.TC001_IDBIBasicDetails"/>
  <testcase name="basicDetails" time="124.439" classname="com.IDBI30May22.tc.TC001_IDBIBasicDetails"/>
  <testcase name="basicDetails" time="124.098" classname="com.IDBI30May22.tc.TC001_IDBIBasicDetails"/>
  <testcase name="basicDetails" time="123.177" classname="com.IDBI30May22.tc.TC001_IDBIBasicDetails"/>
  <testcase name="basicDetails" time="124.240" classname="com.IDBI30May22.tc.TC001_IDBIBasicDetails"/>
  <testcase name="basicDetails" time="124.186" classname="com.IDBI30May22.tc.TC001_IDBIBasicDetails"/>
  <testcase name="basicDetails" time="124.568" classname="com.IDBI30May22.tc.TC001_IDBIBasicDetails"/>
  <testcase name="basicDetails" time="124.009" classname="com.IDBI30May22.tc.TC001_IDBIBasicDetails"/>
  <testcase name="basicDetails" time="124.170" classname="com.IDBI30May22.tc.TC001_IDBIBasicDetails"/>
  <testcase name="basicDetails" time="124.604" classname="com.IDBI30May22.tc.TC001_IDBIBasicDetails"/>
  <testcase name="basicDetails" time="124.153" classname="com.IDBI30May22.tc.TC001_IDBIBasicDetails"/>
  <testcase name="basicDetails" time="123.805" classname="com.IDBI30May22.tc.TC001_IDBIBasicDetails"/>
  <testcase name="basicDetails" time="123.910" classname="com.IDBI30May22.tc.TC001_IDBIBasicDetails"/>
  <testcase name="basicDetails" time="123.625" classname="com.IDBI30May22.tc.TC001_IDBIBasicDetails"/>
  <testcase name="basicDetails" time="124.423" classname="com.IDBI30May22.tc.TC001_IDBIBasicDetails"/>
  <testcase name="basicDetails" time="123.942" classname="com.IDBI30May22.tc.TC001_IDBIBasicDetails"/>
  <testcase name="basicDetails" time="123.852" classname="com.IDBI30May22.tc.TC001_IDBIBasicDetails"/>
  <testcase name="basicDetails" time="124.252" classname="com.IDBI30May22.tc.TC001_IDBIBasicDetails"/>
  <testcase name="basicDetails" time="124.396" classname="com.IDBI30May22.tc.TC001_IDBIBasicDetails"/>
  <testcase name="basicDetails" time="124.177" classname="com.IDBI30May22.tc.TC001_IDBIBasicDetails"/>
  <testcase name="basicDetails" time="123.874" classname="com.IDBI30May22.tc.TC001_IDBIBasicDetails"/>
  <testcase name="basicDetails" time="123.894" classname="com.IDBI30May22.tc.TC001_IDBIBasicDetails"/>
  <testcase name="basicDetails" time="124.205" classname="com.IDBI30May22.tc.TC001_IDBIBasicDetails"/>
  <testcase name="basicDetails" time="124.006" classname="com.IDBI30May22.tc.TC001_IDBIBasicDetails"/>
  <testcase name="basicDetails" time="124.409" classname="com.IDBI30May22.tc.TC001_IDBIBasicDetails"/>
  <testcase name="basicDetails" time="124.580" classname="com.IDBI30May22.tc.TC001_IDBIBasicDetails"/>
  <testcase name="basicDetails" time="124.308" classname="com.IDBI30May22.tc.TC001_IDBIBasicDetails"/>
  <testcase name="basicDetails" time="124.698" classname="com.IDBI30May22.tc.TC001_IDBIBasicDetails"/>
  <testcase name="basicDetails" time="123.961" classname="com.IDBI30May22.tc.TC001_IDBIBasicDetails"/>
  <testcase name="basicDetails" time="124.014" classname="com.IDBI30May22.tc.TC001_IDBIBasicDetails"/>
  <testcase name="basicDetails" time="124.168" classname="com.IDBI30May22.tc.TC001_IDBIBasicDetails"/>
  <testcase name="basicDetails" time="124.246" classname="com.IDBI30May22.tc.TC001_IDBIBasicDetails"/>
  <testcase name="basicDetails" time="123.953" classname="com.IDBI30May22.tc.TC001_IDBIBasicDetails"/>
  <testcase name="basicDetails" time="123.247" classname="com.IDBI30May22.tc.TC001_IDBIBasicDetails"/>
  <testcase name="basicDetails" time="124.034" classname="com.IDBI30May22.tc.TC001_IDBIBasicDetails"/>
  <testcase name="basicDetails" time="124.156" classname="com.IDBI30May22.tc.TC001_IDBIBasicDetails"/>
  <testcase name="basicDetails" time="123.920" classname="com.IDBI30May22.tc.TC001_IDBIBasicDetails"/>
  <testcase name="basicDetails" time="124.045" classname="com.IDBI30May22.tc.TC001_IDBIBasicDetails"/>
  <testcase name="basicDetails" time="123.942" classname="com.IDBI30May22.tc.TC001_IDBIBasicDetails"/>
  <testcase name="basicDetails" time="124.285" classname="com.IDBI30May22.tc.TC001_IDBIBasicDetails"/>
  <testcase name="basicDetails" time="124.755" classname="com.IDBI30May22.tc.TC001_IDBIBasicDetails"/>
  <testcase name="basicDetails" time="124.383" classname="com.IDBI30May22.tc.TC001_IDBIBasicDetails"/>
  <testcase name="basicDetails" time="124.393" classname="com.IDBI30May22.tc.TC001_IDBIBasicDetails"/>
  <testcase name="basicDetails" time="124.710" classname="com.IDBI30May22.tc.TC001_IDBIBasicDetails"/>
  <testcase name="basicDetails" time="124.244" classname="com.IDBI30May22.tc.TC001_IDBIBasicDetails"/>
  <testcase name="basicDetails" time="124.187" classname="com.IDBI30May22.tc.TC001_IDBIBasicDetails"/>
  <testcase name="basicDetails" time="124.142" classname="com.IDBI30May22.tc.TC001_IDBIBasicDetails"/>
  <testcase name="basicDetails" time="124.143" classname="com.IDBI30May22.tc.TC001_IDBIBasicDetails"/>
  <testcase name="basicDetails" time="123.939" classname="com.IDBI30May22.tc.TC001_IDBIBasicDetails"/>
  <testcase name="basicDetails" time="124.605" classname="com.IDBI30May22.tc.TC001_IDBIBasicDetails"/>
  <testcase name="basicDetails" time="124.314" classname="com.IDBI30May22.tc.TC001_IDBIBasicDetails"/>
  <testcase name="basicDetails" time="124.219" classname="com.IDBI30May22.tc.TC001_IDBIBasicDetails"/>
  <testcase name="basicDetails" time="123.941" classname="com.IDBI30May22.tc.TC001_IDBIBasicDetails"/>
  <testcase name="basicDetails" time="123.513" classname="com.IDBI30May22.tc.TC001_IDBIBasicDetails"/>
  <testcase name="basicDetails" time="124.151" classname="com.IDBI30May22.tc.TC001_IDBIBasicDetails"/>
  <testcase name="basicDetails" time="124.078" classname="com.IDBI30May22.tc.TC001_IDBIBasicDetails"/>
  <testcase name="basicDetails" time="124.496" classname="com.IDBI30May22.tc.TC001_IDBIBasicDetails"/>
  <testcase name="basicDetails" time="124.033" classname="com.IDBI30May22.tc.TC001_IDBIBasicDetails"/>
  <testcase name="basicDetails" time="124.213" classname="com.IDBI30May22.tc.TC001_IDBIBasicDetails"/>
  <testcase name="basicDetails" time="124.286" classname="com.IDBI30May22.tc.TC001_IDBIBasicDetails"/>
  <testcase name="basicDetails" time="124.135" classname="com.IDBI30May22.tc.TC001_IDBIBasicDetails"/>
  <testcase name="basicDetails" time="124.127" classname="com.IDBI30May22.tc.TC001_IDBIBasicDetails"/>
  <testcase name="basicDetails" time="124.532" classname="com.IDBI30May22.tc.TC001_IDBIBasicDetails"/>
  <testcase name="basicDetails" time="124.699" classname="com.IDBI30May22.tc.TC001_IDBIBasicDetails"/>
  <testcase name="basicDetails" time="123.989" classname="com.IDBI30May22.tc.TC001_IDBIBasicDetails"/>
  <testcase name="basicDetails" time="124.582" classname="com.IDBI30May22.tc.TC001_IDBIBasicDetails"/>
  <testcase name="basicDetails" time="124.048" classname="com.IDBI30May22.tc.TC001_IDBIBasicDetails"/>
  <testcase name="basicDetails" time="124.059" classname="com.IDBI30May22.tc.TC001_IDBIBasicDetails"/>
  <testcase name="basicDetails" time="124.091" classname="com.IDBI30May22.tc.TC001_IDBIBasicDetails"/>
  <testcase name="basicDetails" time="124.199" classname="com.IDBI30May22.tc.TC001_IDBIBasicDetails"/>
  <testcase name="basicDetails" time="124.032" classname="com.IDBI30May22.tc.TC001_IDBIBasicDetails"/>
  <testcase name="basicDetails" time="124.358" classname="com.IDBI30May22.tc.TC001_IDBIBasicDetails"/>
  <testcase name="basicDetails" time="124.122" classname="com.IDBI30May22.tc.TC001_IDBIBasicDetails"/>
  <testcase name="basicDetails" time="124.178" classname="com.IDBI30May22.tc.TC001_IDBIBasicDetails"/>
  <testcase name="basicDetails" time="124.344" classname="com.IDBI30May22.tc.TC001_IDBIBasicDetails"/>
  <testcase name="basicDetails" time="123.751" classname="com.IDBI30May22.tc.TC001_IDBIBasicDetails"/>
</testsuite> <!-- com.IDBI30May22.tc.TC001_IDBIBasicDetails -->
