<?xml version="1.0" encoding="UTF-8"?>
<!-- Generated by org.testng.reporters.JUnitReportReporter -->
<testsuite skipped="0" hostname="MAA014482B" name="com.GIC_June23.tc.TC004_GICBasicDetails" tests="180" failures="0" timestamp="2023-07-09T05:31:03 IST" time="29221.555" errors="0">
  <testcase name="basicDetails" time="163.614" classname="com.GIC_June23.tc.TC004_GICBasicDetails"/>
  <testcase name="basicDetails" time="161.355" classname="com.GIC_June23.tc.TC004_GICBasicDetails"/>
  <testcase name="basicDetails" time="163.702" classname="com.GIC_June23.tc.TC004_GICBasicDetails"/>
  <testcase name="basicDetails" time="161.497" classname="com.GIC_June23.tc.TC004_GICBasicDetails"/>
  <testcase name="basicDetails" time="161.934" classname="com.GIC_June23.tc.TC004_GICBasicDetails"/>
  <testcase name="basicDetails" time="161.662" classname="com.GIC_June23.tc.TC004_GICBasicDetails"/>
  <testcase name="basicDetails" time="161.228" classname="com.GIC_June23.tc.TC004_GICBasicDetails"/>
  <testcase name="basicDetails" time="161.655" classname="com.GIC_June23.tc.TC004_GICBasicDetails"/>
  <testcase name="basicDetails" time="162.993" classname="com.GIC_June23.tc.TC004_GICBasicDetails"/>
  <testcase name="basicDetails" time="161.191" classname="com.GIC_June23.tc.TC004_GICBasicDetails"/>
  <testcase name="basicDetails" time="161.698" classname="com.GIC_June23.tc.TC004_GICBasicDetails"/>
  <testcase name="basicDetails" time="163.392" classname="com.GIC_June23.tc.TC004_GICBasicDetails"/>
  <testcase name="basicDetails" time="170.609" classname="com.GIC_June23.tc.TC004_GICBasicDetails"/>
  <testcase name="basicDetails" time="161.785" classname="com.GIC_June23.tc.TC004_GICBasicDetails"/>
  <testcase name="basicDetails" time="161.516" classname="com.GIC_June23.tc.TC004_GICBasicDetails"/>
  <testcase name="basicDetails" time="160.214" classname="com.GIC_June23.tc.TC004_GICBasicDetails"/>
  <testcase name="basicDetails" time="162.001" classname="com.GIC_June23.tc.TC004_GICBasicDetails"/>
  <testcase name="basicDetails" time="161.660" classname="com.GIC_June23.tc.TC004_GICBasicDetails"/>
  <testcase name="basicDetails" time="161.411" classname="com.GIC_June23.tc.TC004_GICBasicDetails"/>
  <testcase name="basicDetails" time="163.457" classname="com.GIC_June23.tc.TC004_GICBasicDetails"/>
  <testcase name="basicDetails" time="161.263" classname="com.GIC_June23.tc.TC004_GICBasicDetails"/>
  <testcase name="basicDetails" time="163.554" classname="com.GIC_June23.tc.TC004_GICBasicDetails"/>
  <testcase name="basicDetails" time="163.546" classname="com.GIC_June23.tc.TC004_GICBasicDetails"/>
  <testcase name="basicDetails" time="160.976" classname="com.GIC_June23.tc.TC004_GICBasicDetails"/>
  <testcase name="basicDetails" time="161.697" classname="com.GIC_June23.tc.TC004_GICBasicDetails"/>
  <testcase name="basicDetails" time="161.175" classname="com.GIC_June23.tc.TC004_GICBasicDetails"/>
  <testcase name="basicDetails" time="161.644" classname="com.GIC_June23.tc.TC004_GICBasicDetails"/>
  <testcase name="basicDetails" time="163.893" classname="com.GIC_June23.tc.TC004_GICBasicDetails"/>
  <testcase name="basicDetails" time="163.415" classname="com.GIC_June23.tc.TC004_GICBasicDetails"/>
  <testcase name="basicDetails" time="161.549" classname="com.GIC_June23.tc.TC004_GICBasicDetails"/>
  <testcase name="basicDetails" time="163.712" classname="com.GIC_June23.tc.TC004_GICBasicDetails"/>
  <testcase name="basicDetails" time="163.997" classname="com.GIC_June23.tc.TC004_GICBasicDetails"/>
  <testcase name="basicDetails" time="161.630" classname="com.GIC_June23.tc.TC004_GICBasicDetails"/>
  <testcase name="basicDetails" time="163.434" classname="com.GIC_June23.tc.TC004_GICBasicDetails"/>
  <testcase name="basicDetails" time="163.651" classname="com.GIC_June23.tc.TC004_GICBasicDetails"/>
  <testcase name="basicDetails" time="161.729" classname="com.GIC_June23.tc.TC004_GICBasicDetails"/>
  <testcase name="basicDetails" time="163.509" classname="com.GIC_June23.tc.TC004_GICBasicDetails"/>
  <testcase name="basicDetails" time="161.532" classname="com.GIC_June23.tc.TC004_GICBasicDetails"/>
  <testcase name="basicDetails" time="163.514" classname="com.GIC_June23.tc.TC004_GICBasicDetails"/>
  <testcase name="basicDetails" time="161.045" classname="com.GIC_June23.tc.TC004_GICBasicDetails"/>
  <testcase name="basicDetails" time="161.626" classname="com.GIC_June23.tc.TC004_GICBasicDetails"/>
  <testcase name="basicDetails" time="163.650" classname="com.GIC_June23.tc.TC004_GICBasicDetails"/>
  <testcase name="basicDetails" time="161.602" classname="com.GIC_June23.tc.TC004_GICBasicDetails"/>
  <testcase name="basicDetails" time="161.270" classname="com.GIC_June23.tc.TC004_GICBasicDetails"/>
  <testcase name="basicDetails" time="163.779" classname="com.GIC_June23.tc.TC004_GICBasicDetails"/>
  <testcase name="basicDetails" time="161.496" classname="com.GIC_June23.tc.TC004_GICBasicDetails"/>
  <testcase name="basicDetails" time="161.771" classname="com.GIC_June23.tc.TC004_GICBasicDetails"/>
  <testcase name="basicDetails" time="161.580" classname="com.GIC_June23.tc.TC004_GICBasicDetails"/>
  <testcase name="basicDetails" time="163.479" classname="com.GIC_June23.tc.TC004_GICBasicDetails"/>
  <testcase name="basicDetails" time="161.613" classname="com.GIC_June23.tc.TC004_GICBasicDetails"/>
  <testcase name="basicDetails" time="162.025" classname="com.GIC_June23.tc.TC004_GICBasicDetails"/>
  <testcase name="basicDetails" time="162.115" classname="com.GIC_June23.tc.TC004_GICBasicDetails"/>
  <testcase name="basicDetails" time="163.870" classname="com.GIC_June23.tc.TC004_GICBasicDetails"/>
  <testcase name="basicDetails" time="161.639" classname="com.GIC_June23.tc.TC004_GICBasicDetails"/>
  <testcase name="basicDetails" time="161.697" classname="com.GIC_June23.tc.TC004_GICBasicDetails"/>
  <testcase name="basicDetails" time="161.734" classname="com.GIC_June23.tc.TC004_GICBasicDetails"/>
  <testcase name="basicDetails" time="162.242" classname="com.GIC_June23.tc.TC004_GICBasicDetails"/>
  <testcase name="basicDetails" time="161.746" classname="com.GIC_June23.tc.TC004_GICBasicDetails"/>
  <testcase name="basicDetails" time="161.577" classname="com.GIC_June23.tc.TC004_GICBasicDetails"/>
  <testcase name="basicDetails" time="164.134" classname="com.GIC_June23.tc.TC004_GICBasicDetails"/>
  <testcase name="basicDetails" time="161.459" classname="com.GIC_June23.tc.TC004_GICBasicDetails"/>
  <testcase name="basicDetails" time="162.090" classname="com.GIC_June23.tc.TC004_GICBasicDetails"/>
  <testcase name="basicDetails" time="161.209" classname="com.GIC_June23.tc.TC004_GICBasicDetails"/>
  <testcase name="basicDetails" time="160.744" classname="com.GIC_June23.tc.TC004_GICBasicDetails"/>
  <testcase name="basicDetails" time="163.354" classname="com.GIC_June23.tc.TC004_GICBasicDetails"/>
  <testcase name="basicDetails" time="163.262" classname="com.GIC_June23.tc.TC004_GICBasicDetails"/>
  <testcase name="basicDetails" time="161.481" classname="com.GIC_June23.tc.TC004_GICBasicDetails"/>
  <testcase name="basicDetails" time="161.395" classname="com.GIC_June23.tc.TC004_GICBasicDetails"/>
  <testcase name="basicDetails" time="163.497" classname="com.GIC_June23.tc.TC004_GICBasicDetails"/>
  <testcase name="basicDetails" time="163.947" classname="com.GIC_June23.tc.TC004_GICBasicDetails"/>
  <testcase name="basicDetails" time="161.873" classname="com.GIC_June23.tc.TC004_GICBasicDetails"/>
  <testcase name="basicDetails" time="160.933" classname="com.GIC_June23.tc.TC004_GICBasicDetails"/>
  <testcase name="basicDetails" time="163.560" classname="com.GIC_June23.tc.TC004_GICBasicDetails"/>
  <testcase name="basicDetails" time="161.591" classname="com.GIC_June23.tc.TC004_GICBasicDetails"/>
  <testcase name="basicDetails" time="161.514" classname="com.GIC_June23.tc.TC004_GICBasicDetails"/>
  <testcase name="basicDetails" time="161.240" classname="com.GIC_June23.tc.TC004_GICBasicDetails"/>
  <testcase name="basicDetails" time="161.338" classname="com.GIC_June23.tc.TC004_GICBasicDetails"/>
  <testcase name="basicDetails" time="161.411" classname="com.GIC_June23.tc.TC004_GICBasicDetails"/>
  <testcase name="basicDetails" time="163.578" classname="com.GIC_June23.tc.TC004_GICBasicDetails"/>
  <testcase name="basicDetails" time="161.368" classname="com.GIC_June23.tc.TC004_GICBasicDetails"/>
  <testcase name="basicDetails" time="163.201" classname="com.GIC_June23.tc.TC004_GICBasicDetails"/>
  <testcase name="basicDetails" time="161.297" classname="com.GIC_June23.tc.TC004_GICBasicDetails"/>
  <testcase name="basicDetails" time="161.620" classname="com.GIC_June23.tc.TC004_GICBasicDetails"/>
  <testcase name="basicDetails" time="161.339" classname="com.GIC_June23.tc.TC004_GICBasicDetails"/>
  <testcase name="basicDetails" time="163.689" classname="com.GIC_June23.tc.TC004_GICBasicDetails"/>
  <testcase name="basicDetails" time="161.949" classname="com.GIC_June23.tc.TC004_GICBasicDetails"/>
  <testcase name="basicDetails" time="161.468" classname="com.GIC_June23.tc.TC004_GICBasicDetails"/>
  <testcase name="basicDetails" time="164.246" classname="com.GIC_June23.tc.TC004_GICBasicDetails"/>
  <testcase name="basicDetails" time="163.500" classname="com.GIC_June23.tc.TC004_GICBasicDetails"/>
  <testcase name="basicDetails" time="161.678" classname="com.GIC_June23.tc.TC004_GICBasicDetails"/>
  <testcase name="basicDetails" time="161.778" classname="com.GIC_June23.tc.TC004_GICBasicDetails"/>
  <testcase name="basicDetails" time="161.411" classname="com.GIC_June23.tc.TC004_GICBasicDetails"/>
  <testcase name="basicDetails" time="163.713" classname="com.GIC_June23.tc.TC004_GICBasicDetails"/>
  <testcase name="basicDetails" time="163.755" classname="com.GIC_June23.tc.TC004_GICBasicDetails"/>
  <testcase name="basicDetails" time="161.450" classname="com.GIC_June23.tc.TC004_GICBasicDetails"/>
  <testcase name="basicDetails" time="163.280" classname="com.GIC_June23.tc.TC004_GICBasicDetails"/>
  <testcase name="basicDetails" time="161.830" classname="com.GIC_June23.tc.TC004_GICBasicDetails"/>
  <testcase name="basicDetails" time="161.319" classname="com.GIC_June23.tc.TC004_GICBasicDetails"/>
  <testcase name="basicDetails" time="163.557" classname="com.GIC_June23.tc.TC004_GICBasicDetails"/>
  <testcase name="basicDetails" time="161.229" classname="com.GIC_June23.tc.TC004_GICBasicDetails"/>
  <testcase name="basicDetails" time="161.326" classname="com.GIC_June23.tc.TC004_GICBasicDetails"/>
  <testcase name="basicDetails" time="161.324" classname="com.GIC_June23.tc.TC004_GICBasicDetails"/>
  <testcase name="basicDetails" time="161.299" classname="com.GIC_June23.tc.TC004_GICBasicDetails"/>
  <testcase name="basicDetails" time="161.767" classname="com.GIC_June23.tc.TC004_GICBasicDetails"/>
  <testcase name="basicDetails" time="161.755" classname="com.GIC_June23.tc.TC004_GICBasicDetails"/>
  <testcase name="basicDetails" time="161.601" classname="com.GIC_June23.tc.TC004_GICBasicDetails"/>
  <testcase name="basicDetails" time="161.768" classname="com.GIC_June23.tc.TC004_GICBasicDetails"/>
  <testcase name="basicDetails" time="163.975" classname="com.GIC_June23.tc.TC004_GICBasicDetails"/>
  <testcase name="basicDetails" time="161.389" classname="com.GIC_June23.tc.TC004_GICBasicDetails"/>
  <testcase name="basicDetails" time="161.070" classname="com.GIC_June23.tc.TC004_GICBasicDetails"/>
  <testcase name="basicDetails" time="161.486" classname="com.GIC_June23.tc.TC004_GICBasicDetails"/>
  <testcase name="basicDetails" time="163.718" classname="com.GIC_June23.tc.TC004_GICBasicDetails"/>
  <testcase name="basicDetails" time="161.781" classname="com.GIC_June23.tc.TC004_GICBasicDetails"/>
  <testcase name="basicDetails" time="163.629" classname="com.GIC_June23.tc.TC004_GICBasicDetails"/>
  <testcase name="basicDetails" time="161.530" classname="com.GIC_June23.tc.TC004_GICBasicDetails"/>
  <testcase name="basicDetails" time="163.389" classname="com.GIC_June23.tc.TC004_GICBasicDetails"/>
  <testcase name="basicDetails" time="161.520" classname="com.GIC_June23.tc.TC004_GICBasicDetails"/>
  <testcase name="basicDetails" time="161.643" classname="com.GIC_June23.tc.TC004_GICBasicDetails"/>
  <testcase name="basicDetails" time="162.083" classname="com.GIC_June23.tc.TC004_GICBasicDetails"/>
  <testcase name="basicDetails" time="161.869" classname="com.GIC_June23.tc.TC004_GICBasicDetails"/>
  <testcase name="basicDetails" time="163.502" classname="com.GIC_June23.tc.TC004_GICBasicDetails"/>
  <testcase name="basicDetails" time="163.775" classname="com.GIC_June23.tc.TC004_GICBasicDetails"/>
  <testcase name="basicDetails" time="163.398" classname="com.GIC_June23.tc.TC004_GICBasicDetails"/>
  <testcase name="basicDetails" time="161.655" classname="com.GIC_June23.tc.TC004_GICBasicDetails"/>
  <testcase name="basicDetails" time="164.114" classname="com.GIC_June23.tc.TC004_GICBasicDetails"/>
  <testcase name="basicDetails" time="161.274" classname="com.GIC_June23.tc.TC004_GICBasicDetails"/>
  <testcase name="basicDetails" time="161.708" classname="com.GIC_June23.tc.TC004_GICBasicDetails"/>
  <testcase name="basicDetails" time="161.475" classname="com.GIC_June23.tc.TC004_GICBasicDetails"/>
  <testcase name="basicDetails" time="161.761" classname="com.GIC_June23.tc.TC004_GICBasicDetails"/>
  <testcase name="basicDetails" time="161.308" classname="com.GIC_June23.tc.TC004_GICBasicDetails"/>
  <testcase name="basicDetails" time="163.506" classname="com.GIC_June23.tc.TC004_GICBasicDetails"/>
  <testcase name="basicDetails" time="161.127" classname="com.GIC_June23.tc.TC004_GICBasicDetails"/>
  <testcase name="basicDetails" time="163.499" classname="com.GIC_June23.tc.TC004_GICBasicDetails"/>
  <testcase name="basicDetails" time="164.011" classname="com.GIC_June23.tc.TC004_GICBasicDetails"/>
  <testcase name="basicDetails" time="163.521" classname="com.GIC_June23.tc.TC004_GICBasicDetails"/>
  <testcase name="basicDetails" time="161.845" classname="com.GIC_June23.tc.TC004_GICBasicDetails"/>
  <testcase name="basicDetails" time="163.609" classname="com.GIC_June23.tc.TC004_GICBasicDetails"/>
  <testcase name="basicDetails" time="161.888" classname="com.GIC_June23.tc.TC004_GICBasicDetails"/>
  <testcase name="basicDetails" time="163.792" classname="com.GIC_June23.tc.TC004_GICBasicDetails"/>
  <testcase name="basicDetails" time="161.204" classname="com.GIC_June23.tc.TC004_GICBasicDetails"/>
  <testcase name="basicDetails" time="163.194" classname="com.GIC_June23.tc.TC004_GICBasicDetails"/>
  <testcase name="basicDetails" time="161.858" classname="com.GIC_June23.tc.TC004_GICBasicDetails"/>
  <testcase name="basicDetails" time="161.924" classname="com.GIC_June23.tc.TC004_GICBasicDetails"/>
  <testcase name="basicDetails" time="161.597" classname="com.GIC_June23.tc.TC004_GICBasicDetails"/>
  <testcase name="basicDetails" time="161.650" classname="com.GIC_June23.tc.TC004_GICBasicDetails"/>
  <testcase name="basicDetails" time="163.293" classname="com.GIC_June23.tc.TC004_GICBasicDetails"/>
  <testcase name="basicDetails" time="164.187" classname="com.GIC_June23.tc.TC004_GICBasicDetails"/>
  <testcase name="basicDetails" time="163.865" classname="com.GIC_June23.tc.TC004_GICBasicDetails"/>
  <testcase name="basicDetails" time="163.986" classname="com.GIC_June23.tc.TC004_GICBasicDetails"/>
  <testcase name="basicDetails" time="161.588" classname="com.GIC_June23.tc.TC004_GICBasicDetails"/>
  <testcase name="basicDetails" time="161.643" classname="com.GIC_June23.tc.TC004_GICBasicDetails"/>
  <testcase name="basicDetails" time="161.604" classname="com.GIC_June23.tc.TC004_GICBasicDetails"/>
  <testcase name="basicDetails" time="161.644" classname="com.GIC_June23.tc.TC004_GICBasicDetails"/>
  <testcase name="basicDetails" time="163.561" classname="com.GIC_June23.tc.TC004_GICBasicDetails"/>
  <testcase name="basicDetails" time="161.574" classname="com.GIC_June23.tc.TC004_GICBasicDetails"/>
  <testcase name="basicDetails" time="161.688" classname="com.GIC_June23.tc.TC004_GICBasicDetails"/>
  <testcase name="basicDetails" time="161.381" classname="com.GIC_June23.tc.TC004_GICBasicDetails"/>
  <testcase name="basicDetails" time="161.751" classname="com.GIC_June23.tc.TC004_GICBasicDetails"/>
  <testcase name="basicDetails" time="161.697" classname="com.GIC_June23.tc.TC004_GICBasicDetails"/>
  <testcase name="basicDetails" time="163.649" classname="com.GIC_June23.tc.TC004_GICBasicDetails"/>
  <testcase name="basicDetails" time="163.440" classname="com.GIC_June23.tc.TC004_GICBasicDetails"/>
  <testcase name="basicDetails" time="161.427" classname="com.GIC_June23.tc.TC004_GICBasicDetails"/>
  <testcase name="basicDetails" time="163.128" classname="com.GIC_June23.tc.TC004_GICBasicDetails"/>
  <testcase name="basicDetails" time="161.631" classname="com.GIC_June23.tc.TC004_GICBasicDetails"/>
  <testcase name="basicDetails" time="161.408" classname="com.GIC_June23.tc.TC004_GICBasicDetails"/>
  <testcase name="basicDetails" time="163.979" classname="com.GIC_June23.tc.TC004_GICBasicDetails"/>
  <testcase name="basicDetails" time="161.580" classname="com.GIC_June23.tc.TC004_GICBasicDetails"/>
  <testcase name="basicDetails" time="161.927" classname="com.GIC_June23.tc.TC004_GICBasicDetails"/>
  <testcase name="basicDetails" time="161.281" classname="com.GIC_June23.tc.TC004_GICBasicDetails"/>
  <testcase name="basicDetails" time="163.506" classname="com.GIC_June23.tc.TC004_GICBasicDetails"/>
  <testcase name="basicDetails" time="161.489" classname="com.GIC_June23.tc.TC004_GICBasicDetails"/>
  <testcase name="basicDetails" time="161.768" classname="com.GIC_June23.tc.TC004_GICBasicDetails"/>
  <testcase name="basicDetails" time="163.989" classname="com.GIC_June23.tc.TC004_GICBasicDetails"/>
  <testcase name="basicDetails" time="163.756" classname="com.GIC_June23.tc.TC004_GICBasicDetails"/>
  <testcase name="basicDetails" time="163.569" classname="com.GIC_June23.tc.TC004_GICBasicDetails"/>
  <testcase name="basicDetails" time="161.771" classname="com.GIC_June23.tc.TC004_GICBasicDetails"/>
  <testcase name="basicDetails" time="163.915" classname="com.GIC_June23.tc.TC004_GICBasicDetails"/>
  <testcase name="basicDetails" time="161.613" classname="com.GIC_June23.tc.TC004_GICBasicDetails"/>
  <testcase name="basicDetails" time="163.423" classname="com.GIC_June23.tc.TC004_GICBasicDetails"/>
  <testcase name="basicDetails" time="161.890" classname="com.GIC_June23.tc.TC004_GICBasicDetails"/>
</testsuite> <!-- com.GIC_June23.tc.TC004_GICBasicDetails -->
