<?xml version="1.0" encoding="UTF-8"?>
<!-- Generated by org.testng.reporters.JUnitReportReporter -->
<testsuite skipped="0" hostname="MAA014482B" name="com.BOB_March23.tc.TC001_BOBBasicDetails" tests="40" failures="0" timestamp="2023-04-25T16:16:13 IST" time="6486.328" errors="0">
  <testcase name="basicDetails" time="161.600" classname="com.BOB_March23.tc.TC001_BOBBasicDetails"/>
  <testcase name="basicDetails" time="162.015" classname="com.BOB_March23.tc.TC001_BOBBasicDetails"/>
  <testcase name="basicDetails" time="161.754" classname="com.BOB_March23.tc.TC001_BOBBasicDetails"/>
  <testcase name="basicDetails" time="161.282" classname="com.BOB_March23.tc.TC001_BOBBasicDetails"/>
  <testcase name="basicDetails" time="161.355" classname="com.BOB_March23.tc.TC001_BOBBasicDetails"/>
  <testcase name="basicDetails" time="162.407" classname="com.BOB_March23.tc.TC001_BOBBasicDetails"/>
  <testcase name="basicDetails" time="162.124" classname="com.BOB_March23.tc.TC001_BOBBasicDetails"/>
  <testcase name="basicDetails" time="162.099" classname="com.BOB_March23.tc.TC001_BOBBasicDetails"/>
  <testcase name="basicDetails" time="161.764" classname="com.BOB_March23.tc.TC001_BOBBasicDetails"/>
  <testcase name="basicDetails" time="161.820" classname="com.BOB_March23.tc.TC001_BOBBasicDetails"/>
  <testcase name="basicDetails" time="163.035" classname="com.BOB_March23.tc.TC001_BOBBasicDetails"/>
  <testcase name="basicDetails" time="161.747" classname="com.BOB_March23.tc.TC001_BOBBasicDetails"/>
  <testcase name="basicDetails" time="161.241" classname="com.BOB_March23.tc.TC001_BOBBasicDetails"/>
  <testcase name="basicDetails" time="173.965" classname="com.BOB_March23.tc.TC001_BOBBasicDetails"/>
  <testcase name="basicDetails" time="161.556" classname="com.BOB_March23.tc.TC001_BOBBasicDetails"/>
  <testcase name="basicDetails" time="163.580" classname="com.BOB_March23.tc.TC001_BOBBasicDetails"/>
  <testcase name="basicDetails" time="161.372" classname="com.BOB_March23.tc.TC001_BOBBasicDetails"/>
  <testcase name="basicDetails" time="162.367" classname="com.BOB_March23.tc.TC001_BOBBasicDetails"/>
  <testcase name="basicDetails" time="161.659" classname="com.BOB_March23.tc.TC001_BOBBasicDetails"/>
  <testcase name="basicDetails" time="162.704" classname="com.BOB_March23.tc.TC001_BOBBasicDetails"/>
  <testcase name="basicDetails" time="161.976" classname="com.BOB_March23.tc.TC001_BOBBasicDetails"/>
  <testcase name="basicDetails" time="161.113" classname="com.BOB_March23.tc.TC001_BOBBasicDetails"/>
  <testcase name="basicDetails" time="161.482" classname="com.BOB_March23.tc.TC001_BOBBasicDetails"/>
  <testcase name="basicDetails" time="161.152" classname="com.BOB_March23.tc.TC001_BOBBasicDetails"/>
  <testcase name="basicDetails" time="162.085" classname="com.BOB_March23.tc.TC001_BOBBasicDetails"/>
  <testcase name="basicDetails" time="161.198" classname="com.BOB_March23.tc.TC001_BOBBasicDetails"/>
  <testcase name="basicDetails" time="161.293" classname="com.BOB_March23.tc.TC001_BOBBasicDetails"/>
  <testcase name="basicDetails" time="161.420" classname="com.BOB_March23.tc.TC001_BOBBasicDetails"/>
  <testcase name="basicDetails" time="162.612" classname="com.BOB_March23.tc.TC001_BOBBasicDetails"/>
  <testcase name="basicDetails" time="162.941" classname="com.BOB_March23.tc.TC001_BOBBasicDetails"/>
  <testcase name="basicDetails" time="161.439" classname="com.BOB_March23.tc.TC001_BOBBasicDetails"/>
  <testcase name="basicDetails" time="161.035" classname="com.BOB_March23.tc.TC001_BOBBasicDetails"/>
  <testcase name="basicDetails" time="161.793" classname="com.BOB_March23.tc.TC001_BOBBasicDetails"/>
  <testcase name="basicDetails" time="162.194" classname="com.BOB_March23.tc.TC001_BOBBasicDetails"/>
  <testcase name="basicDetails" time="162.861" classname="com.BOB_March23.tc.TC001_BOBBasicDetails"/>
  <testcase name="basicDetails" time="161.703" classname="com.BOB_March23.tc.TC001_BOBBasicDetails"/>
  <testcase name="basicDetails" time="161.543" classname="com.BOB_March23.tc.TC001_BOBBasicDetails"/>
  <testcase name="basicDetails" time="161.265" classname="com.BOB_March23.tc.TC001_BOBBasicDetails"/>
  <testcase name="basicDetails" time="161.304" classname="com.BOB_March23.tc.TC001_BOBBasicDetails"/>
  <testcase name="basicDetails" time="162.473" classname="com.BOB_March23.tc.TC001_BOBBasicDetails"/>
</testsuite> <!-- com.BOB_March23.tc.TC001_BOBBasicDetails -->
