<?xml version="1.0" encoding="UTF-8"?>
<!-- Generated by org.testng.reporters.JUnitReportReporter -->
<testsuite hostname="MAA011253A" failures="0" tests="10" name="com.rbisecurity.tc.TC005_RBIBasicDetails" time="1231.186" errors="0" timestamp="2021-01-11T10:49:51 IST" skipped="0">
  <testcase classname="com.rbisecurity.tc.TC005_RBIBasicDetails" name="basicDetails" time="123.475"/>
  <testcase classname="com.rbisecurity.tc.TC005_RBIBasicDetails" name="basicDetails" time="130.748"/>
  <testcase classname="com.rbisecurity.tc.TC005_RBIBasicDetails" name="basicDetails" time="123.185"/>
  <testcase classname="com.rbisecurity.tc.TC005_RBIBasicDetails" name="basicDetails" time="123.204"/>
  <testcase classname="com.rbisecurity.tc.TC005_RBIBasicDetails" name="basicDetails" time="122.855"/>
  <testcase classname="com.rbisecurity.tc.TC005_RBIBasicDetails" name="basicDetails" time="122.661"/>
  <testcase classname="com.rbisecurity.tc.TC005_RBIBasicDetails" name="basicDetails" time="121.060"/>
  <testcase classname="com.rbisecurity.tc.TC005_RBIBasicDetails" name="basicDetails" time="120.906"/>
  <testcase classname="com.rbisecurity.tc.TC005_RBIBasicDetails" name="basicDetails" time="123.237"/>
  <testcase classname="com.rbisecurity.tc.TC005_RBIBasicDetails" name="basicDetails" time="119.855"/>
</testsuite> <!-- com.rbisecurity.tc.TC005_RBIBasicDetails -->
