<?xml version="1.0" encoding="UTF-8"?>
<!-- Generated by org.testng.reporters.JUnitReportReporter -->
<testsuite hostname="MAA011253A" failures="0" tests="64" name="com.SugarMills.tc.TC001_RAJBasicDetails" time="8157.969" errors="0" timestamp="2021-01-06T19:18:43 IST" skipped="0">
  <testcase classname="com.SugarMills.tc.TC001_RAJBasicDetails" name="basicDetails" time="127.305"/>
  <testcase classname="com.SugarMills.tc.TC001_RAJBasicDetails" name="basicDetails" time="126.436"/>
  <testcase classname="com.SugarMills.tc.TC001_RAJBasicDetails" name="basicDetails" time="125.889"/>
  <testcase classname="com.SugarMills.tc.TC001_RAJBasicDetails" name="basicDetails" time="126.917"/>
  <testcase classname="com.SugarMills.tc.TC001_RAJBasicDetails" name="basicDetails" time="125.871"/>
  <testcase classname="com.SugarMills.tc.TC001_RAJBasicDetails" name="basicDetails" time="126.544"/>
  <testcase classname="com.SugarMills.tc.TC001_RAJBasicDetails" name="basicDetails" time="139.797"/>
  <testcase classname="com.SugarMills.tc.TC001_RAJBasicDetails" name="basicDetails" time="127.387"/>
  <testcase classname="com.SugarMills.tc.TC001_RAJBasicDetails" name="basicDetails" time="127.892"/>
  <testcase classname="com.SugarMills.tc.TC001_RAJBasicDetails" name="basicDetails" time="127.189"/>
  <testcase classname="com.SugarMills.tc.TC001_RAJBasicDetails" name="basicDetails" time="127.259"/>
  <testcase classname="com.SugarMills.tc.TC001_RAJBasicDetails" name="basicDetails" time="126.909"/>
  <testcase classname="com.SugarMills.tc.TC001_RAJBasicDetails" name="basicDetails" time="127.509"/>
  <testcase classname="com.SugarMills.tc.TC001_RAJBasicDetails" name="basicDetails" time="127.653"/>
  <testcase classname="com.SugarMills.tc.TC001_RAJBasicDetails" name="basicDetails" time="127.039"/>
  <testcase classname="com.SugarMills.tc.TC001_RAJBasicDetails" name="basicDetails" time="127.741"/>
  <testcase classname="com.SugarMills.tc.TC001_RAJBasicDetails" name="basicDetails" time="127.121"/>
  <testcase classname="com.SugarMills.tc.TC001_RAJBasicDetails" name="basicDetails" time="126.500"/>
  <testcase classname="com.SugarMills.tc.TC001_RAJBasicDetails" name="basicDetails" time="127.608"/>
  <testcase classname="com.SugarMills.tc.TC001_RAJBasicDetails" name="basicDetails" time="127.019"/>
  <testcase classname="com.SugarMills.tc.TC001_RAJBasicDetails" name="basicDetails" time="129.928"/>
  <testcase classname="com.SugarMills.tc.TC001_RAJBasicDetails" name="basicDetails" time="127.089"/>
  <testcase classname="com.SugarMills.tc.TC001_RAJBasicDetails" name="basicDetails" time="126.704"/>
  <testcase classname="com.SugarMills.tc.TC001_RAJBasicDetails" name="basicDetails" time="126.953"/>
  <testcase classname="com.SugarMills.tc.TC001_RAJBasicDetails" name="basicDetails" time="127.298"/>
  <testcase classname="com.SugarMills.tc.TC001_RAJBasicDetails" name="basicDetails" time="126.676"/>
  <testcase classname="com.SugarMills.tc.TC001_RAJBasicDetails" name="basicDetails" time="126.943"/>
  <testcase classname="com.SugarMills.tc.TC001_RAJBasicDetails" name="basicDetails" time="126.790"/>
  <testcase classname="com.SugarMills.tc.TC001_RAJBasicDetails" name="basicDetails" time="128.010"/>
  <testcase classname="com.SugarMills.tc.TC001_RAJBasicDetails" name="basicDetails" time="128.706"/>
  <testcase classname="com.SugarMills.tc.TC001_RAJBasicDetails" name="basicDetails" time="126.928"/>
  <testcase classname="com.SugarMills.tc.TC001_RAJBasicDetails" name="basicDetails" time="126.700"/>
  <testcase classname="com.SugarMills.tc.TC001_RAJBasicDetails" name="basicDetails" time="127.054"/>
  <testcase classname="com.SugarMills.tc.TC001_RAJBasicDetails" name="basicDetails" time="127.307"/>
  <testcase classname="com.SugarMills.tc.TC001_RAJBasicDetails" name="basicDetails" time="126.449"/>
  <testcase classname="com.SugarMills.tc.TC001_RAJBasicDetails" name="basicDetails" time="127.531"/>
  <testcase classname="com.SugarMills.tc.TC001_RAJBasicDetails" name="basicDetails" time="126.571"/>
  <testcase classname="com.SugarMills.tc.TC001_RAJBasicDetails" name="basicDetails" time="135.186"/>
  <testcase classname="com.SugarMills.tc.TC001_RAJBasicDetails" name="basicDetails" time="126.160"/>
  <testcase classname="com.SugarMills.tc.TC001_RAJBasicDetails" name="basicDetails" time="127.652"/>
  <testcase classname="com.SugarMills.tc.TC001_RAJBasicDetails" name="basicDetails" time="126.648"/>
  <testcase classname="com.SugarMills.tc.TC001_RAJBasicDetails" name="basicDetails" time="126.894"/>
  <testcase classname="com.SugarMills.tc.TC001_RAJBasicDetails" name="basicDetails" time="125.993"/>
  <testcase classname="com.SugarMills.tc.TC001_RAJBasicDetails" name="basicDetails" time="127.991"/>
  <testcase classname="com.SugarMills.tc.TC001_RAJBasicDetails" name="basicDetails" time="128.637"/>
  <testcase classname="com.SugarMills.tc.TC001_RAJBasicDetails" name="basicDetails" time="126.534"/>
  <testcase classname="com.SugarMills.tc.TC001_RAJBasicDetails" name="basicDetails" time="127.743"/>
  <testcase classname="com.SugarMills.tc.TC001_RAJBasicDetails" name="basicDetails" time="126.951"/>
  <testcase classname="com.SugarMills.tc.TC001_RAJBasicDetails" name="basicDetails" time="126.860"/>
  <testcase classname="com.SugarMills.tc.TC001_RAJBasicDetails" name="basicDetails" time="126.916"/>
  <testcase classname="com.SugarMills.tc.TC001_RAJBasicDetails" name="basicDetails" time="127.853"/>
  <testcase classname="com.SugarMills.tc.TC001_RAJBasicDetails" name="basicDetails" time="126.906"/>
  <testcase classname="com.SugarMills.tc.TC001_RAJBasicDetails" name="basicDetails" time="127.274"/>
  <testcase classname="com.SugarMills.tc.TC001_RAJBasicDetails" name="basicDetails" time="126.529"/>
  <testcase classname="com.SugarMills.tc.TC001_RAJBasicDetails" name="basicDetails" time="127.560"/>
  <testcase classname="com.SugarMills.tc.TC001_RAJBasicDetails" name="basicDetails" time="126.220"/>
  <testcase classname="com.SugarMills.tc.TC001_RAJBasicDetails" name="basicDetails" time="126.436"/>
  <testcase classname="com.SugarMills.tc.TC001_RAJBasicDetails" name="basicDetails" time="126.606"/>
  <testcase classname="com.SugarMills.tc.TC001_RAJBasicDetails" name="basicDetails" time="127.577"/>
  <testcase classname="com.SugarMills.tc.TC001_RAJBasicDetails" name="basicDetails" time="126.728"/>
  <testcase classname="com.SugarMills.tc.TC001_RAJBasicDetails" name="basicDetails" time="128.470"/>
  <testcase classname="com.SugarMills.tc.TC001_RAJBasicDetails" name="basicDetails" time="127.070"/>
  <testcase classname="com.SugarMills.tc.TC001_RAJBasicDetails" name="basicDetails" time="127.274"/>
  <testcase classname="com.SugarMills.tc.TC001_RAJBasicDetails" name="basicDetails" time="128.079"/>
</testsuite> <!-- com.SugarMills.tc.TC001_RAJBasicDetails -->
