<?xml version="1.0" encoding="UTF-8"?>
<!-- Generated by org.testng.reporters.JUnitReportReporter -->
<testsuite hostname="MAA011253A" failures="0" tests="102" name="com.BOI.tc.TC003_BOIBasicDetails" time="7563.465" errors="0" timestamp="2020-09-15T15:11:41 IST" skipped="0">
  <testcase classname="com.BOI.tc.TC003_BOIBasicDetails" name="basicDetails" time="74.130"/>
  <testcase classname="com.BOI.tc.TC003_BOIBasicDetails" name="basicDetails" time="74.421"/>
  <testcase classname="com.BOI.tc.TC003_BOIBasicDetails" name="basicDetails" time="74.329"/>
  <testcase classname="com.BOI.tc.TC003_BOIBasicDetails" name="basicDetails" time="74.350"/>
  <testcase classname="com.BOI.tc.TC003_BOIBasicDetails" name="basicDetails" time="73.591"/>
  <testcase classname="com.BOI.tc.TC003_BOIBasicDetails" name="basicDetails" time="74.786"/>
  <testcase classname="com.BOI.tc.TC003_BOIBasicDetails" name="basicDetails" time="74.207"/>
  <testcase classname="com.BOI.tc.TC003_BOIBasicDetails" name="basicDetails" time="73.855"/>
  <testcase classname="com.BOI.tc.TC003_BOIBasicDetails" name="basicDetails" time="74.177"/>
  <testcase classname="com.BOI.tc.TC003_BOIBasicDetails" name="basicDetails" time="73.975"/>
  <testcase classname="com.BOI.tc.TC003_BOIBasicDetails" name="basicDetails" time="74.517"/>
  <testcase classname="com.BOI.tc.TC003_BOIBasicDetails" name="basicDetails" time="73.976"/>
  <testcase classname="com.BOI.tc.TC003_BOIBasicDetails" name="basicDetails" time="73.607"/>
  <testcase classname="com.BOI.tc.TC003_BOIBasicDetails" name="basicDetails" time="73.983"/>
  <testcase classname="com.BOI.tc.TC003_BOIBasicDetails" name="basicDetails" time="73.440"/>
  <testcase classname="com.BOI.tc.TC003_BOIBasicDetails" name="basicDetails" time="73.494"/>
  <testcase classname="com.BOI.tc.TC003_BOIBasicDetails" name="basicDetails" time="74.201"/>
  <testcase classname="com.BOI.tc.TC003_BOIBasicDetails" name="basicDetails" time="73.373"/>
  <testcase classname="com.BOI.tc.TC003_BOIBasicDetails" name="basicDetails" time="73.839"/>
  <testcase classname="com.BOI.tc.TC003_BOIBasicDetails" name="basicDetails" time="73.040"/>
  <testcase classname="com.BOI.tc.TC003_BOIBasicDetails" name="basicDetails" time="73.968"/>
  <testcase classname="com.BOI.tc.TC003_BOIBasicDetails" name="basicDetails" time="73.496"/>
  <testcase classname="com.BOI.tc.TC003_BOIBasicDetails" name="basicDetails" time="74.398"/>
  <testcase classname="com.BOI.tc.TC003_BOIBasicDetails" name="basicDetails" time="73.958"/>
  <testcase classname="com.BOI.tc.TC003_BOIBasicDetails" name="basicDetails" time="73.889"/>
  <testcase classname="com.BOI.tc.TC003_BOIBasicDetails" name="basicDetails" time="73.833"/>
  <testcase classname="com.BOI.tc.TC003_BOIBasicDetails" name="basicDetails" time="74.031"/>
  <testcase classname="com.BOI.tc.TC003_BOIBasicDetails" name="basicDetails" time="73.386"/>
  <testcase classname="com.BOI.tc.TC003_BOIBasicDetails" name="basicDetails" time="74.691"/>
  <testcase classname="com.BOI.tc.TC003_BOIBasicDetails" name="basicDetails" time="74.122"/>
  <testcase classname="com.BOI.tc.TC003_BOIBasicDetails" name="basicDetails" time="74.131"/>
  <testcase classname="com.BOI.tc.TC003_BOIBasicDetails" name="basicDetails" time="73.993"/>
  <testcase classname="com.BOI.tc.TC003_BOIBasicDetails" name="basicDetails" time="74.684"/>
  <testcase classname="com.BOI.tc.TC003_BOIBasicDetails" name="basicDetails" time="74.983"/>
  <testcase classname="com.BOI.tc.TC003_BOIBasicDetails" name="basicDetails" time="73.632"/>
  <testcase classname="com.BOI.tc.TC003_BOIBasicDetails" name="basicDetails" time="73.987"/>
  <testcase classname="com.BOI.tc.TC003_BOIBasicDetails" name="basicDetails" time="74.691"/>
  <testcase classname="com.BOI.tc.TC003_BOIBasicDetails" name="basicDetails" time="73.532"/>
  <testcase classname="com.BOI.tc.TC003_BOIBasicDetails" name="basicDetails" time="73.423"/>
  <testcase classname="com.BOI.tc.TC003_BOIBasicDetails" name="basicDetails" time="74.115"/>
  <testcase classname="com.BOI.tc.TC003_BOIBasicDetails" name="basicDetails" time="74.158"/>
  <testcase classname="com.BOI.tc.TC003_BOIBasicDetails" name="basicDetails" time="74.116"/>
  <testcase classname="com.BOI.tc.TC003_BOIBasicDetails" name="basicDetails" time="74.394"/>
  <testcase classname="com.BOI.tc.TC003_BOIBasicDetails" name="basicDetails" time="75.266"/>
  <testcase classname="com.BOI.tc.TC003_BOIBasicDetails" name="basicDetails" time="74.819"/>
  <testcase classname="com.BOI.tc.TC003_BOIBasicDetails" name="basicDetails" time="74.180"/>
  <testcase classname="com.BOI.tc.TC003_BOIBasicDetails" name="basicDetails" time="74.402"/>
  <testcase classname="com.BOI.tc.TC003_BOIBasicDetails" name="basicDetails" time="74.450"/>
  <testcase classname="com.BOI.tc.TC003_BOIBasicDetails" name="basicDetails" time="74.855"/>
  <testcase classname="com.BOI.tc.TC003_BOIBasicDetails" name="basicDetails" time="74.350"/>
  <testcase classname="com.BOI.tc.TC003_BOIBasicDetails" name="basicDetails" time="74.695"/>
  <testcase classname="com.BOI.tc.TC003_BOIBasicDetails" name="basicDetails" time="73.721"/>
  <testcase classname="com.BOI.tc.TC003_BOIBasicDetails" name="basicDetails" time="74.804"/>
  <testcase classname="com.BOI.tc.TC003_BOIBasicDetails" name="basicDetails" time="74.301"/>
  <testcase classname="com.BOI.tc.TC003_BOIBasicDetails" name="basicDetails" time="74.683"/>
  <testcase classname="com.BOI.tc.TC003_BOIBasicDetails" name="basicDetails" time="74.997"/>
  <testcase classname="com.BOI.tc.TC003_BOIBasicDetails" name="basicDetails" time="73.884"/>
  <testcase classname="com.BOI.tc.TC003_BOIBasicDetails" name="basicDetails" time="74.801"/>
  <testcase classname="com.BOI.tc.TC003_BOIBasicDetails" name="basicDetails" time="76.880"/>
  <testcase classname="com.BOI.tc.TC003_BOIBasicDetails" name="basicDetails" time="74.135"/>
  <testcase classname="com.BOI.tc.TC003_BOIBasicDetails" name="basicDetails" time="74.411"/>
  <testcase classname="com.BOI.tc.TC003_BOIBasicDetails" name="basicDetails" time="74.669"/>
  <testcase classname="com.BOI.tc.TC003_BOIBasicDetails" name="basicDetails" time="73.139"/>
  <testcase classname="com.BOI.tc.TC003_BOIBasicDetails" name="basicDetails" time="74.409"/>
  <testcase classname="com.BOI.tc.TC003_BOIBasicDetails" name="basicDetails" time="73.452"/>
  <testcase classname="com.BOI.tc.TC003_BOIBasicDetails" name="basicDetails" time="74.493"/>
  <testcase classname="com.BOI.tc.TC003_BOIBasicDetails" name="basicDetails" time="74.448"/>
  <testcase classname="com.BOI.tc.TC003_BOIBasicDetails" name="basicDetails" time="73.293"/>
  <testcase classname="com.BOI.tc.TC003_BOIBasicDetails" name="basicDetails" time="73.763"/>
  <testcase classname="com.BOI.tc.TC003_BOIBasicDetails" name="basicDetails" time="73.506"/>
  <testcase classname="com.BOI.tc.TC003_BOIBasicDetails" name="basicDetails" time="74.106"/>
  <testcase classname="com.BOI.tc.TC003_BOIBasicDetails" name="basicDetails" time="73.669"/>
  <testcase classname="com.BOI.tc.TC003_BOIBasicDetails" name="basicDetails" time="73.743"/>
  <testcase classname="com.BOI.tc.TC003_BOIBasicDetails" name="basicDetails" time="73.585"/>
  <testcase classname="com.BOI.tc.TC003_BOIBasicDetails" name="basicDetails" time="76.059"/>
  <testcase classname="com.BOI.tc.TC003_BOIBasicDetails" name="basicDetails" time="73.309"/>
  <testcase classname="com.BOI.tc.TC003_BOIBasicDetails" name="basicDetails" time="75.236"/>
  <testcase classname="com.BOI.tc.TC003_BOIBasicDetails" name="basicDetails" time="73.130"/>
  <testcase classname="com.BOI.tc.TC003_BOIBasicDetails" name="basicDetails" time="73.449"/>
  <testcase classname="com.BOI.tc.TC003_BOIBasicDetails" name="basicDetails" time="74.385"/>
  <testcase classname="com.BOI.tc.TC003_BOIBasicDetails" name="basicDetails" time="73.441"/>
  <testcase classname="com.BOI.tc.TC003_BOIBasicDetails" name="basicDetails" time="74.248"/>
  <testcase classname="com.BOI.tc.TC003_BOIBasicDetails" name="basicDetails" time="75.212"/>
  <testcase classname="com.BOI.tc.TC003_BOIBasicDetails" name="basicDetails" time="74.771"/>
  <testcase classname="com.BOI.tc.TC003_BOIBasicDetails" name="basicDetails" time="72.942"/>
  <testcase classname="com.BOI.tc.TC003_BOIBasicDetails" name="basicDetails" time="74.238"/>
  <testcase classname="com.BOI.tc.TC003_BOIBasicDetails" name="basicDetails" time="73.538"/>
  <testcase classname="com.BOI.tc.TC003_BOIBasicDetails" name="basicDetails" time="74.534"/>
  <testcase classname="com.BOI.tc.TC003_BOIBasicDetails" name="basicDetails" time="74.279"/>
  <testcase classname="com.BOI.tc.TC003_BOIBasicDetails" name="basicDetails" time="74.281"/>
  <testcase classname="com.BOI.tc.TC003_BOIBasicDetails" name="basicDetails" time="74.300"/>
  <testcase classname="com.BOI.tc.TC003_BOIBasicDetails" name="basicDetails" time="74.089"/>
  <testcase classname="com.BOI.tc.TC003_BOIBasicDetails" name="basicDetails" time="73.558"/>
  <testcase classname="com.BOI.tc.TC003_BOIBasicDetails" name="basicDetails" time="74.273"/>
  <testcase classname="com.BOI.tc.TC003_BOIBasicDetails" name="basicDetails" time="74.851"/>
  <testcase classname="com.BOI.tc.TC003_BOIBasicDetails" name="basicDetails" time="74.752"/>
  <testcase classname="com.BOI.tc.TC003_BOIBasicDetails" name="basicDetails" time="74.732"/>
  <testcase classname="com.BOI.tc.TC003_BOIBasicDetails" name="basicDetails" time="73.968"/>
  <testcase classname="com.BOI.tc.TC003_BOIBasicDetails" name="basicDetails" time="73.878"/>
  <testcase classname="com.BOI.tc.TC003_BOIBasicDetails" name="basicDetails" time="73.376"/>
  <testcase classname="com.BOI.tc.TC003_BOIBasicDetails" name="basicDetails" time="73.593"/>
  <testcase classname="com.BOI.tc.TC003_BOIBasicDetails" name="basicDetails" time="74.232"/>
</testsuite> <!-- com.BOI.tc.TC003_BOIBasicDetails -->
