<?xml version="1.0" encoding="UTF-8"?>
<!-- Generated by org.testng.reporters.JUnitReportReporter -->
<testsuite skipped="0" hostname="MAA014482B" name="com.RBI21March22.tc.TC004_RBIBasicDetails" tests="24" failures="0" timestamp="2022-03-23T14:24:06 IST" time="2907.194" errors="0">
  <testcase name="basicDetails" time="122.365" classname="com.RBI21March22.tc.TC004_RBIBasicDetails"/>
  <testcase name="basicDetails" time="119.487" classname="com.RBI21March22.tc.TC004_RBIBasicDetails"/>
  <testcase name="basicDetails" time="121.884" classname="com.RBI21March22.tc.TC004_RBIBasicDetails"/>
  <testcase name="basicDetails" time="123.031" classname="com.RBI21March22.tc.TC004_RBIBasicDetails"/>
  <testcase name="basicDetails" time="118.971" classname="com.RBI21March22.tc.TC004_RBIBasicDetails"/>
  <testcase name="basicDetails" time="120.380" classname="com.RBI21March22.tc.TC004_RBIBasicDetails"/>
  <testcase name="basicDetails" time="122.339" classname="com.RBI21March22.tc.TC004_RBIBasicDetails"/>
  <testcase name="basicDetails" time="118.962" classname="com.RBI21March22.tc.TC004_RBIBasicDetails"/>
  <testcase name="basicDetails" time="120.540" classname="com.RBI21March22.tc.TC004_RBIBasicDetails"/>
  <testcase name="basicDetails" time="120.085" classname="com.RBI21March22.tc.TC004_RBIBasicDetails"/>
  <testcase name="basicDetails" time="121.589" classname="com.RBI21March22.tc.TC004_RBIBasicDetails"/>
  <testcase name="basicDetails" time="123.037" classname="com.RBI21March22.tc.TC004_RBIBasicDetails"/>
  <testcase name="basicDetails" time="120.727" classname="com.RBI21March22.tc.TC004_RBIBasicDetails"/>
  <testcase name="basicDetails" time="120.990" classname="com.RBI21March22.tc.TC004_RBIBasicDetails"/>
  <testcase name="basicDetails" time="121.557" classname="com.RBI21March22.tc.TC004_RBIBasicDetails"/>
  <testcase name="basicDetails" time="122.228" classname="com.RBI21March22.tc.TC004_RBIBasicDetails"/>
  <testcase name="basicDetails" time="122.537" classname="com.RBI21March22.tc.TC004_RBIBasicDetails"/>
  <testcase name="basicDetails" time="118.804" classname="com.RBI21March22.tc.TC004_RBIBasicDetails"/>
  <testcase name="basicDetails" time="119.580" classname="com.RBI21March22.tc.TC004_RBIBasicDetails"/>
  <testcase name="basicDetails" time="119.306" classname="com.RBI21March22.tc.TC004_RBIBasicDetails"/>
  <testcase name="basicDetails" time="122.487" classname="com.RBI21March22.tc.TC004_RBIBasicDetails"/>
  <testcase name="basicDetails" time="122.527" classname="com.RBI21March22.tc.TC004_RBIBasicDetails"/>
  <testcase name="basicDetails" time="122.363" classname="com.RBI21March22.tc.TC004_RBIBasicDetails"/>
  <testcase name="basicDetails" time="121.418" classname="com.RBI21March22.tc.TC004_RBIBasicDetails"/>
</testsuite> <!-- com.RBI21March22.tc.TC004_RBIBasicDetails -->
