<?xml version="1.0" encoding="UTF-8"?>
<!-- Generated by org.testng.reporters.JUnitReportReporter -->
<testsuite skipped="0" hostname="MAA014482B" name="com.NHBCOX_17Oct22.tc.TC005_NHBCOXBasicDetails" tests="12" failures="0" timestamp="2022-10-20T12:55:47 IST" time="1911.919" errors="0">
  <testcase name="basicDetails" time="158.846" classname="com.NHBCOX_17Oct22.tc.TC005_NHBCOXBasicDetails"/>
  <testcase name="basicDetails" time="159.879" classname="com.NHBCOX_17Oct22.tc.TC005_NHBCOXBasicDetails"/>
  <testcase name="basicDetails" time="161.821" classname="com.NHBCOX_17Oct22.tc.TC005_NHBCOXBasicDetails"/>
  <testcase name="basicDetails" time="159.055" classname="com.NHBCOX_17Oct22.tc.TC005_NHBCOXBasicDetails"/>
  <testcase name="basicDetails" time="159.232" classname="com.NHBCOX_17Oct22.tc.TC005_NHBCOXBasicDetails"/>
  <testcase name="basicDetails" time="159.627" classname="com.NHBCOX_17Oct22.tc.TC005_NHBCOXBasicDetails"/>
  <testcase name="basicDetails" time="157.623" classname="com.NHBCOX_17Oct22.tc.TC005_NHBCOXBasicDetails"/>
  <testcase name="basicDetails" time="160.608" classname="com.NHBCOX_17Oct22.tc.TC005_NHBCOXBasicDetails"/>
  <testcase name="basicDetails" time="159.052" classname="com.NHBCOX_17Oct22.tc.TC005_NHBCOXBasicDetails"/>
  <testcase name="basicDetails" time="157.108" classname="com.NHBCOX_17Oct22.tc.TC005_NHBCOXBasicDetails"/>
  <testcase name="basicDetails" time="160.332" classname="com.NHBCOX_17Oct22.tc.TC005_NHBCOXBasicDetails"/>
  <testcase name="basicDetails" time="158.736" classname="com.NHBCOX_17Oct22.tc.TC005_NHBCOXBasicDetails"/>
</testsuite> <!-- com.NHBCOX_17Oct22.tc.TC005_NHBCOXBasicDetails -->
