<?xml version="1.0" encoding="UTF-8"?>
<!-- Generated by org.testng.reporters.JUnitReportReporter -->
<testsuite skipped="0" hostname="MAA014482B" name="com.SBI_14Nov22.tc.TC004_SBIBasicDetails" tests="20" failures="0" timestamp="2022-11-14T13:44:47 IST" time="3207.767" errors="0">
  <testcase name="basicDetails" time="160.300" classname="com.SBI_14Nov22.tc.TC004_SBIBasicDetails"/>
  <testcase name="basicDetails" time="159.979" classname="com.SBI_14Nov22.tc.TC004_SBIBasicDetails"/>
  <testcase name="basicDetails" time="161.230" classname="com.SBI_14Nov22.tc.TC004_SBIBasicDetails"/>
  <testcase name="basicDetails" time="159.683" classname="com.SBI_14Nov22.tc.TC004_SBIBasicDetails"/>
  <testcase name="basicDetails" time="159.977" classname="com.SBI_14Nov22.tc.TC004_SBIBasicDetails"/>
  <testcase name="basicDetails" time="160.366" classname="com.SBI_14Nov22.tc.TC004_SBIBasicDetails"/>
  <testcase name="basicDetails" time="160.464" classname="com.SBI_14Nov22.tc.TC004_SBIBasicDetails"/>
  <testcase name="basicDetails" time="161.862" classname="com.SBI_14Nov22.tc.TC004_SBIBasicDetails"/>
  <testcase name="basicDetails" time="161.324" classname="com.SBI_14Nov22.tc.TC004_SBIBasicDetails"/>
  <testcase name="basicDetails" time="159.045" classname="com.SBI_14Nov22.tc.TC004_SBIBasicDetails"/>
  <testcase name="basicDetails" time="160.606" classname="com.SBI_14Nov22.tc.TC004_SBIBasicDetails"/>
  <testcase name="basicDetails" time="158.707" classname="com.SBI_14Nov22.tc.TC004_SBIBasicDetails"/>
  <testcase name="basicDetails" time="165.411" classname="com.SBI_14Nov22.tc.TC004_SBIBasicDetails"/>
  <testcase name="basicDetails" time="160.125" classname="com.SBI_14Nov22.tc.TC004_SBIBasicDetails"/>
  <testcase name="basicDetails" time="159.812" classname="com.SBI_14Nov22.tc.TC004_SBIBasicDetails"/>
  <testcase name="basicDetails" time="161.526" classname="com.SBI_14Nov22.tc.TC004_SBIBasicDetails"/>
  <testcase name="basicDetails" time="158.678" classname="com.SBI_14Nov22.tc.TC004_SBIBasicDetails"/>
  <testcase name="basicDetails" time="159.815" classname="com.SBI_14Nov22.tc.TC004_SBIBasicDetails"/>
  <testcase name="basicDetails" time="159.230" classname="com.SBI_14Nov22.tc.TC004_SBIBasicDetails"/>
  <testcase name="basicDetails" time="159.627" classname="com.SBI_14Nov22.tc.TC004_SBIBasicDetails"/>
</testsuite> <!-- com.SBI_14Nov22.tc.TC004_SBIBasicDetails -->
