<?xml version="1.0" encoding="UTF-8"?>
<!-- Generated by org.testng.reporters.JUnitReportReporter -->
<testsuite skipped="0" hostname="MAA014482B" name="com.NBRD.tc.TC004_NABARDBasicDetails" tests="104" failures="0" timestamp="2022-07-07T13:50:15 IST" time="13259.459" errors="0">
  <testcase name="basicDetails" time="129.196" classname="com.NBRD.tc.TC004_NABARDBasicDetails"/>
  <testcase name="basicDetails" time="129.282" classname="com.NBRD.tc.TC004_NABARDBasicDetails"/>
  <testcase name="basicDetails" time="126.089" classname="com.NBRD.tc.TC004_NABARDBasicDetails"/>
  <testcase name="basicDetails" time="129.055" classname="com.NBRD.tc.TC004_NABARDBasicDetails"/>
  <testcase name="basicDetails" time="128.800" classname="com.NBRD.tc.TC004_NABARDBasicDetails"/>
  <testcase name="basicDetails" time="128.832" classname="com.NBRD.tc.TC004_NABARDBasicDetails"/>
  <testcase name="basicDetails" time="125.703" classname="com.NBRD.tc.TC004_NABARDBasicDetails"/>
  <testcase name="basicDetails" time="125.841" classname="com.NBRD.tc.TC004_NABARDBasicDetails"/>
  <testcase name="basicDetails" time="129.343" classname="com.NBRD.tc.TC004_NABARDBasicDetails"/>
  <testcase name="basicDetails" time="126.061" classname="com.NBRD.tc.TC004_NABARDBasicDetails"/>
  <testcase name="basicDetails" time="125.723" classname="com.NBRD.tc.TC004_NABARDBasicDetails"/>
  <testcase name="basicDetails" time="129.381" classname="com.NBRD.tc.TC004_NABARDBasicDetails"/>
  <testcase name="basicDetails" time="125.904" classname="com.NBRD.tc.TC004_NABARDBasicDetails"/>
  <testcase name="basicDetails" time="125.809" classname="com.NBRD.tc.TC004_NABARDBasicDetails"/>
  <testcase name="basicDetails" time="126.488" classname="com.NBRD.tc.TC004_NABARDBasicDetails"/>
  <testcase name="basicDetails" time="125.652" classname="com.NBRD.tc.TC004_NABARDBasicDetails"/>
  <testcase name="basicDetails" time="126.114" classname="com.NBRD.tc.TC004_NABARDBasicDetails"/>
  <testcase name="basicDetails" time="126.131" classname="com.NBRD.tc.TC004_NABARDBasicDetails"/>
  <testcase name="basicDetails" time="129.378" classname="com.NBRD.tc.TC004_NABARDBasicDetails"/>
  <testcase name="basicDetails" time="125.666" classname="com.NBRD.tc.TC004_NABARDBasicDetails"/>
  <testcase name="basicDetails" time="126.492" classname="com.NBRD.tc.TC004_NABARDBasicDetails"/>
  <testcase name="basicDetails" time="125.800" classname="com.NBRD.tc.TC004_NABARDBasicDetails"/>
  <testcase name="basicDetails" time="125.805" classname="com.NBRD.tc.TC004_NABARDBasicDetails"/>
  <testcase name="basicDetails" time="126.423" classname="com.NBRD.tc.TC004_NABARDBasicDetails"/>
  <testcase name="basicDetails" time="129.461" classname="com.NBRD.tc.TC004_NABARDBasicDetails"/>
  <testcase name="basicDetails" time="127.348" classname="com.NBRD.tc.TC004_NABARDBasicDetails"/>
  <testcase name="basicDetails" time="129.033" classname="com.NBRD.tc.TC004_NABARDBasicDetails"/>
  <testcase name="basicDetails" time="125.874" classname="com.NBRD.tc.TC004_NABARDBasicDetails"/>
  <testcase name="basicDetails" time="125.617" classname="com.NBRD.tc.TC004_NABARDBasicDetails"/>
  <testcase name="basicDetails" time="129.053" classname="com.NBRD.tc.TC004_NABARDBasicDetails"/>
  <testcase name="basicDetails" time="125.340" classname="com.NBRD.tc.TC004_NABARDBasicDetails"/>
  <testcase name="basicDetails" time="129.191" classname="com.NBRD.tc.TC004_NABARDBasicDetails"/>
  <testcase name="basicDetails" time="129.255" classname="com.NBRD.tc.TC004_NABARDBasicDetails"/>
  <testcase name="basicDetails" time="125.665" classname="com.NBRD.tc.TC004_NABARDBasicDetails"/>
  <testcase name="basicDetails" time="129.410" classname="com.NBRD.tc.TC004_NABARDBasicDetails"/>
  <testcase name="basicDetails" time="129.654" classname="com.NBRD.tc.TC004_NABARDBasicDetails"/>
  <testcase name="basicDetails" time="129.155" classname="com.NBRD.tc.TC004_NABARDBasicDetails"/>
  <testcase name="basicDetails" time="129.040" classname="com.NBRD.tc.TC004_NABARDBasicDetails"/>
  <testcase name="basicDetails" time="125.476" classname="com.NBRD.tc.TC004_NABARDBasicDetails"/>
  <testcase name="basicDetails" time="125.837" classname="com.NBRD.tc.TC004_NABARDBasicDetails"/>
  <testcase name="basicDetails" time="126.014" classname="com.NBRD.tc.TC004_NABARDBasicDetails"/>
  <testcase name="basicDetails" time="129.298" classname="com.NBRD.tc.TC004_NABARDBasicDetails"/>
  <testcase name="basicDetails" time="125.828" classname="com.NBRD.tc.TC004_NABARDBasicDetails"/>
  <testcase name="basicDetails" time="126.071" classname="com.NBRD.tc.TC004_NABARDBasicDetails"/>
  <testcase name="basicDetails" time="129.093" classname="com.NBRD.tc.TC004_NABARDBasicDetails"/>
  <testcase name="basicDetails" time="125.969" classname="com.NBRD.tc.TC004_NABARDBasicDetails"/>
  <testcase name="basicDetails" time="129.099" classname="com.NBRD.tc.TC004_NABARDBasicDetails"/>
  <testcase name="basicDetails" time="126.064" classname="com.NBRD.tc.TC004_NABARDBasicDetails"/>
  <testcase name="basicDetails" time="129.106" classname="com.NBRD.tc.TC004_NABARDBasicDetails"/>
  <testcase name="basicDetails" time="129.350" classname="com.NBRD.tc.TC004_NABARDBasicDetails"/>
  <testcase name="basicDetails" time="125.753" classname="com.NBRD.tc.TC004_NABARDBasicDetails"/>
  <testcase name="basicDetails" time="129.216" classname="com.NBRD.tc.TC004_NABARDBasicDetails"/>
  <testcase name="basicDetails" time="126.639" classname="com.NBRD.tc.TC004_NABARDBasicDetails"/>
  <testcase name="basicDetails" time="128.506" classname="com.NBRD.tc.TC004_NABARDBasicDetails"/>
  <testcase name="basicDetails" time="129.737" classname="com.NBRD.tc.TC004_NABARDBasicDetails"/>
  <testcase name="basicDetails" time="125.628" classname="com.NBRD.tc.TC004_NABARDBasicDetails"/>
  <testcase name="basicDetails" time="125.489" classname="com.NBRD.tc.TC004_NABARDBasicDetails"/>
  <testcase name="basicDetails" time="126.729" classname="com.NBRD.tc.TC004_NABARDBasicDetails"/>
  <testcase name="basicDetails" time="129.324" classname="com.NBRD.tc.TC004_NABARDBasicDetails"/>
  <testcase name="basicDetails" time="129.375" classname="com.NBRD.tc.TC004_NABARDBasicDetails"/>
  <testcase name="basicDetails" time="125.559" classname="com.NBRD.tc.TC004_NABARDBasicDetails"/>
  <testcase name="basicDetails" time="129.021" classname="com.NBRD.tc.TC004_NABARDBasicDetails"/>
  <testcase name="basicDetails" time="126.096" classname="com.NBRD.tc.TC004_NABARDBasicDetails"/>
  <testcase name="basicDetails" time="129.265" classname="com.NBRD.tc.TC004_NABARDBasicDetails"/>
  <testcase name="basicDetails" time="125.465" classname="com.NBRD.tc.TC004_NABARDBasicDetails"/>
  <testcase name="basicDetails" time="125.731" classname="com.NBRD.tc.TC004_NABARDBasicDetails"/>
  <testcase name="basicDetails" time="129.220" classname="com.NBRD.tc.TC004_NABARDBasicDetails"/>
  <testcase name="basicDetails" time="125.988" classname="com.NBRD.tc.TC004_NABARDBasicDetails"/>
  <testcase name="basicDetails" time="129.078" classname="com.NBRD.tc.TC004_NABARDBasicDetails"/>
  <testcase name="basicDetails" time="125.954" classname="com.NBRD.tc.TC004_NABARDBasicDetails"/>
  <testcase name="basicDetails" time="129.402" classname="com.NBRD.tc.TC004_NABARDBasicDetails"/>
  <testcase name="basicDetails" time="129.245" classname="com.NBRD.tc.TC004_NABARDBasicDetails"/>
  <testcase name="basicDetails" time="125.535" classname="com.NBRD.tc.TC004_NABARDBasicDetails"/>
  <testcase name="basicDetails" time="126.072" classname="com.NBRD.tc.TC004_NABARDBasicDetails"/>
  <testcase name="basicDetails" time="129.136" classname="com.NBRD.tc.TC004_NABARDBasicDetails"/>
  <testcase name="basicDetails" time="129.124" classname="com.NBRD.tc.TC004_NABARDBasicDetails"/>
  <testcase name="basicDetails" time="125.608" classname="com.NBRD.tc.TC004_NABARDBasicDetails"/>
  <testcase name="basicDetails" time="125.793" classname="com.NBRD.tc.TC004_NABARDBasicDetails"/>
  <testcase name="basicDetails" time="128.602" classname="com.NBRD.tc.TC004_NABARDBasicDetails"/>
  <testcase name="basicDetails" time="125.985" classname="com.NBRD.tc.TC004_NABARDBasicDetails"/>
  <testcase name="basicDetails" time="129.078" classname="com.NBRD.tc.TC004_NABARDBasicDetails"/>
  <testcase name="basicDetails" time="129.683" classname="com.NBRD.tc.TC004_NABARDBasicDetails"/>
  <testcase name="basicDetails" time="126.355" classname="com.NBRD.tc.TC004_NABARDBasicDetails"/>
  <testcase name="basicDetails" time="129.486" classname="com.NBRD.tc.TC004_NABARDBasicDetails"/>
  <testcase name="basicDetails" time="125.962" classname="com.NBRD.tc.TC004_NABARDBasicDetails"/>
  <testcase name="basicDetails" time="126.004" classname="com.NBRD.tc.TC004_NABARDBasicDetails"/>
  <testcase name="basicDetails" time="128.953" classname="com.NBRD.tc.TC004_NABARDBasicDetails"/>
  <testcase name="basicDetails" time="125.788" classname="com.NBRD.tc.TC004_NABARDBasicDetails"/>
  <testcase name="basicDetails" time="128.980" classname="com.NBRD.tc.TC004_NABARDBasicDetails"/>
  <testcase name="basicDetails" time="125.592" classname="com.NBRD.tc.TC004_NABARDBasicDetails"/>
  <testcase name="basicDetails" time="129.247" classname="com.NBRD.tc.TC004_NABARDBasicDetails"/>
  <testcase name="basicDetails" time="125.814" classname="com.NBRD.tc.TC004_NABARDBasicDetails"/>
  <testcase name="basicDetails" time="129.333" classname="com.NBRD.tc.TC004_NABARDBasicDetails"/>
  <testcase name="basicDetails" time="128.908" classname="com.NBRD.tc.TC004_NABARDBasicDetails"/>
  <testcase name="basicDetails" time="129.524" classname="com.NBRD.tc.TC004_NABARDBasicDetails"/>
  <testcase name="basicDetails" time="129.349" classname="com.NBRD.tc.TC004_NABARDBasicDetails"/>
  <testcase name="basicDetails" time="126.129" classname="com.NBRD.tc.TC004_NABARDBasicDetails"/>
  <testcase name="basicDetails" time="124.941" classname="com.NBRD.tc.TC004_NABARDBasicDetails"/>
  <testcase name="basicDetails" time="129.306" classname="com.NBRD.tc.TC004_NABARDBasicDetails"/>
  <testcase name="basicDetails" time="126.036" classname="com.NBRD.tc.TC004_NABARDBasicDetails"/>
  <testcase name="basicDetails" time="129.250" classname="com.NBRD.tc.TC004_NABARDBasicDetails"/>
  <testcase name="basicDetails" time="128.843" classname="com.NBRD.tc.TC004_NABARDBasicDetails"/>
  <testcase name="basicDetails" time="129.649" classname="com.NBRD.tc.TC004_NABARDBasicDetails"/>
  <testcase name="basicDetails" time="125.705" classname="com.NBRD.tc.TC004_NABARDBasicDetails"/>
</testsuite> <!-- com.NBRD.tc.TC004_NABARDBasicDetails -->
