<?xml version="1.0" encoding="UTF-8"?>
<!-- Generated by org.testng.reporters.JUnitReportReporter -->
<testsuite skipped="0" hostname="MAA014482B" name="com.IB_Feb23.tc.TC002_IBBasicDetails" tests="73" failures="0" timestamp="2023-02-20T18:53:20 IST" time="11878.749" errors="0">
  <testcase name="basicDetails" time="162.483" classname="com.IB_Feb23.tc.TC002_IBBasicDetails"/>
  <testcase name="basicDetails" time="162.100" classname="com.IB_Feb23.tc.TC002_IBBasicDetails"/>
  <testcase name="basicDetails" time="163.327" classname="com.IB_Feb23.tc.TC002_IBBasicDetails"/>
  <testcase name="basicDetails" time="162.116" classname="com.IB_Feb23.tc.TC002_IBBasicDetails"/>
  <testcase name="basicDetails" time="162.995" classname="com.IB_Feb23.tc.TC002_IBBasicDetails"/>
  <testcase name="basicDetails" time="161.655" classname="com.IB_Feb23.tc.TC002_IBBasicDetails"/>
  <testcase name="basicDetails" time="162.248" classname="com.IB_Feb23.tc.TC002_IBBasicDetails"/>
  <testcase name="basicDetails" time="162.230" classname="com.IB_Feb23.tc.TC002_IBBasicDetails"/>
  <testcase name="basicDetails" time="162.399" classname="com.IB_Feb23.tc.TC002_IBBasicDetails"/>
  <testcase name="basicDetails" time="163.187" classname="com.IB_Feb23.tc.TC002_IBBasicDetails"/>
  <testcase name="basicDetails" time="163.161" classname="com.IB_Feb23.tc.TC002_IBBasicDetails"/>
  <testcase name="basicDetails" time="162.827" classname="com.IB_Feb23.tc.TC002_IBBasicDetails"/>
  <testcase name="basicDetails" time="162.262" classname="com.IB_Feb23.tc.TC002_IBBasicDetails"/>
  <testcase name="basicDetails" time="163.181" classname="com.IB_Feb23.tc.TC002_IBBasicDetails"/>
  <testcase name="basicDetails" time="163.153" classname="com.IB_Feb23.tc.TC002_IBBasicDetails"/>
  <testcase name="basicDetails" time="163.700" classname="com.IB_Feb23.tc.TC002_IBBasicDetails"/>
  <testcase name="basicDetails" time="163.079" classname="com.IB_Feb23.tc.TC002_IBBasicDetails"/>
  <testcase name="basicDetails" time="163.606" classname="com.IB_Feb23.tc.TC002_IBBasicDetails"/>
  <testcase name="basicDetails" time="163.053" classname="com.IB_Feb23.tc.TC002_IBBasicDetails"/>
  <testcase name="basicDetails" time="163.054" classname="com.IB_Feb23.tc.TC002_IBBasicDetails"/>
  <testcase name="basicDetails" time="163.644" classname="com.IB_Feb23.tc.TC002_IBBasicDetails"/>
  <testcase name="basicDetails" time="161.800" classname="com.IB_Feb23.tc.TC002_IBBasicDetails"/>
  <testcase name="basicDetails" time="163.732" classname="com.IB_Feb23.tc.TC002_IBBasicDetails"/>
  <testcase name="basicDetails" time="163.017" classname="com.IB_Feb23.tc.TC002_IBBasicDetails"/>
  <testcase name="basicDetails" time="162.318" classname="com.IB_Feb23.tc.TC002_IBBasicDetails"/>
  <testcase name="basicDetails" time="163.199" classname="com.IB_Feb23.tc.TC002_IBBasicDetails"/>
  <testcase name="basicDetails" time="163.424" classname="com.IB_Feb23.tc.TC002_IBBasicDetails"/>
  <testcase name="basicDetails" time="162.981" classname="com.IB_Feb23.tc.TC002_IBBasicDetails"/>
  <testcase name="basicDetails" time="161.514" classname="com.IB_Feb23.tc.TC002_IBBasicDetails"/>
  <testcase name="basicDetails" time="162.217" classname="com.IB_Feb23.tc.TC002_IBBasicDetails"/>
  <testcase name="basicDetails" time="162.623" classname="com.IB_Feb23.tc.TC002_IBBasicDetails"/>
  <testcase name="basicDetails" time="162.845" classname="com.IB_Feb23.tc.TC002_IBBasicDetails"/>
  <testcase name="basicDetails" time="162.110" classname="com.IB_Feb23.tc.TC002_IBBasicDetails"/>
  <testcase name="basicDetails" time="162.117" classname="com.IB_Feb23.tc.TC002_IBBasicDetails"/>
  <testcase name="basicDetails" time="162.035" classname="com.IB_Feb23.tc.TC002_IBBasicDetails"/>
  <testcase name="basicDetails" time="162.241" classname="com.IB_Feb23.tc.TC002_IBBasicDetails"/>
  <testcase name="basicDetails" time="161.849" classname="com.IB_Feb23.tc.TC002_IBBasicDetails"/>
  <testcase name="basicDetails" time="162.048" classname="com.IB_Feb23.tc.TC002_IBBasicDetails"/>
  <testcase name="basicDetails" time="163.578" classname="com.IB_Feb23.tc.TC002_IBBasicDetails"/>
  <testcase name="basicDetails" time="162.801" classname="com.IB_Feb23.tc.TC002_IBBasicDetails"/>
  <testcase name="basicDetails" time="162.619" classname="com.IB_Feb23.tc.TC002_IBBasicDetails"/>
  <testcase name="basicDetails" time="163.200" classname="com.IB_Feb23.tc.TC002_IBBasicDetails"/>
  <testcase name="basicDetails" time="163.185" classname="com.IB_Feb23.tc.TC002_IBBasicDetails"/>
  <testcase name="basicDetails" time="162.868" classname="com.IB_Feb23.tc.TC002_IBBasicDetails"/>
  <testcase name="basicDetails" time="162.959" classname="com.IB_Feb23.tc.TC002_IBBasicDetails"/>
  <testcase name="basicDetails" time="162.161" classname="com.IB_Feb23.tc.TC002_IBBasicDetails"/>
  <testcase name="basicDetails" time="163.262" classname="com.IB_Feb23.tc.TC002_IBBasicDetails"/>
  <testcase name="basicDetails" time="161.984" classname="com.IB_Feb23.tc.TC002_IBBasicDetails"/>
  <testcase name="basicDetails" time="163.024" classname="com.IB_Feb23.tc.TC002_IBBasicDetails"/>
  <testcase name="basicDetails" time="162.235" classname="com.IB_Feb23.tc.TC002_IBBasicDetails"/>
  <testcase name="basicDetails" time="163.007" classname="com.IB_Feb23.tc.TC002_IBBasicDetails"/>
  <testcase name="basicDetails" time="162.120" classname="com.IB_Feb23.tc.TC002_IBBasicDetails"/>
  <testcase name="basicDetails" time="162.869" classname="com.IB_Feb23.tc.TC002_IBBasicDetails"/>
  <testcase name="basicDetails" time="161.919" classname="com.IB_Feb23.tc.TC002_IBBasicDetails"/>
  <testcase name="basicDetails" time="163.075" classname="com.IB_Feb23.tc.TC002_IBBasicDetails"/>
  <testcase name="basicDetails" time="163.275" classname="com.IB_Feb23.tc.TC002_IBBasicDetails"/>
  <testcase name="basicDetails" time="162.351" classname="com.IB_Feb23.tc.TC002_IBBasicDetails"/>
  <testcase name="basicDetails" time="168.872" classname="com.IB_Feb23.tc.TC002_IBBasicDetails"/>
  <testcase name="basicDetails" time="162.362" classname="com.IB_Feb23.tc.TC002_IBBasicDetails"/>
  <testcase name="basicDetails" time="162.537" classname="com.IB_Feb23.tc.TC002_IBBasicDetails"/>
  <testcase name="basicDetails" time="161.749" classname="com.IB_Feb23.tc.TC002_IBBasicDetails"/>
  <testcase name="basicDetails" time="162.730" classname="com.IB_Feb23.tc.TC002_IBBasicDetails"/>
  <testcase name="basicDetails" time="163.574" classname="com.IB_Feb23.tc.TC002_IBBasicDetails"/>
  <testcase name="basicDetails" time="161.761" classname="com.IB_Feb23.tc.TC002_IBBasicDetails"/>
  <testcase name="basicDetails" time="161.976" classname="com.IB_Feb23.tc.TC002_IBBasicDetails"/>
  <testcase name="basicDetails" time="162.255" classname="com.IB_Feb23.tc.TC002_IBBasicDetails"/>
  <testcase name="basicDetails" time="162.122" classname="com.IB_Feb23.tc.TC002_IBBasicDetails"/>
  <testcase name="basicDetails" time="161.641" classname="com.IB_Feb23.tc.TC002_IBBasicDetails"/>
  <testcase name="basicDetails" time="162.011" classname="com.IB_Feb23.tc.TC002_IBBasicDetails"/>
  <testcase name="basicDetails" time="163.006" classname="com.IB_Feb23.tc.TC002_IBBasicDetails"/>
  <testcase name="basicDetails" time="162.952" classname="com.IB_Feb23.tc.TC002_IBBasicDetails"/>
  <testcase name="basicDetails" time="162.005" classname="com.IB_Feb23.tc.TC002_IBBasicDetails"/>
  <testcase name="basicDetails" time="163.174" classname="com.IB_Feb23.tc.TC002_IBBasicDetails"/>
</testsuite> <!-- com.IB_Feb23.tc.TC002_IBBasicDetails -->
