<?xml version="1.0" encoding="UTF-8"?>
<!-- Generated by org.testng.reporters.JUnitReportReporter -->
<testsuite skipped="0" hostname="MAA014482B" name="com.lic.tc.TC003_LICBasicDetails" tests="13" failures="0" timestamp="2023-01-09T15:28:02 IST" time="2032.306" errors="1">
  <testcase name="basicDetails" time="184.995" classname="com.lic.tc.TC003_LICBasicDetails"/>
  <testcase name="basicDetails" time="157.507" classname="com.lic.tc.TC003_LICBasicDetails"/>
  <testcase name="basicDetails" time="157.260" classname="com.lic.tc.TC003_LICBasicDetails"/>
  <testcase name="basicDetails" time="184.966" classname="com.lic.tc.TC003_LICBasicDetails"/>
  <testcase name="basicDetails" time="184.922" classname="com.lic.tc.TC003_LICBasicDetails"/>
  <testcase name="basicDetails" time="158.656" classname="com.lic.tc.TC003_LICBasicDetails"/>
  <testcase name="basicDetails" time="158.373" classname="com.lic.tc.TC003_LICBasicDetails"/>
  <testcase name="basicDetails" time="180.354" classname="com.lic.tc.TC003_LICBasicDetails"/>
  <testcase name="basicDetails" time="184.799" classname="com.lic.tc.TC003_LICBasicDetails"/>
  <testcase name="basicDetails" time="5.575" classname="com.lic.tc.TC003_LICBasicDetails">
    <error type="java.lang.NumberFormatException" message="For input string: &quot;N&quot;">
      <![CDATA[java.lang.NumberFormatException: For input string: "N"
at java.lang.NumberFormatException.forInputString(Unknown Source)
at java.lang.Integer.parseInt(Unknown Source)
at java.lang.Integer.parseInt(Unknown Source)
at com.ibps.pages.PersonalDetailsPage.selectDropDownUsingIndexNewwithAlert(PersonalDetailsPage.java:390)
at com.lic.tc.TC003_LICBasicDetails.basicDetails(TC003_LICBasicDetails.java:39)
at sun.reflect.NativeMethodAccessorImpl.invoke0(Native Method)
at sun.reflect.NativeMethodAccessorImpl.invoke(Unknown Source)
at sun.reflect.DelegatingMethodAccessorImpl.invoke(Unknown Source)
at java.lang.reflect.Method.invoke(Unknown Source)
at org.testng.internal.MethodInvocationHelper.invokeMethod(MethodInvocationHelper.java:133)
at org.testng.internal.TestInvoker.invokeMethod(TestInvoker.java:584)
at org.testng.internal.TestInvoker.invokeTestMethod(TestInvoker.java:172)
at org.testng.internal.MethodRunner.runInSequence(MethodRunner.java:46)
at org.testng.internal.TestInvoker$MethodInvocationAgent.invoke(TestInvoker.java:804)
at org.testng.internal.TestInvoker.invokeTestMethods(TestInvoker.java:145)
at org.testng.internal.TestMethodWorker.invokeTestMethods(TestMethodWorker.java:146)
at org.testng.internal.TestMethodWorker.run(TestMethodWorker.java:128)
at java.util.concurrent.ThreadPoolExecutor.runWorker(Unknown Source)
at java.util.concurrent.ThreadPoolExecutor$Worker.run(Unknown Source)
at java.lang.Thread.run(Unknown Source)
]]>
    </error>
  </testcase> <!-- basicDetails -->
  <testcase name="basicDetails" time="158.306" classname="com.lic.tc.TC003_LICBasicDetails"/>
  <testcase name="basicDetails" time="158.388" classname="com.lic.tc.TC003_LICBasicDetails"/>
  <testcase name="basicDetails" time="158.205" classname="com.lic.tc.TC003_LICBasicDetails"/>
</testsuite> <!-- com.lic.tc.TC003_LICBasicDetails -->
