<?xml version="1.0" encoding="UTF-8"?>
<!-- Generated by org.testng.reporters.JUnitReportReporter -->
<testsuite skipped="0" hostname="MAA014482B" name="com.DES_April23.tc.TC003_DESBasicDetails" tests="180" failures="0" timestamp="2023-04-26T07:38:00 IST" time="29147.951" errors="0">
  <testcase name="basicDetails" time="164.088" classname="com.DES_April23.tc.TC003_DESBasicDetails"/>
  <testcase name="basicDetails" time="161.099" classname="com.DES_April23.tc.TC003_DESBasicDetails"/>
  <testcase name="basicDetails" time="161.312" classname="com.DES_April23.tc.TC003_DESBasicDetails"/>
  <testcase name="basicDetails" time="161.158" classname="com.DES_April23.tc.TC003_DESBasicDetails"/>
  <testcase name="basicDetails" time="161.225" classname="com.DES_April23.tc.TC003_DESBasicDetails"/>
  <testcase name="basicDetails" time="164.604" classname="com.DES_April23.tc.TC003_DESBasicDetails"/>
  <testcase name="basicDetails" time="161.842" classname="com.DES_April23.tc.TC003_DESBasicDetails"/>
  <testcase name="basicDetails" time="161.529" classname="com.DES_April23.tc.TC003_DESBasicDetails"/>
  <testcase name="basicDetails" time="160.838" classname="com.DES_April23.tc.TC003_DESBasicDetails"/>
  <testcase name="basicDetails" time="161.139" classname="com.DES_April23.tc.TC003_DESBasicDetails"/>
  <testcase name="basicDetails" time="161.037" classname="com.DES_April23.tc.TC003_DESBasicDetails"/>
  <testcase name="basicDetails" time="161.105" classname="com.DES_April23.tc.TC003_DESBasicDetails"/>
  <testcase name="basicDetails" time="161.375" classname="com.DES_April23.tc.TC003_DESBasicDetails"/>
  <testcase name="basicDetails" time="161.268" classname="com.DES_April23.tc.TC003_DESBasicDetails"/>
  <testcase name="basicDetails" time="161.272" classname="com.DES_April23.tc.TC003_DESBasicDetails"/>
  <testcase name="basicDetails" time="161.049" classname="com.DES_April23.tc.TC003_DESBasicDetails"/>
  <testcase name="basicDetails" time="160.843" classname="com.DES_April23.tc.TC003_DESBasicDetails"/>
  <testcase name="basicDetails" time="161.168" classname="com.DES_April23.tc.TC003_DESBasicDetails"/>
  <testcase name="basicDetails" time="161.313" classname="com.DES_April23.tc.TC003_DESBasicDetails"/>
  <testcase name="basicDetails" time="173.249" classname="com.DES_April23.tc.TC003_DESBasicDetails"/>
  <testcase name="basicDetails" time="164.317" classname="com.DES_April23.tc.TC003_DESBasicDetails"/>
  <testcase name="basicDetails" time="161.392" classname="com.DES_April23.tc.TC003_DESBasicDetails"/>
  <testcase name="basicDetails" time="161.621" classname="com.DES_April23.tc.TC003_DESBasicDetails"/>
  <testcase name="basicDetails" time="173.303" classname="com.DES_April23.tc.TC003_DESBasicDetails"/>
  <testcase name="basicDetails" time="164.670" classname="com.DES_April23.tc.TC003_DESBasicDetails"/>
  <testcase name="basicDetails" time="161.265" classname="com.DES_April23.tc.TC003_DESBasicDetails"/>
  <testcase name="basicDetails" time="164.022" classname="com.DES_April23.tc.TC003_DESBasicDetails"/>
  <testcase name="basicDetails" time="161.506" classname="com.DES_April23.tc.TC003_DESBasicDetails"/>
  <testcase name="basicDetails" time="161.088" classname="com.DES_April23.tc.TC003_DESBasicDetails"/>
  <testcase name="basicDetails" time="160.847" classname="com.DES_April23.tc.TC003_DESBasicDetails"/>
  <testcase name="basicDetails" time="161.155" classname="com.DES_April23.tc.TC003_DESBasicDetails"/>
  <testcase name="basicDetails" time="164.876" classname="com.DES_April23.tc.TC003_DESBasicDetails"/>
  <testcase name="basicDetails" time="161.104" classname="com.DES_April23.tc.TC003_DESBasicDetails"/>
  <testcase name="basicDetails" time="161.160" classname="com.DES_April23.tc.TC003_DESBasicDetails"/>
  <testcase name="basicDetails" time="162.121" classname="com.DES_April23.tc.TC003_DESBasicDetails"/>
  <testcase name="basicDetails" time="161.482" classname="com.DES_April23.tc.TC003_DESBasicDetails"/>
  <testcase name="basicDetails" time="164.379" classname="com.DES_April23.tc.TC003_DESBasicDetails"/>
  <testcase name="basicDetails" time="161.147" classname="com.DES_April23.tc.TC003_DESBasicDetails"/>
  <testcase name="basicDetails" time="161.159" classname="com.DES_April23.tc.TC003_DESBasicDetails"/>
  <testcase name="basicDetails" time="161.434" classname="com.DES_April23.tc.TC003_DESBasicDetails"/>
  <testcase name="basicDetails" time="161.067" classname="com.DES_April23.tc.TC003_DESBasicDetails"/>
  <testcase name="basicDetails" time="161.874" classname="com.DES_April23.tc.TC003_DESBasicDetails"/>
  <testcase name="basicDetails" time="161.110" classname="com.DES_April23.tc.TC003_DESBasicDetails"/>
  <testcase name="basicDetails" time="160.751" classname="com.DES_April23.tc.TC003_DESBasicDetails"/>
  <testcase name="basicDetails" time="161.150" classname="com.DES_April23.tc.TC003_DESBasicDetails"/>
  <testcase name="basicDetails" time="161.280" classname="com.DES_April23.tc.TC003_DESBasicDetails"/>
  <testcase name="basicDetails" time="161.371" classname="com.DES_April23.tc.TC003_DESBasicDetails"/>
  <testcase name="basicDetails" time="164.418" classname="com.DES_April23.tc.TC003_DESBasicDetails"/>
  <testcase name="basicDetails" time="160.842" classname="com.DES_April23.tc.TC003_DESBasicDetails"/>
  <testcase name="basicDetails" time="161.549" classname="com.DES_April23.tc.TC003_DESBasicDetails"/>
  <testcase name="basicDetails" time="161.303" classname="com.DES_April23.tc.TC003_DESBasicDetails"/>
  <testcase name="basicDetails" time="161.001" classname="com.DES_April23.tc.TC003_DESBasicDetails"/>
  <testcase name="basicDetails" time="173.445" classname="com.DES_April23.tc.TC003_DESBasicDetails"/>
  <testcase name="basicDetails" time="161.299" classname="com.DES_April23.tc.TC003_DESBasicDetails"/>
  <testcase name="basicDetails" time="164.389" classname="com.DES_April23.tc.TC003_DESBasicDetails"/>
  <testcase name="basicDetails" time="161.288" classname="com.DES_April23.tc.TC003_DESBasicDetails"/>
  <testcase name="basicDetails" time="161.100" classname="com.DES_April23.tc.TC003_DESBasicDetails"/>
  <testcase name="basicDetails" time="161.544" classname="com.DES_April23.tc.TC003_DESBasicDetails"/>
  <testcase name="basicDetails" time="160.880" classname="com.DES_April23.tc.TC003_DESBasicDetails"/>
  <testcase name="basicDetails" time="160.879" classname="com.DES_April23.tc.TC003_DESBasicDetails"/>
  <testcase name="basicDetails" time="161.724" classname="com.DES_April23.tc.TC003_DESBasicDetails"/>
  <testcase name="basicDetails" time="161.142" classname="com.DES_April23.tc.TC003_DESBasicDetails"/>
  <testcase name="basicDetails" time="161.426" classname="com.DES_April23.tc.TC003_DESBasicDetails"/>
  <testcase name="basicDetails" time="164.761" classname="com.DES_April23.tc.TC003_DESBasicDetails"/>
  <testcase name="basicDetails" time="161.765" classname="com.DES_April23.tc.TC003_DESBasicDetails"/>
  <testcase name="basicDetails" time="164.564" classname="com.DES_April23.tc.TC003_DESBasicDetails"/>
  <testcase name="basicDetails" time="161.035" classname="com.DES_April23.tc.TC003_DESBasicDetails"/>
  <testcase name="basicDetails" time="164.610" classname="com.DES_April23.tc.TC003_DESBasicDetails"/>
  <testcase name="basicDetails" time="161.033" classname="com.DES_April23.tc.TC003_DESBasicDetails"/>
  <testcase name="basicDetails" time="164.464" classname="com.DES_April23.tc.TC003_DESBasicDetails"/>
  <testcase name="basicDetails" time="160.624" classname="com.DES_April23.tc.TC003_DESBasicDetails"/>
  <testcase name="basicDetails" time="161.098" classname="com.DES_April23.tc.TC003_DESBasicDetails"/>
  <testcase name="basicDetails" time="161.120" classname="com.DES_April23.tc.TC003_DESBasicDetails"/>
  <testcase name="basicDetails" time="164.636" classname="com.DES_April23.tc.TC003_DESBasicDetails"/>
  <testcase name="basicDetails" time="161.243" classname="com.DES_April23.tc.TC003_DESBasicDetails"/>
  <testcase name="basicDetails" time="161.515" classname="com.DES_April23.tc.TC003_DESBasicDetails"/>
  <testcase name="basicDetails" time="161.422" classname="com.DES_April23.tc.TC003_DESBasicDetails"/>
  <testcase name="basicDetails" time="160.829" classname="com.DES_April23.tc.TC003_DESBasicDetails"/>
  <testcase name="basicDetails" time="161.065" classname="com.DES_April23.tc.TC003_DESBasicDetails"/>
  <testcase name="basicDetails" time="161.309" classname="com.DES_April23.tc.TC003_DESBasicDetails"/>
  <testcase name="basicDetails" time="161.416" classname="com.DES_April23.tc.TC003_DESBasicDetails"/>
  <testcase name="basicDetails" time="161.429" classname="com.DES_April23.tc.TC003_DESBasicDetails"/>
  <testcase name="basicDetails" time="161.059" classname="com.DES_April23.tc.TC003_DESBasicDetails"/>
  <testcase name="basicDetails" time="161.595" classname="com.DES_April23.tc.TC003_DESBasicDetails"/>
  <testcase name="basicDetails" time="164.174" classname="com.DES_April23.tc.TC003_DESBasicDetails"/>
  <testcase name="basicDetails" time="161.543" classname="com.DES_April23.tc.TC003_DESBasicDetails"/>
  <testcase name="basicDetails" time="173.216" classname="com.DES_April23.tc.TC003_DESBasicDetails"/>
  <testcase name="basicDetails" time="161.331" classname="com.DES_April23.tc.TC003_DESBasicDetails"/>
  <testcase name="basicDetails" time="161.142" classname="com.DES_April23.tc.TC003_DESBasicDetails"/>
  <testcase name="basicDetails" time="160.861" classname="com.DES_April23.tc.TC003_DESBasicDetails"/>
  <testcase name="basicDetails" time="161.115" classname="com.DES_April23.tc.TC003_DESBasicDetails"/>
  <testcase name="basicDetails" time="160.710" classname="com.DES_April23.tc.TC003_DESBasicDetails"/>
  <testcase name="basicDetails" time="161.383" classname="com.DES_April23.tc.TC003_DESBasicDetails"/>
  <testcase name="basicDetails" time="161.191" classname="com.DES_April23.tc.TC003_DESBasicDetails"/>
  <testcase name="basicDetails" time="160.577" classname="com.DES_April23.tc.TC003_DESBasicDetails"/>
  <testcase name="basicDetails" time="167.660" classname="com.DES_April23.tc.TC003_DESBasicDetails"/>
  <testcase name="basicDetails" time="160.940" classname="com.DES_April23.tc.TC003_DESBasicDetails"/>
  <testcase name="basicDetails" time="161.027" classname="com.DES_April23.tc.TC003_DESBasicDetails"/>
  <testcase name="basicDetails" time="161.152" classname="com.DES_April23.tc.TC003_DESBasicDetails"/>
  <testcase name="basicDetails" time="164.394" classname="com.DES_April23.tc.TC003_DESBasicDetails"/>
  <testcase name="basicDetails" time="161.507" classname="com.DES_April23.tc.TC003_DESBasicDetails"/>
  <testcase name="basicDetails" time="161.214" classname="com.DES_April23.tc.TC003_DESBasicDetails"/>
  <testcase name="basicDetails" time="161.314" classname="com.DES_April23.tc.TC003_DESBasicDetails"/>
  <testcase name="basicDetails" time="160.892" classname="com.DES_April23.tc.TC003_DESBasicDetails"/>
  <testcase name="basicDetails" time="160.893" classname="com.DES_April23.tc.TC003_DESBasicDetails"/>
  <testcase name="basicDetails" time="161.591" classname="com.DES_April23.tc.TC003_DESBasicDetails"/>
  <testcase name="basicDetails" time="161.162" classname="com.DES_April23.tc.TC003_DESBasicDetails"/>
  <testcase name="basicDetails" time="161.380" classname="com.DES_April23.tc.TC003_DESBasicDetails"/>
  <testcase name="basicDetails" time="160.944" classname="com.DES_April23.tc.TC003_DESBasicDetails"/>
  <testcase name="basicDetails" time="161.270" classname="com.DES_April23.tc.TC003_DESBasicDetails"/>
  <testcase name="basicDetails" time="160.895" classname="com.DES_April23.tc.TC003_DESBasicDetails"/>
  <testcase name="basicDetails" time="161.541" classname="com.DES_April23.tc.TC003_DESBasicDetails"/>
  <testcase name="basicDetails" time="161.594" classname="com.DES_April23.tc.TC003_DESBasicDetails"/>
  <testcase name="basicDetails" time="160.941" classname="com.DES_April23.tc.TC003_DESBasicDetails"/>
  <testcase name="basicDetails" time="161.191" classname="com.DES_April23.tc.TC003_DESBasicDetails"/>
  <testcase name="basicDetails" time="164.716" classname="com.DES_April23.tc.TC003_DESBasicDetails"/>
  <testcase name="basicDetails" time="160.768" classname="com.DES_April23.tc.TC003_DESBasicDetails"/>
  <testcase name="basicDetails" time="161.357" classname="com.DES_April23.tc.TC003_DESBasicDetails"/>
  <testcase name="basicDetails" time="161.139" classname="com.DES_April23.tc.TC003_DESBasicDetails"/>
  <testcase name="basicDetails" time="161.353" classname="com.DES_April23.tc.TC003_DESBasicDetails"/>
  <testcase name="basicDetails" time="161.085" classname="com.DES_April23.tc.TC003_DESBasicDetails"/>
  <testcase name="basicDetails" time="161.289" classname="com.DES_April23.tc.TC003_DESBasicDetails"/>
  <testcase name="basicDetails" time="160.823" classname="com.DES_April23.tc.TC003_DESBasicDetails"/>
  <testcase name="basicDetails" time="161.655" classname="com.DES_April23.tc.TC003_DESBasicDetails"/>
  <testcase name="basicDetails" time="161.151" classname="com.DES_April23.tc.TC003_DESBasicDetails"/>
  <testcase name="basicDetails" time="161.367" classname="com.DES_April23.tc.TC003_DESBasicDetails"/>
  <testcase name="basicDetails" time="160.498" classname="com.DES_April23.tc.TC003_DESBasicDetails"/>
  <testcase name="basicDetails" time="161.083" classname="com.DES_April23.tc.TC003_DESBasicDetails"/>
  <testcase name="basicDetails" time="161.416" classname="com.DES_April23.tc.TC003_DESBasicDetails"/>
  <testcase name="basicDetails" time="161.105" classname="com.DES_April23.tc.TC003_DESBasicDetails"/>
  <testcase name="basicDetails" time="161.354" classname="com.DES_April23.tc.TC003_DESBasicDetails"/>
  <testcase name="basicDetails" time="161.027" classname="com.DES_April23.tc.TC003_DESBasicDetails"/>
  <testcase name="basicDetails" time="173.265" classname="com.DES_April23.tc.TC003_DESBasicDetails"/>
  <testcase name="basicDetails" time="161.007" classname="com.DES_April23.tc.TC003_DESBasicDetails"/>
  <testcase name="basicDetails" time="161.184" classname="com.DES_April23.tc.TC003_DESBasicDetails"/>
  <testcase name="basicDetails" time="161.568" classname="com.DES_April23.tc.TC003_DESBasicDetails"/>
  <testcase name="basicDetails" time="160.628" classname="com.DES_April23.tc.TC003_DESBasicDetails"/>
  <testcase name="basicDetails" time="161.138" classname="com.DES_April23.tc.TC003_DESBasicDetails"/>
  <testcase name="basicDetails" time="160.786" classname="com.DES_April23.tc.TC003_DESBasicDetails"/>
  <testcase name="basicDetails" time="161.304" classname="com.DES_April23.tc.TC003_DESBasicDetails"/>
  <testcase name="basicDetails" time="161.289" classname="com.DES_April23.tc.TC003_DESBasicDetails"/>
  <testcase name="basicDetails" time="161.502" classname="com.DES_April23.tc.TC003_DESBasicDetails"/>
  <testcase name="basicDetails" time="161.033" classname="com.DES_April23.tc.TC003_DESBasicDetails"/>
  <testcase name="basicDetails" time="164.129" classname="com.DES_April23.tc.TC003_DESBasicDetails"/>
  <testcase name="basicDetails" time="161.402" classname="com.DES_April23.tc.TC003_DESBasicDetails"/>
  <testcase name="basicDetails" time="160.633" classname="com.DES_April23.tc.TC003_DESBasicDetails"/>
  <testcase name="basicDetails" time="161.458" classname="com.DES_April23.tc.TC003_DESBasicDetails"/>
  <testcase name="basicDetails" time="160.970" classname="com.DES_April23.tc.TC003_DESBasicDetails"/>
  <testcase name="basicDetails" time="161.086" classname="com.DES_April23.tc.TC003_DESBasicDetails"/>
  <testcase name="basicDetails" time="164.506" classname="com.DES_April23.tc.TC003_DESBasicDetails"/>
  <testcase name="basicDetails" time="161.145" classname="com.DES_April23.tc.TC003_DESBasicDetails"/>
  <testcase name="basicDetails" time="164.235" classname="com.DES_April23.tc.TC003_DESBasicDetails"/>
  <testcase name="basicDetails" time="160.945" classname="com.DES_April23.tc.TC003_DESBasicDetails"/>
  <testcase name="basicDetails" time="160.963" classname="com.DES_April23.tc.TC003_DESBasicDetails"/>
  <testcase name="basicDetails" time="161.050" classname="com.DES_April23.tc.TC003_DESBasicDetails"/>
  <testcase name="basicDetails" time="161.361" classname="com.DES_April23.tc.TC003_DESBasicDetails"/>
  <testcase name="basicDetails" time="160.677" classname="com.DES_April23.tc.TC003_DESBasicDetails"/>
  <testcase name="basicDetails" time="161.188" classname="com.DES_April23.tc.TC003_DESBasicDetails"/>
  <testcase name="basicDetails" time="161.152" classname="com.DES_April23.tc.TC003_DESBasicDetails"/>
  <testcase name="basicDetails" time="161.068" classname="com.DES_April23.tc.TC003_DESBasicDetails"/>
  <testcase name="basicDetails" time="161.430" classname="com.DES_April23.tc.TC003_DESBasicDetails"/>
  <testcase name="basicDetails" time="161.232" classname="com.DES_April23.tc.TC003_DESBasicDetails"/>
  <testcase name="basicDetails" time="161.398" classname="com.DES_April23.tc.TC003_DESBasicDetails"/>
  <testcase name="basicDetails" time="161.380" classname="com.DES_April23.tc.TC003_DESBasicDetails"/>
  <testcase name="basicDetails" time="161.232" classname="com.DES_April23.tc.TC003_DESBasicDetails"/>
  <testcase name="basicDetails" time="161.250" classname="com.DES_April23.tc.TC003_DESBasicDetails"/>
  <testcase name="basicDetails" time="161.433" classname="com.DES_April23.tc.TC003_DESBasicDetails"/>
  <testcase name="basicDetails" time="160.974" classname="com.DES_April23.tc.TC003_DESBasicDetails"/>
  <testcase name="basicDetails" time="161.582" classname="com.DES_April23.tc.TC003_DESBasicDetails"/>
  <testcase name="basicDetails" time="161.159" classname="com.DES_April23.tc.TC003_DESBasicDetails"/>
  <testcase name="basicDetails" time="160.877" classname="com.DES_April23.tc.TC003_DESBasicDetails"/>
  <testcase name="basicDetails" time="161.044" classname="com.DES_April23.tc.TC003_DESBasicDetails"/>
  <testcase name="basicDetails" time="161.225" classname="com.DES_April23.tc.TC003_DESBasicDetails"/>
  <testcase name="basicDetails" time="161.370" classname="com.DES_April23.tc.TC003_DESBasicDetails"/>
  <testcase name="basicDetails" time="160.984" classname="com.DES_April23.tc.TC003_DESBasicDetails"/>
  <testcase name="basicDetails" time="161.637" classname="com.DES_April23.tc.TC003_DESBasicDetails"/>
  <testcase name="basicDetails" time="161.078" classname="com.DES_April23.tc.TC003_DESBasicDetails"/>
  <testcase name="basicDetails" time="161.195" classname="com.DES_April23.tc.TC003_DESBasicDetails"/>
  <testcase name="basicDetails" time="161.642" classname="com.DES_April23.tc.TC003_DESBasicDetails"/>
  <testcase name="basicDetails" time="161.243" classname="com.DES_April23.tc.TC003_DESBasicDetails"/>
</testsuite> <!-- com.DES_April23.tc.TC003_DESBasicDetails -->
