<?xml version="1.0" encoding="UTF-8"?>
<!-- Generated by org.testng.reporters.JUnitReportReporter -->
<testsuite skipped="0" hostname="MAA014482B" name="com.CIDCO_June23.tc.TC002_CIDCOBasicDetails" tests="86" failures="0" timestamp="2023-06-19T02:38:00 IST" time="14084.552" errors="0">
  <testcase name="basicDetails" time="158.304" classname="com.CIDCO_June23.tc.TC002_CIDCOBasicDetails"/>
  <testcase name="basicDetails" time="169.554" classname="com.CIDCO_June23.tc.TC002_CIDCOBasicDetails"/>
  <testcase name="basicDetails" time="169.309" classname="com.CIDCO_June23.tc.TC002_CIDCOBasicDetails"/>
  <testcase name="basicDetails" time="158.295" classname="com.CIDCO_June23.tc.TC002_CIDCOBasicDetails"/>
  <testcase name="basicDetails" time="169.355" classname="com.CIDCO_June23.tc.TC002_CIDCOBasicDetails"/>
  <testcase name="basicDetails" time="169.953" classname="com.CIDCO_June23.tc.TC002_CIDCOBasicDetails"/>
  <testcase name="basicDetails" time="158.702" classname="com.CIDCO_June23.tc.TC002_CIDCOBasicDetails"/>
  <testcase name="basicDetails" time="158.395" classname="com.CIDCO_June23.tc.TC002_CIDCOBasicDetails"/>
  <testcase name="basicDetails" time="158.601" classname="com.CIDCO_June23.tc.TC002_CIDCOBasicDetails"/>
  <testcase name="basicDetails" time="158.504" classname="com.CIDCO_June23.tc.TC002_CIDCOBasicDetails"/>
  <testcase name="basicDetails" time="158.347" classname="com.CIDCO_June23.tc.TC002_CIDCOBasicDetails"/>
  <testcase name="basicDetails" time="169.117" classname="com.CIDCO_June23.tc.TC002_CIDCOBasicDetails"/>
  <testcase name="basicDetails" time="169.159" classname="com.CIDCO_June23.tc.TC002_CIDCOBasicDetails"/>
  <testcase name="basicDetails" time="169.284" classname="com.CIDCO_June23.tc.TC002_CIDCOBasicDetails"/>
  <testcase name="basicDetails" time="169.480" classname="com.CIDCO_June23.tc.TC002_CIDCOBasicDetails"/>
  <testcase name="basicDetails" time="158.367" classname="com.CIDCO_June23.tc.TC002_CIDCOBasicDetails"/>
  <testcase name="basicDetails" time="158.341" classname="com.CIDCO_June23.tc.TC002_CIDCOBasicDetails"/>
  <testcase name="basicDetails" time="169.427" classname="com.CIDCO_June23.tc.TC002_CIDCOBasicDetails"/>
  <testcase name="basicDetails" time="157.696" classname="com.CIDCO_June23.tc.TC002_CIDCOBasicDetails"/>
  <testcase name="basicDetails" time="158.418" classname="com.CIDCO_June23.tc.TC002_CIDCOBasicDetails"/>
  <testcase name="basicDetails" time="158.271" classname="com.CIDCO_June23.tc.TC002_CIDCOBasicDetails"/>
  <testcase name="basicDetails" time="169.384" classname="com.CIDCO_June23.tc.TC002_CIDCOBasicDetails"/>
  <testcase name="basicDetails" time="158.591" classname="com.CIDCO_June23.tc.TC002_CIDCOBasicDetails"/>
  <testcase name="basicDetails" time="158.452" classname="com.CIDCO_June23.tc.TC002_CIDCOBasicDetails"/>
  <testcase name="basicDetails" time="169.740" classname="com.CIDCO_June23.tc.TC002_CIDCOBasicDetails"/>
  <testcase name="basicDetails" time="169.360" classname="com.CIDCO_June23.tc.TC002_CIDCOBasicDetails"/>
  <testcase name="basicDetails" time="169.598" classname="com.CIDCO_June23.tc.TC002_CIDCOBasicDetails"/>
  <testcase name="basicDetails" time="158.617" classname="com.CIDCO_June23.tc.TC002_CIDCOBasicDetails"/>
  <testcase name="basicDetails" time="158.486" classname="com.CIDCO_June23.tc.TC002_CIDCOBasicDetails"/>
  <testcase name="basicDetails" time="158.143" classname="com.CIDCO_June23.tc.TC002_CIDCOBasicDetails"/>
  <testcase name="basicDetails" time="158.272" classname="com.CIDCO_June23.tc.TC002_CIDCOBasicDetails"/>
  <testcase name="basicDetails" time="157.879" classname="com.CIDCO_June23.tc.TC002_CIDCOBasicDetails"/>
  <testcase name="basicDetails" time="158.426" classname="com.CIDCO_June23.tc.TC002_CIDCOBasicDetails"/>
  <testcase name="basicDetails" time="169.397" classname="com.CIDCO_June23.tc.TC002_CIDCOBasicDetails"/>
  <testcase name="basicDetails" time="169.597" classname="com.CIDCO_June23.tc.TC002_CIDCOBasicDetails"/>
  <testcase name="basicDetails" time="169.479" classname="com.CIDCO_June23.tc.TC002_CIDCOBasicDetails"/>
  <testcase name="basicDetails" time="158.212" classname="com.CIDCO_June23.tc.TC002_CIDCOBasicDetails"/>
  <testcase name="basicDetails" time="169.654" classname="com.CIDCO_June23.tc.TC002_CIDCOBasicDetails"/>
  <testcase name="basicDetails" time="169.439" classname="com.CIDCO_June23.tc.TC002_CIDCOBasicDetails"/>
  <testcase name="basicDetails" time="169.475" classname="com.CIDCO_June23.tc.TC002_CIDCOBasicDetails"/>
  <testcase name="basicDetails" time="169.520" classname="com.CIDCO_June23.tc.TC002_CIDCOBasicDetails"/>
  <testcase name="basicDetails" time="158.092" classname="com.CIDCO_June23.tc.TC002_CIDCOBasicDetails"/>
  <testcase name="basicDetails" time="169.317" classname="com.CIDCO_June23.tc.TC002_CIDCOBasicDetails"/>
  <testcase name="basicDetails" time="158.018" classname="com.CIDCO_June23.tc.TC002_CIDCOBasicDetails"/>
  <testcase name="basicDetails" time="158.294" classname="com.CIDCO_June23.tc.TC002_CIDCOBasicDetails"/>
  <testcase name="basicDetails" time="173.448" classname="com.CIDCO_June23.tc.TC002_CIDCOBasicDetails"/>
  <testcase name="basicDetails" time="169.348" classname="com.CIDCO_June23.tc.TC002_CIDCOBasicDetails"/>
  <testcase name="basicDetails" time="158.149" classname="com.CIDCO_June23.tc.TC002_CIDCOBasicDetails"/>
  <testcase name="basicDetails" time="169.450" classname="com.CIDCO_June23.tc.TC002_CIDCOBasicDetails"/>
  <testcase name="basicDetails" time="169.429" classname="com.CIDCO_June23.tc.TC002_CIDCOBasicDetails"/>
  <testcase name="basicDetails" time="158.336" classname="com.CIDCO_June23.tc.TC002_CIDCOBasicDetails"/>
  <testcase name="basicDetails" time="169.119" classname="com.CIDCO_June23.tc.TC002_CIDCOBasicDetails"/>
  <testcase name="basicDetails" time="158.472" classname="com.CIDCO_June23.tc.TC002_CIDCOBasicDetails"/>
  <testcase name="basicDetails" time="169.390" classname="com.CIDCO_June23.tc.TC002_CIDCOBasicDetails"/>
  <testcase name="basicDetails" time="169.641" classname="com.CIDCO_June23.tc.TC002_CIDCOBasicDetails"/>
  <testcase name="basicDetails" time="169.502" classname="com.CIDCO_June23.tc.TC002_CIDCOBasicDetails"/>
  <testcase name="basicDetails" time="169.381" classname="com.CIDCO_June23.tc.TC002_CIDCOBasicDetails"/>
  <testcase name="basicDetails" time="158.441" classname="com.CIDCO_June23.tc.TC002_CIDCOBasicDetails"/>
  <testcase name="basicDetails" time="169.351" classname="com.CIDCO_June23.tc.TC002_CIDCOBasicDetails"/>
  <testcase name="basicDetails" time="169.520" classname="com.CIDCO_June23.tc.TC002_CIDCOBasicDetails"/>
  <testcase name="basicDetails" time="169.467" classname="com.CIDCO_June23.tc.TC002_CIDCOBasicDetails"/>
  <testcase name="basicDetails" time="169.650" classname="com.CIDCO_June23.tc.TC002_CIDCOBasicDetails"/>
  <testcase name="basicDetails" time="169.454" classname="com.CIDCO_June23.tc.TC002_CIDCOBasicDetails"/>
  <testcase name="basicDetails" time="158.150" classname="com.CIDCO_June23.tc.TC002_CIDCOBasicDetails"/>
  <testcase name="basicDetails" time="158.019" classname="com.CIDCO_June23.tc.TC002_CIDCOBasicDetails"/>
  <testcase name="basicDetails" time="158.090" classname="com.CIDCO_June23.tc.TC002_CIDCOBasicDetails"/>
  <testcase name="basicDetails" time="169.010" classname="com.CIDCO_June23.tc.TC002_CIDCOBasicDetails"/>
  <testcase name="basicDetails" time="169.399" classname="com.CIDCO_June23.tc.TC002_CIDCOBasicDetails"/>
  <testcase name="basicDetails" time="158.028" classname="com.CIDCO_June23.tc.TC002_CIDCOBasicDetails"/>
  <testcase name="basicDetails" time="158.037" classname="com.CIDCO_June23.tc.TC002_CIDCOBasicDetails"/>
  <testcase name="basicDetails" time="158.359" classname="com.CIDCO_June23.tc.TC002_CIDCOBasicDetails"/>
  <testcase name="basicDetails" time="158.390" classname="com.CIDCO_June23.tc.TC002_CIDCOBasicDetails"/>
  <testcase name="basicDetails" time="158.385" classname="com.CIDCO_June23.tc.TC002_CIDCOBasicDetails"/>
  <testcase name="basicDetails" time="157.996" classname="com.CIDCO_June23.tc.TC002_CIDCOBasicDetails"/>
  <testcase name="basicDetails" time="158.511" classname="com.CIDCO_June23.tc.TC002_CIDCOBasicDetails"/>
  <testcase name="basicDetails" time="169.603" classname="com.CIDCO_June23.tc.TC002_CIDCOBasicDetails"/>
  <testcase name="basicDetails" time="169.033" classname="com.CIDCO_June23.tc.TC002_CIDCOBasicDetails"/>
  <testcase name="basicDetails" time="169.551" classname="com.CIDCO_June23.tc.TC002_CIDCOBasicDetails"/>
  <testcase name="basicDetails" time="169.376" classname="com.CIDCO_June23.tc.TC002_CIDCOBasicDetails"/>
  <testcase name="basicDetails" time="158.305" classname="com.CIDCO_June23.tc.TC002_CIDCOBasicDetails"/>
  <testcase name="basicDetails" time="158.164" classname="com.CIDCO_June23.tc.TC002_CIDCOBasicDetails"/>
  <testcase name="basicDetails" time="158.115" classname="com.CIDCO_June23.tc.TC002_CIDCOBasicDetails"/>
  <testcase name="basicDetails" time="157.992" classname="com.CIDCO_June23.tc.TC002_CIDCOBasicDetails"/>
  <testcase name="basicDetails" time="169.879" classname="com.CIDCO_June23.tc.TC002_CIDCOBasicDetails"/>
  <testcase name="basicDetails" time="158.106" classname="com.CIDCO_June23.tc.TC002_CIDCOBasicDetails"/>
  <testcase name="basicDetails" time="158.185" classname="com.CIDCO_June23.tc.TC002_CIDCOBasicDetails"/>
</testsuite> <!-- com.CIDCO_June23.tc.TC002_CIDCOBasicDetails -->
