<?xml version="1.0" encoding="UTF-8"?>
<!-- Generated by org.testng.reporters.JUnitReportReporter -->
<testsuite skipped="0" hostname="MAA014482B" name="com.IGM_Kolkata_May23.tc.TC005_IGMBasicDetails" tests="4" failures="0" timestamp="2023-06-07T15:27:25 IST" time="652.703" errors="0">
  <testcase name="basicDetails" time="161.757" classname="com.IGM_Kolkata_May23.tc.TC005_IGMBasicDetails"/>
  <testcase name="basicDetails" time="166.324" classname="com.IGM_Kolkata_May23.tc.TC005_IGMBasicDetails"/>
  <testcase name="basicDetails" time="162.134" classname="com.IGM_Kolkata_May23.tc.TC005_IGMBasicDetails"/>
  <testcase name="basicDetails" time="162.488" classname="com.IGM_Kolkata_May23.tc.TC005_IGMBasicDetails"/>
</testsuite> <!-- com.IGM_Kolkata_May23.tc.TC005_IGMBasicDetails -->
