<?xml version="1.0" encoding="UTF-8"?>
<!-- Generated by org.testng.reporters.JUnitReportReporter -->
<testsuite skipped="0" hostname="MAA014482B" name="com.SBI_14Nov22.tc.TC005_SBIBasicDetails" tests="20" failures="0" timestamp="2022-11-14T13:44:47 IST" time="3210.932" errors="0">
  <testcase name="basicDetails" time="160.253" classname="com.SBI_14Nov22.tc.TC005_SBIBasicDetails"/>
  <testcase name="basicDetails" time="158.718" classname="com.SBI_14Nov22.tc.TC005_SBIBasicDetails"/>
  <testcase name="basicDetails" time="159.931" classname="com.SBI_14Nov22.tc.TC005_SBIBasicDetails"/>
  <testcase name="basicDetails" time="159.625" classname="com.SBI_14Nov22.tc.TC005_SBIBasicDetails"/>
  <testcase name="basicDetails" time="159.470" classname="com.SBI_14Nov22.tc.TC005_SBIBasicDetails"/>
  <testcase name="basicDetails" time="160.139" classname="com.SBI_14Nov22.tc.TC005_SBIBasicDetails"/>
  <testcase name="basicDetails" time="159.757" classname="com.SBI_14Nov22.tc.TC005_SBIBasicDetails"/>
  <testcase name="basicDetails" time="161.401" classname="com.SBI_14Nov22.tc.TC005_SBIBasicDetails"/>
  <testcase name="basicDetails" time="159.096" classname="com.SBI_14Nov22.tc.TC005_SBIBasicDetails"/>
  <testcase name="basicDetails" time="160.696" classname="com.SBI_14Nov22.tc.TC005_SBIBasicDetails"/>
  <testcase name="basicDetails" time="159.947" classname="com.SBI_14Nov22.tc.TC005_SBIBasicDetails"/>
  <testcase name="basicDetails" time="160.067" classname="com.SBI_14Nov22.tc.TC005_SBIBasicDetails"/>
  <testcase name="basicDetails" time="160.523" classname="com.SBI_14Nov22.tc.TC005_SBIBasicDetails"/>
  <testcase name="basicDetails" time="161.166" classname="com.SBI_14Nov22.tc.TC005_SBIBasicDetails"/>
  <testcase name="basicDetails" time="161.210" classname="com.SBI_14Nov22.tc.TC005_SBIBasicDetails"/>
  <testcase name="basicDetails" time="160.105" classname="com.SBI_14Nov22.tc.TC005_SBIBasicDetails"/>
  <testcase name="basicDetails" time="160.315" classname="com.SBI_14Nov22.tc.TC005_SBIBasicDetails"/>
  <testcase name="basicDetails" time="161.490" classname="com.SBI_14Nov22.tc.TC005_SBIBasicDetails"/>
  <testcase name="basicDetails" time="166.726" classname="com.SBI_14Nov22.tc.TC005_SBIBasicDetails"/>
  <testcase name="basicDetails" time="160.297" classname="com.SBI_14Nov22.tc.TC005_SBIBasicDetails"/>
</testsuite> <!-- com.SBI_14Nov22.tc.TC005_SBIBasicDetails -->
