<?xml version="1.0" encoding="UTF-8"?>
<!-- Generated by org.testng.reporters.JUnitReportReporter -->
<testsuite skipped="0" hostname="MAA014482B" name="com.NSFDC.tc.TC002_NSFDCBasicDetails" tests="18" failures="0" timestamp="2022-06-28T23:27:38 IST" time="2530.183" errors="0">
  <testcase name="basicDetails" time="147.271" classname="com.NSFDC.tc.TC002_NSFDCBasicDetails"/>
  <testcase name="basicDetails" time="148.097" classname="com.NSFDC.tc.TC002_NSFDCBasicDetails"/>
  <testcase name="basicDetails" time="147.491" classname="com.NSFDC.tc.TC002_NSFDCBasicDetails"/>
  <testcase name="basicDetails" time="123.350" classname="com.NSFDC.tc.TC002_NSFDCBasicDetails"/>
  <testcase name="basicDetails" time="149.717" classname="com.NSFDC.tc.TC002_NSFDCBasicDetails"/>
  <testcase name="basicDetails" time="120.492" classname="com.NSFDC.tc.TC002_NSFDCBasicDetails"/>
  <testcase name="basicDetails" time="147.403" classname="com.NSFDC.tc.TC002_NSFDCBasicDetails"/>
  <testcase name="basicDetails" time="147.464" classname="com.NSFDC.tc.TC002_NSFDCBasicDetails"/>
  <testcase name="basicDetails" time="119.355" classname="com.NSFDC.tc.TC002_NSFDCBasicDetails"/>
  <testcase name="basicDetails" time="148.690" classname="com.NSFDC.tc.TC002_NSFDCBasicDetails"/>
  <testcase name="basicDetails" time="147.421" classname="com.NSFDC.tc.TC002_NSFDCBasicDetails"/>
  <testcase name="basicDetails" time="119.554" classname="com.NSFDC.tc.TC002_NSFDCBasicDetails"/>
  <testcase name="basicDetails" time="148.553" classname="com.NSFDC.tc.TC002_NSFDCBasicDetails"/>
  <testcase name="basicDetails" time="122.958" classname="com.NSFDC.tc.TC002_NSFDCBasicDetails"/>
  <testcase name="basicDetails" time="148.673" classname="com.NSFDC.tc.TC002_NSFDCBasicDetails"/>
  <testcase name="basicDetails" time="148.439" classname="com.NSFDC.tc.TC002_NSFDCBasicDetails"/>
  <testcase name="basicDetails" time="147.507" classname="com.NSFDC.tc.TC002_NSFDCBasicDetails"/>
  <testcase name="basicDetails" time="147.748" classname="com.NSFDC.tc.TC002_NSFDCBasicDetails"/>
</testsuite> <!-- com.NSFDC.tc.TC002_NSFDCBasicDetails -->
