<?xml version="1.0" encoding="UTF-8"?>
<!-- Generated by org.testng.reporters.JUnitReportReporter -->
<testsuite skipped="0" hostname="MAA014482B" name="com.DES_April23.tc.TC004_DESBasicDetails" tests="180" failures="0" timestamp="2023-04-26T07:38:00 IST" time="29154.568" errors="0">
  <testcase name="basicDetails" time="163.591" classname="com.DES_April23.tc.TC004_DESBasicDetails"/>
  <testcase name="basicDetails" time="160.985" classname="com.DES_April23.tc.TC004_DESBasicDetails"/>
  <testcase name="basicDetails" time="161.210" classname="com.DES_April23.tc.TC004_DESBasicDetails"/>
  <testcase name="basicDetails" time="161.050" classname="com.DES_April23.tc.TC004_DESBasicDetails"/>
  <testcase name="basicDetails" time="161.810" classname="com.DES_April23.tc.TC004_DESBasicDetails"/>
  <testcase name="basicDetails" time="161.013" classname="com.DES_April23.tc.TC004_DESBasicDetails"/>
  <testcase name="basicDetails" time="161.392" classname="com.DES_April23.tc.TC004_DESBasicDetails"/>
  <testcase name="basicDetails" time="161.223" classname="com.DES_April23.tc.TC004_DESBasicDetails"/>
  <testcase name="basicDetails" time="161.130" classname="com.DES_April23.tc.TC004_DESBasicDetails"/>
  <testcase name="basicDetails" time="160.999" classname="com.DES_April23.tc.TC004_DESBasicDetails"/>
  <testcase name="basicDetails" time="160.937" classname="com.DES_April23.tc.TC004_DESBasicDetails"/>
  <testcase name="basicDetails" time="161.096" classname="com.DES_April23.tc.TC004_DESBasicDetails"/>
  <testcase name="basicDetails" time="160.950" classname="com.DES_April23.tc.TC004_DESBasicDetails"/>
  <testcase name="basicDetails" time="161.293" classname="com.DES_April23.tc.TC004_DESBasicDetails"/>
  <testcase name="basicDetails" time="161.336" classname="com.DES_April23.tc.TC004_DESBasicDetails"/>
  <testcase name="basicDetails" time="160.823" classname="com.DES_April23.tc.TC004_DESBasicDetails"/>
  <testcase name="basicDetails" time="165.022" classname="com.DES_April23.tc.TC004_DESBasicDetails"/>
  <testcase name="basicDetails" time="161.169" classname="com.DES_April23.tc.TC004_DESBasicDetails"/>
  <testcase name="basicDetails" time="164.044" classname="com.DES_April23.tc.TC004_DESBasicDetails"/>
  <testcase name="basicDetails" time="161.047" classname="com.DES_April23.tc.TC004_DESBasicDetails"/>
  <testcase name="basicDetails" time="161.176" classname="com.DES_April23.tc.TC004_DESBasicDetails"/>
  <testcase name="basicDetails" time="160.981" classname="com.DES_April23.tc.TC004_DESBasicDetails"/>
  <testcase name="basicDetails" time="160.970" classname="com.DES_April23.tc.TC004_DESBasicDetails"/>
  <testcase name="basicDetails" time="161.210" classname="com.DES_April23.tc.TC004_DESBasicDetails"/>
  <testcase name="basicDetails" time="161.209" classname="com.DES_April23.tc.TC004_DESBasicDetails"/>
  <testcase name="basicDetails" time="161.150" classname="com.DES_April23.tc.TC004_DESBasicDetails"/>
  <testcase name="basicDetails" time="161.184" classname="com.DES_April23.tc.TC004_DESBasicDetails"/>
  <testcase name="basicDetails" time="160.982" classname="com.DES_April23.tc.TC004_DESBasicDetails"/>
  <testcase name="basicDetails" time="160.862" classname="com.DES_April23.tc.TC004_DESBasicDetails"/>
  <testcase name="basicDetails" time="160.923" classname="com.DES_April23.tc.TC004_DESBasicDetails"/>
  <testcase name="basicDetails" time="161.177" classname="com.DES_April23.tc.TC004_DESBasicDetails"/>
  <testcase name="basicDetails" time="161.560" classname="com.DES_April23.tc.TC004_DESBasicDetails"/>
  <testcase name="basicDetails" time="161.065" classname="com.DES_April23.tc.TC004_DESBasicDetails"/>
  <testcase name="basicDetails" time="161.182" classname="com.DES_April23.tc.TC004_DESBasicDetails"/>
  <testcase name="basicDetails" time="161.078" classname="com.DES_April23.tc.TC004_DESBasicDetails"/>
  <testcase name="basicDetails" time="161.246" classname="com.DES_April23.tc.TC004_DESBasicDetails"/>
  <testcase name="basicDetails" time="161.190" classname="com.DES_April23.tc.TC004_DESBasicDetails"/>
  <testcase name="basicDetails" time="164.432" classname="com.DES_April23.tc.TC004_DESBasicDetails"/>
  <testcase name="basicDetails" time="160.945" classname="com.DES_April23.tc.TC004_DESBasicDetails"/>
  <testcase name="basicDetails" time="161.341" classname="com.DES_April23.tc.TC004_DESBasicDetails"/>
  <testcase name="basicDetails" time="160.970" classname="com.DES_April23.tc.TC004_DESBasicDetails"/>
  <testcase name="basicDetails" time="161.000" classname="com.DES_April23.tc.TC004_DESBasicDetails"/>
  <testcase name="basicDetails" time="161.149" classname="com.DES_April23.tc.TC004_DESBasicDetails"/>
  <testcase name="basicDetails" time="161.275" classname="com.DES_April23.tc.TC004_DESBasicDetails"/>
  <testcase name="basicDetails" time="161.068" classname="com.DES_April23.tc.TC004_DESBasicDetails"/>
  <testcase name="basicDetails" time="161.276" classname="com.DES_April23.tc.TC004_DESBasicDetails"/>
  <testcase name="basicDetails" time="161.403" classname="com.DES_April23.tc.TC004_DESBasicDetails"/>
  <testcase name="basicDetails" time="161.634" classname="com.DES_April23.tc.TC004_DESBasicDetails"/>
  <testcase name="basicDetails" time="161.197" classname="com.DES_April23.tc.TC004_DESBasicDetails"/>
  <testcase name="basicDetails" time="161.108" classname="com.DES_April23.tc.TC004_DESBasicDetails"/>
  <testcase name="basicDetails" time="161.078" classname="com.DES_April23.tc.TC004_DESBasicDetails"/>
  <testcase name="basicDetails" time="161.761" classname="com.DES_April23.tc.TC004_DESBasicDetails"/>
  <testcase name="basicDetails" time="164.277" classname="com.DES_April23.tc.TC004_DESBasicDetails"/>
  <testcase name="basicDetails" time="160.819" classname="com.DES_April23.tc.TC004_DESBasicDetails"/>
  <testcase name="basicDetails" time="161.278" classname="com.DES_April23.tc.TC004_DESBasicDetails"/>
  <testcase name="basicDetails" time="161.072" classname="com.DES_April23.tc.TC004_DESBasicDetails"/>
  <testcase name="basicDetails" time="161.293" classname="com.DES_April23.tc.TC004_DESBasicDetails"/>
  <testcase name="basicDetails" time="161.218" classname="com.DES_April23.tc.TC004_DESBasicDetails"/>
  <testcase name="basicDetails" time="161.094" classname="com.DES_April23.tc.TC004_DESBasicDetails"/>
  <testcase name="basicDetails" time="161.514" classname="com.DES_April23.tc.TC004_DESBasicDetails"/>
  <testcase name="basicDetails" time="161.135" classname="com.DES_April23.tc.TC004_DESBasicDetails"/>
  <testcase name="basicDetails" time="161.051" classname="com.DES_April23.tc.TC004_DESBasicDetails"/>
  <testcase name="basicDetails" time="161.145" classname="com.DES_April23.tc.TC004_DESBasicDetails"/>
  <testcase name="basicDetails" time="164.315" classname="com.DES_April23.tc.TC004_DESBasicDetails"/>
  <testcase name="basicDetails" time="160.996" classname="com.DES_April23.tc.TC004_DESBasicDetails"/>
  <testcase name="basicDetails" time="161.418" classname="com.DES_April23.tc.TC004_DESBasicDetails"/>
  <testcase name="basicDetails" time="160.927" classname="com.DES_April23.tc.TC004_DESBasicDetails"/>
  <testcase name="basicDetails" time="161.477" classname="com.DES_April23.tc.TC004_DESBasicDetails"/>
  <testcase name="basicDetails" time="161.343" classname="com.DES_April23.tc.TC004_DESBasicDetails"/>
  <testcase name="basicDetails" time="161.141" classname="com.DES_April23.tc.TC004_DESBasicDetails"/>
  <testcase name="basicDetails" time="161.268" classname="com.DES_April23.tc.TC004_DESBasicDetails"/>
  <testcase name="basicDetails" time="161.165" classname="com.DES_April23.tc.TC004_DESBasicDetails"/>
  <testcase name="basicDetails" time="166.599" classname="com.DES_April23.tc.TC004_DESBasicDetails"/>
  <testcase name="basicDetails" time="164.068" classname="com.DES_April23.tc.TC004_DESBasicDetails"/>
  <testcase name="basicDetails" time="161.838" classname="com.DES_April23.tc.TC004_DESBasicDetails"/>
  <testcase name="basicDetails" time="161.500" classname="com.DES_April23.tc.TC004_DESBasicDetails"/>
  <testcase name="basicDetails" time="160.877" classname="com.DES_April23.tc.TC004_DESBasicDetails"/>
  <testcase name="basicDetails" time="161.175" classname="com.DES_April23.tc.TC004_DESBasicDetails"/>
  <testcase name="basicDetails" time="161.296" classname="com.DES_April23.tc.TC004_DESBasicDetails"/>
  <testcase name="basicDetails" time="160.869" classname="com.DES_April23.tc.TC004_DESBasicDetails"/>
  <testcase name="basicDetails" time="161.251" classname="com.DES_April23.tc.TC004_DESBasicDetails"/>
  <testcase name="basicDetails" time="161.104" classname="com.DES_April23.tc.TC004_DESBasicDetails"/>
  <testcase name="basicDetails" time="164.622" classname="com.DES_April23.tc.TC004_DESBasicDetails"/>
  <testcase name="basicDetails" time="161.345" classname="com.DES_April23.tc.TC004_DESBasicDetails"/>
  <testcase name="basicDetails" time="161.519" classname="com.DES_April23.tc.TC004_DESBasicDetails"/>
  <testcase name="basicDetails" time="161.190" classname="com.DES_April23.tc.TC004_DESBasicDetails"/>
  <testcase name="basicDetails" time="161.348" classname="com.DES_April23.tc.TC004_DESBasicDetails"/>
  <testcase name="basicDetails" time="160.706" classname="com.DES_April23.tc.TC004_DESBasicDetails"/>
  <testcase name="basicDetails" time="164.550" classname="com.DES_April23.tc.TC004_DESBasicDetails"/>
  <testcase name="basicDetails" time="161.608" classname="com.DES_April23.tc.TC004_DESBasicDetails"/>
  <testcase name="basicDetails" time="160.961" classname="com.DES_April23.tc.TC004_DESBasicDetails"/>
  <testcase name="basicDetails" time="163.922" classname="com.DES_April23.tc.TC004_DESBasicDetails"/>
  <testcase name="basicDetails" time="164.552" classname="com.DES_April23.tc.TC004_DESBasicDetails"/>
  <testcase name="basicDetails" time="173.327" classname="com.DES_April23.tc.TC004_DESBasicDetails"/>
  <testcase name="basicDetails" time="161.135" classname="com.DES_April23.tc.TC004_DESBasicDetails"/>
  <testcase name="basicDetails" time="160.866" classname="com.DES_April23.tc.TC004_DESBasicDetails"/>
  <testcase name="basicDetails" time="164.550" classname="com.DES_April23.tc.TC004_DESBasicDetails"/>
  <testcase name="basicDetails" time="160.931" classname="com.DES_April23.tc.TC004_DESBasicDetails"/>
  <testcase name="basicDetails" time="161.187" classname="com.DES_April23.tc.TC004_DESBasicDetails"/>
  <testcase name="basicDetails" time="163.935" classname="com.DES_April23.tc.TC004_DESBasicDetails"/>
  <testcase name="basicDetails" time="161.188" classname="com.DES_April23.tc.TC004_DESBasicDetails"/>
  <testcase name="basicDetails" time="161.385" classname="com.DES_April23.tc.TC004_DESBasicDetails"/>
  <testcase name="basicDetails" time="161.330" classname="com.DES_April23.tc.TC004_DESBasicDetails"/>
  <testcase name="basicDetails" time="164.459" classname="com.DES_April23.tc.TC004_DESBasicDetails"/>
  <testcase name="basicDetails" time="161.353" classname="com.DES_April23.tc.TC004_DESBasicDetails"/>
  <testcase name="basicDetails" time="164.839" classname="com.DES_April23.tc.TC004_DESBasicDetails"/>
  <testcase name="basicDetails" time="161.256" classname="com.DES_April23.tc.TC004_DESBasicDetails"/>
  <testcase name="basicDetails" time="164.955" classname="com.DES_April23.tc.TC004_DESBasicDetails"/>
  <testcase name="basicDetails" time="164.632" classname="com.DES_April23.tc.TC004_DESBasicDetails"/>
  <testcase name="basicDetails" time="164.681" classname="com.DES_April23.tc.TC004_DESBasicDetails"/>
  <testcase name="basicDetails" time="160.853" classname="com.DES_April23.tc.TC004_DESBasicDetails"/>
  <testcase name="basicDetails" time="161.105" classname="com.DES_April23.tc.TC004_DESBasicDetails"/>
  <testcase name="basicDetails" time="161.523" classname="com.DES_April23.tc.TC004_DESBasicDetails"/>
  <testcase name="basicDetails" time="161.273" classname="com.DES_April23.tc.TC004_DESBasicDetails"/>
  <testcase name="basicDetails" time="161.513" classname="com.DES_April23.tc.TC004_DESBasicDetails"/>
  <testcase name="basicDetails" time="160.953" classname="com.DES_April23.tc.TC004_DESBasicDetails"/>
  <testcase name="basicDetails" time="161.446" classname="com.DES_April23.tc.TC004_DESBasicDetails"/>
  <testcase name="basicDetails" time="161.065" classname="com.DES_April23.tc.TC004_DESBasicDetails"/>
  <testcase name="basicDetails" time="161.248" classname="com.DES_April23.tc.TC004_DESBasicDetails"/>
  <testcase name="basicDetails" time="161.218" classname="com.DES_April23.tc.TC004_DESBasicDetails"/>
  <testcase name="basicDetails" time="161.434" classname="com.DES_April23.tc.TC004_DESBasicDetails"/>
  <testcase name="basicDetails" time="161.057" classname="com.DES_April23.tc.TC004_DESBasicDetails"/>
  <testcase name="basicDetails" time="161.775" classname="com.DES_April23.tc.TC004_DESBasicDetails"/>
  <testcase name="basicDetails" time="161.059" classname="com.DES_April23.tc.TC004_DESBasicDetails"/>
  <testcase name="basicDetails" time="160.961" classname="com.DES_April23.tc.TC004_DESBasicDetails"/>
  <testcase name="basicDetails" time="160.949" classname="com.DES_April23.tc.TC004_DESBasicDetails"/>
  <testcase name="basicDetails" time="161.281" classname="com.DES_April23.tc.TC004_DESBasicDetails"/>
  <testcase name="basicDetails" time="164.446" classname="com.DES_April23.tc.TC004_DESBasicDetails"/>
  <testcase name="basicDetails" time="161.886" classname="com.DES_April23.tc.TC004_DESBasicDetails"/>
  <testcase name="basicDetails" time="160.927" classname="com.DES_April23.tc.TC004_DESBasicDetails"/>
  <testcase name="basicDetails" time="161.324" classname="com.DES_April23.tc.TC004_DESBasicDetails"/>
  <testcase name="basicDetails" time="161.700" classname="com.DES_April23.tc.TC004_DESBasicDetails"/>
  <testcase name="basicDetails" time="161.669" classname="com.DES_April23.tc.TC004_DESBasicDetails"/>
  <testcase name="basicDetails" time="160.610" classname="com.DES_April23.tc.TC004_DESBasicDetails"/>
  <testcase name="basicDetails" time="161.161" classname="com.DES_April23.tc.TC004_DESBasicDetails"/>
  <testcase name="basicDetails" time="161.053" classname="com.DES_April23.tc.TC004_DESBasicDetails"/>
  <testcase name="basicDetails" time="160.905" classname="com.DES_April23.tc.TC004_DESBasicDetails"/>
  <testcase name="basicDetails" time="161.266" classname="com.DES_April23.tc.TC004_DESBasicDetails"/>
  <testcase name="basicDetails" time="161.368" classname="com.DES_April23.tc.TC004_DESBasicDetails"/>
  <testcase name="basicDetails" time="160.932" classname="com.DES_April23.tc.TC004_DESBasicDetails"/>
  <testcase name="basicDetails" time="161.063" classname="com.DES_April23.tc.TC004_DESBasicDetails"/>
  <testcase name="basicDetails" time="161.134" classname="com.DES_April23.tc.TC004_DESBasicDetails"/>
  <testcase name="basicDetails" time="161.017" classname="com.DES_April23.tc.TC004_DESBasicDetails"/>
  <testcase name="basicDetails" time="161.105" classname="com.DES_April23.tc.TC004_DESBasicDetails"/>
  <testcase name="basicDetails" time="161.738" classname="com.DES_April23.tc.TC004_DESBasicDetails"/>
  <testcase name="basicDetails" time="161.165" classname="com.DES_April23.tc.TC004_DESBasicDetails"/>
  <testcase name="basicDetails" time="161.046" classname="com.DES_April23.tc.TC004_DESBasicDetails"/>
  <testcase name="basicDetails" time="160.983" classname="com.DES_April23.tc.TC004_DESBasicDetails"/>
  <testcase name="basicDetails" time="164.156" classname="com.DES_April23.tc.TC004_DESBasicDetails"/>
  <testcase name="basicDetails" time="164.719" classname="com.DES_April23.tc.TC004_DESBasicDetails"/>
  <testcase name="basicDetails" time="161.337" classname="com.DES_April23.tc.TC004_DESBasicDetails"/>
  <testcase name="basicDetails" time="161.204" classname="com.DES_April23.tc.TC004_DESBasicDetails"/>
  <testcase name="basicDetails" time="161.508" classname="com.DES_April23.tc.TC004_DESBasicDetails"/>
  <testcase name="basicDetails" time="161.190" classname="com.DES_April23.tc.TC004_DESBasicDetails"/>
  <testcase name="basicDetails" time="161.050" classname="com.DES_April23.tc.TC004_DESBasicDetails"/>
  <testcase name="basicDetails" time="161.399" classname="com.DES_April23.tc.TC004_DESBasicDetails"/>
  <testcase name="basicDetails" time="161.350" classname="com.DES_April23.tc.TC004_DESBasicDetails"/>
  <testcase name="basicDetails" time="161.184" classname="com.DES_April23.tc.TC004_DESBasicDetails"/>
  <testcase name="basicDetails" time="161.091" classname="com.DES_April23.tc.TC004_DESBasicDetails"/>
  <testcase name="basicDetails" time="161.161" classname="com.DES_April23.tc.TC004_DESBasicDetails"/>
  <testcase name="basicDetails" time="161.164" classname="com.DES_April23.tc.TC004_DESBasicDetails"/>
  <testcase name="basicDetails" time="173.095" classname="com.DES_April23.tc.TC004_DESBasicDetails"/>
  <testcase name="basicDetails" time="161.480" classname="com.DES_April23.tc.TC004_DESBasicDetails"/>
  <testcase name="basicDetails" time="161.431" classname="com.DES_April23.tc.TC004_DESBasicDetails"/>
  <testcase name="basicDetails" time="161.594" classname="com.DES_April23.tc.TC004_DESBasicDetails"/>
  <testcase name="basicDetails" time="161.217" classname="com.DES_April23.tc.TC004_DESBasicDetails"/>
  <testcase name="basicDetails" time="161.264" classname="com.DES_April23.tc.TC004_DESBasicDetails"/>
  <testcase name="basicDetails" time="173.234" classname="com.DES_April23.tc.TC004_DESBasicDetails"/>
  <testcase name="basicDetails" time="161.402" classname="com.DES_April23.tc.TC004_DESBasicDetails"/>
  <testcase name="basicDetails" time="161.498" classname="com.DES_April23.tc.TC004_DESBasicDetails"/>
  <testcase name="basicDetails" time="161.312" classname="com.DES_April23.tc.TC004_DESBasicDetails"/>
  <testcase name="basicDetails" time="167.869" classname="com.DES_April23.tc.TC004_DESBasicDetails"/>
  <testcase name="basicDetails" time="164.163" classname="com.DES_April23.tc.TC004_DESBasicDetails"/>
  <testcase name="basicDetails" time="161.401" classname="com.DES_April23.tc.TC004_DESBasicDetails"/>
  <testcase name="basicDetails" time="161.165" classname="com.DES_April23.tc.TC004_DESBasicDetails"/>
  <testcase name="basicDetails" time="164.601" classname="com.DES_April23.tc.TC004_DESBasicDetails"/>
  <testcase name="basicDetails" time="164.310" classname="com.DES_April23.tc.TC004_DESBasicDetails"/>
  <testcase name="basicDetails" time="161.234" classname="com.DES_April23.tc.TC004_DESBasicDetails"/>
  <testcase name="basicDetails" time="161.341" classname="com.DES_April23.tc.TC004_DESBasicDetails"/>
  <testcase name="basicDetails" time="173.484" classname="com.DES_April23.tc.TC004_DESBasicDetails"/>
</testsuite> <!-- com.DES_April23.tc.TC004_DESBasicDetails -->
