<?xml version="1.0" encoding="UTF-8"?>
<!-- Generated by org.testng.reporters.JUnitReportReporter -->
<testsuite skipped="0" hostname="MAA014482B" name="com.APSFC_March23.tc.TC005_APSFCBasicDetails" tests="36" failures="0" timestamp="2023-04-03T15:32:42 IST" time="5886.981" errors="0">
  <testcase name="basicDetails" time="162.575" classname="com.APSFC_March23.tc.TC005_APSFCBasicDetails"/>
  <testcase name="basicDetails" time="162.163" classname="com.APSFC_March23.tc.TC005_APSFCBasicDetails"/>
  <testcase name="basicDetails" time="163.365" classname="com.APSFC_March23.tc.TC005_APSFCBasicDetails"/>
  <testcase name="basicDetails" time="164.242" classname="com.APSFC_March23.tc.TC005_APSFCBasicDetails"/>
  <testcase name="basicDetails" time="163.653" classname="com.APSFC_March23.tc.TC005_APSFCBasicDetails"/>
  <testcase name="basicDetails" time="162.328" classname="com.APSFC_March23.tc.TC005_APSFCBasicDetails"/>
  <testcase name="basicDetails" time="161.744" classname="com.APSFC_March23.tc.TC005_APSFCBasicDetails"/>
  <testcase name="basicDetails" time="163.893" classname="com.APSFC_March23.tc.TC005_APSFCBasicDetails"/>
  <testcase name="basicDetails" time="164.446" classname="com.APSFC_March23.tc.TC005_APSFCBasicDetails"/>
  <testcase name="basicDetails" time="163.456" classname="com.APSFC_March23.tc.TC005_APSFCBasicDetails"/>
  <testcase name="basicDetails" time="163.711" classname="com.APSFC_March23.tc.TC005_APSFCBasicDetails"/>
  <testcase name="basicDetails" time="163.048" classname="com.APSFC_March23.tc.TC005_APSFCBasicDetails"/>
  <testcase name="basicDetails" time="163.151" classname="com.APSFC_March23.tc.TC005_APSFCBasicDetails"/>
  <testcase name="basicDetails" time="164.175" classname="com.APSFC_March23.tc.TC005_APSFCBasicDetails"/>
  <testcase name="basicDetails" time="163.253" classname="com.APSFC_March23.tc.TC005_APSFCBasicDetails"/>
  <testcase name="basicDetails" time="162.218" classname="com.APSFC_March23.tc.TC005_APSFCBasicDetails"/>
  <testcase name="basicDetails" time="164.224" classname="com.APSFC_March23.tc.TC005_APSFCBasicDetails"/>
  <testcase name="basicDetails" time="164.353" classname="com.APSFC_March23.tc.TC005_APSFCBasicDetails"/>
  <testcase name="basicDetails" time="163.782" classname="com.APSFC_March23.tc.TC005_APSFCBasicDetails"/>
  <testcase name="basicDetails" time="163.717" classname="com.APSFC_March23.tc.TC005_APSFCBasicDetails"/>
  <testcase name="basicDetails" time="163.248" classname="com.APSFC_March23.tc.TC005_APSFCBasicDetails"/>
  <testcase name="basicDetails" time="161.930" classname="com.APSFC_March23.tc.TC005_APSFCBasicDetails"/>
  <testcase name="basicDetails" time="161.691" classname="com.APSFC_March23.tc.TC005_APSFCBasicDetails"/>
  <testcase name="basicDetails" time="164.255" classname="com.APSFC_March23.tc.TC005_APSFCBasicDetails"/>
  <testcase name="basicDetails" time="165.316" classname="com.APSFC_March23.tc.TC005_APSFCBasicDetails"/>
  <testcase name="basicDetails" time="163.931" classname="com.APSFC_March23.tc.TC005_APSFCBasicDetails"/>
  <testcase name="basicDetails" time="164.130" classname="com.APSFC_March23.tc.TC005_APSFCBasicDetails"/>
  <testcase name="basicDetails" time="162.144" classname="com.APSFC_March23.tc.TC005_APSFCBasicDetails"/>
  <testcase name="basicDetails" time="164.233" classname="com.APSFC_March23.tc.TC005_APSFCBasicDetails"/>
  <testcase name="basicDetails" time="163.886" classname="com.APSFC_March23.tc.TC005_APSFCBasicDetails"/>
  <testcase name="basicDetails" time="168.126" classname="com.APSFC_March23.tc.TC005_APSFCBasicDetails"/>
  <testcase name="basicDetails" time="163.104" classname="com.APSFC_March23.tc.TC005_APSFCBasicDetails"/>
  <testcase name="basicDetails" time="163.321" classname="com.APSFC_March23.tc.TC005_APSFCBasicDetails"/>
  <testcase name="basicDetails" time="162.283" classname="com.APSFC_March23.tc.TC005_APSFCBasicDetails"/>
  <testcase name="basicDetails" time="164.059" classname="com.APSFC_March23.tc.TC005_APSFCBasicDetails"/>
  <testcase name="basicDetails" time="163.827" classname="com.APSFC_March23.tc.TC005_APSFCBasicDetails"/>
</testsuite> <!-- com.APSFC_March23.tc.TC005_APSFCBasicDetails -->
