<?xml version="1.0" encoding="UTF-8"?>
<!-- Generated by org.testng.reporters.JUnitReportReporter -->
<testsuite skipped="0" hostname="MAA014482B" name="com.MSTC_April23.tc.TC004_MSTCBasicDetails" tests="10" failures="0" timestamp="2023-05-18T14:25:28 IST" time="1556.426" errors="0">
  <testcase name="basicDetails" time="155.060" classname="com.MSTC_April23.tc.TC004_MSTCBasicDetails"/>
  <testcase name="basicDetails" time="155.584" classname="com.MSTC_April23.tc.TC004_MSTCBasicDetails"/>
  <testcase name="basicDetails" time="154.981" classname="com.MSTC_April23.tc.TC004_MSTCBasicDetails"/>
  <testcase name="basicDetails" time="155.227" classname="com.MSTC_April23.tc.TC004_MSTCBasicDetails"/>
  <testcase name="basicDetails" time="155.397" classname="com.MSTC_April23.tc.TC004_MSTCBasicDetails"/>
  <testcase name="basicDetails" time="155.640" classname="com.MSTC_April23.tc.TC004_MSTCBasicDetails"/>
  <testcase name="basicDetails" time="155.296" classname="com.MSTC_April23.tc.TC004_MSTCBasicDetails"/>
  <testcase name="basicDetails" time="155.193" classname="com.MSTC_April23.tc.TC004_MSTCBasicDetails"/>
  <testcase name="basicDetails" time="155.335" classname="com.MSTC_April23.tc.TC004_MSTCBasicDetails"/>
  <testcase name="basicDetails" time="158.713" classname="com.MSTC_April23.tc.TC004_MSTCBasicDetails"/>
</testsuite> <!-- com.MSTC_April23.tc.TC004_MSTCBasicDetails -->
