<?xml version="1.0" encoding="UTF-8"?>
<!-- Generated by org.testng.reporters.JUnitReportReporter -->
<testsuite skipped="0" hostname="MAA014482B" name="com.BIS.tc.TC005_BISBasicDetails" tests="22" failures="0" timestamp="2022-05-06T22:03:10 IST" time="2638.638" errors="0">
  <testcase name="basicDetails" time="120.609" classname="com.BIS.tc.TC005_BISBasicDetails"/>
  <testcase name="basicDetails" time="120.349" classname="com.BIS.tc.TC005_BISBasicDetails"/>
  <testcase name="basicDetails" time="120.577" classname="com.BIS.tc.TC005_BISBasicDetails"/>
  <testcase name="basicDetails" time="118.230" classname="com.BIS.tc.TC005_BISBasicDetails"/>
  <testcase name="basicDetails" time="120.698" classname="com.BIS.tc.TC005_BISBasicDetails"/>
  <testcase name="basicDetails" time="118.613" classname="com.BIS.tc.TC005_BISBasicDetails"/>
  <testcase name="basicDetails" time="120.781" classname="com.BIS.tc.TC005_BISBasicDetails"/>
  <testcase name="basicDetails" time="121.180" classname="com.BIS.tc.TC005_BISBasicDetails"/>
  <testcase name="basicDetails" time="120.612" classname="com.BIS.tc.TC005_BISBasicDetails"/>
  <testcase name="basicDetails" time="120.907" classname="com.BIS.tc.TC005_BISBasicDetails"/>
  <testcase name="basicDetails" time="120.514" classname="com.BIS.tc.TC005_BISBasicDetails"/>
  <testcase name="basicDetails" time="118.263" classname="com.BIS.tc.TC005_BISBasicDetails"/>
  <testcase name="basicDetails" time="120.237" classname="com.BIS.tc.TC005_BISBasicDetails"/>
  <testcase name="basicDetails" time="118.173" classname="com.BIS.tc.TC005_BISBasicDetails"/>
  <testcase name="basicDetails" time="120.497" classname="com.BIS.tc.TC005_BISBasicDetails"/>
  <testcase name="basicDetails" time="120.570" classname="com.BIS.tc.TC005_BISBasicDetails"/>
  <testcase name="basicDetails" time="120.258" classname="com.BIS.tc.TC005_BISBasicDetails"/>
  <testcase name="basicDetails" time="118.052" classname="com.BIS.tc.TC005_BISBasicDetails"/>
  <testcase name="basicDetails" time="118.199" classname="com.BIS.tc.TC005_BISBasicDetails"/>
  <testcase name="basicDetails" time="120.398" classname="com.BIS.tc.TC005_BISBasicDetails"/>
  <testcase name="basicDetails" time="120.538" classname="com.BIS.tc.TC005_BISBasicDetails"/>
  <testcase name="basicDetails" time="120.383" classname="com.BIS.tc.TC005_BISBasicDetails"/>
</testsuite> <!-- com.BIS.tc.TC005_BISBasicDetails -->
