<?xml version="1.0" encoding="UTF-8"?>
<!-- Generated by org.testng.reporters.JUnitReportReporter -->
<testsuite skipped="0" hostname="MAA014482B" name="com.MSTC_April23.tc.TC005_MSTCBasicDetails" tests="8" failures="0" timestamp="2023-05-18T14:25:28 IST" time="1247.338" errors="0">
  <testcase name="basicDetails" time="155.265" classname="com.MSTC_April23.tc.TC005_MSTCBasicDetails"/>
  <testcase name="basicDetails" time="155.426" classname="com.MSTC_April23.tc.TC005_MSTCBasicDetails"/>
  <testcase name="basicDetails" time="155.241" classname="com.MSTC_April23.tc.TC005_MSTCBasicDetails"/>
  <testcase name="basicDetails" time="159.843" classname="com.MSTC_April23.tc.TC005_MSTCBasicDetails"/>
  <testcase name="basicDetails" time="155.189" classname="com.MSTC_April23.tc.TC005_MSTCBasicDetails"/>
  <testcase name="basicDetails" time="155.932" classname="com.MSTC_April23.tc.TC005_MSTCBasicDetails"/>
  <testcase name="basicDetails" time="155.190" classname="com.MSTC_April23.tc.TC005_MSTCBasicDetails"/>
  <testcase name="basicDetails" time="155.252" classname="com.MSTC_April23.tc.TC005_MSTCBasicDetails"/>
</testsuite> <!-- com.MSTC_April23.tc.TC005_MSTCBasicDetails -->
