<?xml version="1.0" encoding="UTF-8"?>
<!-- Generated by org.testng.reporters.JUnitReportReporter -->
<testsuite skipped="0" hostname="MAA014482B" name="com.MPRSB_06022023.tc.TC004_MPRSBBasicDetails" tests="7" failures="0" timestamp="2023-03-09T12:21:36 IST" time="1162.464" errors="0">
  <testcase name="basicDetails" time="160.041" classname="com.MPRSB_06022023.tc.TC004_MPRSBBasicDetails"/>
  <testcase name="basicDetails" time="169.924" classname="com.MPRSB_06022023.tc.TC004_MPRSBBasicDetails"/>
  <testcase name="basicDetails" time="187.908" classname="com.MPRSB_06022023.tc.TC004_MPRSBBasicDetails"/>
  <testcase name="basicDetails" time="161.603" classname="com.MPRSB_06022023.tc.TC004_MPRSBBasicDetails"/>
  <testcase name="basicDetails" time="161.666" classname="com.MPRSB_06022023.tc.TC004_MPRSBBasicDetails"/>
  <testcase name="basicDetails" time="159.815" classname="com.MPRSB_06022023.tc.TC004_MPRSBBasicDetails"/>
  <testcase name="basicDetails" time="161.507" classname="com.MPRSB_06022023.tc.TC004_MPRSBBasicDetails"/>
</testsuite> <!-- com.MPRSB_06022023.tc.TC004_MPRSBBasicDetails -->
