<?xml version="1.0" encoding="UTF-8"?>
<!-- Generated by org.testng.reporters.JUnitReportReporter -->
<testsuite skipped="0" hostname="MAA014482B" name="com.CAMP_March23.tc.TC002_CAMPBasicDetails" tests="180" failures="0" timestamp="2023-03-16T08:07:22 IST" time="28846.859" errors="0">
  <testcase name="basicDetails" time="159.813" classname="com.CAMP_March23.tc.TC002_CAMPBasicDetails"/>
  <testcase name="basicDetails" time="161.749" classname="com.CAMP_March23.tc.TC002_CAMPBasicDetails"/>
  <testcase name="basicDetails" time="159.854" classname="com.CAMP_March23.tc.TC002_CAMPBasicDetails"/>
  <testcase name="basicDetails" time="159.724" classname="com.CAMP_March23.tc.TC002_CAMPBasicDetails"/>
  <testcase name="basicDetails" time="159.835" classname="com.CAMP_March23.tc.TC002_CAMPBasicDetails"/>
  <testcase name="basicDetails" time="159.618" classname="com.CAMP_March23.tc.TC002_CAMPBasicDetails"/>
  <testcase name="basicDetails" time="160.208" classname="com.CAMP_March23.tc.TC002_CAMPBasicDetails"/>
  <testcase name="basicDetails" time="159.705" classname="com.CAMP_March23.tc.TC002_CAMPBasicDetails"/>
  <testcase name="basicDetails" time="159.765" classname="com.CAMP_March23.tc.TC002_CAMPBasicDetails"/>
  <testcase name="basicDetails" time="159.846" classname="com.CAMP_March23.tc.TC002_CAMPBasicDetails"/>
  <testcase name="basicDetails" time="159.299" classname="com.CAMP_March23.tc.TC002_CAMPBasicDetails"/>
  <testcase name="basicDetails" time="159.756" classname="com.CAMP_March23.tc.TC002_CAMPBasicDetails"/>
  <testcase name="basicDetails" time="160.176" classname="com.CAMP_March23.tc.TC002_CAMPBasicDetails"/>
  <testcase name="basicDetails" time="159.802" classname="com.CAMP_March23.tc.TC002_CAMPBasicDetails"/>
  <testcase name="basicDetails" time="159.968" classname="com.CAMP_March23.tc.TC002_CAMPBasicDetails"/>
  <testcase name="basicDetails" time="159.819" classname="com.CAMP_March23.tc.TC002_CAMPBasicDetails"/>
  <testcase name="basicDetails" time="159.607" classname="com.CAMP_March23.tc.TC002_CAMPBasicDetails"/>
  <testcase name="basicDetails" time="164.975" classname="com.CAMP_March23.tc.TC002_CAMPBasicDetails"/>
  <testcase name="basicDetails" time="158.721" classname="com.CAMP_March23.tc.TC002_CAMPBasicDetails"/>
  <testcase name="basicDetails" time="159.797" classname="com.CAMP_March23.tc.TC002_CAMPBasicDetails"/>
  <testcase name="basicDetails" time="159.599" classname="com.CAMP_March23.tc.TC002_CAMPBasicDetails"/>
  <testcase name="basicDetails" time="159.676" classname="com.CAMP_March23.tc.TC002_CAMPBasicDetails"/>
  <testcase name="basicDetails" time="159.237" classname="com.CAMP_March23.tc.TC002_CAMPBasicDetails"/>
  <testcase name="basicDetails" time="159.989" classname="com.CAMP_March23.tc.TC002_CAMPBasicDetails"/>
  <testcase name="basicDetails" time="160.268" classname="com.CAMP_March23.tc.TC002_CAMPBasicDetails"/>
  <testcase name="basicDetails" time="159.915" classname="com.CAMP_March23.tc.TC002_CAMPBasicDetails"/>
  <testcase name="basicDetails" time="159.755" classname="com.CAMP_March23.tc.TC002_CAMPBasicDetails"/>
  <testcase name="basicDetails" time="162.261" classname="com.CAMP_March23.tc.TC002_CAMPBasicDetails"/>
  <testcase name="basicDetails" time="159.725" classname="com.CAMP_March23.tc.TC002_CAMPBasicDetails"/>
  <testcase name="basicDetails" time="159.974" classname="com.CAMP_March23.tc.TC002_CAMPBasicDetails"/>
  <testcase name="basicDetails" time="159.905" classname="com.CAMP_March23.tc.TC002_CAMPBasicDetails"/>
  <testcase name="basicDetails" time="159.460" classname="com.CAMP_March23.tc.TC002_CAMPBasicDetails"/>
  <testcase name="basicDetails" time="160.008" classname="com.CAMP_March23.tc.TC002_CAMPBasicDetails"/>
  <testcase name="basicDetails" time="159.233" classname="com.CAMP_March23.tc.TC002_CAMPBasicDetails"/>
  <testcase name="basicDetails" time="161.671" classname="com.CAMP_March23.tc.TC002_CAMPBasicDetails"/>
  <testcase name="basicDetails" time="159.495" classname="com.CAMP_March23.tc.TC002_CAMPBasicDetails"/>
  <testcase name="basicDetails" time="162.045" classname="com.CAMP_March23.tc.TC002_CAMPBasicDetails"/>
  <testcase name="basicDetails" time="162.194" classname="com.CAMP_March23.tc.TC002_CAMPBasicDetails"/>
  <testcase name="basicDetails" time="161.891" classname="com.CAMP_March23.tc.TC002_CAMPBasicDetails"/>
  <testcase name="basicDetails" time="160.133" classname="com.CAMP_March23.tc.TC002_CAMPBasicDetails"/>
  <testcase name="basicDetails" time="160.026" classname="com.CAMP_March23.tc.TC002_CAMPBasicDetails"/>
  <testcase name="basicDetails" time="159.954" classname="com.CAMP_March23.tc.TC002_CAMPBasicDetails"/>
  <testcase name="basicDetails" time="163.053" classname="com.CAMP_March23.tc.TC002_CAMPBasicDetails"/>
  <testcase name="basicDetails" time="163.345" classname="com.CAMP_March23.tc.TC002_CAMPBasicDetails"/>
  <testcase name="basicDetails" time="159.285" classname="com.CAMP_March23.tc.TC002_CAMPBasicDetails"/>
  <testcase name="basicDetails" time="159.531" classname="com.CAMP_March23.tc.TC002_CAMPBasicDetails"/>
  <testcase name="basicDetails" time="158.984" classname="com.CAMP_March23.tc.TC002_CAMPBasicDetails"/>
  <testcase name="basicDetails" time="159.740" classname="com.CAMP_March23.tc.TC002_CAMPBasicDetails"/>
  <testcase name="basicDetails" time="159.825" classname="com.CAMP_March23.tc.TC002_CAMPBasicDetails"/>
  <testcase name="basicDetails" time="159.894" classname="com.CAMP_March23.tc.TC002_CAMPBasicDetails"/>
  <testcase name="basicDetails" time="160.279" classname="com.CAMP_March23.tc.TC002_CAMPBasicDetails"/>
  <testcase name="basicDetails" time="160.639" classname="com.CAMP_March23.tc.TC002_CAMPBasicDetails"/>
  <testcase name="basicDetails" time="159.679" classname="com.CAMP_March23.tc.TC002_CAMPBasicDetails"/>
  <testcase name="basicDetails" time="159.866" classname="com.CAMP_March23.tc.TC002_CAMPBasicDetails"/>
  <testcase name="basicDetails" time="160.338" classname="com.CAMP_March23.tc.TC002_CAMPBasicDetails"/>
  <testcase name="basicDetails" time="162.974" classname="com.CAMP_March23.tc.TC002_CAMPBasicDetails"/>
  <testcase name="basicDetails" time="159.964" classname="com.CAMP_March23.tc.TC002_CAMPBasicDetails"/>
  <testcase name="basicDetails" time="159.419" classname="com.CAMP_March23.tc.TC002_CAMPBasicDetails"/>
  <testcase name="basicDetails" time="159.731" classname="com.CAMP_March23.tc.TC002_CAMPBasicDetails"/>
  <testcase name="basicDetails" time="159.843" classname="com.CAMP_March23.tc.TC002_CAMPBasicDetails"/>
  <testcase name="basicDetails" time="162.045" classname="com.CAMP_March23.tc.TC002_CAMPBasicDetails"/>
  <testcase name="basicDetails" time="161.544" classname="com.CAMP_March23.tc.TC002_CAMPBasicDetails"/>
  <testcase name="basicDetails" time="159.478" classname="com.CAMP_March23.tc.TC002_CAMPBasicDetails"/>
  <testcase name="basicDetails" time="159.214" classname="com.CAMP_March23.tc.TC002_CAMPBasicDetails"/>
  <testcase name="basicDetails" time="159.528" classname="com.CAMP_March23.tc.TC002_CAMPBasicDetails"/>
  <testcase name="basicDetails" time="159.896" classname="com.CAMP_March23.tc.TC002_CAMPBasicDetails"/>
  <testcase name="basicDetails" time="158.483" classname="com.CAMP_March23.tc.TC002_CAMPBasicDetails"/>
  <testcase name="basicDetails" time="162.001" classname="com.CAMP_March23.tc.TC002_CAMPBasicDetails"/>
  <testcase name="basicDetails" time="159.887" classname="com.CAMP_March23.tc.TC002_CAMPBasicDetails"/>
  <testcase name="basicDetails" time="162.479" classname="com.CAMP_March23.tc.TC002_CAMPBasicDetails"/>
  <testcase name="basicDetails" time="158.035" classname="com.CAMP_March23.tc.TC002_CAMPBasicDetails"/>
  <testcase name="basicDetails" time="159.506" classname="com.CAMP_March23.tc.TC002_CAMPBasicDetails"/>
  <testcase name="basicDetails" time="159.810" classname="com.CAMP_March23.tc.TC002_CAMPBasicDetails"/>
  <testcase name="basicDetails" time="159.399" classname="com.CAMP_March23.tc.TC002_CAMPBasicDetails"/>
  <testcase name="basicDetails" time="159.596" classname="com.CAMP_March23.tc.TC002_CAMPBasicDetails"/>
  <testcase name="basicDetails" time="158.282" classname="com.CAMP_March23.tc.TC002_CAMPBasicDetails"/>
  <testcase name="basicDetails" time="160.125" classname="com.CAMP_March23.tc.TC002_CAMPBasicDetails"/>
  <testcase name="basicDetails" time="159.929" classname="com.CAMP_March23.tc.TC002_CAMPBasicDetails"/>
  <testcase name="basicDetails" time="159.570" classname="com.CAMP_March23.tc.TC002_CAMPBasicDetails"/>
  <testcase name="basicDetails" time="159.942" classname="com.CAMP_March23.tc.TC002_CAMPBasicDetails"/>
  <testcase name="basicDetails" time="159.024" classname="com.CAMP_March23.tc.TC002_CAMPBasicDetails"/>
  <testcase name="basicDetails" time="159.528" classname="com.CAMP_March23.tc.TC002_CAMPBasicDetails"/>
  <testcase name="basicDetails" time="160.050" classname="com.CAMP_March23.tc.TC002_CAMPBasicDetails"/>
  <testcase name="basicDetails" time="162.270" classname="com.CAMP_March23.tc.TC002_CAMPBasicDetails"/>
  <testcase name="basicDetails" time="162.087" classname="com.CAMP_March23.tc.TC002_CAMPBasicDetails"/>
  <testcase name="basicDetails" time="159.822" classname="com.CAMP_March23.tc.TC002_CAMPBasicDetails"/>
  <testcase name="basicDetails" time="159.754" classname="com.CAMP_March23.tc.TC002_CAMPBasicDetails"/>
  <testcase name="basicDetails" time="159.891" classname="com.CAMP_March23.tc.TC002_CAMPBasicDetails"/>
  <testcase name="basicDetails" time="160.150" classname="com.CAMP_March23.tc.TC002_CAMPBasicDetails"/>
  <testcase name="basicDetails" time="159.703" classname="com.CAMP_March23.tc.TC002_CAMPBasicDetails"/>
  <testcase name="basicDetails" time="161.935" classname="com.CAMP_March23.tc.TC002_CAMPBasicDetails"/>
  <testcase name="basicDetails" time="159.060" classname="com.CAMP_March23.tc.TC002_CAMPBasicDetails"/>
  <testcase name="basicDetails" time="161.992" classname="com.CAMP_March23.tc.TC002_CAMPBasicDetails"/>
  <testcase name="basicDetails" time="160.521" classname="com.CAMP_March23.tc.TC002_CAMPBasicDetails"/>
  <testcase name="basicDetails" time="159.973" classname="com.CAMP_March23.tc.TC002_CAMPBasicDetails"/>
  <testcase name="basicDetails" time="159.564" classname="com.CAMP_March23.tc.TC002_CAMPBasicDetails"/>
  <testcase name="basicDetails" time="159.806" classname="com.CAMP_March23.tc.TC002_CAMPBasicDetails"/>
  <testcase name="basicDetails" time="160.119" classname="com.CAMP_March23.tc.TC002_CAMPBasicDetails"/>
  <testcase name="basicDetails" time="162.344" classname="com.CAMP_March23.tc.TC002_CAMPBasicDetails"/>
  <testcase name="basicDetails" time="159.626" classname="com.CAMP_March23.tc.TC002_CAMPBasicDetails"/>
  <testcase name="basicDetails" time="160.443" classname="com.CAMP_March23.tc.TC002_CAMPBasicDetails"/>
  <testcase name="basicDetails" time="160.112" classname="com.CAMP_March23.tc.TC002_CAMPBasicDetails"/>
  <testcase name="basicDetails" time="159.811" classname="com.CAMP_March23.tc.TC002_CAMPBasicDetails"/>
  <testcase name="basicDetails" time="159.635" classname="com.CAMP_March23.tc.TC002_CAMPBasicDetails"/>
  <testcase name="basicDetails" time="160.225" classname="com.CAMP_March23.tc.TC002_CAMPBasicDetails"/>
  <testcase name="basicDetails" time="160.121" classname="com.CAMP_March23.tc.TC002_CAMPBasicDetails"/>
  <testcase name="basicDetails" time="160.203" classname="com.CAMP_March23.tc.TC002_CAMPBasicDetails"/>
  <testcase name="basicDetails" time="159.645" classname="com.CAMP_March23.tc.TC002_CAMPBasicDetails"/>
  <testcase name="basicDetails" time="160.341" classname="com.CAMP_March23.tc.TC002_CAMPBasicDetails"/>
  <testcase name="basicDetails" time="160.339" classname="com.CAMP_March23.tc.TC002_CAMPBasicDetails"/>
  <testcase name="basicDetails" time="159.996" classname="com.CAMP_March23.tc.TC002_CAMPBasicDetails"/>
  <testcase name="basicDetails" time="159.867" classname="com.CAMP_March23.tc.TC002_CAMPBasicDetails"/>
  <testcase name="basicDetails" time="159.932" classname="com.CAMP_March23.tc.TC002_CAMPBasicDetails"/>
  <testcase name="basicDetails" time="159.275" classname="com.CAMP_March23.tc.TC002_CAMPBasicDetails"/>
  <testcase name="basicDetails" time="159.943" classname="com.CAMP_March23.tc.TC002_CAMPBasicDetails"/>
  <testcase name="basicDetails" time="159.819" classname="com.CAMP_March23.tc.TC002_CAMPBasicDetails"/>
  <testcase name="basicDetails" time="160.385" classname="com.CAMP_March23.tc.TC002_CAMPBasicDetails"/>
  <testcase name="basicDetails" time="159.477" classname="com.CAMP_March23.tc.TC002_CAMPBasicDetails"/>
  <testcase name="basicDetails" time="159.444" classname="com.CAMP_March23.tc.TC002_CAMPBasicDetails"/>
  <testcase name="basicDetails" time="159.324" classname="com.CAMP_March23.tc.TC002_CAMPBasicDetails"/>
  <testcase name="basicDetails" time="160.088" classname="com.CAMP_March23.tc.TC002_CAMPBasicDetails"/>
  <testcase name="basicDetails" time="159.721" classname="com.CAMP_March23.tc.TC002_CAMPBasicDetails"/>
  <testcase name="basicDetails" time="163.436" classname="com.CAMP_March23.tc.TC002_CAMPBasicDetails"/>
  <testcase name="basicDetails" time="162.043" classname="com.CAMP_March23.tc.TC002_CAMPBasicDetails"/>
  <testcase name="basicDetails" time="159.551" classname="com.CAMP_March23.tc.TC002_CAMPBasicDetails"/>
  <testcase name="basicDetails" time="160.222" classname="com.CAMP_March23.tc.TC002_CAMPBasicDetails"/>
  <testcase name="basicDetails" time="159.802" classname="com.CAMP_March23.tc.TC002_CAMPBasicDetails"/>
  <testcase name="basicDetails" time="160.776" classname="com.CAMP_March23.tc.TC002_CAMPBasicDetails"/>
  <testcase name="basicDetails" time="160.049" classname="com.CAMP_March23.tc.TC002_CAMPBasicDetails"/>
  <testcase name="basicDetails" time="161.884" classname="com.CAMP_March23.tc.TC002_CAMPBasicDetails"/>
  <testcase name="basicDetails" time="159.943" classname="com.CAMP_March23.tc.TC002_CAMPBasicDetails"/>
  <testcase name="basicDetails" time="161.855" classname="com.CAMP_March23.tc.TC002_CAMPBasicDetails"/>
  <testcase name="basicDetails" time="159.699" classname="com.CAMP_March23.tc.TC002_CAMPBasicDetails"/>
  <testcase name="basicDetails" time="159.588" classname="com.CAMP_March23.tc.TC002_CAMPBasicDetails"/>
  <testcase name="basicDetails" time="163.172" classname="com.CAMP_March23.tc.TC002_CAMPBasicDetails"/>
  <testcase name="basicDetails" time="159.546" classname="com.CAMP_March23.tc.TC002_CAMPBasicDetails"/>
  <testcase name="basicDetails" time="159.453" classname="com.CAMP_March23.tc.TC002_CAMPBasicDetails"/>
  <testcase name="basicDetails" time="161.682" classname="com.CAMP_March23.tc.TC002_CAMPBasicDetails"/>
  <testcase name="basicDetails" time="160.058" classname="com.CAMP_March23.tc.TC002_CAMPBasicDetails"/>
  <testcase name="basicDetails" time="161.748" classname="com.CAMP_March23.tc.TC002_CAMPBasicDetails"/>
  <testcase name="basicDetails" time="160.167" classname="com.CAMP_March23.tc.TC002_CAMPBasicDetails"/>
  <testcase name="basicDetails" time="161.799" classname="com.CAMP_March23.tc.TC002_CAMPBasicDetails"/>
  <testcase name="basicDetails" time="159.699" classname="com.CAMP_March23.tc.TC002_CAMPBasicDetails"/>
  <testcase name="basicDetails" time="160.452" classname="com.CAMP_March23.tc.TC002_CAMPBasicDetails"/>
  <testcase name="basicDetails" time="160.159" classname="com.CAMP_March23.tc.TC002_CAMPBasicDetails"/>
  <testcase name="basicDetails" time="160.283" classname="com.CAMP_March23.tc.TC002_CAMPBasicDetails"/>
  <testcase name="basicDetails" time="160.072" classname="com.CAMP_March23.tc.TC002_CAMPBasicDetails"/>
  <testcase name="basicDetails" time="161.993" classname="com.CAMP_March23.tc.TC002_CAMPBasicDetails"/>
  <testcase name="basicDetails" time="159.867" classname="com.CAMP_March23.tc.TC002_CAMPBasicDetails"/>
  <testcase name="basicDetails" time="159.813" classname="com.CAMP_March23.tc.TC002_CAMPBasicDetails"/>
  <testcase name="basicDetails" time="158.327" classname="com.CAMP_March23.tc.TC002_CAMPBasicDetails"/>
  <testcase name="basicDetails" time="159.931" classname="com.CAMP_March23.tc.TC002_CAMPBasicDetails"/>
  <testcase name="basicDetails" time="161.884" classname="com.CAMP_March23.tc.TC002_CAMPBasicDetails"/>
  <testcase name="basicDetails" time="162.065" classname="com.CAMP_March23.tc.TC002_CAMPBasicDetails"/>
  <testcase name="basicDetails" time="161.726" classname="com.CAMP_March23.tc.TC002_CAMPBasicDetails"/>
  <testcase name="basicDetails" time="161.916" classname="com.CAMP_March23.tc.TC002_CAMPBasicDetails"/>
  <testcase name="basicDetails" time="159.712" classname="com.CAMP_March23.tc.TC002_CAMPBasicDetails"/>
  <testcase name="basicDetails" time="159.612" classname="com.CAMP_March23.tc.TC002_CAMPBasicDetails"/>
  <testcase name="basicDetails" time="162.700" classname="com.CAMP_March23.tc.TC002_CAMPBasicDetails"/>
  <testcase name="basicDetails" time="159.934" classname="com.CAMP_March23.tc.TC002_CAMPBasicDetails"/>
  <testcase name="basicDetails" time="159.622" classname="com.CAMP_March23.tc.TC002_CAMPBasicDetails"/>
  <testcase name="basicDetails" time="159.457" classname="com.CAMP_March23.tc.TC002_CAMPBasicDetails"/>
  <testcase name="basicDetails" time="160.093" classname="com.CAMP_March23.tc.TC002_CAMPBasicDetails"/>
  <testcase name="basicDetails" time="159.751" classname="com.CAMP_March23.tc.TC002_CAMPBasicDetails"/>
  <testcase name="basicDetails" time="159.649" classname="com.CAMP_March23.tc.TC002_CAMPBasicDetails"/>
  <testcase name="basicDetails" time="159.780" classname="com.CAMP_March23.tc.TC002_CAMPBasicDetails"/>
  <testcase name="basicDetails" time="159.734" classname="com.CAMP_March23.tc.TC002_CAMPBasicDetails"/>
  <testcase name="basicDetails" time="160.129" classname="com.CAMP_March23.tc.TC002_CAMPBasicDetails"/>
  <testcase name="basicDetails" time="163.595" classname="com.CAMP_March23.tc.TC002_CAMPBasicDetails"/>
  <testcase name="basicDetails" time="159.989" classname="com.CAMP_March23.tc.TC002_CAMPBasicDetails"/>
  <testcase name="basicDetails" time="159.686" classname="com.CAMP_March23.tc.TC002_CAMPBasicDetails"/>
  <testcase name="basicDetails" time="159.390" classname="com.CAMP_March23.tc.TC002_CAMPBasicDetails"/>
  <testcase name="basicDetails" time="161.589" classname="com.CAMP_March23.tc.TC002_CAMPBasicDetails"/>
  <testcase name="basicDetails" time="160.059" classname="com.CAMP_March23.tc.TC002_CAMPBasicDetails"/>
  <testcase name="basicDetails" time="160.375" classname="com.CAMP_March23.tc.TC002_CAMPBasicDetails"/>
  <testcase name="basicDetails" time="159.348" classname="com.CAMP_March23.tc.TC002_CAMPBasicDetails"/>
  <testcase name="basicDetails" time="158.613" classname="com.CAMP_March23.tc.TC002_CAMPBasicDetails"/>
  <testcase name="basicDetails" time="158.601" classname="com.CAMP_March23.tc.TC002_CAMPBasicDetails"/>
  <testcase name="basicDetails" time="161.928" classname="com.CAMP_March23.tc.TC002_CAMPBasicDetails"/>
  <testcase name="basicDetails" time="159.887" classname="com.CAMP_March23.tc.TC002_CAMPBasicDetails"/>
</testsuite> <!-- com.CAMP_March23.tc.TC002_CAMPBasicDetails -->
