<?xml version="1.0" encoding="UTF-8"?>
<!-- Generated by org.testng.reporters.JUnitReportReporter -->
<testsuite skipped="0" hostname="MAA014482B" name="com.CBI_8Sep22.tc.TC003_CBIBasicDetails" tests="4" failures="0" timestamp="2022-09-22T18:17:20 IST" time="621.151" errors="0">
  <testcase name="basicDetails" time="154.297" classname="com.CBI_8Sep22.tc.TC003_CBIBasicDetails"/>
  <testcase name="basicDetails" time="157.365" classname="com.CBI_8Sep22.tc.TC003_CBIBasicDetails"/>
  <testcase name="basicDetails" time="154.382" classname="com.CBI_8Sep22.tc.TC003_CBIBasicDetails"/>
  <testcase name="basicDetails" time="155.107" classname="com.CBI_8Sep22.tc.TC003_CBIBasicDetails"/>
</testsuite> <!-- com.CBI_8Sep22.tc.TC003_CBIBasicDetails -->
