<?xml version="1.0" encoding="UTF-8"?>
<!-- Generated by org.testng.reporters.JUnitReportReporter -->
<testsuite skipped="0" hostname="MAA014482B" name="com.SPMCIL_19July22.tc.TC001_SPMCILBasicDetails" tests="16" failures="0" timestamp="2022-11-28T10:35:26 IST" time="2498.949" errors="0">
  <testcase name="basicDetails" time="154.902" classname="com.SPMCIL_19July22.tc.TC001_SPMCILBasicDetails"/>
  <testcase name="basicDetails" time="155.000" classname="com.SPMCIL_19July22.tc.TC001_SPMCILBasicDetails"/>
  <testcase name="basicDetails" time="157.971" classname="com.SPMCIL_19July22.tc.TC001_SPMCILBasicDetails"/>
  <testcase name="basicDetails" time="157.616" classname="com.SPMCIL_19July22.tc.TC001_SPMCILBasicDetails"/>
  <testcase name="basicDetails" time="154.760" classname="com.SPMCIL_19July22.tc.TC001_SPMCILBasicDetails"/>
  <testcase name="basicDetails" time="155.399" classname="com.SPMCIL_19July22.tc.TC001_SPMCILBasicDetails"/>
  <testcase name="basicDetails" time="154.065" classname="com.SPMCIL_19July22.tc.TC001_SPMCILBasicDetails"/>
  <testcase name="basicDetails" time="154.376" classname="com.SPMCIL_19July22.tc.TC001_SPMCILBasicDetails"/>
  <testcase name="basicDetails" time="158.887" classname="com.SPMCIL_19July22.tc.TC001_SPMCILBasicDetails"/>
  <testcase name="basicDetails" time="156.558" classname="com.SPMCIL_19July22.tc.TC001_SPMCILBasicDetails"/>
  <testcase name="basicDetails" time="157.765" classname="com.SPMCIL_19July22.tc.TC001_SPMCILBasicDetails"/>
  <testcase name="basicDetails" time="157.551" classname="com.SPMCIL_19July22.tc.TC001_SPMCILBasicDetails"/>
  <testcase name="basicDetails" time="155.017" classname="com.SPMCIL_19July22.tc.TC001_SPMCILBasicDetails"/>
  <testcase name="basicDetails" time="155.341" classname="com.SPMCIL_19July22.tc.TC001_SPMCILBasicDetails"/>
  <testcase name="basicDetails" time="157.653" classname="com.SPMCIL_19July22.tc.TC001_SPMCILBasicDetails"/>
  <testcase name="basicDetails" time="156.088" classname="com.SPMCIL_19July22.tc.TC001_SPMCILBasicDetails"/>
</testsuite> <!-- com.SPMCIL_19July22.tc.TC001_SPMCILBasicDetails -->
