<?xml version="1.0" encoding="UTF-8"?>
<!-- Generated by org.testng.reporters.JUnitReportReporter -->
<testsuite skipped="0" hostname="MAA014482B" name="com.BOI24Feb22.tc.TC002_BOIBasicDetails" tests="57" failures="0" timestamp="2022-03-11T16:58:11 IST" time="6700.809" errors="0">
  <testcase name="basicDetails" time="116.845" classname="com.BOI24Feb22.tc.TC002_BOIBasicDetails"/>
  <testcase name="basicDetails" time="116.148" classname="com.BOI24Feb22.tc.TC002_BOIBasicDetails"/>
  <testcase name="basicDetails" time="118.152" classname="com.BOI24Feb22.tc.TC002_BOIBasicDetails"/>
  <testcase name="basicDetails" time="117.387" classname="com.BOI24Feb22.tc.TC002_BOIBasicDetails"/>
  <testcase name="basicDetails" time="116.939" classname="com.BOI24Feb22.tc.TC002_BOIBasicDetails"/>
  <testcase name="basicDetails" time="117.757" classname="com.BOI24Feb22.tc.TC002_BOIBasicDetails"/>
  <testcase name="basicDetails" time="117.848" classname="com.BOI24Feb22.tc.TC002_BOIBasicDetails"/>
  <testcase name="basicDetails" time="116.728" classname="com.BOI24Feb22.tc.TC002_BOIBasicDetails"/>
  <testcase name="basicDetails" time="118.423" classname="com.BOI24Feb22.tc.TC002_BOIBasicDetails"/>
  <testcase name="basicDetails" time="117.743" classname="com.BOI24Feb22.tc.TC002_BOIBasicDetails"/>
  <testcase name="basicDetails" time="117.987" classname="com.BOI24Feb22.tc.TC002_BOIBasicDetails"/>
  <testcase name="basicDetails" time="117.397" classname="com.BOI24Feb22.tc.TC002_BOIBasicDetails"/>
  <testcase name="basicDetails" time="116.970" classname="com.BOI24Feb22.tc.TC002_BOIBasicDetails"/>
  <testcase name="basicDetails" time="116.334" classname="com.BOI24Feb22.tc.TC002_BOIBasicDetails"/>
  <testcase name="basicDetails" time="118.435" classname="com.BOI24Feb22.tc.TC002_BOIBasicDetails"/>
  <testcase name="basicDetails" time="117.825" classname="com.BOI24Feb22.tc.TC002_BOIBasicDetails"/>
  <testcase name="basicDetails" time="117.971" classname="com.BOI24Feb22.tc.TC002_BOIBasicDetails"/>
  <testcase name="basicDetails" time="115.873" classname="com.BOI24Feb22.tc.TC002_BOIBasicDetails"/>
  <testcase name="basicDetails" time="117.755" classname="com.BOI24Feb22.tc.TC002_BOIBasicDetails"/>
  <testcase name="basicDetails" time="116.611" classname="com.BOI24Feb22.tc.TC002_BOIBasicDetails"/>
  <testcase name="basicDetails" time="119.358" classname="com.BOI24Feb22.tc.TC002_BOIBasicDetails"/>
  <testcase name="basicDetails" time="117.074" classname="com.BOI24Feb22.tc.TC002_BOIBasicDetails"/>
  <testcase name="basicDetails" time="118.139" classname="com.BOI24Feb22.tc.TC002_BOIBasicDetails"/>
  <testcase name="basicDetails" time="117.702" classname="com.BOI24Feb22.tc.TC002_BOIBasicDetails"/>
  <testcase name="basicDetails" time="117.266" classname="com.BOI24Feb22.tc.TC002_BOIBasicDetails"/>
  <testcase name="basicDetails" time="117.226" classname="com.BOI24Feb22.tc.TC002_BOIBasicDetails"/>
  <testcase name="basicDetails" time="118.065" classname="com.BOI24Feb22.tc.TC002_BOIBasicDetails"/>
  <testcase name="basicDetails" time="118.100" classname="com.BOI24Feb22.tc.TC002_BOIBasicDetails"/>
  <testcase name="basicDetails" time="117.572" classname="com.BOI24Feb22.tc.TC002_BOIBasicDetails"/>
  <testcase name="basicDetails" time="116.568" classname="com.BOI24Feb22.tc.TC002_BOIBasicDetails"/>
  <testcase name="basicDetails" time="117.536" classname="com.BOI24Feb22.tc.TC002_BOIBasicDetails"/>
  <testcase name="basicDetails" time="117.222" classname="com.BOI24Feb22.tc.TC002_BOIBasicDetails"/>
  <testcase name="basicDetails" time="118.830" classname="com.BOI24Feb22.tc.TC002_BOIBasicDetails"/>
  <testcase name="basicDetails" time="118.698" classname="com.BOI24Feb22.tc.TC002_BOIBasicDetails"/>
  <testcase name="basicDetails" time="118.209" classname="com.BOI24Feb22.tc.TC002_BOIBasicDetails"/>
  <testcase name="basicDetails" time="117.384" classname="com.BOI24Feb22.tc.TC002_BOIBasicDetails"/>
  <testcase name="basicDetails" time="117.427" classname="com.BOI24Feb22.tc.TC002_BOIBasicDetails"/>
  <testcase name="basicDetails" time="119.123" classname="com.BOI24Feb22.tc.TC002_BOIBasicDetails"/>
  <testcase name="basicDetails" time="117.443" classname="com.BOI24Feb22.tc.TC002_BOIBasicDetails"/>
  <testcase name="basicDetails" time="118.360" classname="com.BOI24Feb22.tc.TC002_BOIBasicDetails"/>
  <testcase name="basicDetails" time="117.396" classname="com.BOI24Feb22.tc.TC002_BOIBasicDetails"/>
  <testcase name="basicDetails" time="116.941" classname="com.BOI24Feb22.tc.TC002_BOIBasicDetails"/>
  <testcase name="basicDetails" time="118.638" classname="com.BOI24Feb22.tc.TC002_BOIBasicDetails"/>
  <testcase name="basicDetails" time="118.596" classname="com.BOI24Feb22.tc.TC002_BOIBasicDetails"/>
  <testcase name="basicDetails" time="118.244" classname="com.BOI24Feb22.tc.TC002_BOIBasicDetails"/>
  <testcase name="basicDetails" time="116.234" classname="com.BOI24Feb22.tc.TC002_BOIBasicDetails"/>
  <testcase name="basicDetails" time="117.632" classname="com.BOI24Feb22.tc.TC002_BOIBasicDetails"/>
  <testcase name="basicDetails" time="116.570" classname="com.BOI24Feb22.tc.TC002_BOIBasicDetails"/>
  <testcase name="basicDetails" time="117.833" classname="com.BOI24Feb22.tc.TC002_BOIBasicDetails"/>
  <testcase name="basicDetails" time="116.599" classname="com.BOI24Feb22.tc.TC002_BOIBasicDetails"/>
  <testcase name="basicDetails" time="117.366" classname="com.BOI24Feb22.tc.TC002_BOIBasicDetails"/>
  <testcase name="basicDetails" time="116.987" classname="com.BOI24Feb22.tc.TC002_BOIBasicDetails"/>
  <testcase name="basicDetails" time="117.022" classname="com.BOI24Feb22.tc.TC002_BOIBasicDetails"/>
  <testcase name="basicDetails" time="116.243" classname="com.BOI24Feb22.tc.TC002_BOIBasicDetails"/>
  <testcase name="basicDetails" time="117.087" classname="com.BOI24Feb22.tc.TC002_BOIBasicDetails"/>
  <testcase name="basicDetails" time="118.493" classname="com.BOI24Feb22.tc.TC002_BOIBasicDetails"/>
  <testcase name="basicDetails" time="118.498" classname="com.BOI24Feb22.tc.TC002_BOIBasicDetails"/>
</testsuite> <!-- com.BOI24Feb22.tc.TC002_BOIBasicDetails -->
