<?xml version="1.0" encoding="UTF-8"?>
<!-- Generated by org.testng.reporters.JUnitReportReporter -->
<testsuite skipped="0" hostname="MAA014482B" name="com.ESIC_4March22.tc.TC001_ESICBasicDetails" tests="71" failures="0" timestamp="2023-02-06T14:21:31 IST" time="11362.445" errors="0">
  <testcase name="basicDetails" time="160.454" classname="com.ESIC_4March22.tc.TC001_ESICBasicDetails"/>
  <testcase name="basicDetails" time="160.606" classname="com.ESIC_4March22.tc.TC001_ESICBasicDetails"/>
  <testcase name="basicDetails" time="160.540" classname="com.ESIC_4March22.tc.TC001_ESICBasicDetails"/>
  <testcase name="basicDetails" time="160.254" classname="com.ESIC_4March22.tc.TC001_ESICBasicDetails"/>
  <testcase name="basicDetails" time="160.159" classname="com.ESIC_4March22.tc.TC001_ESICBasicDetails"/>
  <testcase name="basicDetails" time="160.169" classname="com.ESIC_4March22.tc.TC001_ESICBasicDetails"/>
  <testcase name="basicDetails" time="160.069" classname="com.ESIC_4March22.tc.TC001_ESICBasicDetails"/>
  <testcase name="basicDetails" time="160.638" classname="com.ESIC_4March22.tc.TC001_ESICBasicDetails"/>
  <testcase name="basicDetails" time="160.324" classname="com.ESIC_4March22.tc.TC001_ESICBasicDetails"/>
  <testcase name="basicDetails" time="160.010" classname="com.ESIC_4March22.tc.TC001_ESICBasicDetails"/>
  <testcase name="basicDetails" time="160.273" classname="com.ESIC_4March22.tc.TC001_ESICBasicDetails"/>
  <testcase name="basicDetails" time="158.463" classname="com.ESIC_4March22.tc.TC001_ESICBasicDetails"/>
  <testcase name="basicDetails" time="160.331" classname="com.ESIC_4March22.tc.TC001_ESICBasicDetails"/>
  <testcase name="basicDetails" time="160.443" classname="com.ESIC_4March22.tc.TC001_ESICBasicDetails"/>
  <testcase name="basicDetails" time="160.641" classname="com.ESIC_4March22.tc.TC001_ESICBasicDetails"/>
  <testcase name="basicDetails" time="160.255" classname="com.ESIC_4March22.tc.TC001_ESICBasicDetails"/>
  <testcase name="basicDetails" time="157.907" classname="com.ESIC_4March22.tc.TC001_ESICBasicDetails"/>
  <testcase name="basicDetails" time="160.109" classname="com.ESIC_4March22.tc.TC001_ESICBasicDetails"/>
  <testcase name="basicDetails" time="160.827" classname="com.ESIC_4March22.tc.TC001_ESICBasicDetails"/>
  <testcase name="basicDetails" time="160.212" classname="com.ESIC_4March22.tc.TC001_ESICBasicDetails"/>
  <testcase name="basicDetails" time="158.197" classname="com.ESIC_4March22.tc.TC001_ESICBasicDetails"/>
  <testcase name="basicDetails" time="160.245" classname="com.ESIC_4March22.tc.TC001_ESICBasicDetails"/>
  <testcase name="basicDetails" time="159.895" classname="com.ESIC_4March22.tc.TC001_ESICBasicDetails"/>
  <testcase name="basicDetails" time="160.090" classname="com.ESIC_4March22.tc.TC001_ESICBasicDetails"/>
  <testcase name="basicDetails" time="159.854" classname="com.ESIC_4March22.tc.TC001_ESICBasicDetails"/>
  <testcase name="basicDetails" time="160.183" classname="com.ESIC_4March22.tc.TC001_ESICBasicDetails"/>
  <testcase name="basicDetails" time="160.321" classname="com.ESIC_4March22.tc.TC001_ESICBasicDetails"/>
  <testcase name="basicDetails" time="160.199" classname="com.ESIC_4March22.tc.TC001_ESICBasicDetails"/>
  <testcase name="basicDetails" time="160.555" classname="com.ESIC_4March22.tc.TC001_ESICBasicDetails"/>
  <testcase name="basicDetails" time="157.141" classname="com.ESIC_4March22.tc.TC001_ESICBasicDetails"/>
  <testcase name="basicDetails" time="159.943" classname="com.ESIC_4March22.tc.TC001_ESICBasicDetails"/>
  <testcase name="basicDetails" time="164.130" classname="com.ESIC_4March22.tc.TC001_ESICBasicDetails"/>
  <testcase name="basicDetails" time="160.509" classname="com.ESIC_4March22.tc.TC001_ESICBasicDetails"/>
  <testcase name="basicDetails" time="157.858" classname="com.ESIC_4March22.tc.TC001_ESICBasicDetails"/>
  <testcase name="basicDetails" time="160.398" classname="com.ESIC_4March22.tc.TC001_ESICBasicDetails"/>
  <testcase name="basicDetails" time="160.076" classname="com.ESIC_4March22.tc.TC001_ESICBasicDetails"/>
  <testcase name="basicDetails" time="160.755" classname="com.ESIC_4March22.tc.TC001_ESICBasicDetails"/>
  <testcase name="basicDetails" time="158.680" classname="com.ESIC_4March22.tc.TC001_ESICBasicDetails"/>
  <testcase name="basicDetails" time="160.460" classname="com.ESIC_4March22.tc.TC001_ESICBasicDetails"/>
  <testcase name="basicDetails" time="160.425" classname="com.ESIC_4March22.tc.TC001_ESICBasicDetails"/>
  <testcase name="basicDetails" time="160.141" classname="com.ESIC_4March22.tc.TC001_ESICBasicDetails"/>
  <testcase name="basicDetails" time="160.334" classname="com.ESIC_4March22.tc.TC001_ESICBasicDetails"/>
  <testcase name="basicDetails" time="158.984" classname="com.ESIC_4March22.tc.TC001_ESICBasicDetails"/>
  <testcase name="basicDetails" time="160.226" classname="com.ESIC_4March22.tc.TC001_ESICBasicDetails"/>
  <testcase name="basicDetails" time="155.984" classname="com.ESIC_4March22.tc.TC001_ESICBasicDetails"/>
  <testcase name="basicDetails" time="157.933" classname="com.ESIC_4March22.tc.TC001_ESICBasicDetails"/>
  <testcase name="basicDetails" time="160.460" classname="com.ESIC_4March22.tc.TC001_ESICBasicDetails"/>
  <testcase name="basicDetails" time="160.549" classname="com.ESIC_4March22.tc.TC001_ESICBasicDetails"/>
  <testcase name="basicDetails" time="160.327" classname="com.ESIC_4March22.tc.TC001_ESICBasicDetails"/>
  <testcase name="basicDetails" time="160.233" classname="com.ESIC_4March22.tc.TC001_ESICBasicDetails"/>
  <testcase name="basicDetails" time="160.032" classname="com.ESIC_4March22.tc.TC001_ESICBasicDetails"/>
  <testcase name="basicDetails" time="159.825" classname="com.ESIC_4March22.tc.TC001_ESICBasicDetails"/>
  <testcase name="basicDetails" time="160.196" classname="com.ESIC_4March22.tc.TC001_ESICBasicDetails"/>
  <testcase name="basicDetails" time="159.953" classname="com.ESIC_4March22.tc.TC001_ESICBasicDetails"/>
  <testcase name="basicDetails" time="159.857" classname="com.ESIC_4March22.tc.TC001_ESICBasicDetails"/>
  <testcase name="basicDetails" time="160.088" classname="com.ESIC_4March22.tc.TC001_ESICBasicDetails"/>
  <testcase name="basicDetails" time="160.655" classname="com.ESIC_4March22.tc.TC001_ESICBasicDetails"/>
  <testcase name="basicDetails" time="160.195" classname="com.ESIC_4March22.tc.TC001_ESICBasicDetails"/>
  <testcase name="basicDetails" time="160.696" classname="com.ESIC_4March22.tc.TC001_ESICBasicDetails"/>
  <testcase name="basicDetails" time="159.943" classname="com.ESIC_4March22.tc.TC001_ESICBasicDetails"/>
  <testcase name="basicDetails" time="160.352" classname="com.ESIC_4March22.tc.TC001_ESICBasicDetails"/>
  <testcase name="basicDetails" time="160.271" classname="com.ESIC_4March22.tc.TC001_ESICBasicDetails"/>
  <testcase name="basicDetails" time="160.419" classname="com.ESIC_4March22.tc.TC001_ESICBasicDetails"/>
  <testcase name="basicDetails" time="158.413" classname="com.ESIC_4March22.tc.TC001_ESICBasicDetails"/>
  <testcase name="basicDetails" time="160.708" classname="com.ESIC_4March22.tc.TC001_ESICBasicDetails"/>
  <testcase name="basicDetails" time="160.168" classname="com.ESIC_4March22.tc.TC001_ESICBasicDetails"/>
  <testcase name="basicDetails" time="160.491" classname="com.ESIC_4March22.tc.TC001_ESICBasicDetails"/>
  <testcase name="basicDetails" time="160.903" classname="com.ESIC_4March22.tc.TC001_ESICBasicDetails"/>
  <testcase name="basicDetails" time="160.243" classname="com.ESIC_4March22.tc.TC001_ESICBasicDetails"/>
  <testcase name="basicDetails" time="160.708" classname="com.ESIC_4March22.tc.TC001_ESICBasicDetails"/>
  <testcase name="basicDetails" time="160.560" classname="com.ESIC_4March22.tc.TC001_ESICBasicDetails"/>
</testsuite> <!-- com.ESIC_4March22.tc.TC001_ESICBasicDetails -->
