<?xml version="1.0" encoding="UTF-8"?>
<!-- Generated by org.testng.reporters.JUnitReportReporter -->
<testsuite skipped="0" hostname="MAA014482B" name="com.IGM_Kolkata.tc.TC001_IGMBasicDetails" tests="130" failures="0" timestamp="2022-10-18T04:20:23 IST" time="21176.973" errors="0">
  <testcase name="basicDetails" time="161.657" classname="com.IGM_Kolkata.tc.TC001_IGMBasicDetails"/>
  <testcase name="basicDetails" time="162.125" classname="com.IGM_Kolkata.tc.TC001_IGMBasicDetails"/>
  <testcase name="basicDetails" time="163.629" classname="com.IGM_Kolkata.tc.TC001_IGMBasicDetails"/>
  <testcase name="basicDetails" time="163.670" classname="com.IGM_Kolkata.tc.TC001_IGMBasicDetails"/>
  <testcase name="basicDetails" time="162.114" classname="com.IGM_Kolkata.tc.TC001_IGMBasicDetails"/>
  <testcase name="basicDetails" time="163.490" classname="com.IGM_Kolkata.tc.TC001_IGMBasicDetails"/>
  <testcase name="basicDetails" time="162.456" classname="com.IGM_Kolkata.tc.TC001_IGMBasicDetails"/>
  <testcase name="basicDetails" time="163.823" classname="com.IGM_Kolkata.tc.TC001_IGMBasicDetails"/>
  <testcase name="basicDetails" time="163.596" classname="com.IGM_Kolkata.tc.TC001_IGMBasicDetails"/>
  <testcase name="basicDetails" time="162.104" classname="com.IGM_Kolkata.tc.TC001_IGMBasicDetails"/>
  <testcase name="basicDetails" time="162.016" classname="com.IGM_Kolkata.tc.TC001_IGMBasicDetails"/>
  <testcase name="basicDetails" time="162.044" classname="com.IGM_Kolkata.tc.TC001_IGMBasicDetails"/>
  <testcase name="basicDetails" time="163.143" classname="com.IGM_Kolkata.tc.TC001_IGMBasicDetails"/>
  <testcase name="basicDetails" time="163.673" classname="com.IGM_Kolkata.tc.TC001_IGMBasicDetails"/>
  <testcase name="basicDetails" time="162.278" classname="com.IGM_Kolkata.tc.TC001_IGMBasicDetails"/>
  <testcase name="basicDetails" time="162.615" classname="com.IGM_Kolkata.tc.TC001_IGMBasicDetails"/>
  <testcase name="basicDetails" time="164.158" classname="com.IGM_Kolkata.tc.TC001_IGMBasicDetails"/>
  <testcase name="basicDetails" time="162.003" classname="com.IGM_Kolkata.tc.TC001_IGMBasicDetails"/>
  <testcase name="basicDetails" time="162.371" classname="com.IGM_Kolkata.tc.TC001_IGMBasicDetails"/>
  <testcase name="basicDetails" time="162.135" classname="com.IGM_Kolkata.tc.TC001_IGMBasicDetails"/>
  <testcase name="basicDetails" time="162.287" classname="com.IGM_Kolkata.tc.TC001_IGMBasicDetails"/>
  <testcase name="basicDetails" time="163.365" classname="com.IGM_Kolkata.tc.TC001_IGMBasicDetails"/>
  <testcase name="basicDetails" time="162.638" classname="com.IGM_Kolkata.tc.TC001_IGMBasicDetails"/>
  <testcase name="basicDetails" time="162.458" classname="com.IGM_Kolkata.tc.TC001_IGMBasicDetails"/>
  <testcase name="basicDetails" time="162.067" classname="com.IGM_Kolkata.tc.TC001_IGMBasicDetails"/>
  <testcase name="basicDetails" time="163.581" classname="com.IGM_Kolkata.tc.TC001_IGMBasicDetails"/>
  <testcase name="basicDetails" time="162.532" classname="com.IGM_Kolkata.tc.TC001_IGMBasicDetails"/>
  <testcase name="basicDetails" time="162.419" classname="com.IGM_Kolkata.tc.TC001_IGMBasicDetails"/>
  <testcase name="basicDetails" time="163.365" classname="com.IGM_Kolkata.tc.TC001_IGMBasicDetails"/>
  <testcase name="basicDetails" time="161.787" classname="com.IGM_Kolkata.tc.TC001_IGMBasicDetails"/>
  <testcase name="basicDetails" time="164.093" classname="com.IGM_Kolkata.tc.TC001_IGMBasicDetails"/>
  <testcase name="basicDetails" time="163.383" classname="com.IGM_Kolkata.tc.TC001_IGMBasicDetails"/>
  <testcase name="basicDetails" time="161.987" classname="com.IGM_Kolkata.tc.TC001_IGMBasicDetails"/>
  <testcase name="basicDetails" time="162.043" classname="com.IGM_Kolkata.tc.TC001_IGMBasicDetails"/>
  <testcase name="basicDetails" time="162.324" classname="com.IGM_Kolkata.tc.TC001_IGMBasicDetails"/>
  <testcase name="basicDetails" time="162.104" classname="com.IGM_Kolkata.tc.TC001_IGMBasicDetails"/>
  <testcase name="basicDetails" time="163.372" classname="com.IGM_Kolkata.tc.TC001_IGMBasicDetails"/>
  <testcase name="basicDetails" time="162.258" classname="com.IGM_Kolkata.tc.TC001_IGMBasicDetails"/>
  <testcase name="basicDetails" time="161.857" classname="com.IGM_Kolkata.tc.TC001_IGMBasicDetails"/>
  <testcase name="basicDetails" time="164.725" classname="com.IGM_Kolkata.tc.TC001_IGMBasicDetails"/>
  <testcase name="basicDetails" time="162.150" classname="com.IGM_Kolkata.tc.TC001_IGMBasicDetails"/>
  <testcase name="basicDetails" time="162.281" classname="com.IGM_Kolkata.tc.TC001_IGMBasicDetails"/>
  <testcase name="basicDetails" time="162.149" classname="com.IGM_Kolkata.tc.TC001_IGMBasicDetails"/>
  <testcase name="basicDetails" time="162.328" classname="com.IGM_Kolkata.tc.TC001_IGMBasicDetails"/>
  <testcase name="basicDetails" time="163.397" classname="com.IGM_Kolkata.tc.TC001_IGMBasicDetails"/>
  <testcase name="basicDetails" time="162.496" classname="com.IGM_Kolkata.tc.TC001_IGMBasicDetails"/>
  <testcase name="basicDetails" time="162.602" classname="com.IGM_Kolkata.tc.TC001_IGMBasicDetails"/>
  <testcase name="basicDetails" time="162.346" classname="com.IGM_Kolkata.tc.TC001_IGMBasicDetails"/>
  <testcase name="basicDetails" time="173.912" classname="com.IGM_Kolkata.tc.TC001_IGMBasicDetails"/>
  <testcase name="basicDetails" time="161.889" classname="com.IGM_Kolkata.tc.TC001_IGMBasicDetails"/>
  <testcase name="basicDetails" time="162.230" classname="com.IGM_Kolkata.tc.TC001_IGMBasicDetails"/>
  <testcase name="basicDetails" time="163.354" classname="com.IGM_Kolkata.tc.TC001_IGMBasicDetails"/>
  <testcase name="basicDetails" time="163.080" classname="com.IGM_Kolkata.tc.TC001_IGMBasicDetails"/>
  <testcase name="basicDetails" time="162.333" classname="com.IGM_Kolkata.tc.TC001_IGMBasicDetails"/>
  <testcase name="basicDetails" time="162.031" classname="com.IGM_Kolkata.tc.TC001_IGMBasicDetails"/>
  <testcase name="basicDetails" time="164.357" classname="com.IGM_Kolkata.tc.TC001_IGMBasicDetails"/>
  <testcase name="basicDetails" time="169.066" classname="com.IGM_Kolkata.tc.TC001_IGMBasicDetails"/>
  <testcase name="basicDetails" time="161.941" classname="com.IGM_Kolkata.tc.TC001_IGMBasicDetails"/>
  <testcase name="basicDetails" time="162.487" classname="com.IGM_Kolkata.tc.TC001_IGMBasicDetails"/>
  <testcase name="basicDetails" time="163.342" classname="com.IGM_Kolkata.tc.TC001_IGMBasicDetails"/>
  <testcase name="basicDetails" time="162.326" classname="com.IGM_Kolkata.tc.TC001_IGMBasicDetails"/>
  <testcase name="basicDetails" time="162.164" classname="com.IGM_Kolkata.tc.TC001_IGMBasicDetails"/>
  <testcase name="basicDetails" time="161.946" classname="com.IGM_Kolkata.tc.TC001_IGMBasicDetails"/>
  <testcase name="basicDetails" time="162.018" classname="com.IGM_Kolkata.tc.TC001_IGMBasicDetails"/>
  <testcase name="basicDetails" time="162.246" classname="com.IGM_Kolkata.tc.TC001_IGMBasicDetails"/>
  <testcase name="basicDetails" time="163.106" classname="com.IGM_Kolkata.tc.TC001_IGMBasicDetails"/>
  <testcase name="basicDetails" time="161.921" classname="com.IGM_Kolkata.tc.TC001_IGMBasicDetails"/>
  <testcase name="basicDetails" time="163.147" classname="com.IGM_Kolkata.tc.TC001_IGMBasicDetails"/>
  <testcase name="basicDetails" time="163.826" classname="com.IGM_Kolkata.tc.TC001_IGMBasicDetails"/>
  <testcase name="basicDetails" time="163.154" classname="com.IGM_Kolkata.tc.TC001_IGMBasicDetails"/>
  <testcase name="basicDetails" time="164.687" classname="com.IGM_Kolkata.tc.TC001_IGMBasicDetails"/>
  <testcase name="basicDetails" time="162.254" classname="com.IGM_Kolkata.tc.TC001_IGMBasicDetails"/>
  <testcase name="basicDetails" time="163.234" classname="com.IGM_Kolkata.tc.TC001_IGMBasicDetails"/>
  <testcase name="basicDetails" time="161.980" classname="com.IGM_Kolkata.tc.TC001_IGMBasicDetails"/>
  <testcase name="basicDetails" time="162.241" classname="com.IGM_Kolkata.tc.TC001_IGMBasicDetails"/>
  <testcase name="basicDetails" time="163.465" classname="com.IGM_Kolkata.tc.TC001_IGMBasicDetails"/>
  <testcase name="basicDetails" time="162.252" classname="com.IGM_Kolkata.tc.TC001_IGMBasicDetails"/>
  <testcase name="basicDetails" time="163.422" classname="com.IGM_Kolkata.tc.TC001_IGMBasicDetails"/>
  <testcase name="basicDetails" time="165.303" classname="com.IGM_Kolkata.tc.TC001_IGMBasicDetails"/>
  <testcase name="basicDetails" time="162.141" classname="com.IGM_Kolkata.tc.TC001_IGMBasicDetails"/>
  <testcase name="basicDetails" time="163.241" classname="com.IGM_Kolkata.tc.TC001_IGMBasicDetails"/>
  <testcase name="basicDetails" time="161.954" classname="com.IGM_Kolkata.tc.TC001_IGMBasicDetails"/>
  <testcase name="basicDetails" time="162.071" classname="com.IGM_Kolkata.tc.TC001_IGMBasicDetails"/>
  <testcase name="basicDetails" time="162.144" classname="com.IGM_Kolkata.tc.TC001_IGMBasicDetails"/>
  <testcase name="basicDetails" time="162.304" classname="com.IGM_Kolkata.tc.TC001_IGMBasicDetails"/>
  <testcase name="basicDetails" time="163.438" classname="com.IGM_Kolkata.tc.TC001_IGMBasicDetails"/>
  <testcase name="basicDetails" time="161.507" classname="com.IGM_Kolkata.tc.TC001_IGMBasicDetails"/>
  <testcase name="basicDetails" time="162.439" classname="com.IGM_Kolkata.tc.TC001_IGMBasicDetails"/>
  <testcase name="basicDetails" time="163.310" classname="com.IGM_Kolkata.tc.TC001_IGMBasicDetails"/>
  <testcase name="basicDetails" time="164.380" classname="com.IGM_Kolkata.tc.TC001_IGMBasicDetails"/>
  <testcase name="basicDetails" time="163.530" classname="com.IGM_Kolkata.tc.TC001_IGMBasicDetails"/>
  <testcase name="basicDetails" time="162.651" classname="com.IGM_Kolkata.tc.TC001_IGMBasicDetails"/>
  <testcase name="basicDetails" time="163.396" classname="com.IGM_Kolkata.tc.TC001_IGMBasicDetails"/>
  <testcase name="basicDetails" time="163.036" classname="com.IGM_Kolkata.tc.TC001_IGMBasicDetails"/>
  <testcase name="basicDetails" time="163.412" classname="com.IGM_Kolkata.tc.TC001_IGMBasicDetails"/>
  <testcase name="basicDetails" time="161.932" classname="com.IGM_Kolkata.tc.TC001_IGMBasicDetails"/>
  <testcase name="basicDetails" time="162.097" classname="com.IGM_Kolkata.tc.TC001_IGMBasicDetails"/>
  <testcase name="basicDetails" time="163.167" classname="com.IGM_Kolkata.tc.TC001_IGMBasicDetails"/>
  <testcase name="basicDetails" time="162.006" classname="com.IGM_Kolkata.tc.TC001_IGMBasicDetails"/>
  <testcase name="basicDetails" time="164.309" classname="com.IGM_Kolkata.tc.TC001_IGMBasicDetails"/>
  <testcase name="basicDetails" time="164.251" classname="com.IGM_Kolkata.tc.TC001_IGMBasicDetails"/>
  <testcase name="basicDetails" time="162.231" classname="com.IGM_Kolkata.tc.TC001_IGMBasicDetails"/>
  <testcase name="basicDetails" time="162.366" classname="com.IGM_Kolkata.tc.TC001_IGMBasicDetails"/>
  <testcase name="basicDetails" time="162.746" classname="com.IGM_Kolkata.tc.TC001_IGMBasicDetails"/>
  <testcase name="basicDetails" time="163.808" classname="com.IGM_Kolkata.tc.TC001_IGMBasicDetails"/>
  <testcase name="basicDetails" time="163.922" classname="com.IGM_Kolkata.tc.TC001_IGMBasicDetails"/>
  <testcase name="basicDetails" time="162.019" classname="com.IGM_Kolkata.tc.TC001_IGMBasicDetails"/>
  <testcase name="basicDetails" time="162.200" classname="com.IGM_Kolkata.tc.TC001_IGMBasicDetails"/>
  <testcase name="basicDetails" time="163.825" classname="com.IGM_Kolkata.tc.TC001_IGMBasicDetails"/>
  <testcase name="basicDetails" time="162.116" classname="com.IGM_Kolkata.tc.TC001_IGMBasicDetails"/>
  <testcase name="basicDetails" time="163.300" classname="com.IGM_Kolkata.tc.TC001_IGMBasicDetails"/>
  <testcase name="basicDetails" time="162.120" classname="com.IGM_Kolkata.tc.TC001_IGMBasicDetails"/>
  <testcase name="basicDetails" time="161.991" classname="com.IGM_Kolkata.tc.TC001_IGMBasicDetails"/>
  <testcase name="basicDetails" time="163.600" classname="com.IGM_Kolkata.tc.TC001_IGMBasicDetails"/>
  <testcase name="basicDetails" time="163.290" classname="com.IGM_Kolkata.tc.TC001_IGMBasicDetails"/>
  <testcase name="basicDetails" time="163.621" classname="com.IGM_Kolkata.tc.TC001_IGMBasicDetails"/>
  <testcase name="basicDetails" time="162.089" classname="com.IGM_Kolkata.tc.TC001_IGMBasicDetails"/>
  <testcase name="basicDetails" time="162.407" classname="com.IGM_Kolkata.tc.TC001_IGMBasicDetails"/>
  <testcase name="basicDetails" time="162.049" classname="com.IGM_Kolkata.tc.TC001_IGMBasicDetails"/>
  <testcase name="basicDetails" time="164.248" classname="com.IGM_Kolkata.tc.TC001_IGMBasicDetails"/>
  <testcase name="basicDetails" time="162.269" classname="com.IGM_Kolkata.tc.TC001_IGMBasicDetails"/>
  <testcase name="basicDetails" time="163.282" classname="com.IGM_Kolkata.tc.TC001_IGMBasicDetails"/>
  <testcase name="basicDetails" time="161.394" classname="com.IGM_Kolkata.tc.TC001_IGMBasicDetails"/>
  <testcase name="basicDetails" time="163.022" classname="com.IGM_Kolkata.tc.TC001_IGMBasicDetails"/>
  <testcase name="basicDetails" time="163.262" classname="com.IGM_Kolkata.tc.TC001_IGMBasicDetails"/>
  <testcase name="basicDetails" time="161.948" classname="com.IGM_Kolkata.tc.TC001_IGMBasicDetails"/>
  <testcase name="basicDetails" time="163.515" classname="com.IGM_Kolkata.tc.TC001_IGMBasicDetails"/>
  <testcase name="basicDetails" time="163.241" classname="com.IGM_Kolkata.tc.TC001_IGMBasicDetails"/>
  <testcase name="basicDetails" time="161.967" classname="com.IGM_Kolkata.tc.TC001_IGMBasicDetails"/>
  <testcase name="basicDetails" time="162.199" classname="com.IGM_Kolkata.tc.TC001_IGMBasicDetails"/>
</testsuite> <!-- com.IGM_Kolkata.tc.TC001_IGMBasicDetails -->
