<?xml version="1.0" encoding="UTF-8"?>
<!-- Generated by org.testng.reporters.JUnitReportReporter -->
<testsuite hostname="MAA011253A" failures="0" tests="14" name="com.RBIJE.tc.TC005_RBIJEBasicDetails" time="1684.167" errors="0" timestamp="2021-01-27T10:10:10 IST" skipped="0">
  <testcase classname="com.RBIJE.tc.TC005_RBIJEBasicDetails" name="basicDetails" time="120.102"/>
  <testcase classname="com.RBIJE.tc.TC005_RBIJEBasicDetails" name="basicDetails" time="120.219"/>
  <testcase classname="com.RBIJE.tc.TC005_RBIJEBasicDetails" name="basicDetails" time="119.549"/>
  <testcase classname="com.RBIJE.tc.TC005_RBIJEBasicDetails" name="basicDetails" time="119.128"/>
  <testcase classname="com.RBIJE.tc.TC005_RBIJEBasicDetails" name="basicDetails" time="119.207"/>
  <testcase classname="com.RBIJE.tc.TC005_RBIJEBasicDetails" name="basicDetails" time="120.136"/>
  <testcase classname="com.RBIJE.tc.TC005_RBIJEBasicDetails" name="basicDetails" time="119.649"/>
  <testcase classname="com.RBIJE.tc.TC005_RBIJEBasicDetails" name="basicDetails" time="128.201"/>
  <testcase classname="com.RBIJE.tc.TC005_RBIJEBasicDetails" name="basicDetails" time="119.091"/>
  <testcase classname="com.RBIJE.tc.TC005_RBIJEBasicDetails" name="basicDetails" time="120.334"/>
  <testcase classname="com.RBIJE.tc.TC005_RBIJEBasicDetails" name="basicDetails" time="119.819"/>
  <testcase classname="com.RBIJE.tc.TC005_RBIJEBasicDetails" name="basicDetails" time="119.013"/>
  <testcase classname="com.RBIJE.tc.TC005_RBIJEBasicDetails" name="basicDetails" time="119.985"/>
  <testcase classname="com.RBIJE.tc.TC005_RBIJEBasicDetails" name="basicDetails" time="119.734"/>
</testsuite> <!-- com.RBIJE.tc.TC005_RBIJEBasicDetails -->
