<?xml version="1.0" encoding="UTF-8"?>
<!-- Generated by org.testng.reporters.JUnitReportReporter -->
<testsuite hostname="MAA011253A" failures="0" tests="48" name="com.CRP.tc.TC005_CRPBasicDetails" time="5676.252" errors="0" timestamp="2021-09-06T17:14:36 IST" skipped="0">
  <testcase classname="com.CRP.tc.TC005_CRPBasicDetails" name="basicDetails" time="119.430"/>
  <testcase classname="com.CRP.tc.TC005_CRPBasicDetails" name="basicDetails" time="119.149"/>
  <testcase classname="com.CRP.tc.TC005_CRPBasicDetails" name="basicDetails" time="120.588"/>
  <testcase classname="com.CRP.tc.TC005_CRPBasicDetails" name="basicDetails" time="118.048"/>
  <testcase classname="com.CRP.tc.TC005_CRPBasicDetails" name="basicDetails" time="118.340"/>
  <testcase classname="com.CRP.tc.TC005_CRPBasicDetails" name="basicDetails" time="117.936"/>
  <testcase classname="com.CRP.tc.TC005_CRPBasicDetails" name="basicDetails" time="118.541"/>
  <testcase classname="com.CRP.tc.TC005_CRPBasicDetails" name="basicDetails" time="118.582"/>
  <testcase classname="com.CRP.tc.TC005_CRPBasicDetails" name="basicDetails" time="117.963"/>
  <testcase classname="com.CRP.tc.TC005_CRPBasicDetails" name="basicDetails" time="116.987"/>
  <testcase classname="com.CRP.tc.TC005_CRPBasicDetails" name="basicDetails" time="118.797"/>
  <testcase classname="com.CRP.tc.TC005_CRPBasicDetails" name="basicDetails" time="117.662"/>
  <testcase classname="com.CRP.tc.TC005_CRPBasicDetails" name="basicDetails" time="117.143"/>
  <testcase classname="com.CRP.tc.TC005_CRPBasicDetails" name="basicDetails" time="119.381"/>
  <testcase classname="com.CRP.tc.TC005_CRPBasicDetails" name="basicDetails" time="116.896"/>
  <testcase classname="com.CRP.tc.TC005_CRPBasicDetails" name="basicDetails" time="116.956"/>
  <testcase classname="com.CRP.tc.TC005_CRPBasicDetails" name="basicDetails" time="117.389"/>
  <testcase classname="com.CRP.tc.TC005_CRPBasicDetails" name="basicDetails" time="118.390"/>
  <testcase classname="com.CRP.tc.TC005_CRPBasicDetails" name="basicDetails" time="118.160"/>
  <testcase classname="com.CRP.tc.TC005_CRPBasicDetails" name="basicDetails" time="116.869"/>
  <testcase classname="com.CRP.tc.TC005_CRPBasicDetails" name="basicDetails" time="117.698"/>
  <testcase classname="com.CRP.tc.TC005_CRPBasicDetails" name="basicDetails" time="118.075"/>
  <testcase classname="com.CRP.tc.TC005_CRPBasicDetails" name="basicDetails" time="117.562"/>
  <testcase classname="com.CRP.tc.TC005_CRPBasicDetails" name="basicDetails" time="117.933"/>
  <testcase classname="com.CRP.tc.TC005_CRPBasicDetails" name="basicDetails" time="117.642"/>
  <testcase classname="com.CRP.tc.TC005_CRPBasicDetails" name="basicDetails" time="118.031"/>
  <testcase classname="com.CRP.tc.TC005_CRPBasicDetails" name="basicDetails" time="116.970"/>
  <testcase classname="com.CRP.tc.TC005_CRPBasicDetails" name="basicDetails" time="118.490"/>
  <testcase classname="com.CRP.tc.TC005_CRPBasicDetails" name="basicDetails" time="118.053"/>
  <testcase classname="com.CRP.tc.TC005_CRPBasicDetails" name="basicDetails" time="118.467"/>
  <testcase classname="com.CRP.tc.TC005_CRPBasicDetails" name="basicDetails" time="118.759"/>
  <testcase classname="com.CRP.tc.TC005_CRPBasicDetails" name="basicDetails" time="117.195"/>
  <testcase classname="com.CRP.tc.TC005_CRPBasicDetails" name="basicDetails" time="118.189"/>
  <testcase classname="com.CRP.tc.TC005_CRPBasicDetails" name="basicDetails" time="118.940"/>
  <testcase classname="com.CRP.tc.TC005_CRPBasicDetails" name="basicDetails" time="117.745"/>
  <testcase classname="com.CRP.tc.TC005_CRPBasicDetails" name="basicDetails" time="118.241"/>
  <testcase classname="com.CRP.tc.TC005_CRPBasicDetails" name="basicDetails" time="116.953"/>
  <testcase classname="com.CRP.tc.TC005_CRPBasicDetails" name="basicDetails" time="118.345"/>
  <testcase classname="com.CRP.tc.TC005_CRPBasicDetails" name="basicDetails" time="116.916"/>
  <testcase classname="com.CRP.tc.TC005_CRPBasicDetails" name="basicDetails" time="124.038"/>
  <testcase classname="com.CRP.tc.TC005_CRPBasicDetails" name="basicDetails" time="119.286"/>
  <testcase classname="com.CRP.tc.TC005_CRPBasicDetails" name="basicDetails" time="119.054"/>
  <testcase classname="com.CRP.tc.TC005_CRPBasicDetails" name="basicDetails" time="119.340"/>
  <testcase classname="com.CRP.tc.TC005_CRPBasicDetails" name="basicDetails" time="117.393"/>
  <testcase classname="com.CRP.tc.TC005_CRPBasicDetails" name="basicDetails" time="117.033"/>
  <testcase classname="com.CRP.tc.TC005_CRPBasicDetails" name="basicDetails" time="119.371"/>
  <testcase classname="com.CRP.tc.TC005_CRPBasicDetails" name="basicDetails" time="118.208"/>
  <testcase classname="com.CRP.tc.TC005_CRPBasicDetails" name="basicDetails" time="119.118"/>
</testsuite> <!-- com.CRP.tc.TC005_CRPBasicDetails -->
