<?xml version="1.0" encoding="UTF-8"?>
<!-- Generated by org.testng.reporters.JUnitReportReporter -->
<testsuite skipped="0" hostname="MAA014482B" name="com.SPMCIL_19July22.tc.TC003_SPMCILBasicDetails" tests="16" failures="0" timestamp="2022-11-28T10:35:26 IST" time="2500.334" errors="0">
  <testcase name="basicDetails" time="155.277" classname="com.SPMCIL_19July22.tc.TC003_SPMCILBasicDetails"/>
  <testcase name="basicDetails" time="156.746" classname="com.SPMCIL_19July22.tc.TC003_SPMCILBasicDetails"/>
  <testcase name="basicDetails" time="156.475" classname="com.SPMCIL_19July22.tc.TC003_SPMCILBasicDetails"/>
  <testcase name="basicDetails" time="155.913" classname="com.SPMCIL_19July22.tc.TC003_SPMCILBasicDetails"/>
  <testcase name="basicDetails" time="157.760" classname="com.SPMCIL_19July22.tc.TC003_SPMCILBasicDetails"/>
  <testcase name="basicDetails" time="155.531" classname="com.SPMCIL_19July22.tc.TC003_SPMCILBasicDetails"/>
  <testcase name="basicDetails" time="157.055" classname="com.SPMCIL_19July22.tc.TC003_SPMCILBasicDetails"/>
  <testcase name="basicDetails" time="156.374" classname="com.SPMCIL_19July22.tc.TC003_SPMCILBasicDetails"/>
  <testcase name="basicDetails" time="156.895" classname="com.SPMCIL_19July22.tc.TC003_SPMCILBasicDetails"/>
  <testcase name="basicDetails" time="155.691" classname="com.SPMCIL_19July22.tc.TC003_SPMCILBasicDetails"/>
  <testcase name="basicDetails" time="154.780" classname="com.SPMCIL_19July22.tc.TC003_SPMCILBasicDetails"/>
  <testcase name="basicDetails" time="156.493" classname="com.SPMCIL_19July22.tc.TC003_SPMCILBasicDetails"/>
  <testcase name="basicDetails" time="155.191" classname="com.SPMCIL_19July22.tc.TC003_SPMCILBasicDetails"/>
  <testcase name="basicDetails" time="154.146" classname="com.SPMCIL_19July22.tc.TC003_SPMCILBasicDetails"/>
  <testcase name="basicDetails" time="159.071" classname="com.SPMCIL_19July22.tc.TC003_SPMCILBasicDetails"/>
  <testcase name="basicDetails" time="156.936" classname="com.SPMCIL_19July22.tc.TC003_SPMCILBasicDetails"/>
</testsuite> <!-- com.SPMCIL_19July22.tc.TC003_SPMCILBasicDetails -->
