<?xml version="1.0" encoding="UTF-8"?>
<!-- Generated by org.testng.reporters.JUnitReportReporter -->
<testsuite skipped="0" hostname="MAA014482B" name="com.RBI21March22.tc.TC003_RBIBasicDetails" tests="24" failures="0" timestamp="2022-03-23T14:24:06 IST" time="2920.448" errors="0">
  <testcase name="basicDetails" time="122.584" classname="com.RBI21March22.tc.TC003_RBIBasicDetails"/>
  <testcase name="basicDetails" time="121.200" classname="com.RBI21March22.tc.TC003_RBIBasicDetails"/>
  <testcase name="basicDetails" time="120.540" classname="com.RBI21March22.tc.TC003_RBIBasicDetails"/>
  <testcase name="basicDetails" time="121.500" classname="com.RBI21March22.tc.TC003_RBIBasicDetails"/>
  <testcase name="basicDetails" time="121.412" classname="com.RBI21March22.tc.TC003_RBIBasicDetails"/>
  <testcase name="basicDetails" time="122.727" classname="com.RBI21March22.tc.TC003_RBIBasicDetails"/>
  <testcase name="basicDetails" time="121.239" classname="com.RBI21March22.tc.TC003_RBIBasicDetails"/>
  <testcase name="basicDetails" time="122.603" classname="com.RBI21March22.tc.TC003_RBIBasicDetails"/>
  <testcase name="basicDetails" time="122.246" classname="com.RBI21March22.tc.TC003_RBIBasicDetails"/>
  <testcase name="basicDetails" time="121.543" classname="com.RBI21March22.tc.TC003_RBIBasicDetails"/>
  <testcase name="basicDetails" time="121.902" classname="com.RBI21March22.tc.TC003_RBIBasicDetails"/>
  <testcase name="basicDetails" time="120.144" classname="com.RBI21March22.tc.TC003_RBIBasicDetails"/>
  <testcase name="basicDetails" time="120.935" classname="com.RBI21March22.tc.TC003_RBIBasicDetails"/>
  <testcase name="basicDetails" time="122.877" classname="com.RBI21March22.tc.TC003_RBIBasicDetails"/>
  <testcase name="basicDetails" time="120.724" classname="com.RBI21March22.tc.TC003_RBIBasicDetails"/>
  <testcase name="basicDetails" time="121.219" classname="com.RBI21March22.tc.TC003_RBIBasicDetails"/>
  <testcase name="basicDetails" time="122.306" classname="com.RBI21March22.tc.TC003_RBIBasicDetails"/>
  <testcase name="basicDetails" time="120.373" classname="com.RBI21March22.tc.TC003_RBIBasicDetails"/>
  <testcase name="basicDetails" time="121.347" classname="com.RBI21March22.tc.TC003_RBIBasicDetails"/>
  <testcase name="basicDetails" time="121.946" classname="com.RBI21March22.tc.TC003_RBIBasicDetails"/>
  <testcase name="basicDetails" time="122.722" classname="com.RBI21March22.tc.TC003_RBIBasicDetails"/>
  <testcase name="basicDetails" time="122.592" classname="com.RBI21March22.tc.TC003_RBIBasicDetails"/>
  <testcase name="basicDetails" time="122.367" classname="com.RBI21March22.tc.TC003_RBIBasicDetails"/>
  <testcase name="basicDetails" time="121.400" classname="com.RBI21March22.tc.TC003_RBIBasicDetails"/>
</testsuite> <!-- com.RBI21March22.tc.TC003_RBIBasicDetails -->
