<?xml version="1.0" encoding="UTF-8"?>
<!-- Generated by org.testng.reporters.JUnitReportReporter -->
<testsuite skipped="0" hostname="MAA014482B" name="com.SARDAR.tc.TC005_SPUBasicDetails" tests="13" failures="0" timestamp="2022-09-28T18:08:18 IST" time="2456.923" errors="0">
  <testcase name="basicDetails" time="167.586" classname="com.SARDAR.tc.TC005_SPUBasicDetails"/>
  <testcase name="basicDetails" time="162.811" classname="com.SARDAR.tc.TC005_SPUBasicDetails"/>
  <testcase name="basicDetails" time="227.437" classname="com.SARDAR.tc.TC005_SPUBasicDetails"/>
  <testcase name="basicDetails" time="163.285" classname="com.SARDAR.tc.TC005_SPUBasicDetails"/>
  <testcase name="basicDetails" time="228.694" classname="com.SARDAR.tc.TC005_SPUBasicDetails"/>
  <testcase name="basicDetails" time="162.589" classname="com.SARDAR.tc.TC005_SPUBasicDetails"/>
  <testcase name="basicDetails" time="163.086" classname="com.SARDAR.tc.TC005_SPUBasicDetails"/>
  <testcase name="basicDetails" time="163.183" classname="com.SARDAR.tc.TC005_SPUBasicDetails"/>
  <testcase name="basicDetails" time="161.860" classname="com.SARDAR.tc.TC005_SPUBasicDetails"/>
  <testcase name="basicDetails" time="228.475" classname="com.SARDAR.tc.TC005_SPUBasicDetails"/>
  <testcase name="basicDetails" time="161.776" classname="com.SARDAR.tc.TC005_SPUBasicDetails"/>
  <testcase name="basicDetails" time="234.176" classname="com.SARDAR.tc.TC005_SPUBasicDetails"/>
  <testcase name="basicDetails" time="231.965" classname="com.SARDAR.tc.TC005_SPUBasicDetails"/>
</testsuite> <!-- com.SARDAR.tc.TC005_SPUBasicDetails -->
