<?xml version="1.0" encoding="UTF-8"?>
<!-- Generated by org.testng.reporters.JUnitReportReporter -->
<testsuite skipped="0" hostname="MAA014482B" name="com.IPPB.tc.TC005_IPPBBasicDetails" tests="11" failures="0" timestamp="2022-09-05T16:25:26 IST" time="1738.737" errors="0">
  <testcase name="basicDetails" time="159.081" classname="com.IPPB.tc.TC005_IPPBBasicDetails"/>
  <testcase name="basicDetails" time="157.226" classname="com.IPPB.tc.TC005_IPPBBasicDetails"/>
  <testcase name="basicDetails" time="156.851" classname="com.IPPB.tc.TC005_IPPBBasicDetails"/>
  <testcase name="basicDetails" time="159.338" classname="com.IPPB.tc.TC005_IPPBBasicDetails"/>
  <testcase name="basicDetails" time="158.615" classname="com.IPPB.tc.TC005_IPPBBasicDetails"/>
  <testcase name="basicDetails" time="158.717" classname="com.IPPB.tc.TC005_IPPBBasicDetails"/>
  <testcase name="basicDetails" time="157.045" classname="com.IPPB.tc.TC005_IPPBBasicDetails"/>
  <testcase name="basicDetails" time="156.417" classname="com.IPPB.tc.TC005_IPPBBasicDetails"/>
  <testcase name="basicDetails" time="156.750" classname="com.IPPB.tc.TC005_IPPBBasicDetails"/>
  <testcase name="basicDetails" time="159.380" classname="com.IPPB.tc.TC005_IPPBBasicDetails"/>
  <testcase name="basicDetails" time="159.317" classname="com.IPPB.tc.TC005_IPPBBasicDetails"/>
</testsuite> <!-- com.IPPB.tc.TC005_IPPBBasicDetails -->
