<?xml version="1.0" encoding="UTF-8"?>
<!-- Generated by org.testng.reporters.JUnitReportReporter -->
<testsuite skipped="0" hostname="MAA014482B" name="com.BOKARO.tc.TC001_BSPBasicDetails" tests="100" failures="0" timestamp="2023-03-22T01:51:27 IST" time="16192.439" errors="0">
  <testcase name="basicDetails" time="162.259" classname="com.BOKARO.tc.TC001_BSPBasicDetails"/>
  <testcase name="basicDetails" time="159.101" classname="com.BOKARO.tc.TC001_BSPBasicDetails"/>
  <testcase name="basicDetails" time="162.539" classname="com.BOKARO.tc.TC001_BSPBasicDetails"/>
  <testcase name="basicDetails" time="161.778" classname="com.BOKARO.tc.TC001_BSPBasicDetails"/>
  <testcase name="basicDetails" time="161.016" classname="com.BOKARO.tc.TC001_BSPBasicDetails"/>
  <testcase name="basicDetails" time="162.582" classname="com.BOKARO.tc.TC001_BSPBasicDetails"/>
  <testcase name="basicDetails" time="162.407" classname="com.BOKARO.tc.TC001_BSPBasicDetails"/>
  <testcase name="basicDetails" time="162.678" classname="com.BOKARO.tc.TC001_BSPBasicDetails"/>
  <testcase name="basicDetails" time="161.929" classname="com.BOKARO.tc.TC001_BSPBasicDetails"/>
  <testcase name="basicDetails" time="158.601" classname="com.BOKARO.tc.TC001_BSPBasicDetails"/>
  <testcase name="basicDetails" time="162.521" classname="com.BOKARO.tc.TC001_BSPBasicDetails"/>
  <testcase name="basicDetails" time="162.111" classname="com.BOKARO.tc.TC001_BSPBasicDetails"/>
  <testcase name="basicDetails" time="162.906" classname="com.BOKARO.tc.TC001_BSPBasicDetails"/>
  <testcase name="basicDetails" time="162.505" classname="com.BOKARO.tc.TC001_BSPBasicDetails"/>
  <testcase name="basicDetails" time="162.634" classname="com.BOKARO.tc.TC001_BSPBasicDetails"/>
  <testcase name="basicDetails" time="162.905" classname="com.BOKARO.tc.TC001_BSPBasicDetails"/>
  <testcase name="basicDetails" time="162.315" classname="com.BOKARO.tc.TC001_BSPBasicDetails"/>
  <testcase name="basicDetails" time="162.138" classname="com.BOKARO.tc.TC001_BSPBasicDetails"/>
  <testcase name="basicDetails" time="161.236" classname="com.BOKARO.tc.TC001_BSPBasicDetails"/>
  <testcase name="basicDetails" time="162.231" classname="com.BOKARO.tc.TC001_BSPBasicDetails"/>
  <testcase name="basicDetails" time="162.696" classname="com.BOKARO.tc.TC001_BSPBasicDetails"/>
  <testcase name="basicDetails" time="161.799" classname="com.BOKARO.tc.TC001_BSPBasicDetails"/>
  <testcase name="basicDetails" time="161.221" classname="com.BOKARO.tc.TC001_BSPBasicDetails"/>
  <testcase name="basicDetails" time="162.265" classname="com.BOKARO.tc.TC001_BSPBasicDetails"/>
  <testcase name="basicDetails" time="161.980" classname="com.BOKARO.tc.TC001_BSPBasicDetails"/>
  <testcase name="basicDetails" time="162.259" classname="com.BOKARO.tc.TC001_BSPBasicDetails"/>
  <testcase name="basicDetails" time="161.220" classname="com.BOKARO.tc.TC001_BSPBasicDetails"/>
  <testcase name="basicDetails" time="162.418" classname="com.BOKARO.tc.TC001_BSPBasicDetails"/>
  <testcase name="basicDetails" time="162.145" classname="com.BOKARO.tc.TC001_BSPBasicDetails"/>
  <testcase name="basicDetails" time="162.458" classname="com.BOKARO.tc.TC001_BSPBasicDetails"/>
  <testcase name="basicDetails" time="162.339" classname="com.BOKARO.tc.TC001_BSPBasicDetails"/>
  <testcase name="basicDetails" time="162.477" classname="com.BOKARO.tc.TC001_BSPBasicDetails"/>
  <testcase name="basicDetails" time="162.294" classname="com.BOKARO.tc.TC001_BSPBasicDetails"/>
  <testcase name="basicDetails" time="161.840" classname="com.BOKARO.tc.TC001_BSPBasicDetails"/>
  <testcase name="basicDetails" time="162.404" classname="com.BOKARO.tc.TC001_BSPBasicDetails"/>
  <testcase name="basicDetails" time="162.787" classname="com.BOKARO.tc.TC001_BSPBasicDetails"/>
  <testcase name="basicDetails" time="161.213" classname="com.BOKARO.tc.TC001_BSPBasicDetails"/>
  <testcase name="basicDetails" time="162.603" classname="com.BOKARO.tc.TC001_BSPBasicDetails"/>
  <testcase name="basicDetails" time="162.828" classname="com.BOKARO.tc.TC001_BSPBasicDetails"/>
  <testcase name="basicDetails" time="162.221" classname="com.BOKARO.tc.TC001_BSPBasicDetails"/>
  <testcase name="basicDetails" time="162.701" classname="com.BOKARO.tc.TC001_BSPBasicDetails"/>
  <testcase name="basicDetails" time="163.067" classname="com.BOKARO.tc.TC001_BSPBasicDetails"/>
  <testcase name="basicDetails" time="162.475" classname="com.BOKARO.tc.TC001_BSPBasicDetails"/>
  <testcase name="basicDetails" time="162.418" classname="com.BOKARO.tc.TC001_BSPBasicDetails"/>
  <testcase name="basicDetails" time="160.653" classname="com.BOKARO.tc.TC001_BSPBasicDetails"/>
  <testcase name="basicDetails" time="158.796" classname="com.BOKARO.tc.TC001_BSPBasicDetails"/>
  <testcase name="basicDetails" time="162.063" classname="com.BOKARO.tc.TC001_BSPBasicDetails"/>
  <testcase name="basicDetails" time="161.065" classname="com.BOKARO.tc.TC001_BSPBasicDetails"/>
  <testcase name="basicDetails" time="162.547" classname="com.BOKARO.tc.TC001_BSPBasicDetails"/>
  <testcase name="basicDetails" time="163.135" classname="com.BOKARO.tc.TC001_BSPBasicDetails"/>
  <testcase name="basicDetails" time="162.480" classname="com.BOKARO.tc.TC001_BSPBasicDetails"/>
  <testcase name="basicDetails" time="161.659" classname="com.BOKARO.tc.TC001_BSPBasicDetails"/>
  <testcase name="basicDetails" time="162.410" classname="com.BOKARO.tc.TC001_BSPBasicDetails"/>
  <testcase name="basicDetails" time="159.789" classname="com.BOKARO.tc.TC001_BSPBasicDetails"/>
  <testcase name="basicDetails" time="162.567" classname="com.BOKARO.tc.TC001_BSPBasicDetails"/>
  <testcase name="basicDetails" time="162.205" classname="com.BOKARO.tc.TC001_BSPBasicDetails"/>
  <testcase name="basicDetails" time="161.617" classname="com.BOKARO.tc.TC001_BSPBasicDetails"/>
  <testcase name="basicDetails" time="162.236" classname="com.BOKARO.tc.TC001_BSPBasicDetails"/>
  <testcase name="basicDetails" time="161.894" classname="com.BOKARO.tc.TC001_BSPBasicDetails"/>
  <testcase name="basicDetails" time="162.551" classname="com.BOKARO.tc.TC001_BSPBasicDetails"/>
  <testcase name="basicDetails" time="162.671" classname="com.BOKARO.tc.TC001_BSPBasicDetails"/>
  <testcase name="basicDetails" time="162.967" classname="com.BOKARO.tc.TC001_BSPBasicDetails"/>
  <testcase name="basicDetails" time="162.258" classname="com.BOKARO.tc.TC001_BSPBasicDetails"/>
  <testcase name="basicDetails" time="162.363" classname="com.BOKARO.tc.TC001_BSPBasicDetails"/>
  <testcase name="basicDetails" time="162.395" classname="com.BOKARO.tc.TC001_BSPBasicDetails"/>
  <testcase name="basicDetails" time="162.880" classname="com.BOKARO.tc.TC001_BSPBasicDetails"/>
  <testcase name="basicDetails" time="162.441" classname="com.BOKARO.tc.TC001_BSPBasicDetails"/>
  <testcase name="basicDetails" time="161.986" classname="com.BOKARO.tc.TC001_BSPBasicDetails"/>
  <testcase name="basicDetails" time="163.239" classname="com.BOKARO.tc.TC001_BSPBasicDetails"/>
  <testcase name="basicDetails" time="161.857" classname="com.BOKARO.tc.TC001_BSPBasicDetails"/>
  <testcase name="basicDetails" time="162.106" classname="com.BOKARO.tc.TC001_BSPBasicDetails"/>
  <testcase name="basicDetails" time="162.343" classname="com.BOKARO.tc.TC001_BSPBasicDetails"/>
  <testcase name="basicDetails" time="162.149" classname="com.BOKARO.tc.TC001_BSPBasicDetails"/>
  <testcase name="basicDetails" time="163.283" classname="com.BOKARO.tc.TC001_BSPBasicDetails"/>
  <testcase name="basicDetails" time="162.665" classname="com.BOKARO.tc.TC001_BSPBasicDetails"/>
  <testcase name="basicDetails" time="162.075" classname="com.BOKARO.tc.TC001_BSPBasicDetails"/>
  <testcase name="basicDetails" time="162.101" classname="com.BOKARO.tc.TC001_BSPBasicDetails"/>
  <testcase name="basicDetails" time="162.684" classname="com.BOKARO.tc.TC001_BSPBasicDetails"/>
  <testcase name="basicDetails" time="162.672" classname="com.BOKARO.tc.TC001_BSPBasicDetails"/>
  <testcase name="basicDetails" time="161.184" classname="com.BOKARO.tc.TC001_BSPBasicDetails"/>
  <testcase name="basicDetails" time="159.686" classname="com.BOKARO.tc.TC001_BSPBasicDetails"/>
  <testcase name="basicDetails" time="162.624" classname="com.BOKARO.tc.TC001_BSPBasicDetails"/>
  <testcase name="basicDetails" time="161.819" classname="com.BOKARO.tc.TC001_BSPBasicDetails"/>
  <testcase name="basicDetails" time="158.783" classname="com.BOKARO.tc.TC001_BSPBasicDetails"/>
  <testcase name="basicDetails" time="162.537" classname="com.BOKARO.tc.TC001_BSPBasicDetails"/>
  <testcase name="basicDetails" time="162.669" classname="com.BOKARO.tc.TC001_BSPBasicDetails"/>
  <testcase name="basicDetails" time="161.943" classname="com.BOKARO.tc.TC001_BSPBasicDetails"/>
  <testcase name="basicDetails" time="162.585" classname="com.BOKARO.tc.TC001_BSPBasicDetails"/>
  <testcase name="basicDetails" time="162.222" classname="com.BOKARO.tc.TC001_BSPBasicDetails"/>
  <testcase name="basicDetails" time="161.120" classname="com.BOKARO.tc.TC001_BSPBasicDetails"/>
  <testcase name="basicDetails" time="148.549" classname="com.BOKARO.tc.TC001_BSPBasicDetails"/>
  <testcase name="basicDetails" time="162.191" classname="com.BOKARO.tc.TC001_BSPBasicDetails"/>
  <testcase name="basicDetails" time="162.069" classname="com.BOKARO.tc.TC001_BSPBasicDetails"/>
  <testcase name="basicDetails" time="160.476" classname="com.BOKARO.tc.TC001_BSPBasicDetails"/>
  <testcase name="basicDetails" time="161.901" classname="com.BOKARO.tc.TC001_BSPBasicDetails"/>
  <testcase name="basicDetails" time="162.306" classname="com.BOKARO.tc.TC001_BSPBasicDetails"/>
  <testcase name="basicDetails" time="162.610" classname="com.BOKARO.tc.TC001_BSPBasicDetails"/>
  <testcase name="basicDetails" time="162.520" classname="com.BOKARO.tc.TC001_BSPBasicDetails"/>
  <testcase name="basicDetails" time="162.903" classname="com.BOKARO.tc.TC001_BSPBasicDetails"/>
  <testcase name="basicDetails" time="162.420" classname="com.BOKARO.tc.TC001_BSPBasicDetails"/>
</testsuite> <!-- com.BOKARO.tc.TC001_BSPBasicDetails -->
