<?xml version="1.0" encoding="UTF-8"?>
<!-- Generated by org.testng.reporters.JUnitReportReporter -->
<testsuite skipped="0" hostname="MAA014482B" name="com.CBI_Jan23.tc.TC004_CBIBasicDetails" tests="83" failures="0" timestamp="2023-02-09T21:28:32 IST" time="14008.271" errors="0">
  <testcase name="basicDetails" time="170.149" classname="com.CBI_Jan23.tc.TC004_CBIBasicDetails"/>
  <testcase name="basicDetails" time="173.502" classname="com.CBI_Jan23.tc.TC004_CBIBasicDetails"/>
  <testcase name="basicDetails" time="167.273" classname="com.CBI_Jan23.tc.TC004_CBIBasicDetails"/>
  <testcase name="basicDetails" time="170.535" classname="com.CBI_Jan23.tc.TC004_CBIBasicDetails"/>
  <testcase name="basicDetails" time="170.646" classname="com.CBI_Jan23.tc.TC004_CBIBasicDetails"/>
  <testcase name="basicDetails" time="167.274" classname="com.CBI_Jan23.tc.TC004_CBIBasicDetails"/>
  <testcase name="basicDetails" time="168.920" classname="com.CBI_Jan23.tc.TC004_CBIBasicDetails"/>
  <testcase name="basicDetails" time="167.517" classname="com.CBI_Jan23.tc.TC004_CBIBasicDetails"/>
  <testcase name="basicDetails" time="170.864" classname="com.CBI_Jan23.tc.TC004_CBIBasicDetails"/>
  <testcase name="basicDetails" time="170.452" classname="com.CBI_Jan23.tc.TC004_CBIBasicDetails"/>
  <testcase name="basicDetails" time="167.505" classname="com.CBI_Jan23.tc.TC004_CBIBasicDetails"/>
  <testcase name="basicDetails" time="167.322" classname="com.CBI_Jan23.tc.TC004_CBIBasicDetails"/>
  <testcase name="basicDetails" time="170.662" classname="com.CBI_Jan23.tc.TC004_CBIBasicDetails"/>
  <testcase name="basicDetails" time="167.110" classname="com.CBI_Jan23.tc.TC004_CBIBasicDetails"/>
  <testcase name="basicDetails" time="170.747" classname="com.CBI_Jan23.tc.TC004_CBIBasicDetails"/>
  <testcase name="basicDetails" time="166.200" classname="com.CBI_Jan23.tc.TC004_CBIBasicDetails"/>
  <testcase name="basicDetails" time="167.405" classname="com.CBI_Jan23.tc.TC004_CBIBasicDetails"/>
  <testcase name="basicDetails" time="167.616" classname="com.CBI_Jan23.tc.TC004_CBIBasicDetails"/>
  <testcase name="basicDetails" time="169.030" classname="com.CBI_Jan23.tc.TC004_CBIBasicDetails"/>
  <testcase name="basicDetails" time="167.495" classname="com.CBI_Jan23.tc.TC004_CBIBasicDetails"/>
  <testcase name="basicDetails" time="167.321" classname="com.CBI_Jan23.tc.TC004_CBIBasicDetails"/>
  <testcase name="basicDetails" time="170.638" classname="com.CBI_Jan23.tc.TC004_CBIBasicDetails"/>
  <testcase name="basicDetails" time="170.528" classname="com.CBI_Jan23.tc.TC004_CBIBasicDetails"/>
  <testcase name="basicDetails" time="167.200" classname="com.CBI_Jan23.tc.TC004_CBIBasicDetails"/>
  <testcase name="basicDetails" time="168.067" classname="com.CBI_Jan23.tc.TC004_CBIBasicDetails"/>
  <testcase name="basicDetails" time="167.412" classname="com.CBI_Jan23.tc.TC004_CBIBasicDetails"/>
  <testcase name="basicDetails" time="170.605" classname="com.CBI_Jan23.tc.TC004_CBIBasicDetails"/>
  <testcase name="basicDetails" time="167.379" classname="com.CBI_Jan23.tc.TC004_CBIBasicDetails"/>
  <testcase name="basicDetails" time="170.641" classname="com.CBI_Jan23.tc.TC004_CBIBasicDetails"/>
  <testcase name="basicDetails" time="167.825" classname="com.CBI_Jan23.tc.TC004_CBIBasicDetails"/>
  <testcase name="basicDetails" time="167.719" classname="com.CBI_Jan23.tc.TC004_CBIBasicDetails"/>
  <testcase name="basicDetails" time="169.974" classname="com.CBI_Jan23.tc.TC004_CBIBasicDetails"/>
  <testcase name="basicDetails" time="167.372" classname="com.CBI_Jan23.tc.TC004_CBIBasicDetails"/>
  <testcase name="basicDetails" time="167.617" classname="com.CBI_Jan23.tc.TC004_CBIBasicDetails"/>
  <testcase name="basicDetails" time="167.430" classname="com.CBI_Jan23.tc.TC004_CBIBasicDetails"/>
  <testcase name="basicDetails" time="167.265" classname="com.CBI_Jan23.tc.TC004_CBIBasicDetails"/>
  <testcase name="basicDetails" time="167.417" classname="com.CBI_Jan23.tc.TC004_CBIBasicDetails"/>
  <testcase name="basicDetails" time="167.111" classname="com.CBI_Jan23.tc.TC004_CBIBasicDetails"/>
  <testcase name="basicDetails" time="167.486" classname="com.CBI_Jan23.tc.TC004_CBIBasicDetails"/>
  <testcase name="basicDetails" time="170.786" classname="com.CBI_Jan23.tc.TC004_CBIBasicDetails"/>
  <testcase name="basicDetails" time="169.004" classname="com.CBI_Jan23.tc.TC004_CBIBasicDetails"/>
  <testcase name="basicDetails" time="170.760" classname="com.CBI_Jan23.tc.TC004_CBIBasicDetails"/>
  <testcase name="basicDetails" time="167.763" classname="com.CBI_Jan23.tc.TC004_CBIBasicDetails"/>
  <testcase name="basicDetails" time="167.496" classname="com.CBI_Jan23.tc.TC004_CBIBasicDetails"/>
  <testcase name="basicDetails" time="170.212" classname="com.CBI_Jan23.tc.TC004_CBIBasicDetails"/>
  <testcase name="basicDetails" time="170.177" classname="com.CBI_Jan23.tc.TC004_CBIBasicDetails"/>
  <testcase name="basicDetails" time="167.286" classname="com.CBI_Jan23.tc.TC004_CBIBasicDetails"/>
  <testcase name="basicDetails" time="170.707" classname="com.CBI_Jan23.tc.TC004_CBIBasicDetails"/>
  <testcase name="basicDetails" time="167.378" classname="com.CBI_Jan23.tc.TC004_CBIBasicDetails"/>
  <testcase name="basicDetails" time="167.784" classname="com.CBI_Jan23.tc.TC004_CBIBasicDetails"/>
  <testcase name="basicDetails" time="170.767" classname="com.CBI_Jan23.tc.TC004_CBIBasicDetails"/>
  <testcase name="basicDetails" time="170.448" classname="com.CBI_Jan23.tc.TC004_CBIBasicDetails"/>
  <testcase name="basicDetails" time="167.536" classname="com.CBI_Jan23.tc.TC004_CBIBasicDetails"/>
  <testcase name="basicDetails" time="170.621" classname="com.CBI_Jan23.tc.TC004_CBIBasicDetails"/>
  <testcase name="basicDetails" time="167.327" classname="com.CBI_Jan23.tc.TC004_CBIBasicDetails"/>
  <testcase name="basicDetails" time="170.661" classname="com.CBI_Jan23.tc.TC004_CBIBasicDetails"/>
  <testcase name="basicDetails" time="167.012" classname="com.CBI_Jan23.tc.TC004_CBIBasicDetails"/>
  <testcase name="basicDetails" time="165.523" classname="com.CBI_Jan23.tc.TC004_CBIBasicDetails"/>
  <testcase name="basicDetails" time="170.829" classname="com.CBI_Jan23.tc.TC004_CBIBasicDetails"/>
  <testcase name="basicDetails" time="170.714" classname="com.CBI_Jan23.tc.TC004_CBIBasicDetails"/>
  <testcase name="basicDetails" time="167.313" classname="com.CBI_Jan23.tc.TC004_CBIBasicDetails"/>
  <testcase name="basicDetails" time="167.690" classname="com.CBI_Jan23.tc.TC004_CBIBasicDetails"/>
  <testcase name="basicDetails" time="170.597" classname="com.CBI_Jan23.tc.TC004_CBIBasicDetails"/>
  <testcase name="basicDetails" time="170.972" classname="com.CBI_Jan23.tc.TC004_CBIBasicDetails"/>
  <testcase name="basicDetails" time="167.459" classname="com.CBI_Jan23.tc.TC004_CBIBasicDetails"/>
  <testcase name="basicDetails" time="170.525" classname="com.CBI_Jan23.tc.TC004_CBIBasicDetails"/>
  <testcase name="basicDetails" time="170.611" classname="com.CBI_Jan23.tc.TC004_CBIBasicDetails"/>
  <testcase name="basicDetails" time="167.450" classname="com.CBI_Jan23.tc.TC004_CBIBasicDetails"/>
  <testcase name="basicDetails" time="167.352" classname="com.CBI_Jan23.tc.TC004_CBIBasicDetails"/>
  <testcase name="basicDetails" time="167.551" classname="com.CBI_Jan23.tc.TC004_CBIBasicDetails"/>
  <testcase name="basicDetails" time="166.129" classname="com.CBI_Jan23.tc.TC004_CBIBasicDetails"/>
  <testcase name="basicDetails" time="167.348" classname="com.CBI_Jan23.tc.TC004_CBIBasicDetails"/>
  <testcase name="basicDetails" time="167.524" classname="com.CBI_Jan23.tc.TC004_CBIBasicDetails"/>
  <testcase name="basicDetails" time="167.212" classname="com.CBI_Jan23.tc.TC004_CBIBasicDetails"/>
  <testcase name="basicDetails" time="170.909" classname="com.CBI_Jan23.tc.TC004_CBIBasicDetails"/>
  <testcase name="basicDetails" time="170.673" classname="com.CBI_Jan23.tc.TC004_CBIBasicDetails"/>
  <testcase name="basicDetails" time="170.837" classname="com.CBI_Jan23.tc.TC004_CBIBasicDetails"/>
  <testcase name="basicDetails" time="170.688" classname="com.CBI_Jan23.tc.TC004_CBIBasicDetails"/>
  <testcase name="basicDetails" time="170.431" classname="com.CBI_Jan23.tc.TC004_CBIBasicDetails"/>
  <testcase name="basicDetails" time="167.186" classname="com.CBI_Jan23.tc.TC004_CBIBasicDetails"/>
  <testcase name="basicDetails" time="170.460" classname="com.CBI_Jan23.tc.TC004_CBIBasicDetails"/>
  <testcase name="basicDetails" time="167.588" classname="com.CBI_Jan23.tc.TC004_CBIBasicDetails"/>
  <testcase name="basicDetails" time="167.744" classname="com.CBI_Jan23.tc.TC004_CBIBasicDetails"/>
</testsuite> <!-- com.CBI_Jan23.tc.TC004_CBIBasicDetails -->
