<?xml version="1.0" encoding="UTF-8"?>
<!-- Generated by org.testng.reporters.JUnitReportReporter -->
<testsuite skipped="0" hostname="MAA014482B" name="com.PNS.tc.TC005_PNBBasicDetails" tests="160" failures="0" timestamp="2023-06-15T00:12:04 IST" time="25310.344" errors="0">
  <testcase name="basicDetails" time="159.652" classname="com.PNS.tc.TC005_PNBBasicDetails"/>
  <testcase name="basicDetails" time="157.182" classname="com.PNS.tc.TC005_PNBBasicDetails"/>
  <testcase name="basicDetails" time="155.789" classname="com.PNS.tc.TC005_PNBBasicDetails"/>
  <testcase name="basicDetails" time="159.748" classname="com.PNS.tc.TC005_PNBBasicDetails"/>
  <testcase name="basicDetails" time="159.214" classname="com.PNS.tc.TC005_PNBBasicDetails"/>
  <testcase name="basicDetails" time="156.090" classname="com.PNS.tc.TC005_PNBBasicDetails"/>
  <testcase name="basicDetails" time="159.260" classname="com.PNS.tc.TC005_PNBBasicDetails"/>
  <testcase name="basicDetails" time="155.633" classname="com.PNS.tc.TC005_PNBBasicDetails"/>
  <testcase name="basicDetails" time="159.158" classname="com.PNS.tc.TC005_PNBBasicDetails"/>
  <testcase name="basicDetails" time="159.318" classname="com.PNS.tc.TC005_PNBBasicDetails"/>
  <testcase name="basicDetails" time="157.502" classname="com.PNS.tc.TC005_PNBBasicDetails"/>
  <testcase name="basicDetails" time="159.274" classname="com.PNS.tc.TC005_PNBBasicDetails"/>
  <testcase name="basicDetails" time="156.139" classname="com.PNS.tc.TC005_PNBBasicDetails"/>
  <testcase name="basicDetails" time="157.298" classname="com.PNS.tc.TC005_PNBBasicDetails"/>
  <testcase name="basicDetails" time="159.004" classname="com.PNS.tc.TC005_PNBBasicDetails"/>
  <testcase name="basicDetails" time="156.299" classname="com.PNS.tc.TC005_PNBBasicDetails"/>
  <testcase name="basicDetails" time="156.140" classname="com.PNS.tc.TC005_PNBBasicDetails"/>
  <testcase name="basicDetails" time="160.531" classname="com.PNS.tc.TC005_PNBBasicDetails"/>
  <testcase name="basicDetails" time="160.767" classname="com.PNS.tc.TC005_PNBBasicDetails"/>
  <testcase name="basicDetails" time="159.285" classname="com.PNS.tc.TC005_PNBBasicDetails"/>
  <testcase name="basicDetails" time="156.749" classname="com.PNS.tc.TC005_PNBBasicDetails"/>
  <testcase name="basicDetails" time="159.269" classname="com.PNS.tc.TC005_PNBBasicDetails"/>
  <testcase name="basicDetails" time="156.260" classname="com.PNS.tc.TC005_PNBBasicDetails"/>
  <testcase name="basicDetails" time="159.568" classname="com.PNS.tc.TC005_PNBBasicDetails"/>
  <testcase name="basicDetails" time="160.752" classname="com.PNS.tc.TC005_PNBBasicDetails"/>
  <testcase name="basicDetails" time="157.109" classname="com.PNS.tc.TC005_PNBBasicDetails"/>
  <testcase name="basicDetails" time="159.196" classname="com.PNS.tc.TC005_PNBBasicDetails"/>
  <testcase name="basicDetails" time="159.778" classname="com.PNS.tc.TC005_PNBBasicDetails"/>
  <testcase name="basicDetails" time="159.128" classname="com.PNS.tc.TC005_PNBBasicDetails"/>
  <testcase name="basicDetails" time="156.402" classname="com.PNS.tc.TC005_PNBBasicDetails"/>
  <testcase name="basicDetails" time="156.075" classname="com.PNS.tc.TC005_PNBBasicDetails"/>
  <testcase name="basicDetails" time="156.543" classname="com.PNS.tc.TC005_PNBBasicDetails"/>
  <testcase name="basicDetails" time="160.006" classname="com.PNS.tc.TC005_PNBBasicDetails"/>
  <testcase name="basicDetails" time="159.765" classname="com.PNS.tc.TC005_PNBBasicDetails"/>
  <testcase name="basicDetails" time="156.326" classname="com.PNS.tc.TC005_PNBBasicDetails"/>
  <testcase name="basicDetails" time="159.329" classname="com.PNS.tc.TC005_PNBBasicDetails"/>
  <testcase name="basicDetails" time="160.262" classname="com.PNS.tc.TC005_PNBBasicDetails"/>
  <testcase name="basicDetails" time="156.273" classname="com.PNS.tc.TC005_PNBBasicDetails"/>
  <testcase name="basicDetails" time="156.147" classname="com.PNS.tc.TC005_PNBBasicDetails"/>
  <testcase name="basicDetails" time="159.581" classname="com.PNS.tc.TC005_PNBBasicDetails"/>
  <testcase name="basicDetails" time="160.191" classname="com.PNS.tc.TC005_PNBBasicDetails"/>
  <testcase name="basicDetails" time="156.996" classname="com.PNS.tc.TC005_PNBBasicDetails"/>
  <testcase name="basicDetails" time="160.726" classname="com.PNS.tc.TC005_PNBBasicDetails"/>
  <testcase name="basicDetails" time="156.405" classname="com.PNS.tc.TC005_PNBBasicDetails"/>
  <testcase name="basicDetails" time="159.346" classname="com.PNS.tc.TC005_PNBBasicDetails"/>
  <testcase name="basicDetails" time="160.613" classname="com.PNS.tc.TC005_PNBBasicDetails"/>
  <testcase name="basicDetails" time="160.274" classname="com.PNS.tc.TC005_PNBBasicDetails"/>
  <testcase name="basicDetails" time="159.177" classname="com.PNS.tc.TC005_PNBBasicDetails"/>
  <testcase name="basicDetails" time="157.114" classname="com.PNS.tc.TC005_PNBBasicDetails"/>
  <testcase name="basicDetails" time="157.136" classname="com.PNS.tc.TC005_PNBBasicDetails"/>
  <testcase name="basicDetails" time="157.098" classname="com.PNS.tc.TC005_PNBBasicDetails"/>
  <testcase name="basicDetails" time="156.386" classname="com.PNS.tc.TC005_PNBBasicDetails"/>
  <testcase name="basicDetails" time="157.467" classname="com.PNS.tc.TC005_PNBBasicDetails"/>
  <testcase name="basicDetails" time="156.163" classname="com.PNS.tc.TC005_PNBBasicDetails"/>
  <testcase name="basicDetails" time="160.462" classname="com.PNS.tc.TC005_PNBBasicDetails"/>
  <testcase name="basicDetails" time="159.264" classname="com.PNS.tc.TC005_PNBBasicDetails"/>
  <testcase name="basicDetails" time="162.741" classname="com.PNS.tc.TC005_PNBBasicDetails"/>
  <testcase name="basicDetails" time="160.338" classname="com.PNS.tc.TC005_PNBBasicDetails"/>
  <testcase name="basicDetails" time="157.225" classname="com.PNS.tc.TC005_PNBBasicDetails"/>
  <testcase name="basicDetails" time="159.740" classname="com.PNS.tc.TC005_PNBBasicDetails"/>
  <testcase name="basicDetails" time="160.198" classname="com.PNS.tc.TC005_PNBBasicDetails"/>
  <testcase name="basicDetails" time="159.536" classname="com.PNS.tc.TC005_PNBBasicDetails"/>
  <testcase name="basicDetails" time="157.082" classname="com.PNS.tc.TC005_PNBBasicDetails"/>
  <testcase name="basicDetails" time="157.584" classname="com.PNS.tc.TC005_PNBBasicDetails"/>
  <testcase name="basicDetails" time="159.355" classname="com.PNS.tc.TC005_PNBBasicDetails"/>
  <testcase name="basicDetails" time="160.443" classname="com.PNS.tc.TC005_PNBBasicDetails"/>
  <testcase name="basicDetails" time="157.336" classname="com.PNS.tc.TC005_PNBBasicDetails"/>
  <testcase name="basicDetails" time="159.314" classname="com.PNS.tc.TC005_PNBBasicDetails"/>
  <testcase name="basicDetails" time="156.473" classname="com.PNS.tc.TC005_PNBBasicDetails"/>
  <testcase name="basicDetails" time="159.482" classname="com.PNS.tc.TC005_PNBBasicDetails"/>
  <testcase name="basicDetails" time="159.173" classname="com.PNS.tc.TC005_PNBBasicDetails"/>
  <testcase name="basicDetails" time="157.264" classname="com.PNS.tc.TC005_PNBBasicDetails"/>
  <testcase name="basicDetails" time="156.373" classname="com.PNS.tc.TC005_PNBBasicDetails"/>
  <testcase name="basicDetails" time="156.246" classname="com.PNS.tc.TC005_PNBBasicDetails"/>
  <testcase name="basicDetails" time="155.916" classname="com.PNS.tc.TC005_PNBBasicDetails"/>
  <testcase name="basicDetails" time="156.321" classname="com.PNS.tc.TC005_PNBBasicDetails"/>
  <testcase name="basicDetails" time="160.203" classname="com.PNS.tc.TC005_PNBBasicDetails"/>
  <testcase name="basicDetails" time="156.195" classname="com.PNS.tc.TC005_PNBBasicDetails"/>
  <testcase name="basicDetails" time="159.398" classname="com.PNS.tc.TC005_PNBBasicDetails"/>
  <testcase name="basicDetails" time="156.086" classname="com.PNS.tc.TC005_PNBBasicDetails"/>
  <testcase name="basicDetails" time="156.907" classname="com.PNS.tc.TC005_PNBBasicDetails"/>
  <testcase name="basicDetails" time="156.050" classname="com.PNS.tc.TC005_PNBBasicDetails"/>
  <testcase name="basicDetails" time="155.961" classname="com.PNS.tc.TC005_PNBBasicDetails"/>
  <testcase name="basicDetails" time="156.499" classname="com.PNS.tc.TC005_PNBBasicDetails"/>
  <testcase name="basicDetails" time="156.325" classname="com.PNS.tc.TC005_PNBBasicDetails"/>
  <testcase name="basicDetails" time="159.343" classname="com.PNS.tc.TC005_PNBBasicDetails"/>
  <testcase name="basicDetails" time="159.329" classname="com.PNS.tc.TC005_PNBBasicDetails"/>
  <testcase name="basicDetails" time="159.187" classname="com.PNS.tc.TC005_PNBBasicDetails"/>
  <testcase name="basicDetails" time="155.935" classname="com.PNS.tc.TC005_PNBBasicDetails"/>
  <testcase name="basicDetails" time="159.378" classname="com.PNS.tc.TC005_PNBBasicDetails"/>
  <testcase name="basicDetails" time="157.250" classname="com.PNS.tc.TC005_PNBBasicDetails"/>
  <testcase name="basicDetails" time="157.544" classname="com.PNS.tc.TC005_PNBBasicDetails"/>
  <testcase name="basicDetails" time="156.151" classname="com.PNS.tc.TC005_PNBBasicDetails"/>
  <testcase name="basicDetails" time="157.663" classname="com.PNS.tc.TC005_PNBBasicDetails"/>
  <testcase name="basicDetails" time="159.350" classname="com.PNS.tc.TC005_PNBBasicDetails"/>
  <testcase name="basicDetails" time="160.028" classname="com.PNS.tc.TC005_PNBBasicDetails"/>
  <testcase name="basicDetails" time="157.501" classname="com.PNS.tc.TC005_PNBBasicDetails"/>
  <testcase name="basicDetails" time="157.195" classname="com.PNS.tc.TC005_PNBBasicDetails"/>
  <testcase name="basicDetails" time="160.711" classname="com.PNS.tc.TC005_PNBBasicDetails"/>
  <testcase name="basicDetails" time="156.148" classname="com.PNS.tc.TC005_PNBBasicDetails"/>
  <testcase name="basicDetails" time="160.578" classname="com.PNS.tc.TC005_PNBBasicDetails"/>
  <testcase name="basicDetails" time="157.258" classname="com.PNS.tc.TC005_PNBBasicDetails"/>
  <testcase name="basicDetails" time="157.213" classname="com.PNS.tc.TC005_PNBBasicDetails"/>
  <testcase name="basicDetails" time="159.805" classname="com.PNS.tc.TC005_PNBBasicDetails"/>
  <testcase name="basicDetails" time="160.274" classname="com.PNS.tc.TC005_PNBBasicDetails"/>
  <testcase name="basicDetails" time="159.780" classname="com.PNS.tc.TC005_PNBBasicDetails"/>
  <testcase name="basicDetails" time="159.731" classname="com.PNS.tc.TC005_PNBBasicDetails"/>
  <testcase name="basicDetails" time="159.359" classname="com.PNS.tc.TC005_PNBBasicDetails"/>
  <testcase name="basicDetails" time="156.935" classname="com.PNS.tc.TC005_PNBBasicDetails"/>
  <testcase name="basicDetails" time="159.543" classname="com.PNS.tc.TC005_PNBBasicDetails"/>
  <testcase name="basicDetails" time="159.171" classname="com.PNS.tc.TC005_PNBBasicDetails"/>
  <testcase name="basicDetails" time="160.311" classname="com.PNS.tc.TC005_PNBBasicDetails"/>
  <testcase name="basicDetails" time="156.308" classname="com.PNS.tc.TC005_PNBBasicDetails"/>
  <testcase name="basicDetails" time="156.444" classname="com.PNS.tc.TC005_PNBBasicDetails"/>
  <testcase name="basicDetails" time="159.382" classname="com.PNS.tc.TC005_PNBBasicDetails"/>
  <testcase name="basicDetails" time="156.135" classname="com.PNS.tc.TC005_PNBBasicDetails"/>
  <testcase name="basicDetails" time="155.769" classname="com.PNS.tc.TC005_PNBBasicDetails"/>
  <testcase name="basicDetails" time="160.486" classname="com.PNS.tc.TC005_PNBBasicDetails"/>
  <testcase name="basicDetails" time="159.447" classname="com.PNS.tc.TC005_PNBBasicDetails"/>
  <testcase name="basicDetails" time="159.486" classname="com.PNS.tc.TC005_PNBBasicDetails"/>
  <testcase name="basicDetails" time="160.413" classname="com.PNS.tc.TC005_PNBBasicDetails"/>
  <testcase name="basicDetails" time="159.753" classname="com.PNS.tc.TC005_PNBBasicDetails"/>
  <testcase name="basicDetails" time="156.101" classname="com.PNS.tc.TC005_PNBBasicDetails"/>
  <testcase name="basicDetails" time="156.000" classname="com.PNS.tc.TC005_PNBBasicDetails"/>
  <testcase name="basicDetails" time="158.924" classname="com.PNS.tc.TC005_PNBBasicDetails"/>
  <testcase name="basicDetails" time="160.377" classname="com.PNS.tc.TC005_PNBBasicDetails"/>
  <testcase name="basicDetails" time="159.451" classname="com.PNS.tc.TC005_PNBBasicDetails"/>
  <testcase name="basicDetails" time="157.000" classname="com.PNS.tc.TC005_PNBBasicDetails"/>
  <testcase name="basicDetails" time="159.450" classname="com.PNS.tc.TC005_PNBBasicDetails"/>
  <testcase name="basicDetails" time="160.373" classname="com.PNS.tc.TC005_PNBBasicDetails"/>
  <testcase name="basicDetails" time="160.017" classname="com.PNS.tc.TC005_PNBBasicDetails"/>
  <testcase name="basicDetails" time="156.495" classname="com.PNS.tc.TC005_PNBBasicDetails"/>
  <testcase name="basicDetails" time="159.627" classname="com.PNS.tc.TC005_PNBBasicDetails"/>
  <testcase name="basicDetails" time="159.282" classname="com.PNS.tc.TC005_PNBBasicDetails"/>
  <testcase name="basicDetails" time="160.665" classname="com.PNS.tc.TC005_PNBBasicDetails"/>
  <testcase name="basicDetails" time="155.922" classname="com.PNS.tc.TC005_PNBBasicDetails"/>
  <testcase name="basicDetails" time="159.638" classname="com.PNS.tc.TC005_PNBBasicDetails"/>
  <testcase name="basicDetails" time="157.206" classname="com.PNS.tc.TC005_PNBBasicDetails"/>
  <testcase name="basicDetails" time="156.465" classname="com.PNS.tc.TC005_PNBBasicDetails"/>
  <testcase name="basicDetails" time="160.087" classname="com.PNS.tc.TC005_PNBBasicDetails"/>
  <testcase name="basicDetails" time="156.083" classname="com.PNS.tc.TC005_PNBBasicDetails"/>
  <testcase name="basicDetails" time="159.479" classname="com.PNS.tc.TC005_PNBBasicDetails"/>
  <testcase name="basicDetails" time="159.669" classname="com.PNS.tc.TC005_PNBBasicDetails"/>
  <testcase name="basicDetails" time="160.264" classname="com.PNS.tc.TC005_PNBBasicDetails"/>
  <testcase name="basicDetails" time="157.253" classname="com.PNS.tc.TC005_PNBBasicDetails"/>
  <testcase name="basicDetails" time="156.275" classname="com.PNS.tc.TC005_PNBBasicDetails"/>
  <testcase name="basicDetails" time="156.079" classname="com.PNS.tc.TC005_PNBBasicDetails"/>
  <testcase name="basicDetails" time="155.973" classname="com.PNS.tc.TC005_PNBBasicDetails"/>
  <testcase name="basicDetails" time="156.094" classname="com.PNS.tc.TC005_PNBBasicDetails"/>
  <testcase name="basicDetails" time="160.104" classname="com.PNS.tc.TC005_PNBBasicDetails"/>
  <testcase name="basicDetails" time="156.212" classname="com.PNS.tc.TC005_PNBBasicDetails"/>
  <testcase name="basicDetails" time="157.027" classname="com.PNS.tc.TC005_PNBBasicDetails"/>
  <testcase name="basicDetails" time="155.904" classname="com.PNS.tc.TC005_PNBBasicDetails"/>
  <testcase name="basicDetails" time="159.556" classname="com.PNS.tc.TC005_PNBBasicDetails"/>
  <testcase name="basicDetails" time="156.027" classname="com.PNS.tc.TC005_PNBBasicDetails"/>
  <testcase name="basicDetails" time="156.175" classname="com.PNS.tc.TC005_PNBBasicDetails"/>
  <testcase name="basicDetails" time="156.158" classname="com.PNS.tc.TC005_PNBBasicDetails"/>
  <testcase name="basicDetails" time="157.156" classname="com.PNS.tc.TC005_PNBBasicDetails"/>
  <testcase name="basicDetails" time="155.949" classname="com.PNS.tc.TC005_PNBBasicDetails"/>
  <testcase name="basicDetails" time="159.139" classname="com.PNS.tc.TC005_PNBBasicDetails"/>
</testsuite> <!-- com.PNS.tc.TC005_PNBBasicDetails -->
