<?xml version="1.0" encoding="UTF-8"?>
<!-- Generated by org.testng.reporters.JUnitReportReporter -->
<testsuite skipped="0" hostname="MAA014482B" name="com.PMC_Nagarshiv_May23.tc.TC004_PMCBasicDetails" tests="126" failures="0" timestamp="2023-05-21T04:25:21 IST" time="19404.389" errors="0">
  <testcase name="basicDetails" time="153.835" classname="com.PMC_Nagarshiv_May23.tc.TC004_PMCBasicDetails"/>
  <testcase name="basicDetails" time="153.315" classname="com.PMC_Nagarshiv_May23.tc.TC004_PMCBasicDetails"/>
  <testcase name="basicDetails" time="152.273" classname="com.PMC_Nagarshiv_May23.tc.TC004_PMCBasicDetails"/>
  <testcase name="basicDetails" time="153.192" classname="com.PMC_Nagarshiv_May23.tc.TC004_PMCBasicDetails"/>
  <testcase name="basicDetails" time="153.992" classname="com.PMC_Nagarshiv_May23.tc.TC004_PMCBasicDetails"/>
  <testcase name="basicDetails" time="153.572" classname="com.PMC_Nagarshiv_May23.tc.TC004_PMCBasicDetails"/>
  <testcase name="basicDetails" time="153.361" classname="com.PMC_Nagarshiv_May23.tc.TC004_PMCBasicDetails"/>
  <testcase name="basicDetails" time="156.796" classname="com.PMC_Nagarshiv_May23.tc.TC004_PMCBasicDetails"/>
  <testcase name="basicDetails" time="153.569" classname="com.PMC_Nagarshiv_May23.tc.TC004_PMCBasicDetails"/>
  <testcase name="basicDetails" time="153.476" classname="com.PMC_Nagarshiv_May23.tc.TC004_PMCBasicDetails"/>
  <testcase name="basicDetails" time="153.333" classname="com.PMC_Nagarshiv_May23.tc.TC004_PMCBasicDetails"/>
  <testcase name="basicDetails" time="153.637" classname="com.PMC_Nagarshiv_May23.tc.TC004_PMCBasicDetails"/>
  <testcase name="basicDetails" time="153.526" classname="com.PMC_Nagarshiv_May23.tc.TC004_PMCBasicDetails"/>
  <testcase name="basicDetails" time="155.859" classname="com.PMC_Nagarshiv_May23.tc.TC004_PMCBasicDetails"/>
  <testcase name="basicDetails" time="156.677" classname="com.PMC_Nagarshiv_May23.tc.TC004_PMCBasicDetails"/>
  <testcase name="basicDetails" time="152.310" classname="com.PMC_Nagarshiv_May23.tc.TC004_PMCBasicDetails"/>
  <testcase name="basicDetails" time="152.217" classname="com.PMC_Nagarshiv_May23.tc.TC004_PMCBasicDetails"/>
  <testcase name="basicDetails" time="152.236" classname="com.PMC_Nagarshiv_May23.tc.TC004_PMCBasicDetails"/>
  <testcase name="basicDetails" time="153.655" classname="com.PMC_Nagarshiv_May23.tc.TC004_PMCBasicDetails"/>
  <testcase name="basicDetails" time="170.379" classname="com.PMC_Nagarshiv_May23.tc.TC004_PMCBasicDetails"/>
  <testcase name="basicDetails" time="153.577" classname="com.PMC_Nagarshiv_May23.tc.TC004_PMCBasicDetails"/>
  <testcase name="basicDetails" time="153.167" classname="com.PMC_Nagarshiv_May23.tc.TC004_PMCBasicDetails"/>
  <testcase name="basicDetails" time="153.557" classname="com.PMC_Nagarshiv_May23.tc.TC004_PMCBasicDetails"/>
  <testcase name="basicDetails" time="152.490" classname="com.PMC_Nagarshiv_May23.tc.TC004_PMCBasicDetails"/>
  <testcase name="basicDetails" time="153.386" classname="com.PMC_Nagarshiv_May23.tc.TC004_PMCBasicDetails"/>
  <testcase name="basicDetails" time="153.384" classname="com.PMC_Nagarshiv_May23.tc.TC004_PMCBasicDetails"/>
  <testcase name="basicDetails" time="157.092" classname="com.PMC_Nagarshiv_May23.tc.TC004_PMCBasicDetails"/>
  <testcase name="basicDetails" time="153.384" classname="com.PMC_Nagarshiv_May23.tc.TC004_PMCBasicDetails"/>
  <testcase name="basicDetails" time="156.723" classname="com.PMC_Nagarshiv_May23.tc.TC004_PMCBasicDetails"/>
  <testcase name="basicDetails" time="153.250" classname="com.PMC_Nagarshiv_May23.tc.TC004_PMCBasicDetails"/>
  <testcase name="basicDetails" time="153.809" classname="com.PMC_Nagarshiv_May23.tc.TC004_PMCBasicDetails"/>
  <testcase name="basicDetails" time="153.469" classname="com.PMC_Nagarshiv_May23.tc.TC004_PMCBasicDetails"/>
  <testcase name="basicDetails" time="153.832" classname="com.PMC_Nagarshiv_May23.tc.TC004_PMCBasicDetails"/>
  <testcase name="basicDetails" time="153.851" classname="com.PMC_Nagarshiv_May23.tc.TC004_PMCBasicDetails"/>
  <testcase name="basicDetails" time="153.552" classname="com.PMC_Nagarshiv_May23.tc.TC004_PMCBasicDetails"/>
  <testcase name="basicDetails" time="153.789" classname="com.PMC_Nagarshiv_May23.tc.TC004_PMCBasicDetails"/>
  <testcase name="basicDetails" time="153.455" classname="com.PMC_Nagarshiv_May23.tc.TC004_PMCBasicDetails"/>
  <testcase name="basicDetails" time="152.272" classname="com.PMC_Nagarshiv_May23.tc.TC004_PMCBasicDetails"/>
  <testcase name="basicDetails" time="153.088" classname="com.PMC_Nagarshiv_May23.tc.TC004_PMCBasicDetails"/>
  <testcase name="basicDetails" time="152.621" classname="com.PMC_Nagarshiv_May23.tc.TC004_PMCBasicDetails"/>
  <testcase name="basicDetails" time="153.473" classname="com.PMC_Nagarshiv_May23.tc.TC004_PMCBasicDetails"/>
  <testcase name="basicDetails" time="157.055" classname="com.PMC_Nagarshiv_May23.tc.TC004_PMCBasicDetails"/>
  <testcase name="basicDetails" time="153.361" classname="com.PMC_Nagarshiv_May23.tc.TC004_PMCBasicDetails"/>
  <testcase name="basicDetails" time="153.652" classname="com.PMC_Nagarshiv_May23.tc.TC004_PMCBasicDetails"/>
  <testcase name="basicDetails" time="153.480" classname="com.PMC_Nagarshiv_May23.tc.TC004_PMCBasicDetails"/>
  <testcase name="basicDetails" time="153.388" classname="com.PMC_Nagarshiv_May23.tc.TC004_PMCBasicDetails"/>
  <testcase name="basicDetails" time="153.373" classname="com.PMC_Nagarshiv_May23.tc.TC004_PMCBasicDetails"/>
  <testcase name="basicDetails" time="153.916" classname="com.PMC_Nagarshiv_May23.tc.TC004_PMCBasicDetails"/>
  <testcase name="basicDetails" time="152.928" classname="com.PMC_Nagarshiv_May23.tc.TC004_PMCBasicDetails"/>
  <testcase name="basicDetails" time="153.520" classname="com.PMC_Nagarshiv_May23.tc.TC004_PMCBasicDetails"/>
  <testcase name="basicDetails" time="153.095" classname="com.PMC_Nagarshiv_May23.tc.TC004_PMCBasicDetails"/>
  <testcase name="basicDetails" time="152.613" classname="com.PMC_Nagarshiv_May23.tc.TC004_PMCBasicDetails"/>
  <testcase name="basicDetails" time="153.522" classname="com.PMC_Nagarshiv_May23.tc.TC004_PMCBasicDetails"/>
  <testcase name="basicDetails" time="156.747" classname="com.PMC_Nagarshiv_May23.tc.TC004_PMCBasicDetails"/>
  <testcase name="basicDetails" time="153.683" classname="com.PMC_Nagarshiv_May23.tc.TC004_PMCBasicDetails"/>
  <testcase name="basicDetails" time="153.317" classname="com.PMC_Nagarshiv_May23.tc.TC004_PMCBasicDetails"/>
  <testcase name="basicDetails" time="156.766" classname="com.PMC_Nagarshiv_May23.tc.TC004_PMCBasicDetails"/>
  <testcase name="basicDetails" time="153.562" classname="com.PMC_Nagarshiv_May23.tc.TC004_PMCBasicDetails"/>
  <testcase name="basicDetails" time="153.229" classname="com.PMC_Nagarshiv_May23.tc.TC004_PMCBasicDetails"/>
  <testcase name="basicDetails" time="153.459" classname="com.PMC_Nagarshiv_May23.tc.TC004_PMCBasicDetails"/>
  <testcase name="basicDetails" time="152.411" classname="com.PMC_Nagarshiv_May23.tc.TC004_PMCBasicDetails"/>
  <testcase name="basicDetails" time="152.280" classname="com.PMC_Nagarshiv_May23.tc.TC004_PMCBasicDetails"/>
  <testcase name="basicDetails" time="153.267" classname="com.PMC_Nagarshiv_May23.tc.TC004_PMCBasicDetails"/>
  <testcase name="basicDetails" time="153.405" classname="com.PMC_Nagarshiv_May23.tc.TC004_PMCBasicDetails"/>
  <testcase name="basicDetails" time="157.111" classname="com.PMC_Nagarshiv_May23.tc.TC004_PMCBasicDetails"/>
  <testcase name="basicDetails" time="153.360" classname="com.PMC_Nagarshiv_May23.tc.TC004_PMCBasicDetails"/>
  <testcase name="basicDetails" time="153.604" classname="com.PMC_Nagarshiv_May23.tc.TC004_PMCBasicDetails"/>
  <testcase name="basicDetails" time="153.708" classname="com.PMC_Nagarshiv_May23.tc.TC004_PMCBasicDetails"/>
  <testcase name="basicDetails" time="153.729" classname="com.PMC_Nagarshiv_May23.tc.TC004_PMCBasicDetails"/>
  <testcase name="basicDetails" time="153.515" classname="com.PMC_Nagarshiv_May23.tc.TC004_PMCBasicDetails"/>
  <testcase name="basicDetails" time="153.964" classname="com.PMC_Nagarshiv_May23.tc.TC004_PMCBasicDetails"/>
  <testcase name="basicDetails" time="157.837" classname="com.PMC_Nagarshiv_May23.tc.TC004_PMCBasicDetails"/>
  <testcase name="basicDetails" time="152.349" classname="com.PMC_Nagarshiv_May23.tc.TC004_PMCBasicDetails"/>
  <testcase name="basicDetails" time="153.375" classname="com.PMC_Nagarshiv_May23.tc.TC004_PMCBasicDetails"/>
  <testcase name="basicDetails" time="153.076" classname="com.PMC_Nagarshiv_May23.tc.TC004_PMCBasicDetails"/>
  <testcase name="basicDetails" time="156.828" classname="com.PMC_Nagarshiv_May23.tc.TC004_PMCBasicDetails"/>
  <testcase name="basicDetails" time="153.687" classname="com.PMC_Nagarshiv_May23.tc.TC004_PMCBasicDetails"/>
  <testcase name="basicDetails" time="153.672" classname="com.PMC_Nagarshiv_May23.tc.TC004_PMCBasicDetails"/>
  <testcase name="basicDetails" time="153.423" classname="com.PMC_Nagarshiv_May23.tc.TC004_PMCBasicDetails"/>
  <testcase name="basicDetails" time="153.247" classname="com.PMC_Nagarshiv_May23.tc.TC004_PMCBasicDetails"/>
  <testcase name="basicDetails" time="155.412" classname="com.PMC_Nagarshiv_May23.tc.TC004_PMCBasicDetails"/>
  <testcase name="basicDetails" time="153.725" classname="com.PMC_Nagarshiv_May23.tc.TC004_PMCBasicDetails"/>
  <testcase name="basicDetails" time="153.086" classname="com.PMC_Nagarshiv_May23.tc.TC004_PMCBasicDetails"/>
  <testcase name="basicDetails" time="153.176" classname="com.PMC_Nagarshiv_May23.tc.TC004_PMCBasicDetails"/>
  <testcase name="basicDetails" time="153.435" classname="com.PMC_Nagarshiv_May23.tc.TC004_PMCBasicDetails"/>
  <testcase name="basicDetails" time="156.482" classname="com.PMC_Nagarshiv_May23.tc.TC004_PMCBasicDetails"/>
  <testcase name="basicDetails" time="153.425" classname="com.PMC_Nagarshiv_May23.tc.TC004_PMCBasicDetails"/>
  <testcase name="basicDetails" time="153.699" classname="com.PMC_Nagarshiv_May23.tc.TC004_PMCBasicDetails"/>
  <testcase name="basicDetails" time="153.352" classname="com.PMC_Nagarshiv_May23.tc.TC004_PMCBasicDetails"/>
  <testcase name="basicDetails" time="153.640" classname="com.PMC_Nagarshiv_May23.tc.TC004_PMCBasicDetails"/>
  <testcase name="basicDetails" time="152.502" classname="com.PMC_Nagarshiv_May23.tc.TC004_PMCBasicDetails"/>
  <testcase name="basicDetails" time="156.692" classname="com.PMC_Nagarshiv_May23.tc.TC004_PMCBasicDetails"/>
  <testcase name="basicDetails" time="152.449" classname="com.PMC_Nagarshiv_May23.tc.TC004_PMCBasicDetails"/>
  <testcase name="basicDetails" time="153.934" classname="com.PMC_Nagarshiv_May23.tc.TC004_PMCBasicDetails"/>
  <testcase name="basicDetails" time="153.697" classname="com.PMC_Nagarshiv_May23.tc.TC004_PMCBasicDetails"/>
  <testcase name="basicDetails" time="153.568" classname="com.PMC_Nagarshiv_May23.tc.TC004_PMCBasicDetails"/>
  <testcase name="basicDetails" time="153.313" classname="com.PMC_Nagarshiv_May23.tc.TC004_PMCBasicDetails"/>
  <testcase name="basicDetails" time="152.144" classname="com.PMC_Nagarshiv_May23.tc.TC004_PMCBasicDetails"/>
  <testcase name="basicDetails" time="153.430" classname="com.PMC_Nagarshiv_May23.tc.TC004_PMCBasicDetails"/>
  <testcase name="basicDetails" time="153.454" classname="com.PMC_Nagarshiv_May23.tc.TC004_PMCBasicDetails"/>
  <testcase name="basicDetails" time="153.569" classname="com.PMC_Nagarshiv_May23.tc.TC004_PMCBasicDetails"/>
  <testcase name="basicDetails" time="157.075" classname="com.PMC_Nagarshiv_May23.tc.TC004_PMCBasicDetails"/>
  <testcase name="basicDetails" time="152.548" classname="com.PMC_Nagarshiv_May23.tc.TC004_PMCBasicDetails"/>
  <testcase name="basicDetails" time="156.566" classname="com.PMC_Nagarshiv_May23.tc.TC004_PMCBasicDetails"/>
  <testcase name="basicDetails" time="153.655" classname="com.PMC_Nagarshiv_May23.tc.TC004_PMCBasicDetails"/>
  <testcase name="basicDetails" time="153.360" classname="com.PMC_Nagarshiv_May23.tc.TC004_PMCBasicDetails"/>
  <testcase name="basicDetails" time="156.740" classname="com.PMC_Nagarshiv_May23.tc.TC004_PMCBasicDetails"/>
  <testcase name="basicDetails" time="152.449" classname="com.PMC_Nagarshiv_May23.tc.TC004_PMCBasicDetails"/>
  <testcase name="basicDetails" time="153.565" classname="com.PMC_Nagarshiv_May23.tc.TC004_PMCBasicDetails"/>
  <testcase name="basicDetails" time="156.943" classname="com.PMC_Nagarshiv_May23.tc.TC004_PMCBasicDetails"/>
  <testcase name="basicDetails" time="153.655" classname="com.PMC_Nagarshiv_May23.tc.TC004_PMCBasicDetails"/>
  <testcase name="basicDetails" time="153.516" classname="com.PMC_Nagarshiv_May23.tc.TC004_PMCBasicDetails"/>
  <testcase name="basicDetails" time="152.460" classname="com.PMC_Nagarshiv_May23.tc.TC004_PMCBasicDetails"/>
  <testcase name="basicDetails" time="153.305" classname="com.PMC_Nagarshiv_May23.tc.TC004_PMCBasicDetails"/>
  <testcase name="basicDetails" time="153.446" classname="com.PMC_Nagarshiv_May23.tc.TC004_PMCBasicDetails"/>
  <testcase name="basicDetails" time="153.554" classname="com.PMC_Nagarshiv_May23.tc.TC004_PMCBasicDetails"/>
  <testcase name="basicDetails" time="157.131" classname="com.PMC_Nagarshiv_May23.tc.TC004_PMCBasicDetails"/>
  <testcase name="basicDetails" time="153.098" classname="com.PMC_Nagarshiv_May23.tc.TC004_PMCBasicDetails"/>
  <testcase name="basicDetails" time="153.149" classname="com.PMC_Nagarshiv_May23.tc.TC004_PMCBasicDetails"/>
  <testcase name="basicDetails" time="153.787" classname="com.PMC_Nagarshiv_May23.tc.TC004_PMCBasicDetails"/>
  <testcase name="basicDetails" time="153.721" classname="com.PMC_Nagarshiv_May23.tc.TC004_PMCBasicDetails"/>
  <testcase name="basicDetails" time="156.682" classname="com.PMC_Nagarshiv_May23.tc.TC004_PMCBasicDetails"/>
  <testcase name="basicDetails" time="153.862" classname="com.PMC_Nagarshiv_May23.tc.TC004_PMCBasicDetails"/>
  <testcase name="basicDetails" time="153.483" classname="com.PMC_Nagarshiv_May23.tc.TC004_PMCBasicDetails"/>
  <testcase name="basicDetails" time="153.572" classname="com.PMC_Nagarshiv_May23.tc.TC004_PMCBasicDetails"/>
  <testcase name="basicDetails" time="153.931" classname="com.PMC_Nagarshiv_May23.tc.TC004_PMCBasicDetails"/>
</testsuite> <!-- com.PMC_Nagarshiv_May23.tc.TC004_PMCBasicDetails -->
