<?xml version="1.0" encoding="UTF-8"?>
<!-- Generated by org.testng.reporters.JUnitReportReporter -->
<testsuite skipped="0" hostname="MAA014482B" name="com.SARDAR.tc.TC001_SPUBasicDetails" tests="15" failures="0" timestamp="2022-09-28T18:08:18 IST" time="2487.943" errors="0">
  <testcase name="basicDetails" time="164.812" classname="com.SARDAR.tc.TC001_SPUBasicDetails"/>
  <testcase name="basicDetails" time="163.289" classname="com.SARDAR.tc.TC001_SPUBasicDetails"/>
  <testcase name="basicDetails" time="167.440" classname="com.SARDAR.tc.TC001_SPUBasicDetails"/>
  <testcase name="basicDetails" time="166.463" classname="com.SARDAR.tc.TC001_SPUBasicDetails"/>
  <testcase name="basicDetails" time="167.382" classname="com.SARDAR.tc.TC001_SPUBasicDetails"/>
  <testcase name="basicDetails" time="163.495" classname="com.SARDAR.tc.TC001_SPUBasicDetails"/>
  <testcase name="basicDetails" time="164.072" classname="com.SARDAR.tc.TC001_SPUBasicDetails"/>
  <testcase name="basicDetails" time="167.341" classname="com.SARDAR.tc.TC001_SPUBasicDetails"/>
  <testcase name="basicDetails" time="165.122" classname="com.SARDAR.tc.TC001_SPUBasicDetails"/>
  <testcase name="basicDetails" time="163.951" classname="com.SARDAR.tc.TC001_SPUBasicDetails"/>
  <testcase name="basicDetails" time="165.219" classname="com.SARDAR.tc.TC001_SPUBasicDetails"/>
  <testcase name="basicDetails" time="167.928" classname="com.SARDAR.tc.TC001_SPUBasicDetails"/>
  <testcase name="basicDetails" time="167.277" classname="com.SARDAR.tc.TC001_SPUBasicDetails"/>
  <testcase name="basicDetails" time="167.085" classname="com.SARDAR.tc.TC001_SPUBasicDetails"/>
  <testcase name="basicDetails" time="167.067" classname="com.SARDAR.tc.TC001_SPUBasicDetails"/>
</testsuite> <!-- com.SARDAR.tc.TC001_SPUBasicDetails -->
