<?xml version="1.0" encoding="UTF-8"?>
<!-- Generated by org.testng.reporters.JUnitReportReporter -->
<testsuite skipped="0" hostname="MAA014482B" name="com.DSYS_June23.tc.TC002_DSYSBasicDetails" tests="36" failures="0" timestamp="2023-07-22T15:33:38 IST" time="5751.927" errors="0">
  <testcase name="basicDetails" time="159.936" classname="com.DSYS_June23.tc.TC002_DSYSBasicDetails"/>
  <testcase name="basicDetails" time="160.046" classname="com.DSYS_June23.tc.TC002_DSYSBasicDetails"/>
  <testcase name="basicDetails" time="159.730" classname="com.DSYS_June23.tc.TC002_DSYSBasicDetails"/>
  <testcase name="basicDetails" time="159.935" classname="com.DSYS_June23.tc.TC002_DSYSBasicDetails"/>
  <testcase name="basicDetails" time="159.407" classname="com.DSYS_June23.tc.TC002_DSYSBasicDetails"/>
  <testcase name="basicDetails" time="159.753" classname="com.DSYS_June23.tc.TC002_DSYSBasicDetails"/>
  <testcase name="basicDetails" time="159.400" classname="com.DSYS_June23.tc.TC002_DSYSBasicDetails"/>
  <testcase name="basicDetails" time="159.788" classname="com.DSYS_June23.tc.TC002_DSYSBasicDetails"/>
  <testcase name="basicDetails" time="158.985" classname="com.DSYS_June23.tc.TC002_DSYSBasicDetails"/>
  <testcase name="basicDetails" time="160.278" classname="com.DSYS_June23.tc.TC002_DSYSBasicDetails"/>
  <testcase name="basicDetails" time="161.038" classname="com.DSYS_June23.tc.TC002_DSYSBasicDetails"/>
  <testcase name="basicDetails" time="159.561" classname="com.DSYS_June23.tc.TC002_DSYSBasicDetails"/>
  <testcase name="basicDetails" time="159.872" classname="com.DSYS_June23.tc.TC002_DSYSBasicDetails"/>
  <testcase name="basicDetails" time="161.072" classname="com.DSYS_June23.tc.TC002_DSYSBasicDetails"/>
  <testcase name="basicDetails" time="159.284" classname="com.DSYS_June23.tc.TC002_DSYSBasicDetails"/>
  <testcase name="basicDetails" time="159.234" classname="com.DSYS_June23.tc.TC002_DSYSBasicDetails"/>
  <testcase name="basicDetails" time="159.914" classname="com.DSYS_June23.tc.TC002_DSYSBasicDetails"/>
  <testcase name="basicDetails" time="159.812" classname="com.DSYS_June23.tc.TC002_DSYSBasicDetails"/>
  <testcase name="basicDetails" time="159.075" classname="com.DSYS_June23.tc.TC002_DSYSBasicDetails"/>
  <testcase name="basicDetails" time="160.508" classname="com.DSYS_June23.tc.TC002_DSYSBasicDetails"/>
  <testcase name="basicDetails" time="160.982" classname="com.DSYS_June23.tc.TC002_DSYSBasicDetails"/>
  <testcase name="basicDetails" time="160.105" classname="com.DSYS_June23.tc.TC002_DSYSBasicDetails"/>
  <testcase name="basicDetails" time="158.804" classname="com.DSYS_June23.tc.TC002_DSYSBasicDetails"/>
  <testcase name="basicDetails" time="159.851" classname="com.DSYS_June23.tc.TC002_DSYSBasicDetails"/>
  <testcase name="basicDetails" time="159.524" classname="com.DSYS_June23.tc.TC002_DSYSBasicDetails"/>
  <testcase name="basicDetails" time="159.416" classname="com.DSYS_June23.tc.TC002_DSYSBasicDetails"/>
  <testcase name="basicDetails" time="161.166" classname="com.DSYS_June23.tc.TC002_DSYSBasicDetails"/>
  <testcase name="basicDetails" time="159.421" classname="com.DSYS_June23.tc.TC002_DSYSBasicDetails"/>
  <testcase name="basicDetails" time="158.670" classname="com.DSYS_June23.tc.TC002_DSYSBasicDetails"/>
  <testcase name="basicDetails" time="160.720" classname="com.DSYS_June23.tc.TC002_DSYSBasicDetails"/>
  <testcase name="basicDetails" time="159.331" classname="com.DSYS_June23.tc.TC002_DSYSBasicDetails"/>
  <testcase name="basicDetails" time="158.764" classname="com.DSYS_June23.tc.TC002_DSYSBasicDetails"/>
  <testcase name="basicDetails" time="159.674" classname="com.DSYS_June23.tc.TC002_DSYSBasicDetails"/>
  <testcase name="basicDetails" time="159.797" classname="com.DSYS_June23.tc.TC002_DSYSBasicDetails"/>
  <testcase name="basicDetails" time="159.890" classname="com.DSYS_June23.tc.TC002_DSYSBasicDetails"/>
  <testcase name="basicDetails" time="159.184" classname="com.DSYS_June23.tc.TC002_DSYSBasicDetails"/>
</testsuite> <!-- com.DSYS_June23.tc.TC002_DSYSBasicDetails -->
