<?xml version="1.0" encoding="UTF-8"?>
<!-- Generated by org.testng.reporters.JUnitReportReporter -->
<testsuite skipped="0" hostname="MAA014482B" name="com.NBRD.tc.TC001_NABARDBasicDetails" tests="104" failures="0" timestamp="2022-07-07T13:50:15 IST" time="13273.780" errors="0">
  <testcase name="basicDetails" time="125.508" classname="com.NBRD.tc.TC001_NABARDBasicDetails"/>
  <testcase name="basicDetails" time="128.987" classname="com.NBRD.tc.TC001_NABARDBasicDetails"/>
  <testcase name="basicDetails" time="126.236" classname="com.NBRD.tc.TC001_NABARDBasicDetails"/>
  <testcase name="basicDetails" time="129.161" classname="com.NBRD.tc.TC001_NABARDBasicDetails"/>
  <testcase name="basicDetails" time="129.488" classname="com.NBRD.tc.TC001_NABARDBasicDetails"/>
  <testcase name="basicDetails" time="129.155" classname="com.NBRD.tc.TC001_NABARDBasicDetails"/>
  <testcase name="basicDetails" time="125.474" classname="com.NBRD.tc.TC001_NABARDBasicDetails"/>
  <testcase name="basicDetails" time="129.883" classname="com.NBRD.tc.TC001_NABARDBasicDetails"/>
  <testcase name="basicDetails" time="126.768" classname="com.NBRD.tc.TC001_NABARDBasicDetails"/>
  <testcase name="basicDetails" time="129.994" classname="com.NBRD.tc.TC001_NABARDBasicDetails"/>
  <testcase name="basicDetails" time="129.120" classname="com.NBRD.tc.TC001_NABARDBasicDetails"/>
  <testcase name="basicDetails" time="129.664" classname="com.NBRD.tc.TC001_NABARDBasicDetails"/>
  <testcase name="basicDetails" time="125.425" classname="com.NBRD.tc.TC001_NABARDBasicDetails"/>
  <testcase name="basicDetails" time="126.124" classname="com.NBRD.tc.TC001_NABARDBasicDetails"/>
  <testcase name="basicDetails" time="125.548" classname="com.NBRD.tc.TC001_NABARDBasicDetails"/>
  <testcase name="basicDetails" time="126.045" classname="com.NBRD.tc.TC001_NABARDBasicDetails"/>
  <testcase name="basicDetails" time="125.582" classname="com.NBRD.tc.TC001_NABARDBasicDetails"/>
  <testcase name="basicDetails" time="126.052" classname="com.NBRD.tc.TC001_NABARDBasicDetails"/>
  <testcase name="basicDetails" time="125.428" classname="com.NBRD.tc.TC001_NABARDBasicDetails"/>
  <testcase name="basicDetails" time="125.765" classname="com.NBRD.tc.TC001_NABARDBasicDetails"/>
  <testcase name="basicDetails" time="125.624" classname="com.NBRD.tc.TC001_NABARDBasicDetails"/>
  <testcase name="basicDetails" time="128.989" classname="com.NBRD.tc.TC001_NABARDBasicDetails"/>
  <testcase name="basicDetails" time="126.220" classname="com.NBRD.tc.TC001_NABARDBasicDetails"/>
  <testcase name="basicDetails" time="125.227" classname="com.NBRD.tc.TC001_NABARDBasicDetails"/>
  <testcase name="basicDetails" time="129.408" classname="com.NBRD.tc.TC001_NABARDBasicDetails"/>
  <testcase name="basicDetails" time="129.233" classname="com.NBRD.tc.TC001_NABARDBasicDetails"/>
  <testcase name="basicDetails" time="129.127" classname="com.NBRD.tc.TC001_NABARDBasicDetails"/>
  <testcase name="basicDetails" time="129.048" classname="com.NBRD.tc.TC001_NABARDBasicDetails"/>
  <testcase name="basicDetails" time="125.934" classname="com.NBRD.tc.TC001_NABARDBasicDetails"/>
  <testcase name="basicDetails" time="125.420" classname="com.NBRD.tc.TC001_NABARDBasicDetails"/>
  <testcase name="basicDetails" time="129.166" classname="com.NBRD.tc.TC001_NABARDBasicDetails"/>
  <testcase name="basicDetails" time="129.226" classname="com.NBRD.tc.TC001_NABARDBasicDetails"/>
  <testcase name="basicDetails" time="125.545" classname="com.NBRD.tc.TC001_NABARDBasicDetails"/>
  <testcase name="basicDetails" time="125.370" classname="com.NBRD.tc.TC001_NABARDBasicDetails"/>
  <testcase name="basicDetails" time="125.483" classname="com.NBRD.tc.TC001_NABARDBasicDetails"/>
  <testcase name="basicDetails" time="129.078" classname="com.NBRD.tc.TC001_NABARDBasicDetails"/>
  <testcase name="basicDetails" time="129.424" classname="com.NBRD.tc.TC001_NABARDBasicDetails"/>
  <testcase name="basicDetails" time="129.215" classname="com.NBRD.tc.TC001_NABARDBasicDetails"/>
  <testcase name="basicDetails" time="125.753" classname="com.NBRD.tc.TC001_NABARDBasicDetails"/>
  <testcase name="basicDetails" time="129.445" classname="com.NBRD.tc.TC001_NABARDBasicDetails"/>
  <testcase name="basicDetails" time="128.640" classname="com.NBRD.tc.TC001_NABARDBasicDetails"/>
  <testcase name="basicDetails" time="125.929" classname="com.NBRD.tc.TC001_NABARDBasicDetails"/>
  <testcase name="basicDetails" time="125.606" classname="com.NBRD.tc.TC001_NABARDBasicDetails"/>
  <testcase name="basicDetails" time="129.498" classname="com.NBRD.tc.TC001_NABARDBasicDetails"/>
  <testcase name="basicDetails" time="129.304" classname="com.NBRD.tc.TC001_NABARDBasicDetails"/>
  <testcase name="basicDetails" time="130.257" classname="com.NBRD.tc.TC001_NABARDBasicDetails"/>
  <testcase name="basicDetails" time="128.848" classname="com.NBRD.tc.TC001_NABARDBasicDetails"/>
  <testcase name="basicDetails" time="128.764" classname="com.NBRD.tc.TC001_NABARDBasicDetails"/>
  <testcase name="basicDetails" time="125.916" classname="com.NBRD.tc.TC001_NABARDBasicDetails"/>
  <testcase name="basicDetails" time="129.321" classname="com.NBRD.tc.TC001_NABARDBasicDetails"/>
  <testcase name="basicDetails" time="125.430" classname="com.NBRD.tc.TC001_NABARDBasicDetails"/>
  <testcase name="basicDetails" time="129.347" classname="com.NBRD.tc.TC001_NABARDBasicDetails"/>
  <testcase name="basicDetails" time="125.765" classname="com.NBRD.tc.TC001_NABARDBasicDetails"/>
  <testcase name="basicDetails" time="129.152" classname="com.NBRD.tc.TC001_NABARDBasicDetails"/>
  <testcase name="basicDetails" time="128.928" classname="com.NBRD.tc.TC001_NABARDBasicDetails"/>
  <testcase name="basicDetails" time="125.932" classname="com.NBRD.tc.TC001_NABARDBasicDetails"/>
  <testcase name="basicDetails" time="125.822" classname="com.NBRD.tc.TC001_NABARDBasicDetails"/>
  <testcase name="basicDetails" time="130.009" classname="com.NBRD.tc.TC001_NABARDBasicDetails"/>
  <testcase name="basicDetails" time="125.664" classname="com.NBRD.tc.TC001_NABARDBasicDetails"/>
  <testcase name="basicDetails" time="125.850" classname="com.NBRD.tc.TC001_NABARDBasicDetails"/>
  <testcase name="basicDetails" time="129.315" classname="com.NBRD.tc.TC001_NABARDBasicDetails"/>
  <testcase name="basicDetails" time="129.823" classname="com.NBRD.tc.TC001_NABARDBasicDetails"/>
  <testcase name="basicDetails" time="125.685" classname="com.NBRD.tc.TC001_NABARDBasicDetails"/>
  <testcase name="basicDetails" time="125.777" classname="com.NBRD.tc.TC001_NABARDBasicDetails"/>
  <testcase name="basicDetails" time="125.528" classname="com.NBRD.tc.TC001_NABARDBasicDetails"/>
  <testcase name="basicDetails" time="126.333" classname="com.NBRD.tc.TC001_NABARDBasicDetails"/>
  <testcase name="basicDetails" time="129.781" classname="com.NBRD.tc.TC001_NABARDBasicDetails"/>
  <testcase name="basicDetails" time="126.003" classname="com.NBRD.tc.TC001_NABARDBasicDetails"/>
  <testcase name="basicDetails" time="129.161" classname="com.NBRD.tc.TC001_NABARDBasicDetails"/>
  <testcase name="basicDetails" time="126.137" classname="com.NBRD.tc.TC001_NABARDBasicDetails"/>
  <testcase name="basicDetails" time="129.788" classname="com.NBRD.tc.TC001_NABARDBasicDetails"/>
  <testcase name="basicDetails" time="125.511" classname="com.NBRD.tc.TC001_NABARDBasicDetails"/>
  <testcase name="basicDetails" time="126.964" classname="com.NBRD.tc.TC001_NABARDBasicDetails"/>
  <testcase name="basicDetails" time="125.774" classname="com.NBRD.tc.TC001_NABARDBasicDetails"/>
  <testcase name="basicDetails" time="127.848" classname="com.NBRD.tc.TC001_NABARDBasicDetails"/>
  <testcase name="basicDetails" time="126.669" classname="com.NBRD.tc.TC001_NABARDBasicDetails"/>
  <testcase name="basicDetails" time="130.060" classname="com.NBRD.tc.TC001_NABARDBasicDetails"/>
  <testcase name="basicDetails" time="129.380" classname="com.NBRD.tc.TC001_NABARDBasicDetails"/>
  <testcase name="basicDetails" time="128.782" classname="com.NBRD.tc.TC001_NABARDBasicDetails"/>
  <testcase name="basicDetails" time="129.025" classname="com.NBRD.tc.TC001_NABARDBasicDetails"/>
  <testcase name="basicDetails" time="129.497" classname="com.NBRD.tc.TC001_NABARDBasicDetails"/>
  <testcase name="basicDetails" time="125.820" classname="com.NBRD.tc.TC001_NABARDBasicDetails"/>
  <testcase name="basicDetails" time="129.196" classname="com.NBRD.tc.TC001_NABARDBasicDetails"/>
  <testcase name="basicDetails" time="129.142" classname="com.NBRD.tc.TC001_NABARDBasicDetails"/>
  <testcase name="basicDetails" time="125.799" classname="com.NBRD.tc.TC001_NABARDBasicDetails"/>
  <testcase name="basicDetails" time="128.913" classname="com.NBRD.tc.TC001_NABARDBasicDetails"/>
  <testcase name="basicDetails" time="129.290" classname="com.NBRD.tc.TC001_NABARDBasicDetails"/>
  <testcase name="basicDetails" time="125.399" classname="com.NBRD.tc.TC001_NABARDBasicDetails"/>
  <testcase name="basicDetails" time="129.106" classname="com.NBRD.tc.TC001_NABARDBasicDetails"/>
  <testcase name="basicDetails" time="126.050" classname="com.NBRD.tc.TC001_NABARDBasicDetails"/>
  <testcase name="basicDetails" time="129.539" classname="com.NBRD.tc.TC001_NABARDBasicDetails"/>
  <testcase name="basicDetails" time="129.939" classname="com.NBRD.tc.TC001_NABARDBasicDetails"/>
  <testcase name="basicDetails" time="129.549" classname="com.NBRD.tc.TC001_NABARDBasicDetails"/>
  <testcase name="basicDetails" time="126.411" classname="com.NBRD.tc.TC001_NABARDBasicDetails"/>
  <testcase name="basicDetails" time="125.629" classname="com.NBRD.tc.TC001_NABARDBasicDetails"/>
  <testcase name="basicDetails" time="129.027" classname="com.NBRD.tc.TC001_NABARDBasicDetails"/>
  <testcase name="basicDetails" time="126.024" classname="com.NBRD.tc.TC001_NABARDBasicDetails"/>
  <testcase name="basicDetails" time="125.967" classname="com.NBRD.tc.TC001_NABARDBasicDetails"/>
  <testcase name="basicDetails" time="129.588" classname="com.NBRD.tc.TC001_NABARDBasicDetails"/>
  <testcase name="basicDetails" time="128.867" classname="com.NBRD.tc.TC001_NABARDBasicDetails"/>
  <testcase name="basicDetails" time="125.839" classname="com.NBRD.tc.TC001_NABARDBasicDetails"/>
  <testcase name="basicDetails" time="129.763" classname="com.NBRD.tc.TC001_NABARDBasicDetails"/>
  <testcase name="basicDetails" time="125.724" classname="com.NBRD.tc.TC001_NABARDBasicDetails"/>
  <testcase name="basicDetails" time="129.034" classname="com.NBRD.tc.TC001_NABARDBasicDetails"/>
</testsuite> <!-- com.NBRD.tc.TC001_NABARDBasicDetails -->
