<?xml version="1.0" encoding="UTF-8"?>
<!-- Generated by org.testng.reporters.JUnitReportReporter -->
<testsuite skipped="0" hostname="MAA014482B" name="com.NAK.tc.TC005_NAKBasicDetails" tests="13" failures="0" timestamp="2022-09-01T15:18:38 IST" time="2132.448" errors="0">
  <testcase name="basicDetails" time="161.075" classname="com.NAK.tc.TC005_NAKBasicDetails"/>
  <testcase name="basicDetails" time="162.524" classname="com.NAK.tc.TC005_NAKBasicDetails"/>
  <testcase name="basicDetails" time="189.142" classname="com.NAK.tc.TC005_NAKBasicDetails"/>
  <testcase name="basicDetails" time="161.355" classname="com.NAK.tc.TC005_NAKBasicDetails"/>
  <testcase name="basicDetails" time="161.593" classname="com.NAK.tc.TC005_NAKBasicDetails"/>
  <testcase name="basicDetails" time="161.478" classname="com.NAK.tc.TC005_NAKBasicDetails"/>
  <testcase name="basicDetails" time="161.459" classname="com.NAK.tc.TC005_NAKBasicDetails"/>
  <testcase name="basicDetails" time="161.314" classname="com.NAK.tc.TC005_NAKBasicDetails"/>
  <testcase name="basicDetails" time="165.280" classname="com.NAK.tc.TC005_NAKBasicDetails"/>
  <testcase name="basicDetails" time="161.944" classname="com.NAK.tc.TC005_NAKBasicDetails"/>
  <testcase name="basicDetails" time="161.674" classname="com.NAK.tc.TC005_NAKBasicDetails"/>
  <testcase name="basicDetails" time="161.327" classname="com.NAK.tc.TC005_NAKBasicDetails"/>
  <testcase name="basicDetails" time="162.283" classname="com.NAK.tc.TC005_NAKBasicDetails"/>
</testsuite> <!-- com.NAK.tc.TC005_NAKBasicDetails -->
