<?xml version="1.0" encoding="UTF-8"?>
<!-- Generated by org.testng.reporters.JUnitReportReporter -->
<testsuite skipped="0" hostname="MAA014482B" name="com.DAMBCD_June23.tc.TC005_DAMBasicDetails" tests="180" failures="0" timestamp="2023-07-16T22:57:26 IST" time="31885.656" errors="0">
  <testcase name="basicDetails" time="189.316" classname="com.DAMBCD_June23.tc.TC005_DAMBasicDetails"/>
  <testcase name="basicDetails" time="167.799" classname="com.DAMBCD_June23.tc.TC005_DAMBasicDetails"/>
  <testcase name="basicDetails" time="192.050" classname="com.DAMBCD_June23.tc.TC005_DAMBasicDetails"/>
  <testcase name="basicDetails" time="189.815" classname="com.DAMBCD_June23.tc.TC005_DAMBasicDetails"/>
  <testcase name="basicDetails" time="189.907" classname="com.DAMBCD_June23.tc.TC005_DAMBasicDetails"/>
  <testcase name="basicDetails" time="189.966" classname="com.DAMBCD_June23.tc.TC005_DAMBasicDetails"/>
  <testcase name="basicDetails" time="189.656" classname="com.DAMBCD_June23.tc.TC005_DAMBasicDetails"/>
  <testcase name="basicDetails" time="192.276" classname="com.DAMBCD_June23.tc.TC005_DAMBasicDetails"/>
  <testcase name="basicDetails" time="170.192" classname="com.DAMBCD_June23.tc.TC005_DAMBasicDetails"/>
  <testcase name="basicDetails" time="169.906" classname="com.DAMBCD_June23.tc.TC005_DAMBasicDetails"/>
  <testcase name="basicDetails" time="167.387" classname="com.DAMBCD_June23.tc.TC005_DAMBasicDetails"/>
  <testcase name="basicDetails" time="167.527" classname="com.DAMBCD_June23.tc.TC005_DAMBasicDetails"/>
  <testcase name="basicDetails" time="167.684" classname="com.DAMBCD_June23.tc.TC005_DAMBasicDetails"/>
  <testcase name="basicDetails" time="189.594" classname="com.DAMBCD_June23.tc.TC005_DAMBasicDetails"/>
  <testcase name="basicDetails" time="190.047" classname="com.DAMBCD_June23.tc.TC005_DAMBasicDetails"/>
  <testcase name="basicDetails" time="167.578" classname="com.DAMBCD_June23.tc.TC005_DAMBasicDetails"/>
  <testcase name="basicDetails" time="189.780" classname="com.DAMBCD_June23.tc.TC005_DAMBasicDetails"/>
  <testcase name="basicDetails" time="167.426" classname="com.DAMBCD_June23.tc.TC005_DAMBasicDetails"/>
  <testcase name="basicDetails" time="192.058" classname="com.DAMBCD_June23.tc.TC005_DAMBasicDetails"/>
  <testcase name="basicDetails" time="167.777" classname="com.DAMBCD_June23.tc.TC005_DAMBasicDetails"/>
  <testcase name="basicDetails" time="167.493" classname="com.DAMBCD_June23.tc.TC005_DAMBasicDetails"/>
  <testcase name="basicDetails" time="167.499" classname="com.DAMBCD_June23.tc.TC005_DAMBasicDetails"/>
  <testcase name="basicDetails" time="167.630" classname="com.DAMBCD_June23.tc.TC005_DAMBasicDetails"/>
  <testcase name="basicDetails" time="169.781" classname="com.DAMBCD_June23.tc.TC005_DAMBasicDetails"/>
  <testcase name="basicDetails" time="162.391" classname="com.DAMBCD_June23.tc.TC005_DAMBasicDetails"/>
  <testcase name="basicDetails" time="189.780" classname="com.DAMBCD_June23.tc.TC005_DAMBasicDetails"/>
  <testcase name="basicDetails" time="189.695" classname="com.DAMBCD_June23.tc.TC005_DAMBasicDetails"/>
  <testcase name="basicDetails" time="167.682" classname="com.DAMBCD_June23.tc.TC005_DAMBasicDetails"/>
  <testcase name="basicDetails" time="189.615" classname="com.DAMBCD_June23.tc.TC005_DAMBasicDetails"/>
  <testcase name="basicDetails" time="167.608" classname="com.DAMBCD_June23.tc.TC005_DAMBasicDetails"/>
  <testcase name="basicDetails" time="191.891" classname="com.DAMBCD_June23.tc.TC005_DAMBasicDetails"/>
  <testcase name="basicDetails" time="168.094" classname="com.DAMBCD_June23.tc.TC005_DAMBasicDetails"/>
  <testcase name="basicDetails" time="167.542" classname="com.DAMBCD_June23.tc.TC005_DAMBasicDetails"/>
  <testcase name="basicDetails" time="169.522" classname="com.DAMBCD_June23.tc.TC005_DAMBasicDetails"/>
  <testcase name="basicDetails" time="167.460" classname="com.DAMBCD_June23.tc.TC005_DAMBasicDetails"/>
  <testcase name="basicDetails" time="189.637" classname="com.DAMBCD_June23.tc.TC005_DAMBasicDetails"/>
  <testcase name="basicDetails" time="167.652" classname="com.DAMBCD_June23.tc.TC005_DAMBasicDetails"/>
  <testcase name="basicDetails" time="168.304" classname="com.DAMBCD_June23.tc.TC005_DAMBasicDetails"/>
  <testcase name="basicDetails" time="167.713" classname="com.DAMBCD_June23.tc.TC005_DAMBasicDetails"/>
  <testcase name="basicDetails" time="190.007" classname="com.DAMBCD_June23.tc.TC005_DAMBasicDetails"/>
  <testcase name="basicDetails" time="191.931" classname="com.DAMBCD_June23.tc.TC005_DAMBasicDetails"/>
  <testcase name="basicDetails" time="190.008" classname="com.DAMBCD_June23.tc.TC005_DAMBasicDetails"/>
  <testcase name="basicDetails" time="189.772" classname="com.DAMBCD_June23.tc.TC005_DAMBasicDetails"/>
  <testcase name="basicDetails" time="170.259" classname="com.DAMBCD_June23.tc.TC005_DAMBasicDetails"/>
  <testcase name="basicDetails" time="189.819" classname="com.DAMBCD_June23.tc.TC005_DAMBasicDetails"/>
  <testcase name="basicDetails" time="167.654" classname="com.DAMBCD_June23.tc.TC005_DAMBasicDetails"/>
  <testcase name="basicDetails" time="167.405" classname="com.DAMBCD_June23.tc.TC005_DAMBasicDetails"/>
  <testcase name="basicDetails" time="189.905" classname="com.DAMBCD_June23.tc.TC005_DAMBasicDetails"/>
  <testcase name="basicDetails" time="167.847" classname="com.DAMBCD_June23.tc.TC005_DAMBasicDetails"/>
  <testcase name="basicDetails" time="167.457" classname="com.DAMBCD_June23.tc.TC005_DAMBasicDetails"/>
  <testcase name="basicDetails" time="170.370" classname="com.DAMBCD_June23.tc.TC005_DAMBasicDetails"/>
  <testcase name="basicDetails" time="169.435" classname="com.DAMBCD_June23.tc.TC005_DAMBasicDetails"/>
  <testcase name="basicDetails" time="167.471" classname="com.DAMBCD_June23.tc.TC005_DAMBasicDetails"/>
  <testcase name="basicDetails" time="167.627" classname="com.DAMBCD_June23.tc.TC005_DAMBasicDetails"/>
  <testcase name="basicDetails" time="192.307" classname="com.DAMBCD_June23.tc.TC005_DAMBasicDetails"/>
  <testcase name="basicDetails" time="189.784" classname="com.DAMBCD_June23.tc.TC005_DAMBasicDetails"/>
  <testcase name="basicDetails" time="189.646" classname="com.DAMBCD_June23.tc.TC005_DAMBasicDetails"/>
  <testcase name="basicDetails" time="167.373" classname="com.DAMBCD_June23.tc.TC005_DAMBasicDetails"/>
  <testcase name="basicDetails" time="190.106" classname="com.DAMBCD_June23.tc.TC005_DAMBasicDetails"/>
  <testcase name="basicDetails" time="169.964" classname="com.DAMBCD_June23.tc.TC005_DAMBasicDetails"/>
  <testcase name="basicDetails" time="167.600" classname="com.DAMBCD_June23.tc.TC005_DAMBasicDetails"/>
  <testcase name="basicDetails" time="189.987" classname="com.DAMBCD_June23.tc.TC005_DAMBasicDetails"/>
  <testcase name="basicDetails" time="191.907" classname="com.DAMBCD_June23.tc.TC005_DAMBasicDetails"/>
  <testcase name="basicDetails" time="189.796" classname="com.DAMBCD_June23.tc.TC005_DAMBasicDetails"/>
  <testcase name="basicDetails" time="169.878" classname="com.DAMBCD_June23.tc.TC005_DAMBasicDetails"/>
  <testcase name="basicDetails" time="170.288" classname="com.DAMBCD_June23.tc.TC005_DAMBasicDetails"/>
  <testcase name="basicDetails" time="168.008" classname="com.DAMBCD_June23.tc.TC005_DAMBasicDetails"/>
  <testcase name="basicDetails" time="189.703" classname="com.DAMBCD_June23.tc.TC005_DAMBasicDetails"/>
  <testcase name="basicDetails" time="167.317" classname="com.DAMBCD_June23.tc.TC005_DAMBasicDetails"/>
  <testcase name="basicDetails" time="167.997" classname="com.DAMBCD_June23.tc.TC005_DAMBasicDetails"/>
  <testcase name="basicDetails" time="167.611" classname="com.DAMBCD_June23.tc.TC005_DAMBasicDetails"/>
  <testcase name="basicDetails" time="167.932" classname="com.DAMBCD_June23.tc.TC005_DAMBasicDetails"/>
  <testcase name="basicDetails" time="167.727" classname="com.DAMBCD_June23.tc.TC005_DAMBasicDetails"/>
  <testcase name="basicDetails" time="189.621" classname="com.DAMBCD_June23.tc.TC005_DAMBasicDetails"/>
  <testcase name="basicDetails" time="189.554" classname="com.DAMBCD_June23.tc.TC005_DAMBasicDetails"/>
  <testcase name="basicDetails" time="167.781" classname="com.DAMBCD_June23.tc.TC005_DAMBasicDetails"/>
  <testcase name="basicDetails" time="168.010" classname="com.DAMBCD_June23.tc.TC005_DAMBasicDetails"/>
  <testcase name="basicDetails" time="189.948" classname="com.DAMBCD_June23.tc.TC005_DAMBasicDetails"/>
  <testcase name="basicDetails" time="190.174" classname="com.DAMBCD_June23.tc.TC005_DAMBasicDetails"/>
  <testcase name="basicDetails" time="169.414" classname="com.DAMBCD_June23.tc.TC005_DAMBasicDetails"/>
  <testcase name="basicDetails" time="192.128" classname="com.DAMBCD_June23.tc.TC005_DAMBasicDetails"/>
  <testcase name="basicDetails" time="167.235" classname="com.DAMBCD_June23.tc.TC005_DAMBasicDetails"/>
  <testcase name="basicDetails" time="189.890" classname="com.DAMBCD_June23.tc.TC005_DAMBasicDetails"/>
  <testcase name="basicDetails" time="190.039" classname="com.DAMBCD_June23.tc.TC005_DAMBasicDetails"/>
  <testcase name="basicDetails" time="192.406" classname="com.DAMBCD_June23.tc.TC005_DAMBasicDetails"/>
  <testcase name="basicDetails" time="190.079" classname="com.DAMBCD_June23.tc.TC005_DAMBasicDetails"/>
  <testcase name="basicDetails" time="167.394" classname="com.DAMBCD_June23.tc.TC005_DAMBasicDetails"/>
  <testcase name="basicDetails" time="189.693" classname="com.DAMBCD_June23.tc.TC005_DAMBasicDetails"/>
  <testcase name="basicDetails" time="167.577" classname="com.DAMBCD_June23.tc.TC005_DAMBasicDetails"/>
  <testcase name="basicDetails" time="167.455" classname="com.DAMBCD_June23.tc.TC005_DAMBasicDetails"/>
  <testcase name="basicDetails" time="167.344" classname="com.DAMBCD_June23.tc.TC005_DAMBasicDetails"/>
  <testcase name="basicDetails" time="169.560" classname="com.DAMBCD_June23.tc.TC005_DAMBasicDetails"/>
  <testcase name="basicDetails" time="189.905" classname="com.DAMBCD_June23.tc.TC005_DAMBasicDetails"/>
  <testcase name="basicDetails" time="189.734" classname="com.DAMBCD_June23.tc.TC005_DAMBasicDetails"/>
  <testcase name="basicDetails" time="167.881" classname="com.DAMBCD_June23.tc.TC005_DAMBasicDetails"/>
  <testcase name="basicDetails" time="169.882" classname="com.DAMBCD_June23.tc.TC005_DAMBasicDetails"/>
  <testcase name="basicDetails" time="167.805" classname="com.DAMBCD_June23.tc.TC005_DAMBasicDetails"/>
  <testcase name="basicDetails" time="167.103" classname="com.DAMBCD_June23.tc.TC005_DAMBasicDetails"/>
  <testcase name="basicDetails" time="162.745" classname="com.DAMBCD_June23.tc.TC005_DAMBasicDetails"/>
  <testcase name="basicDetails" time="189.940" classname="com.DAMBCD_June23.tc.TC005_DAMBasicDetails"/>
  <testcase name="basicDetails" time="167.602" classname="com.DAMBCD_June23.tc.TC005_DAMBasicDetails"/>
  <testcase name="basicDetails" time="167.739" classname="com.DAMBCD_June23.tc.TC005_DAMBasicDetails"/>
  <testcase name="basicDetails" time="190.035" classname="com.DAMBCD_June23.tc.TC005_DAMBasicDetails"/>
  <testcase name="basicDetails" time="169.764" classname="com.DAMBCD_June23.tc.TC005_DAMBasicDetails"/>
  <testcase name="basicDetails" time="167.475" classname="com.DAMBCD_June23.tc.TC005_DAMBasicDetails"/>
  <testcase name="basicDetails" time="167.542" classname="com.DAMBCD_June23.tc.TC005_DAMBasicDetails"/>
  <testcase name="basicDetails" time="189.623" classname="com.DAMBCD_June23.tc.TC005_DAMBasicDetails"/>
  <testcase name="basicDetails" time="170.064" classname="com.DAMBCD_June23.tc.TC005_DAMBasicDetails"/>
  <testcase name="basicDetails" time="167.438" classname="com.DAMBCD_June23.tc.TC005_DAMBasicDetails"/>
  <testcase name="basicDetails" time="170.161" classname="com.DAMBCD_June23.tc.TC005_DAMBasicDetails"/>
  <testcase name="basicDetails" time="189.847" classname="com.DAMBCD_June23.tc.TC005_DAMBasicDetails"/>
  <testcase name="basicDetails" time="190.096" classname="com.DAMBCD_June23.tc.TC005_DAMBasicDetails"/>
  <testcase name="basicDetails" time="167.490" classname="com.DAMBCD_June23.tc.TC005_DAMBasicDetails"/>
  <testcase name="basicDetails" time="189.978" classname="com.DAMBCD_June23.tc.TC005_DAMBasicDetails"/>
  <testcase name="basicDetails" time="189.920" classname="com.DAMBCD_June23.tc.TC005_DAMBasicDetails"/>
  <testcase name="basicDetails" time="170.131" classname="com.DAMBCD_June23.tc.TC005_DAMBasicDetails"/>
  <testcase name="basicDetails" time="189.734" classname="com.DAMBCD_June23.tc.TC005_DAMBasicDetails"/>
  <testcase name="basicDetails" time="167.683" classname="com.DAMBCD_June23.tc.TC005_DAMBasicDetails"/>
  <testcase name="basicDetails" time="167.597" classname="com.DAMBCD_June23.tc.TC005_DAMBasicDetails"/>
  <testcase name="basicDetails" time="170.003" classname="com.DAMBCD_June23.tc.TC005_DAMBasicDetails"/>
  <testcase name="basicDetails" time="162.706" classname="com.DAMBCD_June23.tc.TC005_DAMBasicDetails"/>
  <testcase name="basicDetails" time="167.758" classname="com.DAMBCD_June23.tc.TC005_DAMBasicDetails"/>
  <testcase name="basicDetails" time="167.559" classname="com.DAMBCD_June23.tc.TC005_DAMBasicDetails"/>
  <testcase name="basicDetails" time="189.856" classname="com.DAMBCD_June23.tc.TC005_DAMBasicDetails"/>
  <testcase name="basicDetails" time="167.711" classname="com.DAMBCD_June23.tc.TC005_DAMBasicDetails"/>
  <testcase name="basicDetails" time="189.902" classname="com.DAMBCD_June23.tc.TC005_DAMBasicDetails"/>
  <testcase name="basicDetails" time="167.253" classname="com.DAMBCD_June23.tc.TC005_DAMBasicDetails"/>
  <testcase name="basicDetails" time="189.902" classname="com.DAMBCD_June23.tc.TC005_DAMBasicDetails"/>
  <testcase name="basicDetails" time="189.720" classname="com.DAMBCD_June23.tc.TC005_DAMBasicDetails"/>
  <testcase name="basicDetails" time="189.776" classname="com.DAMBCD_June23.tc.TC005_DAMBasicDetails"/>
  <testcase name="basicDetails" time="167.973" classname="com.DAMBCD_June23.tc.TC005_DAMBasicDetails"/>
  <testcase name="basicDetails" time="169.930" classname="com.DAMBCD_June23.tc.TC005_DAMBasicDetails"/>
  <testcase name="basicDetails" time="167.792" classname="com.DAMBCD_June23.tc.TC005_DAMBasicDetails"/>
  <testcase name="basicDetails" time="169.740" classname="com.DAMBCD_June23.tc.TC005_DAMBasicDetails"/>
  <testcase name="basicDetails" time="167.823" classname="com.DAMBCD_June23.tc.TC005_DAMBasicDetails"/>
  <testcase name="basicDetails" time="169.530" classname="com.DAMBCD_June23.tc.TC005_DAMBasicDetails"/>
  <testcase name="basicDetails" time="167.875" classname="com.DAMBCD_June23.tc.TC005_DAMBasicDetails"/>
  <testcase name="basicDetails" time="189.635" classname="com.DAMBCD_June23.tc.TC005_DAMBasicDetails"/>
  <testcase name="basicDetails" time="192.144" classname="com.DAMBCD_June23.tc.TC005_DAMBasicDetails"/>
  <testcase name="basicDetails" time="169.933" classname="com.DAMBCD_June23.tc.TC005_DAMBasicDetails"/>
  <testcase name="basicDetails" time="167.556" classname="com.DAMBCD_June23.tc.TC005_DAMBasicDetails"/>
  <testcase name="basicDetails" time="190.086" classname="com.DAMBCD_June23.tc.TC005_DAMBasicDetails"/>
  <testcase name="basicDetails" time="167.095" classname="com.DAMBCD_June23.tc.TC005_DAMBasicDetails"/>
  <testcase name="basicDetails" time="169.728" classname="com.DAMBCD_June23.tc.TC005_DAMBasicDetails"/>
  <testcase name="basicDetails" time="192.072" classname="com.DAMBCD_June23.tc.TC005_DAMBasicDetails"/>
  <testcase name="basicDetails" time="169.878" classname="com.DAMBCD_June23.tc.TC005_DAMBasicDetails"/>
  <testcase name="basicDetails" time="167.418" classname="com.DAMBCD_June23.tc.TC005_DAMBasicDetails"/>
  <testcase name="basicDetails" time="189.825" classname="com.DAMBCD_June23.tc.TC005_DAMBasicDetails"/>
  <testcase name="basicDetails" time="192.324" classname="com.DAMBCD_June23.tc.TC005_DAMBasicDetails"/>
  <testcase name="basicDetails" time="167.570" classname="com.DAMBCD_June23.tc.TC005_DAMBasicDetails"/>
  <testcase name="basicDetails" time="169.819" classname="com.DAMBCD_June23.tc.TC005_DAMBasicDetails"/>
  <testcase name="basicDetails" time="192.494" classname="com.DAMBCD_June23.tc.TC005_DAMBasicDetails"/>
  <testcase name="basicDetails" time="167.630" classname="com.DAMBCD_June23.tc.TC005_DAMBasicDetails"/>
  <testcase name="basicDetails" time="189.578" classname="com.DAMBCD_June23.tc.TC005_DAMBasicDetails"/>
  <testcase name="basicDetails" time="169.778" classname="com.DAMBCD_June23.tc.TC005_DAMBasicDetails"/>
  <testcase name="basicDetails" time="192.134" classname="com.DAMBCD_June23.tc.TC005_DAMBasicDetails"/>
  <testcase name="basicDetails" time="190.078" classname="com.DAMBCD_June23.tc.TC005_DAMBasicDetails"/>
  <testcase name="basicDetails" time="167.757" classname="com.DAMBCD_June23.tc.TC005_DAMBasicDetails"/>
  <testcase name="basicDetails" time="167.059" classname="com.DAMBCD_June23.tc.TC005_DAMBasicDetails"/>
  <testcase name="basicDetails" time="170.000" classname="com.DAMBCD_June23.tc.TC005_DAMBasicDetails"/>
  <testcase name="basicDetails" time="167.773" classname="com.DAMBCD_June23.tc.TC005_DAMBasicDetails"/>
  <testcase name="basicDetails" time="189.857" classname="com.DAMBCD_June23.tc.TC005_DAMBasicDetails"/>
  <testcase name="basicDetails" time="167.573" classname="com.DAMBCD_June23.tc.TC005_DAMBasicDetails"/>
  <testcase name="basicDetails" time="189.786" classname="com.DAMBCD_June23.tc.TC005_DAMBasicDetails"/>
  <testcase name="basicDetails" time="167.782" classname="com.DAMBCD_June23.tc.TC005_DAMBasicDetails"/>
  <testcase name="basicDetails" time="167.620" classname="com.DAMBCD_June23.tc.TC005_DAMBasicDetails"/>
  <testcase name="basicDetails" time="169.971" classname="com.DAMBCD_June23.tc.TC005_DAMBasicDetails"/>
  <testcase name="basicDetails" time="167.378" classname="com.DAMBCD_June23.tc.TC005_DAMBasicDetails"/>
  <testcase name="basicDetails" time="169.889" classname="com.DAMBCD_June23.tc.TC005_DAMBasicDetails"/>
  <testcase name="basicDetails" time="169.861" classname="com.DAMBCD_June23.tc.TC005_DAMBasicDetails"/>
  <testcase name="basicDetails" time="167.704" classname="com.DAMBCD_June23.tc.TC005_DAMBasicDetails"/>
  <testcase name="basicDetails" time="189.936" classname="com.DAMBCD_June23.tc.TC005_DAMBasicDetails"/>
  <testcase name="basicDetails" time="167.797" classname="com.DAMBCD_June23.tc.TC005_DAMBasicDetails"/>
  <testcase name="basicDetails" time="190.099" classname="com.DAMBCD_June23.tc.TC005_DAMBasicDetails"/>
  <testcase name="basicDetails" time="169.936" classname="com.DAMBCD_June23.tc.TC005_DAMBasicDetails"/>
  <testcase name="basicDetails" time="192.050" classname="com.DAMBCD_June23.tc.TC005_DAMBasicDetails"/>
  <testcase name="basicDetails" time="190.133" classname="com.DAMBCD_June23.tc.TC005_DAMBasicDetails"/>
  <testcase name="basicDetails" time="192.203" classname="com.DAMBCD_June23.tc.TC005_DAMBasicDetails"/>
  <testcase name="basicDetails" time="167.319" classname="com.DAMBCD_June23.tc.TC005_DAMBasicDetails"/>
  <testcase name="basicDetails" time="189.744" classname="com.DAMBCD_June23.tc.TC005_DAMBasicDetails"/>
</testsuite> <!-- com.DAMBCD_June23.tc.TC005_DAMBasicDetails -->
