<?xml version="1.0" encoding="UTF-8"?>
<!-- Generated by org.testng.reporters.JUnitReportReporter -->
<testsuite skipped="0" hostname="MAA014482B" name="com.NABARD_27July22.tc.TC002_NABARDBasicDetails" tests="180" failures="0" timestamp="2022-08-30T02:06:39 IST" time="31677.078" errors="0">
  <testcase name="basicDetails" time="174.759" classname="com.NABARD_27July22.tc.TC002_NABARDBasicDetails"/>
  <testcase name="basicDetails" time="175.334" classname="com.NABARD_27July22.tc.TC002_NABARDBasicDetails"/>
  <testcase name="basicDetails" time="175.179" classname="com.NABARD_27July22.tc.TC002_NABARDBasicDetails"/>
  <testcase name="basicDetails" time="175.120" classname="com.NABARD_27July22.tc.TC002_NABARDBasicDetails"/>
  <testcase name="basicDetails" time="180.280" classname="com.NABARD_27July22.tc.TC002_NABARDBasicDetails"/>
  <testcase name="basicDetails" time="174.409" classname="com.NABARD_27July22.tc.TC002_NABARDBasicDetails"/>
  <testcase name="basicDetails" time="179.981" classname="com.NABARD_27July22.tc.TC002_NABARDBasicDetails"/>
  <testcase name="basicDetails" time="180.356" classname="com.NABARD_27July22.tc.TC002_NABARDBasicDetails"/>
  <testcase name="basicDetails" time="174.934" classname="com.NABARD_27July22.tc.TC002_NABARDBasicDetails"/>
  <testcase name="basicDetails" time="175.218" classname="com.NABARD_27July22.tc.TC002_NABARDBasicDetails"/>
  <testcase name="basicDetails" time="174.929" classname="com.NABARD_27July22.tc.TC002_NABARDBasicDetails"/>
  <testcase name="basicDetails" time="175.127" classname="com.NABARD_27July22.tc.TC002_NABARDBasicDetails"/>
  <testcase name="basicDetails" time="174.719" classname="com.NABARD_27July22.tc.TC002_NABARDBasicDetails"/>
  <testcase name="basicDetails" time="174.937" classname="com.NABARD_27July22.tc.TC002_NABARDBasicDetails"/>
  <testcase name="basicDetails" time="174.976" classname="com.NABARD_27July22.tc.TC002_NABARDBasicDetails"/>
  <testcase name="basicDetails" time="174.816" classname="com.NABARD_27July22.tc.TC002_NABARDBasicDetails"/>
  <testcase name="basicDetails" time="174.856" classname="com.NABARD_27July22.tc.TC002_NABARDBasicDetails"/>
  <testcase name="basicDetails" time="174.929" classname="com.NABARD_27July22.tc.TC002_NABARDBasicDetails"/>
  <testcase name="basicDetails" time="175.113" classname="com.NABARD_27July22.tc.TC002_NABARDBasicDetails"/>
  <testcase name="basicDetails" time="175.418" classname="com.NABARD_27July22.tc.TC002_NABARDBasicDetails"/>
  <testcase name="basicDetails" time="175.339" classname="com.NABARD_27July22.tc.TC002_NABARDBasicDetails"/>
  <testcase name="basicDetails" time="175.159" classname="com.NABARD_27July22.tc.TC002_NABARDBasicDetails"/>
  <testcase name="basicDetails" time="180.634" classname="com.NABARD_27July22.tc.TC002_NABARDBasicDetails"/>
  <testcase name="basicDetails" time="174.520" classname="com.NABARD_27July22.tc.TC002_NABARDBasicDetails"/>
  <testcase name="basicDetails" time="174.681" classname="com.NABARD_27July22.tc.TC002_NABARDBasicDetails"/>
  <testcase name="basicDetails" time="175.046" classname="com.NABARD_27July22.tc.TC002_NABARDBasicDetails"/>
  <testcase name="basicDetails" time="175.032" classname="com.NABARD_27July22.tc.TC002_NABARDBasicDetails"/>
  <testcase name="basicDetails" time="174.976" classname="com.NABARD_27July22.tc.TC002_NABARDBasicDetails"/>
  <testcase name="basicDetails" time="174.902" classname="com.NABARD_27July22.tc.TC002_NABARDBasicDetails"/>
  <testcase name="basicDetails" time="174.647" classname="com.NABARD_27July22.tc.TC002_NABARDBasicDetails"/>
  <testcase name="basicDetails" time="174.648" classname="com.NABARD_27July22.tc.TC002_NABARDBasicDetails"/>
  <testcase name="basicDetails" time="174.979" classname="com.NABARD_27July22.tc.TC002_NABARDBasicDetails"/>
  <testcase name="basicDetails" time="174.695" classname="com.NABARD_27July22.tc.TC002_NABARDBasicDetails"/>
  <testcase name="basicDetails" time="175.021" classname="com.NABARD_27July22.tc.TC002_NABARDBasicDetails"/>
  <testcase name="basicDetails" time="179.903" classname="com.NABARD_27July22.tc.TC002_NABARDBasicDetails"/>
  <testcase name="basicDetails" time="174.792" classname="com.NABARD_27July22.tc.TC002_NABARDBasicDetails"/>
  <testcase name="basicDetails" time="180.238" classname="com.NABARD_27July22.tc.TC002_NABARDBasicDetails"/>
  <testcase name="basicDetails" time="180.366" classname="com.NABARD_27July22.tc.TC002_NABARDBasicDetails"/>
  <testcase name="basicDetails" time="174.979" classname="com.NABARD_27July22.tc.TC002_NABARDBasicDetails"/>
  <testcase name="basicDetails" time="179.658" classname="com.NABARD_27July22.tc.TC002_NABARDBasicDetails"/>
  <testcase name="basicDetails" time="174.775" classname="com.NABARD_27July22.tc.TC002_NABARDBasicDetails"/>
  <testcase name="basicDetails" time="174.672" classname="com.NABARD_27July22.tc.TC002_NABARDBasicDetails"/>
  <testcase name="basicDetails" time="174.756" classname="com.NABARD_27July22.tc.TC002_NABARDBasicDetails"/>
  <testcase name="basicDetails" time="174.769" classname="com.NABARD_27July22.tc.TC002_NABARDBasicDetails"/>
  <testcase name="basicDetails" time="175.252" classname="com.NABARD_27July22.tc.TC002_NABARDBasicDetails"/>
  <testcase name="basicDetails" time="174.477" classname="com.NABARD_27July22.tc.TC002_NABARDBasicDetails"/>
  <testcase name="basicDetails" time="174.956" classname="com.NABARD_27July22.tc.TC002_NABARDBasicDetails"/>
  <testcase name="basicDetails" time="175.197" classname="com.NABARD_27July22.tc.TC002_NABARDBasicDetails"/>
  <testcase name="basicDetails" time="174.961" classname="com.NABARD_27July22.tc.TC002_NABARDBasicDetails"/>
  <testcase name="basicDetails" time="180.427" classname="com.NABARD_27July22.tc.TC002_NABARDBasicDetails"/>
  <testcase name="basicDetails" time="174.772" classname="com.NABARD_27July22.tc.TC002_NABARDBasicDetails"/>
  <testcase name="basicDetails" time="174.757" classname="com.NABARD_27July22.tc.TC002_NABARDBasicDetails"/>
  <testcase name="basicDetails" time="174.864" classname="com.NABARD_27July22.tc.TC002_NABARDBasicDetails"/>
  <testcase name="basicDetails" time="174.421" classname="com.NABARD_27July22.tc.TC002_NABARDBasicDetails"/>
  <testcase name="basicDetails" time="175.257" classname="com.NABARD_27July22.tc.TC002_NABARDBasicDetails"/>
  <testcase name="basicDetails" time="175.027" classname="com.NABARD_27July22.tc.TC002_NABARDBasicDetails"/>
  <testcase name="basicDetails" time="180.093" classname="com.NABARD_27July22.tc.TC002_NABARDBasicDetails"/>
  <testcase name="basicDetails" time="180.125" classname="com.NABARD_27July22.tc.TC002_NABARDBasicDetails"/>
  <testcase name="basicDetails" time="178.569" classname="com.NABARD_27July22.tc.TC002_NABARDBasicDetails"/>
  <testcase name="basicDetails" time="174.895" classname="com.NABARD_27July22.tc.TC002_NABARDBasicDetails"/>
  <testcase name="basicDetails" time="180.779" classname="com.NABARD_27July22.tc.TC002_NABARDBasicDetails"/>
  <testcase name="basicDetails" time="175.292" classname="com.NABARD_27July22.tc.TC002_NABARDBasicDetails"/>
  <testcase name="basicDetails" time="174.701" classname="com.NABARD_27July22.tc.TC002_NABARDBasicDetails"/>
  <testcase name="basicDetails" time="174.882" classname="com.NABARD_27July22.tc.TC002_NABARDBasicDetails"/>
  <testcase name="basicDetails" time="174.918" classname="com.NABARD_27July22.tc.TC002_NABARDBasicDetails"/>
  <testcase name="basicDetails" time="180.506" classname="com.NABARD_27July22.tc.TC002_NABARDBasicDetails"/>
  <testcase name="basicDetails" time="174.851" classname="com.NABARD_27July22.tc.TC002_NABARDBasicDetails"/>
  <testcase name="basicDetails" time="175.450" classname="com.NABARD_27July22.tc.TC002_NABARDBasicDetails"/>
  <testcase name="basicDetails" time="174.711" classname="com.NABARD_27July22.tc.TC002_NABARDBasicDetails"/>
  <testcase name="basicDetails" time="178.750" classname="com.NABARD_27July22.tc.TC002_NABARDBasicDetails"/>
  <testcase name="basicDetails" time="174.714" classname="com.NABARD_27July22.tc.TC002_NABARDBasicDetails"/>
  <testcase name="basicDetails" time="174.595" classname="com.NABARD_27July22.tc.TC002_NABARDBasicDetails"/>
  <testcase name="basicDetails" time="175.148" classname="com.NABARD_27July22.tc.TC002_NABARDBasicDetails"/>
  <testcase name="basicDetails" time="174.724" classname="com.NABARD_27July22.tc.TC002_NABARDBasicDetails"/>
  <testcase name="basicDetails" time="175.606" classname="com.NABARD_27July22.tc.TC002_NABARDBasicDetails"/>
  <testcase name="basicDetails" time="174.879" classname="com.NABARD_27July22.tc.TC002_NABARDBasicDetails"/>
  <testcase name="basicDetails" time="174.954" classname="com.NABARD_27July22.tc.TC002_NABARDBasicDetails"/>
  <testcase name="basicDetails" time="174.927" classname="com.NABARD_27July22.tc.TC002_NABARDBasicDetails"/>
  <testcase name="basicDetails" time="174.602" classname="com.NABARD_27July22.tc.TC002_NABARDBasicDetails"/>
  <testcase name="basicDetails" time="175.272" classname="com.NABARD_27July22.tc.TC002_NABARDBasicDetails"/>
  <testcase name="basicDetails" time="174.933" classname="com.NABARD_27July22.tc.TC002_NABARDBasicDetails"/>
  <testcase name="basicDetails" time="179.207" classname="com.NABARD_27July22.tc.TC002_NABARDBasicDetails"/>
  <testcase name="basicDetails" time="174.661" classname="com.NABARD_27July22.tc.TC002_NABARDBasicDetails"/>
  <testcase name="basicDetails" time="174.847" classname="com.NABARD_27July22.tc.TC002_NABARDBasicDetails"/>
  <testcase name="basicDetails" time="174.494" classname="com.NABARD_27July22.tc.TC002_NABARDBasicDetails"/>
  <testcase name="basicDetails" time="180.256" classname="com.NABARD_27July22.tc.TC002_NABARDBasicDetails"/>
  <testcase name="basicDetails" time="180.067" classname="com.NABARD_27July22.tc.TC002_NABARDBasicDetails"/>
  <testcase name="basicDetails" time="174.649" classname="com.NABARD_27July22.tc.TC002_NABARDBasicDetails"/>
  <testcase name="basicDetails" time="179.917" classname="com.NABARD_27July22.tc.TC002_NABARDBasicDetails"/>
  <testcase name="basicDetails" time="180.048" classname="com.NABARD_27July22.tc.TC002_NABARDBasicDetails"/>
  <testcase name="basicDetails" time="180.669" classname="com.NABARD_27July22.tc.TC002_NABARDBasicDetails"/>
  <testcase name="basicDetails" time="174.773" classname="com.NABARD_27July22.tc.TC002_NABARDBasicDetails"/>
  <testcase name="basicDetails" time="174.723" classname="com.NABARD_27July22.tc.TC002_NABARDBasicDetails"/>
  <testcase name="basicDetails" time="174.853" classname="com.NABARD_27July22.tc.TC002_NABARDBasicDetails"/>
  <testcase name="basicDetails" time="174.562" classname="com.NABARD_27July22.tc.TC002_NABARDBasicDetails"/>
  <testcase name="basicDetails" time="175.486" classname="com.NABARD_27July22.tc.TC002_NABARDBasicDetails"/>
  <testcase name="basicDetails" time="175.345" classname="com.NABARD_27July22.tc.TC002_NABARDBasicDetails"/>
  <testcase name="basicDetails" time="176.071" classname="com.NABARD_27July22.tc.TC002_NABARDBasicDetails"/>
  <testcase name="basicDetails" time="175.170" classname="com.NABARD_27July22.tc.TC002_NABARDBasicDetails"/>
  <testcase name="basicDetails" time="174.873" classname="com.NABARD_27July22.tc.TC002_NABARDBasicDetails"/>
  <testcase name="basicDetails" time="175.028" classname="com.NABARD_27July22.tc.TC002_NABARDBasicDetails"/>
  <testcase name="basicDetails" time="180.184" classname="com.NABARD_27July22.tc.TC002_NABARDBasicDetails"/>
  <testcase name="basicDetails" time="179.715" classname="com.NABARD_27July22.tc.TC002_NABARDBasicDetails"/>
  <testcase name="basicDetails" time="174.951" classname="com.NABARD_27July22.tc.TC002_NABARDBasicDetails"/>
  <testcase name="basicDetails" time="175.258" classname="com.NABARD_27July22.tc.TC002_NABARDBasicDetails"/>
  <testcase name="basicDetails" time="174.628" classname="com.NABARD_27July22.tc.TC002_NABARDBasicDetails"/>
  <testcase name="basicDetails" time="175.131" classname="com.NABARD_27July22.tc.TC002_NABARDBasicDetails"/>
  <testcase name="basicDetails" time="174.751" classname="com.NABARD_27July22.tc.TC002_NABARDBasicDetails"/>
  <testcase name="basicDetails" time="175.124" classname="com.NABARD_27July22.tc.TC002_NABARDBasicDetails"/>
  <testcase name="basicDetails" time="175.090" classname="com.NABARD_27July22.tc.TC002_NABARDBasicDetails"/>
  <testcase name="basicDetails" time="174.986" classname="com.NABARD_27July22.tc.TC002_NABARDBasicDetails"/>
  <testcase name="basicDetails" time="179.915" classname="com.NABARD_27July22.tc.TC002_NABARDBasicDetails"/>
  <testcase name="basicDetails" time="174.853" classname="com.NABARD_27July22.tc.TC002_NABARDBasicDetails"/>
  <testcase name="basicDetails" time="175.081" classname="com.NABARD_27July22.tc.TC002_NABARDBasicDetails"/>
  <testcase name="basicDetails" time="174.603" classname="com.NABARD_27July22.tc.TC002_NABARDBasicDetails"/>
  <testcase name="basicDetails" time="174.795" classname="com.NABARD_27July22.tc.TC002_NABARDBasicDetails"/>
  <testcase name="basicDetails" time="174.853" classname="com.NABARD_27July22.tc.TC002_NABARDBasicDetails"/>
  <testcase name="basicDetails" time="174.862" classname="com.NABARD_27July22.tc.TC002_NABARDBasicDetails"/>
  <testcase name="basicDetails" time="174.928" classname="com.NABARD_27July22.tc.TC002_NABARDBasicDetails"/>
  <testcase name="basicDetails" time="175.123" classname="com.NABARD_27July22.tc.TC002_NABARDBasicDetails"/>
  <testcase name="basicDetails" time="181.132" classname="com.NABARD_27July22.tc.TC002_NABARDBasicDetails"/>
  <testcase name="basicDetails" time="174.456" classname="com.NABARD_27July22.tc.TC002_NABARDBasicDetails"/>
  <testcase name="basicDetails" time="174.905" classname="com.NABARD_27July22.tc.TC002_NABARDBasicDetails"/>
  <testcase name="basicDetails" time="175.700" classname="com.NABARD_27July22.tc.TC002_NABARDBasicDetails"/>
  <testcase name="basicDetails" time="180.912" classname="com.NABARD_27July22.tc.TC002_NABARDBasicDetails"/>
  <testcase name="basicDetails" time="180.162" classname="com.NABARD_27July22.tc.TC002_NABARDBasicDetails"/>
  <testcase name="basicDetails" time="174.726" classname="com.NABARD_27July22.tc.TC002_NABARDBasicDetails"/>
  <testcase name="basicDetails" time="180.749" classname="com.NABARD_27July22.tc.TC002_NABARDBasicDetails"/>
  <testcase name="basicDetails" time="174.310" classname="com.NABARD_27July22.tc.TC002_NABARDBasicDetails"/>
  <testcase name="basicDetails" time="174.953" classname="com.NABARD_27July22.tc.TC002_NABARDBasicDetails"/>
  <testcase name="basicDetails" time="174.629" classname="com.NABARD_27July22.tc.TC002_NABARDBasicDetails"/>
  <testcase name="basicDetails" time="175.200" classname="com.NABARD_27July22.tc.TC002_NABARDBasicDetails"/>
  <testcase name="basicDetails" time="174.742" classname="com.NABARD_27July22.tc.TC002_NABARDBasicDetails"/>
  <testcase name="basicDetails" time="174.832" classname="com.NABARD_27July22.tc.TC002_NABARDBasicDetails"/>
  <testcase name="basicDetails" time="174.841" classname="com.NABARD_27July22.tc.TC002_NABARDBasicDetails"/>
  <testcase name="basicDetails" time="174.689" classname="com.NABARD_27July22.tc.TC002_NABARDBasicDetails"/>
  <testcase name="basicDetails" time="180.299" classname="com.NABARD_27July22.tc.TC002_NABARDBasicDetails"/>
  <testcase name="basicDetails" time="174.976" classname="com.NABARD_27July22.tc.TC002_NABARDBasicDetails"/>
  <testcase name="basicDetails" time="175.039" classname="com.NABARD_27July22.tc.TC002_NABARDBasicDetails"/>
  <testcase name="basicDetails" time="174.928" classname="com.NABARD_27July22.tc.TC002_NABARDBasicDetails"/>
  <testcase name="basicDetails" time="179.818" classname="com.NABARD_27July22.tc.TC002_NABARDBasicDetails"/>
  <testcase name="basicDetails" time="174.717" classname="com.NABARD_27July22.tc.TC002_NABARDBasicDetails"/>
  <testcase name="basicDetails" time="174.648" classname="com.NABARD_27July22.tc.TC002_NABARDBasicDetails"/>
  <testcase name="basicDetails" time="175.151" classname="com.NABARD_27July22.tc.TC002_NABARDBasicDetails"/>
  <testcase name="basicDetails" time="175.011" classname="com.NABARD_27July22.tc.TC002_NABARDBasicDetails"/>
  <testcase name="basicDetails" time="180.577" classname="com.NABARD_27July22.tc.TC002_NABARDBasicDetails"/>
  <testcase name="basicDetails" time="174.787" classname="com.NABARD_27July22.tc.TC002_NABARDBasicDetails"/>
  <testcase name="basicDetails" time="175.145" classname="com.NABARD_27July22.tc.TC002_NABARDBasicDetails"/>
  <testcase name="basicDetails" time="175.392" classname="com.NABARD_27July22.tc.TC002_NABARDBasicDetails"/>
  <testcase name="basicDetails" time="180.635" classname="com.NABARD_27July22.tc.TC002_NABARDBasicDetails"/>
  <testcase name="basicDetails" time="180.460" classname="com.NABARD_27July22.tc.TC002_NABARDBasicDetails"/>
  <testcase name="basicDetails" time="174.651" classname="com.NABARD_27July22.tc.TC002_NABARDBasicDetails"/>
  <testcase name="basicDetails" time="175.318" classname="com.NABARD_27July22.tc.TC002_NABARDBasicDetails"/>
  <testcase name="basicDetails" time="175.114" classname="com.NABARD_27July22.tc.TC002_NABARDBasicDetails"/>
  <testcase name="basicDetails" time="174.798" classname="com.NABARD_27July22.tc.TC002_NABARDBasicDetails"/>
  <testcase name="basicDetails" time="174.683" classname="com.NABARD_27July22.tc.TC002_NABARDBasicDetails"/>
  <testcase name="basicDetails" time="174.724" classname="com.NABARD_27July22.tc.TC002_NABARDBasicDetails"/>
  <testcase name="basicDetails" time="175.243" classname="com.NABARD_27July22.tc.TC002_NABARDBasicDetails"/>
  <testcase name="basicDetails" time="174.902" classname="com.NABARD_27July22.tc.TC002_NABARDBasicDetails"/>
  <testcase name="basicDetails" time="175.021" classname="com.NABARD_27July22.tc.TC002_NABARDBasicDetails"/>
  <testcase name="basicDetails" time="174.558" classname="com.NABARD_27July22.tc.TC002_NABARDBasicDetails"/>
  <testcase name="basicDetails" time="175.079" classname="com.NABARD_27July22.tc.TC002_NABARDBasicDetails"/>
  <testcase name="basicDetails" time="175.446" classname="com.NABARD_27July22.tc.TC002_NABARDBasicDetails"/>
  <testcase name="basicDetails" time="174.837" classname="com.NABARD_27July22.tc.TC002_NABARDBasicDetails"/>
  <testcase name="basicDetails" time="180.462" classname="com.NABARD_27July22.tc.TC002_NABARDBasicDetails"/>
  <testcase name="basicDetails" time="175.333" classname="com.NABARD_27July22.tc.TC002_NABARDBasicDetails"/>
  <testcase name="basicDetails" time="174.640" classname="com.NABARD_27July22.tc.TC002_NABARDBasicDetails"/>
  <testcase name="basicDetails" time="174.851" classname="com.NABARD_27July22.tc.TC002_NABARDBasicDetails"/>
  <testcase name="basicDetails" time="179.729" classname="com.NABARD_27July22.tc.TC002_NABARDBasicDetails"/>
  <testcase name="basicDetails" time="175.094" classname="com.NABARD_27July22.tc.TC002_NABARDBasicDetails"/>
  <testcase name="basicDetails" time="174.953" classname="com.NABARD_27July22.tc.TC002_NABARDBasicDetails"/>
  <testcase name="basicDetails" time="174.718" classname="com.NABARD_27July22.tc.TC002_NABARDBasicDetails"/>
  <testcase name="basicDetails" time="174.684" classname="com.NABARD_27July22.tc.TC002_NABARDBasicDetails"/>
  <testcase name="basicDetails" time="175.209" classname="com.NABARD_27July22.tc.TC002_NABARDBasicDetails"/>
  <testcase name="basicDetails" time="174.460" classname="com.NABARD_27July22.tc.TC002_NABARDBasicDetails"/>
  <testcase name="basicDetails" time="180.765" classname="com.NABARD_27July22.tc.TC002_NABARDBasicDetails"/>
  <testcase name="basicDetails" time="175.090" classname="com.NABARD_27July22.tc.TC002_NABARDBasicDetails"/>
  <testcase name="basicDetails" time="175.526" classname="com.NABARD_27July22.tc.TC002_NABARDBasicDetails"/>
  <testcase name="basicDetails" time="175.199" classname="com.NABARD_27July22.tc.TC002_NABARDBasicDetails"/>
  <testcase name="basicDetails" time="175.110" classname="com.NABARD_27July22.tc.TC002_NABARDBasicDetails"/>
</testsuite> <!-- com.NABARD_27July22.tc.TC002_NABARDBasicDetails -->
