<?xml version="1.0" encoding="UTF-8"?>
<!-- Generated by org.testng.reporters.JUnitReportReporter -->
<testsuite skipped="0" hostname="MAA014482B" name="com.NHBCOX_17Oct22.tc.TC002_NHBCOXBasicDetails" tests="12" failures="0" timestamp="2022-10-20T12:55:47 IST" time="1914.074" errors="0">
  <testcase name="basicDetails" time="163.016" classname="com.NHBCOX_17Oct22.tc.TC002_NHBCOXBasicDetails"/>
  <testcase name="basicDetails" time="159.483" classname="com.NHBCOX_17Oct22.tc.TC002_NHBCOXBasicDetails"/>
  <testcase name="basicDetails" time="159.473" classname="com.NHBCOX_17Oct22.tc.TC002_NHBCOXBasicDetails"/>
  <testcase name="basicDetails" time="160.931" classname="com.NHBCOX_17Oct22.tc.TC002_NHBCOXBasicDetails"/>
  <testcase name="basicDetails" time="157.127" classname="com.NHBCOX_17Oct22.tc.TC002_NHBCOXBasicDetails"/>
  <testcase name="basicDetails" time="158.642" classname="com.NHBCOX_17Oct22.tc.TC002_NHBCOXBasicDetails"/>
  <testcase name="basicDetails" time="161.173" classname="com.NHBCOX_17Oct22.tc.TC002_NHBCOXBasicDetails"/>
  <testcase name="basicDetails" time="159.136" classname="com.NHBCOX_17Oct22.tc.TC002_NHBCOXBasicDetails"/>
  <testcase name="basicDetails" time="160.058" classname="com.NHBCOX_17Oct22.tc.TC002_NHBCOXBasicDetails"/>
  <testcase name="basicDetails" time="157.533" classname="com.NHBCOX_17Oct22.tc.TC002_NHBCOXBasicDetails"/>
  <testcase name="basicDetails" time="158.598" classname="com.NHBCOX_17Oct22.tc.TC002_NHBCOXBasicDetails"/>
  <testcase name="basicDetails" time="158.904" classname="com.NHBCOX_17Oct22.tc.TC002_NHBCOXBasicDetails"/>
</testsuite> <!-- com.NHBCOX_17Oct22.tc.TC002_NHBCOXBasicDetails -->
