<?xml version="1.0" encoding="UTF-8"?>
<!-- Generated by org.testng.reporters.JUnitReportReporter -->
<testsuite skipped="0" hostname="MAA014482B" name="com.SARDAR.tc.TC003_SPUBasicDetails" tests="15" failures="0" timestamp="2022-09-28T18:08:18 IST" time="2770.706" errors="0">
  <testcase name="basicDetails" time="163.183" classname="com.SARDAR.tc.TC003_SPUBasicDetails"/>
  <testcase name="basicDetails" time="228.578" classname="com.SARDAR.tc.TC003_SPUBasicDetails"/>
  <testcase name="basicDetails" time="228.449" classname="com.SARDAR.tc.TC003_SPUBasicDetails"/>
  <testcase name="basicDetails" time="165.182" classname="com.SARDAR.tc.TC003_SPUBasicDetails"/>
  <testcase name="basicDetails" time="228.520" classname="com.SARDAR.tc.TC003_SPUBasicDetails"/>
  <testcase name="basicDetails" time="228.578" classname="com.SARDAR.tc.TC003_SPUBasicDetails"/>
  <testcase name="basicDetails" time="161.392" classname="com.SARDAR.tc.TC003_SPUBasicDetails"/>
  <testcase name="basicDetails" time="161.923" classname="com.SARDAR.tc.TC003_SPUBasicDetails"/>
  <testcase name="basicDetails" time="227.709" classname="com.SARDAR.tc.TC003_SPUBasicDetails"/>
  <testcase name="basicDetails" time="162.264" classname="com.SARDAR.tc.TC003_SPUBasicDetails"/>
  <testcase name="basicDetails" time="163.247" classname="com.SARDAR.tc.TC003_SPUBasicDetails"/>
  <testcase name="basicDetails" time="164.154" classname="com.SARDAR.tc.TC003_SPUBasicDetails"/>
  <testcase name="basicDetails" time="162.892" classname="com.SARDAR.tc.TC003_SPUBasicDetails"/>
  <testcase name="basicDetails" time="162.991" classname="com.SARDAR.tc.TC003_SPUBasicDetails"/>
  <testcase name="basicDetails" time="161.644" classname="com.SARDAR.tc.TC003_SPUBasicDetails"/>
</testsuite> <!-- com.SARDAR.tc.TC003_SPUBasicDetails -->
