<?xml version="1.0" encoding="UTF-8"?>
<!-- Generated by org.testng.reporters.JUnitReportReporter -->
<testsuite skipped="0" hostname="MAA014482B" name="com.MPRAJ_18Nov22.tc.TC001_MPRAJBasicDetails" tests="7" failures="0" timestamp="2023-03-20T12:58:53 IST" time="1144.953" errors="0">
  <testcase name="basicDetails" time="163.380" classname="com.MPRAJ_18Nov22.tc.TC001_MPRAJBasicDetails"/>
  <testcase name="basicDetails" time="161.965" classname="com.MPRAJ_18Nov22.tc.TC001_MPRAJBasicDetails"/>
  <testcase name="basicDetails" time="164.340" classname="com.MPRAJ_18Nov22.tc.TC001_MPRAJBasicDetails"/>
  <testcase name="basicDetails" time="163.696" classname="com.MPRAJ_18Nov22.tc.TC001_MPRAJBasicDetails"/>
  <testcase name="basicDetails" time="165.455" classname="com.MPRAJ_18Nov22.tc.TC001_MPRAJBasicDetails"/>
  <testcase name="basicDetails" time="161.713" classname="com.MPRAJ_18Nov22.tc.TC001_MPRAJBasicDetails"/>
  <testcase name="basicDetails" time="164.404" classname="com.MPRAJ_18Nov22.tc.TC001_MPRAJBasicDetails"/>
</testsuite> <!-- com.MPRAJ_18Nov22.tc.TC001_MPRAJBasicDetails -->
