<?xml version="1.0" encoding="UTF-8"?>
<!-- Generated by org.testng.reporters.JUnitReportReporter -->
<testsuite skipped="0" hostname="MAA014482B" name="com.IPPB.tc.TC002_IPPBBasicDetails" tests="17" failures="0" timestamp="2022-09-05T16:25:26 IST" time="2684.085" errors="0">
  <testcase name="basicDetails" time="159.114" classname="com.IPPB.tc.TC002_IPPBBasicDetails"/>
  <testcase name="basicDetails" time="158.758" classname="com.IPPB.tc.TC002_IPPBBasicDetails"/>
  <testcase name="basicDetails" time="157.075" classname="com.IPPB.tc.TC002_IPPBBasicDetails"/>
  <testcase name="basicDetails" time="157.101" classname="com.IPPB.tc.TC002_IPPBBasicDetails"/>
  <testcase name="basicDetails" time="159.059" classname="com.IPPB.tc.TC002_IPPBBasicDetails"/>
  <testcase name="basicDetails" time="157.275" classname="com.IPPB.tc.TC002_IPPBBasicDetails"/>
  <testcase name="basicDetails" time="157.451" classname="com.IPPB.tc.TC002_IPPBBasicDetails"/>
  <testcase name="basicDetails" time="159.102" classname="com.IPPB.tc.TC002_IPPBBasicDetails"/>
  <testcase name="basicDetails" time="158.590" classname="com.IPPB.tc.TC002_IPPBBasicDetails"/>
  <testcase name="basicDetails" time="159.278" classname="com.IPPB.tc.TC002_IPPBBasicDetails"/>
  <testcase name="basicDetails" time="156.524" classname="com.IPPB.tc.TC002_IPPBBasicDetails"/>
  <testcase name="basicDetails" time="156.446" classname="com.IPPB.tc.TC002_IPPBBasicDetails"/>
  <testcase name="basicDetails" time="159.424" classname="com.IPPB.tc.TC002_IPPBBasicDetails"/>
  <testcase name="basicDetails" time="158.943" classname="com.IPPB.tc.TC002_IPPBBasicDetails"/>
  <testcase name="basicDetails" time="157.043" classname="com.IPPB.tc.TC002_IPPBBasicDetails"/>
  <testcase name="basicDetails" time="156.520" classname="com.IPPB.tc.TC002_IPPBBasicDetails"/>
  <testcase name="basicDetails" time="156.382" classname="com.IPPB.tc.TC002_IPPBBasicDetails"/>
</testsuite> <!-- com.IPPB.tc.TC002_IPPBBasicDetails -->
