<?xml version="1.0" encoding="UTF-8"?>
<!-- Generated by org.testng.reporters.JUnitReportReporter -->
<testsuite skipped="0" hostname="MAA014482B" name="com.NSFDC.tc.TC004_NSFDCBasicDetails" tests="18" failures="0" timestamp="2022-06-28T23:27:38 IST" time="2501.759" errors="0">
  <testcase name="basicDetails" time="147.172" classname="com.NSFDC.tc.TC004_NSFDCBasicDetails"/>
  <testcase name="basicDetails" time="147.240" classname="com.NSFDC.tc.TC004_NSFDCBasicDetails"/>
  <testcase name="basicDetails" time="149.737" classname="com.NSFDC.tc.TC004_NSFDCBasicDetails"/>
  <testcase name="basicDetails" time="123.078" classname="com.NSFDC.tc.TC004_NSFDCBasicDetails"/>
  <testcase name="basicDetails" time="149.017" classname="com.NSFDC.tc.TC004_NSFDCBasicDetails"/>
  <testcase name="basicDetails" time="147.592" classname="com.NSFDC.tc.TC004_NSFDCBasicDetails"/>
  <testcase name="basicDetails" time="120.467" classname="com.NSFDC.tc.TC004_NSFDCBasicDetails"/>
  <testcase name="basicDetails" time="119.589" classname="com.NSFDC.tc.TC004_NSFDCBasicDetails"/>
  <testcase name="basicDetails" time="147.407" classname="com.NSFDC.tc.TC004_NSFDCBasicDetails"/>
  <testcase name="basicDetails" time="148.696" classname="com.NSFDC.tc.TC004_NSFDCBasicDetails"/>
  <testcase name="basicDetails" time="147.385" classname="com.NSFDC.tc.TC004_NSFDCBasicDetails"/>
  <testcase name="basicDetails" time="147.140" classname="com.NSFDC.tc.TC004_NSFDCBasicDetails"/>
  <testcase name="basicDetails" time="121.230" classname="com.NSFDC.tc.TC004_NSFDCBasicDetails"/>
  <testcase name="basicDetails" time="119.648" classname="com.NSFDC.tc.TC004_NSFDCBasicDetails"/>
  <testcase name="basicDetails" time="147.471" classname="com.NSFDC.tc.TC004_NSFDCBasicDetails"/>
  <testcase name="basicDetails" time="123.169" classname="com.NSFDC.tc.TC004_NSFDCBasicDetails"/>
  <testcase name="basicDetails" time="148.205" classname="com.NSFDC.tc.TC004_NSFDCBasicDetails"/>
  <testcase name="basicDetails" time="147.516" classname="com.NSFDC.tc.TC004_NSFDCBasicDetails"/>
</testsuite> <!-- com.NSFDC.tc.TC004_NSFDCBasicDetails -->
