<?xml version="1.0" encoding="UTF-8"?>
<!-- Generated by org.testng.reporters.JUnitReportReporter -->
<testsuite skipped="0" hostname="MAA014482B" name="com.PNB_May23.tc.TC002_PNBBasicDetails" tests="44" failures="0" timestamp="2023-05-16T14:41:00 IST" time="7157.927" errors="0">
  <testcase name="basicDetails" time="163.587" classname="com.PNB_May23.tc.TC002_PNBBasicDetails"/>
  <testcase name="basicDetails" time="161.753" classname="com.PNB_May23.tc.TC002_PNBBasicDetails"/>
  <testcase name="basicDetails" time="161.217" classname="com.PNB_May23.tc.TC002_PNBBasicDetails"/>
  <testcase name="basicDetails" time="161.745" classname="com.PNB_May23.tc.TC002_PNBBasicDetails"/>
  <testcase name="basicDetails" time="161.559" classname="com.PNB_May23.tc.TC002_PNBBasicDetails"/>
  <testcase name="basicDetails" time="162.032" classname="com.PNB_May23.tc.TC002_PNBBasicDetails"/>
  <testcase name="basicDetails" time="163.449" classname="com.PNB_May23.tc.TC002_PNBBasicDetails"/>
  <testcase name="basicDetails" time="161.304" classname="com.PNB_May23.tc.TC002_PNBBasicDetails"/>
  <testcase name="basicDetails" time="163.736" classname="com.PNB_May23.tc.TC002_PNBBasicDetails"/>
  <testcase name="basicDetails" time="163.358" classname="com.PNB_May23.tc.TC002_PNBBasicDetails"/>
  <testcase name="basicDetails" time="163.352" classname="com.PNB_May23.tc.TC002_PNBBasicDetails"/>
  <testcase name="basicDetails" time="162.023" classname="com.PNB_May23.tc.TC002_PNBBasicDetails"/>
  <testcase name="basicDetails" time="161.831" classname="com.PNB_May23.tc.TC002_PNBBasicDetails"/>
  <testcase name="basicDetails" time="163.256" classname="com.PNB_May23.tc.TC002_PNBBasicDetails"/>
  <testcase name="basicDetails" time="163.006" classname="com.PNB_May23.tc.TC002_PNBBasicDetails"/>
  <testcase name="basicDetails" time="161.784" classname="com.PNB_May23.tc.TC002_PNBBasicDetails"/>
  <testcase name="basicDetails" time="163.723" classname="com.PNB_May23.tc.TC002_PNBBasicDetails"/>
  <testcase name="basicDetails" time="161.819" classname="com.PNB_May23.tc.TC002_PNBBasicDetails"/>
  <testcase name="basicDetails" time="163.494" classname="com.PNB_May23.tc.TC002_PNBBasicDetails"/>
  <testcase name="basicDetails" time="161.753" classname="com.PNB_May23.tc.TC002_PNBBasicDetails"/>
  <testcase name="basicDetails" time="163.023" classname="com.PNB_May23.tc.TC002_PNBBasicDetails"/>
  <testcase name="basicDetails" time="170.948" classname="com.PNB_May23.tc.TC002_PNBBasicDetails"/>
  <testcase name="basicDetails" time="161.948" classname="com.PNB_May23.tc.TC002_PNBBasicDetails"/>
  <testcase name="basicDetails" time="162.916" classname="com.PNB_May23.tc.TC002_PNBBasicDetails"/>
  <testcase name="basicDetails" time="162.919" classname="com.PNB_May23.tc.TC002_PNBBasicDetails"/>
  <testcase name="basicDetails" time="163.085" classname="com.PNB_May23.tc.TC002_PNBBasicDetails"/>
  <testcase name="basicDetails" time="161.963" classname="com.PNB_May23.tc.TC002_PNBBasicDetails"/>
  <testcase name="basicDetails" time="161.749" classname="com.PNB_May23.tc.TC002_PNBBasicDetails"/>
  <testcase name="basicDetails" time="161.879" classname="com.PNB_May23.tc.TC002_PNBBasicDetails"/>
  <testcase name="basicDetails" time="161.740" classname="com.PNB_May23.tc.TC002_PNBBasicDetails"/>
  <testcase name="basicDetails" time="161.860" classname="com.PNB_May23.tc.TC002_PNBBasicDetails"/>
  <testcase name="basicDetails" time="161.915" classname="com.PNB_May23.tc.TC002_PNBBasicDetails"/>
  <testcase name="basicDetails" time="163.108" classname="com.PNB_May23.tc.TC002_PNBBasicDetails"/>
  <testcase name="basicDetails" time="161.480" classname="com.PNB_May23.tc.TC002_PNBBasicDetails"/>
  <testcase name="basicDetails" time="162.853" classname="com.PNB_May23.tc.TC002_PNBBasicDetails"/>
  <testcase name="basicDetails" time="163.292" classname="com.PNB_May23.tc.TC002_PNBBasicDetails"/>
  <testcase name="basicDetails" time="163.295" classname="com.PNB_May23.tc.TC002_PNBBasicDetails"/>
  <testcase name="basicDetails" time="161.960" classname="com.PNB_May23.tc.TC002_PNBBasicDetails"/>
  <testcase name="basicDetails" time="161.761" classname="com.PNB_May23.tc.TC002_PNBBasicDetails"/>
  <testcase name="basicDetails" time="164.764" classname="com.PNB_May23.tc.TC002_PNBBasicDetails"/>
  <testcase name="basicDetails" time="162.037" classname="com.PNB_May23.tc.TC002_PNBBasicDetails"/>
  <testcase name="basicDetails" time="162.876" classname="com.PNB_May23.tc.TC002_PNBBasicDetails"/>
  <testcase name="basicDetails" time="162.894" classname="com.PNB_May23.tc.TC002_PNBBasicDetails"/>
  <testcase name="basicDetails" time="161.881" classname="com.PNB_May23.tc.TC002_PNBBasicDetails"/>
</testsuite> <!-- com.PNB_May23.tc.TC002_PNBBasicDetails -->
