<?xml version="1.0" encoding="UTF-8"?>
<!-- Generated by org.testng.reporters.JUnitReportReporter -->
<testsuite skipped="0" hostname="MAA014482B" name="com.CAMP_March23.tc.TC005_CAMPBasicDetails" tests="180" failures="0" timestamp="2023-03-16T08:07:22 IST" time="28853.902" errors="0">
  <testcase name="basicDetails" time="160.434" classname="com.CAMP_March23.tc.TC005_CAMPBasicDetails"/>
  <testcase name="basicDetails" time="162.173" classname="com.CAMP_March23.tc.TC005_CAMPBasicDetails"/>
  <testcase name="basicDetails" time="163.469" classname="com.CAMP_March23.tc.TC005_CAMPBasicDetails"/>
  <testcase name="basicDetails" time="159.683" classname="com.CAMP_March23.tc.TC005_CAMPBasicDetails"/>
  <testcase name="basicDetails" time="159.785" classname="com.CAMP_March23.tc.TC005_CAMPBasicDetails"/>
  <testcase name="basicDetails" time="160.070" classname="com.CAMP_March23.tc.TC005_CAMPBasicDetails"/>
  <testcase name="basicDetails" time="159.871" classname="com.CAMP_March23.tc.TC005_CAMPBasicDetails"/>
  <testcase name="basicDetails" time="159.571" classname="com.CAMP_March23.tc.TC005_CAMPBasicDetails"/>
  <testcase name="basicDetails" time="160.110" classname="com.CAMP_March23.tc.TC005_CAMPBasicDetails"/>
  <testcase name="basicDetails" time="159.509" classname="com.CAMP_March23.tc.TC005_CAMPBasicDetails"/>
  <testcase name="basicDetails" time="160.071" classname="com.CAMP_March23.tc.TC005_CAMPBasicDetails"/>
  <testcase name="basicDetails" time="159.690" classname="com.CAMP_March23.tc.TC005_CAMPBasicDetails"/>
  <testcase name="basicDetails" time="160.000" classname="com.CAMP_March23.tc.TC005_CAMPBasicDetails"/>
  <testcase name="basicDetails" time="160.142" classname="com.CAMP_March23.tc.TC005_CAMPBasicDetails"/>
  <testcase name="basicDetails" time="160.197" classname="com.CAMP_March23.tc.TC005_CAMPBasicDetails"/>
  <testcase name="basicDetails" time="159.811" classname="com.CAMP_March23.tc.TC005_CAMPBasicDetails"/>
  <testcase name="basicDetails" time="160.001" classname="com.CAMP_March23.tc.TC005_CAMPBasicDetails"/>
  <testcase name="basicDetails" time="159.983" classname="com.CAMP_March23.tc.TC005_CAMPBasicDetails"/>
  <testcase name="basicDetails" time="161.814" classname="com.CAMP_March23.tc.TC005_CAMPBasicDetails"/>
  <testcase name="basicDetails" time="159.873" classname="com.CAMP_March23.tc.TC005_CAMPBasicDetails"/>
  <testcase name="basicDetails" time="160.210" classname="com.CAMP_March23.tc.TC005_CAMPBasicDetails"/>
  <testcase name="basicDetails" time="161.754" classname="com.CAMP_March23.tc.TC005_CAMPBasicDetails"/>
  <testcase name="basicDetails" time="159.243" classname="com.CAMP_March23.tc.TC005_CAMPBasicDetails"/>
  <testcase name="basicDetails" time="161.918" classname="com.CAMP_March23.tc.TC005_CAMPBasicDetails"/>
  <testcase name="basicDetails" time="162.176" classname="com.CAMP_March23.tc.TC005_CAMPBasicDetails"/>
  <testcase name="basicDetails" time="159.871" classname="com.CAMP_March23.tc.TC005_CAMPBasicDetails"/>
  <testcase name="basicDetails" time="159.960" classname="com.CAMP_March23.tc.TC005_CAMPBasicDetails"/>
  <testcase name="basicDetails" time="161.774" classname="com.CAMP_March23.tc.TC005_CAMPBasicDetails"/>
  <testcase name="basicDetails" time="159.567" classname="com.CAMP_March23.tc.TC005_CAMPBasicDetails"/>
  <testcase name="basicDetails" time="161.478" classname="com.CAMP_March23.tc.TC005_CAMPBasicDetails"/>
  <testcase name="basicDetails" time="158.457" classname="com.CAMP_March23.tc.TC005_CAMPBasicDetails"/>
  <testcase name="basicDetails" time="159.773" classname="com.CAMP_March23.tc.TC005_CAMPBasicDetails"/>
  <testcase name="basicDetails" time="159.637" classname="com.CAMP_March23.tc.TC005_CAMPBasicDetails"/>
  <testcase name="basicDetails" time="160.249" classname="com.CAMP_March23.tc.TC005_CAMPBasicDetails"/>
  <testcase name="basicDetails" time="162.309" classname="com.CAMP_March23.tc.TC005_CAMPBasicDetails"/>
  <testcase name="basicDetails" time="159.872" classname="com.CAMP_March23.tc.TC005_CAMPBasicDetails"/>
  <testcase name="basicDetails" time="159.647" classname="com.CAMP_March23.tc.TC005_CAMPBasicDetails"/>
  <testcase name="basicDetails" time="159.635" classname="com.CAMP_March23.tc.TC005_CAMPBasicDetails"/>
  <testcase name="basicDetails" time="159.440" classname="com.CAMP_March23.tc.TC005_CAMPBasicDetails"/>
  <testcase name="basicDetails" time="159.799" classname="com.CAMP_March23.tc.TC005_CAMPBasicDetails"/>
  <testcase name="basicDetails" time="160.374" classname="com.CAMP_March23.tc.TC005_CAMPBasicDetails"/>
  <testcase name="basicDetails" time="159.631" classname="com.CAMP_March23.tc.TC005_CAMPBasicDetails"/>
  <testcase name="basicDetails" time="159.589" classname="com.CAMP_March23.tc.TC005_CAMPBasicDetails"/>
  <testcase name="basicDetails" time="160.239" classname="com.CAMP_March23.tc.TC005_CAMPBasicDetails"/>
  <testcase name="basicDetails" time="159.795" classname="com.CAMP_March23.tc.TC005_CAMPBasicDetails"/>
  <testcase name="basicDetails" time="159.774" classname="com.CAMP_March23.tc.TC005_CAMPBasicDetails"/>
  <testcase name="basicDetails" time="160.364" classname="com.CAMP_March23.tc.TC005_CAMPBasicDetails"/>
  <testcase name="basicDetails" time="159.316" classname="com.CAMP_March23.tc.TC005_CAMPBasicDetails"/>
  <testcase name="basicDetails" time="160.353" classname="com.CAMP_March23.tc.TC005_CAMPBasicDetails"/>
  <testcase name="basicDetails" time="161.900" classname="com.CAMP_March23.tc.TC005_CAMPBasicDetails"/>
  <testcase name="basicDetails" time="159.939" classname="com.CAMP_March23.tc.TC005_CAMPBasicDetails"/>
  <testcase name="basicDetails" time="159.754" classname="com.CAMP_March23.tc.TC005_CAMPBasicDetails"/>
  <testcase name="basicDetails" time="160.122" classname="com.CAMP_March23.tc.TC005_CAMPBasicDetails"/>
  <testcase name="basicDetails" time="160.107" classname="com.CAMP_March23.tc.TC005_CAMPBasicDetails"/>
  <testcase name="basicDetails" time="162.422" classname="com.CAMP_March23.tc.TC005_CAMPBasicDetails"/>
  <testcase name="basicDetails" time="159.796" classname="com.CAMP_March23.tc.TC005_CAMPBasicDetails"/>
  <testcase name="basicDetails" time="164.494" classname="com.CAMP_March23.tc.TC005_CAMPBasicDetails"/>
  <testcase name="basicDetails" time="158.827" classname="com.CAMP_March23.tc.TC005_CAMPBasicDetails"/>
  <testcase name="basicDetails" time="159.855" classname="com.CAMP_March23.tc.TC005_CAMPBasicDetails"/>
  <testcase name="basicDetails" time="159.540" classname="com.CAMP_March23.tc.TC005_CAMPBasicDetails"/>
  <testcase name="basicDetails" time="159.988" classname="com.CAMP_March23.tc.TC005_CAMPBasicDetails"/>
  <testcase name="basicDetails" time="159.140" classname="com.CAMP_March23.tc.TC005_CAMPBasicDetails"/>
  <testcase name="basicDetails" time="159.879" classname="com.CAMP_March23.tc.TC005_CAMPBasicDetails"/>
  <testcase name="basicDetails" time="159.638" classname="com.CAMP_March23.tc.TC005_CAMPBasicDetails"/>
  <testcase name="basicDetails" time="159.522" classname="com.CAMP_March23.tc.TC005_CAMPBasicDetails"/>
  <testcase name="basicDetails" time="159.354" classname="com.CAMP_March23.tc.TC005_CAMPBasicDetails"/>
  <testcase name="basicDetails" time="158.437" classname="com.CAMP_March23.tc.TC005_CAMPBasicDetails"/>
  <testcase name="basicDetails" time="162.835" classname="com.CAMP_March23.tc.TC005_CAMPBasicDetails"/>
  <testcase name="basicDetails" time="160.061" classname="com.CAMP_March23.tc.TC005_CAMPBasicDetails"/>
  <testcase name="basicDetails" time="160.052" classname="com.CAMP_March23.tc.TC005_CAMPBasicDetails"/>
  <testcase name="basicDetails" time="161.005" classname="com.CAMP_March23.tc.TC005_CAMPBasicDetails"/>
  <testcase name="basicDetails" time="158.886" classname="com.CAMP_March23.tc.TC005_CAMPBasicDetails"/>
  <testcase name="basicDetails" time="159.531" classname="com.CAMP_March23.tc.TC005_CAMPBasicDetails"/>
  <testcase name="basicDetails" time="158.861" classname="com.CAMP_March23.tc.TC005_CAMPBasicDetails"/>
  <testcase name="basicDetails" time="159.863" classname="com.CAMP_March23.tc.TC005_CAMPBasicDetails"/>
  <testcase name="basicDetails" time="160.061" classname="com.CAMP_March23.tc.TC005_CAMPBasicDetails"/>
  <testcase name="basicDetails" time="159.866" classname="com.CAMP_March23.tc.TC005_CAMPBasicDetails"/>
  <testcase name="basicDetails" time="159.992" classname="com.CAMP_March23.tc.TC005_CAMPBasicDetails"/>
  <testcase name="basicDetails" time="159.958" classname="com.CAMP_March23.tc.TC005_CAMPBasicDetails"/>
  <testcase name="basicDetails" time="161.874" classname="com.CAMP_March23.tc.TC005_CAMPBasicDetails"/>
  <testcase name="basicDetails" time="159.957" classname="com.CAMP_March23.tc.TC005_CAMPBasicDetails"/>
  <testcase name="basicDetails" time="159.767" classname="com.CAMP_March23.tc.TC005_CAMPBasicDetails"/>
  <testcase name="basicDetails" time="162.253" classname="com.CAMP_March23.tc.TC005_CAMPBasicDetails"/>
  <testcase name="basicDetails" time="159.566" classname="com.CAMP_March23.tc.TC005_CAMPBasicDetails"/>
  <testcase name="basicDetails" time="159.733" classname="com.CAMP_March23.tc.TC005_CAMPBasicDetails"/>
  <testcase name="basicDetails" time="160.319" classname="com.CAMP_March23.tc.TC005_CAMPBasicDetails"/>
  <testcase name="basicDetails" time="159.554" classname="com.CAMP_March23.tc.TC005_CAMPBasicDetails"/>
  <testcase name="basicDetails" time="159.681" classname="com.CAMP_March23.tc.TC005_CAMPBasicDetails"/>
  <testcase name="basicDetails" time="160.539" classname="com.CAMP_March23.tc.TC005_CAMPBasicDetails"/>
  <testcase name="basicDetails" time="159.815" classname="com.CAMP_March23.tc.TC005_CAMPBasicDetails"/>
  <testcase name="basicDetails" time="161.725" classname="com.CAMP_March23.tc.TC005_CAMPBasicDetails"/>
  <testcase name="basicDetails" time="159.823" classname="com.CAMP_March23.tc.TC005_CAMPBasicDetails"/>
  <testcase name="basicDetails" time="159.739" classname="com.CAMP_March23.tc.TC005_CAMPBasicDetails"/>
  <testcase name="basicDetails" time="160.102" classname="com.CAMP_March23.tc.TC005_CAMPBasicDetails"/>
  <testcase name="basicDetails" time="159.424" classname="com.CAMP_March23.tc.TC005_CAMPBasicDetails"/>
  <testcase name="basicDetails" time="162.169" classname="com.CAMP_March23.tc.TC005_CAMPBasicDetails"/>
  <testcase name="basicDetails" time="160.113" classname="com.CAMP_March23.tc.TC005_CAMPBasicDetails"/>
  <testcase name="basicDetails" time="160.029" classname="com.CAMP_March23.tc.TC005_CAMPBasicDetails"/>
  <testcase name="basicDetails" time="160.566" classname="com.CAMP_March23.tc.TC005_CAMPBasicDetails"/>
  <testcase name="basicDetails" time="160.059" classname="com.CAMP_March23.tc.TC005_CAMPBasicDetails"/>
  <testcase name="basicDetails" time="159.648" classname="com.CAMP_March23.tc.TC005_CAMPBasicDetails"/>
  <testcase name="basicDetails" time="162.328" classname="com.CAMP_March23.tc.TC005_CAMPBasicDetails"/>
  <testcase name="basicDetails" time="162.456" classname="com.CAMP_March23.tc.TC005_CAMPBasicDetails"/>
  <testcase name="basicDetails" time="162.368" classname="com.CAMP_March23.tc.TC005_CAMPBasicDetails"/>
  <testcase name="basicDetails" time="159.744" classname="com.CAMP_March23.tc.TC005_CAMPBasicDetails"/>
  <testcase name="basicDetails" time="158.009" classname="com.CAMP_March23.tc.TC005_CAMPBasicDetails"/>
  <testcase name="basicDetails" time="161.689" classname="com.CAMP_March23.tc.TC005_CAMPBasicDetails"/>
  <testcase name="basicDetails" time="160.202" classname="com.CAMP_March23.tc.TC005_CAMPBasicDetails"/>
  <testcase name="basicDetails" time="162.244" classname="com.CAMP_March23.tc.TC005_CAMPBasicDetails"/>
  <testcase name="basicDetails" time="162.912" classname="com.CAMP_March23.tc.TC005_CAMPBasicDetails"/>
  <testcase name="basicDetails" time="159.881" classname="com.CAMP_March23.tc.TC005_CAMPBasicDetails"/>
  <testcase name="basicDetails" time="159.859" classname="com.CAMP_March23.tc.TC005_CAMPBasicDetails"/>
  <testcase name="basicDetails" time="159.646" classname="com.CAMP_March23.tc.TC005_CAMPBasicDetails"/>
  <testcase name="basicDetails" time="159.789" classname="com.CAMP_March23.tc.TC005_CAMPBasicDetails"/>
  <testcase name="basicDetails" time="159.244" classname="com.CAMP_March23.tc.TC005_CAMPBasicDetails"/>
  <testcase name="basicDetails" time="160.072" classname="com.CAMP_March23.tc.TC005_CAMPBasicDetails"/>
  <testcase name="basicDetails" time="160.320" classname="com.CAMP_March23.tc.TC005_CAMPBasicDetails"/>
  <testcase name="basicDetails" time="161.874" classname="com.CAMP_March23.tc.TC005_CAMPBasicDetails"/>
  <testcase name="basicDetails" time="159.715" classname="com.CAMP_March23.tc.TC005_CAMPBasicDetails"/>
  <testcase name="basicDetails" time="159.584" classname="com.CAMP_March23.tc.TC005_CAMPBasicDetails"/>
  <testcase name="basicDetails" time="161.733" classname="com.CAMP_March23.tc.TC005_CAMPBasicDetails"/>
  <testcase name="basicDetails" time="159.592" classname="com.CAMP_March23.tc.TC005_CAMPBasicDetails"/>
  <testcase name="basicDetails" time="160.241" classname="com.CAMP_March23.tc.TC005_CAMPBasicDetails"/>
  <testcase name="basicDetails" time="159.714" classname="com.CAMP_March23.tc.TC005_CAMPBasicDetails"/>
  <testcase name="basicDetails" time="159.719" classname="com.CAMP_March23.tc.TC005_CAMPBasicDetails"/>
  <testcase name="basicDetails" time="160.082" classname="com.CAMP_March23.tc.TC005_CAMPBasicDetails"/>
  <testcase name="basicDetails" time="159.668" classname="com.CAMP_March23.tc.TC005_CAMPBasicDetails"/>
  <testcase name="basicDetails" time="159.391" classname="com.CAMP_March23.tc.TC005_CAMPBasicDetails"/>
  <testcase name="basicDetails" time="159.937" classname="com.CAMP_March23.tc.TC005_CAMPBasicDetails"/>
  <testcase name="basicDetails" time="159.743" classname="com.CAMP_March23.tc.TC005_CAMPBasicDetails"/>
  <testcase name="basicDetails" time="160.003" classname="com.CAMP_March23.tc.TC005_CAMPBasicDetails"/>
  <testcase name="basicDetails" time="160.152" classname="com.CAMP_March23.tc.TC005_CAMPBasicDetails"/>
  <testcase name="basicDetails" time="159.739" classname="com.CAMP_March23.tc.TC005_CAMPBasicDetails"/>
  <testcase name="basicDetails" time="162.224" classname="com.CAMP_March23.tc.TC005_CAMPBasicDetails"/>
  <testcase name="basicDetails" time="159.467" classname="com.CAMP_March23.tc.TC005_CAMPBasicDetails"/>
  <testcase name="basicDetails" time="159.873" classname="com.CAMP_March23.tc.TC005_CAMPBasicDetails"/>
  <testcase name="basicDetails" time="159.685" classname="com.CAMP_March23.tc.TC005_CAMPBasicDetails"/>
  <testcase name="basicDetails" time="159.851" classname="com.CAMP_March23.tc.TC005_CAMPBasicDetails"/>
  <testcase name="basicDetails" time="159.958" classname="com.CAMP_March23.tc.TC005_CAMPBasicDetails"/>
  <testcase name="basicDetails" time="159.970" classname="com.CAMP_March23.tc.TC005_CAMPBasicDetails"/>
  <testcase name="basicDetails" time="160.063" classname="com.CAMP_March23.tc.TC005_CAMPBasicDetails"/>
  <testcase name="basicDetails" time="160.059" classname="com.CAMP_March23.tc.TC005_CAMPBasicDetails"/>
  <testcase name="basicDetails" time="159.515" classname="com.CAMP_March23.tc.TC005_CAMPBasicDetails"/>
  <testcase name="basicDetails" time="160.216" classname="com.CAMP_March23.tc.TC005_CAMPBasicDetails"/>
  <testcase name="basicDetails" time="163.008" classname="com.CAMP_March23.tc.TC005_CAMPBasicDetails"/>
  <testcase name="basicDetails" time="159.820" classname="com.CAMP_March23.tc.TC005_CAMPBasicDetails"/>
  <testcase name="basicDetails" time="159.910" classname="com.CAMP_March23.tc.TC005_CAMPBasicDetails"/>
  <testcase name="basicDetails" time="161.923" classname="com.CAMP_March23.tc.TC005_CAMPBasicDetails"/>
  <testcase name="basicDetails" time="159.614" classname="com.CAMP_March23.tc.TC005_CAMPBasicDetails"/>
  <testcase name="basicDetails" time="159.767" classname="com.CAMP_March23.tc.TC005_CAMPBasicDetails"/>
  <testcase name="basicDetails" time="159.833" classname="com.CAMP_March23.tc.TC005_CAMPBasicDetails"/>
  <testcase name="basicDetails" time="160.371" classname="com.CAMP_March23.tc.TC005_CAMPBasicDetails"/>
  <testcase name="basicDetails" time="159.546" classname="com.CAMP_March23.tc.TC005_CAMPBasicDetails"/>
  <testcase name="basicDetails" time="161.431" classname="com.CAMP_March23.tc.TC005_CAMPBasicDetails"/>
  <testcase name="basicDetails" time="159.807" classname="com.CAMP_March23.tc.TC005_CAMPBasicDetails"/>
  <testcase name="basicDetails" time="161.674" classname="com.CAMP_March23.tc.TC005_CAMPBasicDetails"/>
  <testcase name="basicDetails" time="161.926" classname="com.CAMP_March23.tc.TC005_CAMPBasicDetails"/>
  <testcase name="basicDetails" time="158.291" classname="com.CAMP_March23.tc.TC005_CAMPBasicDetails"/>
  <testcase name="basicDetails" time="159.896" classname="com.CAMP_March23.tc.TC005_CAMPBasicDetails"/>
  <testcase name="basicDetails" time="159.965" classname="com.CAMP_March23.tc.TC005_CAMPBasicDetails"/>
  <testcase name="basicDetails" time="159.421" classname="com.CAMP_March23.tc.TC005_CAMPBasicDetails"/>
  <testcase name="basicDetails" time="160.260" classname="com.CAMP_March23.tc.TC005_CAMPBasicDetails"/>
  <testcase name="basicDetails" time="160.036" classname="com.CAMP_March23.tc.TC005_CAMPBasicDetails"/>
  <testcase name="basicDetails" time="161.649" classname="com.CAMP_March23.tc.TC005_CAMPBasicDetails"/>
  <testcase name="basicDetails" time="163.625" classname="com.CAMP_March23.tc.TC005_CAMPBasicDetails"/>
  <testcase name="basicDetails" time="160.168" classname="com.CAMP_March23.tc.TC005_CAMPBasicDetails"/>
  <testcase name="basicDetails" time="162.347" classname="com.CAMP_March23.tc.TC005_CAMPBasicDetails"/>
  <testcase name="basicDetails" time="159.886" classname="com.CAMP_March23.tc.TC005_CAMPBasicDetails"/>
  <testcase name="basicDetails" time="159.597" classname="com.CAMP_March23.tc.TC005_CAMPBasicDetails"/>
  <testcase name="basicDetails" time="160.629" classname="com.CAMP_March23.tc.TC005_CAMPBasicDetails"/>
  <testcase name="basicDetails" time="160.619" classname="com.CAMP_March23.tc.TC005_CAMPBasicDetails"/>
  <testcase name="basicDetails" time="160.210" classname="com.CAMP_March23.tc.TC005_CAMPBasicDetails"/>
  <testcase name="basicDetails" time="159.723" classname="com.CAMP_March23.tc.TC005_CAMPBasicDetails"/>
  <testcase name="basicDetails" time="159.733" classname="com.CAMP_March23.tc.TC005_CAMPBasicDetails"/>
  <testcase name="basicDetails" time="162.449" classname="com.CAMP_March23.tc.TC005_CAMPBasicDetails"/>
  <testcase name="basicDetails" time="159.510" classname="com.CAMP_March23.tc.TC005_CAMPBasicDetails"/>
  <testcase name="basicDetails" time="163.062" classname="com.CAMP_March23.tc.TC005_CAMPBasicDetails"/>
  <testcase name="basicDetails" time="159.755" classname="com.CAMP_March23.tc.TC005_CAMPBasicDetails"/>
  <testcase name="basicDetails" time="159.412" classname="com.CAMP_March23.tc.TC005_CAMPBasicDetails"/>
  <testcase name="basicDetails" time="159.902" classname="com.CAMP_March23.tc.TC005_CAMPBasicDetails"/>
</testsuite> <!-- com.CAMP_March23.tc.TC005_CAMPBasicDetails -->
