<?xml version="1.0" encoding="UTF-8"?>
<!-- Generated by org.testng.reporters.JUnitReportReporter -->
<testsuite skipped="0" hostname="MAA014482B" name="com.BMC_May23.tc.TC005_BMCBasicDetails" tests="55" failures="0" timestamp="2023-06-09T15:15:25 IST" time="8397.765" errors="0">
  <testcase name="basicDetails" time="151.740" classname="com.BMC_May23.tc.TC005_BMCBasicDetails"/>
  <testcase name="basicDetails" time="151.778" classname="com.BMC_May23.tc.TC005_BMCBasicDetails"/>
  <testcase name="basicDetails" time="151.267" classname="com.BMC_May23.tc.TC005_BMCBasicDetails"/>
  <testcase name="basicDetails" time="151.616" classname="com.BMC_May23.tc.TC005_BMCBasicDetails"/>
  <testcase name="basicDetails" time="151.407" classname="com.BMC_May23.tc.TC005_BMCBasicDetails"/>
  <testcase name="basicDetails" time="151.657" classname="com.BMC_May23.tc.TC005_BMCBasicDetails"/>
  <testcase name="basicDetails" time="150.969" classname="com.BMC_May23.tc.TC005_BMCBasicDetails"/>
  <testcase name="basicDetails" time="151.376" classname="com.BMC_May23.tc.TC005_BMCBasicDetails"/>
  <testcase name="basicDetails" time="150.586" classname="com.BMC_May23.tc.TC005_BMCBasicDetails"/>
  <testcase name="basicDetails" time="151.727" classname="com.BMC_May23.tc.TC005_BMCBasicDetails"/>
  <testcase name="basicDetails" time="150.941" classname="com.BMC_May23.tc.TC005_BMCBasicDetails"/>
  <testcase name="basicDetails" time="156.809" classname="com.BMC_May23.tc.TC005_BMCBasicDetails"/>
  <testcase name="basicDetails" time="150.993" classname="com.BMC_May23.tc.TC005_BMCBasicDetails"/>
  <testcase name="basicDetails" time="151.580" classname="com.BMC_May23.tc.TC005_BMCBasicDetails"/>
  <testcase name="basicDetails" time="151.961" classname="com.BMC_May23.tc.TC005_BMCBasicDetails"/>
  <testcase name="basicDetails" time="151.637" classname="com.BMC_May23.tc.TC005_BMCBasicDetails"/>
  <testcase name="basicDetails" time="151.738" classname="com.BMC_May23.tc.TC005_BMCBasicDetails"/>
  <testcase name="basicDetails" time="151.815" classname="com.BMC_May23.tc.TC005_BMCBasicDetails"/>
  <testcase name="basicDetails" time="157.077" classname="com.BMC_May23.tc.TC005_BMCBasicDetails"/>
  <testcase name="basicDetails" time="157.220" classname="com.BMC_May23.tc.TC005_BMCBasicDetails"/>
  <testcase name="basicDetails" time="151.725" classname="com.BMC_May23.tc.TC005_BMCBasicDetails"/>
  <testcase name="basicDetails" time="151.476" classname="com.BMC_May23.tc.TC005_BMCBasicDetails"/>
  <testcase name="basicDetails" time="151.512" classname="com.BMC_May23.tc.TC005_BMCBasicDetails"/>
  <testcase name="basicDetails" time="151.476" classname="com.BMC_May23.tc.TC005_BMCBasicDetails"/>
  <testcase name="basicDetails" time="151.368" classname="com.BMC_May23.tc.TC005_BMCBasicDetails"/>
  <testcase name="basicDetails" time="156.753" classname="com.BMC_May23.tc.TC005_BMCBasicDetails"/>
  <testcase name="basicDetails" time="151.091" classname="com.BMC_May23.tc.TC005_BMCBasicDetails"/>
  <testcase name="basicDetails" time="179.018" classname="com.BMC_May23.tc.TC005_BMCBasicDetails"/>
  <testcase name="basicDetails" time="151.480" classname="com.BMC_May23.tc.TC005_BMCBasicDetails"/>
  <testcase name="basicDetails" time="151.512" classname="com.BMC_May23.tc.TC005_BMCBasicDetails"/>
  <testcase name="basicDetails" time="150.931" classname="com.BMC_May23.tc.TC005_BMCBasicDetails"/>
  <testcase name="basicDetails" time="151.555" classname="com.BMC_May23.tc.TC005_BMCBasicDetails"/>
  <testcase name="basicDetails" time="151.659" classname="com.BMC_May23.tc.TC005_BMCBasicDetails"/>
  <testcase name="basicDetails" time="151.444" classname="com.BMC_May23.tc.TC005_BMCBasicDetails"/>
  <testcase name="basicDetails" time="151.810" classname="com.BMC_May23.tc.TC005_BMCBasicDetails"/>
  <testcase name="basicDetails" time="151.332" classname="com.BMC_May23.tc.TC005_BMCBasicDetails"/>
  <testcase name="basicDetails" time="157.497" classname="com.BMC_May23.tc.TC005_BMCBasicDetails"/>
  <testcase name="basicDetails" time="151.496" classname="com.BMC_May23.tc.TC005_BMCBasicDetails"/>
  <testcase name="basicDetails" time="157.223" classname="com.BMC_May23.tc.TC005_BMCBasicDetails"/>
  <testcase name="basicDetails" time="151.545" classname="com.BMC_May23.tc.TC005_BMCBasicDetails"/>
  <testcase name="basicDetails" time="151.594" classname="com.BMC_May23.tc.TC005_BMCBasicDetails"/>
  <testcase name="basicDetails" time="151.276" classname="com.BMC_May23.tc.TC005_BMCBasicDetails"/>
  <testcase name="basicDetails" time="151.283" classname="com.BMC_May23.tc.TC005_BMCBasicDetails"/>
  <testcase name="basicDetails" time="151.611" classname="com.BMC_May23.tc.TC005_BMCBasicDetails"/>
  <testcase name="basicDetails" time="152.087" classname="com.BMC_May23.tc.TC005_BMCBasicDetails"/>
  <testcase name="basicDetails" time="151.811" classname="com.BMC_May23.tc.TC005_BMCBasicDetails"/>
  <testcase name="basicDetails" time="151.066" classname="com.BMC_May23.tc.TC005_BMCBasicDetails"/>
  <testcase name="basicDetails" time="151.426" classname="com.BMC_May23.tc.TC005_BMCBasicDetails"/>
  <testcase name="basicDetails" time="150.880" classname="com.BMC_May23.tc.TC005_BMCBasicDetails"/>
  <testcase name="basicDetails" time="151.255" classname="com.BMC_May23.tc.TC005_BMCBasicDetails"/>
  <testcase name="basicDetails" time="151.565" classname="com.BMC_May23.tc.TC005_BMCBasicDetails"/>
  <testcase name="basicDetails" time="151.816" classname="com.BMC_May23.tc.TC005_BMCBasicDetails"/>
  <testcase name="basicDetails" time="151.281" classname="com.BMC_May23.tc.TC005_BMCBasicDetails"/>
  <testcase name="basicDetails" time="157.541" classname="com.BMC_May23.tc.TC005_BMCBasicDetails"/>
  <testcase name="basicDetails" time="151.476" classname="com.BMC_May23.tc.TC005_BMCBasicDetails"/>
</testsuite> <!-- com.BMC_May23.tc.TC005_BMCBasicDetails -->
