<?xml version="1.0" encoding="UTF-8"?>
<!-- Generated by org.testng.reporters.JUnitReportReporter -->
<testsuite skipped="0" hostname="MAA014482B" name="com.FCI_2_11August22.tc.TC004_FCIBasicDetails" tests="98" failures="0" timestamp="2022-08-26T02:20:36 IST" time="15884.547" errors="0">
  <testcase name="basicDetails" time="162.368" classname="com.FCI_2_11August22.tc.TC004_FCIBasicDetails"/>
  <testcase name="basicDetails" time="162.218" classname="com.FCI_2_11August22.tc.TC004_FCIBasicDetails"/>
  <testcase name="basicDetails" time="161.757" classname="com.FCI_2_11August22.tc.TC004_FCIBasicDetails"/>
  <testcase name="basicDetails" time="162.257" classname="com.FCI_2_11August22.tc.TC004_FCIBasicDetails"/>
  <testcase name="basicDetails" time="161.836" classname="com.FCI_2_11August22.tc.TC004_FCIBasicDetails"/>
  <testcase name="basicDetails" time="162.304" classname="com.FCI_2_11August22.tc.TC004_FCIBasicDetails"/>
  <testcase name="basicDetails" time="161.425" classname="com.FCI_2_11August22.tc.TC004_FCIBasicDetails"/>
  <testcase name="basicDetails" time="159.096" classname="com.FCI_2_11August22.tc.TC004_FCIBasicDetails"/>
  <testcase name="basicDetails" time="161.404" classname="com.FCI_2_11August22.tc.TC004_FCIBasicDetails"/>
  <testcase name="basicDetails" time="159.342" classname="com.FCI_2_11August22.tc.TC004_FCIBasicDetails"/>
  <testcase name="basicDetails" time="164.498" classname="com.FCI_2_11August22.tc.TC004_FCIBasicDetails"/>
  <testcase name="basicDetails" time="161.231" classname="com.FCI_2_11August22.tc.TC004_FCIBasicDetails"/>
  <testcase name="basicDetails" time="164.738" classname="com.FCI_2_11August22.tc.TC004_FCIBasicDetails"/>
  <testcase name="basicDetails" time="164.650" classname="com.FCI_2_11August22.tc.TC004_FCIBasicDetails"/>
  <testcase name="basicDetails" time="162.034" classname="com.FCI_2_11August22.tc.TC004_FCIBasicDetails"/>
  <testcase name="basicDetails" time="159.255" classname="com.FCI_2_11August22.tc.TC004_FCIBasicDetails"/>
  <testcase name="basicDetails" time="159.105" classname="com.FCI_2_11August22.tc.TC004_FCIBasicDetails"/>
  <testcase name="basicDetails" time="162.536" classname="com.FCI_2_11August22.tc.TC004_FCIBasicDetails"/>
  <testcase name="basicDetails" time="159.379" classname="com.FCI_2_11August22.tc.TC004_FCIBasicDetails"/>
  <testcase name="basicDetails" time="159.510" classname="com.FCI_2_11August22.tc.TC004_FCIBasicDetails"/>
  <testcase name="basicDetails" time="162.743" classname="com.FCI_2_11August22.tc.TC004_FCIBasicDetails"/>
  <testcase name="basicDetails" time="161.549" classname="com.FCI_2_11August22.tc.TC004_FCIBasicDetails"/>
  <testcase name="basicDetails" time="162.630" classname="com.FCI_2_11August22.tc.TC004_FCIBasicDetails"/>
  <testcase name="basicDetails" time="159.235" classname="com.FCI_2_11August22.tc.TC004_FCIBasicDetails"/>
  <testcase name="basicDetails" time="159.058" classname="com.FCI_2_11August22.tc.TC004_FCIBasicDetails"/>
  <testcase name="basicDetails" time="162.544" classname="com.FCI_2_11August22.tc.TC004_FCIBasicDetails"/>
  <testcase name="basicDetails" time="159.073" classname="com.FCI_2_11August22.tc.TC004_FCIBasicDetails"/>
  <testcase name="basicDetails" time="162.584" classname="com.FCI_2_11August22.tc.TC004_FCIBasicDetails"/>
  <testcase name="basicDetails" time="159.368" classname="com.FCI_2_11August22.tc.TC004_FCIBasicDetails"/>
  <testcase name="basicDetails" time="159.318" classname="com.FCI_2_11August22.tc.TC004_FCIBasicDetails"/>
  <testcase name="basicDetails" time="162.140" classname="com.FCI_2_11August22.tc.TC004_FCIBasicDetails"/>
  <testcase name="basicDetails" time="163.032" classname="com.FCI_2_11August22.tc.TC004_FCIBasicDetails"/>
  <testcase name="basicDetails" time="164.775" classname="com.FCI_2_11August22.tc.TC004_FCIBasicDetails"/>
  <testcase name="basicDetails" time="164.836" classname="com.FCI_2_11August22.tc.TC004_FCIBasicDetails"/>
  <testcase name="basicDetails" time="161.628" classname="com.FCI_2_11August22.tc.TC004_FCIBasicDetails"/>
  <testcase name="basicDetails" time="164.699" classname="com.FCI_2_11August22.tc.TC004_FCIBasicDetails"/>
  <testcase name="basicDetails" time="159.881" classname="com.FCI_2_11August22.tc.TC004_FCIBasicDetails"/>
  <testcase name="basicDetails" time="163.152" classname="com.FCI_2_11August22.tc.TC004_FCIBasicDetails"/>
  <testcase name="basicDetails" time="162.420" classname="com.FCI_2_11August22.tc.TC004_FCIBasicDetails"/>
  <testcase name="basicDetails" time="161.289" classname="com.FCI_2_11August22.tc.TC004_FCIBasicDetails"/>
  <testcase name="basicDetails" time="161.589" classname="com.FCI_2_11August22.tc.TC004_FCIBasicDetails"/>
  <testcase name="basicDetails" time="159.022" classname="com.FCI_2_11August22.tc.TC004_FCIBasicDetails"/>
  <testcase name="basicDetails" time="159.125" classname="com.FCI_2_11August22.tc.TC004_FCIBasicDetails"/>
  <testcase name="basicDetails" time="162.525" classname="com.FCI_2_11August22.tc.TC004_FCIBasicDetails"/>
  <testcase name="basicDetails" time="161.754" classname="com.FCI_2_11August22.tc.TC004_FCIBasicDetails"/>
  <testcase name="basicDetails" time="162.391" classname="com.FCI_2_11August22.tc.TC004_FCIBasicDetails"/>
  <testcase name="basicDetails" time="159.292" classname="com.FCI_2_11August22.tc.TC004_FCIBasicDetails"/>
  <testcase name="basicDetails" time="162.303" classname="com.FCI_2_11August22.tc.TC004_FCIBasicDetails"/>
  <testcase name="basicDetails" time="165.122" classname="com.FCI_2_11August22.tc.TC004_FCIBasicDetails"/>
  <testcase name="basicDetails" time="166.510" classname="com.FCI_2_11August22.tc.TC004_FCIBasicDetails"/>
  <testcase name="basicDetails" time="162.288" classname="com.FCI_2_11August22.tc.TC004_FCIBasicDetails"/>
  <testcase name="basicDetails" time="164.567" classname="com.FCI_2_11August22.tc.TC004_FCIBasicDetails"/>
  <testcase name="basicDetails" time="161.694" classname="com.FCI_2_11August22.tc.TC004_FCIBasicDetails"/>
  <testcase name="basicDetails" time="164.840" classname="com.FCI_2_11August22.tc.TC004_FCIBasicDetails"/>
  <testcase name="basicDetails" time="162.132" classname="com.FCI_2_11August22.tc.TC004_FCIBasicDetails"/>
  <testcase name="basicDetails" time="161.477" classname="com.FCI_2_11August22.tc.TC004_FCIBasicDetails"/>
  <testcase name="basicDetails" time="161.743" classname="com.FCI_2_11August22.tc.TC004_FCIBasicDetails"/>
  <testcase name="basicDetails" time="161.284" classname="com.FCI_2_11August22.tc.TC004_FCIBasicDetails"/>
  <testcase name="basicDetails" time="164.805" classname="com.FCI_2_11August22.tc.TC004_FCIBasicDetails"/>
  <testcase name="basicDetails" time="164.945" classname="com.FCI_2_11August22.tc.TC004_FCIBasicDetails"/>
  <testcase name="basicDetails" time="164.814" classname="com.FCI_2_11August22.tc.TC004_FCIBasicDetails"/>
  <testcase name="basicDetails" time="158.939" classname="com.FCI_2_11August22.tc.TC004_FCIBasicDetails"/>
  <testcase name="basicDetails" time="164.873" classname="com.FCI_2_11August22.tc.TC004_FCIBasicDetails"/>
  <testcase name="basicDetails" time="158.950" classname="com.FCI_2_11August22.tc.TC004_FCIBasicDetails"/>
  <testcase name="basicDetails" time="161.498" classname="com.FCI_2_11August22.tc.TC004_FCIBasicDetails"/>
  <testcase name="basicDetails" time="162.848" classname="com.FCI_2_11August22.tc.TC004_FCIBasicDetails"/>
  <testcase name="basicDetails" time="164.162" classname="com.FCI_2_11August22.tc.TC004_FCIBasicDetails"/>
  <testcase name="basicDetails" time="161.533" classname="com.FCI_2_11August22.tc.TC004_FCIBasicDetails"/>
  <testcase name="basicDetails" time="164.945" classname="com.FCI_2_11August22.tc.TC004_FCIBasicDetails"/>
  <testcase name="basicDetails" time="160.065" classname="com.FCI_2_11August22.tc.TC004_FCIBasicDetails"/>
  <testcase name="basicDetails" time="161.265" classname="com.FCI_2_11August22.tc.TC004_FCIBasicDetails"/>
  <testcase name="basicDetails" time="161.584" classname="com.FCI_2_11August22.tc.TC004_FCIBasicDetails"/>
  <testcase name="basicDetails" time="162.435" classname="com.FCI_2_11August22.tc.TC004_FCIBasicDetails"/>
  <testcase name="basicDetails" time="164.445" classname="com.FCI_2_11August22.tc.TC004_FCIBasicDetails"/>
  <testcase name="basicDetails" time="162.109" classname="com.FCI_2_11August22.tc.TC004_FCIBasicDetails"/>
  <testcase name="basicDetails" time="159.166" classname="com.FCI_2_11August22.tc.TC004_FCIBasicDetails"/>
  <testcase name="basicDetails" time="164.848" classname="com.FCI_2_11August22.tc.TC004_FCIBasicDetails"/>
  <testcase name="basicDetails" time="159.793" classname="com.FCI_2_11August22.tc.TC004_FCIBasicDetails"/>
  <testcase name="basicDetails" time="159.642" classname="com.FCI_2_11August22.tc.TC004_FCIBasicDetails"/>
  <testcase name="basicDetails" time="164.559" classname="com.FCI_2_11August22.tc.TC004_FCIBasicDetails"/>
  <testcase name="basicDetails" time="159.145" classname="com.FCI_2_11August22.tc.TC004_FCIBasicDetails"/>
  <testcase name="basicDetails" time="161.808" classname="com.FCI_2_11August22.tc.TC004_FCIBasicDetails"/>
  <testcase name="basicDetails" time="161.993" classname="com.FCI_2_11August22.tc.TC004_FCIBasicDetails"/>
  <testcase name="basicDetails" time="165.747" classname="com.FCI_2_11August22.tc.TC004_FCIBasicDetails"/>
  <testcase name="basicDetails" time="165.020" classname="com.FCI_2_11August22.tc.TC004_FCIBasicDetails"/>
  <testcase name="basicDetails" time="161.783" classname="com.FCI_2_11August22.tc.TC004_FCIBasicDetails"/>
  <testcase name="basicDetails" time="161.472" classname="com.FCI_2_11August22.tc.TC004_FCIBasicDetails"/>
  <testcase name="basicDetails" time="159.121" classname="com.FCI_2_11August22.tc.TC004_FCIBasicDetails"/>
  <testcase name="basicDetails" time="161.327" classname="com.FCI_2_11August22.tc.TC004_FCIBasicDetails"/>
  <testcase name="basicDetails" time="164.729" classname="com.FCI_2_11August22.tc.TC004_FCIBasicDetails"/>
  <testcase name="basicDetails" time="161.836" classname="com.FCI_2_11August22.tc.TC004_FCIBasicDetails"/>
  <testcase name="basicDetails" time="164.786" classname="com.FCI_2_11August22.tc.TC004_FCIBasicDetails"/>
  <testcase name="basicDetails" time="161.642" classname="com.FCI_2_11August22.tc.TC004_FCIBasicDetails"/>
  <testcase name="basicDetails" time="161.963" classname="com.FCI_2_11August22.tc.TC004_FCIBasicDetails"/>
  <testcase name="basicDetails" time="164.585" classname="com.FCI_2_11August22.tc.TC004_FCIBasicDetails"/>
  <testcase name="basicDetails" time="164.801" classname="com.FCI_2_11August22.tc.TC004_FCIBasicDetails"/>
  <testcase name="basicDetails" time="159.212" classname="com.FCI_2_11August22.tc.TC004_FCIBasicDetails"/>
  <testcase name="basicDetails" time="164.799" classname="com.FCI_2_11August22.tc.TC004_FCIBasicDetails"/>
</testsuite> <!-- com.FCI_2_11August22.tc.TC004_FCIBasicDetails -->
