<?xml version="1.0" encoding="UTF-8"?>
<!-- Generated by org.testng.reporters.JUnitReportReporter -->
<testsuite skipped="0" hostname="MAA014482B" name="com.RBI18April23.tc.TC004_RBIBasicDetails" tests="8" failures="0" timestamp="2023-04-23T10:10:03 IST" time="1319.750" errors="0">
  <testcase name="basicDetails" time="162.901" classname="com.RBI18April23.tc.TC004_RBIBasicDetails"/>
  <testcase name="basicDetails" time="164.132" classname="com.RBI18April23.tc.TC004_RBIBasicDetails"/>
  <testcase name="basicDetails" time="169.491" classname="com.RBI18April23.tc.TC004_RBIBasicDetails"/>
  <testcase name="basicDetails" time="166.566" classname="com.RBI18April23.tc.TC004_RBIBasicDetails"/>
  <testcase name="basicDetails" time="164.807" classname="com.RBI18April23.tc.TC004_RBIBasicDetails"/>
  <testcase name="basicDetails" time="161.977" classname="com.RBI18April23.tc.TC004_RBIBasicDetails"/>
  <testcase name="basicDetails" time="164.820" classname="com.RBI18April23.tc.TC004_RBIBasicDetails"/>
  <testcase name="basicDetails" time="165.056" classname="com.RBI18April23.tc.TC004_RBIBasicDetails"/>
</testsuite> <!-- com.RBI18April23.tc.TC004_RBIBasicDetails -->
