<?xml version="1.0" encoding="UTF-8"?>
<!-- Generated by org.testng.reporters.JUnitReportReporter -->
<testsuite skipped="0" hostname="MAA014482B" name="com.IGM_Kolkata_2_May23.tc.TC005_IGMBasicDetails" tests="170" failures="0" timestamp="2023-06-05T20:24:20 IST" time="27636.195" errors="0">
  <testcase name="basicDetails" time="160.312" classname="com.IGM_Kolkata_2_May23.tc.TC005_IGMBasicDetails"/>
  <testcase name="basicDetails" time="160.426" classname="com.IGM_Kolkata_2_May23.tc.TC005_IGMBasicDetails"/>
  <testcase name="basicDetails" time="160.297" classname="com.IGM_Kolkata_2_May23.tc.TC005_IGMBasicDetails"/>
  <testcase name="basicDetails" time="161.347" classname="com.IGM_Kolkata_2_May23.tc.TC005_IGMBasicDetails"/>
  <testcase name="basicDetails" time="164.317" classname="com.IGM_Kolkata_2_May23.tc.TC005_IGMBasicDetails"/>
  <testcase name="basicDetails" time="160.760" classname="com.IGM_Kolkata_2_May23.tc.TC005_IGMBasicDetails"/>
  <testcase name="basicDetails" time="160.484" classname="com.IGM_Kolkata_2_May23.tc.TC005_IGMBasicDetails"/>
  <testcase name="basicDetails" time="160.548" classname="com.IGM_Kolkata_2_May23.tc.TC005_IGMBasicDetails"/>
  <testcase name="basicDetails" time="160.184" classname="com.IGM_Kolkata_2_May23.tc.TC005_IGMBasicDetails"/>
  <testcase name="basicDetails" time="160.362" classname="com.IGM_Kolkata_2_May23.tc.TC005_IGMBasicDetails"/>
  <testcase name="basicDetails" time="193.274" classname="com.IGM_Kolkata_2_May23.tc.TC005_IGMBasicDetails"/>
  <testcase name="basicDetails" time="165.596" classname="com.IGM_Kolkata_2_May23.tc.TC005_IGMBasicDetails"/>
  <testcase name="basicDetails" time="162.293" classname="com.IGM_Kolkata_2_May23.tc.TC005_IGMBasicDetails"/>
  <testcase name="basicDetails" time="160.394" classname="com.IGM_Kolkata_2_May23.tc.TC005_IGMBasicDetails"/>
  <testcase name="basicDetails" time="160.256" classname="com.IGM_Kolkata_2_May23.tc.TC005_IGMBasicDetails"/>
  <testcase name="basicDetails" time="160.193" classname="com.IGM_Kolkata_2_May23.tc.TC005_IGMBasicDetails"/>
  <testcase name="basicDetails" time="163.298" classname="com.IGM_Kolkata_2_May23.tc.TC005_IGMBasicDetails"/>
  <testcase name="basicDetails" time="163.763" classname="com.IGM_Kolkata_2_May23.tc.TC005_IGMBasicDetails"/>
  <testcase name="basicDetails" time="160.392" classname="com.IGM_Kolkata_2_May23.tc.TC005_IGMBasicDetails"/>
  <testcase name="basicDetails" time="160.355" classname="com.IGM_Kolkata_2_May23.tc.TC005_IGMBasicDetails"/>
  <testcase name="basicDetails" time="160.090" classname="com.IGM_Kolkata_2_May23.tc.TC005_IGMBasicDetails"/>
  <testcase name="basicDetails" time="172.062" classname="com.IGM_Kolkata_2_May23.tc.TC005_IGMBasicDetails"/>
  <testcase name="basicDetails" time="160.249" classname="com.IGM_Kolkata_2_May23.tc.TC005_IGMBasicDetails"/>
  <testcase name="basicDetails" time="160.301" classname="com.IGM_Kolkata_2_May23.tc.TC005_IGMBasicDetails"/>
  <testcase name="basicDetails" time="160.336" classname="com.IGM_Kolkata_2_May23.tc.TC005_IGMBasicDetails"/>
  <testcase name="basicDetails" time="165.639" classname="com.IGM_Kolkata_2_May23.tc.TC005_IGMBasicDetails"/>
  <testcase name="basicDetails" time="163.068" classname="com.IGM_Kolkata_2_May23.tc.TC005_IGMBasicDetails"/>
  <testcase name="basicDetails" time="160.349" classname="com.IGM_Kolkata_2_May23.tc.TC005_IGMBasicDetails"/>
  <testcase name="basicDetails" time="163.454" classname="com.IGM_Kolkata_2_May23.tc.TC005_IGMBasicDetails"/>
  <testcase name="basicDetails" time="163.931" classname="com.IGM_Kolkata_2_May23.tc.TC005_IGMBasicDetails"/>
  <testcase name="basicDetails" time="160.155" classname="com.IGM_Kolkata_2_May23.tc.TC005_IGMBasicDetails"/>
  <testcase name="basicDetails" time="160.331" classname="com.IGM_Kolkata_2_May23.tc.TC005_IGMBasicDetails"/>
  <testcase name="basicDetails" time="187.792" classname="com.IGM_Kolkata_2_May23.tc.TC005_IGMBasicDetails"/>
  <testcase name="basicDetails" time="160.064" classname="com.IGM_Kolkata_2_May23.tc.TC005_IGMBasicDetails"/>
  <testcase name="basicDetails" time="160.436" classname="com.IGM_Kolkata_2_May23.tc.TC005_IGMBasicDetails"/>
  <testcase name="basicDetails" time="163.363" classname="com.IGM_Kolkata_2_May23.tc.TC005_IGMBasicDetails"/>
  <testcase name="basicDetails" time="163.527" classname="com.IGM_Kolkata_2_May23.tc.TC005_IGMBasicDetails"/>
  <testcase name="basicDetails" time="162.347" classname="com.IGM_Kolkata_2_May23.tc.TC005_IGMBasicDetails"/>
  <testcase name="basicDetails" time="163.841" classname="com.IGM_Kolkata_2_May23.tc.TC005_IGMBasicDetails"/>
  <testcase name="basicDetails" time="160.524" classname="com.IGM_Kolkata_2_May23.tc.TC005_IGMBasicDetails"/>
  <testcase name="basicDetails" time="160.118" classname="com.IGM_Kolkata_2_May23.tc.TC005_IGMBasicDetails"/>
  <testcase name="basicDetails" time="160.461" classname="com.IGM_Kolkata_2_May23.tc.TC005_IGMBasicDetails"/>
  <testcase name="basicDetails" time="160.421" classname="com.IGM_Kolkata_2_May23.tc.TC005_IGMBasicDetails"/>
  <testcase name="basicDetails" time="165.354" classname="com.IGM_Kolkata_2_May23.tc.TC005_IGMBasicDetails"/>
  <testcase name="basicDetails" time="160.123" classname="com.IGM_Kolkata_2_May23.tc.TC005_IGMBasicDetails"/>
  <testcase name="basicDetails" time="164.016" classname="com.IGM_Kolkata_2_May23.tc.TC005_IGMBasicDetails"/>
  <testcase name="basicDetails" time="159.980" classname="com.IGM_Kolkata_2_May23.tc.TC005_IGMBasicDetails"/>
  <testcase name="basicDetails" time="160.386" classname="com.IGM_Kolkata_2_May23.tc.TC005_IGMBasicDetails"/>
  <testcase name="basicDetails" time="163.506" classname="com.IGM_Kolkata_2_May23.tc.TC005_IGMBasicDetails"/>
  <testcase name="basicDetails" time="163.299" classname="com.IGM_Kolkata_2_May23.tc.TC005_IGMBasicDetails"/>
  <testcase name="basicDetails" time="160.590" classname="com.IGM_Kolkata_2_May23.tc.TC005_IGMBasicDetails"/>
  <testcase name="basicDetails" time="160.412" classname="com.IGM_Kolkata_2_May23.tc.TC005_IGMBasicDetails"/>
  <testcase name="basicDetails" time="161.947" classname="com.IGM_Kolkata_2_May23.tc.TC005_IGMBasicDetails"/>
  <testcase name="basicDetails" time="160.513" classname="com.IGM_Kolkata_2_May23.tc.TC005_IGMBasicDetails"/>
  <testcase name="basicDetails" time="164.290" classname="com.IGM_Kolkata_2_May23.tc.TC005_IGMBasicDetails"/>
  <testcase name="basicDetails" time="162.999" classname="com.IGM_Kolkata_2_May23.tc.TC005_IGMBasicDetails"/>
  <testcase name="basicDetails" time="160.507" classname="com.IGM_Kolkata_2_May23.tc.TC005_IGMBasicDetails"/>
  <testcase name="basicDetails" time="159.856" classname="com.IGM_Kolkata_2_May23.tc.TC005_IGMBasicDetails"/>
  <testcase name="basicDetails" time="160.400" classname="com.IGM_Kolkata_2_May23.tc.TC005_IGMBasicDetails"/>
  <testcase name="basicDetails" time="162.610" classname="com.IGM_Kolkata_2_May23.tc.TC005_IGMBasicDetails"/>
  <testcase name="basicDetails" time="163.464" classname="com.IGM_Kolkata_2_May23.tc.TC005_IGMBasicDetails"/>
  <testcase name="basicDetails" time="162.454" classname="com.IGM_Kolkata_2_May23.tc.TC005_IGMBasicDetails"/>
  <testcase name="basicDetails" time="160.489" classname="com.IGM_Kolkata_2_May23.tc.TC005_IGMBasicDetails"/>
  <testcase name="basicDetails" time="160.759" classname="com.IGM_Kolkata_2_May23.tc.TC005_IGMBasicDetails"/>
  <testcase name="basicDetails" time="162.135" classname="com.IGM_Kolkata_2_May23.tc.TC005_IGMBasicDetails"/>
  <testcase name="basicDetails" time="163.499" classname="com.IGM_Kolkata_2_May23.tc.TC005_IGMBasicDetails"/>
  <testcase name="basicDetails" time="159.847" classname="com.IGM_Kolkata_2_May23.tc.TC005_IGMBasicDetails"/>
  <testcase name="basicDetails" time="162.266" classname="com.IGM_Kolkata_2_May23.tc.TC005_IGMBasicDetails"/>
  <testcase name="basicDetails" time="162.534" classname="com.IGM_Kolkata_2_May23.tc.TC005_IGMBasicDetails"/>
  <testcase name="basicDetails" time="163.310" classname="com.IGM_Kolkata_2_May23.tc.TC005_IGMBasicDetails"/>
  <testcase name="basicDetails" time="160.087" classname="com.IGM_Kolkata_2_May23.tc.TC005_IGMBasicDetails"/>
  <testcase name="basicDetails" time="160.173" classname="com.IGM_Kolkata_2_May23.tc.TC005_IGMBasicDetails"/>
  <testcase name="basicDetails" time="163.640" classname="com.IGM_Kolkata_2_May23.tc.TC005_IGMBasicDetails"/>
  <testcase name="basicDetails" time="160.051" classname="com.IGM_Kolkata_2_May23.tc.TC005_IGMBasicDetails"/>
  <testcase name="basicDetails" time="160.426" classname="com.IGM_Kolkata_2_May23.tc.TC005_IGMBasicDetails"/>
  <testcase name="basicDetails" time="162.932" classname="com.IGM_Kolkata_2_May23.tc.TC005_IGMBasicDetails"/>
  <testcase name="basicDetails" time="163.743" classname="com.IGM_Kolkata_2_May23.tc.TC005_IGMBasicDetails"/>
  <testcase name="basicDetails" time="159.889" classname="com.IGM_Kolkata_2_May23.tc.TC005_IGMBasicDetails"/>
  <testcase name="basicDetails" time="163.667" classname="com.IGM_Kolkata_2_May23.tc.TC005_IGMBasicDetails"/>
  <testcase name="basicDetails" time="162.312" classname="com.IGM_Kolkata_2_May23.tc.TC005_IGMBasicDetails"/>
  <testcase name="basicDetails" time="160.009" classname="com.IGM_Kolkata_2_May23.tc.TC005_IGMBasicDetails"/>
  <testcase name="basicDetails" time="165.650" classname="com.IGM_Kolkata_2_May23.tc.TC005_IGMBasicDetails"/>
  <testcase name="basicDetails" time="160.580" classname="com.IGM_Kolkata_2_May23.tc.TC005_IGMBasicDetails"/>
  <testcase name="basicDetails" time="160.478" classname="com.IGM_Kolkata_2_May23.tc.TC005_IGMBasicDetails"/>
  <testcase name="basicDetails" time="162.490" classname="com.IGM_Kolkata_2_May23.tc.TC005_IGMBasicDetails"/>
  <testcase name="basicDetails" time="160.545" classname="com.IGM_Kolkata_2_May23.tc.TC005_IGMBasicDetails"/>
  <testcase name="basicDetails" time="163.691" classname="com.IGM_Kolkata_2_May23.tc.TC005_IGMBasicDetails"/>
  <testcase name="basicDetails" time="160.125" classname="com.IGM_Kolkata_2_May23.tc.TC005_IGMBasicDetails"/>
  <testcase name="basicDetails" time="160.388" classname="com.IGM_Kolkata_2_May23.tc.TC005_IGMBasicDetails"/>
  <testcase name="basicDetails" time="160.200" classname="com.IGM_Kolkata_2_May23.tc.TC005_IGMBasicDetails"/>
  <testcase name="basicDetails" time="160.720" classname="com.IGM_Kolkata_2_May23.tc.TC005_IGMBasicDetails"/>
  <testcase name="basicDetails" time="160.156" classname="com.IGM_Kolkata_2_May23.tc.TC005_IGMBasicDetails"/>
  <testcase name="basicDetails" time="163.483" classname="com.IGM_Kolkata_2_May23.tc.TC005_IGMBasicDetails"/>
  <testcase name="basicDetails" time="163.522" classname="com.IGM_Kolkata_2_May23.tc.TC005_IGMBasicDetails"/>
  <testcase name="basicDetails" time="165.803" classname="com.IGM_Kolkata_2_May23.tc.TC005_IGMBasicDetails"/>
  <testcase name="basicDetails" time="162.253" classname="com.IGM_Kolkata_2_May23.tc.TC005_IGMBasicDetails"/>
  <testcase name="basicDetails" time="160.534" classname="com.IGM_Kolkata_2_May23.tc.TC005_IGMBasicDetails"/>
  <testcase name="basicDetails" time="161.111" classname="com.IGM_Kolkata_2_May23.tc.TC005_IGMBasicDetails"/>
  <testcase name="basicDetails" time="163.612" classname="com.IGM_Kolkata_2_May23.tc.TC005_IGMBasicDetails"/>
  <testcase name="basicDetails" time="162.389" classname="com.IGM_Kolkata_2_May23.tc.TC005_IGMBasicDetails"/>
  <testcase name="basicDetails" time="163.484" classname="com.IGM_Kolkata_2_May23.tc.TC005_IGMBasicDetails"/>
  <testcase name="basicDetails" time="162.313" classname="com.IGM_Kolkata_2_May23.tc.TC005_IGMBasicDetails"/>
  <testcase name="basicDetails" time="162.516" classname="com.IGM_Kolkata_2_May23.tc.TC005_IGMBasicDetails"/>
  <testcase name="basicDetails" time="163.362" classname="com.IGM_Kolkata_2_May23.tc.TC005_IGMBasicDetails"/>
  <testcase name="basicDetails" time="160.408" classname="com.IGM_Kolkata_2_May23.tc.TC005_IGMBasicDetails"/>
  <testcase name="basicDetails" time="160.187" classname="com.IGM_Kolkata_2_May23.tc.TC005_IGMBasicDetails"/>
  <testcase name="basicDetails" time="160.032" classname="com.IGM_Kolkata_2_May23.tc.TC005_IGMBasicDetails"/>
  <testcase name="basicDetails" time="188.254" classname="com.IGM_Kolkata_2_May23.tc.TC005_IGMBasicDetails"/>
  <testcase name="basicDetails" time="160.932" classname="com.IGM_Kolkata_2_May23.tc.TC005_IGMBasicDetails"/>
  <testcase name="basicDetails" time="189.989" classname="com.IGM_Kolkata_2_May23.tc.TC005_IGMBasicDetails"/>
  <testcase name="basicDetails" time="163.616" classname="com.IGM_Kolkata_2_May23.tc.TC005_IGMBasicDetails"/>
  <testcase name="basicDetails" time="160.004" classname="com.IGM_Kolkata_2_May23.tc.TC005_IGMBasicDetails"/>
  <testcase name="basicDetails" time="163.961" classname="com.IGM_Kolkata_2_May23.tc.TC005_IGMBasicDetails"/>
  <testcase name="basicDetails" time="160.306" classname="com.IGM_Kolkata_2_May23.tc.TC005_IGMBasicDetails"/>
  <testcase name="basicDetails" time="162.909" classname="com.IGM_Kolkata_2_May23.tc.TC005_IGMBasicDetails"/>
  <testcase name="basicDetails" time="163.788" classname="com.IGM_Kolkata_2_May23.tc.TC005_IGMBasicDetails"/>
  <testcase name="basicDetails" time="160.512" classname="com.IGM_Kolkata_2_May23.tc.TC005_IGMBasicDetails"/>
  <testcase name="basicDetails" time="160.566" classname="com.IGM_Kolkata_2_May23.tc.TC005_IGMBasicDetails"/>
  <testcase name="basicDetails" time="160.247" classname="com.IGM_Kolkata_2_May23.tc.TC005_IGMBasicDetails"/>
  <testcase name="basicDetails" time="163.653" classname="com.IGM_Kolkata_2_May23.tc.TC005_IGMBasicDetails"/>
  <testcase name="basicDetails" time="163.473" classname="com.IGM_Kolkata_2_May23.tc.TC005_IGMBasicDetails"/>
  <testcase name="basicDetails" time="164.288" classname="com.IGM_Kolkata_2_May23.tc.TC005_IGMBasicDetails"/>
  <testcase name="basicDetails" time="163.582" classname="com.IGM_Kolkata_2_May23.tc.TC005_IGMBasicDetails"/>
  <testcase name="basicDetails" time="163.035" classname="com.IGM_Kolkata_2_May23.tc.TC005_IGMBasicDetails"/>
  <testcase name="basicDetails" time="160.573" classname="com.IGM_Kolkata_2_May23.tc.TC005_IGMBasicDetails"/>
  <testcase name="basicDetails" time="165.854" classname="com.IGM_Kolkata_2_May23.tc.TC005_IGMBasicDetails"/>
  <testcase name="basicDetails" time="162.350" classname="com.IGM_Kolkata_2_May23.tc.TC005_IGMBasicDetails"/>
  <testcase name="basicDetails" time="165.975" classname="com.IGM_Kolkata_2_May23.tc.TC005_IGMBasicDetails"/>
  <testcase name="basicDetails" time="160.496" classname="com.IGM_Kolkata_2_May23.tc.TC005_IGMBasicDetails"/>
  <testcase name="basicDetails" time="160.127" classname="com.IGM_Kolkata_2_May23.tc.TC005_IGMBasicDetails"/>
  <testcase name="basicDetails" time="163.628" classname="com.IGM_Kolkata_2_May23.tc.TC005_IGMBasicDetails"/>
  <testcase name="basicDetails" time="165.996" classname="com.IGM_Kolkata_2_May23.tc.TC005_IGMBasicDetails"/>
  <testcase name="basicDetails" time="160.247" classname="com.IGM_Kolkata_2_May23.tc.TC005_IGMBasicDetails"/>
  <testcase name="basicDetails" time="162.749" classname="com.IGM_Kolkata_2_May23.tc.TC005_IGMBasicDetails"/>
  <testcase name="basicDetails" time="165.839" classname="com.IGM_Kolkata_2_May23.tc.TC005_IGMBasicDetails"/>
  <testcase name="basicDetails" time="160.165" classname="com.IGM_Kolkata_2_May23.tc.TC005_IGMBasicDetails"/>
  <testcase name="basicDetails" time="160.522" classname="com.IGM_Kolkata_2_May23.tc.TC005_IGMBasicDetails"/>
  <testcase name="basicDetails" time="166.110" classname="com.IGM_Kolkata_2_May23.tc.TC005_IGMBasicDetails"/>
  <testcase name="basicDetails" time="160.447" classname="com.IGM_Kolkata_2_May23.tc.TC005_IGMBasicDetails"/>
  <testcase name="basicDetails" time="162.275" classname="com.IGM_Kolkata_2_May23.tc.TC005_IGMBasicDetails"/>
  <testcase name="basicDetails" time="162.034" classname="com.IGM_Kolkata_2_May23.tc.TC005_IGMBasicDetails"/>
  <testcase name="basicDetails" time="160.360" classname="com.IGM_Kolkata_2_May23.tc.TC005_IGMBasicDetails"/>
  <testcase name="basicDetails" time="163.455" classname="com.IGM_Kolkata_2_May23.tc.TC005_IGMBasicDetails"/>
  <testcase name="basicDetails" time="162.384" classname="com.IGM_Kolkata_2_May23.tc.TC005_IGMBasicDetails"/>
  <testcase name="basicDetails" time="160.403" classname="com.IGM_Kolkata_2_May23.tc.TC005_IGMBasicDetails"/>
  <testcase name="basicDetails" time="160.575" classname="com.IGM_Kolkata_2_May23.tc.TC005_IGMBasicDetails"/>
  <testcase name="basicDetails" time="160.542" classname="com.IGM_Kolkata_2_May23.tc.TC005_IGMBasicDetails"/>
  <testcase name="basicDetails" time="160.395" classname="com.IGM_Kolkata_2_May23.tc.TC005_IGMBasicDetails"/>
  <testcase name="basicDetails" time="160.346" classname="com.IGM_Kolkata_2_May23.tc.TC005_IGMBasicDetails"/>
  <testcase name="basicDetails" time="160.090" classname="com.IGM_Kolkata_2_May23.tc.TC005_IGMBasicDetails"/>
  <testcase name="basicDetails" time="160.454" classname="com.IGM_Kolkata_2_May23.tc.TC005_IGMBasicDetails"/>
  <testcase name="basicDetails" time="163.412" classname="com.IGM_Kolkata_2_May23.tc.TC005_IGMBasicDetails"/>
  <testcase name="basicDetails" time="163.601" classname="com.IGM_Kolkata_2_May23.tc.TC005_IGMBasicDetails"/>
  <testcase name="basicDetails" time="163.681" classname="com.IGM_Kolkata_2_May23.tc.TC005_IGMBasicDetails"/>
  <testcase name="basicDetails" time="160.227" classname="com.IGM_Kolkata_2_May23.tc.TC005_IGMBasicDetails"/>
  <testcase name="basicDetails" time="160.262" classname="com.IGM_Kolkata_2_May23.tc.TC005_IGMBasicDetails"/>
  <testcase name="basicDetails" time="160.505" classname="com.IGM_Kolkata_2_May23.tc.TC005_IGMBasicDetails"/>
  <testcase name="basicDetails" time="163.337" classname="com.IGM_Kolkata_2_May23.tc.TC005_IGMBasicDetails"/>
  <testcase name="basicDetails" time="160.411" classname="com.IGM_Kolkata_2_May23.tc.TC005_IGMBasicDetails"/>
  <testcase name="basicDetails" time="163.817" classname="com.IGM_Kolkata_2_May23.tc.TC005_IGMBasicDetails"/>
  <testcase name="basicDetails" time="160.605" classname="com.IGM_Kolkata_2_May23.tc.TC005_IGMBasicDetails"/>
  <testcase name="basicDetails" time="162.874" classname="com.IGM_Kolkata_2_May23.tc.TC005_IGMBasicDetails"/>
  <testcase name="basicDetails" time="165.682" classname="com.IGM_Kolkata_2_May23.tc.TC005_IGMBasicDetails"/>
  <testcase name="basicDetails" time="160.089" classname="com.IGM_Kolkata_2_May23.tc.TC005_IGMBasicDetails"/>
  <testcase name="basicDetails" time="160.197" classname="com.IGM_Kolkata_2_May23.tc.TC005_IGMBasicDetails"/>
  <testcase name="basicDetails" time="160.977" classname="com.IGM_Kolkata_2_May23.tc.TC005_IGMBasicDetails"/>
  <testcase name="basicDetails" time="160.178" classname="com.IGM_Kolkata_2_May23.tc.TC005_IGMBasicDetails"/>
  <testcase name="basicDetails" time="162.583" classname="com.IGM_Kolkata_2_May23.tc.TC005_IGMBasicDetails"/>
  <testcase name="basicDetails" time="163.532" classname="com.IGM_Kolkata_2_May23.tc.TC005_IGMBasicDetails"/>
  <testcase name="basicDetails" time="162.508" classname="com.IGM_Kolkata_2_May23.tc.TC005_IGMBasicDetails"/>
</testsuite> <!-- com.IGM_Kolkata_2_May23.tc.TC005_IGMBasicDetails -->
