<?xml version="1.0" encoding="UTF-8"?>
<!-- Generated by org.testng.reporters.JUnitReportReporter -->
<testsuite hostname="MAA011253A" failures="0" tests="102" name="com.BOI.tc.TC004_BOIBasicDetails" time="7566.042" errors="0" timestamp="2020-09-15T15:11:41 IST" skipped="0">
  <testcase classname="com.BOI.tc.TC004_BOIBasicDetails" name="basicDetails" time="73.481"/>
  <testcase classname="com.BOI.tc.TC004_BOIBasicDetails" name="basicDetails" time="73.750"/>
  <testcase classname="com.BOI.tc.TC004_BOIBasicDetails" name="basicDetails" time="74.118"/>
  <testcase classname="com.BOI.tc.TC004_BOIBasicDetails" name="basicDetails" time="73.736"/>
  <testcase classname="com.BOI.tc.TC004_BOIBasicDetails" name="basicDetails" time="74.539"/>
  <testcase classname="com.BOI.tc.TC004_BOIBasicDetails" name="basicDetails" time="74.026"/>
  <testcase classname="com.BOI.tc.TC004_BOIBasicDetails" name="basicDetails" time="74.287"/>
  <testcase classname="com.BOI.tc.TC004_BOIBasicDetails" name="basicDetails" time="74.545"/>
  <testcase classname="com.BOI.tc.TC004_BOIBasicDetails" name="basicDetails" time="74.564"/>
  <testcase classname="com.BOI.tc.TC004_BOIBasicDetails" name="basicDetails" time="73.650"/>
  <testcase classname="com.BOI.tc.TC004_BOIBasicDetails" name="basicDetails" time="74.919"/>
  <testcase classname="com.BOI.tc.TC004_BOIBasicDetails" name="basicDetails" time="73.693"/>
  <testcase classname="com.BOI.tc.TC004_BOIBasicDetails" name="basicDetails" time="74.475"/>
  <testcase classname="com.BOI.tc.TC004_BOIBasicDetails" name="basicDetails" time="74.285"/>
  <testcase classname="com.BOI.tc.TC004_BOIBasicDetails" name="basicDetails" time="73.517"/>
  <testcase classname="com.BOI.tc.TC004_BOIBasicDetails" name="basicDetails" time="73.544"/>
  <testcase classname="com.BOI.tc.TC004_BOIBasicDetails" name="basicDetails" time="75.129"/>
  <testcase classname="com.BOI.tc.TC004_BOIBasicDetails" name="basicDetails" time="74.474"/>
  <testcase classname="com.BOI.tc.TC004_BOIBasicDetails" name="basicDetails" time="75.069"/>
  <testcase classname="com.BOI.tc.TC004_BOIBasicDetails" name="basicDetails" time="74.500"/>
  <testcase classname="com.BOI.tc.TC004_BOIBasicDetails" name="basicDetails" time="73.333"/>
  <testcase classname="com.BOI.tc.TC004_BOIBasicDetails" name="basicDetails" time="74.786"/>
  <testcase classname="com.BOI.tc.TC004_BOIBasicDetails" name="basicDetails" time="75.597"/>
  <testcase classname="com.BOI.tc.TC004_BOIBasicDetails" name="basicDetails" time="74.112"/>
  <testcase classname="com.BOI.tc.TC004_BOIBasicDetails" name="basicDetails" time="73.740"/>
  <testcase classname="com.BOI.tc.TC004_BOIBasicDetails" name="basicDetails" time="75.125"/>
  <testcase classname="com.BOI.tc.TC004_BOIBasicDetails" name="basicDetails" time="73.840"/>
  <testcase classname="com.BOI.tc.TC004_BOIBasicDetails" name="basicDetails" time="74.065"/>
  <testcase classname="com.BOI.tc.TC004_BOIBasicDetails" name="basicDetails" time="73.774"/>
  <testcase classname="com.BOI.tc.TC004_BOIBasicDetails" name="basicDetails" time="77.634"/>
  <testcase classname="com.BOI.tc.TC004_BOIBasicDetails" name="basicDetails" time="73.697"/>
  <testcase classname="com.BOI.tc.TC004_BOIBasicDetails" name="basicDetails" time="74.846"/>
  <testcase classname="com.BOI.tc.TC004_BOIBasicDetails" name="basicDetails" time="73.459"/>
  <testcase classname="com.BOI.tc.TC004_BOIBasicDetails" name="basicDetails" time="74.428"/>
  <testcase classname="com.BOI.tc.TC004_BOIBasicDetails" name="basicDetails" time="75.518"/>
  <testcase classname="com.BOI.tc.TC004_BOIBasicDetails" name="basicDetails" time="73.572"/>
  <testcase classname="com.BOI.tc.TC004_BOIBasicDetails" name="basicDetails" time="73.916"/>
  <testcase classname="com.BOI.tc.TC004_BOIBasicDetails" name="basicDetails" time="74.413"/>
  <testcase classname="com.BOI.tc.TC004_BOIBasicDetails" name="basicDetails" time="73.929"/>
  <testcase classname="com.BOI.tc.TC004_BOIBasicDetails" name="basicDetails" time="74.610"/>
  <testcase classname="com.BOI.tc.TC004_BOIBasicDetails" name="basicDetails" time="74.481"/>
  <testcase classname="com.BOI.tc.TC004_BOIBasicDetails" name="basicDetails" time="73.254"/>
  <testcase classname="com.BOI.tc.TC004_BOIBasicDetails" name="basicDetails" time="74.242"/>
  <testcase classname="com.BOI.tc.TC004_BOIBasicDetails" name="basicDetails" time="73.979"/>
  <testcase classname="com.BOI.tc.TC004_BOIBasicDetails" name="basicDetails" time="73.559"/>
  <testcase classname="com.BOI.tc.TC004_BOIBasicDetails" name="basicDetails" time="74.878"/>
  <testcase classname="com.BOI.tc.TC004_BOIBasicDetails" name="basicDetails" time="74.638"/>
  <testcase classname="com.BOI.tc.TC004_BOIBasicDetails" name="basicDetails" time="72.954"/>
  <testcase classname="com.BOI.tc.TC004_BOIBasicDetails" name="basicDetails" time="75.221"/>
  <testcase classname="com.BOI.tc.TC004_BOIBasicDetails" name="basicDetails" time="74.798"/>
  <testcase classname="com.BOI.tc.TC004_BOIBasicDetails" name="basicDetails" time="74.921"/>
  <testcase classname="com.BOI.tc.TC004_BOIBasicDetails" name="basicDetails" time="74.062"/>
  <testcase classname="com.BOI.tc.TC004_BOIBasicDetails" name="basicDetails" time="74.369"/>
  <testcase classname="com.BOI.tc.TC004_BOIBasicDetails" name="basicDetails" time="74.094"/>
  <testcase classname="com.BOI.tc.TC004_BOIBasicDetails" name="basicDetails" time="73.205"/>
  <testcase classname="com.BOI.tc.TC004_BOIBasicDetails" name="basicDetails" time="73.446"/>
  <testcase classname="com.BOI.tc.TC004_BOIBasicDetails" name="basicDetails" time="74.254"/>
  <testcase classname="com.BOI.tc.TC004_BOIBasicDetails" name="basicDetails" time="73.556"/>
  <testcase classname="com.BOI.tc.TC004_BOIBasicDetails" name="basicDetails" time="73.162"/>
  <testcase classname="com.BOI.tc.TC004_BOIBasicDetails" name="basicDetails" time="73.735"/>
  <testcase classname="com.BOI.tc.TC004_BOIBasicDetails" name="basicDetails" time="74.308"/>
  <testcase classname="com.BOI.tc.TC004_BOIBasicDetails" name="basicDetails" time="75.182"/>
  <testcase classname="com.BOI.tc.TC004_BOIBasicDetails" name="basicDetails" time="74.966"/>
  <testcase classname="com.BOI.tc.TC004_BOIBasicDetails" name="basicDetails" time="74.855"/>
  <testcase classname="com.BOI.tc.TC004_BOIBasicDetails" name="basicDetails" time="73.451"/>
  <testcase classname="com.BOI.tc.TC004_BOIBasicDetails" name="basicDetails" time="74.766"/>
  <testcase classname="com.BOI.tc.TC004_BOIBasicDetails" name="basicDetails" time="73.552"/>
  <testcase classname="com.BOI.tc.TC004_BOIBasicDetails" name="basicDetails" time="73.470"/>
  <testcase classname="com.BOI.tc.TC004_BOIBasicDetails" name="basicDetails" time="73.676"/>
  <testcase classname="com.BOI.tc.TC004_BOIBasicDetails" name="basicDetails" time="73.997"/>
  <testcase classname="com.BOI.tc.TC004_BOIBasicDetails" name="basicDetails" time="74.188"/>
  <testcase classname="com.BOI.tc.TC004_BOIBasicDetails" name="basicDetails" time="74.002"/>
  <testcase classname="com.BOI.tc.TC004_BOIBasicDetails" name="basicDetails" time="73.533"/>
  <testcase classname="com.BOI.tc.TC004_BOIBasicDetails" name="basicDetails" time="74.654"/>
  <testcase classname="com.BOI.tc.TC004_BOIBasicDetails" name="basicDetails" time="73.323"/>
  <testcase classname="com.BOI.tc.TC004_BOIBasicDetails" name="basicDetails" time="73.607"/>
  <testcase classname="com.BOI.tc.TC004_BOIBasicDetails" name="basicDetails" time="74.115"/>
  <testcase classname="com.BOI.tc.TC004_BOIBasicDetails" name="basicDetails" time="74.754"/>
  <testcase classname="com.BOI.tc.TC004_BOIBasicDetails" name="basicDetails" time="74.825"/>
  <testcase classname="com.BOI.tc.TC004_BOIBasicDetails" name="basicDetails" time="73.643"/>
  <testcase classname="com.BOI.tc.TC004_BOIBasicDetails" name="basicDetails" time="74.675"/>
  <testcase classname="com.BOI.tc.TC004_BOIBasicDetails" name="basicDetails" time="74.098"/>
  <testcase classname="com.BOI.tc.TC004_BOIBasicDetails" name="basicDetails" time="73.619"/>
  <testcase classname="com.BOI.tc.TC004_BOIBasicDetails" name="basicDetails" time="73.684"/>
  <testcase classname="com.BOI.tc.TC004_BOIBasicDetails" name="basicDetails" time="73.492"/>
  <testcase classname="com.BOI.tc.TC004_BOIBasicDetails" name="basicDetails" time="74.038"/>
  <testcase classname="com.BOI.tc.TC004_BOIBasicDetails" name="basicDetails" time="73.900"/>
  <testcase classname="com.BOI.tc.TC004_BOIBasicDetails" name="basicDetails" time="74.608"/>
  <testcase classname="com.BOI.tc.TC004_BOIBasicDetails" name="basicDetails" time="73.699"/>
  <testcase classname="com.BOI.tc.TC004_BOIBasicDetails" name="basicDetails" time="73.540"/>
  <testcase classname="com.BOI.tc.TC004_BOIBasicDetails" name="basicDetails" time="74.125"/>
  <testcase classname="com.BOI.tc.TC004_BOIBasicDetails" name="basicDetails" time="74.647"/>
  <testcase classname="com.BOI.tc.TC004_BOIBasicDetails" name="basicDetails" time="74.587"/>
  <testcase classname="com.BOI.tc.TC004_BOIBasicDetails" name="basicDetails" time="74.624"/>
  <testcase classname="com.BOI.tc.TC004_BOIBasicDetails" name="basicDetails" time="73.808"/>
  <testcase classname="com.BOI.tc.TC004_BOIBasicDetails" name="basicDetails" time="73.335"/>
  <testcase classname="com.BOI.tc.TC004_BOIBasicDetails" name="basicDetails" time="73.822"/>
  <testcase classname="com.BOI.tc.TC004_BOIBasicDetails" name="basicDetails" time="74.407"/>
  <testcase classname="com.BOI.tc.TC004_BOIBasicDetails" name="basicDetails" time="73.650"/>
  <testcase classname="com.BOI.tc.TC004_BOIBasicDetails" name="basicDetails" time="74.381"/>
  <testcase classname="com.BOI.tc.TC004_BOIBasicDetails" name="basicDetails" time="73.423"/>
  <testcase classname="com.BOI.tc.TC004_BOIBasicDetails" name="basicDetails" time="75.510"/>
</testsuite> <!-- com.BOI.tc.TC004_BOIBasicDetails -->
