<?xml version="1.0" encoding="UTF-8"?>
<!-- Generated by org.testng.reporters.JUnitReportReporter -->
<testsuite skipped="0" hostname="MAA014482B" name="com.BOMSRO.tc.TC002_BOMBasicDetails" tests="80" failures="0" timestamp="2023-01-04T16:36:52 IST" time="12875.103" errors="0">
  <testcase name="basicDetails" time="161.899" classname="com.BOMSRO.tc.TC002_BOMBasicDetails"/>
  <testcase name="basicDetails" time="161.006" classname="com.BOMSRO.tc.TC002_BOMBasicDetails"/>
  <testcase name="basicDetails" time="159.858" classname="com.BOMSRO.tc.TC002_BOMBasicDetails"/>
  <testcase name="basicDetails" time="162.280" classname="com.BOMSRO.tc.TC002_BOMBasicDetails"/>
  <testcase name="basicDetails" time="162.472" classname="com.BOMSRO.tc.TC002_BOMBasicDetails"/>
  <testcase name="basicDetails" time="159.970" classname="com.BOMSRO.tc.TC002_BOMBasicDetails"/>
  <testcase name="basicDetails" time="162.608" classname="com.BOMSRO.tc.TC002_BOMBasicDetails"/>
  <testcase name="basicDetails" time="157.780" classname="com.BOMSRO.tc.TC002_BOMBasicDetails"/>
  <testcase name="basicDetails" time="159.523" classname="com.BOMSRO.tc.TC002_BOMBasicDetails"/>
  <testcase name="basicDetails" time="162.113" classname="com.BOMSRO.tc.TC002_BOMBasicDetails"/>
  <testcase name="basicDetails" time="160.044" classname="com.BOMSRO.tc.TC002_BOMBasicDetails"/>
  <testcase name="basicDetails" time="159.615" classname="com.BOMSRO.tc.TC002_BOMBasicDetails"/>
  <testcase name="basicDetails" time="162.064" classname="com.BOMSRO.tc.TC002_BOMBasicDetails"/>
  <testcase name="basicDetails" time="162.486" classname="com.BOMSRO.tc.TC002_BOMBasicDetails"/>
  <testcase name="basicDetails" time="162.341" classname="com.BOMSRO.tc.TC002_BOMBasicDetails"/>
  <testcase name="basicDetails" time="162.305" classname="com.BOMSRO.tc.TC002_BOMBasicDetails"/>
  <testcase name="basicDetails" time="162.090" classname="com.BOMSRO.tc.TC002_BOMBasicDetails"/>
  <testcase name="basicDetails" time="161.760" classname="com.BOMSRO.tc.TC002_BOMBasicDetails"/>
  <testcase name="basicDetails" time="160.123" classname="com.BOMSRO.tc.TC002_BOMBasicDetails"/>
  <testcase name="basicDetails" time="162.423" classname="com.BOMSRO.tc.TC002_BOMBasicDetails"/>
  <testcase name="basicDetails" time="160.691" classname="com.BOMSRO.tc.TC002_BOMBasicDetails"/>
  <testcase name="basicDetails" time="162.023" classname="com.BOMSRO.tc.TC002_BOMBasicDetails"/>
  <testcase name="basicDetails" time="159.722" classname="com.BOMSRO.tc.TC002_BOMBasicDetails"/>
  <testcase name="basicDetails" time="162.048" classname="com.BOMSRO.tc.TC002_BOMBasicDetails"/>
  <testcase name="basicDetails" time="159.966" classname="com.BOMSRO.tc.TC002_BOMBasicDetails"/>
  <testcase name="basicDetails" time="162.448" classname="com.BOMSRO.tc.TC002_BOMBasicDetails"/>
  <testcase name="basicDetails" time="159.806" classname="com.BOMSRO.tc.TC002_BOMBasicDetails"/>
  <testcase name="basicDetails" time="160.130" classname="com.BOMSRO.tc.TC002_BOMBasicDetails"/>
  <testcase name="basicDetails" time="159.942" classname="com.BOMSRO.tc.TC002_BOMBasicDetails"/>
  <testcase name="basicDetails" time="159.911" classname="com.BOMSRO.tc.TC002_BOMBasicDetails"/>
  <testcase name="basicDetails" time="161.809" classname="com.BOMSRO.tc.TC002_BOMBasicDetails"/>
  <testcase name="basicDetails" time="162.351" classname="com.BOMSRO.tc.TC002_BOMBasicDetails"/>
  <testcase name="basicDetails" time="159.797" classname="com.BOMSRO.tc.TC002_BOMBasicDetails"/>
  <testcase name="basicDetails" time="160.087" classname="com.BOMSRO.tc.TC002_BOMBasicDetails"/>
  <testcase name="basicDetails" time="159.432" classname="com.BOMSRO.tc.TC002_BOMBasicDetails"/>
  <testcase name="basicDetails" time="159.844" classname="com.BOMSRO.tc.TC002_BOMBasicDetails"/>
  <testcase name="basicDetails" time="162.380" classname="com.BOMSRO.tc.TC002_BOMBasicDetails"/>
  <testcase name="basicDetails" time="162.105" classname="com.BOMSRO.tc.TC002_BOMBasicDetails"/>
  <testcase name="basicDetails" time="159.989" classname="com.BOMSRO.tc.TC002_BOMBasicDetails"/>
  <testcase name="basicDetails" time="162.440" classname="com.BOMSRO.tc.TC002_BOMBasicDetails"/>
  <testcase name="basicDetails" time="160.096" classname="com.BOMSRO.tc.TC002_BOMBasicDetails"/>
  <testcase name="basicDetails" time="159.800" classname="com.BOMSRO.tc.TC002_BOMBasicDetails"/>
  <testcase name="basicDetails" time="161.902" classname="com.BOMSRO.tc.TC002_BOMBasicDetails"/>
  <testcase name="basicDetails" time="159.906" classname="com.BOMSRO.tc.TC002_BOMBasicDetails"/>
  <testcase name="basicDetails" time="162.351" classname="com.BOMSRO.tc.TC002_BOMBasicDetails"/>
  <testcase name="basicDetails" time="159.660" classname="com.BOMSRO.tc.TC002_BOMBasicDetails"/>
  <testcase name="basicDetails" time="159.733" classname="com.BOMSRO.tc.TC002_BOMBasicDetails"/>
  <testcase name="basicDetails" time="162.406" classname="com.BOMSRO.tc.TC002_BOMBasicDetails"/>
  <testcase name="basicDetails" time="159.972" classname="com.BOMSRO.tc.TC002_BOMBasicDetails"/>
  <testcase name="basicDetails" time="159.795" classname="com.BOMSRO.tc.TC002_BOMBasicDetails"/>
  <testcase name="basicDetails" time="162.593" classname="com.BOMSRO.tc.TC002_BOMBasicDetails"/>
  <testcase name="basicDetails" time="159.720" classname="com.BOMSRO.tc.TC002_BOMBasicDetails"/>
  <testcase name="basicDetails" time="159.841" classname="com.BOMSRO.tc.TC002_BOMBasicDetails"/>
  <testcase name="basicDetails" time="159.863" classname="com.BOMSRO.tc.TC002_BOMBasicDetails"/>
  <testcase name="basicDetails" time="160.084" classname="com.BOMSRO.tc.TC002_BOMBasicDetails"/>
  <testcase name="basicDetails" time="159.886" classname="com.BOMSRO.tc.TC002_BOMBasicDetails"/>
  <testcase name="basicDetails" time="161.943" classname="com.BOMSRO.tc.TC002_BOMBasicDetails"/>
  <testcase name="basicDetails" time="159.732" classname="com.BOMSRO.tc.TC002_BOMBasicDetails"/>
  <testcase name="basicDetails" time="161.802" classname="com.BOMSRO.tc.TC002_BOMBasicDetails"/>
  <testcase name="basicDetails" time="160.005" classname="com.BOMSRO.tc.TC002_BOMBasicDetails"/>
  <testcase name="basicDetails" time="162.390" classname="com.BOMSRO.tc.TC002_BOMBasicDetails"/>
  <testcase name="basicDetails" time="161.893" classname="com.BOMSRO.tc.TC002_BOMBasicDetails"/>
  <testcase name="basicDetails" time="162.175" classname="com.BOMSRO.tc.TC002_BOMBasicDetails"/>
  <testcase name="basicDetails" time="159.707" classname="com.BOMSRO.tc.TC002_BOMBasicDetails"/>
  <testcase name="basicDetails" time="162.252" classname="com.BOMSRO.tc.TC002_BOMBasicDetails"/>
  <testcase name="basicDetails" time="162.175" classname="com.BOMSRO.tc.TC002_BOMBasicDetails"/>
  <testcase name="basicDetails" time="159.653" classname="com.BOMSRO.tc.TC002_BOMBasicDetails"/>
  <testcase name="basicDetails" time="160.079" classname="com.BOMSRO.tc.TC002_BOMBasicDetails"/>
  <testcase name="basicDetails" time="159.232" classname="com.BOMSRO.tc.TC002_BOMBasicDetails"/>
  <testcase name="basicDetails" time="159.648" classname="com.BOMSRO.tc.TC002_BOMBasicDetails"/>
  <testcase name="basicDetails" time="161.796" classname="com.BOMSRO.tc.TC002_BOMBasicDetails"/>
  <testcase name="basicDetails" time="162.257" classname="com.BOMSRO.tc.TC002_BOMBasicDetails"/>
  <testcase name="basicDetails" time="159.935" classname="com.BOMSRO.tc.TC002_BOMBasicDetails"/>
  <testcase name="basicDetails" time="160.481" classname="com.BOMSRO.tc.TC002_BOMBasicDetails"/>
  <testcase name="basicDetails" time="159.875" classname="com.BOMSRO.tc.TC002_BOMBasicDetails"/>
  <testcase name="basicDetails" time="162.314" classname="com.BOMSRO.tc.TC002_BOMBasicDetails"/>
  <testcase name="basicDetails" time="161.733" classname="com.BOMSRO.tc.TC002_BOMBasicDetails"/>
  <testcase name="basicDetails" time="162.131" classname="com.BOMSRO.tc.TC002_BOMBasicDetails"/>
  <testcase name="basicDetails" time="162.455" classname="com.BOMSRO.tc.TC002_BOMBasicDetails"/>
  <testcase name="basicDetails" time="160.151" classname="com.BOMSRO.tc.TC002_BOMBasicDetails"/>
</testsuite> <!-- com.BOMSRO.tc.TC002_BOMBasicDetails -->
