<?xml version="1.0" encoding="UTF-8"?>
<!-- Generated by org.testng.reporters.JUnitReportReporter -->
<testsuite skipped="0" hostname="MAA015435A" name="com.mint.tc.TC004_MintBasicDetails" tests="5" failures="0" timestamp="10 Dec 2019 06:57:38 GMT" time="445.439" errors="0">
  <testcase name="basicDetails" time="85.660" classname="com.mint.tc.TC004_MintBasicDetails"/>
  <testcase name="basicDetails" time="89.076" classname="com.mint.tc.TC004_MintBasicDetails"/>
  <testcase name="basicDetails" time="87.061" classname="com.mint.tc.TC004_MintBasicDetails"/>
  <testcase name="basicDetails" time="86.364" classname="com.mint.tc.TC004_MintBasicDetails"/>
  <testcase name="basicDetails" time="97.278" classname="com.mint.tc.TC004_MintBasicDetails"/>
</testsuite> <!-- com.mint.tc.TC004_MintBasicDetails -->
