<?xml version="1.0" encoding="UTF-8"?>
<!-- Generated by org.testng.reporters.JUnitReportReporter -->
<testsuite skipped="0" hostname="MAA014482B" name="com.SPMCIL_19July22.tc.TC004_SPMCILBasicDetails" tests="16" failures="0" timestamp="2022-11-28T10:35:26 IST" time="2502.478" errors="0">
  <testcase name="basicDetails" time="155.800" classname="com.SPMCIL_19July22.tc.TC004_SPMCILBasicDetails"/>
  <testcase name="basicDetails" time="158.605" classname="com.SPMCIL_19July22.tc.TC004_SPMCILBasicDetails"/>
  <testcase name="basicDetails" time="156.424" classname="com.SPMCIL_19July22.tc.TC004_SPMCILBasicDetails"/>
  <testcase name="basicDetails" time="155.749" classname="com.SPMCIL_19July22.tc.TC004_SPMCILBasicDetails"/>
  <testcase name="basicDetails" time="156.886" classname="com.SPMCIL_19July22.tc.TC004_SPMCILBasicDetails"/>
  <testcase name="basicDetails" time="154.744" classname="com.SPMCIL_19July22.tc.TC004_SPMCILBasicDetails"/>
  <testcase name="basicDetails" time="155.597" classname="com.SPMCIL_19July22.tc.TC004_SPMCILBasicDetails"/>
  <testcase name="basicDetails" time="160.679" classname="com.SPMCIL_19July22.tc.TC004_SPMCILBasicDetails"/>
  <testcase name="basicDetails" time="156.570" classname="com.SPMCIL_19July22.tc.TC004_SPMCILBasicDetails"/>
  <testcase name="basicDetails" time="154.333" classname="com.SPMCIL_19July22.tc.TC004_SPMCILBasicDetails"/>
  <testcase name="basicDetails" time="154.733" classname="com.SPMCIL_19July22.tc.TC004_SPMCILBasicDetails"/>
  <testcase name="basicDetails" time="156.998" classname="com.SPMCIL_19July22.tc.TC004_SPMCILBasicDetails"/>
  <testcase name="basicDetails" time="153.963" classname="com.SPMCIL_19July22.tc.TC004_SPMCILBasicDetails"/>
  <testcase name="basicDetails" time="157.009" classname="com.SPMCIL_19July22.tc.TC004_SPMCILBasicDetails"/>
  <testcase name="basicDetails" time="155.612" classname="com.SPMCIL_19July22.tc.TC004_SPMCILBasicDetails"/>
  <testcase name="basicDetails" time="158.776" classname="com.SPMCIL_19July22.tc.TC004_SPMCILBasicDetails"/>
</testsuite> <!-- com.SPMCIL_19July22.tc.TC004_SPMCILBasicDetails -->
