<?xml version="1.0" encoding="UTF-8"?>
<!-- Generated by org.testng.reporters.JUnitReportReporter -->
<testsuite hostname="MAA011253A" failures="0" tests="12" name="com.NPS.tc.TC001_NPSBasicDetails" time="1392.092" errors="0" timestamp="2020-12-23T18:05:03 IST" skipped="0">
  <testcase classname="com.NPS.tc.TC001_NPSBasicDetails" name="basicDetails" time="116.583"/>
  <testcase classname="com.NPS.tc.TC001_NPSBasicDetails" name="basicDetails" time="114.923"/>
  <testcase classname="com.NPS.tc.TC001_NPSBasicDetails" name="basicDetails" time="115.259"/>
  <testcase classname="com.NPS.tc.TC001_NPSBasicDetails" name="basicDetails" time="115.619"/>
  <testcase classname="com.NPS.tc.TC001_NPSBasicDetails" name="basicDetails" time="117.047"/>
  <testcase classname="com.NPS.tc.TC001_NPSBasicDetails" name="basicDetails" time="115.571"/>
  <testcase classname="com.NPS.tc.TC001_NPSBasicDetails" name="basicDetails" time="116.603"/>
  <testcase classname="com.NPS.tc.TC001_NPSBasicDetails" name="basicDetails" time="116.171"/>
  <testcase classname="com.NPS.tc.TC001_NPSBasicDetails" name="basicDetails" time="116.061"/>
  <testcase classname="com.NPS.tc.TC001_NPSBasicDetails" name="basicDetails" time="115.719"/>
  <testcase classname="com.NPS.tc.TC001_NPSBasicDetails" name="basicDetails" time="115.923"/>
  <testcase classname="com.NPS.tc.TC001_NPSBasicDetails" name="basicDetails" time="116.613"/>
</testsuite> <!-- com.NPS.tc.TC001_NPSBasicDetails -->
