<?xml version="1.0" encoding="UTF-8"?>
<!-- Generated by org.testng.reporters.JUnitReportReporter -->
<testsuite skipped="0" hostname="MAA014482B" name="com.IDBIRSCO.tc.TC005_IDBIRSCOBasicDetails" tests="50" failures="0" timestamp="2023-05-25T14:51:24 IST" time="8080.763" errors="0">
  <testcase name="basicDetails" time="161.227" classname="com.IDBIRSCO.tc.TC005_IDBIRSCOBasicDetails"/>
  <testcase name="basicDetails" time="161.372" classname="com.IDBIRSCO.tc.TC005_IDBIRSCOBasicDetails"/>
  <testcase name="basicDetails" time="161.540" classname="com.IDBIRSCO.tc.TC005_IDBIRSCOBasicDetails"/>
  <testcase name="basicDetails" time="161.064" classname="com.IDBIRSCO.tc.TC005_IDBIRSCOBasicDetails"/>
  <testcase name="basicDetails" time="161.330" classname="com.IDBIRSCO.tc.TC005_IDBIRSCOBasicDetails"/>
  <testcase name="basicDetails" time="161.341" classname="com.IDBIRSCO.tc.TC005_IDBIRSCOBasicDetails"/>
  <testcase name="basicDetails" time="161.126" classname="com.IDBIRSCO.tc.TC005_IDBIRSCOBasicDetails"/>
  <testcase name="basicDetails" time="160.723" classname="com.IDBIRSCO.tc.TC005_IDBIRSCOBasicDetails"/>
  <testcase name="basicDetails" time="161.426" classname="com.IDBIRSCO.tc.TC005_IDBIRSCOBasicDetails"/>
  <testcase name="basicDetails" time="161.800" classname="com.IDBIRSCO.tc.TC005_IDBIRSCOBasicDetails"/>
  <testcase name="basicDetails" time="160.451" classname="com.IDBIRSCO.tc.TC005_IDBIRSCOBasicDetails"/>
  <testcase name="basicDetails" time="161.923" classname="com.IDBIRSCO.tc.TC005_IDBIRSCOBasicDetails"/>
  <testcase name="basicDetails" time="162.057" classname="com.IDBIRSCO.tc.TC005_IDBIRSCOBasicDetails"/>
  <testcase name="basicDetails" time="162.127" classname="com.IDBIRSCO.tc.TC005_IDBIRSCOBasicDetails"/>
  <testcase name="basicDetails" time="160.778" classname="com.IDBIRSCO.tc.TC005_IDBIRSCOBasicDetails"/>
  <testcase name="basicDetails" time="162.106" classname="com.IDBIRSCO.tc.TC005_IDBIRSCOBasicDetails"/>
  <testcase name="basicDetails" time="160.648" classname="com.IDBIRSCO.tc.TC005_IDBIRSCOBasicDetails"/>
  <testcase name="basicDetails" time="162.224" classname="com.IDBIRSCO.tc.TC005_IDBIRSCOBasicDetails"/>
  <testcase name="basicDetails" time="162.337" classname="com.IDBIRSCO.tc.TC005_IDBIRSCOBasicDetails"/>
  <testcase name="basicDetails" time="160.679" classname="com.IDBIRSCO.tc.TC005_IDBIRSCOBasicDetails"/>
  <testcase name="basicDetails" time="160.844" classname="com.IDBIRSCO.tc.TC005_IDBIRSCOBasicDetails"/>
  <testcase name="basicDetails" time="161.433" classname="com.IDBIRSCO.tc.TC005_IDBIRSCOBasicDetails"/>
  <testcase name="basicDetails" time="161.942" classname="com.IDBIRSCO.tc.TC005_IDBIRSCOBasicDetails"/>
  <testcase name="basicDetails" time="167.254" classname="com.IDBIRSCO.tc.TC005_IDBIRSCOBasicDetails"/>
  <testcase name="basicDetails" time="160.652" classname="com.IDBIRSCO.tc.TC005_IDBIRSCOBasicDetails"/>
  <testcase name="basicDetails" time="161.532" classname="com.IDBIRSCO.tc.TC005_IDBIRSCOBasicDetails"/>
  <testcase name="basicDetails" time="161.587" classname="com.IDBIRSCO.tc.TC005_IDBIRSCOBasicDetails"/>
  <testcase name="basicDetails" time="161.191" classname="com.IDBIRSCO.tc.TC005_IDBIRSCOBasicDetails"/>
  <testcase name="basicDetails" time="161.108" classname="com.IDBIRSCO.tc.TC005_IDBIRSCOBasicDetails"/>
  <testcase name="basicDetails" time="161.065" classname="com.IDBIRSCO.tc.TC005_IDBIRSCOBasicDetails"/>
  <testcase name="basicDetails" time="162.051" classname="com.IDBIRSCO.tc.TC005_IDBIRSCOBasicDetails"/>
  <testcase name="basicDetails" time="160.418" classname="com.IDBIRSCO.tc.TC005_IDBIRSCOBasicDetails"/>
  <testcase name="basicDetails" time="162.400" classname="com.IDBIRSCO.tc.TC005_IDBIRSCOBasicDetails"/>
  <testcase name="basicDetails" time="161.150" classname="com.IDBIRSCO.tc.TC005_IDBIRSCOBasicDetails"/>
  <testcase name="basicDetails" time="162.538" classname="com.IDBIRSCO.tc.TC005_IDBIRSCOBasicDetails"/>
  <testcase name="basicDetails" time="160.962" classname="com.IDBIRSCO.tc.TC005_IDBIRSCOBasicDetails"/>
  <testcase name="basicDetails" time="161.520" classname="com.IDBIRSCO.tc.TC005_IDBIRSCOBasicDetails"/>
  <testcase name="basicDetails" time="161.732" classname="com.IDBIRSCO.tc.TC005_IDBIRSCOBasicDetails"/>
  <testcase name="basicDetails" time="162.201" classname="com.IDBIRSCO.tc.TC005_IDBIRSCOBasicDetails"/>
  <testcase name="basicDetails" time="162.169" classname="com.IDBIRSCO.tc.TC005_IDBIRSCOBasicDetails"/>
  <testcase name="basicDetails" time="161.902" classname="com.IDBIRSCO.tc.TC005_IDBIRSCOBasicDetails"/>
  <testcase name="basicDetails" time="162.311" classname="com.IDBIRSCO.tc.TC005_IDBIRSCOBasicDetails"/>
  <testcase name="basicDetails" time="161.110" classname="com.IDBIRSCO.tc.TC005_IDBIRSCOBasicDetails"/>
  <testcase name="basicDetails" time="161.523" classname="com.IDBIRSCO.tc.TC005_IDBIRSCOBasicDetails"/>
  <testcase name="basicDetails" time="161.309" classname="com.IDBIRSCO.tc.TC005_IDBIRSCOBasicDetails"/>
  <testcase name="basicDetails" time="160.913" classname="com.IDBIRSCO.tc.TC005_IDBIRSCOBasicDetails"/>
  <testcase name="basicDetails" time="161.933" classname="com.IDBIRSCO.tc.TC005_IDBIRSCOBasicDetails"/>
  <testcase name="basicDetails" time="162.221" classname="com.IDBIRSCO.tc.TC005_IDBIRSCOBasicDetails"/>
  <testcase name="basicDetails" time="161.227" classname="com.IDBIRSCO.tc.TC005_IDBIRSCOBasicDetails"/>
  <testcase name="basicDetails" time="162.286" classname="com.IDBIRSCO.tc.TC005_IDBIRSCOBasicDetails"/>
</testsuite> <!-- com.IDBIRSCO.tc.TC005_IDBIRSCOBasicDetails -->
