<?xml version="1.0" encoding="UTF-8"?>
<!-- Generated by org.testng.reporters.JUnitReportReporter -->
<testsuite skipped="0" hostname="MAA014482B" name="com.DRDO_17Oct.tc.TC003_DRDOBasicDetails" tests="50" failures="0" timestamp="2022-11-07T01:48:07 IST" time="8708.441" errors="0">
  <testcase name="basicDetails" time="181.133" classname="com.DRDO_17Oct.tc.TC003_DRDOBasicDetails"/>
  <testcase name="basicDetails" time="181.339" classname="com.DRDO_17Oct.tc.TC003_DRDOBasicDetails"/>
  <testcase name="basicDetails" time="168.942" classname="com.DRDO_17Oct.tc.TC003_DRDOBasicDetails"/>
  <testcase name="basicDetails" time="180.869" classname="com.DRDO_17Oct.tc.TC003_DRDOBasicDetails"/>
  <testcase name="basicDetails" time="169.944" classname="com.DRDO_17Oct.tc.TC003_DRDOBasicDetails"/>
  <testcase name="basicDetails" time="168.936" classname="com.DRDO_17Oct.tc.TC003_DRDOBasicDetails"/>
  <testcase name="basicDetails" time="182.503" classname="com.DRDO_17Oct.tc.TC003_DRDOBasicDetails"/>
  <testcase name="basicDetails" time="180.833" classname="com.DRDO_17Oct.tc.TC003_DRDOBasicDetails"/>
  <testcase name="basicDetails" time="168.474" classname="com.DRDO_17Oct.tc.TC003_DRDOBasicDetails"/>
  <testcase name="basicDetails" time="168.691" classname="com.DRDO_17Oct.tc.TC003_DRDOBasicDetails"/>
  <testcase name="basicDetails" time="170.852" classname="com.DRDO_17Oct.tc.TC003_DRDOBasicDetails"/>
  <testcase name="basicDetails" time="173.167" classname="com.DRDO_17Oct.tc.TC003_DRDOBasicDetails"/>
  <testcase name="basicDetails" time="168.794" classname="com.DRDO_17Oct.tc.TC003_DRDOBasicDetails"/>
  <testcase name="basicDetails" time="169.029" classname="com.DRDO_17Oct.tc.TC003_DRDOBasicDetails"/>
  <testcase name="basicDetails" time="181.626" classname="com.DRDO_17Oct.tc.TC003_DRDOBasicDetails"/>
  <testcase name="basicDetails" time="180.599" classname="com.DRDO_17Oct.tc.TC003_DRDOBasicDetails"/>
  <testcase name="basicDetails" time="182.342" classname="com.DRDO_17Oct.tc.TC003_DRDOBasicDetails"/>
  <testcase name="basicDetails" time="169.070" classname="com.DRDO_17Oct.tc.TC003_DRDOBasicDetails"/>
  <testcase name="basicDetails" time="173.511" classname="com.DRDO_17Oct.tc.TC003_DRDOBasicDetails"/>
  <testcase name="basicDetails" time="171.257" classname="com.DRDO_17Oct.tc.TC003_DRDOBasicDetails"/>
  <testcase name="basicDetails" time="182.197" classname="com.DRDO_17Oct.tc.TC003_DRDOBasicDetails"/>
  <testcase name="basicDetails" time="182.021" classname="com.DRDO_17Oct.tc.TC003_DRDOBasicDetails"/>
  <testcase name="basicDetails" time="182.065" classname="com.DRDO_17Oct.tc.TC003_DRDOBasicDetails"/>
  <testcase name="basicDetails" time="170.445" classname="com.DRDO_17Oct.tc.TC003_DRDOBasicDetails"/>
  <testcase name="basicDetails" time="170.507" classname="com.DRDO_17Oct.tc.TC003_DRDOBasicDetails"/>
  <testcase name="basicDetails" time="169.844" classname="com.DRDO_17Oct.tc.TC003_DRDOBasicDetails"/>
  <testcase name="basicDetails" time="182.371" classname="com.DRDO_17Oct.tc.TC003_DRDOBasicDetails"/>
  <testcase name="basicDetails" time="181.843" classname="com.DRDO_17Oct.tc.TC003_DRDOBasicDetails"/>
  <testcase name="basicDetails" time="168.836" classname="com.DRDO_17Oct.tc.TC003_DRDOBasicDetails"/>
  <testcase name="basicDetails" time="168.725" classname="com.DRDO_17Oct.tc.TC003_DRDOBasicDetails"/>
  <testcase name="basicDetails" time="182.633" classname="com.DRDO_17Oct.tc.TC003_DRDOBasicDetails"/>
  <testcase name="basicDetails" time="184.150" classname="com.DRDO_17Oct.tc.TC003_DRDOBasicDetails"/>
  <testcase name="basicDetails" time="180.928" classname="com.DRDO_17Oct.tc.TC003_DRDOBasicDetails"/>
  <testcase name="basicDetails" time="169.141" classname="com.DRDO_17Oct.tc.TC003_DRDOBasicDetails"/>
  <testcase name="basicDetails" time="169.972" classname="com.DRDO_17Oct.tc.TC003_DRDOBasicDetails"/>
  <testcase name="basicDetails" time="170.975" classname="com.DRDO_17Oct.tc.TC003_DRDOBasicDetails"/>
  <testcase name="basicDetails" time="181.198" classname="com.DRDO_17Oct.tc.TC003_DRDOBasicDetails"/>
  <testcase name="basicDetails" time="173.215" classname="com.DRDO_17Oct.tc.TC003_DRDOBasicDetails"/>
  <testcase name="basicDetails" time="171.146" classname="com.DRDO_17Oct.tc.TC003_DRDOBasicDetails"/>
  <testcase name="basicDetails" time="169.382" classname="com.DRDO_17Oct.tc.TC003_DRDOBasicDetails"/>
  <testcase name="basicDetails" time="168.932" classname="com.DRDO_17Oct.tc.TC003_DRDOBasicDetails"/>
  <testcase name="basicDetails" time="169.289" classname="com.DRDO_17Oct.tc.TC003_DRDOBasicDetails"/>
  <testcase name="basicDetails" time="170.152" classname="com.DRDO_17Oct.tc.TC003_DRDOBasicDetails"/>
  <testcase name="basicDetails" time="173.991" classname="com.DRDO_17Oct.tc.TC003_DRDOBasicDetails"/>
  <testcase name="basicDetails" time="173.355" classname="com.DRDO_17Oct.tc.TC003_DRDOBasicDetails"/>
  <testcase name="basicDetails" time="169.157" classname="com.DRDO_17Oct.tc.TC003_DRDOBasicDetails"/>
  <testcase name="basicDetails" time="168.997" classname="com.DRDO_17Oct.tc.TC003_DRDOBasicDetails"/>
  <testcase name="basicDetails" time="172.922" classname="com.DRDO_17Oct.tc.TC003_DRDOBasicDetails"/>
  <testcase name="basicDetails" time="168.953" classname="com.DRDO_17Oct.tc.TC003_DRDOBasicDetails"/>
  <testcase name="basicDetails" time="169.188" classname="com.DRDO_17Oct.tc.TC003_DRDOBasicDetails"/>
</testsuite> <!-- com.DRDO_17Oct.tc.TC003_DRDOBasicDetails -->
