<?xml version="1.0" encoding="UTF-8"?>
<!-- Generated by org.testng.reporters.JUnitReportReporter -->
<testsuite skipped="0" hostname="MAA014482B" name="com.NBRD.tc.TC005_NABARDBasicDetails" tests="104" failures="0" timestamp="2022-07-07T13:50:15 IST" time="13261.722" errors="0">
  <testcase name="basicDetails" time="125.583" classname="com.NBRD.tc.TC005_NABARDBasicDetails"/>
  <testcase name="basicDetails" time="129.291" classname="com.NBRD.tc.TC005_NABARDBasicDetails"/>
  <testcase name="basicDetails" time="129.308" classname="com.NBRD.tc.TC005_NABARDBasicDetails"/>
  <testcase name="basicDetails" time="124.521" classname="com.NBRD.tc.TC005_NABARDBasicDetails"/>
  <testcase name="basicDetails" time="125.740" classname="com.NBRD.tc.TC005_NABARDBasicDetails"/>
  <testcase name="basicDetails" time="129.389" classname="com.NBRD.tc.TC005_NABARDBasicDetails"/>
  <testcase name="basicDetails" time="128.700" classname="com.NBRD.tc.TC005_NABARDBasicDetails"/>
  <testcase name="basicDetails" time="129.596" classname="com.NBRD.tc.TC005_NABARDBasicDetails"/>
  <testcase name="basicDetails" time="129.473" classname="com.NBRD.tc.TC005_NABARDBasicDetails"/>
  <testcase name="basicDetails" time="126.250" classname="com.NBRD.tc.TC005_NABARDBasicDetails"/>
  <testcase name="basicDetails" time="129.108" classname="com.NBRD.tc.TC005_NABARDBasicDetails"/>
  <testcase name="basicDetails" time="129.429" classname="com.NBRD.tc.TC005_NABARDBasicDetails"/>
  <testcase name="basicDetails" time="129.746" classname="com.NBRD.tc.TC005_NABARDBasicDetails"/>
  <testcase name="basicDetails" time="128.954" classname="com.NBRD.tc.TC005_NABARDBasicDetails"/>
  <testcase name="basicDetails" time="126.281" classname="com.NBRD.tc.TC005_NABARDBasicDetails"/>
  <testcase name="basicDetails" time="128.778" classname="com.NBRD.tc.TC005_NABARDBasicDetails"/>
  <testcase name="basicDetails" time="126.095" classname="com.NBRD.tc.TC005_NABARDBasicDetails"/>
  <testcase name="basicDetails" time="128.960" classname="com.NBRD.tc.TC005_NABARDBasicDetails"/>
  <testcase name="basicDetails" time="125.751" classname="com.NBRD.tc.TC005_NABARDBasicDetails"/>
  <testcase name="basicDetails" time="129.621" classname="com.NBRD.tc.TC005_NABARDBasicDetails"/>
  <testcase name="basicDetails" time="130.046" classname="com.NBRD.tc.TC005_NABARDBasicDetails"/>
  <testcase name="basicDetails" time="129.540" classname="com.NBRD.tc.TC005_NABARDBasicDetails"/>
  <testcase name="basicDetails" time="126.707" classname="com.NBRD.tc.TC005_NABARDBasicDetails"/>
  <testcase name="basicDetails" time="125.571" classname="com.NBRD.tc.TC005_NABARDBasicDetails"/>
  <testcase name="basicDetails" time="126.290" classname="com.NBRD.tc.TC005_NABARDBasicDetails"/>
  <testcase name="basicDetails" time="129.453" classname="com.NBRD.tc.TC005_NABARDBasicDetails"/>
  <testcase name="basicDetails" time="125.464" classname="com.NBRD.tc.TC005_NABARDBasicDetails"/>
  <testcase name="basicDetails" time="129.086" classname="com.NBRD.tc.TC005_NABARDBasicDetails"/>
  <testcase name="basicDetails" time="125.515" classname="com.NBRD.tc.TC005_NABARDBasicDetails"/>
  <testcase name="basicDetails" time="129.429" classname="com.NBRD.tc.TC005_NABARDBasicDetails"/>
  <testcase name="basicDetails" time="128.997" classname="com.NBRD.tc.TC005_NABARDBasicDetails"/>
  <testcase name="basicDetails" time="126.449" classname="com.NBRD.tc.TC005_NABARDBasicDetails"/>
  <testcase name="basicDetails" time="125.494" classname="com.NBRD.tc.TC005_NABARDBasicDetails"/>
  <testcase name="basicDetails" time="129.879" classname="com.NBRD.tc.TC005_NABARDBasicDetails"/>
  <testcase name="basicDetails" time="125.731" classname="com.NBRD.tc.TC005_NABARDBasicDetails"/>
  <testcase name="basicDetails" time="125.663" classname="com.NBRD.tc.TC005_NABARDBasicDetails"/>
  <testcase name="basicDetails" time="125.600" classname="com.NBRD.tc.TC005_NABARDBasicDetails"/>
  <testcase name="basicDetails" time="125.705" classname="com.NBRD.tc.TC005_NABARDBasicDetails"/>
  <testcase name="basicDetails" time="129.246" classname="com.NBRD.tc.TC005_NABARDBasicDetails"/>
  <testcase name="basicDetails" time="125.583" classname="com.NBRD.tc.TC005_NABARDBasicDetails"/>
  <testcase name="basicDetails" time="129.418" classname="com.NBRD.tc.TC005_NABARDBasicDetails"/>
  <testcase name="basicDetails" time="125.652" classname="com.NBRD.tc.TC005_NABARDBasicDetails"/>
  <testcase name="basicDetails" time="125.770" classname="com.NBRD.tc.TC005_NABARDBasicDetails"/>
  <testcase name="basicDetails" time="128.926" classname="com.NBRD.tc.TC005_NABARDBasicDetails"/>
  <testcase name="basicDetails" time="128.637" classname="com.NBRD.tc.TC005_NABARDBasicDetails"/>
  <testcase name="basicDetails" time="125.696" classname="com.NBRD.tc.TC005_NABARDBasicDetails"/>
  <testcase name="basicDetails" time="125.546" classname="com.NBRD.tc.TC005_NABARDBasicDetails"/>
  <testcase name="basicDetails" time="128.852" classname="com.NBRD.tc.TC005_NABARDBasicDetails"/>
  <testcase name="basicDetails" time="127.620" classname="com.NBRD.tc.TC005_NABARDBasicDetails"/>
  <testcase name="basicDetails" time="126.122" classname="com.NBRD.tc.TC005_NABARDBasicDetails"/>
  <testcase name="basicDetails" time="125.511" classname="com.NBRD.tc.TC005_NABARDBasicDetails"/>
  <testcase name="basicDetails" time="128.853" classname="com.NBRD.tc.TC005_NABARDBasicDetails"/>
  <testcase name="basicDetails" time="129.233" classname="com.NBRD.tc.TC005_NABARDBasicDetails"/>
  <testcase name="basicDetails" time="125.609" classname="com.NBRD.tc.TC005_NABARDBasicDetails"/>
  <testcase name="basicDetails" time="129.041" classname="com.NBRD.tc.TC005_NABARDBasicDetails"/>
  <testcase name="basicDetails" time="129.531" classname="com.NBRD.tc.TC005_NABARDBasicDetails"/>
  <testcase name="basicDetails" time="128.737" classname="com.NBRD.tc.TC005_NABARDBasicDetails"/>
  <testcase name="basicDetails" time="126.022" classname="com.NBRD.tc.TC005_NABARDBasicDetails"/>
  <testcase name="basicDetails" time="129.843" classname="com.NBRD.tc.TC005_NABARDBasicDetails"/>
  <testcase name="basicDetails" time="129.165" classname="com.NBRD.tc.TC005_NABARDBasicDetails"/>
  <testcase name="basicDetails" time="125.642" classname="com.NBRD.tc.TC005_NABARDBasicDetails"/>
  <testcase name="basicDetails" time="129.715" classname="com.NBRD.tc.TC005_NABARDBasicDetails"/>
  <testcase name="basicDetails" time="130.097" classname="com.NBRD.tc.TC005_NABARDBasicDetails"/>
  <testcase name="basicDetails" time="126.065" classname="com.NBRD.tc.TC005_NABARDBasicDetails"/>
  <testcase name="basicDetails" time="129.539" classname="com.NBRD.tc.TC005_NABARDBasicDetails"/>
  <testcase name="basicDetails" time="129.874" classname="com.NBRD.tc.TC005_NABARDBasicDetails"/>
  <testcase name="basicDetails" time="129.128" classname="com.NBRD.tc.TC005_NABARDBasicDetails"/>
  <testcase name="basicDetails" time="130.319" classname="com.NBRD.tc.TC005_NABARDBasicDetails"/>
  <testcase name="basicDetails" time="125.506" classname="com.NBRD.tc.TC005_NABARDBasicDetails"/>
  <testcase name="basicDetails" time="128.902" classname="com.NBRD.tc.TC005_NABARDBasicDetails"/>
  <testcase name="basicDetails" time="129.000" classname="com.NBRD.tc.TC005_NABARDBasicDetails"/>
  <testcase name="basicDetails" time="125.679" classname="com.NBRD.tc.TC005_NABARDBasicDetails"/>
  <testcase name="basicDetails" time="124.873" classname="com.NBRD.tc.TC005_NABARDBasicDetails"/>
  <testcase name="basicDetails" time="128.855" classname="com.NBRD.tc.TC005_NABARDBasicDetails"/>
  <testcase name="basicDetails" time="125.932" classname="com.NBRD.tc.TC005_NABARDBasicDetails"/>
  <testcase name="basicDetails" time="126.259" classname="com.NBRD.tc.TC005_NABARDBasicDetails"/>
  <testcase name="basicDetails" time="129.607" classname="com.NBRD.tc.TC005_NABARDBasicDetails"/>
  <testcase name="basicDetails" time="125.523" classname="com.NBRD.tc.TC005_NABARDBasicDetails"/>
  <testcase name="basicDetails" time="125.539" classname="com.NBRD.tc.TC005_NABARDBasicDetails"/>
  <testcase name="basicDetails" time="129.625" classname="com.NBRD.tc.TC005_NABARDBasicDetails"/>
  <testcase name="basicDetails" time="129.477" classname="com.NBRD.tc.TC005_NABARDBasicDetails"/>
  <testcase name="basicDetails" time="125.315" classname="com.NBRD.tc.TC005_NABARDBasicDetails"/>
  <testcase name="basicDetails" time="126.680" classname="com.NBRD.tc.TC005_NABARDBasicDetails"/>
  <testcase name="basicDetails" time="127.275" classname="com.NBRD.tc.TC005_NABARDBasicDetails"/>
  <testcase name="basicDetails" time="129.852" classname="com.NBRD.tc.TC005_NABARDBasicDetails"/>
  <testcase name="basicDetails" time="125.199" classname="com.NBRD.tc.TC005_NABARDBasicDetails"/>
  <testcase name="basicDetails" time="127.818" classname="com.NBRD.tc.TC005_NABARDBasicDetails"/>
  <testcase name="basicDetails" time="125.586" classname="com.NBRD.tc.TC005_NABARDBasicDetails"/>
  <testcase name="basicDetails" time="124.514" classname="com.NBRD.tc.TC005_NABARDBasicDetails"/>
  <testcase name="basicDetails" time="125.432" classname="com.NBRD.tc.TC005_NABARDBasicDetails"/>
  <testcase name="basicDetails" time="126.593" classname="com.NBRD.tc.TC005_NABARDBasicDetails"/>
  <testcase name="basicDetails" time="125.462" classname="com.NBRD.tc.TC005_NABARDBasicDetails"/>
  <testcase name="basicDetails" time="125.606" classname="com.NBRD.tc.TC005_NABARDBasicDetails"/>
  <testcase name="basicDetails" time="128.854" classname="com.NBRD.tc.TC005_NABARDBasicDetails"/>
  <testcase name="basicDetails" time="125.761" classname="com.NBRD.tc.TC005_NABARDBasicDetails"/>
  <testcase name="basicDetails" time="129.357" classname="com.NBRD.tc.TC005_NABARDBasicDetails"/>
  <testcase name="basicDetails" time="127.412" classname="com.NBRD.tc.TC005_NABARDBasicDetails"/>
  <testcase name="basicDetails" time="127.697" classname="com.NBRD.tc.TC005_NABARDBasicDetails"/>
  <testcase name="basicDetails" time="125.796" classname="com.NBRD.tc.TC005_NABARDBasicDetails"/>
  <testcase name="basicDetails" time="129.307" classname="com.NBRD.tc.TC005_NABARDBasicDetails"/>
  <testcase name="basicDetails" time="126.613" classname="com.NBRD.tc.TC005_NABARDBasicDetails"/>
  <testcase name="basicDetails" time="125.536" classname="com.NBRD.tc.TC005_NABARDBasicDetails"/>
  <testcase name="basicDetails" time="128.870" classname="com.NBRD.tc.TC005_NABARDBasicDetails"/>
  <testcase name="basicDetails" time="126.225" classname="com.NBRD.tc.TC005_NABARDBasicDetails"/>
</testsuite> <!-- com.NBRD.tc.TC005_NABARDBasicDetails -->
