<?xml version="1.0" encoding="UTF-8"?>
<!-- Generated by org.testng.reporters.JUnitReportReporter -->
<testsuite skipped="0" hostname="MAA014482B" name="com.PSC.tc.TC003_PSCBasicDetails" tests="4" failures="0" timestamp="2022-10-19T14:00:46 IST" time="633.136" errors="0">
  <testcase name="basicDetails" time="157.926" classname="com.PSC.tc.TC003_PSCBasicDetails"/>
  <testcase name="basicDetails" time="158.369" classname="com.PSC.tc.TC003_PSCBasicDetails"/>
  <testcase name="basicDetails" time="159.029" classname="com.PSC.tc.TC003_PSCBasicDetails"/>
  <testcase name="basicDetails" time="157.812" classname="com.PSC.tc.TC003_PSCBasicDetails"/>
</testsuite> <!-- com.PSC.tc.TC003_PSCBasicDetails -->
