<?xml version="1.0" encoding="UTF-8"?>
<!-- Generated by org.testng.reporters.JUnitReportReporter -->
<testsuite skipped="0" hostname="MAA014482B" name="com.BARC.tc.TC004_BARCBasicDetails" tests="6" failures="0" timestamp="2023-02-03T13:00:30 IST" time="925.112" errors="0">
  <testcase name="basicDetails" time="151.503" classname="com.BARC.tc.TC004_BARCBasicDetails"/>
  <testcase name="basicDetails" time="151.880" classname="com.BARC.tc.TC004_BARCBasicDetails"/>
  <testcase name="basicDetails" time="154.788" classname="com.BARC.tc.TC004_BARCBasicDetails"/>
  <testcase name="basicDetails" time="156.441" classname="com.BARC.tc.TC004_BARCBasicDetails"/>
  <testcase name="basicDetails" time="158.758" classname="com.BARC.tc.TC004_BARCBasicDetails"/>
  <testcase name="basicDetails" time="151.742" classname="com.BARC.tc.TC004_BARCBasicDetails"/>
</testsuite> <!-- com.BARC.tc.TC004_BARCBasicDetails -->
