<?xml version="1.0" encoding="UTF-8"?>
<!-- Generated by org.testng.reporters.JUnitReportReporter -->
<testsuite hostname="MAA011253A" failures="0" tests="108" name="com.IGM_Mumbai.tc.TC001_IGMBasicDetails" time="12810.167" errors="1" timestamp="2022-01-17T16:49:18 IST" skipped="0">
  <testcase classname="com.IGM_Mumbai.tc.TC001_IGMBasicDetails" name="basicDetails" time="116.770"/>
  <testcase classname="com.IGM_Mumbai.tc.TC001_IGMBasicDetails" name="basicDetails" time="117.165"/>
  <testcase classname="com.IGM_Mumbai.tc.TC001_IGMBasicDetails" name="basicDetails" time="116.874"/>
  <testcase classname="com.IGM_Mumbai.tc.TC001_IGMBasicDetails" name="basicDetails" time="116.636"/>
  <testcase classname="com.IGM_Mumbai.tc.TC001_IGMBasicDetails" name="basicDetails" time="116.921"/>
  <testcase classname="com.IGM_Mumbai.tc.TC001_IGMBasicDetails" name="basicDetails" time="116.277"/>
  <testcase classname="com.IGM_Mumbai.tc.TC001_IGMBasicDetails" name="basicDetails" time="116.413"/>
  <testcase classname="com.IGM_Mumbai.tc.TC001_IGMBasicDetails" name="basicDetails" time="116.955"/>
  <testcase classname="com.IGM_Mumbai.tc.TC001_IGMBasicDetails" name="basicDetails" time="117.140"/>
  <testcase classname="com.IGM_Mumbai.tc.TC001_IGMBasicDetails" name="basicDetails" time="116.902"/>
  <testcase classname="com.IGM_Mumbai.tc.TC001_IGMBasicDetails" name="basicDetails" time="116.240"/>
  <testcase classname="com.IGM_Mumbai.tc.TC001_IGMBasicDetails" name="basicDetails" time="116.519"/>
  <testcase classname="com.IGM_Mumbai.tc.TC001_IGMBasicDetails" name="basicDetails" time="116.872"/>
  <testcase classname="com.IGM_Mumbai.tc.TC001_IGMBasicDetails" name="basicDetails" time="117.097"/>
  <testcase classname="com.IGM_Mumbai.tc.TC001_IGMBasicDetails" name="basicDetails" time="116.983"/>
  <testcase classname="com.IGM_Mumbai.tc.TC001_IGMBasicDetails" name="basicDetails" time="117.233"/>
  <testcase classname="com.IGM_Mumbai.tc.TC001_IGMBasicDetails" name="basicDetails" time="117.120"/>
  <testcase classname="com.IGM_Mumbai.tc.TC001_IGMBasicDetails" name="basicDetails" time="116.492"/>
  <testcase classname="com.IGM_Mumbai.tc.TC001_IGMBasicDetails" name="basicDetails" time="116.993"/>
  <testcase classname="com.IGM_Mumbai.tc.TC001_IGMBasicDetails" name="basicDetails" time="116.428"/>
  <testcase classname="com.IGM_Mumbai.tc.TC001_IGMBasicDetails" name="basicDetails" time="117.074"/>
  <testcase classname="com.IGM_Mumbai.tc.TC001_IGMBasicDetails" name="basicDetails" time="116.774"/>
  <testcase classname="com.IGM_Mumbai.tc.TC001_IGMBasicDetails" name="basicDetails" time="116.835"/>
  <testcase classname="com.IGM_Mumbai.tc.TC001_IGMBasicDetails" name="basicDetails" time="116.952"/>
  <testcase classname="com.IGM_Mumbai.tc.TC001_IGMBasicDetails" name="basicDetails" time="116.774"/>
  <testcase classname="com.IGM_Mumbai.tc.TC001_IGMBasicDetails" name="basicDetails" time="117.130"/>
  <testcase classname="com.IGM_Mumbai.tc.TC001_IGMBasicDetails" name="basicDetails" time="116.539"/>
  <testcase classname="com.IGM_Mumbai.tc.TC001_IGMBasicDetails" name="basicDetails" time="116.764"/>
  <testcase classname="com.IGM_Mumbai.tc.TC001_IGMBasicDetails" name="basicDetails" time="144.276"/>
  <testcase classname="com.IGM_Mumbai.tc.TC001_IGMBasicDetails" name="basicDetails" time="116.521"/>
  <testcase classname="com.IGM_Mumbai.tc.TC001_IGMBasicDetails" name="basicDetails" time="116.841"/>
  <testcase classname="com.IGM_Mumbai.tc.TC001_IGMBasicDetails" name="basicDetails" time="144.184"/>
  <testcase classname="com.IGM_Mumbai.tc.TC001_IGMBasicDetails" name="basicDetails" time="116.690"/>
  <testcase classname="com.IGM_Mumbai.tc.TC001_IGMBasicDetails" name="basicDetails" time="116.430"/>
  <testcase classname="com.IGM_Mumbai.tc.TC001_IGMBasicDetails" name="basicDetails" time="116.967"/>
  <testcase classname="com.IGM_Mumbai.tc.TC001_IGMBasicDetails" name="basicDetails" time="117.232"/>
  <testcase classname="com.IGM_Mumbai.tc.TC001_IGMBasicDetails" name="basicDetails" time="116.825"/>
  <testcase classname="com.IGM_Mumbai.tc.TC001_IGMBasicDetails" name="basicDetails" time="144.479"/>
  <testcase classname="com.IGM_Mumbai.tc.TC001_IGMBasicDetails" name="basicDetails" time="116.422"/>
  <testcase classname="com.IGM_Mumbai.tc.TC001_IGMBasicDetails" name="basicDetails" time="116.808"/>
  <testcase classname="com.IGM_Mumbai.tc.TC001_IGMBasicDetails" name="basicDetails" time="116.836"/>
  <testcase classname="com.IGM_Mumbai.tc.TC001_IGMBasicDetails" name="basicDetails" time="116.906"/>
  <testcase classname="com.IGM_Mumbai.tc.TC001_IGMBasicDetails" name="basicDetails" time="144.406"/>
  <testcase classname="com.IGM_Mumbai.tc.TC001_IGMBasicDetails" name="basicDetails" time="116.548"/>
  <testcase classname="com.IGM_Mumbai.tc.TC001_IGMBasicDetails" name="basicDetails" time="116.901"/>
  <testcase classname="com.IGM_Mumbai.tc.TC001_IGMBasicDetails" name="basicDetails" time="122.339"/>
  <testcase classname="com.IGM_Mumbai.tc.TC001_IGMBasicDetails" name="basicDetails" time="116.813"/>
  <testcase classname="com.IGM_Mumbai.tc.TC001_IGMBasicDetails" name="basicDetails" time="116.286"/>
  <testcase classname="com.IGM_Mumbai.tc.TC001_IGMBasicDetails" name="basicDetails" time="116.654"/>
  <testcase classname="com.IGM_Mumbai.tc.TC001_IGMBasicDetails" name="basicDetails" time="116.905"/>
  <testcase classname="com.IGM_Mumbai.tc.TC001_IGMBasicDetails" name="basicDetails" time="116.853"/>
  <testcase classname="com.IGM_Mumbai.tc.TC001_IGMBasicDetails" name="basicDetails" time="116.708"/>
  <testcase classname="com.IGM_Mumbai.tc.TC001_IGMBasicDetails" name="basicDetails" time="117.140"/>
  <testcase classname="com.IGM_Mumbai.tc.TC001_IGMBasicDetails" name="basicDetails" time="116.917"/>
  <testcase classname="com.IGM_Mumbai.tc.TC001_IGMBasicDetails" name="basicDetails" time="116.828"/>
  <testcase classname="com.IGM_Mumbai.tc.TC001_IGMBasicDetails" name="basicDetails" time="116.413"/>
  <testcase classname="com.IGM_Mumbai.tc.TC001_IGMBasicDetails" name="basicDetails" time="117.402"/>
  <testcase classname="com.IGM_Mumbai.tc.TC001_IGMBasicDetails" name="basicDetails" time="116.771"/>
  <testcase classname="com.IGM_Mumbai.tc.TC001_IGMBasicDetails" name="basicDetails" time="116.870"/>
  <testcase classname="com.IGM_Mumbai.tc.TC001_IGMBasicDetails" name="basicDetails" time="117.070"/>
  <testcase classname="com.IGM_Mumbai.tc.TC001_IGMBasicDetails" name="basicDetails" time="116.508"/>
  <testcase classname="com.IGM_Mumbai.tc.TC001_IGMBasicDetails" name="basicDetails" time="116.777"/>
  <testcase classname="com.IGM_Mumbai.tc.TC001_IGMBasicDetails" name="basicDetails" time="116.922"/>
  <testcase classname="com.IGM_Mumbai.tc.TC001_IGMBasicDetails" name="basicDetails" time="116.530"/>
  <testcase classname="com.IGM_Mumbai.tc.TC001_IGMBasicDetails" name="basicDetails" time="117.007"/>
  <testcase classname="com.IGM_Mumbai.tc.TC001_IGMBasicDetails" name="basicDetails" time="117.046"/>
  <testcase classname="com.IGM_Mumbai.tc.TC001_IGMBasicDetails" name="basicDetails" time="116.637"/>
  <testcase classname="com.IGM_Mumbai.tc.TC001_IGMBasicDetails" name="basicDetails" time="116.594"/>
  <testcase classname="com.IGM_Mumbai.tc.TC001_IGMBasicDetails" name="basicDetails" time="118.622"/>
  <testcase classname="com.IGM_Mumbai.tc.TC001_IGMBasicDetails" name="basicDetails" time="117.064"/>
  <testcase classname="com.IGM_Mumbai.tc.TC001_IGMBasicDetails" name="basicDetails" time="144.338"/>
  <testcase classname="com.IGM_Mumbai.tc.TC001_IGMBasicDetails" name="basicDetails" time="116.372"/>
  <testcase classname="com.IGM_Mumbai.tc.TC001_IGMBasicDetails" name="basicDetails" time="116.789"/>
  <testcase classname="com.IGM_Mumbai.tc.TC001_IGMBasicDetails" name="basicDetails" time="144.417"/>
  <testcase classname="com.IGM_Mumbai.tc.TC001_IGMBasicDetails" name="basicDetails" time="117.315"/>
  <testcase classname="com.IGM_Mumbai.tc.TC001_IGMBasicDetails" name="basicDetails" time="116.093"/>
  <testcase classname="com.IGM_Mumbai.tc.TC001_IGMBasicDetails" name="basicDetails" time="117.396"/>
  <testcase classname="com.IGM_Mumbai.tc.TC001_IGMBasicDetails" name="basicDetails" time="117.035"/>
  <testcase classname="com.IGM_Mumbai.tc.TC001_IGMBasicDetails" name="basicDetails" time="116.376"/>
  <testcase classname="com.IGM_Mumbai.tc.TC001_IGMBasicDetails" name="basicDetails" time="117.201"/>
  <testcase classname="com.IGM_Mumbai.tc.TC001_IGMBasicDetails" name="basicDetails" time="116.845"/>
  <testcase classname="com.IGM_Mumbai.tc.TC001_IGMBasicDetails" name="basicDetails" time="144.543"/>
  <testcase classname="com.IGM_Mumbai.tc.TC001_IGMBasicDetails" name="basicDetails" time="116.908"/>
  <testcase classname="com.IGM_Mumbai.tc.TC001_IGMBasicDetails" name="basicDetails" time="116.892"/>
  <testcase classname="com.IGM_Mumbai.tc.TC001_IGMBasicDetails" name="basicDetails" time="117.107"/>
  <testcase classname="com.IGM_Mumbai.tc.TC001_IGMBasicDetails" name="basicDetails" time="116.688"/>
  <testcase classname="com.IGM_Mumbai.tc.TC001_IGMBasicDetails" name="basicDetails" time="117.063"/>
  <testcase classname="com.IGM_Mumbai.tc.TC001_IGMBasicDetails" name="basicDetails" time="116.769"/>
  <testcase classname="com.IGM_Mumbai.tc.TC001_IGMBasicDetails" name="basicDetails" time="116.948"/>
  <testcase classname="com.IGM_Mumbai.tc.TC001_IGMBasicDetails" name="basicDetails" time="117.194"/>
  <testcase classname="com.IGM_Mumbai.tc.TC001_IGMBasicDetails" name="basicDetails" time="116.751"/>
  <testcase classname="com.IGM_Mumbai.tc.TC001_IGMBasicDetails" name="basicDetails" time="117.102"/>
  <testcase classname="com.IGM_Mumbai.tc.TC001_IGMBasicDetails" name="basicDetails" time="82.182">
    <error message="unexpected alert open: {Alert text : Date Of Birth should be between 16/01/1972 to 15/01/2004}
  (Session info: chrome=97.0.4692.71): Date Of Birth should be between 16/01/1972 to 15/01/2004
Build info: version: &#039;3.141.0&#039;, revision: &#039;2ecb7d9a&#039;, time: &#039;2018-10-31T20:09:30&#039;
System info: host: &#039;MAA011253A&#039;, ip: &#039;210.210.127.120&#039;, os.name: &#039;Windows 10&#039;, os.arch: &#039;amd64&#039;, os.version: &#039;10.0&#039;, java.version: &#039;9.0.1&#039;
Driver info: org.openqa.selenium.chrome.ChromeDriver
Capabilities {acceptInsecureCerts: false, browserName: chrome, browserVersion: 97.0.4692.71, chrome: {chromedriverVersion: 97.0.4692.71 (adefa7837d02a..., userDataDir: C:\Users\011253\AppData\Loc...}, goog:chromeOptions: {debuggerAddress: localhost:53153}, javascriptEnabled: true, networkConnectionEnabled: false, pageLoadStrategy: normal, platform: WINDOWS, platformName: WINDOWS, proxy: Proxy(), setWindowRect: true, strictFileInteractability: false, timeouts: {implicit: 0, pageLoad: 300000, script: 30000}, unhandledPromptBehavior: dismiss and notify, webauthn:extension:credBlob: true, webauthn:extension:largeBlob: true, webauthn:virtualAuthenticators: true}
Session ID: 24cb2fb3f589c21cfc64587d3e88e6e8
*** Element info: {Using=xpath, value=.//*[starts-with(@id,&#039;err_seldob&#039;)]}" type="org.openqa.selenium.UnhandledAlertException">
      <![CDATA[org.openqa.selenium.UnhandledAlertException: unexpected alert open: {Alert text : Date Of Birth should be between 16/01/1972 to 15/01/2004}
  (Session info: chrome=97.0.4692.71): Date Of Birth should be between 16/01/1972 to 15/01/2004
Build info: version: '3.141.0', revision: '2ecb7d9a', time: '2018-10-31T20:09:30'
System info: host: 'MAA011253A', ip: '210.210.127.120', os.name: 'Windows 10', os.arch: 'amd64', os.version: '10.0', java.version: '9.0.1'
Driver info: org.openqa.selenium.chrome.ChromeDriver
Capabilities {acceptInsecureCerts: false, browserName: chrome, browserVersion: 97.0.4692.71, chrome: {chromedriverVersion: 97.0.4692.71 (adefa7837d02a..., userDataDir: C:\Users\011253\AppData\Loc...}, goog:chromeOptions: {debuggerAddress: localhost:53153}, javascriptEnabled: true, networkConnectionEnabled: false, pageLoadStrategy: normal, platform: WINDOWS, platformName: WINDOWS, proxy: Proxy(), setWindowRect: true, strictFileInteractability: false, timeouts: {implicit: 0, pageLoad: 300000, script: 30000}, unhandledPromptBehavior: dismiss and notify, webauthn:extension:credBlob: true, webauthn:extension:largeBlob: true, webauthn:virtualAuthenticators: true}
Session ID: 24cb2fb3f589c21cfc64587d3e88e6e8
*** Element info: {Using=xpath, value=.//*[starts-with(@id,'err_seldob')]}
at org.openqa.selenium.remote.http.W3CHttpResponseCodec.decode(W3CHttpResponseCodec.java:120)
at org.openqa.selenium.remote.http.W3CHttpResponseCodec.decode(W3CHttpResponseCodec.java:49)
at org.openqa.selenium.remote.HttpCommandExecutor.execute(HttpCommandExecutor.java:158)
at org.openqa.selenium.remote.service.DriverCommandExecutor.execute(DriverCommandExecutor.java:83)
at org.openqa.selenium.remote.RemoteWebDriver.execute(RemoteWebDriver.java:552)
at org.openqa.selenium.remote.RemoteWebDriver.findElements(RemoteWebDriver.java:353)
at org.openqa.selenium.remote.RemoteWebDriver.findElementsByXPath(RemoteWebDriver.java:432)
at org.openqa.selenium.By$ByXPath.findElements(By.java:348)
at org.openqa.selenium.remote.RemoteWebDriver.findElements(RemoteWebDriver.java:311)
at lib.selenium.WebDriverServiceImpl.noagealert(WebDriverServiceImpl.java:761)
at lib.selenium.WebDriverServiceImpl.agevalidator_min(WebDriverServiceImpl.java:919)
at com.ibps.pages.PersonalDetailsPage.ageValidatorMin(PersonalDetailsPage.java:313)
at com.IGM_Mumbai.tc.TC001_IGMBasicDetails.basicDetails(TC001_IGMBasicDetails.java:62)
at java.base/jdk.internal.reflect.NativeMethodAccessorImpl.invoke0(Native Method)
at java.base/jdk.internal.reflect.NativeMethodAccessorImpl.invoke(Unknown Source)
at java.base/jdk.internal.reflect.DelegatingMethodAccessorImpl.invoke(Unknown Source)
at java.base/java.lang.reflect.Method.invoke(Unknown Source)
at org.testng.internal.MethodInvocationHelper.invokeMethod(MethodInvocationHelper.java:133)
at org.testng.internal.TestInvoker.invokeMethod(TestInvoker.java:584)
at org.testng.internal.TestInvoker.invokeTestMethod(TestInvoker.java:172)
at org.testng.internal.MethodRunner.runInSequence(MethodRunner.java:46)
at org.testng.internal.TestInvoker$MethodInvocationAgent.invoke(TestInvoker.java:804)
at org.testng.internal.TestInvoker.invokeTestMethods(TestInvoker.java:145)
at org.testng.internal.TestMethodWorker.invokeTestMethods(TestMethodWorker.java:146)
at org.testng.internal.TestMethodWorker.run(TestMethodWorker.java:128)
at java.base/java.util.concurrent.ThreadPoolExecutor.runWorker(Unknown Source)
at java.base/java.util.concurrent.ThreadPoolExecutor$Worker.run(Unknown Source)
at java.base/java.lang.Thread.run(Unknown Source)
]]>
    </error>
  </testcase> <!-- basicDetails -->
  <testcase classname="com.IGM_Mumbai.tc.TC001_IGMBasicDetails" name="basicDetails" time="116.737"/>
  <testcase classname="com.IGM_Mumbai.tc.TC001_IGMBasicDetails" name="basicDetails" time="116.720"/>
  <testcase classname="com.IGM_Mumbai.tc.TC001_IGMBasicDetails" name="basicDetails" time="116.957"/>
  <testcase classname="com.IGM_Mumbai.tc.TC001_IGMBasicDetails" name="basicDetails" time="116.832"/>
  <testcase classname="com.IGM_Mumbai.tc.TC001_IGMBasicDetails" name="basicDetails" time="117.042"/>
  <testcase classname="com.IGM_Mumbai.tc.TC001_IGMBasicDetails" name="basicDetails" time="144.711"/>
  <testcase classname="com.IGM_Mumbai.tc.TC001_IGMBasicDetails" name="basicDetails" time="116.665"/>
  <testcase classname="com.IGM_Mumbai.tc.TC001_IGMBasicDetails" name="basicDetails" time="116.937"/>
  <testcase classname="com.IGM_Mumbai.tc.TC001_IGMBasicDetails" name="basicDetails" time="116.853"/>
  <testcase classname="com.IGM_Mumbai.tc.TC001_IGMBasicDetails" name="basicDetails" time="117.014"/>
  <testcase classname="com.IGM_Mumbai.tc.TC001_IGMBasicDetails" name="basicDetails" time="116.693"/>
  <testcase classname="com.IGM_Mumbai.tc.TC001_IGMBasicDetails" name="basicDetails" time="116.776"/>
  <testcase classname="com.IGM_Mumbai.tc.TC001_IGMBasicDetails" name="basicDetails" time="116.897"/>
  <testcase classname="com.IGM_Mumbai.tc.TC001_IGMBasicDetails" name="basicDetails" time="116.550"/>
  <testcase classname="com.IGM_Mumbai.tc.TC001_IGMBasicDetails" name="basicDetails" time="116.639"/>
</testsuite> <!-- com.IGM_Mumbai.tc.TC001_IGMBasicDetails -->
