<?xml version="1.0" encoding="UTF-8"?>
<!-- Generated by org.testng.reporters.JUnitReportReporter -->
<testsuite skipped="0" hostname="MAA014482B" name="com.BOB_March23.tc.TC002_BOBBasicDetails" tests="40" failures="0" timestamp="2023-04-25T16:16:13 IST" time="6482.770" errors="0">
  <testcase name="basicDetails" time="161.819" classname="com.BOB_March23.tc.TC002_BOBBasicDetails"/>
  <testcase name="basicDetails" time="162.444" classname="com.BOB_March23.tc.TC002_BOBBasicDetails"/>
  <testcase name="basicDetails" time="160.881" classname="com.BOB_March23.tc.TC002_BOBBasicDetails"/>
  <testcase name="basicDetails" time="162.403" classname="com.BOB_March23.tc.TC002_BOBBasicDetails"/>
  <testcase name="basicDetails" time="161.793" classname="com.BOB_March23.tc.TC002_BOBBasicDetails"/>
  <testcase name="basicDetails" time="162.061" classname="com.BOB_March23.tc.TC002_BOBBasicDetails"/>
  <testcase name="basicDetails" time="161.063" classname="com.BOB_March23.tc.TC002_BOBBasicDetails"/>
  <testcase name="basicDetails" time="161.865" classname="com.BOB_March23.tc.TC002_BOBBasicDetails"/>
  <testcase name="basicDetails" time="161.430" classname="com.BOB_March23.tc.TC002_BOBBasicDetails"/>
  <testcase name="basicDetails" time="161.818" classname="com.BOB_March23.tc.TC002_BOBBasicDetails"/>
  <testcase name="basicDetails" time="161.573" classname="com.BOB_March23.tc.TC002_BOBBasicDetails"/>
  <testcase name="basicDetails" time="161.216" classname="com.BOB_March23.tc.TC002_BOBBasicDetails"/>
  <testcase name="basicDetails" time="162.438" classname="com.BOB_March23.tc.TC002_BOBBasicDetails"/>
  <testcase name="basicDetails" time="162.409" classname="com.BOB_March23.tc.TC002_BOBBasicDetails"/>
  <testcase name="basicDetails" time="161.490" classname="com.BOB_March23.tc.TC002_BOBBasicDetails"/>
  <testcase name="basicDetails" time="161.770" classname="com.BOB_March23.tc.TC002_BOBBasicDetails"/>
  <testcase name="basicDetails" time="161.017" classname="com.BOB_March23.tc.TC002_BOBBasicDetails"/>
  <testcase name="basicDetails" time="161.450" classname="com.BOB_March23.tc.TC002_BOBBasicDetails"/>
  <testcase name="basicDetails" time="161.413" classname="com.BOB_March23.tc.TC002_BOBBasicDetails"/>
  <testcase name="basicDetails" time="161.169" classname="com.BOB_March23.tc.TC002_BOBBasicDetails"/>
  <testcase name="basicDetails" time="162.164" classname="com.BOB_March23.tc.TC002_BOBBasicDetails"/>
  <testcase name="basicDetails" time="161.525" classname="com.BOB_March23.tc.TC002_BOBBasicDetails"/>
  <testcase name="basicDetails" time="173.498" classname="com.BOB_March23.tc.TC002_BOBBasicDetails"/>
  <testcase name="basicDetails" time="161.360" classname="com.BOB_March23.tc.TC002_BOBBasicDetails"/>
  <testcase name="basicDetails" time="161.618" classname="com.BOB_March23.tc.TC002_BOBBasicDetails"/>
  <testcase name="basicDetails" time="163.171" classname="com.BOB_March23.tc.TC002_BOBBasicDetails"/>
  <testcase name="basicDetails" time="161.383" classname="com.BOB_March23.tc.TC002_BOBBasicDetails"/>
  <testcase name="basicDetails" time="162.614" classname="com.BOB_March23.tc.TC002_BOBBasicDetails"/>
  <testcase name="basicDetails" time="161.873" classname="com.BOB_March23.tc.TC002_BOBBasicDetails"/>
  <testcase name="basicDetails" time="161.545" classname="com.BOB_March23.tc.TC002_BOBBasicDetails"/>
  <testcase name="basicDetails" time="161.582" classname="com.BOB_March23.tc.TC002_BOBBasicDetails"/>
  <testcase name="basicDetails" time="162.509" classname="com.BOB_March23.tc.TC002_BOBBasicDetails"/>
  <testcase name="basicDetails" time="161.281" classname="com.BOB_March23.tc.TC002_BOBBasicDetails"/>
  <testcase name="basicDetails" time="161.556" classname="com.BOB_March23.tc.TC002_BOBBasicDetails"/>
  <testcase name="basicDetails" time="162.740" classname="com.BOB_March23.tc.TC002_BOBBasicDetails"/>
  <testcase name="basicDetails" time="161.364" classname="com.BOB_March23.tc.TC002_BOBBasicDetails"/>
  <testcase name="basicDetails" time="162.637" classname="com.BOB_March23.tc.TC002_BOBBasicDetails"/>
  <testcase name="basicDetails" time="161.553" classname="com.BOB_March23.tc.TC002_BOBBasicDetails"/>
  <testcase name="basicDetails" time="161.666" classname="com.BOB_March23.tc.TC002_BOBBasicDetails"/>
  <testcase name="basicDetails" time="161.609" classname="com.BOB_March23.tc.TC002_BOBBasicDetails"/>
</testsuite> <!-- com.BOB_March23.tc.TC002_BOBBasicDetails -->
