<?xml version="1.0" encoding="UTF-8"?>
<!-- Generated by org.testng.reporters.JUnitReportReporter -->
<testsuite skipped="0" hostname="MAA014482B" name="com.CIDCO_June23.tc.TC003_CIDCOBasicDetails" tests="86" failures="0" timestamp="2023-06-19T02:38:00 IST" time="14048.671" errors="1">
  <testcase name="basicDetails" time="170.079" classname="com.CIDCO_June23.tc.TC003_CIDCOBasicDetails"/>
  <testcase name="basicDetails" time="169.913" classname="com.CIDCO_June23.tc.TC003_CIDCOBasicDetails"/>
  <testcase name="basicDetails" time="169.849" classname="com.CIDCO_June23.tc.TC003_CIDCOBasicDetails"/>
  <testcase name="basicDetails" time="158.451" classname="com.CIDCO_June23.tc.TC003_CIDCOBasicDetails"/>
  <testcase name="basicDetails" time="158.327" classname="com.CIDCO_June23.tc.TC003_CIDCOBasicDetails"/>
  <testcase name="basicDetails" time="158.576" classname="com.CIDCO_June23.tc.TC003_CIDCOBasicDetails"/>
  <testcase name="basicDetails" time="158.126" classname="com.CIDCO_June23.tc.TC003_CIDCOBasicDetails"/>
  <testcase name="basicDetails" time="158.158" classname="com.CIDCO_June23.tc.TC003_CIDCOBasicDetails"/>
  <testcase name="basicDetails" time="169.877" classname="com.CIDCO_June23.tc.TC003_CIDCOBasicDetails"/>
  <testcase name="basicDetails" time="169.523" classname="com.CIDCO_June23.tc.TC003_CIDCOBasicDetails"/>
  <testcase name="basicDetails" time="169.777" classname="com.CIDCO_June23.tc.TC003_CIDCOBasicDetails"/>
  <testcase name="basicDetails" time="158.752" classname="com.CIDCO_June23.tc.TC003_CIDCOBasicDetails"/>
  <testcase name="basicDetails" time="158.666" classname="com.CIDCO_June23.tc.TC003_CIDCOBasicDetails"/>
  <testcase name="basicDetails" time="169.584" classname="com.CIDCO_June23.tc.TC003_CIDCOBasicDetails"/>
  <testcase name="basicDetails" time="169.707" classname="com.CIDCO_June23.tc.TC003_CIDCOBasicDetails"/>
  <testcase name="basicDetails" time="159.264" classname="com.CIDCO_June23.tc.TC003_CIDCOBasicDetails"/>
  <testcase name="basicDetails" time="169.672" classname="com.CIDCO_June23.tc.TC003_CIDCOBasicDetails"/>
  <testcase name="basicDetails" time="170.120" classname="com.CIDCO_June23.tc.TC003_CIDCOBasicDetails"/>
  <testcase name="basicDetails" time="169.815" classname="com.CIDCO_June23.tc.TC003_CIDCOBasicDetails"/>
  <testcase name="basicDetails" time="169.652" classname="com.CIDCO_June23.tc.TC003_CIDCOBasicDetails"/>
  <testcase name="basicDetails" time="158.461" classname="com.CIDCO_June23.tc.TC003_CIDCOBasicDetails"/>
  <testcase name="basicDetails" time="169.887" classname="com.CIDCO_June23.tc.TC003_CIDCOBasicDetails"/>
  <testcase name="basicDetails" time="169.821" classname="com.CIDCO_June23.tc.TC003_CIDCOBasicDetails"/>
  <testcase name="basicDetails" time="158.290" classname="com.CIDCO_June23.tc.TC003_CIDCOBasicDetails"/>
  <testcase name="basicDetails" time="158.666" classname="com.CIDCO_June23.tc.TC003_CIDCOBasicDetails"/>
  <testcase name="basicDetails" time="158.505" classname="com.CIDCO_June23.tc.TC003_CIDCOBasicDetails"/>
  <testcase name="basicDetails" time="169.617" classname="com.CIDCO_June23.tc.TC003_CIDCOBasicDetails"/>
  <testcase name="basicDetails" time="169.785" classname="com.CIDCO_June23.tc.TC003_CIDCOBasicDetails"/>
  <testcase name="basicDetails" time="158.402" classname="com.CIDCO_June23.tc.TC003_CIDCOBasicDetails"/>
  <testcase name="basicDetails" time="169.628" classname="com.CIDCO_June23.tc.TC003_CIDCOBasicDetails"/>
  <testcase name="basicDetails" time="158.259" classname="com.CIDCO_June23.tc.TC003_CIDCOBasicDetails"/>
  <testcase name="basicDetails" time="158.432" classname="com.CIDCO_June23.tc.TC003_CIDCOBasicDetails"/>
  <testcase name="basicDetails" time="169.831" classname="com.CIDCO_June23.tc.TC003_CIDCOBasicDetails"/>
  <testcase name="basicDetails" time="169.805" classname="com.CIDCO_June23.tc.TC003_CIDCOBasicDetails"/>
  <testcase name="basicDetails" time="169.579" classname="com.CIDCO_June23.tc.TC003_CIDCOBasicDetails"/>
  <testcase name="basicDetails" time="169.854" classname="com.CIDCO_June23.tc.TC003_CIDCOBasicDetails"/>
  <testcase name="basicDetails" time="158.593" classname="com.CIDCO_June23.tc.TC003_CIDCOBasicDetails"/>
  <testcase name="basicDetails" time="158.575" classname="com.CIDCO_June23.tc.TC003_CIDCOBasicDetails"/>
  <testcase name="basicDetails" time="29.756" classname="com.CIDCO_June23.tc.TC003_CIDCOBasicDetails">
    <error type="org.openqa.selenium.UnhandledAlertException" message="unexpected alert open: {Alert text : Date Of Birth should be between 01/04/1965 to 31/03/2005}
  (Session info: chrome=114.0.5735.134): Date Of Birth should be between 01/04/1965 to 31/03/2005
Build info: version: &#039;3.141.0&#039;, revision: &#039;2ecb7d9a&#039;, time: &#039;2018-10-31T20:09:30&#039;
System info: host: &#039;MAA014482B&#039;, ip: &#039;124.7.228.19&#039;, os.name: &#039;Windows 10&#039;, os.arch: &#039;amd64&#039;, os.version: &#039;10.0&#039;, java.version: &#039;1.8.0_131&#039;
Driver info: org.openqa.selenium.chrome.ChromeDriver
Capabilities {acceptInsecureCerts: false, browserName: chrome, browserVersion: 114.0.5735.134, chrome: {chromedriverVersion: 114.0.5735.90 (386bc09e8f4f..., userDataDir: C:\Users\016386\AppData\Loc...}, goog:chromeOptions: {debuggerAddress: localhost:57985}, javascriptEnabled: true, networkConnectionEnabled: false, pageLoadStrategy: normal, platform: WINDOWS, platformName: WINDOWS, proxy: Proxy(), setWindowRect: true, strictFileInteractability: false, timeouts: {implicit: 0, pageLoad: 300000, script: 30000}, unhandledPromptBehavior: dismiss and notify, webauthn:extension:credBlob: true, webauthn:extension:largeBlob: true, webauthn:extension:minPinLength: true, webauthn:extension:prf: true, webauthn:virtualAuthenticators: true}
Session ID: 6cd40def323b28f37efe7ea384b8ffc9
*** Element info: {Using=id, value=seldobyear}">
      <![CDATA[org.openqa.selenium.UnhandledAlertException: unexpected alert open: {Alert text : Date Of Birth should be between 01/04/1965 to 31/03/2005}
  (Session info: chrome=114.0.5735.134): Date Of Birth should be between 01/04/1965 to 31/03/2005
Build info: version: '3.141.0', revision: '2ecb7d9a', time: '2018-10-31T20:09:30'
System info: host: 'MAA014482B', ip: '124.7.228.19', os.name: 'Windows 10', os.arch: 'amd64', os.version: '10.0', java.version: '1.8.0_131'
Driver info: org.openqa.selenium.chrome.ChromeDriver
Capabilities {acceptInsecureCerts: false, browserName: chrome, browserVersion: 114.0.5735.134, chrome: {chromedriverVersion: 114.0.5735.90 (386bc09e8f4f..., userDataDir: C:\Users\016386\AppData\Loc...}, goog:chromeOptions: {debuggerAddress: localhost:57985}, javascriptEnabled: true, networkConnectionEnabled: false, pageLoadStrategy: normal, platform: WINDOWS, platformName: WINDOWS, proxy: Proxy(), setWindowRect: true, strictFileInteractability: false, timeouts: {implicit: 0, pageLoad: 300000, script: 30000}, unhandledPromptBehavior: dismiss and notify, webauthn:extension:credBlob: true, webauthn:extension:largeBlob: true, webauthn:extension:minPinLength: true, webauthn:extension:prf: true, webauthn:virtualAuthenticators: true}
Session ID: 6cd40def323b28f37efe7ea384b8ffc9
*** Element info: {Using=id, value=seldobyear}
at org.openqa.selenium.remote.http.W3CHttpResponseCodec.decode(W3CHttpResponseCodec.java:120)
at org.openqa.selenium.remote.http.W3CHttpResponseCodec.decode(W3CHttpResponseCodec.java:49)
at org.openqa.selenium.remote.HttpCommandExecutor.execute(HttpCommandExecutor.java:158)
at org.openqa.selenium.remote.service.DriverCommandExecutor.execute(DriverCommandExecutor.java:83)
at org.openqa.selenium.remote.RemoteWebDriver.execute(RemoteWebDriver.java:552)
at org.openqa.selenium.remote.RemoteWebDriver.findElement(RemoteWebDriver.java:323)
at org.openqa.selenium.remote.RemoteWebDriver.findElementById(RemoteWebDriver.java:372)
at org.openqa.selenium.By$ById.findElement(By.java:188)
at org.openqa.selenium.remote.RemoteWebDriver.findElement(RemoteWebDriver.java:315)
at lib.selenium.WebDriverServiceImpl.dropDownDefaultValue(WebDriverServiceImpl.java:717)
at lib.selenium.WebDriverServiceImpl.agevalidator_max(WebDriverServiceImpl.java:828)
at com.ibps.pages.PersonalDetailsPage.ageValidatorMax(PersonalDetailsPage.java:330)
at com.CIDCO_June23.tc.TC003_CIDCOBasicDetails.basicDetails(TC003_CIDCOBasicDetails.java:63)
at sun.reflect.GeneratedMethodAccessor7.invoke(Unknown Source)
at sun.reflect.DelegatingMethodAccessorImpl.invoke(Unknown Source)
at java.lang.reflect.Method.invoke(Unknown Source)
at org.testng.internal.MethodInvocationHelper.invokeMethod(MethodInvocationHelper.java:133)
at org.testng.internal.TestInvoker.invokeMethod(TestInvoker.java:584)
at org.testng.internal.TestInvoker.invokeTestMethod(TestInvoker.java:172)
at org.testng.internal.MethodRunner.runInSequence(MethodRunner.java:46)
at org.testng.internal.TestInvoker$MethodInvocationAgent.invoke(TestInvoker.java:804)
at org.testng.internal.TestInvoker.invokeTestMethods(TestInvoker.java:145)
at org.testng.internal.TestMethodWorker.invokeTestMethods(TestMethodWorker.java:146)
at org.testng.internal.TestMethodWorker.run(TestMethodWorker.java:128)
at java.util.concurrent.ThreadPoolExecutor.runWorker(Unknown Source)
at java.util.concurrent.ThreadPoolExecutor$Worker.run(Unknown Source)
at java.lang.Thread.run(Unknown Source)
]]>
    </error>
  </testcase> <!-- basicDetails -->
  <testcase name="basicDetails" time="158.628" classname="com.CIDCO_June23.tc.TC003_CIDCOBasicDetails"/>
  <testcase name="basicDetails" time="158.860" classname="com.CIDCO_June23.tc.TC003_CIDCOBasicDetails"/>
  <testcase name="basicDetails" time="159.017" classname="com.CIDCO_June23.tc.TC003_CIDCOBasicDetails"/>
  <testcase name="basicDetails" time="158.605" classname="com.CIDCO_June23.tc.TC003_CIDCOBasicDetails"/>
  <testcase name="basicDetails" time="158.611" classname="com.CIDCO_June23.tc.TC003_CIDCOBasicDetails"/>
  <testcase name="basicDetails" time="169.646" classname="com.CIDCO_June23.tc.TC003_CIDCOBasicDetails"/>
  <testcase name="basicDetails" time="169.825" classname="com.CIDCO_June23.tc.TC003_CIDCOBasicDetails"/>
  <testcase name="basicDetails" time="158.341" classname="com.CIDCO_June23.tc.TC003_CIDCOBasicDetails"/>
  <testcase name="basicDetails" time="158.423" classname="com.CIDCO_June23.tc.TC003_CIDCOBasicDetails"/>
  <testcase name="basicDetails" time="158.719" classname="com.CIDCO_June23.tc.TC003_CIDCOBasicDetails"/>
  <testcase name="basicDetails" time="169.619" classname="com.CIDCO_June23.tc.TC003_CIDCOBasicDetails"/>
  <testcase name="basicDetails" time="169.719" classname="com.CIDCO_June23.tc.TC003_CIDCOBasicDetails"/>
  <testcase name="basicDetails" time="169.537" classname="com.CIDCO_June23.tc.TC003_CIDCOBasicDetails"/>
  <testcase name="basicDetails" time="169.711" classname="com.CIDCO_June23.tc.TC003_CIDCOBasicDetails"/>
  <testcase name="basicDetails" time="169.842" classname="com.CIDCO_June23.tc.TC003_CIDCOBasicDetails"/>
  <testcase name="basicDetails" time="170.196" classname="com.CIDCO_June23.tc.TC003_CIDCOBasicDetails"/>
  <testcase name="basicDetails" time="158.405" classname="com.CIDCO_June23.tc.TC003_CIDCOBasicDetails"/>
  <testcase name="basicDetails" time="169.394" classname="com.CIDCO_June23.tc.TC003_CIDCOBasicDetails"/>
  <testcase name="basicDetails" time="169.751" classname="com.CIDCO_June23.tc.TC003_CIDCOBasicDetails"/>
  <testcase name="basicDetails" time="170.361" classname="com.CIDCO_June23.tc.TC003_CIDCOBasicDetails"/>
  <testcase name="basicDetails" time="169.775" classname="com.CIDCO_June23.tc.TC003_CIDCOBasicDetails"/>
  <testcase name="basicDetails" time="169.954" classname="com.CIDCO_June23.tc.TC003_CIDCOBasicDetails"/>
  <testcase name="basicDetails" time="158.539" classname="com.CIDCO_June23.tc.TC003_CIDCOBasicDetails"/>
  <testcase name="basicDetails" time="169.620" classname="com.CIDCO_June23.tc.TC003_CIDCOBasicDetails"/>
  <testcase name="basicDetails" time="158.582" classname="com.CIDCO_June23.tc.TC003_CIDCOBasicDetails"/>
  <testcase name="basicDetails" time="170.533" classname="com.CIDCO_June23.tc.TC003_CIDCOBasicDetails"/>
  <testcase name="basicDetails" time="169.601" classname="com.CIDCO_June23.tc.TC003_CIDCOBasicDetails"/>
  <testcase name="basicDetails" time="169.620" classname="com.CIDCO_June23.tc.TC003_CIDCOBasicDetails"/>
  <testcase name="basicDetails" time="169.728" classname="com.CIDCO_June23.tc.TC003_CIDCOBasicDetails"/>
  <testcase name="basicDetails" time="169.622" classname="com.CIDCO_June23.tc.TC003_CIDCOBasicDetails"/>
  <testcase name="basicDetails" time="195.990" classname="com.CIDCO_June23.tc.TC003_CIDCOBasicDetails"/>
  <testcase name="basicDetails" time="169.766" classname="com.CIDCO_June23.tc.TC003_CIDCOBasicDetails"/>
  <testcase name="basicDetails" time="169.394" classname="com.CIDCO_June23.tc.TC003_CIDCOBasicDetails"/>
  <testcase name="basicDetails" time="158.178" classname="com.CIDCO_June23.tc.TC003_CIDCOBasicDetails"/>
  <testcase name="basicDetails" time="158.578" classname="com.CIDCO_June23.tc.TC003_CIDCOBasicDetails"/>
  <testcase name="basicDetails" time="158.570" classname="com.CIDCO_June23.tc.TC003_CIDCOBasicDetails"/>
  <testcase name="basicDetails" time="169.694" classname="com.CIDCO_June23.tc.TC003_CIDCOBasicDetails"/>
  <testcase name="basicDetails" time="169.552" classname="com.CIDCO_June23.tc.TC003_CIDCOBasicDetails"/>
  <testcase name="basicDetails" time="158.530" classname="com.CIDCO_June23.tc.TC003_CIDCOBasicDetails"/>
  <testcase name="basicDetails" time="158.342" classname="com.CIDCO_June23.tc.TC003_CIDCOBasicDetails"/>
  <testcase name="basicDetails" time="158.463" classname="com.CIDCO_June23.tc.TC003_CIDCOBasicDetails"/>
  <testcase name="basicDetails" time="158.827" classname="com.CIDCO_June23.tc.TC003_CIDCOBasicDetails"/>
  <testcase name="basicDetails" time="159.228" classname="com.CIDCO_June23.tc.TC003_CIDCOBasicDetails"/>
  <testcase name="basicDetails" time="158.640" classname="com.CIDCO_June23.tc.TC003_CIDCOBasicDetails"/>
  <testcase name="basicDetails" time="158.615" classname="com.CIDCO_June23.tc.TC003_CIDCOBasicDetails"/>
  <testcase name="basicDetails" time="169.369" classname="com.CIDCO_June23.tc.TC003_CIDCOBasicDetails"/>
  <testcase name="basicDetails" time="158.517" classname="com.CIDCO_June23.tc.TC003_CIDCOBasicDetails"/>
</testsuite> <!-- com.CIDCO_June23.tc.TC003_CIDCOBasicDetails -->
