<?xml version="1.0" encoding="UTF-8"?>
<!-- Generated by org.testng.reporters.JUnitReportReporter -->
<testsuite skipped="0" hostname="MAA014482B" name="com.ESIC_4March22.tc.TC004_ESICBasicDetails" tests="71" failures="0" timestamp="2023-02-06T14:21:31 IST" time="11339.726" errors="0">
  <testcase name="basicDetails" time="159.723" classname="com.ESIC_4March22.tc.TC004_ESICBasicDetails"/>
  <testcase name="basicDetails" time="158.062" classname="com.ESIC_4March22.tc.TC004_ESICBasicDetails"/>
  <testcase name="basicDetails" time="157.864" classname="com.ESIC_4March22.tc.TC004_ESICBasicDetails"/>
  <testcase name="basicDetails" time="160.006" classname="com.ESIC_4March22.tc.TC004_ESICBasicDetails"/>
  <testcase name="basicDetails" time="160.169" classname="com.ESIC_4March22.tc.TC004_ESICBasicDetails"/>
  <testcase name="basicDetails" time="160.563" classname="com.ESIC_4March22.tc.TC004_ESICBasicDetails"/>
  <testcase name="basicDetails" time="159.778" classname="com.ESIC_4March22.tc.TC004_ESICBasicDetails"/>
  <testcase name="basicDetails" time="160.529" classname="com.ESIC_4March22.tc.TC004_ESICBasicDetails"/>
  <testcase name="basicDetails" time="160.417" classname="com.ESIC_4March22.tc.TC004_ESICBasicDetails"/>
  <testcase name="basicDetails" time="159.977" classname="com.ESIC_4March22.tc.TC004_ESICBasicDetails"/>
  <testcase name="basicDetails" time="160.131" classname="com.ESIC_4March22.tc.TC004_ESICBasicDetails"/>
  <testcase name="basicDetails" time="159.707" classname="com.ESIC_4March22.tc.TC004_ESICBasicDetails"/>
  <testcase name="basicDetails" time="160.203" classname="com.ESIC_4March22.tc.TC004_ESICBasicDetails"/>
  <testcase name="basicDetails" time="160.183" classname="com.ESIC_4March22.tc.TC004_ESICBasicDetails"/>
  <testcase name="basicDetails" time="158.725" classname="com.ESIC_4March22.tc.TC004_ESICBasicDetails"/>
  <testcase name="basicDetails" time="160.119" classname="com.ESIC_4March22.tc.TC004_ESICBasicDetails"/>
  <testcase name="basicDetails" time="160.312" classname="com.ESIC_4March22.tc.TC004_ESICBasicDetails"/>
  <testcase name="basicDetails" time="160.304" classname="com.ESIC_4March22.tc.TC004_ESICBasicDetails"/>
  <testcase name="basicDetails" time="156.810" classname="com.ESIC_4March22.tc.TC004_ESICBasicDetails"/>
  <testcase name="basicDetails" time="160.462" classname="com.ESIC_4March22.tc.TC004_ESICBasicDetails"/>
  <testcase name="basicDetails" time="160.332" classname="com.ESIC_4March22.tc.TC004_ESICBasicDetails"/>
  <testcase name="basicDetails" time="157.601" classname="com.ESIC_4March22.tc.TC004_ESICBasicDetails"/>
  <testcase name="basicDetails" time="158.361" classname="com.ESIC_4March22.tc.TC004_ESICBasicDetails"/>
  <testcase name="basicDetails" time="160.290" classname="com.ESIC_4March22.tc.TC004_ESICBasicDetails"/>
  <testcase name="basicDetails" time="157.911" classname="com.ESIC_4March22.tc.TC004_ESICBasicDetails"/>
  <testcase name="basicDetails" time="159.293" classname="com.ESIC_4March22.tc.TC004_ESICBasicDetails"/>
  <testcase name="basicDetails" time="160.184" classname="com.ESIC_4March22.tc.TC004_ESICBasicDetails"/>
  <testcase name="basicDetails" time="157.776" classname="com.ESIC_4March22.tc.TC004_ESICBasicDetails"/>
  <testcase name="basicDetails" time="160.281" classname="com.ESIC_4March22.tc.TC004_ESICBasicDetails"/>
  <testcase name="basicDetails" time="157.811" classname="com.ESIC_4March22.tc.TC004_ESICBasicDetails"/>
  <testcase name="basicDetails" time="160.223" classname="com.ESIC_4March22.tc.TC004_ESICBasicDetails"/>
  <testcase name="basicDetails" time="162.185" classname="com.ESIC_4March22.tc.TC004_ESICBasicDetails"/>
  <testcase name="basicDetails" time="160.189" classname="com.ESIC_4March22.tc.TC004_ESICBasicDetails"/>
  <testcase name="basicDetails" time="159.971" classname="com.ESIC_4March22.tc.TC004_ESICBasicDetails"/>
  <testcase name="basicDetails" time="160.210" classname="com.ESIC_4March22.tc.TC004_ESICBasicDetails"/>
  <testcase name="basicDetails" time="158.506" classname="com.ESIC_4March22.tc.TC004_ESICBasicDetails"/>
  <testcase name="basicDetails" time="158.221" classname="com.ESIC_4March22.tc.TC004_ESICBasicDetails"/>
  <testcase name="basicDetails" time="160.113" classname="com.ESIC_4March22.tc.TC004_ESICBasicDetails"/>
  <testcase name="basicDetails" time="160.319" classname="com.ESIC_4March22.tc.TC004_ESICBasicDetails"/>
  <testcase name="basicDetails" time="158.056" classname="com.ESIC_4March22.tc.TC004_ESICBasicDetails"/>
  <testcase name="basicDetails" time="160.206" classname="com.ESIC_4March22.tc.TC004_ESICBasicDetails"/>
  <testcase name="basicDetails" time="160.221" classname="com.ESIC_4March22.tc.TC004_ESICBasicDetails"/>
  <testcase name="basicDetails" time="160.022" classname="com.ESIC_4March22.tc.TC004_ESICBasicDetails"/>
  <testcase name="basicDetails" time="160.144" classname="com.ESIC_4March22.tc.TC004_ESICBasicDetails"/>
  <testcase name="basicDetails" time="157.812" classname="com.ESIC_4March22.tc.TC004_ESICBasicDetails"/>
  <testcase name="basicDetails" time="160.204" classname="com.ESIC_4March22.tc.TC004_ESICBasicDetails"/>
  <testcase name="basicDetails" time="160.440" classname="com.ESIC_4March22.tc.TC004_ESICBasicDetails"/>
  <testcase name="basicDetails" time="160.742" classname="com.ESIC_4March22.tc.TC004_ESICBasicDetails"/>
  <testcase name="basicDetails" time="160.057" classname="com.ESIC_4March22.tc.TC004_ESICBasicDetails"/>
  <testcase name="basicDetails" time="160.528" classname="com.ESIC_4March22.tc.TC004_ESICBasicDetails"/>
  <testcase name="basicDetails" time="160.550" classname="com.ESIC_4March22.tc.TC004_ESICBasicDetails"/>
  <testcase name="basicDetails" time="158.271" classname="com.ESIC_4March22.tc.TC004_ESICBasicDetails"/>
  <testcase name="basicDetails" time="158.124" classname="com.ESIC_4March22.tc.TC004_ESICBasicDetails"/>
  <testcase name="basicDetails" time="158.430" classname="com.ESIC_4March22.tc.TC004_ESICBasicDetails"/>
  <testcase name="basicDetails" time="160.314" classname="com.ESIC_4March22.tc.TC004_ESICBasicDetails"/>
  <testcase name="basicDetails" time="160.180" classname="com.ESIC_4March22.tc.TC004_ESICBasicDetails"/>
  <testcase name="basicDetails" time="160.842" classname="com.ESIC_4March22.tc.TC004_ESICBasicDetails"/>
  <testcase name="basicDetails" time="159.887" classname="com.ESIC_4March22.tc.TC004_ESICBasicDetails"/>
  <testcase name="basicDetails" time="159.936" classname="com.ESIC_4March22.tc.TC004_ESICBasicDetails"/>
  <testcase name="basicDetails" time="160.455" classname="com.ESIC_4March22.tc.TC004_ESICBasicDetails"/>
  <testcase name="basicDetails" time="160.507" classname="com.ESIC_4March22.tc.TC004_ESICBasicDetails"/>
  <testcase name="basicDetails" time="160.142" classname="com.ESIC_4March22.tc.TC004_ESICBasicDetails"/>
  <testcase name="basicDetails" time="160.282" classname="com.ESIC_4March22.tc.TC004_ESICBasicDetails"/>
  <testcase name="basicDetails" time="160.240" classname="com.ESIC_4March22.tc.TC004_ESICBasicDetails"/>
  <testcase name="basicDetails" time="159.785" classname="com.ESIC_4March22.tc.TC004_ESICBasicDetails"/>
  <testcase name="basicDetails" time="158.283" classname="com.ESIC_4March22.tc.TC004_ESICBasicDetails"/>
  <testcase name="basicDetails" time="160.293" classname="com.ESIC_4March22.tc.TC004_ESICBasicDetails"/>
  <testcase name="basicDetails" time="160.274" classname="com.ESIC_4March22.tc.TC004_ESICBasicDetails"/>
  <testcase name="basicDetails" time="159.780" classname="com.ESIC_4March22.tc.TC004_ESICBasicDetails"/>
  <testcase name="basicDetails" time="160.430" classname="com.ESIC_4March22.tc.TC004_ESICBasicDetails"/>
  <testcase name="basicDetails" time="160.468" classname="com.ESIC_4March22.tc.TC004_ESICBasicDetails"/>
</testsuite> <!-- com.ESIC_4March22.tc.TC004_ESICBasicDetails -->
