<?xml version="1.0" encoding="UTF-8"?>
<!-- Generated by org.testng.reporters.JUnitReportReporter -->
<testsuite skipped="0" hostname="MAA014482B" name="com.HP.tc.TC001_HPBasicDetails" tests="3" failures="0" timestamp="2022-08-02T13:44:30 IST" time="348.619" errors="0">
  <testcase name="basicDetails" time="116.203" classname="com.HP.tc.TC001_HPBasicDetails"/>
  <testcase name="basicDetails" time="115.786" classname="com.HP.tc.TC001_HPBasicDetails"/>
  <testcase name="basicDetails" time="116.630" classname="com.HP.tc.TC001_HPBasicDetails"/>
</testsuite> <!-- com.HP.tc.TC001_HPBasicDetails -->
