<?xml version="1.0" encoding="UTF-8"?>
<!-- Generated by org.testng.reporters.JUnitReportReporter -->
<testsuite skipped="0" hostname="MAA014482B" name="com.RBI21March22.tc.TC001_RBIBasicDetails" tests="34" failures="0" timestamp="2022-03-23T14:24:06 IST" time="4142.202" errors="0">
  <testcase name="basicDetails" time="122.923" classname="com.RBI21March22.tc.TC001_RBIBasicDetails"/>
  <testcase name="basicDetails" time="121.815" classname="com.RBI21March22.tc.TC001_RBIBasicDetails"/>
  <testcase name="basicDetails" time="121.872" classname="com.RBI21March22.tc.TC001_RBIBasicDetails"/>
  <testcase name="basicDetails" time="122.262" classname="com.RBI21March22.tc.TC001_RBIBasicDetails"/>
  <testcase name="basicDetails" time="122.330" classname="com.RBI21March22.tc.TC001_RBIBasicDetails"/>
  <testcase name="basicDetails" time="121.495" classname="com.RBI21March22.tc.TC001_RBIBasicDetails"/>
  <testcase name="basicDetails" time="123.017" classname="com.RBI21March22.tc.TC001_RBIBasicDetails"/>
  <testcase name="basicDetails" time="121.334" classname="com.RBI21March22.tc.TC001_RBIBasicDetails"/>
  <testcase name="basicDetails" time="122.605" classname="com.RBI21March22.tc.TC001_RBIBasicDetails"/>
  <testcase name="basicDetails" time="120.318" classname="com.RBI21March22.tc.TC001_RBIBasicDetails"/>
  <testcase name="basicDetails" time="121.545" classname="com.RBI21March22.tc.TC001_RBIBasicDetails"/>
  <testcase name="basicDetails" time="120.955" classname="com.RBI21March22.tc.TC001_RBIBasicDetails"/>
  <testcase name="basicDetails" time="120.183" classname="com.RBI21March22.tc.TC001_RBIBasicDetails"/>
  <testcase name="basicDetails" time="122.437" classname="com.RBI21March22.tc.TC001_RBIBasicDetails"/>
  <testcase name="basicDetails" time="122.955" classname="com.RBI21March22.tc.TC001_RBIBasicDetails"/>
  <testcase name="basicDetails" time="122.518" classname="com.RBI21March22.tc.TC001_RBIBasicDetails"/>
  <testcase name="basicDetails" time="122.638" classname="com.RBI21March22.tc.TC001_RBIBasicDetails"/>
  <testcase name="basicDetails" time="121.537" classname="com.RBI21March22.tc.TC001_RBIBasicDetails"/>
  <testcase name="basicDetails" time="121.455" classname="com.RBI21March22.tc.TC001_RBIBasicDetails"/>
  <testcase name="basicDetails" time="122.305" classname="com.RBI21March22.tc.TC001_RBIBasicDetails"/>
  <testcase name="basicDetails" time="121.608" classname="com.RBI21March22.tc.TC001_RBIBasicDetails"/>
  <testcase name="basicDetails" time="120.676" classname="com.RBI21March22.tc.TC001_RBIBasicDetails"/>
  <testcase name="basicDetails" time="121.602" classname="com.RBI21March22.tc.TC001_RBIBasicDetails"/>
  <testcase name="basicDetails" time="121.184" classname="com.RBI21March22.tc.TC001_RBIBasicDetails"/>
  <testcase name="basicDetails" time="121.662" classname="com.RBI21March22.tc.TC001_RBIBasicDetails"/>
  <testcase name="basicDetails" time="122.103" classname="com.RBI21March22.tc.TC001_RBIBasicDetails"/>
  <testcase name="basicDetails" time="120.380" classname="com.RBI21March22.tc.TC001_RBIBasicDetails"/>
  <testcase name="basicDetails" time="121.291" classname="com.RBI21March22.tc.TC001_RBIBasicDetails"/>
  <testcase name="basicDetails" time="122.734" classname="com.RBI21March22.tc.TC001_RBIBasicDetails"/>
  <testcase name="basicDetails" time="122.364" classname="com.RBI21March22.tc.TC001_RBIBasicDetails"/>
  <testcase name="basicDetails" time="122.283" classname="com.RBI21March22.tc.TC001_RBIBasicDetails"/>
  <testcase name="basicDetails" time="121.149" classname="com.RBI21March22.tc.TC001_RBIBasicDetails"/>
  <testcase name="basicDetails" time="121.839" classname="com.RBI21March22.tc.TC001_RBIBasicDetails"/>
  <testcase name="basicDetails" time="122.828" classname="com.RBI21March22.tc.TC001_RBIBasicDetails"/>
</testsuite> <!-- com.RBI21March22.tc.TC001_RBIBasicDetails -->
