<?xml version="1.0" encoding="UTF-8"?>
<!-- Generated by org.testng.reporters.JUnitReportReporter -->
<testsuite hostname="MAA011253A" failures="0" tests="14" name="com.rbisb.tc.TC005_RBIBasicDetails" time="994.016" errors="0" timestamp="2020-07-23T14:53:27 IST" skipped="0">
  <testcase classname="com.rbisb.tc.TC005_RBIBasicDetails" name="basicDetails" time="71.274"/>
  <testcase classname="com.rbisb.tc.TC005_RBIBasicDetails" name="basicDetails" time="71.584"/>
  <testcase classname="com.rbisb.tc.TC005_RBIBasicDetails" name="basicDetails" time="70.028"/>
  <testcase classname="com.rbisb.tc.TC005_RBIBasicDetails" name="basicDetails" time="70.610"/>
  <testcase classname="com.rbisb.tc.TC005_RBIBasicDetails" name="basicDetails" time="71.495"/>
  <testcase classname="com.rbisb.tc.TC005_RBIBasicDetails" name="basicDetails" time="70.543"/>
  <testcase classname="com.rbisb.tc.TC005_RBIBasicDetails" name="basicDetails" time="70.764"/>
  <testcase classname="com.rbisb.tc.TC005_RBIBasicDetails" name="basicDetails" time="70.951"/>
  <testcase classname="com.rbisb.tc.TC005_RBIBasicDetails" name="basicDetails" time="70.906"/>
  <testcase classname="com.rbisb.tc.TC005_RBIBasicDetails" name="basicDetails" time="71.086"/>
  <testcase classname="com.rbisb.tc.TC005_RBIBasicDetails" name="basicDetails" time="74.083"/>
  <testcase classname="com.rbisb.tc.TC005_RBIBasicDetails" name="basicDetails" time="70.175"/>
  <testcase classname="com.rbisb.tc.TC005_RBIBasicDetails" name="basicDetails" time="70.196"/>
  <testcase classname="com.rbisb.tc.TC005_RBIBasicDetails" name="basicDetails" time="70.321"/>
</testsuite> <!-- com.rbisb.tc.TC005_RBIBasicDetails -->
