<?xml version="1.0" encoding="UTF-8"?>
<!-- Generated by org.testng.reporters.JUnitReportReporter -->
<testsuite skipped="0" hostname="MAA014482B" name="com.lic.tc.TC001_LICBasicDetails" tests="5" failures="0" timestamp="2023-01-09T15:49:16 IST" time="792.704" errors="0">
  <testcase name="basicDetails" time="158.495" classname="com.lic.tc.TC001_LICBasicDetails"/>
  <testcase name="basicDetails" time="158.574" classname="com.lic.tc.TC001_LICBasicDetails"/>
  <testcase name="basicDetails" time="158.367" classname="com.lic.tc.TC001_LICBasicDetails"/>
  <testcase name="basicDetails" time="158.410" classname="com.lic.tc.TC001_LICBasicDetails"/>
  <testcase name="basicDetails" time="158.858" classname="com.lic.tc.TC001_LICBasicDetails"/>
</testsuite> <!-- com.lic.tc.TC001_LICBasicDetails -->
