<?xml version="1.0" encoding="UTF-8"?>
<!-- Generated by org.testng.reporters.JUnitReportReporter -->
<testsuite hostname="MAA011253A" failures="0" tests="45" name="com.rbiGrade.tc.TC005_RBIBasicDetails" time="5458.197" errors="0" timestamp="2021-01-27T18:53:50 IST" skipped="0">
  <testcase classname="com.rbiGrade.tc.TC005_RBIBasicDetails" name="basicDetails" time="121.452"/>
  <testcase classname="com.rbiGrade.tc.TC005_RBIBasicDetails" name="basicDetails" time="121.553"/>
  <testcase classname="com.rbiGrade.tc.TC005_RBIBasicDetails" name="basicDetails" time="121.003"/>
  <testcase classname="com.rbiGrade.tc.TC005_RBIBasicDetails" name="basicDetails" time="121.788"/>
  <testcase classname="com.rbiGrade.tc.TC005_RBIBasicDetails" name="basicDetails" time="121.071"/>
  <testcase classname="com.rbiGrade.tc.TC005_RBIBasicDetails" name="basicDetails" time="120.732"/>
  <testcase classname="com.rbiGrade.tc.TC005_RBIBasicDetails" name="basicDetails" time="121.290"/>
  <testcase classname="com.rbiGrade.tc.TC005_RBIBasicDetails" name="basicDetails" time="122.140"/>
  <testcase classname="com.rbiGrade.tc.TC005_RBIBasicDetails" name="basicDetails" time="121.481"/>
  <testcase classname="com.rbiGrade.tc.TC005_RBIBasicDetails" name="basicDetails" time="121.219"/>
  <testcase classname="com.rbiGrade.tc.TC005_RBIBasicDetails" name="basicDetails" time="121.102"/>
  <testcase classname="com.rbiGrade.tc.TC005_RBIBasicDetails" name="basicDetails" time="120.951"/>
  <testcase classname="com.rbiGrade.tc.TC005_RBIBasicDetails" name="basicDetails" time="121.718"/>
  <testcase classname="com.rbiGrade.tc.TC005_RBIBasicDetails" name="basicDetails" time="120.973"/>
  <testcase classname="com.rbiGrade.tc.TC005_RBIBasicDetails" name="basicDetails" time="120.639"/>
  <testcase classname="com.rbiGrade.tc.TC005_RBIBasicDetails" name="basicDetails" time="122.879"/>
  <testcase classname="com.rbiGrade.tc.TC005_RBIBasicDetails" name="basicDetails" time="121.136"/>
  <testcase classname="com.rbiGrade.tc.TC005_RBIBasicDetails" name="basicDetails" time="121.075"/>
  <testcase classname="com.rbiGrade.tc.TC005_RBIBasicDetails" name="basicDetails" time="121.146"/>
  <testcase classname="com.rbiGrade.tc.TC005_RBIBasicDetails" name="basicDetails" time="121.476"/>
  <testcase classname="com.rbiGrade.tc.TC005_RBIBasicDetails" name="basicDetails" time="121.008"/>
  <testcase classname="com.rbiGrade.tc.TC005_RBIBasicDetails" name="basicDetails" time="121.623"/>
  <testcase classname="com.rbiGrade.tc.TC005_RBIBasicDetails" name="basicDetails" time="120.742"/>
  <testcase classname="com.rbiGrade.tc.TC005_RBIBasicDetails" name="basicDetails" time="121.246"/>
  <testcase classname="com.rbiGrade.tc.TC005_RBIBasicDetails" name="basicDetails" time="121.784"/>
  <testcase classname="com.rbiGrade.tc.TC005_RBIBasicDetails" name="basicDetails" time="121.333"/>
  <testcase classname="com.rbiGrade.tc.TC005_RBIBasicDetails" name="basicDetails" time="121.239"/>
  <testcase classname="com.rbiGrade.tc.TC005_RBIBasicDetails" name="basicDetails" time="120.921"/>
  <testcase classname="com.rbiGrade.tc.TC005_RBIBasicDetails" name="basicDetails" time="121.117"/>
  <testcase classname="com.rbiGrade.tc.TC005_RBIBasicDetails" name="basicDetails" time="121.245"/>
  <testcase classname="com.rbiGrade.tc.TC005_RBIBasicDetails" name="basicDetails" time="120.798"/>
  <testcase classname="com.rbiGrade.tc.TC005_RBIBasicDetails" name="basicDetails" time="121.390"/>
  <testcase classname="com.rbiGrade.tc.TC005_RBIBasicDetails" name="basicDetails" time="121.278"/>
  <testcase classname="com.rbiGrade.tc.TC005_RBIBasicDetails" name="basicDetails" time="120.554"/>
  <testcase classname="com.rbiGrade.tc.TC005_RBIBasicDetails" name="basicDetails" time="121.553"/>
  <testcase classname="com.rbiGrade.tc.TC005_RBIBasicDetails" name="basicDetails" time="121.446"/>
  <testcase classname="com.rbiGrade.tc.TC005_RBIBasicDetails" name="basicDetails" time="121.273"/>
  <testcase classname="com.rbiGrade.tc.TC005_RBIBasicDetails" name="basicDetails" time="122.004"/>
  <testcase classname="com.rbiGrade.tc.TC005_RBIBasicDetails" name="basicDetails" time="121.169"/>
  <testcase classname="com.rbiGrade.tc.TC005_RBIBasicDetails" name="basicDetails" time="121.068"/>
  <testcase classname="com.rbiGrade.tc.TC005_RBIBasicDetails" name="basicDetails" time="121.395"/>
  <testcase classname="com.rbiGrade.tc.TC005_RBIBasicDetails" name="basicDetails" time="121.075"/>
  <testcase classname="com.rbiGrade.tc.TC005_RBIBasicDetails" name="basicDetails" time="121.888"/>
  <testcase classname="com.rbiGrade.tc.TC005_RBIBasicDetails" name="basicDetails" time="121.082"/>
  <testcase classname="com.rbiGrade.tc.TC005_RBIBasicDetails" name="basicDetails" time="121.142"/>
</testsuite> <!-- com.rbiGrade.tc.TC005_RBIBasicDetails -->
