<?xml version="1.0" encoding="UTF-8"?>
<!-- Generated by org.testng.reporters.JUnitReportReporter -->
<testsuite skipped="0" hostname="MAA014482B" name="com.CRP_RRB_May23.tc.TC005_CRPBasicDetails" tests="64" failures="0" timestamp="2023-05-23T19:06:06 IST" time="10374.961" errors="0">
  <testcase name="basicDetails" time="162.260" classname="com.CRP_RRB_May23.tc.TC005_CRPBasicDetails"/>
  <testcase name="basicDetails" time="162.562" classname="com.CRP_RRB_May23.tc.TC005_CRPBasicDetails"/>
  <testcase name="basicDetails" time="161.770" classname="com.CRP_RRB_May23.tc.TC005_CRPBasicDetails"/>
  <testcase name="basicDetails" time="162.111" classname="com.CRP_RRB_May23.tc.TC005_CRPBasicDetails"/>
  <testcase name="basicDetails" time="162.116" classname="com.CRP_RRB_May23.tc.TC005_CRPBasicDetails"/>
  <testcase name="basicDetails" time="161.650" classname="com.CRP_RRB_May23.tc.TC005_CRPBasicDetails"/>
  <testcase name="basicDetails" time="161.888" classname="com.CRP_RRB_May23.tc.TC005_CRPBasicDetails"/>
  <testcase name="basicDetails" time="161.971" classname="com.CRP_RRB_May23.tc.TC005_CRPBasicDetails"/>
  <testcase name="basicDetails" time="163.524" classname="com.CRP_RRB_May23.tc.TC005_CRPBasicDetails"/>
  <testcase name="basicDetails" time="162.480" classname="com.CRP_RRB_May23.tc.TC005_CRPBasicDetails"/>
  <testcase name="basicDetails" time="161.717" classname="com.CRP_RRB_May23.tc.TC005_CRPBasicDetails"/>
  <testcase name="basicDetails" time="162.691" classname="com.CRP_RRB_May23.tc.TC005_CRPBasicDetails"/>
  <testcase name="basicDetails" time="162.009" classname="com.CRP_RRB_May23.tc.TC005_CRPBasicDetails"/>
  <testcase name="basicDetails" time="162.159" classname="com.CRP_RRB_May23.tc.TC005_CRPBasicDetails"/>
  <testcase name="basicDetails" time="161.858" classname="com.CRP_RRB_May23.tc.TC005_CRPBasicDetails"/>
  <testcase name="basicDetails" time="162.284" classname="com.CRP_RRB_May23.tc.TC005_CRPBasicDetails"/>
  <testcase name="basicDetails" time="162.155" classname="com.CRP_RRB_May23.tc.TC005_CRPBasicDetails"/>
  <testcase name="basicDetails" time="161.541" classname="com.CRP_RRB_May23.tc.TC005_CRPBasicDetails"/>
  <testcase name="basicDetails" time="161.640" classname="com.CRP_RRB_May23.tc.TC005_CRPBasicDetails"/>
  <testcase name="basicDetails" time="162.138" classname="com.CRP_RRB_May23.tc.TC005_CRPBasicDetails"/>
  <testcase name="basicDetails" time="162.018" classname="com.CRP_RRB_May23.tc.TC005_CRPBasicDetails"/>
  <testcase name="basicDetails" time="162.434" classname="com.CRP_RRB_May23.tc.TC005_CRPBasicDetails"/>
  <testcase name="basicDetails" time="162.078" classname="com.CRP_RRB_May23.tc.TC005_CRPBasicDetails"/>
  <testcase name="basicDetails" time="162.039" classname="com.CRP_RRB_May23.tc.TC005_CRPBasicDetails"/>
  <testcase name="basicDetails" time="162.217" classname="com.CRP_RRB_May23.tc.TC005_CRPBasicDetails"/>
  <testcase name="basicDetails" time="162.684" classname="com.CRP_RRB_May23.tc.TC005_CRPBasicDetails"/>
  <testcase name="basicDetails" time="162.147" classname="com.CRP_RRB_May23.tc.TC005_CRPBasicDetails"/>
  <testcase name="basicDetails" time="162.073" classname="com.CRP_RRB_May23.tc.TC005_CRPBasicDetails"/>
  <testcase name="basicDetails" time="161.600" classname="com.CRP_RRB_May23.tc.TC005_CRPBasicDetails"/>
  <testcase name="basicDetails" time="161.605" classname="com.CRP_RRB_May23.tc.TC005_CRPBasicDetails"/>
  <testcase name="basicDetails" time="161.974" classname="com.CRP_RRB_May23.tc.TC005_CRPBasicDetails"/>
  <testcase name="basicDetails" time="162.031" classname="com.CRP_RRB_May23.tc.TC005_CRPBasicDetails"/>
  <testcase name="basicDetails" time="161.900" classname="com.CRP_RRB_May23.tc.TC005_CRPBasicDetails"/>
  <testcase name="basicDetails" time="162.884" classname="com.CRP_RRB_May23.tc.TC005_CRPBasicDetails"/>
  <testcase name="basicDetails" time="162.055" classname="com.CRP_RRB_May23.tc.TC005_CRPBasicDetails"/>
  <testcase name="basicDetails" time="161.769" classname="com.CRP_RRB_May23.tc.TC005_CRPBasicDetails"/>
  <testcase name="basicDetails" time="162.151" classname="com.CRP_RRB_May23.tc.TC005_CRPBasicDetails"/>
  <testcase name="basicDetails" time="162.169" classname="com.CRP_RRB_May23.tc.TC005_CRPBasicDetails"/>
  <testcase name="basicDetails" time="161.891" classname="com.CRP_RRB_May23.tc.TC005_CRPBasicDetails"/>
  <testcase name="basicDetails" time="162.032" classname="com.CRP_RRB_May23.tc.TC005_CRPBasicDetails"/>
  <testcase name="basicDetails" time="162.047" classname="com.CRP_RRB_May23.tc.TC005_CRPBasicDetails"/>
  <testcase name="basicDetails" time="162.070" classname="com.CRP_RRB_May23.tc.TC005_CRPBasicDetails"/>
  <testcase name="basicDetails" time="161.940" classname="com.CRP_RRB_May23.tc.TC005_CRPBasicDetails"/>
  <testcase name="basicDetails" time="161.583" classname="com.CRP_RRB_May23.tc.TC005_CRPBasicDetails"/>
  <testcase name="basicDetails" time="162.056" classname="com.CRP_RRB_May23.tc.TC005_CRPBasicDetails"/>
  <testcase name="basicDetails" time="162.627" classname="com.CRP_RRB_May23.tc.TC005_CRPBasicDetails"/>
  <testcase name="basicDetails" time="162.043" classname="com.CRP_RRB_May23.tc.TC005_CRPBasicDetails"/>
  <testcase name="basicDetails" time="162.137" classname="com.CRP_RRB_May23.tc.TC005_CRPBasicDetails"/>
  <testcase name="basicDetails" time="162.242" classname="com.CRP_RRB_May23.tc.TC005_CRPBasicDetails"/>
  <testcase name="basicDetails" time="162.155" classname="com.CRP_RRB_May23.tc.TC005_CRPBasicDetails"/>
  <testcase name="basicDetails" time="162.490" classname="com.CRP_RRB_May23.tc.TC005_CRPBasicDetails"/>
  <testcase name="basicDetails" time="161.904" classname="com.CRP_RRB_May23.tc.TC005_CRPBasicDetails"/>
  <testcase name="basicDetails" time="162.295" classname="com.CRP_RRB_May23.tc.TC005_CRPBasicDetails"/>
  <testcase name="basicDetails" time="161.726" classname="com.CRP_RRB_May23.tc.TC005_CRPBasicDetails"/>
  <testcase name="basicDetails" time="161.768" classname="com.CRP_RRB_May23.tc.TC005_CRPBasicDetails"/>
  <testcase name="basicDetails" time="161.912" classname="com.CRP_RRB_May23.tc.TC005_CRPBasicDetails"/>
  <testcase name="basicDetails" time="162.156" classname="com.CRP_RRB_May23.tc.TC005_CRPBasicDetails"/>
  <testcase name="basicDetails" time="162.529" classname="com.CRP_RRB_May23.tc.TC005_CRPBasicDetails"/>
  <testcase name="basicDetails" time="162.071" classname="com.CRP_RRB_May23.tc.TC005_CRPBasicDetails"/>
  <testcase name="basicDetails" time="162.118" classname="com.CRP_RRB_May23.tc.TC005_CRPBasicDetails"/>
  <testcase name="basicDetails" time="162.324" classname="com.CRP_RRB_May23.tc.TC005_CRPBasicDetails"/>
  <testcase name="basicDetails" time="162.286" classname="com.CRP_RRB_May23.tc.TC005_CRPBasicDetails"/>
  <testcase name="basicDetails" time="162.068" classname="com.CRP_RRB_May23.tc.TC005_CRPBasicDetails"/>
  <testcase name="basicDetails" time="162.139" classname="com.CRP_RRB_May23.tc.TC005_CRPBasicDetails"/>
</testsuite> <!-- com.CRP_RRB_May23.tc.TC005_CRPBasicDetails -->
