<?xml version="1.0" encoding="UTF-8"?>
<!-- Generated by org.testng.reporters.JUnitReportReporter -->
<testsuite hostname="MAA011253A" failures="0" tests="57" name="com.sbi.tc.TC001_SBIBasicDetails" time="6663.078" errors="1" timestamp="2020-10-20T00:20:58 IST" skipped="0">
  <testcase classname="com.sbi.tc.TC001_SBIBasicDetails" name="basicDetails" time="119.147"/>
  <testcase classname="com.sbi.tc.TC001_SBIBasicDetails" name="basicDetails" time="118.435"/>
  <testcase classname="com.sbi.tc.TC001_SBIBasicDetails" name="basicDetails" time="119.225"/>
  <testcase classname="com.sbi.tc.TC001_SBIBasicDetails" name="basicDetails" time="119.198"/>
  <testcase classname="com.sbi.tc.TC001_SBIBasicDetails" name="afterClass" time="0.954">
    <error type="java.lang.NullPointerException">
      <![CDATA[java.lang.NullPointerException
at lib.utils.HTMLReporter.reportStep(HTMLReporter.java:73)
at lib.selenium.WebDriverServiceImpl.closeAllBrowsers(WebDriverServiceImpl.java:495)
at lib.selenium.PreAndPost.afterClass(PreAndPost.java:72)
at java.base/jdk.internal.reflect.NativeMethodAccessorImpl.invoke0(Native Method)
at java.base/jdk.internal.reflect.NativeMethodAccessorImpl.invoke(Unknown Source)
at java.base/jdk.internal.reflect.DelegatingMethodAccessorImpl.invoke(Unknown Source)
at java.base/java.lang.reflect.Method.invoke(Unknown Source)
at org.testng.internal.MethodInvocationHelper.invokeMethod(MethodInvocationHelper.java:133)
at org.testng.internal.MethodInvocationHelper.invokeMethodConsideringTimeout(MethodInvocationHelper.java:62)
at org.testng.internal.ConfigInvoker.invokeConfigurationMethod(ConfigInvoker.java:340)
at org.testng.internal.ConfigInvoker.invokeConfigurations(ConfigInvoker.java:294)
at org.testng.internal.TestMethodWorker.invokeAfterClassMethods(TestMethodWorker.java:217)
at org.testng.internal.TestMethodWorker.run(TestMethodWorker.java:130)
at java.base/java.util.concurrent.ThreadPoolExecutor.runWorker(Unknown Source)
at java.base/java.util.concurrent.ThreadPoolExecutor$Worker.run(Unknown Source)
at java.base/java.lang.Thread.run(Unknown Source)
]]>
    </error>
  </testcase> <!-- afterClass -->
  <testcase classname="com.sbi.tc.TC001_SBIBasicDetails" name="basicDetails" time="118.787"/>
  <testcase classname="com.sbi.tc.TC001_SBIBasicDetails" name="basicDetails" time="119.441"/>
  <testcase classname="com.sbi.tc.TC001_SBIBasicDetails" name="basicDetails" time="118.745"/>
  <testcase classname="com.sbi.tc.TC001_SBIBasicDetails" name="basicDetails" time="119.270"/>
  <testcase classname="com.sbi.tc.TC001_SBIBasicDetails" name="basicDetails" time="119.399"/>
  <testcase classname="com.sbi.tc.TC001_SBIBasicDetails" name="basicDetails" time="118.324"/>
  <testcase classname="com.sbi.tc.TC001_SBIBasicDetails" name="basicDetails" time="118.721"/>
  <testcase classname="com.sbi.tc.TC001_SBIBasicDetails" name="basicDetails" time="118.264"/>
  <testcase classname="com.sbi.tc.TC001_SBIBasicDetails" name="basicDetails" time="118.924"/>
  <testcase classname="com.sbi.tc.TC001_SBIBasicDetails" name="basicDetails" time="119.127"/>
  <testcase classname="com.sbi.tc.TC001_SBIBasicDetails" name="basicDetails" time="119.177"/>
  <testcase classname="com.sbi.tc.TC001_SBIBasicDetails" name="basicDetails" time="118.832"/>
  <testcase classname="com.sbi.tc.TC001_SBIBasicDetails" name="basicDetails" time="118.812"/>
  <testcase classname="com.sbi.tc.TC001_SBIBasicDetails" name="basicDetails" time="118.976"/>
  <testcase classname="com.sbi.tc.TC001_SBIBasicDetails" name="basicDetails" time="118.842"/>
  <testcase classname="com.sbi.tc.TC001_SBIBasicDetails" name="basicDetails" time="119.370"/>
  <testcase classname="com.sbi.tc.TC001_SBIBasicDetails" name="basicDetails" time="118.497"/>
  <testcase classname="com.sbi.tc.TC001_SBIBasicDetails" name="basicDetails" time="119.023"/>
  <testcase classname="com.sbi.tc.TC001_SBIBasicDetails" name="basicDetails" time="118.999"/>
  <testcase classname="com.sbi.tc.TC001_SBIBasicDetails" name="basicDetails" time="119.106"/>
  <testcase classname="com.sbi.tc.TC001_SBIBasicDetails" name="basicDetails" time="119.110"/>
  <testcase classname="com.sbi.tc.TC001_SBIBasicDetails" name="basicDetails" time="119.751"/>
  <testcase classname="com.sbi.tc.TC001_SBIBasicDetails" name="basicDetails" time="118.876"/>
  <testcase classname="com.sbi.tc.TC001_SBIBasicDetails" name="basicDetails" time="119.129"/>
  <testcase classname="com.sbi.tc.TC001_SBIBasicDetails" name="basicDetails" time="119.042"/>
  <testcase classname="com.sbi.tc.TC001_SBIBasicDetails" name="basicDetails" time="119.041"/>
  <testcase classname="com.sbi.tc.TC001_SBIBasicDetails" name="basicDetails" time="118.264"/>
  <testcase classname="com.sbi.tc.TC001_SBIBasicDetails" name="basicDetails" time="119.173"/>
  <testcase classname="com.sbi.tc.TC001_SBIBasicDetails" name="basicDetails" time="118.726"/>
  <testcase classname="com.sbi.tc.TC001_SBIBasicDetails" name="basicDetails" time="118.828"/>
  <testcase classname="com.sbi.tc.TC001_SBIBasicDetails" name="basicDetails" time="119.413"/>
  <testcase classname="com.sbi.tc.TC001_SBIBasicDetails" name="basicDetails" time="118.898"/>
  <testcase classname="com.sbi.tc.TC001_SBIBasicDetails" name="basicDetails" time="118.526"/>
  <testcase classname="com.sbi.tc.TC001_SBIBasicDetails" name="basicDetails" time="118.781"/>
  <testcase classname="com.sbi.tc.TC001_SBIBasicDetails" name="basicDetails" time="118.482"/>
  <testcase classname="com.sbi.tc.TC001_SBIBasicDetails" name="basicDetails" time="118.458"/>
  <testcase classname="com.sbi.tc.TC001_SBIBasicDetails" name="basicDetails" time="119.415"/>
  <testcase classname="com.sbi.tc.TC001_SBIBasicDetails" name="basicDetails" time="119.137"/>
  <testcase classname="com.sbi.tc.TC001_SBIBasicDetails" name="basicDetails" time="118.846"/>
  <testcase classname="com.sbi.tc.TC001_SBIBasicDetails" name="basicDetails" time="119.282"/>
  <testcase classname="com.sbi.tc.TC001_SBIBasicDetails" name="basicDetails" time="119.640"/>
  <testcase classname="com.sbi.tc.TC001_SBIBasicDetails" name="basicDetails" time="119.197"/>
  <testcase classname="com.sbi.tc.TC001_SBIBasicDetails" name="basicDetails" time="119.435"/>
  <testcase classname="com.sbi.tc.TC001_SBIBasicDetails" name="basicDetails" time="118.994"/>
  <testcase classname="com.sbi.tc.TC001_SBIBasicDetails" name="basicDetails" time="119.170"/>
  <testcase classname="com.sbi.tc.TC001_SBIBasicDetails" name="basicDetails" time="118.943"/>
  <testcase classname="com.sbi.tc.TC001_SBIBasicDetails" name="basicDetails" time="119.038"/>
  <testcase classname="com.sbi.tc.TC001_SBIBasicDetails" name="basicDetails" time="119.058"/>
  <testcase classname="com.sbi.tc.TC001_SBIBasicDetails" name="basicDetails" time="118.778"/>
  <testcase classname="com.sbi.tc.TC001_SBIBasicDetails" name="basicDetails" time="118.935"/>
  <testcase classname="com.sbi.tc.TC001_SBIBasicDetails" name="basicDetails" time="118.837"/>
  <testcase classname="com.sbi.tc.TC001_SBIBasicDetails" name="basicDetails" time="118.280"/>
</testsuite> <!-- com.sbi.tc.TC001_SBIBasicDetails -->
