<?xml version="1.0" encoding="UTF-8"?>
<!-- Generated by org.testng.reporters.JUnitReportReporter -->
<testsuite hostname="MAA011253A" failures="0" tests="40" name="com.RRB.tc.TC002_RRBBasicDetails" time="3184.078" errors="0" timestamp="2020-06-30T11:10:54 IST" skipped="0">
  <testcase classname="com.RRB.tc.TC002_RRBBasicDetails" name="basicDetails" time="87.503"/>
  <testcase classname="com.RRB.tc.TC002_RRBBasicDetails" name="basicDetails" time="82.841"/>
  <testcase classname="com.RRB.tc.TC002_RRBBasicDetails" name="basicDetails" time="76.690"/>
  <testcase classname="com.RRB.tc.TC002_RRBBasicDetails" name="basicDetails" time="78.919"/>
  <testcase classname="com.RRB.tc.TC002_RRBBasicDetails" name="basicDetails" time="79.411"/>
  <testcase classname="com.RRB.tc.TC002_RRBBasicDetails" name="basicDetails" time="78.467"/>
  <testcase classname="com.RRB.tc.TC002_RRBBasicDetails" name="basicDetails" time="81.347"/>
  <testcase classname="com.RRB.tc.TC002_RRBBasicDetails" name="basicDetails" time="79.472"/>
  <testcase classname="com.RRB.tc.TC002_RRBBasicDetails" name="basicDetails" time="78.619"/>
  <testcase classname="com.RRB.tc.TC002_RRBBasicDetails" name="basicDetails" time="80.139"/>
  <testcase classname="com.RRB.tc.TC002_RRBBasicDetails" name="basicDetails" time="83.774"/>
  <testcase classname="com.RRB.tc.TC002_RRBBasicDetails" name="basicDetails" time="76.382"/>
  <testcase classname="com.RRB.tc.TC002_RRBBasicDetails" name="basicDetails" time="85.724"/>
  <testcase classname="com.RRB.tc.TC002_RRBBasicDetails" name="basicDetails" time="79.990"/>
  <testcase classname="com.RRB.tc.TC002_RRBBasicDetails" name="basicDetails" time="78.155"/>
  <testcase classname="com.RRB.tc.TC002_RRBBasicDetails" name="basicDetails" time="81.321"/>
  <testcase classname="com.RRB.tc.TC002_RRBBasicDetails" name="basicDetails" time="79.082"/>
  <testcase classname="com.RRB.tc.TC002_RRBBasicDetails" name="basicDetails" time="79.960"/>
  <testcase classname="com.RRB.tc.TC002_RRBBasicDetails" name="basicDetails" time="77.576"/>
  <testcase classname="com.RRB.tc.TC002_RRBBasicDetails" name="basicDetails" time="75.110"/>
  <testcase classname="com.RRB.tc.TC002_RRBBasicDetails" name="basicDetails" time="76.085"/>
  <testcase classname="com.RRB.tc.TC002_RRBBasicDetails" name="basicDetails" time="83.626"/>
  <testcase classname="com.RRB.tc.TC002_RRBBasicDetails" name="basicDetails" time="80.081"/>
  <testcase classname="com.RRB.tc.TC002_RRBBasicDetails" name="basicDetails" time="76.299"/>
  <testcase classname="com.RRB.tc.TC002_RRBBasicDetails" name="basicDetails" time="76.548"/>
  <testcase classname="com.RRB.tc.TC002_RRBBasicDetails" name="basicDetails" time="79.637"/>
  <testcase classname="com.RRB.tc.TC002_RRBBasicDetails" name="basicDetails" time="78.729"/>
  <testcase classname="com.RRB.tc.TC002_RRBBasicDetails" name="basicDetails" time="78.987"/>
  <testcase classname="com.RRB.tc.TC002_RRBBasicDetails" name="basicDetails" time="78.919"/>
  <testcase classname="com.RRB.tc.TC002_RRBBasicDetails" name="basicDetails" time="79.508"/>
  <testcase classname="com.RRB.tc.TC002_RRBBasicDetails" name="basicDetails" time="76.800"/>
  <testcase classname="com.RRB.tc.TC002_RRBBasicDetails" name="basicDetails" time="76.408"/>
  <testcase classname="com.RRB.tc.TC002_RRBBasicDetails" name="basicDetails" time="76.233"/>
  <testcase classname="com.RRB.tc.TC002_RRBBasicDetails" name="basicDetails" time="80.115"/>
  <testcase classname="com.RRB.tc.TC002_RRBBasicDetails" name="basicDetails" time="77.715"/>
  <testcase classname="com.RRB.tc.TC002_RRBBasicDetails" name="basicDetails" time="77.298"/>
  <testcase classname="com.RRB.tc.TC002_RRBBasicDetails" name="basicDetails" time="76.717"/>
  <testcase classname="com.RRB.tc.TC002_RRBBasicDetails" name="basicDetails" time="77.050"/>
  <testcase classname="com.RRB.tc.TC002_RRBBasicDetails" name="basicDetails" time="80.799"/>
  <testcase classname="com.RRB.tc.TC002_RRBBasicDetails" name="basicDetails" time="96.042"/>
</testsuite> <!-- com.RRB.tc.TC002_RRBBasicDetails -->
