<?xml version="1.0" encoding="UTF-8"?>
<!-- Generated by org.testng.reporters.JUnitReportReporter -->
<testsuite skipped="0" hostname="MAA014482B" name="com.DCCB.tc.TC001_DCCBBasicDetails" tests="2" failures="0" timestamp="2022-08-04T12:58:03 IST" time="251.710" errors="0">
  <testcase name="basicDetails" time="125.328" classname="com.DCCB.tc.TC001_DCCBBasicDetails"/>
  <testcase name="basicDetails" time="126.382" classname="com.DCCB.tc.TC001_DCCBBasicDetails"/>
</testsuite> <!-- com.DCCB.tc.TC001_DCCBBasicDetails -->
