<?xml version="1.0" encoding="UTF-8"?>
<!-- Generated by org.testng.reporters.JUnitReportReporter -->
<testsuite skipped="0" hostname="MAA014482B" name="com.BIS.tc.TC001_BISBasicDetails" tests="27" failures="0" timestamp="2022-05-06T22:03:10 IST" time="3351.581" errors="0">
  <testcase name="basicDetails" time="120.488" classname="com.BIS.tc.TC001_BISBasicDetails"/>
  <testcase name="basicDetails" time="125.006" classname="com.BIS.tc.TC001_BISBasicDetails"/>
  <testcase name="basicDetails" time="125.311" classname="com.BIS.tc.TC001_BISBasicDetails"/>
  <testcase name="basicDetails" time="120.410" classname="com.BIS.tc.TC001_BISBasicDetails"/>
  <testcase name="basicDetails" time="124.726" classname="com.BIS.tc.TC001_BISBasicDetails"/>
  <testcase name="basicDetails" time="125.370" classname="com.BIS.tc.TC001_BISBasicDetails"/>
  <testcase name="basicDetails" time="120.490" classname="com.BIS.tc.TC001_BISBasicDetails"/>
  <testcase name="basicDetails" time="125.000" classname="com.BIS.tc.TC001_BISBasicDetails"/>
  <testcase name="basicDetails" time="125.287" classname="com.BIS.tc.TC001_BISBasicDetails"/>
  <testcase name="basicDetails" time="125.067" classname="com.BIS.tc.TC001_BISBasicDetails"/>
  <testcase name="basicDetails" time="120.385" classname="com.BIS.tc.TC001_BISBasicDetails"/>
  <testcase name="basicDetails" time="120.524" classname="com.BIS.tc.TC001_BISBasicDetails"/>
  <testcase name="basicDetails" time="124.982" classname="com.BIS.tc.TC001_BISBasicDetails"/>
  <testcase name="basicDetails" time="125.193" classname="com.BIS.tc.TC001_BISBasicDetails"/>
  <testcase name="basicDetails" time="121.308" classname="com.BIS.tc.TC001_BISBasicDetails"/>
  <testcase name="basicDetails" time="124.868" classname="com.BIS.tc.TC001_BISBasicDetails"/>
  <testcase name="basicDetails" time="120.966" classname="com.BIS.tc.TC001_BISBasicDetails"/>
  <testcase name="basicDetails" time="120.585" classname="com.BIS.tc.TC001_BISBasicDetails"/>
  <testcase name="basicDetails" time="120.777" classname="com.BIS.tc.TC001_BISBasicDetails"/>
  <testcase name="basicDetails" time="124.799" classname="com.BIS.tc.TC001_BISBasicDetails"/>
  <testcase name="basicDetails" time="120.539" classname="com.BIS.tc.TC001_BISBasicDetails"/>
  <testcase name="basicDetails" time="120.726" classname="com.BIS.tc.TC001_BISBasicDetails"/>
  <testcase name="basicDetails" time="152.579" classname="com.BIS.tc.TC001_BISBasicDetails"/>
  <testcase name="basicDetails" time="125.458" classname="com.BIS.tc.TC001_BISBasicDetails"/>
  <testcase name="basicDetails" time="124.983" classname="com.BIS.tc.TC001_BISBasicDetails"/>
  <testcase name="basicDetails" time="120.477" classname="com.BIS.tc.TC001_BISBasicDetails"/>
  <testcase name="basicDetails" time="125.277" classname="com.BIS.tc.TC001_BISBasicDetails"/>
</testsuite> <!-- com.BIS.tc.TC001_BISBasicDetails -->
