<?xml version="1.0" encoding="UTF-8"?>
<!-- Generated by org.testng.reporters.JUnitReportReporter -->
<testsuite skipped="0" hostname="MAA014482B" name="com.MSPGCT.tc.TC005_MSPGCTBasicDetails" tests="17" failures="0" timestamp="2023-06-28T17:31:00 IST" time="2728.099" errors="0">
  <testcase name="basicDetails" time="172.564" classname="com.MSPGCT.tc.TC005_MSPGCTBasicDetails"/>
  <testcase name="basicDetails" time="161.138" classname="com.MSPGCT.tc.TC005_MSPGCTBasicDetails"/>
  <testcase name="basicDetails" time="160.753" classname="com.MSPGCT.tc.TC005_MSPGCTBasicDetails"/>
  <testcase name="basicDetails" time="160.712" classname="com.MSPGCT.tc.TC005_MSPGCTBasicDetails"/>
  <testcase name="basicDetails" time="160.753" classname="com.MSPGCT.tc.TC005_MSPGCTBasicDetails"/>
  <testcase name="basicDetails" time="158.813" classname="com.MSPGCT.tc.TC005_MSPGCTBasicDetails"/>
  <testcase name="basicDetails" time="158.805" classname="com.MSPGCT.tc.TC005_MSPGCTBasicDetails"/>
  <testcase name="basicDetails" time="158.906" classname="com.MSPGCT.tc.TC005_MSPGCTBasicDetails"/>
  <testcase name="basicDetails" time="158.681" classname="com.MSPGCT.tc.TC005_MSPGCTBasicDetails"/>
  <testcase name="basicDetails" time="159.205" classname="com.MSPGCT.tc.TC005_MSPGCTBasicDetails"/>
  <testcase name="basicDetails" time="158.355" classname="com.MSPGCT.tc.TC005_MSPGCTBasicDetails"/>
  <testcase name="basicDetails" time="158.972" classname="com.MSPGCT.tc.TC005_MSPGCTBasicDetails"/>
  <testcase name="basicDetails" time="158.876" classname="com.MSPGCT.tc.TC005_MSPGCTBasicDetails"/>
  <testcase name="basicDetails" time="161.215" classname="com.MSPGCT.tc.TC005_MSPGCTBasicDetails"/>
  <testcase name="basicDetails" time="160.858" classname="com.MSPGCT.tc.TC005_MSPGCTBasicDetails"/>
  <testcase name="basicDetails" time="158.966" classname="com.MSPGCT.tc.TC005_MSPGCTBasicDetails"/>
  <testcase name="basicDetails" time="160.527" classname="com.MSPGCT.tc.TC005_MSPGCTBasicDetails"/>
</testsuite> <!-- com.MSPGCT.tc.TC005_MSPGCTBasicDetails -->
