<?xml version="1.0" encoding="UTF-8"?>
<!-- Generated by org.testng.reporters.JUnitReportReporter -->
<testsuite skipped="0" hostname="MAA014482B" name="com.HP.tc.TC004_HPBasicDetails" tests="19" failures="0" timestamp="2022-08-02T13:31:36 IST" time="2245.202" errors="0">
  <testcase name="basicDetails" time="115.852" classname="com.HP.tc.TC004_HPBasicDetails"/>
  <testcase name="basicDetails" time="115.915" classname="com.HP.tc.TC004_HPBasicDetails"/>
  <testcase name="basicDetails" time="120.958" classname="com.HP.tc.TC004_HPBasicDetails"/>
  <testcase name="basicDetails" time="121.839" classname="com.HP.tc.TC004_HPBasicDetails"/>
  <testcase name="basicDetails" time="121.526" classname="com.HP.tc.TC004_HPBasicDetails"/>
  <testcase name="basicDetails" time="121.368" classname="com.HP.tc.TC004_HPBasicDetails"/>
  <testcase name="basicDetails" time="121.212" classname="com.HP.tc.TC004_HPBasicDetails"/>
  <testcase name="basicDetails" time="116.373" classname="com.HP.tc.TC004_HPBasicDetails"/>
  <testcase name="basicDetails" time="115.832" classname="com.HP.tc.TC004_HPBasicDetails"/>
  <testcase name="basicDetails" time="121.075" classname="com.HP.tc.TC004_HPBasicDetails"/>
  <testcase name="basicDetails" time="121.356" classname="com.HP.tc.TC004_HPBasicDetails"/>
  <testcase name="basicDetails" time="115.837" classname="com.HP.tc.TC004_HPBasicDetails"/>
  <testcase name="basicDetails" time="116.053" classname="com.HP.tc.TC004_HPBasicDetails"/>
  <testcase name="basicDetails" time="116.192" classname="com.HP.tc.TC004_HPBasicDetails"/>
  <testcase name="basicDetails" time="115.728" classname="com.HP.tc.TC004_HPBasicDetails"/>
  <testcase name="basicDetails" time="115.836" classname="com.HP.tc.TC004_HPBasicDetails"/>
  <testcase name="basicDetails" time="115.560" classname="com.HP.tc.TC004_HPBasicDetails"/>
  <testcase name="basicDetails" time="115.558" classname="com.HP.tc.TC004_HPBasicDetails"/>
  <testcase name="basicDetails" time="121.132" classname="com.HP.tc.TC004_HPBasicDetails"/>
</testsuite> <!-- com.HP.tc.TC004_HPBasicDetails -->
