<?xml version="1.0" encoding="UTF-8"?>
<!-- Generated by org.testng.reporters.JUnitReportReporter -->
<testsuite hostname="MAA011253A" failures="0" tests="36" name="com.Papermill.tc.TC004_SPMCILBasicDetails" time="4077.572" errors="0" timestamp="2021-02-01T15:26:20 IST" skipped="0">
  <testcase classname="com.Papermill.tc.TC004_SPMCILBasicDetails" name="basicDetails" time="113.280"/>
  <testcase classname="com.Papermill.tc.TC004_SPMCILBasicDetails" name="basicDetails" time="112.888"/>
  <testcase classname="com.Papermill.tc.TC004_SPMCILBasicDetails" name="basicDetails" time="113.208"/>
  <testcase classname="com.Papermill.tc.TC004_SPMCILBasicDetails" name="basicDetails" time="113.515"/>
  <testcase classname="com.Papermill.tc.TC004_SPMCILBasicDetails" name="basicDetails" time="113.380"/>
  <testcase classname="com.Papermill.tc.TC004_SPMCILBasicDetails" name="basicDetails" time="113.095"/>
  <testcase classname="com.Papermill.tc.TC004_SPMCILBasicDetails" name="basicDetails" time="113.142"/>
  <testcase classname="com.Papermill.tc.TC004_SPMCILBasicDetails" name="basicDetails" time="112.751"/>
  <testcase classname="com.Papermill.tc.TC004_SPMCILBasicDetails" name="basicDetails" time="112.770"/>
  <testcase classname="com.Papermill.tc.TC004_SPMCILBasicDetails" name="basicDetails" time="113.661"/>
  <testcase classname="com.Papermill.tc.TC004_SPMCILBasicDetails" name="basicDetails" time="113.065"/>
  <testcase classname="com.Papermill.tc.TC004_SPMCILBasicDetails" name="basicDetails" time="113.207"/>
  <testcase classname="com.Papermill.tc.TC004_SPMCILBasicDetails" name="basicDetails" time="115.024"/>
  <testcase classname="com.Papermill.tc.TC004_SPMCILBasicDetails" name="basicDetails" time="112.891"/>
  <testcase classname="com.Papermill.tc.TC004_SPMCILBasicDetails" name="basicDetails" time="113.231"/>
  <testcase classname="com.Papermill.tc.TC004_SPMCILBasicDetails" name="basicDetails" time="112.795"/>
  <testcase classname="com.Papermill.tc.TC004_SPMCILBasicDetails" name="basicDetails" time="113.517"/>
  <testcase classname="com.Papermill.tc.TC004_SPMCILBasicDetails" name="basicDetails" time="114.061"/>
  <testcase classname="com.Papermill.tc.TC004_SPMCILBasicDetails" name="basicDetails" time="113.414"/>
  <testcase classname="com.Papermill.tc.TC004_SPMCILBasicDetails" name="basicDetails" time="112.808"/>
  <testcase classname="com.Papermill.tc.TC004_SPMCILBasicDetails" name="basicDetails" time="113.530"/>
  <testcase classname="com.Papermill.tc.TC004_SPMCILBasicDetails" name="basicDetails" time="112.629"/>
  <testcase classname="com.Papermill.tc.TC004_SPMCILBasicDetails" name="basicDetails" time="113.615"/>
  <testcase classname="com.Papermill.tc.TC004_SPMCILBasicDetails" name="basicDetails" time="113.246"/>
  <testcase classname="com.Papermill.tc.TC004_SPMCILBasicDetails" name="basicDetails" time="112.839"/>
  <testcase classname="com.Papermill.tc.TC004_SPMCILBasicDetails" name="basicDetails" time="113.302"/>
  <testcase classname="com.Papermill.tc.TC004_SPMCILBasicDetails" name="basicDetails" time="113.396"/>
  <testcase classname="com.Papermill.tc.TC004_SPMCILBasicDetails" name="basicDetails" time="112.986"/>
  <testcase classname="com.Papermill.tc.TC004_SPMCILBasicDetails" name="basicDetails" time="113.376"/>
  <testcase classname="com.Papermill.tc.TC004_SPMCILBasicDetails" name="basicDetails" time="113.793"/>
  <testcase classname="com.Papermill.tc.TC004_SPMCILBasicDetails" name="basicDetails" time="113.177"/>
  <testcase classname="com.Papermill.tc.TC004_SPMCILBasicDetails" name="basicDetails" time="113.188"/>
  <testcase classname="com.Papermill.tc.TC004_SPMCILBasicDetails" name="basicDetails" time="113.087"/>
  <testcase classname="com.Papermill.tc.TC004_SPMCILBasicDetails" name="basicDetails" time="112.711"/>
  <testcase classname="com.Papermill.tc.TC004_SPMCILBasicDetails" name="basicDetails" time="113.742"/>
  <testcase classname="com.Papermill.tc.TC004_SPMCILBasicDetails" name="basicDetails" time="113.252"/>
</testsuite> <!-- com.Papermill.tc.TC004_SPMCILBasicDetails -->
