<?xml version="1.0" encoding="UTF-8"?>
<!-- Generated by org.testng.reporters.JUnitReportReporter -->
<testsuite skipped="0" hostname="MAA014482B" name="com.MPRSB_06022023.tc.TC003_MPRSBBasicDetails" tests="7" failures="0" timestamp="2023-03-09T12:21:36 IST" time="1160.538" errors="0">
  <testcase name="basicDetails" time="159.530" classname="com.MPRSB_06022023.tc.TC003_MPRSBBasicDetails"/>
  <testcase name="basicDetails" time="161.837" classname="com.MPRSB_06022023.tc.TC003_MPRSBBasicDetails"/>
  <testcase name="basicDetails" time="189.936" classname="com.MPRSB_06022023.tc.TC003_MPRSBBasicDetails"/>
  <testcase name="basicDetails" time="159.507" classname="com.MPRSB_06022023.tc.TC003_MPRSBBasicDetails"/>
  <testcase name="basicDetails" time="161.829" classname="com.MPRSB_06022023.tc.TC003_MPRSBBasicDetails"/>
  <testcase name="basicDetails" time="168.348" classname="com.MPRSB_06022023.tc.TC003_MPRSBBasicDetails"/>
  <testcase name="basicDetails" time="159.551" classname="com.MPRSB_06022023.tc.TC003_MPRSBBasicDetails"/>
</testsuite> <!-- com.MPRSB_06022023.tc.TC003_MPRSBBasicDetails -->
