<?xml version="1.0" encoding="UTF-8"?>
<!-- Generated by org.testng.reporters.JUnitReportReporter -->
<testsuite skipped="0" hostname="MAA014482B" name="com.IPPB.tc.TC003_IPPBBasicDetails" tests="17" failures="0" timestamp="2022-09-05T16:25:26 IST" time="2688.304" errors="0">
  <testcase name="basicDetails" time="156.738" classname="com.IPPB.tc.TC003_IPPBBasicDetails"/>
  <testcase name="basicDetails" time="156.833" classname="com.IPPB.tc.TC003_IPPBBasicDetails"/>
  <testcase name="basicDetails" time="158.614" classname="com.IPPB.tc.TC003_IPPBBasicDetails"/>
  <testcase name="basicDetails" time="159.178" classname="com.IPPB.tc.TC003_IPPBBasicDetails"/>
  <testcase name="basicDetails" time="156.938" classname="com.IPPB.tc.TC003_IPPBBasicDetails"/>
  <testcase name="basicDetails" time="156.599" classname="com.IPPB.tc.TC003_IPPBBasicDetails"/>
  <testcase name="basicDetails" time="159.392" classname="com.IPPB.tc.TC003_IPPBBasicDetails"/>
  <testcase name="basicDetails" time="159.283" classname="com.IPPB.tc.TC003_IPPBBasicDetails"/>
  <testcase name="basicDetails" time="159.166" classname="com.IPPB.tc.TC003_IPPBBasicDetails"/>
  <testcase name="basicDetails" time="156.994" classname="com.IPPB.tc.TC003_IPPBBasicDetails"/>
  <testcase name="basicDetails" time="159.764" classname="com.IPPB.tc.TC003_IPPBBasicDetails"/>
  <testcase name="basicDetails" time="158.699" classname="com.IPPB.tc.TC003_IPPBBasicDetails"/>
  <testcase name="basicDetails" time="159.353" classname="com.IPPB.tc.TC003_IPPBBasicDetails"/>
  <testcase name="basicDetails" time="157.918" classname="com.IPPB.tc.TC003_IPPBBasicDetails"/>
  <testcase name="basicDetails" time="156.845" classname="com.IPPB.tc.TC003_IPPBBasicDetails"/>
  <testcase name="basicDetails" time="156.623" classname="com.IPPB.tc.TC003_IPPBBasicDetails"/>
  <testcase name="basicDetails" time="159.367" classname="com.IPPB.tc.TC003_IPPBBasicDetails"/>
</testsuite> <!-- com.IPPB.tc.TC003_IPPBBasicDetails -->
