<?xml version="1.0" encoding="UTF-8"?>
<!-- Generated by org.testng.reporters.JUnitReportReporter -->
<testsuite skipped="0" hostname="MAA014482B" name="com.RBIJE_May23.tc.TC005_RBIJEBasicDetails" tests="180" failures="0" timestamp="2023-05-30T20:45:53 IST" time="29285.484" errors="0">
  <testcase name="basicDetails" time="165.080" classname="com.RBIJE_May23.tc.TC005_RBIJEBasicDetails"/>
  <testcase name="basicDetails" time="161.926" classname="com.RBIJE_May23.tc.TC005_RBIJEBasicDetails"/>
  <testcase name="basicDetails" time="161.894" classname="com.RBIJE_May23.tc.TC005_RBIJEBasicDetails"/>
  <testcase name="basicDetails" time="165.055" classname="com.RBIJE_May23.tc.TC005_RBIJEBasicDetails"/>
  <testcase name="basicDetails" time="162.267" classname="com.RBIJE_May23.tc.TC005_RBIJEBasicDetails"/>
  <testcase name="basicDetails" time="162.116" classname="com.RBIJE_May23.tc.TC005_RBIJEBasicDetails"/>
  <testcase name="basicDetails" time="162.494" classname="com.RBIJE_May23.tc.TC005_RBIJEBasicDetails"/>
  <testcase name="basicDetails" time="161.494" classname="com.RBIJE_May23.tc.TC005_RBIJEBasicDetails"/>
  <testcase name="basicDetails" time="161.022" classname="com.RBIJE_May23.tc.TC005_RBIJEBasicDetails"/>
  <testcase name="basicDetails" time="161.769" classname="com.RBIJE_May23.tc.TC005_RBIJEBasicDetails"/>
  <testcase name="basicDetails" time="164.259" classname="com.RBIJE_May23.tc.TC005_RBIJEBasicDetails"/>
  <testcase name="basicDetails" time="162.193" classname="com.RBIJE_May23.tc.TC005_RBIJEBasicDetails"/>
  <testcase name="basicDetails" time="161.517" classname="com.RBIJE_May23.tc.TC005_RBIJEBasicDetails"/>
  <testcase name="basicDetails" time="160.959" classname="com.RBIJE_May23.tc.TC005_RBIJEBasicDetails"/>
  <testcase name="basicDetails" time="161.749" classname="com.RBIJE_May23.tc.TC005_RBIJEBasicDetails"/>
  <testcase name="basicDetails" time="162.146" classname="com.RBIJE_May23.tc.TC005_RBIJEBasicDetails"/>
  <testcase name="basicDetails" time="161.988" classname="com.RBIJE_May23.tc.TC005_RBIJEBasicDetails"/>
  <testcase name="basicDetails" time="160.850" classname="com.RBIJE_May23.tc.TC005_RBIJEBasicDetails"/>
  <testcase name="basicDetails" time="162.073" classname="com.RBIJE_May23.tc.TC005_RBIJEBasicDetails"/>
  <testcase name="basicDetails" time="162.113" classname="com.RBIJE_May23.tc.TC005_RBIJEBasicDetails"/>
  <testcase name="basicDetails" time="160.862" classname="com.RBIJE_May23.tc.TC005_RBIJEBasicDetails"/>
  <testcase name="basicDetails" time="164.086" classname="com.RBIJE_May23.tc.TC005_RBIJEBasicDetails"/>
  <testcase name="basicDetails" time="163.924" classname="com.RBIJE_May23.tc.TC005_RBIJEBasicDetails"/>
  <testcase name="basicDetails" time="162.178" classname="com.RBIJE_May23.tc.TC005_RBIJEBasicDetails"/>
  <testcase name="basicDetails" time="160.805" classname="com.RBIJE_May23.tc.TC005_RBIJEBasicDetails"/>
  <testcase name="basicDetails" time="161.600" classname="com.RBIJE_May23.tc.TC005_RBIJEBasicDetails"/>
  <testcase name="basicDetails" time="162.246" classname="com.RBIJE_May23.tc.TC005_RBIJEBasicDetails"/>
  <testcase name="basicDetails" time="162.063" classname="com.RBIJE_May23.tc.TC005_RBIJEBasicDetails"/>
  <testcase name="basicDetails" time="162.879" classname="com.RBIJE_May23.tc.TC005_RBIJEBasicDetails"/>
  <testcase name="basicDetails" time="164.054" classname="com.RBIJE_May23.tc.TC005_RBIJEBasicDetails"/>
  <testcase name="basicDetails" time="161.214" classname="com.RBIJE_May23.tc.TC005_RBIJEBasicDetails"/>
  <testcase name="basicDetails" time="161.017" classname="com.RBIJE_May23.tc.TC005_RBIJEBasicDetails"/>
  <testcase name="basicDetails" time="165.126" classname="com.RBIJE_May23.tc.TC005_RBIJEBasicDetails"/>
  <testcase name="basicDetails" time="166.256" classname="com.RBIJE_May23.tc.TC005_RBIJEBasicDetails"/>
  <testcase name="basicDetails" time="161.751" classname="com.RBIJE_May23.tc.TC005_RBIJEBasicDetails"/>
  <testcase name="basicDetails" time="164.741" classname="com.RBIJE_May23.tc.TC005_RBIJEBasicDetails"/>
  <testcase name="basicDetails" time="161.310" classname="com.RBIJE_May23.tc.TC005_RBIJEBasicDetails"/>
  <testcase name="basicDetails" time="165.177" classname="com.RBIJE_May23.tc.TC005_RBIJEBasicDetails"/>
  <testcase name="basicDetails" time="161.010" classname="com.RBIJE_May23.tc.TC005_RBIJEBasicDetails"/>
  <testcase name="basicDetails" time="163.872" classname="com.RBIJE_May23.tc.TC005_RBIJEBasicDetails"/>
  <testcase name="basicDetails" time="167.041" classname="com.RBIJE_May23.tc.TC005_RBIJEBasicDetails"/>
  <testcase name="basicDetails" time="161.074" classname="com.RBIJE_May23.tc.TC005_RBIJEBasicDetails"/>
  <testcase name="basicDetails" time="163.815" classname="com.RBIJE_May23.tc.TC005_RBIJEBasicDetails"/>
  <testcase name="basicDetails" time="161.865" classname="com.RBIJE_May23.tc.TC005_RBIJEBasicDetails"/>
  <testcase name="basicDetails" time="161.912" classname="com.RBIJE_May23.tc.TC005_RBIJEBasicDetails"/>
  <testcase name="basicDetails" time="160.624" classname="com.RBIJE_May23.tc.TC005_RBIJEBasicDetails"/>
  <testcase name="basicDetails" time="162.310" classname="com.RBIJE_May23.tc.TC005_RBIJEBasicDetails"/>
  <testcase name="basicDetails" time="161.830" classname="com.RBIJE_May23.tc.TC005_RBIJEBasicDetails"/>
  <testcase name="basicDetails" time="162.513" classname="com.RBIJE_May23.tc.TC005_RBIJEBasicDetails"/>
  <testcase name="basicDetails" time="165.154" classname="com.RBIJE_May23.tc.TC005_RBIJEBasicDetails"/>
  <testcase name="basicDetails" time="161.667" classname="com.RBIJE_May23.tc.TC005_RBIJEBasicDetails"/>
  <testcase name="basicDetails" time="163.570" classname="com.RBIJE_May23.tc.TC005_RBIJEBasicDetails"/>
  <testcase name="basicDetails" time="165.207" classname="com.RBIJE_May23.tc.TC005_RBIJEBasicDetails"/>
  <testcase name="basicDetails" time="165.465" classname="com.RBIJE_May23.tc.TC005_RBIJEBasicDetails"/>
  <testcase name="basicDetails" time="163.666" classname="com.RBIJE_May23.tc.TC005_RBIJEBasicDetails"/>
  <testcase name="basicDetails" time="161.084" classname="com.RBIJE_May23.tc.TC005_RBIJEBasicDetails"/>
  <testcase name="basicDetails" time="160.701" classname="com.RBIJE_May23.tc.TC005_RBIJEBasicDetails"/>
  <testcase name="basicDetails" time="161.578" classname="com.RBIJE_May23.tc.TC005_RBIJEBasicDetails"/>
  <testcase name="basicDetails" time="160.780" classname="com.RBIJE_May23.tc.TC005_RBIJEBasicDetails"/>
  <testcase name="basicDetails" time="160.846" classname="com.RBIJE_May23.tc.TC005_RBIJEBasicDetails"/>
  <testcase name="basicDetails" time="160.644" classname="com.RBIJE_May23.tc.TC005_RBIJEBasicDetails"/>
  <testcase name="basicDetails" time="161.648" classname="com.RBIJE_May23.tc.TC005_RBIJEBasicDetails"/>
  <testcase name="basicDetails" time="161.975" classname="com.RBIJE_May23.tc.TC005_RBIJEBasicDetails"/>
  <testcase name="basicDetails" time="165.004" classname="com.RBIJE_May23.tc.TC005_RBIJEBasicDetails"/>
  <testcase name="basicDetails" time="160.903" classname="com.RBIJE_May23.tc.TC005_RBIJEBasicDetails"/>
  <testcase name="basicDetails" time="165.308" classname="com.RBIJE_May23.tc.TC005_RBIJEBasicDetails"/>
  <testcase name="basicDetails" time="164.276" classname="com.RBIJE_May23.tc.TC005_RBIJEBasicDetails"/>
  <testcase name="basicDetails" time="163.116" classname="com.RBIJE_May23.tc.TC005_RBIJEBasicDetails"/>
  <testcase name="basicDetails" time="165.992" classname="com.RBIJE_May23.tc.TC005_RBIJEBasicDetails"/>
  <testcase name="basicDetails" time="162.091" classname="com.RBIJE_May23.tc.TC005_RBIJEBasicDetails"/>
  <testcase name="basicDetails" time="161.928" classname="com.RBIJE_May23.tc.TC005_RBIJEBasicDetails"/>
  <testcase name="basicDetails" time="161.165" classname="com.RBIJE_May23.tc.TC005_RBIJEBasicDetails"/>
  <testcase name="basicDetails" time="161.893" classname="com.RBIJE_May23.tc.TC005_RBIJEBasicDetails"/>
  <testcase name="basicDetails" time="160.779" classname="com.RBIJE_May23.tc.TC005_RBIJEBasicDetails"/>
  <testcase name="basicDetails" time="162.879" classname="com.RBIJE_May23.tc.TC005_RBIJEBasicDetails"/>
  <testcase name="basicDetails" time="161.778" classname="com.RBIJE_May23.tc.TC005_RBIJEBasicDetails"/>
  <testcase name="basicDetails" time="163.995" classname="com.RBIJE_May23.tc.TC005_RBIJEBasicDetails"/>
  <testcase name="basicDetails" time="162.569" classname="com.RBIJE_May23.tc.TC005_RBIJEBasicDetails"/>
  <testcase name="basicDetails" time="162.336" classname="com.RBIJE_May23.tc.TC005_RBIJEBasicDetails"/>
  <testcase name="basicDetails" time="161.849" classname="com.RBIJE_May23.tc.TC005_RBIJEBasicDetails"/>
  <testcase name="basicDetails" time="164.943" classname="com.RBIJE_May23.tc.TC005_RBIJEBasicDetails"/>
  <testcase name="basicDetails" time="160.897" classname="com.RBIJE_May23.tc.TC005_RBIJEBasicDetails"/>
  <testcase name="basicDetails" time="160.582" classname="com.RBIJE_May23.tc.TC005_RBIJEBasicDetails"/>
  <testcase name="basicDetails" time="160.801" classname="com.RBIJE_May23.tc.TC005_RBIJEBasicDetails"/>
  <testcase name="basicDetails" time="163.828" classname="com.RBIJE_May23.tc.TC005_RBIJEBasicDetails"/>
  <testcase name="basicDetails" time="165.795" classname="com.RBIJE_May23.tc.TC005_RBIJEBasicDetails"/>
  <testcase name="basicDetails" time="162.145" classname="com.RBIJE_May23.tc.TC005_RBIJEBasicDetails"/>
  <testcase name="basicDetails" time="160.632" classname="com.RBIJE_May23.tc.TC005_RBIJEBasicDetails"/>
  <testcase name="basicDetails" time="162.008" classname="com.RBIJE_May23.tc.TC005_RBIJEBasicDetails"/>
  <testcase name="basicDetails" time="163.530" classname="com.RBIJE_May23.tc.TC005_RBIJEBasicDetails"/>
  <testcase name="basicDetails" time="160.928" classname="com.RBIJE_May23.tc.TC005_RBIJEBasicDetails"/>
  <testcase name="basicDetails" time="164.803" classname="com.RBIJE_May23.tc.TC005_RBIJEBasicDetails"/>
  <testcase name="basicDetails" time="160.796" classname="com.RBIJE_May23.tc.TC005_RBIJEBasicDetails"/>
  <testcase name="basicDetails" time="164.594" classname="com.RBIJE_May23.tc.TC005_RBIJEBasicDetails"/>
  <testcase name="basicDetails" time="163.638" classname="com.RBIJE_May23.tc.TC005_RBIJEBasicDetails"/>
  <testcase name="basicDetails" time="162.015" classname="com.RBIJE_May23.tc.TC005_RBIJEBasicDetails"/>
  <testcase name="basicDetails" time="165.364" classname="com.RBIJE_May23.tc.TC005_RBIJEBasicDetails"/>
  <testcase name="basicDetails" time="160.897" classname="com.RBIJE_May23.tc.TC005_RBIJEBasicDetails"/>
  <testcase name="basicDetails" time="160.900" classname="com.RBIJE_May23.tc.TC005_RBIJEBasicDetails"/>
  <testcase name="basicDetails" time="160.334" classname="com.RBIJE_May23.tc.TC005_RBIJEBasicDetails"/>
  <testcase name="basicDetails" time="161.345" classname="com.RBIJE_May23.tc.TC005_RBIJEBasicDetails"/>
  <testcase name="basicDetails" time="162.105" classname="com.RBIJE_May23.tc.TC005_RBIJEBasicDetails"/>
  <testcase name="basicDetails" time="162.502" classname="com.RBIJE_May23.tc.TC005_RBIJEBasicDetails"/>
  <testcase name="basicDetails" time="164.063" classname="com.RBIJE_May23.tc.TC005_RBIJEBasicDetails"/>
  <testcase name="basicDetails" time="161.952" classname="com.RBIJE_May23.tc.TC005_RBIJEBasicDetails"/>
  <testcase name="basicDetails" time="160.938" classname="com.RBIJE_May23.tc.TC005_RBIJEBasicDetails"/>
  <testcase name="basicDetails" time="165.474" classname="com.RBIJE_May23.tc.TC005_RBIJEBasicDetails"/>
  <testcase name="basicDetails" time="162.309" classname="com.RBIJE_May23.tc.TC005_RBIJEBasicDetails"/>
  <testcase name="basicDetails" time="164.856" classname="com.RBIJE_May23.tc.TC005_RBIJEBasicDetails"/>
  <testcase name="basicDetails" time="164.210" classname="com.RBIJE_May23.tc.TC005_RBIJEBasicDetails"/>
  <testcase name="basicDetails" time="162.651" classname="com.RBIJE_May23.tc.TC005_RBIJEBasicDetails"/>
  <testcase name="basicDetails" time="165.129" classname="com.RBIJE_May23.tc.TC005_RBIJEBasicDetails"/>
  <testcase name="basicDetails" time="162.045" classname="com.RBIJE_May23.tc.TC005_RBIJEBasicDetails"/>
  <testcase name="basicDetails" time="165.108" classname="com.RBIJE_May23.tc.TC005_RBIJEBasicDetails"/>
  <testcase name="basicDetails" time="164.228" classname="com.RBIJE_May23.tc.TC005_RBIJEBasicDetails"/>
  <testcase name="basicDetails" time="165.431" classname="com.RBIJE_May23.tc.TC005_RBIJEBasicDetails"/>
  <testcase name="basicDetails" time="162.298" classname="com.RBIJE_May23.tc.TC005_RBIJEBasicDetails"/>
  <testcase name="basicDetails" time="166.551" classname="com.RBIJE_May23.tc.TC005_RBIJEBasicDetails"/>
  <testcase name="basicDetails" time="162.582" classname="com.RBIJE_May23.tc.TC005_RBIJEBasicDetails"/>
  <testcase name="basicDetails" time="160.893" classname="com.RBIJE_May23.tc.TC005_RBIJEBasicDetails"/>
  <testcase name="basicDetails" time="161.802" classname="com.RBIJE_May23.tc.TC005_RBIJEBasicDetails"/>
  <testcase name="basicDetails" time="163.655" classname="com.RBIJE_May23.tc.TC005_RBIJEBasicDetails"/>
  <testcase name="basicDetails" time="162.072" classname="com.RBIJE_May23.tc.TC005_RBIJEBasicDetails"/>
  <testcase name="basicDetails" time="161.887" classname="com.RBIJE_May23.tc.TC005_RBIJEBasicDetails"/>
  <testcase name="basicDetails" time="162.550" classname="com.RBIJE_May23.tc.TC005_RBIJEBasicDetails"/>
  <testcase name="basicDetails" time="161.574" classname="com.RBIJE_May23.tc.TC005_RBIJEBasicDetails"/>
  <testcase name="basicDetails" time="161.846" classname="com.RBIJE_May23.tc.TC005_RBIJEBasicDetails"/>
  <testcase name="basicDetails" time="166.494" classname="com.RBIJE_May23.tc.TC005_RBIJEBasicDetails"/>
  <testcase name="basicDetails" time="162.309" classname="com.RBIJE_May23.tc.TC005_RBIJEBasicDetails"/>
  <testcase name="basicDetails" time="161.829" classname="com.RBIJE_May23.tc.TC005_RBIJEBasicDetails"/>
  <testcase name="basicDetails" time="164.489" classname="com.RBIJE_May23.tc.TC005_RBIJEBasicDetails"/>
  <testcase name="basicDetails" time="162.003" classname="com.RBIJE_May23.tc.TC005_RBIJEBasicDetails"/>
  <testcase name="basicDetails" time="161.013" classname="com.RBIJE_May23.tc.TC005_RBIJEBasicDetails"/>
  <testcase name="basicDetails" time="161.059" classname="com.RBIJE_May23.tc.TC005_RBIJEBasicDetails"/>
  <testcase name="basicDetails" time="164.878" classname="com.RBIJE_May23.tc.TC005_RBIJEBasicDetails"/>
  <testcase name="basicDetails" time="160.745" classname="com.RBIJE_May23.tc.TC005_RBIJEBasicDetails"/>
  <testcase name="basicDetails" time="161.077" classname="com.RBIJE_May23.tc.TC005_RBIJEBasicDetails"/>
  <testcase name="basicDetails" time="160.614" classname="com.RBIJE_May23.tc.TC005_RBIJEBasicDetails"/>
  <testcase name="basicDetails" time="163.811" classname="com.RBIJE_May23.tc.TC005_RBIJEBasicDetails"/>
  <testcase name="basicDetails" time="162.693" classname="com.RBIJE_May23.tc.TC005_RBIJEBasicDetails"/>
  <testcase name="basicDetails" time="165.707" classname="com.RBIJE_May23.tc.TC005_RBIJEBasicDetails"/>
  <testcase name="basicDetails" time="165.111" classname="com.RBIJE_May23.tc.TC005_RBIJEBasicDetails"/>
  <testcase name="basicDetails" time="161.929" classname="com.RBIJE_May23.tc.TC005_RBIJEBasicDetails"/>
  <testcase name="basicDetails" time="160.418" classname="com.RBIJE_May23.tc.TC005_RBIJEBasicDetails"/>
  <testcase name="basicDetails" time="160.931" classname="com.RBIJE_May23.tc.TC005_RBIJEBasicDetails"/>
  <testcase name="basicDetails" time="163.991" classname="com.RBIJE_May23.tc.TC005_RBIJEBasicDetails"/>
  <testcase name="basicDetails" time="162.379" classname="com.RBIJE_May23.tc.TC005_RBIJEBasicDetails"/>
  <testcase name="basicDetails" time="161.801" classname="com.RBIJE_May23.tc.TC005_RBIJEBasicDetails"/>
  <testcase name="basicDetails" time="161.291" classname="com.RBIJE_May23.tc.TC005_RBIJEBasicDetails"/>
  <testcase name="basicDetails" time="166.591" classname="com.RBIJE_May23.tc.TC005_RBIJEBasicDetails"/>
  <testcase name="basicDetails" time="161.601" classname="com.RBIJE_May23.tc.TC005_RBIJEBasicDetails"/>
  <testcase name="basicDetails" time="160.574" classname="com.RBIJE_May23.tc.TC005_RBIJEBasicDetails"/>
  <testcase name="basicDetails" time="161.138" classname="com.RBIJE_May23.tc.TC005_RBIJEBasicDetails"/>
  <testcase name="basicDetails" time="161.955" classname="com.RBIJE_May23.tc.TC005_RBIJEBasicDetails"/>
  <testcase name="basicDetails" time="163.863" classname="com.RBIJE_May23.tc.TC005_RBIJEBasicDetails"/>
  <testcase name="basicDetails" time="161.582" classname="com.RBIJE_May23.tc.TC005_RBIJEBasicDetails"/>
  <testcase name="basicDetails" time="164.875" classname="com.RBIJE_May23.tc.TC005_RBIJEBasicDetails"/>
  <testcase name="basicDetails" time="163.952" classname="com.RBIJE_May23.tc.TC005_RBIJEBasicDetails"/>
  <testcase name="basicDetails" time="161.898" classname="com.RBIJE_May23.tc.TC005_RBIJEBasicDetails"/>
  <testcase name="basicDetails" time="161.482" classname="com.RBIJE_May23.tc.TC005_RBIJEBasicDetails"/>
  <testcase name="basicDetails" time="161.947" classname="com.RBIJE_May23.tc.TC005_RBIJEBasicDetails"/>
  <testcase name="basicDetails" time="162.320" classname="com.RBIJE_May23.tc.TC005_RBIJEBasicDetails"/>
  <testcase name="basicDetails" time="163.958" classname="com.RBIJE_May23.tc.TC005_RBIJEBasicDetails"/>
  <testcase name="basicDetails" time="162.086" classname="com.RBIJE_May23.tc.TC005_RBIJEBasicDetails"/>
  <testcase name="basicDetails" time="162.016" classname="com.RBIJE_May23.tc.TC005_RBIJEBasicDetails"/>
  <testcase name="basicDetails" time="166.168" classname="com.RBIJE_May23.tc.TC005_RBIJEBasicDetails"/>
  <testcase name="basicDetails" time="163.843" classname="com.RBIJE_May23.tc.TC005_RBIJEBasicDetails"/>
  <testcase name="basicDetails" time="160.590" classname="com.RBIJE_May23.tc.TC005_RBIJEBasicDetails"/>
  <testcase name="basicDetails" time="162.358" classname="com.RBIJE_May23.tc.TC005_RBIJEBasicDetails"/>
  <testcase name="basicDetails" time="165.031" classname="com.RBIJE_May23.tc.TC005_RBIJEBasicDetails"/>
  <testcase name="basicDetails" time="161.349" classname="com.RBIJE_May23.tc.TC005_RBIJEBasicDetails"/>
  <testcase name="basicDetails" time="161.917" classname="com.RBIJE_May23.tc.TC005_RBIJEBasicDetails"/>
  <testcase name="basicDetails" time="161.024" classname="com.RBIJE_May23.tc.TC005_RBIJEBasicDetails"/>
  <testcase name="basicDetails" time="165.486" classname="com.RBIJE_May23.tc.TC005_RBIJEBasicDetails"/>
  <testcase name="basicDetails" time="161.166" classname="com.RBIJE_May23.tc.TC005_RBIJEBasicDetails"/>
  <testcase name="basicDetails" time="164.874" classname="com.RBIJE_May23.tc.TC005_RBIJEBasicDetails"/>
  <testcase name="basicDetails" time="161.933" classname="com.RBIJE_May23.tc.TC005_RBIJEBasicDetails"/>
  <testcase name="basicDetails" time="166.517" classname="com.RBIJE_May23.tc.TC005_RBIJEBasicDetails"/>
  <testcase name="basicDetails" time="164.989" classname="com.RBIJE_May23.tc.TC005_RBIJEBasicDetails"/>
  <testcase name="basicDetails" time="162.379" classname="com.RBIJE_May23.tc.TC005_RBIJEBasicDetails"/>
</testsuite> <!-- com.RBIJE_May23.tc.TC005_RBIJEBasicDetails -->
