<?xml version="1.0" encoding="UTF-8"?>
<!-- Generated by org.testng.reporters.JUnitReportReporter -->
<testsuite hostname="MAA011253A" failures="0" tests="108" name="com.IGM_Mumbai.tc.TC002_IGMBasicDetails" time="12654.337" errors="1" timestamp="2022-01-17T16:49:18 IST" skipped="0">
  <testcase classname="com.IGM_Mumbai.tc.TC002_IGMBasicDetails" name="basicDetails" time="116.733"/>
  <testcase classname="com.IGM_Mumbai.tc.TC002_IGMBasicDetails" name="basicDetails" time="116.770"/>
  <testcase classname="com.IGM_Mumbai.tc.TC002_IGMBasicDetails" name="basicDetails" time="116.875"/>
  <testcase classname="com.IGM_Mumbai.tc.TC002_IGMBasicDetails" name="basicDetails" time="116.740"/>
  <testcase classname="com.IGM_Mumbai.tc.TC002_IGMBasicDetails" name="basicDetails" time="116.454"/>
  <testcase classname="com.IGM_Mumbai.tc.TC002_IGMBasicDetails" name="basicDetails" time="116.803"/>
  <testcase classname="com.IGM_Mumbai.tc.TC002_IGMBasicDetails" name="basicDetails" time="116.573"/>
  <testcase classname="com.IGM_Mumbai.tc.TC002_IGMBasicDetails" name="basicDetails" time="116.899"/>
  <testcase classname="com.IGM_Mumbai.tc.TC002_IGMBasicDetails" name="basicDetails" time="116.570"/>
  <testcase classname="com.IGM_Mumbai.tc.TC002_IGMBasicDetails" name="basicDetails" time="144.613"/>
  <testcase classname="com.IGM_Mumbai.tc.TC002_IGMBasicDetails" name="basicDetails" time="117.097"/>
  <testcase classname="com.IGM_Mumbai.tc.TC002_IGMBasicDetails" name="basicDetails" time="116.798"/>
  <testcase classname="com.IGM_Mumbai.tc.TC002_IGMBasicDetails" name="basicDetails" time="117.771"/>
  <testcase classname="com.IGM_Mumbai.tc.TC002_IGMBasicDetails" name="basicDetails" time="116.818"/>
  <testcase classname="com.IGM_Mumbai.tc.TC002_IGMBasicDetails" name="basicDetails" time="116.985"/>
  <testcase classname="com.IGM_Mumbai.tc.TC002_IGMBasicDetails" name="basicDetails" time="116.501"/>
  <testcase classname="com.IGM_Mumbai.tc.TC002_IGMBasicDetails" name="basicDetails" time="117.335"/>
  <testcase classname="com.IGM_Mumbai.tc.TC002_IGMBasicDetails" name="basicDetails" time="116.711"/>
  <testcase classname="com.IGM_Mumbai.tc.TC002_IGMBasicDetails" name="basicDetails" time="116.618"/>
  <testcase classname="com.IGM_Mumbai.tc.TC002_IGMBasicDetails" name="basicDetails" time="118.780"/>
  <testcase classname="com.IGM_Mumbai.tc.TC002_IGMBasicDetails" name="basicDetails" time="117.403"/>
  <testcase classname="com.IGM_Mumbai.tc.TC002_IGMBasicDetails" name="basicDetails" time="116.230"/>
  <testcase classname="com.IGM_Mumbai.tc.TC002_IGMBasicDetails" name="basicDetails" time="116.346"/>
  <testcase classname="com.IGM_Mumbai.tc.TC002_IGMBasicDetails" name="basicDetails" time="116.604"/>
  <testcase classname="com.IGM_Mumbai.tc.TC002_IGMBasicDetails" name="basicDetails" time="116.887"/>
  <testcase classname="com.IGM_Mumbai.tc.TC002_IGMBasicDetails" name="basicDetails" time="116.738"/>
  <testcase classname="com.IGM_Mumbai.tc.TC002_IGMBasicDetails" name="basicDetails" time="116.547"/>
  <testcase classname="com.IGM_Mumbai.tc.TC002_IGMBasicDetails" name="basicDetails" time="22.408">
    <error message="unexpected alert open: {Alert text : Date Of Birth should be between 16/01/1965 to 15/01/2004}
  (Session info: chrome=97.0.4692.71): Date Of Birth should be between 16/01/1965 to 15/01/2004
Build info: version: &#039;3.141.0&#039;, revision: &#039;2ecb7d9a&#039;, time: &#039;2018-10-31T20:09:30&#039;
System info: host: &#039;MAA011253A&#039;, ip: &#039;210.210.127.120&#039;, os.name: &#039;Windows 10&#039;, os.arch: &#039;amd64&#039;, os.version: &#039;10.0&#039;, java.version: &#039;9.0.1&#039;
Driver info: org.openqa.selenium.chrome.ChromeDriver
Capabilities {acceptInsecureCerts: false, browserName: chrome, browserVersion: 97.0.4692.71, chrome: {chromedriverVersion: 97.0.4692.71 (adefa7837d02a..., userDataDir: C:\Users\011253\AppData\Loc...}, goog:chromeOptions: {debuggerAddress: localhost:53143}, javascriptEnabled: true, networkConnectionEnabled: false, pageLoadStrategy: normal, platform: WINDOWS, platformName: WINDOWS, proxy: Proxy(), setWindowRect: true, strictFileInteractability: false, timeouts: {implicit: 0, pageLoad: 300000, script: 30000}, unhandledPromptBehavior: dismiss and notify, webauthn:extension:credBlob: true, webauthn:extension:largeBlob: true, webauthn:virtualAuthenticators: true}
Session ID: 8bb6718cbcef7ac1ca900ce1178b3db5
*** Element info: {Using=xpath, value=.//*[starts-with(@id,&#039;err_seldob&#039;)]}" type="org.openqa.selenium.UnhandledAlertException">
      <![CDATA[org.openqa.selenium.UnhandledAlertException: unexpected alert open: {Alert text : Date Of Birth should be between 16/01/1965 to 15/01/2004}
  (Session info: chrome=97.0.4692.71): Date Of Birth should be between 16/01/1965 to 15/01/2004
Build info: version: '3.141.0', revision: '2ecb7d9a', time: '2018-10-31T20:09:30'
System info: host: 'MAA011253A', ip: '210.210.127.120', os.name: 'Windows 10', os.arch: 'amd64', os.version: '10.0', java.version: '9.0.1'
Driver info: org.openqa.selenium.chrome.ChromeDriver
Capabilities {acceptInsecureCerts: false, browserName: chrome, browserVersion: 97.0.4692.71, chrome: {chromedriverVersion: 97.0.4692.71 (adefa7837d02a..., userDataDir: C:\Users\011253\AppData\Loc...}, goog:chromeOptions: {debuggerAddress: localhost:53143}, javascriptEnabled: true, networkConnectionEnabled: false, pageLoadStrategy: normal, platform: WINDOWS, platformName: WINDOWS, proxy: Proxy(), setWindowRect: true, strictFileInteractability: false, timeouts: {implicit: 0, pageLoad: 300000, script: 30000}, unhandledPromptBehavior: dismiss and notify, webauthn:extension:credBlob: true, webauthn:extension:largeBlob: true, webauthn:virtualAuthenticators: true}
Session ID: 8bb6718cbcef7ac1ca900ce1178b3db5
*** Element info: {Using=xpath, value=.//*[starts-with(@id,'err_seldob')]}
at org.openqa.selenium.remote.http.W3CHttpResponseCodec.decode(W3CHttpResponseCodec.java:120)
at org.openqa.selenium.remote.http.W3CHttpResponseCodec.decode(W3CHttpResponseCodec.java:49)
at org.openqa.selenium.remote.HttpCommandExecutor.execute(HttpCommandExecutor.java:158)
at org.openqa.selenium.remote.service.DriverCommandExecutor.execute(DriverCommandExecutor.java:83)
at org.openqa.selenium.remote.RemoteWebDriver.execute(RemoteWebDriver.java:552)
at org.openqa.selenium.remote.RemoteWebDriver.findElements(RemoteWebDriver.java:353)
at org.openqa.selenium.remote.RemoteWebDriver.findElementsByXPath(RemoteWebDriver.java:432)
at org.openqa.selenium.By$ByXPath.findElements(By.java:348)
at org.openqa.selenium.remote.RemoteWebDriver.findElements(RemoteWebDriver.java:311)
at lib.selenium.WebDriverServiceImpl.noagealert(WebDriverServiceImpl.java:761)
at lib.selenium.WebDriverServiceImpl.agevalidator_max(WebDriverServiceImpl.java:844)
at com.ibps.pages.PersonalDetailsPage.ageValidatorMax(PersonalDetailsPage.java:309)
at com.IGM_Mumbai.tc.TC002_IGMBasicDetails.basicDetails(TC002_IGMBasicDetails.java:61)
at jdk.internal.reflect.GeneratedMethodAccessor6.invoke(Unknown Source)
at java.base/jdk.internal.reflect.DelegatingMethodAccessorImpl.invoke(Unknown Source)
at java.base/java.lang.reflect.Method.invoke(Unknown Source)
at org.testng.internal.MethodInvocationHelper.invokeMethod(MethodInvocationHelper.java:133)
at org.testng.internal.TestInvoker.invokeMethod(TestInvoker.java:584)
at org.testng.internal.TestInvoker.invokeTestMethod(TestInvoker.java:172)
at org.testng.internal.MethodRunner.runInSequence(MethodRunner.java:46)
at org.testng.internal.TestInvoker$MethodInvocationAgent.invoke(TestInvoker.java:804)
at org.testng.internal.TestInvoker.invokeTestMethods(TestInvoker.java:145)
at org.testng.internal.TestMethodWorker.invokeTestMethods(TestMethodWorker.java:146)
at org.testng.internal.TestMethodWorker.run(TestMethodWorker.java:128)
at java.base/java.util.concurrent.ThreadPoolExecutor.runWorker(Unknown Source)
at java.base/java.util.concurrent.ThreadPoolExecutor$Worker.run(Unknown Source)
at java.base/java.lang.Thread.run(Unknown Source)
]]>
    </error>
  </testcase> <!-- basicDetails -->
  <testcase classname="com.IGM_Mumbai.tc.TC002_IGMBasicDetails" name="basicDetails" time="116.920"/>
  <testcase classname="com.IGM_Mumbai.tc.TC002_IGMBasicDetails" name="basicDetails" time="116.667"/>
  <testcase classname="com.IGM_Mumbai.tc.TC002_IGMBasicDetails" name="basicDetails" time="116.959"/>
  <testcase classname="com.IGM_Mumbai.tc.TC002_IGMBasicDetails" name="basicDetails" time="117.329"/>
  <testcase classname="com.IGM_Mumbai.tc.TC002_IGMBasicDetails" name="basicDetails" time="116.808"/>
  <testcase classname="com.IGM_Mumbai.tc.TC002_IGMBasicDetails" name="basicDetails" time="117.091"/>
  <testcase classname="com.IGM_Mumbai.tc.TC002_IGMBasicDetails" name="basicDetails" time="117.324"/>
  <testcase classname="com.IGM_Mumbai.tc.TC002_IGMBasicDetails" name="basicDetails" time="117.055"/>
  <testcase classname="com.IGM_Mumbai.tc.TC002_IGMBasicDetails" name="basicDetails" time="116.828"/>
  <testcase classname="com.IGM_Mumbai.tc.TC002_IGMBasicDetails" name="basicDetails" time="116.667"/>
  <testcase classname="com.IGM_Mumbai.tc.TC002_IGMBasicDetails" name="basicDetails" time="117.039"/>
  <testcase classname="com.IGM_Mumbai.tc.TC002_IGMBasicDetails" name="basicDetails" time="116.549"/>
  <testcase classname="com.IGM_Mumbai.tc.TC002_IGMBasicDetails" name="basicDetails" time="116.790"/>
  <testcase classname="com.IGM_Mumbai.tc.TC002_IGMBasicDetails" name="basicDetails" time="116.816"/>
  <testcase classname="com.IGM_Mumbai.tc.TC002_IGMBasicDetails" name="basicDetails" time="116.403"/>
  <testcase classname="com.IGM_Mumbai.tc.TC002_IGMBasicDetails" name="basicDetails" time="116.738"/>
  <testcase classname="com.IGM_Mumbai.tc.TC002_IGMBasicDetails" name="basicDetails" time="116.731"/>
  <testcase classname="com.IGM_Mumbai.tc.TC002_IGMBasicDetails" name="basicDetails" time="117.049"/>
  <testcase classname="com.IGM_Mumbai.tc.TC002_IGMBasicDetails" name="basicDetails" time="116.740"/>
  <testcase classname="com.IGM_Mumbai.tc.TC002_IGMBasicDetails" name="basicDetails" time="116.483"/>
  <testcase classname="com.IGM_Mumbai.tc.TC002_IGMBasicDetails" name="basicDetails" time="117.323"/>
  <testcase classname="com.IGM_Mumbai.tc.TC002_IGMBasicDetails" name="basicDetails" time="116.671"/>
  <testcase classname="com.IGM_Mumbai.tc.TC002_IGMBasicDetails" name="basicDetails" time="117.269"/>
  <testcase classname="com.IGM_Mumbai.tc.TC002_IGMBasicDetails" name="basicDetails" time="116.692"/>
  <testcase classname="com.IGM_Mumbai.tc.TC002_IGMBasicDetails" name="basicDetails" time="116.456"/>
  <testcase classname="com.IGM_Mumbai.tc.TC002_IGMBasicDetails" name="basicDetails" time="116.585"/>
  <testcase classname="com.IGM_Mumbai.tc.TC002_IGMBasicDetails" name="basicDetails" time="116.547"/>
  <testcase classname="com.IGM_Mumbai.tc.TC002_IGMBasicDetails" name="basicDetails" time="116.667"/>
  <testcase classname="com.IGM_Mumbai.tc.TC002_IGMBasicDetails" name="basicDetails" time="144.956"/>
  <testcase classname="com.IGM_Mumbai.tc.TC002_IGMBasicDetails" name="basicDetails" time="116.469"/>
  <testcase classname="com.IGM_Mumbai.tc.TC002_IGMBasicDetails" name="basicDetails" time="116.595"/>
  <testcase classname="com.IGM_Mumbai.tc.TC002_IGMBasicDetails" name="basicDetails" time="116.565"/>
  <testcase classname="com.IGM_Mumbai.tc.TC002_IGMBasicDetails" name="basicDetails" time="116.990"/>
  <testcase classname="com.IGM_Mumbai.tc.TC002_IGMBasicDetails" name="basicDetails" time="116.832"/>
  <testcase classname="com.IGM_Mumbai.tc.TC002_IGMBasicDetails" name="basicDetails" time="116.672"/>
  <testcase classname="com.IGM_Mumbai.tc.TC002_IGMBasicDetails" name="basicDetails" time="116.766"/>
  <testcase classname="com.IGM_Mumbai.tc.TC002_IGMBasicDetails" name="basicDetails" time="116.599"/>
  <testcase classname="com.IGM_Mumbai.tc.TC002_IGMBasicDetails" name="basicDetails" time="116.423"/>
  <testcase classname="com.IGM_Mumbai.tc.TC002_IGMBasicDetails" name="basicDetails" time="116.541"/>
  <testcase classname="com.IGM_Mumbai.tc.TC002_IGMBasicDetails" name="basicDetails" time="116.656"/>
  <testcase classname="com.IGM_Mumbai.tc.TC002_IGMBasicDetails" name="basicDetails" time="117.303"/>
  <testcase classname="com.IGM_Mumbai.tc.TC002_IGMBasicDetails" name="basicDetails" time="116.889"/>
  <testcase classname="com.IGM_Mumbai.tc.TC002_IGMBasicDetails" name="basicDetails" time="116.397"/>
  <testcase classname="com.IGM_Mumbai.tc.TC002_IGMBasicDetails" name="basicDetails" time="116.584"/>
  <testcase classname="com.IGM_Mumbai.tc.TC002_IGMBasicDetails" name="basicDetails" time="116.217"/>
  <testcase classname="com.IGM_Mumbai.tc.TC002_IGMBasicDetails" name="basicDetails" time="116.300"/>
  <testcase classname="com.IGM_Mumbai.tc.TC002_IGMBasicDetails" name="basicDetails" time="118.818"/>
  <testcase classname="com.IGM_Mumbai.tc.TC002_IGMBasicDetails" name="basicDetails" time="116.321"/>
  <testcase classname="com.IGM_Mumbai.tc.TC002_IGMBasicDetails" name="basicDetails" time="116.798"/>
  <testcase classname="com.IGM_Mumbai.tc.TC002_IGMBasicDetails" name="basicDetails" time="139.901"/>
  <testcase classname="com.IGM_Mumbai.tc.TC002_IGMBasicDetails" name="basicDetails" time="116.625"/>
  <testcase classname="com.IGM_Mumbai.tc.TC002_IGMBasicDetails" name="basicDetails" time="116.302"/>
  <testcase classname="com.IGM_Mumbai.tc.TC002_IGMBasicDetails" name="basicDetails" time="116.695"/>
  <testcase classname="com.IGM_Mumbai.tc.TC002_IGMBasicDetails" name="basicDetails" time="116.533"/>
  <testcase classname="com.IGM_Mumbai.tc.TC002_IGMBasicDetails" name="basicDetails" time="116.449"/>
  <testcase classname="com.IGM_Mumbai.tc.TC002_IGMBasicDetails" name="basicDetails" time="117.009"/>
  <testcase classname="com.IGM_Mumbai.tc.TC002_IGMBasicDetails" name="basicDetails" time="116.423"/>
  <testcase classname="com.IGM_Mumbai.tc.TC002_IGMBasicDetails" name="basicDetails" time="116.751"/>
  <testcase classname="com.IGM_Mumbai.tc.TC002_IGMBasicDetails" name="basicDetails" time="116.647"/>
  <testcase classname="com.IGM_Mumbai.tc.TC002_IGMBasicDetails" name="basicDetails" time="116.716"/>
  <testcase classname="com.IGM_Mumbai.tc.TC002_IGMBasicDetails" name="basicDetails" time="116.683"/>
  <testcase classname="com.IGM_Mumbai.tc.TC002_IGMBasicDetails" name="basicDetails" time="116.588"/>
  <testcase classname="com.IGM_Mumbai.tc.TC002_IGMBasicDetails" name="basicDetails" time="116.806"/>
  <testcase classname="com.IGM_Mumbai.tc.TC002_IGMBasicDetails" name="basicDetails" time="116.204"/>
  <testcase classname="com.IGM_Mumbai.tc.TC002_IGMBasicDetails" name="basicDetails" time="116.312"/>
  <testcase classname="com.IGM_Mumbai.tc.TC002_IGMBasicDetails" name="basicDetails" time="116.999"/>
  <testcase classname="com.IGM_Mumbai.tc.TC002_IGMBasicDetails" name="basicDetails" time="144.681"/>
  <testcase classname="com.IGM_Mumbai.tc.TC002_IGMBasicDetails" name="basicDetails" time="116.906"/>
  <testcase classname="com.IGM_Mumbai.tc.TC002_IGMBasicDetails" name="basicDetails" time="116.919"/>
  <testcase classname="com.IGM_Mumbai.tc.TC002_IGMBasicDetails" name="basicDetails" time="116.855"/>
  <testcase classname="com.IGM_Mumbai.tc.TC002_IGMBasicDetails" name="basicDetails" time="116.624"/>
  <testcase classname="com.IGM_Mumbai.tc.TC002_IGMBasicDetails" name="basicDetails" time="145.038"/>
  <testcase classname="com.IGM_Mumbai.tc.TC002_IGMBasicDetails" name="basicDetails" time="117.012"/>
  <testcase classname="com.IGM_Mumbai.tc.TC002_IGMBasicDetails" name="basicDetails" time="117.213"/>
  <testcase classname="com.IGM_Mumbai.tc.TC002_IGMBasicDetails" name="basicDetails" time="116.506"/>
  <testcase classname="com.IGM_Mumbai.tc.TC002_IGMBasicDetails" name="basicDetails" time="116.714"/>
  <testcase classname="com.IGM_Mumbai.tc.TC002_IGMBasicDetails" name="basicDetails" time="116.562"/>
  <testcase classname="com.IGM_Mumbai.tc.TC002_IGMBasicDetails" name="basicDetails" time="116.881"/>
  <testcase classname="com.IGM_Mumbai.tc.TC002_IGMBasicDetails" name="basicDetails" time="117.104"/>
  <testcase classname="com.IGM_Mumbai.tc.TC002_IGMBasicDetails" name="basicDetails" time="117.185"/>
</testsuite> <!-- com.IGM_Mumbai.tc.TC002_IGMBasicDetails -->
