<?xml version="1.0" encoding="UTF-8"?>
<!-- Generated by org.testng.reporters.JUnitReportReporter -->
<testsuite skipped="0" hostname="MAA014482B" name="com.RBI18April23.tc.TC003_RBIBasicDetails" tests="7" failures="0" timestamp="2023-04-23T10:10:03 IST" time="1149.713" errors="0">
  <testcase name="basicDetails" time="164.983" classname="com.RBI18April23.tc.TC003_RBIBasicDetails"/>
  <testcase name="basicDetails" time="165.125" classname="com.RBI18April23.tc.TC003_RBIBasicDetails"/>
  <testcase name="basicDetails" time="162.686" classname="com.RBI18April23.tc.TC003_RBIBasicDetails"/>
  <testcase name="basicDetails" time="162.952" classname="com.RBI18April23.tc.TC003_RBIBasicDetails"/>
  <testcase name="basicDetails" time="164.490" classname="com.RBI18April23.tc.TC003_RBIBasicDetails"/>
  <testcase name="basicDetails" time="164.770" classname="com.RBI18April23.tc.TC003_RBIBasicDetails"/>
  <testcase name="basicDetails" time="164.707" classname="com.RBI18April23.tc.TC003_RBIBasicDetails"/>
</testsuite> <!-- com.RBI18April23.tc.TC003_RBIBasicDetails -->
