<?xml version="1.0" encoding="UTF-8"?>
<!-- Generated by org.testng.reporters.JUnitReportReporter -->
<testsuite skipped="0" hostname="MAA014482B" name="com.NSFDC.tc.TC001_NSFDCBasicDetails" tests="18" failures="0" timestamp="2022-06-28T23:27:38 IST" time="2499.924" errors="0">
  <testcase name="basicDetails" time="120.561" classname="com.NSFDC.tc.TC001_NSFDCBasicDetails"/>
  <testcase name="basicDetails" time="119.962" classname="com.NSFDC.tc.TC001_NSFDCBasicDetails"/>
  <testcase name="basicDetails" time="147.538" classname="com.NSFDC.tc.TC001_NSFDCBasicDetails"/>
  <testcase name="basicDetails" time="148.440" classname="com.NSFDC.tc.TC001_NSFDCBasicDetails"/>
  <testcase name="basicDetails" time="148.756" classname="com.NSFDC.tc.TC001_NSFDCBasicDetails"/>
  <testcase name="basicDetails" time="147.210" classname="com.NSFDC.tc.TC001_NSFDCBasicDetails"/>
  <testcase name="basicDetails" time="147.454" classname="com.NSFDC.tc.TC001_NSFDCBasicDetails"/>
  <testcase name="basicDetails" time="147.289" classname="com.NSFDC.tc.TC001_NSFDCBasicDetails"/>
  <testcase name="basicDetails" time="147.024" classname="com.NSFDC.tc.TC001_NSFDCBasicDetails"/>
  <testcase name="basicDetails" time="120.541" classname="com.NSFDC.tc.TC001_NSFDCBasicDetails"/>
  <testcase name="basicDetails" time="147.172" classname="com.NSFDC.tc.TC001_NSFDCBasicDetails"/>
  <testcase name="basicDetails" time="123.297" classname="com.NSFDC.tc.TC001_NSFDCBasicDetails"/>
  <testcase name="basicDetails" time="120.686" classname="com.NSFDC.tc.TC001_NSFDCBasicDetails"/>
  <testcase name="basicDetails" time="123.414" classname="com.NSFDC.tc.TC001_NSFDCBasicDetails"/>
  <testcase name="basicDetails" time="147.415" classname="com.NSFDC.tc.TC001_NSFDCBasicDetails"/>
  <testcase name="basicDetails" time="147.379" classname="com.NSFDC.tc.TC001_NSFDCBasicDetails"/>
  <testcase name="basicDetails" time="148.329" classname="com.NSFDC.tc.TC001_NSFDCBasicDetails"/>
  <testcase name="basicDetails" time="147.457" classname="com.NSFDC.tc.TC001_NSFDCBasicDetails"/>
</testsuite> <!-- com.NSFDC.tc.TC001_NSFDCBasicDetails -->
