<?xml version="1.0" encoding="UTF-8"?>
<!-- Generated by org.testng.reporters.JUnitReportReporter -->
<testsuite skipped="0" hostname="MAA014482B" name="com.MOIL_April23.tc.TC001_MOILBasicDetails" tests="30" failures="0" timestamp="2023-05-04T12:52:50 IST" time="4874.204" errors="0">
  <testcase name="basicDetails" time="162.655" classname="com.MOIL_April23.tc.TC001_MOILBasicDetails"/>
  <testcase name="basicDetails" time="162.639" classname="com.MOIL_April23.tc.TC001_MOILBasicDetails"/>
  <testcase name="basicDetails" time="162.491" classname="com.MOIL_April23.tc.TC001_MOILBasicDetails"/>
  <testcase name="basicDetails" time="162.717" classname="com.MOIL_April23.tc.TC001_MOILBasicDetails"/>
  <testcase name="basicDetails" time="162.478" classname="com.MOIL_April23.tc.TC001_MOILBasicDetails"/>
  <testcase name="basicDetails" time="162.062" classname="com.MOIL_April23.tc.TC001_MOILBasicDetails"/>
  <testcase name="basicDetails" time="162.614" classname="com.MOIL_April23.tc.TC001_MOILBasicDetails"/>
  <testcase name="basicDetails" time="161.872" classname="com.MOIL_April23.tc.TC001_MOILBasicDetails"/>
  <testcase name="basicDetails" time="162.394" classname="com.MOIL_April23.tc.TC001_MOILBasicDetails"/>
  <testcase name="basicDetails" time="162.146" classname="com.MOIL_April23.tc.TC001_MOILBasicDetails"/>
  <testcase name="basicDetails" time="162.458" classname="com.MOIL_April23.tc.TC001_MOILBasicDetails"/>
  <testcase name="basicDetails" time="162.601" classname="com.MOIL_April23.tc.TC001_MOILBasicDetails"/>
  <testcase name="basicDetails" time="162.795" classname="com.MOIL_April23.tc.TC001_MOILBasicDetails"/>
  <testcase name="basicDetails" time="162.277" classname="com.MOIL_April23.tc.TC001_MOILBasicDetails"/>
  <testcase name="basicDetails" time="163.220" classname="com.MOIL_April23.tc.TC001_MOILBasicDetails"/>
  <testcase name="basicDetails" time="162.593" classname="com.MOIL_April23.tc.TC001_MOILBasicDetails"/>
  <testcase name="basicDetails" time="162.606" classname="com.MOIL_April23.tc.TC001_MOILBasicDetails"/>
  <testcase name="basicDetails" time="162.211" classname="com.MOIL_April23.tc.TC001_MOILBasicDetails"/>
  <testcase name="basicDetails" time="161.837" classname="com.MOIL_April23.tc.TC001_MOILBasicDetails"/>
  <testcase name="basicDetails" time="162.795" classname="com.MOIL_April23.tc.TC001_MOILBasicDetails"/>
  <testcase name="basicDetails" time="162.838" classname="com.MOIL_April23.tc.TC001_MOILBasicDetails"/>
  <testcase name="basicDetails" time="162.340" classname="com.MOIL_April23.tc.TC001_MOILBasicDetails"/>
  <testcase name="basicDetails" time="161.865" classname="com.MOIL_April23.tc.TC001_MOILBasicDetails"/>
  <testcase name="basicDetails" time="162.299" classname="com.MOIL_April23.tc.TC001_MOILBasicDetails"/>
  <testcase name="basicDetails" time="161.970" classname="com.MOIL_April23.tc.TC001_MOILBasicDetails"/>
  <testcase name="basicDetails" time="162.680" classname="com.MOIL_April23.tc.TC001_MOILBasicDetails"/>
  <testcase name="basicDetails" time="162.641" classname="com.MOIL_April23.tc.TC001_MOILBasicDetails"/>
  <testcase name="basicDetails" time="161.862" classname="com.MOIL_April23.tc.TC001_MOILBasicDetails"/>
  <testcase name="basicDetails" time="162.586" classname="com.MOIL_April23.tc.TC001_MOILBasicDetails"/>
  <testcase name="basicDetails" time="163.662" classname="com.MOIL_April23.tc.TC001_MOILBasicDetails"/>
</testsuite> <!-- com.MOIL_April23.tc.TC001_MOILBasicDetails -->
