<?xml version="1.0" encoding="UTF-8"?>
<!-- Generated by org.testng.reporters.JUnitReportReporter -->
<testsuite skipped="0" hostname="MAA014482B" name="com.BMC_May23.tc.TC004_BMCBasicDetails" tests="2" failures="0" timestamp="2023-06-09T16:12:46 IST" time="371.905" errors="0">
  <testcase name="basicDetails" time="187.121" classname="com.BMC_May23.tc.TC004_BMCBasicDetails"/>
  <testcase name="basicDetails" time="184.784" classname="com.BMC_May23.tc.TC004_BMCBasicDetails"/>
</testsuite> <!-- com.BMC_May23.tc.TC004_BMCBasicDetails -->
