<?xml version="1.0" encoding="UTF-8"?>
<!-- Generated by org.testng.reporters.JUnitReportReporter -->
<testsuite skipped="0" hostname="MAA014482B" name="com.CAH_May23.tc.TC003_CAHBasicDetails" tests="54" failures="0" timestamp="2023-06-12T16:31:31 IST" time="8514.694" errors="0">
  <testcase name="basicDetails" time="157.611" classname="com.CAH_May23.tc.TC003_CAHBasicDetails"/>
  <testcase name="basicDetails" time="157.421" classname="com.CAH_May23.tc.TC003_CAHBasicDetails"/>
  <testcase name="basicDetails" time="157.521" classname="com.CAH_May23.tc.TC003_CAHBasicDetails"/>
  <testcase name="basicDetails" time="157.205" classname="com.CAH_May23.tc.TC003_CAHBasicDetails"/>
  <testcase name="basicDetails" time="157.718" classname="com.CAH_May23.tc.TC003_CAHBasicDetails"/>
  <testcase name="basicDetails" time="157.686" classname="com.CAH_May23.tc.TC003_CAHBasicDetails"/>
  <testcase name="basicDetails" time="157.210" classname="com.CAH_May23.tc.TC003_CAHBasicDetails"/>
  <testcase name="basicDetails" time="157.316" classname="com.CAH_May23.tc.TC003_CAHBasicDetails"/>
  <testcase name="basicDetails" time="157.079" classname="com.CAH_May23.tc.TC003_CAHBasicDetails"/>
  <testcase name="basicDetails" time="157.547" classname="com.CAH_May23.tc.TC003_CAHBasicDetails"/>
  <testcase name="basicDetails" time="157.446" classname="com.CAH_May23.tc.TC003_CAHBasicDetails"/>
  <testcase name="basicDetails" time="157.632" classname="com.CAH_May23.tc.TC003_CAHBasicDetails"/>
  <testcase name="basicDetails" time="157.113" classname="com.CAH_May23.tc.TC003_CAHBasicDetails"/>
  <testcase name="basicDetails" time="157.562" classname="com.CAH_May23.tc.TC003_CAHBasicDetails"/>
  <testcase name="basicDetails" time="158.032" classname="com.CAH_May23.tc.TC003_CAHBasicDetails"/>
  <testcase name="basicDetails" time="158.867" classname="com.CAH_May23.tc.TC003_CAHBasicDetails"/>
  <testcase name="basicDetails" time="157.593" classname="com.CAH_May23.tc.TC003_CAHBasicDetails"/>
  <testcase name="basicDetails" time="157.303" classname="com.CAH_May23.tc.TC003_CAHBasicDetails"/>
  <testcase name="basicDetails" time="156.946" classname="com.CAH_May23.tc.TC003_CAHBasicDetails"/>
  <testcase name="basicDetails" time="157.101" classname="com.CAH_May23.tc.TC003_CAHBasicDetails"/>
  <testcase name="basicDetails" time="157.616" classname="com.CAH_May23.tc.TC003_CAHBasicDetails"/>
  <testcase name="basicDetails" time="157.185" classname="com.CAH_May23.tc.TC003_CAHBasicDetails"/>
  <testcase name="basicDetails" time="157.631" classname="com.CAH_May23.tc.TC003_CAHBasicDetails"/>
  <testcase name="basicDetails" time="157.012" classname="com.CAH_May23.tc.TC003_CAHBasicDetails"/>
  <testcase name="basicDetails" time="157.706" classname="com.CAH_May23.tc.TC003_CAHBasicDetails"/>
  <testcase name="basicDetails" time="157.276" classname="com.CAH_May23.tc.TC003_CAHBasicDetails"/>
  <testcase name="basicDetails" time="157.369" classname="com.CAH_May23.tc.TC003_CAHBasicDetails"/>
  <testcase name="basicDetails" time="157.832" classname="com.CAH_May23.tc.TC003_CAHBasicDetails"/>
  <testcase name="basicDetails" time="156.754" classname="com.CAH_May23.tc.TC003_CAHBasicDetails"/>
  <testcase name="basicDetails" time="157.302" classname="com.CAH_May23.tc.TC003_CAHBasicDetails"/>
  <testcase name="basicDetails" time="157.387" classname="com.CAH_May23.tc.TC003_CAHBasicDetails"/>
  <testcase name="basicDetails" time="160.501" classname="com.CAH_May23.tc.TC003_CAHBasicDetails"/>
  <testcase name="basicDetails" time="163.123" classname="com.CAH_May23.tc.TC003_CAHBasicDetails"/>
  <testcase name="basicDetails" time="157.400" classname="com.CAH_May23.tc.TC003_CAHBasicDetails"/>
  <testcase name="basicDetails" time="157.452" classname="com.CAH_May23.tc.TC003_CAHBasicDetails"/>
  <testcase name="basicDetails" time="161.312" classname="com.CAH_May23.tc.TC003_CAHBasicDetails"/>
  <testcase name="basicDetails" time="157.166" classname="com.CAH_May23.tc.TC003_CAHBasicDetails"/>
  <testcase name="basicDetails" time="157.216" classname="com.CAH_May23.tc.TC003_CAHBasicDetails"/>
  <testcase name="basicDetails" time="157.069" classname="com.CAH_May23.tc.TC003_CAHBasicDetails"/>
  <testcase name="basicDetails" time="157.962" classname="com.CAH_May23.tc.TC003_CAHBasicDetails"/>
  <testcase name="basicDetails" time="157.613" classname="com.CAH_May23.tc.TC003_CAHBasicDetails"/>
  <testcase name="basicDetails" time="157.435" classname="com.CAH_May23.tc.TC003_CAHBasicDetails"/>
  <testcase name="basicDetails" time="157.374" classname="com.CAH_May23.tc.TC003_CAHBasicDetails"/>
  <testcase name="basicDetails" time="157.583" classname="com.CAH_May23.tc.TC003_CAHBasicDetails"/>
  <testcase name="basicDetails" time="157.254" classname="com.CAH_May23.tc.TC003_CAHBasicDetails"/>
  <testcase name="basicDetails" time="157.273" classname="com.CAH_May23.tc.TC003_CAHBasicDetails"/>
  <testcase name="basicDetails" time="157.701" classname="com.CAH_May23.tc.TC003_CAHBasicDetails"/>
  <testcase name="basicDetails" time="157.260" classname="com.CAH_May23.tc.TC003_CAHBasicDetails"/>
  <testcase name="basicDetails" time="157.541" classname="com.CAH_May23.tc.TC003_CAHBasicDetails"/>
  <testcase name="basicDetails" time="157.594" classname="com.CAH_May23.tc.TC003_CAHBasicDetails"/>
  <testcase name="basicDetails" time="157.381" classname="com.CAH_May23.tc.TC003_CAHBasicDetails"/>
  <testcase name="basicDetails" time="157.698" classname="com.CAH_May23.tc.TC003_CAHBasicDetails"/>
  <testcase name="basicDetails" time="157.313" classname="com.CAH_May23.tc.TC003_CAHBasicDetails"/>
  <testcase name="basicDetails" time="157.494" classname="com.CAH_May23.tc.TC003_CAHBasicDetails"/>
</testsuite> <!-- com.CAH_May23.tc.TC003_CAHBasicDetails -->
