<?xml version="1.0" encoding="UTF-8"?>
<!-- Generated by org.testng.reporters.JUnitReportReporter -->
<testsuite skipped="0" hostname="MAA011276B" name="com.nehru.tc.TC001_NehruBasicDetails" tests="120" failures="0" timestamp="22 Jul 2019 08:39:19 GMT" time="9730.691" errors="0">
  <testcase name="basicDetails" time="77.483" classname="com.nehru.tc.TC001_NehruBasicDetails"/>
  <testcase name="basicDetails" time="77.490" classname="com.nehru.tc.TC001_NehruBasicDetails"/>
  <testcase name="basicDetails" time="89.776" classname="com.nehru.tc.TC001_NehruBasicDetails"/>
  <testcase name="basicDetails" time="76.649" classname="com.nehru.tc.TC001_NehruBasicDetails"/>
  <testcase name="basicDetails" time="77.978" classname="com.nehru.tc.TC001_NehruBasicDetails"/>
  <testcase name="basicDetails" time="79.756" classname="com.nehru.tc.TC001_NehruBasicDetails"/>
  <testcase name="basicDetails" time="77.315" classname="com.nehru.tc.TC001_NehruBasicDetails"/>
  <testcase name="basicDetails" time="77.838" classname="com.nehru.tc.TC001_NehruBasicDetails"/>
  <testcase name="basicDetails" time="78.103" classname="com.nehru.tc.TC001_NehruBasicDetails"/>
  <testcase name="basicDetails" time="81.330" classname="com.nehru.tc.TC001_NehruBasicDetails"/>
  <testcase name="basicDetails" time="77.923" classname="com.nehru.tc.TC001_NehruBasicDetails"/>
  <testcase name="basicDetails" time="79.163" classname="com.nehru.tc.TC001_NehruBasicDetails"/>
  <testcase name="basicDetails" time="78.700" classname="com.nehru.tc.TC001_NehruBasicDetails"/>
  <testcase name="basicDetails" time="77.914" classname="com.nehru.tc.TC001_NehruBasicDetails"/>
  <testcase name="basicDetails" time="78.012" classname="com.nehru.tc.TC001_NehruBasicDetails"/>
  <testcase name="basicDetails" time="76.733" classname="com.nehru.tc.TC001_NehruBasicDetails"/>
  <testcase name="basicDetails" time="78.054" classname="com.nehru.tc.TC001_NehruBasicDetails"/>
  <testcase name="basicDetails" time="79.237" classname="com.nehru.tc.TC001_NehruBasicDetails"/>
  <testcase name="basicDetails" time="77.325" classname="com.nehru.tc.TC001_NehruBasicDetails"/>
  <testcase name="basicDetails" time="78.822" classname="com.nehru.tc.TC001_NehruBasicDetails"/>
  <testcase name="basicDetails" time="77.766" classname="com.nehru.tc.TC001_NehruBasicDetails"/>
  <testcase name="basicDetails" time="78.214" classname="com.nehru.tc.TC001_NehruBasicDetails"/>
  <testcase name="basicDetails" time="77.044" classname="com.nehru.tc.TC001_NehruBasicDetails"/>
  <testcase name="basicDetails" time="77.542" classname="com.nehru.tc.TC001_NehruBasicDetails"/>
  <testcase name="basicDetails" time="78.583" classname="com.nehru.tc.TC001_NehruBasicDetails"/>
  <testcase name="basicDetails" time="77.407" classname="com.nehru.tc.TC001_NehruBasicDetails"/>
  <testcase name="basicDetails" time="77.253" classname="com.nehru.tc.TC001_NehruBasicDetails"/>
  <testcase name="basicDetails" time="97.767" classname="com.nehru.tc.TC001_NehruBasicDetails"/>
  <testcase name="basicDetails" time="79.875" classname="com.nehru.tc.TC001_NehruBasicDetails"/>
  <testcase name="basicDetails" time="90.727" classname="com.nehru.tc.TC001_NehruBasicDetails"/>
  <testcase name="basicDetails" time="78.269" classname="com.nehru.tc.TC001_NehruBasicDetails"/>
  <testcase name="basicDetails" time="77.485" classname="com.nehru.tc.TC001_NehruBasicDetails"/>
  <testcase name="basicDetails" time="78.235" classname="com.nehru.tc.TC001_NehruBasicDetails"/>
  <testcase name="basicDetails" time="86.596" classname="com.nehru.tc.TC001_NehruBasicDetails"/>
  <testcase name="basicDetails" time="79.817" classname="com.nehru.tc.TC001_NehruBasicDetails"/>
  <testcase name="basicDetails" time="79.273" classname="com.nehru.tc.TC001_NehruBasicDetails"/>
  <testcase name="basicDetails" time="78.452" classname="com.nehru.tc.TC001_NehruBasicDetails"/>
  <testcase name="basicDetails" time="77.683" classname="com.nehru.tc.TC001_NehruBasicDetails"/>
  <testcase name="basicDetails" time="98.401" classname="com.nehru.tc.TC001_NehruBasicDetails"/>
  <testcase name="basicDetails" time="79.072" classname="com.nehru.tc.TC001_NehruBasicDetails"/>
  <testcase name="basicDetails" time="77.367" classname="com.nehru.tc.TC001_NehruBasicDetails"/>
  <testcase name="basicDetails" time="76.536" classname="com.nehru.tc.TC001_NehruBasicDetails"/>
  <testcase name="basicDetails" time="78.703" classname="com.nehru.tc.TC001_NehruBasicDetails"/>
  <testcase name="basicDetails" time="78.355" classname="com.nehru.tc.TC001_NehruBasicDetails"/>
  <testcase name="basicDetails" time="82.904" classname="com.nehru.tc.TC001_NehruBasicDetails"/>
  <testcase name="basicDetails" time="77.616" classname="com.nehru.tc.TC001_NehruBasicDetails"/>
  <testcase name="basicDetails" time="78.121" classname="com.nehru.tc.TC001_NehruBasicDetails"/>
  <testcase name="basicDetails" time="93.851" classname="com.nehru.tc.TC001_NehruBasicDetails"/>
  <testcase name="basicDetails" time="184.318" classname="com.nehru.tc.TC001_NehruBasicDetails"/>
  <testcase name="basicDetails" time="89.538" classname="com.nehru.tc.TC001_NehruBasicDetails"/>
  <testcase name="basicDetails" time="77.654" classname="com.nehru.tc.TC001_NehruBasicDetails"/>
  <testcase name="basicDetails" time="77.753" classname="com.nehru.tc.TC001_NehruBasicDetails"/>
  <testcase name="basicDetails" time="77.607" classname="com.nehru.tc.TC001_NehruBasicDetails"/>
  <testcase name="basicDetails" time="77.468" classname="com.nehru.tc.TC001_NehruBasicDetails"/>
  <testcase name="basicDetails" time="79.984" classname="com.nehru.tc.TC001_NehruBasicDetails"/>
  <testcase name="basicDetails" time="78.221" classname="com.nehru.tc.TC001_NehruBasicDetails"/>
  <testcase name="basicDetails" time="78.767" classname="com.nehru.tc.TC001_NehruBasicDetails"/>
  <testcase name="basicDetails" time="77.662" classname="com.nehru.tc.TC001_NehruBasicDetails"/>
  <testcase name="basicDetails" time="92.930" classname="com.nehru.tc.TC001_NehruBasicDetails"/>
  <testcase name="basicDetails" time="79.528" classname="com.nehru.tc.TC001_NehruBasicDetails"/>
  <testcase name="basicDetails" time="77.687" classname="com.nehru.tc.TC001_NehruBasicDetails"/>
  <testcase name="basicDetails" time="78.116" classname="com.nehru.tc.TC001_NehruBasicDetails"/>
  <testcase name="basicDetails" time="99.601" classname="com.nehru.tc.TC001_NehruBasicDetails"/>
  <testcase name="basicDetails" time="80.128" classname="com.nehru.tc.TC001_NehruBasicDetails"/>
  <testcase name="basicDetails" time="78.477" classname="com.nehru.tc.TC001_NehruBasicDetails"/>
  <testcase name="basicDetails" time="83.400" classname="com.nehru.tc.TC001_NehruBasicDetails"/>
  <testcase name="basicDetails" time="77.970" classname="com.nehru.tc.TC001_NehruBasicDetails"/>
  <testcase name="basicDetails" time="78.021" classname="com.nehru.tc.TC001_NehruBasicDetails"/>
  <testcase name="basicDetails" time="83.227" classname="com.nehru.tc.TC001_NehruBasicDetails"/>
  <testcase name="basicDetails" time="81.964" classname="com.nehru.tc.TC001_NehruBasicDetails"/>
  <testcase name="basicDetails" time="77.408" classname="com.nehru.tc.TC001_NehruBasicDetails"/>
  <testcase name="basicDetails" time="79.078" classname="com.nehru.tc.TC001_NehruBasicDetails"/>
  <testcase name="basicDetails" time="78.606" classname="com.nehru.tc.TC001_NehruBasicDetails"/>
  <testcase name="basicDetails" time="77.690" classname="com.nehru.tc.TC001_NehruBasicDetails"/>
  <testcase name="basicDetails" time="78.655" classname="com.nehru.tc.TC001_NehruBasicDetails"/>
  <testcase name="basicDetails" time="76.747" classname="com.nehru.tc.TC001_NehruBasicDetails"/>
  <testcase name="basicDetails" time="77.527" classname="com.nehru.tc.TC001_NehruBasicDetails"/>
  <testcase name="basicDetails" time="79.947" classname="com.nehru.tc.TC001_NehruBasicDetails"/>
  <testcase name="basicDetails" time="78.608" classname="com.nehru.tc.TC001_NehruBasicDetails"/>
  <testcase name="basicDetails" time="77.756" classname="com.nehru.tc.TC001_NehruBasicDetails"/>
  <testcase name="basicDetails" time="79.741" classname="com.nehru.tc.TC001_NehruBasicDetails"/>
  <testcase name="basicDetails" time="80.430" classname="com.nehru.tc.TC001_NehruBasicDetails"/>
  <testcase name="basicDetails" time="78.042" classname="com.nehru.tc.TC001_NehruBasicDetails"/>
  <testcase name="basicDetails" time="77.693" classname="com.nehru.tc.TC001_NehruBasicDetails"/>
  <testcase name="basicDetails" time="78.495" classname="com.nehru.tc.TC001_NehruBasicDetails"/>
  <testcase name="basicDetails" time="78.584" classname="com.nehru.tc.TC001_NehruBasicDetails"/>
  <testcase name="basicDetails" time="78.995" classname="com.nehru.tc.TC001_NehruBasicDetails"/>
  <testcase name="basicDetails" time="81.053" classname="com.nehru.tc.TC001_NehruBasicDetails"/>
  <testcase name="basicDetails" time="79.812" classname="com.nehru.tc.TC001_NehruBasicDetails"/>
  <testcase name="basicDetails" time="78.238" classname="com.nehru.tc.TC001_NehruBasicDetails"/>
  <testcase name="basicDetails" time="76.485" classname="com.nehru.tc.TC001_NehruBasicDetails"/>
  <testcase name="basicDetails" time="87.047" classname="com.nehru.tc.TC001_NehruBasicDetails"/>
  <testcase name="basicDetails" time="77.782" classname="com.nehru.tc.TC001_NehruBasicDetails"/>
  <testcase name="basicDetails" time="78.800" classname="com.nehru.tc.TC001_NehruBasicDetails"/>
  <testcase name="basicDetails" time="77.724" classname="com.nehru.tc.TC001_NehruBasicDetails"/>
  <testcase name="basicDetails" time="83.167" classname="com.nehru.tc.TC001_NehruBasicDetails"/>
  <testcase name="basicDetails" time="79.022" classname="com.nehru.tc.TC001_NehruBasicDetails"/>
  <testcase name="basicDetails" time="79.395" classname="com.nehru.tc.TC001_NehruBasicDetails"/>
  <testcase name="basicDetails" time="78.176" classname="com.nehru.tc.TC001_NehruBasicDetails"/>
  <testcase name="basicDetails" time="79.521" classname="com.nehru.tc.TC001_NehruBasicDetails"/>
  <testcase name="basicDetails" time="130.580" classname="com.nehru.tc.TC001_NehruBasicDetails"/>
  <testcase name="basicDetails" time="77.620" classname="com.nehru.tc.TC001_NehruBasicDetails"/>
  <testcase name="basicDetails" time="77.725" classname="com.nehru.tc.TC001_NehruBasicDetails"/>
  <testcase name="basicDetails" time="89.416" classname="com.nehru.tc.TC001_NehruBasicDetails"/>
  <testcase name="basicDetails" time="77.323" classname="com.nehru.tc.TC001_NehruBasicDetails"/>
  <testcase name="basicDetails" time="78.408" classname="com.nehru.tc.TC001_NehruBasicDetails"/>
  <testcase name="basicDetails" time="78.262" classname="com.nehru.tc.TC001_NehruBasicDetails"/>
  <testcase name="basicDetails" time="77.075" classname="com.nehru.tc.TC001_NehruBasicDetails"/>
  <testcase name="basicDetails" time="77.543" classname="com.nehru.tc.TC001_NehruBasicDetails"/>
  <testcase name="basicDetails" time="78.666" classname="com.nehru.tc.TC001_NehruBasicDetails"/>
  <testcase name="basicDetails" time="77.795" classname="com.nehru.tc.TC001_NehruBasicDetails"/>
  <testcase name="basicDetails" time="80.306" classname="com.nehru.tc.TC001_NehruBasicDetails"/>
  <testcase name="basicDetails" time="77.083" classname="com.nehru.tc.TC001_NehruBasicDetails"/>
  <testcase name="basicDetails" time="77.485" classname="com.nehru.tc.TC001_NehruBasicDetails"/>
  <testcase name="basicDetails" time="77.441" classname="com.nehru.tc.TC001_NehruBasicDetails"/>
  <testcase name="basicDetails" time="78.249" classname="com.nehru.tc.TC001_NehruBasicDetails"/>
  <testcase name="basicDetails" time="77.696" classname="com.nehru.tc.TC001_NehruBasicDetails"/>
  <testcase name="basicDetails" time="81.620" classname="com.nehru.tc.TC001_NehruBasicDetails"/>
  <testcase name="basicDetails" time="78.023" classname="com.nehru.tc.TC001_NehruBasicDetails"/>
  <testcase name="basicDetails" time="77.615" classname="com.nehru.tc.TC001_NehruBasicDetails"/>
</testsuite> <!-- com.nehru.tc.TC001_NehruBasicDetails -->
