<?xml version="1.0" encoding="UTF-8"?>
<!-- Generated by org.testng.reporters.JUnitReportReporter -->
<testsuite hostname="MAA011253A" failures="0" tests="12" name="com.NPS.tc.TC004_NPSBasicDetails" time="1392.378" errors="0" timestamp="2020-12-23T18:05:03 IST" skipped="0">
  <testcase classname="com.NPS.tc.TC004_NPSBasicDetails" name="basicDetails" time="116.744"/>
  <testcase classname="com.NPS.tc.TC004_NPSBasicDetails" name="basicDetails" time="115.687"/>
  <testcase classname="com.NPS.tc.TC004_NPSBasicDetails" name="basicDetails" time="116.656"/>
  <testcase classname="com.NPS.tc.TC004_NPSBasicDetails" name="basicDetails" time="115.981"/>
  <testcase classname="com.NPS.tc.TC004_NPSBasicDetails" name="basicDetails" time="115.101"/>
  <testcase classname="com.NPS.tc.TC004_NPSBasicDetails" name="basicDetails" time="116.074"/>
  <testcase classname="com.NPS.tc.TC004_NPSBasicDetails" name="basicDetails" time="115.430"/>
  <testcase classname="com.NPS.tc.TC004_NPSBasicDetails" name="basicDetails" time="115.248"/>
  <testcase classname="com.NPS.tc.TC004_NPSBasicDetails" name="basicDetails" time="116.840"/>
  <testcase classname="com.NPS.tc.TC004_NPSBasicDetails" name="basicDetails" time="115.795"/>
  <testcase classname="com.NPS.tc.TC004_NPSBasicDetails" name="basicDetails" time="117.026"/>
  <testcase classname="com.NPS.tc.TC004_NPSBasicDetails" name="basicDetails" time="115.796"/>
</testsuite> <!-- com.NPS.tc.TC004_NPSBasicDetails -->
