<?xml version="1.0" encoding="UTF-8"?>
<!-- Generated by org.testng.reporters.JUnitReportReporter -->
<testsuite skipped="0" hostname="MAA011276B" name="com.OBC.tc.TC002_OBCBasicDetails" tests="123" failures="0" timestamp="24 Jul 2019 13:53:39 GMT" time="9864.884" errors="0">
  <testcase name="basicDetails" time="77.981" classname="com.OBC.tc.TC002_OBCBasicDetails"/>
  <testcase name="basicDetails" time="79.521" classname="com.OBC.tc.TC002_OBCBasicDetails"/>
  <testcase name="basicDetails" time="78.216" classname="com.OBC.tc.TC002_OBCBasicDetails"/>
  <testcase name="basicDetails" time="77.015" classname="com.OBC.tc.TC002_OBCBasicDetails"/>
  <testcase name="basicDetails" time="77.118" classname="com.OBC.tc.TC002_OBCBasicDetails"/>
  <testcase name="basicDetails" time="77.466" classname="com.OBC.tc.TC002_OBCBasicDetails"/>
  <testcase name="basicDetails" time="78.833" classname="com.OBC.tc.TC002_OBCBasicDetails"/>
  <testcase name="basicDetails" time="76.984" classname="com.OBC.tc.TC002_OBCBasicDetails"/>
  <testcase name="basicDetails" time="78.456" classname="com.OBC.tc.TC002_OBCBasicDetails"/>
  <testcase name="basicDetails" time="76.253" classname="com.OBC.tc.TC002_OBCBasicDetails"/>
  <testcase name="basicDetails" time="77.310" classname="com.OBC.tc.TC002_OBCBasicDetails"/>
  <testcase name="basicDetails" time="76.956" classname="com.OBC.tc.TC002_OBCBasicDetails"/>
  <testcase name="basicDetails" time="78.263" classname="com.OBC.tc.TC002_OBCBasicDetails"/>
  <testcase name="basicDetails" time="78.122" classname="com.OBC.tc.TC002_OBCBasicDetails"/>
  <testcase name="basicDetails" time="76.069" classname="com.OBC.tc.TC002_OBCBasicDetails"/>
  <testcase name="basicDetails" time="145.795" classname="com.OBC.tc.TC002_OBCBasicDetails"/>
  <testcase name="basicDetails" time="76.459" classname="com.OBC.tc.TC002_OBCBasicDetails"/>
  <testcase name="basicDetails" time="79.037" classname="com.OBC.tc.TC002_OBCBasicDetails"/>
  <testcase name="basicDetails" time="77.418" classname="com.OBC.tc.TC002_OBCBasicDetails"/>
  <testcase name="basicDetails" time="78.229" classname="com.OBC.tc.TC002_OBCBasicDetails"/>
  <testcase name="basicDetails" time="76.188" classname="com.OBC.tc.TC002_OBCBasicDetails"/>
  <testcase name="basicDetails" time="76.653" classname="com.OBC.tc.TC002_OBCBasicDetails"/>
  <testcase name="basicDetails" time="110.699" classname="com.OBC.tc.TC002_OBCBasicDetails"/>
  <testcase name="basicDetails" time="77.958" classname="com.OBC.tc.TC002_OBCBasicDetails"/>
  <testcase name="basicDetails" time="79.094" classname="com.OBC.tc.TC002_OBCBasicDetails"/>
  <testcase name="basicDetails" time="76.537" classname="com.OBC.tc.TC002_OBCBasicDetails"/>
  <testcase name="basicDetails" time="77.678" classname="com.OBC.tc.TC002_OBCBasicDetails"/>
  <testcase name="basicDetails" time="77.352" classname="com.OBC.tc.TC002_OBCBasicDetails"/>
  <testcase name="basicDetails" time="78.682" classname="com.OBC.tc.TC002_OBCBasicDetails"/>
  <testcase name="basicDetails" time="77.274" classname="com.OBC.tc.TC002_OBCBasicDetails"/>
  <testcase name="basicDetails" time="76.979" classname="com.OBC.tc.TC002_OBCBasicDetails"/>
  <testcase name="basicDetails" time="78.029" classname="com.OBC.tc.TC002_OBCBasicDetails"/>
  <testcase name="basicDetails" time="77.444" classname="com.OBC.tc.TC002_OBCBasicDetails"/>
  <testcase name="basicDetails" time="76.375" classname="com.OBC.tc.TC002_OBCBasicDetails"/>
  <testcase name="basicDetails" time="76.919" classname="com.OBC.tc.TC002_OBCBasicDetails"/>
  <testcase name="basicDetails" time="76.237" classname="com.OBC.tc.TC002_OBCBasicDetails"/>
  <testcase name="basicDetails" time="76.597" classname="com.OBC.tc.TC002_OBCBasicDetails"/>
  <testcase name="basicDetails" time="76.870" classname="com.OBC.tc.TC002_OBCBasicDetails"/>
  <testcase name="basicDetails" time="77.472" classname="com.OBC.tc.TC002_OBCBasicDetails"/>
  <testcase name="basicDetails" time="78.977" classname="com.OBC.tc.TC002_OBCBasicDetails"/>
  <testcase name="basicDetails" time="76.287" classname="com.OBC.tc.TC002_OBCBasicDetails"/>
  <testcase name="basicDetails" time="77.678" classname="com.OBC.tc.TC002_OBCBasicDetails"/>
  <testcase name="basicDetails" time="76.878" classname="com.OBC.tc.TC002_OBCBasicDetails"/>
  <testcase name="basicDetails" time="78.335" classname="com.OBC.tc.TC002_OBCBasicDetails"/>
  <testcase name="basicDetails" time="79.604" classname="com.OBC.tc.TC002_OBCBasicDetails"/>
  <testcase name="basicDetails" time="76.684" classname="com.OBC.tc.TC002_OBCBasicDetails"/>
  <testcase name="basicDetails" time="77.869" classname="com.OBC.tc.TC002_OBCBasicDetails"/>
  <testcase name="basicDetails" time="78.900" classname="com.OBC.tc.TC002_OBCBasicDetails"/>
  <testcase name="basicDetails" time="78.302" classname="com.OBC.tc.TC002_OBCBasicDetails"/>
  <testcase name="basicDetails" time="79.323" classname="com.OBC.tc.TC002_OBCBasicDetails"/>
  <testcase name="basicDetails" time="76.816" classname="com.OBC.tc.TC002_OBCBasicDetails"/>
  <testcase name="basicDetails" time="77.731" classname="com.OBC.tc.TC002_OBCBasicDetails"/>
  <testcase name="basicDetails" time="83.280" classname="com.OBC.tc.TC002_OBCBasicDetails"/>
  <testcase name="basicDetails" time="77.151" classname="com.OBC.tc.TC002_OBCBasicDetails"/>
  <testcase name="basicDetails" time="79.675" classname="com.OBC.tc.TC002_OBCBasicDetails"/>
  <testcase name="basicDetails" time="78.440" classname="com.OBC.tc.TC002_OBCBasicDetails"/>
  <testcase name="basicDetails" time="77.438" classname="com.OBC.tc.TC002_OBCBasicDetails"/>
  <testcase name="basicDetails" time="102.351" classname="com.OBC.tc.TC002_OBCBasicDetails"/>
  <testcase name="basicDetails" time="76.415" classname="com.OBC.tc.TC002_OBCBasicDetails"/>
  <testcase name="basicDetails" time="76.616" classname="com.OBC.tc.TC002_OBCBasicDetails"/>
  <testcase name="basicDetails" time="76.866" classname="com.OBC.tc.TC002_OBCBasicDetails"/>
  <testcase name="basicDetails" time="79.042" classname="com.OBC.tc.TC002_OBCBasicDetails"/>
  <testcase name="basicDetails" time="76.495" classname="com.OBC.tc.TC002_OBCBasicDetails"/>
  <testcase name="basicDetails" time="93.459" classname="com.OBC.tc.TC002_OBCBasicDetails"/>
  <testcase name="basicDetails" time="76.412" classname="com.OBC.tc.TC002_OBCBasicDetails"/>
  <testcase name="basicDetails" time="80.935" classname="com.OBC.tc.TC002_OBCBasicDetails"/>
  <testcase name="basicDetails" time="77.674" classname="com.OBC.tc.TC002_OBCBasicDetails"/>
  <testcase name="basicDetails" time="78.290" classname="com.OBC.tc.TC002_OBCBasicDetails"/>
  <testcase name="basicDetails" time="77.370" classname="com.OBC.tc.TC002_OBCBasicDetails"/>
  <testcase name="basicDetails" time="77.241" classname="com.OBC.tc.TC002_OBCBasicDetails"/>
  <testcase name="basicDetails" time="77.568" classname="com.OBC.tc.TC002_OBCBasicDetails"/>
  <testcase name="basicDetails" time="77.502" classname="com.OBC.tc.TC002_OBCBasicDetails"/>
  <testcase name="basicDetails" time="98.558" classname="com.OBC.tc.TC002_OBCBasicDetails"/>
  <testcase name="basicDetails" time="77.541" classname="com.OBC.tc.TC002_OBCBasicDetails"/>
  <testcase name="basicDetails" time="77.430" classname="com.OBC.tc.TC002_OBCBasicDetails"/>
  <testcase name="basicDetails" time="77.165" classname="com.OBC.tc.TC002_OBCBasicDetails"/>
  <testcase name="basicDetails" time="77.971" classname="com.OBC.tc.TC002_OBCBasicDetails"/>
  <testcase name="basicDetails" time="77.091" classname="com.OBC.tc.TC002_OBCBasicDetails"/>
  <testcase name="basicDetails" time="78.589" classname="com.OBC.tc.TC002_OBCBasicDetails"/>
  <testcase name="basicDetails" time="78.286" classname="com.OBC.tc.TC002_OBCBasicDetails"/>
  <testcase name="basicDetails" time="79.583" classname="com.OBC.tc.TC002_OBCBasicDetails"/>
  <testcase name="basicDetails" time="76.832" classname="com.OBC.tc.TC002_OBCBasicDetails"/>
  <testcase name="basicDetails" time="78.119" classname="com.OBC.tc.TC002_OBCBasicDetails"/>
  <testcase name="basicDetails" time="78.485" classname="com.OBC.tc.TC002_OBCBasicDetails"/>
  <testcase name="basicDetails" time="80.194" classname="com.OBC.tc.TC002_OBCBasicDetails"/>
  <testcase name="basicDetails" time="77.471" classname="com.OBC.tc.TC002_OBCBasicDetails"/>
  <testcase name="basicDetails" time="79.216" classname="com.OBC.tc.TC002_OBCBasicDetails"/>
  <testcase name="basicDetails" time="78.704" classname="com.OBC.tc.TC002_OBCBasicDetails"/>
  <testcase name="basicDetails" time="83.987" classname="com.OBC.tc.TC002_OBCBasicDetails"/>
  <testcase name="basicDetails" time="77.592" classname="com.OBC.tc.TC002_OBCBasicDetails"/>
  <testcase name="basicDetails" time="78.797" classname="com.OBC.tc.TC002_OBCBasicDetails"/>
  <testcase name="basicDetails" time="184.149" classname="com.OBC.tc.TC002_OBCBasicDetails"/>
  <testcase name="basicDetails" time="79.013" classname="com.OBC.tc.TC002_OBCBasicDetails"/>
  <testcase name="basicDetails" time="78.134" classname="com.OBC.tc.TC002_OBCBasicDetails"/>
  <testcase name="basicDetails" time="76.896" classname="com.OBC.tc.TC002_OBCBasicDetails"/>
  <testcase name="basicDetails" time="77.104" classname="com.OBC.tc.TC002_OBCBasicDetails"/>
  <testcase name="basicDetails" time="76.464" classname="com.OBC.tc.TC002_OBCBasicDetails"/>
  <testcase name="basicDetails" time="79.508" classname="com.OBC.tc.TC002_OBCBasicDetails"/>
  <testcase name="basicDetails" time="78.183" classname="com.OBC.tc.TC002_OBCBasicDetails"/>
  <testcase name="basicDetails" time="82.045" classname="com.OBC.tc.TC002_OBCBasicDetails"/>
  <testcase name="basicDetails" time="76.566" classname="com.OBC.tc.TC002_OBCBasicDetails"/>
  <testcase name="basicDetails" time="81.319" classname="com.OBC.tc.TC002_OBCBasicDetails"/>
  <testcase name="basicDetails" time="78.371" classname="com.OBC.tc.TC002_OBCBasicDetails"/>
  <testcase name="basicDetails" time="77.617" classname="com.OBC.tc.TC002_OBCBasicDetails"/>
  <testcase name="basicDetails" time="76.098" classname="com.OBC.tc.TC002_OBCBasicDetails"/>
  <testcase name="basicDetails" time="78.159" classname="com.OBC.tc.TC002_OBCBasicDetails"/>
  <testcase name="basicDetails" time="76.734" classname="com.OBC.tc.TC002_OBCBasicDetails"/>
  <testcase name="basicDetails" time="77.987" classname="com.OBC.tc.TC002_OBCBasicDetails"/>
  <testcase name="basicDetails" time="77.464" classname="com.OBC.tc.TC002_OBCBasicDetails"/>
  <testcase name="basicDetails" time="76.205" classname="com.OBC.tc.TC002_OBCBasicDetails"/>
  <testcase name="basicDetails" time="77.163" classname="com.OBC.tc.TC002_OBCBasicDetails"/>
  <testcase name="basicDetails" time="77.442" classname="com.OBC.tc.TC002_OBCBasicDetails"/>
  <testcase name="basicDetails" time="78.853" classname="com.OBC.tc.TC002_OBCBasicDetails"/>
  <testcase name="basicDetails" time="90.448" classname="com.OBC.tc.TC002_OBCBasicDetails"/>
  <testcase name="basicDetails" time="78.138" classname="com.OBC.tc.TC002_OBCBasicDetails"/>
  <testcase name="basicDetails" time="78.171" classname="com.OBC.tc.TC002_OBCBasicDetails"/>
  <testcase name="basicDetails" time="79.315" classname="com.OBC.tc.TC002_OBCBasicDetails"/>
  <testcase name="basicDetails" time="78.661" classname="com.OBC.tc.TC002_OBCBasicDetails"/>
  <testcase name="basicDetails" time="77.173" classname="com.OBC.tc.TC002_OBCBasicDetails"/>
  <testcase name="basicDetails" time="76.692" classname="com.OBC.tc.TC002_OBCBasicDetails"/>
  <testcase name="basicDetails" time="78.173" classname="com.OBC.tc.TC002_OBCBasicDetails"/>
  <testcase name="basicDetails" time="76.429" classname="com.OBC.tc.TC002_OBCBasicDetails"/>
  <testcase name="basicDetails" time="82.457" classname="com.OBC.tc.TC002_OBCBasicDetails"/>
</testsuite> <!-- com.OBC.tc.TC002_OBCBasicDetails -->
