<?xml version="1.0" encoding="UTF-8"?>
<!-- Generated by org.testng.reporters.JUnitReportReporter -->
<testsuite skipped="0" hostname="MAA014482B" name="com.NHBCOX_17Oct22.tc.TC003_NHBCOXBasicDetails" tests="12" failures="0" timestamp="2022-10-20T12:55:47 IST" time="1913.464" errors="0">
  <testcase name="basicDetails" time="159.187" classname="com.NHBCOX_17Oct22.tc.TC003_NHBCOXBasicDetails"/>
  <testcase name="basicDetails" time="157.888" classname="com.NHBCOX_17Oct22.tc.TC003_NHBCOXBasicDetails"/>
  <testcase name="basicDetails" time="161.807" classname="com.NHBCOX_17Oct22.tc.TC003_NHBCOXBasicDetails"/>
  <testcase name="basicDetails" time="158.872" classname="com.NHBCOX_17Oct22.tc.TC003_NHBCOXBasicDetails"/>
  <testcase name="basicDetails" time="158.671" classname="com.NHBCOX_17Oct22.tc.TC003_NHBCOXBasicDetails"/>
  <testcase name="basicDetails" time="159.572" classname="com.NHBCOX_17Oct22.tc.TC003_NHBCOXBasicDetails"/>
  <testcase name="basicDetails" time="157.214" classname="com.NHBCOX_17Oct22.tc.TC003_NHBCOXBasicDetails"/>
  <testcase name="basicDetails" time="160.606" classname="com.NHBCOX_17Oct22.tc.TC003_NHBCOXBasicDetails"/>
  <testcase name="basicDetails" time="159.347" classname="com.NHBCOX_17Oct22.tc.TC003_NHBCOXBasicDetails"/>
  <testcase name="basicDetails" time="160.297" classname="com.NHBCOX_17Oct22.tc.TC003_NHBCOXBasicDetails"/>
  <testcase name="basicDetails" time="160.348" classname="com.NHBCOX_17Oct22.tc.TC003_NHBCOXBasicDetails"/>
  <testcase name="basicDetails" time="159.655" classname="com.NHBCOX_17Oct22.tc.TC003_NHBCOXBasicDetails"/>
</testsuite> <!-- com.NHBCOX_17Oct22.tc.TC003_NHBCOXBasicDetails -->
