<?xml version="1.0" encoding="UTF-8"?>
<!-- Generated by org.testng.reporters.JUnitReportReporter -->
<testsuite hostname="MAA011253A" failures="0" tests="38" name="com.RRVPNL.tc.TC005_RAJBasicDetails" time="5205.031" errors="0" timestamp="2021-04-09T17:06:12 IST" skipped="0">
  <testcase classname="com.RRVPNL.tc.TC005_RAJBasicDetails" name="basicDetails" time="130.840"/>
  <testcase classname="com.RRVPNL.tc.TC005_RAJBasicDetails" name="basicDetails" time="154.367"/>
  <testcase classname="com.RRVPNL.tc.TC005_RAJBasicDetails" name="basicDetails" time="129.923"/>
  <testcase classname="com.RRVPNL.tc.TC005_RAJBasicDetails" name="basicDetails" time="130.091"/>
  <testcase classname="com.RRVPNL.tc.TC005_RAJBasicDetails" name="basicDetails" time="130.530"/>
  <testcase classname="com.RRVPNL.tc.TC005_RAJBasicDetails" name="basicDetails" time="149.795"/>
  <testcase classname="com.RRVPNL.tc.TC005_RAJBasicDetails" name="basicDetails" time="149.880"/>
  <testcase classname="com.RRVPNL.tc.TC005_RAJBasicDetails" name="basicDetails" time="150.122"/>
  <testcase classname="com.RRVPNL.tc.TC005_RAJBasicDetails" name="basicDetails" time="129.492"/>
  <testcase classname="com.RRVPNL.tc.TC005_RAJBasicDetails" name="basicDetails" time="154.222"/>
  <testcase classname="com.RRVPNL.tc.TC005_RAJBasicDetails" name="basicDetails" time="129.975"/>
  <testcase classname="com.RRVPNL.tc.TC005_RAJBasicDetails" name="basicDetails" time="149.536"/>
  <testcase classname="com.RRVPNL.tc.TC005_RAJBasicDetails" name="basicDetails" time="129.922"/>
  <testcase classname="com.RRVPNL.tc.TC005_RAJBasicDetails" name="basicDetails" time="130.069"/>
  <testcase classname="com.RRVPNL.tc.TC005_RAJBasicDetails" name="basicDetails" time="154.357"/>
  <testcase classname="com.RRVPNL.tc.TC005_RAJBasicDetails" name="basicDetails" time="129.980"/>
  <testcase classname="com.RRVPNL.tc.TC005_RAJBasicDetails" name="basicDetails" time="129.519"/>
  <testcase classname="com.RRVPNL.tc.TC005_RAJBasicDetails" name="basicDetails" time="130.090"/>
  <testcase classname="com.RRVPNL.tc.TC005_RAJBasicDetails" name="basicDetails" time="154.183"/>
  <testcase classname="com.RRVPNL.tc.TC005_RAJBasicDetails" name="basicDetails" time="129.774"/>
  <testcase classname="com.RRVPNL.tc.TC005_RAJBasicDetails" name="basicDetails" time="150.720"/>
  <testcase classname="com.RRVPNL.tc.TC005_RAJBasicDetails" name="basicDetails" time="129.710"/>
  <testcase classname="com.RRVPNL.tc.TC005_RAJBasicDetails" name="basicDetails" time="130.063"/>
  <testcase classname="com.RRVPNL.tc.TC005_RAJBasicDetails" name="basicDetails" time="129.842"/>
  <testcase classname="com.RRVPNL.tc.TC005_RAJBasicDetails" name="basicDetails" time="130.587"/>
  <testcase classname="com.RRVPNL.tc.TC005_RAJBasicDetails" name="basicDetails" time="129.944"/>
  <testcase classname="com.RRVPNL.tc.TC005_RAJBasicDetails" name="basicDetails" time="129.642"/>
  <testcase classname="com.RRVPNL.tc.TC005_RAJBasicDetails" name="basicDetails" time="150.079"/>
  <testcase classname="com.RRVPNL.tc.TC005_RAJBasicDetails" name="basicDetails" time="154.324"/>
  <testcase classname="com.RRVPNL.tc.TC005_RAJBasicDetails" name="basicDetails" time="129.925"/>
  <testcase classname="com.RRVPNL.tc.TC005_RAJBasicDetails" name="basicDetails" time="130.104"/>
  <testcase classname="com.RRVPNL.tc.TC005_RAJBasicDetails" name="basicDetails" time="130.034"/>
  <testcase classname="com.RRVPNL.tc.TC005_RAJBasicDetails" name="basicDetails" time="154.810"/>
  <testcase classname="com.RRVPNL.tc.TC005_RAJBasicDetails" name="basicDetails" time="129.973"/>
  <testcase classname="com.RRVPNL.tc.TC005_RAJBasicDetails" name="basicDetails" time="129.649"/>
  <testcase classname="com.RRVPNL.tc.TC005_RAJBasicDetails" name="basicDetails" time="129.451"/>
  <testcase classname="com.RRVPNL.tc.TC005_RAJBasicDetails" name="basicDetails" time="130.040"/>
  <testcase classname="com.RRVPNL.tc.TC005_RAJBasicDetails" name="basicDetails" time="129.467"/>
</testsuite> <!-- com.RRVPNL.tc.TC005_RAJBasicDetails -->
