<?xml version="1.0" encoding="UTF-8"?>
<!-- Generated by org.testng.reporters.JUnitReportReporter -->
<testsuite hostname="MAA011253A" failures="0" tests="17" name="com.idbi.tc.TC003_IDBIBasicDetails" time="1936.995" errors="1" timestamp="2020-12-04T11:01:20 IST" skipped="0">
  <testcase classname="com.idbi.tc.TC003_IDBIBasicDetails" name="basicDetails" time="120.640"/>
  <testcase classname="com.idbi.tc.TC003_IDBIBasicDetails" name="basicDetails" time="120.381"/>
  <testcase classname="com.idbi.tc.TC003_IDBIBasicDetails" name="basicDetails" time="120.623"/>
  <testcase classname="com.idbi.tc.TC003_IDBIBasicDetails" name="basicDetails" time="120.243"/>
  <testcase classname="com.idbi.tc.TC003_IDBIBasicDetails" name="basicDetails" time="120.043"/>
  <testcase classname="com.idbi.tc.TC003_IDBIBasicDetails" name="basicDetails" time="120.471"/>
  <testcase classname="com.idbi.tc.TC003_IDBIBasicDetails" name="basicDetails" time="120.876"/>
  <testcase classname="com.idbi.tc.TC003_IDBIBasicDetails" name="basicDetails" time="120.232"/>
  <testcase classname="com.idbi.tc.TC003_IDBIBasicDetails" name="basicDetails" time="120.716"/>
  <testcase classname="com.idbi.tc.TC003_IDBIBasicDetails" name="basicDetails" time="120.630"/>
  <testcase classname="com.idbi.tc.TC003_IDBIBasicDetails" name="basicDetails" time="128.712"/>
  <testcase classname="com.idbi.tc.TC003_IDBIBasicDetails" name="basicDetails" time="120.428"/>
  <testcase classname="com.idbi.tc.TC003_IDBIBasicDetails" name="basicDetails" time="120.463"/>
  <testcase classname="com.idbi.tc.TC003_IDBIBasicDetails" name="basicDetails" time="120.349"/>
  <testcase classname="com.idbi.tc.TC003_IDBIBasicDetails" name="basicDetails" time="120.605"/>
  <testcase classname="com.idbi.tc.TC003_IDBIBasicDetails" name="basicDetails" time="120.471"/>
  <testcase classname="com.idbi.tc.TC003_IDBIBasicDetails" name="afterClass" time="1.112">
    <error type="java.lang.NullPointerException">
      <![CDATA[java.lang.NullPointerException
at lib.utils.HTMLReporter.reportStep(HTMLReporter.java:73)
at lib.selenium.WebDriverServiceImpl.closeAllBrowsers(WebDriverServiceImpl.java:495)
at lib.selenium.PreAndPost.afterClass(PreAndPost.java:72)
at java.base/jdk.internal.reflect.NativeMethodAccessorImpl.invoke0(Native Method)
at java.base/jdk.internal.reflect.NativeMethodAccessorImpl.invoke(Unknown Source)
at java.base/jdk.internal.reflect.DelegatingMethodAccessorImpl.invoke(Unknown Source)
at java.base/java.lang.reflect.Method.invoke(Unknown Source)
at org.testng.internal.MethodInvocationHelper.invokeMethod(MethodInvocationHelper.java:133)
at org.testng.internal.MethodInvocationHelper.invokeMethodConsideringTimeout(MethodInvocationHelper.java:62)
at org.testng.internal.ConfigInvoker.invokeConfigurationMethod(ConfigInvoker.java:340)
at org.testng.internal.ConfigInvoker.invokeConfigurations(ConfigInvoker.java:294)
at org.testng.internal.TestMethodWorker.invokeAfterClassMethods(TestMethodWorker.java:217)
at org.testng.internal.TestMethodWorker.run(TestMethodWorker.java:130)
at java.base/java.util.concurrent.ThreadPoolExecutor.runWorker(Unknown Source)
at java.base/java.util.concurrent.ThreadPoolExecutor$Worker.run(Unknown Source)
at java.base/java.lang.Thread.run(Unknown Source)
]]>
    </error>
  </testcase> <!-- afterClass -->
</testsuite> <!-- com.idbi.tc.TC003_IDBIBasicDetails -->
