<?xml version="1.0" encoding="UTF-8"?>
<!-- Generated by org.testng.reporters.JUnitReportReporter -->
<testsuite skipped="0" hostname="MAASDS01095B" name="com.TDCN_June23.tc.TC001_TDCNBasicDetails" tests="1" failures="0" timestamp="2024-05-11T15:41:00 IST" time="169.652" errors="0">
  <testcase name="basicDetails" time="169.652" classname="com.TDCN_June23.tc.TC001_TDCNBasicDetails"/>
</testsuite> <!-- com.TDCN_June23.tc.TC001_TDCNBasicDetails -->
