<?xml version="1.0" encoding="UTF-8"?>
<!-- Generated by org.testng.reporters.JUnitReportReporter -->
<testsuite skipped="0" hostname="MAA014482B" name="com.PMC_Feb23.tc.TC001_PMCBasicDetails" tests="160" failures="0" timestamp="2023-04-17T07:45:19 IST" time="25044.939" errors="0">
  <testcase name="basicDetails" time="155.734" classname="com.PMC_Feb23.tc.TC001_PMCBasicDetails"/>
  <testcase name="basicDetails" time="156.248" classname="com.PMC_Feb23.tc.TC001_PMCBasicDetails"/>
  <testcase name="basicDetails" time="155.698" classname="com.PMC_Feb23.tc.TC001_PMCBasicDetails"/>
  <testcase name="basicDetails" time="155.743" classname="com.PMC_Feb23.tc.TC001_PMCBasicDetails"/>
  <testcase name="basicDetails" time="156.191" classname="com.PMC_Feb23.tc.TC001_PMCBasicDetails"/>
  <testcase name="basicDetails" time="155.904" classname="com.PMC_Feb23.tc.TC001_PMCBasicDetails"/>
  <testcase name="basicDetails" time="155.848" classname="com.PMC_Feb23.tc.TC001_PMCBasicDetails"/>
  <testcase name="basicDetails" time="156.093" classname="com.PMC_Feb23.tc.TC001_PMCBasicDetails"/>
  <testcase name="basicDetails" time="156.198" classname="com.PMC_Feb23.tc.TC001_PMCBasicDetails"/>
  <testcase name="basicDetails" time="156.768" classname="com.PMC_Feb23.tc.TC001_PMCBasicDetails"/>
  <testcase name="basicDetails" time="155.931" classname="com.PMC_Feb23.tc.TC001_PMCBasicDetails"/>
  <testcase name="basicDetails" time="156.335" classname="com.PMC_Feb23.tc.TC001_PMCBasicDetails"/>
  <testcase name="basicDetails" time="155.953" classname="com.PMC_Feb23.tc.TC001_PMCBasicDetails"/>
  <testcase name="basicDetails" time="155.486" classname="com.PMC_Feb23.tc.TC001_PMCBasicDetails"/>
  <testcase name="basicDetails" time="156.058" classname="com.PMC_Feb23.tc.TC001_PMCBasicDetails"/>
  <testcase name="basicDetails" time="155.890" classname="com.PMC_Feb23.tc.TC001_PMCBasicDetails"/>
  <testcase name="basicDetails" time="156.224" classname="com.PMC_Feb23.tc.TC001_PMCBasicDetails"/>
  <testcase name="basicDetails" time="155.716" classname="com.PMC_Feb23.tc.TC001_PMCBasicDetails"/>
  <testcase name="basicDetails" time="156.184" classname="com.PMC_Feb23.tc.TC001_PMCBasicDetails"/>
  <testcase name="basicDetails" time="156.353" classname="com.PMC_Feb23.tc.TC001_PMCBasicDetails"/>
  <testcase name="basicDetails" time="156.067" classname="com.PMC_Feb23.tc.TC001_PMCBasicDetails"/>
  <testcase name="basicDetails" time="156.035" classname="com.PMC_Feb23.tc.TC001_PMCBasicDetails"/>
  <testcase name="basicDetails" time="156.021" classname="com.PMC_Feb23.tc.TC001_PMCBasicDetails"/>
  <testcase name="basicDetails" time="156.276" classname="com.PMC_Feb23.tc.TC001_PMCBasicDetails"/>
  <testcase name="basicDetails" time="156.463" classname="com.PMC_Feb23.tc.TC001_PMCBasicDetails"/>
  <testcase name="basicDetails" time="156.364" classname="com.PMC_Feb23.tc.TC001_PMCBasicDetails"/>
  <testcase name="basicDetails" time="155.919" classname="com.PMC_Feb23.tc.TC001_PMCBasicDetails"/>
  <testcase name="basicDetails" time="156.492" classname="com.PMC_Feb23.tc.TC001_PMCBasicDetails"/>
  <testcase name="basicDetails" time="155.809" classname="com.PMC_Feb23.tc.TC001_PMCBasicDetails"/>
  <testcase name="basicDetails" time="156.116" classname="com.PMC_Feb23.tc.TC001_PMCBasicDetails"/>
  <testcase name="basicDetails" time="156.384" classname="com.PMC_Feb23.tc.TC001_PMCBasicDetails"/>
  <testcase name="basicDetails" time="156.220" classname="com.PMC_Feb23.tc.TC001_PMCBasicDetails"/>
  <testcase name="basicDetails" time="156.207" classname="com.PMC_Feb23.tc.TC001_PMCBasicDetails"/>
  <testcase name="basicDetails" time="156.692" classname="com.PMC_Feb23.tc.TC001_PMCBasicDetails"/>
  <testcase name="basicDetails" time="155.782" classname="com.PMC_Feb23.tc.TC001_PMCBasicDetails"/>
  <testcase name="basicDetails" time="161.475" classname="com.PMC_Feb23.tc.TC001_PMCBasicDetails"/>
  <testcase name="basicDetails" time="155.478" classname="com.PMC_Feb23.tc.TC001_PMCBasicDetails"/>
  <testcase name="basicDetails" time="156.472" classname="com.PMC_Feb23.tc.TC001_PMCBasicDetails"/>
  <testcase name="basicDetails" time="156.060" classname="com.PMC_Feb23.tc.TC001_PMCBasicDetails"/>
  <testcase name="basicDetails" time="156.168" classname="com.PMC_Feb23.tc.TC001_PMCBasicDetails"/>
  <testcase name="basicDetails" time="157.016" classname="com.PMC_Feb23.tc.TC001_PMCBasicDetails"/>
  <testcase name="basicDetails" time="156.017" classname="com.PMC_Feb23.tc.TC001_PMCBasicDetails"/>
  <testcase name="basicDetails" time="155.448" classname="com.PMC_Feb23.tc.TC001_PMCBasicDetails"/>
  <testcase name="basicDetails" time="155.993" classname="com.PMC_Feb23.tc.TC001_PMCBasicDetails"/>
  <testcase name="basicDetails" time="155.342" classname="com.PMC_Feb23.tc.TC001_PMCBasicDetails"/>
  <testcase name="basicDetails" time="160.768" classname="com.PMC_Feb23.tc.TC001_PMCBasicDetails"/>
  <testcase name="basicDetails" time="155.495" classname="com.PMC_Feb23.tc.TC001_PMCBasicDetails"/>
  <testcase name="basicDetails" time="155.943" classname="com.PMC_Feb23.tc.TC001_PMCBasicDetails"/>
  <testcase name="basicDetails" time="160.918" classname="com.PMC_Feb23.tc.TC001_PMCBasicDetails"/>
  <testcase name="basicDetails" time="155.476" classname="com.PMC_Feb23.tc.TC001_PMCBasicDetails"/>
  <testcase name="basicDetails" time="156.200" classname="com.PMC_Feb23.tc.TC001_PMCBasicDetails"/>
  <testcase name="basicDetails" time="155.445" classname="com.PMC_Feb23.tc.TC001_PMCBasicDetails"/>
  <testcase name="basicDetails" time="161.645" classname="com.PMC_Feb23.tc.TC001_PMCBasicDetails"/>
  <testcase name="basicDetails" time="156.049" classname="com.PMC_Feb23.tc.TC001_PMCBasicDetails"/>
  <testcase name="basicDetails" time="156.059" classname="com.PMC_Feb23.tc.TC001_PMCBasicDetails"/>
  <testcase name="basicDetails" time="155.962" classname="com.PMC_Feb23.tc.TC001_PMCBasicDetails"/>
  <testcase name="basicDetails" time="155.904" classname="com.PMC_Feb23.tc.TC001_PMCBasicDetails"/>
  <testcase name="basicDetails" time="156.230" classname="com.PMC_Feb23.tc.TC001_PMCBasicDetails"/>
  <testcase name="basicDetails" time="167.000" classname="com.PMC_Feb23.tc.TC001_PMCBasicDetails"/>
  <testcase name="basicDetails" time="160.551" classname="com.PMC_Feb23.tc.TC001_PMCBasicDetails"/>
  <testcase name="basicDetails" time="161.346" classname="com.PMC_Feb23.tc.TC001_PMCBasicDetails"/>
  <testcase name="basicDetails" time="155.668" classname="com.PMC_Feb23.tc.TC001_PMCBasicDetails"/>
  <testcase name="basicDetails" time="156.341" classname="com.PMC_Feb23.tc.TC001_PMCBasicDetails"/>
  <testcase name="basicDetails" time="155.941" classname="com.PMC_Feb23.tc.TC001_PMCBasicDetails"/>
  <testcase name="basicDetails" time="156.194" classname="com.PMC_Feb23.tc.TC001_PMCBasicDetails"/>
  <testcase name="basicDetails" time="155.499" classname="com.PMC_Feb23.tc.TC001_PMCBasicDetails"/>
  <testcase name="basicDetails" time="156.262" classname="com.PMC_Feb23.tc.TC001_PMCBasicDetails"/>
  <testcase name="basicDetails" time="155.934" classname="com.PMC_Feb23.tc.TC001_PMCBasicDetails"/>
  <testcase name="basicDetails" time="156.396" classname="com.PMC_Feb23.tc.TC001_PMCBasicDetails"/>
  <testcase name="basicDetails" time="155.716" classname="com.PMC_Feb23.tc.TC001_PMCBasicDetails"/>
  <testcase name="basicDetails" time="155.907" classname="com.PMC_Feb23.tc.TC001_PMCBasicDetails"/>
  <testcase name="basicDetails" time="155.520" classname="com.PMC_Feb23.tc.TC001_PMCBasicDetails"/>
  <testcase name="basicDetails" time="155.250" classname="com.PMC_Feb23.tc.TC001_PMCBasicDetails"/>
  <testcase name="basicDetails" time="156.256" classname="com.PMC_Feb23.tc.TC001_PMCBasicDetails"/>
  <testcase name="basicDetails" time="156.144" classname="com.PMC_Feb23.tc.TC001_PMCBasicDetails"/>
  <testcase name="basicDetails" time="156.051" classname="com.PMC_Feb23.tc.TC001_PMCBasicDetails"/>
  <testcase name="basicDetails" time="155.526" classname="com.PMC_Feb23.tc.TC001_PMCBasicDetails"/>
  <testcase name="basicDetails" time="155.801" classname="com.PMC_Feb23.tc.TC001_PMCBasicDetails"/>
  <testcase name="basicDetails" time="155.873" classname="com.PMC_Feb23.tc.TC001_PMCBasicDetails"/>
  <testcase name="basicDetails" time="156.078" classname="com.PMC_Feb23.tc.TC001_PMCBasicDetails"/>
  <testcase name="basicDetails" time="155.914" classname="com.PMC_Feb23.tc.TC001_PMCBasicDetails"/>
  <testcase name="basicDetails" time="155.521" classname="com.PMC_Feb23.tc.TC001_PMCBasicDetails"/>
  <testcase name="basicDetails" time="161.582" classname="com.PMC_Feb23.tc.TC001_PMCBasicDetails"/>
  <testcase name="basicDetails" time="156.157" classname="com.PMC_Feb23.tc.TC001_PMCBasicDetails"/>
  <testcase name="basicDetails" time="156.408" classname="com.PMC_Feb23.tc.TC001_PMCBasicDetails"/>
  <testcase name="basicDetails" time="155.320" classname="com.PMC_Feb23.tc.TC001_PMCBasicDetails"/>
  <testcase name="basicDetails" time="156.047" classname="com.PMC_Feb23.tc.TC001_PMCBasicDetails"/>
  <testcase name="basicDetails" time="155.819" classname="com.PMC_Feb23.tc.TC001_PMCBasicDetails"/>
  <testcase name="basicDetails" time="155.680" classname="com.PMC_Feb23.tc.TC001_PMCBasicDetails"/>
  <testcase name="basicDetails" time="156.439" classname="com.PMC_Feb23.tc.TC001_PMCBasicDetails"/>
  <testcase name="basicDetails" time="156.222" classname="com.PMC_Feb23.tc.TC001_PMCBasicDetails"/>
  <testcase name="basicDetails" time="155.661" classname="com.PMC_Feb23.tc.TC001_PMCBasicDetails"/>
  <testcase name="basicDetails" time="155.883" classname="com.PMC_Feb23.tc.TC001_PMCBasicDetails"/>
  <testcase name="basicDetails" time="157.327" classname="com.PMC_Feb23.tc.TC001_PMCBasicDetails"/>
  <testcase name="basicDetails" time="155.989" classname="com.PMC_Feb23.tc.TC001_PMCBasicDetails"/>
  <testcase name="basicDetails" time="155.896" classname="com.PMC_Feb23.tc.TC001_PMCBasicDetails"/>
  <testcase name="basicDetails" time="155.627" classname="com.PMC_Feb23.tc.TC001_PMCBasicDetails"/>
  <testcase name="basicDetails" time="156.215" classname="com.PMC_Feb23.tc.TC001_PMCBasicDetails"/>
  <testcase name="basicDetails" time="155.727" classname="com.PMC_Feb23.tc.TC001_PMCBasicDetails"/>
  <testcase name="basicDetails" time="156.184" classname="com.PMC_Feb23.tc.TC001_PMCBasicDetails"/>
  <testcase name="basicDetails" time="156.191" classname="com.PMC_Feb23.tc.TC001_PMCBasicDetails"/>
  <testcase name="basicDetails" time="155.899" classname="com.PMC_Feb23.tc.TC001_PMCBasicDetails"/>
  <testcase name="basicDetails" time="156.343" classname="com.PMC_Feb23.tc.TC001_PMCBasicDetails"/>
  <testcase name="basicDetails" time="156.147" classname="com.PMC_Feb23.tc.TC001_PMCBasicDetails"/>
  <testcase name="basicDetails" time="156.065" classname="com.PMC_Feb23.tc.TC001_PMCBasicDetails"/>
  <testcase name="basicDetails" time="156.051" classname="com.PMC_Feb23.tc.TC001_PMCBasicDetails"/>
  <testcase name="basicDetails" time="156.092" classname="com.PMC_Feb23.tc.TC001_PMCBasicDetails"/>
  <testcase name="basicDetails" time="161.536" classname="com.PMC_Feb23.tc.TC001_PMCBasicDetails"/>
  <testcase name="basicDetails" time="156.481" classname="com.PMC_Feb23.tc.TC001_PMCBasicDetails"/>
  <testcase name="basicDetails" time="155.915" classname="com.PMC_Feb23.tc.TC001_PMCBasicDetails"/>
  <testcase name="basicDetails" time="155.957" classname="com.PMC_Feb23.tc.TC001_PMCBasicDetails"/>
  <testcase name="basicDetails" time="156.231" classname="com.PMC_Feb23.tc.TC001_PMCBasicDetails"/>
  <testcase name="basicDetails" time="156.377" classname="com.PMC_Feb23.tc.TC001_PMCBasicDetails"/>
  <testcase name="basicDetails" time="156.103" classname="com.PMC_Feb23.tc.TC001_PMCBasicDetails"/>
  <testcase name="basicDetails" time="156.092" classname="com.PMC_Feb23.tc.TC001_PMCBasicDetails"/>
  <testcase name="basicDetails" time="156.084" classname="com.PMC_Feb23.tc.TC001_PMCBasicDetails"/>
  <testcase name="basicDetails" time="155.890" classname="com.PMC_Feb23.tc.TC001_PMCBasicDetails"/>
  <testcase name="basicDetails" time="155.446" classname="com.PMC_Feb23.tc.TC001_PMCBasicDetails"/>
  <testcase name="basicDetails" time="155.726" classname="com.PMC_Feb23.tc.TC001_PMCBasicDetails"/>
  <testcase name="basicDetails" time="156.196" classname="com.PMC_Feb23.tc.TC001_PMCBasicDetails"/>
  <testcase name="basicDetails" time="156.242" classname="com.PMC_Feb23.tc.TC001_PMCBasicDetails"/>
  <testcase name="basicDetails" time="155.241" classname="com.PMC_Feb23.tc.TC001_PMCBasicDetails"/>
  <testcase name="basicDetails" time="156.223" classname="com.PMC_Feb23.tc.TC001_PMCBasicDetails"/>
  <testcase name="basicDetails" time="155.787" classname="com.PMC_Feb23.tc.TC001_PMCBasicDetails"/>
  <testcase name="basicDetails" time="161.201" classname="com.PMC_Feb23.tc.TC001_PMCBasicDetails"/>
  <testcase name="basicDetails" time="156.442" classname="com.PMC_Feb23.tc.TC001_PMCBasicDetails"/>
  <testcase name="basicDetails" time="156.112" classname="com.PMC_Feb23.tc.TC001_PMCBasicDetails"/>
  <testcase name="basicDetails" time="156.258" classname="com.PMC_Feb23.tc.TC001_PMCBasicDetails"/>
  <testcase name="basicDetails" time="157.477" classname="com.PMC_Feb23.tc.TC001_PMCBasicDetails"/>
  <testcase name="basicDetails" time="161.423" classname="com.PMC_Feb23.tc.TC001_PMCBasicDetails"/>
  <testcase name="basicDetails" time="160.977" classname="com.PMC_Feb23.tc.TC001_PMCBasicDetails"/>
  <testcase name="basicDetails" time="156.276" classname="com.PMC_Feb23.tc.TC001_PMCBasicDetails"/>
  <testcase name="basicDetails" time="155.744" classname="com.PMC_Feb23.tc.TC001_PMCBasicDetails"/>
  <testcase name="basicDetails" time="155.370" classname="com.PMC_Feb23.tc.TC001_PMCBasicDetails"/>
  <testcase name="basicDetails" time="156.383" classname="com.PMC_Feb23.tc.TC001_PMCBasicDetails"/>
  <testcase name="basicDetails" time="156.345" classname="com.PMC_Feb23.tc.TC001_PMCBasicDetails"/>
  <testcase name="basicDetails" time="156.095" classname="com.PMC_Feb23.tc.TC001_PMCBasicDetails"/>
  <testcase name="basicDetails" time="155.859" classname="com.PMC_Feb23.tc.TC001_PMCBasicDetails"/>
  <testcase name="basicDetails" time="156.075" classname="com.PMC_Feb23.tc.TC001_PMCBasicDetails"/>
  <testcase name="basicDetails" time="160.959" classname="com.PMC_Feb23.tc.TC001_PMCBasicDetails"/>
  <testcase name="basicDetails" time="155.866" classname="com.PMC_Feb23.tc.TC001_PMCBasicDetails"/>
  <testcase name="basicDetails" time="156.364" classname="com.PMC_Feb23.tc.TC001_PMCBasicDetails"/>
  <testcase name="basicDetails" time="156.198" classname="com.PMC_Feb23.tc.TC001_PMCBasicDetails"/>
  <testcase name="basicDetails" time="155.195" classname="com.PMC_Feb23.tc.TC001_PMCBasicDetails"/>
  <testcase name="basicDetails" time="156.013" classname="com.PMC_Feb23.tc.TC001_PMCBasicDetails"/>
  <testcase name="basicDetails" time="161.117" classname="com.PMC_Feb23.tc.TC001_PMCBasicDetails"/>
  <testcase name="basicDetails" time="160.938" classname="com.PMC_Feb23.tc.TC001_PMCBasicDetails"/>
  <testcase name="basicDetails" time="155.947" classname="com.PMC_Feb23.tc.TC001_PMCBasicDetails"/>
  <testcase name="basicDetails" time="155.706" classname="com.PMC_Feb23.tc.TC001_PMCBasicDetails"/>
  <testcase name="basicDetails" time="155.736" classname="com.PMC_Feb23.tc.TC001_PMCBasicDetails"/>
  <testcase name="basicDetails" time="155.521" classname="com.PMC_Feb23.tc.TC001_PMCBasicDetails"/>
  <testcase name="basicDetails" time="156.336" classname="com.PMC_Feb23.tc.TC001_PMCBasicDetails"/>
  <testcase name="basicDetails" time="155.584" classname="com.PMC_Feb23.tc.TC001_PMCBasicDetails"/>
  <testcase name="basicDetails" time="156.245" classname="com.PMC_Feb23.tc.TC001_PMCBasicDetails"/>
  <testcase name="basicDetails" time="155.706" classname="com.PMC_Feb23.tc.TC001_PMCBasicDetails"/>
  <testcase name="basicDetails" time="156.260" classname="com.PMC_Feb23.tc.TC001_PMCBasicDetails"/>
  <testcase name="basicDetails" time="156.078" classname="com.PMC_Feb23.tc.TC001_PMCBasicDetails"/>
  <testcase name="basicDetails" time="155.877" classname="com.PMC_Feb23.tc.TC001_PMCBasicDetails"/>
  <testcase name="basicDetails" time="155.417" classname="com.PMC_Feb23.tc.TC001_PMCBasicDetails"/>
  <testcase name="basicDetails" time="155.691" classname="com.PMC_Feb23.tc.TC001_PMCBasicDetails"/>
</testsuite> <!-- com.PMC_Feb23.tc.TC001_PMCBasicDetails -->
