<?xml version="1.0" encoding="UTF-8"?>
<!-- Generated by org.testng.reporters.JUnitReportReporter -->
<testsuite skipped="0" hostname="MAA014482B" name="com.APSFC_March23.tc.TC001_APSFCBasicDetails" tests="36" failures="0" timestamp="2023-04-03T15:32:42 IST" time="5886.649" errors="0">
  <testcase name="basicDetails" time="164.107" classname="com.APSFC_March23.tc.TC001_APSFCBasicDetails"/>
  <testcase name="basicDetails" time="164.259" classname="com.APSFC_March23.tc.TC001_APSFCBasicDetails"/>
  <testcase name="basicDetails" time="164.672" classname="com.APSFC_March23.tc.TC001_APSFCBasicDetails"/>
  <testcase name="basicDetails" time="162.441" classname="com.APSFC_March23.tc.TC001_APSFCBasicDetails"/>
  <testcase name="basicDetails" time="163.181" classname="com.APSFC_March23.tc.TC001_APSFCBasicDetails"/>
  <testcase name="basicDetails" time="164.633" classname="com.APSFC_March23.tc.TC001_APSFCBasicDetails"/>
  <testcase name="basicDetails" time="161.819" classname="com.APSFC_March23.tc.TC001_APSFCBasicDetails"/>
  <testcase name="basicDetails" time="163.305" classname="com.APSFC_March23.tc.TC001_APSFCBasicDetails"/>
  <testcase name="basicDetails" time="161.392" classname="com.APSFC_March23.tc.TC001_APSFCBasicDetails"/>
  <testcase name="basicDetails" time="163.276" classname="com.APSFC_March23.tc.TC001_APSFCBasicDetails"/>
  <testcase name="basicDetails" time="164.314" classname="com.APSFC_March23.tc.TC001_APSFCBasicDetails"/>
  <testcase name="basicDetails" time="163.200" classname="com.APSFC_March23.tc.TC001_APSFCBasicDetails"/>
  <testcase name="basicDetails" time="164.306" classname="com.APSFC_March23.tc.TC001_APSFCBasicDetails"/>
  <testcase name="basicDetails" time="163.666" classname="com.APSFC_March23.tc.TC001_APSFCBasicDetails"/>
  <testcase name="basicDetails" time="164.934" classname="com.APSFC_March23.tc.TC001_APSFCBasicDetails"/>
  <testcase name="basicDetails" time="163.624" classname="com.APSFC_March23.tc.TC001_APSFCBasicDetails"/>
  <testcase name="basicDetails" time="162.890" classname="com.APSFC_March23.tc.TC001_APSFCBasicDetails"/>
  <testcase name="basicDetails" time="163.820" classname="com.APSFC_March23.tc.TC001_APSFCBasicDetails"/>
  <testcase name="basicDetails" time="163.371" classname="com.APSFC_March23.tc.TC001_APSFCBasicDetails"/>
  <testcase name="basicDetails" time="163.290" classname="com.APSFC_March23.tc.TC001_APSFCBasicDetails"/>
  <testcase name="basicDetails" time="163.407" classname="com.APSFC_March23.tc.TC001_APSFCBasicDetails"/>
  <testcase name="basicDetails" time="163.867" classname="com.APSFC_March23.tc.TC001_APSFCBasicDetails"/>
  <testcase name="basicDetails" time="163.508" classname="com.APSFC_March23.tc.TC001_APSFCBasicDetails"/>
  <testcase name="basicDetails" time="163.384" classname="com.APSFC_March23.tc.TC001_APSFCBasicDetails"/>
  <testcase name="basicDetails" time="162.370" classname="com.APSFC_March23.tc.TC001_APSFCBasicDetails"/>
  <testcase name="basicDetails" time="163.362" classname="com.APSFC_March23.tc.TC001_APSFCBasicDetails"/>
  <testcase name="basicDetails" time="164.632" classname="com.APSFC_March23.tc.TC001_APSFCBasicDetails"/>
  <testcase name="basicDetails" time="162.240" classname="com.APSFC_March23.tc.TC001_APSFCBasicDetails"/>
  <testcase name="basicDetails" time="162.015" classname="com.APSFC_March23.tc.TC001_APSFCBasicDetails"/>
  <testcase name="basicDetails" time="165.086" classname="com.APSFC_March23.tc.TC001_APSFCBasicDetails"/>
  <testcase name="basicDetails" time="162.009" classname="com.APSFC_March23.tc.TC001_APSFCBasicDetails"/>
  <testcase name="basicDetails" time="167.756" classname="com.APSFC_March23.tc.TC001_APSFCBasicDetails"/>
  <testcase name="basicDetails" time="162.976" classname="com.APSFC_March23.tc.TC001_APSFCBasicDetails"/>
  <testcase name="basicDetails" time="163.580" classname="com.APSFC_March23.tc.TC001_APSFCBasicDetails"/>
  <testcase name="basicDetails" time="162.461" classname="com.APSFC_March23.tc.TC001_APSFCBasicDetails"/>
  <testcase name="basicDetails" time="163.496" classname="com.APSFC_March23.tc.TC001_APSFCBasicDetails"/>
</testsuite> <!-- com.APSFC_March23.tc.TC001_APSFCBasicDetails -->
