<?xml version="1.0" encoding="UTF-8"?>
<!-- Generated by org.testng.reporters.JUnitReportReporter -->
<testsuite skipped="0" hostname="MAA014482B" name="com.PNS.tc.TC001_PNBBasicDetails" tests="160" failures="0" timestamp="2023-06-15T00:12:04 IST" time="25275.855" errors="0">
  <testcase name="basicDetails" time="155.892" classname="com.PNS.tc.TC001_PNBBasicDetails"/>
  <testcase name="basicDetails" time="159.128" classname="com.PNS.tc.TC001_PNBBasicDetails"/>
  <testcase name="basicDetails" time="155.807" classname="com.PNS.tc.TC001_PNBBasicDetails"/>
  <testcase name="basicDetails" time="160.236" classname="com.PNS.tc.TC001_PNBBasicDetails"/>
  <testcase name="basicDetails" time="155.613" classname="com.PNS.tc.TC001_PNBBasicDetails"/>
  <testcase name="basicDetails" time="155.947" classname="com.PNS.tc.TC001_PNBBasicDetails"/>
  <testcase name="basicDetails" time="157.113" classname="com.PNS.tc.TC001_PNBBasicDetails"/>
  <testcase name="basicDetails" time="159.190" classname="com.PNS.tc.TC001_PNBBasicDetails"/>
  <testcase name="basicDetails" time="157.431" classname="com.PNS.tc.TC001_PNBBasicDetails"/>
  <testcase name="basicDetails" time="155.830" classname="com.PNS.tc.TC001_PNBBasicDetails"/>
  <testcase name="basicDetails" time="157.025" classname="com.PNS.tc.TC001_PNBBasicDetails"/>
  <testcase name="basicDetails" time="156.045" classname="com.PNS.tc.TC001_PNBBasicDetails"/>
  <testcase name="basicDetails" time="156.143" classname="com.PNS.tc.TC001_PNBBasicDetails"/>
  <testcase name="basicDetails" time="159.462" classname="com.PNS.tc.TC001_PNBBasicDetails"/>
  <testcase name="basicDetails" time="156.929" classname="com.PNS.tc.TC001_PNBBasicDetails"/>
  <testcase name="basicDetails" time="159.418" classname="com.PNS.tc.TC001_PNBBasicDetails"/>
  <testcase name="basicDetails" time="155.942" classname="com.PNS.tc.TC001_PNBBasicDetails"/>
  <testcase name="basicDetails" time="159.150" classname="com.PNS.tc.TC001_PNBBasicDetails"/>
  <testcase name="basicDetails" time="156.209" classname="com.PNS.tc.TC001_PNBBasicDetails"/>
  <testcase name="basicDetails" time="158.978" classname="com.PNS.tc.TC001_PNBBasicDetails"/>
  <testcase name="basicDetails" time="159.184" classname="com.PNS.tc.TC001_PNBBasicDetails"/>
  <testcase name="basicDetails" time="157.115" classname="com.PNS.tc.TC001_PNBBasicDetails"/>
  <testcase name="basicDetails" time="157.320" classname="com.PNS.tc.TC001_PNBBasicDetails"/>
  <testcase name="basicDetails" time="156.160" classname="com.PNS.tc.TC001_PNBBasicDetails"/>
  <testcase name="basicDetails" time="160.017" classname="com.PNS.tc.TC001_PNBBasicDetails"/>
  <testcase name="basicDetails" time="157.266" classname="com.PNS.tc.TC001_PNBBasicDetails"/>
  <testcase name="basicDetails" time="155.653" classname="com.PNS.tc.TC001_PNBBasicDetails"/>
  <testcase name="basicDetails" time="159.056" classname="com.PNS.tc.TC001_PNBBasicDetails"/>
  <testcase name="basicDetails" time="157.306" classname="com.PNS.tc.TC001_PNBBasicDetails"/>
  <testcase name="basicDetails" time="159.464" classname="com.PNS.tc.TC001_PNBBasicDetails"/>
  <testcase name="basicDetails" time="156.098" classname="com.PNS.tc.TC001_PNBBasicDetails"/>
  <testcase name="basicDetails" time="155.868" classname="com.PNS.tc.TC001_PNBBasicDetails"/>
  <testcase name="basicDetails" time="159.002" classname="com.PNS.tc.TC001_PNBBasicDetails"/>
  <testcase name="basicDetails" time="160.407" classname="com.PNS.tc.TC001_PNBBasicDetails"/>
  <testcase name="basicDetails" time="159.243" classname="com.PNS.tc.TC001_PNBBasicDetails"/>
  <testcase name="basicDetails" time="155.989" classname="com.PNS.tc.TC001_PNBBasicDetails"/>
  <testcase name="basicDetails" time="158.770" classname="com.PNS.tc.TC001_PNBBasicDetails"/>
  <testcase name="basicDetails" time="159.034" classname="com.PNS.tc.TC001_PNBBasicDetails"/>
  <testcase name="basicDetails" time="155.908" classname="com.PNS.tc.TC001_PNBBasicDetails"/>
  <testcase name="basicDetails" time="156.201" classname="com.PNS.tc.TC001_PNBBasicDetails"/>
  <testcase name="basicDetails" time="159.247" classname="com.PNS.tc.TC001_PNBBasicDetails"/>
  <testcase name="basicDetails" time="159.854" classname="com.PNS.tc.TC001_PNBBasicDetails"/>
  <testcase name="basicDetails" time="159.257" classname="com.PNS.tc.TC001_PNBBasicDetails"/>
  <testcase name="basicDetails" time="157.149" classname="com.PNS.tc.TC001_PNBBasicDetails"/>
  <testcase name="basicDetails" time="159.298" classname="com.PNS.tc.TC001_PNBBasicDetails"/>
  <testcase name="basicDetails" time="156.015" classname="com.PNS.tc.TC001_PNBBasicDetails"/>
  <testcase name="basicDetails" time="156.221" classname="com.PNS.tc.TC001_PNBBasicDetails"/>
  <testcase name="basicDetails" time="158.984" classname="com.PNS.tc.TC001_PNBBasicDetails"/>
  <testcase name="basicDetails" time="156.783" classname="com.PNS.tc.TC001_PNBBasicDetails"/>
  <testcase name="basicDetails" time="159.512" classname="com.PNS.tc.TC001_PNBBasicDetails"/>
  <testcase name="basicDetails" time="160.170" classname="com.PNS.tc.TC001_PNBBasicDetails"/>
  <testcase name="basicDetails" time="158.878" classname="com.PNS.tc.TC001_PNBBasicDetails"/>
  <testcase name="basicDetails" time="159.192" classname="com.PNS.tc.TC001_PNBBasicDetails"/>
  <testcase name="basicDetails" time="159.315" classname="com.PNS.tc.TC001_PNBBasicDetails"/>
  <testcase name="basicDetails" time="157.084" classname="com.PNS.tc.TC001_PNBBasicDetails"/>
  <testcase name="basicDetails" time="156.105" classname="com.PNS.tc.TC001_PNBBasicDetails"/>
  <testcase name="basicDetails" time="155.840" classname="com.PNS.tc.TC001_PNBBasicDetails"/>
  <testcase name="basicDetails" time="155.755" classname="com.PNS.tc.TC001_PNBBasicDetails"/>
  <testcase name="basicDetails" time="160.683" classname="com.PNS.tc.TC001_PNBBasicDetails"/>
  <testcase name="basicDetails" time="155.706" classname="com.PNS.tc.TC001_PNBBasicDetails"/>
  <testcase name="basicDetails" time="155.866" classname="com.PNS.tc.TC001_PNBBasicDetails"/>
  <testcase name="basicDetails" time="155.927" classname="com.PNS.tc.TC001_PNBBasicDetails"/>
  <testcase name="basicDetails" time="160.165" classname="com.PNS.tc.TC001_PNBBasicDetails"/>
  <testcase name="basicDetails" time="155.947" classname="com.PNS.tc.TC001_PNBBasicDetails"/>
  <testcase name="basicDetails" time="160.358" classname="com.PNS.tc.TC001_PNBBasicDetails"/>
  <testcase name="basicDetails" time="156.025" classname="com.PNS.tc.TC001_PNBBasicDetails"/>
  <testcase name="basicDetails" time="155.834" classname="com.PNS.tc.TC001_PNBBasicDetails"/>
  <testcase name="basicDetails" time="157.000" classname="com.PNS.tc.TC001_PNBBasicDetails"/>
  <testcase name="basicDetails" time="156.817" classname="com.PNS.tc.TC001_PNBBasicDetails"/>
  <testcase name="basicDetails" time="159.076" classname="com.PNS.tc.TC001_PNBBasicDetails"/>
  <testcase name="basicDetails" time="159.201" classname="com.PNS.tc.TC001_PNBBasicDetails"/>
  <testcase name="basicDetails" time="156.914" classname="com.PNS.tc.TC001_PNBBasicDetails"/>
  <testcase name="basicDetails" time="159.872" classname="com.PNS.tc.TC001_PNBBasicDetails"/>
  <testcase name="basicDetails" time="155.685" classname="com.PNS.tc.TC001_PNBBasicDetails"/>
  <testcase name="basicDetails" time="159.249" classname="com.PNS.tc.TC001_PNBBasicDetails"/>
  <testcase name="basicDetails" time="155.780" classname="com.PNS.tc.TC001_PNBBasicDetails"/>
  <testcase name="basicDetails" time="159.195" classname="com.PNS.tc.TC001_PNBBasicDetails"/>
  <testcase name="basicDetails" time="160.535" classname="com.PNS.tc.TC001_PNBBasicDetails"/>
  <testcase name="basicDetails" time="156.244" classname="com.PNS.tc.TC001_PNBBasicDetails"/>
  <testcase name="basicDetails" time="156.954" classname="com.PNS.tc.TC001_PNBBasicDetails"/>
  <testcase name="basicDetails" time="156.374" classname="com.PNS.tc.TC001_PNBBasicDetails"/>
  <testcase name="basicDetails" time="155.497" classname="com.PNS.tc.TC001_PNBBasicDetails"/>
  <testcase name="basicDetails" time="159.093" classname="com.PNS.tc.TC001_PNBBasicDetails"/>
  <testcase name="basicDetails" time="157.113" classname="com.PNS.tc.TC001_PNBBasicDetails"/>
  <testcase name="basicDetails" time="156.324" classname="com.PNS.tc.TC001_PNBBasicDetails"/>
  <testcase name="basicDetails" time="158.982" classname="com.PNS.tc.TC001_PNBBasicDetails"/>
  <testcase name="basicDetails" time="159.932" classname="com.PNS.tc.TC001_PNBBasicDetails"/>
  <testcase name="basicDetails" time="159.121" classname="com.PNS.tc.TC001_PNBBasicDetails"/>
  <testcase name="basicDetails" time="160.352" classname="com.PNS.tc.TC001_PNBBasicDetails"/>
  <testcase name="basicDetails" time="159.055" classname="com.PNS.tc.TC001_PNBBasicDetails"/>
  <testcase name="basicDetails" time="156.085" classname="com.PNS.tc.TC001_PNBBasicDetails"/>
  <testcase name="basicDetails" time="159.832" classname="com.PNS.tc.TC001_PNBBasicDetails"/>
  <testcase name="basicDetails" time="159.257" classname="com.PNS.tc.TC001_PNBBasicDetails"/>
  <testcase name="basicDetails" time="156.753" classname="com.PNS.tc.TC001_PNBBasicDetails"/>
  <testcase name="basicDetails" time="159.743" classname="com.PNS.tc.TC001_PNBBasicDetails"/>
  <testcase name="basicDetails" time="160.328" classname="com.PNS.tc.TC001_PNBBasicDetails"/>
  <testcase name="basicDetails" time="156.150" classname="com.PNS.tc.TC001_PNBBasicDetails"/>
  <testcase name="basicDetails" time="156.846" classname="com.PNS.tc.TC001_PNBBasicDetails"/>
  <testcase name="basicDetails" time="159.940" classname="com.PNS.tc.TC001_PNBBasicDetails"/>
  <testcase name="basicDetails" time="160.132" classname="com.PNS.tc.TC001_PNBBasicDetails"/>
  <testcase name="basicDetails" time="159.094" classname="com.PNS.tc.TC001_PNBBasicDetails"/>
  <testcase name="basicDetails" time="160.456" classname="com.PNS.tc.TC001_PNBBasicDetails"/>
  <testcase name="basicDetails" time="157.443" classname="com.PNS.tc.TC001_PNBBasicDetails"/>
  <testcase name="basicDetails" time="158.694" classname="com.PNS.tc.TC001_PNBBasicDetails"/>
  <testcase name="basicDetails" time="156.820" classname="com.PNS.tc.TC001_PNBBasicDetails"/>
  <testcase name="basicDetails" time="156.160" classname="com.PNS.tc.TC001_PNBBasicDetails"/>
  <testcase name="basicDetails" time="157.278" classname="com.PNS.tc.TC001_PNBBasicDetails"/>
  <testcase name="basicDetails" time="156.666" classname="com.PNS.tc.TC001_PNBBasicDetails"/>
  <testcase name="basicDetails" time="156.027" classname="com.PNS.tc.TC001_PNBBasicDetails"/>
  <testcase name="basicDetails" time="158.992" classname="com.PNS.tc.TC001_PNBBasicDetails"/>
  <testcase name="basicDetails" time="159.543" classname="com.PNS.tc.TC001_PNBBasicDetails"/>
  <testcase name="basicDetails" time="159.293" classname="com.PNS.tc.TC001_PNBBasicDetails"/>
  <testcase name="basicDetails" time="160.177" classname="com.PNS.tc.TC001_PNBBasicDetails"/>
  <testcase name="basicDetails" time="159.021" classname="com.PNS.tc.TC001_PNBBasicDetails"/>
  <testcase name="basicDetails" time="158.947" classname="com.PNS.tc.TC001_PNBBasicDetails"/>
  <testcase name="basicDetails" time="158.960" classname="com.PNS.tc.TC001_PNBBasicDetails"/>
  <testcase name="basicDetails" time="155.936" classname="com.PNS.tc.TC001_PNBBasicDetails"/>
  <testcase name="basicDetails" time="157.310" classname="com.PNS.tc.TC001_PNBBasicDetails"/>
  <testcase name="basicDetails" time="156.888" classname="com.PNS.tc.TC001_PNBBasicDetails"/>
  <testcase name="basicDetails" time="159.071" classname="com.PNS.tc.TC001_PNBBasicDetails"/>
  <testcase name="basicDetails" time="159.162" classname="com.PNS.tc.TC001_PNBBasicDetails"/>
  <testcase name="basicDetails" time="160.400" classname="com.PNS.tc.TC001_PNBBasicDetails"/>
  <testcase name="basicDetails" time="157.411" classname="com.PNS.tc.TC001_PNBBasicDetails"/>
  <testcase name="basicDetails" time="160.337" classname="com.PNS.tc.TC001_PNBBasicDetails"/>
  <testcase name="basicDetails" time="159.145" classname="com.PNS.tc.TC001_PNBBasicDetails"/>
  <testcase name="basicDetails" time="160.190" classname="com.PNS.tc.TC001_PNBBasicDetails"/>
  <testcase name="basicDetails" time="156.012" classname="com.PNS.tc.TC001_PNBBasicDetails"/>
  <testcase name="basicDetails" time="160.307" classname="com.PNS.tc.TC001_PNBBasicDetails"/>
  <testcase name="basicDetails" time="160.009" classname="com.PNS.tc.TC001_PNBBasicDetails"/>
  <testcase name="basicDetails" time="155.989" classname="com.PNS.tc.TC001_PNBBasicDetails"/>
  <testcase name="basicDetails" time="160.177" classname="com.PNS.tc.TC001_PNBBasicDetails"/>
  <testcase name="basicDetails" time="158.877" classname="com.PNS.tc.TC001_PNBBasicDetails"/>
  <testcase name="basicDetails" time="159.101" classname="com.PNS.tc.TC001_PNBBasicDetails"/>
  <testcase name="basicDetails" time="156.712" classname="com.PNS.tc.TC001_PNBBasicDetails"/>
  <testcase name="basicDetails" time="159.284" classname="com.PNS.tc.TC001_PNBBasicDetails"/>
  <testcase name="basicDetails" time="159.466" classname="com.PNS.tc.TC001_PNBBasicDetails"/>
  <testcase name="basicDetails" time="155.959" classname="com.PNS.tc.TC001_PNBBasicDetails"/>
  <testcase name="basicDetails" time="156.004" classname="com.PNS.tc.TC001_PNBBasicDetails"/>
  <testcase name="basicDetails" time="157.146" classname="com.PNS.tc.TC001_PNBBasicDetails"/>
  <testcase name="basicDetails" time="160.435" classname="com.PNS.tc.TC001_PNBBasicDetails"/>
  <testcase name="basicDetails" time="156.143" classname="com.PNS.tc.TC001_PNBBasicDetails"/>
  <testcase name="basicDetails" time="158.961" classname="com.PNS.tc.TC001_PNBBasicDetails"/>
  <testcase name="basicDetails" time="159.061" classname="com.PNS.tc.TC001_PNBBasicDetails"/>
  <testcase name="basicDetails" time="155.866" classname="com.PNS.tc.TC001_PNBBasicDetails"/>
  <testcase name="basicDetails" time="157.196" classname="com.PNS.tc.TC001_PNBBasicDetails"/>
  <testcase name="basicDetails" time="159.191" classname="com.PNS.tc.TC001_PNBBasicDetails"/>
  <testcase name="basicDetails" time="155.856" classname="com.PNS.tc.TC001_PNBBasicDetails"/>
  <testcase name="basicDetails" time="160.269" classname="com.PNS.tc.TC001_PNBBasicDetails"/>
  <testcase name="basicDetails" time="155.760" classname="com.PNS.tc.TC001_PNBBasicDetails"/>
  <testcase name="basicDetails" time="159.464" classname="com.PNS.tc.TC001_PNBBasicDetails"/>
  <testcase name="basicDetails" time="156.063" classname="com.PNS.tc.TC001_PNBBasicDetails"/>
  <testcase name="basicDetails" time="156.401" classname="com.PNS.tc.TC001_PNBBasicDetails"/>
  <testcase name="basicDetails" time="156.062" classname="com.PNS.tc.TC001_PNBBasicDetails"/>
  <testcase name="basicDetails" time="162.832" classname="com.PNS.tc.TC001_PNBBasicDetails"/>
  <testcase name="basicDetails" time="158.987" classname="com.PNS.tc.TC001_PNBBasicDetails"/>
  <testcase name="basicDetails" time="159.947" classname="com.PNS.tc.TC001_PNBBasicDetails"/>
  <testcase name="basicDetails" time="155.915" classname="com.PNS.tc.TC001_PNBBasicDetails"/>
  <testcase name="basicDetails" time="158.982" classname="com.PNS.tc.TC001_PNBBasicDetails"/>
  <testcase name="basicDetails" time="159.077" classname="com.PNS.tc.TC001_PNBBasicDetails"/>
  <testcase name="basicDetails" time="155.787" classname="com.PNS.tc.TC001_PNBBasicDetails"/>
</testsuite> <!-- com.PNS.tc.TC001_PNBBasicDetails -->
