<?xml version="1.0" encoding="UTF-8"?>
<!-- Generated by org.testng.reporters.JUnitReportReporter -->
<testsuite skipped="0" hostname="MAA014482B" name="com.MAHAVIT_12_April.tc.TC001_MAHABasicDetails" tests="26" failures="0" timestamp="2022-05-03T23:21:35 IST" time="3152.467" errors="0">
  <testcase name="basicDetails" time="121.345" classname="com.MAHAVIT_12_April.tc.TC001_MAHABasicDetails"/>
  <testcase name="basicDetails" time="120.832" classname="com.MAHAVIT_12_April.tc.TC001_MAHABasicDetails"/>
  <testcase name="basicDetails" time="121.147" classname="com.MAHAVIT_12_April.tc.TC001_MAHABasicDetails"/>
  <testcase name="basicDetails" time="121.360" classname="com.MAHAVIT_12_April.tc.TC001_MAHABasicDetails"/>
  <testcase name="basicDetails" time="121.099" classname="com.MAHAVIT_12_April.tc.TC001_MAHABasicDetails"/>
  <testcase name="basicDetails" time="121.362" classname="com.MAHAVIT_12_April.tc.TC001_MAHABasicDetails"/>
  <testcase name="basicDetails" time="121.246" classname="com.MAHAVIT_12_April.tc.TC001_MAHABasicDetails"/>
  <testcase name="basicDetails" time="121.222" classname="com.MAHAVIT_12_April.tc.TC001_MAHABasicDetails"/>
  <testcase name="basicDetails" time="120.960" classname="com.MAHAVIT_12_April.tc.TC001_MAHABasicDetails"/>
  <testcase name="basicDetails" time="121.188" classname="com.MAHAVIT_12_April.tc.TC001_MAHABasicDetails"/>
  <testcase name="basicDetails" time="120.612" classname="com.MAHAVIT_12_April.tc.TC001_MAHABasicDetails"/>
  <testcase name="basicDetails" time="121.083" classname="com.MAHAVIT_12_April.tc.TC001_MAHABasicDetails"/>
  <testcase name="basicDetails" time="121.285" classname="com.MAHAVIT_12_April.tc.TC001_MAHABasicDetails"/>
  <testcase name="basicDetails" time="121.196" classname="com.MAHAVIT_12_April.tc.TC001_MAHABasicDetails"/>
  <testcase name="basicDetails" time="121.075" classname="com.MAHAVIT_12_April.tc.TC001_MAHABasicDetails"/>
  <testcase name="basicDetails" time="123.303" classname="com.MAHAVIT_12_April.tc.TC001_MAHABasicDetails"/>
  <testcase name="basicDetails" time="121.249" classname="com.MAHAVIT_12_April.tc.TC001_MAHABasicDetails"/>
  <testcase name="basicDetails" time="121.163" classname="com.MAHAVIT_12_April.tc.TC001_MAHABasicDetails"/>
  <testcase name="basicDetails" time="121.077" classname="com.MAHAVIT_12_April.tc.TC001_MAHABasicDetails"/>
  <testcase name="basicDetails" time="121.081" classname="com.MAHAVIT_12_April.tc.TC001_MAHABasicDetails"/>
  <testcase name="basicDetails" time="120.920" classname="com.MAHAVIT_12_April.tc.TC001_MAHABasicDetails"/>
  <testcase name="basicDetails" time="121.474" classname="com.MAHAVIT_12_April.tc.TC001_MAHABasicDetails"/>
  <testcase name="basicDetails" time="121.329" classname="com.MAHAVIT_12_April.tc.TC001_MAHABasicDetails"/>
  <testcase name="basicDetails" time="121.240" classname="com.MAHAVIT_12_April.tc.TC001_MAHABasicDetails"/>
  <testcase name="basicDetails" time="121.609" classname="com.MAHAVIT_12_April.tc.TC001_MAHABasicDetails"/>
  <testcase name="basicDetails" time="121.010" classname="com.MAHAVIT_12_April.tc.TC001_MAHABasicDetails"/>
</testsuite> <!-- com.MAHAVIT_12_April.tc.TC001_MAHABasicDetails -->
