<?xml version="1.0" encoding="UTF-8"?>
<!-- Generated by org.testng.reporters.JUnitReportReporter -->
<testsuite skipped="0" hostname="MAA014482B" name="com.CSIR_25July22.tc.TC003_CSIRBasicDetails" tests="14" failures="0" timestamp="2022-08-03T14:23:55 IST" time="1785.462" errors="0">
  <testcase name="basicDetails" time="127.454" classname="com.CSIR_25July22.tc.TC003_CSIRBasicDetails"/>
  <testcase name="basicDetails" time="126.474" classname="com.CSIR_25July22.tc.TC003_CSIRBasicDetails"/>
  <testcase name="basicDetails" time="126.042" classname="com.CSIR_25July22.tc.TC003_CSIRBasicDetails"/>
  <testcase name="basicDetails" time="129.445" classname="com.CSIR_25July22.tc.TC003_CSIRBasicDetails"/>
  <testcase name="basicDetails" time="126.016" classname="com.CSIR_25July22.tc.TC003_CSIRBasicDetails"/>
  <testcase name="basicDetails" time="126.101" classname="com.CSIR_25July22.tc.TC003_CSIRBasicDetails"/>
  <testcase name="basicDetails" time="129.308" classname="com.CSIR_25July22.tc.TC003_CSIRBasicDetails"/>
  <testcase name="basicDetails" time="126.538" classname="com.CSIR_25July22.tc.TC003_CSIRBasicDetails"/>
  <testcase name="basicDetails" time="129.541" classname="com.CSIR_25July22.tc.TC003_CSIRBasicDetails"/>
  <testcase name="basicDetails" time="126.672" classname="com.CSIR_25July22.tc.TC003_CSIRBasicDetails"/>
  <testcase name="basicDetails" time="126.073" classname="com.CSIR_25July22.tc.TC003_CSIRBasicDetails"/>
  <testcase name="basicDetails" time="129.838" classname="com.CSIR_25July22.tc.TC003_CSIRBasicDetails"/>
  <testcase name="basicDetails" time="126.325" classname="com.CSIR_25July22.tc.TC003_CSIRBasicDetails"/>
  <testcase name="basicDetails" time="129.635" classname="com.CSIR_25July22.tc.TC003_CSIRBasicDetails"/>
</testsuite> <!-- com.CSIR_25July22.tc.TC003_CSIRBasicDetails -->
