<?xml version="1.0" encoding="UTF-8"?>
<!-- Generated by org.testng.reporters.JUnitReportReporter -->
<testsuite skipped="0" hostname="MAA014482B" name="com.Mahatransco_8Dec22.tc.TC004_MAHABasicDetails" tests="18" failures="0" timestamp="2022-12-13T18:02:54 IST" time="2968.482" errors="0">
  <testcase name="basicDetails" time="166.354" classname="com.Mahatransco_8Dec22.tc.TC004_MAHABasicDetails"/>
  <testcase name="basicDetails" time="165.638" classname="com.Mahatransco_8Dec22.tc.TC004_MAHABasicDetails"/>
  <testcase name="basicDetails" time="164.403" classname="com.Mahatransco_8Dec22.tc.TC004_MAHABasicDetails"/>
  <testcase name="basicDetails" time="163.780" classname="com.Mahatransco_8Dec22.tc.TC004_MAHABasicDetails"/>
  <testcase name="basicDetails" time="164.115" classname="com.Mahatransco_8Dec22.tc.TC004_MAHABasicDetails"/>
  <testcase name="basicDetails" time="168.591" classname="com.Mahatransco_8Dec22.tc.TC004_MAHABasicDetails"/>
  <testcase name="basicDetails" time="163.966" classname="com.Mahatransco_8Dec22.tc.TC004_MAHABasicDetails"/>
  <testcase name="basicDetails" time="163.867" classname="com.Mahatransco_8Dec22.tc.TC004_MAHABasicDetails"/>
  <testcase name="basicDetails" time="161.995" classname="com.Mahatransco_8Dec22.tc.TC004_MAHABasicDetails"/>
  <testcase name="basicDetails" time="166.269" classname="com.Mahatransco_8Dec22.tc.TC004_MAHABasicDetails"/>
  <testcase name="basicDetails" time="166.320" classname="com.Mahatransco_8Dec22.tc.TC004_MAHABasicDetails"/>
  <testcase name="basicDetails" time="163.928" classname="com.Mahatransco_8Dec22.tc.TC004_MAHABasicDetails"/>
  <testcase name="basicDetails" time="164.598" classname="com.Mahatransco_8Dec22.tc.TC004_MAHABasicDetails"/>
  <testcase name="basicDetails" time="166.083" classname="com.Mahatransco_8Dec22.tc.TC004_MAHABasicDetails"/>
  <testcase name="basicDetails" time="162.559" classname="com.Mahatransco_8Dec22.tc.TC004_MAHABasicDetails"/>
  <testcase name="basicDetails" time="165.924" classname="com.Mahatransco_8Dec22.tc.TC004_MAHABasicDetails"/>
  <testcase name="basicDetails" time="166.039" classname="com.Mahatransco_8Dec22.tc.TC004_MAHABasicDetails"/>
  <testcase name="basicDetails" time="164.053" classname="com.Mahatransco_8Dec22.tc.TC004_MAHABasicDetails"/>
</testsuite> <!-- com.Mahatransco_8Dec22.tc.TC004_MAHABasicDetails -->
