<?xml version="1.0" encoding="UTF-8"?>
<!-- Generated by org.testng.reporters.JUnitReportReporter -->
<testsuite skipped="0" hostname="MAA014482B" name="com.MSPGCT.tc.TC004_MSPGCTBasicDetails" tests="16" failures="0" timestamp="2023-06-28T17:31:00 IST" time="2583.384" errors="0">
  <testcase name="basicDetails" time="160.531" classname="com.MSPGCT.tc.TC004_MSPGCTBasicDetails"/>
  <testcase name="basicDetails" time="171.163" classname="com.MSPGCT.tc.TC004_MSPGCTBasicDetails"/>
  <testcase name="basicDetails" time="160.831" classname="com.MSPGCT.tc.TC004_MSPGCTBasicDetails"/>
  <testcase name="basicDetails" time="160.671" classname="com.MSPGCT.tc.TC004_MSPGCTBasicDetails"/>
  <testcase name="basicDetails" time="160.998" classname="com.MSPGCT.tc.TC004_MSPGCTBasicDetails"/>
  <testcase name="basicDetails" time="160.888" classname="com.MSPGCT.tc.TC004_MSPGCTBasicDetails"/>
  <testcase name="basicDetails" time="160.702" classname="com.MSPGCT.tc.TC004_MSPGCTBasicDetails"/>
  <testcase name="basicDetails" time="160.620" classname="com.MSPGCT.tc.TC004_MSPGCTBasicDetails"/>
  <testcase name="basicDetails" time="160.358" classname="com.MSPGCT.tc.TC004_MSPGCTBasicDetails"/>
  <testcase name="basicDetails" time="161.338" classname="com.MSPGCT.tc.TC004_MSPGCTBasicDetails"/>
  <testcase name="basicDetails" time="160.848" classname="com.MSPGCT.tc.TC004_MSPGCTBasicDetails"/>
  <testcase name="basicDetails" time="160.460" classname="com.MSPGCT.tc.TC004_MSPGCTBasicDetails"/>
  <testcase name="basicDetails" time="160.733" classname="com.MSPGCT.tc.TC004_MSPGCTBasicDetails"/>
  <testcase name="basicDetails" time="161.121" classname="com.MSPGCT.tc.TC004_MSPGCTBasicDetails"/>
  <testcase name="basicDetails" time="160.981" classname="com.MSPGCT.tc.TC004_MSPGCTBasicDetails"/>
  <testcase name="basicDetails" time="161.141" classname="com.MSPGCT.tc.TC004_MSPGCTBasicDetails"/>
</testsuite> <!-- com.MSPGCT.tc.TC004_MSPGCTBasicDetails -->
