<?xml version="1.0" encoding="UTF-8"?>
<!-- Generated by org.testng.reporters.JUnitReportReporter -->
<testsuite skipped="0" hostname="MAA014482B" name="com.CAMP_March23.tc.TC001_CAMPBasicDetails" tests="11" failures="0" timestamp="2023-03-16T13:15:18 IST" time="1745.546" errors="0">
  <testcase name="basicDetails" time="158.669" classname="com.CAMP_March23.tc.TC001_CAMPBasicDetails"/>
  <testcase name="basicDetails" time="158.498" classname="com.CAMP_March23.tc.TC001_CAMPBasicDetails"/>
  <testcase name="basicDetails" time="160.338" classname="com.CAMP_March23.tc.TC001_CAMPBasicDetails"/>
  <testcase name="basicDetails" time="158.842" classname="com.CAMP_March23.tc.TC001_CAMPBasicDetails"/>
  <testcase name="basicDetails" time="158.556" classname="com.CAMP_March23.tc.TC001_CAMPBasicDetails"/>
  <testcase name="basicDetails" time="158.560" classname="com.CAMP_March23.tc.TC001_CAMPBasicDetails"/>
  <testcase name="basicDetails" time="158.555" classname="com.CAMP_March23.tc.TC001_CAMPBasicDetails"/>
  <testcase name="basicDetails" time="160.914" classname="com.CAMP_March23.tc.TC001_CAMPBasicDetails"/>
  <testcase name="basicDetails" time="156.943" classname="com.CAMP_March23.tc.TC001_CAMPBasicDetails"/>
  <testcase name="basicDetails" time="158.773" classname="com.CAMP_March23.tc.TC001_CAMPBasicDetails"/>
  <testcase name="basicDetails" time="156.898" classname="com.CAMP_March23.tc.TC001_CAMPBasicDetails"/>
</testsuite> <!-- com.CAMP_March23.tc.TC001_CAMPBasicDetails -->
