<?xml version="1.0" encoding="UTF-8"?>
<!-- Generated by org.testng.reporters.JUnitReportReporter -->
<testsuite skipped="0" hostname="MAA014482B" name="com.DRDO_17Oct.tc.TC004_DRDOBasicDetails" tests="50" failures="0" timestamp="2022-11-07T01:48:07 IST" time="8710.077" errors="0">
  <testcase name="basicDetails" time="168.881" classname="com.DRDO_17Oct.tc.TC004_DRDOBasicDetails"/>
  <testcase name="basicDetails" time="168.534" classname="com.DRDO_17Oct.tc.TC004_DRDOBasicDetails"/>
  <testcase name="basicDetails" time="182.288" classname="com.DRDO_17Oct.tc.TC004_DRDOBasicDetails"/>
  <testcase name="basicDetails" time="174.379" classname="com.DRDO_17Oct.tc.TC004_DRDOBasicDetails"/>
  <testcase name="basicDetails" time="170.155" classname="com.DRDO_17Oct.tc.TC004_DRDOBasicDetails"/>
  <testcase name="basicDetails" time="182.038" classname="com.DRDO_17Oct.tc.TC004_DRDOBasicDetails"/>
  <testcase name="basicDetails" time="169.018" classname="com.DRDO_17Oct.tc.TC004_DRDOBasicDetails"/>
  <testcase name="basicDetails" time="181.258" classname="com.DRDO_17Oct.tc.TC004_DRDOBasicDetails"/>
  <testcase name="basicDetails" time="168.628" classname="com.DRDO_17Oct.tc.TC004_DRDOBasicDetails"/>
  <testcase name="basicDetails" time="183.052" classname="com.DRDO_17Oct.tc.TC004_DRDOBasicDetails"/>
  <testcase name="basicDetails" time="181.342" classname="com.DRDO_17Oct.tc.TC004_DRDOBasicDetails"/>
  <testcase name="basicDetails" time="168.724" classname="com.DRDO_17Oct.tc.TC004_DRDOBasicDetails"/>
  <testcase name="basicDetails" time="174.508" classname="com.DRDO_17Oct.tc.TC004_DRDOBasicDetails"/>
  <testcase name="basicDetails" time="168.774" classname="com.DRDO_17Oct.tc.TC004_DRDOBasicDetails"/>
  <testcase name="basicDetails" time="168.921" classname="com.DRDO_17Oct.tc.TC004_DRDOBasicDetails"/>
  <testcase name="basicDetails" time="181.286" classname="com.DRDO_17Oct.tc.TC004_DRDOBasicDetails"/>
  <testcase name="basicDetails" time="169.030" classname="com.DRDO_17Oct.tc.TC004_DRDOBasicDetails"/>
  <testcase name="basicDetails" time="170.737" classname="com.DRDO_17Oct.tc.TC004_DRDOBasicDetails"/>
  <testcase name="basicDetails" time="180.649" classname="com.DRDO_17Oct.tc.TC004_DRDOBasicDetails"/>
  <testcase name="basicDetails" time="181.308" classname="com.DRDO_17Oct.tc.TC004_DRDOBasicDetails"/>
  <testcase name="basicDetails" time="173.219" classname="com.DRDO_17Oct.tc.TC004_DRDOBasicDetails"/>
  <testcase name="basicDetails" time="169.761" classname="com.DRDO_17Oct.tc.TC004_DRDOBasicDetails"/>
  <testcase name="basicDetails" time="181.012" classname="com.DRDO_17Oct.tc.TC004_DRDOBasicDetails"/>
  <testcase name="basicDetails" time="182.356" classname="com.DRDO_17Oct.tc.TC004_DRDOBasicDetails"/>
  <testcase name="basicDetails" time="168.846" classname="com.DRDO_17Oct.tc.TC004_DRDOBasicDetails"/>
  <testcase name="basicDetails" time="169.208" classname="com.DRDO_17Oct.tc.TC004_DRDOBasicDetails"/>
  <testcase name="basicDetails" time="171.110" classname="com.DRDO_17Oct.tc.TC004_DRDOBasicDetails"/>
  <testcase name="basicDetails" time="170.651" classname="com.DRDO_17Oct.tc.TC004_DRDOBasicDetails"/>
  <testcase name="basicDetails" time="168.933" classname="com.DRDO_17Oct.tc.TC004_DRDOBasicDetails"/>
  <testcase name="basicDetails" time="169.039" classname="com.DRDO_17Oct.tc.TC004_DRDOBasicDetails"/>
  <testcase name="basicDetails" time="181.288" classname="com.DRDO_17Oct.tc.TC004_DRDOBasicDetails"/>
  <testcase name="basicDetails" time="183.662" classname="com.DRDO_17Oct.tc.TC004_DRDOBasicDetails"/>
  <testcase name="basicDetails" time="170.658" classname="com.DRDO_17Oct.tc.TC004_DRDOBasicDetails"/>
  <testcase name="basicDetails" time="173.025" classname="com.DRDO_17Oct.tc.TC004_DRDOBasicDetails"/>
  <testcase name="basicDetails" time="168.753" classname="com.DRDO_17Oct.tc.TC004_DRDOBasicDetails"/>
  <testcase name="basicDetails" time="173.238" classname="com.DRDO_17Oct.tc.TC004_DRDOBasicDetails"/>
  <testcase name="basicDetails" time="169.026" classname="com.DRDO_17Oct.tc.TC004_DRDOBasicDetails"/>
  <testcase name="basicDetails" time="168.864" classname="com.DRDO_17Oct.tc.TC004_DRDOBasicDetails"/>
  <testcase name="basicDetails" time="168.931" classname="com.DRDO_17Oct.tc.TC004_DRDOBasicDetails"/>
  <testcase name="basicDetails" time="169.363" classname="com.DRDO_17Oct.tc.TC004_DRDOBasicDetails"/>
  <testcase name="basicDetails" time="173.176" classname="com.DRDO_17Oct.tc.TC004_DRDOBasicDetails"/>
  <testcase name="basicDetails" time="184.790" classname="com.DRDO_17Oct.tc.TC004_DRDOBasicDetails"/>
  <testcase name="basicDetails" time="171.060" classname="com.DRDO_17Oct.tc.TC004_DRDOBasicDetails"/>
  <testcase name="basicDetails" time="182.637" classname="com.DRDO_17Oct.tc.TC004_DRDOBasicDetails"/>
  <testcase name="basicDetails" time="170.879" classname="com.DRDO_17Oct.tc.TC004_DRDOBasicDetails"/>
  <testcase name="basicDetails" time="168.916" classname="com.DRDO_17Oct.tc.TC004_DRDOBasicDetails"/>
  <testcase name="basicDetails" time="182.080" classname="com.DRDO_17Oct.tc.TC004_DRDOBasicDetails"/>
  <testcase name="basicDetails" time="182.219" classname="com.DRDO_17Oct.tc.TC004_DRDOBasicDetails"/>
  <testcase name="basicDetails" time="168.815" classname="com.DRDO_17Oct.tc.TC004_DRDOBasicDetails"/>
  <testcase name="basicDetails" time="181.052" classname="com.DRDO_17Oct.tc.TC004_DRDOBasicDetails"/>
</testsuite> <!-- com.DRDO_17Oct.tc.TC004_DRDOBasicDetails -->
