<?xml version="1.0" encoding="UTF-8"?>
<!-- Generated by org.testng.reporters.JUnitReportReporter -->
<testsuite skipped="0" hostname="MAA014482B" name="com.MSPGCT.tc.TC001_MSPGCTBasicDetails" tests="16" failures="0" timestamp="2023-06-28T17:31:00 IST" time="2586.194" errors="0">
  <testcase name="basicDetails" time="160.924" classname="com.MSPGCT.tc.TC001_MSPGCTBasicDetails"/>
  <testcase name="basicDetails" time="161.402" classname="com.MSPGCT.tc.TC001_MSPGCTBasicDetails"/>
  <testcase name="basicDetails" time="160.541" classname="com.MSPGCT.tc.TC001_MSPGCTBasicDetails"/>
  <testcase name="basicDetails" time="160.263" classname="com.MSPGCT.tc.TC001_MSPGCTBasicDetails"/>
  <testcase name="basicDetails" time="160.963" classname="com.MSPGCT.tc.TC001_MSPGCTBasicDetails"/>
  <testcase name="basicDetails" time="160.633" classname="com.MSPGCT.tc.TC001_MSPGCTBasicDetails"/>
  <testcase name="basicDetails" time="161.458" classname="com.MSPGCT.tc.TC001_MSPGCTBasicDetails"/>
  <testcase name="basicDetails" time="160.998" classname="com.MSPGCT.tc.TC001_MSPGCTBasicDetails"/>
  <testcase name="basicDetails" time="172.505" classname="com.MSPGCT.tc.TC001_MSPGCTBasicDetails"/>
  <testcase name="basicDetails" time="160.876" classname="com.MSPGCT.tc.TC001_MSPGCTBasicDetails"/>
  <testcase name="basicDetails" time="160.859" classname="com.MSPGCT.tc.TC001_MSPGCTBasicDetails"/>
  <testcase name="basicDetails" time="160.698" classname="com.MSPGCT.tc.TC001_MSPGCTBasicDetails"/>
  <testcase name="basicDetails" time="161.626" classname="com.MSPGCT.tc.TC001_MSPGCTBasicDetails"/>
  <testcase name="basicDetails" time="160.657" classname="com.MSPGCT.tc.TC001_MSPGCTBasicDetails"/>
  <testcase name="basicDetails" time="160.906" classname="com.MSPGCT.tc.TC001_MSPGCTBasicDetails"/>
  <testcase name="basicDetails" time="160.885" classname="com.MSPGCT.tc.TC001_MSPGCTBasicDetails"/>
</testsuite> <!-- com.MSPGCT.tc.TC001_MSPGCTBasicDetails -->
