<?xml version="1.0" encoding="UTF-8"?>
<!-- Generated by org.testng.reporters.JUnitReportReporter -->
<testsuite skipped="0" hostname="MAA014482B" name="com.CAMP_March23.tc.TC003_CAMPBasicDetails" tests="180" failures="0" timestamp="2023-03-16T08:07:22 IST" time="28852.496" errors="0">
  <testcase name="basicDetails" time="161.957" classname="com.CAMP_March23.tc.TC003_CAMPBasicDetails"/>
  <testcase name="basicDetails" time="159.945" classname="com.CAMP_March23.tc.TC003_CAMPBasicDetails"/>
  <testcase name="basicDetails" time="159.894" classname="com.CAMP_March23.tc.TC003_CAMPBasicDetails"/>
  <testcase name="basicDetails" time="159.482" classname="com.CAMP_March23.tc.TC003_CAMPBasicDetails"/>
  <testcase name="basicDetails" time="160.288" classname="com.CAMP_March23.tc.TC003_CAMPBasicDetails"/>
  <testcase name="basicDetails" time="159.605" classname="com.CAMP_March23.tc.TC003_CAMPBasicDetails"/>
  <testcase name="basicDetails" time="160.083" classname="com.CAMP_March23.tc.TC003_CAMPBasicDetails"/>
  <testcase name="basicDetails" time="159.893" classname="com.CAMP_March23.tc.TC003_CAMPBasicDetails"/>
  <testcase name="basicDetails" time="162.701" classname="com.CAMP_March23.tc.TC003_CAMPBasicDetails"/>
  <testcase name="basicDetails" time="160.404" classname="com.CAMP_March23.tc.TC003_CAMPBasicDetails"/>
  <testcase name="basicDetails" time="159.826" classname="com.CAMP_March23.tc.TC003_CAMPBasicDetails"/>
  <testcase name="basicDetails" time="160.105" classname="com.CAMP_March23.tc.TC003_CAMPBasicDetails"/>
  <testcase name="basicDetails" time="159.482" classname="com.CAMP_March23.tc.TC003_CAMPBasicDetails"/>
  <testcase name="basicDetails" time="160.103" classname="com.CAMP_March23.tc.TC003_CAMPBasicDetails"/>
  <testcase name="basicDetails" time="160.220" classname="com.CAMP_March23.tc.TC003_CAMPBasicDetails"/>
  <testcase name="basicDetails" time="160.209" classname="com.CAMP_March23.tc.TC003_CAMPBasicDetails"/>
  <testcase name="basicDetails" time="159.841" classname="com.CAMP_March23.tc.TC003_CAMPBasicDetails"/>
  <testcase name="basicDetails" time="159.923" classname="com.CAMP_March23.tc.TC003_CAMPBasicDetails"/>
  <testcase name="basicDetails" time="159.548" classname="com.CAMP_March23.tc.TC003_CAMPBasicDetails"/>
  <testcase name="basicDetails" time="159.819" classname="com.CAMP_March23.tc.TC003_CAMPBasicDetails"/>
  <testcase name="basicDetails" time="159.693" classname="com.CAMP_March23.tc.TC003_CAMPBasicDetails"/>
  <testcase name="basicDetails" time="162.077" classname="com.CAMP_March23.tc.TC003_CAMPBasicDetails"/>
  <testcase name="basicDetails" time="159.814" classname="com.CAMP_March23.tc.TC003_CAMPBasicDetails"/>
  <testcase name="basicDetails" time="159.901" classname="com.CAMP_March23.tc.TC003_CAMPBasicDetails"/>
  <testcase name="basicDetails" time="163.237" classname="com.CAMP_March23.tc.TC003_CAMPBasicDetails"/>
  <testcase name="basicDetails" time="161.729" classname="com.CAMP_March23.tc.TC003_CAMPBasicDetails"/>
  <testcase name="basicDetails" time="158.192" classname="com.CAMP_March23.tc.TC003_CAMPBasicDetails"/>
  <testcase name="basicDetails" time="160.140" classname="com.CAMP_March23.tc.TC003_CAMPBasicDetails"/>
  <testcase name="basicDetails" time="163.256" classname="com.CAMP_March23.tc.TC003_CAMPBasicDetails"/>
  <testcase name="basicDetails" time="159.357" classname="com.CAMP_March23.tc.TC003_CAMPBasicDetails"/>
  <testcase name="basicDetails" time="159.619" classname="com.CAMP_March23.tc.TC003_CAMPBasicDetails"/>
  <testcase name="basicDetails" time="160.184" classname="com.CAMP_March23.tc.TC003_CAMPBasicDetails"/>
  <testcase name="basicDetails" time="159.547" classname="com.CAMP_March23.tc.TC003_CAMPBasicDetails"/>
  <testcase name="basicDetails" time="160.113" classname="com.CAMP_March23.tc.TC003_CAMPBasicDetails"/>
  <testcase name="basicDetails" time="159.872" classname="com.CAMP_March23.tc.TC003_CAMPBasicDetails"/>
  <testcase name="basicDetails" time="160.254" classname="com.CAMP_March23.tc.TC003_CAMPBasicDetails"/>
  <testcase name="basicDetails" time="162.035" classname="com.CAMP_March23.tc.TC003_CAMPBasicDetails"/>
  <testcase name="basicDetails" time="159.383" classname="com.CAMP_March23.tc.TC003_CAMPBasicDetails"/>
  <testcase name="basicDetails" time="160.306" classname="com.CAMP_March23.tc.TC003_CAMPBasicDetails"/>
  <testcase name="basicDetails" time="162.416" classname="com.CAMP_March23.tc.TC003_CAMPBasicDetails"/>
  <testcase name="basicDetails" time="159.588" classname="com.CAMP_March23.tc.TC003_CAMPBasicDetails"/>
  <testcase name="basicDetails" time="159.754" classname="com.CAMP_March23.tc.TC003_CAMPBasicDetails"/>
  <testcase name="basicDetails" time="162.158" classname="com.CAMP_March23.tc.TC003_CAMPBasicDetails"/>
  <testcase name="basicDetails" time="159.402" classname="com.CAMP_March23.tc.TC003_CAMPBasicDetails"/>
  <testcase name="basicDetails" time="162.541" classname="com.CAMP_March23.tc.TC003_CAMPBasicDetails"/>
  <testcase name="basicDetails" time="159.656" classname="com.CAMP_March23.tc.TC003_CAMPBasicDetails"/>
  <testcase name="basicDetails" time="159.617" classname="com.CAMP_March23.tc.TC003_CAMPBasicDetails"/>
  <testcase name="basicDetails" time="160.062" classname="com.CAMP_March23.tc.TC003_CAMPBasicDetails"/>
  <testcase name="basicDetails" time="160.202" classname="com.CAMP_March23.tc.TC003_CAMPBasicDetails"/>
  <testcase name="basicDetails" time="161.883" classname="com.CAMP_March23.tc.TC003_CAMPBasicDetails"/>
  <testcase name="basicDetails" time="159.809" classname="com.CAMP_March23.tc.TC003_CAMPBasicDetails"/>
  <testcase name="basicDetails" time="160.124" classname="com.CAMP_March23.tc.TC003_CAMPBasicDetails"/>
  <testcase name="basicDetails" time="159.922" classname="com.CAMP_March23.tc.TC003_CAMPBasicDetails"/>
  <testcase name="basicDetails" time="160.059" classname="com.CAMP_March23.tc.TC003_CAMPBasicDetails"/>
  <testcase name="basicDetails" time="160.176" classname="com.CAMP_March23.tc.TC003_CAMPBasicDetails"/>
  <testcase name="basicDetails" time="159.579" classname="com.CAMP_March23.tc.TC003_CAMPBasicDetails"/>
  <testcase name="basicDetails" time="159.758" classname="com.CAMP_March23.tc.TC003_CAMPBasicDetails"/>
  <testcase name="basicDetails" time="160.555" classname="com.CAMP_March23.tc.TC003_CAMPBasicDetails"/>
  <testcase name="basicDetails" time="160.024" classname="com.CAMP_March23.tc.TC003_CAMPBasicDetails"/>
  <testcase name="basicDetails" time="159.660" classname="com.CAMP_March23.tc.TC003_CAMPBasicDetails"/>
  <testcase name="basicDetails" time="160.128" classname="com.CAMP_March23.tc.TC003_CAMPBasicDetails"/>
  <testcase name="basicDetails" time="159.887" classname="com.CAMP_March23.tc.TC003_CAMPBasicDetails"/>
  <testcase name="basicDetails" time="159.435" classname="com.CAMP_March23.tc.TC003_CAMPBasicDetails"/>
  <testcase name="basicDetails" time="162.992" classname="com.CAMP_March23.tc.TC003_CAMPBasicDetails"/>
  <testcase name="basicDetails" time="159.921" classname="com.CAMP_March23.tc.TC003_CAMPBasicDetails"/>
  <testcase name="basicDetails" time="160.081" classname="com.CAMP_March23.tc.TC003_CAMPBasicDetails"/>
  <testcase name="basicDetails" time="159.892" classname="com.CAMP_March23.tc.TC003_CAMPBasicDetails"/>
  <testcase name="basicDetails" time="159.719" classname="com.CAMP_March23.tc.TC003_CAMPBasicDetails"/>
  <testcase name="basicDetails" time="159.542" classname="com.CAMP_March23.tc.TC003_CAMPBasicDetails"/>
  <testcase name="basicDetails" time="160.175" classname="com.CAMP_March23.tc.TC003_CAMPBasicDetails"/>
  <testcase name="basicDetails" time="160.027" classname="com.CAMP_March23.tc.TC003_CAMPBasicDetails"/>
  <testcase name="basicDetails" time="159.467" classname="com.CAMP_March23.tc.TC003_CAMPBasicDetails"/>
  <testcase name="basicDetails" time="159.577" classname="com.CAMP_March23.tc.TC003_CAMPBasicDetails"/>
  <testcase name="basicDetails" time="162.502" classname="com.CAMP_March23.tc.TC003_CAMPBasicDetails"/>
  <testcase name="basicDetails" time="159.583" classname="com.CAMP_March23.tc.TC003_CAMPBasicDetails"/>
  <testcase name="basicDetails" time="159.463" classname="com.CAMP_March23.tc.TC003_CAMPBasicDetails"/>
  <testcase name="basicDetails" time="160.340" classname="com.CAMP_March23.tc.TC003_CAMPBasicDetails"/>
  <testcase name="basicDetails" time="159.955" classname="com.CAMP_March23.tc.TC003_CAMPBasicDetails"/>
  <testcase name="basicDetails" time="159.763" classname="com.CAMP_March23.tc.TC003_CAMPBasicDetails"/>
  <testcase name="basicDetails" time="159.686" classname="com.CAMP_March23.tc.TC003_CAMPBasicDetails"/>
  <testcase name="basicDetails" time="163.341" classname="com.CAMP_March23.tc.TC003_CAMPBasicDetails"/>
  <testcase name="basicDetails" time="159.511" classname="com.CAMP_March23.tc.TC003_CAMPBasicDetails"/>
  <testcase name="basicDetails" time="163.079" classname="com.CAMP_March23.tc.TC003_CAMPBasicDetails"/>
  <testcase name="basicDetails" time="159.672" classname="com.CAMP_March23.tc.TC003_CAMPBasicDetails"/>
  <testcase name="basicDetails" time="159.889" classname="com.CAMP_March23.tc.TC003_CAMPBasicDetails"/>
  <testcase name="basicDetails" time="162.534" classname="com.CAMP_March23.tc.TC003_CAMPBasicDetails"/>
  <testcase name="basicDetails" time="159.684" classname="com.CAMP_March23.tc.TC003_CAMPBasicDetails"/>
  <testcase name="basicDetails" time="159.817" classname="com.CAMP_March23.tc.TC003_CAMPBasicDetails"/>
  <testcase name="basicDetails" time="161.763" classname="com.CAMP_March23.tc.TC003_CAMPBasicDetails"/>
  <testcase name="basicDetails" time="159.721" classname="com.CAMP_March23.tc.TC003_CAMPBasicDetails"/>
  <testcase name="basicDetails" time="160.121" classname="com.CAMP_March23.tc.TC003_CAMPBasicDetails"/>
  <testcase name="basicDetails" time="159.339" classname="com.CAMP_March23.tc.TC003_CAMPBasicDetails"/>
  <testcase name="basicDetails" time="162.778" classname="com.CAMP_March23.tc.TC003_CAMPBasicDetails"/>
  <testcase name="basicDetails" time="159.889" classname="com.CAMP_March23.tc.TC003_CAMPBasicDetails"/>
  <testcase name="basicDetails" time="160.372" classname="com.CAMP_March23.tc.TC003_CAMPBasicDetails"/>
  <testcase name="basicDetails" time="159.831" classname="com.CAMP_March23.tc.TC003_CAMPBasicDetails"/>
  <testcase name="basicDetails" time="160.089" classname="com.CAMP_March23.tc.TC003_CAMPBasicDetails"/>
  <testcase name="basicDetails" time="160.261" classname="com.CAMP_March23.tc.TC003_CAMPBasicDetails"/>
  <testcase name="basicDetails" time="159.824" classname="com.CAMP_March23.tc.TC003_CAMPBasicDetails"/>
  <testcase name="basicDetails" time="159.617" classname="com.CAMP_March23.tc.TC003_CAMPBasicDetails"/>
  <testcase name="basicDetails" time="161.708" classname="com.CAMP_March23.tc.TC003_CAMPBasicDetails"/>
  <testcase name="basicDetails" time="159.986" classname="com.CAMP_March23.tc.TC003_CAMPBasicDetails"/>
  <testcase name="basicDetails" time="160.079" classname="com.CAMP_March23.tc.TC003_CAMPBasicDetails"/>
  <testcase name="basicDetails" time="162.086" classname="com.CAMP_March23.tc.TC003_CAMPBasicDetails"/>
  <testcase name="basicDetails" time="159.897" classname="com.CAMP_March23.tc.TC003_CAMPBasicDetails"/>
  <testcase name="basicDetails" time="159.179" classname="com.CAMP_March23.tc.TC003_CAMPBasicDetails"/>
  <testcase name="basicDetails" time="159.428" classname="com.CAMP_March23.tc.TC003_CAMPBasicDetails"/>
  <testcase name="basicDetails" time="160.072" classname="com.CAMP_March23.tc.TC003_CAMPBasicDetails"/>
  <testcase name="basicDetails" time="159.672" classname="com.CAMP_March23.tc.TC003_CAMPBasicDetails"/>
  <testcase name="basicDetails" time="161.765" classname="com.CAMP_March23.tc.TC003_CAMPBasicDetails"/>
  <testcase name="basicDetails" time="160.141" classname="com.CAMP_March23.tc.TC003_CAMPBasicDetails"/>
  <testcase name="basicDetails" time="160.160" classname="com.CAMP_March23.tc.TC003_CAMPBasicDetails"/>
  <testcase name="basicDetails" time="161.751" classname="com.CAMP_March23.tc.TC003_CAMPBasicDetails"/>
  <testcase name="basicDetails" time="160.245" classname="com.CAMP_March23.tc.TC003_CAMPBasicDetails"/>
  <testcase name="basicDetails" time="159.950" classname="com.CAMP_March23.tc.TC003_CAMPBasicDetails"/>
  <testcase name="basicDetails" time="159.446" classname="com.CAMP_March23.tc.TC003_CAMPBasicDetails"/>
  <testcase name="basicDetails" time="159.743" classname="com.CAMP_March23.tc.TC003_CAMPBasicDetails"/>
  <testcase name="basicDetails" time="159.738" classname="com.CAMP_March23.tc.TC003_CAMPBasicDetails"/>
  <testcase name="basicDetails" time="159.850" classname="com.CAMP_March23.tc.TC003_CAMPBasicDetails"/>
  <testcase name="basicDetails" time="160.220" classname="com.CAMP_March23.tc.TC003_CAMPBasicDetails"/>
  <testcase name="basicDetails" time="158.295" classname="com.CAMP_March23.tc.TC003_CAMPBasicDetails"/>
  <testcase name="basicDetails" time="159.695" classname="com.CAMP_March23.tc.TC003_CAMPBasicDetails"/>
  <testcase name="basicDetails" time="162.028" classname="com.CAMP_March23.tc.TC003_CAMPBasicDetails"/>
  <testcase name="basicDetails" time="160.072" classname="com.CAMP_March23.tc.TC003_CAMPBasicDetails"/>
  <testcase name="basicDetails" time="159.920" classname="com.CAMP_March23.tc.TC003_CAMPBasicDetails"/>
  <testcase name="basicDetails" time="159.715" classname="com.CAMP_March23.tc.TC003_CAMPBasicDetails"/>
  <testcase name="basicDetails" time="160.497" classname="com.CAMP_March23.tc.TC003_CAMPBasicDetails"/>
  <testcase name="basicDetails" time="159.746" classname="com.CAMP_March23.tc.TC003_CAMPBasicDetails"/>
  <testcase name="basicDetails" time="159.412" classname="com.CAMP_March23.tc.TC003_CAMPBasicDetails"/>
  <testcase name="basicDetails" time="162.328" classname="com.CAMP_March23.tc.TC003_CAMPBasicDetails"/>
  <testcase name="basicDetails" time="163.149" classname="com.CAMP_March23.tc.TC003_CAMPBasicDetails"/>
  <testcase name="basicDetails" time="158.843" classname="com.CAMP_March23.tc.TC003_CAMPBasicDetails"/>
  <testcase name="basicDetails" time="159.950" classname="com.CAMP_March23.tc.TC003_CAMPBasicDetails"/>
  <testcase name="basicDetails" time="160.063" classname="com.CAMP_March23.tc.TC003_CAMPBasicDetails"/>
  <testcase name="basicDetails" time="159.403" classname="com.CAMP_March23.tc.TC003_CAMPBasicDetails"/>
  <testcase name="basicDetails" time="160.337" classname="com.CAMP_March23.tc.TC003_CAMPBasicDetails"/>
  <testcase name="basicDetails" time="160.071" classname="com.CAMP_March23.tc.TC003_CAMPBasicDetails"/>
  <testcase name="basicDetails" time="159.402" classname="com.CAMP_March23.tc.TC003_CAMPBasicDetails"/>
  <testcase name="basicDetails" time="159.938" classname="com.CAMP_March23.tc.TC003_CAMPBasicDetails"/>
  <testcase name="basicDetails" time="159.673" classname="com.CAMP_March23.tc.TC003_CAMPBasicDetails"/>
  <testcase name="basicDetails" time="159.628" classname="com.CAMP_March23.tc.TC003_CAMPBasicDetails"/>
  <testcase name="basicDetails" time="160.029" classname="com.CAMP_March23.tc.TC003_CAMPBasicDetails"/>
  <testcase name="basicDetails" time="161.727" classname="com.CAMP_March23.tc.TC003_CAMPBasicDetails"/>
  <testcase name="basicDetails" time="160.064" classname="com.CAMP_March23.tc.TC003_CAMPBasicDetails"/>
  <testcase name="basicDetails" time="161.572" classname="com.CAMP_March23.tc.TC003_CAMPBasicDetails"/>
  <testcase name="basicDetails" time="160.170" classname="com.CAMP_March23.tc.TC003_CAMPBasicDetails"/>
  <testcase name="basicDetails" time="162.045" classname="com.CAMP_March23.tc.TC003_CAMPBasicDetails"/>
  <testcase name="basicDetails" time="159.788" classname="com.CAMP_March23.tc.TC003_CAMPBasicDetails"/>
  <testcase name="basicDetails" time="159.976" classname="com.CAMP_March23.tc.TC003_CAMPBasicDetails"/>
  <testcase name="basicDetails" time="160.072" classname="com.CAMP_March23.tc.TC003_CAMPBasicDetails"/>
  <testcase name="basicDetails" time="159.561" classname="com.CAMP_March23.tc.TC003_CAMPBasicDetails"/>
  <testcase name="basicDetails" time="159.798" classname="com.CAMP_March23.tc.TC003_CAMPBasicDetails"/>
  <testcase name="basicDetails" time="159.878" classname="com.CAMP_March23.tc.TC003_CAMPBasicDetails"/>
  <testcase name="basicDetails" time="159.849" classname="com.CAMP_March23.tc.TC003_CAMPBasicDetails"/>
  <testcase name="basicDetails" time="159.407" classname="com.CAMP_March23.tc.TC003_CAMPBasicDetails"/>
  <testcase name="basicDetails" time="159.581" classname="com.CAMP_March23.tc.TC003_CAMPBasicDetails"/>
  <testcase name="basicDetails" time="159.671" classname="com.CAMP_March23.tc.TC003_CAMPBasicDetails"/>
  <testcase name="basicDetails" time="158.025" classname="com.CAMP_March23.tc.TC003_CAMPBasicDetails"/>
  <testcase name="basicDetails" time="162.247" classname="com.CAMP_March23.tc.TC003_CAMPBasicDetails"/>
  <testcase name="basicDetails" time="163.491" classname="com.CAMP_March23.tc.TC003_CAMPBasicDetails"/>
  <testcase name="basicDetails" time="159.820" classname="com.CAMP_March23.tc.TC003_CAMPBasicDetails"/>
  <testcase name="basicDetails" time="160.485" classname="com.CAMP_March23.tc.TC003_CAMPBasicDetails"/>
  <testcase name="basicDetails" time="159.876" classname="com.CAMP_March23.tc.TC003_CAMPBasicDetails"/>
  <testcase name="basicDetails" time="160.182" classname="com.CAMP_March23.tc.TC003_CAMPBasicDetails"/>
  <testcase name="basicDetails" time="160.069" classname="com.CAMP_March23.tc.TC003_CAMPBasicDetails"/>
  <testcase name="basicDetails" time="159.786" classname="com.CAMP_March23.tc.TC003_CAMPBasicDetails"/>
  <testcase name="basicDetails" time="159.691" classname="com.CAMP_March23.tc.TC003_CAMPBasicDetails"/>
  <testcase name="basicDetails" time="159.941" classname="com.CAMP_March23.tc.TC003_CAMPBasicDetails"/>
  <testcase name="basicDetails" time="159.669" classname="com.CAMP_March23.tc.TC003_CAMPBasicDetails"/>
  <testcase name="basicDetails" time="164.477" classname="com.CAMP_March23.tc.TC003_CAMPBasicDetails"/>
  <testcase name="basicDetails" time="162.479" classname="com.CAMP_March23.tc.TC003_CAMPBasicDetails"/>
  <testcase name="basicDetails" time="159.606" classname="com.CAMP_March23.tc.TC003_CAMPBasicDetails"/>
  <testcase name="basicDetails" time="159.452" classname="com.CAMP_March23.tc.TC003_CAMPBasicDetails"/>
  <testcase name="basicDetails" time="159.788" classname="com.CAMP_March23.tc.TC003_CAMPBasicDetails"/>
  <testcase name="basicDetails" time="159.746" classname="com.CAMP_March23.tc.TC003_CAMPBasicDetails"/>
  <testcase name="basicDetails" time="160.805" classname="com.CAMP_March23.tc.TC003_CAMPBasicDetails"/>
  <testcase name="basicDetails" time="160.103" classname="com.CAMP_March23.tc.TC003_CAMPBasicDetails"/>
  <testcase name="basicDetails" time="159.983" classname="com.CAMP_March23.tc.TC003_CAMPBasicDetails"/>
  <testcase name="basicDetails" time="159.779" classname="com.CAMP_March23.tc.TC003_CAMPBasicDetails"/>
  <testcase name="basicDetails" time="160.277" classname="com.CAMP_March23.tc.TC003_CAMPBasicDetails"/>
</testsuite> <!-- com.CAMP_March23.tc.TC003_CAMPBasicDetails -->
