<?xml version="1.0" encoding="UTF-8"?>
<!-- Generated by org.testng.reporters.JUnitReportReporter -->
<testsuite skipped="0" hostname="MAA014482B" name="com.DAMBCD_June23.tc.TC001_DAMBasicDetails" tests="180" failures="0" timestamp="2023-07-16T22:57:26 IST" time="31930.029" errors="0">
  <testcase name="basicDetails" time="167.709" classname="com.DAMBCD_June23.tc.TC001_DAMBasicDetails"/>
  <testcase name="basicDetails" time="189.854" classname="com.DAMBCD_June23.tc.TC001_DAMBasicDetails"/>
  <testcase name="basicDetails" time="169.597" classname="com.DAMBCD_June23.tc.TC001_DAMBasicDetails"/>
  <testcase name="basicDetails" time="167.884" classname="com.DAMBCD_June23.tc.TC001_DAMBasicDetails"/>
  <testcase name="basicDetails" time="167.633" classname="com.DAMBCD_June23.tc.TC001_DAMBasicDetails"/>
  <testcase name="basicDetails" time="167.839" classname="com.DAMBCD_June23.tc.TC001_DAMBasicDetails"/>
  <testcase name="basicDetails" time="167.362" classname="com.DAMBCD_June23.tc.TC001_DAMBasicDetails"/>
  <testcase name="basicDetails" time="167.576" classname="com.DAMBCD_June23.tc.TC001_DAMBasicDetails"/>
  <testcase name="basicDetails" time="190.116" classname="com.DAMBCD_June23.tc.TC001_DAMBasicDetails"/>
  <testcase name="basicDetails" time="169.864" classname="com.DAMBCD_June23.tc.TC001_DAMBasicDetails"/>
  <testcase name="basicDetails" time="167.699" classname="com.DAMBCD_June23.tc.TC001_DAMBasicDetails"/>
  <testcase name="basicDetails" time="189.939" classname="com.DAMBCD_June23.tc.TC001_DAMBasicDetails"/>
  <testcase name="basicDetails" time="169.831" classname="com.DAMBCD_June23.tc.TC001_DAMBasicDetails"/>
  <testcase name="basicDetails" time="191.942" classname="com.DAMBCD_June23.tc.TC001_DAMBasicDetails"/>
  <testcase name="basicDetails" time="189.914" classname="com.DAMBCD_June23.tc.TC001_DAMBasicDetails"/>
  <testcase name="basicDetails" time="189.619" classname="com.DAMBCD_June23.tc.TC001_DAMBasicDetails"/>
  <testcase name="basicDetails" time="167.484" classname="com.DAMBCD_June23.tc.TC001_DAMBasicDetails"/>
  <testcase name="basicDetails" time="170.001" classname="com.DAMBCD_June23.tc.TC001_DAMBasicDetails"/>
  <testcase name="basicDetails" time="170.088" classname="com.DAMBCD_June23.tc.TC001_DAMBasicDetails"/>
  <testcase name="basicDetails" time="167.278" classname="com.DAMBCD_June23.tc.TC001_DAMBasicDetails"/>
  <testcase name="basicDetails" time="189.848" classname="com.DAMBCD_June23.tc.TC001_DAMBasicDetails"/>
  <testcase name="basicDetails" time="190.221" classname="com.DAMBCD_June23.tc.TC001_DAMBasicDetails"/>
  <testcase name="basicDetails" time="167.567" classname="com.DAMBCD_June23.tc.TC001_DAMBasicDetails"/>
  <testcase name="basicDetails" time="167.589" classname="com.DAMBCD_June23.tc.TC001_DAMBasicDetails"/>
  <testcase name="basicDetails" time="190.012" classname="com.DAMBCD_June23.tc.TC001_DAMBasicDetails"/>
  <testcase name="basicDetails" time="192.503" classname="com.DAMBCD_June23.tc.TC001_DAMBasicDetails"/>
  <testcase name="basicDetails" time="189.949" classname="com.DAMBCD_June23.tc.TC001_DAMBasicDetails"/>
  <testcase name="basicDetails" time="167.495" classname="com.DAMBCD_June23.tc.TC001_DAMBasicDetails"/>
  <testcase name="basicDetails" time="189.663" classname="com.DAMBCD_June23.tc.TC001_DAMBasicDetails"/>
  <testcase name="basicDetails" time="167.842" classname="com.DAMBCD_June23.tc.TC001_DAMBasicDetails"/>
  <testcase name="basicDetails" time="192.498" classname="com.DAMBCD_June23.tc.TC001_DAMBasicDetails"/>
  <testcase name="basicDetails" time="169.873" classname="com.DAMBCD_June23.tc.TC001_DAMBasicDetails"/>
  <testcase name="basicDetails" time="167.032" classname="com.DAMBCD_June23.tc.TC001_DAMBasicDetails"/>
  <testcase name="basicDetails" time="189.611" classname="com.DAMBCD_June23.tc.TC001_DAMBasicDetails"/>
  <testcase name="basicDetails" time="189.946" classname="com.DAMBCD_June23.tc.TC001_DAMBasicDetails"/>
  <testcase name="basicDetails" time="167.730" classname="com.DAMBCD_June23.tc.TC001_DAMBasicDetails"/>
  <testcase name="basicDetails" time="189.707" classname="com.DAMBCD_June23.tc.TC001_DAMBasicDetails"/>
  <testcase name="basicDetails" time="168.139" classname="com.DAMBCD_June23.tc.TC001_DAMBasicDetails"/>
  <testcase name="basicDetails" time="169.969" classname="com.DAMBCD_June23.tc.TC001_DAMBasicDetails"/>
  <testcase name="basicDetails" time="167.663" classname="com.DAMBCD_June23.tc.TC001_DAMBasicDetails"/>
  <testcase name="basicDetails" time="192.286" classname="com.DAMBCD_June23.tc.TC001_DAMBasicDetails"/>
  <testcase name="basicDetails" time="189.829" classname="com.DAMBCD_June23.tc.TC001_DAMBasicDetails"/>
  <testcase name="basicDetails" time="167.544" classname="com.DAMBCD_June23.tc.TC001_DAMBasicDetails"/>
  <testcase name="basicDetails" time="167.525" classname="com.DAMBCD_June23.tc.TC001_DAMBasicDetails"/>
  <testcase name="basicDetails" time="167.716" classname="com.DAMBCD_June23.tc.TC001_DAMBasicDetails"/>
  <testcase name="basicDetails" time="192.430" classname="com.DAMBCD_June23.tc.TC001_DAMBasicDetails"/>
  <testcase name="basicDetails" time="190.159" classname="com.DAMBCD_June23.tc.TC001_DAMBasicDetails"/>
  <testcase name="basicDetails" time="167.800" classname="com.DAMBCD_June23.tc.TC001_DAMBasicDetails"/>
  <testcase name="basicDetails" time="190.088" classname="com.DAMBCD_June23.tc.TC001_DAMBasicDetails"/>
  <testcase name="basicDetails" time="167.661" classname="com.DAMBCD_June23.tc.TC001_DAMBasicDetails"/>
  <testcase name="basicDetails" time="189.899" classname="com.DAMBCD_June23.tc.TC001_DAMBasicDetails"/>
  <testcase name="basicDetails" time="167.655" classname="com.DAMBCD_June23.tc.TC001_DAMBasicDetails"/>
  <testcase name="basicDetails" time="192.226" classname="com.DAMBCD_June23.tc.TC001_DAMBasicDetails"/>
  <testcase name="basicDetails" time="168.026" classname="com.DAMBCD_June23.tc.TC001_DAMBasicDetails"/>
  <testcase name="basicDetails" time="167.372" classname="com.DAMBCD_June23.tc.TC001_DAMBasicDetails"/>
  <testcase name="basicDetails" time="162.806" classname="com.DAMBCD_June23.tc.TC001_DAMBasicDetails"/>
  <testcase name="basicDetails" time="190.087" classname="com.DAMBCD_June23.tc.TC001_DAMBasicDetails"/>
  <testcase name="basicDetails" time="189.815" classname="com.DAMBCD_June23.tc.TC001_DAMBasicDetails"/>
  <testcase name="basicDetails" time="167.552" classname="com.DAMBCD_June23.tc.TC001_DAMBasicDetails"/>
  <testcase name="basicDetails" time="169.904" classname="com.DAMBCD_June23.tc.TC001_DAMBasicDetails"/>
  <testcase name="basicDetails" time="167.696" classname="com.DAMBCD_June23.tc.TC001_DAMBasicDetails"/>
  <testcase name="basicDetails" time="167.687" classname="com.DAMBCD_June23.tc.TC001_DAMBasicDetails"/>
  <testcase name="basicDetails" time="189.862" classname="com.DAMBCD_June23.tc.TC001_DAMBasicDetails"/>
  <testcase name="basicDetails" time="167.466" classname="com.DAMBCD_June23.tc.TC001_DAMBasicDetails"/>
  <testcase name="basicDetails" time="169.944" classname="com.DAMBCD_June23.tc.TC001_DAMBasicDetails"/>
  <testcase name="basicDetails" time="189.758" classname="com.DAMBCD_June23.tc.TC001_DAMBasicDetails"/>
  <testcase name="basicDetails" time="167.455" classname="com.DAMBCD_June23.tc.TC001_DAMBasicDetails"/>
  <testcase name="basicDetails" time="190.281" classname="com.DAMBCD_June23.tc.TC001_DAMBasicDetails"/>
  <testcase name="basicDetails" time="189.656" classname="com.DAMBCD_June23.tc.TC001_DAMBasicDetails"/>
  <testcase name="basicDetails" time="167.663" classname="com.DAMBCD_June23.tc.TC001_DAMBasicDetails"/>
  <testcase name="basicDetails" time="169.742" classname="com.DAMBCD_June23.tc.TC001_DAMBasicDetails"/>
  <testcase name="basicDetails" time="162.723" classname="com.DAMBCD_June23.tc.TC001_DAMBasicDetails"/>
  <testcase name="basicDetails" time="192.289" classname="com.DAMBCD_June23.tc.TC001_DAMBasicDetails"/>
  <testcase name="basicDetails" time="167.656" classname="com.DAMBCD_June23.tc.TC001_DAMBasicDetails"/>
  <testcase name="basicDetails" time="189.813" classname="com.DAMBCD_June23.tc.TC001_DAMBasicDetails"/>
  <testcase name="basicDetails" time="167.701" classname="com.DAMBCD_June23.tc.TC001_DAMBasicDetails"/>
  <testcase name="basicDetails" time="169.252" classname="com.DAMBCD_June23.tc.TC001_DAMBasicDetails"/>
  <testcase name="basicDetails" time="189.846" classname="com.DAMBCD_June23.tc.TC001_DAMBasicDetails"/>
  <testcase name="basicDetails" time="189.815" classname="com.DAMBCD_June23.tc.TC001_DAMBasicDetails"/>
  <testcase name="basicDetails" time="189.879" classname="com.DAMBCD_June23.tc.TC001_DAMBasicDetails"/>
  <testcase name="basicDetails" time="169.746" classname="com.DAMBCD_June23.tc.TC001_DAMBasicDetails"/>
  <testcase name="basicDetails" time="189.972" classname="com.DAMBCD_June23.tc.TC001_DAMBasicDetails"/>
  <testcase name="basicDetails" time="190.230" classname="com.DAMBCD_June23.tc.TC001_DAMBasicDetails"/>
  <testcase name="basicDetails" time="167.531" classname="com.DAMBCD_June23.tc.TC001_DAMBasicDetails"/>
  <testcase name="basicDetails" time="170.318" classname="com.DAMBCD_June23.tc.TC001_DAMBasicDetails"/>
  <testcase name="basicDetails" time="167.615" classname="com.DAMBCD_June23.tc.TC001_DAMBasicDetails"/>
  <testcase name="basicDetails" time="189.783" classname="com.DAMBCD_June23.tc.TC001_DAMBasicDetails"/>
  <testcase name="basicDetails" time="192.691" classname="com.DAMBCD_June23.tc.TC001_DAMBasicDetails"/>
  <testcase name="basicDetails" time="189.946" classname="com.DAMBCD_June23.tc.TC001_DAMBasicDetails"/>
  <testcase name="basicDetails" time="189.643" classname="com.DAMBCD_June23.tc.TC001_DAMBasicDetails"/>
  <testcase name="basicDetails" time="169.873" classname="com.DAMBCD_June23.tc.TC001_DAMBasicDetails"/>
  <testcase name="basicDetails" time="189.992" classname="com.DAMBCD_June23.tc.TC001_DAMBasicDetails"/>
  <testcase name="basicDetails" time="167.285" classname="com.DAMBCD_June23.tc.TC001_DAMBasicDetails"/>
  <testcase name="basicDetails" time="169.905" classname="com.DAMBCD_June23.tc.TC001_DAMBasicDetails"/>
  <testcase name="basicDetails" time="167.689" classname="com.DAMBCD_June23.tc.TC001_DAMBasicDetails"/>
  <testcase name="basicDetails" time="169.885" classname="com.DAMBCD_June23.tc.TC001_DAMBasicDetails"/>
  <testcase name="basicDetails" time="169.672" classname="com.DAMBCD_June23.tc.TC001_DAMBasicDetails"/>
  <testcase name="basicDetails" time="189.589" classname="com.DAMBCD_June23.tc.TC001_DAMBasicDetails"/>
  <testcase name="basicDetails" time="167.562" classname="com.DAMBCD_June23.tc.TC001_DAMBasicDetails"/>
  <testcase name="basicDetails" time="168.077" classname="com.DAMBCD_June23.tc.TC001_DAMBasicDetails"/>
  <testcase name="basicDetails" time="167.675" classname="com.DAMBCD_June23.tc.TC001_DAMBasicDetails"/>
  <testcase name="basicDetails" time="189.720" classname="com.DAMBCD_June23.tc.TC001_DAMBasicDetails"/>
  <testcase name="basicDetails" time="190.101" classname="com.DAMBCD_June23.tc.TC001_DAMBasicDetails"/>
  <testcase name="basicDetails" time="170.060" classname="com.DAMBCD_June23.tc.TC001_DAMBasicDetails"/>
  <testcase name="basicDetails" time="189.973" classname="com.DAMBCD_June23.tc.TC001_DAMBasicDetails"/>
  <testcase name="basicDetails" time="192.290" classname="com.DAMBCD_June23.tc.TC001_DAMBasicDetails"/>
  <testcase name="basicDetails" time="167.529" classname="com.DAMBCD_June23.tc.TC001_DAMBasicDetails"/>
  <testcase name="basicDetails" time="167.561" classname="com.DAMBCD_June23.tc.TC001_DAMBasicDetails"/>
  <testcase name="basicDetails" time="189.509" classname="com.DAMBCD_June23.tc.TC001_DAMBasicDetails"/>
  <testcase name="basicDetails" time="167.590" classname="com.DAMBCD_June23.tc.TC001_DAMBasicDetails"/>
  <testcase name="basicDetails" time="189.965" classname="com.DAMBCD_June23.tc.TC001_DAMBasicDetails"/>
  <testcase name="basicDetails" time="169.576" classname="com.DAMBCD_June23.tc.TC001_DAMBasicDetails"/>
  <testcase name="basicDetails" time="167.448" classname="com.DAMBCD_June23.tc.TC001_DAMBasicDetails"/>
  <testcase name="basicDetails" time="192.179" classname="com.DAMBCD_June23.tc.TC001_DAMBasicDetails"/>
  <testcase name="basicDetails" time="170.113" classname="com.DAMBCD_June23.tc.TC001_DAMBasicDetails"/>
  <testcase name="basicDetails" time="189.594" classname="com.DAMBCD_June23.tc.TC001_DAMBasicDetails"/>
  <testcase name="basicDetails" time="192.277" classname="com.DAMBCD_June23.tc.TC001_DAMBasicDetails"/>
  <testcase name="basicDetails" time="167.986" classname="com.DAMBCD_June23.tc.TC001_DAMBasicDetails"/>
  <testcase name="basicDetails" time="169.908" classname="com.DAMBCD_June23.tc.TC001_DAMBasicDetails"/>
  <testcase name="basicDetails" time="189.971" classname="com.DAMBCD_June23.tc.TC001_DAMBasicDetails"/>
  <testcase name="basicDetails" time="189.805" classname="com.DAMBCD_June23.tc.TC001_DAMBasicDetails"/>
  <testcase name="basicDetails" time="189.906" classname="com.DAMBCD_June23.tc.TC001_DAMBasicDetails"/>
  <testcase name="basicDetails" time="167.547" classname="com.DAMBCD_June23.tc.TC001_DAMBasicDetails"/>
  <testcase name="basicDetails" time="169.697" classname="com.DAMBCD_June23.tc.TC001_DAMBasicDetails"/>
  <testcase name="basicDetails" time="167.552" classname="com.DAMBCD_June23.tc.TC001_DAMBasicDetails"/>
  <testcase name="basicDetails" time="167.130" classname="com.DAMBCD_June23.tc.TC001_DAMBasicDetails"/>
  <testcase name="basicDetails" time="167.288" classname="com.DAMBCD_June23.tc.TC001_DAMBasicDetails"/>
  <testcase name="basicDetails" time="189.982" classname="com.DAMBCD_June23.tc.TC001_DAMBasicDetails"/>
  <testcase name="basicDetails" time="189.918" classname="com.DAMBCD_June23.tc.TC001_DAMBasicDetails"/>
  <testcase name="basicDetails" time="189.876" classname="com.DAMBCD_June23.tc.TC001_DAMBasicDetails"/>
  <testcase name="basicDetails" time="190.051" classname="com.DAMBCD_June23.tc.TC001_DAMBasicDetails"/>
  <testcase name="basicDetails" time="167.449" classname="com.DAMBCD_June23.tc.TC001_DAMBasicDetails"/>
  <testcase name="basicDetails" time="192.395" classname="com.DAMBCD_June23.tc.TC001_DAMBasicDetails"/>
  <testcase name="basicDetails" time="189.685" classname="com.DAMBCD_June23.tc.TC001_DAMBasicDetails"/>
  <testcase name="basicDetails" time="167.519" classname="com.DAMBCD_June23.tc.TC001_DAMBasicDetails"/>
  <testcase name="basicDetails" time="192.034" classname="com.DAMBCD_June23.tc.TC001_DAMBasicDetails"/>
  <testcase name="basicDetails" time="168.304" classname="com.DAMBCD_June23.tc.TC001_DAMBasicDetails"/>
  <testcase name="basicDetails" time="167.726" classname="com.DAMBCD_June23.tc.TC001_DAMBasicDetails"/>
  <testcase name="basicDetails" time="189.989" classname="com.DAMBCD_June23.tc.TC001_DAMBasicDetails"/>
  <testcase name="basicDetails" time="167.904" classname="com.DAMBCD_June23.tc.TC001_DAMBasicDetails"/>
  <testcase name="basicDetails" time="192.146" classname="com.DAMBCD_June23.tc.TC001_DAMBasicDetails"/>
  <testcase name="basicDetails" time="167.801" classname="com.DAMBCD_June23.tc.TC001_DAMBasicDetails"/>
  <testcase name="basicDetails" time="189.789" classname="com.DAMBCD_June23.tc.TC001_DAMBasicDetails"/>
  <testcase name="basicDetails" time="169.586" classname="com.DAMBCD_June23.tc.TC001_DAMBasicDetails"/>
  <testcase name="basicDetails" time="190.093" classname="com.DAMBCD_June23.tc.TC001_DAMBasicDetails"/>
  <testcase name="basicDetails" time="167.759" classname="com.DAMBCD_June23.tc.TC001_DAMBasicDetails"/>
  <testcase name="basicDetails" time="169.618" classname="com.DAMBCD_June23.tc.TC001_DAMBasicDetails"/>
  <testcase name="basicDetails" time="189.844" classname="com.DAMBCD_June23.tc.TC001_DAMBasicDetails"/>
  <testcase name="basicDetails" time="167.502" classname="com.DAMBCD_June23.tc.TC001_DAMBasicDetails"/>
  <testcase name="basicDetails" time="189.743" classname="com.DAMBCD_June23.tc.TC001_DAMBasicDetails"/>
  <testcase name="basicDetails" time="167.702" classname="com.DAMBCD_June23.tc.TC001_DAMBasicDetails"/>
  <testcase name="basicDetails" time="167.593" classname="com.DAMBCD_June23.tc.TC001_DAMBasicDetails"/>
  <testcase name="basicDetails" time="190.081" classname="com.DAMBCD_June23.tc.TC001_DAMBasicDetails"/>
  <testcase name="basicDetails" time="189.991" classname="com.DAMBCD_June23.tc.TC001_DAMBasicDetails"/>
  <testcase name="basicDetails" time="167.918" classname="com.DAMBCD_June23.tc.TC001_DAMBasicDetails"/>
  <testcase name="basicDetails" time="162.448" classname="com.DAMBCD_June23.tc.TC001_DAMBasicDetails"/>
  <testcase name="basicDetails" time="169.936" classname="com.DAMBCD_June23.tc.TC001_DAMBasicDetails"/>
  <testcase name="basicDetails" time="167.686" classname="com.DAMBCD_June23.tc.TC001_DAMBasicDetails"/>
  <testcase name="basicDetails" time="189.795" classname="com.DAMBCD_June23.tc.TC001_DAMBasicDetails"/>
  <testcase name="basicDetails" time="167.564" classname="com.DAMBCD_June23.tc.TC001_DAMBasicDetails"/>
  <testcase name="basicDetails" time="189.808" classname="com.DAMBCD_June23.tc.TC001_DAMBasicDetails"/>
  <testcase name="basicDetails" time="169.696" classname="com.DAMBCD_June23.tc.TC001_DAMBasicDetails"/>
  <testcase name="basicDetails" time="167.607" classname="com.DAMBCD_June23.tc.TC001_DAMBasicDetails"/>
  <testcase name="basicDetails" time="167.458" classname="com.DAMBCD_June23.tc.TC001_DAMBasicDetails"/>
  <testcase name="basicDetails" time="192.166" classname="com.DAMBCD_June23.tc.TC001_DAMBasicDetails"/>
  <testcase name="basicDetails" time="167.641" classname="com.DAMBCD_June23.tc.TC001_DAMBasicDetails"/>
  <testcase name="basicDetails" time="167.852" classname="com.DAMBCD_June23.tc.TC001_DAMBasicDetails"/>
  <testcase name="basicDetails" time="167.914" classname="com.DAMBCD_June23.tc.TC001_DAMBasicDetails"/>
  <testcase name="basicDetails" time="190.036" classname="com.DAMBCD_June23.tc.TC001_DAMBasicDetails"/>
  <testcase name="basicDetails" time="169.968" classname="com.DAMBCD_June23.tc.TC001_DAMBasicDetails"/>
  <testcase name="basicDetails" time="169.740" classname="com.DAMBCD_June23.tc.TC001_DAMBasicDetails"/>
  <testcase name="basicDetails" time="192.216" classname="com.DAMBCD_June23.tc.TC001_DAMBasicDetails"/>
  <testcase name="basicDetails" time="162.761" classname="com.DAMBCD_June23.tc.TC001_DAMBasicDetails"/>
  <testcase name="basicDetails" time="189.862" classname="com.DAMBCD_June23.tc.TC001_DAMBasicDetails"/>
  <testcase name="basicDetails" time="167.576" classname="com.DAMBCD_June23.tc.TC001_DAMBasicDetails"/>
  <testcase name="basicDetails" time="169.335" classname="com.DAMBCD_June23.tc.TC001_DAMBasicDetails"/>
  <testcase name="basicDetails" time="170.295" classname="com.DAMBCD_June23.tc.TC001_DAMBasicDetails"/>
  <testcase name="basicDetails" time="167.827" classname="com.DAMBCD_June23.tc.TC001_DAMBasicDetails"/>
  <testcase name="basicDetails" time="167.541" classname="com.DAMBCD_June23.tc.TC001_DAMBasicDetails"/>
  <testcase name="basicDetails" time="169.702" classname="com.DAMBCD_June23.tc.TC001_DAMBasicDetails"/>
</testsuite> <!-- com.DAMBCD_June23.tc.TC001_DAMBasicDetails -->
