<?xml version="1.0" encoding="UTF-8"?>
<!-- Generated by org.testng.reporters.JUnitReportReporter -->
<testsuite skipped="0" hostname="MAA014482B" name="com.SPMCILHy_19Sep22.tc.TC003_SPMCILBasicDetails" tests="52" failures="0" timestamp="2022-09-29T14:30:17 IST" time="8318.567" errors="0">
  <testcase name="basicDetails" time="159.481" classname="com.SPMCILHy_19Sep22.tc.TC003_SPMCILBasicDetails"/>
  <testcase name="basicDetails" time="160.161" classname="com.SPMCILHy_19Sep22.tc.TC003_SPMCILBasicDetails"/>
  <testcase name="basicDetails" time="159.471" classname="com.SPMCILHy_19Sep22.tc.TC003_SPMCILBasicDetails"/>
  <testcase name="basicDetails" time="160.681" classname="com.SPMCILHy_19Sep22.tc.TC003_SPMCILBasicDetails"/>
  <testcase name="basicDetails" time="159.905" classname="com.SPMCILHy_19Sep22.tc.TC003_SPMCILBasicDetails"/>
  <testcase name="basicDetails" time="159.744" classname="com.SPMCILHy_19Sep22.tc.TC003_SPMCILBasicDetails"/>
  <testcase name="basicDetails" time="159.804" classname="com.SPMCILHy_19Sep22.tc.TC003_SPMCILBasicDetails"/>
  <testcase name="basicDetails" time="160.003" classname="com.SPMCILHy_19Sep22.tc.TC003_SPMCILBasicDetails"/>
  <testcase name="basicDetails" time="159.963" classname="com.SPMCILHy_19Sep22.tc.TC003_SPMCILBasicDetails"/>
  <testcase name="basicDetails" time="160.862" classname="com.SPMCILHy_19Sep22.tc.TC003_SPMCILBasicDetails"/>
  <testcase name="basicDetails" time="159.009" classname="com.SPMCILHy_19Sep22.tc.TC003_SPMCILBasicDetails"/>
  <testcase name="basicDetails" time="159.725" classname="com.SPMCILHy_19Sep22.tc.TC003_SPMCILBasicDetails"/>
  <testcase name="basicDetails" time="162.275" classname="com.SPMCILHy_19Sep22.tc.TC003_SPMCILBasicDetails"/>
  <testcase name="basicDetails" time="159.909" classname="com.SPMCILHy_19Sep22.tc.TC003_SPMCILBasicDetails"/>
  <testcase name="basicDetails" time="160.831" classname="com.SPMCILHy_19Sep22.tc.TC003_SPMCILBasicDetails"/>
  <testcase name="basicDetails" time="160.555" classname="com.SPMCILHy_19Sep22.tc.TC003_SPMCILBasicDetails"/>
  <testcase name="basicDetails" time="159.748" classname="com.SPMCILHy_19Sep22.tc.TC003_SPMCILBasicDetails"/>
  <testcase name="basicDetails" time="159.591" classname="com.SPMCILHy_19Sep22.tc.TC003_SPMCILBasicDetails"/>
  <testcase name="basicDetails" time="158.896" classname="com.SPMCILHy_19Sep22.tc.TC003_SPMCILBasicDetails"/>
  <testcase name="basicDetails" time="160.283" classname="com.SPMCILHy_19Sep22.tc.TC003_SPMCILBasicDetails"/>
  <testcase name="basicDetails" time="160.159" classname="com.SPMCILHy_19Sep22.tc.TC003_SPMCILBasicDetails"/>
  <testcase name="basicDetails" time="159.202" classname="com.SPMCILHy_19Sep22.tc.TC003_SPMCILBasicDetails"/>
  <testcase name="basicDetails" time="158.799" classname="com.SPMCILHy_19Sep22.tc.TC003_SPMCILBasicDetails"/>
  <testcase name="basicDetails" time="160.414" classname="com.SPMCILHy_19Sep22.tc.TC003_SPMCILBasicDetails"/>
  <testcase name="basicDetails" time="159.521" classname="com.SPMCILHy_19Sep22.tc.TC003_SPMCILBasicDetails"/>
  <testcase name="basicDetails" time="159.605" classname="com.SPMCILHy_19Sep22.tc.TC003_SPMCILBasicDetails"/>
  <testcase name="basicDetails" time="160.417" classname="com.SPMCILHy_19Sep22.tc.TC003_SPMCILBasicDetails"/>
  <testcase name="basicDetails" time="159.602" classname="com.SPMCILHy_19Sep22.tc.TC003_SPMCILBasicDetails"/>
  <testcase name="basicDetails" time="160.358" classname="com.SPMCILHy_19Sep22.tc.TC003_SPMCILBasicDetails"/>
  <testcase name="basicDetails" time="159.878" classname="com.SPMCILHy_19Sep22.tc.TC003_SPMCILBasicDetails"/>
  <testcase name="basicDetails" time="159.928" classname="com.SPMCILHy_19Sep22.tc.TC003_SPMCILBasicDetails"/>
  <testcase name="basicDetails" time="159.555" classname="com.SPMCILHy_19Sep22.tc.TC003_SPMCILBasicDetails"/>
  <testcase name="basicDetails" time="160.405" classname="com.SPMCILHy_19Sep22.tc.TC003_SPMCILBasicDetails"/>
  <testcase name="basicDetails" time="160.670" classname="com.SPMCILHy_19Sep22.tc.TC003_SPMCILBasicDetails"/>
  <testcase name="basicDetails" time="159.513" classname="com.SPMCILHy_19Sep22.tc.TC003_SPMCILBasicDetails"/>
  <testcase name="basicDetails" time="159.570" classname="com.SPMCILHy_19Sep22.tc.TC003_SPMCILBasicDetails"/>
  <testcase name="basicDetails" time="159.751" classname="com.SPMCILHy_19Sep22.tc.TC003_SPMCILBasicDetails"/>
  <testcase name="basicDetails" time="159.327" classname="com.SPMCILHy_19Sep22.tc.TC003_SPMCILBasicDetails"/>
  <testcase name="basicDetails" time="159.142" classname="com.SPMCILHy_19Sep22.tc.TC003_SPMCILBasicDetails"/>
  <testcase name="basicDetails" time="159.943" classname="com.SPMCILHy_19Sep22.tc.TC003_SPMCILBasicDetails"/>
  <testcase name="basicDetails" time="160.524" classname="com.SPMCILHy_19Sep22.tc.TC003_SPMCILBasicDetails"/>
  <testcase name="basicDetails" time="159.657" classname="com.SPMCILHy_19Sep22.tc.TC003_SPMCILBasicDetails"/>
  <testcase name="basicDetails" time="160.830" classname="com.SPMCILHy_19Sep22.tc.TC003_SPMCILBasicDetails"/>
  <testcase name="basicDetails" time="160.803" classname="com.SPMCILHy_19Sep22.tc.TC003_SPMCILBasicDetails"/>
  <testcase name="basicDetails" time="158.908" classname="com.SPMCILHy_19Sep22.tc.TC003_SPMCILBasicDetails"/>
  <testcase name="basicDetails" time="160.361" classname="com.SPMCILHy_19Sep22.tc.TC003_SPMCILBasicDetails"/>
  <testcase name="basicDetails" time="160.024" classname="com.SPMCILHy_19Sep22.tc.TC003_SPMCILBasicDetails"/>
  <testcase name="basicDetails" time="159.873" classname="com.SPMCILHy_19Sep22.tc.TC003_SPMCILBasicDetails"/>
  <testcase name="basicDetails" time="159.702" classname="com.SPMCILHy_19Sep22.tc.TC003_SPMCILBasicDetails"/>
  <testcase name="basicDetails" time="160.693" classname="com.SPMCILHy_19Sep22.tc.TC003_SPMCILBasicDetails"/>
  <testcase name="basicDetails" time="159.742" classname="com.SPMCILHy_19Sep22.tc.TC003_SPMCILBasicDetails"/>
  <testcase name="basicDetails" time="160.794" classname="com.SPMCILHy_19Sep22.tc.TC003_SPMCILBasicDetails"/>
</testsuite> <!-- com.SPMCILHy_19Sep22.tc.TC003_SPMCILBasicDetails -->
