<?xml version="1.0" encoding="UTF-8"?>
<!-- Generated by org.testng.reporters.JUnitReportReporter -->
<testsuite hostname="MAA011253A" failures="0" tests="70" name="com.SugarMills.tc.TC003_RAJBasicDetails" time="8882.684" errors="0" timestamp="2021-01-06T19:18:43 IST" skipped="0">
  <testcase classname="com.SugarMills.tc.TC003_RAJBasicDetails" name="basicDetails" time="126.557"/>
  <testcase classname="com.SugarMills.tc.TC003_RAJBasicDetails" name="basicDetails" time="126.606"/>
  <testcase classname="com.SugarMills.tc.TC003_RAJBasicDetails" name="basicDetails" time="126.707"/>
  <testcase classname="com.SugarMills.tc.TC003_RAJBasicDetails" name="basicDetails" time="127.257"/>
  <testcase classname="com.SugarMills.tc.TC003_RAJBasicDetails" name="basicDetails" time="127.055"/>
  <testcase classname="com.SugarMills.tc.TC003_RAJBasicDetails" name="basicDetails" time="126.249"/>
  <testcase classname="com.SugarMills.tc.TC003_RAJBasicDetails" name="basicDetails" time="135.061"/>
  <testcase classname="com.SugarMills.tc.TC003_RAJBasicDetails" name="basicDetails" time="127.012"/>
  <testcase classname="com.SugarMills.tc.TC003_RAJBasicDetails" name="basicDetails" time="128.654"/>
  <testcase classname="com.SugarMills.tc.TC003_RAJBasicDetails" name="basicDetails" time="126.226"/>
  <testcase classname="com.SugarMills.tc.TC003_RAJBasicDetails" name="basicDetails" time="126.508"/>
  <testcase classname="com.SugarMills.tc.TC003_RAJBasicDetails" name="basicDetails" time="127.055"/>
  <testcase classname="com.SugarMills.tc.TC003_RAJBasicDetails" name="basicDetails" time="126.462"/>
  <testcase classname="com.SugarMills.tc.TC003_RAJBasicDetails" name="basicDetails" time="130.070"/>
  <testcase classname="com.SugarMills.tc.TC003_RAJBasicDetails" name="basicDetails" time="126.716"/>
  <testcase classname="com.SugarMills.tc.TC003_RAJBasicDetails" name="basicDetails" time="126.991"/>
  <testcase classname="com.SugarMills.tc.TC003_RAJBasicDetails" name="basicDetails" time="126.758"/>
  <testcase classname="com.SugarMills.tc.TC003_RAJBasicDetails" name="basicDetails" time="126.442"/>
  <testcase classname="com.SugarMills.tc.TC003_RAJBasicDetails" name="basicDetails" time="126.717"/>
  <testcase classname="com.SugarMills.tc.TC003_RAJBasicDetails" name="basicDetails" time="126.971"/>
  <testcase classname="com.SugarMills.tc.TC003_RAJBasicDetails" name="basicDetails" time="127.393"/>
  <testcase classname="com.SugarMills.tc.TC003_RAJBasicDetails" name="basicDetails" time="126.405"/>
  <testcase classname="com.SugarMills.tc.TC003_RAJBasicDetails" name="basicDetails" time="125.894"/>
  <testcase classname="com.SugarMills.tc.TC003_RAJBasicDetails" name="basicDetails" time="126.733"/>
  <testcase classname="com.SugarMills.tc.TC003_RAJBasicDetails" name="basicDetails" time="127.243"/>
  <testcase classname="com.SugarMills.tc.TC003_RAJBasicDetails" name="basicDetails" time="126.906"/>
  <testcase classname="com.SugarMills.tc.TC003_RAJBasicDetails" name="basicDetails" time="126.207"/>
  <testcase classname="com.SugarMills.tc.TC003_RAJBasicDetails" name="basicDetails" time="126.069"/>
  <testcase classname="com.SugarMills.tc.TC003_RAJBasicDetails" name="basicDetails" time="127.888"/>
  <testcase classname="com.SugarMills.tc.TC003_RAJBasicDetails" name="basicDetails" time="126.640"/>
  <testcase classname="com.SugarMills.tc.TC003_RAJBasicDetails" name="basicDetails" time="126.100"/>
  <testcase classname="com.SugarMills.tc.TC003_RAJBasicDetails" name="basicDetails" time="127.673"/>
  <testcase classname="com.SugarMills.tc.TC003_RAJBasicDetails" name="basicDetails" time="127.016"/>
  <testcase classname="com.SugarMills.tc.TC003_RAJBasicDetails" name="basicDetails" time="126.579"/>
  <testcase classname="com.SugarMills.tc.TC003_RAJBasicDetails" name="basicDetails" time="126.554"/>
  <testcase classname="com.SugarMills.tc.TC003_RAJBasicDetails" name="basicDetails" time="127.099"/>
  <testcase classname="com.SugarMills.tc.TC003_RAJBasicDetails" name="basicDetails" time="127.097"/>
  <testcase classname="com.SugarMills.tc.TC003_RAJBasicDetails" name="basicDetails" time="127.602"/>
  <testcase classname="com.SugarMills.tc.TC003_RAJBasicDetails" name="basicDetails" time="126.064"/>
  <testcase classname="com.SugarMills.tc.TC003_RAJBasicDetails" name="basicDetails" time="126.396"/>
  <testcase classname="com.SugarMills.tc.TC003_RAJBasicDetails" name="basicDetails" time="126.147"/>
  <testcase classname="com.SugarMills.tc.TC003_RAJBasicDetails" name="basicDetails" time="127.360"/>
  <testcase classname="com.SugarMills.tc.TC003_RAJBasicDetails" name="basicDetails" time="126.344"/>
  <testcase classname="com.SugarMills.tc.TC003_RAJBasicDetails" name="basicDetails" time="126.188"/>
  <testcase classname="com.SugarMills.tc.TC003_RAJBasicDetails" name="basicDetails" time="126.266"/>
  <testcase classname="com.SugarMills.tc.TC003_RAJBasicDetails" name="basicDetails" time="126.450"/>
  <testcase classname="com.SugarMills.tc.TC003_RAJBasicDetails" name="basicDetails" time="126.335"/>
  <testcase classname="com.SugarMills.tc.TC003_RAJBasicDetails" name="basicDetails" time="126.932"/>
  <testcase classname="com.SugarMills.tc.TC003_RAJBasicDetails" name="basicDetails" time="127.609"/>
  <testcase classname="com.SugarMills.tc.TC003_RAJBasicDetails" name="basicDetails" time="126.652"/>
  <testcase classname="com.SugarMills.tc.TC003_RAJBasicDetails" name="basicDetails" time="126.975"/>
  <testcase classname="com.SugarMills.tc.TC003_RAJBasicDetails" name="basicDetails" time="126.917"/>
  <testcase classname="com.SugarMills.tc.TC003_RAJBasicDetails" name="basicDetails" time="126.891"/>
  <testcase classname="com.SugarMills.tc.TC003_RAJBasicDetails" name="basicDetails" time="126.458"/>
  <testcase classname="com.SugarMills.tc.TC003_RAJBasicDetails" name="basicDetails" time="126.741"/>
  <testcase classname="com.SugarMills.tc.TC003_RAJBasicDetails" name="basicDetails" time="126.095"/>
  <testcase classname="com.SugarMills.tc.TC003_RAJBasicDetails" name="basicDetails" time="126.240"/>
  <testcase classname="com.SugarMills.tc.TC003_RAJBasicDetails" name="basicDetails" time="126.506"/>
  <testcase classname="com.SugarMills.tc.TC003_RAJBasicDetails" name="basicDetails" time="126.813"/>
  <testcase classname="com.SugarMills.tc.TC003_RAJBasicDetails" name="basicDetails" time="127.099"/>
  <testcase classname="com.SugarMills.tc.TC003_RAJBasicDetails" name="basicDetails" time="126.995"/>
  <testcase classname="com.SugarMills.tc.TC003_RAJBasicDetails" name="basicDetails" time="126.987"/>
  <testcase classname="com.SugarMills.tc.TC003_RAJBasicDetails" name="basicDetails" time="126.022"/>
  <testcase classname="com.SugarMills.tc.TC003_RAJBasicDetails" name="basicDetails" time="125.892"/>
  <testcase classname="com.SugarMills.tc.TC003_RAJBasicDetails" name="basicDetails" time="127.080"/>
  <testcase classname="com.SugarMills.tc.TC003_RAJBasicDetails" name="basicDetails" time="126.477"/>
  <testcase classname="com.SugarMills.tc.TC003_RAJBasicDetails" name="basicDetails" time="126.520"/>
  <testcase classname="com.SugarMills.tc.TC003_RAJBasicDetails" name="basicDetails" time="127.218"/>
  <testcase classname="com.SugarMills.tc.TC003_RAJBasicDetails" name="basicDetails" time="126.352"/>
  <testcase classname="com.SugarMills.tc.TC003_RAJBasicDetails" name="basicDetails" time="126.491"/>
</testsuite> <!-- com.SugarMills.tc.TC003_RAJBasicDetails -->
