<?xml version="1.0" encoding="UTF-8"?>
<!-- Generated by org.testng.reporters.JUnitReportReporter -->
<testsuite hostname="MAA011253A" failures="0" tests="50" name="com.rbiGrade.tc.TC003_RBIBasicDetails" time="6071.821" errors="0" timestamp="2021-01-27T18:53:50 IST" skipped="0">
  <testcase classname="com.rbiGrade.tc.TC003_RBIBasicDetails" name="basicDetails" time="121.179"/>
  <testcase classname="com.rbiGrade.tc.TC003_RBIBasicDetails" name="basicDetails" time="121.212"/>
  <testcase classname="com.rbiGrade.tc.TC003_RBIBasicDetails" name="basicDetails" time="121.810"/>
  <testcase classname="com.rbiGrade.tc.TC003_RBIBasicDetails" name="basicDetails" time="121.532"/>
  <testcase classname="com.rbiGrade.tc.TC003_RBIBasicDetails" name="basicDetails" time="120.593"/>
  <testcase classname="com.rbiGrade.tc.TC003_RBIBasicDetails" name="basicDetails" time="122.144"/>
  <testcase classname="com.rbiGrade.tc.TC003_RBIBasicDetails" name="basicDetails" time="121.458"/>
  <testcase classname="com.rbiGrade.tc.TC003_RBIBasicDetails" name="basicDetails" time="121.102"/>
  <testcase classname="com.rbiGrade.tc.TC003_RBIBasicDetails" name="basicDetails" time="120.915"/>
  <testcase classname="com.rbiGrade.tc.TC003_RBIBasicDetails" name="basicDetails" time="120.998"/>
  <testcase classname="com.rbiGrade.tc.TC003_RBIBasicDetails" name="basicDetails" time="121.354"/>
  <testcase classname="com.rbiGrade.tc.TC003_RBIBasicDetails" name="basicDetails" time="120.691"/>
  <testcase classname="com.rbiGrade.tc.TC003_RBIBasicDetails" name="basicDetails" time="121.007"/>
  <testcase classname="com.rbiGrade.tc.TC003_RBIBasicDetails" name="basicDetails" time="121.688"/>
  <testcase classname="com.rbiGrade.tc.TC003_RBIBasicDetails" name="basicDetails" time="121.469"/>
  <testcase classname="com.rbiGrade.tc.TC003_RBIBasicDetails" name="basicDetails" time="122.410"/>
  <testcase classname="com.rbiGrade.tc.TC003_RBIBasicDetails" name="basicDetails" time="121.798"/>
  <testcase classname="com.rbiGrade.tc.TC003_RBIBasicDetails" name="basicDetails" time="121.585"/>
  <testcase classname="com.rbiGrade.tc.TC003_RBIBasicDetails" name="basicDetails" time="122.903"/>
  <testcase classname="com.rbiGrade.tc.TC003_RBIBasicDetails" name="basicDetails" time="122.064"/>
  <testcase classname="com.rbiGrade.tc.TC003_RBIBasicDetails" name="basicDetails" time="121.042"/>
  <testcase classname="com.rbiGrade.tc.TC003_RBIBasicDetails" name="basicDetails" time="122.006"/>
  <testcase classname="com.rbiGrade.tc.TC003_RBIBasicDetails" name="basicDetails" time="121.424"/>
  <testcase classname="com.rbiGrade.tc.TC003_RBIBasicDetails" name="basicDetails" time="121.717"/>
  <testcase classname="com.rbiGrade.tc.TC003_RBIBasicDetails" name="basicDetails" time="120.740"/>
  <testcase classname="com.rbiGrade.tc.TC003_RBIBasicDetails" name="basicDetails" time="121.793"/>
  <testcase classname="com.rbiGrade.tc.TC003_RBIBasicDetails" name="basicDetails" time="121.389"/>
  <testcase classname="com.rbiGrade.tc.TC003_RBIBasicDetails" name="basicDetails" time="120.830"/>
  <testcase classname="com.rbiGrade.tc.TC003_RBIBasicDetails" name="basicDetails" time="120.397"/>
  <testcase classname="com.rbiGrade.tc.TC003_RBIBasicDetails" name="basicDetails" time="121.668"/>
  <testcase classname="com.rbiGrade.tc.TC003_RBIBasicDetails" name="basicDetails" time="120.623"/>
  <testcase classname="com.rbiGrade.tc.TC003_RBIBasicDetails" name="basicDetails" time="121.107"/>
  <testcase classname="com.rbiGrade.tc.TC003_RBIBasicDetails" name="basicDetails" time="121.352"/>
  <testcase classname="com.rbiGrade.tc.TC003_RBIBasicDetails" name="basicDetails" time="120.665"/>
  <testcase classname="com.rbiGrade.tc.TC003_RBIBasicDetails" name="basicDetails" time="121.099"/>
  <testcase classname="com.rbiGrade.tc.TC003_RBIBasicDetails" name="basicDetails" time="121.122"/>
  <testcase classname="com.rbiGrade.tc.TC003_RBIBasicDetails" name="basicDetails" time="121.369"/>
  <testcase classname="com.rbiGrade.tc.TC003_RBIBasicDetails" name="basicDetails" time="121.683"/>
  <testcase classname="com.rbiGrade.tc.TC003_RBIBasicDetails" name="basicDetails" time="122.124"/>
  <testcase classname="com.rbiGrade.tc.TC003_RBIBasicDetails" name="basicDetails" time="122.007"/>
  <testcase classname="com.rbiGrade.tc.TC003_RBIBasicDetails" name="basicDetails" time="121.473"/>
  <testcase classname="com.rbiGrade.tc.TC003_RBIBasicDetails" name="basicDetails" time="122.202"/>
  <testcase classname="com.rbiGrade.tc.TC003_RBIBasicDetails" name="basicDetails" time="121.803"/>
  <testcase classname="com.rbiGrade.tc.TC003_RBIBasicDetails" name="basicDetails" time="121.662"/>
  <testcase classname="com.rbiGrade.tc.TC003_RBIBasicDetails" name="basicDetails" time="121.608"/>
  <testcase classname="com.rbiGrade.tc.TC003_RBIBasicDetails" name="basicDetails" time="121.031"/>
  <testcase classname="com.rbiGrade.tc.TC003_RBIBasicDetails" name="basicDetails" time="121.480"/>
  <testcase classname="com.rbiGrade.tc.TC003_RBIBasicDetails" name="basicDetails" time="121.271"/>
  <testcase classname="com.rbiGrade.tc.TC003_RBIBasicDetails" name="basicDetails" time="121.973"/>
  <testcase classname="com.rbiGrade.tc.TC003_RBIBasicDetails" name="basicDetails" time="121.249"/>
</testsuite> <!-- com.rbiGrade.tc.TC003_RBIBasicDetails -->
