<?xml version="1.0" encoding="UTF-8"?>
<!-- Generated by org.testng.reporters.JUnitReportReporter -->
<testsuite skipped="0" hostname="MAA014482B" name="com.RBI21March22.tc.TC005_RBIBasicDetails" tests="27" failures="0" timestamp="2022-03-23T14:24:06 IST" time="3210.314" errors="0">
  <testcase name="basicDetails" time="118.186" classname="com.RBI21March22.tc.TC005_RBIBasicDetails"/>
  <testcase name="basicDetails" time="118.782" classname="com.RBI21March22.tc.TC005_RBIBasicDetails"/>
  <testcase name="basicDetails" time="118.856" classname="com.RBI21March22.tc.TC005_RBIBasicDetails"/>
  <testcase name="basicDetails" time="119.431" classname="com.RBI21March22.tc.TC005_RBIBasicDetails"/>
  <testcase name="basicDetails" time="119.386" classname="com.RBI21March22.tc.TC005_RBIBasicDetails"/>
  <testcase name="basicDetails" time="119.463" classname="com.RBI21March22.tc.TC005_RBIBasicDetails"/>
  <testcase name="basicDetails" time="119.106" classname="com.RBI21March22.tc.TC005_RBIBasicDetails"/>
  <testcase name="basicDetails" time="118.948" classname="com.RBI21March22.tc.TC005_RBIBasicDetails"/>
  <testcase name="basicDetails" time="119.124" classname="com.RBI21March22.tc.TC005_RBIBasicDetails"/>
  <testcase name="basicDetails" time="119.150" classname="com.RBI21March22.tc.TC005_RBIBasicDetails"/>
  <testcase name="basicDetails" time="118.412" classname="com.RBI21March22.tc.TC005_RBIBasicDetails"/>
  <testcase name="basicDetails" time="119.177" classname="com.RBI21March22.tc.TC005_RBIBasicDetails"/>
  <testcase name="basicDetails" time="119.039" classname="com.RBI21March22.tc.TC005_RBIBasicDetails"/>
  <testcase name="basicDetails" time="118.269" classname="com.RBI21March22.tc.TC005_RBIBasicDetails"/>
  <testcase name="basicDetails" time="119.365" classname="com.RBI21March22.tc.TC005_RBIBasicDetails"/>
  <testcase name="basicDetails" time="118.144" classname="com.RBI21March22.tc.TC005_RBIBasicDetails"/>
  <testcase name="basicDetails" time="119.075" classname="com.RBI21March22.tc.TC005_RBIBasicDetails"/>
  <testcase name="basicDetails" time="119.306" classname="com.RBI21March22.tc.TC005_RBIBasicDetails"/>
  <testcase name="basicDetails" time="119.173" classname="com.RBI21March22.tc.TC005_RBIBasicDetails"/>
  <testcase name="basicDetails" time="118.978" classname="com.RBI21March22.tc.TC005_RBIBasicDetails"/>
  <testcase name="basicDetails" time="117.987" classname="com.RBI21March22.tc.TC005_RBIBasicDetails"/>
  <testcase name="basicDetails" time="119.216" classname="com.RBI21March22.tc.TC005_RBIBasicDetails"/>
  <testcase name="basicDetails" time="118.099" classname="com.RBI21March22.tc.TC005_RBIBasicDetails"/>
  <testcase name="basicDetails" time="119.120" classname="com.RBI21March22.tc.TC005_RBIBasicDetails"/>
  <testcase name="basicDetails" time="119.116" classname="com.RBI21March22.tc.TC005_RBIBasicDetails"/>
  <testcase name="basicDetails" time="118.232" classname="com.RBI21March22.tc.TC005_RBIBasicDetails"/>
  <testcase name="basicDetails" time="119.174" classname="com.RBI21March22.tc.TC005_RBIBasicDetails"/>
</testsuite> <!-- com.RBI21March22.tc.TC005_RBIBasicDetails -->
