<?xml version="1.0" encoding="UTF-8"?>
<!-- Generated by org.testng.reporters.JUnitReportReporter -->
<testsuite skipped="0" hostname="MAA014482B" name="com.BARC.tc.TC003_BARCBasicDetails" tests="6" failures="0" timestamp="2023-02-03T13:00:30 IST" time="919.895" errors="0">
  <testcase name="basicDetails" time="155.709" classname="com.BARC.tc.TC003_BARCBasicDetails"/>
  <testcase name="basicDetails" time="151.850" classname="com.BARC.tc.TC003_BARCBasicDetails"/>
  <testcase name="basicDetails" time="151.519" classname="com.BARC.tc.TC003_BARCBasicDetails"/>
  <testcase name="basicDetails" time="151.630" classname="com.BARC.tc.TC003_BARCBasicDetails"/>
  <testcase name="basicDetails" time="157.609" classname="com.BARC.tc.TC003_BARCBasicDetails"/>
  <testcase name="basicDetails" time="151.578" classname="com.BARC.tc.TC003_BARCBasicDetails"/>
</testsuite> <!-- com.BARC.tc.TC003_BARCBasicDetails -->
