<?xml version="1.0" encoding="UTF-8"?>
<!-- Generated by org.testng.reporters.JUnitReportReporter -->
<testsuite skipped="0" hostname="MAA014482B" name="com.CSMC_Aug23.tc.TC001_CSMCBasicDetails" tests="180" failures="0" timestamp="2023-07-09T20:56:27 IST" time="30237.412" errors="0">
  <testcase name="basicDetails" time="160.827" classname="com.CSMC_Aug23.tc.TC001_CSMCBasicDetails"/>
  <testcase name="basicDetails" time="188.197" classname="com.CSMC_Aug23.tc.TC001_CSMCBasicDetails"/>
  <testcase name="basicDetails" time="160.527" classname="com.CSMC_Aug23.tc.TC001_CSMCBasicDetails"/>
  <testcase name="basicDetails" time="163.412" classname="com.CSMC_Aug23.tc.TC001_CSMCBasicDetails"/>
  <testcase name="basicDetails" time="160.111" classname="com.CSMC_Aug23.tc.TC001_CSMCBasicDetails"/>
  <testcase name="basicDetails" time="187.573" classname="com.CSMC_Aug23.tc.TC001_CSMCBasicDetails"/>
  <testcase name="basicDetails" time="160.083" classname="com.CSMC_Aug23.tc.TC001_CSMCBasicDetails"/>
  <testcase name="basicDetails" time="187.262" classname="com.CSMC_Aug23.tc.TC001_CSMCBasicDetails"/>
  <testcase name="basicDetails" time="160.436" classname="com.CSMC_Aug23.tc.TC001_CSMCBasicDetails"/>
  <testcase name="basicDetails" time="160.879" classname="com.CSMC_Aug23.tc.TC001_CSMCBasicDetails"/>
  <testcase name="basicDetails" time="160.467" classname="com.CSMC_Aug23.tc.TC001_CSMCBasicDetails"/>
  <testcase name="basicDetails" time="160.785" classname="com.CSMC_Aug23.tc.TC001_CSMCBasicDetails"/>
  <testcase name="basicDetails" time="187.414" classname="com.CSMC_Aug23.tc.TC001_CSMCBasicDetails"/>
  <testcase name="basicDetails" time="160.497" classname="com.CSMC_Aug23.tc.TC001_CSMCBasicDetails"/>
  <testcase name="basicDetails" time="160.787" classname="com.CSMC_Aug23.tc.TC001_CSMCBasicDetails"/>
  <testcase name="basicDetails" time="160.467" classname="com.CSMC_Aug23.tc.TC001_CSMCBasicDetails"/>
  <testcase name="basicDetails" time="160.963" classname="com.CSMC_Aug23.tc.TC001_CSMCBasicDetails"/>
  <testcase name="basicDetails" time="187.697" classname="com.CSMC_Aug23.tc.TC001_CSMCBasicDetails"/>
  <testcase name="basicDetails" time="187.272" classname="com.CSMC_Aug23.tc.TC001_CSMCBasicDetails"/>
  <testcase name="basicDetails" time="160.469" classname="com.CSMC_Aug23.tc.TC001_CSMCBasicDetails"/>
  <testcase name="basicDetails" time="188.012" classname="com.CSMC_Aug23.tc.TC001_CSMCBasicDetails"/>
  <testcase name="basicDetails" time="159.989" classname="com.CSMC_Aug23.tc.TC001_CSMCBasicDetails"/>
  <testcase name="basicDetails" time="160.898" classname="com.CSMC_Aug23.tc.TC001_CSMCBasicDetails"/>
  <testcase name="basicDetails" time="160.588" classname="com.CSMC_Aug23.tc.TC001_CSMCBasicDetails"/>
  <testcase name="basicDetails" time="160.663" classname="com.CSMC_Aug23.tc.TC001_CSMCBasicDetails"/>
  <testcase name="basicDetails" time="159.948" classname="com.CSMC_Aug23.tc.TC001_CSMCBasicDetails"/>
  <testcase name="basicDetails" time="160.115" classname="com.CSMC_Aug23.tc.TC001_CSMCBasicDetails"/>
  <testcase name="basicDetails" time="160.712" classname="com.CSMC_Aug23.tc.TC001_CSMCBasicDetails"/>
  <testcase name="basicDetails" time="160.931" classname="com.CSMC_Aug23.tc.TC001_CSMCBasicDetails"/>
  <testcase name="basicDetails" time="159.955" classname="com.CSMC_Aug23.tc.TC001_CSMCBasicDetails"/>
  <testcase name="basicDetails" time="160.878" classname="com.CSMC_Aug23.tc.TC001_CSMCBasicDetails"/>
  <testcase name="basicDetails" time="187.387" classname="com.CSMC_Aug23.tc.TC001_CSMCBasicDetails"/>
  <testcase name="basicDetails" time="187.236" classname="com.CSMC_Aug23.tc.TC001_CSMCBasicDetails"/>
  <testcase name="basicDetails" time="187.961" classname="com.CSMC_Aug23.tc.TC001_CSMCBasicDetails"/>
  <testcase name="basicDetails" time="160.536" classname="com.CSMC_Aug23.tc.TC001_CSMCBasicDetails"/>
  <testcase name="basicDetails" time="160.342" classname="com.CSMC_Aug23.tc.TC001_CSMCBasicDetails"/>
  <testcase name="basicDetails" time="159.657" classname="com.CSMC_Aug23.tc.TC001_CSMCBasicDetails"/>
  <testcase name="basicDetails" time="159.903" classname="com.CSMC_Aug23.tc.TC001_CSMCBasicDetails"/>
  <testcase name="basicDetails" time="187.076" classname="com.CSMC_Aug23.tc.TC001_CSMCBasicDetails"/>
  <testcase name="basicDetails" time="160.488" classname="com.CSMC_Aug23.tc.TC001_CSMCBasicDetails"/>
  <testcase name="basicDetails" time="160.800" classname="com.CSMC_Aug23.tc.TC001_CSMCBasicDetails"/>
  <testcase name="basicDetails" time="160.411" classname="com.CSMC_Aug23.tc.TC001_CSMCBasicDetails"/>
  <testcase name="basicDetails" time="159.930" classname="com.CSMC_Aug23.tc.TC001_CSMCBasicDetails"/>
  <testcase name="basicDetails" time="163.177" classname="com.CSMC_Aug23.tc.TC001_CSMCBasicDetails"/>
  <testcase name="basicDetails" time="160.425" classname="com.CSMC_Aug23.tc.TC001_CSMCBasicDetails"/>
  <testcase name="basicDetails" time="160.329" classname="com.CSMC_Aug23.tc.TC001_CSMCBasicDetails"/>
  <testcase name="basicDetails" time="187.397" classname="com.CSMC_Aug23.tc.TC001_CSMCBasicDetails"/>
  <testcase name="basicDetails" time="187.872" classname="com.CSMC_Aug23.tc.TC001_CSMCBasicDetails"/>
  <testcase name="basicDetails" time="160.508" classname="com.CSMC_Aug23.tc.TC001_CSMCBasicDetails"/>
  <testcase name="basicDetails" time="160.851" classname="com.CSMC_Aug23.tc.TC001_CSMCBasicDetails"/>
  <testcase name="basicDetails" time="159.645" classname="com.CSMC_Aug23.tc.TC001_CSMCBasicDetails"/>
  <testcase name="basicDetails" time="160.542" classname="com.CSMC_Aug23.tc.TC001_CSMCBasicDetails"/>
  <testcase name="basicDetails" time="187.734" classname="com.CSMC_Aug23.tc.TC001_CSMCBasicDetails"/>
  <testcase name="basicDetails" time="160.337" classname="com.CSMC_Aug23.tc.TC001_CSMCBasicDetails"/>
  <testcase name="basicDetails" time="160.284" classname="com.CSMC_Aug23.tc.TC001_CSMCBasicDetails"/>
  <testcase name="basicDetails" time="160.788" classname="com.CSMC_Aug23.tc.TC001_CSMCBasicDetails"/>
  <testcase name="basicDetails" time="188.242" classname="com.CSMC_Aug23.tc.TC001_CSMCBasicDetails"/>
  <testcase name="basicDetails" time="187.524" classname="com.CSMC_Aug23.tc.TC001_CSMCBasicDetails"/>
  <testcase name="basicDetails" time="160.573" classname="com.CSMC_Aug23.tc.TC001_CSMCBasicDetails"/>
  <testcase name="basicDetails" time="160.626" classname="com.CSMC_Aug23.tc.TC001_CSMCBasicDetails"/>
  <testcase name="basicDetails" time="163.242" classname="com.CSMC_Aug23.tc.TC001_CSMCBasicDetails"/>
  <testcase name="basicDetails" time="160.587" classname="com.CSMC_Aug23.tc.TC001_CSMCBasicDetails"/>
  <testcase name="basicDetails" time="160.581" classname="com.CSMC_Aug23.tc.TC001_CSMCBasicDetails"/>
  <testcase name="basicDetails" time="187.189" classname="com.CSMC_Aug23.tc.TC001_CSMCBasicDetails"/>
  <testcase name="basicDetails" time="160.568" classname="com.CSMC_Aug23.tc.TC001_CSMCBasicDetails"/>
  <testcase name="basicDetails" time="164.905" classname="com.CSMC_Aug23.tc.TC001_CSMCBasicDetails"/>
  <testcase name="basicDetails" time="160.733" classname="com.CSMC_Aug23.tc.TC001_CSMCBasicDetails"/>
  <testcase name="basicDetails" time="161.014" classname="com.CSMC_Aug23.tc.TC001_CSMCBasicDetails"/>
  <testcase name="basicDetails" time="187.493" classname="com.CSMC_Aug23.tc.TC001_CSMCBasicDetails"/>
  <testcase name="basicDetails" time="160.638" classname="com.CSMC_Aug23.tc.TC001_CSMCBasicDetails"/>
  <testcase name="basicDetails" time="160.912" classname="com.CSMC_Aug23.tc.TC001_CSMCBasicDetails"/>
  <testcase name="basicDetails" time="160.523" classname="com.CSMC_Aug23.tc.TC001_CSMCBasicDetails"/>
  <testcase name="basicDetails" time="187.663" classname="com.CSMC_Aug23.tc.TC001_CSMCBasicDetails"/>
  <testcase name="basicDetails" time="187.226" classname="com.CSMC_Aug23.tc.TC001_CSMCBasicDetails"/>
  <testcase name="basicDetails" time="160.432" classname="com.CSMC_Aug23.tc.TC001_CSMCBasicDetails"/>
  <testcase name="basicDetails" time="160.740" classname="com.CSMC_Aug23.tc.TC001_CSMCBasicDetails"/>
  <testcase name="basicDetails" time="187.499" classname="com.CSMC_Aug23.tc.TC001_CSMCBasicDetails"/>
  <testcase name="basicDetails" time="160.693" classname="com.CSMC_Aug23.tc.TC001_CSMCBasicDetails"/>
  <testcase name="basicDetails" time="161.159" classname="com.CSMC_Aug23.tc.TC001_CSMCBasicDetails"/>
  <testcase name="basicDetails" time="160.182" classname="com.CSMC_Aug23.tc.TC001_CSMCBasicDetails"/>
  <testcase name="basicDetails" time="160.599" classname="com.CSMC_Aug23.tc.TC001_CSMCBasicDetails"/>
  <testcase name="basicDetails" time="160.280" classname="com.CSMC_Aug23.tc.TC001_CSMCBasicDetails"/>
  <testcase name="basicDetails" time="187.870" classname="com.CSMC_Aug23.tc.TC001_CSMCBasicDetails"/>
  <testcase name="basicDetails" time="159.654" classname="com.CSMC_Aug23.tc.TC001_CSMCBasicDetails"/>
  <testcase name="basicDetails" time="160.408" classname="com.CSMC_Aug23.tc.TC001_CSMCBasicDetails"/>
  <testcase name="basicDetails" time="163.765" classname="com.CSMC_Aug23.tc.TC001_CSMCBasicDetails"/>
  <testcase name="basicDetails" time="159.708" classname="com.CSMC_Aug23.tc.TC001_CSMCBasicDetails"/>
  <testcase name="basicDetails" time="160.659" classname="com.CSMC_Aug23.tc.TC001_CSMCBasicDetails"/>
  <testcase name="basicDetails" time="187.493" classname="com.CSMC_Aug23.tc.TC001_CSMCBasicDetails"/>
  <testcase name="basicDetails" time="163.190" classname="com.CSMC_Aug23.tc.TC001_CSMCBasicDetails"/>
  <testcase name="basicDetails" time="160.686" classname="com.CSMC_Aug23.tc.TC001_CSMCBasicDetails"/>
  <testcase name="basicDetails" time="160.057" classname="com.CSMC_Aug23.tc.TC001_CSMCBasicDetails"/>
  <testcase name="basicDetails" time="160.839" classname="com.CSMC_Aug23.tc.TC001_CSMCBasicDetails"/>
  <testcase name="basicDetails" time="160.557" classname="com.CSMC_Aug23.tc.TC001_CSMCBasicDetails"/>
  <testcase name="basicDetails" time="160.023" classname="com.CSMC_Aug23.tc.TC001_CSMCBasicDetails"/>
  <testcase name="basicDetails" time="160.959" classname="com.CSMC_Aug23.tc.TC001_CSMCBasicDetails"/>
  <testcase name="basicDetails" time="164.201" classname="com.CSMC_Aug23.tc.TC001_CSMCBasicDetails"/>
  <testcase name="basicDetails" time="160.562" classname="com.CSMC_Aug23.tc.TC001_CSMCBasicDetails"/>
  <testcase name="basicDetails" time="163.013" classname="com.CSMC_Aug23.tc.TC001_CSMCBasicDetails"/>
  <testcase name="basicDetails" time="159.549" classname="com.CSMC_Aug23.tc.TC001_CSMCBasicDetails"/>
  <testcase name="basicDetails" time="187.516" classname="com.CSMC_Aug23.tc.TC001_CSMCBasicDetails"/>
  <testcase name="basicDetails" time="187.176" classname="com.CSMC_Aug23.tc.TC001_CSMCBasicDetails"/>
  <testcase name="basicDetails" time="187.550" classname="com.CSMC_Aug23.tc.TC001_CSMCBasicDetails"/>
  <testcase name="basicDetails" time="160.714" classname="com.CSMC_Aug23.tc.TC001_CSMCBasicDetails"/>
  <testcase name="basicDetails" time="187.716" classname="com.CSMC_Aug23.tc.TC001_CSMCBasicDetails"/>
  <testcase name="basicDetails" time="187.516" classname="com.CSMC_Aug23.tc.TC001_CSMCBasicDetails"/>
  <testcase name="basicDetails" time="159.589" classname="com.CSMC_Aug23.tc.TC001_CSMCBasicDetails"/>
  <testcase name="basicDetails" time="160.592" classname="com.CSMC_Aug23.tc.TC001_CSMCBasicDetails"/>
  <testcase name="basicDetails" time="160.559" classname="com.CSMC_Aug23.tc.TC001_CSMCBasicDetails"/>
  <testcase name="basicDetails" time="160.496" classname="com.CSMC_Aug23.tc.TC001_CSMCBasicDetails"/>
  <testcase name="basicDetails" time="160.673" classname="com.CSMC_Aug23.tc.TC001_CSMCBasicDetails"/>
  <testcase name="basicDetails" time="160.436" classname="com.CSMC_Aug23.tc.TC001_CSMCBasicDetails"/>
  <testcase name="basicDetails" time="160.557" classname="com.CSMC_Aug23.tc.TC001_CSMCBasicDetails"/>
  <testcase name="basicDetails" time="160.511" classname="com.CSMC_Aug23.tc.TC001_CSMCBasicDetails"/>
  <testcase name="basicDetails" time="160.565" classname="com.CSMC_Aug23.tc.TC001_CSMCBasicDetails"/>
  <testcase name="basicDetails" time="160.899" classname="com.CSMC_Aug23.tc.TC001_CSMCBasicDetails"/>
  <testcase name="basicDetails" time="160.376" classname="com.CSMC_Aug23.tc.TC001_CSMCBasicDetails"/>
  <testcase name="basicDetails" time="160.605" classname="com.CSMC_Aug23.tc.TC001_CSMCBasicDetails"/>
  <testcase name="basicDetails" time="160.749" classname="com.CSMC_Aug23.tc.TC001_CSMCBasicDetails"/>
  <testcase name="basicDetails" time="187.381" classname="com.CSMC_Aug23.tc.TC001_CSMCBasicDetails"/>
  <testcase name="basicDetails" time="160.808" classname="com.CSMC_Aug23.tc.TC001_CSMCBasicDetails"/>
  <testcase name="basicDetails" time="161.130" classname="com.CSMC_Aug23.tc.TC001_CSMCBasicDetails"/>
  <testcase name="basicDetails" time="159.433" classname="com.CSMC_Aug23.tc.TC001_CSMCBasicDetails"/>
  <testcase name="basicDetails" time="188.182" classname="com.CSMC_Aug23.tc.TC001_CSMCBasicDetails"/>
  <testcase name="basicDetails" time="159.816" classname="com.CSMC_Aug23.tc.TC001_CSMCBasicDetails"/>
  <testcase name="basicDetails" time="160.743" classname="com.CSMC_Aug23.tc.TC001_CSMCBasicDetails"/>
  <testcase name="basicDetails" time="159.847" classname="com.CSMC_Aug23.tc.TC001_CSMCBasicDetails"/>
  <testcase name="basicDetails" time="160.618" classname="com.CSMC_Aug23.tc.TC001_CSMCBasicDetails"/>
  <testcase name="basicDetails" time="187.237" classname="com.CSMC_Aug23.tc.TC001_CSMCBasicDetails"/>
  <testcase name="basicDetails" time="160.038" classname="com.CSMC_Aug23.tc.TC001_CSMCBasicDetails"/>
  <testcase name="basicDetails" time="160.802" classname="com.CSMC_Aug23.tc.TC001_CSMCBasicDetails"/>
  <testcase name="basicDetails" time="160.810" classname="com.CSMC_Aug23.tc.TC001_CSMCBasicDetails"/>
  <testcase name="basicDetails" time="187.072" classname="com.CSMC_Aug23.tc.TC001_CSMCBasicDetails"/>
  <testcase name="basicDetails" time="187.351" classname="com.CSMC_Aug23.tc.TC001_CSMCBasicDetails"/>
  <testcase name="basicDetails" time="187.248" classname="com.CSMC_Aug23.tc.TC001_CSMCBasicDetails"/>
  <testcase name="basicDetails" time="187.590" classname="com.CSMC_Aug23.tc.TC001_CSMCBasicDetails"/>
  <testcase name="basicDetails" time="187.740" classname="com.CSMC_Aug23.tc.TC001_CSMCBasicDetails"/>
  <testcase name="basicDetails" time="187.299" classname="com.CSMC_Aug23.tc.TC001_CSMCBasicDetails"/>
  <testcase name="basicDetails" time="160.601" classname="com.CSMC_Aug23.tc.TC001_CSMCBasicDetails"/>
  <testcase name="basicDetails" time="160.741" classname="com.CSMC_Aug23.tc.TC001_CSMCBasicDetails"/>
  <testcase name="basicDetails" time="188.101" classname="com.CSMC_Aug23.tc.TC001_CSMCBasicDetails"/>
  <testcase name="basicDetails" time="159.946" classname="com.CSMC_Aug23.tc.TC001_CSMCBasicDetails"/>
  <testcase name="basicDetails" time="160.345" classname="com.CSMC_Aug23.tc.TC001_CSMCBasicDetails"/>
  <testcase name="basicDetails" time="160.507" classname="com.CSMC_Aug23.tc.TC001_CSMCBasicDetails"/>
  <testcase name="basicDetails" time="160.594" classname="com.CSMC_Aug23.tc.TC001_CSMCBasicDetails"/>
  <testcase name="basicDetails" time="160.443" classname="com.CSMC_Aug23.tc.TC001_CSMCBasicDetails"/>
  <testcase name="basicDetails" time="187.166" classname="com.CSMC_Aug23.tc.TC001_CSMCBasicDetails"/>
  <testcase name="basicDetails" time="159.781" classname="com.CSMC_Aug23.tc.TC001_CSMCBasicDetails"/>
  <testcase name="basicDetails" time="160.392" classname="com.CSMC_Aug23.tc.TC001_CSMCBasicDetails"/>
  <testcase name="basicDetails" time="159.537" classname="com.CSMC_Aug23.tc.TC001_CSMCBasicDetails"/>
  <testcase name="basicDetails" time="160.354" classname="com.CSMC_Aug23.tc.TC001_CSMCBasicDetails"/>
  <testcase name="basicDetails" time="160.673" classname="com.CSMC_Aug23.tc.TC001_CSMCBasicDetails"/>
  <testcase name="basicDetails" time="188.010" classname="com.CSMC_Aug23.tc.TC001_CSMCBasicDetails"/>
  <testcase name="basicDetails" time="160.223" classname="com.CSMC_Aug23.tc.TC001_CSMCBasicDetails"/>
  <testcase name="basicDetails" time="160.428" classname="com.CSMC_Aug23.tc.TC001_CSMCBasicDetails"/>
  <testcase name="basicDetails" time="187.343" classname="com.CSMC_Aug23.tc.TC001_CSMCBasicDetails"/>
  <testcase name="basicDetails" time="160.821" classname="com.CSMC_Aug23.tc.TC001_CSMCBasicDetails"/>
  <testcase name="basicDetails" time="160.490" classname="com.CSMC_Aug23.tc.TC001_CSMCBasicDetails"/>
  <testcase name="basicDetails" time="160.398" classname="com.CSMC_Aug23.tc.TC001_CSMCBasicDetails"/>
  <testcase name="basicDetails" time="160.202" classname="com.CSMC_Aug23.tc.TC001_CSMCBasicDetails"/>
  <testcase name="basicDetails" time="187.406" classname="com.CSMC_Aug23.tc.TC001_CSMCBasicDetails"/>
  <testcase name="basicDetails" time="161.006" classname="com.CSMC_Aug23.tc.TC001_CSMCBasicDetails"/>
  <testcase name="basicDetails" time="159.868" classname="com.CSMC_Aug23.tc.TC001_CSMCBasicDetails"/>
  <testcase name="basicDetails" time="160.784" classname="com.CSMC_Aug23.tc.TC001_CSMCBasicDetails"/>
  <testcase name="basicDetails" time="160.538" classname="com.CSMC_Aug23.tc.TC001_CSMCBasicDetails"/>
  <testcase name="basicDetails" time="159.137" classname="com.CSMC_Aug23.tc.TC001_CSMCBasicDetails"/>
  <testcase name="basicDetails" time="187.197" classname="com.CSMC_Aug23.tc.TC001_CSMCBasicDetails"/>
  <testcase name="basicDetails" time="187.193" classname="com.CSMC_Aug23.tc.TC001_CSMCBasicDetails"/>
  <testcase name="basicDetails" time="187.407" classname="com.CSMC_Aug23.tc.TC001_CSMCBasicDetails"/>
  <testcase name="basicDetails" time="159.749" classname="com.CSMC_Aug23.tc.TC001_CSMCBasicDetails"/>
  <testcase name="basicDetails" time="163.228" classname="com.CSMC_Aug23.tc.TC001_CSMCBasicDetails"/>
  <testcase name="basicDetails" time="163.954" classname="com.CSMC_Aug23.tc.TC001_CSMCBasicDetails"/>
  <testcase name="basicDetails" time="160.985" classname="com.CSMC_Aug23.tc.TC001_CSMCBasicDetails"/>
  <testcase name="basicDetails" time="160.639" classname="com.CSMC_Aug23.tc.TC001_CSMCBasicDetails"/>
  <testcase name="basicDetails" time="159.861" classname="com.CSMC_Aug23.tc.TC001_CSMCBasicDetails"/>
  <testcase name="basicDetails" time="159.147" classname="com.CSMC_Aug23.tc.TC001_CSMCBasicDetails"/>
  <testcase name="basicDetails" time="187.790" classname="com.CSMC_Aug23.tc.TC001_CSMCBasicDetails"/>
  <testcase name="basicDetails" time="188.133" classname="com.CSMC_Aug23.tc.TC001_CSMCBasicDetails"/>
  <testcase name="basicDetails" time="187.349" classname="com.CSMC_Aug23.tc.TC001_CSMCBasicDetails"/>
  <testcase name="basicDetails" time="187.564" classname="com.CSMC_Aug23.tc.TC001_CSMCBasicDetails"/>
</testsuite> <!-- com.CSMC_Aug23.tc.TC001_CSMCBasicDetails -->
