<?xml version="1.0" encoding="UTF-8"?>
<!-- Generated by org.testng.reporters.JUnitReportReporter -->
<testsuite skipped="0" hostname="MAA014482B" name="com.PMC_Feb23.tc.TC004_PMCBasicDetails" tests="160" failures="0" timestamp="2023-04-17T07:45:19 IST" time="24976.141" errors="0">
  <testcase name="basicDetails" time="156.096" classname="com.PMC_Feb23.tc.TC004_PMCBasicDetails"/>
  <testcase name="basicDetails" time="156.333" classname="com.PMC_Feb23.tc.TC004_PMCBasicDetails"/>
  <testcase name="basicDetails" time="155.758" classname="com.PMC_Feb23.tc.TC004_PMCBasicDetails"/>
  <testcase name="basicDetails" time="156.109" classname="com.PMC_Feb23.tc.TC004_PMCBasicDetails"/>
  <testcase name="basicDetails" time="155.559" classname="com.PMC_Feb23.tc.TC004_PMCBasicDetails"/>
  <testcase name="basicDetails" time="156.144" classname="com.PMC_Feb23.tc.TC004_PMCBasicDetails"/>
  <testcase name="basicDetails" time="156.340" classname="com.PMC_Feb23.tc.TC004_PMCBasicDetails"/>
  <testcase name="basicDetails" time="155.974" classname="com.PMC_Feb23.tc.TC004_PMCBasicDetails"/>
  <testcase name="basicDetails" time="156.054" classname="com.PMC_Feb23.tc.TC004_PMCBasicDetails"/>
  <testcase name="basicDetails" time="155.315" classname="com.PMC_Feb23.tc.TC004_PMCBasicDetails"/>
  <testcase name="basicDetails" time="156.389" classname="com.PMC_Feb23.tc.TC004_PMCBasicDetails"/>
  <testcase name="basicDetails" time="156.290" classname="com.PMC_Feb23.tc.TC004_PMCBasicDetails"/>
  <testcase name="basicDetails" time="156.347" classname="com.PMC_Feb23.tc.TC004_PMCBasicDetails"/>
  <testcase name="basicDetails" time="156.081" classname="com.PMC_Feb23.tc.TC004_PMCBasicDetails"/>
  <testcase name="basicDetails" time="155.858" classname="com.PMC_Feb23.tc.TC004_PMCBasicDetails"/>
  <testcase name="basicDetails" time="156.192" classname="com.PMC_Feb23.tc.TC004_PMCBasicDetails"/>
  <testcase name="basicDetails" time="156.027" classname="com.PMC_Feb23.tc.TC004_PMCBasicDetails"/>
  <testcase name="basicDetails" time="155.945" classname="com.PMC_Feb23.tc.TC004_PMCBasicDetails"/>
  <testcase name="basicDetails" time="155.948" classname="com.PMC_Feb23.tc.TC004_PMCBasicDetails"/>
  <testcase name="basicDetails" time="156.328" classname="com.PMC_Feb23.tc.TC004_PMCBasicDetails"/>
  <testcase name="basicDetails" time="156.287" classname="com.PMC_Feb23.tc.TC004_PMCBasicDetails"/>
  <testcase name="basicDetails" time="155.943" classname="com.PMC_Feb23.tc.TC004_PMCBasicDetails"/>
  <testcase name="basicDetails" time="156.379" classname="com.PMC_Feb23.tc.TC004_PMCBasicDetails"/>
  <testcase name="basicDetails" time="165.866" classname="com.PMC_Feb23.tc.TC004_PMCBasicDetails"/>
  <testcase name="basicDetails" time="156.028" classname="com.PMC_Feb23.tc.TC004_PMCBasicDetails"/>
  <testcase name="basicDetails" time="155.786" classname="com.PMC_Feb23.tc.TC004_PMCBasicDetails"/>
  <testcase name="basicDetails" time="155.915" classname="com.PMC_Feb23.tc.TC004_PMCBasicDetails"/>
  <testcase name="basicDetails" time="156.176" classname="com.PMC_Feb23.tc.TC004_PMCBasicDetails"/>
  <testcase name="basicDetails" time="156.112" classname="com.PMC_Feb23.tc.TC004_PMCBasicDetails"/>
  <testcase name="basicDetails" time="155.961" classname="com.PMC_Feb23.tc.TC004_PMCBasicDetails"/>
  <testcase name="basicDetails" time="157.607" classname="com.PMC_Feb23.tc.TC004_PMCBasicDetails"/>
  <testcase name="basicDetails" time="155.155" classname="com.PMC_Feb23.tc.TC004_PMCBasicDetails"/>
  <testcase name="basicDetails" time="156.650" classname="com.PMC_Feb23.tc.TC004_PMCBasicDetails"/>
  <testcase name="basicDetails" time="155.510" classname="com.PMC_Feb23.tc.TC004_PMCBasicDetails"/>
  <testcase name="basicDetails" time="156.130" classname="com.PMC_Feb23.tc.TC004_PMCBasicDetails"/>
  <testcase name="basicDetails" time="155.514" classname="com.PMC_Feb23.tc.TC004_PMCBasicDetails"/>
  <testcase name="basicDetails" time="156.147" classname="com.PMC_Feb23.tc.TC004_PMCBasicDetails"/>
  <testcase name="basicDetails" time="156.520" classname="com.PMC_Feb23.tc.TC004_PMCBasicDetails"/>
  <testcase name="basicDetails" time="155.731" classname="com.PMC_Feb23.tc.TC004_PMCBasicDetails"/>
  <testcase name="basicDetails" time="155.935" classname="com.PMC_Feb23.tc.TC004_PMCBasicDetails"/>
  <testcase name="basicDetails" time="155.488" classname="com.PMC_Feb23.tc.TC004_PMCBasicDetails"/>
  <testcase name="basicDetails" time="156.050" classname="com.PMC_Feb23.tc.TC004_PMCBasicDetails"/>
  <testcase name="basicDetails" time="155.927" classname="com.PMC_Feb23.tc.TC004_PMCBasicDetails"/>
  <testcase name="basicDetails" time="156.231" classname="com.PMC_Feb23.tc.TC004_PMCBasicDetails"/>
  <testcase name="basicDetails" time="155.878" classname="com.PMC_Feb23.tc.TC004_PMCBasicDetails"/>
  <testcase name="basicDetails" time="155.990" classname="com.PMC_Feb23.tc.TC004_PMCBasicDetails"/>
  <testcase name="basicDetails" time="156.484" classname="com.PMC_Feb23.tc.TC004_PMCBasicDetails"/>
  <testcase name="basicDetails" time="155.831" classname="com.PMC_Feb23.tc.TC004_PMCBasicDetails"/>
  <testcase name="basicDetails" time="155.734" classname="com.PMC_Feb23.tc.TC004_PMCBasicDetails"/>
  <testcase name="basicDetails" time="155.967" classname="com.PMC_Feb23.tc.TC004_PMCBasicDetails"/>
  <testcase name="basicDetails" time="155.927" classname="com.PMC_Feb23.tc.TC004_PMCBasicDetails"/>
  <testcase name="basicDetails" time="155.876" classname="com.PMC_Feb23.tc.TC004_PMCBasicDetails"/>
  <testcase name="basicDetails" time="157.472" classname="com.PMC_Feb23.tc.TC004_PMCBasicDetails"/>
  <testcase name="basicDetails" time="156.330" classname="com.PMC_Feb23.tc.TC004_PMCBasicDetails"/>
  <testcase name="basicDetails" time="156.354" classname="com.PMC_Feb23.tc.TC004_PMCBasicDetails"/>
  <testcase name="basicDetails" time="155.996" classname="com.PMC_Feb23.tc.TC004_PMCBasicDetails"/>
  <testcase name="basicDetails" time="155.863" classname="com.PMC_Feb23.tc.TC004_PMCBasicDetails"/>
  <testcase name="basicDetails" time="156.206" classname="com.PMC_Feb23.tc.TC004_PMCBasicDetails"/>
  <testcase name="basicDetails" time="156.065" classname="com.PMC_Feb23.tc.TC004_PMCBasicDetails"/>
  <testcase name="basicDetails" time="156.355" classname="com.PMC_Feb23.tc.TC004_PMCBasicDetails"/>
  <testcase name="basicDetails" time="156.306" classname="com.PMC_Feb23.tc.TC004_PMCBasicDetails"/>
  <testcase name="basicDetails" time="155.969" classname="com.PMC_Feb23.tc.TC004_PMCBasicDetails"/>
  <testcase name="basicDetails" time="156.211" classname="com.PMC_Feb23.tc.TC004_PMCBasicDetails"/>
  <testcase name="basicDetails" time="156.250" classname="com.PMC_Feb23.tc.TC004_PMCBasicDetails"/>
  <testcase name="basicDetails" time="156.200" classname="com.PMC_Feb23.tc.TC004_PMCBasicDetails"/>
  <testcase name="basicDetails" time="155.634" classname="com.PMC_Feb23.tc.TC004_PMCBasicDetails"/>
  <testcase name="basicDetails" time="156.232" classname="com.PMC_Feb23.tc.TC004_PMCBasicDetails"/>
  <testcase name="basicDetails" time="155.997" classname="com.PMC_Feb23.tc.TC004_PMCBasicDetails"/>
  <testcase name="basicDetails" time="156.085" classname="com.PMC_Feb23.tc.TC004_PMCBasicDetails"/>
  <testcase name="basicDetails" time="155.863" classname="com.PMC_Feb23.tc.TC004_PMCBasicDetails"/>
  <testcase name="basicDetails" time="156.094" classname="com.PMC_Feb23.tc.TC004_PMCBasicDetails"/>
  <testcase name="basicDetails" time="156.240" classname="com.PMC_Feb23.tc.TC004_PMCBasicDetails"/>
  <testcase name="basicDetails" time="156.092" classname="com.PMC_Feb23.tc.TC004_PMCBasicDetails"/>
  <testcase name="basicDetails" time="156.123" classname="com.PMC_Feb23.tc.TC004_PMCBasicDetails"/>
  <testcase name="basicDetails" time="156.090" classname="com.PMC_Feb23.tc.TC004_PMCBasicDetails"/>
  <testcase name="basicDetails" time="155.855" classname="com.PMC_Feb23.tc.TC004_PMCBasicDetails"/>
  <testcase name="basicDetails" time="155.438" classname="com.PMC_Feb23.tc.TC004_PMCBasicDetails"/>
  <testcase name="basicDetails" time="155.605" classname="com.PMC_Feb23.tc.TC004_PMCBasicDetails"/>
  <testcase name="basicDetails" time="156.063" classname="com.PMC_Feb23.tc.TC004_PMCBasicDetails"/>
  <testcase name="basicDetails" time="155.757" classname="com.PMC_Feb23.tc.TC004_PMCBasicDetails"/>
  <testcase name="basicDetails" time="156.109" classname="com.PMC_Feb23.tc.TC004_PMCBasicDetails"/>
  <testcase name="basicDetails" time="155.599" classname="com.PMC_Feb23.tc.TC004_PMCBasicDetails"/>
  <testcase name="basicDetails" time="155.556" classname="com.PMC_Feb23.tc.TC004_PMCBasicDetails"/>
  <testcase name="basicDetails" time="155.960" classname="com.PMC_Feb23.tc.TC004_PMCBasicDetails"/>
  <testcase name="basicDetails" time="156.191" classname="com.PMC_Feb23.tc.TC004_PMCBasicDetails"/>
  <testcase name="basicDetails" time="156.025" classname="com.PMC_Feb23.tc.TC004_PMCBasicDetails"/>
  <testcase name="basicDetails" time="156.078" classname="com.PMC_Feb23.tc.TC004_PMCBasicDetails"/>
  <testcase name="basicDetails" time="156.208" classname="com.PMC_Feb23.tc.TC004_PMCBasicDetails"/>
  <testcase name="basicDetails" time="156.251" classname="com.PMC_Feb23.tc.TC004_PMCBasicDetails"/>
  <testcase name="basicDetails" time="156.026" classname="com.PMC_Feb23.tc.TC004_PMCBasicDetails"/>
  <testcase name="basicDetails" time="156.212" classname="com.PMC_Feb23.tc.TC004_PMCBasicDetails"/>
  <testcase name="basicDetails" time="155.653" classname="com.PMC_Feb23.tc.TC004_PMCBasicDetails"/>
  <testcase name="basicDetails" time="155.580" classname="com.PMC_Feb23.tc.TC004_PMCBasicDetails"/>
  <testcase name="basicDetails" time="155.661" classname="com.PMC_Feb23.tc.TC004_PMCBasicDetails"/>
  <testcase name="basicDetails" time="156.816" classname="com.PMC_Feb23.tc.TC004_PMCBasicDetails"/>
  <testcase name="basicDetails" time="156.056" classname="com.PMC_Feb23.tc.TC004_PMCBasicDetails"/>
  <testcase name="basicDetails" time="155.747" classname="com.PMC_Feb23.tc.TC004_PMCBasicDetails"/>
  <testcase name="basicDetails" time="155.793" classname="com.PMC_Feb23.tc.TC004_PMCBasicDetails"/>
  <testcase name="basicDetails" time="155.688" classname="com.PMC_Feb23.tc.TC004_PMCBasicDetails"/>
  <testcase name="basicDetails" time="156.412" classname="com.PMC_Feb23.tc.TC004_PMCBasicDetails"/>
  <testcase name="basicDetails" time="156.236" classname="com.PMC_Feb23.tc.TC004_PMCBasicDetails"/>
  <testcase name="basicDetails" time="155.409" classname="com.PMC_Feb23.tc.TC004_PMCBasicDetails"/>
  <testcase name="basicDetails" time="156.352" classname="com.PMC_Feb23.tc.TC004_PMCBasicDetails"/>
  <testcase name="basicDetails" time="155.894" classname="com.PMC_Feb23.tc.TC004_PMCBasicDetails"/>
  <testcase name="basicDetails" time="156.168" classname="com.PMC_Feb23.tc.TC004_PMCBasicDetails"/>
  <testcase name="basicDetails" time="156.411" classname="com.PMC_Feb23.tc.TC004_PMCBasicDetails"/>
  <testcase name="basicDetails" time="155.459" classname="com.PMC_Feb23.tc.TC004_PMCBasicDetails"/>
  <testcase name="basicDetails" time="156.334" classname="com.PMC_Feb23.tc.TC004_PMCBasicDetails"/>
  <testcase name="basicDetails" time="155.931" classname="com.PMC_Feb23.tc.TC004_PMCBasicDetails"/>
  <testcase name="basicDetails" time="155.900" classname="com.PMC_Feb23.tc.TC004_PMCBasicDetails"/>
  <testcase name="basicDetails" time="155.863" classname="com.PMC_Feb23.tc.TC004_PMCBasicDetails"/>
  <testcase name="basicDetails" time="155.946" classname="com.PMC_Feb23.tc.TC004_PMCBasicDetails"/>
  <testcase name="basicDetails" time="155.275" classname="com.PMC_Feb23.tc.TC004_PMCBasicDetails"/>
  <testcase name="basicDetails" time="156.205" classname="com.PMC_Feb23.tc.TC004_PMCBasicDetails"/>
  <testcase name="basicDetails" time="155.821" classname="com.PMC_Feb23.tc.TC004_PMCBasicDetails"/>
  <testcase name="basicDetails" time="155.964" classname="com.PMC_Feb23.tc.TC004_PMCBasicDetails"/>
  <testcase name="basicDetails" time="155.590" classname="com.PMC_Feb23.tc.TC004_PMCBasicDetails"/>
  <testcase name="basicDetails" time="155.679" classname="com.PMC_Feb23.tc.TC004_PMCBasicDetails"/>
  <testcase name="basicDetails" time="156.192" classname="com.PMC_Feb23.tc.TC004_PMCBasicDetails"/>
  <testcase name="basicDetails" time="155.766" classname="com.PMC_Feb23.tc.TC004_PMCBasicDetails"/>
  <testcase name="basicDetails" time="155.972" classname="com.PMC_Feb23.tc.TC004_PMCBasicDetails"/>
  <testcase name="basicDetails" time="155.984" classname="com.PMC_Feb23.tc.TC004_PMCBasicDetails"/>
  <testcase name="basicDetails" time="155.731" classname="com.PMC_Feb23.tc.TC004_PMCBasicDetails"/>
  <testcase name="basicDetails" time="156.359" classname="com.PMC_Feb23.tc.TC004_PMCBasicDetails"/>
  <testcase name="basicDetails" time="155.820" classname="com.PMC_Feb23.tc.TC004_PMCBasicDetails"/>
  <testcase name="basicDetails" time="156.110" classname="com.PMC_Feb23.tc.TC004_PMCBasicDetails"/>
  <testcase name="basicDetails" time="156.159" classname="com.PMC_Feb23.tc.TC004_PMCBasicDetails"/>
  <testcase name="basicDetails" time="155.931" classname="com.PMC_Feb23.tc.TC004_PMCBasicDetails"/>
  <testcase name="basicDetails" time="156.012" classname="com.PMC_Feb23.tc.TC004_PMCBasicDetails"/>
  <testcase name="basicDetails" time="156.577" classname="com.PMC_Feb23.tc.TC004_PMCBasicDetails"/>
  <testcase name="basicDetails" time="156.030" classname="com.PMC_Feb23.tc.TC004_PMCBasicDetails"/>
  <testcase name="basicDetails" time="156.609" classname="com.PMC_Feb23.tc.TC004_PMCBasicDetails"/>
  <testcase name="basicDetails" time="156.239" classname="com.PMC_Feb23.tc.TC004_PMCBasicDetails"/>
  <testcase name="basicDetails" time="156.094" classname="com.PMC_Feb23.tc.TC004_PMCBasicDetails"/>
  <testcase name="basicDetails" time="156.380" classname="com.PMC_Feb23.tc.TC004_PMCBasicDetails"/>
  <testcase name="basicDetails" time="156.322" classname="com.PMC_Feb23.tc.TC004_PMCBasicDetails"/>
  <testcase name="basicDetails" time="155.846" classname="com.PMC_Feb23.tc.TC004_PMCBasicDetails"/>
  <testcase name="basicDetails" time="156.070" classname="com.PMC_Feb23.tc.TC004_PMCBasicDetails"/>
  <testcase name="basicDetails" time="156.124" classname="com.PMC_Feb23.tc.TC004_PMCBasicDetails"/>
  <testcase name="basicDetails" time="156.289" classname="com.PMC_Feb23.tc.TC004_PMCBasicDetails"/>
  <testcase name="basicDetails" time="156.043" classname="com.PMC_Feb23.tc.TC004_PMCBasicDetails"/>
  <testcase name="basicDetails" time="157.590" classname="com.PMC_Feb23.tc.TC004_PMCBasicDetails"/>
  <testcase name="basicDetails" time="156.232" classname="com.PMC_Feb23.tc.TC004_PMCBasicDetails"/>
  <testcase name="basicDetails" time="155.657" classname="com.PMC_Feb23.tc.TC004_PMCBasicDetails"/>
  <testcase name="basicDetails" time="156.183" classname="com.PMC_Feb23.tc.TC004_PMCBasicDetails"/>
  <testcase name="basicDetails" time="156.135" classname="com.PMC_Feb23.tc.TC004_PMCBasicDetails"/>
  <testcase name="basicDetails" time="155.593" classname="com.PMC_Feb23.tc.TC004_PMCBasicDetails"/>
  <testcase name="basicDetails" time="155.985" classname="com.PMC_Feb23.tc.TC004_PMCBasicDetails"/>
  <testcase name="basicDetails" time="156.009" classname="com.PMC_Feb23.tc.TC004_PMCBasicDetails"/>
  <testcase name="basicDetails" time="155.627" classname="com.PMC_Feb23.tc.TC004_PMCBasicDetails"/>
  <testcase name="basicDetails" time="156.457" classname="com.PMC_Feb23.tc.TC004_PMCBasicDetails"/>
  <testcase name="basicDetails" time="156.147" classname="com.PMC_Feb23.tc.TC004_PMCBasicDetails"/>
  <testcase name="basicDetails" time="155.695" classname="com.PMC_Feb23.tc.TC004_PMCBasicDetails"/>
  <testcase name="basicDetails" time="156.288" classname="com.PMC_Feb23.tc.TC004_PMCBasicDetails"/>
  <testcase name="basicDetails" time="155.977" classname="com.PMC_Feb23.tc.TC004_PMCBasicDetails"/>
  <testcase name="basicDetails" time="155.480" classname="com.PMC_Feb23.tc.TC004_PMCBasicDetails"/>
  <testcase name="basicDetails" time="156.150" classname="com.PMC_Feb23.tc.TC004_PMCBasicDetails"/>
  <testcase name="basicDetails" time="155.796" classname="com.PMC_Feb23.tc.TC004_PMCBasicDetails"/>
  <testcase name="basicDetails" time="155.671" classname="com.PMC_Feb23.tc.TC004_PMCBasicDetails"/>
  <testcase name="basicDetails" time="156.185" classname="com.PMC_Feb23.tc.TC004_PMCBasicDetails"/>
</testsuite> <!-- com.PMC_Feb23.tc.TC004_PMCBasicDetails -->
