<?xml version="1.0" encoding="UTF-8"?>
<!-- Generated by org.testng.reporters.JUnitReportReporter -->
<testsuite skipped="0" hostname="MAA014482B" name="com.CAH_May23.tc.TC005_CAHBasicDetails" tests="54" failures="0" timestamp="2023-06-12T16:31:31 IST" time="8523.303" errors="0">
  <testcase name="basicDetails" time="160.434" classname="com.CAH_May23.tc.TC005_CAHBasicDetails"/>
  <testcase name="basicDetails" time="157.561" classname="com.CAH_May23.tc.TC005_CAHBasicDetails"/>
  <testcase name="basicDetails" time="157.351" classname="com.CAH_May23.tc.TC005_CAHBasicDetails"/>
  <testcase name="basicDetails" time="157.487" classname="com.CAH_May23.tc.TC005_CAHBasicDetails"/>
  <testcase name="basicDetails" time="157.375" classname="com.CAH_May23.tc.TC005_CAHBasicDetails"/>
  <testcase name="basicDetails" time="157.358" classname="com.CAH_May23.tc.TC005_CAHBasicDetails"/>
  <testcase name="basicDetails" time="157.612" classname="com.CAH_May23.tc.TC005_CAHBasicDetails"/>
  <testcase name="basicDetails" time="156.955" classname="com.CAH_May23.tc.TC005_CAHBasicDetails"/>
  <testcase name="basicDetails" time="156.831" classname="com.CAH_May23.tc.TC005_CAHBasicDetails"/>
  <testcase name="basicDetails" time="157.730" classname="com.CAH_May23.tc.TC005_CAHBasicDetails"/>
  <testcase name="basicDetails" time="156.821" classname="com.CAH_May23.tc.TC005_CAHBasicDetails"/>
  <testcase name="basicDetails" time="157.375" classname="com.CAH_May23.tc.TC005_CAHBasicDetails"/>
  <testcase name="basicDetails" time="157.278" classname="com.CAH_May23.tc.TC005_CAHBasicDetails"/>
  <testcase name="basicDetails" time="157.491" classname="com.CAH_May23.tc.TC005_CAHBasicDetails"/>
  <testcase name="basicDetails" time="157.683" classname="com.CAH_May23.tc.TC005_CAHBasicDetails"/>
  <testcase name="basicDetails" time="160.476" classname="com.CAH_May23.tc.TC005_CAHBasicDetails"/>
  <testcase name="basicDetails" time="157.587" classname="com.CAH_May23.tc.TC005_CAHBasicDetails"/>
  <testcase name="basicDetails" time="157.575" classname="com.CAH_May23.tc.TC005_CAHBasicDetails"/>
  <testcase name="basicDetails" time="157.498" classname="com.CAH_May23.tc.TC005_CAHBasicDetails"/>
  <testcase name="basicDetails" time="163.201" classname="com.CAH_May23.tc.TC005_CAHBasicDetails"/>
  <testcase name="basicDetails" time="157.573" classname="com.CAH_May23.tc.TC005_CAHBasicDetails"/>
  <testcase name="basicDetails" time="160.118" classname="com.CAH_May23.tc.TC005_CAHBasicDetails"/>
  <testcase name="basicDetails" time="159.934" classname="com.CAH_May23.tc.TC005_CAHBasicDetails"/>
  <testcase name="basicDetails" time="157.097" classname="com.CAH_May23.tc.TC005_CAHBasicDetails"/>
  <testcase name="basicDetails" time="157.697" classname="com.CAH_May23.tc.TC005_CAHBasicDetails"/>
  <testcase name="basicDetails" time="157.133" classname="com.CAH_May23.tc.TC005_CAHBasicDetails"/>
  <testcase name="basicDetails" time="157.486" classname="com.CAH_May23.tc.TC005_CAHBasicDetails"/>
  <testcase name="basicDetails" time="157.292" classname="com.CAH_May23.tc.TC005_CAHBasicDetails"/>
  <testcase name="basicDetails" time="157.283" classname="com.CAH_May23.tc.TC005_CAHBasicDetails"/>
  <testcase name="basicDetails" time="160.278" classname="com.CAH_May23.tc.TC005_CAHBasicDetails"/>
  <testcase name="basicDetails" time="157.360" classname="com.CAH_May23.tc.TC005_CAHBasicDetails"/>
  <testcase name="basicDetails" time="157.260" classname="com.CAH_May23.tc.TC005_CAHBasicDetails"/>
  <testcase name="basicDetails" time="157.581" classname="com.CAH_May23.tc.TC005_CAHBasicDetails"/>
  <testcase name="basicDetails" time="157.376" classname="com.CAH_May23.tc.TC005_CAHBasicDetails"/>
  <testcase name="basicDetails" time="156.756" classname="com.CAH_May23.tc.TC005_CAHBasicDetails"/>
  <testcase name="basicDetails" time="157.074" classname="com.CAH_May23.tc.TC005_CAHBasicDetails"/>
  <testcase name="basicDetails" time="158.153" classname="com.CAH_May23.tc.TC005_CAHBasicDetails"/>
  <testcase name="basicDetails" time="157.013" classname="com.CAH_May23.tc.TC005_CAHBasicDetails"/>
  <testcase name="basicDetails" time="160.339" classname="com.CAH_May23.tc.TC005_CAHBasicDetails"/>
  <testcase name="basicDetails" time="157.457" classname="com.CAH_May23.tc.TC005_CAHBasicDetails"/>
  <testcase name="basicDetails" time="160.238" classname="com.CAH_May23.tc.TC005_CAHBasicDetails"/>
  <testcase name="basicDetails" time="157.457" classname="com.CAH_May23.tc.TC005_CAHBasicDetails"/>
  <testcase name="basicDetails" time="157.657" classname="com.CAH_May23.tc.TC005_CAHBasicDetails"/>
  <testcase name="basicDetails" time="156.764" classname="com.CAH_May23.tc.TC005_CAHBasicDetails"/>
  <testcase name="basicDetails" time="157.619" classname="com.CAH_May23.tc.TC005_CAHBasicDetails"/>
  <testcase name="basicDetails" time="157.245" classname="com.CAH_May23.tc.TC005_CAHBasicDetails"/>
  <testcase name="basicDetails" time="157.266" classname="com.CAH_May23.tc.TC005_CAHBasicDetails"/>
  <testcase name="basicDetails" time="157.216" classname="com.CAH_May23.tc.TC005_CAHBasicDetails"/>
  <testcase name="basicDetails" time="157.155" classname="com.CAH_May23.tc.TC005_CAHBasicDetails"/>
  <testcase name="basicDetails" time="157.666" classname="com.CAH_May23.tc.TC005_CAHBasicDetails"/>
  <testcase name="basicDetails" time="157.289" classname="com.CAH_May23.tc.TC005_CAHBasicDetails"/>
  <testcase name="basicDetails" time="157.026" classname="com.CAH_May23.tc.TC005_CAHBasicDetails"/>
  <testcase name="basicDetails" time="157.765" classname="com.CAH_May23.tc.TC005_CAHBasicDetails"/>
  <testcase name="basicDetails" time="157.001" classname="com.CAH_May23.tc.TC005_CAHBasicDetails"/>
</testsuite> <!-- com.CAH_May23.tc.TC005_CAHBasicDetails -->
