<?xml version="1.0" encoding="UTF-8"?>
<!-- Generated by org.testng.reporters.JUnitReportReporter -->
<testsuite skipped="0" hostname="MAA014482B" name="com.Bihar.tc.TC004_BiharBasicDetails" tests="18" failures="0" timestamp="2023-03-03T17:37:05 IST" time="2915.810" errors="0">
  <testcase name="basicDetails" time="160.591" classname="com.Bihar.tc.TC004_BiharBasicDetails"/>
  <testcase name="basicDetails" time="161.435" classname="com.Bihar.tc.TC004_BiharBasicDetails"/>
  <testcase name="basicDetails" time="162.339" classname="com.Bihar.tc.TC004_BiharBasicDetails"/>
  <testcase name="basicDetails" time="160.409" classname="com.Bihar.tc.TC004_BiharBasicDetails"/>
  <testcase name="basicDetails" time="162.891" classname="com.Bihar.tc.TC004_BiharBasicDetails"/>
  <testcase name="basicDetails" time="163.060" classname="com.Bihar.tc.TC004_BiharBasicDetails"/>
  <testcase name="basicDetails" time="162.932" classname="com.Bihar.tc.TC004_BiharBasicDetails"/>
  <testcase name="basicDetails" time="161.404" classname="com.Bihar.tc.TC004_BiharBasicDetails"/>
  <testcase name="basicDetails" time="160.504" classname="com.Bihar.tc.TC004_BiharBasicDetails"/>
  <testcase name="basicDetails" time="162.701" classname="com.Bihar.tc.TC004_BiharBasicDetails"/>
  <testcase name="basicDetails" time="162.424" classname="com.Bihar.tc.TC004_BiharBasicDetails"/>
  <testcase name="basicDetails" time="163.412" classname="com.Bihar.tc.TC004_BiharBasicDetails"/>
  <testcase name="basicDetails" time="162.011" classname="com.Bihar.tc.TC004_BiharBasicDetails"/>
  <testcase name="basicDetails" time="162.063" classname="com.Bihar.tc.TC004_BiharBasicDetails"/>
  <testcase name="basicDetails" time="160.751" classname="com.Bihar.tc.TC004_BiharBasicDetails"/>
  <testcase name="basicDetails" time="162.636" classname="com.Bihar.tc.TC004_BiharBasicDetails"/>
  <testcase name="basicDetails" time="162.136" classname="com.Bihar.tc.TC004_BiharBasicDetails"/>
  <testcase name="basicDetails" time="162.111" classname="com.Bihar.tc.TC004_BiharBasicDetails"/>
</testsuite> <!-- com.Bihar.tc.TC004_BiharBasicDetails -->
