<?xml version="1.0" encoding="UTF-8"?>
<!-- Generated by org.testng.reporters.JUnitReportReporter -->
<testsuite hostname="MAA011253A" failures="0" tests="102" name="com.BOI.tc.TC002_BOIBasicDetails" time="7496.197" errors="1" timestamp="2020-09-15T15:11:41 IST" skipped="0">
  <testcase classname="com.BOI.tc.TC002_BOIBasicDetails" name="basicDetails" time="74.827"/>
  <testcase classname="com.BOI.tc.TC002_BOIBasicDetails" name="basicDetails" time="74.317"/>
  <testcase classname="com.BOI.tc.TC002_BOIBasicDetails" name="basicDetails" time="74.657"/>
  <testcase classname="com.BOI.tc.TC002_BOIBasicDetails" name="basicDetails" time="75.391"/>
  <testcase classname="com.BOI.tc.TC002_BOIBasicDetails" name="basicDetails" time="73.703"/>
  <testcase classname="com.BOI.tc.TC002_BOIBasicDetails" name="basicDetails" time="74.624"/>
  <testcase classname="com.BOI.tc.TC002_BOIBasicDetails" name="basicDetails" time="74.867"/>
  <testcase classname="com.BOI.tc.TC002_BOIBasicDetails" name="basicDetails" time="74.815"/>
  <testcase classname="com.BOI.tc.TC002_BOIBasicDetails" name="basicDetails" time="74.227"/>
  <testcase classname="com.BOI.tc.TC002_BOIBasicDetails" name="basicDetails" time="73.550"/>
  <testcase classname="com.BOI.tc.TC002_BOIBasicDetails" name="basicDetails" time="73.667"/>
  <testcase classname="com.BOI.tc.TC002_BOIBasicDetails" name="basicDetails" time="74.325"/>
  <testcase classname="com.BOI.tc.TC002_BOIBasicDetails" name="basicDetails" time="74.241"/>
  <testcase classname="com.BOI.tc.TC002_BOIBasicDetails" name="basicDetails" time="73.768"/>
  <testcase classname="com.BOI.tc.TC002_BOIBasicDetails" name="basicDetails" time="74.326"/>
  <testcase classname="com.BOI.tc.TC002_BOIBasicDetails" name="basicDetails" time="73.465"/>
  <testcase classname="com.BOI.tc.TC002_BOIBasicDetails" name="basicDetails" time="73.708"/>
  <testcase classname="com.BOI.tc.TC002_BOIBasicDetails" name="basicDetails" time="74.462"/>
  <testcase classname="com.BOI.tc.TC002_BOIBasicDetails" name="basicDetails" time="74.270"/>
  <testcase classname="com.BOI.tc.TC002_BOIBasicDetails" name="basicDetails" time="74.386"/>
  <testcase classname="com.BOI.tc.TC002_BOIBasicDetails" name="basicDetails" time="74.097"/>
  <testcase classname="com.BOI.tc.TC002_BOIBasicDetails" name="basicDetails" time="74.081"/>
  <testcase classname="com.BOI.tc.TC002_BOIBasicDetails" name="basicDetails" time="74.896"/>
  <testcase classname="com.BOI.tc.TC002_BOIBasicDetails" name="basicDetails" time="73.144"/>
  <testcase classname="com.BOI.tc.TC002_BOIBasicDetails" name="basicDetails" time="74.015"/>
  <testcase classname="com.BOI.tc.TC002_BOIBasicDetails" name="basicDetails" time="73.862"/>
  <testcase classname="com.BOI.tc.TC002_BOIBasicDetails" name="basicDetails" time="72.947"/>
  <testcase classname="com.BOI.tc.TC002_BOIBasicDetails" name="basicDetails" time="73.678"/>
  <testcase classname="com.BOI.tc.TC002_BOIBasicDetails" name="basicDetails" time="74.940"/>
  <testcase classname="com.BOI.tc.TC002_BOIBasicDetails" name="basicDetails" time="74.254"/>
  <testcase classname="com.BOI.tc.TC002_BOIBasicDetails" name="basicDetails" time="75.329"/>
  <testcase classname="com.BOI.tc.TC002_BOIBasicDetails" name="basicDetails" time="73.568"/>
  <testcase classname="com.BOI.tc.TC002_BOIBasicDetails" name="basicDetails" time="73.859"/>
  <testcase classname="com.BOI.tc.TC002_BOIBasicDetails" name="basicDetails" time="74.290"/>
  <testcase classname="com.BOI.tc.TC002_BOIBasicDetails" name="basicDetails" time="73.700"/>
  <testcase classname="com.BOI.tc.TC002_BOIBasicDetails" name="basicDetails" time="74.022"/>
  <testcase classname="com.BOI.tc.TC002_BOIBasicDetails" name="basicDetails" time="1.168">
    <error type="java.lang.NullPointerException">
      <![CDATA[java.lang.NullPointerException
at com.aventstack.extentreports.ExtentTest.log(ExtentTest.java:303)
at com.aventstack.extentreports.ExtentTest.pass(ExtentTest.java:524)
at lib.utils.HTMLReporter.reportStep(HTMLReporter.java:61)
at lib.utils.HTMLReporter.reportStep(HTMLReporter.java:73)
at com.ibps.pages.PersonalDetailsPage.selectDropDownUsingIndexNew(PersonalDetailsPage.java:317)
at com.BOI.tc.TC002_BOIBasicDetails.basicDetails(TC002_BOIBasicDetails.java:35)
at jdk.internal.reflect.GeneratedMethodAccessor89.invoke(Unknown Source)
at java.base/jdk.internal.reflect.DelegatingMethodAccessorImpl.invoke(Unknown Source)
at java.base/java.lang.reflect.Method.invoke(Unknown Source)
at org.testng.internal.MethodInvocationHelper.invokeMethod(MethodInvocationHelper.java:133)
at org.testng.internal.TestInvoker.invokeMethod(TestInvoker.java:584)
at org.testng.internal.TestInvoker.invokeTestMethod(TestInvoker.java:172)
at org.testng.internal.MethodRunner.runInSequence(MethodRunner.java:46)
at org.testng.internal.TestInvoker$MethodInvocationAgent.invoke(TestInvoker.java:804)
at org.testng.internal.TestInvoker.invokeTestMethods(TestInvoker.java:145)
at org.testng.internal.TestMethodWorker.invokeTestMethods(TestMethodWorker.java:146)
at org.testng.internal.TestMethodWorker.run(TestMethodWorker.java:128)
at java.base/java.util.concurrent.ThreadPoolExecutor.runWorker(Unknown Source)
at java.base/java.util.concurrent.ThreadPoolExecutor$Worker.run(Unknown Source)
at java.base/java.lang.Thread.run(Unknown Source)
]]>
    </error>
  </testcase> <!-- basicDetails -->
  <testcase classname="com.BOI.tc.TC002_BOIBasicDetails" name="basicDetails" time="73.999"/>
  <testcase classname="com.BOI.tc.TC002_BOIBasicDetails" name="basicDetails" time="74.089"/>
  <testcase classname="com.BOI.tc.TC002_BOIBasicDetails" name="basicDetails" time="73.443"/>
  <testcase classname="com.BOI.tc.TC002_BOIBasicDetails" name="basicDetails" time="75.331"/>
  <testcase classname="com.BOI.tc.TC002_BOIBasicDetails" name="basicDetails" time="77.387"/>
  <testcase classname="com.BOI.tc.TC002_BOIBasicDetails" name="basicDetails" time="74.484"/>
  <testcase classname="com.BOI.tc.TC002_BOIBasicDetails" name="basicDetails" time="73.922"/>
  <testcase classname="com.BOI.tc.TC002_BOIBasicDetails" name="basicDetails" time="74.566"/>
  <testcase classname="com.BOI.tc.TC002_BOIBasicDetails" name="basicDetails" time="74.240"/>
  <testcase classname="com.BOI.tc.TC002_BOIBasicDetails" name="basicDetails" time="74.083"/>
  <testcase classname="com.BOI.tc.TC002_BOIBasicDetails" name="basicDetails" time="73.777"/>
  <testcase classname="com.BOI.tc.TC002_BOIBasicDetails" name="basicDetails" time="75.186"/>
  <testcase classname="com.BOI.tc.TC002_BOIBasicDetails" name="basicDetails" time="74.504"/>
  <testcase classname="com.BOI.tc.TC002_BOIBasicDetails" name="basicDetails" time="73.632"/>
  <testcase classname="com.BOI.tc.TC002_BOIBasicDetails" name="basicDetails" time="74.710"/>
  <testcase classname="com.BOI.tc.TC002_BOIBasicDetails" name="basicDetails" time="74.143"/>
  <testcase classname="com.BOI.tc.TC002_BOIBasicDetails" name="basicDetails" time="74.279"/>
  <testcase classname="com.BOI.tc.TC002_BOIBasicDetails" name="basicDetails" time="74.266"/>
  <testcase classname="com.BOI.tc.TC002_BOIBasicDetails" name="basicDetails" time="73.813"/>
  <testcase classname="com.BOI.tc.TC002_BOIBasicDetails" name="basicDetails" time="74.773"/>
  <testcase classname="com.BOI.tc.TC002_BOIBasicDetails" name="basicDetails" time="74.268"/>
  <testcase classname="com.BOI.tc.TC002_BOIBasicDetails" name="basicDetails" time="74.517"/>
  <testcase classname="com.BOI.tc.TC002_BOIBasicDetails" name="basicDetails" time="74.373"/>
  <testcase classname="com.BOI.tc.TC002_BOIBasicDetails" name="basicDetails" time="74.527"/>
  <testcase classname="com.BOI.tc.TC002_BOIBasicDetails" name="basicDetails" time="74.048"/>
  <testcase classname="com.BOI.tc.TC002_BOIBasicDetails" name="basicDetails" time="74.601"/>
  <testcase classname="com.BOI.tc.TC002_BOIBasicDetails" name="basicDetails" time="74.435"/>
  <testcase classname="com.BOI.tc.TC002_BOIBasicDetails" name="basicDetails" time="73.201"/>
  <testcase classname="com.BOI.tc.TC002_BOIBasicDetails" name="basicDetails" time="72.976"/>
  <testcase classname="com.BOI.tc.TC002_BOIBasicDetails" name="basicDetails" time="73.890"/>
  <testcase classname="com.BOI.tc.TC002_BOIBasicDetails" name="basicDetails" time="74.327"/>
  <testcase classname="com.BOI.tc.TC002_BOIBasicDetails" name="basicDetails" time="73.923"/>
  <testcase classname="com.BOI.tc.TC002_BOIBasicDetails" name="basicDetails" time="73.490"/>
  <testcase classname="com.BOI.tc.TC002_BOIBasicDetails" name="basicDetails" time="73.603"/>
  <testcase classname="com.BOI.tc.TC002_BOIBasicDetails" name="basicDetails" time="75.029"/>
  <testcase classname="com.BOI.tc.TC002_BOIBasicDetails" name="basicDetails" time="73.629"/>
  <testcase classname="com.BOI.tc.TC002_BOIBasicDetails" name="basicDetails" time="74.272"/>
  <testcase classname="com.BOI.tc.TC002_BOIBasicDetails" name="basicDetails" time="74.695"/>
  <testcase classname="com.BOI.tc.TC002_BOIBasicDetails" name="basicDetails" time="73.523"/>
  <testcase classname="com.BOI.tc.TC002_BOIBasicDetails" name="basicDetails" time="73.422"/>
  <testcase classname="com.BOI.tc.TC002_BOIBasicDetails" name="basicDetails" time="73.780"/>
  <testcase classname="com.BOI.tc.TC002_BOIBasicDetails" name="basicDetails" time="74.190"/>
  <testcase classname="com.BOI.tc.TC002_BOIBasicDetails" name="basicDetails" time="74.005"/>
  <testcase classname="com.BOI.tc.TC002_BOIBasicDetails" name="basicDetails" time="74.507"/>
  <testcase classname="com.BOI.tc.TC002_BOIBasicDetails" name="basicDetails" time="74.529"/>
  <testcase classname="com.BOI.tc.TC002_BOIBasicDetails" name="basicDetails" time="74.122"/>
  <testcase classname="com.BOI.tc.TC002_BOIBasicDetails" name="basicDetails" time="74.413"/>
  <testcase classname="com.BOI.tc.TC002_BOIBasicDetails" name="basicDetails" time="73.900"/>
  <testcase classname="com.BOI.tc.TC002_BOIBasicDetails" name="basicDetails" time="75.416"/>
  <testcase classname="com.BOI.tc.TC002_BOIBasicDetails" name="basicDetails" time="74.551"/>
  <testcase classname="com.BOI.tc.TC002_BOIBasicDetails" name="basicDetails" time="73.959"/>
  <testcase classname="com.BOI.tc.TC002_BOIBasicDetails" name="basicDetails" time="74.340"/>
  <testcase classname="com.BOI.tc.TC002_BOIBasicDetails" name="basicDetails" time="74.816"/>
  <testcase classname="com.BOI.tc.TC002_BOIBasicDetails" name="basicDetails" time="73.992"/>
  <testcase classname="com.BOI.tc.TC002_BOIBasicDetails" name="basicDetails" time="74.887"/>
  <testcase classname="com.BOI.tc.TC002_BOIBasicDetails" name="basicDetails" time="74.006"/>
  <testcase classname="com.BOI.tc.TC002_BOIBasicDetails" name="basicDetails" time="73.543"/>
  <testcase classname="com.BOI.tc.TC002_BOIBasicDetails" name="basicDetails" time="73.542"/>
  <testcase classname="com.BOI.tc.TC002_BOIBasicDetails" name="basicDetails" time="74.639"/>
  <testcase classname="com.BOI.tc.TC002_BOIBasicDetails" name="basicDetails" time="73.857"/>
  <testcase classname="com.BOI.tc.TC002_BOIBasicDetails" name="basicDetails" time="73.863"/>
  <testcase classname="com.BOI.tc.TC002_BOIBasicDetails" name="basicDetails" time="74.225"/>
  <testcase classname="com.BOI.tc.TC002_BOIBasicDetails" name="basicDetails" time="73.132"/>
  <testcase classname="com.BOI.tc.TC002_BOIBasicDetails" name="basicDetails" time="75.010"/>
  <testcase classname="com.BOI.tc.TC002_BOIBasicDetails" name="basicDetails" time="74.151"/>
</testsuite> <!-- com.BOI.tc.TC002_BOIBasicDetails -->
