<?xml version="1.0" encoding="UTF-8"?>
<!-- Generated by org.testng.reporters.JUnitReportReporter -->
<testsuite skipped="0" hostname="MAA014482B" name="com.MPRSB_06022023.tc.TC002_MPRSBBasicDetails" tests="7" failures="0" timestamp="2023-03-09T12:21:36 IST" time="1162.984" errors="0">
  <testcase name="basicDetails" time="160.096" classname="com.MPRSB_06022023.tc.TC002_MPRSBBasicDetails"/>
  <testcase name="basicDetails" time="159.499" classname="com.MPRSB_06022023.tc.TC002_MPRSBBasicDetails"/>
  <testcase name="basicDetails" time="161.578" classname="com.MPRSB_06022023.tc.TC002_MPRSBBasicDetails"/>
  <testcase name="basicDetails" time="170.827" classname="com.MPRSB_06022023.tc.TC002_MPRSBBasicDetails"/>
  <testcase name="basicDetails" time="161.755" classname="com.MPRSB_06022023.tc.TC002_MPRSBBasicDetails"/>
  <testcase name="basicDetails" time="161.608" classname="com.MPRSB_06022023.tc.TC002_MPRSBBasicDetails"/>
  <testcase name="basicDetails" time="187.621" classname="com.MPRSB_06022023.tc.TC002_MPRSBBasicDetails"/>
</testsuite> <!-- com.MPRSB_06022023.tc.TC002_MPRSBBasicDetails -->
