<?xml version="1.0" encoding="UTF-8"?>
<!-- Generated by org.testng.reporters.JUnitReportReporter -->
<testsuite skipped="0" hostname="MAA014482B" name="com.SBI_20July22.tc.TC005_SBIBasicDetails" tests="124" failures="0" timestamp="2022-07-29T02:06:47 IST" time="16008.868" errors="0">
  <testcase name="basicDetails" time="127.723" classname="com.SBI_20July22.tc.TC005_SBIBasicDetails"/>
  <testcase name="basicDetails" time="127.273" classname="com.SBI_20July22.tc.TC005_SBIBasicDetails"/>
  <testcase name="basicDetails" time="127.417" classname="com.SBI_20July22.tc.TC005_SBIBasicDetails"/>
  <testcase name="basicDetails" time="130.910" classname="com.SBI_20July22.tc.TC005_SBIBasicDetails"/>
  <testcase name="basicDetails" time="127.465" classname="com.SBI_20July22.tc.TC005_SBIBasicDetails"/>
  <testcase name="basicDetails" time="130.758" classname="com.SBI_20July22.tc.TC005_SBIBasicDetails"/>
  <testcase name="basicDetails" time="130.717" classname="com.SBI_20July22.tc.TC005_SBIBasicDetails"/>
  <testcase name="basicDetails" time="127.597" classname="com.SBI_20July22.tc.TC005_SBIBasicDetails"/>
  <testcase name="basicDetails" time="130.755" classname="com.SBI_20July22.tc.TC005_SBIBasicDetails"/>
  <testcase name="basicDetails" time="130.686" classname="com.SBI_20July22.tc.TC005_SBIBasicDetails"/>
  <testcase name="basicDetails" time="130.716" classname="com.SBI_20July22.tc.TC005_SBIBasicDetails"/>
  <testcase name="basicDetails" time="127.298" classname="com.SBI_20July22.tc.TC005_SBIBasicDetails"/>
  <testcase name="basicDetails" time="127.296" classname="com.SBI_20July22.tc.TC005_SBIBasicDetails"/>
  <testcase name="basicDetails" time="127.196" classname="com.SBI_20July22.tc.TC005_SBIBasicDetails"/>
  <testcase name="basicDetails" time="130.577" classname="com.SBI_20July22.tc.TC005_SBIBasicDetails"/>
  <testcase name="basicDetails" time="127.333" classname="com.SBI_20July22.tc.TC005_SBIBasicDetails"/>
  <testcase name="basicDetails" time="127.517" classname="com.SBI_20July22.tc.TC005_SBIBasicDetails"/>
  <testcase name="basicDetails" time="130.887" classname="com.SBI_20July22.tc.TC005_SBIBasicDetails"/>
  <testcase name="basicDetails" time="127.265" classname="com.SBI_20July22.tc.TC005_SBIBasicDetails"/>
  <testcase name="basicDetails" time="127.662" classname="com.SBI_20July22.tc.TC005_SBIBasicDetails"/>
  <testcase name="basicDetails" time="127.310" classname="com.SBI_20July22.tc.TC005_SBIBasicDetails"/>
  <testcase name="basicDetails" time="130.505" classname="com.SBI_20July22.tc.TC005_SBIBasicDetails"/>
  <testcase name="basicDetails" time="130.717" classname="com.SBI_20July22.tc.TC005_SBIBasicDetails"/>
  <testcase name="basicDetails" time="130.581" classname="com.SBI_20July22.tc.TC005_SBIBasicDetails"/>
  <testcase name="basicDetails" time="127.280" classname="com.SBI_20July22.tc.TC005_SBIBasicDetails"/>
  <testcase name="basicDetails" time="130.570" classname="com.SBI_20July22.tc.TC005_SBIBasicDetails"/>
  <testcase name="basicDetails" time="127.175" classname="com.SBI_20July22.tc.TC005_SBIBasicDetails"/>
  <testcase name="basicDetails" time="130.902" classname="com.SBI_20July22.tc.TC005_SBIBasicDetails"/>
  <testcase name="basicDetails" time="127.351" classname="com.SBI_20July22.tc.TC005_SBIBasicDetails"/>
  <testcase name="basicDetails" time="127.899" classname="com.SBI_20July22.tc.TC005_SBIBasicDetails"/>
  <testcase name="basicDetails" time="130.639" classname="com.SBI_20July22.tc.TC005_SBIBasicDetails"/>
  <testcase name="basicDetails" time="130.752" classname="com.SBI_20July22.tc.TC005_SBIBasicDetails"/>
  <testcase name="basicDetails" time="130.737" classname="com.SBI_20July22.tc.TC005_SBIBasicDetails"/>
  <testcase name="basicDetails" time="127.433" classname="com.SBI_20July22.tc.TC005_SBIBasicDetails"/>
  <testcase name="basicDetails" time="127.479" classname="com.SBI_20July22.tc.TC005_SBIBasicDetails"/>
  <testcase name="basicDetails" time="127.657" classname="com.SBI_20July22.tc.TC005_SBIBasicDetails"/>
  <testcase name="basicDetails" time="126.023" classname="com.SBI_20July22.tc.TC005_SBIBasicDetails"/>
  <testcase name="basicDetails" time="130.728" classname="com.SBI_20July22.tc.TC005_SBIBasicDetails"/>
  <testcase name="basicDetails" time="130.678" classname="com.SBI_20July22.tc.TC005_SBIBasicDetails"/>
  <testcase name="basicDetails" time="127.502" classname="com.SBI_20July22.tc.TC005_SBIBasicDetails"/>
  <testcase name="basicDetails" time="127.351" classname="com.SBI_20July22.tc.TC005_SBIBasicDetails"/>
  <testcase name="basicDetails" time="131.109" classname="com.SBI_20July22.tc.TC005_SBIBasicDetails"/>
  <testcase name="basicDetails" time="127.376" classname="com.SBI_20July22.tc.TC005_SBIBasicDetails"/>
  <testcase name="basicDetails" time="130.650" classname="com.SBI_20July22.tc.TC005_SBIBasicDetails"/>
  <testcase name="basicDetails" time="130.851" classname="com.SBI_20July22.tc.TC005_SBIBasicDetails"/>
  <testcase name="basicDetails" time="130.838" classname="com.SBI_20July22.tc.TC005_SBIBasicDetails"/>
  <testcase name="basicDetails" time="127.590" classname="com.SBI_20July22.tc.TC005_SBIBasicDetails"/>
  <testcase name="basicDetails" time="127.605" classname="com.SBI_20July22.tc.TC005_SBIBasicDetails"/>
  <testcase name="basicDetails" time="130.674" classname="com.SBI_20July22.tc.TC005_SBIBasicDetails"/>
  <testcase name="basicDetails" time="127.577" classname="com.SBI_20July22.tc.TC005_SBIBasicDetails"/>
  <testcase name="basicDetails" time="127.666" classname="com.SBI_20July22.tc.TC005_SBIBasicDetails"/>
  <testcase name="basicDetails" time="127.610" classname="com.SBI_20July22.tc.TC005_SBIBasicDetails"/>
  <testcase name="basicDetails" time="127.583" classname="com.SBI_20July22.tc.TC005_SBIBasicDetails"/>
  <testcase name="basicDetails" time="127.792" classname="com.SBI_20July22.tc.TC005_SBIBasicDetails"/>
  <testcase name="basicDetails" time="127.429" classname="com.SBI_20July22.tc.TC005_SBIBasicDetails"/>
  <testcase name="basicDetails" time="130.855" classname="com.SBI_20July22.tc.TC005_SBIBasicDetails"/>
  <testcase name="basicDetails" time="127.885" classname="com.SBI_20July22.tc.TC005_SBIBasicDetails"/>
  <testcase name="basicDetails" time="127.462" classname="com.SBI_20July22.tc.TC005_SBIBasicDetails"/>
  <testcase name="basicDetails" time="127.486" classname="com.SBI_20July22.tc.TC005_SBIBasicDetails"/>
  <testcase name="basicDetails" time="130.511" classname="com.SBI_20July22.tc.TC005_SBIBasicDetails"/>
  <testcase name="basicDetails" time="130.860" classname="com.SBI_20July22.tc.TC005_SBIBasicDetails"/>
  <testcase name="basicDetails" time="127.369" classname="com.SBI_20July22.tc.TC005_SBIBasicDetails"/>
  <testcase name="basicDetails" time="130.582" classname="com.SBI_20July22.tc.TC005_SBIBasicDetails"/>
  <testcase name="basicDetails" time="130.589" classname="com.SBI_20July22.tc.TC005_SBIBasicDetails"/>
  <testcase name="basicDetails" time="130.678" classname="com.SBI_20July22.tc.TC005_SBIBasicDetails"/>
  <testcase name="basicDetails" time="130.446" classname="com.SBI_20July22.tc.TC005_SBIBasicDetails"/>
  <testcase name="basicDetails" time="127.851" classname="com.SBI_20July22.tc.TC005_SBIBasicDetails"/>
  <testcase name="basicDetails" time="130.670" classname="com.SBI_20July22.tc.TC005_SBIBasicDetails"/>
  <testcase name="basicDetails" time="130.714" classname="com.SBI_20July22.tc.TC005_SBIBasicDetails"/>
  <testcase name="basicDetails" time="127.713" classname="com.SBI_20July22.tc.TC005_SBIBasicDetails"/>
  <testcase name="basicDetails" time="127.537" classname="com.SBI_20July22.tc.TC005_SBIBasicDetails"/>
  <testcase name="basicDetails" time="127.383" classname="com.SBI_20July22.tc.TC005_SBIBasicDetails"/>
  <testcase name="basicDetails" time="130.765" classname="com.SBI_20July22.tc.TC005_SBIBasicDetails"/>
  <testcase name="basicDetails" time="127.487" classname="com.SBI_20July22.tc.TC005_SBIBasicDetails"/>
  <testcase name="basicDetails" time="127.355" classname="com.SBI_20July22.tc.TC005_SBIBasicDetails"/>
  <testcase name="basicDetails" time="127.816" classname="com.SBI_20July22.tc.TC005_SBIBasicDetails"/>
  <testcase name="basicDetails" time="127.833" classname="com.SBI_20July22.tc.TC005_SBIBasicDetails"/>
  <testcase name="basicDetails" time="130.042" classname="com.SBI_20July22.tc.TC005_SBIBasicDetails"/>
  <testcase name="basicDetails" time="130.976" classname="com.SBI_20July22.tc.TC005_SBIBasicDetails"/>
  <testcase name="basicDetails" time="127.304" classname="com.SBI_20July22.tc.TC005_SBIBasicDetails"/>
  <testcase name="basicDetails" time="131.218" classname="com.SBI_20July22.tc.TC005_SBIBasicDetails"/>
  <testcase name="basicDetails" time="127.510" classname="com.SBI_20July22.tc.TC005_SBIBasicDetails"/>
  <testcase name="basicDetails" time="130.689" classname="com.SBI_20July22.tc.TC005_SBIBasicDetails"/>
  <testcase name="basicDetails" time="127.341" classname="com.SBI_20July22.tc.TC005_SBIBasicDetails"/>
  <testcase name="basicDetails" time="127.646" classname="com.SBI_20July22.tc.TC005_SBIBasicDetails"/>
  <testcase name="basicDetails" time="130.796" classname="com.SBI_20July22.tc.TC005_SBIBasicDetails"/>
  <testcase name="basicDetails" time="127.698" classname="com.SBI_20July22.tc.TC005_SBIBasicDetails"/>
  <testcase name="basicDetails" time="130.396" classname="com.SBI_20July22.tc.TC005_SBIBasicDetails"/>
  <testcase name="basicDetails" time="130.599" classname="com.SBI_20July22.tc.TC005_SBIBasicDetails"/>
  <testcase name="basicDetails" time="130.722" classname="com.SBI_20July22.tc.TC005_SBIBasicDetails"/>
  <testcase name="basicDetails" time="130.960" classname="com.SBI_20July22.tc.TC005_SBIBasicDetails"/>
  <testcase name="basicDetails" time="131.140" classname="com.SBI_20July22.tc.TC005_SBIBasicDetails"/>
  <testcase name="basicDetails" time="130.682" classname="com.SBI_20July22.tc.TC005_SBIBasicDetails"/>
  <testcase name="basicDetails" time="127.350" classname="com.SBI_20July22.tc.TC005_SBIBasicDetails"/>
  <testcase name="basicDetails" time="131.015" classname="com.SBI_20July22.tc.TC005_SBIBasicDetails"/>
  <testcase name="basicDetails" time="130.963" classname="com.SBI_20July22.tc.TC005_SBIBasicDetails"/>
  <testcase name="basicDetails" time="127.819" classname="com.SBI_20July22.tc.TC005_SBIBasicDetails"/>
  <testcase name="basicDetails" time="127.624" classname="com.SBI_20July22.tc.TC005_SBIBasicDetails"/>
  <testcase name="basicDetails" time="130.510" classname="com.SBI_20July22.tc.TC005_SBIBasicDetails"/>
  <testcase name="basicDetails" time="130.812" classname="com.SBI_20July22.tc.TC005_SBIBasicDetails"/>
  <testcase name="basicDetails" time="127.685" classname="com.SBI_20July22.tc.TC005_SBIBasicDetails"/>
  <testcase name="basicDetails" time="127.400" classname="com.SBI_20July22.tc.TC005_SBIBasicDetails"/>
  <testcase name="basicDetails" time="130.544" classname="com.SBI_20July22.tc.TC005_SBIBasicDetails"/>
  <testcase name="basicDetails" time="127.205" classname="com.SBI_20July22.tc.TC005_SBIBasicDetails"/>
  <testcase name="basicDetails" time="130.521" classname="com.SBI_20July22.tc.TC005_SBIBasicDetails"/>
  <testcase name="basicDetails" time="127.462" classname="com.SBI_20July22.tc.TC005_SBIBasicDetails"/>
  <testcase name="basicDetails" time="131.230" classname="com.SBI_20July22.tc.TC005_SBIBasicDetails"/>
  <testcase name="basicDetails" time="127.610" classname="com.SBI_20July22.tc.TC005_SBIBasicDetails"/>
  <testcase name="basicDetails" time="130.814" classname="com.SBI_20July22.tc.TC005_SBIBasicDetails"/>
  <testcase name="basicDetails" time="130.716" classname="com.SBI_20July22.tc.TC005_SBIBasicDetails"/>
  <testcase name="basicDetails" time="130.623" classname="com.SBI_20July22.tc.TC005_SBIBasicDetails"/>
  <testcase name="basicDetails" time="130.787" classname="com.SBI_20July22.tc.TC005_SBIBasicDetails"/>
  <testcase name="basicDetails" time="130.817" classname="com.SBI_20July22.tc.TC005_SBIBasicDetails"/>
  <testcase name="basicDetails" time="127.371" classname="com.SBI_20July22.tc.TC005_SBIBasicDetails"/>
  <testcase name="basicDetails" time="127.271" classname="com.SBI_20July22.tc.TC005_SBIBasicDetails"/>
  <testcase name="basicDetails" time="131.089" classname="com.SBI_20July22.tc.TC005_SBIBasicDetails"/>
  <testcase name="basicDetails" time="127.556" classname="com.SBI_20July22.tc.TC005_SBIBasicDetails"/>
  <testcase name="basicDetails" time="131.122" classname="com.SBI_20July22.tc.TC005_SBIBasicDetails"/>
  <testcase name="basicDetails" time="130.835" classname="com.SBI_20July22.tc.TC005_SBIBasicDetails"/>
  <testcase name="basicDetails" time="127.342" classname="com.SBI_20July22.tc.TC005_SBIBasicDetails"/>
  <testcase name="basicDetails" time="129.536" classname="com.SBI_20July22.tc.TC005_SBIBasicDetails"/>
  <testcase name="basicDetails" time="130.500" classname="com.SBI_20July22.tc.TC005_SBIBasicDetails"/>
  <testcase name="basicDetails" time="131.221" classname="com.SBI_20July22.tc.TC005_SBIBasicDetails"/>
  <testcase name="basicDetails" time="127.285" classname="com.SBI_20July22.tc.TC005_SBIBasicDetails"/>
</testsuite> <!-- com.SBI_20July22.tc.TC005_SBIBasicDetails -->
