<?xml version="1.0" encoding="UTF-8"?>
<!-- Generated by org.testng.reporters.JUnitReportReporter -->
<testsuite hostname="MAA011253A" failures="0" tests="33" name="com.RCDF.tc.TC002_RCDFBasicDetails" time="3953.863" errors="0" timestamp="2021-06-09T19:29:28 IST" skipped="0">
  <testcase classname="com.RCDF.tc.TC002_RCDFBasicDetails" name="basicDetails" time="117.658"/>
  <testcase classname="com.RCDF.tc.TC002_RCDFBasicDetails" name="basicDetails" time="117.277"/>
  <testcase classname="com.RCDF.tc.TC002_RCDFBasicDetails" name="basicDetails" time="119.600"/>
  <testcase classname="com.RCDF.tc.TC002_RCDFBasicDetails" name="basicDetails" time="120.251"/>
  <testcase classname="com.RCDF.tc.TC002_RCDFBasicDetails" name="basicDetails" time="117.423"/>
  <testcase classname="com.RCDF.tc.TC002_RCDFBasicDetails" name="basicDetails" time="119.256"/>
  <testcase classname="com.RCDF.tc.TC002_RCDFBasicDetails" name="basicDetails" time="122.656"/>
  <testcase classname="com.RCDF.tc.TC002_RCDFBasicDetails" name="basicDetails" time="123.998"/>
  <testcase classname="com.RCDF.tc.TC002_RCDFBasicDetails" name="basicDetails" time="120.694"/>
  <testcase classname="com.RCDF.tc.TC002_RCDFBasicDetails" name="basicDetails" time="120.437"/>
  <testcase classname="com.RCDF.tc.TC002_RCDFBasicDetails" name="basicDetails" time="119.730"/>
  <testcase classname="com.RCDF.tc.TC002_RCDFBasicDetails" name="basicDetails" time="117.505"/>
  <testcase classname="com.RCDF.tc.TC002_RCDFBasicDetails" name="basicDetails" time="118.229"/>
  <testcase classname="com.RCDF.tc.TC002_RCDFBasicDetails" name="basicDetails" time="120.333"/>
  <testcase classname="com.RCDF.tc.TC002_RCDFBasicDetails" name="basicDetails" time="122.632"/>
  <testcase classname="com.RCDF.tc.TC002_RCDFBasicDetails" name="basicDetails" time="121.314"/>
  <testcase classname="com.RCDF.tc.TC002_RCDFBasicDetails" name="basicDetails" time="117.783"/>
  <testcase classname="com.RCDF.tc.TC002_RCDFBasicDetails" name="basicDetails" time="124.453"/>
  <testcase classname="com.RCDF.tc.TC002_RCDFBasicDetails" name="basicDetails" time="117.534"/>
  <testcase classname="com.RCDF.tc.TC002_RCDFBasicDetails" name="basicDetails" time="125.241"/>
  <testcase classname="com.RCDF.tc.TC002_RCDFBasicDetails" name="basicDetails" time="117.719"/>
  <testcase classname="com.RCDF.tc.TC002_RCDFBasicDetails" name="basicDetails" time="117.602"/>
  <testcase classname="com.RCDF.tc.TC002_RCDFBasicDetails" name="basicDetails" time="120.753"/>
  <testcase classname="com.RCDF.tc.TC002_RCDFBasicDetails" name="basicDetails" time="119.460"/>
  <testcase classname="com.RCDF.tc.TC002_RCDFBasicDetails" name="basicDetails" time="121.420"/>
  <testcase classname="com.RCDF.tc.TC002_RCDFBasicDetails" name="basicDetails" time="119.640"/>
  <testcase classname="com.RCDF.tc.TC002_RCDFBasicDetails" name="basicDetails" time="117.396"/>
  <testcase classname="com.RCDF.tc.TC002_RCDFBasicDetails" name="basicDetails" time="118.070"/>
  <testcase classname="com.RCDF.tc.TC002_RCDFBasicDetails" name="basicDetails" time="119.723"/>
  <testcase classname="com.RCDF.tc.TC002_RCDFBasicDetails" name="basicDetails" time="119.627"/>
  <testcase classname="com.RCDF.tc.TC002_RCDFBasicDetails" name="basicDetails" time="121.101"/>
  <testcase classname="com.RCDF.tc.TC002_RCDFBasicDetails" name="basicDetails" time="117.983"/>
  <testcase classname="com.RCDF.tc.TC002_RCDFBasicDetails" name="basicDetails" time="119.365"/>
</testsuite> <!-- com.RCDF.tc.TC002_RCDFBasicDetails -->
