<?xml version="1.0" encoding="UTF-8"?>
<!-- Generated by org.testng.reporters.JUnitReportReporter -->
<testsuite skipped="0" hostname="MAA011276B" name="com.OBC.tc.TC003_OBCBasicDetails" tests="122" failures="0" timestamp="24 Jul 2019 13:53:39 GMT" time="9785.520" errors="1">
  <testcase name="basicDetails" time="79.562" classname="com.OBC.tc.TC003_OBCBasicDetails"/>
  <testcase name="basicDetails" time="79.367" classname="com.OBC.tc.TC003_OBCBasicDetails"/>
  <testcase name="basicDetails" time="77.479" classname="com.OBC.tc.TC003_OBCBasicDetails"/>
  <testcase name="basicDetails" time="77.855" classname="com.OBC.tc.TC003_OBCBasicDetails"/>
  <testcase name="basicDetails" time="77.907" classname="com.OBC.tc.TC003_OBCBasicDetails"/>
  <testcase name="basicDetails" time="78.270" classname="com.OBC.tc.TC003_OBCBasicDetails"/>
  <testcase name="basicDetails" time="76.462" classname="com.OBC.tc.TC003_OBCBasicDetails"/>
  <testcase name="basicDetails" time="77.441" classname="com.OBC.tc.TC003_OBCBasicDetails"/>
  <testcase name="basicDetails" time="76.846" classname="com.OBC.tc.TC003_OBCBasicDetails"/>
  <testcase name="basicDetails" time="79.416" classname="com.OBC.tc.TC003_OBCBasicDetails"/>
  <testcase name="basicDetails" time="78.822" classname="com.OBC.tc.TC003_OBCBasicDetails"/>
  <testcase name="basicDetails" time="78.725" classname="com.OBC.tc.TC003_OBCBasicDetails"/>
  <testcase name="basicDetails" time="78.181" classname="com.OBC.tc.TC003_OBCBasicDetails"/>
  <testcase name="basicDetails" time="182.059" classname="com.OBC.tc.TC003_OBCBasicDetails"/>
  <testcase name="basicDetails" time="77.199" classname="com.OBC.tc.TC003_OBCBasicDetails"/>
  <testcase name="basicDetails" time="76.039" classname="com.OBC.tc.TC003_OBCBasicDetails"/>
  <testcase name="basicDetails" time="76.545" classname="com.OBC.tc.TC003_OBCBasicDetails"/>
  <testcase name="basicDetails" time="78.561" classname="com.OBC.tc.TC003_OBCBasicDetails"/>
  <testcase name="basicDetails" time="78.347" classname="com.OBC.tc.TC003_OBCBasicDetails"/>
  <testcase name="basicDetails" time="77.978" classname="com.OBC.tc.TC003_OBCBasicDetails"/>
  <testcase name="basicDetails" time="91.917" classname="com.OBC.tc.TC003_OBCBasicDetails"/>
  <testcase name="basicDetails" time="78.606" classname="com.OBC.tc.TC003_OBCBasicDetails"/>
  <testcase name="basicDetails" time="77.732" classname="com.OBC.tc.TC003_OBCBasicDetails"/>
  <testcase name="basicDetails" time="76.335" classname="com.OBC.tc.TC003_OBCBasicDetails"/>
  <testcase name="basicDetails" time="76.639" classname="com.OBC.tc.TC003_OBCBasicDetails"/>
  <testcase name="basicDetails" time="77.115" classname="com.OBC.tc.TC003_OBCBasicDetails"/>
  <testcase name="basicDetails" time="76.619" classname="com.OBC.tc.TC003_OBCBasicDetails"/>
  <testcase name="basicDetails" time="77.633" classname="com.OBC.tc.TC003_OBCBasicDetails"/>
  <testcase name="basicDetails" time="87.384" classname="com.OBC.tc.TC003_OBCBasicDetails"/>
  <testcase name="basicDetails" time="77.450" classname="com.OBC.tc.TC003_OBCBasicDetails"/>
  <testcase name="basicDetails" time="77.092" classname="com.OBC.tc.TC003_OBCBasicDetails"/>
  <testcase name="basicDetails" time="77.319" classname="com.OBC.tc.TC003_OBCBasicDetails"/>
  <testcase name="basicDetails" time="78.240" classname="com.OBC.tc.TC003_OBCBasicDetails"/>
  <testcase name="basicDetails" time="76.458" classname="com.OBC.tc.TC003_OBCBasicDetails"/>
  <testcase name="basicDetails" time="78.832" classname="com.OBC.tc.TC003_OBCBasicDetails"/>
  <testcase name="basicDetails" time="76.803" classname="com.OBC.tc.TC003_OBCBasicDetails"/>
  <testcase name="basicDetails" time="78.382" classname="com.OBC.tc.TC003_OBCBasicDetails"/>
  <testcase name="basicDetails" time="78.508" classname="com.OBC.tc.TC003_OBCBasicDetails"/>
  <testcase name="basicDetails" time="77.867" classname="com.OBC.tc.TC003_OBCBasicDetails"/>
  <testcase name="basicDetails" time="79.756" classname="com.OBC.tc.TC003_OBCBasicDetails"/>
  <testcase name="basicDetails" time="76.782" classname="com.OBC.tc.TC003_OBCBasicDetails"/>
  <testcase name="basicDetails" time="103.089" classname="com.OBC.tc.TC003_OBCBasicDetails"/>
  <testcase name="basicDetails" time="78.718" classname="com.OBC.tc.TC003_OBCBasicDetails"/>
  <testcase name="basicDetails" time="78.582" classname="com.OBC.tc.TC003_OBCBasicDetails"/>
  <testcase name="basicDetails" time="77.911" classname="com.OBC.tc.TC003_OBCBasicDetails"/>
  <testcase name="basicDetails" time="80.394" classname="com.OBC.tc.TC003_OBCBasicDetails"/>
  <testcase name="basicDetails" time="80.074" classname="com.OBC.tc.TC003_OBCBasicDetails"/>
  <testcase name="basicDetails" time="78.102" classname="com.OBC.tc.TC003_OBCBasicDetails"/>
  <testcase name="basicDetails" time="77.864" classname="com.OBC.tc.TC003_OBCBasicDetails"/>
  <testcase name="basicDetails" time="78.293" classname="com.OBC.tc.TC003_OBCBasicDetails"/>
  <testcase name="basicDetails" time="79.988" classname="com.OBC.tc.TC003_OBCBasicDetails"/>
  <testcase name="basicDetails" time="77.977" classname="com.OBC.tc.TC003_OBCBasicDetails"/>
  <testcase name="basicDetails" time="78.753" classname="com.OBC.tc.TC003_OBCBasicDetails"/>
  <testcase name="basicDetails" time="78.186" classname="com.OBC.tc.TC003_OBCBasicDetails"/>
  <testcase name="basicDetails" time="80.405" classname="com.OBC.tc.TC003_OBCBasicDetails"/>
  <testcase name="basicDetails" time="76.569" classname="com.OBC.tc.TC003_OBCBasicDetails"/>
  <testcase name="basicDetails" time="81.048" classname="com.OBC.tc.TC003_OBCBasicDetails"/>
  <testcase name="basicDetails" time="78.476" classname="com.OBC.tc.TC003_OBCBasicDetails"/>
  <testcase name="basicDetails" time="78.929" classname="com.OBC.tc.TC003_OBCBasicDetails"/>
  <testcase name="basicDetails" time="78.141" classname="com.OBC.tc.TC003_OBCBasicDetails"/>
  <testcase name="basicDetails" time="79.085" classname="com.OBC.tc.TC003_OBCBasicDetails"/>
  <testcase name="basicDetails" time="77.847" classname="com.OBC.tc.TC003_OBCBasicDetails"/>
  <testcase name="basicDetails" time="80.673" classname="com.OBC.tc.TC003_OBCBasicDetails"/>
  <testcase name="basicDetails" time="77.537" classname="com.OBC.tc.TC003_OBCBasicDetails"/>
  <testcase name="basicDetails" time="102.208" classname="com.OBC.tc.TC003_OBCBasicDetails"/>
  <testcase name="basicDetails" time="79.918" classname="com.OBC.tc.TC003_OBCBasicDetails"/>
  <testcase name="basicDetails" time="81.203" classname="com.OBC.tc.TC003_OBCBasicDetails"/>
  <testcase name="basicDetails" time="78.824" classname="com.OBC.tc.TC003_OBCBasicDetails"/>
  <testcase name="basicDetails" time="76.466" classname="com.OBC.tc.TC003_OBCBasicDetails"/>
  <testcase name="basicDetails" time="77.717" classname="com.OBC.tc.TC003_OBCBasicDetails"/>
  <testcase name="basicDetails" time="78.371" classname="com.OBC.tc.TC003_OBCBasicDetails"/>
  <testcase name="basicDetails" time="78.156" classname="com.OBC.tc.TC003_OBCBasicDetails"/>
  <testcase name="basicDetails" time="83.861" classname="com.OBC.tc.TC003_OBCBasicDetails"/>
  <testcase name="basicDetails" time="79.907" classname="com.OBC.tc.TC003_OBCBasicDetails"/>
  <testcase name="basicDetails" time="77.011" classname="com.OBC.tc.TC003_OBCBasicDetails"/>
  <testcase name="basicDetails" time="79.581" classname="com.OBC.tc.TC003_OBCBasicDetails"/>
  <testcase name="basicDetails" time="79.260" classname="com.OBC.tc.TC003_OBCBasicDetails"/>
  <testcase name="basicDetails" time="1.728" classname="com.OBC.tc.TC003_OBCBasicDetails">
    <error type="java.lang.NullPointerException">
      <![CDATA[java.lang.NullPointerException
at com.aventstack.extentreports.ExtentTest.log(ExtentTest.java:303)
at com.aventstack.extentreports.ExtentTest.pass(ExtentTest.java:524)
at lib.utils.HTMLReporter.reportStep(HTMLReporter.java:70)
at lib.utils.HTMLReporter.reportStep(HTMLReporter.java:82)
at lib.selenium.WebDriverServiceImpl.selectDropDownUsingIndex(WebDriverServiceImpl.java:299)
at com.ibps.pages.PersonalDetailsPage.enterPost(PersonalDetailsPage.java:98)
at com.OBC.tc.TC003_OBCBasicDetails.basicDetails(TC003_OBCBasicDetails.java:36)
at sun.reflect.NativeMethodAccessorImpl.invoke0(Native Method)
at sun.reflect.NativeMethodAccessorImpl.invoke(NativeMethodAccessorImpl.java:62)
at sun.reflect.DelegatingMethodAccessorImpl.invoke(DelegatingMethodAccessorImpl.java:43)
at java.lang.reflect.Method.invoke(Method.java:498)
at org.testng.internal.MethodInvocationHelper.invokeMethod(MethodInvocationHelper.java:124)
at org.testng.internal.Invoker.invokeMethod(Invoker.java:583)
at org.testng.internal.Invoker.invokeTestMethod(Invoker.java:719)
at org.testng.internal.Invoker.invokeTestMethods(Invoker.java:989)
at org.testng.internal.TestMethodWorker.invokeTestMethods(TestMethodWorker.java:125)
at org.testng.internal.TestMethodWorker.run(TestMethodWorker.java:109)
at java.util.concurrent.ThreadPoolExecutor.runWorker(ThreadPoolExecutor.java:1149)
at java.util.concurrent.ThreadPoolExecutor$Worker.run(ThreadPoolExecutor.java:624)
at java.lang.Thread.run(Thread.java:748)
]]>
    </error>
  </testcase> <!-- basicDetails -->
  <testcase name="basicDetails" time="78.292" classname="com.OBC.tc.TC003_OBCBasicDetails"/>
  <testcase name="basicDetails" time="77.278" classname="com.OBC.tc.TC003_OBCBasicDetails"/>
  <testcase name="basicDetails" time="77.980" classname="com.OBC.tc.TC003_OBCBasicDetails"/>
  <testcase name="basicDetails" time="88.833" classname="com.OBC.tc.TC003_OBCBasicDetails"/>
  <testcase name="basicDetails" time="76.870" classname="com.OBC.tc.TC003_OBCBasicDetails"/>
  <testcase name="basicDetails" time="76.574" classname="com.OBC.tc.TC003_OBCBasicDetails"/>
  <testcase name="basicDetails" time="77.452" classname="com.OBC.tc.TC003_OBCBasicDetails"/>
  <testcase name="basicDetails" time="78.668" classname="com.OBC.tc.TC003_OBCBasicDetails"/>
  <testcase name="basicDetails" time="75.503" classname="com.OBC.tc.TC003_OBCBasicDetails"/>
  <testcase name="basicDetails" time="76.816" classname="com.OBC.tc.TC003_OBCBasicDetails"/>
  <testcase name="basicDetails" time="78.167" classname="com.OBC.tc.TC003_OBCBasicDetails"/>
  <testcase name="basicDetails" time="77.390" classname="com.OBC.tc.TC003_OBCBasicDetails"/>
  <testcase name="basicDetails" time="78.398" classname="com.OBC.tc.TC003_OBCBasicDetails"/>
  <testcase name="basicDetails" time="79.324" classname="com.OBC.tc.TC003_OBCBasicDetails"/>
  <testcase name="basicDetails" time="77.452" classname="com.OBC.tc.TC003_OBCBasicDetails"/>
  <testcase name="basicDetails" time="77.845" classname="com.OBC.tc.TC003_OBCBasicDetails"/>
  <testcase name="basicDetails" time="183.815" classname="com.OBC.tc.TC003_OBCBasicDetails"/>
  <testcase name="basicDetails" time="78.551" classname="com.OBC.tc.TC003_OBCBasicDetails"/>
  <testcase name="basicDetails" time="78.159" classname="com.OBC.tc.TC003_OBCBasicDetails"/>
  <testcase name="basicDetails" time="78.104" classname="com.OBC.tc.TC003_OBCBasicDetails"/>
  <testcase name="basicDetails" time="84.009" classname="com.OBC.tc.TC003_OBCBasicDetails"/>
  <testcase name="basicDetails" time="80.271" classname="com.OBC.tc.TC003_OBCBasicDetails"/>
  <testcase name="basicDetails" time="76.818" classname="com.OBC.tc.TC003_OBCBasicDetails"/>
  <testcase name="basicDetails" time="77.644" classname="com.OBC.tc.TC003_OBCBasicDetails"/>
  <testcase name="basicDetails" time="80.879" classname="com.OBC.tc.TC003_OBCBasicDetails"/>
  <testcase name="basicDetails" time="93.362" classname="com.OBC.tc.TC003_OBCBasicDetails"/>
  <testcase name="basicDetails" time="78.508" classname="com.OBC.tc.TC003_OBCBasicDetails"/>
  <testcase name="basicDetails" time="79.528" classname="com.OBC.tc.TC003_OBCBasicDetails"/>
  <testcase name="basicDetails" time="77.705" classname="com.OBC.tc.TC003_OBCBasicDetails"/>
  <testcase name="basicDetails" time="81.408" classname="com.OBC.tc.TC003_OBCBasicDetails"/>
  <testcase name="basicDetails" time="78.106" classname="com.OBC.tc.TC003_OBCBasicDetails"/>
  <testcase name="basicDetails" time="79.488" classname="com.OBC.tc.TC003_OBCBasicDetails"/>
  <testcase name="basicDetails" time="76.921" classname="com.OBC.tc.TC003_OBCBasicDetails"/>
  <testcase name="basicDetails" time="78.953" classname="com.OBC.tc.TC003_OBCBasicDetails"/>
  <testcase name="basicDetails" time="79.471" classname="com.OBC.tc.TC003_OBCBasicDetails"/>
  <testcase name="basicDetails" time="77.851" classname="com.OBC.tc.TC003_OBCBasicDetails"/>
  <testcase name="basicDetails" time="78.197" classname="com.OBC.tc.TC003_OBCBasicDetails"/>
  <testcase name="basicDetails" time="78.569" classname="com.OBC.tc.TC003_OBCBasicDetails"/>
  <testcase name="basicDetails" time="76.045" classname="com.OBC.tc.TC003_OBCBasicDetails"/>
  <testcase name="basicDetails" time="76.139" classname="com.OBC.tc.TC003_OBCBasicDetails"/>
  <testcase name="basicDetails" time="83.485" classname="com.OBC.tc.TC003_OBCBasicDetails"/>
  <testcase name="basicDetails" time="77.522" classname="com.OBC.tc.TC003_OBCBasicDetails"/>
  <testcase name="basicDetails" time="78.851" classname="com.OBC.tc.TC003_OBCBasicDetails"/>
  <testcase name="basicDetails" time="76.937" classname="com.OBC.tc.TC003_OBCBasicDetails"/>
</testsuite> <!-- com.OBC.tc.TC003_OBCBasicDetails -->
