<?xml version="1.0" encoding="UTF-8"?>
<!-- Generated by org.testng.reporters.JUnitReportReporter -->
<testsuite skipped="0" hostname="MAA014482B" name="com.CBI_Jan23.tc.TC002_CBIBasicDetails" tests="83" failures="0" timestamp="2023-02-09T21:28:32 IST" time="14026.782" errors="0">
  <testcase name="basicDetails" time="171.098" classname="com.CBI_Jan23.tc.TC002_CBIBasicDetails"/>
  <testcase name="basicDetails" time="170.379" classname="com.CBI_Jan23.tc.TC002_CBIBasicDetails"/>
  <testcase name="basicDetails" time="167.466" classname="com.CBI_Jan23.tc.TC002_CBIBasicDetails"/>
  <testcase name="basicDetails" time="170.850" classname="com.CBI_Jan23.tc.TC002_CBIBasicDetails"/>
  <testcase name="basicDetails" time="170.898" classname="com.CBI_Jan23.tc.TC002_CBIBasicDetails"/>
  <testcase name="basicDetails" time="170.709" classname="com.CBI_Jan23.tc.TC002_CBIBasicDetails"/>
  <testcase name="basicDetails" time="167.706" classname="com.CBI_Jan23.tc.TC002_CBIBasicDetails"/>
  <testcase name="basicDetails" time="167.427" classname="com.CBI_Jan23.tc.TC002_CBIBasicDetails"/>
  <testcase name="basicDetails" time="170.385" classname="com.CBI_Jan23.tc.TC002_CBIBasicDetails"/>
  <testcase name="basicDetails" time="169.503" classname="com.CBI_Jan23.tc.TC002_CBIBasicDetails"/>
  <testcase name="basicDetails" time="168.838" classname="com.CBI_Jan23.tc.TC002_CBIBasicDetails"/>
  <testcase name="basicDetails" time="167.301" classname="com.CBI_Jan23.tc.TC002_CBIBasicDetails"/>
  <testcase name="basicDetails" time="166.535" classname="com.CBI_Jan23.tc.TC002_CBIBasicDetails"/>
  <testcase name="basicDetails" time="167.676" classname="com.CBI_Jan23.tc.TC002_CBIBasicDetails"/>
  <testcase name="basicDetails" time="167.537" classname="com.CBI_Jan23.tc.TC002_CBIBasicDetails"/>
  <testcase name="basicDetails" time="167.720" classname="com.CBI_Jan23.tc.TC002_CBIBasicDetails"/>
  <testcase name="basicDetails" time="170.513" classname="com.CBI_Jan23.tc.TC002_CBIBasicDetails"/>
  <testcase name="basicDetails" time="167.920" classname="com.CBI_Jan23.tc.TC002_CBIBasicDetails"/>
  <testcase name="basicDetails" time="170.785" classname="com.CBI_Jan23.tc.TC002_CBIBasicDetails"/>
  <testcase name="basicDetails" time="170.671" classname="com.CBI_Jan23.tc.TC002_CBIBasicDetails"/>
  <testcase name="basicDetails" time="167.692" classname="com.CBI_Jan23.tc.TC002_CBIBasicDetails"/>
  <testcase name="basicDetails" time="170.552" classname="com.CBI_Jan23.tc.TC002_CBIBasicDetails"/>
  <testcase name="basicDetails" time="167.583" classname="com.CBI_Jan23.tc.TC002_CBIBasicDetails"/>
  <testcase name="basicDetails" time="167.922" classname="com.CBI_Jan23.tc.TC002_CBIBasicDetails"/>
  <testcase name="basicDetails" time="167.566" classname="com.CBI_Jan23.tc.TC002_CBIBasicDetails"/>
  <testcase name="basicDetails" time="167.508" classname="com.CBI_Jan23.tc.TC002_CBIBasicDetails"/>
  <testcase name="basicDetails" time="171.063" classname="com.CBI_Jan23.tc.TC002_CBIBasicDetails"/>
  <testcase name="basicDetails" time="167.709" classname="com.CBI_Jan23.tc.TC002_CBIBasicDetails"/>
  <testcase name="basicDetails" time="170.531" classname="com.CBI_Jan23.tc.TC002_CBIBasicDetails"/>
  <testcase name="basicDetails" time="170.850" classname="com.CBI_Jan23.tc.TC002_CBIBasicDetails"/>
  <testcase name="basicDetails" time="170.842" classname="com.CBI_Jan23.tc.TC002_CBIBasicDetails"/>
  <testcase name="basicDetails" time="170.630" classname="com.CBI_Jan23.tc.TC002_CBIBasicDetails"/>
  <testcase name="basicDetails" time="170.736" classname="com.CBI_Jan23.tc.TC002_CBIBasicDetails"/>
  <testcase name="basicDetails" time="170.799" classname="com.CBI_Jan23.tc.TC002_CBIBasicDetails"/>
  <testcase name="basicDetails" time="170.665" classname="com.CBI_Jan23.tc.TC002_CBIBasicDetails"/>
  <testcase name="basicDetails" time="170.928" classname="com.CBI_Jan23.tc.TC002_CBIBasicDetails"/>
  <testcase name="basicDetails" time="170.592" classname="com.CBI_Jan23.tc.TC002_CBIBasicDetails"/>
  <testcase name="basicDetails" time="170.827" classname="com.CBI_Jan23.tc.TC002_CBIBasicDetails"/>
  <testcase name="basicDetails" time="167.590" classname="com.CBI_Jan23.tc.TC002_CBIBasicDetails"/>
  <testcase name="basicDetails" time="170.781" classname="com.CBI_Jan23.tc.TC002_CBIBasicDetails"/>
  <testcase name="basicDetails" time="167.741" classname="com.CBI_Jan23.tc.TC002_CBIBasicDetails"/>
  <testcase name="basicDetails" time="170.796" classname="com.CBI_Jan23.tc.TC002_CBIBasicDetails"/>
  <testcase name="basicDetails" time="167.421" classname="com.CBI_Jan23.tc.TC002_CBIBasicDetails"/>
  <testcase name="basicDetails" time="170.905" classname="com.CBI_Jan23.tc.TC002_CBIBasicDetails"/>
  <testcase name="basicDetails" time="170.559" classname="com.CBI_Jan23.tc.TC002_CBIBasicDetails"/>
  <testcase name="basicDetails" time="167.952" classname="com.CBI_Jan23.tc.TC002_CBIBasicDetails"/>
  <testcase name="basicDetails" time="167.448" classname="com.CBI_Jan23.tc.TC002_CBIBasicDetails"/>
  <testcase name="basicDetails" time="167.692" classname="com.CBI_Jan23.tc.TC002_CBIBasicDetails"/>
  <testcase name="basicDetails" time="167.688" classname="com.CBI_Jan23.tc.TC002_CBIBasicDetails"/>
  <testcase name="basicDetails" time="167.887" classname="com.CBI_Jan23.tc.TC002_CBIBasicDetails"/>
  <testcase name="basicDetails" time="167.661" classname="com.CBI_Jan23.tc.TC002_CBIBasicDetails"/>
  <testcase name="basicDetails" time="167.785" classname="com.CBI_Jan23.tc.TC002_CBIBasicDetails"/>
  <testcase name="basicDetails" time="167.483" classname="com.CBI_Jan23.tc.TC002_CBIBasicDetails"/>
  <testcase name="basicDetails" time="167.534" classname="com.CBI_Jan23.tc.TC002_CBIBasicDetails"/>
  <testcase name="basicDetails" time="170.789" classname="com.CBI_Jan23.tc.TC002_CBIBasicDetails"/>
  <testcase name="basicDetails" time="167.835" classname="com.CBI_Jan23.tc.TC002_CBIBasicDetails"/>
  <testcase name="basicDetails" time="168.892" classname="com.CBI_Jan23.tc.TC002_CBIBasicDetails"/>
  <testcase name="basicDetails" time="170.783" classname="com.CBI_Jan23.tc.TC002_CBIBasicDetails"/>
  <testcase name="basicDetails" time="170.627" classname="com.CBI_Jan23.tc.TC002_CBIBasicDetails"/>
  <testcase name="basicDetails" time="170.580" classname="com.CBI_Jan23.tc.TC002_CBIBasicDetails"/>
  <testcase name="basicDetails" time="170.708" classname="com.CBI_Jan23.tc.TC002_CBIBasicDetails"/>
  <testcase name="basicDetails" time="167.688" classname="com.CBI_Jan23.tc.TC002_CBIBasicDetails"/>
  <testcase name="basicDetails" time="170.909" classname="com.CBI_Jan23.tc.TC002_CBIBasicDetails"/>
  <testcase name="basicDetails" time="167.708" classname="com.CBI_Jan23.tc.TC002_CBIBasicDetails"/>
  <testcase name="basicDetails" time="167.294" classname="com.CBI_Jan23.tc.TC002_CBIBasicDetails"/>
  <testcase name="basicDetails" time="167.548" classname="com.CBI_Jan23.tc.TC002_CBIBasicDetails"/>
  <testcase name="basicDetails" time="170.628" classname="com.CBI_Jan23.tc.TC002_CBIBasicDetails"/>
  <testcase name="basicDetails" time="167.752" classname="com.CBI_Jan23.tc.TC002_CBIBasicDetails"/>
  <testcase name="basicDetails" time="167.645" classname="com.CBI_Jan23.tc.TC002_CBIBasicDetails"/>
  <testcase name="basicDetails" time="174.878" classname="com.CBI_Jan23.tc.TC002_CBIBasicDetails"/>
  <testcase name="basicDetails" time="167.812" classname="com.CBI_Jan23.tc.TC002_CBIBasicDetails"/>
  <testcase name="basicDetails" time="170.804" classname="com.CBI_Jan23.tc.TC002_CBIBasicDetails"/>
  <testcase name="basicDetails" time="167.659" classname="com.CBI_Jan23.tc.TC002_CBIBasicDetails"/>
  <testcase name="basicDetails" time="165.815" classname="com.CBI_Jan23.tc.TC002_CBIBasicDetails"/>
  <testcase name="basicDetails" time="167.325" classname="com.CBI_Jan23.tc.TC002_CBIBasicDetails"/>
  <testcase name="basicDetails" time="167.713" classname="com.CBI_Jan23.tc.TC002_CBIBasicDetails"/>
  <testcase name="basicDetails" time="167.579" classname="com.CBI_Jan23.tc.TC002_CBIBasicDetails"/>
  <testcase name="basicDetails" time="166.149" classname="com.CBI_Jan23.tc.TC002_CBIBasicDetails"/>
  <testcase name="basicDetails" time="167.463" classname="com.CBI_Jan23.tc.TC002_CBIBasicDetails"/>
  <testcase name="basicDetails" time="170.653" classname="com.CBI_Jan23.tc.TC002_CBIBasicDetails"/>
  <testcase name="basicDetails" time="168.163" classname="com.CBI_Jan23.tc.TC002_CBIBasicDetails"/>
  <testcase name="basicDetails" time="167.501" classname="com.CBI_Jan23.tc.TC002_CBIBasicDetails"/>
  <testcase name="basicDetails" time="168.047" classname="com.CBI_Jan23.tc.TC002_CBIBasicDetails"/>
</testsuite> <!-- com.CBI_Jan23.tc.TC002_CBIBasicDetails -->
