<?xml version="1.0" encoding="UTF-8"?>
<!-- Generated by org.testng.reporters.JUnitReportReporter -->
<testsuite skipped="0" hostname="MAA014482B" name="com.DRDO_17Oct.tc.TC005_DRDOBasicDetails" tests="50" failures="0" timestamp="2022-11-07T01:48:07 IST" time="8696.502" errors="0">
  <testcase name="basicDetails" time="168.684" classname="com.DRDO_17Oct.tc.TC005_DRDOBasicDetails"/>
  <testcase name="basicDetails" time="168.902" classname="com.DRDO_17Oct.tc.TC005_DRDOBasicDetails"/>
  <testcase name="basicDetails" time="182.217" classname="com.DRDO_17Oct.tc.TC005_DRDOBasicDetails"/>
  <testcase name="basicDetails" time="170.605" classname="com.DRDO_17Oct.tc.TC005_DRDOBasicDetails"/>
  <testcase name="basicDetails" time="171.038" classname="com.DRDO_17Oct.tc.TC005_DRDOBasicDetails"/>
  <testcase name="basicDetails" time="168.214" classname="com.DRDO_17Oct.tc.TC005_DRDOBasicDetails"/>
  <testcase name="basicDetails" time="181.570" classname="com.DRDO_17Oct.tc.TC005_DRDOBasicDetails"/>
  <testcase name="basicDetails" time="182.219" classname="com.DRDO_17Oct.tc.TC005_DRDOBasicDetails"/>
  <testcase name="basicDetails" time="168.397" classname="com.DRDO_17Oct.tc.TC005_DRDOBasicDetails"/>
  <testcase name="basicDetails" time="168.939" classname="com.DRDO_17Oct.tc.TC005_DRDOBasicDetails"/>
  <testcase name="basicDetails" time="168.321" classname="com.DRDO_17Oct.tc.TC005_DRDOBasicDetails"/>
  <testcase name="basicDetails" time="181.039" classname="com.DRDO_17Oct.tc.TC005_DRDOBasicDetails"/>
  <testcase name="basicDetails" time="170.014" classname="com.DRDO_17Oct.tc.TC005_DRDOBasicDetails"/>
  <testcase name="basicDetails" time="169.131" classname="com.DRDO_17Oct.tc.TC005_DRDOBasicDetails"/>
  <testcase name="basicDetails" time="168.952" classname="com.DRDO_17Oct.tc.TC005_DRDOBasicDetails"/>
  <testcase name="basicDetails" time="186.197" classname="com.DRDO_17Oct.tc.TC005_DRDOBasicDetails"/>
  <testcase name="basicDetails" time="170.886" classname="com.DRDO_17Oct.tc.TC005_DRDOBasicDetails"/>
  <testcase name="basicDetails" time="182.225" classname="com.DRDO_17Oct.tc.TC005_DRDOBasicDetails"/>
  <testcase name="basicDetails" time="168.578" classname="com.DRDO_17Oct.tc.TC005_DRDOBasicDetails"/>
  <testcase name="basicDetails" time="181.251" classname="com.DRDO_17Oct.tc.TC005_DRDOBasicDetails"/>
  <testcase name="basicDetails" time="169.102" classname="com.DRDO_17Oct.tc.TC005_DRDOBasicDetails"/>
  <testcase name="basicDetails" time="172.862" classname="com.DRDO_17Oct.tc.TC005_DRDOBasicDetails"/>
  <testcase name="basicDetails" time="168.889" classname="com.DRDO_17Oct.tc.TC005_DRDOBasicDetails"/>
  <testcase name="basicDetails" time="173.079" classname="com.DRDO_17Oct.tc.TC005_DRDOBasicDetails"/>
  <testcase name="basicDetails" time="168.706" classname="com.DRDO_17Oct.tc.TC005_DRDOBasicDetails"/>
  <testcase name="basicDetails" time="174.460" classname="com.DRDO_17Oct.tc.TC005_DRDOBasicDetails"/>
  <testcase name="basicDetails" time="168.508" classname="com.DRDO_17Oct.tc.TC005_DRDOBasicDetails"/>
  <testcase name="basicDetails" time="182.833" classname="com.DRDO_17Oct.tc.TC005_DRDOBasicDetails"/>
  <testcase name="basicDetails" time="168.413" classname="com.DRDO_17Oct.tc.TC005_DRDOBasicDetails"/>
  <testcase name="basicDetails" time="173.383" classname="com.DRDO_17Oct.tc.TC005_DRDOBasicDetails"/>
  <testcase name="basicDetails" time="183.157" classname="com.DRDO_17Oct.tc.TC005_DRDOBasicDetails"/>
  <testcase name="basicDetails" time="180.562" classname="com.DRDO_17Oct.tc.TC005_DRDOBasicDetails"/>
  <testcase name="basicDetails" time="182.102" classname="com.DRDO_17Oct.tc.TC005_DRDOBasicDetails"/>
  <testcase name="basicDetails" time="170.838" classname="com.DRDO_17Oct.tc.TC005_DRDOBasicDetails"/>
  <testcase name="basicDetails" time="169.063" classname="com.DRDO_17Oct.tc.TC005_DRDOBasicDetails"/>
  <testcase name="basicDetails" time="170.861" classname="com.DRDO_17Oct.tc.TC005_DRDOBasicDetails"/>
  <testcase name="basicDetails" time="182.246" classname="com.DRDO_17Oct.tc.TC005_DRDOBasicDetails"/>
  <testcase name="basicDetails" time="174.363" classname="com.DRDO_17Oct.tc.TC005_DRDOBasicDetails"/>
  <testcase name="basicDetails" time="182.693" classname="com.DRDO_17Oct.tc.TC005_DRDOBasicDetails"/>
  <testcase name="basicDetails" time="169.165" classname="com.DRDO_17Oct.tc.TC005_DRDOBasicDetails"/>
  <testcase name="basicDetails" time="168.522" classname="com.DRDO_17Oct.tc.TC005_DRDOBasicDetails"/>
  <testcase name="basicDetails" time="168.585" classname="com.DRDO_17Oct.tc.TC005_DRDOBasicDetails"/>
  <testcase name="basicDetails" time="182.657" classname="com.DRDO_17Oct.tc.TC005_DRDOBasicDetails"/>
  <testcase name="basicDetails" time="170.307" classname="com.DRDO_17Oct.tc.TC005_DRDOBasicDetails"/>
  <testcase name="basicDetails" time="180.679" classname="com.DRDO_17Oct.tc.TC005_DRDOBasicDetails"/>
  <testcase name="basicDetails" time="171.027" classname="com.DRDO_17Oct.tc.TC005_DRDOBasicDetails"/>
  <testcase name="basicDetails" time="168.765" classname="com.DRDO_17Oct.tc.TC005_DRDOBasicDetails"/>
  <testcase name="basicDetails" time="181.164" classname="com.DRDO_17Oct.tc.TC005_DRDOBasicDetails"/>
  <testcase name="basicDetails" time="173.060" classname="com.DRDO_17Oct.tc.TC005_DRDOBasicDetails"/>
  <testcase name="basicDetails" time="169.072" classname="com.DRDO_17Oct.tc.TC005_DRDOBasicDetails"/>
</testsuite> <!-- com.DRDO_17Oct.tc.TC005_DRDOBasicDetails -->
