<?xml version="1.0" encoding="UTF-8"?>
<!-- Generated by org.testng.reporters.JUnitReportReporter -->
<testsuite skipped="0" hostname="MAA014482B" name="com.BOI24Feb22.tc.TC004_BOIBasicDetails" tests="57" failures="0" timestamp="2022-03-11T16:58:11 IST" time="6690.719" errors="0">
  <testcase name="basicDetails" time="117.988" classname="com.BOI24Feb22.tc.TC004_BOIBasicDetails"/>
  <testcase name="basicDetails" time="116.308" classname="com.BOI24Feb22.tc.TC004_BOIBasicDetails"/>
  <testcase name="basicDetails" time="118.246" classname="com.BOI24Feb22.tc.TC004_BOIBasicDetails"/>
  <testcase name="basicDetails" time="118.218" classname="com.BOI24Feb22.tc.TC004_BOIBasicDetails"/>
  <testcase name="basicDetails" time="117.009" classname="com.BOI24Feb22.tc.TC004_BOIBasicDetails"/>
  <testcase name="basicDetails" time="118.136" classname="com.BOI24Feb22.tc.TC004_BOIBasicDetails"/>
  <testcase name="basicDetails" time="118.392" classname="com.BOI24Feb22.tc.TC004_BOIBasicDetails"/>
  <testcase name="basicDetails" time="117.155" classname="com.BOI24Feb22.tc.TC004_BOIBasicDetails"/>
  <testcase name="basicDetails" time="116.911" classname="com.BOI24Feb22.tc.TC004_BOIBasicDetails"/>
  <testcase name="basicDetails" time="117.163" classname="com.BOI24Feb22.tc.TC004_BOIBasicDetails"/>
  <testcase name="basicDetails" time="117.464" classname="com.BOI24Feb22.tc.TC004_BOIBasicDetails"/>
  <testcase name="basicDetails" time="117.072" classname="com.BOI24Feb22.tc.TC004_BOIBasicDetails"/>
  <testcase name="basicDetails" time="117.991" classname="com.BOI24Feb22.tc.TC004_BOIBasicDetails"/>
  <testcase name="basicDetails" time="116.602" classname="com.BOI24Feb22.tc.TC004_BOIBasicDetails"/>
  <testcase name="basicDetails" time="117.545" classname="com.BOI24Feb22.tc.TC004_BOIBasicDetails"/>
  <testcase name="basicDetails" time="117.656" classname="com.BOI24Feb22.tc.TC004_BOIBasicDetails"/>
  <testcase name="basicDetails" time="117.159" classname="com.BOI24Feb22.tc.TC004_BOIBasicDetails"/>
  <testcase name="basicDetails" time="117.819" classname="com.BOI24Feb22.tc.TC004_BOIBasicDetails"/>
  <testcase name="basicDetails" time="117.763" classname="com.BOI24Feb22.tc.TC004_BOIBasicDetails"/>
  <testcase name="basicDetails" time="118.841" classname="com.BOI24Feb22.tc.TC004_BOIBasicDetails"/>
  <testcase name="basicDetails" time="116.849" classname="com.BOI24Feb22.tc.TC004_BOIBasicDetails"/>
  <testcase name="basicDetails" time="116.903" classname="com.BOI24Feb22.tc.TC004_BOIBasicDetails"/>
  <testcase name="basicDetails" time="118.217" classname="com.BOI24Feb22.tc.TC004_BOIBasicDetails"/>
  <testcase name="basicDetails" time="116.454" classname="com.BOI24Feb22.tc.TC004_BOIBasicDetails"/>
  <testcase name="basicDetails" time="116.075" classname="com.BOI24Feb22.tc.TC004_BOIBasicDetails"/>
  <testcase name="basicDetails" time="116.780" classname="com.BOI24Feb22.tc.TC004_BOIBasicDetails"/>
  <testcase name="basicDetails" time="116.906" classname="com.BOI24Feb22.tc.TC004_BOIBasicDetails"/>
  <testcase name="basicDetails" time="117.466" classname="com.BOI24Feb22.tc.TC004_BOIBasicDetails"/>
  <testcase name="basicDetails" time="118.533" classname="com.BOI24Feb22.tc.TC004_BOIBasicDetails"/>
  <testcase name="basicDetails" time="117.476" classname="com.BOI24Feb22.tc.TC004_BOIBasicDetails"/>
  <testcase name="basicDetails" time="118.260" classname="com.BOI24Feb22.tc.TC004_BOIBasicDetails"/>
  <testcase name="basicDetails" time="117.051" classname="com.BOI24Feb22.tc.TC004_BOIBasicDetails"/>
  <testcase name="basicDetails" time="116.711" classname="com.BOI24Feb22.tc.TC004_BOIBasicDetails"/>
  <testcase name="basicDetails" time="118.188" classname="com.BOI24Feb22.tc.TC004_BOIBasicDetails"/>
  <testcase name="basicDetails" time="117.659" classname="com.BOI24Feb22.tc.TC004_BOIBasicDetails"/>
  <testcase name="basicDetails" time="116.631" classname="com.BOI24Feb22.tc.TC004_BOIBasicDetails"/>
  <testcase name="basicDetails" time="117.569" classname="com.BOI24Feb22.tc.TC004_BOIBasicDetails"/>
  <testcase name="basicDetails" time="117.790" classname="com.BOI24Feb22.tc.TC004_BOIBasicDetails"/>
  <testcase name="basicDetails" time="118.230" classname="com.BOI24Feb22.tc.TC004_BOIBasicDetails"/>
  <testcase name="basicDetails" time="116.726" classname="com.BOI24Feb22.tc.TC004_BOIBasicDetails"/>
  <testcase name="basicDetails" time="118.011" classname="com.BOI24Feb22.tc.TC004_BOIBasicDetails"/>
  <testcase name="basicDetails" time="117.670" classname="com.BOI24Feb22.tc.TC004_BOIBasicDetails"/>
  <testcase name="basicDetails" time="116.266" classname="com.BOI24Feb22.tc.TC004_BOIBasicDetails"/>
  <testcase name="basicDetails" time="117.083" classname="com.BOI24Feb22.tc.TC004_BOIBasicDetails"/>
  <testcase name="basicDetails" time="116.930" classname="com.BOI24Feb22.tc.TC004_BOIBasicDetails"/>
  <testcase name="basicDetails" time="116.596" classname="com.BOI24Feb22.tc.TC004_BOIBasicDetails"/>
  <testcase name="basicDetails" time="116.471" classname="com.BOI24Feb22.tc.TC004_BOIBasicDetails"/>
  <testcase name="basicDetails" time="117.462" classname="com.BOI24Feb22.tc.TC004_BOIBasicDetails"/>
  <testcase name="basicDetails" time="116.962" classname="com.BOI24Feb22.tc.TC004_BOIBasicDetails"/>
  <testcase name="basicDetails" time="117.328" classname="com.BOI24Feb22.tc.TC004_BOIBasicDetails"/>
  <testcase name="basicDetails" time="118.292" classname="com.BOI24Feb22.tc.TC004_BOIBasicDetails"/>
  <testcase name="basicDetails" time="118.159" classname="com.BOI24Feb22.tc.TC004_BOIBasicDetails"/>
  <testcase name="basicDetails" time="117.713" classname="com.BOI24Feb22.tc.TC004_BOIBasicDetails"/>
  <testcase name="basicDetails" time="116.530" classname="com.BOI24Feb22.tc.TC004_BOIBasicDetails"/>
  <testcase name="basicDetails" time="116.493" classname="com.BOI24Feb22.tc.TC004_BOIBasicDetails"/>
  <testcase name="basicDetails" time="118.086" classname="com.BOI24Feb22.tc.TC004_BOIBasicDetails"/>
  <testcase name="basicDetails" time="116.755" classname="com.BOI24Feb22.tc.TC004_BOIBasicDetails"/>
</testsuite> <!-- com.BOI24Feb22.tc.TC004_BOIBasicDetails -->
