<?xml version="1.0" encoding="UTF-8"?>
<!-- Generated by org.testng.reporters.JUnitReportReporter -->
<testsuite skipped="0" hostname="MAA014482B" name="com.Bihar.tc.TC003_BiharBasicDetails" tests="18" failures="0" timestamp="2023-03-03T17:37:05 IST" time="2910.081" errors="0">
  <testcase name="basicDetails" time="162.062" classname="com.Bihar.tc.TC003_BiharBasicDetails"/>
  <testcase name="basicDetails" time="161.974" classname="com.Bihar.tc.TC003_BiharBasicDetails"/>
  <testcase name="basicDetails" time="162.154" classname="com.Bihar.tc.TC003_BiharBasicDetails"/>
  <testcase name="basicDetails" time="160.533" classname="com.Bihar.tc.TC003_BiharBasicDetails"/>
  <testcase name="basicDetails" time="161.604" classname="com.Bihar.tc.TC003_BiharBasicDetails"/>
  <testcase name="basicDetails" time="160.504" classname="com.Bihar.tc.TC003_BiharBasicDetails"/>
  <testcase name="basicDetails" time="162.095" classname="com.Bihar.tc.TC003_BiharBasicDetails"/>
  <testcase name="basicDetails" time="160.537" classname="com.Bihar.tc.TC003_BiharBasicDetails"/>
  <testcase name="basicDetails" time="162.442" classname="com.Bihar.tc.TC003_BiharBasicDetails"/>
  <testcase name="basicDetails" time="162.254" classname="com.Bihar.tc.TC003_BiharBasicDetails"/>
  <testcase name="basicDetails" time="162.215" classname="com.Bihar.tc.TC003_BiharBasicDetails"/>
  <testcase name="basicDetails" time="161.787" classname="com.Bihar.tc.TC003_BiharBasicDetails"/>
  <testcase name="basicDetails" time="161.630" classname="com.Bihar.tc.TC003_BiharBasicDetails"/>
  <testcase name="basicDetails" time="162.111" classname="com.Bihar.tc.TC003_BiharBasicDetails"/>
  <testcase name="basicDetails" time="161.828" classname="com.Bihar.tc.TC003_BiharBasicDetails"/>
  <testcase name="basicDetails" time="161.521" classname="com.Bihar.tc.TC003_BiharBasicDetails"/>
  <testcase name="basicDetails" time="160.348" classname="com.Bihar.tc.TC003_BiharBasicDetails"/>
  <testcase name="basicDetails" time="162.482" classname="com.Bihar.tc.TC003_BiharBasicDetails"/>
</testsuite> <!-- com.Bihar.tc.TC003_BiharBasicDetails -->
