<?xml version="1.0" encoding="UTF-8"?>
<!-- Generated by org.testng.reporters.JUnitReportReporter -->
<testsuite skipped="0" hostname="MAA011276B" name="com.nehru.tc.TC004_NehruBasicDetails" tests="120" failures="0" timestamp="22 Jul 2019 08:39:20 GMT" time="9737.142" errors="1">
  <testcase name="basicDetails" time="87.500" classname="com.nehru.tc.TC004_NehruBasicDetails"/>
  <testcase name="basicDetails" time="77.083" classname="com.nehru.tc.TC004_NehruBasicDetails"/>
  <testcase name="basicDetails" time="77.830" classname="com.nehru.tc.TC004_NehruBasicDetails"/>
  <testcase name="basicDetails" time="78.793" classname="com.nehru.tc.TC004_NehruBasicDetails"/>
  <testcase name="basicDetails" time="77.452" classname="com.nehru.tc.TC004_NehruBasicDetails"/>
  <testcase name="basicDetails" time="77.194" classname="com.nehru.tc.TC004_NehruBasicDetails"/>
  <testcase name="basicDetails" time="75.868" classname="com.nehru.tc.TC004_NehruBasicDetails"/>
  <testcase name="basicDetails" time="77.203" classname="com.nehru.tc.TC004_NehruBasicDetails"/>
  <testcase name="basicDetails" time="77.895" classname="com.nehru.tc.TC004_NehruBasicDetails"/>
  <testcase name="basicDetails" time="78.241" classname="com.nehru.tc.TC004_NehruBasicDetails"/>
  <testcase name="basicDetails" time="76.199" classname="com.nehru.tc.TC004_NehruBasicDetails"/>
  <testcase name="basicDetails" time="77.691" classname="com.nehru.tc.TC004_NehruBasicDetails"/>
  <testcase name="basicDetails" time="77.715" classname="com.nehru.tc.TC004_NehruBasicDetails"/>
  <testcase name="basicDetails" time="77.942" classname="com.nehru.tc.TC004_NehruBasicDetails"/>
  <testcase name="basicDetails" time="102.319" classname="com.nehru.tc.TC004_NehruBasicDetails"/>
  <testcase name="basicDetails" time="97.802" classname="com.nehru.tc.TC004_NehruBasicDetails"/>
  <testcase name="basicDetails" time="77.530" classname="com.nehru.tc.TC004_NehruBasicDetails"/>
  <testcase name="basicDetails" time="77.932" classname="com.nehru.tc.TC004_NehruBasicDetails"/>
  <testcase name="basicDetails" time="178.349" classname="com.nehru.tc.TC004_NehruBasicDetails"/>
  <testcase name="basicDetails" time="76.615" classname="com.nehru.tc.TC004_NehruBasicDetails"/>
  <testcase name="basicDetails" time="77.323" classname="com.nehru.tc.TC004_NehruBasicDetails"/>
  <testcase name="basicDetails" time="82.286" classname="com.nehru.tc.TC004_NehruBasicDetails"/>
  <testcase name="basicDetails" time="76.697" classname="com.nehru.tc.TC004_NehruBasicDetails"/>
  <testcase name="basicDetails" time="78.543" classname="com.nehru.tc.TC004_NehruBasicDetails"/>
  <testcase name="basicDetails" time="79.778" classname="com.nehru.tc.TC004_NehruBasicDetails"/>
  <testcase name="basicDetails" time="78.725" classname="com.nehru.tc.TC004_NehruBasicDetails"/>
  <testcase name="basicDetails" time="77.121" classname="com.nehru.tc.TC004_NehruBasicDetails"/>
  <testcase name="basicDetails" time="77.058" classname="com.nehru.tc.TC004_NehruBasicDetails"/>
  <testcase name="basicDetails" time="78.040" classname="com.nehru.tc.TC004_NehruBasicDetails"/>
  <testcase name="basicDetails" time="77.688" classname="com.nehru.tc.TC004_NehruBasicDetails"/>
  <testcase name="basicDetails" time="78.408" classname="com.nehru.tc.TC004_NehruBasicDetails"/>
  <testcase name="basicDetails" time="78.010" classname="com.nehru.tc.TC004_NehruBasicDetails"/>
  <testcase name="basicDetails" time="76.844" classname="com.nehru.tc.TC004_NehruBasicDetails"/>
  <testcase name="basicDetails" time="76.839" classname="com.nehru.tc.TC004_NehruBasicDetails"/>
  <testcase name="basicDetails" time="77.509" classname="com.nehru.tc.TC004_NehruBasicDetails"/>
  <testcase name="basicDetails" time="77.604" classname="com.nehru.tc.TC004_NehruBasicDetails"/>
  <testcase name="basicDetails" time="78.917" classname="com.nehru.tc.TC004_NehruBasicDetails"/>
  <testcase name="basicDetails" time="77.818" classname="com.nehru.tc.TC004_NehruBasicDetails"/>
  <testcase name="basicDetails" time="78.834" classname="com.nehru.tc.TC004_NehruBasicDetails"/>
  <testcase name="basicDetails" time="77.173" classname="com.nehru.tc.TC004_NehruBasicDetails"/>
  <testcase name="basicDetails" time="86.260" classname="com.nehru.tc.TC004_NehruBasicDetails"/>
  <testcase name="basicDetails" time="78.105" classname="com.nehru.tc.TC004_NehruBasicDetails"/>
  <testcase name="basicDetails" time="77.392" classname="com.nehru.tc.TC004_NehruBasicDetails"/>
  <testcase name="basicDetails" time="78.299" classname="com.nehru.tc.TC004_NehruBasicDetails"/>
  <testcase name="basicDetails" time="132.150" classname="com.nehru.tc.TC004_NehruBasicDetails"/>
  <testcase name="basicDetails" time="76.453" classname="com.nehru.tc.TC004_NehruBasicDetails"/>
  <testcase name="basicDetails" time="112.449" classname="com.nehru.tc.TC004_NehruBasicDetails">
    <error type="java.lang.RuntimeException">
      <![CDATA[java.lang.RuntimeException
at lib.utils.HTMLReporter.reportStep(HTMLReporter.java:73)
at lib.utils.HTMLReporter.reportStep(HTMLReporter.java:82)
at lib.selenium.WebDriverServiceImpl.agevalidator_asondate(WebDriverServiceImpl.java:1124)
at com.ibps.pages.PersonalDetailsPage.ageValidatorAsOnDate(PersonalDetailsPage.java:187)
at com.nehru.tc.TC004_NehruBasicDetails.basicDetails(TC004_NehruBasicDetails.java:63)
at sun.reflect.GeneratedMethodAccessor88.invoke(Unknown Source)
at sun.reflect.DelegatingMethodAccessorImpl.invoke(DelegatingMethodAccessorImpl.java:43)
at java.lang.reflect.Method.invoke(Method.java:498)
at org.testng.internal.MethodInvocationHelper.invokeMethod(MethodInvocationHelper.java:124)
at org.testng.internal.Invoker.invokeMethod(Invoker.java:583)
at org.testng.internal.Invoker.invokeTestMethod(Invoker.java:719)
at org.testng.internal.Invoker.invokeTestMethods(Invoker.java:989)
at org.testng.internal.TestMethodWorker.invokeTestMethods(TestMethodWorker.java:125)
at org.testng.internal.TestMethodWorker.run(TestMethodWorker.java:109)
at java.util.concurrent.ThreadPoolExecutor.runWorker(ThreadPoolExecutor.java:1149)
at java.util.concurrent.ThreadPoolExecutor$Worker.run(ThreadPoolExecutor.java:624)
at java.lang.Thread.run(Thread.java:748)
]]>
    </error>
  </testcase> <!-- basicDetails -->
  <testcase name="basicDetails" time="76.877" classname="com.nehru.tc.TC004_NehruBasicDetails"/>
  <testcase name="basicDetails" time="84.832" classname="com.nehru.tc.TC004_NehruBasicDetails"/>
  <testcase name="basicDetails" time="77.239" classname="com.nehru.tc.TC004_NehruBasicDetails"/>
  <testcase name="basicDetails" time="77.487" classname="com.nehru.tc.TC004_NehruBasicDetails"/>
  <testcase name="basicDetails" time="77.642" classname="com.nehru.tc.TC004_NehruBasicDetails"/>
  <testcase name="basicDetails" time="77.309" classname="com.nehru.tc.TC004_NehruBasicDetails"/>
  <testcase name="basicDetails" time="77.463" classname="com.nehru.tc.TC004_NehruBasicDetails"/>
  <testcase name="basicDetails" time="76.839" classname="com.nehru.tc.TC004_NehruBasicDetails"/>
  <testcase name="basicDetails" time="76.267" classname="com.nehru.tc.TC004_NehruBasicDetails"/>
  <testcase name="basicDetails" time="79.808" classname="com.nehru.tc.TC004_NehruBasicDetails"/>
  <testcase name="basicDetails" time="79.988" classname="com.nehru.tc.TC004_NehruBasicDetails"/>
  <testcase name="basicDetails" time="78.088" classname="com.nehru.tc.TC004_NehruBasicDetails"/>
  <testcase name="basicDetails" time="77.590" classname="com.nehru.tc.TC004_NehruBasicDetails"/>
  <testcase name="basicDetails" time="78.111" classname="com.nehru.tc.TC004_NehruBasicDetails"/>
  <testcase name="basicDetails" time="77.811" classname="com.nehru.tc.TC004_NehruBasicDetails"/>
  <testcase name="basicDetails" time="79.849" classname="com.nehru.tc.TC004_NehruBasicDetails"/>
  <testcase name="basicDetails" time="77.069" classname="com.nehru.tc.TC004_NehruBasicDetails"/>
  <testcase name="basicDetails" time="77.923" classname="com.nehru.tc.TC004_NehruBasicDetails"/>
  <testcase name="basicDetails" time="79.052" classname="com.nehru.tc.TC004_NehruBasicDetails"/>
  <testcase name="basicDetails" time="77.536" classname="com.nehru.tc.TC004_NehruBasicDetails"/>
  <testcase name="basicDetails" time="77.199" classname="com.nehru.tc.TC004_NehruBasicDetails"/>
  <testcase name="basicDetails" time="77.489" classname="com.nehru.tc.TC004_NehruBasicDetails"/>
  <testcase name="basicDetails" time="77.420" classname="com.nehru.tc.TC004_NehruBasicDetails"/>
  <testcase name="basicDetails" time="77.770" classname="com.nehru.tc.TC004_NehruBasicDetails"/>
  <testcase name="basicDetails" time="80.087" classname="com.nehru.tc.TC004_NehruBasicDetails"/>
  <testcase name="basicDetails" time="78.040" classname="com.nehru.tc.TC004_NehruBasicDetails"/>
  <testcase name="basicDetails" time="78.298" classname="com.nehru.tc.TC004_NehruBasicDetails"/>
  <testcase name="basicDetails" time="78.004" classname="com.nehru.tc.TC004_NehruBasicDetails"/>
  <testcase name="basicDetails" time="104.404" classname="com.nehru.tc.TC004_NehruBasicDetails"/>
  <testcase name="basicDetails" time="92.061" classname="com.nehru.tc.TC004_NehruBasicDetails"/>
  <testcase name="basicDetails" time="77.800" classname="com.nehru.tc.TC004_NehruBasicDetails"/>
  <testcase name="basicDetails" time="78.424" classname="com.nehru.tc.TC004_NehruBasicDetails"/>
  <testcase name="basicDetails" time="78.362" classname="com.nehru.tc.TC004_NehruBasicDetails"/>
  <testcase name="basicDetails" time="76.746" classname="com.nehru.tc.TC004_NehruBasicDetails"/>
  <testcase name="basicDetails" time="76.122" classname="com.nehru.tc.TC004_NehruBasicDetails"/>
  <testcase name="basicDetails" time="80.499" classname="com.nehru.tc.TC004_NehruBasicDetails"/>
  <testcase name="basicDetails" time="77.764" classname="com.nehru.tc.TC004_NehruBasicDetails"/>
  <testcase name="basicDetails" time="77.375" classname="com.nehru.tc.TC004_NehruBasicDetails"/>
  <testcase name="basicDetails" time="76.708" classname="com.nehru.tc.TC004_NehruBasicDetails"/>
  <testcase name="basicDetails" time="87.977" classname="com.nehru.tc.TC004_NehruBasicDetails"/>
  <testcase name="basicDetails" time="77.006" classname="com.nehru.tc.TC004_NehruBasicDetails"/>
  <testcase name="basicDetails" time="77.992" classname="com.nehru.tc.TC004_NehruBasicDetails"/>
  <testcase name="basicDetails" time="80.504" classname="com.nehru.tc.TC004_NehruBasicDetails"/>
  <testcase name="basicDetails" time="79.080" classname="com.nehru.tc.TC004_NehruBasicDetails"/>
  <testcase name="basicDetails" time="78.976" classname="com.nehru.tc.TC004_NehruBasicDetails"/>
  <testcase name="basicDetails" time="79.251" classname="com.nehru.tc.TC004_NehruBasicDetails"/>
  <testcase name="basicDetails" time="81.669" classname="com.nehru.tc.TC004_NehruBasicDetails"/>
  <testcase name="basicDetails" time="77.718" classname="com.nehru.tc.TC004_NehruBasicDetails"/>
  <testcase name="basicDetails" time="77.949" classname="com.nehru.tc.TC004_NehruBasicDetails"/>
  <testcase name="basicDetails" time="79.679" classname="com.nehru.tc.TC004_NehruBasicDetails"/>
  <testcase name="basicDetails" time="79.106" classname="com.nehru.tc.TC004_NehruBasicDetails"/>
  <testcase name="basicDetails" time="76.491" classname="com.nehru.tc.TC004_NehruBasicDetails"/>
  <testcase name="basicDetails" time="77.470" classname="com.nehru.tc.TC004_NehruBasicDetails"/>
  <testcase name="basicDetails" time="78.090" classname="com.nehru.tc.TC004_NehruBasicDetails"/>
  <testcase name="basicDetails" time="82.888" classname="com.nehru.tc.TC004_NehruBasicDetails"/>
  <testcase name="basicDetails" time="77.360" classname="com.nehru.tc.TC004_NehruBasicDetails"/>
  <testcase name="basicDetails" time="84.983" classname="com.nehru.tc.TC004_NehruBasicDetails"/>
  <testcase name="basicDetails" time="78.632" classname="com.nehru.tc.TC004_NehruBasicDetails"/>
  <testcase name="basicDetails" time="92.162" classname="com.nehru.tc.TC004_NehruBasicDetails"/>
  <testcase name="basicDetails" time="100.627" classname="com.nehru.tc.TC004_NehruBasicDetails"/>
  <testcase name="basicDetails" time="95.156" classname="com.nehru.tc.TC004_NehruBasicDetails"/>
  <testcase name="basicDetails" time="77.494" classname="com.nehru.tc.TC004_NehruBasicDetails"/>
  <testcase name="basicDetails" time="77.170" classname="com.nehru.tc.TC004_NehruBasicDetails"/>
  <testcase name="basicDetails" time="77.443" classname="com.nehru.tc.TC004_NehruBasicDetails"/>
  <testcase name="basicDetails" time="77.035" classname="com.nehru.tc.TC004_NehruBasicDetails"/>
  <testcase name="basicDetails" time="76.946" classname="com.nehru.tc.TC004_NehruBasicDetails"/>
  <testcase name="basicDetails" time="89.518" classname="com.nehru.tc.TC004_NehruBasicDetails"/>
  <testcase name="basicDetails" time="76.131" classname="com.nehru.tc.TC004_NehruBasicDetails"/>
  <testcase name="basicDetails" time="78.390" classname="com.nehru.tc.TC004_NehruBasicDetails"/>
  <testcase name="basicDetails" time="78.844" classname="com.nehru.tc.TC004_NehruBasicDetails"/>
  <testcase name="basicDetails" time="77.462" classname="com.nehru.tc.TC004_NehruBasicDetails"/>
  <testcase name="basicDetails" time="77.586" classname="com.nehru.tc.TC004_NehruBasicDetails"/>
  <testcase name="basicDetails" time="79.529" classname="com.nehru.tc.TC004_NehruBasicDetails"/>
</testsuite> <!-- com.nehru.tc.TC004_NehruBasicDetails -->
