<?xml version="1.0" encoding="UTF-8"?>
<!-- Generated by org.testng.reporters.JUnitReportReporter -->
<testsuite skipped="0" hostname="MAA014482B" name="com.RCF_June23.tc.TC004_RCFBasicDetails" tests="47" failures="0" timestamp="2023-06-16T19:07:41 IST" time="7578.684" errors="0">
  <testcase name="basicDetails" time="157.857" classname="com.RCF_June23.tc.TC004_RCFBasicDetails"/>
  <testcase name="basicDetails" time="159.562" classname="com.RCF_June23.tc.TC004_RCFBasicDetails"/>
  <testcase name="basicDetails" time="157.566" classname="com.RCF_June23.tc.TC004_RCFBasicDetails"/>
  <testcase name="basicDetails" time="157.521" classname="com.RCF_June23.tc.TC004_RCFBasicDetails"/>
  <testcase name="basicDetails" time="157.807" classname="com.RCF_June23.tc.TC004_RCFBasicDetails"/>
  <testcase name="basicDetails" time="157.899" classname="com.RCF_June23.tc.TC004_RCFBasicDetails"/>
  <testcase name="basicDetails" time="157.556" classname="com.RCF_June23.tc.TC004_RCFBasicDetails"/>
  <testcase name="basicDetails" time="159.656" classname="com.RCF_June23.tc.TC004_RCFBasicDetails"/>
  <testcase name="basicDetails" time="157.224" classname="com.RCF_June23.tc.TC004_RCFBasicDetails"/>
  <testcase name="basicDetails" time="157.751" classname="com.RCF_June23.tc.TC004_RCFBasicDetails"/>
  <testcase name="basicDetails" time="157.754" classname="com.RCF_June23.tc.TC004_RCFBasicDetails"/>
  <testcase name="basicDetails" time="157.721" classname="com.RCF_June23.tc.TC004_RCFBasicDetails"/>
  <testcase name="basicDetails" time="157.998" classname="com.RCF_June23.tc.TC004_RCFBasicDetails"/>
  <testcase name="basicDetails" time="157.331" classname="com.RCF_June23.tc.TC004_RCFBasicDetails"/>
  <testcase name="basicDetails" time="157.787" classname="com.RCF_June23.tc.TC004_RCFBasicDetails"/>
  <testcase name="basicDetails" time="187.266" classname="com.RCF_June23.tc.TC004_RCFBasicDetails"/>
  <testcase name="basicDetails" time="157.699" classname="com.RCF_June23.tc.TC004_RCFBasicDetails"/>
  <testcase name="basicDetails" time="159.692" classname="com.RCF_June23.tc.TC004_RCFBasicDetails"/>
  <testcase name="basicDetails" time="160.036" classname="com.RCF_June23.tc.TC004_RCFBasicDetails"/>
  <testcase name="basicDetails" time="157.517" classname="com.RCF_June23.tc.TC004_RCFBasicDetails"/>
  <testcase name="basicDetails" time="159.654" classname="com.RCF_June23.tc.TC004_RCFBasicDetails"/>
  <testcase name="basicDetails" time="157.615" classname="com.RCF_June23.tc.TC004_RCFBasicDetails"/>
  <testcase name="basicDetails" time="157.715" classname="com.RCF_June23.tc.TC004_RCFBasicDetails"/>
  <testcase name="basicDetails" time="187.743" classname="com.RCF_June23.tc.TC004_RCFBasicDetails"/>
  <testcase name="basicDetails" time="159.586" classname="com.RCF_June23.tc.TC004_RCFBasicDetails"/>
  <testcase name="basicDetails" time="185.464" classname="com.RCF_June23.tc.TC004_RCFBasicDetails"/>
  <testcase name="basicDetails" time="158.135" classname="com.RCF_June23.tc.TC004_RCFBasicDetails"/>
  <testcase name="basicDetails" time="157.735" classname="com.RCF_June23.tc.TC004_RCFBasicDetails"/>
  <testcase name="basicDetails" time="157.495" classname="com.RCF_June23.tc.TC004_RCFBasicDetails"/>
  <testcase name="basicDetails" time="187.674" classname="com.RCF_June23.tc.TC004_RCFBasicDetails"/>
  <testcase name="basicDetails" time="160.122" classname="com.RCF_June23.tc.TC004_RCFBasicDetails"/>
  <testcase name="basicDetails" time="157.700" classname="com.RCF_June23.tc.TC004_RCFBasicDetails"/>
  <testcase name="basicDetails" time="157.292" classname="com.RCF_June23.tc.TC004_RCFBasicDetails"/>
  <testcase name="basicDetails" time="187.495" classname="com.RCF_June23.tc.TC004_RCFBasicDetails"/>
  <testcase name="basicDetails" time="157.412" classname="com.RCF_June23.tc.TC004_RCFBasicDetails"/>
  <testcase name="basicDetails" time="157.736" classname="com.RCF_June23.tc.TC004_RCFBasicDetails"/>
  <testcase name="basicDetails" time="157.883" classname="com.RCF_June23.tc.TC004_RCFBasicDetails"/>
  <testcase name="basicDetails" time="157.377" classname="com.RCF_June23.tc.TC004_RCFBasicDetails"/>
  <testcase name="basicDetails" time="157.679" classname="com.RCF_June23.tc.TC004_RCFBasicDetails"/>
  <testcase name="basicDetails" time="158.053" classname="com.RCF_June23.tc.TC004_RCFBasicDetails"/>
  <testcase name="basicDetails" time="157.728" classname="com.RCF_June23.tc.TC004_RCFBasicDetails"/>
  <testcase name="basicDetails" time="157.645" classname="com.RCF_June23.tc.TC004_RCFBasicDetails"/>
  <testcase name="basicDetails" time="159.864" classname="com.RCF_June23.tc.TC004_RCFBasicDetails"/>
  <testcase name="basicDetails" time="157.811" classname="com.RCF_June23.tc.TC004_RCFBasicDetails"/>
  <testcase name="basicDetails" time="157.549" classname="com.RCF_June23.tc.TC004_RCFBasicDetails"/>
  <testcase name="basicDetails" time="159.419" classname="com.RCF_June23.tc.TC004_RCFBasicDetails"/>
  <testcase name="basicDetails" time="159.903" classname="com.RCF_June23.tc.TC004_RCFBasicDetails"/>
</testsuite> <!-- com.RCF_June23.tc.TC004_RCFBasicDetails -->
