<?xml version="1.0" encoding="UTF-8"?>
<!-- Generated by org.testng.reporters.JUnitReportReporter -->
<testsuite skipped="0" hostname="MAA014482B" name="com.BMC_May23.tc.TC003_BMCBasicDetails" tests="3" failures="0" timestamp="2023-06-09T16:12:46 IST" time="556.292" errors="0">
  <testcase name="basicDetails" time="187.357" classname="com.BMC_May23.tc.TC003_BMCBasicDetails"/>
  <testcase name="basicDetails" time="185.154" classname="com.BMC_May23.tc.TC003_BMCBasicDetails"/>
  <testcase name="basicDetails" time="183.781" classname="com.BMC_May23.tc.TC003_BMCBasicDetails"/>
</testsuite> <!-- com.BMC_May23.tc.TC003_BMCBasicDetails -->
