<?xml version="1.0" encoding="UTF-8"?>
<!-- Generated by org.testng.reporters.JUnitReportReporter -->
<testsuite skipped="0" hostname="MAA014482B" name="com.Shimla.tc.TC002_HPBasicDetails" tests="31" failures="0" timestamp="2023-03-03T15:03:02 IST" time="4882.334" errors="0">
  <testcase name="basicDetails" time="156.478" classname="com.Shimla.tc.TC002_HPBasicDetails"/>
  <testcase name="basicDetails" time="156.029" classname="com.Shimla.tc.TC002_HPBasicDetails"/>
  <testcase name="basicDetails" time="156.325" classname="com.Shimla.tc.TC002_HPBasicDetails"/>
  <testcase name="basicDetails" time="156.506" classname="com.Shimla.tc.TC002_HPBasicDetails"/>
  <testcase name="basicDetails" time="159.947" classname="com.Shimla.tc.TC002_HPBasicDetails"/>
  <testcase name="basicDetails" time="160.671" classname="com.Shimla.tc.TC002_HPBasicDetails"/>
  <testcase name="basicDetails" time="157.008" classname="com.Shimla.tc.TC002_HPBasicDetails"/>
  <testcase name="basicDetails" time="156.262" classname="com.Shimla.tc.TC002_HPBasicDetails"/>
  <testcase name="basicDetails" time="156.283" classname="com.Shimla.tc.TC002_HPBasicDetails"/>
  <testcase name="basicDetails" time="155.432" classname="com.Shimla.tc.TC002_HPBasicDetails"/>
  <testcase name="basicDetails" time="159.760" classname="com.Shimla.tc.TC002_HPBasicDetails"/>
  <testcase name="basicDetails" time="155.977" classname="com.Shimla.tc.TC002_HPBasicDetails"/>
  <testcase name="basicDetails" time="160.556" classname="com.Shimla.tc.TC002_HPBasicDetails"/>
  <testcase name="basicDetails" time="156.493" classname="com.Shimla.tc.TC002_HPBasicDetails"/>
  <testcase name="basicDetails" time="156.716" classname="com.Shimla.tc.TC002_HPBasicDetails"/>
  <testcase name="basicDetails" time="156.538" classname="com.Shimla.tc.TC002_HPBasicDetails"/>
  <testcase name="basicDetails" time="159.166" classname="com.Shimla.tc.TC002_HPBasicDetails"/>
  <testcase name="basicDetails" time="155.454" classname="com.Shimla.tc.TC002_HPBasicDetails"/>
  <testcase name="basicDetails" time="160.422" classname="com.Shimla.tc.TC002_HPBasicDetails"/>
  <testcase name="basicDetails" time="156.237" classname="com.Shimla.tc.TC002_HPBasicDetails"/>
  <testcase name="basicDetails" time="157.040" classname="com.Shimla.tc.TC002_HPBasicDetails"/>
  <testcase name="basicDetails" time="156.916" classname="com.Shimla.tc.TC002_HPBasicDetails"/>
  <testcase name="basicDetails" time="156.605" classname="com.Shimla.tc.TC002_HPBasicDetails"/>
  <testcase name="basicDetails" time="160.532" classname="com.Shimla.tc.TC002_HPBasicDetails"/>
  <testcase name="basicDetails" time="156.494" classname="com.Shimla.tc.TC002_HPBasicDetails"/>
  <testcase name="basicDetails" time="156.720" classname="com.Shimla.tc.TC002_HPBasicDetails"/>
  <testcase name="basicDetails" time="161.096" classname="com.Shimla.tc.TC002_HPBasicDetails"/>
  <testcase name="basicDetails" time="160.247" classname="com.Shimla.tc.TC002_HPBasicDetails"/>
  <testcase name="basicDetails" time="155.589" classname="com.Shimla.tc.TC002_HPBasicDetails"/>
  <testcase name="basicDetails" time="156.239" classname="com.Shimla.tc.TC002_HPBasicDetails"/>
  <testcase name="basicDetails" time="156.596" classname="com.Shimla.tc.TC002_HPBasicDetails"/>
</testsuite> <!-- com.Shimla.tc.TC002_HPBasicDetails -->
