<?xml version="1.0" encoding="UTF-8"?>
<!-- Generated by org.testng.reporters.JUnitReportReporter -->
<testsuite skipped="0" hostname="MAA014482B" name="com.IGM_Kolkata_2_May23.tc.TC003_IGMBasicDetails" tests="172" failures="0" timestamp="2023-06-05T20:24:20 IST" time="28156.004" errors="0">
  <testcase name="basicDetails" time="165.456" classname="com.IGM_Kolkata_2_May23.tc.TC003_IGMBasicDetails"/>
  <testcase name="basicDetails" time="162.535" classname="com.IGM_Kolkata_2_May23.tc.TC003_IGMBasicDetails"/>
  <testcase name="basicDetails" time="165.758" classname="com.IGM_Kolkata_2_May23.tc.TC003_IGMBasicDetails"/>
  <testcase name="basicDetails" time="162.894" classname="com.IGM_Kolkata_2_May23.tc.TC003_IGMBasicDetails"/>
  <testcase name="basicDetails" time="165.599" classname="com.IGM_Kolkata_2_May23.tc.TC003_IGMBasicDetails"/>
  <testcase name="basicDetails" time="162.518" classname="com.IGM_Kolkata_2_May23.tc.TC003_IGMBasicDetails"/>
  <testcase name="basicDetails" time="162.578" classname="com.IGM_Kolkata_2_May23.tc.TC003_IGMBasicDetails"/>
  <testcase name="basicDetails" time="162.144" classname="com.IGM_Kolkata_2_May23.tc.TC003_IGMBasicDetails"/>
  <testcase name="basicDetails" time="162.887" classname="com.IGM_Kolkata_2_May23.tc.TC003_IGMBasicDetails"/>
  <testcase name="basicDetails" time="166.080" classname="com.IGM_Kolkata_2_May23.tc.TC003_IGMBasicDetails"/>
  <testcase name="basicDetails" time="162.486" classname="com.IGM_Kolkata_2_May23.tc.TC003_IGMBasicDetails"/>
  <testcase name="basicDetails" time="162.459" classname="com.IGM_Kolkata_2_May23.tc.TC003_IGMBasicDetails"/>
  <testcase name="basicDetails" time="166.043" classname="com.IGM_Kolkata_2_May23.tc.TC003_IGMBasicDetails"/>
  <testcase name="basicDetails" time="162.348" classname="com.IGM_Kolkata_2_May23.tc.TC003_IGMBasicDetails"/>
  <testcase name="basicDetails" time="162.805" classname="com.IGM_Kolkata_2_May23.tc.TC003_IGMBasicDetails"/>
  <testcase name="basicDetails" time="162.446" classname="com.IGM_Kolkata_2_May23.tc.TC003_IGMBasicDetails"/>
  <testcase name="basicDetails" time="162.561" classname="com.IGM_Kolkata_2_May23.tc.TC003_IGMBasicDetails"/>
  <testcase name="basicDetails" time="162.807" classname="com.IGM_Kolkata_2_May23.tc.TC003_IGMBasicDetails"/>
  <testcase name="basicDetails" time="162.487" classname="com.IGM_Kolkata_2_May23.tc.TC003_IGMBasicDetails"/>
  <testcase name="basicDetails" time="165.576" classname="com.IGM_Kolkata_2_May23.tc.TC003_IGMBasicDetails"/>
  <testcase name="basicDetails" time="162.240" classname="com.IGM_Kolkata_2_May23.tc.TC003_IGMBasicDetails"/>
  <testcase name="basicDetails" time="162.267" classname="com.IGM_Kolkata_2_May23.tc.TC003_IGMBasicDetails"/>
  <testcase name="basicDetails" time="162.467" classname="com.IGM_Kolkata_2_May23.tc.TC003_IGMBasicDetails"/>
  <testcase name="basicDetails" time="162.927" classname="com.IGM_Kolkata_2_May23.tc.TC003_IGMBasicDetails"/>
  <testcase name="basicDetails" time="165.528" classname="com.IGM_Kolkata_2_May23.tc.TC003_IGMBasicDetails"/>
  <testcase name="basicDetails" time="162.459" classname="com.IGM_Kolkata_2_May23.tc.TC003_IGMBasicDetails"/>
  <testcase name="basicDetails" time="165.669" classname="com.IGM_Kolkata_2_May23.tc.TC003_IGMBasicDetails"/>
  <testcase name="basicDetails" time="162.872" classname="com.IGM_Kolkata_2_May23.tc.TC003_IGMBasicDetails"/>
  <testcase name="basicDetails" time="162.290" classname="com.IGM_Kolkata_2_May23.tc.TC003_IGMBasicDetails"/>
  <testcase name="basicDetails" time="162.786" classname="com.IGM_Kolkata_2_May23.tc.TC003_IGMBasicDetails"/>
  <testcase name="basicDetails" time="162.962" classname="com.IGM_Kolkata_2_May23.tc.TC003_IGMBasicDetails"/>
  <testcase name="basicDetails" time="165.829" classname="com.IGM_Kolkata_2_May23.tc.TC003_IGMBasicDetails"/>
  <testcase name="basicDetails" time="162.640" classname="com.IGM_Kolkata_2_May23.tc.TC003_IGMBasicDetails"/>
  <testcase name="basicDetails" time="162.360" classname="com.IGM_Kolkata_2_May23.tc.TC003_IGMBasicDetails"/>
  <testcase name="basicDetails" time="162.555" classname="com.IGM_Kolkata_2_May23.tc.TC003_IGMBasicDetails"/>
  <testcase name="basicDetails" time="162.403" classname="com.IGM_Kolkata_2_May23.tc.TC003_IGMBasicDetails"/>
  <testcase name="basicDetails" time="162.344" classname="com.IGM_Kolkata_2_May23.tc.TC003_IGMBasicDetails"/>
  <testcase name="basicDetails" time="162.345" classname="com.IGM_Kolkata_2_May23.tc.TC003_IGMBasicDetails"/>
  <testcase name="basicDetails" time="163.011" classname="com.IGM_Kolkata_2_May23.tc.TC003_IGMBasicDetails"/>
  <testcase name="basicDetails" time="165.972" classname="com.IGM_Kolkata_2_May23.tc.TC003_IGMBasicDetails"/>
  <testcase name="basicDetails" time="162.696" classname="com.IGM_Kolkata_2_May23.tc.TC003_IGMBasicDetails"/>
  <testcase name="basicDetails" time="162.796" classname="com.IGM_Kolkata_2_May23.tc.TC003_IGMBasicDetails"/>
  <testcase name="basicDetails" time="162.167" classname="com.IGM_Kolkata_2_May23.tc.TC003_IGMBasicDetails"/>
  <testcase name="basicDetails" time="162.495" classname="com.IGM_Kolkata_2_May23.tc.TC003_IGMBasicDetails"/>
  <testcase name="basicDetails" time="162.413" classname="com.IGM_Kolkata_2_May23.tc.TC003_IGMBasicDetails"/>
  <testcase name="basicDetails" time="162.204" classname="com.IGM_Kolkata_2_May23.tc.TC003_IGMBasicDetails"/>
  <testcase name="basicDetails" time="165.522" classname="com.IGM_Kolkata_2_May23.tc.TC003_IGMBasicDetails"/>
  <testcase name="basicDetails" time="165.456" classname="com.IGM_Kolkata_2_May23.tc.TC003_IGMBasicDetails"/>
  <testcase name="basicDetails" time="165.582" classname="com.IGM_Kolkata_2_May23.tc.TC003_IGMBasicDetails"/>
  <testcase name="basicDetails" time="165.712" classname="com.IGM_Kolkata_2_May23.tc.TC003_IGMBasicDetails"/>
  <testcase name="basicDetails" time="162.464" classname="com.IGM_Kolkata_2_May23.tc.TC003_IGMBasicDetails"/>
  <testcase name="basicDetails" time="162.818" classname="com.IGM_Kolkata_2_May23.tc.TC003_IGMBasicDetails"/>
  <testcase name="basicDetails" time="162.239" classname="com.IGM_Kolkata_2_May23.tc.TC003_IGMBasicDetails"/>
  <testcase name="basicDetails" time="165.614" classname="com.IGM_Kolkata_2_May23.tc.TC003_IGMBasicDetails"/>
  <testcase name="basicDetails" time="162.708" classname="com.IGM_Kolkata_2_May23.tc.TC003_IGMBasicDetails"/>
  <testcase name="basicDetails" time="165.764" classname="com.IGM_Kolkata_2_May23.tc.TC003_IGMBasicDetails"/>
  <testcase name="basicDetails" time="162.833" classname="com.IGM_Kolkata_2_May23.tc.TC003_IGMBasicDetails"/>
  <testcase name="basicDetails" time="162.352" classname="com.IGM_Kolkata_2_May23.tc.TC003_IGMBasicDetails"/>
  <testcase name="basicDetails" time="162.608" classname="com.IGM_Kolkata_2_May23.tc.TC003_IGMBasicDetails"/>
  <testcase name="basicDetails" time="162.637" classname="com.IGM_Kolkata_2_May23.tc.TC003_IGMBasicDetails"/>
  <testcase name="basicDetails" time="162.285" classname="com.IGM_Kolkata_2_May23.tc.TC003_IGMBasicDetails"/>
  <testcase name="basicDetails" time="165.569" classname="com.IGM_Kolkata_2_May23.tc.TC003_IGMBasicDetails"/>
  <testcase name="basicDetails" time="162.316" classname="com.IGM_Kolkata_2_May23.tc.TC003_IGMBasicDetails"/>
  <testcase name="basicDetails" time="165.877" classname="com.IGM_Kolkata_2_May23.tc.TC003_IGMBasicDetails"/>
  <testcase name="basicDetails" time="162.691" classname="com.IGM_Kolkata_2_May23.tc.TC003_IGMBasicDetails"/>
  <testcase name="basicDetails" time="165.692" classname="com.IGM_Kolkata_2_May23.tc.TC003_IGMBasicDetails"/>
  <testcase name="basicDetails" time="162.400" classname="com.IGM_Kolkata_2_May23.tc.TC003_IGMBasicDetails"/>
  <testcase name="basicDetails" time="162.343" classname="com.IGM_Kolkata_2_May23.tc.TC003_IGMBasicDetails"/>
  <testcase name="basicDetails" time="162.919" classname="com.IGM_Kolkata_2_May23.tc.TC003_IGMBasicDetails"/>
  <testcase name="basicDetails" time="166.051" classname="com.IGM_Kolkata_2_May23.tc.TC003_IGMBasicDetails"/>
  <testcase name="basicDetails" time="169.248" classname="com.IGM_Kolkata_2_May23.tc.TC003_IGMBasicDetails"/>
  <testcase name="basicDetails" time="165.932" classname="com.IGM_Kolkata_2_May23.tc.TC003_IGMBasicDetails"/>
  <testcase name="basicDetails" time="162.691" classname="com.IGM_Kolkata_2_May23.tc.TC003_IGMBasicDetails"/>
  <testcase name="basicDetails" time="162.583" classname="com.IGM_Kolkata_2_May23.tc.TC003_IGMBasicDetails"/>
  <testcase name="basicDetails" time="162.430" classname="com.IGM_Kolkata_2_May23.tc.TC003_IGMBasicDetails"/>
  <testcase name="basicDetails" time="162.287" classname="com.IGM_Kolkata_2_May23.tc.TC003_IGMBasicDetails"/>
  <testcase name="basicDetails" time="162.588" classname="com.IGM_Kolkata_2_May23.tc.TC003_IGMBasicDetails"/>
  <testcase name="basicDetails" time="165.646" classname="com.IGM_Kolkata_2_May23.tc.TC003_IGMBasicDetails"/>
  <testcase name="basicDetails" time="162.324" classname="com.IGM_Kolkata_2_May23.tc.TC003_IGMBasicDetails"/>
  <testcase name="basicDetails" time="162.396" classname="com.IGM_Kolkata_2_May23.tc.TC003_IGMBasicDetails"/>
  <testcase name="basicDetails" time="165.727" classname="com.IGM_Kolkata_2_May23.tc.TC003_IGMBasicDetails"/>
  <testcase name="basicDetails" time="162.508" classname="com.IGM_Kolkata_2_May23.tc.TC003_IGMBasicDetails"/>
  <testcase name="basicDetails" time="162.773" classname="com.IGM_Kolkata_2_May23.tc.TC003_IGMBasicDetails"/>
  <testcase name="basicDetails" time="163.001" classname="com.IGM_Kolkata_2_May23.tc.TC003_IGMBasicDetails"/>
  <testcase name="basicDetails" time="162.331" classname="com.IGM_Kolkata_2_May23.tc.TC003_IGMBasicDetails"/>
  <testcase name="basicDetails" time="165.881" classname="com.IGM_Kolkata_2_May23.tc.TC003_IGMBasicDetails"/>
  <testcase name="basicDetails" time="165.758" classname="com.IGM_Kolkata_2_May23.tc.TC003_IGMBasicDetails"/>
  <testcase name="basicDetails" time="162.472" classname="com.IGM_Kolkata_2_May23.tc.TC003_IGMBasicDetails"/>
  <testcase name="basicDetails" time="162.491" classname="com.IGM_Kolkata_2_May23.tc.TC003_IGMBasicDetails"/>
  <testcase name="basicDetails" time="162.278" classname="com.IGM_Kolkata_2_May23.tc.TC003_IGMBasicDetails"/>
  <testcase name="basicDetails" time="165.903" classname="com.IGM_Kolkata_2_May23.tc.TC003_IGMBasicDetails"/>
  <testcase name="basicDetails" time="162.370" classname="com.IGM_Kolkata_2_May23.tc.TC003_IGMBasicDetails"/>
  <testcase name="basicDetails" time="162.878" classname="com.IGM_Kolkata_2_May23.tc.TC003_IGMBasicDetails"/>
  <testcase name="basicDetails" time="166.191" classname="com.IGM_Kolkata_2_May23.tc.TC003_IGMBasicDetails"/>
  <testcase name="basicDetails" time="162.555" classname="com.IGM_Kolkata_2_May23.tc.TC003_IGMBasicDetails"/>
  <testcase name="basicDetails" time="165.892" classname="com.IGM_Kolkata_2_May23.tc.TC003_IGMBasicDetails"/>
  <testcase name="basicDetails" time="162.488" classname="com.IGM_Kolkata_2_May23.tc.TC003_IGMBasicDetails"/>
  <testcase name="basicDetails" time="165.776" classname="com.IGM_Kolkata_2_May23.tc.TC003_IGMBasicDetails"/>
  <testcase name="basicDetails" time="166.077" classname="com.IGM_Kolkata_2_May23.tc.TC003_IGMBasicDetails"/>
  <testcase name="basicDetails" time="162.369" classname="com.IGM_Kolkata_2_May23.tc.TC003_IGMBasicDetails"/>
  <testcase name="basicDetails" time="162.594" classname="com.IGM_Kolkata_2_May23.tc.TC003_IGMBasicDetails"/>
  <testcase name="basicDetails" time="162.403" classname="com.IGM_Kolkata_2_May23.tc.TC003_IGMBasicDetails"/>
  <testcase name="basicDetails" time="165.541" classname="com.IGM_Kolkata_2_May23.tc.TC003_IGMBasicDetails"/>
  <testcase name="basicDetails" time="162.418" classname="com.IGM_Kolkata_2_May23.tc.TC003_IGMBasicDetails"/>
  <testcase name="basicDetails" time="162.306" classname="com.IGM_Kolkata_2_May23.tc.TC003_IGMBasicDetails"/>
  <testcase name="basicDetails" time="162.590" classname="com.IGM_Kolkata_2_May23.tc.TC003_IGMBasicDetails"/>
  <testcase name="basicDetails" time="162.875" classname="com.IGM_Kolkata_2_May23.tc.TC003_IGMBasicDetails"/>
  <testcase name="basicDetails" time="165.868" classname="com.IGM_Kolkata_2_May23.tc.TC003_IGMBasicDetails"/>
  <testcase name="basicDetails" time="162.108" classname="com.IGM_Kolkata_2_May23.tc.TC003_IGMBasicDetails"/>
  <testcase name="basicDetails" time="162.190" classname="com.IGM_Kolkata_2_May23.tc.TC003_IGMBasicDetails"/>
  <testcase name="basicDetails" time="162.651" classname="com.IGM_Kolkata_2_May23.tc.TC003_IGMBasicDetails"/>
  <testcase name="basicDetails" time="162.393" classname="com.IGM_Kolkata_2_May23.tc.TC003_IGMBasicDetails"/>
  <testcase name="basicDetails" time="165.586" classname="com.IGM_Kolkata_2_May23.tc.TC003_IGMBasicDetails"/>
  <testcase name="basicDetails" time="165.804" classname="com.IGM_Kolkata_2_May23.tc.TC003_IGMBasicDetails"/>
  <testcase name="basicDetails" time="162.497" classname="com.IGM_Kolkata_2_May23.tc.TC003_IGMBasicDetails"/>
  <testcase name="basicDetails" time="162.304" classname="com.IGM_Kolkata_2_May23.tc.TC003_IGMBasicDetails"/>
  <testcase name="basicDetails" time="162.436" classname="com.IGM_Kolkata_2_May23.tc.TC003_IGMBasicDetails"/>
  <testcase name="basicDetails" time="162.595" classname="com.IGM_Kolkata_2_May23.tc.TC003_IGMBasicDetails"/>
  <testcase name="basicDetails" time="166.245" classname="com.IGM_Kolkata_2_May23.tc.TC003_IGMBasicDetails"/>
  <testcase name="basicDetails" time="162.564" classname="com.IGM_Kolkata_2_May23.tc.TC003_IGMBasicDetails"/>
  <testcase name="basicDetails" time="162.372" classname="com.IGM_Kolkata_2_May23.tc.TC003_IGMBasicDetails"/>
  <testcase name="basicDetails" time="163.153" classname="com.IGM_Kolkata_2_May23.tc.TC003_IGMBasicDetails"/>
  <testcase name="basicDetails" time="165.812" classname="com.IGM_Kolkata_2_May23.tc.TC003_IGMBasicDetails"/>
  <testcase name="basicDetails" time="162.649" classname="com.IGM_Kolkata_2_May23.tc.TC003_IGMBasicDetails"/>
  <testcase name="basicDetails" time="162.610" classname="com.IGM_Kolkata_2_May23.tc.TC003_IGMBasicDetails"/>
  <testcase name="basicDetails" time="162.499" classname="com.IGM_Kolkata_2_May23.tc.TC003_IGMBasicDetails"/>
  <testcase name="basicDetails" time="162.473" classname="com.IGM_Kolkata_2_May23.tc.TC003_IGMBasicDetails"/>
  <testcase name="basicDetails" time="162.354" classname="com.IGM_Kolkata_2_May23.tc.TC003_IGMBasicDetails"/>
  <testcase name="basicDetails" time="165.815" classname="com.IGM_Kolkata_2_May23.tc.TC003_IGMBasicDetails"/>
  <testcase name="basicDetails" time="162.559" classname="com.IGM_Kolkata_2_May23.tc.TC003_IGMBasicDetails"/>
  <testcase name="basicDetails" time="162.628" classname="com.IGM_Kolkata_2_May23.tc.TC003_IGMBasicDetails"/>
  <testcase name="basicDetails" time="162.387" classname="com.IGM_Kolkata_2_May23.tc.TC003_IGMBasicDetails"/>
  <testcase name="basicDetails" time="165.662" classname="com.IGM_Kolkata_2_May23.tc.TC003_IGMBasicDetails"/>
  <testcase name="basicDetails" time="162.627" classname="com.IGM_Kolkata_2_May23.tc.TC003_IGMBasicDetails"/>
  <testcase name="basicDetails" time="166.031" classname="com.IGM_Kolkata_2_May23.tc.TC003_IGMBasicDetails"/>
  <testcase name="basicDetails" time="162.568" classname="com.IGM_Kolkata_2_May23.tc.TC003_IGMBasicDetails"/>
  <testcase name="basicDetails" time="165.448" classname="com.IGM_Kolkata_2_May23.tc.TC003_IGMBasicDetails"/>
  <testcase name="basicDetails" time="165.629" classname="com.IGM_Kolkata_2_May23.tc.TC003_IGMBasicDetails"/>
  <testcase name="basicDetails" time="165.727" classname="com.IGM_Kolkata_2_May23.tc.TC003_IGMBasicDetails"/>
  <testcase name="basicDetails" time="162.450" classname="com.IGM_Kolkata_2_May23.tc.TC003_IGMBasicDetails"/>
  <testcase name="basicDetails" time="165.821" classname="com.IGM_Kolkata_2_May23.tc.TC003_IGMBasicDetails"/>
  <testcase name="basicDetails" time="165.926" classname="com.IGM_Kolkata_2_May23.tc.TC003_IGMBasicDetails"/>
  <testcase name="basicDetails" time="165.652" classname="com.IGM_Kolkata_2_May23.tc.TC003_IGMBasicDetails"/>
  <testcase name="basicDetails" time="162.393" classname="com.IGM_Kolkata_2_May23.tc.TC003_IGMBasicDetails"/>
  <testcase name="basicDetails" time="165.308" classname="com.IGM_Kolkata_2_May23.tc.TC003_IGMBasicDetails"/>
  <testcase name="basicDetails" time="162.763" classname="com.IGM_Kolkata_2_May23.tc.TC003_IGMBasicDetails"/>
  <testcase name="basicDetails" time="162.581" classname="com.IGM_Kolkata_2_May23.tc.TC003_IGMBasicDetails"/>
  <testcase name="basicDetails" time="162.330" classname="com.IGM_Kolkata_2_May23.tc.TC003_IGMBasicDetails"/>
  <testcase name="basicDetails" time="162.362" classname="com.IGM_Kolkata_2_May23.tc.TC003_IGMBasicDetails"/>
  <testcase name="basicDetails" time="162.394" classname="com.IGM_Kolkata_2_May23.tc.TC003_IGMBasicDetails"/>
  <testcase name="basicDetails" time="165.806" classname="com.IGM_Kolkata_2_May23.tc.TC003_IGMBasicDetails"/>
  <testcase name="basicDetails" time="162.639" classname="com.IGM_Kolkata_2_May23.tc.TC003_IGMBasicDetails"/>
  <testcase name="basicDetails" time="165.629" classname="com.IGM_Kolkata_2_May23.tc.TC003_IGMBasicDetails"/>
  <testcase name="basicDetails" time="162.403" classname="com.IGM_Kolkata_2_May23.tc.TC003_IGMBasicDetails"/>
  <testcase name="basicDetails" time="165.998" classname="com.IGM_Kolkata_2_May23.tc.TC003_IGMBasicDetails"/>
  <testcase name="basicDetails" time="162.614" classname="com.IGM_Kolkata_2_May23.tc.TC003_IGMBasicDetails"/>
  <testcase name="basicDetails" time="162.215" classname="com.IGM_Kolkata_2_May23.tc.TC003_IGMBasicDetails"/>
  <testcase name="basicDetails" time="162.522" classname="com.IGM_Kolkata_2_May23.tc.TC003_IGMBasicDetails"/>
  <testcase name="basicDetails" time="162.230" classname="com.IGM_Kolkata_2_May23.tc.TC003_IGMBasicDetails"/>
  <testcase name="basicDetails" time="162.710" classname="com.IGM_Kolkata_2_May23.tc.TC003_IGMBasicDetails"/>
  <testcase name="basicDetails" time="166.001" classname="com.IGM_Kolkata_2_May23.tc.TC003_IGMBasicDetails"/>
  <testcase name="basicDetails" time="162.096" classname="com.IGM_Kolkata_2_May23.tc.TC003_IGMBasicDetails"/>
  <testcase name="basicDetails" time="162.265" classname="com.IGM_Kolkata_2_May23.tc.TC003_IGMBasicDetails"/>
  <testcase name="basicDetails" time="165.627" classname="com.IGM_Kolkata_2_May23.tc.TC003_IGMBasicDetails"/>
  <testcase name="basicDetails" time="162.546" classname="com.IGM_Kolkata_2_May23.tc.TC003_IGMBasicDetails"/>
  <testcase name="basicDetails" time="189.883" classname="com.IGM_Kolkata_2_May23.tc.TC003_IGMBasicDetails"/>
  <testcase name="basicDetails" time="162.253" classname="com.IGM_Kolkata_2_May23.tc.TC003_IGMBasicDetails"/>
  <testcase name="basicDetails" time="162.935" classname="com.IGM_Kolkata_2_May23.tc.TC003_IGMBasicDetails"/>
  <testcase name="basicDetails" time="162.609" classname="com.IGM_Kolkata_2_May23.tc.TC003_IGMBasicDetails"/>
  <testcase name="basicDetails" time="162.405" classname="com.IGM_Kolkata_2_May23.tc.TC003_IGMBasicDetails"/>
  <testcase name="basicDetails" time="162.813" classname="com.IGM_Kolkata_2_May23.tc.TC003_IGMBasicDetails"/>
  <testcase name="basicDetails" time="165.397" classname="com.IGM_Kolkata_2_May23.tc.TC003_IGMBasicDetails"/>
</testsuite> <!-- com.IGM_Kolkata_2_May23.tc.TC003_IGMBasicDetails -->
