<?xml version="1.0" encoding="UTF-8"?>
<!-- Generated by org.testng.reporters.JUnitReportReporter -->
<testsuite skipped="0" hostname="MAA014482B" name="com.BIS.tc.TC004_BISBasicDetails" tests="27" failures="0" timestamp="2022-05-06T22:03:10 IST" time="3273.465" errors="0">
  <testcase name="basicDetails" time="118.446" classname="com.BIS.tc.TC004_BISBasicDetails"/>
  <testcase name="basicDetails" time="116.871" classname="com.BIS.tc.TC004_BISBasicDetails"/>
  <testcase name="basicDetails" time="122.776" classname="com.BIS.tc.TC004_BISBasicDetails"/>
  <testcase name="basicDetails" time="118.659" classname="com.BIS.tc.TC004_BISBasicDetails"/>
  <testcase name="basicDetails" time="122.900" classname="com.BIS.tc.TC004_BISBasicDetails"/>
  <testcase name="basicDetails" time="118.181" classname="com.BIS.tc.TC004_BISBasicDetails"/>
  <testcase name="basicDetails" time="118.151" classname="com.BIS.tc.TC004_BISBasicDetails"/>
  <testcase name="basicDetails" time="117.015" classname="com.BIS.tc.TC004_BISBasicDetails"/>
  <testcase name="basicDetails" time="122.604" classname="com.BIS.tc.TC004_BISBasicDetails"/>
  <testcase name="basicDetails" time="118.630" classname="com.BIS.tc.TC004_BISBasicDetails"/>
  <testcase name="basicDetails" time="118.153" classname="com.BIS.tc.TC004_BISBasicDetails"/>
  <testcase name="basicDetails" time="118.383" classname="com.BIS.tc.TC004_BISBasicDetails"/>
  <testcase name="basicDetails" time="117.020" classname="com.BIS.tc.TC004_BISBasicDetails"/>
  <testcase name="basicDetails" time="118.144" classname="com.BIS.tc.TC004_BISBasicDetails"/>
  <testcase name="basicDetails" time="118.457" classname="com.BIS.tc.TC004_BISBasicDetails"/>
  <testcase name="basicDetails" time="118.018" classname="com.BIS.tc.TC004_BISBasicDetails"/>
  <testcase name="basicDetails" time="118.209" classname="com.BIS.tc.TC004_BISBasicDetails"/>
  <testcase name="basicDetails" time="117.766" classname="com.BIS.tc.TC004_BISBasicDetails"/>
  <testcase name="basicDetails" time="121.196" classname="com.BIS.tc.TC004_BISBasicDetails"/>
  <testcase name="basicDetails" time="117.171" classname="com.BIS.tc.TC004_BISBasicDetails"/>
  <testcase name="basicDetails" time="117.484" classname="com.BIS.tc.TC004_BISBasicDetails"/>
  <testcase name="basicDetails" time="118.075" classname="com.BIS.tc.TC004_BISBasicDetails"/>
  <testcase name="basicDetails" time="117.944" classname="com.BIS.tc.TC004_BISBasicDetails"/>
  <testcase name="basicDetails" time="122.980" classname="com.BIS.tc.TC004_BISBasicDetails"/>
  <testcase name="basicDetails" time="184.177" classname="com.BIS.tc.TC004_BISBasicDetails"/>
  <testcase name="basicDetails" time="118.089" classname="com.BIS.tc.TC004_BISBasicDetails"/>
  <testcase name="basicDetails" time="117.966" classname="com.BIS.tc.TC004_BISBasicDetails"/>
</testsuite> <!-- com.BIS.tc.TC004_BISBasicDetails -->
