<?xml version="1.0" encoding="UTF-8"?>
<!-- Generated by org.testng.reporters.JUnitReportReporter -->
<testsuite skipped="0" hostname="MAA014482B" name="com.MPRAJ_18Nov22.tc.TC005_MPRAJBasicDetails" tests="23" failures="0" timestamp="2023-03-20T12:36:32 IST" time="3768.059" errors="0">
  <testcase name="basicDetails" time="163.749" classname="com.MPRAJ_18Nov22.tc.TC005_MPRAJBasicDetails"/>
  <testcase name="basicDetails" time="161.963" classname="com.MPRAJ_18Nov22.tc.TC005_MPRAJBasicDetails"/>
  <testcase name="basicDetails" time="163.764" classname="com.MPRAJ_18Nov22.tc.TC005_MPRAJBasicDetails"/>
  <testcase name="basicDetails" time="161.954" classname="com.MPRAJ_18Nov22.tc.TC005_MPRAJBasicDetails"/>
  <testcase name="basicDetails" time="163.457" classname="com.MPRAJ_18Nov22.tc.TC005_MPRAJBasicDetails"/>
  <testcase name="basicDetails" time="164.249" classname="com.MPRAJ_18Nov22.tc.TC005_MPRAJBasicDetails"/>
  <testcase name="basicDetails" time="162.731" classname="com.MPRAJ_18Nov22.tc.TC005_MPRAJBasicDetails"/>
  <testcase name="basicDetails" time="163.077" classname="com.MPRAJ_18Nov22.tc.TC005_MPRAJBasicDetails"/>
  <testcase name="basicDetails" time="162.605" classname="com.MPRAJ_18Nov22.tc.TC005_MPRAJBasicDetails"/>
  <testcase name="basicDetails" time="162.341" classname="com.MPRAJ_18Nov22.tc.TC005_MPRAJBasicDetails"/>
  <testcase name="basicDetails" time="163.245" classname="com.MPRAJ_18Nov22.tc.TC005_MPRAJBasicDetails"/>
  <testcase name="basicDetails" time="163.854" classname="com.MPRAJ_18Nov22.tc.TC005_MPRAJBasicDetails"/>
  <testcase name="basicDetails" time="163.232" classname="com.MPRAJ_18Nov22.tc.TC005_MPRAJBasicDetails"/>
  <testcase name="basicDetails" time="163.653" classname="com.MPRAJ_18Nov22.tc.TC005_MPRAJBasicDetails"/>
  <testcase name="basicDetails" time="172.543" classname="com.MPRAJ_18Nov22.tc.TC005_MPRAJBasicDetails"/>
  <testcase name="basicDetails" time="163.612" classname="com.MPRAJ_18Nov22.tc.TC005_MPRAJBasicDetails"/>
  <testcase name="basicDetails" time="162.705" classname="com.MPRAJ_18Nov22.tc.TC005_MPRAJBasicDetails"/>
  <testcase name="basicDetails" time="165.922" classname="com.MPRAJ_18Nov22.tc.TC005_MPRAJBasicDetails"/>
  <testcase name="basicDetails" time="163.463" classname="com.MPRAJ_18Nov22.tc.TC005_MPRAJBasicDetails"/>
  <testcase name="basicDetails" time="163.898" classname="com.MPRAJ_18Nov22.tc.TC005_MPRAJBasicDetails"/>
  <testcase name="basicDetails" time="163.497" classname="com.MPRAJ_18Nov22.tc.TC005_MPRAJBasicDetails"/>
  <testcase name="basicDetails" time="164.747" classname="com.MPRAJ_18Nov22.tc.TC005_MPRAJBasicDetails"/>
  <testcase name="basicDetails" time="163.798" classname="com.MPRAJ_18Nov22.tc.TC005_MPRAJBasicDetails"/>
</testsuite> <!-- com.MPRAJ_18Nov22.tc.TC005_MPRAJBasicDetails -->
