<?xml version="1.0" encoding="UTF-8"?>
<!-- Generated by org.testng.reporters.JUnitReportReporter -->
<testsuite skipped="0" hostname="MAA014482B" name="com.Shimla.tc.TC001_ShimlaBasicDetails" tests="31" failures="0" timestamp="2023-03-03T15:03:02 IST" time="4884.093" errors="0">
  <testcase name="basicDetails" time="156.152" classname="com.Shimla.tc.TC001_ShimlaBasicDetails"/>
  <testcase name="basicDetails" time="161.075" classname="com.Shimla.tc.TC001_ShimlaBasicDetails"/>
  <testcase name="basicDetails" time="155.728" classname="com.Shimla.tc.TC001_ShimlaBasicDetails"/>
  <testcase name="basicDetails" time="156.331" classname="com.Shimla.tc.TC001_ShimlaBasicDetails"/>
  <testcase name="basicDetails" time="157.646" classname="com.Shimla.tc.TC001_ShimlaBasicDetails"/>
  <testcase name="basicDetails" time="156.227" classname="com.Shimla.tc.TC001_ShimlaBasicDetails"/>
  <testcase name="basicDetails" time="160.382" classname="com.Shimla.tc.TC001_ShimlaBasicDetails"/>
  <testcase name="basicDetails" time="155.993" classname="com.Shimla.tc.TC001_ShimlaBasicDetails"/>
  <testcase name="basicDetails" time="160.376" classname="com.Shimla.tc.TC001_ShimlaBasicDetails"/>
  <testcase name="basicDetails" time="156.152" classname="com.Shimla.tc.TC001_ShimlaBasicDetails"/>
  <testcase name="basicDetails" time="155.763" classname="com.Shimla.tc.TC001_ShimlaBasicDetails"/>
  <testcase name="basicDetails" time="156.572" classname="com.Shimla.tc.TC001_ShimlaBasicDetails"/>
  <testcase name="basicDetails" time="156.601" classname="com.Shimla.tc.TC001_ShimlaBasicDetails"/>
  <testcase name="basicDetails" time="156.137" classname="com.Shimla.tc.TC001_ShimlaBasicDetails"/>
  <testcase name="basicDetails" time="161.074" classname="com.Shimla.tc.TC001_ShimlaBasicDetails"/>
  <testcase name="basicDetails" time="155.699" classname="com.Shimla.tc.TC001_ShimlaBasicDetails"/>
  <testcase name="basicDetails" time="156.386" classname="com.Shimla.tc.TC001_ShimlaBasicDetails"/>
  <testcase name="basicDetails" time="161.193" classname="com.Shimla.tc.TC001_ShimlaBasicDetails"/>
  <testcase name="basicDetails" time="160.740" classname="com.Shimla.tc.TC001_ShimlaBasicDetails"/>
  <testcase name="basicDetails" time="161.366" classname="com.Shimla.tc.TC001_ShimlaBasicDetails"/>
  <testcase name="basicDetails" time="155.695" classname="com.Shimla.tc.TC001_ShimlaBasicDetails"/>
  <testcase name="basicDetails" time="156.293" classname="com.Shimla.tc.TC001_ShimlaBasicDetails"/>
  <testcase name="basicDetails" time="155.984" classname="com.Shimla.tc.TC001_ShimlaBasicDetails"/>
  <testcase name="basicDetails" time="155.875" classname="com.Shimla.tc.TC001_ShimlaBasicDetails"/>
  <testcase name="basicDetails" time="156.160" classname="com.Shimla.tc.TC001_ShimlaBasicDetails"/>
  <testcase name="basicDetails" time="156.428" classname="com.Shimla.tc.TC001_ShimlaBasicDetails"/>
  <testcase name="basicDetails" time="161.136" classname="com.Shimla.tc.TC001_ShimlaBasicDetails"/>
  <testcase name="basicDetails" time="160.294" classname="com.Shimla.tc.TC001_ShimlaBasicDetails"/>
  <testcase name="basicDetails" time="156.885" classname="com.Shimla.tc.TC001_ShimlaBasicDetails"/>
  <testcase name="basicDetails" time="155.678" classname="com.Shimla.tc.TC001_ShimlaBasicDetails"/>
  <testcase name="basicDetails" time="156.072" classname="com.Shimla.tc.TC001_ShimlaBasicDetails"/>
</testsuite> <!-- com.Shimla.tc.TC001_ShimlaBasicDetails -->
