<?xml version="1.0" encoding="UTF-8"?>
<!-- Generated by org.testng.reporters.JUnitReportReporter -->
<testsuite skipped="0" hostname="MAA014482B" name="com.IDBI30May22.tc.TC003_IDBIBasicDetails" tests="162" failures="0" timestamp="2022-06-08T23:13:33 IST" time="20118.492" errors="0">
  <testcase name="basicDetails" time="123.616" classname="com.IDBI30May22.tc.TC003_IDBIBasicDetails"/>
  <testcase name="basicDetails" time="123.821" classname="com.IDBI30May22.tc.TC003_IDBIBasicDetails"/>
  <testcase name="basicDetails" time="124.234" classname="com.IDBI30May22.tc.TC003_IDBIBasicDetails"/>
  <testcase name="basicDetails" time="124.326" classname="com.IDBI30May22.tc.TC003_IDBIBasicDetails"/>
  <testcase name="basicDetails" time="124.116" classname="com.IDBI30May22.tc.TC003_IDBIBasicDetails"/>
  <testcase name="basicDetails" time="124.075" classname="com.IDBI30May22.tc.TC003_IDBIBasicDetails"/>
  <testcase name="basicDetails" time="123.894" classname="com.IDBI30May22.tc.TC003_IDBIBasicDetails"/>
  <testcase name="basicDetails" time="124.350" classname="com.IDBI30May22.tc.TC003_IDBIBasicDetails"/>
  <testcase name="basicDetails" time="123.916" classname="com.IDBI30May22.tc.TC003_IDBIBasicDetails"/>
  <testcase name="basicDetails" time="123.515" classname="com.IDBI30May22.tc.TC003_IDBIBasicDetails"/>
  <testcase name="basicDetails" time="124.174" classname="com.IDBI30May22.tc.TC003_IDBIBasicDetails"/>
  <testcase name="basicDetails" time="123.925" classname="com.IDBI30May22.tc.TC003_IDBIBasicDetails"/>
  <testcase name="basicDetails" time="124.330" classname="com.IDBI30May22.tc.TC003_IDBIBasicDetails"/>
  <testcase name="basicDetails" time="123.933" classname="com.IDBI30May22.tc.TC003_IDBIBasicDetails"/>
  <testcase name="basicDetails" time="124.237" classname="com.IDBI30May22.tc.TC003_IDBIBasicDetails"/>
  <testcase name="basicDetails" time="123.978" classname="com.IDBI30May22.tc.TC003_IDBIBasicDetails"/>
  <testcase name="basicDetails" time="123.942" classname="com.IDBI30May22.tc.TC003_IDBIBasicDetails"/>
  <testcase name="basicDetails" time="124.126" classname="com.IDBI30May22.tc.TC003_IDBIBasicDetails"/>
  <testcase name="basicDetails" time="124.199" classname="com.IDBI30May22.tc.TC003_IDBIBasicDetails"/>
  <testcase name="basicDetails" time="124.135" classname="com.IDBI30May22.tc.TC003_IDBIBasicDetails"/>
  <testcase name="basicDetails" time="124.391" classname="com.IDBI30May22.tc.TC003_IDBIBasicDetails"/>
  <testcase name="basicDetails" time="124.118" classname="com.IDBI30May22.tc.TC003_IDBIBasicDetails"/>
  <testcase name="basicDetails" time="124.767" classname="com.IDBI30May22.tc.TC003_IDBIBasicDetails"/>
  <testcase name="basicDetails" time="123.773" classname="com.IDBI30May22.tc.TC003_IDBIBasicDetails"/>
  <testcase name="basicDetails" time="123.861" classname="com.IDBI30May22.tc.TC003_IDBIBasicDetails"/>
  <testcase name="basicDetails" time="124.557" classname="com.IDBI30May22.tc.TC003_IDBIBasicDetails"/>
  <testcase name="basicDetails" time="124.107" classname="com.IDBI30May22.tc.TC003_IDBIBasicDetails"/>
  <testcase name="basicDetails" time="124.627" classname="com.IDBI30May22.tc.TC003_IDBIBasicDetails"/>
  <testcase name="basicDetails" time="124.132" classname="com.IDBI30May22.tc.TC003_IDBIBasicDetails"/>
  <testcase name="basicDetails" time="123.677" classname="com.IDBI30May22.tc.TC003_IDBIBasicDetails"/>
  <testcase name="basicDetails" time="123.897" classname="com.IDBI30May22.tc.TC003_IDBIBasicDetails"/>
  <testcase name="basicDetails" time="124.363" classname="com.IDBI30May22.tc.TC003_IDBIBasicDetails"/>
  <testcase name="basicDetails" time="124.214" classname="com.IDBI30May22.tc.TC003_IDBIBasicDetails"/>
  <testcase name="basicDetails" time="124.049" classname="com.IDBI30May22.tc.TC003_IDBIBasicDetails"/>
  <testcase name="basicDetails" time="123.544" classname="com.IDBI30May22.tc.TC003_IDBIBasicDetails"/>
  <testcase name="basicDetails" time="124.056" classname="com.IDBI30May22.tc.TC003_IDBIBasicDetails"/>
  <testcase name="basicDetails" time="124.434" classname="com.IDBI30May22.tc.TC003_IDBIBasicDetails"/>
  <testcase name="basicDetails" time="124.005" classname="com.IDBI30May22.tc.TC003_IDBIBasicDetails"/>
  <testcase name="basicDetails" time="124.177" classname="com.IDBI30May22.tc.TC003_IDBIBasicDetails"/>
  <testcase name="basicDetails" time="123.619" classname="com.IDBI30May22.tc.TC003_IDBIBasicDetails"/>
  <testcase name="basicDetails" time="124.509" classname="com.IDBI30May22.tc.TC003_IDBIBasicDetails"/>
  <testcase name="basicDetails" time="124.079" classname="com.IDBI30May22.tc.TC003_IDBIBasicDetails"/>
  <testcase name="basicDetails" time="123.867" classname="com.IDBI30May22.tc.TC003_IDBIBasicDetails"/>
  <testcase name="basicDetails" time="124.173" classname="com.IDBI30May22.tc.TC003_IDBIBasicDetails"/>
  <testcase name="basicDetails" time="124.294" classname="com.IDBI30May22.tc.TC003_IDBIBasicDetails"/>
  <testcase name="basicDetails" time="123.958" classname="com.IDBI30May22.tc.TC003_IDBIBasicDetails"/>
  <testcase name="basicDetails" time="124.468" classname="com.IDBI30May22.tc.TC003_IDBIBasicDetails"/>
  <testcase name="basicDetails" time="123.863" classname="com.IDBI30May22.tc.TC003_IDBIBasicDetails"/>
  <testcase name="basicDetails" time="124.496" classname="com.IDBI30May22.tc.TC003_IDBIBasicDetails"/>
  <testcase name="basicDetails" time="124.149" classname="com.IDBI30May22.tc.TC003_IDBIBasicDetails"/>
  <testcase name="basicDetails" time="124.008" classname="com.IDBI30May22.tc.TC003_IDBIBasicDetails"/>
  <testcase name="basicDetails" time="124.743" classname="com.IDBI30May22.tc.TC003_IDBIBasicDetails"/>
  <testcase name="basicDetails" time="123.695" classname="com.IDBI30May22.tc.TC003_IDBIBasicDetails"/>
  <testcase name="basicDetails" time="123.836" classname="com.IDBI30May22.tc.TC003_IDBIBasicDetails"/>
  <testcase name="basicDetails" time="124.033" classname="com.IDBI30May22.tc.TC003_IDBIBasicDetails"/>
  <testcase name="basicDetails" time="124.020" classname="com.IDBI30May22.tc.TC003_IDBIBasicDetails"/>
  <testcase name="basicDetails" time="124.369" classname="com.IDBI30May22.tc.TC003_IDBIBasicDetails"/>
  <testcase name="basicDetails" time="124.304" classname="com.IDBI30May22.tc.TC003_IDBIBasicDetails"/>
  <testcase name="basicDetails" time="123.363" classname="com.IDBI30May22.tc.TC003_IDBIBasicDetails"/>
  <testcase name="basicDetails" time="124.131" classname="com.IDBI30May22.tc.TC003_IDBIBasicDetails"/>
  <testcase name="basicDetails" time="123.935" classname="com.IDBI30May22.tc.TC003_IDBIBasicDetails"/>
  <testcase name="basicDetails" time="124.282" classname="com.IDBI30May22.tc.TC003_IDBIBasicDetails"/>
  <testcase name="basicDetails" time="124.189" classname="com.IDBI30May22.tc.TC003_IDBIBasicDetails"/>
  <testcase name="basicDetails" time="124.347" classname="com.IDBI30May22.tc.TC003_IDBIBasicDetails"/>
  <testcase name="basicDetails" time="124.055" classname="com.IDBI30May22.tc.TC003_IDBIBasicDetails"/>
  <testcase name="basicDetails" time="124.227" classname="com.IDBI30May22.tc.TC003_IDBIBasicDetails"/>
  <testcase name="basicDetails" time="123.939" classname="com.IDBI30May22.tc.TC003_IDBIBasicDetails"/>
  <testcase name="basicDetails" time="124.268" classname="com.IDBI30May22.tc.TC003_IDBIBasicDetails"/>
  <testcase name="basicDetails" time="124.421" classname="com.IDBI30May22.tc.TC003_IDBIBasicDetails"/>
  <testcase name="basicDetails" time="124.278" classname="com.IDBI30May22.tc.TC003_IDBIBasicDetails"/>
  <testcase name="basicDetails" time="124.436" classname="com.IDBI30May22.tc.TC003_IDBIBasicDetails"/>
  <testcase name="basicDetails" time="124.370" classname="com.IDBI30May22.tc.TC003_IDBIBasicDetails"/>
  <testcase name="basicDetails" time="124.388" classname="com.IDBI30May22.tc.TC003_IDBIBasicDetails"/>
  <testcase name="basicDetails" time="123.640" classname="com.IDBI30May22.tc.TC003_IDBIBasicDetails"/>
  <testcase name="basicDetails" time="124.150" classname="com.IDBI30May22.tc.TC003_IDBIBasicDetails"/>
  <testcase name="basicDetails" time="123.960" classname="com.IDBI30May22.tc.TC003_IDBIBasicDetails"/>
  <testcase name="basicDetails" time="124.158" classname="com.IDBI30May22.tc.TC003_IDBIBasicDetails"/>
  <testcase name="basicDetails" time="123.986" classname="com.IDBI30May22.tc.TC003_IDBIBasicDetails"/>
  <testcase name="basicDetails" time="124.225" classname="com.IDBI30May22.tc.TC003_IDBIBasicDetails"/>
  <testcase name="basicDetails" time="123.915" classname="com.IDBI30May22.tc.TC003_IDBIBasicDetails"/>
  <testcase name="basicDetails" time="124.155" classname="com.IDBI30May22.tc.TC003_IDBIBasicDetails"/>
  <testcase name="basicDetails" time="124.134" classname="com.IDBI30May22.tc.TC003_IDBIBasicDetails"/>
  <testcase name="basicDetails" time="124.142" classname="com.IDBI30May22.tc.TC003_IDBIBasicDetails"/>
  <testcase name="basicDetails" time="124.133" classname="com.IDBI30May22.tc.TC003_IDBIBasicDetails"/>
  <testcase name="basicDetails" time="124.364" classname="com.IDBI30May22.tc.TC003_IDBIBasicDetails"/>
  <testcase name="basicDetails" time="124.581" classname="com.IDBI30May22.tc.TC003_IDBIBasicDetails"/>
  <testcase name="basicDetails" time="124.589" classname="com.IDBI30May22.tc.TC003_IDBIBasicDetails"/>
  <testcase name="basicDetails" time="124.003" classname="com.IDBI30May22.tc.TC003_IDBIBasicDetails"/>
  <testcase name="basicDetails" time="124.227" classname="com.IDBI30May22.tc.TC003_IDBIBasicDetails"/>
  <testcase name="basicDetails" time="123.935" classname="com.IDBI30May22.tc.TC003_IDBIBasicDetails"/>
  <testcase name="basicDetails" time="123.981" classname="com.IDBI30May22.tc.TC003_IDBIBasicDetails"/>
  <testcase name="basicDetails" time="124.362" classname="com.IDBI30May22.tc.TC003_IDBIBasicDetails"/>
  <testcase name="basicDetails" time="123.947" classname="com.IDBI30May22.tc.TC003_IDBIBasicDetails"/>
  <testcase name="basicDetails" time="123.825" classname="com.IDBI30May22.tc.TC003_IDBIBasicDetails"/>
  <testcase name="basicDetails" time="124.144" classname="com.IDBI30May22.tc.TC003_IDBIBasicDetails"/>
  <testcase name="basicDetails" time="124.260" classname="com.IDBI30May22.tc.TC003_IDBIBasicDetails"/>
  <testcase name="basicDetails" time="124.308" classname="com.IDBI30May22.tc.TC003_IDBIBasicDetails"/>
  <testcase name="basicDetails" time="124.105" classname="com.IDBI30May22.tc.TC003_IDBIBasicDetails"/>
  <testcase name="basicDetails" time="123.895" classname="com.IDBI30May22.tc.TC003_IDBIBasicDetails"/>
  <testcase name="basicDetails" time="123.913" classname="com.IDBI30May22.tc.TC003_IDBIBasicDetails"/>
  <testcase name="basicDetails" time="124.310" classname="com.IDBI30May22.tc.TC003_IDBIBasicDetails"/>
  <testcase name="basicDetails" time="124.104" classname="com.IDBI30May22.tc.TC003_IDBIBasicDetails"/>
  <testcase name="basicDetails" time="124.144" classname="com.IDBI30May22.tc.TC003_IDBIBasicDetails"/>
  <testcase name="basicDetails" time="124.202" classname="com.IDBI30May22.tc.TC003_IDBIBasicDetails"/>
  <testcase name="basicDetails" time="123.968" classname="com.IDBI30May22.tc.TC003_IDBIBasicDetails"/>
  <testcase name="basicDetails" time="124.032" classname="com.IDBI30May22.tc.TC003_IDBIBasicDetails"/>
  <testcase name="basicDetails" time="124.192" classname="com.IDBI30May22.tc.TC003_IDBIBasicDetails"/>
  <testcase name="basicDetails" time="123.072" classname="com.IDBI30May22.tc.TC003_IDBIBasicDetails"/>
  <testcase name="basicDetails" time="124.516" classname="com.IDBI30May22.tc.TC003_IDBIBasicDetails"/>
  <testcase name="basicDetails" time="124.405" classname="com.IDBI30May22.tc.TC003_IDBIBasicDetails"/>
  <testcase name="basicDetails" time="124.066" classname="com.IDBI30May22.tc.TC003_IDBIBasicDetails"/>
  <testcase name="basicDetails" time="123.412" classname="com.IDBI30May22.tc.TC003_IDBIBasicDetails"/>
  <testcase name="basicDetails" time="123.890" classname="com.IDBI30May22.tc.TC003_IDBIBasicDetails"/>
  <testcase name="basicDetails" time="124.315" classname="com.IDBI30May22.tc.TC003_IDBIBasicDetails"/>
  <testcase name="basicDetails" time="124.063" classname="com.IDBI30May22.tc.TC003_IDBIBasicDetails"/>
  <testcase name="basicDetails" time="124.441" classname="com.IDBI30May22.tc.TC003_IDBIBasicDetails"/>
  <testcase name="basicDetails" time="124.268" classname="com.IDBI30May22.tc.TC003_IDBIBasicDetails"/>
  <testcase name="basicDetails" time="124.618" classname="com.IDBI30May22.tc.TC003_IDBIBasicDetails"/>
  <testcase name="basicDetails" time="124.047" classname="com.IDBI30May22.tc.TC003_IDBIBasicDetails"/>
  <testcase name="basicDetails" time="124.159" classname="com.IDBI30May22.tc.TC003_IDBIBasicDetails"/>
  <testcase name="basicDetails" time="123.915" classname="com.IDBI30May22.tc.TC003_IDBIBasicDetails"/>
  <testcase name="basicDetails" time="123.858" classname="com.IDBI30May22.tc.TC003_IDBIBasicDetails"/>
  <testcase name="basicDetails" time="124.360" classname="com.IDBI30May22.tc.TC003_IDBIBasicDetails"/>
  <testcase name="basicDetails" time="124.317" classname="com.IDBI30May22.tc.TC003_IDBIBasicDetails"/>
  <testcase name="basicDetails" time="124.188" classname="com.IDBI30May22.tc.TC003_IDBIBasicDetails"/>
  <testcase name="basicDetails" time="124.607" classname="com.IDBI30May22.tc.TC003_IDBIBasicDetails"/>
  <testcase name="basicDetails" time="124.684" classname="com.IDBI30May22.tc.TC003_IDBIBasicDetails"/>
  <testcase name="basicDetails" time="124.438" classname="com.IDBI30May22.tc.TC003_IDBIBasicDetails"/>
  <testcase name="basicDetails" time="123.936" classname="com.IDBI30May22.tc.TC003_IDBIBasicDetails"/>
  <testcase name="basicDetails" time="124.198" classname="com.IDBI30May22.tc.TC003_IDBIBasicDetails"/>
  <testcase name="basicDetails" time="124.747" classname="com.IDBI30May22.tc.TC003_IDBIBasicDetails"/>
  <testcase name="basicDetails" time="124.124" classname="com.IDBI30May22.tc.TC003_IDBIBasicDetails"/>
  <testcase name="basicDetails" time="124.309" classname="com.IDBI30May22.tc.TC003_IDBIBasicDetails"/>
  <testcase name="basicDetails" time="124.724" classname="com.IDBI30May22.tc.TC003_IDBIBasicDetails"/>
  <testcase name="basicDetails" time="123.521" classname="com.IDBI30May22.tc.TC003_IDBIBasicDetails"/>
  <testcase name="basicDetails" time="124.210" classname="com.IDBI30May22.tc.TC003_IDBIBasicDetails"/>
  <testcase name="basicDetails" time="124.596" classname="com.IDBI30May22.tc.TC003_IDBIBasicDetails"/>
  <testcase name="basicDetails" time="123.965" classname="com.IDBI30May22.tc.TC003_IDBIBasicDetails"/>
  <testcase name="basicDetails" time="124.509" classname="com.IDBI30May22.tc.TC003_IDBIBasicDetails"/>
  <testcase name="basicDetails" time="124.415" classname="com.IDBI30May22.tc.TC003_IDBIBasicDetails"/>
  <testcase name="basicDetails" time="124.028" classname="com.IDBI30May22.tc.TC003_IDBIBasicDetails"/>
  <testcase name="basicDetails" time="124.803" classname="com.IDBI30May22.tc.TC003_IDBIBasicDetails"/>
  <testcase name="basicDetails" time="128.543" classname="com.IDBI30May22.tc.TC003_IDBIBasicDetails"/>
  <testcase name="basicDetails" time="124.420" classname="com.IDBI30May22.tc.TC003_IDBIBasicDetails"/>
  <testcase name="basicDetails" time="124.566" classname="com.IDBI30May22.tc.TC003_IDBIBasicDetails"/>
  <testcase name="basicDetails" time="123.938" classname="com.IDBI30May22.tc.TC003_IDBIBasicDetails"/>
  <testcase name="basicDetails" time="124.266" classname="com.IDBI30May22.tc.TC003_IDBIBasicDetails"/>
  <testcase name="basicDetails" time="124.270" classname="com.IDBI30May22.tc.TC003_IDBIBasicDetails"/>
  <testcase name="basicDetails" time="124.035" classname="com.IDBI30May22.tc.TC003_IDBIBasicDetails"/>
  <testcase name="basicDetails" time="124.457" classname="com.IDBI30May22.tc.TC003_IDBIBasicDetails"/>
  <testcase name="basicDetails" time="122.919" classname="com.IDBI30May22.tc.TC003_IDBIBasicDetails"/>
  <testcase name="basicDetails" time="124.220" classname="com.IDBI30May22.tc.TC003_IDBIBasicDetails"/>
  <testcase name="basicDetails" time="123.820" classname="com.IDBI30May22.tc.TC003_IDBIBasicDetails"/>
  <testcase name="basicDetails" time="124.556" classname="com.IDBI30May22.tc.TC003_IDBIBasicDetails"/>
  <testcase name="basicDetails" time="124.273" classname="com.IDBI30May22.tc.TC003_IDBIBasicDetails"/>
  <testcase name="basicDetails" time="124.705" classname="com.IDBI30May22.tc.TC003_IDBIBasicDetails"/>
  <testcase name="basicDetails" time="124.704" classname="com.IDBI30May22.tc.TC003_IDBIBasicDetails"/>
  <testcase name="basicDetails" time="124.153" classname="com.IDBI30May22.tc.TC003_IDBIBasicDetails"/>
  <testcase name="basicDetails" time="124.450" classname="com.IDBI30May22.tc.TC003_IDBIBasicDetails"/>
  <testcase name="basicDetails" time="125.067" classname="com.IDBI30May22.tc.TC003_IDBIBasicDetails"/>
  <testcase name="basicDetails" time="124.272" classname="com.IDBI30May22.tc.TC003_IDBIBasicDetails"/>
  <testcase name="basicDetails" time="124.443" classname="com.IDBI30May22.tc.TC003_IDBIBasicDetails"/>
</testsuite> <!-- com.IDBI30May22.tc.TC003_IDBIBasicDetails -->
