<?xml version="1.0" encoding="UTF-8"?>
<!-- Generated by org.testng.reporters.JUnitReportReporter -->
<testsuite skipped="0" hostname="MAA014482B" name="com.IP_22Feb23.tc.TC003_IBBasicDetails" tests="13" failures="0" timestamp="2023-02-22T15:06:45 IST" time="2157.293" errors="0">
  <testcase name="basicDetails" time="158.427" classname="com.IP_22Feb23.tc.TC003_IBBasicDetails"/>
  <testcase name="basicDetails" time="155.435" classname="com.IP_22Feb23.tc.TC003_IBBasicDetails"/>
  <testcase name="basicDetails" time="158.817" classname="com.IP_22Feb23.tc.TC003_IBBasicDetails"/>
  <testcase name="basicDetails" time="156.275" classname="com.IP_22Feb23.tc.TC003_IBBasicDetails"/>
  <testcase name="basicDetails" time="157.337" classname="com.IP_22Feb23.tc.TC003_IBBasicDetails"/>
  <testcase name="basicDetails" time="185.557" classname="com.IP_22Feb23.tc.TC003_IBBasicDetails"/>
  <testcase name="basicDetails" time="185.348" classname="com.IP_22Feb23.tc.TC003_IBBasicDetails"/>
  <testcase name="basicDetails" time="156.379" classname="com.IP_22Feb23.tc.TC003_IBBasicDetails"/>
  <testcase name="basicDetails" time="183.449" classname="com.IP_22Feb23.tc.TC003_IBBasicDetails"/>
  <testcase name="basicDetails" time="185.523" classname="com.IP_22Feb23.tc.TC003_IBBasicDetails"/>
  <testcase name="basicDetails" time="157.487" classname="com.IP_22Feb23.tc.TC003_IBBasicDetails"/>
  <testcase name="basicDetails" time="158.756" classname="com.IP_22Feb23.tc.TC003_IBBasicDetails"/>
  <testcase name="basicDetails" time="158.503" classname="com.IP_22Feb23.tc.TC003_IBBasicDetails"/>
</testsuite> <!-- com.IP_22Feb23.tc.TC003_IBBasicDetails -->
