<?xml version="1.0" encoding="UTF-8"?>
<!-- Generated by org.testng.reporters.JUnitReportReporter -->
<testsuite skipped="0" hostname="MAA014482B" name="com.PNS.tc.TC002_PNBBasicDetails" tests="160" failures="0" timestamp="2023-06-15T00:12:04 IST" time="25304.961" errors="0">
  <testcase name="basicDetails" time="160.328" classname="com.PNS.tc.TC002_PNBBasicDetails"/>
  <testcase name="basicDetails" time="156.244" classname="com.PNS.tc.TC002_PNBBasicDetails"/>
  <testcase name="basicDetails" time="159.443" classname="com.PNS.tc.TC002_PNBBasicDetails"/>
  <testcase name="basicDetails" time="159.941" classname="com.PNS.tc.TC002_PNBBasicDetails"/>
  <testcase name="basicDetails" time="156.138" classname="com.PNS.tc.TC002_PNBBasicDetails"/>
  <testcase name="basicDetails" time="157.067" classname="com.PNS.tc.TC002_PNBBasicDetails"/>
  <testcase name="basicDetails" time="159.325" classname="com.PNS.tc.TC002_PNBBasicDetails"/>
  <testcase name="basicDetails" time="156.106" classname="com.PNS.tc.TC002_PNBBasicDetails"/>
  <testcase name="basicDetails" time="155.908" classname="com.PNS.tc.TC002_PNBBasicDetails"/>
  <testcase name="basicDetails" time="156.266" classname="com.PNS.tc.TC002_PNBBasicDetails"/>
  <testcase name="basicDetails" time="155.858" classname="com.PNS.tc.TC002_PNBBasicDetails"/>
  <testcase name="basicDetails" time="155.946" classname="com.PNS.tc.TC002_PNBBasicDetails"/>
  <testcase name="basicDetails" time="157.152" classname="com.PNS.tc.TC002_PNBBasicDetails"/>
  <testcase name="basicDetails" time="156.223" classname="com.PNS.tc.TC002_PNBBasicDetails"/>
  <testcase name="basicDetails" time="159.083" classname="com.PNS.tc.TC002_PNBBasicDetails"/>
  <testcase name="basicDetails" time="159.445" classname="com.PNS.tc.TC002_PNBBasicDetails"/>
  <testcase name="basicDetails" time="156.946" classname="com.PNS.tc.TC002_PNBBasicDetails"/>
  <testcase name="basicDetails" time="159.885" classname="com.PNS.tc.TC002_PNBBasicDetails"/>
  <testcase name="basicDetails" time="159.609" classname="com.PNS.tc.TC002_PNBBasicDetails"/>
  <testcase name="basicDetails" time="157.418" classname="com.PNS.tc.TC002_PNBBasicDetails"/>
  <testcase name="basicDetails" time="156.909" classname="com.PNS.tc.TC002_PNBBasicDetails"/>
  <testcase name="basicDetails" time="159.851" classname="com.PNS.tc.TC002_PNBBasicDetails"/>
  <testcase name="basicDetails" time="160.135" classname="com.PNS.tc.TC002_PNBBasicDetails"/>
  <testcase name="basicDetails" time="156.018" classname="com.PNS.tc.TC002_PNBBasicDetails"/>
  <testcase name="basicDetails" time="156.122" classname="com.PNS.tc.TC002_PNBBasicDetails"/>
  <testcase name="basicDetails" time="159.307" classname="com.PNS.tc.TC002_PNBBasicDetails"/>
  <testcase name="basicDetails" time="160.120" classname="com.PNS.tc.TC002_PNBBasicDetails"/>
  <testcase name="basicDetails" time="157.120" classname="com.PNS.tc.TC002_PNBBasicDetails"/>
  <testcase name="basicDetails" time="159.918" classname="com.PNS.tc.TC002_PNBBasicDetails"/>
  <testcase name="basicDetails" time="156.945" classname="com.PNS.tc.TC002_PNBBasicDetails"/>
  <testcase name="basicDetails" time="159.343" classname="com.PNS.tc.TC002_PNBBasicDetails"/>
  <testcase name="basicDetails" time="160.202" classname="com.PNS.tc.TC002_PNBBasicDetails"/>
  <testcase name="basicDetails" time="157.066" classname="com.PNS.tc.TC002_PNBBasicDetails"/>
  <testcase name="basicDetails" time="156.004" classname="com.PNS.tc.TC002_PNBBasicDetails"/>
  <testcase name="basicDetails" time="159.234" classname="com.PNS.tc.TC002_PNBBasicDetails"/>
  <testcase name="basicDetails" time="156.337" classname="com.PNS.tc.TC002_PNBBasicDetails"/>
  <testcase name="basicDetails" time="156.312" classname="com.PNS.tc.TC002_PNBBasicDetails"/>
  <testcase name="basicDetails" time="159.411" classname="com.PNS.tc.TC002_PNBBasicDetails"/>
  <testcase name="basicDetails" time="156.328" classname="com.PNS.tc.TC002_PNBBasicDetails"/>
  <testcase name="basicDetails" time="156.280" classname="com.PNS.tc.TC002_PNBBasicDetails"/>
  <testcase name="basicDetails" time="156.186" classname="com.PNS.tc.TC002_PNBBasicDetails"/>
  <testcase name="basicDetails" time="159.265" classname="com.PNS.tc.TC002_PNBBasicDetails"/>
  <testcase name="basicDetails" time="159.281" classname="com.PNS.tc.TC002_PNBBasicDetails"/>
  <testcase name="basicDetails" time="156.236" classname="com.PNS.tc.TC002_PNBBasicDetails"/>
  <testcase name="basicDetails" time="159.490" classname="com.PNS.tc.TC002_PNBBasicDetails"/>
  <testcase name="basicDetails" time="160.007" classname="com.PNS.tc.TC002_PNBBasicDetails"/>
  <testcase name="basicDetails" time="156.729" classname="com.PNS.tc.TC002_PNBBasicDetails"/>
  <testcase name="basicDetails" time="157.188" classname="com.PNS.tc.TC002_PNBBasicDetails"/>
  <testcase name="basicDetails" time="160.422" classname="com.PNS.tc.TC002_PNBBasicDetails"/>
  <testcase name="basicDetails" time="160.036" classname="com.PNS.tc.TC002_PNBBasicDetails"/>
  <testcase name="basicDetails" time="159.519" classname="com.PNS.tc.TC002_PNBBasicDetails"/>
  <testcase name="basicDetails" time="157.326" classname="com.PNS.tc.TC002_PNBBasicDetails"/>
  <testcase name="basicDetails" time="163.599" classname="com.PNS.tc.TC002_PNBBasicDetails"/>
  <testcase name="basicDetails" time="160.224" classname="com.PNS.tc.TC002_PNBBasicDetails"/>
  <testcase name="basicDetails" time="156.881" classname="com.PNS.tc.TC002_PNBBasicDetails"/>
  <testcase name="basicDetails" time="157.303" classname="com.PNS.tc.TC002_PNBBasicDetails"/>
  <testcase name="basicDetails" time="156.996" classname="com.PNS.tc.TC002_PNBBasicDetails"/>
  <testcase name="basicDetails" time="156.116" classname="com.PNS.tc.TC002_PNBBasicDetails"/>
  <testcase name="basicDetails" time="156.965" classname="com.PNS.tc.TC002_PNBBasicDetails"/>
  <testcase name="basicDetails" time="156.078" classname="com.PNS.tc.TC002_PNBBasicDetails"/>
  <testcase name="basicDetails" time="159.154" classname="com.PNS.tc.TC002_PNBBasicDetails"/>
  <testcase name="basicDetails" time="157.169" classname="com.PNS.tc.TC002_PNBBasicDetails"/>
  <testcase name="basicDetails" time="156.196" classname="com.PNS.tc.TC002_PNBBasicDetails"/>
  <testcase name="basicDetails" time="157.221" classname="com.PNS.tc.TC002_PNBBasicDetails"/>
  <testcase name="basicDetails" time="156.267" classname="com.PNS.tc.TC002_PNBBasicDetails"/>
  <testcase name="basicDetails" time="159.670" classname="com.PNS.tc.TC002_PNBBasicDetails"/>
  <testcase name="basicDetails" time="158.959" classname="com.PNS.tc.TC002_PNBBasicDetails"/>
  <testcase name="basicDetails" time="156.360" classname="com.PNS.tc.TC002_PNBBasicDetails"/>
  <testcase name="basicDetails" time="160.364" classname="com.PNS.tc.TC002_PNBBasicDetails"/>
  <testcase name="basicDetails" time="156.893" classname="com.PNS.tc.TC002_PNBBasicDetails"/>
  <testcase name="basicDetails" time="156.810" classname="com.PNS.tc.TC002_PNBBasicDetails"/>
  <testcase name="basicDetails" time="156.225" classname="com.PNS.tc.TC002_PNBBasicDetails"/>
  <testcase name="basicDetails" time="156.494" classname="com.PNS.tc.TC002_PNBBasicDetails"/>
  <testcase name="basicDetails" time="156.986" classname="com.PNS.tc.TC002_PNBBasicDetails"/>
  <testcase name="basicDetails" time="159.482" classname="com.PNS.tc.TC002_PNBBasicDetails"/>
  <testcase name="basicDetails" time="159.327" classname="com.PNS.tc.TC002_PNBBasicDetails"/>
  <testcase name="basicDetails" time="157.360" classname="com.PNS.tc.TC002_PNBBasicDetails"/>
  <testcase name="basicDetails" time="156.914" classname="com.PNS.tc.TC002_PNBBasicDetails"/>
  <testcase name="basicDetails" time="160.622" classname="com.PNS.tc.TC002_PNBBasicDetails"/>
  <testcase name="basicDetails" time="156.271" classname="com.PNS.tc.TC002_PNBBasicDetails"/>
  <testcase name="basicDetails" time="159.338" classname="com.PNS.tc.TC002_PNBBasicDetails"/>
  <testcase name="basicDetails" time="159.775" classname="com.PNS.tc.TC002_PNBBasicDetails"/>
  <testcase name="basicDetails" time="156.335" classname="com.PNS.tc.TC002_PNBBasicDetails"/>
  <testcase name="basicDetails" time="156.107" classname="com.PNS.tc.TC002_PNBBasicDetails"/>
  <testcase name="basicDetails" time="156.032" classname="com.PNS.tc.TC002_PNBBasicDetails"/>
  <testcase name="basicDetails" time="159.331" classname="com.PNS.tc.TC002_PNBBasicDetails"/>
  <testcase name="basicDetails" time="156.213" classname="com.PNS.tc.TC002_PNBBasicDetails"/>
  <testcase name="basicDetails" time="160.388" classname="com.PNS.tc.TC002_PNBBasicDetails"/>
  <testcase name="basicDetails" time="160.036" classname="com.PNS.tc.TC002_PNBBasicDetails"/>
  <testcase name="basicDetails" time="157.194" classname="com.PNS.tc.TC002_PNBBasicDetails"/>
  <testcase name="basicDetails" time="156.864" classname="com.PNS.tc.TC002_PNBBasicDetails"/>
  <testcase name="basicDetails" time="159.780" classname="com.PNS.tc.TC002_PNBBasicDetails"/>
  <testcase name="basicDetails" time="156.211" classname="com.PNS.tc.TC002_PNBBasicDetails"/>
  <testcase name="basicDetails" time="156.011" classname="com.PNS.tc.TC002_PNBBasicDetails"/>
  <testcase name="basicDetails" time="159.025" classname="com.PNS.tc.TC002_PNBBasicDetails"/>
  <testcase name="basicDetails" time="159.087" classname="com.PNS.tc.TC002_PNBBasicDetails"/>
  <testcase name="basicDetails" time="159.816" classname="com.PNS.tc.TC002_PNBBasicDetails"/>
  <testcase name="basicDetails" time="157.026" classname="com.PNS.tc.TC002_PNBBasicDetails"/>
  <testcase name="basicDetails" time="156.737" classname="com.PNS.tc.TC002_PNBBasicDetails"/>
  <testcase name="basicDetails" time="159.249" classname="com.PNS.tc.TC002_PNBBasicDetails"/>
  <testcase name="basicDetails" time="160.388" classname="com.PNS.tc.TC002_PNBBasicDetails"/>
  <testcase name="basicDetails" time="159.477" classname="com.PNS.tc.TC002_PNBBasicDetails"/>
  <testcase name="basicDetails" time="159.132" classname="com.PNS.tc.TC002_PNBBasicDetails"/>
  <testcase name="basicDetails" time="160.021" classname="com.PNS.tc.TC002_PNBBasicDetails"/>
  <testcase name="basicDetails" time="160.404" classname="com.PNS.tc.TC002_PNBBasicDetails"/>
  <testcase name="basicDetails" time="156.378" classname="com.PNS.tc.TC002_PNBBasicDetails"/>
  <testcase name="basicDetails" time="155.721" classname="com.PNS.tc.TC002_PNBBasicDetails"/>
  <testcase name="basicDetails" time="159.881" classname="com.PNS.tc.TC002_PNBBasicDetails"/>
  <testcase name="basicDetails" time="156.408" classname="com.PNS.tc.TC002_PNBBasicDetails"/>
  <testcase name="basicDetails" time="159.241" classname="com.PNS.tc.TC002_PNBBasicDetails"/>
  <testcase name="basicDetails" time="156.423" classname="com.PNS.tc.TC002_PNBBasicDetails"/>
  <testcase name="basicDetails" time="156.182" classname="com.PNS.tc.TC002_PNBBasicDetails"/>
  <testcase name="basicDetails" time="159.029" classname="com.PNS.tc.TC002_PNBBasicDetails"/>
  <testcase name="basicDetails" time="158.835" classname="com.PNS.tc.TC002_PNBBasicDetails"/>
  <testcase name="basicDetails" time="157.090" classname="com.PNS.tc.TC002_PNBBasicDetails"/>
  <testcase name="basicDetails" time="156.076" classname="com.PNS.tc.TC002_PNBBasicDetails"/>
  <testcase name="basicDetails" time="160.201" classname="com.PNS.tc.TC002_PNBBasicDetails"/>
  <testcase name="basicDetails" time="159.271" classname="com.PNS.tc.TC002_PNBBasicDetails"/>
  <testcase name="basicDetails" time="160.601" classname="com.PNS.tc.TC002_PNBBasicDetails"/>
  <testcase name="basicDetails" time="156.214" classname="com.PNS.tc.TC002_PNBBasicDetails"/>
  <testcase name="basicDetails" time="157.193" classname="com.PNS.tc.TC002_PNBBasicDetails"/>
  <testcase name="basicDetails" time="156.929" classname="com.PNS.tc.TC002_PNBBasicDetails"/>
  <testcase name="basicDetails" time="157.004" classname="com.PNS.tc.TC002_PNBBasicDetails"/>
  <testcase name="basicDetails" time="160.001" classname="com.PNS.tc.TC002_PNBBasicDetails"/>
  <testcase name="basicDetails" time="159.272" classname="com.PNS.tc.TC002_PNBBasicDetails"/>
  <testcase name="basicDetails" time="159.321" classname="com.PNS.tc.TC002_PNBBasicDetails"/>
  <testcase name="basicDetails" time="159.222" classname="com.PNS.tc.TC002_PNBBasicDetails"/>
  <testcase name="basicDetails" time="159.482" classname="com.PNS.tc.TC002_PNBBasicDetails"/>
  <testcase name="basicDetails" time="159.580" classname="com.PNS.tc.TC002_PNBBasicDetails"/>
  <testcase name="basicDetails" time="156.168" classname="com.PNS.tc.TC002_PNBBasicDetails"/>
  <testcase name="basicDetails" time="159.575" classname="com.PNS.tc.TC002_PNBBasicDetails"/>
  <testcase name="basicDetails" time="160.225" classname="com.PNS.tc.TC002_PNBBasicDetails"/>
  <testcase name="basicDetails" time="160.457" classname="com.PNS.tc.TC002_PNBBasicDetails"/>
  <testcase name="basicDetails" time="155.975" classname="com.PNS.tc.TC002_PNBBasicDetails"/>
  <testcase name="basicDetails" time="159.998" classname="com.PNS.tc.TC002_PNBBasicDetails"/>
  <testcase name="basicDetails" time="156.041" classname="com.PNS.tc.TC002_PNBBasicDetails"/>
  <testcase name="basicDetails" time="156.132" classname="com.PNS.tc.TC002_PNBBasicDetails"/>
  <testcase name="basicDetails" time="159.044" classname="com.PNS.tc.TC002_PNBBasicDetails"/>
  <testcase name="basicDetails" time="157.272" classname="com.PNS.tc.TC002_PNBBasicDetails"/>
  <testcase name="basicDetails" time="160.768" classname="com.PNS.tc.TC002_PNBBasicDetails"/>
  <testcase name="basicDetails" time="159.842" classname="com.PNS.tc.TC002_PNBBasicDetails"/>
  <testcase name="basicDetails" time="160.090" classname="com.PNS.tc.TC002_PNBBasicDetails"/>
  <testcase name="basicDetails" time="156.204" classname="com.PNS.tc.TC002_PNBBasicDetails"/>
  <testcase name="basicDetails" time="160.297" classname="com.PNS.tc.TC002_PNBBasicDetails"/>
  <testcase name="basicDetails" time="156.041" classname="com.PNS.tc.TC002_PNBBasicDetails"/>
  <testcase name="basicDetails" time="160.490" classname="com.PNS.tc.TC002_PNBBasicDetails"/>
  <testcase name="basicDetails" time="159.083" classname="com.PNS.tc.TC002_PNBBasicDetails"/>
  <testcase name="basicDetails" time="158.969" classname="com.PNS.tc.TC002_PNBBasicDetails"/>
  <testcase name="basicDetails" time="157.219" classname="com.PNS.tc.TC002_PNBBasicDetails"/>
  <testcase name="basicDetails" time="159.202" classname="com.PNS.tc.TC002_PNBBasicDetails"/>
  <testcase name="basicDetails" time="156.201" classname="com.PNS.tc.TC002_PNBBasicDetails"/>
  <testcase name="basicDetails" time="159.017" classname="com.PNS.tc.TC002_PNBBasicDetails"/>
  <testcase name="basicDetails" time="160.209" classname="com.PNS.tc.TC002_PNBBasicDetails"/>
  <testcase name="basicDetails" time="157.257" classname="com.PNS.tc.TC002_PNBBasicDetails"/>
  <testcase name="basicDetails" time="156.104" classname="com.PNS.tc.TC002_PNBBasicDetails"/>
  <testcase name="basicDetails" time="159.440" classname="com.PNS.tc.TC002_PNBBasicDetails"/>
  <testcase name="basicDetails" time="159.459" classname="com.PNS.tc.TC002_PNBBasicDetails"/>
  <testcase name="basicDetails" time="159.172" classname="com.PNS.tc.TC002_PNBBasicDetails"/>
  <testcase name="basicDetails" time="159.353" classname="com.PNS.tc.TC002_PNBBasicDetails"/>
  <testcase name="basicDetails" time="160.245" classname="com.PNS.tc.TC002_PNBBasicDetails"/>
</testsuite> <!-- com.PNS.tc.TC002_PNBBasicDetails -->
