<?xml version="1.0" encoding="UTF-8"?>
<!-- Generated by org.testng.reporters.JUnitReportReporter -->
<testsuite skipped="0" hostname="MAA014482B" name="com.BOM_25Nov22.tc.TC001_BOMBasicDetails" tests="41" failures="0" timestamp="2022-12-05T23:12:09 IST" time="6799.701" errors="0">
  <testcase name="basicDetails" time="167.058" classname="com.BOM_25Nov22.tc.TC001_BOMBasicDetails"/>
  <testcase name="basicDetails" time="164.393" classname="com.BOM_25Nov22.tc.TC001_BOMBasicDetails"/>
  <testcase name="basicDetails" time="163.960" classname="com.BOM_25Nov22.tc.TC001_BOMBasicDetails"/>
  <testcase name="basicDetails" time="167.698" classname="com.BOM_25Nov22.tc.TC001_BOMBasicDetails"/>
  <testcase name="basicDetails" time="166.515" classname="com.BOM_25Nov22.tc.TC001_BOMBasicDetails"/>
  <testcase name="basicDetails" time="167.767" classname="com.BOM_25Nov22.tc.TC001_BOMBasicDetails"/>
  <testcase name="basicDetails" time="167.671" classname="com.BOM_25Nov22.tc.TC001_BOMBasicDetails"/>
  <testcase name="basicDetails" time="166.987" classname="com.BOM_25Nov22.tc.TC001_BOMBasicDetails"/>
  <testcase name="basicDetails" time="166.330" classname="com.BOM_25Nov22.tc.TC001_BOMBasicDetails"/>
  <testcase name="basicDetails" time="163.432" classname="com.BOM_25Nov22.tc.TC001_BOMBasicDetails"/>
  <testcase name="basicDetails" time="168.066" classname="com.BOM_25Nov22.tc.TC001_BOMBasicDetails"/>
  <testcase name="basicDetails" time="163.731" classname="com.BOM_25Nov22.tc.TC001_BOMBasicDetails"/>
  <testcase name="basicDetails" time="164.116" classname="com.BOM_25Nov22.tc.TC001_BOMBasicDetails"/>
  <testcase name="basicDetails" time="168.057" classname="com.BOM_25Nov22.tc.TC001_BOMBasicDetails"/>
  <testcase name="basicDetails" time="167.336" classname="com.BOM_25Nov22.tc.TC001_BOMBasicDetails"/>
  <testcase name="basicDetails" time="168.013" classname="com.BOM_25Nov22.tc.TC001_BOMBasicDetails"/>
  <testcase name="basicDetails" time="163.698" classname="com.BOM_25Nov22.tc.TC001_BOMBasicDetails"/>
  <testcase name="basicDetails" time="165.458" classname="com.BOM_25Nov22.tc.TC001_BOMBasicDetails"/>
  <testcase name="basicDetails" time="164.493" classname="com.BOM_25Nov22.tc.TC001_BOMBasicDetails"/>
  <testcase name="basicDetails" time="162.123" classname="com.BOM_25Nov22.tc.TC001_BOMBasicDetails"/>
  <testcase name="basicDetails" time="167.353" classname="com.BOM_25Nov22.tc.TC001_BOMBasicDetails"/>
  <testcase name="basicDetails" time="163.931" classname="com.BOM_25Nov22.tc.TC001_BOMBasicDetails"/>
  <testcase name="basicDetails" time="164.728" classname="com.BOM_25Nov22.tc.TC001_BOMBasicDetails"/>
  <testcase name="basicDetails" time="167.447" classname="com.BOM_25Nov22.tc.TC001_BOMBasicDetails"/>
  <testcase name="basicDetails" time="163.672" classname="com.BOM_25Nov22.tc.TC001_BOMBasicDetails"/>
  <testcase name="basicDetails" time="167.226" classname="com.BOM_25Nov22.tc.TC001_BOMBasicDetails"/>
  <testcase name="basicDetails" time="168.155" classname="com.BOM_25Nov22.tc.TC001_BOMBasicDetails"/>
  <testcase name="basicDetails" time="164.722" classname="com.BOM_25Nov22.tc.TC001_BOMBasicDetails"/>
  <testcase name="basicDetails" time="167.273" classname="com.BOM_25Nov22.tc.TC001_BOMBasicDetails"/>
  <testcase name="basicDetails" time="165.287" classname="com.BOM_25Nov22.tc.TC001_BOMBasicDetails"/>
  <testcase name="basicDetails" time="164.305" classname="com.BOM_25Nov22.tc.TC001_BOMBasicDetails"/>
  <testcase name="basicDetails" time="163.743" classname="com.BOM_25Nov22.tc.TC001_BOMBasicDetails"/>
  <testcase name="basicDetails" time="163.904" classname="com.BOM_25Nov22.tc.TC001_BOMBasicDetails"/>
  <testcase name="basicDetails" time="167.588" classname="com.BOM_25Nov22.tc.TC001_BOMBasicDetails"/>
  <testcase name="basicDetails" time="164.991" classname="com.BOM_25Nov22.tc.TC001_BOMBasicDetails"/>
  <testcase name="basicDetails" time="167.210" classname="com.BOM_25Nov22.tc.TC001_BOMBasicDetails"/>
  <testcase name="basicDetails" time="167.236" classname="com.BOM_25Nov22.tc.TC001_BOMBasicDetails"/>
  <testcase name="basicDetails" time="163.894" classname="com.BOM_25Nov22.tc.TC001_BOMBasicDetails"/>
  <testcase name="basicDetails" time="165.198" classname="com.BOM_25Nov22.tc.TC001_BOMBasicDetails"/>
  <testcase name="basicDetails" time="166.939" classname="com.BOM_25Nov22.tc.TC001_BOMBasicDetails"/>
  <testcase name="basicDetails" time="167.997" classname="com.BOM_25Nov22.tc.TC001_BOMBasicDetails"/>
</testsuite> <!-- com.BOM_25Nov22.tc.TC001_BOMBasicDetails -->
