<?xml version="1.0" encoding="UTF-8"?>
<!-- Generated by org.testng.reporters.JUnitReportReporter -->
<testsuite hostname="MAA011253A" failures="0" tests="108" name="com.IGM_Mumbai.tc.TC004_IGMBasicDetails" time="12641.202" errors="2" timestamp="2022-01-17T16:49:18 IST" skipped="0">
  <testcase classname="com.IGM_Mumbai.tc.TC004_IGMBasicDetails" name="basicDetails" time="116.645"/>
  <testcase classname="com.IGM_Mumbai.tc.TC004_IGMBasicDetails" name="basicDetails" time="117.072"/>
  <testcase classname="com.IGM_Mumbai.tc.TC004_IGMBasicDetails" name="basicDetails" time="115.690"/>
  <testcase classname="com.IGM_Mumbai.tc.TC004_IGMBasicDetails" name="basicDetails" time="116.730"/>
  <testcase classname="com.IGM_Mumbai.tc.TC004_IGMBasicDetails" name="basicDetails" time="117.007"/>
  <testcase classname="com.IGM_Mumbai.tc.TC004_IGMBasicDetails" name="basicDetails" time="116.695"/>
  <testcase classname="com.IGM_Mumbai.tc.TC004_IGMBasicDetails" name="basicDetails" time="117.254"/>
  <testcase classname="com.IGM_Mumbai.tc.TC004_IGMBasicDetails" name="basicDetails" time="116.972"/>
  <testcase classname="com.IGM_Mumbai.tc.TC004_IGMBasicDetails" name="basicDetails" time="117.453"/>
  <testcase classname="com.IGM_Mumbai.tc.TC004_IGMBasicDetails" name="basicDetails" time="116.540"/>
  <testcase classname="com.IGM_Mumbai.tc.TC004_IGMBasicDetails" name="basicDetails" time="116.583"/>
  <testcase classname="com.IGM_Mumbai.tc.TC004_IGMBasicDetails" name="basicDetails" time="116.806"/>
  <testcase classname="com.IGM_Mumbai.tc.TC004_IGMBasicDetails" name="basicDetails" time="116.886"/>
  <testcase classname="com.IGM_Mumbai.tc.TC004_IGMBasicDetails" name="basicDetails" time="117.279"/>
  <testcase classname="com.IGM_Mumbai.tc.TC004_IGMBasicDetails" name="basicDetails" time="116.884"/>
  <testcase classname="com.IGM_Mumbai.tc.TC004_IGMBasicDetails" name="basicDetails" time="116.502"/>
  <testcase classname="com.IGM_Mumbai.tc.TC004_IGMBasicDetails" name="basicDetails" time="116.853"/>
  <testcase classname="com.IGM_Mumbai.tc.TC004_IGMBasicDetails" name="basicDetails" time="83.226">
    <error message="unexpected alert open: {Alert text : Date Of Birth should be between 16/12/1993 to 15/01/2004}
  (Session info: chrome=97.0.4692.71): Date Of Birth should be between 16/12/1993 to 15/01/2004
Build info: version: &#039;3.141.0&#039;, revision: &#039;2ecb7d9a&#039;, time: &#039;2018-10-31T20:09:30&#039;
System info: host: &#039;MAA011253A&#039;, ip: &#039;210.210.127.120&#039;, os.name: &#039;Windows 10&#039;, os.arch: &#039;amd64&#039;, os.version: &#039;10.0&#039;, java.version: &#039;9.0.1&#039;
Driver info: org.openqa.selenium.chrome.ChromeDriver
Capabilities {acceptInsecureCerts: false, browserName: chrome, browserVersion: 97.0.4692.71, chrome: {chromedriverVersion: 97.0.4692.71 (adefa7837d02a..., userDataDir: C:\Users\011253\AppData\Loc...}, goog:chromeOptions: {debuggerAddress: localhost:53158}, javascriptEnabled: true, networkConnectionEnabled: false, pageLoadStrategy: normal, platform: WINDOWS, platformName: WINDOWS, proxy: Proxy(), setWindowRect: true, strictFileInteractability: false, timeouts: {implicit: 0, pageLoad: 300000, script: 30000}, unhandledPromptBehavior: dismiss and notify, webauthn:extension:credBlob: true, webauthn:extension:largeBlob: true, webauthn:virtualAuthenticators: true}
Session ID: 61f60123df09227401b27ec406592bcb
*** Element info: {Using=xpath, value=.//*[starts-with(@id,&#039;err_seldob&#039;)]}" type="org.openqa.selenium.UnhandledAlertException">
      <![CDATA[org.openqa.selenium.UnhandledAlertException: unexpected alert open: {Alert text : Date Of Birth should be between 16/12/1993 to 15/01/2004}
  (Session info: chrome=97.0.4692.71): Date Of Birth should be between 16/12/1993 to 15/01/2004
Build info: version: '3.141.0', revision: '2ecb7d9a', time: '2018-10-31T20:09:30'
System info: host: 'MAA011253A', ip: '210.210.127.120', os.name: 'Windows 10', os.arch: 'amd64', os.version: '10.0', java.version: '9.0.1'
Driver info: org.openqa.selenium.chrome.ChromeDriver
Capabilities {acceptInsecureCerts: false, browserName: chrome, browserVersion: 97.0.4692.71, chrome: {chromedriverVersion: 97.0.4692.71 (adefa7837d02a..., userDataDir: C:\Users\011253\AppData\Loc...}, goog:chromeOptions: {debuggerAddress: localhost:53158}, javascriptEnabled: true, networkConnectionEnabled: false, pageLoadStrategy: normal, platform: WINDOWS, platformName: WINDOWS, proxy: Proxy(), setWindowRect: true, strictFileInteractability: false, timeouts: {implicit: 0, pageLoad: 300000, script: 30000}, unhandledPromptBehavior: dismiss and notify, webauthn:extension:credBlob: true, webauthn:extension:largeBlob: true, webauthn:virtualAuthenticators: true}
Session ID: 61f60123df09227401b27ec406592bcb
*** Element info: {Using=xpath, value=.//*[starts-with(@id,'err_seldob')]}
at org.openqa.selenium.remote.http.W3CHttpResponseCodec.decode(W3CHttpResponseCodec.java:120)
at org.openqa.selenium.remote.http.W3CHttpResponseCodec.decode(W3CHttpResponseCodec.java:49)
at org.openqa.selenium.remote.HttpCommandExecutor.execute(HttpCommandExecutor.java:158)
at org.openqa.selenium.remote.service.DriverCommandExecutor.execute(DriverCommandExecutor.java:83)
at org.openqa.selenium.remote.RemoteWebDriver.execute(RemoteWebDriver.java:552)
at org.openqa.selenium.remote.RemoteWebDriver.findElements(RemoteWebDriver.java:353)
at org.openqa.selenium.remote.RemoteWebDriver.findElementsByXPath(RemoteWebDriver.java:432)
at org.openqa.selenium.By$ByXPath.findElements(By.java:348)
at org.openqa.selenium.remote.RemoteWebDriver.findElements(RemoteWebDriver.java:311)
at lib.selenium.WebDriverServiceImpl.noagealert(WebDriverServiceImpl.java:761)
at lib.selenium.WebDriverServiceImpl.agevalidator_min(WebDriverServiceImpl.java:919)
at com.ibps.pages.PersonalDetailsPage.ageValidatorMin(PersonalDetailsPage.java:313)
at com.IGM_Mumbai.tc.TC004_IGMBasicDetails.basicDetails(TC004_IGMBasicDetails.java:62)
at java.base/jdk.internal.reflect.NativeMethodAccessorImpl.invoke0(Native Method)
at java.base/jdk.internal.reflect.NativeMethodAccessorImpl.invoke(Unknown Source)
at java.base/jdk.internal.reflect.DelegatingMethodAccessorImpl.invoke(Unknown Source)
at java.base/java.lang.reflect.Method.invoke(Unknown Source)
at org.testng.internal.MethodInvocationHelper.invokeMethod(MethodInvocationHelper.java:133)
at org.testng.internal.TestInvoker.invokeMethod(TestInvoker.java:584)
at org.testng.internal.TestInvoker.invokeTestMethod(TestInvoker.java:172)
at org.testng.internal.MethodRunner.runInSequence(MethodRunner.java:46)
at org.testng.internal.TestInvoker$MethodInvocationAgent.invoke(TestInvoker.java:804)
at org.testng.internal.TestInvoker.invokeTestMethods(TestInvoker.java:145)
at org.testng.internal.TestMethodWorker.invokeTestMethods(TestMethodWorker.java:146)
at org.testng.internal.TestMethodWorker.run(TestMethodWorker.java:128)
at java.base/java.util.concurrent.ThreadPoolExecutor.runWorker(Unknown Source)
at java.base/java.util.concurrent.ThreadPoolExecutor$Worker.run(Unknown Source)
at java.base/java.lang.Thread.run(Unknown Source)
]]>
    </error>
  </testcase> <!-- basicDetails -->
  <testcase classname="com.IGM_Mumbai.tc.TC004_IGMBasicDetails" name="basicDetails" time="117.078"/>
  <testcase classname="com.IGM_Mumbai.tc.TC004_IGMBasicDetails" name="basicDetails" time="117.156"/>
  <testcase classname="com.IGM_Mumbai.tc.TC004_IGMBasicDetails" name="basicDetails" time="144.577"/>
  <testcase classname="com.IGM_Mumbai.tc.TC004_IGMBasicDetails" name="basicDetails" time="116.878"/>
  <testcase classname="com.IGM_Mumbai.tc.TC004_IGMBasicDetails" name="basicDetails" time="117.379"/>
  <testcase classname="com.IGM_Mumbai.tc.TC004_IGMBasicDetails" name="basicDetails" time="116.500"/>
  <testcase classname="com.IGM_Mumbai.tc.TC004_IGMBasicDetails" name="basicDetails" time="117.087"/>
  <testcase classname="com.IGM_Mumbai.tc.TC004_IGMBasicDetails" name="basicDetails" time="116.692"/>
  <testcase classname="com.IGM_Mumbai.tc.TC004_IGMBasicDetails" name="basicDetails" time="116.448"/>
  <testcase classname="com.IGM_Mumbai.tc.TC004_IGMBasicDetails" name="basicDetails" time="117.386"/>
  <testcase classname="com.IGM_Mumbai.tc.TC004_IGMBasicDetails" name="basicDetails" time="116.785"/>
  <testcase classname="com.IGM_Mumbai.tc.TC004_IGMBasicDetails" name="basicDetails" time="117.555"/>
  <testcase classname="com.IGM_Mumbai.tc.TC004_IGMBasicDetails" name="basicDetails" time="117.586"/>
  <testcase classname="com.IGM_Mumbai.tc.TC004_IGMBasicDetails" name="basicDetails" time="116.795"/>
  <testcase classname="com.IGM_Mumbai.tc.TC004_IGMBasicDetails" name="basicDetails" time="117.115"/>
  <testcase classname="com.IGM_Mumbai.tc.TC004_IGMBasicDetails" name="basicDetails" time="117.300"/>
  <testcase classname="com.IGM_Mumbai.tc.TC004_IGMBasicDetails" name="basicDetails" time="117.190"/>
  <testcase classname="com.IGM_Mumbai.tc.TC004_IGMBasicDetails" name="basicDetails" time="116.805"/>
  <testcase classname="com.IGM_Mumbai.tc.TC004_IGMBasicDetails" name="basicDetails" time="116.672"/>
  <testcase classname="com.IGM_Mumbai.tc.TC004_IGMBasicDetails" name="basicDetails" time="116.772"/>
  <testcase classname="com.IGM_Mumbai.tc.TC004_IGMBasicDetails" name="basicDetails" time="117.171"/>
  <testcase classname="com.IGM_Mumbai.tc.TC004_IGMBasicDetails" name="basicDetails" time="116.903"/>
  <testcase classname="com.IGM_Mumbai.tc.TC004_IGMBasicDetails" name="basicDetails" time="117.026"/>
  <testcase classname="com.IGM_Mumbai.tc.TC004_IGMBasicDetails" name="basicDetails" time="117.003"/>
  <testcase classname="com.IGM_Mumbai.tc.TC004_IGMBasicDetails" name="basicDetails" time="116.461"/>
  <testcase classname="com.IGM_Mumbai.tc.TC004_IGMBasicDetails" name="basicDetails" time="116.792"/>
  <testcase classname="com.IGM_Mumbai.tc.TC004_IGMBasicDetails" name="basicDetails" time="117.261"/>
  <testcase classname="com.IGM_Mumbai.tc.TC004_IGMBasicDetails" name="basicDetails" time="116.785"/>
  <testcase classname="com.IGM_Mumbai.tc.TC004_IGMBasicDetails" name="basicDetails" time="116.785"/>
  <testcase classname="com.IGM_Mumbai.tc.TC004_IGMBasicDetails" name="basicDetails" time="117.188"/>
  <testcase classname="com.IGM_Mumbai.tc.TC004_IGMBasicDetails" name="basicDetails" time="116.524"/>
  <testcase classname="com.IGM_Mumbai.tc.TC004_IGMBasicDetails" name="basicDetails" time="117.098"/>
  <testcase classname="com.IGM_Mumbai.tc.TC004_IGMBasicDetails" name="basicDetails" time="116.614"/>
  <testcase classname="com.IGM_Mumbai.tc.TC004_IGMBasicDetails" name="basicDetails" time="116.918"/>
  <testcase classname="com.IGM_Mumbai.tc.TC004_IGMBasicDetails" name="basicDetails" time="116.413"/>
  <testcase classname="com.IGM_Mumbai.tc.TC004_IGMBasicDetails" name="basicDetails" time="116.975"/>
  <testcase classname="com.IGM_Mumbai.tc.TC004_IGMBasicDetails" name="basicDetails" time="116.585"/>
  <testcase classname="com.IGM_Mumbai.tc.TC004_IGMBasicDetails" name="basicDetails" time="116.405"/>
  <testcase classname="com.IGM_Mumbai.tc.TC004_IGMBasicDetails" name="basicDetails" time="116.541"/>
  <testcase classname="com.IGM_Mumbai.tc.TC004_IGMBasicDetails" name="basicDetails" time="116.676"/>
  <testcase classname="com.IGM_Mumbai.tc.TC004_IGMBasicDetails" name="basicDetails" time="116.879"/>
  <testcase classname="com.IGM_Mumbai.tc.TC004_IGMBasicDetails" name="basicDetails" time="117.101"/>
  <testcase classname="com.IGM_Mumbai.tc.TC004_IGMBasicDetails" name="basicDetails" time="116.928"/>
  <testcase classname="com.IGM_Mumbai.tc.TC004_IGMBasicDetails" name="basicDetails" time="116.748"/>
  <testcase classname="com.IGM_Mumbai.tc.TC004_IGMBasicDetails" name="basicDetails" time="118.382"/>
  <testcase classname="com.IGM_Mumbai.tc.TC004_IGMBasicDetails" name="basicDetails" time="116.638"/>
  <testcase classname="com.IGM_Mumbai.tc.TC004_IGMBasicDetails" name="basicDetails" time="144.454"/>
  <testcase classname="com.IGM_Mumbai.tc.TC004_IGMBasicDetails" name="basicDetails" time="116.648"/>
  <testcase classname="com.IGM_Mumbai.tc.TC004_IGMBasicDetails" name="basicDetails" time="144.697"/>
  <testcase classname="com.IGM_Mumbai.tc.TC004_IGMBasicDetails" name="basicDetails" time="116.709"/>
  <testcase classname="com.IGM_Mumbai.tc.TC004_IGMBasicDetails" name="basicDetails" time="81.732">
    <error message="unexpected alert open: {Alert text : Date Of Birth should be between 16/01/1965 to 15/01/2004}
  (Session info: chrome=97.0.4692.71): Date Of Birth should be between 16/01/1965 to 15/01/2004
Build info: version: &#039;3.141.0&#039;, revision: &#039;2ecb7d9a&#039;, time: &#039;2018-10-31T20:09:30&#039;
System info: host: &#039;MAA011253A&#039;, ip: &#039;210.210.127.120&#039;, os.name: &#039;Windows 10&#039;, os.arch: &#039;amd64&#039;, os.version: &#039;10.0&#039;, java.version: &#039;9.0.1&#039;
Driver info: org.openqa.selenium.chrome.ChromeDriver
Capabilities {acceptInsecureCerts: false, browserName: chrome, browserVersion: 97.0.4692.71, chrome: {chromedriverVersion: 97.0.4692.71 (adefa7837d02a..., userDataDir: C:\Users\011253\AppData\Loc...}, goog:chromeOptions: {debuggerAddress: localhost:53158}, javascriptEnabled: true, networkConnectionEnabled: false, pageLoadStrategy: normal, platform: WINDOWS, platformName: WINDOWS, proxy: Proxy(), setWindowRect: true, strictFileInteractability: false, timeouts: {implicit: 0, pageLoad: 300000, script: 30000}, unhandledPromptBehavior: dismiss and notify, webauthn:extension:credBlob: true, webauthn:extension:largeBlob: true, webauthn:virtualAuthenticators: true}
Session ID: 61f60123df09227401b27ec406592bcb
*** Element info: {Using=xpath, value=.//*[starts-with(@id,&#039;err_seldob&#039;)]}" type="org.openqa.selenium.UnhandledAlertException">
      <![CDATA[org.openqa.selenium.UnhandledAlertException: unexpected alert open: {Alert text : Date Of Birth should be between 16/01/1965 to 15/01/2004}
  (Session info: chrome=97.0.4692.71): Date Of Birth should be between 16/01/1965 to 15/01/2004
Build info: version: '3.141.0', revision: '2ecb7d9a', time: '2018-10-31T20:09:30'
System info: host: 'MAA011253A', ip: '210.210.127.120', os.name: 'Windows 10', os.arch: 'amd64', os.version: '10.0', java.version: '9.0.1'
Driver info: org.openqa.selenium.chrome.ChromeDriver
Capabilities {acceptInsecureCerts: false, browserName: chrome, browserVersion: 97.0.4692.71, chrome: {chromedriverVersion: 97.0.4692.71 (adefa7837d02a..., userDataDir: C:\Users\011253\AppData\Loc...}, goog:chromeOptions: {debuggerAddress: localhost:53158}, javascriptEnabled: true, networkConnectionEnabled: false, pageLoadStrategy: normal, platform: WINDOWS, platformName: WINDOWS, proxy: Proxy(), setWindowRect: true, strictFileInteractability: false, timeouts: {implicit: 0, pageLoad: 300000, script: 30000}, unhandledPromptBehavior: dismiss and notify, webauthn:extension:credBlob: true, webauthn:extension:largeBlob: true, webauthn:virtualAuthenticators: true}
Session ID: 61f60123df09227401b27ec406592bcb
*** Element info: {Using=xpath, value=.//*[starts-with(@id,'err_seldob')]}
at org.openqa.selenium.remote.http.W3CHttpResponseCodec.decode(W3CHttpResponseCodec.java:120)
at org.openqa.selenium.remote.http.W3CHttpResponseCodec.decode(W3CHttpResponseCodec.java:49)
at org.openqa.selenium.remote.HttpCommandExecutor.execute(HttpCommandExecutor.java:158)
at org.openqa.selenium.remote.service.DriverCommandExecutor.execute(DriverCommandExecutor.java:83)
at org.openqa.selenium.remote.RemoteWebDriver.execute(RemoteWebDriver.java:552)
at org.openqa.selenium.remote.RemoteWebDriver.findElements(RemoteWebDriver.java:353)
at org.openqa.selenium.remote.RemoteWebDriver.findElementsByXPath(RemoteWebDriver.java:432)
at org.openqa.selenium.By$ByXPath.findElements(By.java:348)
at org.openqa.selenium.remote.RemoteWebDriver.findElements(RemoteWebDriver.java:311)
at lib.selenium.WebDriverServiceImpl.noagealert(WebDriverServiceImpl.java:761)
at lib.selenium.WebDriverServiceImpl.agevalidator_min(WebDriverServiceImpl.java:919)
at com.ibps.pages.PersonalDetailsPage.ageValidatorMin(PersonalDetailsPage.java:313)
at com.IGM_Mumbai.tc.TC004_IGMBasicDetails.basicDetails(TC004_IGMBasicDetails.java:62)
at jdk.internal.reflect.GeneratedMethodAccessor5.invoke(Unknown Source)
at java.base/jdk.internal.reflect.DelegatingMethodAccessorImpl.invoke(Unknown Source)
at java.base/java.lang.reflect.Method.invoke(Unknown Source)
at org.testng.internal.MethodInvocationHelper.invokeMethod(MethodInvocationHelper.java:133)
at org.testng.internal.TestInvoker.invokeMethod(TestInvoker.java:584)
at org.testng.internal.TestInvoker.invokeTestMethod(TestInvoker.java:172)
at org.testng.internal.MethodRunner.runInSequence(MethodRunner.java:46)
at org.testng.internal.TestInvoker$MethodInvocationAgent.invoke(TestInvoker.java:804)
at org.testng.internal.TestInvoker.invokeTestMethods(TestInvoker.java:145)
at org.testng.internal.TestMethodWorker.invokeTestMethods(TestMethodWorker.java:146)
at org.testng.internal.TestMethodWorker.run(TestMethodWorker.java:128)
at java.base/java.util.concurrent.ThreadPoolExecutor.runWorker(Unknown Source)
at java.base/java.util.concurrent.ThreadPoolExecutor$Worker.run(Unknown Source)
at java.base/java.lang.Thread.run(Unknown Source)
]]>
    </error>
  </testcase> <!-- basicDetails -->
  <testcase classname="com.IGM_Mumbai.tc.TC004_IGMBasicDetails" name="basicDetails" time="117.066"/>
  <testcase classname="com.IGM_Mumbai.tc.TC004_IGMBasicDetails" name="basicDetails" time="117.039"/>
  <testcase classname="com.IGM_Mumbai.tc.TC004_IGMBasicDetails" name="basicDetails" time="116.896"/>
  <testcase classname="com.IGM_Mumbai.tc.TC004_IGMBasicDetails" name="basicDetails" time="117.223"/>
  <testcase classname="com.IGM_Mumbai.tc.TC004_IGMBasicDetails" name="basicDetails" time="117.057"/>
  <testcase classname="com.IGM_Mumbai.tc.TC004_IGMBasicDetails" name="basicDetails" time="116.793"/>
  <testcase classname="com.IGM_Mumbai.tc.TC004_IGMBasicDetails" name="basicDetails" time="116.562"/>
  <testcase classname="com.IGM_Mumbai.tc.TC004_IGMBasicDetails" name="basicDetails" time="116.544"/>
  <testcase classname="com.IGM_Mumbai.tc.TC004_IGMBasicDetails" name="basicDetails" time="116.896"/>
  <testcase classname="com.IGM_Mumbai.tc.TC004_IGMBasicDetails" name="basicDetails" time="117.409"/>
  <testcase classname="com.IGM_Mumbai.tc.TC004_IGMBasicDetails" name="basicDetails" time="116.565"/>
  <testcase classname="com.IGM_Mumbai.tc.TC004_IGMBasicDetails" name="basicDetails" time="116.909"/>
  <testcase classname="com.IGM_Mumbai.tc.TC004_IGMBasicDetails" name="basicDetails" time="117.432"/>
  <testcase classname="com.IGM_Mumbai.tc.TC004_IGMBasicDetails" name="basicDetails" time="116.626"/>
  <testcase classname="com.IGM_Mumbai.tc.TC004_IGMBasicDetails" name="basicDetails" time="116.797"/>
  <testcase classname="com.IGM_Mumbai.tc.TC004_IGMBasicDetails" name="basicDetails" time="116.596"/>
  <testcase classname="com.IGM_Mumbai.tc.TC004_IGMBasicDetails" name="basicDetails" time="117.335"/>
  <testcase classname="com.IGM_Mumbai.tc.TC004_IGMBasicDetails" name="basicDetails" time="117.102"/>
  <testcase classname="com.IGM_Mumbai.tc.TC004_IGMBasicDetails" name="basicDetails" time="116.984"/>
  <testcase classname="com.IGM_Mumbai.tc.TC004_IGMBasicDetails" name="basicDetails" time="116.979"/>
  <testcase classname="com.IGM_Mumbai.tc.TC004_IGMBasicDetails" name="basicDetails" time="117.176"/>
  <testcase classname="com.IGM_Mumbai.tc.TC004_IGMBasicDetails" name="basicDetails" time="117.501"/>
  <testcase classname="com.IGM_Mumbai.tc.TC004_IGMBasicDetails" name="basicDetails" time="116.926"/>
  <testcase classname="com.IGM_Mumbai.tc.TC004_IGMBasicDetails" name="basicDetails" time="117.040"/>
  <testcase classname="com.IGM_Mumbai.tc.TC004_IGMBasicDetails" name="basicDetails" time="116.599"/>
  <testcase classname="com.IGM_Mumbai.tc.TC004_IGMBasicDetails" name="basicDetails" time="117.510"/>
  <testcase classname="com.IGM_Mumbai.tc.TC004_IGMBasicDetails" name="basicDetails" time="116.926"/>
  <testcase classname="com.IGM_Mumbai.tc.TC004_IGMBasicDetails" name="basicDetails" time="116.477"/>
  <testcase classname="com.IGM_Mumbai.tc.TC004_IGMBasicDetails" name="basicDetails" time="117.075"/>
  <testcase classname="com.IGM_Mumbai.tc.TC004_IGMBasicDetails" name="basicDetails" time="116.642"/>
  <testcase classname="com.IGM_Mumbai.tc.TC004_IGMBasicDetails" name="basicDetails" time="116.676"/>
  <testcase classname="com.IGM_Mumbai.tc.TC004_IGMBasicDetails" name="basicDetails" time="116.996"/>
  <testcase classname="com.IGM_Mumbai.tc.TC004_IGMBasicDetails" name="basicDetails" time="117.277"/>
  <testcase classname="com.IGM_Mumbai.tc.TC004_IGMBasicDetails" name="basicDetails" time="116.874"/>
  <testcase classname="com.IGM_Mumbai.tc.TC004_IGMBasicDetails" name="basicDetails" time="117.035"/>
  <testcase classname="com.IGM_Mumbai.tc.TC004_IGMBasicDetails" name="basicDetails" time="116.790"/>
  <testcase classname="com.IGM_Mumbai.tc.TC004_IGMBasicDetails" name="basicDetails" time="116.936"/>
  <testcase classname="com.IGM_Mumbai.tc.TC004_IGMBasicDetails" name="basicDetails" time="117.079"/>
  <testcase classname="com.IGM_Mumbai.tc.TC004_IGMBasicDetails" name="basicDetails" time="116.984"/>
</testsuite> <!-- com.IGM_Mumbai.tc.TC004_IGMBasicDetails -->
