<?xml version="1.0" encoding="UTF-8"?>
<!-- Generated by org.testng.reporters.JUnitReportReporter -->
<testsuite skipped="0" hostname="MAA014482B" name="com.CIDCO_June23.tc.TC005_CIDCOBasicDetails" tests="84" failures="0" timestamp="2023-06-19T02:38:00 IST" time="13818.443" errors="0">
  <testcase name="basicDetails" time="169.543" classname="com.CIDCO_June23.tc.TC005_CIDCOBasicDetails"/>
  <testcase name="basicDetails" time="158.475" classname="com.CIDCO_June23.tc.TC005_CIDCOBasicDetails"/>
  <testcase name="basicDetails" time="169.814" classname="com.CIDCO_June23.tc.TC005_CIDCOBasicDetails"/>
  <testcase name="basicDetails" time="169.609" classname="com.CIDCO_June23.tc.TC005_CIDCOBasicDetails"/>
  <testcase name="basicDetails" time="169.305" classname="com.CIDCO_June23.tc.TC005_CIDCOBasicDetails"/>
  <testcase name="basicDetails" time="169.653" classname="com.CIDCO_June23.tc.TC005_CIDCOBasicDetails"/>
  <testcase name="basicDetails" time="158.170" classname="com.CIDCO_June23.tc.TC005_CIDCOBasicDetails"/>
  <testcase name="basicDetails" time="169.634" classname="com.CIDCO_June23.tc.TC005_CIDCOBasicDetails"/>
  <testcase name="basicDetails" time="158.498" classname="com.CIDCO_June23.tc.TC005_CIDCOBasicDetails"/>
  <testcase name="basicDetails" time="158.543" classname="com.CIDCO_June23.tc.TC005_CIDCOBasicDetails"/>
  <testcase name="basicDetails" time="169.416" classname="com.CIDCO_June23.tc.TC005_CIDCOBasicDetails"/>
  <testcase name="basicDetails" time="158.371" classname="com.CIDCO_June23.tc.TC005_CIDCOBasicDetails"/>
  <testcase name="basicDetails" time="158.581" classname="com.CIDCO_June23.tc.TC005_CIDCOBasicDetails"/>
  <testcase name="basicDetails" time="158.787" classname="com.CIDCO_June23.tc.TC005_CIDCOBasicDetails"/>
  <testcase name="basicDetails" time="169.647" classname="com.CIDCO_June23.tc.TC005_CIDCOBasicDetails"/>
  <testcase name="basicDetails" time="169.745" classname="com.CIDCO_June23.tc.TC005_CIDCOBasicDetails"/>
  <testcase name="basicDetails" time="158.841" classname="com.CIDCO_June23.tc.TC005_CIDCOBasicDetails"/>
  <testcase name="basicDetails" time="169.703" classname="com.CIDCO_June23.tc.TC005_CIDCOBasicDetails"/>
  <testcase name="basicDetails" time="158.323" classname="com.CIDCO_June23.tc.TC005_CIDCOBasicDetails"/>
  <testcase name="basicDetails" time="157.884" classname="com.CIDCO_June23.tc.TC005_CIDCOBasicDetails"/>
  <testcase name="basicDetails" time="169.890" classname="com.CIDCO_June23.tc.TC005_CIDCOBasicDetails"/>
  <testcase name="basicDetails" time="169.677" classname="com.CIDCO_June23.tc.TC005_CIDCOBasicDetails"/>
  <testcase name="basicDetails" time="158.516" classname="com.CIDCO_June23.tc.TC005_CIDCOBasicDetails"/>
  <testcase name="basicDetails" time="158.418" classname="com.CIDCO_June23.tc.TC005_CIDCOBasicDetails"/>
  <testcase name="basicDetails" time="158.402" classname="com.CIDCO_June23.tc.TC005_CIDCOBasicDetails"/>
  <testcase name="basicDetails" time="169.826" classname="com.CIDCO_June23.tc.TC005_CIDCOBasicDetails"/>
  <testcase name="basicDetails" time="158.289" classname="com.CIDCO_June23.tc.TC005_CIDCOBasicDetails"/>
  <testcase name="basicDetails" time="169.496" classname="com.CIDCO_June23.tc.TC005_CIDCOBasicDetails"/>
  <testcase name="basicDetails" time="158.576" classname="com.CIDCO_June23.tc.TC005_CIDCOBasicDetails"/>
  <testcase name="basicDetails" time="169.765" classname="com.CIDCO_June23.tc.TC005_CIDCOBasicDetails"/>
  <testcase name="basicDetails" time="158.245" classname="com.CIDCO_June23.tc.TC005_CIDCOBasicDetails"/>
  <testcase name="basicDetails" time="169.899" classname="com.CIDCO_June23.tc.TC005_CIDCOBasicDetails"/>
  <testcase name="basicDetails" time="169.674" classname="com.CIDCO_June23.tc.TC005_CIDCOBasicDetails"/>
  <testcase name="basicDetails" time="158.299" classname="com.CIDCO_June23.tc.TC005_CIDCOBasicDetails"/>
  <testcase name="basicDetails" time="158.616" classname="com.CIDCO_June23.tc.TC005_CIDCOBasicDetails"/>
  <testcase name="basicDetails" time="158.713" classname="com.CIDCO_June23.tc.TC005_CIDCOBasicDetails"/>
  <testcase name="basicDetails" time="169.413" classname="com.CIDCO_June23.tc.TC005_CIDCOBasicDetails"/>
  <testcase name="basicDetails" time="169.674" classname="com.CIDCO_June23.tc.TC005_CIDCOBasicDetails"/>
  <testcase name="basicDetails" time="158.820" classname="com.CIDCO_June23.tc.TC005_CIDCOBasicDetails"/>
  <testcase name="basicDetails" time="158.781" classname="com.CIDCO_June23.tc.TC005_CIDCOBasicDetails"/>
  <testcase name="basicDetails" time="158.332" classname="com.CIDCO_June23.tc.TC005_CIDCOBasicDetails"/>
  <testcase name="basicDetails" time="169.784" classname="com.CIDCO_June23.tc.TC005_CIDCOBasicDetails"/>
  <testcase name="basicDetails" time="158.546" classname="com.CIDCO_June23.tc.TC005_CIDCOBasicDetails"/>
  <testcase name="basicDetails" time="169.894" classname="com.CIDCO_June23.tc.TC005_CIDCOBasicDetails"/>
  <testcase name="basicDetails" time="158.576" classname="com.CIDCO_June23.tc.TC005_CIDCOBasicDetails"/>
  <testcase name="basicDetails" time="169.812" classname="com.CIDCO_June23.tc.TC005_CIDCOBasicDetails"/>
  <testcase name="basicDetails" time="158.236" classname="com.CIDCO_June23.tc.TC005_CIDCOBasicDetails"/>
  <testcase name="basicDetails" time="170.240" classname="com.CIDCO_June23.tc.TC005_CIDCOBasicDetails"/>
  <testcase name="basicDetails" time="170.183" classname="com.CIDCO_June23.tc.TC005_CIDCOBasicDetails"/>
  <testcase name="basicDetails" time="158.285" classname="com.CIDCO_June23.tc.TC005_CIDCOBasicDetails"/>
  <testcase name="basicDetails" time="158.547" classname="com.CIDCO_June23.tc.TC005_CIDCOBasicDetails"/>
  <testcase name="basicDetails" time="169.846" classname="com.CIDCO_June23.tc.TC005_CIDCOBasicDetails"/>
  <testcase name="basicDetails" time="158.747" classname="com.CIDCO_June23.tc.TC005_CIDCOBasicDetails"/>
  <testcase name="basicDetails" time="158.236" classname="com.CIDCO_June23.tc.TC005_CIDCOBasicDetails"/>
  <testcase name="basicDetails" time="170.208" classname="com.CIDCO_June23.tc.TC005_CIDCOBasicDetails"/>
  <testcase name="basicDetails" time="169.647" classname="com.CIDCO_June23.tc.TC005_CIDCOBasicDetails"/>
  <testcase name="basicDetails" time="169.526" classname="com.CIDCO_June23.tc.TC005_CIDCOBasicDetails"/>
  <testcase name="basicDetails" time="158.663" classname="com.CIDCO_June23.tc.TC005_CIDCOBasicDetails"/>
  <testcase name="basicDetails" time="169.766" classname="com.CIDCO_June23.tc.TC005_CIDCOBasicDetails"/>
  <testcase name="basicDetails" time="169.727" classname="com.CIDCO_June23.tc.TC005_CIDCOBasicDetails"/>
  <testcase name="basicDetails" time="169.609" classname="com.CIDCO_June23.tc.TC005_CIDCOBasicDetails"/>
  <testcase name="basicDetails" time="158.355" classname="com.CIDCO_June23.tc.TC005_CIDCOBasicDetails"/>
  <testcase name="basicDetails" time="158.094" classname="com.CIDCO_June23.tc.TC005_CIDCOBasicDetails"/>
  <testcase name="basicDetails" time="158.719" classname="com.CIDCO_June23.tc.TC005_CIDCOBasicDetails"/>
  <testcase name="basicDetails" time="169.977" classname="com.CIDCO_June23.tc.TC005_CIDCOBasicDetails"/>
  <testcase name="basicDetails" time="158.149" classname="com.CIDCO_June23.tc.TC005_CIDCOBasicDetails"/>
  <testcase name="basicDetails" time="169.573" classname="com.CIDCO_June23.tc.TC005_CIDCOBasicDetails"/>
  <testcase name="basicDetails" time="169.831" classname="com.CIDCO_June23.tc.TC005_CIDCOBasicDetails"/>
  <testcase name="basicDetails" time="158.631" classname="com.CIDCO_June23.tc.TC005_CIDCOBasicDetails"/>
  <testcase name="basicDetails" time="158.285" classname="com.CIDCO_June23.tc.TC005_CIDCOBasicDetails"/>
  <testcase name="basicDetails" time="169.314" classname="com.CIDCO_June23.tc.TC005_CIDCOBasicDetails"/>
  <testcase name="basicDetails" time="170.318" classname="com.CIDCO_June23.tc.TC005_CIDCOBasicDetails"/>
  <testcase name="basicDetails" time="158.471" classname="com.CIDCO_June23.tc.TC005_CIDCOBasicDetails"/>
  <testcase name="basicDetails" time="169.460" classname="com.CIDCO_June23.tc.TC005_CIDCOBasicDetails"/>
  <testcase name="basicDetails" time="169.946" classname="com.CIDCO_June23.tc.TC005_CIDCOBasicDetails"/>
  <testcase name="basicDetails" time="169.737" classname="com.CIDCO_June23.tc.TC005_CIDCOBasicDetails"/>
  <testcase name="basicDetails" time="169.595" classname="com.CIDCO_June23.tc.TC005_CIDCOBasicDetails"/>
  <testcase name="basicDetails" time="169.974" classname="com.CIDCO_June23.tc.TC005_CIDCOBasicDetails"/>
  <testcase name="basicDetails" time="158.694" classname="com.CIDCO_June23.tc.TC005_CIDCOBasicDetails"/>
  <testcase name="basicDetails" time="169.730" classname="com.CIDCO_June23.tc.TC005_CIDCOBasicDetails"/>
  <testcase name="basicDetails" time="158.702" classname="com.CIDCO_June23.tc.TC005_CIDCOBasicDetails"/>
  <testcase name="basicDetails" time="169.820" classname="com.CIDCO_June23.tc.TC005_CIDCOBasicDetails"/>
  <testcase name="basicDetails" time="169.626" classname="com.CIDCO_June23.tc.TC005_CIDCOBasicDetails"/>
  <testcase name="basicDetails" time="169.501" classname="com.CIDCO_June23.tc.TC005_CIDCOBasicDetails"/>
</testsuite> <!-- com.CIDCO_June23.tc.TC005_CIDCOBasicDetails -->
