<?xml version="1.0" encoding="UTF-8"?>
<!-- Generated by org.testng.reporters.JUnitReportReporter -->
<testsuite skipped="0" hostname="MAA014482B" name="com.NHB_03Jan23.TC005_NHBBasicDetails" tests="26" failures="0" timestamp="2023-01-10T18:23:02 IST" time="4279.129" errors="0">
  <testcase name="basicDetails" time="159.924" classname="com.NHB_03Jan23.TC005_NHBBasicDetails"/>
  <testcase name="basicDetails" time="160.158" classname="com.NHB_03Jan23.TC005_NHBBasicDetails"/>
  <testcase name="basicDetails" time="168.584" classname="com.NHB_03Jan23.TC005_NHBBasicDetails"/>
  <testcase name="basicDetails" time="161.846" classname="com.NHB_03Jan23.TC005_NHBBasicDetails"/>
  <testcase name="basicDetails" time="161.517" classname="com.NHB_03Jan23.TC005_NHBBasicDetails"/>
  <testcase name="basicDetails" time="161.798" classname="com.NHB_03Jan23.TC005_NHBBasicDetails"/>
  <testcase name="basicDetails" time="160.790" classname="com.NHB_03Jan23.TC005_NHBBasicDetails"/>
  <testcase name="basicDetails" time="163.314" classname="com.NHB_03Jan23.TC005_NHBBasicDetails"/>
  <testcase name="basicDetails" time="166.718" classname="com.NHB_03Jan23.TC005_NHBBasicDetails"/>
  <testcase name="basicDetails" time="168.310" classname="com.NHB_03Jan23.TC005_NHBBasicDetails"/>
  <testcase name="basicDetails" time="161.674" classname="com.NHB_03Jan23.TC005_NHBBasicDetails"/>
  <testcase name="basicDetails" time="167.819" classname="com.NHB_03Jan23.TC005_NHBBasicDetails"/>
  <testcase name="basicDetails" time="166.226" classname="com.NHB_03Jan23.TC005_NHBBasicDetails"/>
  <testcase name="basicDetails" time="168.610" classname="com.NHB_03Jan23.TC005_NHBBasicDetails"/>
  <testcase name="basicDetails" time="167.931" classname="com.NHB_03Jan23.TC005_NHBBasicDetails"/>
  <testcase name="basicDetails" time="168.417" classname="com.NHB_03Jan23.TC005_NHBBasicDetails"/>
  <testcase name="basicDetails" time="161.681" classname="com.NHB_03Jan23.TC005_NHBBasicDetails"/>
  <testcase name="basicDetails" time="160.383" classname="com.NHB_03Jan23.TC005_NHBBasicDetails"/>
  <testcase name="basicDetails" time="168.533" classname="com.NHB_03Jan23.TC005_NHBBasicDetails"/>
  <testcase name="basicDetails" time="166.069" classname="com.NHB_03Jan23.TC005_NHBBasicDetails"/>
  <testcase name="basicDetails" time="168.175" classname="com.NHB_03Jan23.TC005_NHBBasicDetails"/>
  <testcase name="basicDetails" time="161.608" classname="com.NHB_03Jan23.TC005_NHBBasicDetails"/>
  <testcase name="basicDetails" time="167.763" classname="com.NHB_03Jan23.TC005_NHBBasicDetails"/>
  <testcase name="basicDetails" time="161.512" classname="com.NHB_03Jan23.TC005_NHBBasicDetails"/>
  <testcase name="basicDetails" time="161.290" classname="com.NHB_03Jan23.TC005_NHBBasicDetails"/>
  <testcase name="basicDetails" time="168.479" classname="com.NHB_03Jan23.TC005_NHBBasicDetails"/>
</testsuite> <!-- com.NHB_03Jan23.TC005_NHBBasicDetails -->
