<?xml version="1.0" encoding="UTF-8"?>
<!-- Generated by org.testng.reporters.JUnitReportReporter -->
<testsuite hostname="MAA011253A" failures="0" tests="49" name="com.UCO.tc.TC001_UCOBasicDetails" time="6067.071" errors="1" timestamp="2020-10-15T14:29:43 IST" skipped="0">
  <testcase classname="com.UCO.tc.TC001_UCOBasicDetails" name="basicDetails" time="125.732"/>
  <testcase classname="com.UCO.tc.TC001_UCOBasicDetails" name="basicDetails" time="125.294"/>
  <testcase classname="com.UCO.tc.TC001_UCOBasicDetails" name="afterClass" time="1.133">
    <error type="java.lang.NullPointerException">
      <![CDATA[java.lang.NullPointerException
at lib.utils.HTMLReporter.reportStep(HTMLReporter.java:73)
at lib.selenium.WebDriverServiceImpl.closeAllBrowsers(WebDriverServiceImpl.java:495)
at lib.selenium.PreAndPost.afterClass(PreAndPost.java:71)
at java.base/jdk.internal.reflect.NativeMethodAccessorImpl.invoke0(Native Method)
at java.base/jdk.internal.reflect.NativeMethodAccessorImpl.invoke(Unknown Source)
at java.base/jdk.internal.reflect.DelegatingMethodAccessorImpl.invoke(Unknown Source)
at java.base/java.lang.reflect.Method.invoke(Unknown Source)
at org.testng.internal.MethodInvocationHelper.invokeMethod(MethodInvocationHelper.java:133)
at org.testng.internal.MethodInvocationHelper.invokeMethodConsideringTimeout(MethodInvocationHelper.java:62)
at org.testng.internal.ConfigInvoker.invokeConfigurationMethod(ConfigInvoker.java:340)
at org.testng.internal.ConfigInvoker.invokeConfigurations(ConfigInvoker.java:294)
at org.testng.internal.TestMethodWorker.invokeAfterClassMethods(TestMethodWorker.java:217)
at org.testng.internal.TestMethodWorker.run(TestMethodWorker.java:130)
at java.base/java.util.concurrent.ThreadPoolExecutor.runWorker(Unknown Source)
at java.base/java.util.concurrent.ThreadPoolExecutor$Worker.run(Unknown Source)
at java.base/java.lang.Thread.run(Unknown Source)
]]>
    </error>
  </testcase> <!-- afterClass -->
  <testcase classname="com.UCO.tc.TC001_UCOBasicDetails" name="basicDetails" time="126.090"/>
  <testcase classname="com.UCO.tc.TC001_UCOBasicDetails" name="basicDetails" time="125.414"/>
  <testcase classname="com.UCO.tc.TC001_UCOBasicDetails" name="basicDetails" time="126.020"/>
  <testcase classname="com.UCO.tc.TC001_UCOBasicDetails" name="basicDetails" time="127.643"/>
  <testcase classname="com.UCO.tc.TC001_UCOBasicDetails" name="basicDetails" time="126.598"/>
  <testcase classname="com.UCO.tc.TC001_UCOBasicDetails" name="basicDetails" time="125.715"/>
  <testcase classname="com.UCO.tc.TC001_UCOBasicDetails" name="basicDetails" time="125.815"/>
  <testcase classname="com.UCO.tc.TC001_UCOBasicDetails" name="basicDetails" time="127.617"/>
  <testcase classname="com.UCO.tc.TC001_UCOBasicDetails" name="basicDetails" time="125.834"/>
  <testcase classname="com.UCO.tc.TC001_UCOBasicDetails" name="basicDetails" time="125.604"/>
  <testcase classname="com.UCO.tc.TC001_UCOBasicDetails" name="basicDetails" time="125.931"/>
  <testcase classname="com.UCO.tc.TC001_UCOBasicDetails" name="basicDetails" time="129.377"/>
  <testcase classname="com.UCO.tc.TC001_UCOBasicDetails" name="basicDetails" time="128.461"/>
  <testcase classname="com.UCO.tc.TC001_UCOBasicDetails" name="basicDetails" time="126.070"/>
  <testcase classname="com.UCO.tc.TC001_UCOBasicDetails" name="basicDetails" time="125.659"/>
  <testcase classname="com.UCO.tc.TC001_UCOBasicDetails" name="basicDetails" time="126.504"/>
  <testcase classname="com.UCO.tc.TC001_UCOBasicDetails" name="basicDetails" time="126.125"/>
  <testcase classname="com.UCO.tc.TC001_UCOBasicDetails" name="basicDetails" time="125.248"/>
  <testcase classname="com.UCO.tc.TC001_UCOBasicDetails" name="basicDetails" time="126.091"/>
  <testcase classname="com.UCO.tc.TC001_UCOBasicDetails" name="basicDetails" time="125.970"/>
  <testcase classname="com.UCO.tc.TC001_UCOBasicDetails" name="basicDetails" time="125.573"/>
  <testcase classname="com.UCO.tc.TC001_UCOBasicDetails" name="basicDetails" time="125.701"/>
  <testcase classname="com.UCO.tc.TC001_UCOBasicDetails" name="basicDetails" time="132.220"/>
  <testcase classname="com.UCO.tc.TC001_UCOBasicDetails" name="basicDetails" time="127.566"/>
  <testcase classname="com.UCO.tc.TC001_UCOBasicDetails" name="basicDetails" time="125.384"/>
  <testcase classname="com.UCO.tc.TC001_UCOBasicDetails" name="basicDetails" time="125.634"/>
  <testcase classname="com.UCO.tc.TC001_UCOBasicDetails" name="basicDetails" time="125.281"/>
  <testcase classname="com.UCO.tc.TC001_UCOBasicDetails" name="basicDetails" time="126.013"/>
  <testcase classname="com.UCO.tc.TC001_UCOBasicDetails" name="basicDetails" time="126.046"/>
  <testcase classname="com.UCO.tc.TC001_UCOBasicDetails" name="basicDetails" time="126.601"/>
  <testcase classname="com.UCO.tc.TC001_UCOBasicDetails" name="basicDetails" time="126.190"/>
  <testcase classname="com.UCO.tc.TC001_UCOBasicDetails" name="basicDetails" time="127.899"/>
  <testcase classname="com.UCO.tc.TC001_UCOBasicDetails" name="basicDetails" time="127.843"/>
  <testcase classname="com.UCO.tc.TC001_UCOBasicDetails" name="basicDetails" time="126.142"/>
  <testcase classname="com.UCO.tc.TC001_UCOBasicDetails" name="basicDetails" time="127.638"/>
  <testcase classname="com.UCO.tc.TC001_UCOBasicDetails" name="basicDetails" time="125.617"/>
  <testcase classname="com.UCO.tc.TC001_UCOBasicDetails" name="basicDetails" time="125.823"/>
  <testcase classname="com.UCO.tc.TC001_UCOBasicDetails" name="basicDetails" time="125.359"/>
  <testcase classname="com.UCO.tc.TC001_UCOBasicDetails" name="basicDetails" time="126.053"/>
  <testcase classname="com.UCO.tc.TC001_UCOBasicDetails" name="basicDetails" time="125.877"/>
  <testcase classname="com.UCO.tc.TC001_UCOBasicDetails" name="basicDetails" time="125.768"/>
  <testcase classname="com.UCO.tc.TC001_UCOBasicDetails" name="basicDetails" time="125.630"/>
  <testcase classname="com.UCO.tc.TC001_UCOBasicDetails" name="basicDetails" time="125.567"/>
  <testcase classname="com.UCO.tc.TC001_UCOBasicDetails" name="basicDetails" time="125.646"/>
  <testcase classname="com.UCO.tc.TC001_UCOBasicDetails" name="basicDetails" time="126.144"/>
  <testcase classname="com.UCO.tc.TC001_UCOBasicDetails" name="basicDetails" time="127.911"/>
</testsuite> <!-- com.UCO.tc.TC001_UCOBasicDetails -->
