<?xml version="1.0" encoding="UTF-8"?>
<!-- Generated by org.testng.reporters.JUnitReportReporter -->
<testsuite skipped="0" hostname="MAA014482B" name="com.DRDO_17Oct.tc.TC002_DRDOBasicDetails" tests="50" failures="0" timestamp="2022-11-07T01:48:06 IST" time="8682.141" errors="0">
  <testcase name="basicDetails" time="182.149" classname="com.DRDO_17Oct.tc.TC002_DRDOBasicDetails"/>
  <testcase name="basicDetails" time="169.168" classname="com.DRDO_17Oct.tc.TC002_DRDOBasicDetails"/>
  <testcase name="basicDetails" time="168.841" classname="com.DRDO_17Oct.tc.TC002_DRDOBasicDetails"/>
  <testcase name="basicDetails" time="172.003" classname="com.DRDO_17Oct.tc.TC002_DRDOBasicDetails"/>
  <testcase name="basicDetails" time="168.726" classname="com.DRDO_17Oct.tc.TC002_DRDOBasicDetails"/>
  <testcase name="basicDetails" time="169.336" classname="com.DRDO_17Oct.tc.TC002_DRDOBasicDetails"/>
  <testcase name="basicDetails" time="172.824" classname="com.DRDO_17Oct.tc.TC002_DRDOBasicDetails"/>
  <testcase name="basicDetails" time="180.928" classname="com.DRDO_17Oct.tc.TC002_DRDOBasicDetails"/>
  <testcase name="basicDetails" time="170.889" classname="com.DRDO_17Oct.tc.TC002_DRDOBasicDetails"/>
  <testcase name="basicDetails" time="180.860" classname="com.DRDO_17Oct.tc.TC002_DRDOBasicDetails"/>
  <testcase name="basicDetails" time="170.816" classname="com.DRDO_17Oct.tc.TC002_DRDOBasicDetails"/>
  <testcase name="basicDetails" time="171.360" classname="com.DRDO_17Oct.tc.TC002_DRDOBasicDetails"/>
  <testcase name="basicDetails" time="169.898" classname="com.DRDO_17Oct.tc.TC002_DRDOBasicDetails"/>
  <testcase name="basicDetails" time="168.878" classname="com.DRDO_17Oct.tc.TC002_DRDOBasicDetails"/>
  <testcase name="basicDetails" time="181.932" classname="com.DRDO_17Oct.tc.TC002_DRDOBasicDetails"/>
  <testcase name="basicDetails" time="168.845" classname="com.DRDO_17Oct.tc.TC002_DRDOBasicDetails"/>
  <testcase name="basicDetails" time="173.104" classname="com.DRDO_17Oct.tc.TC002_DRDOBasicDetails"/>
  <testcase name="basicDetails" time="168.713" classname="com.DRDO_17Oct.tc.TC002_DRDOBasicDetails"/>
  <testcase name="basicDetails" time="170.991" classname="com.DRDO_17Oct.tc.TC002_DRDOBasicDetails"/>
  <testcase name="basicDetails" time="181.791" classname="com.DRDO_17Oct.tc.TC002_DRDOBasicDetails"/>
  <testcase name="basicDetails" time="168.750" classname="com.DRDO_17Oct.tc.TC002_DRDOBasicDetails"/>
  <testcase name="basicDetails" time="182.202" classname="com.DRDO_17Oct.tc.TC002_DRDOBasicDetails"/>
  <testcase name="basicDetails" time="168.684" classname="com.DRDO_17Oct.tc.TC002_DRDOBasicDetails"/>
  <testcase name="basicDetails" time="182.026" classname="com.DRDO_17Oct.tc.TC002_DRDOBasicDetails"/>
  <testcase name="basicDetails" time="181.060" classname="com.DRDO_17Oct.tc.TC002_DRDOBasicDetails"/>
  <testcase name="basicDetails" time="169.128" classname="com.DRDO_17Oct.tc.TC002_DRDOBasicDetails"/>
  <testcase name="basicDetails" time="168.778" classname="com.DRDO_17Oct.tc.TC002_DRDOBasicDetails"/>
  <testcase name="basicDetails" time="171.319" classname="com.DRDO_17Oct.tc.TC002_DRDOBasicDetails"/>
  <testcase name="basicDetails" time="168.178" classname="com.DRDO_17Oct.tc.TC002_DRDOBasicDetails"/>
  <testcase name="basicDetails" time="169.558" classname="com.DRDO_17Oct.tc.TC002_DRDOBasicDetails"/>
  <testcase name="basicDetails" time="169.059" classname="com.DRDO_17Oct.tc.TC002_DRDOBasicDetails"/>
  <testcase name="basicDetails" time="172.979" classname="com.DRDO_17Oct.tc.TC002_DRDOBasicDetails"/>
  <testcase name="basicDetails" time="180.952" classname="com.DRDO_17Oct.tc.TC002_DRDOBasicDetails"/>
  <testcase name="basicDetails" time="180.975" classname="com.DRDO_17Oct.tc.TC002_DRDOBasicDetails"/>
  <testcase name="basicDetails" time="182.331" classname="com.DRDO_17Oct.tc.TC002_DRDOBasicDetails"/>
  <testcase name="basicDetails" time="181.077" classname="com.DRDO_17Oct.tc.TC002_DRDOBasicDetails"/>
  <testcase name="basicDetails" time="180.598" classname="com.DRDO_17Oct.tc.TC002_DRDOBasicDetails"/>
  <testcase name="basicDetails" time="173.271" classname="com.DRDO_17Oct.tc.TC002_DRDOBasicDetails"/>
  <testcase name="basicDetails" time="168.789" classname="com.DRDO_17Oct.tc.TC002_DRDOBasicDetails"/>
  <testcase name="basicDetails" time="169.052" classname="com.DRDO_17Oct.tc.TC002_DRDOBasicDetails"/>
  <testcase name="basicDetails" time="169.809" classname="com.DRDO_17Oct.tc.TC002_DRDOBasicDetails"/>
  <testcase name="basicDetails" time="168.862" classname="com.DRDO_17Oct.tc.TC002_DRDOBasicDetails"/>
  <testcase name="basicDetails" time="169.061" classname="com.DRDO_17Oct.tc.TC002_DRDOBasicDetails"/>
  <testcase name="basicDetails" time="180.989" classname="com.DRDO_17Oct.tc.TC002_DRDOBasicDetails"/>
  <testcase name="basicDetails" time="170.048" classname="com.DRDO_17Oct.tc.TC002_DRDOBasicDetails"/>
  <testcase name="basicDetails" time="173.097" classname="com.DRDO_17Oct.tc.TC002_DRDOBasicDetails"/>
  <testcase name="basicDetails" time="169.459" classname="com.DRDO_17Oct.tc.TC002_DRDOBasicDetails"/>
  <testcase name="basicDetails" time="173.209" classname="com.DRDO_17Oct.tc.TC002_DRDOBasicDetails"/>
  <testcase name="basicDetails" time="174.448" classname="com.DRDO_17Oct.tc.TC002_DRDOBasicDetails"/>
  <testcase name="basicDetails" time="182.341" classname="com.DRDO_17Oct.tc.TC002_DRDOBasicDetails"/>
</testsuite> <!-- com.DRDO_17Oct.tc.TC002_DRDOBasicDetails -->
