<?xml version="1.0" encoding="UTF-8"?>
<!-- Generated by org.testng.reporters.JUnitReportReporter -->
<testsuite skipped="0" hostname="MAA014482B" name="com.BOM_25Nov22.tc.TC002_BOMBasicDetails" tests="41" failures="0" timestamp="2022-12-05T23:12:09 IST" time="6802.106" errors="0">
  <testcase name="basicDetails" time="167.111" classname="com.BOM_25Nov22.tc.TC002_BOMBasicDetails"/>
  <testcase name="basicDetails" time="168.158" classname="com.BOM_25Nov22.tc.TC002_BOMBasicDetails"/>
  <testcase name="basicDetails" time="164.023" classname="com.BOM_25Nov22.tc.TC002_BOMBasicDetails"/>
  <testcase name="basicDetails" time="167.525" classname="com.BOM_25Nov22.tc.TC002_BOMBasicDetails"/>
  <testcase name="basicDetails" time="167.544" classname="com.BOM_25Nov22.tc.TC002_BOMBasicDetails"/>
  <testcase name="basicDetails" time="167.932" classname="com.BOM_25Nov22.tc.TC002_BOMBasicDetails"/>
  <testcase name="basicDetails" time="166.179" classname="com.BOM_25Nov22.tc.TC002_BOMBasicDetails"/>
  <testcase name="basicDetails" time="164.819" classname="com.BOM_25Nov22.tc.TC002_BOMBasicDetails"/>
  <testcase name="basicDetails" time="167.829" classname="com.BOM_25Nov22.tc.TC002_BOMBasicDetails"/>
  <testcase name="basicDetails" time="167.188" classname="com.BOM_25Nov22.tc.TC002_BOMBasicDetails"/>
  <testcase name="basicDetails" time="164.455" classname="com.BOM_25Nov22.tc.TC002_BOMBasicDetails"/>
  <testcase name="basicDetails" time="163.788" classname="com.BOM_25Nov22.tc.TC002_BOMBasicDetails"/>
  <testcase name="basicDetails" time="167.648" classname="com.BOM_25Nov22.tc.TC002_BOMBasicDetails"/>
  <testcase name="basicDetails" time="166.900" classname="com.BOM_25Nov22.tc.TC002_BOMBasicDetails"/>
  <testcase name="basicDetails" time="167.838" classname="com.BOM_25Nov22.tc.TC002_BOMBasicDetails"/>
  <testcase name="basicDetails" time="165.097" classname="com.BOM_25Nov22.tc.TC002_BOMBasicDetails"/>
  <testcase name="basicDetails" time="164.786" classname="com.BOM_25Nov22.tc.TC002_BOMBasicDetails"/>
  <testcase name="basicDetails" time="163.852" classname="com.BOM_25Nov22.tc.TC002_BOMBasicDetails"/>
  <testcase name="basicDetails" time="163.758" classname="com.BOM_25Nov22.tc.TC002_BOMBasicDetails"/>
  <testcase name="basicDetails" time="164.180" classname="com.BOM_25Nov22.tc.TC002_BOMBasicDetails"/>
  <testcase name="basicDetails" time="163.957" classname="com.BOM_25Nov22.tc.TC002_BOMBasicDetails"/>
  <testcase name="basicDetails" time="163.891" classname="com.BOM_25Nov22.tc.TC002_BOMBasicDetails"/>
  <testcase name="basicDetails" time="167.700" classname="com.BOM_25Nov22.tc.TC002_BOMBasicDetails"/>
  <testcase name="basicDetails" time="167.268" classname="com.BOM_25Nov22.tc.TC002_BOMBasicDetails"/>
  <testcase name="basicDetails" time="162.117" classname="com.BOM_25Nov22.tc.TC002_BOMBasicDetails"/>
  <testcase name="basicDetails" time="166.662" classname="com.BOM_25Nov22.tc.TC002_BOMBasicDetails"/>
  <testcase name="basicDetails" time="167.868" classname="com.BOM_25Nov22.tc.TC002_BOMBasicDetails"/>
  <testcase name="basicDetails" time="168.277" classname="com.BOM_25Nov22.tc.TC002_BOMBasicDetails"/>
  <testcase name="basicDetails" time="168.196" classname="com.BOM_25Nov22.tc.TC002_BOMBasicDetails"/>
  <testcase name="basicDetails" time="162.293" classname="com.BOM_25Nov22.tc.TC002_BOMBasicDetails"/>
  <testcase name="basicDetails" time="163.975" classname="com.BOM_25Nov22.tc.TC002_BOMBasicDetails"/>
  <testcase name="basicDetails" time="168.904" classname="com.BOM_25Nov22.tc.TC002_BOMBasicDetails"/>
  <testcase name="basicDetails" time="167.300" classname="com.BOM_25Nov22.tc.TC002_BOMBasicDetails"/>
  <testcase name="basicDetails" time="164.597" classname="com.BOM_25Nov22.tc.TC002_BOMBasicDetails"/>
  <testcase name="basicDetails" time="167.137" classname="com.BOM_25Nov22.tc.TC002_BOMBasicDetails"/>
  <testcase name="basicDetails" time="165.067" classname="com.BOM_25Nov22.tc.TC002_BOMBasicDetails"/>
  <testcase name="basicDetails" time="166.955" classname="com.BOM_25Nov22.tc.TC002_BOMBasicDetails"/>
  <testcase name="basicDetails" time="167.408" classname="com.BOM_25Nov22.tc.TC002_BOMBasicDetails"/>
  <testcase name="basicDetails" time="163.851" classname="com.BOM_25Nov22.tc.TC002_BOMBasicDetails"/>
  <testcase name="basicDetails" time="165.101" classname="com.BOM_25Nov22.tc.TC002_BOMBasicDetails"/>
  <testcase name="basicDetails" time="162.972" classname="com.BOM_25Nov22.tc.TC002_BOMBasicDetails"/>
</testsuite> <!-- com.BOM_25Nov22.tc.TC002_BOMBasicDetails -->
