<?xml version="1.0" encoding="UTF-8"?>
<!-- Generated by org.testng.reporters.JUnitReportReporter -->
<testsuite skipped="0" hostname="MAA014482B" name="com.IB_Feb23.tc.TC001_IBBasicDetails" tests="73" failures="0" timestamp="2023-02-20T18:53:20 IST" time="11874.578" errors="0">
  <testcase name="basicDetails" time="162.164" classname="com.IB_Feb23.tc.TC001_IBBasicDetails"/>
  <testcase name="basicDetails" time="161.814" classname="com.IB_Feb23.tc.TC001_IBBasicDetails"/>
  <testcase name="basicDetails" time="161.863" classname="com.IB_Feb23.tc.TC001_IBBasicDetails"/>
  <testcase name="basicDetails" time="161.995" classname="com.IB_Feb23.tc.TC001_IBBasicDetails"/>
  <testcase name="basicDetails" time="161.778" classname="com.IB_Feb23.tc.TC001_IBBasicDetails"/>
  <testcase name="basicDetails" time="162.983" classname="com.IB_Feb23.tc.TC001_IBBasicDetails"/>
  <testcase name="basicDetails" time="162.892" classname="com.IB_Feb23.tc.TC001_IBBasicDetails"/>
  <testcase name="basicDetails" time="162.540" classname="com.IB_Feb23.tc.TC001_IBBasicDetails"/>
  <testcase name="basicDetails" time="163.064" classname="com.IB_Feb23.tc.TC001_IBBasicDetails"/>
  <testcase name="basicDetails" time="161.714" classname="com.IB_Feb23.tc.TC001_IBBasicDetails"/>
  <testcase name="basicDetails" time="163.406" classname="com.IB_Feb23.tc.TC001_IBBasicDetails"/>
  <testcase name="basicDetails" time="162.869" classname="com.IB_Feb23.tc.TC001_IBBasicDetails"/>
  <testcase name="basicDetails" time="162.877" classname="com.IB_Feb23.tc.TC001_IBBasicDetails"/>
  <testcase name="basicDetails" time="170.125" classname="com.IB_Feb23.tc.TC001_IBBasicDetails"/>
  <testcase name="basicDetails" time="162.903" classname="com.IB_Feb23.tc.TC001_IBBasicDetails"/>
  <testcase name="basicDetails" time="163.065" classname="com.IB_Feb23.tc.TC001_IBBasicDetails"/>
  <testcase name="basicDetails" time="162.058" classname="com.IB_Feb23.tc.TC001_IBBasicDetails"/>
  <testcase name="basicDetails" time="161.914" classname="com.IB_Feb23.tc.TC001_IBBasicDetails"/>
  <testcase name="basicDetails" time="163.383" classname="com.IB_Feb23.tc.TC001_IBBasicDetails"/>
  <testcase name="basicDetails" time="162.144" classname="com.IB_Feb23.tc.TC001_IBBasicDetails"/>
  <testcase name="basicDetails" time="162.158" classname="com.IB_Feb23.tc.TC001_IBBasicDetails"/>
  <testcase name="basicDetails" time="161.957" classname="com.IB_Feb23.tc.TC001_IBBasicDetails"/>
  <testcase name="basicDetails" time="161.751" classname="com.IB_Feb23.tc.TC001_IBBasicDetails"/>
  <testcase name="basicDetails" time="161.769" classname="com.IB_Feb23.tc.TC001_IBBasicDetails"/>
  <testcase name="basicDetails" time="162.736" classname="com.IB_Feb23.tc.TC001_IBBasicDetails"/>
  <testcase name="basicDetails" time="162.158" classname="com.IB_Feb23.tc.TC001_IBBasicDetails"/>
  <testcase name="basicDetails" time="161.865" classname="com.IB_Feb23.tc.TC001_IBBasicDetails"/>
  <testcase name="basicDetails" time="161.971" classname="com.IB_Feb23.tc.TC001_IBBasicDetails"/>
  <testcase name="basicDetails" time="163.808" classname="com.IB_Feb23.tc.TC001_IBBasicDetails"/>
  <testcase name="basicDetails" time="162.909" classname="com.IB_Feb23.tc.TC001_IBBasicDetails"/>
  <testcase name="basicDetails" time="162.800" classname="com.IB_Feb23.tc.TC001_IBBasicDetails"/>
  <testcase name="basicDetails" time="163.846" classname="com.IB_Feb23.tc.TC001_IBBasicDetails"/>
  <testcase name="basicDetails" time="162.230" classname="com.IB_Feb23.tc.TC001_IBBasicDetails"/>
  <testcase name="basicDetails" time="162.125" classname="com.IB_Feb23.tc.TC001_IBBasicDetails"/>
  <testcase name="basicDetails" time="162.955" classname="com.IB_Feb23.tc.TC001_IBBasicDetails"/>
  <testcase name="basicDetails" time="162.702" classname="com.IB_Feb23.tc.TC001_IBBasicDetails"/>
  <testcase name="basicDetails" time="162.225" classname="com.IB_Feb23.tc.TC001_IBBasicDetails"/>
  <testcase name="basicDetails" time="162.045" classname="com.IB_Feb23.tc.TC001_IBBasicDetails"/>
  <testcase name="basicDetails" time="162.444" classname="com.IB_Feb23.tc.TC001_IBBasicDetails"/>
  <testcase name="basicDetails" time="163.748" classname="com.IB_Feb23.tc.TC001_IBBasicDetails"/>
  <testcase name="basicDetails" time="163.166" classname="com.IB_Feb23.tc.TC001_IBBasicDetails"/>
  <testcase name="basicDetails" time="162.940" classname="com.IB_Feb23.tc.TC001_IBBasicDetails"/>
  <testcase name="basicDetails" time="161.905" classname="com.IB_Feb23.tc.TC001_IBBasicDetails"/>
  <testcase name="basicDetails" time="161.975" classname="com.IB_Feb23.tc.TC001_IBBasicDetails"/>
  <testcase name="basicDetails" time="162.913" classname="com.IB_Feb23.tc.TC001_IBBasicDetails"/>
  <testcase name="basicDetails" time="162.984" classname="com.IB_Feb23.tc.TC001_IBBasicDetails"/>
  <testcase name="basicDetails" time="161.680" classname="com.IB_Feb23.tc.TC001_IBBasicDetails"/>
  <testcase name="basicDetails" time="162.935" classname="com.IB_Feb23.tc.TC001_IBBasicDetails"/>
  <testcase name="basicDetails" time="162.847" classname="com.IB_Feb23.tc.TC001_IBBasicDetails"/>
  <testcase name="basicDetails" time="163.076" classname="com.IB_Feb23.tc.TC001_IBBasicDetails"/>
  <testcase name="basicDetails" time="161.885" classname="com.IB_Feb23.tc.TC001_IBBasicDetails"/>
  <testcase name="basicDetails" time="162.968" classname="com.IB_Feb23.tc.TC001_IBBasicDetails"/>
  <testcase name="basicDetails" time="162.711" classname="com.IB_Feb23.tc.TC001_IBBasicDetails"/>
  <testcase name="basicDetails" time="161.684" classname="com.IB_Feb23.tc.TC001_IBBasicDetails"/>
  <testcase name="basicDetails" time="162.851" classname="com.IB_Feb23.tc.TC001_IBBasicDetails"/>
  <testcase name="basicDetails" time="163.137" classname="com.IB_Feb23.tc.TC001_IBBasicDetails"/>
  <testcase name="basicDetails" time="161.857" classname="com.IB_Feb23.tc.TC001_IBBasicDetails"/>
  <testcase name="basicDetails" time="161.964" classname="com.IB_Feb23.tc.TC001_IBBasicDetails"/>
  <testcase name="basicDetails" time="162.616" classname="com.IB_Feb23.tc.TC001_IBBasicDetails"/>
  <testcase name="basicDetails" time="163.384" classname="com.IB_Feb23.tc.TC001_IBBasicDetails"/>
  <testcase name="basicDetails" time="163.686" classname="com.IB_Feb23.tc.TC001_IBBasicDetails"/>
  <testcase name="basicDetails" time="161.707" classname="com.IB_Feb23.tc.TC001_IBBasicDetails"/>
  <testcase name="basicDetails" time="162.028" classname="com.IB_Feb23.tc.TC001_IBBasicDetails"/>
  <testcase name="basicDetails" time="162.804" classname="com.IB_Feb23.tc.TC001_IBBasicDetails"/>
  <testcase name="basicDetails" time="163.144" classname="com.IB_Feb23.tc.TC001_IBBasicDetails"/>
  <testcase name="basicDetails" time="161.567" classname="com.IB_Feb23.tc.TC001_IBBasicDetails"/>
  <testcase name="basicDetails" time="163.274" classname="com.IB_Feb23.tc.TC001_IBBasicDetails"/>
  <testcase name="basicDetails" time="162.877" classname="com.IB_Feb23.tc.TC001_IBBasicDetails"/>
  <testcase name="basicDetails" time="162.960" classname="com.IB_Feb23.tc.TC001_IBBasicDetails"/>
  <testcase name="basicDetails" time="162.186" classname="com.IB_Feb23.tc.TC001_IBBasicDetails"/>
  <testcase name="basicDetails" time="162.795" classname="com.IB_Feb23.tc.TC001_IBBasicDetails"/>
  <testcase name="basicDetails" time="163.284" classname="com.IB_Feb23.tc.TC001_IBBasicDetails"/>
  <testcase name="basicDetails" time="163.035" classname="com.IB_Feb23.tc.TC001_IBBasicDetails"/>
</testsuite> <!-- com.IB_Feb23.tc.TC001_IBBasicDetails -->
