<?xml version="1.0" encoding="UTF-8"?>
<!-- Generated by org.testng.reporters.JUnitReportReporter -->
<testsuite skipped="0" hostname="MAA014482B" name="com.CBI_Jan23.tc.TC001_CBIBasicDetails" tests="83" failures="0" timestamp="2023-02-09T21:28:32 IST" time="14001.767" errors="0">
  <testcase name="basicDetails" time="165.618" classname="com.CBI_Jan23.tc.TC001_CBIBasicDetails"/>
  <testcase name="basicDetails" time="171.107" classname="com.CBI_Jan23.tc.TC001_CBIBasicDetails"/>
  <testcase name="basicDetails" time="167.250" classname="com.CBI_Jan23.tc.TC001_CBIBasicDetails"/>
  <testcase name="basicDetails" time="167.638" classname="com.CBI_Jan23.tc.TC001_CBIBasicDetails"/>
  <testcase name="basicDetails" time="170.661" classname="com.CBI_Jan23.tc.TC001_CBIBasicDetails"/>
  <testcase name="basicDetails" time="170.496" classname="com.CBI_Jan23.tc.TC001_CBIBasicDetails"/>
  <testcase name="basicDetails" time="167.245" classname="com.CBI_Jan23.tc.TC001_CBIBasicDetails"/>
  <testcase name="basicDetails" time="170.431" classname="com.CBI_Jan23.tc.TC001_CBIBasicDetails"/>
  <testcase name="basicDetails" time="169.671" classname="com.CBI_Jan23.tc.TC001_CBIBasicDetails"/>
  <testcase name="basicDetails" time="169.951" classname="com.CBI_Jan23.tc.TC001_CBIBasicDetails"/>
  <testcase name="basicDetails" time="167.126" classname="com.CBI_Jan23.tc.TC001_CBIBasicDetails"/>
  <testcase name="basicDetails" time="167.252" classname="com.CBI_Jan23.tc.TC001_CBIBasicDetails"/>
  <testcase name="basicDetails" time="167.139" classname="com.CBI_Jan23.tc.TC001_CBIBasicDetails"/>
  <testcase name="basicDetails" time="167.313" classname="com.CBI_Jan23.tc.TC001_CBIBasicDetails"/>
  <testcase name="basicDetails" time="167.518" classname="com.CBI_Jan23.tc.TC001_CBIBasicDetails"/>
  <testcase name="basicDetails" time="167.450" classname="com.CBI_Jan23.tc.TC001_CBIBasicDetails"/>
  <testcase name="basicDetails" time="167.301" classname="com.CBI_Jan23.tc.TC001_CBIBasicDetails"/>
  <testcase name="basicDetails" time="167.684" classname="com.CBI_Jan23.tc.TC001_CBIBasicDetails"/>
  <testcase name="basicDetails" time="167.417" classname="com.CBI_Jan23.tc.TC001_CBIBasicDetails"/>
  <testcase name="basicDetails" time="170.485" classname="com.CBI_Jan23.tc.TC001_CBIBasicDetails"/>
  <testcase name="basicDetails" time="165.565" classname="com.CBI_Jan23.tc.TC001_CBIBasicDetails"/>
  <testcase name="basicDetails" time="170.687" classname="com.CBI_Jan23.tc.TC001_CBIBasicDetails"/>
  <testcase name="basicDetails" time="167.771" classname="com.CBI_Jan23.tc.TC001_CBIBasicDetails"/>
  <testcase name="basicDetails" time="170.298" classname="com.CBI_Jan23.tc.TC001_CBIBasicDetails"/>
  <testcase name="basicDetails" time="170.423" classname="com.CBI_Jan23.tc.TC001_CBIBasicDetails"/>
  <testcase name="basicDetails" time="170.617" classname="com.CBI_Jan23.tc.TC001_CBIBasicDetails"/>
  <testcase name="basicDetails" time="170.288" classname="com.CBI_Jan23.tc.TC001_CBIBasicDetails"/>
  <testcase name="basicDetails" time="167.304" classname="com.CBI_Jan23.tc.TC001_CBIBasicDetails"/>
  <testcase name="basicDetails" time="167.392" classname="com.CBI_Jan23.tc.TC001_CBIBasicDetails"/>
  <testcase name="basicDetails" time="167.442" classname="com.CBI_Jan23.tc.TC001_CBIBasicDetails"/>
  <testcase name="basicDetails" time="167.040" classname="com.CBI_Jan23.tc.TC001_CBIBasicDetails"/>
  <testcase name="basicDetails" time="170.960" classname="com.CBI_Jan23.tc.TC001_CBIBasicDetails"/>
  <testcase name="basicDetails" time="166.934" classname="com.CBI_Jan23.tc.TC001_CBIBasicDetails"/>
  <testcase name="basicDetails" time="170.577" classname="com.CBI_Jan23.tc.TC001_CBIBasicDetails"/>
  <testcase name="basicDetails" time="168.962" classname="com.CBI_Jan23.tc.TC001_CBIBasicDetails"/>
  <testcase name="basicDetails" time="167.129" classname="com.CBI_Jan23.tc.TC001_CBIBasicDetails"/>
  <testcase name="basicDetails" time="167.284" classname="com.CBI_Jan23.tc.TC001_CBIBasicDetails"/>
  <testcase name="basicDetails" time="167.236" classname="com.CBI_Jan23.tc.TC001_CBIBasicDetails"/>
  <testcase name="basicDetails" time="170.407" classname="com.CBI_Jan23.tc.TC001_CBIBasicDetails"/>
  <testcase name="basicDetails" time="170.712" classname="com.CBI_Jan23.tc.TC001_CBIBasicDetails"/>
  <testcase name="basicDetails" time="170.493" classname="com.CBI_Jan23.tc.TC001_CBIBasicDetails"/>
  <testcase name="basicDetails" time="167.252" classname="com.CBI_Jan23.tc.TC001_CBIBasicDetails"/>
  <testcase name="basicDetails" time="167.237" classname="com.CBI_Jan23.tc.TC001_CBIBasicDetails"/>
  <testcase name="basicDetails" time="170.184" classname="com.CBI_Jan23.tc.TC001_CBIBasicDetails"/>
  <testcase name="basicDetails" time="170.524" classname="com.CBI_Jan23.tc.TC001_CBIBasicDetails"/>
  <testcase name="basicDetails" time="167.400" classname="com.CBI_Jan23.tc.TC001_CBIBasicDetails"/>
  <testcase name="basicDetails" time="167.391" classname="com.CBI_Jan23.tc.TC001_CBIBasicDetails"/>
  <testcase name="basicDetails" time="170.431" classname="com.CBI_Jan23.tc.TC001_CBIBasicDetails"/>
  <testcase name="basicDetails" time="174.853" classname="com.CBI_Jan23.tc.TC001_CBIBasicDetails"/>
  <testcase name="basicDetails" time="170.512" classname="com.CBI_Jan23.tc.TC001_CBIBasicDetails"/>
  <testcase name="basicDetails" time="167.499" classname="com.CBI_Jan23.tc.TC001_CBIBasicDetails"/>
  <testcase name="basicDetails" time="170.597" classname="com.CBI_Jan23.tc.TC001_CBIBasicDetails"/>
  <testcase name="basicDetails" time="169.142" classname="com.CBI_Jan23.tc.TC001_CBIBasicDetails"/>
  <testcase name="basicDetails" time="170.208" classname="com.CBI_Jan23.tc.TC001_CBIBasicDetails"/>
  <testcase name="basicDetails" time="170.293" classname="com.CBI_Jan23.tc.TC001_CBIBasicDetails"/>
  <testcase name="basicDetails" time="170.100" classname="com.CBI_Jan23.tc.TC001_CBIBasicDetails"/>
  <testcase name="basicDetails" time="170.281" classname="com.CBI_Jan23.tc.TC001_CBIBasicDetails"/>
  <testcase name="basicDetails" time="167.730" classname="com.CBI_Jan23.tc.TC001_CBIBasicDetails"/>
  <testcase name="basicDetails" time="167.440" classname="com.CBI_Jan23.tc.TC001_CBIBasicDetails"/>
  <testcase name="basicDetails" time="167.575" classname="com.CBI_Jan23.tc.TC001_CBIBasicDetails"/>
  <testcase name="basicDetails" time="167.251" classname="com.CBI_Jan23.tc.TC001_CBIBasicDetails"/>
  <testcase name="basicDetails" time="167.264" classname="com.CBI_Jan23.tc.TC001_CBIBasicDetails"/>
  <testcase name="basicDetails" time="170.649" classname="com.CBI_Jan23.tc.TC001_CBIBasicDetails"/>
  <testcase name="basicDetails" time="170.711" classname="com.CBI_Jan23.tc.TC001_CBIBasicDetails"/>
  <testcase name="basicDetails" time="167.111" classname="com.CBI_Jan23.tc.TC001_CBIBasicDetails"/>
  <testcase name="basicDetails" time="166.214" classname="com.CBI_Jan23.tc.TC001_CBIBasicDetails"/>
  <testcase name="basicDetails" time="167.612" classname="com.CBI_Jan23.tc.TC001_CBIBasicDetails"/>
  <testcase name="basicDetails" time="170.664" classname="com.CBI_Jan23.tc.TC001_CBIBasicDetails"/>
  <testcase name="basicDetails" time="167.342" classname="com.CBI_Jan23.tc.TC001_CBIBasicDetails"/>
  <testcase name="basicDetails" time="170.235" classname="com.CBI_Jan23.tc.TC001_CBIBasicDetails"/>
  <testcase name="basicDetails" time="167.231" classname="com.CBI_Jan23.tc.TC001_CBIBasicDetails"/>
  <testcase name="basicDetails" time="167.074" classname="com.CBI_Jan23.tc.TC001_CBIBasicDetails"/>
  <testcase name="basicDetails" time="167.619" classname="com.CBI_Jan23.tc.TC001_CBIBasicDetails"/>
  <testcase name="basicDetails" time="167.201" classname="com.CBI_Jan23.tc.TC001_CBIBasicDetails"/>
  <testcase name="basicDetails" time="166.980" classname="com.CBI_Jan23.tc.TC001_CBIBasicDetails"/>
  <testcase name="basicDetails" time="167.476" classname="com.CBI_Jan23.tc.TC001_CBIBasicDetails"/>
  <testcase name="basicDetails" time="170.881" classname="com.CBI_Jan23.tc.TC001_CBIBasicDetails"/>
  <testcase name="basicDetails" time="170.204" classname="com.CBI_Jan23.tc.TC001_CBIBasicDetails"/>
  <testcase name="basicDetails" time="170.382" classname="com.CBI_Jan23.tc.TC001_CBIBasicDetails"/>
  <testcase name="basicDetails" time="167.702" classname="com.CBI_Jan23.tc.TC001_CBIBasicDetails"/>
  <testcase name="basicDetails" time="170.483" classname="com.CBI_Jan23.tc.TC001_CBIBasicDetails"/>
  <testcase name="basicDetails" time="167.388" classname="com.CBI_Jan23.tc.TC001_CBIBasicDetails"/>
  <testcase name="basicDetails" time="167.170" classname="com.CBI_Jan23.tc.TC001_CBIBasicDetails"/>
</testsuite> <!-- com.CBI_Jan23.tc.TC001_CBIBasicDetails -->
