<?xml version="1.0" encoding="UTF-8"?>
<!-- Generated by org.testng.reporters.JUnitReportReporter -->
<testsuite skipped="0" hostname="MAA014482B" name="com.BIS.tc.TC003_BISBasicDetails" tests="27" failures="0" timestamp="2022-05-06T22:03:10 IST" time="3265.616" errors="0">
  <testcase name="basicDetails" time="125.120" classname="com.BIS.tc.TC003_BISBasicDetails"/>
  <testcase name="basicDetails" time="118.609" classname="com.BIS.tc.TC003_BISBasicDetails"/>
  <testcase name="basicDetails" time="118.464" classname="com.BIS.tc.TC003_BISBasicDetails"/>
  <testcase name="basicDetails" time="122.416" classname="com.BIS.tc.TC003_BISBasicDetails"/>
  <testcase name="basicDetails" time="118.542" classname="com.BIS.tc.TC003_BISBasicDetails"/>
  <testcase name="basicDetails" time="118.453" classname="com.BIS.tc.TC003_BISBasicDetails"/>
  <testcase name="basicDetails" time="122.762" classname="com.BIS.tc.TC003_BISBasicDetails"/>
  <testcase name="basicDetails" time="122.655" classname="com.BIS.tc.TC003_BISBasicDetails"/>
  <testcase name="basicDetails" time="122.725" classname="com.BIS.tc.TC003_BISBasicDetails"/>
  <testcase name="basicDetails" time="122.741" classname="com.BIS.tc.TC003_BISBasicDetails"/>
  <testcase name="basicDetails" time="118.333" classname="com.BIS.tc.TC003_BISBasicDetails"/>
  <testcase name="basicDetails" time="122.393" classname="com.BIS.tc.TC003_BISBasicDetails"/>
  <testcase name="basicDetails" time="122.692" classname="com.BIS.tc.TC003_BISBasicDetails"/>
  <testcase name="basicDetails" time="118.435" classname="com.BIS.tc.TC003_BISBasicDetails"/>
  <testcase name="basicDetails" time="122.695" classname="com.BIS.tc.TC003_BISBasicDetails"/>
  <testcase name="basicDetails" time="122.605" classname="com.BIS.tc.TC003_BISBasicDetails"/>
  <testcase name="basicDetails" time="122.682" classname="com.BIS.tc.TC003_BISBasicDetails"/>
  <testcase name="basicDetails" time="122.427" classname="com.BIS.tc.TC003_BISBasicDetails"/>
  <testcase name="basicDetails" time="118.072" classname="com.BIS.tc.TC003_BISBasicDetails"/>
  <testcase name="basicDetails" time="117.935" classname="com.BIS.tc.TC003_BISBasicDetails"/>
  <testcase name="basicDetails" time="117.918" classname="com.BIS.tc.TC003_BISBasicDetails"/>
  <testcase name="basicDetails" time="122.461" classname="com.BIS.tc.TC003_BISBasicDetails"/>
  <testcase name="basicDetails" time="122.596" classname="com.BIS.tc.TC003_BISBasicDetails"/>
  <testcase name="basicDetails" time="118.013" classname="com.BIS.tc.TC003_BISBasicDetails"/>
  <testcase name="basicDetails" time="122.803" classname="com.BIS.tc.TC003_BISBasicDetails"/>
  <testcase name="basicDetails" time="123.016" classname="com.BIS.tc.TC003_BISBasicDetails"/>
  <testcase name="basicDetails" time="118.053" classname="com.BIS.tc.TC003_BISBasicDetails"/>
</testsuite> <!-- com.BIS.tc.TC003_BISBasicDetails -->
