<?xml version="1.0" encoding="UTF-8"?>
<!-- Generated by org.testng.reporters.JUnitReportReporter -->
<testsuite skipped="0" hostname="MAA014482B" name="com.FCSCPD_June23.tc.TC003_FCSBasicDetails" tests="42" failures="0" timestamp="2023-07-07T11:00:58 IST" time="6792.801" errors="0">
  <testcase name="basicDetails" time="160.223" classname="com.FCSCPD_June23.tc.TC003_FCSBasicDetails"/>
  <testcase name="basicDetails" time="159.235" classname="com.FCSCPD_June23.tc.TC003_FCSBasicDetails"/>
  <testcase name="basicDetails" time="159.218" classname="com.FCSCPD_June23.tc.TC003_FCSBasicDetails"/>
  <testcase name="basicDetails" time="159.314" classname="com.FCSCPD_June23.tc.TC003_FCSBasicDetails"/>
  <testcase name="basicDetails" time="159.799" classname="com.FCSCPD_June23.tc.TC003_FCSBasicDetails"/>
  <testcase name="basicDetails" time="160.069" classname="com.FCSCPD_June23.tc.TC003_FCSBasicDetails"/>
  <testcase name="basicDetails" time="159.774" classname="com.FCSCPD_June23.tc.TC003_FCSBasicDetails"/>
  <testcase name="basicDetails" time="163.229" classname="com.FCSCPD_June23.tc.TC003_FCSBasicDetails"/>
  <testcase name="basicDetails" time="162.700" classname="com.FCSCPD_June23.tc.TC003_FCSBasicDetails"/>
  <testcase name="basicDetails" time="159.780" classname="com.FCSCPD_June23.tc.TC003_FCSBasicDetails"/>
  <testcase name="basicDetails" time="160.477" classname="com.FCSCPD_June23.tc.TC003_FCSBasicDetails"/>
  <testcase name="basicDetails" time="187.445" classname="com.FCSCPD_June23.tc.TC003_FCSBasicDetails"/>
  <testcase name="basicDetails" time="160.188" classname="com.FCSCPD_June23.tc.TC003_FCSBasicDetails"/>
  <testcase name="basicDetails" time="159.865" classname="com.FCSCPD_June23.tc.TC003_FCSBasicDetails"/>
  <testcase name="basicDetails" time="163.238" classname="com.FCSCPD_June23.tc.TC003_FCSBasicDetails"/>
  <testcase name="basicDetails" time="163.158" classname="com.FCSCPD_June23.tc.TC003_FCSBasicDetails"/>
  <testcase name="basicDetails" time="159.897" classname="com.FCSCPD_June23.tc.TC003_FCSBasicDetails"/>
  <testcase name="basicDetails" time="160.363" classname="com.FCSCPD_June23.tc.TC003_FCSBasicDetails"/>
  <testcase name="basicDetails" time="159.527" classname="com.FCSCPD_June23.tc.TC003_FCSBasicDetails"/>
  <testcase name="basicDetails" time="163.932" classname="com.FCSCPD_June23.tc.TC003_FCSBasicDetails"/>
  <testcase name="basicDetails" time="159.428" classname="com.FCSCPD_June23.tc.TC003_FCSBasicDetails"/>
  <testcase name="basicDetails" time="163.231" classname="com.FCSCPD_June23.tc.TC003_FCSBasicDetails"/>
  <testcase name="basicDetails" time="160.480" classname="com.FCSCPD_June23.tc.TC003_FCSBasicDetails"/>
  <testcase name="basicDetails" time="160.275" classname="com.FCSCPD_June23.tc.TC003_FCSBasicDetails"/>
  <testcase name="basicDetails" time="158.979" classname="com.FCSCPD_June23.tc.TC003_FCSBasicDetails"/>
  <testcase name="basicDetails" time="160.103" classname="com.FCSCPD_June23.tc.TC003_FCSBasicDetails"/>
  <testcase name="basicDetails" time="159.724" classname="com.FCSCPD_June23.tc.TC003_FCSBasicDetails"/>
  <testcase name="basicDetails" time="159.593" classname="com.FCSCPD_June23.tc.TC003_FCSBasicDetails"/>
  <testcase name="basicDetails" time="159.928" classname="com.FCSCPD_June23.tc.TC003_FCSBasicDetails"/>
  <testcase name="basicDetails" time="160.081" classname="com.FCSCPD_June23.tc.TC003_FCSBasicDetails"/>
  <testcase name="basicDetails" time="159.307" classname="com.FCSCPD_June23.tc.TC003_FCSBasicDetails"/>
  <testcase name="basicDetails" time="159.358" classname="com.FCSCPD_June23.tc.TC003_FCSBasicDetails"/>
  <testcase name="basicDetails" time="159.792" classname="com.FCSCPD_June23.tc.TC003_FCSBasicDetails"/>
  <testcase name="basicDetails" time="187.026" classname="com.FCSCPD_June23.tc.TC003_FCSBasicDetails"/>
  <testcase name="basicDetails" time="159.578" classname="com.FCSCPD_June23.tc.TC003_FCSBasicDetails"/>
  <testcase name="basicDetails" time="159.979" classname="com.FCSCPD_June23.tc.TC003_FCSBasicDetails"/>
  <testcase name="basicDetails" time="159.870" classname="com.FCSCPD_June23.tc.TC003_FCSBasicDetails"/>
  <testcase name="basicDetails" time="164.043" classname="com.FCSCPD_June23.tc.TC003_FCSBasicDetails"/>
  <testcase name="basicDetails" time="159.909" classname="com.FCSCPD_June23.tc.TC003_FCSBasicDetails"/>
  <testcase name="basicDetails" time="160.405" classname="com.FCSCPD_June23.tc.TC003_FCSBasicDetails"/>
  <testcase name="basicDetails" time="160.577" classname="com.FCSCPD_June23.tc.TC003_FCSBasicDetails"/>
  <testcase name="basicDetails" time="159.704" classname="com.FCSCPD_June23.tc.TC003_FCSBasicDetails"/>
</testsuite> <!-- com.FCSCPD_June23.tc.TC003_FCSBasicDetails -->
