<?xml version="1.0" encoding="UTF-8"?>
<!-- Generated by org.testng.reporters.JUnitReportReporter -->
<testsuite skipped="0" hostname="MAA014482B" name="com.IGM_Kolkata.tc.TC003_IGMBasicDetails" tests="130" failures="0" timestamp="2022-10-18T04:20:23 IST" time="21186.316" errors="0">
  <testcase name="basicDetails" time="162.041" classname="com.IGM_Kolkata.tc.TC003_IGMBasicDetails"/>
  <testcase name="basicDetails" time="164.251" classname="com.IGM_Kolkata.tc.TC003_IGMBasicDetails"/>
  <testcase name="basicDetails" time="161.517" classname="com.IGM_Kolkata.tc.TC003_IGMBasicDetails"/>
  <testcase name="basicDetails" time="163.290" classname="com.IGM_Kolkata.tc.TC003_IGMBasicDetails"/>
  <testcase name="basicDetails" time="162.175" classname="com.IGM_Kolkata.tc.TC003_IGMBasicDetails"/>
  <testcase name="basicDetails" time="162.273" classname="com.IGM_Kolkata.tc.TC003_IGMBasicDetails"/>
  <testcase name="basicDetails" time="161.509" classname="com.IGM_Kolkata.tc.TC003_IGMBasicDetails"/>
  <testcase name="basicDetails" time="161.967" classname="com.IGM_Kolkata.tc.TC003_IGMBasicDetails"/>
  <testcase name="basicDetails" time="163.488" classname="com.IGM_Kolkata.tc.TC003_IGMBasicDetails"/>
  <testcase name="basicDetails" time="161.998" classname="com.IGM_Kolkata.tc.TC003_IGMBasicDetails"/>
  <testcase name="basicDetails" time="164.733" classname="com.IGM_Kolkata.tc.TC003_IGMBasicDetails"/>
  <testcase name="basicDetails" time="162.143" classname="com.IGM_Kolkata.tc.TC003_IGMBasicDetails"/>
  <testcase name="basicDetails" time="162.186" classname="com.IGM_Kolkata.tc.TC003_IGMBasicDetails"/>
  <testcase name="basicDetails" time="163.394" classname="com.IGM_Kolkata.tc.TC003_IGMBasicDetails"/>
  <testcase name="basicDetails" time="162.280" classname="com.IGM_Kolkata.tc.TC003_IGMBasicDetails"/>
  <testcase name="basicDetails" time="163.301" classname="com.IGM_Kolkata.tc.TC003_IGMBasicDetails"/>
  <testcase name="basicDetails" time="162.174" classname="com.IGM_Kolkata.tc.TC003_IGMBasicDetails"/>
  <testcase name="basicDetails" time="164.201" classname="com.IGM_Kolkata.tc.TC003_IGMBasicDetails"/>
  <testcase name="basicDetails" time="162.085" classname="com.IGM_Kolkata.tc.TC003_IGMBasicDetails"/>
  <testcase name="basicDetails" time="164.060" classname="com.IGM_Kolkata.tc.TC003_IGMBasicDetails"/>
  <testcase name="basicDetails" time="162.414" classname="com.IGM_Kolkata.tc.TC003_IGMBasicDetails"/>
  <testcase name="basicDetails" time="162.313" classname="com.IGM_Kolkata.tc.TC003_IGMBasicDetails"/>
  <testcase name="basicDetails" time="162.356" classname="com.IGM_Kolkata.tc.TC003_IGMBasicDetails"/>
  <testcase name="basicDetails" time="162.338" classname="com.IGM_Kolkata.tc.TC003_IGMBasicDetails"/>
  <testcase name="basicDetails" time="163.313" classname="com.IGM_Kolkata.tc.TC003_IGMBasicDetails"/>
  <testcase name="basicDetails" time="162.150" classname="com.IGM_Kolkata.tc.TC003_IGMBasicDetails"/>
  <testcase name="basicDetails" time="163.671" classname="com.IGM_Kolkata.tc.TC003_IGMBasicDetails"/>
  <testcase name="basicDetails" time="163.543" classname="com.IGM_Kolkata.tc.TC003_IGMBasicDetails"/>
  <testcase name="basicDetails" time="162.589" classname="com.IGM_Kolkata.tc.TC003_IGMBasicDetails"/>
  <testcase name="basicDetails" time="162.181" classname="com.IGM_Kolkata.tc.TC003_IGMBasicDetails"/>
  <testcase name="basicDetails" time="162.406" classname="com.IGM_Kolkata.tc.TC003_IGMBasicDetails"/>
  <testcase name="basicDetails" time="163.576" classname="com.IGM_Kolkata.tc.TC003_IGMBasicDetails"/>
  <testcase name="basicDetails" time="163.390" classname="com.IGM_Kolkata.tc.TC003_IGMBasicDetails"/>
  <testcase name="basicDetails" time="162.113" classname="com.IGM_Kolkata.tc.TC003_IGMBasicDetails"/>
  <testcase name="basicDetails" time="162.436" classname="com.IGM_Kolkata.tc.TC003_IGMBasicDetails"/>
  <testcase name="basicDetails" time="162.121" classname="com.IGM_Kolkata.tc.TC003_IGMBasicDetails"/>
  <testcase name="basicDetails" time="162.508" classname="com.IGM_Kolkata.tc.TC003_IGMBasicDetails"/>
  <testcase name="basicDetails" time="162.251" classname="com.IGM_Kolkata.tc.TC003_IGMBasicDetails"/>
  <testcase name="basicDetails" time="160.964" classname="com.IGM_Kolkata.tc.TC003_IGMBasicDetails"/>
  <testcase name="basicDetails" time="163.280" classname="com.IGM_Kolkata.tc.TC003_IGMBasicDetails"/>
  <testcase name="basicDetails" time="163.418" classname="com.IGM_Kolkata.tc.TC003_IGMBasicDetails"/>
  <testcase name="basicDetails" time="163.341" classname="com.IGM_Kolkata.tc.TC003_IGMBasicDetails"/>
  <testcase name="basicDetails" time="162.005" classname="com.IGM_Kolkata.tc.TC003_IGMBasicDetails"/>
  <testcase name="basicDetails" time="163.118" classname="com.IGM_Kolkata.tc.TC003_IGMBasicDetails"/>
  <testcase name="basicDetails" time="162.051" classname="com.IGM_Kolkata.tc.TC003_IGMBasicDetails"/>
  <testcase name="basicDetails" time="163.734" classname="com.IGM_Kolkata.tc.TC003_IGMBasicDetails"/>
  <testcase name="basicDetails" time="164.108" classname="com.IGM_Kolkata.tc.TC003_IGMBasicDetails"/>
  <testcase name="basicDetails" time="163.244" classname="com.IGM_Kolkata.tc.TC003_IGMBasicDetails"/>
  <testcase name="basicDetails" time="162.102" classname="com.IGM_Kolkata.tc.TC003_IGMBasicDetails"/>
  <testcase name="basicDetails" time="162.289" classname="com.IGM_Kolkata.tc.TC003_IGMBasicDetails"/>
  <testcase name="basicDetails" time="162.306" classname="com.IGM_Kolkata.tc.TC003_IGMBasicDetails"/>
  <testcase name="basicDetails" time="163.184" classname="com.IGM_Kolkata.tc.TC003_IGMBasicDetails"/>
  <testcase name="basicDetails" time="162.240" classname="com.IGM_Kolkata.tc.TC003_IGMBasicDetails"/>
  <testcase name="basicDetails" time="162.238" classname="com.IGM_Kolkata.tc.TC003_IGMBasicDetails"/>
  <testcase name="basicDetails" time="162.022" classname="com.IGM_Kolkata.tc.TC003_IGMBasicDetails"/>
  <testcase name="basicDetails" time="162.022" classname="com.IGM_Kolkata.tc.TC003_IGMBasicDetails"/>
  <testcase name="basicDetails" time="162.323" classname="com.IGM_Kolkata.tc.TC003_IGMBasicDetails"/>
  <testcase name="basicDetails" time="162.064" classname="com.IGM_Kolkata.tc.TC003_IGMBasicDetails"/>
  <testcase name="basicDetails" time="163.381" classname="com.IGM_Kolkata.tc.TC003_IGMBasicDetails"/>
  <testcase name="basicDetails" time="163.421" classname="com.IGM_Kolkata.tc.TC003_IGMBasicDetails"/>
  <testcase name="basicDetails" time="164.690" classname="com.IGM_Kolkata.tc.TC003_IGMBasicDetails"/>
  <testcase name="basicDetails" time="162.359" classname="com.IGM_Kolkata.tc.TC003_IGMBasicDetails"/>
  <testcase name="basicDetails" time="162.621" classname="com.IGM_Kolkata.tc.TC003_IGMBasicDetails"/>
  <testcase name="basicDetails" time="162.316" classname="com.IGM_Kolkata.tc.TC003_IGMBasicDetails"/>
  <testcase name="basicDetails" time="172.900" classname="com.IGM_Kolkata.tc.TC003_IGMBasicDetails"/>
  <testcase name="basicDetails" time="163.161" classname="com.IGM_Kolkata.tc.TC003_IGMBasicDetails"/>
  <testcase name="basicDetails" time="165.067" classname="com.IGM_Kolkata.tc.TC003_IGMBasicDetails"/>
  <testcase name="basicDetails" time="162.145" classname="com.IGM_Kolkata.tc.TC003_IGMBasicDetails"/>
  <testcase name="basicDetails" time="163.297" classname="com.IGM_Kolkata.tc.TC003_IGMBasicDetails"/>
  <testcase name="basicDetails" time="163.454" classname="com.IGM_Kolkata.tc.TC003_IGMBasicDetails"/>
  <testcase name="basicDetails" time="162.504" classname="com.IGM_Kolkata.tc.TC003_IGMBasicDetails"/>
  <testcase name="basicDetails" time="163.795" classname="com.IGM_Kolkata.tc.TC003_IGMBasicDetails"/>
  <testcase name="basicDetails" time="163.239" classname="com.IGM_Kolkata.tc.TC003_IGMBasicDetails"/>
  <testcase name="basicDetails" time="163.400" classname="com.IGM_Kolkata.tc.TC003_IGMBasicDetails"/>
  <testcase name="basicDetails" time="163.609" classname="com.IGM_Kolkata.tc.TC003_IGMBasicDetails"/>
  <testcase name="basicDetails" time="162.251" classname="com.IGM_Kolkata.tc.TC003_IGMBasicDetails"/>
  <testcase name="basicDetails" time="162.134" classname="com.IGM_Kolkata.tc.TC003_IGMBasicDetails"/>
  <testcase name="basicDetails" time="163.463" classname="com.IGM_Kolkata.tc.TC003_IGMBasicDetails"/>
  <testcase name="basicDetails" time="163.351" classname="com.IGM_Kolkata.tc.TC003_IGMBasicDetails"/>
  <testcase name="basicDetails" time="162.212" classname="com.IGM_Kolkata.tc.TC003_IGMBasicDetails"/>
  <testcase name="basicDetails" time="162.011" classname="com.IGM_Kolkata.tc.TC003_IGMBasicDetails"/>
  <testcase name="basicDetails" time="162.338" classname="com.IGM_Kolkata.tc.TC003_IGMBasicDetails"/>
  <testcase name="basicDetails" time="162.144" classname="com.IGM_Kolkata.tc.TC003_IGMBasicDetails"/>
  <testcase name="basicDetails" time="163.656" classname="com.IGM_Kolkata.tc.TC003_IGMBasicDetails"/>
  <testcase name="basicDetails" time="162.422" classname="com.IGM_Kolkata.tc.TC003_IGMBasicDetails"/>
  <testcase name="basicDetails" time="161.999" classname="com.IGM_Kolkata.tc.TC003_IGMBasicDetails"/>
  <testcase name="basicDetails" time="163.408" classname="com.IGM_Kolkata.tc.TC003_IGMBasicDetails"/>
  <testcase name="basicDetails" time="162.114" classname="com.IGM_Kolkata.tc.TC003_IGMBasicDetails"/>
  <testcase name="basicDetails" time="164.645" classname="com.IGM_Kolkata.tc.TC003_IGMBasicDetails"/>
  <testcase name="basicDetails" time="162.630" classname="com.IGM_Kolkata.tc.TC003_IGMBasicDetails"/>
  <testcase name="basicDetails" time="163.578" classname="com.IGM_Kolkata.tc.TC003_IGMBasicDetails"/>
  <testcase name="basicDetails" time="163.528" classname="com.IGM_Kolkata.tc.TC003_IGMBasicDetails"/>
  <testcase name="basicDetails" time="162.456" classname="com.IGM_Kolkata.tc.TC003_IGMBasicDetails"/>
  <testcase name="basicDetails" time="162.275" classname="com.IGM_Kolkata.tc.TC003_IGMBasicDetails"/>
  <testcase name="basicDetails" time="166.575" classname="com.IGM_Kolkata.tc.TC003_IGMBasicDetails"/>
  <testcase name="basicDetails" time="161.882" classname="com.IGM_Kolkata.tc.TC003_IGMBasicDetails"/>
  <testcase name="basicDetails" time="162.045" classname="com.IGM_Kolkata.tc.TC003_IGMBasicDetails"/>
  <testcase name="basicDetails" time="162.279" classname="com.IGM_Kolkata.tc.TC003_IGMBasicDetails"/>
  <testcase name="basicDetails" time="163.462" classname="com.IGM_Kolkata.tc.TC003_IGMBasicDetails"/>
  <testcase name="basicDetails" time="163.657" classname="com.IGM_Kolkata.tc.TC003_IGMBasicDetails"/>
  <testcase name="basicDetails" time="162.122" classname="com.IGM_Kolkata.tc.TC003_IGMBasicDetails"/>
  <testcase name="basicDetails" time="162.138" classname="com.IGM_Kolkata.tc.TC003_IGMBasicDetails"/>
  <testcase name="basicDetails" time="163.487" classname="com.IGM_Kolkata.tc.TC003_IGMBasicDetails"/>
  <testcase name="basicDetails" time="163.372" classname="com.IGM_Kolkata.tc.TC003_IGMBasicDetails"/>
  <testcase name="basicDetails" time="162.273" classname="com.IGM_Kolkata.tc.TC003_IGMBasicDetails"/>
  <testcase name="basicDetails" time="163.340" classname="com.IGM_Kolkata.tc.TC003_IGMBasicDetails"/>
  <testcase name="basicDetails" time="162.978" classname="com.IGM_Kolkata.tc.TC003_IGMBasicDetails"/>
  <testcase name="basicDetails" time="162.111" classname="com.IGM_Kolkata.tc.TC003_IGMBasicDetails"/>
  <testcase name="basicDetails" time="163.502" classname="com.IGM_Kolkata.tc.TC003_IGMBasicDetails"/>
  <testcase name="basicDetails" time="163.251" classname="com.IGM_Kolkata.tc.TC003_IGMBasicDetails"/>
  <testcase name="basicDetails" time="163.360" classname="com.IGM_Kolkata.tc.TC003_IGMBasicDetails"/>
  <testcase name="basicDetails" time="162.348" classname="com.IGM_Kolkata.tc.TC003_IGMBasicDetails"/>
  <testcase name="basicDetails" time="162.433" classname="com.IGM_Kolkata.tc.TC003_IGMBasicDetails"/>
  <testcase name="basicDetails" time="161.893" classname="com.IGM_Kolkata.tc.TC003_IGMBasicDetails"/>
  <testcase name="basicDetails" time="161.930" classname="com.IGM_Kolkata.tc.TC003_IGMBasicDetails"/>
  <testcase name="basicDetails" time="163.212" classname="com.IGM_Kolkata.tc.TC003_IGMBasicDetails"/>
  <testcase name="basicDetails" time="163.442" classname="com.IGM_Kolkata.tc.TC003_IGMBasicDetails"/>
  <testcase name="basicDetails" time="162.225" classname="com.IGM_Kolkata.tc.TC003_IGMBasicDetails"/>
  <testcase name="basicDetails" time="162.559" classname="com.IGM_Kolkata.tc.TC003_IGMBasicDetails"/>
  <testcase name="basicDetails" time="163.442" classname="com.IGM_Kolkata.tc.TC003_IGMBasicDetails"/>
  <testcase name="basicDetails" time="162.083" classname="com.IGM_Kolkata.tc.TC003_IGMBasicDetails"/>
  <testcase name="basicDetails" time="163.111" classname="com.IGM_Kolkata.tc.TC003_IGMBasicDetails"/>
  <testcase name="basicDetails" time="172.970" classname="com.IGM_Kolkata.tc.TC003_IGMBasicDetails"/>
  <testcase name="basicDetails" time="162.203" classname="com.IGM_Kolkata.tc.TC003_IGMBasicDetails"/>
  <testcase name="basicDetails" time="163.477" classname="com.IGM_Kolkata.tc.TC003_IGMBasicDetails"/>
  <testcase name="basicDetails" time="164.363" classname="com.IGM_Kolkata.tc.TC003_IGMBasicDetails"/>
  <testcase name="basicDetails" time="162.750" classname="com.IGM_Kolkata.tc.TC003_IGMBasicDetails"/>
  <testcase name="basicDetails" time="161.870" classname="com.IGM_Kolkata.tc.TC003_IGMBasicDetails"/>
  <testcase name="basicDetails" time="163.091" classname="com.IGM_Kolkata.tc.TC003_IGMBasicDetails"/>
  <testcase name="basicDetails" time="162.324" classname="com.IGM_Kolkata.tc.TC003_IGMBasicDetails"/>
</testsuite> <!-- com.IGM_Kolkata.tc.TC003_IGMBasicDetails -->
