<?xml version="1.0" encoding="UTF-8"?>
<!-- Generated by org.testng.reporters.JUnitReportReporter -->
<testsuite skipped="0" hostname="MAA014482B" name="com.SBI_14Nov22.tc.TC003_SBIBasicDetails" tests="20" failures="0" timestamp="2022-11-14T13:44:47 IST" time="3248.725" errors="0">
  <testcase name="basicDetails" time="161.899" classname="com.SBI_14Nov22.tc.TC003_SBIBasicDetails"/>
  <testcase name="basicDetails" time="161.693" classname="com.SBI_14Nov22.tc.TC003_SBIBasicDetails"/>
  <testcase name="basicDetails" time="162.159" classname="com.SBI_14Nov22.tc.TC003_SBIBasicDetails"/>
  <testcase name="basicDetails" time="163.116" classname="com.SBI_14Nov22.tc.TC003_SBIBasicDetails"/>
  <testcase name="basicDetails" time="160.710" classname="com.SBI_14Nov22.tc.TC003_SBIBasicDetails"/>
  <testcase name="basicDetails" time="161.885" classname="com.SBI_14Nov22.tc.TC003_SBIBasicDetails"/>
  <testcase name="basicDetails" time="161.403" classname="com.SBI_14Nov22.tc.TC003_SBIBasicDetails"/>
  <testcase name="basicDetails" time="161.750" classname="com.SBI_14Nov22.tc.TC003_SBIBasicDetails"/>
  <testcase name="basicDetails" time="162.078" classname="com.SBI_14Nov22.tc.TC003_SBIBasicDetails"/>
  <testcase name="basicDetails" time="161.865" classname="com.SBI_14Nov22.tc.TC003_SBIBasicDetails"/>
  <testcase name="basicDetails" time="168.891" classname="com.SBI_14Nov22.tc.TC003_SBIBasicDetails"/>
  <testcase name="basicDetails" time="162.054" classname="com.SBI_14Nov22.tc.TC003_SBIBasicDetails"/>
  <testcase name="basicDetails" time="162.511" classname="com.SBI_14Nov22.tc.TC003_SBIBasicDetails"/>
  <testcase name="basicDetails" time="163.075" classname="com.SBI_14Nov22.tc.TC003_SBIBasicDetails"/>
  <testcase name="basicDetails" time="163.028" classname="com.SBI_14Nov22.tc.TC003_SBIBasicDetails"/>
  <testcase name="basicDetails" time="162.490" classname="com.SBI_14Nov22.tc.TC003_SBIBasicDetails"/>
  <testcase name="basicDetails" time="160.929" classname="com.SBI_14Nov22.tc.TC003_SBIBasicDetails"/>
  <testcase name="basicDetails" time="163.182" classname="com.SBI_14Nov22.tc.TC003_SBIBasicDetails"/>
  <testcase name="basicDetails" time="162.113" classname="com.SBI_14Nov22.tc.TC003_SBIBasicDetails"/>
  <testcase name="basicDetails" time="161.894" classname="com.SBI_14Nov22.tc.TC003_SBIBasicDetails"/>
</testsuite> <!-- com.SBI_14Nov22.tc.TC003_SBIBasicDetails -->
