<?xml version="1.0" encoding="UTF-8"?>
<!-- Generated by org.testng.reporters.JUnitReportReporter -->
<testsuite hostname="MAA011253A" failures="0" tests="126" name="com.canara.tc.TC005_CANARABasicDetails" time="15406.666" errors="1" timestamp="2020-11-23T19:27:20 IST" skipped="0">
  <testcase classname="com.canara.tc.TC005_CANARABasicDetails" name="basicDetails" time="122.375"/>
  <testcase classname="com.canara.tc.TC005_CANARABasicDetails" name="basicDetails" time="122.096"/>
  <testcase classname="com.canara.tc.TC005_CANARABasicDetails" name="basicDetails" time="122.562"/>
  <testcase classname="com.canara.tc.TC005_CANARABasicDetails" name="basicDetails" time="122.714"/>
  <testcase classname="com.canara.tc.TC005_CANARABasicDetails" name="basicDetails" time="122.179"/>
  <testcase classname="com.canara.tc.TC005_CANARABasicDetails" name="basicDetails" time="122.061"/>
  <testcase classname="com.canara.tc.TC005_CANARABasicDetails" name="basicDetails" time="122.206"/>
  <testcase classname="com.canara.tc.TC005_CANARABasicDetails" name="basicDetails" time="121.885"/>
  <testcase classname="com.canara.tc.TC005_CANARABasicDetails" name="basicDetails" time="121.960"/>
  <testcase classname="com.canara.tc.TC005_CANARABasicDetails" name="basicDetails" time="127.154"/>
  <testcase classname="com.canara.tc.TC005_CANARABasicDetails" name="basicDetails" time="122.852"/>
  <testcase classname="com.canara.tc.TC005_CANARABasicDetails" name="basicDetails" time="122.905"/>
  <testcase classname="com.canara.tc.TC005_CANARABasicDetails" name="basicDetails" time="122.768"/>
  <testcase classname="com.canara.tc.TC005_CANARABasicDetails" name="basicDetails" time="122.476"/>
  <testcase classname="com.canara.tc.TC005_CANARABasicDetails" name="basicDetails" time="122.295"/>
  <testcase classname="com.canara.tc.TC005_CANARABasicDetails" name="basicDetails" time="122.431"/>
  <testcase classname="com.canara.tc.TC005_CANARABasicDetails" name="basicDetails" time="122.338"/>
  <testcase classname="com.canara.tc.TC005_CANARABasicDetails" name="basicDetails" time="123.193"/>
  <testcase classname="com.canara.tc.TC005_CANARABasicDetails" name="afterClass" time="1.522">
    <error type="java.lang.NullPointerException">
      <![CDATA[java.lang.NullPointerException
at lib.utils.HTMLReporter.reportStep(HTMLReporter.java:73)
at lib.selenium.WebDriverServiceImpl.closeAllBrowsers(WebDriverServiceImpl.java:495)
at lib.selenium.PreAndPost.afterClass(PreAndPost.java:72)
at java.base/jdk.internal.reflect.NativeMethodAccessorImpl.invoke0(Native Method)
at java.base/jdk.internal.reflect.NativeMethodAccessorImpl.invoke(Unknown Source)
at java.base/jdk.internal.reflect.DelegatingMethodAccessorImpl.invoke(Unknown Source)
at java.base/java.lang.reflect.Method.invoke(Unknown Source)
at org.testng.internal.MethodInvocationHelper.invokeMethod(MethodInvocationHelper.java:133)
at org.testng.internal.MethodInvocationHelper.invokeMethodConsideringTimeout(MethodInvocationHelper.java:62)
at org.testng.internal.ConfigInvoker.invokeConfigurationMethod(ConfigInvoker.java:340)
at org.testng.internal.ConfigInvoker.invokeConfigurations(ConfigInvoker.java:294)
at org.testng.internal.TestMethodWorker.invokeAfterClassMethods(TestMethodWorker.java:217)
at org.testng.internal.TestMethodWorker.run(TestMethodWorker.java:130)
at java.base/java.util.concurrent.ThreadPoolExecutor.runWorker(Unknown Source)
at java.base/java.util.concurrent.ThreadPoolExecutor$Worker.run(Unknown Source)
at java.base/java.lang.Thread.run(Unknown Source)
]]>
    </error>
  </testcase> <!-- afterClass -->
  <testcase classname="com.canara.tc.TC005_CANARABasicDetails" name="basicDetails" time="122.506"/>
  <testcase classname="com.canara.tc.TC005_CANARABasicDetails" name="basicDetails" time="122.948"/>
  <testcase classname="com.canara.tc.TC005_CANARABasicDetails" name="basicDetails" time="148.648"/>
  <testcase classname="com.canara.tc.TC005_CANARABasicDetails" name="basicDetails" time="145.719"/>
  <testcase classname="com.canara.tc.TC005_CANARABasicDetails" name="basicDetails" time="122.328"/>
  <testcase classname="com.canara.tc.TC005_CANARABasicDetails" name="basicDetails" time="122.046"/>
  <testcase classname="com.canara.tc.TC005_CANARABasicDetails" name="basicDetails" time="123.315"/>
  <testcase classname="com.canara.tc.TC005_CANARABasicDetails" name="basicDetails" time="122.243"/>
  <testcase classname="com.canara.tc.TC005_CANARABasicDetails" name="basicDetails" time="122.266"/>
  <testcase classname="com.canara.tc.TC005_CANARABasicDetails" name="basicDetails" time="122.198"/>
  <testcase classname="com.canara.tc.TC005_CANARABasicDetails" name="basicDetails" time="122.799"/>
  <testcase classname="com.canara.tc.TC005_CANARABasicDetails" name="basicDetails" time="122.697"/>
  <testcase classname="com.canara.tc.TC005_CANARABasicDetails" name="basicDetails" time="122.556"/>
  <testcase classname="com.canara.tc.TC005_CANARABasicDetails" name="basicDetails" time="122.906"/>
  <testcase classname="com.canara.tc.TC005_CANARABasicDetails" name="basicDetails" time="122.126"/>
  <testcase classname="com.canara.tc.TC005_CANARABasicDetails" name="basicDetails" time="131.125"/>
  <testcase classname="com.canara.tc.TC005_CANARABasicDetails" name="basicDetails" time="122.659"/>
  <testcase classname="com.canara.tc.TC005_CANARABasicDetails" name="basicDetails" time="123.340"/>
  <testcase classname="com.canara.tc.TC005_CANARABasicDetails" name="basicDetails" time="122.569"/>
  <testcase classname="com.canara.tc.TC005_CANARABasicDetails" name="basicDetails" time="122.271"/>
  <testcase classname="com.canara.tc.TC005_CANARABasicDetails" name="basicDetails" time="122.207"/>
  <testcase classname="com.canara.tc.TC005_CANARABasicDetails" name="basicDetails" time="122.855"/>
  <testcase classname="com.canara.tc.TC005_CANARABasicDetails" name="basicDetails" time="122.083"/>
  <testcase classname="com.canara.tc.TC005_CANARABasicDetails" name="basicDetails" time="122.473"/>
  <testcase classname="com.canara.tc.TC005_CANARABasicDetails" name="basicDetails" time="122.010"/>
  <testcase classname="com.canara.tc.TC005_CANARABasicDetails" name="basicDetails" time="122.442"/>
  <testcase classname="com.canara.tc.TC005_CANARABasicDetails" name="basicDetails" time="122.679"/>
  <testcase classname="com.canara.tc.TC005_CANARABasicDetails" name="basicDetails" time="121.764"/>
  <testcase classname="com.canara.tc.TC005_CANARABasicDetails" name="basicDetails" time="121.810"/>
  <testcase classname="com.canara.tc.TC005_CANARABasicDetails" name="basicDetails" time="122.142"/>
  <testcase classname="com.canara.tc.TC005_CANARABasicDetails" name="basicDetails" time="122.404"/>
  <testcase classname="com.canara.tc.TC005_CANARABasicDetails" name="basicDetails" time="122.647"/>
  <testcase classname="com.canara.tc.TC005_CANARABasicDetails" name="basicDetails" time="121.922"/>
  <testcase classname="com.canara.tc.TC005_CANARABasicDetails" name="basicDetails" time="123.006"/>
  <testcase classname="com.canara.tc.TC005_CANARABasicDetails" name="basicDetails" time="122.661"/>
  <testcase classname="com.canara.tc.TC005_CANARABasicDetails" name="basicDetails" time="122.047"/>
  <testcase classname="com.canara.tc.TC005_CANARABasicDetails" name="basicDetails" time="122.985"/>
  <testcase classname="com.canara.tc.TC005_CANARABasicDetails" name="basicDetails" time="122.727"/>
  <testcase classname="com.canara.tc.TC005_CANARABasicDetails" name="basicDetails" time="122.081"/>
  <testcase classname="com.canara.tc.TC005_CANARABasicDetails" name="basicDetails" time="121.882"/>
  <testcase classname="com.canara.tc.TC005_CANARABasicDetails" name="basicDetails" time="122.612"/>
  <testcase classname="com.canara.tc.TC005_CANARABasicDetails" name="basicDetails" time="122.278"/>
  <testcase classname="com.canara.tc.TC005_CANARABasicDetails" name="basicDetails" time="122.746"/>
  <testcase classname="com.canara.tc.TC005_CANARABasicDetails" name="basicDetails" time="122.456"/>
  <testcase classname="com.canara.tc.TC005_CANARABasicDetails" name="basicDetails" time="123.000"/>
  <testcase classname="com.canara.tc.TC005_CANARABasicDetails" name="basicDetails" time="122.787"/>
  <testcase classname="com.canara.tc.TC005_CANARABasicDetails" name="basicDetails" time="122.230"/>
  <testcase classname="com.canara.tc.TC005_CANARABasicDetails" name="basicDetails" time="122.437"/>
  <testcase classname="com.canara.tc.TC005_CANARABasicDetails" name="basicDetails" time="122.251"/>
  <testcase classname="com.canara.tc.TC005_CANARABasicDetails" name="basicDetails" time="121.897"/>
  <testcase classname="com.canara.tc.TC005_CANARABasicDetails" name="basicDetails" time="123.354"/>
  <testcase classname="com.canara.tc.TC005_CANARABasicDetails" name="basicDetails" time="122.417"/>
  <testcase classname="com.canara.tc.TC005_CANARABasicDetails" name="basicDetails" time="150.282"/>
  <testcase classname="com.canara.tc.TC005_CANARABasicDetails" name="basicDetails" time="121.765"/>
  <testcase classname="com.canara.tc.TC005_CANARABasicDetails" name="basicDetails" time="122.162"/>
  <testcase classname="com.canara.tc.TC005_CANARABasicDetails" name="basicDetails" time="122.281"/>
  <testcase classname="com.canara.tc.TC005_CANARABasicDetails" name="basicDetails" time="122.018"/>
  <testcase classname="com.canara.tc.TC005_CANARABasicDetails" name="basicDetails" time="122.372"/>
  <testcase classname="com.canara.tc.TC005_CANARABasicDetails" name="basicDetails" time="121.752"/>
  <testcase classname="com.canara.tc.TC005_CANARABasicDetails" name="basicDetails" time="122.668"/>
  <testcase classname="com.canara.tc.TC005_CANARABasicDetails" name="basicDetails" time="122.466"/>
  <testcase classname="com.canara.tc.TC005_CANARABasicDetails" name="basicDetails" time="121.898"/>
  <testcase classname="com.canara.tc.TC005_CANARABasicDetails" name="basicDetails" time="122.785"/>
  <testcase classname="com.canara.tc.TC005_CANARABasicDetails" name="basicDetails" time="122.498"/>
  <testcase classname="com.canara.tc.TC005_CANARABasicDetails" name="basicDetails" time="121.934"/>
  <testcase classname="com.canara.tc.TC005_CANARABasicDetails" name="basicDetails" time="127.880"/>
  <testcase classname="com.canara.tc.TC005_CANARABasicDetails" name="basicDetails" time="122.568"/>
  <testcase classname="com.canara.tc.TC005_CANARABasicDetails" name="basicDetails" time="122.173"/>
  <testcase classname="com.canara.tc.TC005_CANARABasicDetails" name="basicDetails" time="122.528"/>
  <testcase classname="com.canara.tc.TC005_CANARABasicDetails" name="basicDetails" time="124.059"/>
  <testcase classname="com.canara.tc.TC005_CANARABasicDetails" name="basicDetails" time="122.292"/>
  <testcase classname="com.canara.tc.TC005_CANARABasicDetails" name="basicDetails" time="122.591"/>
  <testcase classname="com.canara.tc.TC005_CANARABasicDetails" name="basicDetails" time="122.442"/>
  <testcase classname="com.canara.tc.TC005_CANARABasicDetails" name="basicDetails" time="122.338"/>
  <testcase classname="com.canara.tc.TC005_CANARABasicDetails" name="basicDetails" time="122.191"/>
  <testcase classname="com.canara.tc.TC005_CANARABasicDetails" name="basicDetails" time="122.548"/>
  <testcase classname="com.canara.tc.TC005_CANARABasicDetails" name="basicDetails" time="122.235"/>
  <testcase classname="com.canara.tc.TC005_CANARABasicDetails" name="basicDetails" time="122.395"/>
  <testcase classname="com.canara.tc.TC005_CANARABasicDetails" name="basicDetails" time="122.520"/>
  <testcase classname="com.canara.tc.TC005_CANARABasicDetails" name="basicDetails" time="122.309"/>
  <testcase classname="com.canara.tc.TC005_CANARABasicDetails" name="basicDetails" time="123.005"/>
  <testcase classname="com.canara.tc.TC005_CANARABasicDetails" name="basicDetails" time="122.639"/>
  <testcase classname="com.canara.tc.TC005_CANARABasicDetails" name="basicDetails" time="122.477"/>
  <testcase classname="com.canara.tc.TC005_CANARABasicDetails" name="basicDetails" time="122.318"/>
  <testcase classname="com.canara.tc.TC005_CANARABasicDetails" name="basicDetails" time="122.500"/>
  <testcase classname="com.canara.tc.TC005_CANARABasicDetails" name="basicDetails" time="122.131"/>
  <testcase classname="com.canara.tc.TC005_CANARABasicDetails" name="basicDetails" time="122.873"/>
  <testcase classname="com.canara.tc.TC005_CANARABasicDetails" name="basicDetails" time="122.240"/>
  <testcase classname="com.canara.tc.TC005_CANARABasicDetails" name="basicDetails" time="122.301"/>
  <testcase classname="com.canara.tc.TC005_CANARABasicDetails" name="basicDetails" time="122.790"/>
  <testcase classname="com.canara.tc.TC005_CANARABasicDetails" name="basicDetails" time="122.528"/>
  <testcase classname="com.canara.tc.TC005_CANARABasicDetails" name="basicDetails" time="122.471"/>
  <testcase classname="com.canara.tc.TC005_CANARABasicDetails" name="basicDetails" time="122.013"/>
  <testcase classname="com.canara.tc.TC005_CANARABasicDetails" name="basicDetails" time="122.929"/>
  <testcase classname="com.canara.tc.TC005_CANARABasicDetails" name="basicDetails" time="122.264"/>
  <testcase classname="com.canara.tc.TC005_CANARABasicDetails" name="basicDetails" time="122.892"/>
  <testcase classname="com.canara.tc.TC005_CANARABasicDetails" name="basicDetails" time="122.599"/>
  <testcase classname="com.canara.tc.TC005_CANARABasicDetails" name="basicDetails" time="123.644"/>
  <testcase classname="com.canara.tc.TC005_CANARABasicDetails" name="basicDetails" time="121.907"/>
  <testcase classname="com.canara.tc.TC005_CANARABasicDetails" name="basicDetails" time="123.301"/>
  <testcase classname="com.canara.tc.TC005_CANARABasicDetails" name="basicDetails" time="122.586"/>
  <testcase classname="com.canara.tc.TC005_CANARABasicDetails" name="basicDetails" time="123.048"/>
  <testcase classname="com.canara.tc.TC005_CANARABasicDetails" name="basicDetails" time="122.520"/>
  <testcase classname="com.canara.tc.TC005_CANARABasicDetails" name="basicDetails" time="122.807"/>
  <testcase classname="com.canara.tc.TC005_CANARABasicDetails" name="basicDetails" time="122.253"/>
  <testcase classname="com.canara.tc.TC005_CANARABasicDetails" name="basicDetails" time="122.156"/>
  <testcase classname="com.canara.tc.TC005_CANARABasicDetails" name="basicDetails" time="122.995"/>
</testsuite> <!-- com.canara.tc.TC005_CANARABasicDetails -->
