<?xml version="1.0" encoding="UTF-8"?>
<!-- Generated by org.testng.reporters.JUnitReportReporter -->
<testsuite skipped="0" hostname="MAA014482B" name="com.BMC_April23.tc.TC003_BMCBasicDetails" tests="180" failures="0" timestamp="2023-05-05T23:31:22 IST" time="27853.645" errors="0">
  <testcase name="basicDetails" time="154.419" classname="com.BMC_April23.tc.TC003_BMCBasicDetails"/>
  <testcase name="basicDetails" time="154.528" classname="com.BMC_April23.tc.TC003_BMCBasicDetails"/>
  <testcase name="basicDetails" time="154.527" classname="com.BMC_April23.tc.TC003_BMCBasicDetails"/>
  <testcase name="basicDetails" time="154.858" classname="com.BMC_April23.tc.TC003_BMCBasicDetails"/>
  <testcase name="basicDetails" time="154.987" classname="com.BMC_April23.tc.TC003_BMCBasicDetails"/>
  <testcase name="basicDetails" time="154.943" classname="com.BMC_April23.tc.TC003_BMCBasicDetails"/>
  <testcase name="basicDetails" time="154.946" classname="com.BMC_April23.tc.TC003_BMCBasicDetails"/>
  <testcase name="basicDetails" time="154.320" classname="com.BMC_April23.tc.TC003_BMCBasicDetails"/>
  <testcase name="basicDetails" time="155.125" classname="com.BMC_April23.tc.TC003_BMCBasicDetails"/>
  <testcase name="basicDetails" time="154.590" classname="com.BMC_April23.tc.TC003_BMCBasicDetails"/>
  <testcase name="basicDetails" time="155.411" classname="com.BMC_April23.tc.TC003_BMCBasicDetails"/>
  <testcase name="basicDetails" time="154.517" classname="com.BMC_April23.tc.TC003_BMCBasicDetails"/>
  <testcase name="basicDetails" time="153.895" classname="com.BMC_April23.tc.TC003_BMCBasicDetails"/>
  <testcase name="basicDetails" time="154.755" classname="com.BMC_April23.tc.TC003_BMCBasicDetails"/>
  <testcase name="basicDetails" time="154.675" classname="com.BMC_April23.tc.TC003_BMCBasicDetails"/>
  <testcase name="basicDetails" time="154.731" classname="com.BMC_April23.tc.TC003_BMCBasicDetails"/>
  <testcase name="basicDetails" time="154.446" classname="com.BMC_April23.tc.TC003_BMCBasicDetails"/>
  <testcase name="basicDetails" time="153.825" classname="com.BMC_April23.tc.TC003_BMCBasicDetails"/>
  <testcase name="basicDetails" time="154.185" classname="com.BMC_April23.tc.TC003_BMCBasicDetails"/>
  <testcase name="basicDetails" time="155.374" classname="com.BMC_April23.tc.TC003_BMCBasicDetails"/>
  <testcase name="basicDetails" time="154.535" classname="com.BMC_April23.tc.TC003_BMCBasicDetails"/>
  <testcase name="basicDetails" time="154.547" classname="com.BMC_April23.tc.TC003_BMCBasicDetails"/>
  <testcase name="basicDetails" time="155.300" classname="com.BMC_April23.tc.TC003_BMCBasicDetails"/>
  <testcase name="basicDetails" time="154.664" classname="com.BMC_April23.tc.TC003_BMCBasicDetails"/>
  <testcase name="basicDetails" time="155.300" classname="com.BMC_April23.tc.TC003_BMCBasicDetails"/>
  <testcase name="basicDetails" time="154.679" classname="com.BMC_April23.tc.TC003_BMCBasicDetails"/>
  <testcase name="basicDetails" time="154.740" classname="com.BMC_April23.tc.TC003_BMCBasicDetails"/>
  <testcase name="basicDetails" time="154.819" classname="com.BMC_April23.tc.TC003_BMCBasicDetails"/>
  <testcase name="basicDetails" time="154.794" classname="com.BMC_April23.tc.TC003_BMCBasicDetails"/>
  <testcase name="basicDetails" time="154.720" classname="com.BMC_April23.tc.TC003_BMCBasicDetails"/>
  <testcase name="basicDetails" time="155.355" classname="com.BMC_April23.tc.TC003_BMCBasicDetails"/>
  <testcase name="basicDetails" time="154.604" classname="com.BMC_April23.tc.TC003_BMCBasicDetails"/>
  <testcase name="basicDetails" time="154.440" classname="com.BMC_April23.tc.TC003_BMCBasicDetails"/>
  <testcase name="basicDetails" time="154.804" classname="com.BMC_April23.tc.TC003_BMCBasicDetails"/>
  <testcase name="basicDetails" time="154.730" classname="com.BMC_April23.tc.TC003_BMCBasicDetails"/>
  <testcase name="basicDetails" time="154.703" classname="com.BMC_April23.tc.TC003_BMCBasicDetails"/>
  <testcase name="basicDetails" time="154.810" classname="com.BMC_April23.tc.TC003_BMCBasicDetails"/>
  <testcase name="basicDetails" time="154.873" classname="com.BMC_April23.tc.TC003_BMCBasicDetails"/>
  <testcase name="basicDetails" time="155.246" classname="com.BMC_April23.tc.TC003_BMCBasicDetails"/>
  <testcase name="basicDetails" time="155.832" classname="com.BMC_April23.tc.TC003_BMCBasicDetails"/>
  <testcase name="basicDetails" time="154.854" classname="com.BMC_April23.tc.TC003_BMCBasicDetails"/>
  <testcase name="basicDetails" time="155.573" classname="com.BMC_April23.tc.TC003_BMCBasicDetails"/>
  <testcase name="basicDetails" time="154.739" classname="com.BMC_April23.tc.TC003_BMCBasicDetails"/>
  <testcase name="basicDetails" time="154.369" classname="com.BMC_April23.tc.TC003_BMCBasicDetails"/>
  <testcase name="basicDetails" time="154.854" classname="com.BMC_April23.tc.TC003_BMCBasicDetails"/>
  <testcase name="basicDetails" time="154.894" classname="com.BMC_April23.tc.TC003_BMCBasicDetails"/>
  <testcase name="basicDetails" time="154.842" classname="com.BMC_April23.tc.TC003_BMCBasicDetails"/>
  <testcase name="basicDetails" time="154.823" classname="com.BMC_April23.tc.TC003_BMCBasicDetails"/>
  <testcase name="basicDetails" time="154.453" classname="com.BMC_April23.tc.TC003_BMCBasicDetails"/>
  <testcase name="basicDetails" time="154.683" classname="com.BMC_April23.tc.TC003_BMCBasicDetails"/>
  <testcase name="basicDetails" time="154.494" classname="com.BMC_April23.tc.TC003_BMCBasicDetails"/>
  <testcase name="basicDetails" time="155.625" classname="com.BMC_April23.tc.TC003_BMCBasicDetails"/>
  <testcase name="basicDetails" time="154.665" classname="com.BMC_April23.tc.TC003_BMCBasicDetails"/>
  <testcase name="basicDetails" time="155.013" classname="com.BMC_April23.tc.TC003_BMCBasicDetails"/>
  <testcase name="basicDetails" time="154.856" classname="com.BMC_April23.tc.TC003_BMCBasicDetails"/>
  <testcase name="basicDetails" time="154.874" classname="com.BMC_April23.tc.TC003_BMCBasicDetails"/>
  <testcase name="basicDetails" time="154.445" classname="com.BMC_April23.tc.TC003_BMCBasicDetails"/>
  <testcase name="basicDetails" time="155.192" classname="com.BMC_April23.tc.TC003_BMCBasicDetails"/>
  <testcase name="basicDetails" time="154.669" classname="com.BMC_April23.tc.TC003_BMCBasicDetails"/>
  <testcase name="basicDetails" time="154.262" classname="com.BMC_April23.tc.TC003_BMCBasicDetails"/>
  <testcase name="basicDetails" time="154.430" classname="com.BMC_April23.tc.TC003_BMCBasicDetails"/>
  <testcase name="basicDetails" time="154.795" classname="com.BMC_April23.tc.TC003_BMCBasicDetails"/>
  <testcase name="basicDetails" time="154.322" classname="com.BMC_April23.tc.TC003_BMCBasicDetails"/>
  <testcase name="basicDetails" time="155.152" classname="com.BMC_April23.tc.TC003_BMCBasicDetails"/>
  <testcase name="basicDetails" time="154.857" classname="com.BMC_April23.tc.TC003_BMCBasicDetails"/>
  <testcase name="basicDetails" time="154.470" classname="com.BMC_April23.tc.TC003_BMCBasicDetails"/>
  <testcase name="basicDetails" time="155.894" classname="com.BMC_April23.tc.TC003_BMCBasicDetails"/>
  <testcase name="basicDetails" time="154.526" classname="com.BMC_April23.tc.TC003_BMCBasicDetails"/>
  <testcase name="basicDetails" time="154.790" classname="com.BMC_April23.tc.TC003_BMCBasicDetails"/>
  <testcase name="basicDetails" time="154.719" classname="com.BMC_April23.tc.TC003_BMCBasicDetails"/>
  <testcase name="basicDetails" time="154.772" classname="com.BMC_April23.tc.TC003_BMCBasicDetails"/>
  <testcase name="basicDetails" time="154.908" classname="com.BMC_April23.tc.TC003_BMCBasicDetails"/>
  <testcase name="basicDetails" time="154.689" classname="com.BMC_April23.tc.TC003_BMCBasicDetails"/>
  <testcase name="basicDetails" time="154.653" classname="com.BMC_April23.tc.TC003_BMCBasicDetails"/>
  <testcase name="basicDetails" time="155.605" classname="com.BMC_April23.tc.TC003_BMCBasicDetails"/>
  <testcase name="basicDetails" time="154.552" classname="com.BMC_April23.tc.TC003_BMCBasicDetails"/>
  <testcase name="basicDetails" time="154.690" classname="com.BMC_April23.tc.TC003_BMCBasicDetails"/>
  <testcase name="basicDetails" time="154.128" classname="com.BMC_April23.tc.TC003_BMCBasicDetails"/>
  <testcase name="basicDetails" time="154.953" classname="com.BMC_April23.tc.TC003_BMCBasicDetails"/>
  <testcase name="basicDetails" time="154.108" classname="com.BMC_April23.tc.TC003_BMCBasicDetails"/>
  <testcase name="basicDetails" time="155.151" classname="com.BMC_April23.tc.TC003_BMCBasicDetails"/>
  <testcase name="basicDetails" time="154.636" classname="com.BMC_April23.tc.TC003_BMCBasicDetails"/>
  <testcase name="basicDetails" time="154.506" classname="com.BMC_April23.tc.TC003_BMCBasicDetails"/>
  <testcase name="basicDetails" time="154.680" classname="com.BMC_April23.tc.TC003_BMCBasicDetails"/>
  <testcase name="basicDetails" time="154.705" classname="com.BMC_April23.tc.TC003_BMCBasicDetails"/>
  <testcase name="basicDetails" time="154.955" classname="com.BMC_April23.tc.TC003_BMCBasicDetails"/>
  <testcase name="basicDetails" time="154.776" classname="com.BMC_April23.tc.TC003_BMCBasicDetails"/>
  <testcase name="basicDetails" time="154.757" classname="com.BMC_April23.tc.TC003_BMCBasicDetails"/>
  <testcase name="basicDetails" time="154.802" classname="com.BMC_April23.tc.TC003_BMCBasicDetails"/>
  <testcase name="basicDetails" time="154.786" classname="com.BMC_April23.tc.TC003_BMCBasicDetails"/>
  <testcase name="basicDetails" time="155.012" classname="com.BMC_April23.tc.TC003_BMCBasicDetails"/>
  <testcase name="basicDetails" time="154.891" classname="com.BMC_April23.tc.TC003_BMCBasicDetails"/>
  <testcase name="basicDetails" time="153.987" classname="com.BMC_April23.tc.TC003_BMCBasicDetails"/>
  <testcase name="basicDetails" time="154.193" classname="com.BMC_April23.tc.TC003_BMCBasicDetails"/>
  <testcase name="basicDetails" time="154.284" classname="com.BMC_April23.tc.TC003_BMCBasicDetails"/>
  <testcase name="basicDetails" time="154.346" classname="com.BMC_April23.tc.TC003_BMCBasicDetails"/>
  <testcase name="basicDetails" time="154.657" classname="com.BMC_April23.tc.TC003_BMCBasicDetails"/>
  <testcase name="basicDetails" time="155.371" classname="com.BMC_April23.tc.TC003_BMCBasicDetails"/>
  <testcase name="basicDetails" time="155.133" classname="com.BMC_April23.tc.TC003_BMCBasicDetails"/>
  <testcase name="basicDetails" time="155.088" classname="com.BMC_April23.tc.TC003_BMCBasicDetails"/>
  <testcase name="basicDetails" time="154.408" classname="com.BMC_April23.tc.TC003_BMCBasicDetails"/>
  <testcase name="basicDetails" time="154.626" classname="com.BMC_April23.tc.TC003_BMCBasicDetails"/>
  <testcase name="basicDetails" time="154.938" classname="com.BMC_April23.tc.TC003_BMCBasicDetails"/>
  <testcase name="basicDetails" time="154.560" classname="com.BMC_April23.tc.TC003_BMCBasicDetails"/>
  <testcase name="basicDetails" time="154.865" classname="com.BMC_April23.tc.TC003_BMCBasicDetails"/>
  <testcase name="basicDetails" time="154.671" classname="com.BMC_April23.tc.TC003_BMCBasicDetails"/>
  <testcase name="basicDetails" time="155.022" classname="com.BMC_April23.tc.TC003_BMCBasicDetails"/>
  <testcase name="basicDetails" time="154.908" classname="com.BMC_April23.tc.TC003_BMCBasicDetails"/>
  <testcase name="basicDetails" time="154.367" classname="com.BMC_April23.tc.TC003_BMCBasicDetails"/>
  <testcase name="basicDetails" time="154.914" classname="com.BMC_April23.tc.TC003_BMCBasicDetails"/>
  <testcase name="basicDetails" time="154.959" classname="com.BMC_April23.tc.TC003_BMCBasicDetails"/>
  <testcase name="basicDetails" time="155.362" classname="com.BMC_April23.tc.TC003_BMCBasicDetails"/>
  <testcase name="basicDetails" time="154.644" classname="com.BMC_April23.tc.TC003_BMCBasicDetails"/>
  <testcase name="basicDetails" time="154.777" classname="com.BMC_April23.tc.TC003_BMCBasicDetails"/>
  <testcase name="basicDetails" time="154.102" classname="com.BMC_April23.tc.TC003_BMCBasicDetails"/>
  <testcase name="basicDetails" time="154.475" classname="com.BMC_April23.tc.TC003_BMCBasicDetails"/>
  <testcase name="basicDetails" time="154.338" classname="com.BMC_April23.tc.TC003_BMCBasicDetails"/>
  <testcase name="basicDetails" time="154.429" classname="com.BMC_April23.tc.TC003_BMCBasicDetails"/>
  <testcase name="basicDetails" time="154.305" classname="com.BMC_April23.tc.TC003_BMCBasicDetails"/>
  <testcase name="basicDetails" time="154.925" classname="com.BMC_April23.tc.TC003_BMCBasicDetails"/>
  <testcase name="basicDetails" time="155.239" classname="com.BMC_April23.tc.TC003_BMCBasicDetails"/>
  <testcase name="basicDetails" time="154.705" classname="com.BMC_April23.tc.TC003_BMCBasicDetails"/>
  <testcase name="basicDetails" time="154.643" classname="com.BMC_April23.tc.TC003_BMCBasicDetails"/>
  <testcase name="basicDetails" time="154.351" classname="com.BMC_April23.tc.TC003_BMCBasicDetails"/>
  <testcase name="basicDetails" time="154.420" classname="com.BMC_April23.tc.TC003_BMCBasicDetails"/>
  <testcase name="basicDetails" time="155.441" classname="com.BMC_April23.tc.TC003_BMCBasicDetails"/>
  <testcase name="basicDetails" time="154.521" classname="com.BMC_April23.tc.TC003_BMCBasicDetails"/>
  <testcase name="basicDetails" time="154.651" classname="com.BMC_April23.tc.TC003_BMCBasicDetails"/>
  <testcase name="basicDetails" time="155.093" classname="com.BMC_April23.tc.TC003_BMCBasicDetails"/>
  <testcase name="basicDetails" time="154.351" classname="com.BMC_April23.tc.TC003_BMCBasicDetails"/>
  <testcase name="basicDetails" time="154.403" classname="com.BMC_April23.tc.TC003_BMCBasicDetails"/>
  <testcase name="basicDetails" time="154.862" classname="com.BMC_April23.tc.TC003_BMCBasicDetails"/>
  <testcase name="basicDetails" time="154.905" classname="com.BMC_April23.tc.TC003_BMCBasicDetails"/>
  <testcase name="basicDetails" time="154.573" classname="com.BMC_April23.tc.TC003_BMCBasicDetails"/>
  <testcase name="basicDetails" time="154.591" classname="com.BMC_April23.tc.TC003_BMCBasicDetails"/>
  <testcase name="basicDetails" time="154.500" classname="com.BMC_April23.tc.TC003_BMCBasicDetails"/>
  <testcase name="basicDetails" time="154.354" classname="com.BMC_April23.tc.TC003_BMCBasicDetails"/>
  <testcase name="basicDetails" time="154.583" classname="com.BMC_April23.tc.TC003_BMCBasicDetails"/>
  <testcase name="basicDetails" time="154.741" classname="com.BMC_April23.tc.TC003_BMCBasicDetails"/>
  <testcase name="basicDetails" time="154.768" classname="com.BMC_April23.tc.TC003_BMCBasicDetails"/>
  <testcase name="basicDetails" time="155.215" classname="com.BMC_April23.tc.TC003_BMCBasicDetails"/>
  <testcase name="basicDetails" time="154.546" classname="com.BMC_April23.tc.TC003_BMCBasicDetails"/>
  <testcase name="basicDetails" time="154.995" classname="com.BMC_April23.tc.TC003_BMCBasicDetails"/>
  <testcase name="basicDetails" time="154.292" classname="com.BMC_April23.tc.TC003_BMCBasicDetails"/>
  <testcase name="basicDetails" time="154.944" classname="com.BMC_April23.tc.TC003_BMCBasicDetails"/>
  <testcase name="basicDetails" time="154.644" classname="com.BMC_April23.tc.TC003_BMCBasicDetails"/>
  <testcase name="basicDetails" time="154.454" classname="com.BMC_April23.tc.TC003_BMCBasicDetails"/>
  <testcase name="basicDetails" time="155.191" classname="com.BMC_April23.tc.TC003_BMCBasicDetails"/>
  <testcase name="basicDetails" time="154.181" classname="com.BMC_April23.tc.TC003_BMCBasicDetails"/>
  <testcase name="basicDetails" time="154.917" classname="com.BMC_April23.tc.TC003_BMCBasicDetails"/>
  <testcase name="basicDetails" time="154.805" classname="com.BMC_April23.tc.TC003_BMCBasicDetails"/>
  <testcase name="basicDetails" time="157.789" classname="com.BMC_April23.tc.TC003_BMCBasicDetails"/>
  <testcase name="basicDetails" time="155.197" classname="com.BMC_April23.tc.TC003_BMCBasicDetails"/>
  <testcase name="basicDetails" time="154.823" classname="com.BMC_April23.tc.TC003_BMCBasicDetails"/>
  <testcase name="basicDetails" time="155.039" classname="com.BMC_April23.tc.TC003_BMCBasicDetails"/>
  <testcase name="basicDetails" time="154.501" classname="com.BMC_April23.tc.TC003_BMCBasicDetails"/>
  <testcase name="basicDetails" time="154.547" classname="com.BMC_April23.tc.TC003_BMCBasicDetails"/>
  <testcase name="basicDetails" time="153.991" classname="com.BMC_April23.tc.TC003_BMCBasicDetails"/>
  <testcase name="basicDetails" time="154.502" classname="com.BMC_April23.tc.TC003_BMCBasicDetails"/>
  <testcase name="basicDetails" time="154.893" classname="com.BMC_April23.tc.TC003_BMCBasicDetails"/>
  <testcase name="basicDetails" time="154.167" classname="com.BMC_April23.tc.TC003_BMCBasicDetails"/>
  <testcase name="basicDetails" time="154.144" classname="com.BMC_April23.tc.TC003_BMCBasicDetails"/>
  <testcase name="basicDetails" time="154.776" classname="com.BMC_April23.tc.TC003_BMCBasicDetails"/>
  <testcase name="basicDetails" time="154.656" classname="com.BMC_April23.tc.TC003_BMCBasicDetails"/>
  <testcase name="basicDetails" time="154.688" classname="com.BMC_April23.tc.TC003_BMCBasicDetails"/>
  <testcase name="basicDetails" time="154.341" classname="com.BMC_April23.tc.TC003_BMCBasicDetails"/>
  <testcase name="basicDetails" time="154.638" classname="com.BMC_April23.tc.TC003_BMCBasicDetails"/>
  <testcase name="basicDetails" time="154.514" classname="com.BMC_April23.tc.TC003_BMCBasicDetails"/>
  <testcase name="basicDetails" time="154.581" classname="com.BMC_April23.tc.TC003_BMCBasicDetails"/>
  <testcase name="basicDetails" time="154.818" classname="com.BMC_April23.tc.TC003_BMCBasicDetails"/>
  <testcase name="basicDetails" time="154.640" classname="com.BMC_April23.tc.TC003_BMCBasicDetails"/>
  <testcase name="basicDetails" time="154.565" classname="com.BMC_April23.tc.TC003_BMCBasicDetails"/>
  <testcase name="basicDetails" time="154.862" classname="com.BMC_April23.tc.TC003_BMCBasicDetails"/>
  <testcase name="basicDetails" time="154.884" classname="com.BMC_April23.tc.TC003_BMCBasicDetails"/>
  <testcase name="basicDetails" time="154.814" classname="com.BMC_April23.tc.TC003_BMCBasicDetails"/>
  <testcase name="basicDetails" time="154.848" classname="com.BMC_April23.tc.TC003_BMCBasicDetails"/>
  <testcase name="basicDetails" time="154.675" classname="com.BMC_April23.tc.TC003_BMCBasicDetails"/>
  <testcase name="basicDetails" time="154.281" classname="com.BMC_April23.tc.TC003_BMCBasicDetails"/>
  <testcase name="basicDetails" time="155.058" classname="com.BMC_April23.tc.TC003_BMCBasicDetails"/>
  <testcase name="basicDetails" time="154.483" classname="com.BMC_April23.tc.TC003_BMCBasicDetails"/>
</testsuite> <!-- com.BMC_April23.tc.TC003_BMCBasicDetails -->
