<?xml version="1.0" encoding="UTF-8"?>
<!-- Generated by org.testng.reporters.JUnitReportReporter -->
<testsuite skipped="0" hostname="MAA014482B" name="com.FCI_11August22.tc.TC001_FCIBasicDetails" tests="8" failures="0" timestamp="2022-08-22T16:01:07 IST" time="1298.554" errors="0">
  <testcase name="basicDetails" time="164.964" classname="com.FCI_11August22.tc.TC001_FCIBasicDetails"/>
  <testcase name="basicDetails" time="165.162" classname="com.FCI_11August22.tc.TC001_FCIBasicDetails"/>
  <testcase name="basicDetails" time="161.699" classname="com.FCI_11August22.tc.TC001_FCIBasicDetails"/>
  <testcase name="basicDetails" time="161.758" classname="com.FCI_11August22.tc.TC001_FCIBasicDetails"/>
  <testcase name="basicDetails" time="162.726" classname="com.FCI_11August22.tc.TC001_FCIBasicDetails"/>
  <testcase name="basicDetails" time="160.116" classname="com.FCI_11August22.tc.TC001_FCIBasicDetails"/>
  <testcase name="basicDetails" time="159.224" classname="com.FCI_11August22.tc.TC001_FCIBasicDetails"/>
  <testcase name="basicDetails" time="162.905" classname="com.FCI_11August22.tc.TC001_FCIBasicDetails"/>
</testsuite> <!-- com.FCI_11August22.tc.TC001_FCIBasicDetails -->
