<?xml version="1.0" encoding="UTF-8"?>
<!-- Generated by org.testng.reporters.JUnitReportReporter -->
<testsuite skipped="0" hostname="MAA014482B" name="com.RBI9FEB22.tc.TC005_RBI9FEB22BasicDetails" tests="45" failures="0" timestamp="2022-02-21T23:45:35 IST" time="5423.395" errors="0">
  <testcase name="basicDetails" time="120.363" classname="com.RBI9FEB22.tc.TC005_RBI9FEB22BasicDetails"/>
  <testcase name="basicDetails" time="120.381" classname="com.RBI9FEB22.tc.TC005_RBI9FEB22BasicDetails"/>
  <testcase name="basicDetails" time="120.588" classname="com.RBI9FEB22.tc.TC005_RBI9FEB22BasicDetails"/>
  <testcase name="basicDetails" time="120.576" classname="com.RBI9FEB22.tc.TC005_RBI9FEB22BasicDetails"/>
  <testcase name="basicDetails" time="120.346" classname="com.RBI9FEB22.tc.TC005_RBI9FEB22BasicDetails"/>
  <testcase name="basicDetails" time="120.735" classname="com.RBI9FEB22.tc.TC005_RBI9FEB22BasicDetails"/>
  <testcase name="basicDetails" time="120.194" classname="com.RBI9FEB22.tc.TC005_RBI9FEB22BasicDetails"/>
  <testcase name="basicDetails" time="120.540" classname="com.RBI9FEB22.tc.TC005_RBI9FEB22BasicDetails"/>
  <testcase name="basicDetails" time="120.617" classname="com.RBI9FEB22.tc.TC005_RBI9FEB22BasicDetails"/>
  <testcase name="basicDetails" time="120.180" classname="com.RBI9FEB22.tc.TC005_RBI9FEB22BasicDetails"/>
  <testcase name="basicDetails" time="120.360" classname="com.RBI9FEB22.tc.TC005_RBI9FEB22BasicDetails"/>
  <testcase name="basicDetails" time="120.672" classname="com.RBI9FEB22.tc.TC005_RBI9FEB22BasicDetails"/>
  <testcase name="basicDetails" time="120.770" classname="com.RBI9FEB22.tc.TC005_RBI9FEB22BasicDetails"/>
  <testcase name="basicDetails" time="120.553" classname="com.RBI9FEB22.tc.TC005_RBI9FEB22BasicDetails"/>
  <testcase name="basicDetails" time="120.454" classname="com.RBI9FEB22.tc.TC005_RBI9FEB22BasicDetails"/>
  <testcase name="basicDetails" time="120.706" classname="com.RBI9FEB22.tc.TC005_RBI9FEB22BasicDetails"/>
  <testcase name="basicDetails" time="120.593" classname="com.RBI9FEB22.tc.TC005_RBI9FEB22BasicDetails"/>
  <testcase name="basicDetails" time="120.588" classname="com.RBI9FEB22.tc.TC005_RBI9FEB22BasicDetails"/>
  <testcase name="basicDetails" time="120.701" classname="com.RBI9FEB22.tc.TC005_RBI9FEB22BasicDetails"/>
  <testcase name="basicDetails" time="120.574" classname="com.RBI9FEB22.tc.TC005_RBI9FEB22BasicDetails"/>
  <testcase name="basicDetails" time="120.572" classname="com.RBI9FEB22.tc.TC005_RBI9FEB22BasicDetails"/>
  <testcase name="basicDetails" time="120.371" classname="com.RBI9FEB22.tc.TC005_RBI9FEB22BasicDetails"/>
  <testcase name="basicDetails" time="120.460" classname="com.RBI9FEB22.tc.TC005_RBI9FEB22BasicDetails"/>
  <testcase name="basicDetails" time="120.598" classname="com.RBI9FEB22.tc.TC005_RBI9FEB22BasicDetails"/>
  <testcase name="basicDetails" time="120.421" classname="com.RBI9FEB22.tc.TC005_RBI9FEB22BasicDetails"/>
  <testcase name="basicDetails" time="121.398" classname="com.RBI9FEB22.tc.TC005_RBI9FEB22BasicDetails"/>
  <testcase name="basicDetails" time="120.468" classname="com.RBI9FEB22.tc.TC005_RBI9FEB22BasicDetails"/>
  <testcase name="basicDetails" time="120.793" classname="com.RBI9FEB22.tc.TC005_RBI9FEB22BasicDetails"/>
  <testcase name="basicDetails" time="120.620" classname="com.RBI9FEB22.tc.TC005_RBI9FEB22BasicDetails"/>
  <testcase name="basicDetails" time="120.361" classname="com.RBI9FEB22.tc.TC005_RBI9FEB22BasicDetails"/>
  <testcase name="basicDetails" time="120.381" classname="com.RBI9FEB22.tc.TC005_RBI9FEB22BasicDetails"/>
  <testcase name="basicDetails" time="120.310" classname="com.RBI9FEB22.tc.TC005_RBI9FEB22BasicDetails"/>
  <testcase name="basicDetails" time="120.419" classname="com.RBI9FEB22.tc.TC005_RBI9FEB22BasicDetails"/>
  <testcase name="basicDetails" time="120.704" classname="com.RBI9FEB22.tc.TC005_RBI9FEB22BasicDetails"/>
  <testcase name="basicDetails" time="120.200" classname="com.RBI9FEB22.tc.TC005_RBI9FEB22BasicDetails"/>
  <testcase name="basicDetails" time="120.667" classname="com.RBI9FEB22.tc.TC005_RBI9FEB22BasicDetails"/>
  <testcase name="basicDetails" time="120.335" classname="com.RBI9FEB22.tc.TC005_RBI9FEB22BasicDetails"/>
  <testcase name="basicDetails" time="120.483" classname="com.RBI9FEB22.tc.TC005_RBI9FEB22BasicDetails"/>
  <testcase name="basicDetails" time="120.527" classname="com.RBI9FEB22.tc.TC005_RBI9FEB22BasicDetails"/>
  <testcase name="basicDetails" time="120.537" classname="com.RBI9FEB22.tc.TC005_RBI9FEB22BasicDetails"/>
  <testcase name="basicDetails" time="120.486" classname="com.RBI9FEB22.tc.TC005_RBI9FEB22BasicDetails"/>
  <testcase name="basicDetails" time="120.794" classname="com.RBI9FEB22.tc.TC005_RBI9FEB22BasicDetails"/>
  <testcase name="basicDetails" time="120.374" classname="com.RBI9FEB22.tc.TC005_RBI9FEB22BasicDetails"/>
  <testcase name="basicDetails" time="120.384" classname="com.RBI9FEB22.tc.TC005_RBI9FEB22BasicDetails"/>
  <testcase name="basicDetails" time="120.241" classname="com.RBI9FEB22.tc.TC005_RBI9FEB22BasicDetails"/>
</testsuite> <!-- com.RBI9FEB22.tc.TC005_RBI9FEB22BasicDetails -->
