<?xml version="1.0" encoding="UTF-8"?>
<!-- Generated by org.testng.reporters.JUnitReportReporter -->
<testsuite skipped="0" hostname="MAA014482B" name="com.NSFDC.tc.TC005_NSFDCBasicDetails" tests="16" failures="0" timestamp="2022-06-28T23:27:38 IST" time="2287.491" errors="0">
  <testcase name="basicDetails" time="147.274" classname="com.NSFDC.tc.TC005_NSFDCBasicDetails"/>
  <testcase name="basicDetails" time="147.461" classname="com.NSFDC.tc.TC005_NSFDCBasicDetails"/>
  <testcase name="basicDetails" time="147.258" classname="com.NSFDC.tc.TC005_NSFDCBasicDetails"/>
  <testcase name="basicDetails" time="119.300" classname="com.NSFDC.tc.TC005_NSFDCBasicDetails"/>
  <testcase name="basicDetails" time="147.568" classname="com.NSFDC.tc.TC005_NSFDCBasicDetails"/>
  <testcase name="basicDetails" time="120.739" classname="com.NSFDC.tc.TC005_NSFDCBasicDetails"/>
  <testcase name="basicDetails" time="148.731" classname="com.NSFDC.tc.TC005_NSFDCBasicDetails"/>
  <testcase name="basicDetails" time="148.338" classname="com.NSFDC.tc.TC005_NSFDCBasicDetails"/>
  <testcase name="basicDetails" time="147.349" classname="com.NSFDC.tc.TC005_NSFDCBasicDetails"/>
  <testcase name="basicDetails" time="148.548" classname="com.NSFDC.tc.TC005_NSFDCBasicDetails"/>
  <testcase name="basicDetails" time="148.761" classname="com.NSFDC.tc.TC005_NSFDCBasicDetails"/>
  <testcase name="basicDetails" time="148.767" classname="com.NSFDC.tc.TC005_NSFDCBasicDetails"/>
  <testcase name="basicDetails" time="148.553" classname="com.NSFDC.tc.TC005_NSFDCBasicDetails"/>
  <testcase name="basicDetails" time="147.092" classname="com.NSFDC.tc.TC005_NSFDCBasicDetails"/>
  <testcase name="basicDetails" time="123.065" classname="com.NSFDC.tc.TC005_NSFDCBasicDetails"/>
  <testcase name="basicDetails" time="148.687" classname="com.NSFDC.tc.TC005_NSFDCBasicDetails"/>
</testsuite> <!-- com.NSFDC.tc.TC005_NSFDCBasicDetails -->
