<?xml version="1.0" encoding="UTF-8"?>
<!-- Generated by org.testng.reporters.JUnitReportReporter -->
<testsuite skipped="0" hostname="MAA014482B" name="com.NHB_03Jan23.TC004_NHBBasicDetails" tests="26" failures="0" timestamp="2023-01-10T18:23:02 IST" time="4276.529" errors="0">
  <testcase name="basicDetails" time="161.879" classname="com.NHB_03Jan23.TC004_NHBBasicDetails"/>
  <testcase name="basicDetails" time="159.993" classname="com.NHB_03Jan23.TC004_NHBBasicDetails"/>
  <testcase name="basicDetails" time="168.183" classname="com.NHB_03Jan23.TC004_NHBBasicDetails"/>
  <testcase name="basicDetails" time="167.821" classname="com.NHB_03Jan23.TC004_NHBBasicDetails"/>
  <testcase name="basicDetails" time="159.643" classname="com.NHB_03Jan23.TC004_NHBBasicDetails"/>
  <testcase name="basicDetails" time="166.448" classname="com.NHB_03Jan23.TC004_NHBBasicDetails"/>
  <testcase name="basicDetails" time="161.687" classname="com.NHB_03Jan23.TC004_NHBBasicDetails"/>
  <testcase name="basicDetails" time="161.341" classname="com.NHB_03Jan23.TC004_NHBBasicDetails"/>
  <testcase name="basicDetails" time="161.579" classname="com.NHB_03Jan23.TC004_NHBBasicDetails"/>
  <testcase name="basicDetails" time="167.778" classname="com.NHB_03Jan23.TC004_NHBBasicDetails"/>
  <testcase name="basicDetails" time="160.394" classname="com.NHB_03Jan23.TC004_NHBBasicDetails"/>
  <testcase name="basicDetails" time="161.706" classname="com.NHB_03Jan23.TC004_NHBBasicDetails"/>
  <testcase name="basicDetails" time="167.807" classname="com.NHB_03Jan23.TC004_NHBBasicDetails"/>
  <testcase name="basicDetails" time="164.628" classname="com.NHB_03Jan23.TC004_NHBBasicDetails"/>
  <testcase name="basicDetails" time="161.750" classname="com.NHB_03Jan23.TC004_NHBBasicDetails"/>
  <testcase name="basicDetails" time="168.002" classname="com.NHB_03Jan23.TC004_NHBBasicDetails"/>
  <testcase name="basicDetails" time="167.898" classname="com.NHB_03Jan23.TC004_NHBBasicDetails"/>
  <testcase name="basicDetails" time="161.391" classname="com.NHB_03Jan23.TC004_NHBBasicDetails"/>
  <testcase name="basicDetails" time="168.049" classname="com.NHB_03Jan23.TC004_NHBBasicDetails"/>
  <testcase name="basicDetails" time="168.201" classname="com.NHB_03Jan23.TC004_NHBBasicDetails"/>
  <testcase name="basicDetails" time="159.982" classname="com.NHB_03Jan23.TC004_NHBBasicDetails"/>
  <testcase name="basicDetails" time="168.124" classname="com.NHB_03Jan23.TC004_NHBBasicDetails"/>
  <testcase name="basicDetails" time="168.465" classname="com.NHB_03Jan23.TC004_NHBBasicDetails"/>
  <testcase name="basicDetails" time="161.331" classname="com.NHB_03Jan23.TC004_NHBBasicDetails"/>
  <testcase name="basicDetails" time="166.199" classname="com.NHB_03Jan23.TC004_NHBBasicDetails"/>
  <testcase name="basicDetails" time="166.250" classname="com.NHB_03Jan23.TC004_NHBBasicDetails"/>
</testsuite> <!-- com.NHB_03Jan23.TC004_NHBBasicDetails -->
