<?xml version="1.0" encoding="UTF-8"?>
<!-- Generated by org.testng.reporters.JUnitReportReporter -->
<testsuite skipped="0" hostname="MAA014482B" name="com.DOS_April23.tc.TC003_DOSBasicDetails" tests="23" failures="0" timestamp="2023-04-19T13:56:44 IST" time="3566.646" errors="0">
  <testcase name="basicDetails" time="157.439" classname="com.DOS_April23.tc.TC003_DOSBasicDetails"/>
  <testcase name="basicDetails" time="157.530" classname="com.DOS_April23.tc.TC003_DOSBasicDetails"/>
  <testcase name="basicDetails" time="152.350" classname="com.DOS_April23.tc.TC003_DOSBasicDetails"/>
  <testcase name="basicDetails" time="152.357" classname="com.DOS_April23.tc.TC003_DOSBasicDetails"/>
  <testcase name="basicDetails" time="157.830" classname="com.DOS_April23.tc.TC003_DOSBasicDetails"/>
  <testcase name="basicDetails" time="152.538" classname="com.DOS_April23.tc.TC003_DOSBasicDetails"/>
  <testcase name="basicDetails" time="157.793" classname="com.DOS_April23.tc.TC003_DOSBasicDetails"/>
  <testcase name="basicDetails" time="152.075" classname="com.DOS_April23.tc.TC003_DOSBasicDetails"/>
  <testcase name="basicDetails" time="157.120" classname="com.DOS_April23.tc.TC003_DOSBasicDetails"/>
  <testcase name="basicDetails" time="151.629" classname="com.DOS_April23.tc.TC003_DOSBasicDetails"/>
  <testcase name="basicDetails" time="152.491" classname="com.DOS_April23.tc.TC003_DOSBasicDetails"/>
  <testcase name="basicDetails" time="151.988" classname="com.DOS_April23.tc.TC003_DOSBasicDetails"/>
  <testcase name="basicDetails" time="157.407" classname="com.DOS_April23.tc.TC003_DOSBasicDetails"/>
  <testcase name="basicDetails" time="161.450" classname="com.DOS_April23.tc.TC003_DOSBasicDetails"/>
  <testcase name="basicDetails" time="158.333" classname="com.DOS_April23.tc.TC003_DOSBasicDetails"/>
  <testcase name="basicDetails" time="152.661" classname="com.DOS_April23.tc.TC003_DOSBasicDetails"/>
  <testcase name="basicDetails" time="152.005" classname="com.DOS_April23.tc.TC003_DOSBasicDetails"/>
  <testcase name="basicDetails" time="151.993" classname="com.DOS_April23.tc.TC003_DOSBasicDetails"/>
  <testcase name="basicDetails" time="158.132" classname="com.DOS_April23.tc.TC003_DOSBasicDetails"/>
  <testcase name="basicDetails" time="157.926" classname="com.DOS_April23.tc.TC003_DOSBasicDetails"/>
  <testcase name="basicDetails" time="152.486" classname="com.DOS_April23.tc.TC003_DOSBasicDetails"/>
  <testcase name="basicDetails" time="157.349" classname="com.DOS_April23.tc.TC003_DOSBasicDetails"/>
  <testcase name="basicDetails" time="153.764" classname="com.DOS_April23.tc.TC003_DOSBasicDetails"/>
</testsuite> <!-- com.DOS_April23.tc.TC003_DOSBasicDetails -->
