<?xml version="1.0" encoding="UTF-8"?>
<!-- Generated by org.testng.reporters.JUnitReportReporter -->
<testsuite skipped="0" hostname="MAA015435A" name="com.rbi.tc.TC004_RBIBasicDetails" tests="63" failures="0" timestamp="07 Dec 2019 12:40:53 GMT" time="6477.737" errors="1">
  <testcase name="basicDetails" time="95.974" classname="com.rbi.tc.TC004_RBIBasicDetails"/>
  <testcase name="basicDetails" time="106.221" classname="com.rbi.tc.TC004_RBIBasicDetails"/>
  <testcase name="basicDetails" time="97.779" classname="com.rbi.tc.TC004_RBIBasicDetails"/>
  <testcase name="basicDetails" time="111.153" classname="com.rbi.tc.TC004_RBIBasicDetails"/>
  <testcase name="basicDetails" time="99.619" classname="com.rbi.tc.TC004_RBIBasicDetails"/>
  <testcase name="basicDetails" time="95.898" classname="com.rbi.tc.TC004_RBIBasicDetails"/>
  <testcase name="basicDetails" time="100.177" classname="com.rbi.tc.TC004_RBIBasicDetails"/>
  <testcase name="basicDetails" time="97.274" classname="com.rbi.tc.TC004_RBIBasicDetails"/>
  <testcase name="basicDetails" time="108.042" classname="com.rbi.tc.TC004_RBIBasicDetails"/>
  <testcase name="basicDetails" time="102.839" classname="com.rbi.tc.TC004_RBIBasicDetails"/>
  <testcase name="basicDetails" time="112.957" classname="com.rbi.tc.TC004_RBIBasicDetails"/>
  <testcase name="basicDetails" time="97.489" classname="com.rbi.tc.TC004_RBIBasicDetails"/>
  <testcase name="basicDetails" time="111.523" classname="com.rbi.tc.TC004_RBIBasicDetails"/>
  <testcase name="basicDetails" time="109.585" classname="com.rbi.tc.TC004_RBIBasicDetails"/>
  <testcase name="basicDetails" time="98.637" classname="com.rbi.tc.TC004_RBIBasicDetails"/>
  <testcase name="basicDetails" time="97.108" classname="com.rbi.tc.TC004_RBIBasicDetails"/>
  <testcase name="basicDetails" time="108.007" classname="com.rbi.tc.TC004_RBIBasicDetails"/>
  <testcase name="basicDetails" time="96.173" classname="com.rbi.tc.TC004_RBIBasicDetails"/>
  <testcase name="basicDetails" time="111.535" classname="com.rbi.tc.TC004_RBIBasicDetails"/>
  <testcase name="basicDetails" time="107.990" classname="com.rbi.tc.TC004_RBIBasicDetails"/>
  <testcase name="basicDetails" time="97.933" classname="com.rbi.tc.TC004_RBIBasicDetails"/>
  <testcase name="basicDetails" time="98.290" classname="com.rbi.tc.TC004_RBIBasicDetails"/>
  <testcase name="basicDetails" time="98.843" classname="com.rbi.tc.TC004_RBIBasicDetails"/>
  <testcase name="basicDetails" time="99.122" classname="com.rbi.tc.TC004_RBIBasicDetails"/>
  <testcase name="basicDetails" time="107.287" classname="com.rbi.tc.TC004_RBIBasicDetails"/>
  <testcase name="basicDetails" time="102.399" classname="com.rbi.tc.TC004_RBIBasicDetails">
    <error type="java.io.FileNotFoundException" message=".\data\RBI_4.xlsx (The process cannot access the file because it is being used by another process)">
      <![CDATA[java.io.FileNotFoundException: .\data\RBI_4.xlsx (The process cannot access the file because it is being used by another process)
at java.io.FileOutputStream.open0(Native Method)
at java.io.FileOutputStream.open(Unknown Source)
at java.io.FileOutputStream.<init>(Unknown Source)
at java.io.FileOutputStream.<init>(Unknown Source)
at lib.selenium.WebDriverServiceImpl.writeDataNoC(WebDriverServiceImpl.java:1323)
at lib.selenium.WebDriverServiceImpl.agevalidator_asondate(WebDriverServiceImpl.java:1154)
at com.ibps.pages.PersonalDetailsPage.ageValidatorAsOnDate(PersonalDetailsPage.java:273)
at com.rbi.tc.TC004_RBIBasicDetails.basicDetails(TC004_RBIBasicDetails.java:83)
at sun.reflect.GeneratedMethodAccessor90.invoke(Unknown Source)
at sun.reflect.DelegatingMethodAccessorImpl.invoke(Unknown Source)
at java.lang.reflect.Method.invoke(Unknown Source)
at org.testng.internal.MethodInvocationHelper.invokeMethod(MethodInvocationHelper.java:124)
at org.testng.internal.Invoker.invokeMethod(Invoker.java:583)
at org.testng.internal.Invoker.invokeTestMethod(Invoker.java:719)
at org.testng.internal.Invoker.invokeTestMethods(Invoker.java:989)
at org.testng.internal.TestMethodWorker.invokeTestMethods(TestMethodWorker.java:125)
at org.testng.internal.TestMethodWorker.run(TestMethodWorker.java:109)
at java.util.concurrent.ThreadPoolExecutor.runWorker(Unknown Source)
at java.util.concurrent.ThreadPoolExecutor$Worker.run(Unknown Source)
at java.lang.Thread.run(Unknown Source)
]]>
    </error>
  </testcase> <!-- basicDetails -->
  <testcase name="basicDetails" time="96.989" classname="com.rbi.tc.TC004_RBIBasicDetails"/>
  <testcase name="basicDetails" time="109.783" classname="com.rbi.tc.TC004_RBIBasicDetails"/>
  <testcase name="basicDetails" time="97.390" classname="com.rbi.tc.TC004_RBIBasicDetails"/>
  <testcase name="basicDetails" time="98.477" classname="com.rbi.tc.TC004_RBIBasicDetails"/>
  <testcase name="basicDetails" time="99.218" classname="com.rbi.tc.TC004_RBIBasicDetails"/>
  <testcase name="basicDetails" time="108.314" classname="com.rbi.tc.TC004_RBIBasicDetails"/>
  <testcase name="basicDetails" time="95.607" classname="com.rbi.tc.TC004_RBIBasicDetails"/>
  <testcase name="basicDetails" time="109.672" classname="com.rbi.tc.TC004_RBIBasicDetails"/>
  <testcase name="basicDetails" time="97.356" classname="com.rbi.tc.TC004_RBIBasicDetails"/>
  <testcase name="basicDetails" time="99.227" classname="com.rbi.tc.TC004_RBIBasicDetails"/>
  <testcase name="basicDetails" time="109.842" classname="com.rbi.tc.TC004_RBIBasicDetails"/>
  <testcase name="basicDetails" time="113.283" classname="com.rbi.tc.TC004_RBIBasicDetails"/>
  <testcase name="basicDetails" time="110.358" classname="com.rbi.tc.TC004_RBIBasicDetails"/>
  <testcase name="basicDetails" time="108.458" classname="com.rbi.tc.TC004_RBIBasicDetails"/>
  <testcase name="basicDetails" time="107.917" classname="com.rbi.tc.TC004_RBIBasicDetails"/>
  <testcase name="basicDetails" time="97.407" classname="com.rbi.tc.TC004_RBIBasicDetails"/>
  <testcase name="basicDetails" time="98.727" classname="com.rbi.tc.TC004_RBIBasicDetails"/>
  <testcase name="basicDetails" time="96.705" classname="com.rbi.tc.TC004_RBIBasicDetails"/>
  <testcase name="basicDetails" time="98.043" classname="com.rbi.tc.TC004_RBIBasicDetails"/>
  <testcase name="basicDetails" time="99.758" classname="com.rbi.tc.TC004_RBIBasicDetails"/>
  <testcase name="basicDetails" time="109.047" classname="com.rbi.tc.TC004_RBIBasicDetails"/>
  <testcase name="basicDetails" time="95.955" classname="com.rbi.tc.TC004_RBIBasicDetails"/>
  <testcase name="basicDetails" time="109.254" classname="com.rbi.tc.TC004_RBIBasicDetails"/>
  <testcase name="basicDetails" time="105.333" classname="com.rbi.tc.TC004_RBIBasicDetails"/>
  <testcase name="basicDetails" time="97.097" classname="com.rbi.tc.TC004_RBIBasicDetails"/>
  <testcase name="basicDetails" time="108.133" classname="com.rbi.tc.TC004_RBIBasicDetails"/>
  <testcase name="basicDetails" time="98.702" classname="com.rbi.tc.TC004_RBIBasicDetails"/>
  <testcase name="basicDetails" time="98.572" classname="com.rbi.tc.TC004_RBIBasicDetails"/>
  <testcase name="basicDetails" time="109.816" classname="com.rbi.tc.TC004_RBIBasicDetails"/>
  <testcase name="basicDetails" time="97.305" classname="com.rbi.tc.TC004_RBIBasicDetails"/>
  <testcase name="basicDetails" time="97.245" classname="com.rbi.tc.TC004_RBIBasicDetails"/>
  <testcase name="basicDetails" time="110.668" classname="com.rbi.tc.TC004_RBIBasicDetails"/>
  <testcase name="basicDetails" time="96.713" classname="com.rbi.tc.TC004_RBIBasicDetails"/>
  <testcase name="basicDetails" time="109.745" classname="com.rbi.tc.TC004_RBIBasicDetails"/>
  <testcase name="basicDetails" time="96.201" classname="com.rbi.tc.TC004_RBIBasicDetails"/>
  <testcase name="basicDetails" time="105.992" classname="com.rbi.tc.TC004_RBIBasicDetails"/>
  <testcase name="basicDetails" time="109.574" classname="com.rbi.tc.TC004_RBIBasicDetails"/>
</testsuite> <!-- com.rbi.tc.TC004_RBIBasicDetails -->
