<?xml version="1.0" encoding="UTF-8"?>
<!-- Generated by org.testng.reporters.JUnitReportReporter -->
<testsuite skipped="0" hostname="MAA014482B" name="com.SPMCIL_19July22.tc.TC002_SPMCILBasicDetails" tests="16" failures="0" timestamp="2022-11-28T10:35:26 IST" time="2499.094" errors="0">
  <testcase name="basicDetails" time="154.972" classname="com.SPMCIL_19July22.tc.TC002_SPMCILBasicDetails"/>
  <testcase name="basicDetails" time="155.809" classname="com.SPMCIL_19July22.tc.TC002_SPMCILBasicDetails"/>
  <testcase name="basicDetails" time="156.135" classname="com.SPMCIL_19July22.tc.TC002_SPMCILBasicDetails"/>
  <testcase name="basicDetails" time="156.490" classname="com.SPMCIL_19July22.tc.TC002_SPMCILBasicDetails"/>
  <testcase name="basicDetails" time="154.858" classname="com.SPMCIL_19July22.tc.TC002_SPMCILBasicDetails"/>
  <testcase name="basicDetails" time="156.836" classname="com.SPMCIL_19July22.tc.TC002_SPMCILBasicDetails"/>
  <testcase name="basicDetails" time="156.630" classname="com.SPMCIL_19July22.tc.TC002_SPMCILBasicDetails"/>
  <testcase name="basicDetails" time="154.884" classname="com.SPMCIL_19July22.tc.TC002_SPMCILBasicDetails"/>
  <testcase name="basicDetails" time="155.443" classname="com.SPMCIL_19July22.tc.TC002_SPMCILBasicDetails"/>
  <testcase name="basicDetails" time="159.145" classname="com.SPMCIL_19July22.tc.TC002_SPMCILBasicDetails"/>
  <testcase name="basicDetails" time="158.363" classname="com.SPMCIL_19July22.tc.TC002_SPMCILBasicDetails"/>
  <testcase name="basicDetails" time="155.016" classname="com.SPMCIL_19July22.tc.TC002_SPMCILBasicDetails"/>
  <testcase name="basicDetails" time="154.903" classname="com.SPMCIL_19July22.tc.TC002_SPMCILBasicDetails"/>
  <testcase name="basicDetails" time="155.685" classname="com.SPMCIL_19July22.tc.TC002_SPMCILBasicDetails"/>
  <testcase name="basicDetails" time="157.626" classname="com.SPMCIL_19July22.tc.TC002_SPMCILBasicDetails"/>
  <testcase name="basicDetails" time="156.299" classname="com.SPMCIL_19July22.tc.TC002_SPMCILBasicDetails"/>
</testsuite> <!-- com.SPMCIL_19July22.tc.TC002_SPMCILBasicDetails -->
