<?xml version="1.0" encoding="UTF-8"?>
<!-- Generated by org.testng.reporters.JUnitReportReporter -->
<testsuite hostname="MAA011253A" failures="0" tests="51" name="com.sbi.tc.TC004_SBIBasicDetails" time="5969.428" errors="1" timestamp="2020-10-20T00:20:58 IST" skipped="0">
  <testcase classname="com.sbi.tc.TC004_SBIBasicDetails" name="basicDetails" time="120.428"/>
  <testcase classname="com.sbi.tc.TC004_SBIBasicDetails" name="basicDetails" time="119.025"/>
  <testcase classname="com.sbi.tc.TC004_SBIBasicDetails" name="basicDetails" time="119.473"/>
  <testcase classname="com.sbi.tc.TC004_SBIBasicDetails" name="basicDetails" time="119.321"/>
  <testcase classname="com.sbi.tc.TC004_SBIBasicDetails" name="basicDetails" time="119.236"/>
  <testcase classname="com.sbi.tc.TC004_SBIBasicDetails" name="afterClass" time="1.060">
    <error type="java.lang.NullPointerException">
      <![CDATA[java.lang.NullPointerException
at lib.utils.HTMLReporter.reportStep(HTMLReporter.java:73)
at lib.selenium.WebDriverServiceImpl.closeAllBrowsers(WebDriverServiceImpl.java:495)
at lib.selenium.PreAndPost.afterClass(PreAndPost.java:72)
at java.base/jdk.internal.reflect.NativeMethodAccessorImpl.invoke0(Native Method)
at java.base/jdk.internal.reflect.NativeMethodAccessorImpl.invoke(Unknown Source)
at java.base/jdk.internal.reflect.DelegatingMethodAccessorImpl.invoke(Unknown Source)
at java.base/java.lang.reflect.Method.invoke(Unknown Source)
at org.testng.internal.MethodInvocationHelper.invokeMethod(MethodInvocationHelper.java:133)
at org.testng.internal.MethodInvocationHelper.invokeMethodConsideringTimeout(MethodInvocationHelper.java:62)
at org.testng.internal.ConfigInvoker.invokeConfigurationMethod(ConfigInvoker.java:340)
at org.testng.internal.ConfigInvoker.invokeConfigurations(ConfigInvoker.java:294)
at org.testng.internal.TestMethodWorker.invokeAfterClassMethods(TestMethodWorker.java:217)
at org.testng.internal.TestMethodWorker.run(TestMethodWorker.java:130)
at java.base/java.util.concurrent.ThreadPoolExecutor.runWorker(Unknown Source)
at java.base/java.util.concurrent.ThreadPoolExecutor$Worker.run(Unknown Source)
at java.base/java.lang.Thread.run(Unknown Source)
]]>
    </error>
  </testcase> <!-- afterClass -->
  <testcase classname="com.sbi.tc.TC004_SBIBasicDetails" name="basicDetails" time="120.075"/>
  <testcase classname="com.sbi.tc.TC004_SBIBasicDetails" name="basicDetails" time="118.993"/>
  <testcase classname="com.sbi.tc.TC004_SBIBasicDetails" name="basicDetails" time="119.480"/>
  <testcase classname="com.sbi.tc.TC004_SBIBasicDetails" name="basicDetails" time="119.508"/>
  <testcase classname="com.sbi.tc.TC004_SBIBasicDetails" name="basicDetails" time="119.848"/>
  <testcase classname="com.sbi.tc.TC004_SBIBasicDetails" name="basicDetails" time="119.587"/>
  <testcase classname="com.sbi.tc.TC004_SBIBasicDetails" name="basicDetails" time="119.362"/>
  <testcase classname="com.sbi.tc.TC004_SBIBasicDetails" name="basicDetails" time="118.873"/>
  <testcase classname="com.sbi.tc.TC004_SBIBasicDetails" name="basicDetails" time="119.198"/>
  <testcase classname="com.sbi.tc.TC004_SBIBasicDetails" name="basicDetails" time="119.125"/>
  <testcase classname="com.sbi.tc.TC004_SBIBasicDetails" name="basicDetails" time="119.294"/>
  <testcase classname="com.sbi.tc.TC004_SBIBasicDetails" name="basicDetails" time="118.534"/>
  <testcase classname="com.sbi.tc.TC004_SBIBasicDetails" name="basicDetails" time="119.664"/>
  <testcase classname="com.sbi.tc.TC004_SBIBasicDetails" name="basicDetails" time="119.089"/>
  <testcase classname="com.sbi.tc.TC004_SBIBasicDetails" name="basicDetails" time="119.219"/>
  <testcase classname="com.sbi.tc.TC004_SBIBasicDetails" name="basicDetails" time="118.925"/>
  <testcase classname="com.sbi.tc.TC004_SBIBasicDetails" name="basicDetails" time="119.467"/>
  <testcase classname="com.sbi.tc.TC004_SBIBasicDetails" name="basicDetails" time="119.155"/>
  <testcase classname="com.sbi.tc.TC004_SBIBasicDetails" name="basicDetails" time="119.823"/>
  <testcase classname="com.sbi.tc.TC004_SBIBasicDetails" name="basicDetails" time="119.876"/>
  <testcase classname="com.sbi.tc.TC004_SBIBasicDetails" name="basicDetails" time="119.447"/>
  <testcase classname="com.sbi.tc.TC004_SBIBasicDetails" name="basicDetails" time="119.322"/>
  <testcase classname="com.sbi.tc.TC004_SBIBasicDetails" name="basicDetails" time="119.399"/>
  <testcase classname="com.sbi.tc.TC004_SBIBasicDetails" name="basicDetails" time="118.985"/>
  <testcase classname="com.sbi.tc.TC004_SBIBasicDetails" name="basicDetails" time="119.559"/>
  <testcase classname="com.sbi.tc.TC004_SBIBasicDetails" name="basicDetails" time="119.575"/>
  <testcase classname="com.sbi.tc.TC004_SBIBasicDetails" name="basicDetails" time="118.932"/>
  <testcase classname="com.sbi.tc.TC004_SBIBasicDetails" name="basicDetails" time="119.076"/>
  <testcase classname="com.sbi.tc.TC004_SBIBasicDetails" name="basicDetails" time="119.202"/>
  <testcase classname="com.sbi.tc.TC004_SBIBasicDetails" name="basicDetails" time="119.542"/>
  <testcase classname="com.sbi.tc.TC004_SBIBasicDetails" name="basicDetails" time="118.862"/>
  <testcase classname="com.sbi.tc.TC004_SBIBasicDetails" name="basicDetails" time="119.258"/>
  <testcase classname="com.sbi.tc.TC004_SBIBasicDetails" name="basicDetails" time="119.798"/>
  <testcase classname="com.sbi.tc.TC004_SBIBasicDetails" name="basicDetails" time="119.826"/>
  <testcase classname="com.sbi.tc.TC004_SBIBasicDetails" name="basicDetails" time="118.934"/>
  <testcase classname="com.sbi.tc.TC004_SBIBasicDetails" name="basicDetails" time="119.164"/>
  <testcase classname="com.sbi.tc.TC004_SBIBasicDetails" name="basicDetails" time="119.812"/>
  <testcase classname="com.sbi.tc.TC004_SBIBasicDetails" name="basicDetails" time="118.796"/>
  <testcase classname="com.sbi.tc.TC004_SBIBasicDetails" name="basicDetails" time="119.214"/>
  <testcase classname="com.sbi.tc.TC004_SBIBasicDetails" name="basicDetails" time="119.479"/>
  <testcase classname="com.sbi.tc.TC004_SBIBasicDetails" name="basicDetails" time="119.489"/>
  <testcase classname="com.sbi.tc.TC004_SBIBasicDetails" name="basicDetails" time="119.467"/>
  <testcase classname="com.sbi.tc.TC004_SBIBasicDetails" name="basicDetails" time="119.554"/>
  <testcase classname="com.sbi.tc.TC004_SBIBasicDetails" name="basicDetails" time="119.165"/>
  <testcase classname="com.sbi.tc.TC004_SBIBasicDetails" name="basicDetails" time="119.933"/>
</testsuite> <!-- com.sbi.tc.TC004_SBIBasicDetails -->
