<?xml version="1.0" encoding="UTF-8"?>
<!-- Generated by org.testng.reporters.JUnitReportReporter -->
<testsuite skipped="0" hostname="MAA014482B" name="com.FCI_2_11August22.tc.TC001_FCIBasicDetails" tests="98" failures="0" timestamp="2022-08-26T02:20:36 IST" time="15852.127" errors="0">
  <testcase name="basicDetails" time="164.413" classname="com.FCI_2_11August22.tc.TC001_FCIBasicDetails"/>
  <testcase name="basicDetails" time="162.159" classname="com.FCI_2_11August22.tc.TC001_FCIBasicDetails"/>
  <testcase name="basicDetails" time="164.804" classname="com.FCI_2_11August22.tc.TC001_FCIBasicDetails"/>
  <testcase name="basicDetails" time="164.435" classname="com.FCI_2_11August22.tc.TC001_FCIBasicDetails"/>
  <testcase name="basicDetails" time="160.356" classname="com.FCI_2_11August22.tc.TC001_FCIBasicDetails"/>
  <testcase name="basicDetails" time="159.236" classname="com.FCI_2_11August22.tc.TC001_FCIBasicDetails"/>
  <testcase name="basicDetails" time="162.229" classname="com.FCI_2_11August22.tc.TC001_FCIBasicDetails"/>
  <testcase name="basicDetails" time="162.116" classname="com.FCI_2_11August22.tc.TC001_FCIBasicDetails"/>
  <testcase name="basicDetails" time="162.444" classname="com.FCI_2_11August22.tc.TC001_FCIBasicDetails"/>
  <testcase name="basicDetails" time="158.879" classname="com.FCI_2_11August22.tc.TC001_FCIBasicDetails"/>
  <testcase name="basicDetails" time="164.295" classname="com.FCI_2_11August22.tc.TC001_FCIBasicDetails"/>
  <testcase name="basicDetails" time="162.131" classname="com.FCI_2_11August22.tc.TC001_FCIBasicDetails"/>
  <testcase name="basicDetails" time="161.679" classname="com.FCI_2_11August22.tc.TC001_FCIBasicDetails"/>
  <testcase name="basicDetails" time="162.288" classname="com.FCI_2_11August22.tc.TC001_FCIBasicDetails"/>
  <testcase name="basicDetails" time="164.635" classname="com.FCI_2_11August22.tc.TC001_FCIBasicDetails"/>
  <testcase name="basicDetails" time="161.123" classname="com.FCI_2_11August22.tc.TC001_FCIBasicDetails"/>
  <testcase name="basicDetails" time="163.162" classname="com.FCI_2_11August22.tc.TC001_FCIBasicDetails"/>
  <testcase name="basicDetails" time="163.069" classname="com.FCI_2_11August22.tc.TC001_FCIBasicDetails"/>
  <testcase name="basicDetails" time="159.051" classname="com.FCI_2_11August22.tc.TC001_FCIBasicDetails"/>
  <testcase name="basicDetails" time="164.847" classname="com.FCI_2_11August22.tc.TC001_FCIBasicDetails"/>
  <testcase name="basicDetails" time="161.613" classname="com.FCI_2_11August22.tc.TC001_FCIBasicDetails"/>
  <testcase name="basicDetails" time="161.303" classname="com.FCI_2_11August22.tc.TC001_FCIBasicDetails"/>
  <testcase name="basicDetails" time="159.133" classname="com.FCI_2_11August22.tc.TC001_FCIBasicDetails"/>
  <testcase name="basicDetails" time="162.254" classname="com.FCI_2_11August22.tc.TC001_FCIBasicDetails"/>
  <testcase name="basicDetails" time="164.731" classname="com.FCI_2_11August22.tc.TC001_FCIBasicDetails"/>
  <testcase name="basicDetails" time="164.638" classname="com.FCI_2_11August22.tc.TC001_FCIBasicDetails"/>
  <testcase name="basicDetails" time="158.744" classname="com.FCI_2_11August22.tc.TC001_FCIBasicDetails"/>
  <testcase name="basicDetails" time="161.440" classname="com.FCI_2_11August22.tc.TC001_FCIBasicDetails"/>
  <testcase name="basicDetails" time="164.837" classname="com.FCI_2_11August22.tc.TC001_FCIBasicDetails"/>
  <testcase name="basicDetails" time="158.948" classname="com.FCI_2_11August22.tc.TC001_FCIBasicDetails"/>
  <testcase name="basicDetails" time="159.124" classname="com.FCI_2_11August22.tc.TC001_FCIBasicDetails"/>
  <testcase name="basicDetails" time="158.771" classname="com.FCI_2_11August22.tc.TC001_FCIBasicDetails"/>
  <testcase name="basicDetails" time="157.474" classname="com.FCI_2_11August22.tc.TC001_FCIBasicDetails"/>
  <testcase name="basicDetails" time="161.185" classname="com.FCI_2_11August22.tc.TC001_FCIBasicDetails"/>
  <testcase name="basicDetails" time="160.135" classname="com.FCI_2_11August22.tc.TC001_FCIBasicDetails"/>
  <testcase name="basicDetails" time="162.406" classname="com.FCI_2_11August22.tc.TC001_FCIBasicDetails"/>
  <testcase name="basicDetails" time="162.096" classname="com.FCI_2_11August22.tc.TC001_FCIBasicDetails"/>
  <testcase name="basicDetails" time="159.204" classname="com.FCI_2_11August22.tc.TC001_FCIBasicDetails"/>
  <testcase name="basicDetails" time="162.180" classname="com.FCI_2_11August22.tc.TC001_FCIBasicDetails"/>
  <testcase name="basicDetails" time="164.774" classname="com.FCI_2_11August22.tc.TC001_FCIBasicDetails"/>
  <testcase name="basicDetails" time="157.682" classname="com.FCI_2_11August22.tc.TC001_FCIBasicDetails"/>
  <testcase name="basicDetails" time="164.492" classname="com.FCI_2_11August22.tc.TC001_FCIBasicDetails"/>
  <testcase name="basicDetails" time="163.583" classname="com.FCI_2_11August22.tc.TC001_FCIBasicDetails"/>
  <testcase name="basicDetails" time="164.373" classname="com.FCI_2_11August22.tc.TC001_FCIBasicDetails"/>
  <testcase name="basicDetails" time="159.212" classname="com.FCI_2_11August22.tc.TC001_FCIBasicDetails"/>
  <testcase name="basicDetails" time="159.059" classname="com.FCI_2_11August22.tc.TC001_FCIBasicDetails"/>
  <testcase name="basicDetails" time="161.254" classname="com.FCI_2_11August22.tc.TC001_FCIBasicDetails"/>
  <testcase name="basicDetails" time="165.057" classname="com.FCI_2_11August22.tc.TC001_FCIBasicDetails"/>
  <testcase name="basicDetails" time="161.373" classname="com.FCI_2_11August22.tc.TC001_FCIBasicDetails"/>
  <testcase name="basicDetails" time="162.353" classname="com.FCI_2_11August22.tc.TC001_FCIBasicDetails"/>
  <testcase name="basicDetails" time="160.703" classname="com.FCI_2_11August22.tc.TC001_FCIBasicDetails"/>
  <testcase name="basicDetails" time="161.399" classname="com.FCI_2_11August22.tc.TC001_FCIBasicDetails"/>
  <testcase name="basicDetails" time="161.599" classname="com.FCI_2_11August22.tc.TC001_FCIBasicDetails"/>
  <testcase name="basicDetails" time="161.452" classname="com.FCI_2_11August22.tc.TC001_FCIBasicDetails"/>
  <testcase name="basicDetails" time="164.515" classname="com.FCI_2_11August22.tc.TC001_FCIBasicDetails"/>
  <testcase name="basicDetails" time="162.142" classname="com.FCI_2_11August22.tc.TC001_FCIBasicDetails"/>
  <testcase name="basicDetails" time="160.717" classname="com.FCI_2_11August22.tc.TC001_FCIBasicDetails"/>
  <testcase name="basicDetails" time="161.536" classname="com.FCI_2_11August22.tc.TC001_FCIBasicDetails"/>
  <testcase name="basicDetails" time="160.875" classname="com.FCI_2_11August22.tc.TC001_FCIBasicDetails"/>
  <testcase name="basicDetails" time="159.039" classname="com.FCI_2_11August22.tc.TC001_FCIBasicDetails"/>
  <testcase name="basicDetails" time="158.918" classname="com.FCI_2_11August22.tc.TC001_FCIBasicDetails"/>
  <testcase name="basicDetails" time="164.682" classname="com.FCI_2_11August22.tc.TC001_FCIBasicDetails"/>
  <testcase name="basicDetails" time="158.891" classname="com.FCI_2_11August22.tc.TC001_FCIBasicDetails"/>
  <testcase name="basicDetails" time="159.316" classname="com.FCI_2_11August22.tc.TC001_FCIBasicDetails"/>
  <testcase name="basicDetails" time="164.860" classname="com.FCI_2_11August22.tc.TC001_FCIBasicDetails"/>
  <testcase name="basicDetails" time="161.266" classname="com.FCI_2_11August22.tc.TC001_FCIBasicDetails"/>
  <testcase name="basicDetails" time="162.076" classname="com.FCI_2_11August22.tc.TC001_FCIBasicDetails"/>
  <testcase name="basicDetails" time="161.680" classname="com.FCI_2_11August22.tc.TC001_FCIBasicDetails"/>
  <testcase name="basicDetails" time="162.612" classname="com.FCI_2_11August22.tc.TC001_FCIBasicDetails"/>
  <testcase name="basicDetails" time="164.387" classname="com.FCI_2_11August22.tc.TC001_FCIBasicDetails"/>
  <testcase name="basicDetails" time="164.851" classname="com.FCI_2_11August22.tc.TC001_FCIBasicDetails"/>
  <testcase name="basicDetails" time="158.887" classname="com.FCI_2_11August22.tc.TC001_FCIBasicDetails"/>
  <testcase name="basicDetails" time="162.745" classname="com.FCI_2_11August22.tc.TC001_FCIBasicDetails"/>
  <testcase name="basicDetails" time="159.099" classname="com.FCI_2_11August22.tc.TC001_FCIBasicDetails"/>
  <testcase name="basicDetails" time="162.035" classname="com.FCI_2_11August22.tc.TC001_FCIBasicDetails"/>
  <testcase name="basicDetails" time="161.402" classname="com.FCI_2_11August22.tc.TC001_FCIBasicDetails"/>
  <testcase name="basicDetails" time="159.600" classname="com.FCI_2_11August22.tc.TC001_FCIBasicDetails"/>
  <testcase name="basicDetails" time="162.112" classname="com.FCI_2_11August22.tc.TC001_FCIBasicDetails"/>
  <testcase name="basicDetails" time="159.269" classname="com.FCI_2_11August22.tc.TC001_FCIBasicDetails"/>
  <testcase name="basicDetails" time="162.061" classname="com.FCI_2_11August22.tc.TC001_FCIBasicDetails"/>
  <testcase name="basicDetails" time="164.568" classname="com.FCI_2_11August22.tc.TC001_FCIBasicDetails"/>
  <testcase name="basicDetails" time="161.294" classname="com.FCI_2_11August22.tc.TC001_FCIBasicDetails"/>
  <testcase name="basicDetails" time="162.164" classname="com.FCI_2_11August22.tc.TC001_FCIBasicDetails"/>
  <testcase name="basicDetails" time="161.098" classname="com.FCI_2_11August22.tc.TC001_FCIBasicDetails"/>
  <testcase name="basicDetails" time="164.697" classname="com.FCI_2_11August22.tc.TC001_FCIBasicDetails"/>
  <testcase name="basicDetails" time="159.173" classname="com.FCI_2_11August22.tc.TC001_FCIBasicDetails"/>
  <testcase name="basicDetails" time="164.617" classname="com.FCI_2_11August22.tc.TC001_FCIBasicDetails"/>
  <testcase name="basicDetails" time="163.260" classname="com.FCI_2_11August22.tc.TC001_FCIBasicDetails"/>
  <testcase name="basicDetails" time="158.866" classname="com.FCI_2_11August22.tc.TC001_FCIBasicDetails"/>
  <testcase name="basicDetails" time="161.591" classname="com.FCI_2_11August22.tc.TC001_FCIBasicDetails"/>
  <testcase name="basicDetails" time="161.494" classname="com.FCI_2_11August22.tc.TC001_FCIBasicDetails"/>
  <testcase name="basicDetails" time="162.058" classname="com.FCI_2_11August22.tc.TC001_FCIBasicDetails"/>
  <testcase name="basicDetails" time="159.265" classname="com.FCI_2_11August22.tc.TC001_FCIBasicDetails"/>
  <testcase name="basicDetails" time="161.298" classname="com.FCI_2_11August22.tc.TC001_FCIBasicDetails"/>
  <testcase name="basicDetails" time="161.514" classname="com.FCI_2_11August22.tc.TC001_FCIBasicDetails"/>
  <testcase name="basicDetails" time="162.739" classname="com.FCI_2_11August22.tc.TC001_FCIBasicDetails"/>
  <testcase name="basicDetails" time="164.645" classname="com.FCI_2_11August22.tc.TC001_FCIBasicDetails"/>
  <testcase name="basicDetails" time="162.281" classname="com.FCI_2_11August22.tc.TC001_FCIBasicDetails"/>
</testsuite> <!-- com.FCI_2_11August22.tc.TC001_FCIBasicDetails -->
