<?xml version="1.0" encoding="UTF-8"?>
<!-- Generated by org.testng.reporters.JUnitReportReporter -->
<testsuite skipped="0" hostname="MAA014482B" name="com.DES_April23.tc.TC001_DESBasicDetails" tests="7" failures="0" timestamp="2023-04-26T12:07:45 IST" time="1189.254" errors="0">
  <testcase name="basicDetails" time="161.463" classname="com.DES_April23.tc.TC001_DESBasicDetails"/>
  <testcase name="basicDetails" time="160.021" classname="com.DES_April23.tc.TC001_DESBasicDetails"/>
  <testcase name="basicDetails" time="160.301" classname="com.DES_April23.tc.TC001_DESBasicDetails"/>
  <testcase name="basicDetails" time="159.781" classname="com.DES_April23.tc.TC001_DESBasicDetails"/>
  <testcase name="basicDetails" time="187.698" classname="com.DES_April23.tc.TC001_DESBasicDetails"/>
  <testcase name="basicDetails" time="160.117" classname="com.DES_April23.tc.TC001_DESBasicDetails"/>
  <testcase name="basicDetails" time="199.873" classname="com.DES_April23.tc.TC001_DESBasicDetails"/>
</testsuite> <!-- com.DES_April23.tc.TC001_DESBasicDetails -->
