<?xml version="1.0" encoding="UTF-8"?>
<!-- Generated by org.testng.reporters.JUnitReportReporter -->
<testsuite skipped="0" hostname="MAA014482B" name="com.IIMS.tc.TC005_IIMSBasicDetails" tests="50" failures="0" timestamp="2023-07-05T16:45:44 IST" time="7913.719" errors="0">
  <testcase name="basicDetails" time="158.469" classname="com.IIMS.tc.TC005_IIMSBasicDetails"/>
  <testcase name="basicDetails" time="159.091" classname="com.IIMS.tc.TC005_IIMSBasicDetails"/>
  <testcase name="basicDetails" time="157.776" classname="com.IIMS.tc.TC005_IIMSBasicDetails"/>
  <testcase name="basicDetails" time="157.453" classname="com.IIMS.tc.TC005_IIMSBasicDetails"/>
  <testcase name="basicDetails" time="157.466" classname="com.IIMS.tc.TC005_IIMSBasicDetails"/>
  <testcase name="basicDetails" time="159.220" classname="com.IIMS.tc.TC005_IIMSBasicDetails"/>
  <testcase name="basicDetails" time="157.579" classname="com.IIMS.tc.TC005_IIMSBasicDetails"/>
  <testcase name="basicDetails" time="159.043" classname="com.IIMS.tc.TC005_IIMSBasicDetails"/>
  <testcase name="basicDetails" time="157.563" classname="com.IIMS.tc.TC005_IIMSBasicDetails"/>
  <testcase name="basicDetails" time="158.801" classname="com.IIMS.tc.TC005_IIMSBasicDetails"/>
  <testcase name="basicDetails" time="157.826" classname="com.IIMS.tc.TC005_IIMSBasicDetails"/>
  <testcase name="basicDetails" time="157.648" classname="com.IIMS.tc.TC005_IIMSBasicDetails"/>
  <testcase name="basicDetails" time="157.594" classname="com.IIMS.tc.TC005_IIMSBasicDetails"/>
  <testcase name="basicDetails" time="158.500" classname="com.IIMS.tc.TC005_IIMSBasicDetails"/>
  <testcase name="basicDetails" time="158.953" classname="com.IIMS.tc.TC005_IIMSBasicDetails"/>
  <testcase name="basicDetails" time="157.477" classname="com.IIMS.tc.TC005_IIMSBasicDetails"/>
  <testcase name="basicDetails" time="161.006" classname="com.IIMS.tc.TC005_IIMSBasicDetails"/>
  <testcase name="basicDetails" time="157.649" classname="com.IIMS.tc.TC005_IIMSBasicDetails"/>
  <testcase name="basicDetails" time="157.451" classname="com.IIMS.tc.TC005_IIMSBasicDetails"/>
  <testcase name="basicDetails" time="158.818" classname="com.IIMS.tc.TC005_IIMSBasicDetails"/>
  <testcase name="basicDetails" time="159.095" classname="com.IIMS.tc.TC005_IIMSBasicDetails"/>
  <testcase name="basicDetails" time="159.003" classname="com.IIMS.tc.TC005_IIMSBasicDetails"/>
  <testcase name="basicDetails" time="157.732" classname="com.IIMS.tc.TC005_IIMSBasicDetails"/>
  <testcase name="basicDetails" time="157.803" classname="com.IIMS.tc.TC005_IIMSBasicDetails"/>
  <testcase name="basicDetails" time="158.024" classname="com.IIMS.tc.TC005_IIMSBasicDetails"/>
  <testcase name="basicDetails" time="157.671" classname="com.IIMS.tc.TC005_IIMSBasicDetails"/>
  <testcase name="basicDetails" time="158.187" classname="com.IIMS.tc.TC005_IIMSBasicDetails"/>
  <testcase name="basicDetails" time="157.644" classname="com.IIMS.tc.TC005_IIMSBasicDetails"/>
  <testcase name="basicDetails" time="158.881" classname="com.IIMS.tc.TC005_IIMSBasicDetails"/>
  <testcase name="basicDetails" time="158.204" classname="com.IIMS.tc.TC005_IIMSBasicDetails"/>
  <testcase name="basicDetails" time="158.672" classname="com.IIMS.tc.TC005_IIMSBasicDetails"/>
  <testcase name="basicDetails" time="159.017" classname="com.IIMS.tc.TC005_IIMSBasicDetails"/>
  <testcase name="basicDetails" time="157.538" classname="com.IIMS.tc.TC005_IIMSBasicDetails"/>
  <testcase name="basicDetails" time="158.683" classname="com.IIMS.tc.TC005_IIMSBasicDetails"/>
  <testcase name="basicDetails" time="158.582" classname="com.IIMS.tc.TC005_IIMSBasicDetails"/>
  <testcase name="basicDetails" time="158.759" classname="com.IIMS.tc.TC005_IIMSBasicDetails"/>
  <testcase name="basicDetails" time="157.537" classname="com.IIMS.tc.TC005_IIMSBasicDetails"/>
  <testcase name="basicDetails" time="159.048" classname="com.IIMS.tc.TC005_IIMSBasicDetails"/>
  <testcase name="basicDetails" time="158.965" classname="com.IIMS.tc.TC005_IIMSBasicDetails"/>
  <testcase name="basicDetails" time="157.441" classname="com.IIMS.tc.TC005_IIMSBasicDetails"/>
  <testcase name="basicDetails" time="158.175" classname="com.IIMS.tc.TC005_IIMSBasicDetails"/>
  <testcase name="basicDetails" time="157.565" classname="com.IIMS.tc.TC005_IIMSBasicDetails"/>
  <testcase name="basicDetails" time="157.599" classname="com.IIMS.tc.TC005_IIMSBasicDetails"/>
  <testcase name="basicDetails" time="157.762" classname="com.IIMS.tc.TC005_IIMSBasicDetails"/>
  <testcase name="basicDetails" time="158.660" classname="com.IIMS.tc.TC005_IIMSBasicDetails"/>
  <testcase name="basicDetails" time="159.133" classname="com.IIMS.tc.TC005_IIMSBasicDetails"/>
  <testcase name="basicDetails" time="157.643" classname="com.IIMS.tc.TC005_IIMSBasicDetails"/>
  <testcase name="basicDetails" time="158.058" classname="com.IIMS.tc.TC005_IIMSBasicDetails"/>
  <testcase name="basicDetails" time="159.143" classname="com.IIMS.tc.TC005_IIMSBasicDetails"/>
  <testcase name="basicDetails" time="158.112" classname="com.IIMS.tc.TC005_IIMSBasicDetails"/>
</testsuite> <!-- com.IIMS.tc.TC005_IIMSBasicDetails -->
