<?xml version="1.0" encoding="UTF-8"?>
<!-- Generated by org.testng.reporters.JUnitReportReporter -->
<testsuite skipped="0" hostname="MAA014482B" name="com.BOB_March23.tc.TC005_BOBBasicDetails" tests="40" failures="0" timestamp="2023-04-25T16:16:13 IST" time="6487.973" errors="0">
  <testcase name="basicDetails" time="161.602" classname="com.BOB_March23.tc.TC005_BOBBasicDetails"/>
  <testcase name="basicDetails" time="161.341" classname="com.BOB_March23.tc.TC005_BOBBasicDetails"/>
  <testcase name="basicDetails" time="161.227" classname="com.BOB_March23.tc.TC005_BOBBasicDetails"/>
  <testcase name="basicDetails" time="163.186" classname="com.BOB_March23.tc.TC005_BOBBasicDetails"/>
  <testcase name="basicDetails" time="163.250" classname="com.BOB_March23.tc.TC005_BOBBasicDetails"/>
  <testcase name="basicDetails" time="163.377" classname="com.BOB_March23.tc.TC005_BOBBasicDetails"/>
  <testcase name="basicDetails" time="162.429" classname="com.BOB_March23.tc.TC005_BOBBasicDetails"/>
  <testcase name="basicDetails" time="161.713" classname="com.BOB_March23.tc.TC005_BOBBasicDetails"/>
  <testcase name="basicDetails" time="161.777" classname="com.BOB_March23.tc.TC005_BOBBasicDetails"/>
  <testcase name="basicDetails" time="161.375" classname="com.BOB_March23.tc.TC005_BOBBasicDetails"/>
  <testcase name="basicDetails" time="161.399" classname="com.BOB_March23.tc.TC005_BOBBasicDetails"/>
  <testcase name="basicDetails" time="161.548" classname="com.BOB_March23.tc.TC005_BOBBasicDetails"/>
  <testcase name="basicDetails" time="162.044" classname="com.BOB_March23.tc.TC005_BOBBasicDetails"/>
  <testcase name="basicDetails" time="162.191" classname="com.BOB_March23.tc.TC005_BOBBasicDetails"/>
  <testcase name="basicDetails" time="162.486" classname="com.BOB_March23.tc.TC005_BOBBasicDetails"/>
  <testcase name="basicDetails" time="162.254" classname="com.BOB_March23.tc.TC005_BOBBasicDetails"/>
  <testcase name="basicDetails" time="162.137" classname="com.BOB_March23.tc.TC005_BOBBasicDetails"/>
  <testcase name="basicDetails" time="162.603" classname="com.BOB_March23.tc.TC005_BOBBasicDetails"/>
  <testcase name="basicDetails" time="162.778" classname="com.BOB_March23.tc.TC005_BOBBasicDetails"/>
  <testcase name="basicDetails" time="161.604" classname="com.BOB_March23.tc.TC005_BOBBasicDetails"/>
  <testcase name="basicDetails" time="162.085" classname="com.BOB_March23.tc.TC005_BOBBasicDetails"/>
  <testcase name="basicDetails" time="161.618" classname="com.BOB_March23.tc.TC005_BOBBasicDetails"/>
  <testcase name="basicDetails" time="161.201" classname="com.BOB_March23.tc.TC005_BOBBasicDetails"/>
  <testcase name="basicDetails" time="161.773" classname="com.BOB_March23.tc.TC005_BOBBasicDetails"/>
  <testcase name="basicDetails" time="161.896" classname="com.BOB_March23.tc.TC005_BOBBasicDetails"/>
  <testcase name="basicDetails" time="161.461" classname="com.BOB_March23.tc.TC005_BOBBasicDetails"/>
  <testcase name="basicDetails" time="162.286" classname="com.BOB_March23.tc.TC005_BOBBasicDetails"/>
  <testcase name="basicDetails" time="161.693" classname="com.BOB_March23.tc.TC005_BOBBasicDetails"/>
  <testcase name="basicDetails" time="161.507" classname="com.BOB_March23.tc.TC005_BOBBasicDetails"/>
  <testcase name="basicDetails" time="161.295" classname="com.BOB_March23.tc.TC005_BOBBasicDetails"/>
  <testcase name="basicDetails" time="161.868" classname="com.BOB_March23.tc.TC005_BOBBasicDetails"/>
  <testcase name="basicDetails" time="161.118" classname="com.BOB_March23.tc.TC005_BOBBasicDetails"/>
  <testcase name="basicDetails" time="161.165" classname="com.BOB_March23.tc.TC005_BOBBasicDetails"/>
  <testcase name="basicDetails" time="162.435" classname="com.BOB_March23.tc.TC005_BOBBasicDetails"/>
  <testcase name="basicDetails" time="161.479" classname="com.BOB_March23.tc.TC005_BOBBasicDetails"/>
  <testcase name="basicDetails" time="161.914" classname="com.BOB_March23.tc.TC005_BOBBasicDetails"/>
  <testcase name="basicDetails" time="174.873" classname="com.BOB_March23.tc.TC005_BOBBasicDetails"/>
  <testcase name="basicDetails" time="161.651" classname="com.BOB_March23.tc.TC005_BOBBasicDetails"/>
  <testcase name="basicDetails" time="161.567" classname="com.BOB_March23.tc.TC005_BOBBasicDetails"/>
  <testcase name="basicDetails" time="160.767" classname="com.BOB_March23.tc.TC005_BOBBasicDetails"/>
</testsuite> <!-- com.BOB_March23.tc.TC005_BOBBasicDetails -->
