<?xml version="1.0" encoding="UTF-8"?>
<!-- Generated by org.testng.reporters.JUnitReportReporter -->
<testsuite skipped="0" hostname="MAA014482B" name="com.MAHAVIT_12_April.tc.TC005_MAHABasicDetails" tests="25" failures="0" timestamp="2022-05-03T23:21:35 IST" time="2986.634" errors="0">
  <testcase name="basicDetails" time="117.015" classname="com.MAHAVIT_12_April.tc.TC005_MAHABasicDetails"/>
  <testcase name="basicDetails" time="121.014" classname="com.MAHAVIT_12_April.tc.TC005_MAHABasicDetails"/>
  <testcase name="basicDetails" time="119.540" classname="com.MAHAVIT_12_April.tc.TC005_MAHABasicDetails"/>
  <testcase name="basicDetails" time="119.884" classname="com.MAHAVIT_12_April.tc.TC005_MAHABasicDetails"/>
  <testcase name="basicDetails" time="121.314" classname="com.MAHAVIT_12_April.tc.TC005_MAHABasicDetails"/>
  <testcase name="basicDetails" time="118.977" classname="com.MAHAVIT_12_April.tc.TC005_MAHABasicDetails"/>
  <testcase name="basicDetails" time="119.287" classname="com.MAHAVIT_12_April.tc.TC005_MAHABasicDetails"/>
  <testcase name="basicDetails" time="117.749" classname="com.MAHAVIT_12_April.tc.TC005_MAHABasicDetails"/>
  <testcase name="basicDetails" time="119.884" classname="com.MAHAVIT_12_April.tc.TC005_MAHABasicDetails"/>
  <testcase name="basicDetails" time="121.218" classname="com.MAHAVIT_12_April.tc.TC005_MAHABasicDetails"/>
  <testcase name="basicDetails" time="117.932" classname="com.MAHAVIT_12_April.tc.TC005_MAHABasicDetails"/>
  <testcase name="basicDetails" time="121.419" classname="com.MAHAVIT_12_April.tc.TC005_MAHABasicDetails"/>
  <testcase name="basicDetails" time="119.612" classname="com.MAHAVIT_12_April.tc.TC005_MAHABasicDetails"/>
  <testcase name="basicDetails" time="121.076" classname="com.MAHAVIT_12_April.tc.TC005_MAHABasicDetails"/>
  <testcase name="basicDetails" time="119.222" classname="com.MAHAVIT_12_April.tc.TC005_MAHABasicDetails"/>
  <testcase name="basicDetails" time="118.864" classname="com.MAHAVIT_12_April.tc.TC005_MAHABasicDetails"/>
  <testcase name="basicDetails" time="117.896" classname="com.MAHAVIT_12_April.tc.TC005_MAHABasicDetails"/>
  <testcase name="basicDetails" time="118.637" classname="com.MAHAVIT_12_April.tc.TC005_MAHABasicDetails"/>
  <testcase name="basicDetails" time="119.994" classname="com.MAHAVIT_12_April.tc.TC005_MAHABasicDetails"/>
  <testcase name="basicDetails" time="117.895" classname="com.MAHAVIT_12_April.tc.TC005_MAHABasicDetails"/>
  <testcase name="basicDetails" time="119.951" classname="com.MAHAVIT_12_April.tc.TC005_MAHABasicDetails"/>
  <testcase name="basicDetails" time="119.911" classname="com.MAHAVIT_12_April.tc.TC005_MAHABasicDetails"/>
  <testcase name="basicDetails" time="120.976" classname="com.MAHAVIT_12_April.tc.TC005_MAHABasicDetails"/>
  <testcase name="basicDetails" time="119.528" classname="com.MAHAVIT_12_April.tc.TC005_MAHABasicDetails"/>
  <testcase name="basicDetails" time="117.839" classname="com.MAHAVIT_12_April.tc.TC005_MAHABasicDetails"/>
</testsuite> <!-- com.MAHAVIT_12_April.tc.TC005_MAHABasicDetails -->
