<?xml version="1.0" encoding="UTF-8"?>
<!-- Generated by org.testng.reporters.JUnitReportReporter -->
<testsuite skipped="0" hostname="MAA014482B" name="com.CAH_May23.tc.TC002_CAHBasicDetails" tests="54" failures="0" timestamp="2023-06-12T16:31:31 IST" time="8520.334" errors="0">
  <testcase name="basicDetails" time="158.125" classname="com.CAH_May23.tc.TC002_CAHBasicDetails"/>
  <testcase name="basicDetails" time="157.267" classname="com.CAH_May23.tc.TC002_CAHBasicDetails"/>
  <testcase name="basicDetails" time="157.562" classname="com.CAH_May23.tc.TC002_CAHBasicDetails"/>
  <testcase name="basicDetails" time="160.683" classname="com.CAH_May23.tc.TC002_CAHBasicDetails"/>
  <testcase name="basicDetails" time="157.646" classname="com.CAH_May23.tc.TC002_CAHBasicDetails"/>
  <testcase name="basicDetails" time="157.404" classname="com.CAH_May23.tc.TC002_CAHBasicDetails"/>
  <testcase name="basicDetails" time="157.973" classname="com.CAH_May23.tc.TC002_CAHBasicDetails"/>
  <testcase name="basicDetails" time="157.248" classname="com.CAH_May23.tc.TC002_CAHBasicDetails"/>
  <testcase name="basicDetails" time="157.659" classname="com.CAH_May23.tc.TC002_CAHBasicDetails"/>
  <testcase name="basicDetails" time="157.725" classname="com.CAH_May23.tc.TC002_CAHBasicDetails"/>
  <testcase name="basicDetails" time="157.525" classname="com.CAH_May23.tc.TC002_CAHBasicDetails"/>
  <testcase name="basicDetails" time="157.102" classname="com.CAH_May23.tc.TC002_CAHBasicDetails"/>
  <testcase name="basicDetails" time="157.251" classname="com.CAH_May23.tc.TC002_CAHBasicDetails"/>
  <testcase name="basicDetails" time="157.354" classname="com.CAH_May23.tc.TC002_CAHBasicDetails"/>
  <testcase name="basicDetails" time="157.593" classname="com.CAH_May23.tc.TC002_CAHBasicDetails"/>
  <testcase name="basicDetails" time="157.272" classname="com.CAH_May23.tc.TC002_CAHBasicDetails"/>
  <testcase name="basicDetails" time="157.288" classname="com.CAH_May23.tc.TC002_CAHBasicDetails"/>
  <testcase name="basicDetails" time="157.391" classname="com.CAH_May23.tc.TC002_CAHBasicDetails"/>
  <testcase name="basicDetails" time="157.322" classname="com.CAH_May23.tc.TC002_CAHBasicDetails"/>
  <testcase name="basicDetails" time="157.606" classname="com.CAH_May23.tc.TC002_CAHBasicDetails"/>
  <testcase name="basicDetails" time="157.238" classname="com.CAH_May23.tc.TC002_CAHBasicDetails"/>
  <testcase name="basicDetails" time="157.302" classname="com.CAH_May23.tc.TC002_CAHBasicDetails"/>
  <testcase name="basicDetails" time="157.340" classname="com.CAH_May23.tc.TC002_CAHBasicDetails"/>
  <testcase name="basicDetails" time="158.224" classname="com.CAH_May23.tc.TC002_CAHBasicDetails"/>
  <testcase name="basicDetails" time="157.426" classname="com.CAH_May23.tc.TC002_CAHBasicDetails"/>
  <testcase name="basicDetails" time="157.945" classname="com.CAH_May23.tc.TC002_CAHBasicDetails"/>
  <testcase name="basicDetails" time="157.054" classname="com.CAH_May23.tc.TC002_CAHBasicDetails"/>
  <testcase name="basicDetails" time="157.652" classname="com.CAH_May23.tc.TC002_CAHBasicDetails"/>
  <testcase name="basicDetails" time="157.451" classname="com.CAH_May23.tc.TC002_CAHBasicDetails"/>
  <testcase name="basicDetails" time="157.066" classname="com.CAH_May23.tc.TC002_CAHBasicDetails"/>
  <testcase name="basicDetails" time="157.249" classname="com.CAH_May23.tc.TC002_CAHBasicDetails"/>
  <testcase name="basicDetails" time="158.029" classname="com.CAH_May23.tc.TC002_CAHBasicDetails"/>
  <testcase name="basicDetails" time="157.205" classname="com.CAH_May23.tc.TC002_CAHBasicDetails"/>
  <testcase name="basicDetails" time="157.206" classname="com.CAH_May23.tc.TC002_CAHBasicDetails"/>
  <testcase name="basicDetails" time="157.326" classname="com.CAH_May23.tc.TC002_CAHBasicDetails"/>
  <testcase name="basicDetails" time="157.727" classname="com.CAH_May23.tc.TC002_CAHBasicDetails"/>
  <testcase name="basicDetails" time="157.848" classname="com.CAH_May23.tc.TC002_CAHBasicDetails"/>
  <testcase name="basicDetails" time="157.370" classname="com.CAH_May23.tc.TC002_CAHBasicDetails"/>
  <testcase name="basicDetails" time="157.291" classname="com.CAH_May23.tc.TC002_CAHBasicDetails"/>
  <testcase name="basicDetails" time="157.669" classname="com.CAH_May23.tc.TC002_CAHBasicDetails"/>
  <testcase name="basicDetails" time="157.660" classname="com.CAH_May23.tc.TC002_CAHBasicDetails"/>
  <testcase name="basicDetails" time="157.534" classname="com.CAH_May23.tc.TC002_CAHBasicDetails"/>
  <testcase name="basicDetails" time="163.694" classname="com.CAH_May23.tc.TC002_CAHBasicDetails"/>
  <testcase name="basicDetails" time="158.009" classname="com.CAH_May23.tc.TC002_CAHBasicDetails"/>
  <testcase name="basicDetails" time="157.658" classname="com.CAH_May23.tc.TC002_CAHBasicDetails"/>
  <testcase name="basicDetails" time="157.472" classname="com.CAH_May23.tc.TC002_CAHBasicDetails"/>
  <testcase name="basicDetails" time="156.895" classname="com.CAH_May23.tc.TC002_CAHBasicDetails"/>
  <testcase name="basicDetails" time="157.389" classname="com.CAH_May23.tc.TC002_CAHBasicDetails"/>
  <testcase name="basicDetails" time="160.700" classname="com.CAH_May23.tc.TC002_CAHBasicDetails"/>
  <testcase name="basicDetails" time="157.558" classname="com.CAH_May23.tc.TC002_CAHBasicDetails"/>
  <testcase name="basicDetails" time="157.237" classname="com.CAH_May23.tc.TC002_CAHBasicDetails"/>
  <testcase name="basicDetails" time="157.642" classname="com.CAH_May23.tc.TC002_CAHBasicDetails"/>
  <testcase name="basicDetails" time="157.730" classname="com.CAH_May23.tc.TC002_CAHBasicDetails"/>
  <testcase name="basicDetails" time="160.542" classname="com.CAH_May23.tc.TC002_CAHBasicDetails"/>
</testsuite> <!-- com.CAH_May23.tc.TC002_CAHBasicDetails -->
