<?xml version="1.0" encoding="UTF-8"?>
<!-- Generated by org.testng.reporters.JUnitReportReporter -->
<testsuite hostname="MAA011253A" failures="0" tests="19" name="com.SBIPHARMACIST.tc.TC004_SBIBasicDetails" time="2425.243" errors="0" timestamp="2021-03-25T17:41:50 IST" skipped="0">
  <testcase classname="com.SBIPHARMACIST.tc.TC004_SBIBasicDetails" name="basicDetails" time="130.103"/>
  <testcase classname="com.SBIPHARMACIST.tc.TC004_SBIBasicDetails" name="basicDetails" time="127.762"/>
  <testcase classname="com.SBIPHARMACIST.tc.TC004_SBIBasicDetails" name="basicDetails" time="128.010"/>
  <testcase classname="com.SBIPHARMACIST.tc.TC004_SBIBasicDetails" name="basicDetails" time="126.748"/>
  <testcase classname="com.SBIPHARMACIST.tc.TC004_SBIBasicDetails" name="basicDetails" time="127.393"/>
  <testcase classname="com.SBIPHARMACIST.tc.TC004_SBIBasicDetails" name="basicDetails" time="128.044"/>
  <testcase classname="com.SBIPHARMACIST.tc.TC004_SBIBasicDetails" name="basicDetails" time="127.365"/>
  <testcase classname="com.SBIPHARMACIST.tc.TC004_SBIBasicDetails" name="basicDetails" time="128.177"/>
  <testcase classname="com.SBIPHARMACIST.tc.TC004_SBIBasicDetails" name="basicDetails" time="127.199"/>
  <testcase classname="com.SBIPHARMACIST.tc.TC004_SBIBasicDetails" name="basicDetails" time="127.035"/>
  <testcase classname="com.SBIPHARMACIST.tc.TC004_SBIBasicDetails" name="basicDetails" time="127.388"/>
  <testcase classname="com.SBIPHARMACIST.tc.TC004_SBIBasicDetails" name="basicDetails" time="127.794"/>
  <testcase classname="com.SBIPHARMACIST.tc.TC004_SBIBasicDetails" name="basicDetails" time="127.341"/>
  <testcase classname="com.SBIPHARMACIST.tc.TC004_SBIBasicDetails" name="basicDetails" time="127.112"/>
  <testcase classname="com.SBIPHARMACIST.tc.TC004_SBIBasicDetails" name="basicDetails" time="127.066"/>
  <testcase classname="com.SBIPHARMACIST.tc.TC004_SBIBasicDetails" name="basicDetails" time="128.208"/>
  <testcase classname="com.SBIPHARMACIST.tc.TC004_SBIBasicDetails" name="basicDetails" time="127.544"/>
  <testcase classname="com.SBIPHARMACIST.tc.TC004_SBIBasicDetails" name="basicDetails" time="127.767"/>
  <testcase classname="com.SBIPHARMACIST.tc.TC004_SBIBasicDetails" name="basicDetails" time="127.187"/>
</testsuite> <!-- com.SBIPHARMACIST.tc.TC004_SBIBasicDetails -->
