<?xml version="1.0" encoding="UTF-8"?>
<!-- Generated by org.testng.reporters.JUnitReportReporter -->
<testsuite hostname="MAA011253A" failures="0" tests="108" name="com.IGM_Mumbai.tc.TC005_IGMBasicDetails" time="12664.751" errors="1" timestamp="2022-01-17T16:49:18 IST" skipped="0">
  <testcase classname="com.IGM_Mumbai.tc.TC005_IGMBasicDetails" name="basicDetails" time="116.663"/>
  <testcase classname="com.IGM_Mumbai.tc.TC005_IGMBasicDetails" name="basicDetails" time="116.939"/>
  <testcase classname="com.IGM_Mumbai.tc.TC005_IGMBasicDetails" name="basicDetails" time="22.452">
    <error message="unexpected alert open: {Alert text : Date Of Birth should be between 16/01/1965 to 15/01/2004}
  (Session info: chrome=97.0.4692.71): Date Of Birth should be between 16/01/1965 to 15/01/2004
Build info: version: &#039;3.141.0&#039;, revision: &#039;2ecb7d9a&#039;, time: &#039;2018-10-31T20:09:30&#039;
System info: host: &#039;MAA011253A&#039;, ip: &#039;210.210.127.120&#039;, os.name: &#039;Windows 10&#039;, os.arch: &#039;amd64&#039;, os.version: &#039;10.0&#039;, java.version: &#039;9.0.1&#039;
Driver info: org.openqa.selenium.chrome.ChromeDriver
Capabilities {acceptInsecureCerts: false, browserName: chrome, browserVersion: 97.0.4692.71, chrome: {chromedriverVersion: 97.0.4692.71 (adefa7837d02a..., userDataDir: C:\Users\011253\AppData\Loc...}, goog:chromeOptions: {debuggerAddress: localhost:53144}, javascriptEnabled: true, networkConnectionEnabled: false, pageLoadStrategy: normal, platform: WINDOWS, platformName: WINDOWS, proxy: Proxy(), setWindowRect: true, strictFileInteractability: false, timeouts: {implicit: 0, pageLoad: 300000, script: 30000}, unhandledPromptBehavior: dismiss and notify, webauthn:extension:credBlob: true, webauthn:extension:largeBlob: true, webauthn:virtualAuthenticators: true}
Session ID: 8a9692269f4fd86ab066c88065c8b085
*** Element info: {Using=xpath, value=.//*[starts-with(@id,&#039;err_seldob&#039;)]}" type="org.openqa.selenium.UnhandledAlertException">
      <![CDATA[org.openqa.selenium.UnhandledAlertException: unexpected alert open: {Alert text : Date Of Birth should be between 16/01/1965 to 15/01/2004}
  (Session info: chrome=97.0.4692.71): Date Of Birth should be between 16/01/1965 to 15/01/2004
Build info: version: '3.141.0', revision: '2ecb7d9a', time: '2018-10-31T20:09:30'
System info: host: 'MAA011253A', ip: '210.210.127.120', os.name: 'Windows 10', os.arch: 'amd64', os.version: '10.0', java.version: '9.0.1'
Driver info: org.openqa.selenium.chrome.ChromeDriver
Capabilities {acceptInsecureCerts: false, browserName: chrome, browserVersion: 97.0.4692.71, chrome: {chromedriverVersion: 97.0.4692.71 (adefa7837d02a..., userDataDir: C:\Users\011253\AppData\Loc...}, goog:chromeOptions: {debuggerAddress: localhost:53144}, javascriptEnabled: true, networkConnectionEnabled: false, pageLoadStrategy: normal, platform: WINDOWS, platformName: WINDOWS, proxy: Proxy(), setWindowRect: true, strictFileInteractability: false, timeouts: {implicit: 0, pageLoad: 300000, script: 30000}, unhandledPromptBehavior: dismiss and notify, webauthn:extension:credBlob: true, webauthn:extension:largeBlob: true, webauthn:virtualAuthenticators: true}
Session ID: 8a9692269f4fd86ab066c88065c8b085
*** Element info: {Using=xpath, value=.//*[starts-with(@id,'err_seldob')]}
at org.openqa.selenium.remote.http.W3CHttpResponseCodec.decode(W3CHttpResponseCodec.java:120)
at org.openqa.selenium.remote.http.W3CHttpResponseCodec.decode(W3CHttpResponseCodec.java:49)
at org.openqa.selenium.remote.HttpCommandExecutor.execute(HttpCommandExecutor.java:158)
at org.openqa.selenium.remote.service.DriverCommandExecutor.execute(DriverCommandExecutor.java:83)
at org.openqa.selenium.remote.RemoteWebDriver.execute(RemoteWebDriver.java:552)
at org.openqa.selenium.remote.RemoteWebDriver.findElements(RemoteWebDriver.java:353)
at org.openqa.selenium.remote.RemoteWebDriver.findElementsByXPath(RemoteWebDriver.java:432)
at org.openqa.selenium.By$ByXPath.findElements(By.java:348)
at org.openqa.selenium.remote.RemoteWebDriver.findElements(RemoteWebDriver.java:311)
at lib.selenium.WebDriverServiceImpl.noagealert(WebDriverServiceImpl.java:761)
at lib.selenium.WebDriverServiceImpl.agevalidator_max(WebDriverServiceImpl.java:844)
at com.ibps.pages.PersonalDetailsPage.ageValidatorMax(PersonalDetailsPage.java:309)
at com.IGM_Mumbai.tc.TC005_IGMBasicDetails.basicDetails(TC005_IGMBasicDetails.java:61)
at jdk.internal.reflect.GeneratedMethodAccessor7.invoke(Unknown Source)
at java.base/jdk.internal.reflect.DelegatingMethodAccessorImpl.invoke(Unknown Source)
at java.base/java.lang.reflect.Method.invoke(Unknown Source)
at org.testng.internal.MethodInvocationHelper.invokeMethod(MethodInvocationHelper.java:133)
at org.testng.internal.TestInvoker.invokeMethod(TestInvoker.java:584)
at org.testng.internal.TestInvoker.invokeTestMethod(TestInvoker.java:172)
at org.testng.internal.MethodRunner.runInSequence(MethodRunner.java:46)
at org.testng.internal.TestInvoker$MethodInvocationAgent.invoke(TestInvoker.java:804)
at org.testng.internal.TestInvoker.invokeTestMethods(TestInvoker.java:145)
at org.testng.internal.TestMethodWorker.invokeTestMethods(TestMethodWorker.java:146)
at org.testng.internal.TestMethodWorker.run(TestMethodWorker.java:128)
at java.base/java.util.concurrent.ThreadPoolExecutor.runWorker(Unknown Source)
at java.base/java.util.concurrent.ThreadPoolExecutor$Worker.run(Unknown Source)
at java.base/java.lang.Thread.run(Unknown Source)
]]>
    </error>
  </testcase> <!-- basicDetails -->
  <testcase classname="com.IGM_Mumbai.tc.TC005_IGMBasicDetails" name="basicDetails" time="117.073"/>
  <testcase classname="com.IGM_Mumbai.tc.TC005_IGMBasicDetails" name="basicDetails" time="116.493"/>
  <testcase classname="com.IGM_Mumbai.tc.TC005_IGMBasicDetails" name="basicDetails" time="117.143"/>
  <testcase classname="com.IGM_Mumbai.tc.TC005_IGMBasicDetails" name="basicDetails" time="117.144"/>
  <testcase classname="com.IGM_Mumbai.tc.TC005_IGMBasicDetails" name="basicDetails" time="116.882"/>
  <testcase classname="com.IGM_Mumbai.tc.TC005_IGMBasicDetails" name="basicDetails" time="116.809"/>
  <testcase classname="com.IGM_Mumbai.tc.TC005_IGMBasicDetails" name="basicDetails" time="116.489"/>
  <testcase classname="com.IGM_Mumbai.tc.TC005_IGMBasicDetails" name="basicDetails" time="116.594"/>
  <testcase classname="com.IGM_Mumbai.tc.TC005_IGMBasicDetails" name="basicDetails" time="116.870"/>
  <testcase classname="com.IGM_Mumbai.tc.TC005_IGMBasicDetails" name="basicDetails" time="116.162"/>
  <testcase classname="com.IGM_Mumbai.tc.TC005_IGMBasicDetails" name="basicDetails" time="116.860"/>
  <testcase classname="com.IGM_Mumbai.tc.TC005_IGMBasicDetails" name="basicDetails" time="144.644"/>
  <testcase classname="com.IGM_Mumbai.tc.TC005_IGMBasicDetails" name="basicDetails" time="116.804"/>
  <testcase classname="com.IGM_Mumbai.tc.TC005_IGMBasicDetails" name="basicDetails" time="116.636"/>
  <testcase classname="com.IGM_Mumbai.tc.TC005_IGMBasicDetails" name="basicDetails" time="116.726"/>
  <testcase classname="com.IGM_Mumbai.tc.TC005_IGMBasicDetails" name="basicDetails" time="116.977"/>
  <testcase classname="com.IGM_Mumbai.tc.TC005_IGMBasicDetails" name="basicDetails" time="117.441"/>
  <testcase classname="com.IGM_Mumbai.tc.TC005_IGMBasicDetails" name="basicDetails" time="116.918"/>
  <testcase classname="com.IGM_Mumbai.tc.TC005_IGMBasicDetails" name="basicDetails" time="117.129"/>
  <testcase classname="com.IGM_Mumbai.tc.TC005_IGMBasicDetails" name="basicDetails" time="116.790"/>
  <testcase classname="com.IGM_Mumbai.tc.TC005_IGMBasicDetails" name="basicDetails" time="146.152"/>
  <testcase classname="com.IGM_Mumbai.tc.TC005_IGMBasicDetails" name="basicDetails" time="117.089"/>
  <testcase classname="com.IGM_Mumbai.tc.TC005_IGMBasicDetails" name="basicDetails" time="116.701"/>
  <testcase classname="com.IGM_Mumbai.tc.TC005_IGMBasicDetails" name="basicDetails" time="116.650"/>
  <testcase classname="com.IGM_Mumbai.tc.TC005_IGMBasicDetails" name="basicDetails" time="117.138"/>
  <testcase classname="com.IGM_Mumbai.tc.TC005_IGMBasicDetails" name="basicDetails" time="116.632"/>
  <testcase classname="com.IGM_Mumbai.tc.TC005_IGMBasicDetails" name="basicDetails" time="116.592"/>
  <testcase classname="com.IGM_Mumbai.tc.TC005_IGMBasicDetails" name="basicDetails" time="116.896"/>
  <testcase classname="com.IGM_Mumbai.tc.TC005_IGMBasicDetails" name="basicDetails" time="117.306"/>
  <testcase classname="com.IGM_Mumbai.tc.TC005_IGMBasicDetails" name="basicDetails" time="116.928"/>
  <testcase classname="com.IGM_Mumbai.tc.TC005_IGMBasicDetails" name="basicDetails" time="116.610"/>
  <testcase classname="com.IGM_Mumbai.tc.TC005_IGMBasicDetails" name="basicDetails" time="117.002"/>
  <testcase classname="com.IGM_Mumbai.tc.TC005_IGMBasicDetails" name="basicDetails" time="116.297"/>
  <testcase classname="com.IGM_Mumbai.tc.TC005_IGMBasicDetails" name="basicDetails" time="116.946"/>
  <testcase classname="com.IGM_Mumbai.tc.TC005_IGMBasicDetails" name="basicDetails" time="116.883"/>
  <testcase classname="com.IGM_Mumbai.tc.TC005_IGMBasicDetails" name="basicDetails" time="117.201"/>
  <testcase classname="com.IGM_Mumbai.tc.TC005_IGMBasicDetails" name="basicDetails" time="144.916"/>
  <testcase classname="com.IGM_Mumbai.tc.TC005_IGMBasicDetails" name="basicDetails" time="116.776"/>
  <testcase classname="com.IGM_Mumbai.tc.TC005_IGMBasicDetails" name="basicDetails" time="116.838"/>
  <testcase classname="com.IGM_Mumbai.tc.TC005_IGMBasicDetails" name="basicDetails" time="116.827"/>
  <testcase classname="com.IGM_Mumbai.tc.TC005_IGMBasicDetails" name="basicDetails" time="116.941"/>
  <testcase classname="com.IGM_Mumbai.tc.TC005_IGMBasicDetails" name="basicDetails" time="116.825"/>
  <testcase classname="com.IGM_Mumbai.tc.TC005_IGMBasicDetails" name="basicDetails" time="116.894"/>
  <testcase classname="com.IGM_Mumbai.tc.TC005_IGMBasicDetails" name="basicDetails" time="117.093"/>
  <testcase classname="com.IGM_Mumbai.tc.TC005_IGMBasicDetails" name="basicDetails" time="117.084"/>
  <testcase classname="com.IGM_Mumbai.tc.TC005_IGMBasicDetails" name="basicDetails" time="116.745"/>
  <testcase classname="com.IGM_Mumbai.tc.TC005_IGMBasicDetails" name="basicDetails" time="116.682"/>
  <testcase classname="com.IGM_Mumbai.tc.TC005_IGMBasicDetails" name="basicDetails" time="116.806"/>
  <testcase classname="com.IGM_Mumbai.tc.TC005_IGMBasicDetails" name="basicDetails" time="144.511"/>
  <testcase classname="com.IGM_Mumbai.tc.TC005_IGMBasicDetails" name="basicDetails" time="116.460"/>
  <testcase classname="com.IGM_Mumbai.tc.TC005_IGMBasicDetails" name="basicDetails" time="116.687"/>
  <testcase classname="com.IGM_Mumbai.tc.TC005_IGMBasicDetails" name="basicDetails" time="116.919"/>
  <testcase classname="com.IGM_Mumbai.tc.TC005_IGMBasicDetails" name="basicDetails" time="116.718"/>
  <testcase classname="com.IGM_Mumbai.tc.TC005_IGMBasicDetails" name="basicDetails" time="116.446"/>
  <testcase classname="com.IGM_Mumbai.tc.TC005_IGMBasicDetails" name="basicDetails" time="116.725"/>
  <testcase classname="com.IGM_Mumbai.tc.TC005_IGMBasicDetails" name="basicDetails" time="116.845"/>
  <testcase classname="com.IGM_Mumbai.tc.TC005_IGMBasicDetails" name="basicDetails" time="116.615"/>
  <testcase classname="com.IGM_Mumbai.tc.TC005_IGMBasicDetails" name="basicDetails" time="116.760"/>
  <testcase classname="com.IGM_Mumbai.tc.TC005_IGMBasicDetails" name="basicDetails" time="116.594"/>
  <testcase classname="com.IGM_Mumbai.tc.TC005_IGMBasicDetails" name="basicDetails" time="116.654"/>
  <testcase classname="com.IGM_Mumbai.tc.TC005_IGMBasicDetails" name="basicDetails" time="116.784"/>
  <testcase classname="com.IGM_Mumbai.tc.TC005_IGMBasicDetails" name="basicDetails" time="116.799"/>
  <testcase classname="com.IGM_Mumbai.tc.TC005_IGMBasicDetails" name="basicDetails" time="116.963"/>
  <testcase classname="com.IGM_Mumbai.tc.TC005_IGMBasicDetails" name="basicDetails" time="116.868"/>
  <testcase classname="com.IGM_Mumbai.tc.TC005_IGMBasicDetails" name="basicDetails" time="116.843"/>
  <testcase classname="com.IGM_Mumbai.tc.TC005_IGMBasicDetails" name="basicDetails" time="116.807"/>
  <testcase classname="com.IGM_Mumbai.tc.TC005_IGMBasicDetails" name="basicDetails" time="117.071"/>
  <testcase classname="com.IGM_Mumbai.tc.TC005_IGMBasicDetails" name="basicDetails" time="116.490"/>
  <testcase classname="com.IGM_Mumbai.tc.TC005_IGMBasicDetails" name="basicDetails" time="116.894"/>
  <testcase classname="com.IGM_Mumbai.tc.TC005_IGMBasicDetails" name="basicDetails" time="116.660"/>
  <testcase classname="com.IGM_Mumbai.tc.TC005_IGMBasicDetails" name="basicDetails" time="116.812"/>
  <testcase classname="com.IGM_Mumbai.tc.TC005_IGMBasicDetails" name="basicDetails" time="116.722"/>
  <testcase classname="com.IGM_Mumbai.tc.TC005_IGMBasicDetails" name="basicDetails" time="116.872"/>
  <testcase classname="com.IGM_Mumbai.tc.TC005_IGMBasicDetails" name="basicDetails" time="116.994"/>
  <testcase classname="com.IGM_Mumbai.tc.TC005_IGMBasicDetails" name="basicDetails" time="116.881"/>
  <testcase classname="com.IGM_Mumbai.tc.TC005_IGMBasicDetails" name="basicDetails" time="116.682"/>
  <testcase classname="com.IGM_Mumbai.tc.TC005_IGMBasicDetails" name="basicDetails" time="117.169"/>
  <testcase classname="com.IGM_Mumbai.tc.TC005_IGMBasicDetails" name="basicDetails" time="117.161"/>
  <testcase classname="com.IGM_Mumbai.tc.TC005_IGMBasicDetails" name="basicDetails" time="116.755"/>
  <testcase classname="com.IGM_Mumbai.tc.TC005_IGMBasicDetails" name="basicDetails" time="117.572"/>
  <testcase classname="com.IGM_Mumbai.tc.TC005_IGMBasicDetails" name="basicDetails" time="116.843"/>
  <testcase classname="com.IGM_Mumbai.tc.TC005_IGMBasicDetails" name="basicDetails" time="116.721"/>
  <testcase classname="com.IGM_Mumbai.tc.TC005_IGMBasicDetails" name="basicDetails" time="116.686"/>
  <testcase classname="com.IGM_Mumbai.tc.TC005_IGMBasicDetails" name="basicDetails" time="116.473"/>
  <testcase classname="com.IGM_Mumbai.tc.TC005_IGMBasicDetails" name="basicDetails" time="117.088"/>
  <testcase classname="com.IGM_Mumbai.tc.TC005_IGMBasicDetails" name="basicDetails" time="116.709"/>
  <testcase classname="com.IGM_Mumbai.tc.TC005_IGMBasicDetails" name="basicDetails" time="117.278"/>
  <testcase classname="com.IGM_Mumbai.tc.TC005_IGMBasicDetails" name="basicDetails" time="116.822"/>
  <testcase classname="com.IGM_Mumbai.tc.TC005_IGMBasicDetails" name="basicDetails" time="116.434"/>
  <testcase classname="com.IGM_Mumbai.tc.TC005_IGMBasicDetails" name="basicDetails" time="117.292"/>
  <testcase classname="com.IGM_Mumbai.tc.TC005_IGMBasicDetails" name="basicDetails" time="116.634"/>
  <testcase classname="com.IGM_Mumbai.tc.TC005_IGMBasicDetails" name="basicDetails" time="116.809"/>
  <testcase classname="com.IGM_Mumbai.tc.TC005_IGMBasicDetails" name="basicDetails" time="116.956"/>
  <testcase classname="com.IGM_Mumbai.tc.TC005_IGMBasicDetails" name="basicDetails" time="116.370"/>
  <testcase classname="com.IGM_Mumbai.tc.TC005_IGMBasicDetails" name="basicDetails" time="145.433"/>
  <testcase classname="com.IGM_Mumbai.tc.TC005_IGMBasicDetails" name="basicDetails" time="117.066"/>
  <testcase classname="com.IGM_Mumbai.tc.TC005_IGMBasicDetails" name="basicDetails" time="116.834"/>
  <testcase classname="com.IGM_Mumbai.tc.TC005_IGMBasicDetails" name="basicDetails" time="117.028"/>
  <testcase classname="com.IGM_Mumbai.tc.TC005_IGMBasicDetails" name="basicDetails" time="116.587"/>
  <testcase classname="com.IGM_Mumbai.tc.TC005_IGMBasicDetails" name="basicDetails" time="116.784"/>
  <testcase classname="com.IGM_Mumbai.tc.TC005_IGMBasicDetails" name="basicDetails" time="116.352"/>
  <testcase classname="com.IGM_Mumbai.tc.TC005_IGMBasicDetails" name="basicDetails" time="117.209"/>
  <testcase classname="com.IGM_Mumbai.tc.TC005_IGMBasicDetails" name="basicDetails" time="116.747"/>
  <testcase classname="com.IGM_Mumbai.tc.TC005_IGMBasicDetails" name="basicDetails" time="116.864"/>
  <testcase classname="com.IGM_Mumbai.tc.TC005_IGMBasicDetails" name="basicDetails" time="116.911"/>
</testsuite> <!-- com.IGM_Mumbai.tc.TC005_IGMBasicDetails -->
