<?xml version="1.0" encoding="UTF-8"?>
<!-- Generated by org.testng.reporters.JUnitReportReporter -->
<testsuite skipped="0" hostname="MAA014482B" name="com.RBIJE_May23.tc.TC001_RBIJEBasicDetails" tests="180" failures="0" timestamp="2023-05-30T20:45:53 IST" time="29278.100" errors="0">
  <testcase name="basicDetails" time="163.916" classname="com.RBIJE_May23.tc.TC001_RBIJEBasicDetails"/>
  <testcase name="basicDetails" time="164.005" classname="com.RBIJE_May23.tc.TC001_RBIJEBasicDetails"/>
  <testcase name="basicDetails" time="165.257" classname="com.RBIJE_May23.tc.TC001_RBIJEBasicDetails"/>
  <testcase name="basicDetails" time="162.326" classname="com.RBIJE_May23.tc.TC001_RBIJEBasicDetails"/>
  <testcase name="basicDetails" time="164.004" classname="com.RBIJE_May23.tc.TC001_RBIJEBasicDetails"/>
  <testcase name="basicDetails" time="161.795" classname="com.RBIJE_May23.tc.TC001_RBIJEBasicDetails"/>
  <testcase name="basicDetails" time="163.832" classname="com.RBIJE_May23.tc.TC001_RBIJEBasicDetails"/>
  <testcase name="basicDetails" time="163.850" classname="com.RBIJE_May23.tc.TC001_RBIJEBasicDetails"/>
  <testcase name="basicDetails" time="164.127" classname="com.RBIJE_May23.tc.TC001_RBIJEBasicDetails"/>
  <testcase name="basicDetails" time="162.247" classname="com.RBIJE_May23.tc.TC001_RBIJEBasicDetails"/>
  <testcase name="basicDetails" time="165.261" classname="com.RBIJE_May23.tc.TC001_RBIJEBasicDetails"/>
  <testcase name="basicDetails" time="160.628" classname="com.RBIJE_May23.tc.TC001_RBIJEBasicDetails"/>
  <testcase name="basicDetails" time="161.897" classname="com.RBIJE_May23.tc.TC001_RBIJEBasicDetails"/>
  <testcase name="basicDetails" time="164.712" classname="com.RBIJE_May23.tc.TC001_RBIJEBasicDetails"/>
  <testcase name="basicDetails" time="163.950" classname="com.RBIJE_May23.tc.TC001_RBIJEBasicDetails"/>
  <testcase name="basicDetails" time="162.123" classname="com.RBIJE_May23.tc.TC001_RBIJEBasicDetails"/>
  <testcase name="basicDetails" time="161.681" classname="com.RBIJE_May23.tc.TC001_RBIJEBasicDetails"/>
  <testcase name="basicDetails" time="161.825" classname="com.RBIJE_May23.tc.TC001_RBIJEBasicDetails"/>
  <testcase name="basicDetails" time="161.836" classname="com.RBIJE_May23.tc.TC001_RBIJEBasicDetails"/>
  <testcase name="basicDetails" time="165.511" classname="com.RBIJE_May23.tc.TC001_RBIJEBasicDetails"/>
  <testcase name="basicDetails" time="164.959" classname="com.RBIJE_May23.tc.TC001_RBIJEBasicDetails"/>
  <testcase name="basicDetails" time="164.905" classname="com.RBIJE_May23.tc.TC001_RBIJEBasicDetails"/>
  <testcase name="basicDetails" time="160.481" classname="com.RBIJE_May23.tc.TC001_RBIJEBasicDetails"/>
  <testcase name="basicDetails" time="162.100" classname="com.RBIJE_May23.tc.TC001_RBIJEBasicDetails"/>
  <testcase name="basicDetails" time="163.721" classname="com.RBIJE_May23.tc.TC001_RBIJEBasicDetails"/>
  <testcase name="basicDetails" time="161.085" classname="com.RBIJE_May23.tc.TC001_RBIJEBasicDetails"/>
  <testcase name="basicDetails" time="165.025" classname="com.RBIJE_May23.tc.TC001_RBIJEBasicDetails"/>
  <testcase name="basicDetails" time="162.403" classname="com.RBIJE_May23.tc.TC001_RBIJEBasicDetails"/>
  <testcase name="basicDetails" time="160.951" classname="com.RBIJE_May23.tc.TC001_RBIJEBasicDetails"/>
  <testcase name="basicDetails" time="160.763" classname="com.RBIJE_May23.tc.TC001_RBIJEBasicDetails"/>
  <testcase name="basicDetails" time="160.817" classname="com.RBIJE_May23.tc.TC001_RBIJEBasicDetails"/>
  <testcase name="basicDetails" time="161.799" classname="com.RBIJE_May23.tc.TC001_RBIJEBasicDetails"/>
  <testcase name="basicDetails" time="161.996" classname="com.RBIJE_May23.tc.TC001_RBIJEBasicDetails"/>
  <testcase name="basicDetails" time="160.687" classname="com.RBIJE_May23.tc.TC001_RBIJEBasicDetails"/>
  <testcase name="basicDetails" time="161.940" classname="com.RBIJE_May23.tc.TC001_RBIJEBasicDetails"/>
  <testcase name="basicDetails" time="162.419" classname="com.RBIJE_May23.tc.TC001_RBIJEBasicDetails"/>
  <testcase name="basicDetails" time="163.640" classname="com.RBIJE_May23.tc.TC001_RBIJEBasicDetails"/>
  <testcase name="basicDetails" time="162.299" classname="com.RBIJE_May23.tc.TC001_RBIJEBasicDetails"/>
  <testcase name="basicDetails" time="161.650" classname="com.RBIJE_May23.tc.TC001_RBIJEBasicDetails"/>
  <testcase name="basicDetails" time="164.040" classname="com.RBIJE_May23.tc.TC001_RBIJEBasicDetails"/>
  <testcase name="basicDetails" time="166.626" classname="com.RBIJE_May23.tc.TC001_RBIJEBasicDetails"/>
  <testcase name="basicDetails" time="167.078" classname="com.RBIJE_May23.tc.TC001_RBIJEBasicDetails"/>
  <testcase name="basicDetails" time="165.178" classname="com.RBIJE_May23.tc.TC001_RBIJEBasicDetails"/>
  <testcase name="basicDetails" time="161.878" classname="com.RBIJE_May23.tc.TC001_RBIJEBasicDetails"/>
  <testcase name="basicDetails" time="162.053" classname="com.RBIJE_May23.tc.TC001_RBIJEBasicDetails"/>
  <testcase name="basicDetails" time="165.689" classname="com.RBIJE_May23.tc.TC001_RBIJEBasicDetails"/>
  <testcase name="basicDetails" time="161.942" classname="com.RBIJE_May23.tc.TC001_RBIJEBasicDetails"/>
  <testcase name="basicDetails" time="160.666" classname="com.RBIJE_May23.tc.TC001_RBIJEBasicDetails"/>
  <testcase name="basicDetails" time="163.409" classname="com.RBIJE_May23.tc.TC001_RBIJEBasicDetails"/>
  <testcase name="basicDetails" time="165.312" classname="com.RBIJE_May23.tc.TC001_RBIJEBasicDetails"/>
  <testcase name="basicDetails" time="160.591" classname="com.RBIJE_May23.tc.TC001_RBIJEBasicDetails"/>
  <testcase name="basicDetails" time="165.196" classname="com.RBIJE_May23.tc.TC001_RBIJEBasicDetails"/>
  <testcase name="basicDetails" time="162.255" classname="com.RBIJE_May23.tc.TC001_RBIJEBasicDetails"/>
  <testcase name="basicDetails" time="166.413" classname="com.RBIJE_May23.tc.TC001_RBIJEBasicDetails"/>
  <testcase name="basicDetails" time="161.022" classname="com.RBIJE_May23.tc.TC001_RBIJEBasicDetails"/>
  <testcase name="basicDetails" time="165.230" classname="com.RBIJE_May23.tc.TC001_RBIJEBasicDetails"/>
  <testcase name="basicDetails" time="165.436" classname="com.RBIJE_May23.tc.TC001_RBIJEBasicDetails"/>
  <testcase name="basicDetails" time="163.727" classname="com.RBIJE_May23.tc.TC001_RBIJEBasicDetails"/>
  <testcase name="basicDetails" time="164.937" classname="com.RBIJE_May23.tc.TC001_RBIJEBasicDetails"/>
  <testcase name="basicDetails" time="161.891" classname="com.RBIJE_May23.tc.TC001_RBIJEBasicDetails"/>
  <testcase name="basicDetails" time="161.693" classname="com.RBIJE_May23.tc.TC001_RBIJEBasicDetails"/>
  <testcase name="basicDetails" time="161.154" classname="com.RBIJE_May23.tc.TC001_RBIJEBasicDetails"/>
  <testcase name="basicDetails" time="162.990" classname="com.RBIJE_May23.tc.TC001_RBIJEBasicDetails"/>
  <testcase name="basicDetails" time="160.677" classname="com.RBIJE_May23.tc.TC001_RBIJEBasicDetails"/>
  <testcase name="basicDetails" time="161.539" classname="com.RBIJE_May23.tc.TC001_RBIJEBasicDetails"/>
  <testcase name="basicDetails" time="162.477" classname="com.RBIJE_May23.tc.TC001_RBIJEBasicDetails"/>
  <testcase name="basicDetails" time="162.427" classname="com.RBIJE_May23.tc.TC001_RBIJEBasicDetails"/>
  <testcase name="basicDetails" time="162.078" classname="com.RBIJE_May23.tc.TC001_RBIJEBasicDetails"/>
  <testcase name="basicDetails" time="162.005" classname="com.RBIJE_May23.tc.TC001_RBIJEBasicDetails"/>
  <testcase name="basicDetails" time="163.291" classname="com.RBIJE_May23.tc.TC001_RBIJEBasicDetails"/>
  <testcase name="basicDetails" time="160.735" classname="com.RBIJE_May23.tc.TC001_RBIJEBasicDetails"/>
  <testcase name="basicDetails" time="162.323" classname="com.RBIJE_May23.tc.TC001_RBIJEBasicDetails"/>
  <testcase name="basicDetails" time="160.910" classname="com.RBIJE_May23.tc.TC001_RBIJEBasicDetails"/>
  <testcase name="basicDetails" time="165.210" classname="com.RBIJE_May23.tc.TC001_RBIJEBasicDetails"/>
  <testcase name="basicDetails" time="160.842" classname="com.RBIJE_May23.tc.TC001_RBIJEBasicDetails"/>
  <testcase name="basicDetails" time="165.022" classname="com.RBIJE_May23.tc.TC001_RBIJEBasicDetails"/>
  <testcase name="basicDetails" time="161.323" classname="com.RBIJE_May23.tc.TC001_RBIJEBasicDetails"/>
  <testcase name="basicDetails" time="160.824" classname="com.RBIJE_May23.tc.TC001_RBIJEBasicDetails"/>
  <testcase name="basicDetails" time="160.882" classname="com.RBIJE_May23.tc.TC001_RBIJEBasicDetails"/>
  <testcase name="basicDetails" time="164.882" classname="com.RBIJE_May23.tc.TC001_RBIJEBasicDetails"/>
  <testcase name="basicDetails" time="160.435" classname="com.RBIJE_May23.tc.TC001_RBIJEBasicDetails"/>
  <testcase name="basicDetails" time="161.427" classname="com.RBIJE_May23.tc.TC001_RBIJEBasicDetails"/>
  <testcase name="basicDetails" time="162.029" classname="com.RBIJE_May23.tc.TC001_RBIJEBasicDetails"/>
  <testcase name="basicDetails" time="164.189" classname="com.RBIJE_May23.tc.TC001_RBIJEBasicDetails"/>
  <testcase name="basicDetails" time="160.590" classname="com.RBIJE_May23.tc.TC001_RBIJEBasicDetails"/>
  <testcase name="basicDetails" time="163.661" classname="com.RBIJE_May23.tc.TC001_RBIJEBasicDetails"/>
  <testcase name="basicDetails" time="162.139" classname="com.RBIJE_May23.tc.TC001_RBIJEBasicDetails"/>
  <testcase name="basicDetails" time="160.552" classname="com.RBIJE_May23.tc.TC001_RBIJEBasicDetails"/>
  <testcase name="basicDetails" time="166.385" classname="com.RBIJE_May23.tc.TC001_RBIJEBasicDetails"/>
  <testcase name="basicDetails" time="161.853" classname="com.RBIJE_May23.tc.TC001_RBIJEBasicDetails"/>
  <testcase name="basicDetails" time="160.608" classname="com.RBIJE_May23.tc.TC001_RBIJEBasicDetails"/>
  <testcase name="basicDetails" time="160.683" classname="com.RBIJE_May23.tc.TC001_RBIJEBasicDetails"/>
  <testcase name="basicDetails" time="164.175" classname="com.RBIJE_May23.tc.TC001_RBIJEBasicDetails"/>
  <testcase name="basicDetails" time="162.487" classname="com.RBIJE_May23.tc.TC001_RBIJEBasicDetails"/>
  <testcase name="basicDetails" time="160.985" classname="com.RBIJE_May23.tc.TC001_RBIJEBasicDetails"/>
  <testcase name="basicDetails" time="162.240" classname="com.RBIJE_May23.tc.TC001_RBIJEBasicDetails"/>
  <testcase name="basicDetails" time="164.022" classname="com.RBIJE_May23.tc.TC001_RBIJEBasicDetails"/>
  <testcase name="basicDetails" time="165.313" classname="com.RBIJE_May23.tc.TC001_RBIJEBasicDetails"/>
  <testcase name="basicDetails" time="162.170" classname="com.RBIJE_May23.tc.TC001_RBIJEBasicDetails"/>
  <testcase name="basicDetails" time="164.643" classname="com.RBIJE_May23.tc.TC001_RBIJEBasicDetails"/>
  <testcase name="basicDetails" time="162.033" classname="com.RBIJE_May23.tc.TC001_RBIJEBasicDetails"/>
  <testcase name="basicDetails" time="162.465" classname="com.RBIJE_May23.tc.TC001_RBIJEBasicDetails"/>
  <testcase name="basicDetails" time="162.218" classname="com.RBIJE_May23.tc.TC001_RBIJEBasicDetails"/>
  <testcase name="basicDetails" time="161.642" classname="com.RBIJE_May23.tc.TC001_RBIJEBasicDetails"/>
  <testcase name="basicDetails" time="161.946" classname="com.RBIJE_May23.tc.TC001_RBIJEBasicDetails"/>
  <testcase name="basicDetails" time="161.465" classname="com.RBIJE_May23.tc.TC001_RBIJEBasicDetails"/>
  <testcase name="basicDetails" time="161.825" classname="com.RBIJE_May23.tc.TC001_RBIJEBasicDetails"/>
  <testcase name="basicDetails" time="161.790" classname="com.RBIJE_May23.tc.TC001_RBIJEBasicDetails"/>
  <testcase name="basicDetails" time="162.132" classname="com.RBIJE_May23.tc.TC001_RBIJEBasicDetails"/>
  <testcase name="basicDetails" time="161.550" classname="com.RBIJE_May23.tc.TC001_RBIJEBasicDetails"/>
  <testcase name="basicDetails" time="162.254" classname="com.RBIJE_May23.tc.TC001_RBIJEBasicDetails"/>
  <testcase name="basicDetails" time="161.868" classname="com.RBIJE_May23.tc.TC001_RBIJEBasicDetails"/>
  <testcase name="basicDetails" time="164.723" classname="com.RBIJE_May23.tc.TC001_RBIJEBasicDetails"/>
  <testcase name="basicDetails" time="166.017" classname="com.RBIJE_May23.tc.TC001_RBIJEBasicDetails"/>
  <testcase name="basicDetails" time="160.987" classname="com.RBIJE_May23.tc.TC001_RBIJEBasicDetails"/>
  <testcase name="basicDetails" time="161.068" classname="com.RBIJE_May23.tc.TC001_RBIJEBasicDetails"/>
  <testcase name="basicDetails" time="161.898" classname="com.RBIJE_May23.tc.TC001_RBIJEBasicDetails"/>
  <testcase name="basicDetails" time="160.993" classname="com.RBIJE_May23.tc.TC001_RBIJEBasicDetails"/>
  <testcase name="basicDetails" time="161.651" classname="com.RBIJE_May23.tc.TC001_RBIJEBasicDetails"/>
  <testcase name="basicDetails" time="161.561" classname="com.RBIJE_May23.tc.TC001_RBIJEBasicDetails"/>
  <testcase name="basicDetails" time="162.045" classname="com.RBIJE_May23.tc.TC001_RBIJEBasicDetails"/>
  <testcase name="basicDetails" time="166.059" classname="com.RBIJE_May23.tc.TC001_RBIJEBasicDetails"/>
  <testcase name="basicDetails" time="162.036" classname="com.RBIJE_May23.tc.TC001_RBIJEBasicDetails"/>
  <testcase name="basicDetails" time="162.091" classname="com.RBIJE_May23.tc.TC001_RBIJEBasicDetails"/>
  <testcase name="basicDetails" time="160.533" classname="com.RBIJE_May23.tc.TC001_RBIJEBasicDetails"/>
  <testcase name="basicDetails" time="162.267" classname="com.RBIJE_May23.tc.TC001_RBIJEBasicDetails"/>
  <testcase name="basicDetails" time="162.118" classname="com.RBIJE_May23.tc.TC001_RBIJEBasicDetails"/>
  <testcase name="basicDetails" time="162.521" classname="com.RBIJE_May23.tc.TC001_RBIJEBasicDetails"/>
  <testcase name="basicDetails" time="163.747" classname="com.RBIJE_May23.tc.TC001_RBIJEBasicDetails"/>
  <testcase name="basicDetails" time="162.119" classname="com.RBIJE_May23.tc.TC001_RBIJEBasicDetails"/>
  <testcase name="basicDetails" time="165.320" classname="com.RBIJE_May23.tc.TC001_RBIJEBasicDetails"/>
  <testcase name="basicDetails" time="163.776" classname="com.RBIJE_May23.tc.TC001_RBIJEBasicDetails"/>
  <testcase name="basicDetails" time="164.916" classname="com.RBIJE_May23.tc.TC001_RBIJEBasicDetails"/>
  <testcase name="basicDetails" time="161.804" classname="com.RBIJE_May23.tc.TC001_RBIJEBasicDetails"/>
  <testcase name="basicDetails" time="160.795" classname="com.RBIJE_May23.tc.TC001_RBIJEBasicDetails"/>
  <testcase name="basicDetails" time="161.773" classname="com.RBIJE_May23.tc.TC001_RBIJEBasicDetails"/>
  <testcase name="basicDetails" time="165.123" classname="com.RBIJE_May23.tc.TC001_RBIJEBasicDetails"/>
  <testcase name="basicDetails" time="161.899" classname="com.RBIJE_May23.tc.TC001_RBIJEBasicDetails"/>
  <testcase name="basicDetails" time="160.543" classname="com.RBIJE_May23.tc.TC001_RBIJEBasicDetails"/>
  <testcase name="basicDetails" time="162.622" classname="com.RBIJE_May23.tc.TC001_RBIJEBasicDetails"/>
  <testcase name="basicDetails" time="161.691" classname="com.RBIJE_May23.tc.TC001_RBIJEBasicDetails"/>
  <testcase name="basicDetails" time="163.693" classname="com.RBIJE_May23.tc.TC001_RBIJEBasicDetails"/>
  <testcase name="basicDetails" time="161.833" classname="com.RBIJE_May23.tc.TC001_RBIJEBasicDetails"/>
  <testcase name="basicDetails" time="165.239" classname="com.RBIJE_May23.tc.TC001_RBIJEBasicDetails"/>
  <testcase name="basicDetails" time="161.562" classname="com.RBIJE_May23.tc.TC001_RBIJEBasicDetails"/>
  <testcase name="basicDetails" time="162.003" classname="com.RBIJE_May23.tc.TC001_RBIJEBasicDetails"/>
  <testcase name="basicDetails" time="160.773" classname="com.RBIJE_May23.tc.TC001_RBIJEBasicDetails"/>
  <testcase name="basicDetails" time="161.672" classname="com.RBIJE_May23.tc.TC001_RBIJEBasicDetails"/>
  <testcase name="basicDetails" time="162.093" classname="com.RBIJE_May23.tc.TC001_RBIJEBasicDetails"/>
  <testcase name="basicDetails" time="160.602" classname="com.RBIJE_May23.tc.TC001_RBIJEBasicDetails"/>
  <testcase name="basicDetails" time="160.872" classname="com.RBIJE_May23.tc.TC001_RBIJEBasicDetails"/>
  <testcase name="basicDetails" time="165.430" classname="com.RBIJE_May23.tc.TC001_RBIJEBasicDetails"/>
  <testcase name="basicDetails" time="162.162" classname="com.RBIJE_May23.tc.TC001_RBIJEBasicDetails"/>
  <testcase name="basicDetails" time="161.801" classname="com.RBIJE_May23.tc.TC001_RBIJEBasicDetails"/>
  <testcase name="basicDetails" time="161.005" classname="com.RBIJE_May23.tc.TC001_RBIJEBasicDetails"/>
  <testcase name="basicDetails" time="164.496" classname="com.RBIJE_May23.tc.TC001_RBIJEBasicDetails"/>
  <testcase name="basicDetails" time="165.328" classname="com.RBIJE_May23.tc.TC001_RBIJEBasicDetails"/>
  <testcase name="basicDetails" time="163.899" classname="com.RBIJE_May23.tc.TC001_RBIJEBasicDetails"/>
  <testcase name="basicDetails" time="161.869" classname="com.RBIJE_May23.tc.TC001_RBIJEBasicDetails"/>
  <testcase name="basicDetails" time="164.840" classname="com.RBIJE_May23.tc.TC001_RBIJEBasicDetails"/>
  <testcase name="basicDetails" time="160.636" classname="com.RBIJE_May23.tc.TC001_RBIJEBasicDetails"/>
  <testcase name="basicDetails" time="160.799" classname="com.RBIJE_May23.tc.TC001_RBIJEBasicDetails"/>
  <testcase name="basicDetails" time="162.091" classname="com.RBIJE_May23.tc.TC001_RBIJEBasicDetails"/>
  <testcase name="basicDetails" time="161.047" classname="com.RBIJE_May23.tc.TC001_RBIJEBasicDetails"/>
  <testcase name="basicDetails" time="160.819" classname="com.RBIJE_May23.tc.TC001_RBIJEBasicDetails"/>
  <testcase name="basicDetails" time="161.839" classname="com.RBIJE_May23.tc.TC001_RBIJEBasicDetails"/>
  <testcase name="basicDetails" time="163.803" classname="com.RBIJE_May23.tc.TC001_RBIJEBasicDetails"/>
  <testcase name="basicDetails" time="160.906" classname="com.RBIJE_May23.tc.TC001_RBIJEBasicDetails"/>
  <testcase name="basicDetails" time="161.755" classname="com.RBIJE_May23.tc.TC001_RBIJEBasicDetails"/>
  <testcase name="basicDetails" time="160.675" classname="com.RBIJE_May23.tc.TC001_RBIJEBasicDetails"/>
  <testcase name="basicDetails" time="165.206" classname="com.RBIJE_May23.tc.TC001_RBIJEBasicDetails"/>
  <testcase name="basicDetails" time="161.096" classname="com.RBIJE_May23.tc.TC001_RBIJEBasicDetails"/>
  <testcase name="basicDetails" time="162.267" classname="com.RBIJE_May23.tc.TC001_RBIJEBasicDetails"/>
  <testcase name="basicDetails" time="160.992" classname="com.RBIJE_May23.tc.TC001_RBIJEBasicDetails"/>
  <testcase name="basicDetails" time="164.945" classname="com.RBIJE_May23.tc.TC001_RBIJEBasicDetails"/>
  <testcase name="basicDetails" time="161.526" classname="com.RBIJE_May23.tc.TC001_RBIJEBasicDetails"/>
  <testcase name="basicDetails" time="166.179" classname="com.RBIJE_May23.tc.TC001_RBIJEBasicDetails"/>
  <testcase name="basicDetails" time="163.833" classname="com.RBIJE_May23.tc.TC001_RBIJEBasicDetails"/>
  <testcase name="basicDetails" time="161.977" classname="com.RBIJE_May23.tc.TC001_RBIJEBasicDetails"/>
  <testcase name="basicDetails" time="163.789" classname="com.RBIJE_May23.tc.TC001_RBIJEBasicDetails"/>
</testsuite> <!-- com.RBIJE_May23.tc.TC001_RBIJEBasicDetails -->
