<?xml version="1.0" encoding="UTF-8"?>
<!-- Generated by org.testng.reporters.JUnitReportReporter -->
<testsuite skipped="0" hostname="MAA014482B" name="com.IGM_Kolkata.tc.TC005_IGMBasicDetails" tests="130" failures="0" timestamp="2022-10-18T04:20:23 IST" time="21414.822" errors="0">
  <testcase name="basicDetails" time="162.079" classname="com.IGM_Kolkata.tc.TC005_IGMBasicDetails"/>
  <testcase name="basicDetails" time="164.060" classname="com.IGM_Kolkata.tc.TC005_IGMBasicDetails"/>
  <testcase name="basicDetails" time="162.795" classname="com.IGM_Kolkata.tc.TC005_IGMBasicDetails"/>
  <testcase name="basicDetails" time="162.253" classname="com.IGM_Kolkata.tc.TC005_IGMBasicDetails"/>
  <testcase name="basicDetails" time="163.535" classname="com.IGM_Kolkata.tc.TC005_IGMBasicDetails"/>
  <testcase name="basicDetails" time="161.913" classname="com.IGM_Kolkata.tc.TC005_IGMBasicDetails"/>
  <testcase name="basicDetails" time="173.193" classname="com.IGM_Kolkata.tc.TC005_IGMBasicDetails"/>
  <testcase name="basicDetails" time="163.762" classname="com.IGM_Kolkata.tc.TC005_IGMBasicDetails"/>
  <testcase name="basicDetails" time="173.917" classname="com.IGM_Kolkata.tc.TC005_IGMBasicDetails"/>
  <testcase name="basicDetails" time="164.502" classname="com.IGM_Kolkata.tc.TC005_IGMBasicDetails"/>
  <testcase name="basicDetails" time="163.528" classname="com.IGM_Kolkata.tc.TC005_IGMBasicDetails"/>
  <testcase name="basicDetails" time="163.405" classname="com.IGM_Kolkata.tc.TC005_IGMBasicDetails"/>
  <testcase name="basicDetails" time="162.118" classname="com.IGM_Kolkata.tc.TC005_IGMBasicDetails"/>
  <testcase name="basicDetails" time="162.155" classname="com.IGM_Kolkata.tc.TC005_IGMBasicDetails"/>
  <testcase name="basicDetails" time="162.230" classname="com.IGM_Kolkata.tc.TC005_IGMBasicDetails"/>
  <testcase name="basicDetails" time="162.077" classname="com.IGM_Kolkata.tc.TC005_IGMBasicDetails"/>
  <testcase name="basicDetails" time="163.412" classname="com.IGM_Kolkata.tc.TC005_IGMBasicDetails"/>
  <testcase name="basicDetails" time="162.102" classname="com.IGM_Kolkata.tc.TC005_IGMBasicDetails"/>
  <testcase name="basicDetails" time="162.711" classname="com.IGM_Kolkata.tc.TC005_IGMBasicDetails"/>
  <testcase name="basicDetails" time="162.053" classname="com.IGM_Kolkata.tc.TC005_IGMBasicDetails"/>
  <testcase name="basicDetails" time="162.209" classname="com.IGM_Kolkata.tc.TC005_IGMBasicDetails"/>
  <testcase name="basicDetails" time="162.483" classname="com.IGM_Kolkata.tc.TC005_IGMBasicDetails"/>
  <testcase name="basicDetails" time="172.877" classname="com.IGM_Kolkata.tc.TC005_IGMBasicDetails"/>
  <testcase name="basicDetails" time="163.471" classname="com.IGM_Kolkata.tc.TC005_IGMBasicDetails"/>
  <testcase name="basicDetails" time="162.249" classname="com.IGM_Kolkata.tc.TC005_IGMBasicDetails"/>
  <testcase name="basicDetails" time="163.612" classname="com.IGM_Kolkata.tc.TC005_IGMBasicDetails"/>
  <testcase name="basicDetails" time="172.752" classname="com.IGM_Kolkata.tc.TC005_IGMBasicDetails"/>
  <testcase name="basicDetails" time="164.656" classname="com.IGM_Kolkata.tc.TC005_IGMBasicDetails"/>
  <testcase name="basicDetails" time="162.284" classname="com.IGM_Kolkata.tc.TC005_IGMBasicDetails"/>
  <testcase name="basicDetails" time="161.732" classname="com.IGM_Kolkata.tc.TC005_IGMBasicDetails"/>
  <testcase name="basicDetails" time="163.293" classname="com.IGM_Kolkata.tc.TC005_IGMBasicDetails"/>
  <testcase name="basicDetails" time="163.511" classname="com.IGM_Kolkata.tc.TC005_IGMBasicDetails"/>
  <testcase name="basicDetails" time="162.244" classname="com.IGM_Kolkata.tc.TC005_IGMBasicDetails"/>
  <testcase name="basicDetails" time="163.806" classname="com.IGM_Kolkata.tc.TC005_IGMBasicDetails"/>
  <testcase name="basicDetails" time="162.155" classname="com.IGM_Kolkata.tc.TC005_IGMBasicDetails"/>
  <testcase name="basicDetails" time="163.396" classname="com.IGM_Kolkata.tc.TC005_IGMBasicDetails"/>
  <testcase name="basicDetails" time="162.219" classname="com.IGM_Kolkata.tc.TC005_IGMBasicDetails"/>
  <testcase name="basicDetails" time="163.246" classname="com.IGM_Kolkata.tc.TC005_IGMBasicDetails"/>
  <testcase name="basicDetails" time="163.162" classname="com.IGM_Kolkata.tc.TC005_IGMBasicDetails"/>
  <testcase name="basicDetails" time="161.608" classname="com.IGM_Kolkata.tc.TC005_IGMBasicDetails"/>
  <testcase name="basicDetails" time="165.197" classname="com.IGM_Kolkata.tc.TC005_IGMBasicDetails"/>
  <testcase name="basicDetails" time="162.194" classname="com.IGM_Kolkata.tc.TC005_IGMBasicDetails"/>
  <testcase name="basicDetails" time="183.619" classname="com.IGM_Kolkata.tc.TC005_IGMBasicDetails"/>
  <testcase name="basicDetails" time="162.186" classname="com.IGM_Kolkata.tc.TC005_IGMBasicDetails"/>
  <testcase name="basicDetails" time="161.778" classname="com.IGM_Kolkata.tc.TC005_IGMBasicDetails"/>
  <testcase name="basicDetails" time="162.314" classname="com.IGM_Kolkata.tc.TC005_IGMBasicDetails"/>
  <testcase name="basicDetails" time="161.991" classname="com.IGM_Kolkata.tc.TC005_IGMBasicDetails"/>
  <testcase name="basicDetails" time="163.335" classname="com.IGM_Kolkata.tc.TC005_IGMBasicDetails"/>
  <testcase name="basicDetails" time="174.142" classname="com.IGM_Kolkata.tc.TC005_IGMBasicDetails"/>
  <testcase name="basicDetails" time="161.976" classname="com.IGM_Kolkata.tc.TC005_IGMBasicDetails"/>
  <testcase name="basicDetails" time="163.471" classname="com.IGM_Kolkata.tc.TC005_IGMBasicDetails"/>
  <testcase name="basicDetails" time="163.337" classname="com.IGM_Kolkata.tc.TC005_IGMBasicDetails"/>
  <testcase name="basicDetails" time="162.218" classname="com.IGM_Kolkata.tc.TC005_IGMBasicDetails"/>
  <testcase name="basicDetails" time="161.788" classname="com.IGM_Kolkata.tc.TC005_IGMBasicDetails"/>
  <testcase name="basicDetails" time="162.249" classname="com.IGM_Kolkata.tc.TC005_IGMBasicDetails"/>
  <testcase name="basicDetails" time="162.991" classname="com.IGM_Kolkata.tc.TC005_IGMBasicDetails"/>
  <testcase name="basicDetails" time="164.018" classname="com.IGM_Kolkata.tc.TC005_IGMBasicDetails"/>
  <testcase name="basicDetails" time="183.512" classname="com.IGM_Kolkata.tc.TC005_IGMBasicDetails"/>
  <testcase name="basicDetails" time="163.243" classname="com.IGM_Kolkata.tc.TC005_IGMBasicDetails"/>
  <testcase name="basicDetails" time="161.934" classname="com.IGM_Kolkata.tc.TC005_IGMBasicDetails"/>
  <testcase name="basicDetails" time="184.888" classname="com.IGM_Kolkata.tc.TC005_IGMBasicDetails"/>
  <testcase name="basicDetails" time="163.459" classname="com.IGM_Kolkata.tc.TC005_IGMBasicDetails"/>
  <testcase name="basicDetails" time="163.546" classname="com.IGM_Kolkata.tc.TC005_IGMBasicDetails"/>
  <testcase name="basicDetails" time="173.010" classname="com.IGM_Kolkata.tc.TC005_IGMBasicDetails"/>
  <testcase name="basicDetails" time="163.270" classname="com.IGM_Kolkata.tc.TC005_IGMBasicDetails"/>
  <testcase name="basicDetails" time="163.166" classname="com.IGM_Kolkata.tc.TC005_IGMBasicDetails"/>
  <testcase name="basicDetails" time="183.106" classname="com.IGM_Kolkata.tc.TC005_IGMBasicDetails"/>
  <testcase name="basicDetails" time="183.999" classname="com.IGM_Kolkata.tc.TC005_IGMBasicDetails"/>
  <testcase name="basicDetails" time="164.240" classname="com.IGM_Kolkata.tc.TC005_IGMBasicDetails"/>
  <testcase name="basicDetails" time="162.121" classname="com.IGM_Kolkata.tc.TC005_IGMBasicDetails"/>
  <testcase name="basicDetails" time="163.408" classname="com.IGM_Kolkata.tc.TC005_IGMBasicDetails"/>
  <testcase name="basicDetails" time="163.243" classname="com.IGM_Kolkata.tc.TC005_IGMBasicDetails"/>
  <testcase name="basicDetails" time="161.935" classname="com.IGM_Kolkata.tc.TC005_IGMBasicDetails"/>
  <testcase name="basicDetails" time="161.935" classname="com.IGM_Kolkata.tc.TC005_IGMBasicDetails"/>
  <testcase name="basicDetails" time="162.323" classname="com.IGM_Kolkata.tc.TC005_IGMBasicDetails"/>
  <testcase name="basicDetails" time="162.346" classname="com.IGM_Kolkata.tc.TC005_IGMBasicDetails"/>
  <testcase name="basicDetails" time="162.117" classname="com.IGM_Kolkata.tc.TC005_IGMBasicDetails"/>
  <testcase name="basicDetails" time="163.283" classname="com.IGM_Kolkata.tc.TC005_IGMBasicDetails"/>
  <testcase name="basicDetails" time="162.346" classname="com.IGM_Kolkata.tc.TC005_IGMBasicDetails"/>
  <testcase name="basicDetails" time="164.267" classname="com.IGM_Kolkata.tc.TC005_IGMBasicDetails"/>
  <testcase name="basicDetails" time="162.313" classname="com.IGM_Kolkata.tc.TC005_IGMBasicDetails"/>
  <testcase name="basicDetails" time="162.044" classname="com.IGM_Kolkata.tc.TC005_IGMBasicDetails"/>
  <testcase name="basicDetails" time="162.119" classname="com.IGM_Kolkata.tc.TC005_IGMBasicDetails"/>
  <testcase name="basicDetails" time="183.622" classname="com.IGM_Kolkata.tc.TC005_IGMBasicDetails"/>
  <testcase name="basicDetails" time="163.469" classname="com.IGM_Kolkata.tc.TC005_IGMBasicDetails"/>
  <testcase name="basicDetails" time="162.276" classname="com.IGM_Kolkata.tc.TC005_IGMBasicDetails"/>
  <testcase name="basicDetails" time="163.580" classname="com.IGM_Kolkata.tc.TC005_IGMBasicDetails"/>
  <testcase name="basicDetails" time="164.706" classname="com.IGM_Kolkata.tc.TC005_IGMBasicDetails"/>
  <testcase name="basicDetails" time="163.493" classname="com.IGM_Kolkata.tc.TC005_IGMBasicDetails"/>
  <testcase name="basicDetails" time="168.820" classname="com.IGM_Kolkata.tc.TC005_IGMBasicDetails"/>
  <testcase name="basicDetails" time="163.879" classname="com.IGM_Kolkata.tc.TC005_IGMBasicDetails"/>
  <testcase name="basicDetails" time="163.539" classname="com.IGM_Kolkata.tc.TC005_IGMBasicDetails"/>
  <testcase name="basicDetails" time="162.042" classname="com.IGM_Kolkata.tc.TC005_IGMBasicDetails"/>
  <testcase name="basicDetails" time="163.480" classname="com.IGM_Kolkata.tc.TC005_IGMBasicDetails"/>
  <testcase name="basicDetails" time="164.634" classname="com.IGM_Kolkata.tc.TC005_IGMBasicDetails"/>
  <testcase name="basicDetails" time="162.031" classname="com.IGM_Kolkata.tc.TC005_IGMBasicDetails"/>
  <testcase name="basicDetails" time="183.294" classname="com.IGM_Kolkata.tc.TC005_IGMBasicDetails"/>
  <testcase name="basicDetails" time="162.358" classname="com.IGM_Kolkata.tc.TC005_IGMBasicDetails"/>
  <testcase name="basicDetails" time="162.258" classname="com.IGM_Kolkata.tc.TC005_IGMBasicDetails"/>
  <testcase name="basicDetails" time="161.844" classname="com.IGM_Kolkata.tc.TC005_IGMBasicDetails"/>
  <testcase name="basicDetails" time="163.352" classname="com.IGM_Kolkata.tc.TC005_IGMBasicDetails"/>
  <testcase name="basicDetails" time="162.384" classname="com.IGM_Kolkata.tc.TC005_IGMBasicDetails"/>
  <testcase name="basicDetails" time="163.791" classname="com.IGM_Kolkata.tc.TC005_IGMBasicDetails"/>
  <testcase name="basicDetails" time="162.076" classname="com.IGM_Kolkata.tc.TC005_IGMBasicDetails"/>
  <testcase name="basicDetails" time="162.684" classname="com.IGM_Kolkata.tc.TC005_IGMBasicDetails"/>
  <testcase name="basicDetails" time="162.161" classname="com.IGM_Kolkata.tc.TC005_IGMBasicDetails"/>
  <testcase name="basicDetails" time="162.465" classname="com.IGM_Kolkata.tc.TC005_IGMBasicDetails"/>
  <testcase name="basicDetails" time="161.813" classname="com.IGM_Kolkata.tc.TC005_IGMBasicDetails"/>
  <testcase name="basicDetails" time="162.351" classname="com.IGM_Kolkata.tc.TC005_IGMBasicDetails"/>
  <testcase name="basicDetails" time="164.530" classname="com.IGM_Kolkata.tc.TC005_IGMBasicDetails"/>
  <testcase name="basicDetails" time="162.324" classname="com.IGM_Kolkata.tc.TC005_IGMBasicDetails"/>
  <testcase name="basicDetails" time="172.892" classname="com.IGM_Kolkata.tc.TC005_IGMBasicDetails"/>
  <testcase name="basicDetails" time="163.225" classname="com.IGM_Kolkata.tc.TC005_IGMBasicDetails"/>
  <testcase name="basicDetails" time="163.439" classname="com.IGM_Kolkata.tc.TC005_IGMBasicDetails"/>
  <testcase name="basicDetails" time="162.403" classname="com.IGM_Kolkata.tc.TC005_IGMBasicDetails"/>
  <testcase name="basicDetails" time="162.021" classname="com.IGM_Kolkata.tc.TC005_IGMBasicDetails"/>
  <testcase name="basicDetails" time="183.770" classname="com.IGM_Kolkata.tc.TC005_IGMBasicDetails"/>
  <testcase name="basicDetails" time="163.154" classname="com.IGM_Kolkata.tc.TC005_IGMBasicDetails"/>
  <testcase name="basicDetails" time="163.660" classname="com.IGM_Kolkata.tc.TC005_IGMBasicDetails"/>
  <testcase name="basicDetails" time="164.458" classname="com.IGM_Kolkata.tc.TC005_IGMBasicDetails"/>
  <testcase name="basicDetails" time="162.604" classname="com.IGM_Kolkata.tc.TC005_IGMBasicDetails"/>
  <testcase name="basicDetails" time="163.231" classname="com.IGM_Kolkata.tc.TC005_IGMBasicDetails"/>
  <testcase name="basicDetails" time="162.285" classname="com.IGM_Kolkata.tc.TC005_IGMBasicDetails"/>
  <testcase name="basicDetails" time="163.009" classname="com.IGM_Kolkata.tc.TC005_IGMBasicDetails"/>
  <testcase name="basicDetails" time="163.144" classname="com.IGM_Kolkata.tc.TC005_IGMBasicDetails"/>
  <testcase name="basicDetails" time="161.919" classname="com.IGM_Kolkata.tc.TC005_IGMBasicDetails"/>
  <testcase name="basicDetails" time="162.313" classname="com.IGM_Kolkata.tc.TC005_IGMBasicDetails"/>
  <testcase name="basicDetails" time="162.108" classname="com.IGM_Kolkata.tc.TC005_IGMBasicDetails"/>
  <testcase name="basicDetails" time="163.191" classname="com.IGM_Kolkata.tc.TC005_IGMBasicDetails"/>
  <testcase name="basicDetails" time="161.998" classname="com.IGM_Kolkata.tc.TC005_IGMBasicDetails"/>
</testsuite> <!-- com.IGM_Kolkata.tc.TC005_IGMBasicDetails -->
