<?xml version="1.0" encoding="UTF-8"?>
<!-- Generated by org.testng.reporters.JUnitReportReporter -->
<testsuite skipped="0" hostname="MAA014482B" name="com.Repco.tc.TC005_RepcoBasicDetails" tests="48" failures="0" timestamp="2022-10-26T15:53:58 IST" time="7738.395" errors="0">
  <testcase name="basicDetails" time="160.803" classname="com.Repco.tc.TC005_RepcoBasicDetails"/>
  <testcase name="basicDetails" time="160.555" classname="com.Repco.tc.TC005_RepcoBasicDetails"/>
  <testcase name="basicDetails" time="161.219" classname="com.Repco.tc.TC005_RepcoBasicDetails"/>
  <testcase name="basicDetails" time="161.045" classname="com.Repco.tc.TC005_RepcoBasicDetails"/>
  <testcase name="basicDetails" time="160.574" classname="com.Repco.tc.TC005_RepcoBasicDetails"/>
  <testcase name="basicDetails" time="160.809" classname="com.Repco.tc.TC005_RepcoBasicDetails"/>
  <testcase name="basicDetails" time="160.711" classname="com.Repco.tc.TC005_RepcoBasicDetails"/>
  <testcase name="basicDetails" time="160.819" classname="com.Repco.tc.TC005_RepcoBasicDetails"/>
  <testcase name="basicDetails" time="162.536" classname="com.Repco.tc.TC005_RepcoBasicDetails"/>
  <testcase name="basicDetails" time="160.789" classname="com.Repco.tc.TC005_RepcoBasicDetails"/>
  <testcase name="basicDetails" time="160.681" classname="com.Repco.tc.TC005_RepcoBasicDetails"/>
  <testcase name="basicDetails" time="187.866" classname="com.Repco.tc.TC005_RepcoBasicDetails"/>
  <testcase name="basicDetails" time="160.678" classname="com.Repco.tc.TC005_RepcoBasicDetails"/>
  <testcase name="basicDetails" time="160.736" classname="com.Repco.tc.TC005_RepcoBasicDetails"/>
  <testcase name="basicDetails" time="160.939" classname="com.Repco.tc.TC005_RepcoBasicDetails"/>
  <testcase name="basicDetails" time="160.701" classname="com.Repco.tc.TC005_RepcoBasicDetails"/>
  <testcase name="basicDetails" time="160.708" classname="com.Repco.tc.TC005_RepcoBasicDetails"/>
  <testcase name="basicDetails" time="161.884" classname="com.Repco.tc.TC005_RepcoBasicDetails"/>
  <testcase name="basicDetails" time="160.862" classname="com.Repco.tc.TC005_RepcoBasicDetails"/>
  <testcase name="basicDetails" time="160.575" classname="com.Repco.tc.TC005_RepcoBasicDetails"/>
  <testcase name="basicDetails" time="160.661" classname="com.Repco.tc.TC005_RepcoBasicDetails"/>
  <testcase name="basicDetails" time="160.569" classname="com.Repco.tc.TC005_RepcoBasicDetails"/>
  <testcase name="basicDetails" time="160.641" classname="com.Repco.tc.TC005_RepcoBasicDetails"/>
  <testcase name="basicDetails" time="160.580" classname="com.Repco.tc.TC005_RepcoBasicDetails"/>
  <testcase name="basicDetails" time="160.989" classname="com.Repco.tc.TC005_RepcoBasicDetails"/>
  <testcase name="basicDetails" time="160.546" classname="com.Repco.tc.TC005_RepcoBasicDetails"/>
  <testcase name="basicDetails" time="160.543" classname="com.Repco.tc.TC005_RepcoBasicDetails"/>
  <testcase name="basicDetails" time="159.211" classname="com.Repco.tc.TC005_RepcoBasicDetails"/>
  <testcase name="basicDetails" time="161.034" classname="com.Repco.tc.TC005_RepcoBasicDetails"/>
  <testcase name="basicDetails" time="159.424" classname="com.Repco.tc.TC005_RepcoBasicDetails"/>
  <testcase name="basicDetails" time="159.864" classname="com.Repco.tc.TC005_RepcoBasicDetails"/>
  <testcase name="basicDetails" time="160.709" classname="com.Repco.tc.TC005_RepcoBasicDetails"/>
  <testcase name="basicDetails" time="160.756" classname="com.Repco.tc.TC005_RepcoBasicDetails"/>
  <testcase name="basicDetails" time="160.367" classname="com.Repco.tc.TC005_RepcoBasicDetails"/>
  <testcase name="basicDetails" time="160.703" classname="com.Repco.tc.TC005_RepcoBasicDetails"/>
  <testcase name="basicDetails" time="160.821" classname="com.Repco.tc.TC005_RepcoBasicDetails"/>
  <testcase name="basicDetails" time="159.893" classname="com.Repco.tc.TC005_RepcoBasicDetails"/>
  <testcase name="basicDetails" time="160.774" classname="com.Repco.tc.TC005_RepcoBasicDetails"/>
  <testcase name="basicDetails" time="160.709" classname="com.Repco.tc.TC005_RepcoBasicDetails"/>
  <testcase name="basicDetails" time="160.343" classname="com.Repco.tc.TC005_RepcoBasicDetails"/>
  <testcase name="basicDetails" time="160.649" classname="com.Repco.tc.TC005_RepcoBasicDetails"/>
  <testcase name="basicDetails" time="160.150" classname="com.Repco.tc.TC005_RepcoBasicDetails"/>
  <testcase name="basicDetails" time="160.546" classname="com.Repco.tc.TC005_RepcoBasicDetails"/>
  <testcase name="basicDetails" time="160.921" classname="com.Repco.tc.TC005_RepcoBasicDetails"/>
  <testcase name="basicDetails" time="160.801" classname="com.Repco.tc.TC005_RepcoBasicDetails"/>
  <testcase name="basicDetails" time="160.709" classname="com.Repco.tc.TC005_RepcoBasicDetails"/>
  <testcase name="basicDetails" time="159.298" classname="com.Repco.tc.TC005_RepcoBasicDetails"/>
  <testcase name="basicDetails" time="160.694" classname="com.Repco.tc.TC005_RepcoBasicDetails"/>
</testsuite> <!-- com.Repco.tc.TC005_RepcoBasicDetails -->
