<?xml version="1.0" encoding="UTF-8"?>
<!-- Generated by org.testng.reporters.JUnitReportReporter -->
<testsuite skipped="0" hostname="MAA014482B" name="com.RCF_June23.tc.TC002_RCFBasicDetails" tests="47" failures="0" timestamp="2023-06-16T19:07:41 IST" time="7905.485" errors="0">
  <testcase name="basicDetails" time="185.761" classname="com.RCF_June23.tc.TC002_RCFBasicDetails"/>
  <testcase name="basicDetails" time="157.389" classname="com.RCF_June23.tc.TC002_RCFBasicDetails"/>
  <testcase name="basicDetails" time="157.307" classname="com.RCF_June23.tc.TC002_RCFBasicDetails"/>
  <testcase name="basicDetails" time="157.398" classname="com.RCF_June23.tc.TC002_RCFBasicDetails"/>
  <testcase name="basicDetails" time="184.209" classname="com.RCF_June23.tc.TC002_RCFBasicDetails"/>
  <testcase name="basicDetails" time="183.925" classname="com.RCF_June23.tc.TC002_RCFBasicDetails"/>
  <testcase name="basicDetails" time="157.536" classname="com.RCF_June23.tc.TC002_RCFBasicDetails"/>
  <testcase name="basicDetails" time="184.156" classname="com.RCF_June23.tc.TC002_RCFBasicDetails"/>
  <testcase name="basicDetails" time="159.307" classname="com.RCF_June23.tc.TC002_RCFBasicDetails"/>
  <testcase name="basicDetails" time="185.475" classname="com.RCF_June23.tc.TC002_RCFBasicDetails"/>
  <testcase name="basicDetails" time="186.117" classname="com.RCF_June23.tc.TC002_RCFBasicDetails"/>
  <testcase name="basicDetails" time="186.324" classname="com.RCF_June23.tc.TC002_RCFBasicDetails"/>
  <testcase name="basicDetails" time="157.686" classname="com.RCF_June23.tc.TC002_RCFBasicDetails"/>
  <testcase name="basicDetails" time="184.118" classname="com.RCF_June23.tc.TC002_RCFBasicDetails"/>
  <testcase name="basicDetails" time="157.164" classname="com.RCF_June23.tc.TC002_RCFBasicDetails"/>
  <testcase name="basicDetails" time="159.270" classname="com.RCF_June23.tc.TC002_RCFBasicDetails"/>
  <testcase name="basicDetails" time="186.458" classname="com.RCF_June23.tc.TC002_RCFBasicDetails"/>
  <testcase name="basicDetails" time="157.358" classname="com.RCF_June23.tc.TC002_RCFBasicDetails"/>
  <testcase name="basicDetails" time="157.602" classname="com.RCF_June23.tc.TC002_RCFBasicDetails"/>
  <testcase name="basicDetails" time="185.972" classname="com.RCF_June23.tc.TC002_RCFBasicDetails"/>
  <testcase name="basicDetails" time="183.698" classname="com.RCF_June23.tc.TC002_RCFBasicDetails"/>
  <testcase name="basicDetails" time="157.584" classname="com.RCF_June23.tc.TC002_RCFBasicDetails"/>
  <testcase name="basicDetails" time="183.771" classname="com.RCF_June23.tc.TC002_RCFBasicDetails"/>
  <testcase name="basicDetails" time="157.313" classname="com.RCF_June23.tc.TC002_RCFBasicDetails"/>
  <testcase name="basicDetails" time="157.424" classname="com.RCF_June23.tc.TC002_RCFBasicDetails"/>
  <testcase name="basicDetails" time="186.244" classname="com.RCF_June23.tc.TC002_RCFBasicDetails"/>
  <testcase name="basicDetails" time="157.548" classname="com.RCF_June23.tc.TC002_RCFBasicDetails"/>
  <testcase name="basicDetails" time="183.755" classname="com.RCF_June23.tc.TC002_RCFBasicDetails"/>
  <testcase name="basicDetails" time="184.329" classname="com.RCF_June23.tc.TC002_RCFBasicDetails"/>
  <testcase name="basicDetails" time="157.510" classname="com.RCF_June23.tc.TC002_RCFBasicDetails"/>
  <testcase name="basicDetails" time="157.617" classname="com.RCF_June23.tc.TC002_RCFBasicDetails"/>
  <testcase name="basicDetails" time="157.311" classname="com.RCF_June23.tc.TC002_RCFBasicDetails"/>
  <testcase name="basicDetails" time="157.567" classname="com.RCF_June23.tc.TC002_RCFBasicDetails"/>
  <testcase name="basicDetails" time="159.609" classname="com.RCF_June23.tc.TC002_RCFBasicDetails"/>
  <testcase name="basicDetails" time="157.419" classname="com.RCF_June23.tc.TC002_RCFBasicDetails"/>
  <testcase name="basicDetails" time="159.755" classname="com.RCF_June23.tc.TC002_RCFBasicDetails"/>
  <testcase name="basicDetails" time="157.563" classname="com.RCF_June23.tc.TC002_RCFBasicDetails"/>
  <testcase name="basicDetails" time="157.428" classname="com.RCF_June23.tc.TC002_RCFBasicDetails"/>
  <testcase name="basicDetails" time="157.805" classname="com.RCF_June23.tc.TC002_RCFBasicDetails"/>
  <testcase name="basicDetails" time="157.168" classname="com.RCF_June23.tc.TC002_RCFBasicDetails"/>
  <testcase name="basicDetails" time="159.422" classname="com.RCF_June23.tc.TC002_RCFBasicDetails"/>
  <testcase name="basicDetails" time="186.062" classname="com.RCF_June23.tc.TC002_RCFBasicDetails"/>
  <testcase name="basicDetails" time="157.692" classname="com.RCF_June23.tc.TC002_RCFBasicDetails"/>
  <testcase name="basicDetails" time="157.590" classname="com.RCF_June23.tc.TC002_RCFBasicDetails"/>
  <testcase name="basicDetails" time="157.788" classname="com.RCF_June23.tc.TC002_RCFBasicDetails"/>
  <testcase name="basicDetails" time="183.869" classname="com.RCF_June23.tc.TC002_RCFBasicDetails"/>
  <testcase name="basicDetails" time="184.112" classname="com.RCF_June23.tc.TC002_RCFBasicDetails"/>
</testsuite> <!-- com.RCF_June23.tc.TC002_RCFBasicDetails -->
