<?xml version="1.0" encoding="UTF-8"?>
<!-- Generated by org.testng.reporters.JUnitReportReporter -->
<testsuite hostname="MAA011253A" failures="0" tests="136" name="com.idbi.tc.TC005_IDBIBasicDetails" time="16059.266" errors="1" timestamp="2020-12-04T03:39:03 IST" skipped="0">
  <testcase classname="com.idbi.tc.TC005_IDBIBasicDetails" name="basicDetails" time="119.665"/>
  <testcase classname="com.idbi.tc.TC005_IDBIBasicDetails" name="basicDetails" time="118.547"/>
  <testcase classname="com.idbi.tc.TC005_IDBIBasicDetails" name="basicDetails" time="119.722"/>
  <testcase classname="com.idbi.tc.TC005_IDBIBasicDetails" name="basicDetails" time="116.952"/>
  <testcase classname="com.idbi.tc.TC005_IDBIBasicDetails" name="basicDetails" time="119.558"/>
  <testcase classname="com.idbi.tc.TC005_IDBIBasicDetails" name="basicDetails" time="118.490"/>
  <testcase classname="com.idbi.tc.TC005_IDBIBasicDetails" name="basicDetails" time="118.587"/>
  <testcase classname="com.idbi.tc.TC005_IDBIBasicDetails" name="basicDetails" time="118.468"/>
  <testcase classname="com.idbi.tc.TC005_IDBIBasicDetails" name="basicDetails" time="117.727"/>
  <testcase classname="com.idbi.tc.TC005_IDBIBasicDetails" name="basicDetails" time="117.860"/>
  <testcase classname="com.idbi.tc.TC005_IDBIBasicDetails" name="basicDetails" time="137.801"/>
  <testcase classname="com.idbi.tc.TC005_IDBIBasicDetails" name="basicDetails" time="118.043"/>
  <testcase classname="com.idbi.tc.TC005_IDBIBasicDetails" name="basicDetails" time="119.207"/>
  <testcase classname="com.idbi.tc.TC005_IDBIBasicDetails" name="basicDetails" time="119.316"/>
  <testcase classname="com.idbi.tc.TC005_IDBIBasicDetails" name="basicDetails" time="117.041"/>
  <testcase classname="com.idbi.tc.TC005_IDBIBasicDetails" name="basicDetails" time="119.591"/>
  <testcase classname="com.idbi.tc.TC005_IDBIBasicDetails" name="basicDetails" time="119.700"/>
  <testcase classname="com.idbi.tc.TC005_IDBIBasicDetails" name="basicDetails" time="118.135"/>
  <testcase classname="com.idbi.tc.TC005_IDBIBasicDetails" name="basicDetails" time="117.567"/>
  <testcase classname="com.idbi.tc.TC005_IDBIBasicDetails" name="basicDetails" time="117.689"/>
  <testcase classname="com.idbi.tc.TC005_IDBIBasicDetails" name="basicDetails" time="117.953"/>
  <testcase classname="com.idbi.tc.TC005_IDBIBasicDetails" name="basicDetails" time="119.673"/>
  <testcase classname="com.idbi.tc.TC005_IDBIBasicDetails" name="basicDetails" time="118.858"/>
  <testcase classname="com.idbi.tc.TC005_IDBIBasicDetails" name="basicDetails" time="118.695"/>
  <testcase classname="com.idbi.tc.TC005_IDBIBasicDetails" name="basicDetails" time="120.216"/>
  <testcase classname="com.idbi.tc.TC005_IDBIBasicDetails" name="basicDetails" time="118.752"/>
  <testcase classname="com.idbi.tc.TC005_IDBIBasicDetails" name="basicDetails" time="117.277"/>
  <testcase classname="com.idbi.tc.TC005_IDBIBasicDetails" name="basicDetails" time="147.645"/>
  <testcase classname="com.idbi.tc.TC005_IDBIBasicDetails" name="basicDetails" time="117.194"/>
  <testcase classname="com.idbi.tc.TC005_IDBIBasicDetails" name="basicDetails" time="117.921"/>
  <testcase classname="com.idbi.tc.TC005_IDBIBasicDetails" name="basicDetails" time="118.068"/>
  <testcase classname="com.idbi.tc.TC005_IDBIBasicDetails" name="basicDetails" time="118.536"/>
  <testcase classname="com.idbi.tc.TC005_IDBIBasicDetails" name="basicDetails" time="117.885"/>
  <testcase classname="com.idbi.tc.TC005_IDBIBasicDetails" name="basicDetails" time="119.311"/>
  <testcase classname="com.idbi.tc.TC005_IDBIBasicDetails" name="basicDetails" time="119.424"/>
  <testcase classname="com.idbi.tc.TC005_IDBIBasicDetails" name="basicDetails" time="119.010"/>
  <testcase classname="com.idbi.tc.TC005_IDBIBasicDetails" name="basicDetails" time="119.508"/>
  <testcase classname="com.idbi.tc.TC005_IDBIBasicDetails" name="basicDetails" time="117.884"/>
  <testcase classname="com.idbi.tc.TC005_IDBIBasicDetails" name="basicDetails" time="118.117"/>
  <testcase classname="com.idbi.tc.TC005_IDBIBasicDetails" name="basicDetails" time="117.871"/>
  <testcase classname="com.idbi.tc.TC005_IDBIBasicDetails" name="basicDetails" time="117.472"/>
  <testcase classname="com.idbi.tc.TC005_IDBIBasicDetails" name="basicDetails" time="119.492"/>
  <testcase classname="com.idbi.tc.TC005_IDBIBasicDetails" name="basicDetails" time="119.642"/>
  <testcase classname="com.idbi.tc.TC005_IDBIBasicDetails" name="basicDetails" time="117.305"/>
  <testcase classname="com.idbi.tc.TC005_IDBIBasicDetails" name="basicDetails" time="118.500"/>
  <testcase classname="com.idbi.tc.TC005_IDBIBasicDetails" name="basicDetails" time="119.416"/>
  <testcase classname="com.idbi.tc.TC005_IDBIBasicDetails" name="basicDetails" time="117.228"/>
  <testcase classname="com.idbi.tc.TC005_IDBIBasicDetails" name="basicDetails" time="117.004"/>
  <testcase classname="com.idbi.tc.TC005_IDBIBasicDetails" name="basicDetails" time="119.784"/>
  <testcase classname="com.idbi.tc.TC005_IDBIBasicDetails" name="basicDetails" time="119.137"/>
  <testcase classname="com.idbi.tc.TC005_IDBIBasicDetails" name="afterClass" time="5.657">
    <error type="java.lang.NullPointerException">
      <![CDATA[java.lang.NullPointerException
at lib.utils.HTMLReporter.reportStep(HTMLReporter.java:73)
at lib.selenium.WebDriverServiceImpl.closeAllBrowsers(WebDriverServiceImpl.java:495)
at lib.selenium.PreAndPost.afterClass(PreAndPost.java:72)
at java.base/jdk.internal.reflect.NativeMethodAccessorImpl.invoke0(Native Method)
at java.base/jdk.internal.reflect.NativeMethodAccessorImpl.invoke(Unknown Source)
at java.base/jdk.internal.reflect.DelegatingMethodAccessorImpl.invoke(Unknown Source)
at java.base/java.lang.reflect.Method.invoke(Unknown Source)
at org.testng.internal.MethodInvocationHelper.invokeMethod(MethodInvocationHelper.java:133)
at org.testng.internal.MethodInvocationHelper.invokeMethodConsideringTimeout(MethodInvocationHelper.java:62)
at org.testng.internal.ConfigInvoker.invokeConfigurationMethod(ConfigInvoker.java:340)
at org.testng.internal.ConfigInvoker.invokeConfigurations(ConfigInvoker.java:294)
at org.testng.internal.TestMethodWorker.invokeAfterClassMethods(TestMethodWorker.java:217)
at org.testng.internal.TestMethodWorker.run(TestMethodWorker.java:130)
at java.base/java.util.concurrent.ThreadPoolExecutor.runWorker(Unknown Source)
at java.base/java.util.concurrent.ThreadPoolExecutor$Worker.run(Unknown Source)
at java.base/java.lang.Thread.run(Unknown Source)
]]>
    </error>
  </testcase> <!-- afterClass -->
  <testcase classname="com.idbi.tc.TC005_IDBIBasicDetails" name="basicDetails" time="118.269"/>
  <testcase classname="com.idbi.tc.TC005_IDBIBasicDetails" name="basicDetails" time="118.996"/>
  <testcase classname="com.idbi.tc.TC005_IDBIBasicDetails" name="basicDetails" time="118.806"/>
  <testcase classname="com.idbi.tc.TC005_IDBIBasicDetails" name="basicDetails" time="119.546"/>
  <testcase classname="com.idbi.tc.TC005_IDBIBasicDetails" name="basicDetails" time="119.178"/>
  <testcase classname="com.idbi.tc.TC005_IDBIBasicDetails" name="basicDetails" time="117.328"/>
  <testcase classname="com.idbi.tc.TC005_IDBIBasicDetails" name="basicDetails" time="118.149"/>
  <testcase classname="com.idbi.tc.TC005_IDBIBasicDetails" name="basicDetails" time="118.079"/>
  <testcase classname="com.idbi.tc.TC005_IDBIBasicDetails" name="basicDetails" time="119.181"/>
  <testcase classname="com.idbi.tc.TC005_IDBIBasicDetails" name="basicDetails" time="117.388"/>
  <testcase classname="com.idbi.tc.TC005_IDBIBasicDetails" name="basicDetails" time="118.162"/>
  <testcase classname="com.idbi.tc.TC005_IDBIBasicDetails" name="basicDetails" time="118.115"/>
  <testcase classname="com.idbi.tc.TC005_IDBIBasicDetails" name="basicDetails" time="118.543"/>
  <testcase classname="com.idbi.tc.TC005_IDBIBasicDetails" name="basicDetails" time="118.070"/>
  <testcase classname="com.idbi.tc.TC005_IDBIBasicDetails" name="basicDetails" time="119.386"/>
  <testcase classname="com.idbi.tc.TC005_IDBIBasicDetails" name="basicDetails" time="120.816"/>
  <testcase classname="com.idbi.tc.TC005_IDBIBasicDetails" name="basicDetails" time="118.277"/>
  <testcase classname="com.idbi.tc.TC005_IDBIBasicDetails" name="basicDetails" time="118.219"/>
  <testcase classname="com.idbi.tc.TC005_IDBIBasicDetails" name="basicDetails" time="117.508"/>
  <testcase classname="com.idbi.tc.TC005_IDBIBasicDetails" name="basicDetails" time="118.382"/>
  <testcase classname="com.idbi.tc.TC005_IDBIBasicDetails" name="basicDetails" time="119.630"/>
  <testcase classname="com.idbi.tc.TC005_IDBIBasicDetails" name="basicDetails" time="118.009"/>
  <testcase classname="com.idbi.tc.TC005_IDBIBasicDetails" name="basicDetails" time="117.852"/>
  <testcase classname="com.idbi.tc.TC005_IDBIBasicDetails" name="basicDetails" time="119.530"/>
  <testcase classname="com.idbi.tc.TC005_IDBIBasicDetails" name="basicDetails" time="118.449"/>
  <testcase classname="com.idbi.tc.TC005_IDBIBasicDetails" name="basicDetails" time="118.198"/>
  <testcase classname="com.idbi.tc.TC005_IDBIBasicDetails" name="basicDetails" time="118.261"/>
  <testcase classname="com.idbi.tc.TC005_IDBIBasicDetails" name="basicDetails" time="117.396"/>
  <testcase classname="com.idbi.tc.TC005_IDBIBasicDetails" name="basicDetails" time="119.723"/>
  <testcase classname="com.idbi.tc.TC005_IDBIBasicDetails" name="basicDetails" time="118.010"/>
  <testcase classname="com.idbi.tc.TC005_IDBIBasicDetails" name="basicDetails" time="118.689"/>
  <testcase classname="com.idbi.tc.TC005_IDBIBasicDetails" name="basicDetails" time="117.508"/>
  <testcase classname="com.idbi.tc.TC005_IDBIBasicDetails" name="basicDetails" time="118.677"/>
  <testcase classname="com.idbi.tc.TC005_IDBIBasicDetails" name="basicDetails" time="119.768"/>
  <testcase classname="com.idbi.tc.TC005_IDBIBasicDetails" name="basicDetails" time="118.803"/>
  <testcase classname="com.idbi.tc.TC005_IDBIBasicDetails" name="basicDetails" time="117.681"/>
  <testcase classname="com.idbi.tc.TC005_IDBIBasicDetails" name="basicDetails" time="118.335"/>
  <testcase classname="com.idbi.tc.TC005_IDBIBasicDetails" name="basicDetails" time="118.657"/>
  <testcase classname="com.idbi.tc.TC005_IDBIBasicDetails" name="basicDetails" time="119.370"/>
  <testcase classname="com.idbi.tc.TC005_IDBIBasicDetails" name="basicDetails" time="118.305"/>
  <testcase classname="com.idbi.tc.TC005_IDBIBasicDetails" name="basicDetails" time="118.531"/>
  <testcase classname="com.idbi.tc.TC005_IDBIBasicDetails" name="basicDetails" time="118.199"/>
  <testcase classname="com.idbi.tc.TC005_IDBIBasicDetails" name="basicDetails" time="117.401"/>
  <testcase classname="com.idbi.tc.TC005_IDBIBasicDetails" name="basicDetails" time="118.505"/>
  <testcase classname="com.idbi.tc.TC005_IDBIBasicDetails" name="basicDetails" time="118.260"/>
  <testcase classname="com.idbi.tc.TC005_IDBIBasicDetails" name="basicDetails" time="120.032"/>
  <testcase classname="com.idbi.tc.TC005_IDBIBasicDetails" name="basicDetails" time="119.307"/>
  <testcase classname="com.idbi.tc.TC005_IDBIBasicDetails" name="basicDetails" time="120.034"/>
  <testcase classname="com.idbi.tc.TC005_IDBIBasicDetails" name="basicDetails" time="118.140"/>
  <testcase classname="com.idbi.tc.TC005_IDBIBasicDetails" name="basicDetails" time="119.173"/>
  <testcase classname="com.idbi.tc.TC005_IDBIBasicDetails" name="basicDetails" time="119.390"/>
  <testcase classname="com.idbi.tc.TC005_IDBIBasicDetails" name="basicDetails" time="117.659"/>
  <testcase classname="com.idbi.tc.TC005_IDBIBasicDetails" name="basicDetails" time="118.942"/>
  <testcase classname="com.idbi.tc.TC005_IDBIBasicDetails" name="basicDetails" time="118.197"/>
  <testcase classname="com.idbi.tc.TC005_IDBIBasicDetails" name="basicDetails" time="118.730"/>
  <testcase classname="com.idbi.tc.TC005_IDBIBasicDetails" name="basicDetails" time="118.073"/>
  <testcase classname="com.idbi.tc.TC005_IDBIBasicDetails" name="basicDetails" time="119.650"/>
  <testcase classname="com.idbi.tc.TC005_IDBIBasicDetails" name="basicDetails" time="118.217"/>
  <testcase classname="com.idbi.tc.TC005_IDBIBasicDetails" name="basicDetails" time="124.216"/>
  <testcase classname="com.idbi.tc.TC005_IDBIBasicDetails" name="basicDetails" time="119.373"/>
  <testcase classname="com.idbi.tc.TC005_IDBIBasicDetails" name="basicDetails" time="118.098"/>
  <testcase classname="com.idbi.tc.TC005_IDBIBasicDetails" name="basicDetails" time="116.899"/>
  <testcase classname="com.idbi.tc.TC005_IDBIBasicDetails" name="basicDetails" time="119.730"/>
  <testcase classname="com.idbi.tc.TC005_IDBIBasicDetails" name="basicDetails" time="118.145"/>
  <testcase classname="com.idbi.tc.TC005_IDBIBasicDetails" name="basicDetails" time="117.158"/>
  <testcase classname="com.idbi.tc.TC005_IDBIBasicDetails" name="basicDetails" time="117.993"/>
  <testcase classname="com.idbi.tc.TC005_IDBIBasicDetails" name="basicDetails" time="118.817"/>
  <testcase classname="com.idbi.tc.TC005_IDBIBasicDetails" name="basicDetails" time="119.366"/>
  <testcase classname="com.idbi.tc.TC005_IDBIBasicDetails" name="basicDetails" time="118.768"/>
  <testcase classname="com.idbi.tc.TC005_IDBIBasicDetails" name="basicDetails" time="117.770"/>
  <testcase classname="com.idbi.tc.TC005_IDBIBasicDetails" name="basicDetails" time="118.555"/>
  <testcase classname="com.idbi.tc.TC005_IDBIBasicDetails" name="basicDetails" time="118.831"/>
  <testcase classname="com.idbi.tc.TC005_IDBIBasicDetails" name="basicDetails" time="117.972"/>
  <testcase classname="com.idbi.tc.TC005_IDBIBasicDetails" name="basicDetails" time="118.351"/>
  <testcase classname="com.idbi.tc.TC005_IDBIBasicDetails" name="basicDetails" time="117.349"/>
  <testcase classname="com.idbi.tc.TC005_IDBIBasicDetails" name="basicDetails" time="118.981"/>
  <testcase classname="com.idbi.tc.TC005_IDBIBasicDetails" name="basicDetails" time="119.177"/>
  <testcase classname="com.idbi.tc.TC005_IDBIBasicDetails" name="basicDetails" time="117.986"/>
  <testcase classname="com.idbi.tc.TC005_IDBIBasicDetails" name="basicDetails" time="117.963"/>
  <testcase classname="com.idbi.tc.TC005_IDBIBasicDetails" name="basicDetails" time="118.445"/>
  <testcase classname="com.idbi.tc.TC005_IDBIBasicDetails" name="basicDetails" time="118.450"/>
  <testcase classname="com.idbi.tc.TC005_IDBIBasicDetails" name="basicDetails" time="119.164"/>
  <testcase classname="com.idbi.tc.TC005_IDBIBasicDetails" name="basicDetails" time="117.676"/>
  <testcase classname="com.idbi.tc.TC005_IDBIBasicDetails" name="basicDetails" time="117.316"/>
  <testcase classname="com.idbi.tc.TC005_IDBIBasicDetails" name="basicDetails" time="118.927"/>
</testsuite> <!-- com.idbi.tc.TC005_IDBIBasicDetails -->
