<?xml version="1.0" encoding="UTF-8"?>
<!-- Generated by org.testng.reporters.JUnitReportReporter -->
<testsuite hostname="MAA011253A" failures="0" tests="55" name="com.sbi.tc.TC003_SBIBasicDetails" time="6444.029" errors="1" timestamp="2020-10-20T00:20:58 IST" skipped="0">
  <testcase classname="com.sbi.tc.TC003_SBIBasicDetails" name="basicDetails" time="118.996"/>
  <testcase classname="com.sbi.tc.TC003_SBIBasicDetails" name="basicDetails" time="119.317"/>
  <testcase classname="com.sbi.tc.TC003_SBIBasicDetails" name="basicDetails" time="118.618"/>
  <testcase classname="com.sbi.tc.TC003_SBIBasicDetails" name="basicDetails" time="119.311"/>
  <testcase classname="com.sbi.tc.TC003_SBIBasicDetails" name="basicDetails" time="118.882"/>
  <testcase classname="com.sbi.tc.TC003_SBIBasicDetails" name="basicDetails" time="119.919"/>
  <testcase classname="com.sbi.tc.TC003_SBIBasicDetails" name="basicDetails" time="118.719"/>
  <testcase classname="com.sbi.tc.TC003_SBIBasicDetails" name="basicDetails" time="118.559"/>
  <testcase classname="com.sbi.tc.TC003_SBIBasicDetails" name="basicDetails" time="119.376"/>
  <testcase classname="com.sbi.tc.TC003_SBIBasicDetails" name="basicDetails" time="119.386"/>
  <testcase classname="com.sbi.tc.TC003_SBIBasicDetails" name="basicDetails" time="119.921"/>
  <testcase classname="com.sbi.tc.TC003_SBIBasicDetails" name="basicDetails" time="118.772"/>
  <testcase classname="com.sbi.tc.TC003_SBIBasicDetails" name="basicDetails" time="118.578"/>
  <testcase classname="com.sbi.tc.TC003_SBIBasicDetails" name="basicDetails" time="119.026"/>
  <testcase classname="com.sbi.tc.TC003_SBIBasicDetails" name="basicDetails" time="119.267"/>
  <testcase classname="com.sbi.tc.TC003_SBIBasicDetails" name="basicDetails" time="118.833"/>
  <testcase classname="com.sbi.tc.TC003_SBIBasicDetails" name="basicDetails" time="119.881"/>
  <testcase classname="com.sbi.tc.TC003_SBIBasicDetails" name="basicDetails" time="119.474"/>
  <testcase classname="com.sbi.tc.TC003_SBIBasicDetails" name="basicDetails" time="118.687"/>
  <testcase classname="com.sbi.tc.TC003_SBIBasicDetails" name="afterClass" time="1.063">
    <error type="java.lang.NullPointerException">
      <![CDATA[java.lang.NullPointerException
at lib.utils.HTMLReporter.reportStep(HTMLReporter.java:73)
at lib.selenium.WebDriverServiceImpl.closeAllBrowsers(WebDriverServiceImpl.java:495)
at lib.selenium.PreAndPost.afterClass(PreAndPost.java:72)
at java.base/jdk.internal.reflect.NativeMethodAccessorImpl.invoke0(Native Method)
at java.base/jdk.internal.reflect.NativeMethodAccessorImpl.invoke(Unknown Source)
at java.base/jdk.internal.reflect.DelegatingMethodAccessorImpl.invoke(Unknown Source)
at java.base/java.lang.reflect.Method.invoke(Unknown Source)
at org.testng.internal.MethodInvocationHelper.invokeMethod(MethodInvocationHelper.java:133)
at org.testng.internal.MethodInvocationHelper.invokeMethodConsideringTimeout(MethodInvocationHelper.java:62)
at org.testng.internal.ConfigInvoker.invokeConfigurationMethod(ConfigInvoker.java:340)
at org.testng.internal.ConfigInvoker.invokeConfigurations(ConfigInvoker.java:294)
at org.testng.internal.TestMethodWorker.invokeAfterClassMethods(TestMethodWorker.java:217)
at org.testng.internal.TestMethodWorker.run(TestMethodWorker.java:130)
at java.base/java.util.concurrent.ThreadPoolExecutor.runWorker(Unknown Source)
at java.base/java.util.concurrent.ThreadPoolExecutor$Worker.run(Unknown Source)
at java.base/java.lang.Thread.run(Unknown Source)
]]>
    </error>
  </testcase> <!-- afterClass -->
  <testcase classname="com.sbi.tc.TC003_SBIBasicDetails" name="basicDetails" time="118.765"/>
  <testcase classname="com.sbi.tc.TC003_SBIBasicDetails" name="basicDetails" time="119.245"/>
  <testcase classname="com.sbi.tc.TC003_SBIBasicDetails" name="basicDetails" time="119.246"/>
  <testcase classname="com.sbi.tc.TC003_SBIBasicDetails" name="basicDetails" time="118.702"/>
  <testcase classname="com.sbi.tc.TC003_SBIBasicDetails" name="basicDetails" time="119.010"/>
  <testcase classname="com.sbi.tc.TC003_SBIBasicDetails" name="basicDetails" time="119.579"/>
  <testcase classname="com.sbi.tc.TC003_SBIBasicDetails" name="basicDetails" time="119.220"/>
  <testcase classname="com.sbi.tc.TC003_SBIBasicDetails" name="basicDetails" time="119.589"/>
  <testcase classname="com.sbi.tc.TC003_SBIBasicDetails" name="basicDetails" time="118.950"/>
  <testcase classname="com.sbi.tc.TC003_SBIBasicDetails" name="basicDetails" time="119.157"/>
  <testcase classname="com.sbi.tc.TC003_SBIBasicDetails" name="basicDetails" time="119.463"/>
  <testcase classname="com.sbi.tc.TC003_SBIBasicDetails" name="basicDetails" time="119.645"/>
  <testcase classname="com.sbi.tc.TC003_SBIBasicDetails" name="basicDetails" time="119.720"/>
  <testcase classname="com.sbi.tc.TC003_SBIBasicDetails" name="basicDetails" time="119.357"/>
  <testcase classname="com.sbi.tc.TC003_SBIBasicDetails" name="basicDetails" time="119.487"/>
  <testcase classname="com.sbi.tc.TC003_SBIBasicDetails" name="basicDetails" time="119.564"/>
  <testcase classname="com.sbi.tc.TC003_SBIBasicDetails" name="basicDetails" time="120.520"/>
  <testcase classname="com.sbi.tc.TC003_SBIBasicDetails" name="basicDetails" time="119.438"/>
  <testcase classname="com.sbi.tc.TC003_SBIBasicDetails" name="basicDetails" time="119.890"/>
  <testcase classname="com.sbi.tc.TC003_SBIBasicDetails" name="basicDetails" time="119.639"/>
  <testcase classname="com.sbi.tc.TC003_SBIBasicDetails" name="basicDetails" time="119.960"/>
  <testcase classname="com.sbi.tc.TC003_SBIBasicDetails" name="basicDetails" time="119.717"/>
  <testcase classname="com.sbi.tc.TC003_SBIBasicDetails" name="basicDetails" time="120.207"/>
  <testcase classname="com.sbi.tc.TC003_SBIBasicDetails" name="basicDetails" time="119.563"/>
  <testcase classname="com.sbi.tc.TC003_SBIBasicDetails" name="basicDetails" time="119.604"/>
  <testcase classname="com.sbi.tc.TC003_SBIBasicDetails" name="basicDetails" time="119.446"/>
  <testcase classname="com.sbi.tc.TC003_SBIBasicDetails" name="basicDetails" time="120.006"/>
  <testcase classname="com.sbi.tc.TC003_SBIBasicDetails" name="basicDetails" time="118.916"/>
  <testcase classname="com.sbi.tc.TC003_SBIBasicDetails" name="basicDetails" time="118.568"/>
  <testcase classname="com.sbi.tc.TC003_SBIBasicDetails" name="basicDetails" time="118.756"/>
  <testcase classname="com.sbi.tc.TC003_SBIBasicDetails" name="basicDetails" time="119.403"/>
  <testcase classname="com.sbi.tc.TC003_SBIBasicDetails" name="basicDetails" time="119.394"/>
  <testcase classname="com.sbi.tc.TC003_SBIBasicDetails" name="basicDetails" time="119.590"/>
  <testcase classname="com.sbi.tc.TC003_SBIBasicDetails" name="basicDetails" time="118.592"/>
  <testcase classname="com.sbi.tc.TC003_SBIBasicDetails" name="basicDetails" time="119.536"/>
</testsuite> <!-- com.sbi.tc.TC003_SBIBasicDetails -->
