<?xml version="1.0" encoding="UTF-8"?>
<!-- Generated by org.testng.reporters.JUnitReportReporter -->
<testsuite skipped="0" hostname="MAA014482B" name="com.SARDAR.tc.TC002_SPUBasicDetails" tests="15" failures="0" timestamp="2022-09-28T18:08:18 IST" time="2446.615" errors="0">
  <testcase name="basicDetails" time="161.445" classname="com.SARDAR.tc.TC002_SPUBasicDetails"/>
  <testcase name="basicDetails" time="170.715" classname="com.SARDAR.tc.TC002_SPUBasicDetails"/>
  <testcase name="basicDetails" time="161.448" classname="com.SARDAR.tc.TC002_SPUBasicDetails"/>
  <testcase name="basicDetails" time="163.256" classname="com.SARDAR.tc.TC002_SPUBasicDetails"/>
  <testcase name="basicDetails" time="161.934" classname="com.SARDAR.tc.TC002_SPUBasicDetails"/>
  <testcase name="basicDetails" time="162.843" classname="com.SARDAR.tc.TC002_SPUBasicDetails"/>
  <testcase name="basicDetails" time="162.880" classname="com.SARDAR.tc.TC002_SPUBasicDetails"/>
  <testcase name="basicDetails" time="163.208" classname="com.SARDAR.tc.TC002_SPUBasicDetails"/>
  <testcase name="basicDetails" time="163.002" classname="com.SARDAR.tc.TC002_SPUBasicDetails"/>
  <testcase name="basicDetails" time="162.970" classname="com.SARDAR.tc.TC002_SPUBasicDetails"/>
  <testcase name="basicDetails" time="161.468" classname="com.SARDAR.tc.TC002_SPUBasicDetails"/>
  <testcase name="basicDetails" time="162.680" classname="com.SARDAR.tc.TC002_SPUBasicDetails"/>
  <testcase name="basicDetails" time="164.010" classname="com.SARDAR.tc.TC002_SPUBasicDetails"/>
  <testcase name="basicDetails" time="162.038" classname="com.SARDAR.tc.TC002_SPUBasicDetails"/>
  <testcase name="basicDetails" time="162.718" classname="com.SARDAR.tc.TC002_SPUBasicDetails"/>
</testsuite> <!-- com.SARDAR.tc.TC002_SPUBasicDetails -->
