<?xml version="1.0" encoding="UTF-8"?>
<!-- Generated by org.testng.reporters.JUnitReportReporter -->
<testsuite hostname="MAA011253A" failures="0" tests="20" name="com.rbisb.tc.TC004_RBIBasicDetails" time="1417.968" errors="0" timestamp="2020-07-23T14:53:28 IST" skipped="0">
  <testcase classname="com.rbisb.tc.TC004_RBIBasicDetails" name="basicDetails" time="70.429"/>
  <testcase classname="com.rbisb.tc.TC004_RBIBasicDetails" name="basicDetails" time="70.633"/>
  <testcase classname="com.rbisb.tc.TC004_RBIBasicDetails" name="basicDetails" time="70.622"/>
  <testcase classname="com.rbisb.tc.TC004_RBIBasicDetails" name="basicDetails" time="70.317"/>
  <testcase classname="com.rbisb.tc.TC004_RBIBasicDetails" name="basicDetails" time="71.579"/>
  <testcase classname="com.rbisb.tc.TC004_RBIBasicDetails" name="basicDetails" time="71.247"/>
  <testcase classname="com.rbisb.tc.TC004_RBIBasicDetails" name="basicDetails" time="70.776"/>
  <testcase classname="com.rbisb.tc.TC004_RBIBasicDetails" name="basicDetails" time="70.345"/>
  <testcase classname="com.rbisb.tc.TC004_RBIBasicDetails" name="basicDetails" time="72.613"/>
  <testcase classname="com.rbisb.tc.TC004_RBIBasicDetails" name="basicDetails" time="70.019"/>
  <testcase classname="com.rbisb.tc.TC004_RBIBasicDetails" name="basicDetails" time="70.975"/>
  <testcase classname="com.rbisb.tc.TC004_RBIBasicDetails" name="basicDetails" time="70.131"/>
  <testcase classname="com.rbisb.tc.TC004_RBIBasicDetails" name="basicDetails" time="70.770"/>
  <testcase classname="com.rbisb.tc.TC004_RBIBasicDetails" name="basicDetails" time="70.297"/>
  <testcase classname="com.rbisb.tc.TC004_RBIBasicDetails" name="basicDetails" time="69.612"/>
  <testcase classname="com.rbisb.tc.TC004_RBIBasicDetails" name="basicDetails" time="70.032"/>
  <testcase classname="com.rbisb.tc.TC004_RBIBasicDetails" name="basicDetails" time="70.649"/>
  <testcase classname="com.rbisb.tc.TC004_RBIBasicDetails" name="basicDetails" time="70.756"/>
  <testcase classname="com.rbisb.tc.TC004_RBIBasicDetails" name="basicDetails" time="70.232"/>
  <testcase classname="com.rbisb.tc.TC004_RBIBasicDetails" name="basicDetails" time="75.934"/>
</testsuite> <!-- com.rbisb.tc.TC004_RBIBasicDetails -->
