<?xml version="1.0" encoding="UTF-8"?>
<!-- Generated by org.testng.reporters.JUnitReportReporter -->
<testsuite hostname="MAA011253A" failures="0" tests="21" name="com.rbisb.tc.TC001_RBIBasicDetails" time="1492.487" errors="0" timestamp="2020-07-23T14:53:28 IST" skipped="0">
  <testcase classname="com.rbisb.tc.TC001_RBIBasicDetails" name="basicDetails" time="70.998"/>
  <testcase classname="com.rbisb.tc.TC001_RBIBasicDetails" name="basicDetails" time="70.475"/>
  <testcase classname="com.rbisb.tc.TC001_RBIBasicDetails" name="basicDetails" time="72.695"/>
  <testcase classname="com.rbisb.tc.TC001_RBIBasicDetails" name="basicDetails" time="71.556"/>
  <testcase classname="com.rbisb.tc.TC001_RBIBasicDetails" name="basicDetails" time="70.062"/>
  <testcase classname="com.rbisb.tc.TC001_RBIBasicDetails" name="basicDetails" time="71.097"/>
  <testcase classname="com.rbisb.tc.TC001_RBIBasicDetails" name="basicDetails" time="70.372"/>
  <testcase classname="com.rbisb.tc.TC001_RBIBasicDetails" name="basicDetails" time="70.346"/>
  <testcase classname="com.rbisb.tc.TC001_RBIBasicDetails" name="basicDetails" time="69.764"/>
  <testcase classname="com.rbisb.tc.TC001_RBIBasicDetails" name="basicDetails" time="69.878"/>
  <testcase classname="com.rbisb.tc.TC001_RBIBasicDetails" name="basicDetails" time="70.341"/>
  <testcase classname="com.rbisb.tc.TC001_RBIBasicDetails" name="basicDetails" time="71.098"/>
  <testcase classname="com.rbisb.tc.TC001_RBIBasicDetails" name="basicDetails" time="70.489"/>
  <testcase classname="com.rbisb.tc.TC001_RBIBasicDetails" name="basicDetails" time="70.452"/>
  <testcase classname="com.rbisb.tc.TC001_RBIBasicDetails" name="basicDetails" time="70.796"/>
  <testcase classname="com.rbisb.tc.TC001_RBIBasicDetails" name="basicDetails" time="70.043"/>
  <testcase classname="com.rbisb.tc.TC001_RBIBasicDetails" name="basicDetails" time="70.551"/>
  <testcase classname="com.rbisb.tc.TC001_RBIBasicDetails" name="basicDetails" time="71.771"/>
  <testcase classname="com.rbisb.tc.TC001_RBIBasicDetails" name="basicDetails" time="77.322"/>
  <testcase classname="com.rbisb.tc.TC001_RBIBasicDetails" name="basicDetails" time="72.040"/>
  <testcase classname="com.rbisb.tc.TC001_RBIBasicDetails" name="basicDetails" time="70.341"/>
</testsuite> <!-- com.rbisb.tc.TC001_RBIBasicDetails -->
