<?xml version="1.0" encoding="UTF-8"?>
<!-- Generated by org.testng.reporters.JUnitReportReporter -->
<testsuite skipped="0" hostname="MAA014482B" name="com.DCCB_March23.tc.TC005_DCCBBasicDetails" tests="102" failures="0" timestamp="2023-03-25T01:46:51 IST" time="17623.188" errors="0">
  <testcase name="basicDetails" time="170.780" classname="com.DCCB_March23.tc.TC005_DCCBBasicDetails"/>
  <testcase name="basicDetails" time="237.541" classname="com.DCCB_March23.tc.TC005_DCCBBasicDetails"/>
  <testcase name="basicDetails" time="170.011" classname="com.DCCB_March23.tc.TC005_DCCBBasicDetails"/>
  <testcase name="basicDetails" time="169.640" classname="com.DCCB_March23.tc.TC005_DCCBBasicDetails"/>
  <testcase name="basicDetails" time="169.676" classname="com.DCCB_March23.tc.TC005_DCCBBasicDetails"/>
  <testcase name="basicDetails" time="170.089" classname="com.DCCB_March23.tc.TC005_DCCBBasicDetails"/>
  <testcase name="basicDetails" time="169.628" classname="com.DCCB_March23.tc.TC005_DCCBBasicDetails"/>
  <testcase name="basicDetails" time="170.371" classname="com.DCCB_March23.tc.TC005_DCCBBasicDetails"/>
  <testcase name="basicDetails" time="170.095" classname="com.DCCB_March23.tc.TC005_DCCBBasicDetails"/>
  <testcase name="basicDetails" time="169.909" classname="com.DCCB_March23.tc.TC005_DCCBBasicDetails"/>
  <testcase name="basicDetails" time="169.771" classname="com.DCCB_March23.tc.TC005_DCCBBasicDetails"/>
  <testcase name="basicDetails" time="170.142" classname="com.DCCB_March23.tc.TC005_DCCBBasicDetails"/>
  <testcase name="basicDetails" time="169.561" classname="com.DCCB_March23.tc.TC005_DCCBBasicDetails"/>
  <testcase name="basicDetails" time="169.720" classname="com.DCCB_March23.tc.TC005_DCCBBasicDetails"/>
  <testcase name="basicDetails" time="170.471" classname="com.DCCB_March23.tc.TC005_DCCBBasicDetails"/>
  <testcase name="basicDetails" time="170.331" classname="com.DCCB_March23.tc.TC005_DCCBBasicDetails"/>
  <testcase name="basicDetails" time="170.505" classname="com.DCCB_March23.tc.TC005_DCCBBasicDetails"/>
  <testcase name="basicDetails" time="170.055" classname="com.DCCB_March23.tc.TC005_DCCBBasicDetails"/>
  <testcase name="basicDetails" time="170.255" classname="com.DCCB_March23.tc.TC005_DCCBBasicDetails"/>
  <testcase name="basicDetails" time="180.679" classname="com.DCCB_March23.tc.TC005_DCCBBasicDetails"/>
  <testcase name="basicDetails" time="170.196" classname="com.DCCB_March23.tc.TC005_DCCBBasicDetails"/>
  <testcase name="basicDetails" time="170.283" classname="com.DCCB_March23.tc.TC005_DCCBBasicDetails"/>
  <testcase name="basicDetails" time="170.409" classname="com.DCCB_March23.tc.TC005_DCCBBasicDetails"/>
  <testcase name="basicDetails" time="170.232" classname="com.DCCB_March23.tc.TC005_DCCBBasicDetails"/>
  <testcase name="basicDetails" time="170.536" classname="com.DCCB_March23.tc.TC005_DCCBBasicDetails"/>
  <testcase name="basicDetails" time="169.270" classname="com.DCCB_March23.tc.TC005_DCCBBasicDetails"/>
  <testcase name="basicDetails" time="169.881" classname="com.DCCB_March23.tc.TC005_DCCBBasicDetails"/>
  <testcase name="basicDetails" time="170.014" classname="com.DCCB_March23.tc.TC005_DCCBBasicDetails"/>
  <testcase name="basicDetails" time="169.577" classname="com.DCCB_March23.tc.TC005_DCCBBasicDetails"/>
  <testcase name="basicDetails" time="169.579" classname="com.DCCB_March23.tc.TC005_DCCBBasicDetails"/>
  <testcase name="basicDetails" time="170.314" classname="com.DCCB_March23.tc.TC005_DCCBBasicDetails"/>
  <testcase name="basicDetails" time="171.374" classname="com.DCCB_March23.tc.TC005_DCCBBasicDetails"/>
  <testcase name="basicDetails" time="170.567" classname="com.DCCB_March23.tc.TC005_DCCBBasicDetails"/>
  <testcase name="basicDetails" time="169.765" classname="com.DCCB_March23.tc.TC005_DCCBBasicDetails"/>
  <testcase name="basicDetails" time="170.003" classname="com.DCCB_March23.tc.TC005_DCCBBasicDetails"/>
  <testcase name="basicDetails" time="170.218" classname="com.DCCB_March23.tc.TC005_DCCBBasicDetails"/>
  <testcase name="basicDetails" time="170.271" classname="com.DCCB_March23.tc.TC005_DCCBBasicDetails"/>
  <testcase name="basicDetails" time="170.538" classname="com.DCCB_March23.tc.TC005_DCCBBasicDetails"/>
  <testcase name="basicDetails" time="169.292" classname="com.DCCB_March23.tc.TC005_DCCBBasicDetails"/>
  <testcase name="basicDetails" time="170.090" classname="com.DCCB_March23.tc.TC005_DCCBBasicDetails"/>
  <testcase name="basicDetails" time="169.801" classname="com.DCCB_March23.tc.TC005_DCCBBasicDetails"/>
  <testcase name="basicDetails" time="169.462" classname="com.DCCB_March23.tc.TC005_DCCBBasicDetails"/>
  <testcase name="basicDetails" time="169.837" classname="com.DCCB_March23.tc.TC005_DCCBBasicDetails"/>
  <testcase name="basicDetails" time="169.637" classname="com.DCCB_March23.tc.TC005_DCCBBasicDetails"/>
  <testcase name="basicDetails" time="170.185" classname="com.DCCB_March23.tc.TC005_DCCBBasicDetails"/>
  <testcase name="basicDetails" time="170.187" classname="com.DCCB_March23.tc.TC005_DCCBBasicDetails"/>
  <testcase name="basicDetails" time="169.702" classname="com.DCCB_March23.tc.TC005_DCCBBasicDetails"/>
  <testcase name="basicDetails" time="169.994" classname="com.DCCB_March23.tc.TC005_DCCBBasicDetails"/>
  <testcase name="basicDetails" time="169.625" classname="com.DCCB_March23.tc.TC005_DCCBBasicDetails"/>
  <testcase name="basicDetails" time="170.027" classname="com.DCCB_March23.tc.TC005_DCCBBasicDetails"/>
  <testcase name="basicDetails" time="237.376" classname="com.DCCB_March23.tc.TC005_DCCBBasicDetails"/>
  <testcase name="basicDetails" time="170.586" classname="com.DCCB_March23.tc.TC005_DCCBBasicDetails"/>
  <testcase name="basicDetails" time="169.477" classname="com.DCCB_March23.tc.TC005_DCCBBasicDetails"/>
  <testcase name="basicDetails" time="169.773" classname="com.DCCB_March23.tc.TC005_DCCBBasicDetails"/>
  <testcase name="basicDetails" time="170.454" classname="com.DCCB_March23.tc.TC005_DCCBBasicDetails"/>
  <testcase name="basicDetails" time="169.961" classname="com.DCCB_March23.tc.TC005_DCCBBasicDetails"/>
  <testcase name="basicDetails" time="170.482" classname="com.DCCB_March23.tc.TC005_DCCBBasicDetails"/>
  <testcase name="basicDetails" time="170.953" classname="com.DCCB_March23.tc.TC005_DCCBBasicDetails"/>
  <testcase name="basicDetails" time="237.388" classname="com.DCCB_March23.tc.TC005_DCCBBasicDetails"/>
  <testcase name="basicDetails" time="170.585" classname="com.DCCB_March23.tc.TC005_DCCBBasicDetails"/>
  <testcase name="basicDetails" time="169.963" classname="com.DCCB_March23.tc.TC005_DCCBBasicDetails"/>
  <testcase name="basicDetails" time="170.068" classname="com.DCCB_March23.tc.TC005_DCCBBasicDetails"/>
  <testcase name="basicDetails" time="170.282" classname="com.DCCB_March23.tc.TC005_DCCBBasicDetails"/>
  <testcase name="basicDetails" time="169.590" classname="com.DCCB_March23.tc.TC005_DCCBBasicDetails"/>
  <testcase name="basicDetails" time="169.741" classname="com.DCCB_March23.tc.TC005_DCCBBasicDetails"/>
  <testcase name="basicDetails" time="169.972" classname="com.DCCB_March23.tc.TC005_DCCBBasicDetails"/>
  <testcase name="basicDetails" time="169.585" classname="com.DCCB_March23.tc.TC005_DCCBBasicDetails"/>
  <testcase name="basicDetails" time="170.371" classname="com.DCCB_March23.tc.TC005_DCCBBasicDetails"/>
  <testcase name="basicDetails" time="170.488" classname="com.DCCB_March23.tc.TC005_DCCBBasicDetails"/>
  <testcase name="basicDetails" time="170.067" classname="com.DCCB_March23.tc.TC005_DCCBBasicDetails"/>
  <testcase name="basicDetails" time="169.663" classname="com.DCCB_March23.tc.TC005_DCCBBasicDetails"/>
  <testcase name="basicDetails" time="170.500" classname="com.DCCB_March23.tc.TC005_DCCBBasicDetails"/>
  <testcase name="basicDetails" time="170.133" classname="com.DCCB_March23.tc.TC005_DCCBBasicDetails"/>
  <testcase name="basicDetails" time="170.048" classname="com.DCCB_March23.tc.TC005_DCCBBasicDetails"/>
  <testcase name="basicDetails" time="170.315" classname="com.DCCB_March23.tc.TC005_DCCBBasicDetails"/>
  <testcase name="basicDetails" time="169.712" classname="com.DCCB_March23.tc.TC005_DCCBBasicDetails"/>
  <testcase name="basicDetails" time="169.985" classname="com.DCCB_March23.tc.TC005_DCCBBasicDetails"/>
  <testcase name="basicDetails" time="169.641" classname="com.DCCB_March23.tc.TC005_DCCBBasicDetails"/>
  <testcase name="basicDetails" time="170.473" classname="com.DCCB_March23.tc.TC005_DCCBBasicDetails"/>
  <testcase name="basicDetails" time="170.149" classname="com.DCCB_March23.tc.TC005_DCCBBasicDetails"/>
  <testcase name="basicDetails" time="169.688" classname="com.DCCB_March23.tc.TC005_DCCBBasicDetails"/>
  <testcase name="basicDetails" time="170.277" classname="com.DCCB_March23.tc.TC005_DCCBBasicDetails"/>
  <testcase name="basicDetails" time="169.487" classname="com.DCCB_March23.tc.TC005_DCCBBasicDetails"/>
  <testcase name="basicDetails" time="169.574" classname="com.DCCB_March23.tc.TC005_DCCBBasicDetails"/>
  <testcase name="basicDetails" time="170.138" classname="com.DCCB_March23.tc.TC005_DCCBBasicDetails"/>
  <testcase name="basicDetails" time="169.717" classname="com.DCCB_March23.tc.TC005_DCCBBasicDetails"/>
  <testcase name="basicDetails" time="170.189" classname="com.DCCB_March23.tc.TC005_DCCBBasicDetails"/>
  <testcase name="basicDetails" time="237.369" classname="com.DCCB_March23.tc.TC005_DCCBBasicDetails"/>
  <testcase name="basicDetails" time="170.061" classname="com.DCCB_March23.tc.TC005_DCCBBasicDetails"/>
  <testcase name="basicDetails" time="170.078" classname="com.DCCB_March23.tc.TC005_DCCBBasicDetails"/>
  <testcase name="basicDetails" time="170.173" classname="com.DCCB_March23.tc.TC005_DCCBBasicDetails"/>
  <testcase name="basicDetails" time="169.726" classname="com.DCCB_March23.tc.TC005_DCCBBasicDetails"/>
  <testcase name="basicDetails" time="169.744" classname="com.DCCB_March23.tc.TC005_DCCBBasicDetails"/>
  <testcase name="basicDetails" time="169.857" classname="com.DCCB_March23.tc.TC005_DCCBBasicDetails"/>
  <testcase name="basicDetails" time="169.631" classname="com.DCCB_March23.tc.TC005_DCCBBasicDetails"/>
  <testcase name="basicDetails" time="169.924" classname="com.DCCB_March23.tc.TC005_DCCBBasicDetails"/>
  <testcase name="basicDetails" time="170.454" classname="com.DCCB_March23.tc.TC005_DCCBBasicDetails"/>
  <testcase name="basicDetails" time="169.423" classname="com.DCCB_March23.tc.TC005_DCCBBasicDetails"/>
  <testcase name="basicDetails" time="169.741" classname="com.DCCB_March23.tc.TC005_DCCBBasicDetails"/>
  <testcase name="basicDetails" time="170.464" classname="com.DCCB_March23.tc.TC005_DCCBBasicDetails"/>
  <testcase name="basicDetails" time="170.096" classname="com.DCCB_March23.tc.TC005_DCCBBasicDetails"/>
  <testcase name="basicDetails" time="169.501" classname="com.DCCB_March23.tc.TC005_DCCBBasicDetails"/>
</testsuite> <!-- com.DCCB_March23.tc.TC005_DCCBBasicDetails -->
