<?xml version="1.0" encoding="UTF-8"?>
<!-- Generated by org.testng.reporters.JUnitReportReporter -->
<testsuite skipped="0" hostname="MAA014482B" name="com.PMC_Feb23.tc.TC003_PMCBasicDetails" tests="160" failures="0" timestamp="2023-04-17T07:45:19 IST" time="25009.123" errors="0">
  <testcase name="basicDetails" time="156.649" classname="com.PMC_Feb23.tc.TC003_PMCBasicDetails"/>
  <testcase name="basicDetails" time="156.144" classname="com.PMC_Feb23.tc.TC003_PMCBasicDetails"/>
  <testcase name="basicDetails" time="156.305" classname="com.PMC_Feb23.tc.TC003_PMCBasicDetails"/>
  <testcase name="basicDetails" time="156.487" classname="com.PMC_Feb23.tc.TC003_PMCBasicDetails"/>
  <testcase name="basicDetails" time="155.971" classname="com.PMC_Feb23.tc.TC003_PMCBasicDetails"/>
  <testcase name="basicDetails" time="156.524" classname="com.PMC_Feb23.tc.TC003_PMCBasicDetails"/>
  <testcase name="basicDetails" time="156.100" classname="com.PMC_Feb23.tc.TC003_PMCBasicDetails"/>
  <testcase name="basicDetails" time="156.303" classname="com.PMC_Feb23.tc.TC003_PMCBasicDetails"/>
  <testcase name="basicDetails" time="156.311" classname="com.PMC_Feb23.tc.TC003_PMCBasicDetails"/>
  <testcase name="basicDetails" time="156.024" classname="com.PMC_Feb23.tc.TC003_PMCBasicDetails"/>
  <testcase name="basicDetails" time="156.415" classname="com.PMC_Feb23.tc.TC003_PMCBasicDetails"/>
  <testcase name="basicDetails" time="156.013" classname="com.PMC_Feb23.tc.TC003_PMCBasicDetails"/>
  <testcase name="basicDetails" time="156.178" classname="com.PMC_Feb23.tc.TC003_PMCBasicDetails"/>
  <testcase name="basicDetails" time="156.550" classname="com.PMC_Feb23.tc.TC003_PMCBasicDetails"/>
  <testcase name="basicDetails" time="156.462" classname="com.PMC_Feb23.tc.TC003_PMCBasicDetails"/>
  <testcase name="basicDetails" time="156.210" classname="com.PMC_Feb23.tc.TC003_PMCBasicDetails"/>
  <testcase name="basicDetails" time="156.380" classname="com.PMC_Feb23.tc.TC003_PMCBasicDetails"/>
  <testcase name="basicDetails" time="156.161" classname="com.PMC_Feb23.tc.TC003_PMCBasicDetails"/>
  <testcase name="basicDetails" time="156.261" classname="com.PMC_Feb23.tc.TC003_PMCBasicDetails"/>
  <testcase name="basicDetails" time="156.412" classname="com.PMC_Feb23.tc.TC003_PMCBasicDetails"/>
  <testcase name="basicDetails" time="155.881" classname="com.PMC_Feb23.tc.TC003_PMCBasicDetails"/>
  <testcase name="basicDetails" time="156.064" classname="com.PMC_Feb23.tc.TC003_PMCBasicDetails"/>
  <testcase name="basicDetails" time="155.889" classname="com.PMC_Feb23.tc.TC003_PMCBasicDetails"/>
  <testcase name="basicDetails" time="156.221" classname="com.PMC_Feb23.tc.TC003_PMCBasicDetails"/>
  <testcase name="basicDetails" time="156.149" classname="com.PMC_Feb23.tc.TC003_PMCBasicDetails"/>
  <testcase name="basicDetails" time="156.482" classname="com.PMC_Feb23.tc.TC003_PMCBasicDetails"/>
  <testcase name="basicDetails" time="156.075" classname="com.PMC_Feb23.tc.TC003_PMCBasicDetails"/>
  <testcase name="basicDetails" time="156.117" classname="com.PMC_Feb23.tc.TC003_PMCBasicDetails"/>
  <testcase name="basicDetails" time="156.187" classname="com.PMC_Feb23.tc.TC003_PMCBasicDetails"/>
  <testcase name="basicDetails" time="156.595" classname="com.PMC_Feb23.tc.TC003_PMCBasicDetails"/>
  <testcase name="basicDetails" time="156.140" classname="com.PMC_Feb23.tc.TC003_PMCBasicDetails"/>
  <testcase name="basicDetails" time="156.319" classname="com.PMC_Feb23.tc.TC003_PMCBasicDetails"/>
  <testcase name="basicDetails" time="156.208" classname="com.PMC_Feb23.tc.TC003_PMCBasicDetails"/>
  <testcase name="basicDetails" time="156.056" classname="com.PMC_Feb23.tc.TC003_PMCBasicDetails"/>
  <testcase name="basicDetails" time="156.043" classname="com.PMC_Feb23.tc.TC003_PMCBasicDetails"/>
  <testcase name="basicDetails" time="156.322" classname="com.PMC_Feb23.tc.TC003_PMCBasicDetails"/>
  <testcase name="basicDetails" time="156.104" classname="com.PMC_Feb23.tc.TC003_PMCBasicDetails"/>
  <testcase name="basicDetails" time="156.250" classname="com.PMC_Feb23.tc.TC003_PMCBasicDetails"/>
  <testcase name="basicDetails" time="156.502" classname="com.PMC_Feb23.tc.TC003_PMCBasicDetails"/>
  <testcase name="basicDetails" time="156.389" classname="com.PMC_Feb23.tc.TC003_PMCBasicDetails"/>
  <testcase name="basicDetails" time="156.366" classname="com.PMC_Feb23.tc.TC003_PMCBasicDetails"/>
  <testcase name="basicDetails" time="156.121" classname="com.PMC_Feb23.tc.TC003_PMCBasicDetails"/>
  <testcase name="basicDetails" time="156.385" classname="com.PMC_Feb23.tc.TC003_PMCBasicDetails"/>
  <testcase name="basicDetails" time="156.484" classname="com.PMC_Feb23.tc.TC003_PMCBasicDetails"/>
  <testcase name="basicDetails" time="156.353" classname="com.PMC_Feb23.tc.TC003_PMCBasicDetails"/>
  <testcase name="basicDetails" time="155.933" classname="com.PMC_Feb23.tc.TC003_PMCBasicDetails"/>
  <testcase name="basicDetails" time="156.426" classname="com.PMC_Feb23.tc.TC003_PMCBasicDetails"/>
  <testcase name="basicDetails" time="156.195" classname="com.PMC_Feb23.tc.TC003_PMCBasicDetails"/>
  <testcase name="basicDetails" time="156.439" classname="com.PMC_Feb23.tc.TC003_PMCBasicDetails"/>
  <testcase name="basicDetails" time="156.785" classname="com.PMC_Feb23.tc.TC003_PMCBasicDetails"/>
  <testcase name="basicDetails" time="155.851" classname="com.PMC_Feb23.tc.TC003_PMCBasicDetails"/>
  <testcase name="basicDetails" time="155.975" classname="com.PMC_Feb23.tc.TC003_PMCBasicDetails"/>
  <testcase name="basicDetails" time="156.335" classname="com.PMC_Feb23.tc.TC003_PMCBasicDetails"/>
  <testcase name="basicDetails" time="156.548" classname="com.PMC_Feb23.tc.TC003_PMCBasicDetails"/>
  <testcase name="basicDetails" time="156.246" classname="com.PMC_Feb23.tc.TC003_PMCBasicDetails"/>
  <testcase name="basicDetails" time="156.031" classname="com.PMC_Feb23.tc.TC003_PMCBasicDetails"/>
  <testcase name="basicDetails" time="155.664" classname="com.PMC_Feb23.tc.TC003_PMCBasicDetails"/>
  <testcase name="basicDetails" time="156.234" classname="com.PMC_Feb23.tc.TC003_PMCBasicDetails"/>
  <testcase name="basicDetails" time="156.185" classname="com.PMC_Feb23.tc.TC003_PMCBasicDetails"/>
  <testcase name="basicDetails" time="156.199" classname="com.PMC_Feb23.tc.TC003_PMCBasicDetails"/>
  <testcase name="basicDetails" time="156.455" classname="com.PMC_Feb23.tc.TC003_PMCBasicDetails"/>
  <testcase name="basicDetails" time="156.030" classname="com.PMC_Feb23.tc.TC003_PMCBasicDetails"/>
  <testcase name="basicDetails" time="156.129" classname="com.PMC_Feb23.tc.TC003_PMCBasicDetails"/>
  <testcase name="basicDetails" time="155.796" classname="com.PMC_Feb23.tc.TC003_PMCBasicDetails"/>
  <testcase name="basicDetails" time="156.008" classname="com.PMC_Feb23.tc.TC003_PMCBasicDetails"/>
  <testcase name="basicDetails" time="156.326" classname="com.PMC_Feb23.tc.TC003_PMCBasicDetails"/>
  <testcase name="basicDetails" time="156.215" classname="com.PMC_Feb23.tc.TC003_PMCBasicDetails"/>
  <testcase name="basicDetails" time="156.205" classname="com.PMC_Feb23.tc.TC003_PMCBasicDetails"/>
  <testcase name="basicDetails" time="157.682" classname="com.PMC_Feb23.tc.TC003_PMCBasicDetails"/>
  <testcase name="basicDetails" time="156.276" classname="com.PMC_Feb23.tc.TC003_PMCBasicDetails"/>
  <testcase name="basicDetails" time="156.238" classname="com.PMC_Feb23.tc.TC003_PMCBasicDetails"/>
  <testcase name="basicDetails" time="156.508" classname="com.PMC_Feb23.tc.TC003_PMCBasicDetails"/>
  <testcase name="basicDetails" time="156.090" classname="com.PMC_Feb23.tc.TC003_PMCBasicDetails"/>
  <testcase name="basicDetails" time="156.312" classname="com.PMC_Feb23.tc.TC003_PMCBasicDetails"/>
  <testcase name="basicDetails" time="156.240" classname="com.PMC_Feb23.tc.TC003_PMCBasicDetails"/>
  <testcase name="basicDetails" time="156.205" classname="com.PMC_Feb23.tc.TC003_PMCBasicDetails"/>
  <testcase name="basicDetails" time="156.331" classname="com.PMC_Feb23.tc.TC003_PMCBasicDetails"/>
  <testcase name="basicDetails" time="155.945" classname="com.PMC_Feb23.tc.TC003_PMCBasicDetails"/>
  <testcase name="basicDetails" time="156.472" classname="com.PMC_Feb23.tc.TC003_PMCBasicDetails"/>
  <testcase name="basicDetails" time="156.059" classname="com.PMC_Feb23.tc.TC003_PMCBasicDetails"/>
  <testcase name="basicDetails" time="156.583" classname="com.PMC_Feb23.tc.TC003_PMCBasicDetails"/>
  <testcase name="basicDetails" time="156.006" classname="com.PMC_Feb23.tc.TC003_PMCBasicDetails"/>
  <testcase name="basicDetails" time="156.451" classname="com.PMC_Feb23.tc.TC003_PMCBasicDetails"/>
  <testcase name="basicDetails" time="156.197" classname="com.PMC_Feb23.tc.TC003_PMCBasicDetails"/>
  <testcase name="basicDetails" time="156.289" classname="com.PMC_Feb23.tc.TC003_PMCBasicDetails"/>
  <testcase name="basicDetails" time="155.834" classname="com.PMC_Feb23.tc.TC003_PMCBasicDetails"/>
  <testcase name="basicDetails" time="156.127" classname="com.PMC_Feb23.tc.TC003_PMCBasicDetails"/>
  <testcase name="basicDetails" time="155.866" classname="com.PMC_Feb23.tc.TC003_PMCBasicDetails"/>
  <testcase name="basicDetails" time="155.795" classname="com.PMC_Feb23.tc.TC003_PMCBasicDetails"/>
  <testcase name="basicDetails" time="156.744" classname="com.PMC_Feb23.tc.TC003_PMCBasicDetails"/>
  <testcase name="basicDetails" time="155.878" classname="com.PMC_Feb23.tc.TC003_PMCBasicDetails"/>
  <testcase name="basicDetails" time="156.254" classname="com.PMC_Feb23.tc.TC003_PMCBasicDetails"/>
  <testcase name="basicDetails" time="156.255" classname="com.PMC_Feb23.tc.TC003_PMCBasicDetails"/>
  <testcase name="basicDetails" time="156.349" classname="com.PMC_Feb23.tc.TC003_PMCBasicDetails"/>
  <testcase name="basicDetails" time="156.233" classname="com.PMC_Feb23.tc.TC003_PMCBasicDetails"/>
  <testcase name="basicDetails" time="156.130" classname="com.PMC_Feb23.tc.TC003_PMCBasicDetails"/>
  <testcase name="basicDetails" time="156.295" classname="com.PMC_Feb23.tc.TC003_PMCBasicDetails"/>
  <testcase name="basicDetails" time="156.065" classname="com.PMC_Feb23.tc.TC003_PMCBasicDetails"/>
  <testcase name="basicDetails" time="156.029" classname="com.PMC_Feb23.tc.TC003_PMCBasicDetails"/>
  <testcase name="basicDetails" time="156.113" classname="com.PMC_Feb23.tc.TC003_PMCBasicDetails"/>
  <testcase name="basicDetails" time="156.129" classname="com.PMC_Feb23.tc.TC003_PMCBasicDetails"/>
  <testcase name="basicDetails" time="155.670" classname="com.PMC_Feb23.tc.TC003_PMCBasicDetails"/>
  <testcase name="basicDetails" time="155.786" classname="com.PMC_Feb23.tc.TC003_PMCBasicDetails"/>
  <testcase name="basicDetails" time="156.020" classname="com.PMC_Feb23.tc.TC003_PMCBasicDetails"/>
  <testcase name="basicDetails" time="155.667" classname="com.PMC_Feb23.tc.TC003_PMCBasicDetails"/>
  <testcase name="basicDetails" time="155.848" classname="com.PMC_Feb23.tc.TC003_PMCBasicDetails"/>
  <testcase name="basicDetails" time="156.293" classname="com.PMC_Feb23.tc.TC003_PMCBasicDetails"/>
  <testcase name="basicDetails" time="156.122" classname="com.PMC_Feb23.tc.TC003_PMCBasicDetails"/>
  <testcase name="basicDetails" time="156.204" classname="com.PMC_Feb23.tc.TC003_PMCBasicDetails"/>
  <testcase name="basicDetails" time="156.136" classname="com.PMC_Feb23.tc.TC003_PMCBasicDetails"/>
  <testcase name="basicDetails" time="156.059" classname="com.PMC_Feb23.tc.TC003_PMCBasicDetails"/>
  <testcase name="basicDetails" time="156.200" classname="com.PMC_Feb23.tc.TC003_PMCBasicDetails"/>
  <testcase name="basicDetails" time="156.566" classname="com.PMC_Feb23.tc.TC003_PMCBasicDetails"/>
  <testcase name="basicDetails" time="156.354" classname="com.PMC_Feb23.tc.TC003_PMCBasicDetails"/>
  <testcase name="basicDetails" time="155.964" classname="com.PMC_Feb23.tc.TC003_PMCBasicDetails"/>
  <testcase name="basicDetails" time="156.283" classname="com.PMC_Feb23.tc.TC003_PMCBasicDetails"/>
  <testcase name="basicDetails" time="156.280" classname="com.PMC_Feb23.tc.TC003_PMCBasicDetails"/>
  <testcase name="basicDetails" time="155.990" classname="com.PMC_Feb23.tc.TC003_PMCBasicDetails"/>
  <testcase name="basicDetails" time="166.929" classname="com.PMC_Feb23.tc.TC003_PMCBasicDetails"/>
  <testcase name="basicDetails" time="155.979" classname="com.PMC_Feb23.tc.TC003_PMCBasicDetails"/>
  <testcase name="basicDetails" time="156.368" classname="com.PMC_Feb23.tc.TC003_PMCBasicDetails"/>
  <testcase name="basicDetails" time="155.843" classname="com.PMC_Feb23.tc.TC003_PMCBasicDetails"/>
  <testcase name="basicDetails" time="156.481" classname="com.PMC_Feb23.tc.TC003_PMCBasicDetails"/>
  <testcase name="basicDetails" time="155.782" classname="com.PMC_Feb23.tc.TC003_PMCBasicDetails"/>
  <testcase name="basicDetails" time="155.979" classname="com.PMC_Feb23.tc.TC003_PMCBasicDetails"/>
  <testcase name="basicDetails" time="156.449" classname="com.PMC_Feb23.tc.TC003_PMCBasicDetails"/>
  <testcase name="basicDetails" time="156.044" classname="com.PMC_Feb23.tc.TC003_PMCBasicDetails"/>
  <testcase name="basicDetails" time="156.477" classname="com.PMC_Feb23.tc.TC003_PMCBasicDetails"/>
  <testcase name="basicDetails" time="156.144" classname="com.PMC_Feb23.tc.TC003_PMCBasicDetails"/>
  <testcase name="basicDetails" time="156.183" classname="com.PMC_Feb23.tc.TC003_PMCBasicDetails"/>
  <testcase name="basicDetails" time="156.276" classname="com.PMC_Feb23.tc.TC003_PMCBasicDetails"/>
  <testcase name="basicDetails" time="156.461" classname="com.PMC_Feb23.tc.TC003_PMCBasicDetails"/>
  <testcase name="basicDetails" time="156.294" classname="com.PMC_Feb23.tc.TC003_PMCBasicDetails"/>
  <testcase name="basicDetails" time="157.241" classname="com.PMC_Feb23.tc.TC003_PMCBasicDetails"/>
  <testcase name="basicDetails" time="156.681" classname="com.PMC_Feb23.tc.TC003_PMCBasicDetails"/>
  <testcase name="basicDetails" time="156.481" classname="com.PMC_Feb23.tc.TC003_PMCBasicDetails"/>
  <testcase name="basicDetails" time="156.143" classname="com.PMC_Feb23.tc.TC003_PMCBasicDetails"/>
  <testcase name="basicDetails" time="156.218" classname="com.PMC_Feb23.tc.TC003_PMCBasicDetails"/>
  <testcase name="basicDetails" time="156.293" classname="com.PMC_Feb23.tc.TC003_PMCBasicDetails"/>
  <testcase name="basicDetails" time="156.431" classname="com.PMC_Feb23.tc.TC003_PMCBasicDetails"/>
  <testcase name="basicDetails" time="156.438" classname="com.PMC_Feb23.tc.TC003_PMCBasicDetails"/>
  <testcase name="basicDetails" time="156.526" classname="com.PMC_Feb23.tc.TC003_PMCBasicDetails"/>
  <testcase name="basicDetails" time="156.177" classname="com.PMC_Feb23.tc.TC003_PMCBasicDetails"/>
  <testcase name="basicDetails" time="157.632" classname="com.PMC_Feb23.tc.TC003_PMCBasicDetails"/>
  <testcase name="basicDetails" time="156.283" classname="com.PMC_Feb23.tc.TC003_PMCBasicDetails"/>
  <testcase name="basicDetails" time="156.228" classname="com.PMC_Feb23.tc.TC003_PMCBasicDetails"/>
  <testcase name="basicDetails" time="156.020" classname="com.PMC_Feb23.tc.TC003_PMCBasicDetails"/>
  <testcase name="basicDetails" time="156.497" classname="com.PMC_Feb23.tc.TC003_PMCBasicDetails"/>
  <testcase name="basicDetails" time="156.641" classname="com.PMC_Feb23.tc.TC003_PMCBasicDetails"/>
  <testcase name="basicDetails" time="156.295" classname="com.PMC_Feb23.tc.TC003_PMCBasicDetails"/>
  <testcase name="basicDetails" time="156.388" classname="com.PMC_Feb23.tc.TC003_PMCBasicDetails"/>
  <testcase name="basicDetails" time="157.463" classname="com.PMC_Feb23.tc.TC003_PMCBasicDetails"/>
  <testcase name="basicDetails" time="155.701" classname="com.PMC_Feb23.tc.TC003_PMCBasicDetails"/>
  <testcase name="basicDetails" time="156.140" classname="com.PMC_Feb23.tc.TC003_PMCBasicDetails"/>
  <testcase name="basicDetails" time="155.907" classname="com.PMC_Feb23.tc.TC003_PMCBasicDetails"/>
  <testcase name="basicDetails" time="155.822" classname="com.PMC_Feb23.tc.TC003_PMCBasicDetails"/>
  <testcase name="basicDetails" time="156.010" classname="com.PMC_Feb23.tc.TC003_PMCBasicDetails"/>
  <testcase name="basicDetails" time="156.157" classname="com.PMC_Feb23.tc.TC003_PMCBasicDetails"/>
  <testcase name="basicDetails" time="156.517" classname="com.PMC_Feb23.tc.TC003_PMCBasicDetails"/>
  <testcase name="basicDetails" time="155.912" classname="com.PMC_Feb23.tc.TC003_PMCBasicDetails"/>
</testsuite> <!-- com.PMC_Feb23.tc.TC003_PMCBasicDetails -->
