<?xml version="1.0" encoding="UTF-8"?>
<!-- Generated by org.testng.reporters.JUnitReportReporter -->
<testsuite skipped="0" hostname="MAA015435A" name="com.mint.tc.TC003_MintBasicDetails" tests="4" failures="0" timestamp="10 Dec 2019 06:57:38 GMT" time="361.648" errors="0">
  <testcase name="basicDetails" time="95.881" classname="com.mint.tc.TC003_MintBasicDetails"/>
  <testcase name="basicDetails" time="91.896" classname="com.mint.tc.TC003_MintBasicDetails"/>
  <testcase name="basicDetails" time="84.826" classname="com.mint.tc.TC003_MintBasicDetails"/>
  <testcase name="basicDetails" time="89.045" classname="com.mint.tc.TC003_MintBasicDetails"/>
</testsuite> <!-- com.mint.tc.TC003_MintBasicDetails -->
