<?xml version="1.0" encoding="UTF-8"?>
<!-- Generated by org.testng.reporters.JUnitReportReporter -->
<testsuite skipped="0" hostname="MAA014482B" name="com.BMC_April23.tc.TC002_BMCBasicDetails" tests="180" failures="0" timestamp="2023-05-05T23:31:22 IST" time="27852.924" errors="0">
  <testcase name="basicDetails" time="155.129" classname="com.BMC_April23.tc.TC002_BMCBasicDetails"/>
  <testcase name="basicDetails" time="154.683" classname="com.BMC_April23.tc.TC002_BMCBasicDetails"/>
  <testcase name="basicDetails" time="154.118" classname="com.BMC_April23.tc.TC002_BMCBasicDetails"/>
  <testcase name="basicDetails" time="154.888" classname="com.BMC_April23.tc.TC002_BMCBasicDetails"/>
  <testcase name="basicDetails" time="154.495" classname="com.BMC_April23.tc.TC002_BMCBasicDetails"/>
  <testcase name="basicDetails" time="154.556" classname="com.BMC_April23.tc.TC002_BMCBasicDetails"/>
  <testcase name="basicDetails" time="155.458" classname="com.BMC_April23.tc.TC002_BMCBasicDetails"/>
  <testcase name="basicDetails" time="154.603" classname="com.BMC_April23.tc.TC002_BMCBasicDetails"/>
  <testcase name="basicDetails" time="154.846" classname="com.BMC_April23.tc.TC002_BMCBasicDetails"/>
  <testcase name="basicDetails" time="154.716" classname="com.BMC_April23.tc.TC002_BMCBasicDetails"/>
  <testcase name="basicDetails" time="154.413" classname="com.BMC_April23.tc.TC002_BMCBasicDetails"/>
  <testcase name="basicDetails" time="154.539" classname="com.BMC_April23.tc.TC002_BMCBasicDetails"/>
  <testcase name="basicDetails" time="155.860" classname="com.BMC_April23.tc.TC002_BMCBasicDetails"/>
  <testcase name="basicDetails" time="155.007" classname="com.BMC_April23.tc.TC002_BMCBasicDetails"/>
  <testcase name="basicDetails" time="154.004" classname="com.BMC_April23.tc.TC002_BMCBasicDetails"/>
  <testcase name="basicDetails" time="154.991" classname="com.BMC_April23.tc.TC002_BMCBasicDetails"/>
  <testcase name="basicDetails" time="154.841" classname="com.BMC_April23.tc.TC002_BMCBasicDetails"/>
  <testcase name="basicDetails" time="154.800" classname="com.BMC_April23.tc.TC002_BMCBasicDetails"/>
  <testcase name="basicDetails" time="153.997" classname="com.BMC_April23.tc.TC002_BMCBasicDetails"/>
  <testcase name="basicDetails" time="154.932" classname="com.BMC_April23.tc.TC002_BMCBasicDetails"/>
  <testcase name="basicDetails" time="154.148" classname="com.BMC_April23.tc.TC002_BMCBasicDetails"/>
  <testcase name="basicDetails" time="154.424" classname="com.BMC_April23.tc.TC002_BMCBasicDetails"/>
  <testcase name="basicDetails" time="154.931" classname="com.BMC_April23.tc.TC002_BMCBasicDetails"/>
  <testcase name="basicDetails" time="154.895" classname="com.BMC_April23.tc.TC002_BMCBasicDetails"/>
  <testcase name="basicDetails" time="155.317" classname="com.BMC_April23.tc.TC002_BMCBasicDetails"/>
  <testcase name="basicDetails" time="155.197" classname="com.BMC_April23.tc.TC002_BMCBasicDetails"/>
  <testcase name="basicDetails" time="154.555" classname="com.BMC_April23.tc.TC002_BMCBasicDetails"/>
  <testcase name="basicDetails" time="154.539" classname="com.BMC_April23.tc.TC002_BMCBasicDetails"/>
  <testcase name="basicDetails" time="154.209" classname="com.BMC_April23.tc.TC002_BMCBasicDetails"/>
  <testcase name="basicDetails" time="154.892" classname="com.BMC_April23.tc.TC002_BMCBasicDetails"/>
  <testcase name="basicDetails" time="154.731" classname="com.BMC_April23.tc.TC002_BMCBasicDetails"/>
  <testcase name="basicDetails" time="154.379" classname="com.BMC_April23.tc.TC002_BMCBasicDetails"/>
  <testcase name="basicDetails" time="155.149" classname="com.BMC_April23.tc.TC002_BMCBasicDetails"/>
  <testcase name="basicDetails" time="154.756" classname="com.BMC_April23.tc.TC002_BMCBasicDetails"/>
  <testcase name="basicDetails" time="154.438" classname="com.BMC_April23.tc.TC002_BMCBasicDetails"/>
  <testcase name="basicDetails" time="154.436" classname="com.BMC_April23.tc.TC002_BMCBasicDetails"/>
  <testcase name="basicDetails" time="154.333" classname="com.BMC_April23.tc.TC002_BMCBasicDetails"/>
  <testcase name="basicDetails" time="155.017" classname="com.BMC_April23.tc.TC002_BMCBasicDetails"/>
  <testcase name="basicDetails" time="154.271" classname="com.BMC_April23.tc.TC002_BMCBasicDetails"/>
  <testcase name="basicDetails" time="154.244" classname="com.BMC_April23.tc.TC002_BMCBasicDetails"/>
  <testcase name="basicDetails" time="154.889" classname="com.BMC_April23.tc.TC002_BMCBasicDetails"/>
  <testcase name="basicDetails" time="155.140" classname="com.BMC_April23.tc.TC002_BMCBasicDetails"/>
  <testcase name="basicDetails" time="155.117" classname="com.BMC_April23.tc.TC002_BMCBasicDetails"/>
  <testcase name="basicDetails" time="154.526" classname="com.BMC_April23.tc.TC002_BMCBasicDetails"/>
  <testcase name="basicDetails" time="154.840" classname="com.BMC_April23.tc.TC002_BMCBasicDetails"/>
  <testcase name="basicDetails" time="155.041" classname="com.BMC_April23.tc.TC002_BMCBasicDetails"/>
  <testcase name="basicDetails" time="154.942" classname="com.BMC_April23.tc.TC002_BMCBasicDetails"/>
  <testcase name="basicDetails" time="155.105" classname="com.BMC_April23.tc.TC002_BMCBasicDetails"/>
  <testcase name="basicDetails" time="154.563" classname="com.BMC_April23.tc.TC002_BMCBasicDetails"/>
  <testcase name="basicDetails" time="154.725" classname="com.BMC_April23.tc.TC002_BMCBasicDetails"/>
  <testcase name="basicDetails" time="154.864" classname="com.BMC_April23.tc.TC002_BMCBasicDetails"/>
  <testcase name="basicDetails" time="154.763" classname="com.BMC_April23.tc.TC002_BMCBasicDetails"/>
  <testcase name="basicDetails" time="154.839" classname="com.BMC_April23.tc.TC002_BMCBasicDetails"/>
  <testcase name="basicDetails" time="154.399" classname="com.BMC_April23.tc.TC002_BMCBasicDetails"/>
  <testcase name="basicDetails" time="154.742" classname="com.BMC_April23.tc.TC002_BMCBasicDetails"/>
  <testcase name="basicDetails" time="154.617" classname="com.BMC_April23.tc.TC002_BMCBasicDetails"/>
  <testcase name="basicDetails" time="154.268" classname="com.BMC_April23.tc.TC002_BMCBasicDetails"/>
  <testcase name="basicDetails" time="154.494" classname="com.BMC_April23.tc.TC002_BMCBasicDetails"/>
  <testcase name="basicDetails" time="154.857" classname="com.BMC_April23.tc.TC002_BMCBasicDetails"/>
  <testcase name="basicDetails" time="157.748" classname="com.BMC_April23.tc.TC002_BMCBasicDetails"/>
  <testcase name="basicDetails" time="154.332" classname="com.BMC_April23.tc.TC002_BMCBasicDetails"/>
  <testcase name="basicDetails" time="155.226" classname="com.BMC_April23.tc.TC002_BMCBasicDetails"/>
  <testcase name="basicDetails" time="154.839" classname="com.BMC_April23.tc.TC002_BMCBasicDetails"/>
  <testcase name="basicDetails" time="154.383" classname="com.BMC_April23.tc.TC002_BMCBasicDetails"/>
  <testcase name="basicDetails" time="154.196" classname="com.BMC_April23.tc.TC002_BMCBasicDetails"/>
  <testcase name="basicDetails" time="154.282" classname="com.BMC_April23.tc.TC002_BMCBasicDetails"/>
  <testcase name="basicDetails" time="154.720" classname="com.BMC_April23.tc.TC002_BMCBasicDetails"/>
  <testcase name="basicDetails" time="154.774" classname="com.BMC_April23.tc.TC002_BMCBasicDetails"/>
  <testcase name="basicDetails" time="154.128" classname="com.BMC_April23.tc.TC002_BMCBasicDetails"/>
  <testcase name="basicDetails" time="154.712" classname="com.BMC_April23.tc.TC002_BMCBasicDetails"/>
  <testcase name="basicDetails" time="154.617" classname="com.BMC_April23.tc.TC002_BMCBasicDetails"/>
  <testcase name="basicDetails" time="154.201" classname="com.BMC_April23.tc.TC002_BMCBasicDetails"/>
  <testcase name="basicDetails" time="154.694" classname="com.BMC_April23.tc.TC002_BMCBasicDetails"/>
  <testcase name="basicDetails" time="155.373" classname="com.BMC_April23.tc.TC002_BMCBasicDetails"/>
  <testcase name="basicDetails" time="154.324" classname="com.BMC_April23.tc.TC002_BMCBasicDetails"/>
  <testcase name="basicDetails" time="155.063" classname="com.BMC_April23.tc.TC002_BMCBasicDetails"/>
  <testcase name="basicDetails" time="154.684" classname="com.BMC_April23.tc.TC002_BMCBasicDetails"/>
  <testcase name="basicDetails" time="154.717" classname="com.BMC_April23.tc.TC002_BMCBasicDetails"/>
  <testcase name="basicDetails" time="154.476" classname="com.BMC_April23.tc.TC002_BMCBasicDetails"/>
  <testcase name="basicDetails" time="154.725" classname="com.BMC_April23.tc.TC002_BMCBasicDetails"/>
  <testcase name="basicDetails" time="154.965" classname="com.BMC_April23.tc.TC002_BMCBasicDetails"/>
  <testcase name="basicDetails" time="155.139" classname="com.BMC_April23.tc.TC002_BMCBasicDetails"/>
  <testcase name="basicDetails" time="154.442" classname="com.BMC_April23.tc.TC002_BMCBasicDetails"/>
  <testcase name="basicDetails" time="153.727" classname="com.BMC_April23.tc.TC002_BMCBasicDetails"/>
  <testcase name="basicDetails" time="154.835" classname="com.BMC_April23.tc.TC002_BMCBasicDetails"/>
  <testcase name="basicDetails" time="154.179" classname="com.BMC_April23.tc.TC002_BMCBasicDetails"/>
  <testcase name="basicDetails" time="155.236" classname="com.BMC_April23.tc.TC002_BMCBasicDetails"/>
  <testcase name="basicDetails" time="155.349" classname="com.BMC_April23.tc.TC002_BMCBasicDetails"/>
  <testcase name="basicDetails" time="154.970" classname="com.BMC_April23.tc.TC002_BMCBasicDetails"/>
  <testcase name="basicDetails" time="154.257" classname="com.BMC_April23.tc.TC002_BMCBasicDetails"/>
  <testcase name="basicDetails" time="154.708" classname="com.BMC_April23.tc.TC002_BMCBasicDetails"/>
  <testcase name="basicDetails" time="154.637" classname="com.BMC_April23.tc.TC002_BMCBasicDetails"/>
  <testcase name="basicDetails" time="155.677" classname="com.BMC_April23.tc.TC002_BMCBasicDetails"/>
  <testcase name="basicDetails" time="155.321" classname="com.BMC_April23.tc.TC002_BMCBasicDetails"/>
  <testcase name="basicDetails" time="154.736" classname="com.BMC_April23.tc.TC002_BMCBasicDetails"/>
  <testcase name="basicDetails" time="154.378" classname="com.BMC_April23.tc.TC002_BMCBasicDetails"/>
  <testcase name="basicDetails" time="154.873" classname="com.BMC_April23.tc.TC002_BMCBasicDetails"/>
  <testcase name="basicDetails" time="154.832" classname="com.BMC_April23.tc.TC002_BMCBasicDetails"/>
  <testcase name="basicDetails" time="154.737" classname="com.BMC_April23.tc.TC002_BMCBasicDetails"/>
  <testcase name="basicDetails" time="154.507" classname="com.BMC_April23.tc.TC002_BMCBasicDetails"/>
  <testcase name="basicDetails" time="154.601" classname="com.BMC_April23.tc.TC002_BMCBasicDetails"/>
  <testcase name="basicDetails" time="154.296" classname="com.BMC_April23.tc.TC002_BMCBasicDetails"/>
  <testcase name="basicDetails" time="154.105" classname="com.BMC_April23.tc.TC002_BMCBasicDetails"/>
  <testcase name="basicDetails" time="154.798" classname="com.BMC_April23.tc.TC002_BMCBasicDetails"/>
  <testcase name="basicDetails" time="154.539" classname="com.BMC_April23.tc.TC002_BMCBasicDetails"/>
  <testcase name="basicDetails" time="154.281" classname="com.BMC_April23.tc.TC002_BMCBasicDetails"/>
  <testcase name="basicDetails" time="154.583" classname="com.BMC_April23.tc.TC002_BMCBasicDetails"/>
  <testcase name="basicDetails" time="154.547" classname="com.BMC_April23.tc.TC002_BMCBasicDetails"/>
  <testcase name="basicDetails" time="154.814" classname="com.BMC_April23.tc.TC002_BMCBasicDetails"/>
  <testcase name="basicDetails" time="154.856" classname="com.BMC_April23.tc.TC002_BMCBasicDetails"/>
  <testcase name="basicDetails" time="154.885" classname="com.BMC_April23.tc.TC002_BMCBasicDetails"/>
  <testcase name="basicDetails" time="154.487" classname="com.BMC_April23.tc.TC002_BMCBasicDetails"/>
  <testcase name="basicDetails" time="154.709" classname="com.BMC_April23.tc.TC002_BMCBasicDetails"/>
  <testcase name="basicDetails" time="154.545" classname="com.BMC_April23.tc.TC002_BMCBasicDetails"/>
  <testcase name="basicDetails" time="154.822" classname="com.BMC_April23.tc.TC002_BMCBasicDetails"/>
  <testcase name="basicDetails" time="155.657" classname="com.BMC_April23.tc.TC002_BMCBasicDetails"/>
  <testcase name="basicDetails" time="154.820" classname="com.BMC_April23.tc.TC002_BMCBasicDetails"/>
  <testcase name="basicDetails" time="154.218" classname="com.BMC_April23.tc.TC002_BMCBasicDetails"/>
  <testcase name="basicDetails" time="153.963" classname="com.BMC_April23.tc.TC002_BMCBasicDetails"/>
  <testcase name="basicDetails" time="154.909" classname="com.BMC_April23.tc.TC002_BMCBasicDetails"/>
  <testcase name="basicDetails" time="154.564" classname="com.BMC_April23.tc.TC002_BMCBasicDetails"/>
  <testcase name="basicDetails" time="154.878" classname="com.BMC_April23.tc.TC002_BMCBasicDetails"/>
  <testcase name="basicDetails" time="155.122" classname="com.BMC_April23.tc.TC002_BMCBasicDetails"/>
  <testcase name="basicDetails" time="154.318" classname="com.BMC_April23.tc.TC002_BMCBasicDetails"/>
  <testcase name="basicDetails" time="154.278" classname="com.BMC_April23.tc.TC002_BMCBasicDetails"/>
  <testcase name="basicDetails" time="155.099" classname="com.BMC_April23.tc.TC002_BMCBasicDetails"/>
  <testcase name="basicDetails" time="155.391" classname="com.BMC_April23.tc.TC002_BMCBasicDetails"/>
  <testcase name="basicDetails" time="154.585" classname="com.BMC_April23.tc.TC002_BMCBasicDetails"/>
  <testcase name="basicDetails" time="154.842" classname="com.BMC_April23.tc.TC002_BMCBasicDetails"/>
  <testcase name="basicDetails" time="155.356" classname="com.BMC_April23.tc.TC002_BMCBasicDetails"/>
  <testcase name="basicDetails" time="154.760" classname="com.BMC_April23.tc.TC002_BMCBasicDetails"/>
  <testcase name="basicDetails" time="154.932" classname="com.BMC_April23.tc.TC002_BMCBasicDetails"/>
  <testcase name="basicDetails" time="154.671" classname="com.BMC_April23.tc.TC002_BMCBasicDetails"/>
  <testcase name="basicDetails" time="154.506" classname="com.BMC_April23.tc.TC002_BMCBasicDetails"/>
  <testcase name="basicDetails" time="154.768" classname="com.BMC_April23.tc.TC002_BMCBasicDetails"/>
  <testcase name="basicDetails" time="155.479" classname="com.BMC_April23.tc.TC002_BMCBasicDetails"/>
  <testcase name="basicDetails" time="154.639" classname="com.BMC_April23.tc.TC002_BMCBasicDetails"/>
  <testcase name="basicDetails" time="154.621" classname="com.BMC_April23.tc.TC002_BMCBasicDetails"/>
  <testcase name="basicDetails" time="154.942" classname="com.BMC_April23.tc.TC002_BMCBasicDetails"/>
  <testcase name="basicDetails" time="155.642" classname="com.BMC_April23.tc.TC002_BMCBasicDetails"/>
  <testcase name="basicDetails" time="154.492" classname="com.BMC_April23.tc.TC002_BMCBasicDetails"/>
  <testcase name="basicDetails" time="155.150" classname="com.BMC_April23.tc.TC002_BMCBasicDetails"/>
  <testcase name="basicDetails" time="154.827" classname="com.BMC_April23.tc.TC002_BMCBasicDetails"/>
  <testcase name="basicDetails" time="154.665" classname="com.BMC_April23.tc.TC002_BMCBasicDetails"/>
  <testcase name="basicDetails" time="154.120" classname="com.BMC_April23.tc.TC002_BMCBasicDetails"/>
  <testcase name="basicDetails" time="154.907" classname="com.BMC_April23.tc.TC002_BMCBasicDetails"/>
  <testcase name="basicDetails" time="154.729" classname="com.BMC_April23.tc.TC002_BMCBasicDetails"/>
  <testcase name="basicDetails" time="154.776" classname="com.BMC_April23.tc.TC002_BMCBasicDetails"/>
  <testcase name="basicDetails" time="154.986" classname="com.BMC_April23.tc.TC002_BMCBasicDetails"/>
  <testcase name="basicDetails" time="155.212" classname="com.BMC_April23.tc.TC002_BMCBasicDetails"/>
  <testcase name="basicDetails" time="154.577" classname="com.BMC_April23.tc.TC002_BMCBasicDetails"/>
  <testcase name="basicDetails" time="155.033" classname="com.BMC_April23.tc.TC002_BMCBasicDetails"/>
  <testcase name="basicDetails" time="154.510" classname="com.BMC_April23.tc.TC002_BMCBasicDetails"/>
  <testcase name="basicDetails" time="154.977" classname="com.BMC_April23.tc.TC002_BMCBasicDetails"/>
  <testcase name="basicDetails" time="154.452" classname="com.BMC_April23.tc.TC002_BMCBasicDetails"/>
  <testcase name="basicDetails" time="155.192" classname="com.BMC_April23.tc.TC002_BMCBasicDetails"/>
  <testcase name="basicDetails" time="154.263" classname="com.BMC_April23.tc.TC002_BMCBasicDetails"/>
  <testcase name="basicDetails" time="154.292" classname="com.BMC_April23.tc.TC002_BMCBasicDetails"/>
  <testcase name="basicDetails" time="154.505" classname="com.BMC_April23.tc.TC002_BMCBasicDetails"/>
  <testcase name="basicDetails" time="154.875" classname="com.BMC_April23.tc.TC002_BMCBasicDetails"/>
  <testcase name="basicDetails" time="154.657" classname="com.BMC_April23.tc.TC002_BMCBasicDetails"/>
  <testcase name="basicDetails" time="154.199" classname="com.BMC_April23.tc.TC002_BMCBasicDetails"/>
  <testcase name="basicDetails" time="154.865" classname="com.BMC_April23.tc.TC002_BMCBasicDetails"/>
  <testcase name="basicDetails" time="155.497" classname="com.BMC_April23.tc.TC002_BMCBasicDetails"/>
  <testcase name="basicDetails" time="155.218" classname="com.BMC_April23.tc.TC002_BMCBasicDetails"/>
  <testcase name="basicDetails" time="154.562" classname="com.BMC_April23.tc.TC002_BMCBasicDetails"/>
  <testcase name="basicDetails" time="155.060" classname="com.BMC_April23.tc.TC002_BMCBasicDetails"/>
  <testcase name="basicDetails" time="154.603" classname="com.BMC_April23.tc.TC002_BMCBasicDetails"/>
  <testcase name="basicDetails" time="154.743" classname="com.BMC_April23.tc.TC002_BMCBasicDetails"/>
  <testcase name="basicDetails" time="154.510" classname="com.BMC_April23.tc.TC002_BMCBasicDetails"/>
  <testcase name="basicDetails" time="154.705" classname="com.BMC_April23.tc.TC002_BMCBasicDetails"/>
  <testcase name="basicDetails" time="154.520" classname="com.BMC_April23.tc.TC002_BMCBasicDetails"/>
  <testcase name="basicDetails" time="154.453" classname="com.BMC_April23.tc.TC002_BMCBasicDetails"/>
  <testcase name="basicDetails" time="154.470" classname="com.BMC_April23.tc.TC002_BMCBasicDetails"/>
  <testcase name="basicDetails" time="154.839" classname="com.BMC_April23.tc.TC002_BMCBasicDetails"/>
  <testcase name="basicDetails" time="154.616" classname="com.BMC_April23.tc.TC002_BMCBasicDetails"/>
  <testcase name="basicDetails" time="155.421" classname="com.BMC_April23.tc.TC002_BMCBasicDetails"/>
  <testcase name="basicDetails" time="154.764" classname="com.BMC_April23.tc.TC002_BMCBasicDetails"/>
  <testcase name="basicDetails" time="154.483" classname="com.BMC_April23.tc.TC002_BMCBasicDetails"/>
  <testcase name="basicDetails" time="154.189" classname="com.BMC_April23.tc.TC002_BMCBasicDetails"/>
</testsuite> <!-- com.BMC_April23.tc.TC002_BMCBasicDetails -->
