<?xml version="1.0" encoding="UTF-8"?>
<!-- Generated by org.testng.reporters.JUnitReportReporter -->
<testsuite skipped="0" hostname="MAA014482B" name="com.PNS.tc.TC004_PNBBasicDetails" tests="160" failures="0" timestamp="2023-06-15T00:12:04 IST" time="25300.684" errors="0">
  <testcase name="basicDetails" time="160.240" classname="com.PNS.tc.TC004_PNBBasicDetails"/>
  <testcase name="basicDetails" time="159.282" classname="com.PNS.tc.TC004_PNBBasicDetails"/>
  <testcase name="basicDetails" time="157.164" classname="com.PNS.tc.TC004_PNBBasicDetails"/>
  <testcase name="basicDetails" time="156.213" classname="com.PNS.tc.TC004_PNBBasicDetails"/>
  <testcase name="basicDetails" time="156.379" classname="com.PNS.tc.TC004_PNBBasicDetails"/>
  <testcase name="basicDetails" time="159.243" classname="com.PNS.tc.TC004_PNBBasicDetails"/>
  <testcase name="basicDetails" time="159.718" classname="com.PNS.tc.TC004_PNBBasicDetails"/>
  <testcase name="basicDetails" time="159.187" classname="com.PNS.tc.TC004_PNBBasicDetails"/>
  <testcase name="basicDetails" time="156.111" classname="com.PNS.tc.TC004_PNBBasicDetails"/>
  <testcase name="basicDetails" time="156.845" classname="com.PNS.tc.TC004_PNBBasicDetails"/>
  <testcase name="basicDetails" time="160.155" classname="com.PNS.tc.TC004_PNBBasicDetails"/>
  <testcase name="basicDetails" time="157.114" classname="com.PNS.tc.TC004_PNBBasicDetails"/>
  <testcase name="basicDetails" time="160.315" classname="com.PNS.tc.TC004_PNBBasicDetails"/>
  <testcase name="basicDetails" time="156.090" classname="com.PNS.tc.TC004_PNBBasicDetails"/>
  <testcase name="basicDetails" time="157.293" classname="com.PNS.tc.TC004_PNBBasicDetails"/>
  <testcase name="basicDetails" time="156.062" classname="com.PNS.tc.TC004_PNBBasicDetails"/>
  <testcase name="basicDetails" time="155.791" classname="com.PNS.tc.TC004_PNBBasicDetails"/>
  <testcase name="basicDetails" time="159.308" classname="com.PNS.tc.TC004_PNBBasicDetails"/>
  <testcase name="basicDetails" time="159.119" classname="com.PNS.tc.TC004_PNBBasicDetails"/>
  <testcase name="basicDetails" time="159.117" classname="com.PNS.tc.TC004_PNBBasicDetails"/>
  <testcase name="basicDetails" time="156.120" classname="com.PNS.tc.TC004_PNBBasicDetails"/>
  <testcase name="basicDetails" time="160.069" classname="com.PNS.tc.TC004_PNBBasicDetails"/>
  <testcase name="basicDetails" time="160.463" classname="com.PNS.tc.TC004_PNBBasicDetails"/>
  <testcase name="basicDetails" time="156.818" classname="com.PNS.tc.TC004_PNBBasicDetails"/>
  <testcase name="basicDetails" time="156.907" classname="com.PNS.tc.TC004_PNBBasicDetails"/>
  <testcase name="basicDetails" time="156.065" classname="com.PNS.tc.TC004_PNBBasicDetails"/>
  <testcase name="basicDetails" time="156.914" classname="com.PNS.tc.TC004_PNBBasicDetails"/>
  <testcase name="basicDetails" time="160.608" classname="com.PNS.tc.TC004_PNBBasicDetails"/>
  <testcase name="basicDetails" time="160.081" classname="com.PNS.tc.TC004_PNBBasicDetails"/>
  <testcase name="basicDetails" time="160.312" classname="com.PNS.tc.TC004_PNBBasicDetails"/>
  <testcase name="basicDetails" time="157.526" classname="com.PNS.tc.TC004_PNBBasicDetails"/>
  <testcase name="basicDetails" time="159.030" classname="com.PNS.tc.TC004_PNBBasicDetails"/>
  <testcase name="basicDetails" time="159.533" classname="com.PNS.tc.TC004_PNBBasicDetails"/>
  <testcase name="basicDetails" time="157.394" classname="com.PNS.tc.TC004_PNBBasicDetails"/>
  <testcase name="basicDetails" time="156.374" classname="com.PNS.tc.TC004_PNBBasicDetails"/>
  <testcase name="basicDetails" time="159.128" classname="com.PNS.tc.TC004_PNBBasicDetails"/>
  <testcase name="basicDetails" time="155.829" classname="com.PNS.tc.TC004_PNBBasicDetails"/>
  <testcase name="basicDetails" time="159.307" classname="com.PNS.tc.TC004_PNBBasicDetails"/>
  <testcase name="basicDetails" time="156.162" classname="com.PNS.tc.TC004_PNBBasicDetails"/>
  <testcase name="basicDetails" time="156.046" classname="com.PNS.tc.TC004_PNBBasicDetails"/>
  <testcase name="basicDetails" time="160.490" classname="com.PNS.tc.TC004_PNBBasicDetails"/>
  <testcase name="basicDetails" time="160.343" classname="com.PNS.tc.TC004_PNBBasicDetails"/>
  <testcase name="basicDetails" time="159.403" classname="com.PNS.tc.TC004_PNBBasicDetails"/>
  <testcase name="basicDetails" time="157.089" classname="com.PNS.tc.TC004_PNBBasicDetails"/>
  <testcase name="basicDetails" time="160.188" classname="com.PNS.tc.TC004_PNBBasicDetails"/>
  <testcase name="basicDetails" time="160.113" classname="com.PNS.tc.TC004_PNBBasicDetails"/>
  <testcase name="basicDetails" time="156.222" classname="com.PNS.tc.TC004_PNBBasicDetails"/>
  <testcase name="basicDetails" time="159.276" classname="com.PNS.tc.TC004_PNBBasicDetails"/>
  <testcase name="basicDetails" time="158.959" classname="com.PNS.tc.TC004_PNBBasicDetails"/>
  <testcase name="basicDetails" time="156.716" classname="com.PNS.tc.TC004_PNBBasicDetails"/>
  <testcase name="basicDetails" time="159.075" classname="com.PNS.tc.TC004_PNBBasicDetails"/>
  <testcase name="basicDetails" time="157.612" classname="com.PNS.tc.TC004_PNBBasicDetails"/>
  <testcase name="basicDetails" time="156.441" classname="com.PNS.tc.TC004_PNBBasicDetails"/>
  <testcase name="basicDetails" time="159.447" classname="com.PNS.tc.TC004_PNBBasicDetails"/>
  <testcase name="basicDetails" time="159.218" classname="com.PNS.tc.TC004_PNBBasicDetails"/>
  <testcase name="basicDetails" time="160.076" classname="com.PNS.tc.TC004_PNBBasicDetails"/>
  <testcase name="basicDetails" time="160.376" classname="com.PNS.tc.TC004_PNBBasicDetails"/>
  <testcase name="basicDetails" time="159.234" classname="com.PNS.tc.TC004_PNBBasicDetails"/>
  <testcase name="basicDetails" time="159.197" classname="com.PNS.tc.TC004_PNBBasicDetails"/>
  <testcase name="basicDetails" time="156.086" classname="com.PNS.tc.TC004_PNBBasicDetails"/>
  <testcase name="basicDetails" time="157.420" classname="com.PNS.tc.TC004_PNBBasicDetails"/>
  <testcase name="basicDetails" time="160.033" classname="com.PNS.tc.TC004_PNBBasicDetails"/>
  <testcase name="basicDetails" time="156.264" classname="com.PNS.tc.TC004_PNBBasicDetails"/>
  <testcase name="basicDetails" time="159.597" classname="com.PNS.tc.TC004_PNBBasicDetails"/>
  <testcase name="basicDetails" time="160.213" classname="com.PNS.tc.TC004_PNBBasicDetails"/>
  <testcase name="basicDetails" time="159.639" classname="com.PNS.tc.TC004_PNBBasicDetails"/>
  <testcase name="basicDetails" time="160.610" classname="com.PNS.tc.TC004_PNBBasicDetails"/>
  <testcase name="basicDetails" time="160.134" classname="com.PNS.tc.TC004_PNBBasicDetails"/>
  <testcase name="basicDetails" time="159.421" classname="com.PNS.tc.TC004_PNBBasicDetails"/>
  <testcase name="basicDetails" time="157.180" classname="com.PNS.tc.TC004_PNBBasicDetails"/>
  <testcase name="basicDetails" time="159.259" classname="com.PNS.tc.TC004_PNBBasicDetails"/>
  <testcase name="basicDetails" time="156.150" classname="com.PNS.tc.TC004_PNBBasicDetails"/>
  <testcase name="basicDetails" time="159.337" classname="com.PNS.tc.TC004_PNBBasicDetails"/>
  <testcase name="basicDetails" time="156.134" classname="com.PNS.tc.TC004_PNBBasicDetails"/>
  <testcase name="basicDetails" time="157.265" classname="com.PNS.tc.TC004_PNBBasicDetails"/>
  <testcase name="basicDetails" time="156.138" classname="com.PNS.tc.TC004_PNBBasicDetails"/>
  <testcase name="basicDetails" time="160.557" classname="com.PNS.tc.TC004_PNBBasicDetails"/>
  <testcase name="basicDetails" time="155.792" classname="com.PNS.tc.TC004_PNBBasicDetails"/>
  <testcase name="basicDetails" time="160.137" classname="com.PNS.tc.TC004_PNBBasicDetails"/>
  <testcase name="basicDetails" time="159.211" classname="com.PNS.tc.TC004_PNBBasicDetails"/>
  <testcase name="basicDetails" time="156.102" classname="com.PNS.tc.TC004_PNBBasicDetails"/>
  <testcase name="basicDetails" time="157.241" classname="com.PNS.tc.TC004_PNBBasicDetails"/>
  <testcase name="basicDetails" time="156.361" classname="com.PNS.tc.TC004_PNBBasicDetails"/>
  <testcase name="basicDetails" time="156.047" classname="com.PNS.tc.TC004_PNBBasicDetails"/>
  <testcase name="basicDetails" time="159.244" classname="com.PNS.tc.TC004_PNBBasicDetails"/>
  <testcase name="basicDetails" time="156.395" classname="com.PNS.tc.TC004_PNBBasicDetails"/>
  <testcase name="basicDetails" time="159.049" classname="com.PNS.tc.TC004_PNBBasicDetails"/>
  <testcase name="basicDetails" time="157.266" classname="com.PNS.tc.TC004_PNBBasicDetails"/>
  <testcase name="basicDetails" time="156.119" classname="com.PNS.tc.TC004_PNBBasicDetails"/>
  <testcase name="basicDetails" time="156.033" classname="com.PNS.tc.TC004_PNBBasicDetails"/>
  <testcase name="basicDetails" time="156.208" classname="com.PNS.tc.TC004_PNBBasicDetails"/>
  <testcase name="basicDetails" time="155.838" classname="com.PNS.tc.TC004_PNBBasicDetails"/>
  <testcase name="basicDetails" time="156.354" classname="com.PNS.tc.TC004_PNBBasicDetails"/>
  <testcase name="basicDetails" time="156.508" classname="com.PNS.tc.TC004_PNBBasicDetails"/>
  <testcase name="basicDetails" time="156.798" classname="com.PNS.tc.TC004_PNBBasicDetails"/>
  <testcase name="basicDetails" time="156.366" classname="com.PNS.tc.TC004_PNBBasicDetails"/>
  <testcase name="basicDetails" time="159.071" classname="com.PNS.tc.TC004_PNBBasicDetails"/>
  <testcase name="basicDetails" time="156.042" classname="com.PNS.tc.TC004_PNBBasicDetails"/>
  <testcase name="basicDetails" time="155.896" classname="com.PNS.tc.TC004_PNBBasicDetails"/>
  <testcase name="basicDetails" time="157.258" classname="com.PNS.tc.TC004_PNBBasicDetails"/>
  <testcase name="basicDetails" time="156.897" classname="com.PNS.tc.TC004_PNBBasicDetails"/>
  <testcase name="basicDetails" time="156.281" classname="com.PNS.tc.TC004_PNBBasicDetails"/>
  <testcase name="basicDetails" time="159.398" classname="com.PNS.tc.TC004_PNBBasicDetails"/>
  <testcase name="basicDetails" time="159.295" classname="com.PNS.tc.TC004_PNBBasicDetails"/>
  <testcase name="basicDetails" time="159.489" classname="com.PNS.tc.TC004_PNBBasicDetails"/>
  <testcase name="basicDetails" time="160.918" classname="com.PNS.tc.TC004_PNBBasicDetails"/>
  <testcase name="basicDetails" time="160.624" classname="com.PNS.tc.TC004_PNBBasicDetails"/>
  <testcase name="basicDetails" time="156.033" classname="com.PNS.tc.TC004_PNBBasicDetails"/>
  <testcase name="basicDetails" time="160.709" classname="com.PNS.tc.TC004_PNBBasicDetails"/>
  <testcase name="basicDetails" time="160.345" classname="com.PNS.tc.TC004_PNBBasicDetails"/>
  <testcase name="basicDetails" time="156.346" classname="com.PNS.tc.TC004_PNBBasicDetails"/>
  <testcase name="basicDetails" time="157.034" classname="com.PNS.tc.TC004_PNBBasicDetails"/>
  <testcase name="basicDetails" time="159.255" classname="com.PNS.tc.TC004_PNBBasicDetails"/>
  <testcase name="basicDetails" time="155.972" classname="com.PNS.tc.TC004_PNBBasicDetails"/>
  <testcase name="basicDetails" time="162.873" classname="com.PNS.tc.TC004_PNBBasicDetails"/>
  <testcase name="basicDetails" time="159.359" classname="com.PNS.tc.TC004_PNBBasicDetails"/>
  <testcase name="basicDetails" time="156.155" classname="com.PNS.tc.TC004_PNBBasicDetails"/>
  <testcase name="basicDetails" time="159.178" classname="com.PNS.tc.TC004_PNBBasicDetails"/>
  <testcase name="basicDetails" time="156.335" classname="com.PNS.tc.TC004_PNBBasicDetails"/>
  <testcase name="basicDetails" time="157.353" classname="com.PNS.tc.TC004_PNBBasicDetails"/>
  <testcase name="basicDetails" time="159.709" classname="com.PNS.tc.TC004_PNBBasicDetails"/>
  <testcase name="basicDetails" time="159.575" classname="com.PNS.tc.TC004_PNBBasicDetails"/>
  <testcase name="basicDetails" time="159.259" classname="com.PNS.tc.TC004_PNBBasicDetails"/>
  <testcase name="basicDetails" time="155.830" classname="com.PNS.tc.TC004_PNBBasicDetails"/>
  <testcase name="basicDetails" time="156.157" classname="com.PNS.tc.TC004_PNBBasicDetails"/>
  <testcase name="basicDetails" time="159.323" classname="com.PNS.tc.TC004_PNBBasicDetails"/>
  <testcase name="basicDetails" time="159.614" classname="com.PNS.tc.TC004_PNBBasicDetails"/>
  <testcase name="basicDetails" time="155.943" classname="com.PNS.tc.TC004_PNBBasicDetails"/>
  <testcase name="basicDetails" time="160.163" classname="com.PNS.tc.TC004_PNBBasicDetails"/>
  <testcase name="basicDetails" time="159.607" classname="com.PNS.tc.TC004_PNBBasicDetails"/>
  <testcase name="basicDetails" time="159.562" classname="com.PNS.tc.TC004_PNBBasicDetails"/>
  <testcase name="basicDetails" time="157.450" classname="com.PNS.tc.TC004_PNBBasicDetails"/>
  <testcase name="basicDetails" time="157.445" classname="com.PNS.tc.TC004_PNBBasicDetails"/>
  <testcase name="basicDetails" time="159.551" classname="com.PNS.tc.TC004_PNBBasicDetails"/>
  <testcase name="basicDetails" time="159.597" classname="com.PNS.tc.TC004_PNBBasicDetails"/>
  <testcase name="basicDetails" time="159.420" classname="com.PNS.tc.TC004_PNBBasicDetails"/>
  <testcase name="basicDetails" time="159.642" classname="com.PNS.tc.TC004_PNBBasicDetails"/>
  <testcase name="basicDetails" time="160.602" classname="com.PNS.tc.TC004_PNBBasicDetails"/>
  <testcase name="basicDetails" time="159.434" classname="com.PNS.tc.TC004_PNBBasicDetails"/>
  <testcase name="basicDetails" time="159.210" classname="com.PNS.tc.TC004_PNBBasicDetails"/>
  <testcase name="basicDetails" time="159.022" classname="com.PNS.tc.TC004_PNBBasicDetails"/>
  <testcase name="basicDetails" time="159.128" classname="com.PNS.tc.TC004_PNBBasicDetails"/>
  <testcase name="basicDetails" time="156.464" classname="com.PNS.tc.TC004_PNBBasicDetails"/>
  <testcase name="basicDetails" time="159.409" classname="com.PNS.tc.TC004_PNBBasicDetails"/>
  <testcase name="basicDetails" time="155.937" classname="com.PNS.tc.TC004_PNBBasicDetails"/>
  <testcase name="basicDetails" time="157.403" classname="com.PNS.tc.TC004_PNBBasicDetails"/>
  <testcase name="basicDetails" time="156.914" classname="com.PNS.tc.TC004_PNBBasicDetails"/>
  <testcase name="basicDetails" time="160.128" classname="com.PNS.tc.TC004_PNBBasicDetails"/>
  <testcase name="basicDetails" time="157.032" classname="com.PNS.tc.TC004_PNBBasicDetails"/>
  <testcase name="basicDetails" time="156.012" classname="com.PNS.tc.TC004_PNBBasicDetails"/>
  <testcase name="basicDetails" time="155.977" classname="com.PNS.tc.TC004_PNBBasicDetails"/>
  <testcase name="basicDetails" time="157.656" classname="com.PNS.tc.TC004_PNBBasicDetails"/>
  <testcase name="basicDetails" time="159.089" classname="com.PNS.tc.TC004_PNBBasicDetails"/>
  <testcase name="basicDetails" time="159.583" classname="com.PNS.tc.TC004_PNBBasicDetails"/>
  <testcase name="basicDetails" time="156.246" classname="com.PNS.tc.TC004_PNBBasicDetails"/>
  <testcase name="basicDetails" time="155.754" classname="com.PNS.tc.TC004_PNBBasicDetails"/>
  <testcase name="basicDetails" time="159.435" classname="com.PNS.tc.TC004_PNBBasicDetails"/>
  <testcase name="basicDetails" time="156.493" classname="com.PNS.tc.TC004_PNBBasicDetails"/>
  <testcase name="basicDetails" time="155.980" classname="com.PNS.tc.TC004_PNBBasicDetails"/>
  <testcase name="basicDetails" time="156.397" classname="com.PNS.tc.TC004_PNBBasicDetails"/>
</testsuite> <!-- com.PNS.tc.TC004_PNBBasicDetails -->
