<?xml version="1.0" encoding="UTF-8"?>
<!-- Generated by org.testng.reporters.JUnitReportReporter -->
<testsuite hostname="MAA011253A" failures="0" tests="10" name="com.rbisecurity.tc.TC004_RBIBasicDetails" time="1234.047" errors="0" timestamp="2021-01-11T10:49:51 IST" skipped="0">
  <testcase classname="com.rbisecurity.tc.TC004_RBIBasicDetails" name="basicDetails" time="121.064"/>
  <testcase classname="com.rbisecurity.tc.TC004_RBIBasicDetails" name="basicDetails" time="121.235"/>
  <testcase classname="com.rbisecurity.tc.TC004_RBIBasicDetails" name="basicDetails" time="122.646"/>
  <testcase classname="com.rbisecurity.tc.TC004_RBIBasicDetails" name="basicDetails" time="123.608"/>
  <testcase classname="com.rbisecurity.tc.TC004_RBIBasicDetails" name="basicDetails" time="123.411"/>
  <testcase classname="com.rbisecurity.tc.TC004_RBIBasicDetails" name="basicDetails" time="130.347"/>
  <testcase classname="com.rbisecurity.tc.TC004_RBIBasicDetails" name="basicDetails" time="123.279"/>
  <testcase classname="com.rbisecurity.tc.TC004_RBIBasicDetails" name="basicDetails" time="122.345"/>
  <testcase classname="com.rbisecurity.tc.TC004_RBIBasicDetails" name="basicDetails" time="123.100"/>
  <testcase classname="com.rbisecurity.tc.TC004_RBIBasicDetails" name="basicDetails" time="123.012"/>
</testsuite> <!-- com.rbisecurity.tc.TC004_RBIBasicDetails -->
