<?xml version="1.0" encoding="UTF-8"?>
<!-- Generated by org.testng.reporters.JUnitReportReporter -->
<testsuite hostname="MAA011253A" failures="0" tests="10" name="com.rbisecurity.tc.TC002_RBIBasicDetails" time="1233.909" errors="0" timestamp="2021-01-11T10:49:51 IST" skipped="0">
  <testcase classname="com.rbisecurity.tc.TC002_RBIBasicDetails" name="basicDetails" time="123.468"/>
  <testcase classname="com.rbisecurity.tc.TC002_RBIBasicDetails" name="basicDetails" time="122.744"/>
  <testcase classname="com.rbisecurity.tc.TC002_RBIBasicDetails" name="basicDetails" time="122.678"/>
  <testcase classname="com.rbisecurity.tc.TC002_RBIBasicDetails" name="basicDetails" time="120.978"/>
  <testcase classname="com.rbisecurity.tc.TC002_RBIBasicDetails" name="basicDetails" time="130.765"/>
  <testcase classname="com.rbisecurity.tc.TC002_RBIBasicDetails" name="basicDetails" time="122.378"/>
  <testcase classname="com.rbisecurity.tc.TC002_RBIBasicDetails" name="basicDetails" time="123.692"/>
  <testcase classname="com.rbisecurity.tc.TC002_RBIBasicDetails" name="basicDetails" time="121.115"/>
  <testcase classname="com.rbisecurity.tc.TC002_RBIBasicDetails" name="basicDetails" time="122.972"/>
  <testcase classname="com.rbisecurity.tc.TC002_RBIBasicDetails" name="basicDetails" time="123.119"/>
</testsuite> <!-- com.rbisecurity.tc.TC002_RBIBasicDetails -->
