<?xml version="1.0" encoding="UTF-8"?>
<!-- Generated by org.testng.reporters.JUnitReportReporter -->
<testsuite hostname="MAA011253A" failures="0" tests="48" name="com.CRP.tc.TC004_CRPBasicDetails" time="5702.057" errors="0" timestamp="2021-09-06T17:14:36 IST" skipped="0">
  <testcase classname="com.CRP.tc.TC004_CRPBasicDetails" name="basicDetails" time="120.646"/>
  <testcase classname="com.CRP.tc.TC004_CRPBasicDetails" name="basicDetails" time="117.419"/>
  <testcase classname="com.CRP.tc.TC004_CRPBasicDetails" name="basicDetails" time="119.443"/>
  <testcase classname="com.CRP.tc.TC004_CRPBasicDetails" name="basicDetails" time="118.223"/>
  <testcase classname="com.CRP.tc.TC004_CRPBasicDetails" name="basicDetails" time="118.750"/>
  <testcase classname="com.CRP.tc.TC004_CRPBasicDetails" name="basicDetails" time="118.330"/>
  <testcase classname="com.CRP.tc.TC004_CRPBasicDetails" name="basicDetails" time="119.900"/>
  <testcase classname="com.CRP.tc.TC004_CRPBasicDetails" name="basicDetails" time="118.208"/>
  <testcase classname="com.CRP.tc.TC004_CRPBasicDetails" name="basicDetails" time="119.846"/>
  <testcase classname="com.CRP.tc.TC004_CRPBasicDetails" name="basicDetails" time="118.478"/>
  <testcase classname="com.CRP.tc.TC004_CRPBasicDetails" name="basicDetails" time="119.393"/>
  <testcase classname="com.CRP.tc.TC004_CRPBasicDetails" name="basicDetails" time="120.833"/>
  <testcase classname="com.CRP.tc.TC004_CRPBasicDetails" name="basicDetails" time="119.175"/>
  <testcase classname="com.CRP.tc.TC004_CRPBasicDetails" name="basicDetails" time="118.251"/>
  <testcase classname="com.CRP.tc.TC004_CRPBasicDetails" name="basicDetails" time="118.868"/>
  <testcase classname="com.CRP.tc.TC004_CRPBasicDetails" name="basicDetails" time="116.964"/>
  <testcase classname="com.CRP.tc.TC004_CRPBasicDetails" name="basicDetails" time="118.995"/>
  <testcase classname="com.CRP.tc.TC004_CRPBasicDetails" name="basicDetails" time="117.761"/>
  <testcase classname="com.CRP.tc.TC004_CRPBasicDetails" name="basicDetails" time="118.807"/>
  <testcase classname="com.CRP.tc.TC004_CRPBasicDetails" name="basicDetails" time="119.298"/>
  <testcase classname="com.CRP.tc.TC004_CRPBasicDetails" name="basicDetails" time="117.809"/>
  <testcase classname="com.CRP.tc.TC004_CRPBasicDetails" name="basicDetails" time="118.102"/>
  <testcase classname="com.CRP.tc.TC004_CRPBasicDetails" name="basicDetails" time="119.816"/>
  <testcase classname="com.CRP.tc.TC004_CRPBasicDetails" name="basicDetails" time="120.762"/>
  <testcase classname="com.CRP.tc.TC004_CRPBasicDetails" name="basicDetails" time="118.063"/>
  <testcase classname="com.CRP.tc.TC004_CRPBasicDetails" name="basicDetails" time="117.893"/>
  <testcase classname="com.CRP.tc.TC004_CRPBasicDetails" name="basicDetails" time="119.007"/>
  <testcase classname="com.CRP.tc.TC004_CRPBasicDetails" name="basicDetails" time="119.070"/>
  <testcase classname="com.CRP.tc.TC004_CRPBasicDetails" name="basicDetails" time="118.002"/>
  <testcase classname="com.CRP.tc.TC004_CRPBasicDetails" name="basicDetails" time="119.910"/>
  <testcase classname="com.CRP.tc.TC004_CRPBasicDetails" name="basicDetails" time="118.284"/>
  <testcase classname="com.CRP.tc.TC004_CRPBasicDetails" name="basicDetails" time="117.897"/>
  <testcase classname="com.CRP.tc.TC004_CRPBasicDetails" name="basicDetails" time="118.182"/>
  <testcase classname="com.CRP.tc.TC004_CRPBasicDetails" name="basicDetails" time="117.855"/>
  <testcase classname="com.CRP.tc.TC004_CRPBasicDetails" name="basicDetails" time="118.221"/>
  <testcase classname="com.CRP.tc.TC004_CRPBasicDetails" name="basicDetails" time="119.009"/>
  <testcase classname="com.CRP.tc.TC004_CRPBasicDetails" name="basicDetails" time="118.525"/>
  <testcase classname="com.CRP.tc.TC004_CRPBasicDetails" name="basicDetails" time="119.786"/>
  <testcase classname="com.CRP.tc.TC004_CRPBasicDetails" name="basicDetails" time="119.232"/>
  <testcase classname="com.CRP.tc.TC004_CRPBasicDetails" name="basicDetails" time="119.390"/>
  <testcase classname="com.CRP.tc.TC004_CRPBasicDetails" name="basicDetails" time="118.063"/>
  <testcase classname="com.CRP.tc.TC004_CRPBasicDetails" name="basicDetails" time="117.683"/>
  <testcase classname="com.CRP.tc.TC004_CRPBasicDetails" name="basicDetails" time="120.097"/>
  <testcase classname="com.CRP.tc.TC004_CRPBasicDetails" name="basicDetails" time="119.247"/>
  <testcase classname="com.CRP.tc.TC004_CRPBasicDetails" name="basicDetails" time="118.581"/>
  <testcase classname="com.CRP.tc.TC004_CRPBasicDetails" name="basicDetails" time="118.027"/>
  <testcase classname="com.CRP.tc.TC004_CRPBasicDetails" name="basicDetails" time="117.922"/>
  <testcase classname="com.CRP.tc.TC004_CRPBasicDetails" name="basicDetails" time="120.034"/>
</testsuite> <!-- com.CRP.tc.TC004_CRPBasicDetails -->
