<?xml version="1.0" encoding="UTF-8"?>
<!-- Generated by org.testng.reporters.JUnitReportReporter -->
<testsuite skipped="0" hostname="MAA014482B" name="com.BOKARO.tc.TC005_BSPBasicDetails" tests="100" failures="0" timestamp="2023-03-22T01:51:27 IST" time="16205.473" errors="1">
  <testcase name="basicDetails" time="161.951" classname="com.BOKARO.tc.TC005_BSPBasicDetails"/>
  <testcase name="basicDetails" time="162.343" classname="com.BOKARO.tc.TC005_BSPBasicDetails"/>
  <testcase name="basicDetails" time="162.732" classname="com.BOKARO.tc.TC005_BSPBasicDetails"/>
  <testcase name="basicDetails" time="164.988" classname="com.BOKARO.tc.TC005_BSPBasicDetails"/>
  <testcase name="basicDetails" time="160.887" classname="com.BOKARO.tc.TC005_BSPBasicDetails"/>
  <testcase name="basicDetails" time="161.175" classname="com.BOKARO.tc.TC005_BSPBasicDetails"/>
  <testcase name="basicDetails" time="160.173" classname="com.BOKARO.tc.TC005_BSPBasicDetails"/>
  <testcase name="basicDetails" time="162.515" classname="com.BOKARO.tc.TC005_BSPBasicDetails"/>
  <testcase name="basicDetails" time="162.227" classname="com.BOKARO.tc.TC005_BSPBasicDetails"/>
  <testcase name="basicDetails" time="162.470" classname="com.BOKARO.tc.TC005_BSPBasicDetails"/>
  <testcase name="basicDetails" time="162.454" classname="com.BOKARO.tc.TC005_BSPBasicDetails"/>
  <testcase name="basicDetails" time="162.722" classname="com.BOKARO.tc.TC005_BSPBasicDetails"/>
  <testcase name="basicDetails" time="162.361" classname="com.BOKARO.tc.TC005_BSPBasicDetails"/>
  <testcase name="basicDetails" time="162.365" classname="com.BOKARO.tc.TC005_BSPBasicDetails"/>
  <testcase name="basicDetails" time="162.370" classname="com.BOKARO.tc.TC005_BSPBasicDetails"/>
  <testcase name="basicDetails" time="163.154" classname="com.BOKARO.tc.TC005_BSPBasicDetails"/>
  <testcase name="basicDetails" time="161.253" classname="com.BOKARO.tc.TC005_BSPBasicDetails"/>
  <testcase name="basicDetails" time="161.901" classname="com.BOKARO.tc.TC005_BSPBasicDetails"/>
  <testcase name="basicDetails" time="161.995" classname="com.BOKARO.tc.TC005_BSPBasicDetails"/>
  <testcase name="basicDetails" time="162.629" classname="com.BOKARO.tc.TC005_BSPBasicDetails"/>
  <testcase name="basicDetails" time="163.022" classname="com.BOKARO.tc.TC005_BSPBasicDetails"/>
  <testcase name="basicDetails" time="162.158" classname="com.BOKARO.tc.TC005_BSPBasicDetails"/>
  <testcase name="basicDetails" time="159.516" classname="com.BOKARO.tc.TC005_BSPBasicDetails"/>
  <testcase name="basicDetails" time="162.140" classname="com.BOKARO.tc.TC005_BSPBasicDetails"/>
  <testcase name="basicDetails" time="162.536" classname="com.BOKARO.tc.TC005_BSPBasicDetails"/>
  <testcase name="basicDetails" time="162.167" classname="com.BOKARO.tc.TC005_BSPBasicDetails"/>
  <testcase name="basicDetails" time="162.864" classname="com.BOKARO.tc.TC005_BSPBasicDetails"/>
  <testcase name="basicDetails" time="161.866" classname="com.BOKARO.tc.TC005_BSPBasicDetails"/>
  <testcase name="basicDetails" time="162.232" classname="com.BOKARO.tc.TC005_BSPBasicDetails"/>
  <testcase name="basicDetails" time="162.704" classname="com.BOKARO.tc.TC005_BSPBasicDetails"/>
  <testcase name="basicDetails" time="161.246" classname="com.BOKARO.tc.TC005_BSPBasicDetails"/>
  <testcase name="basicDetails" time="163.126" classname="com.BOKARO.tc.TC005_BSPBasicDetails"/>
  <testcase name="basicDetails" time="161.155" classname="com.BOKARO.tc.TC005_BSPBasicDetails"/>
  <testcase name="basicDetails" time="162.379" classname="com.BOKARO.tc.TC005_BSPBasicDetails"/>
  <testcase name="basicDetails" time="162.287" classname="com.BOKARO.tc.TC005_BSPBasicDetails"/>
  <testcase name="basicDetails" time="164.958" classname="com.BOKARO.tc.TC005_BSPBasicDetails"/>
  <testcase name="basicDetails" time="162.675" classname="com.BOKARO.tc.TC005_BSPBasicDetails"/>
  <testcase name="basicDetails" time="162.391" classname="com.BOKARO.tc.TC005_BSPBasicDetails"/>
  <testcase name="basicDetails" time="158.560" classname="com.BOKARO.tc.TC005_BSPBasicDetails"/>
  <testcase name="basicDetails" time="162.120" classname="com.BOKARO.tc.TC005_BSPBasicDetails"/>
  <testcase name="basicDetails" time="164.553" classname="com.BOKARO.tc.TC005_BSPBasicDetails"/>
  <testcase name="basicDetails" time="162.328" classname="com.BOKARO.tc.TC005_BSPBasicDetails"/>
  <testcase name="basicDetails" time="163.161" classname="com.BOKARO.tc.TC005_BSPBasicDetails"/>
  <testcase name="basicDetails" time="162.353" classname="com.BOKARO.tc.TC005_BSPBasicDetails"/>
  <testcase name="basicDetails" time="162.734" classname="com.BOKARO.tc.TC005_BSPBasicDetails"/>
  <testcase name="basicDetails" time="162.321" classname="com.BOKARO.tc.TC005_BSPBasicDetails"/>
  <testcase name="basicDetails" time="162.168" classname="com.BOKARO.tc.TC005_BSPBasicDetails"/>
  <testcase name="basicDetails" time="162.229" classname="com.BOKARO.tc.TC005_BSPBasicDetails"/>
  <testcase name="basicDetails" time="162.202" classname="com.BOKARO.tc.TC005_BSPBasicDetails"/>
  <testcase name="basicDetails" time="162.295" classname="com.BOKARO.tc.TC005_BSPBasicDetails"/>
  <testcase name="basicDetails" time="163.162" classname="com.BOKARO.tc.TC005_BSPBasicDetails"/>
  <testcase name="basicDetails" time="165.006" classname="com.BOKARO.tc.TC005_BSPBasicDetails"/>
  <testcase name="basicDetails" time="163.459" classname="com.BOKARO.tc.TC005_BSPBasicDetails"/>
  <testcase name="basicDetails" time="162.848" classname="com.BOKARO.tc.TC005_BSPBasicDetails"/>
  <testcase name="basicDetails" time="161.231" classname="com.BOKARO.tc.TC005_BSPBasicDetails"/>
  <testcase name="basicDetails" time="160.161" classname="com.BOKARO.tc.TC005_BSPBasicDetails"/>
  <testcase name="basicDetails" time="162.401" classname="com.BOKARO.tc.TC005_BSPBasicDetails"/>
  <testcase name="basicDetails" time="162.656" classname="com.BOKARO.tc.TC005_BSPBasicDetails"/>
  <testcase name="basicDetails" time="159.317" classname="com.BOKARO.tc.TC005_BSPBasicDetails"/>
  <testcase name="basicDetails" time="143.454" classname="com.BOKARO.tc.TC005_BSPBasicDetails">
    <error type="org.openqa.selenium.UnhandledAlertException" message="unexpected alert open: {Alert text : Date Of Birth should be between 08/04/1972 to 07/04/2005}
  (Session info: chrome=110.0.5481.178): Date Of Birth should be between 08/04/1972 to 07/04/2005
Build info: version: &#039;3.141.0&#039;, revision: &#039;2ecb7d9a&#039;, time: &#039;2018-10-31T20:09:30&#039;
System info: host: &#039;MAA014482B&#039;, ip: &#039;124.7.228.19&#039;, os.name: &#039;Windows 10&#039;, os.arch: &#039;amd64&#039;, os.version: &#039;10.0&#039;, java.version: &#039;1.8.0_131&#039;
Driver info: org.openqa.selenium.chrome.ChromeDriver
Capabilities {acceptInsecureCerts: false, browserName: chrome, browserVersion: 110.0.5481.178, chrome: {chromedriverVersion: 110.0.5481.77 (65ed616c6e8e..., userDataDir: C:\Users\016386\AppData\Loc...}, goog:chromeOptions: {debuggerAddress: localhost:60185}, javascriptEnabled: true, networkConnectionEnabled: false, pageLoadStrategy: normal, platform: WINDOWS, platformName: WINDOWS, proxy: Proxy(), setWindowRect: true, strictFileInteractability: false, timeouts: {implicit: 0, pageLoad: 300000, script: 30000}, unhandledPromptBehavior: dismiss and notify, webauthn:extension:credBlob: true, webauthn:extension:largeBlob: true, webauthn:virtualAuthenticators: true}
Session ID: 85311983a2f050b101f62f8468aa926b
*** Element info: {Using=id, value=txtage}">
      <![CDATA[org.openqa.selenium.UnhandledAlertException: unexpected alert open: {Alert text : Date Of Birth should be between 08/04/1972 to 07/04/2005}
  (Session info: chrome=110.0.5481.178): Date Of Birth should be between 08/04/1972 to 07/04/2005
Build info: version: '3.141.0', revision: '2ecb7d9a', time: '2018-10-31T20:09:30'
System info: host: 'MAA014482B', ip: '124.7.228.19', os.name: 'Windows 10', os.arch: 'amd64', os.version: '10.0', java.version: '1.8.0_131'
Driver info: org.openqa.selenium.chrome.ChromeDriver
Capabilities {acceptInsecureCerts: false, browserName: chrome, browserVersion: 110.0.5481.178, chrome: {chromedriverVersion: 110.0.5481.77 (65ed616c6e8e..., userDataDir: C:\Users\016386\AppData\Loc...}, goog:chromeOptions: {debuggerAddress: localhost:60185}, javascriptEnabled: true, networkConnectionEnabled: false, pageLoadStrategy: normal, platform: WINDOWS, platformName: WINDOWS, proxy: Proxy(), setWindowRect: true, strictFileInteractability: false, timeouts: {implicit: 0, pageLoad: 300000, script: 30000}, unhandledPromptBehavior: dismiss and notify, webauthn:extension:credBlob: true, webauthn:extension:largeBlob: true, webauthn:virtualAuthenticators: true}
Session ID: 85311983a2f050b101f62f8468aa926b
*** Element info: {Using=id, value=txtage}
at org.openqa.selenium.remote.http.W3CHttpResponseCodec.decode(W3CHttpResponseCodec.java:120)
at org.openqa.selenium.remote.http.W3CHttpResponseCodec.decode(W3CHttpResponseCodec.java:49)
at org.openqa.selenium.remote.HttpCommandExecutor.execute(HttpCommandExecutor.java:158)
at org.openqa.selenium.remote.service.DriverCommandExecutor.execute(DriverCommandExecutor.java:83)
at org.openqa.selenium.remote.RemoteWebDriver.execute(RemoteWebDriver.java:552)
at org.openqa.selenium.remote.RemoteWebDriver.findElement(RemoteWebDriver.java:323)
at org.openqa.selenium.remote.RemoteWebDriver.findElementById(RemoteWebDriver.java:372)
at org.openqa.selenium.By$ById.findElement(By.java:188)
at org.openqa.selenium.remote.RemoteWebDriver.findElement(RemoteWebDriver.java:315)
at lib.selenium.WebDriverServiceImpl.agevalidator_asondate(WebDriverServiceImpl.java:1249)
at com.ibps.pages.PersonalDetailsPage.ageValidatorAsOnDate(PersonalDetailsPage.java:343)
at com.BOKARO.tc.TC005_BSPBasicDetails.basicDetails(TC005_BSPBasicDetails.java:63)
at sun.reflect.NativeMethodAccessorImpl.invoke0(Native Method)
at sun.reflect.NativeMethodAccessorImpl.invoke(Unknown Source)
at sun.reflect.DelegatingMethodAccessorImpl.invoke(Unknown Source)
at java.lang.reflect.Method.invoke(Unknown Source)
at org.testng.internal.MethodInvocationHelper.invokeMethod(MethodInvocationHelper.java:133)
at org.testng.internal.TestInvoker.invokeMethod(TestInvoker.java:584)
at org.testng.internal.TestInvoker.invokeTestMethod(TestInvoker.java:172)
at org.testng.internal.MethodRunner.runInSequence(MethodRunner.java:46)
at org.testng.internal.TestInvoker$MethodInvocationAgent.invoke(TestInvoker.java:804)
at org.testng.internal.TestInvoker.invokeTestMethods(TestInvoker.java:145)
at org.testng.internal.TestMethodWorker.invokeTestMethods(TestMethodWorker.java:146)
at org.testng.internal.TestMethodWorker.run(TestMethodWorker.java:128)
at java.util.concurrent.ThreadPoolExecutor.runWorker(Unknown Source)
at java.util.concurrent.ThreadPoolExecutor$Worker.run(Unknown Source)
at java.lang.Thread.run(Unknown Source)
]]>
    </error>
  </testcase> <!-- basicDetails -->
  <testcase name="basicDetails" time="163.201" classname="com.BOKARO.tc.TC005_BSPBasicDetails"/>
  <testcase name="basicDetails" time="161.099" classname="com.BOKARO.tc.TC005_BSPBasicDetails"/>
  <testcase name="basicDetails" time="162.516" classname="com.BOKARO.tc.TC005_BSPBasicDetails"/>
  <testcase name="basicDetails" time="162.473" classname="com.BOKARO.tc.TC005_BSPBasicDetails"/>
  <testcase name="basicDetails" time="164.697" classname="com.BOKARO.tc.TC005_BSPBasicDetails"/>
  <testcase name="basicDetails" time="161.177" classname="com.BOKARO.tc.TC005_BSPBasicDetails"/>
  <testcase name="basicDetails" time="162.311" classname="com.BOKARO.tc.TC005_BSPBasicDetails"/>
  <testcase name="basicDetails" time="161.357" classname="com.BOKARO.tc.TC005_BSPBasicDetails"/>
  <testcase name="basicDetails" time="158.896" classname="com.BOKARO.tc.TC005_BSPBasicDetails"/>
  <testcase name="basicDetails" time="162.423" classname="com.BOKARO.tc.TC005_BSPBasicDetails"/>
  <testcase name="basicDetails" time="162.241" classname="com.BOKARO.tc.TC005_BSPBasicDetails"/>
  <testcase name="basicDetails" time="161.400" classname="com.BOKARO.tc.TC005_BSPBasicDetails"/>
  <testcase name="basicDetails" time="160.951" classname="com.BOKARO.tc.TC005_BSPBasicDetails"/>
  <testcase name="basicDetails" time="162.457" classname="com.BOKARO.tc.TC005_BSPBasicDetails"/>
  <testcase name="basicDetails" time="158.930" classname="com.BOKARO.tc.TC005_BSPBasicDetails"/>
  <testcase name="basicDetails" time="162.247" classname="com.BOKARO.tc.TC005_BSPBasicDetails"/>
  <testcase name="basicDetails" time="162.066" classname="com.BOKARO.tc.TC005_BSPBasicDetails"/>
  <testcase name="basicDetails" time="164.910" classname="com.BOKARO.tc.TC005_BSPBasicDetails"/>
  <testcase name="basicDetails" time="162.706" classname="com.BOKARO.tc.TC005_BSPBasicDetails"/>
  <testcase name="basicDetails" time="161.089" classname="com.BOKARO.tc.TC005_BSPBasicDetails"/>
  <testcase name="basicDetails" time="162.523" classname="com.BOKARO.tc.TC005_BSPBasicDetails"/>
  <testcase name="basicDetails" time="164.914" classname="com.BOKARO.tc.TC005_BSPBasicDetails"/>
  <testcase name="basicDetails" time="162.285" classname="com.BOKARO.tc.TC005_BSPBasicDetails"/>
  <testcase name="basicDetails" time="162.423" classname="com.BOKARO.tc.TC005_BSPBasicDetails"/>
  <testcase name="basicDetails" time="162.280" classname="com.BOKARO.tc.TC005_BSPBasicDetails"/>
  <testcase name="basicDetails" time="162.454" classname="com.BOKARO.tc.TC005_BSPBasicDetails"/>
  <testcase name="basicDetails" time="161.800" classname="com.BOKARO.tc.TC005_BSPBasicDetails"/>
  <testcase name="basicDetails" time="158.519" classname="com.BOKARO.tc.TC005_BSPBasicDetails"/>
  <testcase name="basicDetails" time="161.319" classname="com.BOKARO.tc.TC005_BSPBasicDetails"/>
  <testcase name="basicDetails" time="162.569" classname="com.BOKARO.tc.TC005_BSPBasicDetails"/>
  <testcase name="basicDetails" time="162.585" classname="com.BOKARO.tc.TC005_BSPBasicDetails"/>
  <testcase name="basicDetails" time="162.514" classname="com.BOKARO.tc.TC005_BSPBasicDetails"/>
  <testcase name="basicDetails" time="161.062" classname="com.BOKARO.tc.TC005_BSPBasicDetails"/>
  <testcase name="basicDetails" time="161.844" classname="com.BOKARO.tc.TC005_BSPBasicDetails"/>
  <testcase name="basicDetails" time="162.634" classname="com.BOKARO.tc.TC005_BSPBasicDetails"/>
  <testcase name="basicDetails" time="163.269" classname="com.BOKARO.tc.TC005_BSPBasicDetails"/>
  <testcase name="basicDetails" time="163.032" classname="com.BOKARO.tc.TC005_BSPBasicDetails"/>
  <testcase name="basicDetails" time="164.447" classname="com.BOKARO.tc.TC005_BSPBasicDetails"/>
  <testcase name="basicDetails" time="163.005" classname="com.BOKARO.tc.TC005_BSPBasicDetails"/>
  <testcase name="basicDetails" time="164.042" classname="com.BOKARO.tc.TC005_BSPBasicDetails"/>
</testsuite> <!-- com.BOKARO.tc.TC005_BSPBasicDetails -->
