<?xml version="1.0" encoding="UTF-8"?>
<!-- Generated by org.testng.reporters.JUnitReportReporter -->
<testsuite skipped="0" hostname="MAA014482B" name="com.IP_22Feb23.tc.TC005_IBBasicDetails" tests="12" failures="0" timestamp="2023-02-22T15:06:45 IST" time="2005.011" errors="0">
  <testcase name="basicDetails" time="158.936" classname="com.IP_22Feb23.tc.TC005_IBBasicDetails"/>
  <testcase name="basicDetails" time="157.601" classname="com.IP_22Feb23.tc.TC005_IBBasicDetails"/>
  <testcase name="basicDetails" time="158.056" classname="com.IP_22Feb23.tc.TC005_IBBasicDetails"/>
  <testcase name="basicDetails" time="155.247" classname="com.IP_22Feb23.tc.TC005_IBBasicDetails"/>
  <testcase name="basicDetails" time="185.621" classname="com.IP_22Feb23.tc.TC005_IBBasicDetails"/>
  <testcase name="basicDetails" time="159.269" classname="com.IP_22Feb23.tc.TC005_IBBasicDetails"/>
  <testcase name="basicDetails" time="185.366" classname="com.IP_22Feb23.tc.TC005_IBBasicDetails"/>
  <testcase name="basicDetails" time="159.111" classname="com.IP_22Feb23.tc.TC005_IBBasicDetails"/>
  <testcase name="basicDetails" time="158.491" classname="com.IP_22Feb23.tc.TC005_IBBasicDetails"/>
  <testcase name="basicDetails" time="183.181" classname="com.IP_22Feb23.tc.TC005_IBBasicDetails"/>
  <testcase name="basicDetails" time="158.541" classname="com.IP_22Feb23.tc.TC005_IBBasicDetails"/>
  <testcase name="basicDetails" time="185.591" classname="com.IP_22Feb23.tc.TC005_IBBasicDetails"/>
</testsuite> <!-- com.IP_22Feb23.tc.TC005_IBBasicDetails -->
