<?xml version="1.0" encoding="UTF-8"?>
<!-- Generated by org.testng.reporters.JUnitReportReporter -->
<testsuite skipped="0" hostname="MAA014482B" name="com.GSD_April23.tc.TC005_GSDBasicDetails" tests="18" failures="0" timestamp="2023-04-18T15:28:53 IST" time="2796.807" errors="0">
  <testcase name="basicDetails" time="159.315" classname="com.GSD_April23.tc.TC005_GSDBasicDetails"/>
  <testcase name="basicDetails" time="153.447" classname="com.GSD_April23.tc.TC005_GSDBasicDetails"/>
  <testcase name="basicDetails" time="154.336" classname="com.GSD_April23.tc.TC005_GSDBasicDetails"/>
  <testcase name="basicDetails" time="153.960" classname="com.GSD_April23.tc.TC005_GSDBasicDetails"/>
  <testcase name="basicDetails" time="154.399" classname="com.GSD_April23.tc.TC005_GSDBasicDetails"/>
  <testcase name="basicDetails" time="158.289" classname="com.GSD_April23.tc.TC005_GSDBasicDetails"/>
  <testcase name="basicDetails" time="154.217" classname="com.GSD_April23.tc.TC005_GSDBasicDetails"/>
  <testcase name="basicDetails" time="159.293" classname="com.GSD_April23.tc.TC005_GSDBasicDetails"/>
  <testcase name="basicDetails" time="154.331" classname="com.GSD_April23.tc.TC005_GSDBasicDetails"/>
  <testcase name="basicDetails" time="153.324" classname="com.GSD_April23.tc.TC005_GSDBasicDetails"/>
  <testcase name="basicDetails" time="153.859" classname="com.GSD_April23.tc.TC005_GSDBasicDetails"/>
  <testcase name="basicDetails" time="153.788" classname="com.GSD_April23.tc.TC005_GSDBasicDetails"/>
  <testcase name="basicDetails" time="154.380" classname="com.GSD_April23.tc.TC005_GSDBasicDetails"/>
  <testcase name="basicDetails" time="153.997" classname="com.GSD_April23.tc.TC005_GSDBasicDetails"/>
  <testcase name="basicDetails" time="153.252" classname="com.GSD_April23.tc.TC005_GSDBasicDetails"/>
  <testcase name="basicDetails" time="159.295" classname="com.GSD_April23.tc.TC005_GSDBasicDetails"/>
  <testcase name="basicDetails" time="158.995" classname="com.GSD_April23.tc.TC005_GSDBasicDetails"/>
  <testcase name="basicDetails" time="154.330" classname="com.GSD_April23.tc.TC005_GSDBasicDetails"/>
</testsuite> <!-- com.GSD_April23.tc.TC005_GSDBasicDetails -->
