<?xml version="1.0" encoding="UTF-8"?>
<!-- Generated by org.testng.reporters.JUnitReportReporter -->
<testsuite skipped="0" hostname="MAA014482B" name="com.BOM_25Nov22.tc.TC004_BOMBasicDetails" tests="41" failures="0" timestamp="2022-12-05T23:12:09 IST" time="6806.901" errors="0">
  <testcase name="basicDetails" time="164.767" classname="com.BOM_25Nov22.tc.TC004_BOMBasicDetails"/>
  <testcase name="basicDetails" time="167.626" classname="com.BOM_25Nov22.tc.TC004_BOMBasicDetails"/>
  <testcase name="basicDetails" time="164.426" classname="com.BOM_25Nov22.tc.TC004_BOMBasicDetails"/>
  <testcase name="basicDetails" time="168.743" classname="com.BOM_25Nov22.tc.TC004_BOMBasicDetails"/>
  <testcase name="basicDetails" time="167.016" classname="com.BOM_25Nov22.tc.TC004_BOMBasicDetails"/>
  <testcase name="basicDetails" time="167.557" classname="com.BOM_25Nov22.tc.TC004_BOMBasicDetails"/>
  <testcase name="basicDetails" time="163.942" classname="com.BOM_25Nov22.tc.TC004_BOMBasicDetails"/>
  <testcase name="basicDetails" time="163.934" classname="com.BOM_25Nov22.tc.TC004_BOMBasicDetails"/>
  <testcase name="basicDetails" time="166.658" classname="com.BOM_25Nov22.tc.TC004_BOMBasicDetails"/>
  <testcase name="basicDetails" time="167.720" classname="com.BOM_25Nov22.tc.TC004_BOMBasicDetails"/>
  <testcase name="basicDetails" time="166.136" classname="com.BOM_25Nov22.tc.TC004_BOMBasicDetails"/>
  <testcase name="basicDetails" time="168.467" classname="com.BOM_25Nov22.tc.TC004_BOMBasicDetails"/>
  <testcase name="basicDetails" time="167.822" classname="com.BOM_25Nov22.tc.TC004_BOMBasicDetails"/>
  <testcase name="basicDetails" time="163.212" classname="com.BOM_25Nov22.tc.TC004_BOMBasicDetails"/>
  <testcase name="basicDetails" time="164.387" classname="com.BOM_25Nov22.tc.TC004_BOMBasicDetails"/>
  <testcase name="basicDetails" time="168.321" classname="com.BOM_25Nov22.tc.TC004_BOMBasicDetails"/>
  <testcase name="basicDetails" time="162.426" classname="com.BOM_25Nov22.tc.TC004_BOMBasicDetails"/>
  <testcase name="basicDetails" time="164.217" classname="com.BOM_25Nov22.tc.TC004_BOMBasicDetails"/>
  <testcase name="basicDetails" time="167.470" classname="com.BOM_25Nov22.tc.TC004_BOMBasicDetails"/>
  <testcase name="basicDetails" time="167.961" classname="com.BOM_25Nov22.tc.TC004_BOMBasicDetails"/>
  <testcase name="basicDetails" time="167.335" classname="com.BOM_25Nov22.tc.TC004_BOMBasicDetails"/>
  <testcase name="basicDetails" time="168.031" classname="com.BOM_25Nov22.tc.TC004_BOMBasicDetails"/>
  <testcase name="basicDetails" time="164.695" classname="com.BOM_25Nov22.tc.TC004_BOMBasicDetails"/>
  <testcase name="basicDetails" time="164.843" classname="com.BOM_25Nov22.tc.TC004_BOMBasicDetails"/>
  <testcase name="basicDetails" time="166.809" classname="com.BOM_25Nov22.tc.TC004_BOMBasicDetails"/>
  <testcase name="basicDetails" time="164.219" classname="com.BOM_25Nov22.tc.TC004_BOMBasicDetails"/>
  <testcase name="basicDetails" time="167.157" classname="com.BOM_25Nov22.tc.TC004_BOMBasicDetails"/>
  <testcase name="basicDetails" time="164.165" classname="com.BOM_25Nov22.tc.TC004_BOMBasicDetails"/>
  <testcase name="basicDetails" time="165.572" classname="com.BOM_25Nov22.tc.TC004_BOMBasicDetails"/>
  <testcase name="basicDetails" time="163.874" classname="com.BOM_25Nov22.tc.TC004_BOMBasicDetails"/>
  <testcase name="basicDetails" time="163.717" classname="com.BOM_25Nov22.tc.TC004_BOMBasicDetails"/>
  <testcase name="basicDetails" time="163.685" classname="com.BOM_25Nov22.tc.TC004_BOMBasicDetails"/>
  <testcase name="basicDetails" time="168.140" classname="com.BOM_25Nov22.tc.TC004_BOMBasicDetails"/>
  <testcase name="basicDetails" time="167.765" classname="com.BOM_25Nov22.tc.TC004_BOMBasicDetails"/>
  <testcase name="basicDetails" time="168.160" classname="com.BOM_25Nov22.tc.TC004_BOMBasicDetails"/>
  <testcase name="basicDetails" time="167.078" classname="com.BOM_25Nov22.tc.TC004_BOMBasicDetails"/>
  <testcase name="basicDetails" time="167.155" classname="com.BOM_25Nov22.tc.TC004_BOMBasicDetails"/>
  <testcase name="basicDetails" time="164.848" classname="com.BOM_25Nov22.tc.TC004_BOMBasicDetails"/>
  <testcase name="basicDetails" time="167.787" classname="com.BOM_25Nov22.tc.TC004_BOMBasicDetails"/>
  <testcase name="basicDetails" time="166.966" classname="com.BOM_25Nov22.tc.TC004_BOMBasicDetails"/>
  <testcase name="basicDetails" time="162.092" classname="com.BOM_25Nov22.tc.TC004_BOMBasicDetails"/>
</testsuite> <!-- com.BOM_25Nov22.tc.TC004_BOMBasicDetails -->
