<?xml version="1.0" encoding="UTF-8"?>
<!-- Generated by org.testng.reporters.JUnitReportReporter -->
<testsuite skipped="0" hostname="MAA014482B" name="com.SPMCIL_May23.tc.TC004_SPMCILBasicDetails" tests="146" failures="0" timestamp="2023-06-29T06:36:40 IST" time="23372.311" errors="0">
  <testcase name="basicDetails" time="158.242" classname="com.SPMCIL_May23.tc.TC004_SPMCILBasicDetails"/>
  <testcase name="basicDetails" time="158.188" classname="com.SPMCIL_May23.tc.TC004_SPMCILBasicDetails"/>
  <testcase name="basicDetails" time="158.391" classname="com.SPMCIL_May23.tc.TC004_SPMCILBasicDetails"/>
  <testcase name="basicDetails" time="157.979" classname="com.SPMCIL_May23.tc.TC004_SPMCILBasicDetails"/>
  <testcase name="basicDetails" time="158.126" classname="com.SPMCIL_May23.tc.TC004_SPMCILBasicDetails"/>
  <testcase name="basicDetails" time="158.261" classname="com.SPMCIL_May23.tc.TC004_SPMCILBasicDetails"/>
  <testcase name="basicDetails" time="158.722" classname="com.SPMCIL_May23.tc.TC004_SPMCILBasicDetails"/>
  <testcase name="basicDetails" time="158.466" classname="com.SPMCIL_May23.tc.TC004_SPMCILBasicDetails"/>
  <testcase name="basicDetails" time="158.664" classname="com.SPMCIL_May23.tc.TC004_SPMCILBasicDetails"/>
  <testcase name="basicDetails" time="158.284" classname="com.SPMCIL_May23.tc.TC004_SPMCILBasicDetails"/>
  <testcase name="basicDetails" time="158.250" classname="com.SPMCIL_May23.tc.TC004_SPMCILBasicDetails"/>
  <testcase name="basicDetails" time="158.589" classname="com.SPMCIL_May23.tc.TC004_SPMCILBasicDetails"/>
  <testcase name="basicDetails" time="158.283" classname="com.SPMCIL_May23.tc.TC004_SPMCILBasicDetails"/>
  <testcase name="basicDetails" time="158.493" classname="com.SPMCIL_May23.tc.TC004_SPMCILBasicDetails"/>
  <testcase name="basicDetails" time="158.219" classname="com.SPMCIL_May23.tc.TC004_SPMCILBasicDetails"/>
  <testcase name="basicDetails" time="158.427" classname="com.SPMCIL_May23.tc.TC004_SPMCILBasicDetails"/>
  <testcase name="basicDetails" time="158.296" classname="com.SPMCIL_May23.tc.TC004_SPMCILBasicDetails"/>
  <testcase name="basicDetails" time="158.391" classname="com.SPMCIL_May23.tc.TC004_SPMCILBasicDetails"/>
  <testcase name="basicDetails" time="158.043" classname="com.SPMCIL_May23.tc.TC004_SPMCILBasicDetails"/>
  <testcase name="basicDetails" time="186.298" classname="com.SPMCIL_May23.tc.TC004_SPMCILBasicDetails"/>
  <testcase name="basicDetails" time="158.197" classname="com.SPMCIL_May23.tc.TC004_SPMCILBasicDetails"/>
  <testcase name="basicDetails" time="158.294" classname="com.SPMCIL_May23.tc.TC004_SPMCILBasicDetails"/>
  <testcase name="basicDetails" time="158.267" classname="com.SPMCIL_May23.tc.TC004_SPMCILBasicDetails"/>
  <testcase name="basicDetails" time="157.951" classname="com.SPMCIL_May23.tc.TC004_SPMCILBasicDetails"/>
  <testcase name="basicDetails" time="158.373" classname="com.SPMCIL_May23.tc.TC004_SPMCILBasicDetails"/>
  <testcase name="basicDetails" time="158.386" classname="com.SPMCIL_May23.tc.TC004_SPMCILBasicDetails"/>
  <testcase name="basicDetails" time="158.339" classname="com.SPMCIL_May23.tc.TC004_SPMCILBasicDetails"/>
  <testcase name="basicDetails" time="158.077" classname="com.SPMCIL_May23.tc.TC004_SPMCILBasicDetails"/>
  <testcase name="basicDetails" time="158.396" classname="com.SPMCIL_May23.tc.TC004_SPMCILBasicDetails"/>
  <testcase name="basicDetails" time="158.443" classname="com.SPMCIL_May23.tc.TC004_SPMCILBasicDetails"/>
  <testcase name="basicDetails" time="158.462" classname="com.SPMCIL_May23.tc.TC004_SPMCILBasicDetails"/>
  <testcase name="basicDetails" time="158.482" classname="com.SPMCIL_May23.tc.TC004_SPMCILBasicDetails"/>
  <testcase name="basicDetails" time="158.192" classname="com.SPMCIL_May23.tc.TC004_SPMCILBasicDetails"/>
  <testcase name="basicDetails" time="158.090" classname="com.SPMCIL_May23.tc.TC004_SPMCILBasicDetails"/>
  <testcase name="basicDetails" time="158.212" classname="com.SPMCIL_May23.tc.TC004_SPMCILBasicDetails"/>
  <testcase name="basicDetails" time="158.709" classname="com.SPMCIL_May23.tc.TC004_SPMCILBasicDetails"/>
  <testcase name="basicDetails" time="158.085" classname="com.SPMCIL_May23.tc.TC004_SPMCILBasicDetails"/>
  <testcase name="basicDetails" time="158.152" classname="com.SPMCIL_May23.tc.TC004_SPMCILBasicDetails"/>
  <testcase name="basicDetails" time="158.704" classname="com.SPMCIL_May23.tc.TC004_SPMCILBasicDetails"/>
  <testcase name="basicDetails" time="158.060" classname="com.SPMCIL_May23.tc.TC004_SPMCILBasicDetails"/>
  <testcase name="basicDetails" time="158.147" classname="com.SPMCIL_May23.tc.TC004_SPMCILBasicDetails"/>
  <testcase name="basicDetails" time="158.381" classname="com.SPMCIL_May23.tc.TC004_SPMCILBasicDetails"/>
  <testcase name="basicDetails" time="158.656" classname="com.SPMCIL_May23.tc.TC004_SPMCILBasicDetails"/>
  <testcase name="basicDetails" time="157.840" classname="com.SPMCIL_May23.tc.TC004_SPMCILBasicDetails"/>
  <testcase name="basicDetails" time="158.498" classname="com.SPMCIL_May23.tc.TC004_SPMCILBasicDetails"/>
  <testcase name="basicDetails" time="158.073" classname="com.SPMCIL_May23.tc.TC004_SPMCILBasicDetails"/>
  <testcase name="basicDetails" time="158.191" classname="com.SPMCIL_May23.tc.TC004_SPMCILBasicDetails"/>
  <testcase name="basicDetails" time="158.445" classname="com.SPMCIL_May23.tc.TC004_SPMCILBasicDetails"/>
  <testcase name="basicDetails" time="158.394" classname="com.SPMCIL_May23.tc.TC004_SPMCILBasicDetails"/>
  <testcase name="basicDetails" time="158.471" classname="com.SPMCIL_May23.tc.TC004_SPMCILBasicDetails"/>
  <testcase name="basicDetails" time="158.663" classname="com.SPMCIL_May23.tc.TC004_SPMCILBasicDetails"/>
  <testcase name="basicDetails" time="158.461" classname="com.SPMCIL_May23.tc.TC004_SPMCILBasicDetails"/>
  <testcase name="basicDetails" time="186.492" classname="com.SPMCIL_May23.tc.TC004_SPMCILBasicDetails"/>
  <testcase name="basicDetails" time="158.119" classname="com.SPMCIL_May23.tc.TC004_SPMCILBasicDetails"/>
  <testcase name="basicDetails" time="158.157" classname="com.SPMCIL_May23.tc.TC004_SPMCILBasicDetails"/>
  <testcase name="basicDetails" time="158.349" classname="com.SPMCIL_May23.tc.TC004_SPMCILBasicDetails"/>
  <testcase name="basicDetails" time="158.136" classname="com.SPMCIL_May23.tc.TC004_SPMCILBasicDetails"/>
  <testcase name="basicDetails" time="157.811" classname="com.SPMCIL_May23.tc.TC004_SPMCILBasicDetails"/>
  <testcase name="basicDetails" time="158.170" classname="com.SPMCIL_May23.tc.TC004_SPMCILBasicDetails"/>
  <testcase name="basicDetails" time="158.468" classname="com.SPMCIL_May23.tc.TC004_SPMCILBasicDetails"/>
  <testcase name="basicDetails" time="158.261" classname="com.SPMCIL_May23.tc.TC004_SPMCILBasicDetails"/>
  <testcase name="basicDetails" time="157.815" classname="com.SPMCIL_May23.tc.TC004_SPMCILBasicDetails"/>
  <testcase name="basicDetails" time="185.794" classname="com.SPMCIL_May23.tc.TC004_SPMCILBasicDetails"/>
  <testcase name="basicDetails" time="158.192" classname="com.SPMCIL_May23.tc.TC004_SPMCILBasicDetails"/>
  <testcase name="basicDetails" time="158.439" classname="com.SPMCIL_May23.tc.TC004_SPMCILBasicDetails"/>
  <testcase name="basicDetails" time="186.312" classname="com.SPMCIL_May23.tc.TC004_SPMCILBasicDetails"/>
  <testcase name="basicDetails" time="158.302" classname="com.SPMCIL_May23.tc.TC004_SPMCILBasicDetails"/>
  <testcase name="basicDetails" time="158.633" classname="com.SPMCIL_May23.tc.TC004_SPMCILBasicDetails"/>
  <testcase name="basicDetails" time="158.526" classname="com.SPMCIL_May23.tc.TC004_SPMCILBasicDetails"/>
  <testcase name="basicDetails" time="158.587" classname="com.SPMCIL_May23.tc.TC004_SPMCILBasicDetails"/>
  <testcase name="basicDetails" time="158.434" classname="com.SPMCIL_May23.tc.TC004_SPMCILBasicDetails"/>
  <testcase name="basicDetails" time="158.207" classname="com.SPMCIL_May23.tc.TC004_SPMCILBasicDetails"/>
  <testcase name="basicDetails" time="158.552" classname="com.SPMCIL_May23.tc.TC004_SPMCILBasicDetails"/>
  <testcase name="basicDetails" time="186.339" classname="com.SPMCIL_May23.tc.TC004_SPMCILBasicDetails"/>
  <testcase name="basicDetails" time="158.688" classname="com.SPMCIL_May23.tc.TC004_SPMCILBasicDetails"/>
  <testcase name="basicDetails" time="158.446" classname="com.SPMCIL_May23.tc.TC004_SPMCILBasicDetails"/>
  <testcase name="basicDetails" time="158.017" classname="com.SPMCIL_May23.tc.TC004_SPMCILBasicDetails"/>
  <testcase name="basicDetails" time="185.648" classname="com.SPMCIL_May23.tc.TC004_SPMCILBasicDetails"/>
  <testcase name="basicDetails" time="158.211" classname="com.SPMCIL_May23.tc.TC004_SPMCILBasicDetails"/>
  <testcase name="basicDetails" time="158.124" classname="com.SPMCIL_May23.tc.TC004_SPMCILBasicDetails"/>
  <testcase name="basicDetails" time="158.170" classname="com.SPMCIL_May23.tc.TC004_SPMCILBasicDetails"/>
  <testcase name="basicDetails" time="158.354" classname="com.SPMCIL_May23.tc.TC004_SPMCILBasicDetails"/>
  <testcase name="basicDetails" time="157.985" classname="com.SPMCIL_May23.tc.TC004_SPMCILBasicDetails"/>
  <testcase name="basicDetails" time="158.098" classname="com.SPMCIL_May23.tc.TC004_SPMCILBasicDetails"/>
  <testcase name="basicDetails" time="158.429" classname="com.SPMCIL_May23.tc.TC004_SPMCILBasicDetails"/>
  <testcase name="basicDetails" time="186.090" classname="com.SPMCIL_May23.tc.TC004_SPMCILBasicDetails"/>
  <testcase name="basicDetails" time="185.939" classname="com.SPMCIL_May23.tc.TC004_SPMCILBasicDetails"/>
  <testcase name="basicDetails" time="158.237" classname="com.SPMCIL_May23.tc.TC004_SPMCILBasicDetails"/>
  <testcase name="basicDetails" time="158.414" classname="com.SPMCIL_May23.tc.TC004_SPMCILBasicDetails"/>
  <testcase name="basicDetails" time="158.225" classname="com.SPMCIL_May23.tc.TC004_SPMCILBasicDetails"/>
  <testcase name="basicDetails" time="158.318" classname="com.SPMCIL_May23.tc.TC004_SPMCILBasicDetails"/>
  <testcase name="basicDetails" time="158.455" classname="com.SPMCIL_May23.tc.TC004_SPMCILBasicDetails"/>
  <testcase name="basicDetails" time="185.957" classname="com.SPMCIL_May23.tc.TC004_SPMCILBasicDetails"/>
  <testcase name="basicDetails" time="159.073" classname="com.SPMCIL_May23.tc.TC004_SPMCILBasicDetails"/>
  <testcase name="basicDetails" time="158.370" classname="com.SPMCIL_May23.tc.TC004_SPMCILBasicDetails"/>
  <testcase name="basicDetails" time="158.420" classname="com.SPMCIL_May23.tc.TC004_SPMCILBasicDetails"/>
  <testcase name="basicDetails" time="157.858" classname="com.SPMCIL_May23.tc.TC004_SPMCILBasicDetails"/>
  <testcase name="basicDetails" time="158.078" classname="com.SPMCIL_May23.tc.TC004_SPMCILBasicDetails"/>
  <testcase name="basicDetails" time="158.170" classname="com.SPMCIL_May23.tc.TC004_SPMCILBasicDetails"/>
  <testcase name="basicDetails" time="158.302" classname="com.SPMCIL_May23.tc.TC004_SPMCILBasicDetails"/>
  <testcase name="basicDetails" time="158.471" classname="com.SPMCIL_May23.tc.TC004_SPMCILBasicDetails"/>
  <testcase name="basicDetails" time="158.422" classname="com.SPMCIL_May23.tc.TC004_SPMCILBasicDetails"/>
  <testcase name="basicDetails" time="158.599" classname="com.SPMCIL_May23.tc.TC004_SPMCILBasicDetails"/>
  <testcase name="basicDetails" time="158.422" classname="com.SPMCIL_May23.tc.TC004_SPMCILBasicDetails"/>
  <testcase name="basicDetails" time="158.594" classname="com.SPMCIL_May23.tc.TC004_SPMCILBasicDetails"/>
  <testcase name="basicDetails" time="158.323" classname="com.SPMCIL_May23.tc.TC004_SPMCILBasicDetails"/>
  <testcase name="basicDetails" time="158.346" classname="com.SPMCIL_May23.tc.TC004_SPMCILBasicDetails"/>
  <testcase name="basicDetails" time="158.441" classname="com.SPMCIL_May23.tc.TC004_SPMCILBasicDetails"/>
  <testcase name="basicDetails" time="158.305" classname="com.SPMCIL_May23.tc.TC004_SPMCILBasicDetails"/>
  <testcase name="basicDetails" time="158.164" classname="com.SPMCIL_May23.tc.TC004_SPMCILBasicDetails"/>
  <testcase name="basicDetails" time="158.205" classname="com.SPMCIL_May23.tc.TC004_SPMCILBasicDetails"/>
  <testcase name="basicDetails" time="158.251" classname="com.SPMCIL_May23.tc.TC004_SPMCILBasicDetails"/>
  <testcase name="basicDetails" time="158.487" classname="com.SPMCIL_May23.tc.TC004_SPMCILBasicDetails"/>
  <testcase name="basicDetails" time="158.958" classname="com.SPMCIL_May23.tc.TC004_SPMCILBasicDetails"/>
  <testcase name="basicDetails" time="158.451" classname="com.SPMCIL_May23.tc.TC004_SPMCILBasicDetails"/>
  <testcase name="basicDetails" time="157.882" classname="com.SPMCIL_May23.tc.TC004_SPMCILBasicDetails"/>
  <testcase name="basicDetails" time="158.207" classname="com.SPMCIL_May23.tc.TC004_SPMCILBasicDetails"/>
  <testcase name="basicDetails" time="158.274" classname="com.SPMCIL_May23.tc.TC004_SPMCILBasicDetails"/>
  <testcase name="basicDetails" time="158.447" classname="com.SPMCIL_May23.tc.TC004_SPMCILBasicDetails"/>
  <testcase name="basicDetails" time="158.378" classname="com.SPMCIL_May23.tc.TC004_SPMCILBasicDetails"/>
  <testcase name="basicDetails" time="158.499" classname="com.SPMCIL_May23.tc.TC004_SPMCILBasicDetails"/>
  <testcase name="basicDetails" time="158.693" classname="com.SPMCIL_May23.tc.TC004_SPMCILBasicDetails"/>
  <testcase name="basicDetails" time="158.295" classname="com.SPMCIL_May23.tc.TC004_SPMCILBasicDetails"/>
  <testcase name="basicDetails" time="158.243" classname="com.SPMCIL_May23.tc.TC004_SPMCILBasicDetails"/>
  <testcase name="basicDetails" time="158.277" classname="com.SPMCIL_May23.tc.TC004_SPMCILBasicDetails"/>
  <testcase name="basicDetails" time="158.390" classname="com.SPMCIL_May23.tc.TC004_SPMCILBasicDetails"/>
  <testcase name="basicDetails" time="158.347" classname="com.SPMCIL_May23.tc.TC004_SPMCILBasicDetails"/>
  <testcase name="basicDetails" time="158.224" classname="com.SPMCIL_May23.tc.TC004_SPMCILBasicDetails"/>
  <testcase name="basicDetails" time="158.045" classname="com.SPMCIL_May23.tc.TC004_SPMCILBasicDetails"/>
  <testcase name="basicDetails" time="158.682" classname="com.SPMCIL_May23.tc.TC004_SPMCILBasicDetails"/>
  <testcase name="basicDetails" time="158.554" classname="com.SPMCIL_May23.tc.TC004_SPMCILBasicDetails"/>
  <testcase name="basicDetails" time="158.213" classname="com.SPMCIL_May23.tc.TC004_SPMCILBasicDetails"/>
  <testcase name="basicDetails" time="158.459" classname="com.SPMCIL_May23.tc.TC004_SPMCILBasicDetails"/>
  <testcase name="basicDetails" time="158.393" classname="com.SPMCIL_May23.tc.TC004_SPMCILBasicDetails"/>
  <testcase name="basicDetails" time="158.793" classname="com.SPMCIL_May23.tc.TC004_SPMCILBasicDetails"/>
  <testcase name="basicDetails" time="164.124" classname="com.SPMCIL_May23.tc.TC004_SPMCILBasicDetails"/>
  <testcase name="basicDetails" time="158.345" classname="com.SPMCIL_May23.tc.TC004_SPMCILBasicDetails"/>
  <testcase name="basicDetails" time="158.164" classname="com.SPMCIL_May23.tc.TC004_SPMCILBasicDetails"/>
  <testcase name="basicDetails" time="158.076" classname="com.SPMCIL_May23.tc.TC004_SPMCILBasicDetails"/>
  <testcase name="basicDetails" time="158.501" classname="com.SPMCIL_May23.tc.TC004_SPMCILBasicDetails"/>
  <testcase name="basicDetails" time="158.248" classname="com.SPMCIL_May23.tc.TC004_SPMCILBasicDetails"/>
  <testcase name="basicDetails" time="158.255" classname="com.SPMCIL_May23.tc.TC004_SPMCILBasicDetails"/>
  <testcase name="basicDetails" time="158.194" classname="com.SPMCIL_May23.tc.TC004_SPMCILBasicDetails"/>
  <testcase name="basicDetails" time="158.726" classname="com.SPMCIL_May23.tc.TC004_SPMCILBasicDetails"/>
  <testcase name="basicDetails" time="158.478" classname="com.SPMCIL_May23.tc.TC004_SPMCILBasicDetails"/>
  <testcase name="basicDetails" time="158.600" classname="com.SPMCIL_May23.tc.TC004_SPMCILBasicDetails"/>
</testsuite> <!-- com.SPMCIL_May23.tc.TC004_SPMCILBasicDetails -->
