<?xml version="1.0" encoding="UTF-8"?>
<!-- Generated by org.testng.reporters.JUnitReportReporter -->
<testsuite skipped="0" hostname="MAA014482B" name="com.PMC_Nagarshiv_May23.tc.TC001_PMCBasicDetails" tests="126" failures="0" timestamp="2023-05-21T04:25:21 IST" time="19621.881" errors="0">
  <testcase name="basicDetails" time="153.571" classname="com.PMC_Nagarshiv_May23.tc.TC001_PMCBasicDetails"/>
  <testcase name="basicDetails" time="154.357" classname="com.PMC_Nagarshiv_May23.tc.TC001_PMCBasicDetails"/>
  <testcase name="basicDetails" time="153.454" classname="com.PMC_Nagarshiv_May23.tc.TC001_PMCBasicDetails"/>
  <testcase name="basicDetails" time="156.689" classname="com.PMC_Nagarshiv_May23.tc.TC001_PMCBasicDetails"/>
  <testcase name="basicDetails" time="153.372" classname="com.PMC_Nagarshiv_May23.tc.TC001_PMCBasicDetails"/>
  <testcase name="basicDetails" time="153.938" classname="com.PMC_Nagarshiv_May23.tc.TC001_PMCBasicDetails"/>
  <testcase name="basicDetails" time="153.449" classname="com.PMC_Nagarshiv_May23.tc.TC001_PMCBasicDetails"/>
  <testcase name="basicDetails" time="153.381" classname="com.PMC_Nagarshiv_May23.tc.TC001_PMCBasicDetails"/>
  <testcase name="basicDetails" time="153.888" classname="com.PMC_Nagarshiv_May23.tc.TC001_PMCBasicDetails"/>
  <testcase name="basicDetails" time="155.877" classname="com.PMC_Nagarshiv_May23.tc.TC001_PMCBasicDetails"/>
  <testcase name="basicDetails" time="156.942" classname="com.PMC_Nagarshiv_May23.tc.TC001_PMCBasicDetails"/>
  <testcase name="basicDetails" time="153.736" classname="com.PMC_Nagarshiv_May23.tc.TC001_PMCBasicDetails"/>
  <testcase name="basicDetails" time="153.571" classname="com.PMC_Nagarshiv_May23.tc.TC001_PMCBasicDetails"/>
  <testcase name="basicDetails" time="153.514" classname="com.PMC_Nagarshiv_May23.tc.TC001_PMCBasicDetails"/>
  <testcase name="basicDetails" time="152.205" classname="com.PMC_Nagarshiv_May23.tc.TC001_PMCBasicDetails"/>
  <testcase name="basicDetails" time="153.108" classname="com.PMC_Nagarshiv_May23.tc.TC001_PMCBasicDetails"/>
  <testcase name="basicDetails" time="181.226" classname="com.PMC_Nagarshiv_May23.tc.TC001_PMCBasicDetails"/>
  <testcase name="basicDetails" time="153.458" classname="com.PMC_Nagarshiv_May23.tc.TC001_PMCBasicDetails"/>
  <testcase name="basicDetails" time="152.538" classname="com.PMC_Nagarshiv_May23.tc.TC001_PMCBasicDetails"/>
  <testcase name="basicDetails" time="153.646" classname="com.PMC_Nagarshiv_May23.tc.TC001_PMCBasicDetails"/>
  <testcase name="basicDetails" time="157.066" classname="com.PMC_Nagarshiv_May23.tc.TC001_PMCBasicDetails"/>
  <testcase name="basicDetails" time="153.872" classname="com.PMC_Nagarshiv_May23.tc.TC001_PMCBasicDetails"/>
  <testcase name="basicDetails" time="153.436" classname="com.PMC_Nagarshiv_May23.tc.TC001_PMCBasicDetails"/>
  <testcase name="basicDetails" time="153.512" classname="com.PMC_Nagarshiv_May23.tc.TC001_PMCBasicDetails"/>
  <testcase name="basicDetails" time="153.466" classname="com.PMC_Nagarshiv_May23.tc.TC001_PMCBasicDetails"/>
  <testcase name="basicDetails" time="153.686" classname="com.PMC_Nagarshiv_May23.tc.TC001_PMCBasicDetails"/>
  <testcase name="basicDetails" time="153.366" classname="com.PMC_Nagarshiv_May23.tc.TC001_PMCBasicDetails"/>
  <testcase name="basicDetails" time="181.179" classname="com.PMC_Nagarshiv_May23.tc.TC001_PMCBasicDetails"/>
  <testcase name="basicDetails" time="153.241" classname="com.PMC_Nagarshiv_May23.tc.TC001_PMCBasicDetails"/>
  <testcase name="basicDetails" time="158.519" classname="com.PMC_Nagarshiv_May23.tc.TC001_PMCBasicDetails"/>
  <testcase name="basicDetails" time="157.000" classname="com.PMC_Nagarshiv_May23.tc.TC001_PMCBasicDetails"/>
  <testcase name="basicDetails" time="153.496" classname="com.PMC_Nagarshiv_May23.tc.TC001_PMCBasicDetails"/>
  <testcase name="basicDetails" time="153.051" classname="com.PMC_Nagarshiv_May23.tc.TC001_PMCBasicDetails"/>
  <testcase name="basicDetails" time="153.464" classname="com.PMC_Nagarshiv_May23.tc.TC001_PMCBasicDetails"/>
  <testcase name="basicDetails" time="156.609" classname="com.PMC_Nagarshiv_May23.tc.TC001_PMCBasicDetails"/>
  <testcase name="basicDetails" time="153.635" classname="com.PMC_Nagarshiv_May23.tc.TC001_PMCBasicDetails"/>
  <testcase name="basicDetails" time="157.330" classname="com.PMC_Nagarshiv_May23.tc.TC001_PMCBasicDetails"/>
  <testcase name="basicDetails" time="153.285" classname="com.PMC_Nagarshiv_May23.tc.TC001_PMCBasicDetails"/>
  <testcase name="basicDetails" time="157.178" classname="com.PMC_Nagarshiv_May23.tc.TC001_PMCBasicDetails"/>
  <testcase name="basicDetails" time="153.799" classname="com.PMC_Nagarshiv_May23.tc.TC001_PMCBasicDetails"/>
  <testcase name="basicDetails" time="153.718" classname="com.PMC_Nagarshiv_May23.tc.TC001_PMCBasicDetails"/>
  <testcase name="basicDetails" time="153.659" classname="com.PMC_Nagarshiv_May23.tc.TC001_PMCBasicDetails"/>
  <testcase name="basicDetails" time="153.484" classname="com.PMC_Nagarshiv_May23.tc.TC001_PMCBasicDetails"/>
  <testcase name="basicDetails" time="153.613" classname="com.PMC_Nagarshiv_May23.tc.TC001_PMCBasicDetails"/>
  <testcase name="basicDetails" time="153.160" classname="com.PMC_Nagarshiv_May23.tc.TC001_PMCBasicDetails"/>
  <testcase name="basicDetails" time="153.944" classname="com.PMC_Nagarshiv_May23.tc.TC001_PMCBasicDetails"/>
  <testcase name="basicDetails" time="156.799" classname="com.PMC_Nagarshiv_May23.tc.TC001_PMCBasicDetails"/>
  <testcase name="basicDetails" time="156.805" classname="com.PMC_Nagarshiv_May23.tc.TC001_PMCBasicDetails"/>
  <testcase name="basicDetails" time="153.485" classname="com.PMC_Nagarshiv_May23.tc.TC001_PMCBasicDetails"/>
  <testcase name="basicDetails" time="153.577" classname="com.PMC_Nagarshiv_May23.tc.TC001_PMCBasicDetails"/>
  <testcase name="basicDetails" time="153.754" classname="com.PMC_Nagarshiv_May23.tc.TC001_PMCBasicDetails"/>
  <testcase name="basicDetails" time="153.235" classname="com.PMC_Nagarshiv_May23.tc.TC001_PMCBasicDetails"/>
  <testcase name="basicDetails" time="152.363" classname="com.PMC_Nagarshiv_May23.tc.TC001_PMCBasicDetails"/>
  <testcase name="basicDetails" time="181.887" classname="com.PMC_Nagarshiv_May23.tc.TC001_PMCBasicDetails"/>
  <testcase name="basicDetails" time="156.851" classname="com.PMC_Nagarshiv_May23.tc.TC001_PMCBasicDetails"/>
  <testcase name="basicDetails" time="153.818" classname="com.PMC_Nagarshiv_May23.tc.TC001_PMCBasicDetails"/>
  <testcase name="basicDetails" time="153.766" classname="com.PMC_Nagarshiv_May23.tc.TC001_PMCBasicDetails"/>
  <testcase name="basicDetails" time="153.848" classname="com.PMC_Nagarshiv_May23.tc.TC001_PMCBasicDetails"/>
  <testcase name="basicDetails" time="153.383" classname="com.PMC_Nagarshiv_May23.tc.TC001_PMCBasicDetails"/>
  <testcase name="basicDetails" time="153.351" classname="com.PMC_Nagarshiv_May23.tc.TC001_PMCBasicDetails"/>
  <testcase name="basicDetails" time="153.642" classname="com.PMC_Nagarshiv_May23.tc.TC001_PMCBasicDetails"/>
  <testcase name="basicDetails" time="153.785" classname="com.PMC_Nagarshiv_May23.tc.TC001_PMCBasicDetails"/>
  <testcase name="basicDetails" time="152.802" classname="com.PMC_Nagarshiv_May23.tc.TC001_PMCBasicDetails"/>
  <testcase name="basicDetails" time="170.581" classname="com.PMC_Nagarshiv_May23.tc.TC001_PMCBasicDetails"/>
  <testcase name="basicDetails" time="181.351" classname="com.PMC_Nagarshiv_May23.tc.TC001_PMCBasicDetails"/>
  <testcase name="basicDetails" time="181.890" classname="com.PMC_Nagarshiv_May23.tc.TC001_PMCBasicDetails"/>
  <testcase name="basicDetails" time="157.169" classname="com.PMC_Nagarshiv_May23.tc.TC001_PMCBasicDetails"/>
  <testcase name="basicDetails" time="153.372" classname="com.PMC_Nagarshiv_May23.tc.TC001_PMCBasicDetails"/>
  <testcase name="basicDetails" time="153.984" classname="com.PMC_Nagarshiv_May23.tc.TC001_PMCBasicDetails"/>
  <testcase name="basicDetails" time="152.352" classname="com.PMC_Nagarshiv_May23.tc.TC001_PMCBasicDetails"/>
  <testcase name="basicDetails" time="153.470" classname="com.PMC_Nagarshiv_May23.tc.TC001_PMCBasicDetails"/>
  <testcase name="basicDetails" time="153.846" classname="com.PMC_Nagarshiv_May23.tc.TC001_PMCBasicDetails"/>
  <testcase name="basicDetails" time="153.622" classname="com.PMC_Nagarshiv_May23.tc.TC001_PMCBasicDetails"/>
  <testcase name="basicDetails" time="153.272" classname="com.PMC_Nagarshiv_May23.tc.TC001_PMCBasicDetails"/>
  <testcase name="basicDetails" time="153.644" classname="com.PMC_Nagarshiv_May23.tc.TC001_PMCBasicDetails"/>
  <testcase name="basicDetails" time="156.661" classname="com.PMC_Nagarshiv_May23.tc.TC001_PMCBasicDetails"/>
  <testcase name="basicDetails" time="153.497" classname="com.PMC_Nagarshiv_May23.tc.TC001_PMCBasicDetails"/>
  <testcase name="basicDetails" time="153.189" classname="com.PMC_Nagarshiv_May23.tc.TC001_PMCBasicDetails"/>
  <testcase name="basicDetails" time="153.327" classname="com.PMC_Nagarshiv_May23.tc.TC001_PMCBasicDetails"/>
  <testcase name="basicDetails" time="153.881" classname="com.PMC_Nagarshiv_May23.tc.TC001_PMCBasicDetails"/>
  <testcase name="basicDetails" time="157.312" classname="com.PMC_Nagarshiv_May23.tc.TC001_PMCBasicDetails"/>
  <testcase name="basicDetails" time="153.865" classname="com.PMC_Nagarshiv_May23.tc.TC001_PMCBasicDetails"/>
  <testcase name="basicDetails" time="153.384" classname="com.PMC_Nagarshiv_May23.tc.TC001_PMCBasicDetails"/>
  <testcase name="basicDetails" time="156.854" classname="com.PMC_Nagarshiv_May23.tc.TC001_PMCBasicDetails"/>
  <testcase name="basicDetails" time="153.682" classname="com.PMC_Nagarshiv_May23.tc.TC001_PMCBasicDetails"/>
  <testcase name="basicDetails" time="153.269" classname="com.PMC_Nagarshiv_May23.tc.TC001_PMCBasicDetails"/>
  <testcase name="basicDetails" time="153.619" classname="com.PMC_Nagarshiv_May23.tc.TC001_PMCBasicDetails"/>
  <testcase name="basicDetails" time="153.510" classname="com.PMC_Nagarshiv_May23.tc.TC001_PMCBasicDetails"/>
  <testcase name="basicDetails" time="153.552" classname="com.PMC_Nagarshiv_May23.tc.TC001_PMCBasicDetails"/>
  <testcase name="basicDetails" time="152.401" classname="com.PMC_Nagarshiv_May23.tc.TC001_PMCBasicDetails"/>
  <testcase name="basicDetails" time="152.310" classname="com.PMC_Nagarshiv_May23.tc.TC001_PMCBasicDetails"/>
  <testcase name="basicDetails" time="152.153" classname="com.PMC_Nagarshiv_May23.tc.TC001_PMCBasicDetails"/>
  <testcase name="basicDetails" time="152.220" classname="com.PMC_Nagarshiv_May23.tc.TC001_PMCBasicDetails"/>
  <testcase name="basicDetails" time="153.566" classname="com.PMC_Nagarshiv_May23.tc.TC001_PMCBasicDetails"/>
  <testcase name="basicDetails" time="154.083" classname="com.PMC_Nagarshiv_May23.tc.TC001_PMCBasicDetails"/>
  <testcase name="basicDetails" time="153.366" classname="com.PMC_Nagarshiv_May23.tc.TC001_PMCBasicDetails"/>
  <testcase name="basicDetails" time="153.723" classname="com.PMC_Nagarshiv_May23.tc.TC001_PMCBasicDetails"/>
  <testcase name="basicDetails" time="156.631" classname="com.PMC_Nagarshiv_May23.tc.TC001_PMCBasicDetails"/>
  <testcase name="basicDetails" time="153.330" classname="com.PMC_Nagarshiv_May23.tc.TC001_PMCBasicDetails"/>
  <testcase name="basicDetails" time="154.098" classname="com.PMC_Nagarshiv_May23.tc.TC001_PMCBasicDetails"/>
  <testcase name="basicDetails" time="158.017" classname="com.PMC_Nagarshiv_May23.tc.TC001_PMCBasicDetails"/>
  <testcase name="basicDetails" time="153.591" classname="com.PMC_Nagarshiv_May23.tc.TC001_PMCBasicDetails"/>
  <testcase name="basicDetails" time="153.408" classname="com.PMC_Nagarshiv_May23.tc.TC001_PMCBasicDetails"/>
  <testcase name="basicDetails" time="153.458" classname="com.PMC_Nagarshiv_May23.tc.TC001_PMCBasicDetails"/>
  <testcase name="basicDetails" time="157.154" classname="com.PMC_Nagarshiv_May23.tc.TC001_PMCBasicDetails"/>
  <testcase name="basicDetails" time="152.447" classname="com.PMC_Nagarshiv_May23.tc.TC001_PMCBasicDetails"/>
  <testcase name="basicDetails" time="181.418" classname="com.PMC_Nagarshiv_May23.tc.TC001_PMCBasicDetails"/>
  <testcase name="basicDetails" time="153.641" classname="com.PMC_Nagarshiv_May23.tc.TC001_PMCBasicDetails"/>
  <testcase name="basicDetails" time="153.898" classname="com.PMC_Nagarshiv_May23.tc.TC001_PMCBasicDetails"/>
  <testcase name="basicDetails" time="152.497" classname="com.PMC_Nagarshiv_May23.tc.TC001_PMCBasicDetails"/>
  <testcase name="basicDetails" time="153.696" classname="com.PMC_Nagarshiv_May23.tc.TC001_PMCBasicDetails"/>
  <testcase name="basicDetails" time="153.682" classname="com.PMC_Nagarshiv_May23.tc.TC001_PMCBasicDetails"/>
  <testcase name="basicDetails" time="153.693" classname="com.PMC_Nagarshiv_May23.tc.TC001_PMCBasicDetails"/>
  <testcase name="basicDetails" time="153.300" classname="com.PMC_Nagarshiv_May23.tc.TC001_PMCBasicDetails"/>
  <testcase name="basicDetails" time="153.897" classname="com.PMC_Nagarshiv_May23.tc.TC001_PMCBasicDetails"/>
  <testcase name="basicDetails" time="153.774" classname="com.PMC_Nagarshiv_May23.tc.TC001_PMCBasicDetails"/>
  <testcase name="basicDetails" time="153.553" classname="com.PMC_Nagarshiv_May23.tc.TC001_PMCBasicDetails"/>
  <testcase name="basicDetails" time="153.351" classname="com.PMC_Nagarshiv_May23.tc.TC001_PMCBasicDetails"/>
  <testcase name="basicDetails" time="153.162" classname="com.PMC_Nagarshiv_May23.tc.TC001_PMCBasicDetails"/>
  <testcase name="basicDetails" time="156.745" classname="com.PMC_Nagarshiv_May23.tc.TC001_PMCBasicDetails"/>
  <testcase name="basicDetails" time="153.915" classname="com.PMC_Nagarshiv_May23.tc.TC001_PMCBasicDetails"/>
  <testcase name="basicDetails" time="153.398" classname="com.PMC_Nagarshiv_May23.tc.TC001_PMCBasicDetails"/>
  <testcase name="basicDetails" time="153.583" classname="com.PMC_Nagarshiv_May23.tc.TC001_PMCBasicDetails"/>
  <testcase name="basicDetails" time="156.934" classname="com.PMC_Nagarshiv_May23.tc.TC001_PMCBasicDetails"/>
  <testcase name="basicDetails" time="181.533" classname="com.PMC_Nagarshiv_May23.tc.TC001_PMCBasicDetails"/>
  <testcase name="basicDetails" time="153.257" classname="com.PMC_Nagarshiv_May23.tc.TC001_PMCBasicDetails"/>
</testsuite> <!-- com.PMC_Nagarshiv_May23.tc.TC001_PMCBasicDetails -->
