<?xml version="1.0" encoding="UTF-8"?>
<!-- Generated by org.testng.reporters.JUnitReportReporter -->
<testsuite hostname="MAA011253A" failures="0" tests="72" name="com.SugarMills.tc.TC004_RAJBasicDetails" time="9168.546" errors="0" timestamp="2021-01-06T19:18:43 IST" skipped="0">
  <testcase classname="com.SugarMills.tc.TC004_RAJBasicDetails" name="basicDetails" time="126.513"/>
  <testcase classname="com.SugarMills.tc.TC004_RAJBasicDetails" name="basicDetails" time="127.838"/>
  <testcase classname="com.SugarMills.tc.TC004_RAJBasicDetails" name="basicDetails" time="127.602"/>
  <testcase classname="com.SugarMills.tc.TC004_RAJBasicDetails" name="basicDetails" time="128.307"/>
  <testcase classname="com.SugarMills.tc.TC004_RAJBasicDetails" name="basicDetails" time="126.486"/>
  <testcase classname="com.SugarMills.tc.TC004_RAJBasicDetails" name="basicDetails" time="126.462"/>
  <testcase classname="com.SugarMills.tc.TC004_RAJBasicDetails" name="basicDetails" time="126.862"/>
  <testcase classname="com.SugarMills.tc.TC004_RAJBasicDetails" name="basicDetails" time="126.916"/>
  <testcase classname="com.SugarMills.tc.TC004_RAJBasicDetails" name="basicDetails" time="126.507"/>
  <testcase classname="com.SugarMills.tc.TC004_RAJBasicDetails" name="basicDetails" time="126.768"/>
  <testcase classname="com.SugarMills.tc.TC004_RAJBasicDetails" name="basicDetails" time="127.789"/>
  <testcase classname="com.SugarMills.tc.TC004_RAJBasicDetails" name="basicDetails" time="127.022"/>
  <testcase classname="com.SugarMills.tc.TC004_RAJBasicDetails" name="basicDetails" time="127.831"/>
  <testcase classname="com.SugarMills.tc.TC004_RAJBasicDetails" name="basicDetails" time="126.246"/>
  <testcase classname="com.SugarMills.tc.TC004_RAJBasicDetails" name="basicDetails" time="126.025"/>
  <testcase classname="com.SugarMills.tc.TC004_RAJBasicDetails" name="basicDetails" time="127.122"/>
  <testcase classname="com.SugarMills.tc.TC004_RAJBasicDetails" name="basicDetails" time="126.893"/>
  <testcase classname="com.SugarMills.tc.TC004_RAJBasicDetails" name="basicDetails" time="127.999"/>
  <testcase classname="com.SugarMills.tc.TC004_RAJBasicDetails" name="basicDetails" time="126.848"/>
  <testcase classname="com.SugarMills.tc.TC004_RAJBasicDetails" name="basicDetails" time="127.746"/>
  <testcase classname="com.SugarMills.tc.TC004_RAJBasicDetails" name="basicDetails" time="127.276"/>
  <testcase classname="com.SugarMills.tc.TC004_RAJBasicDetails" name="basicDetails" time="127.457"/>
  <testcase classname="com.SugarMills.tc.TC004_RAJBasicDetails" name="basicDetails" time="127.140"/>
  <testcase classname="com.SugarMills.tc.TC004_RAJBasicDetails" name="basicDetails" time="135.338"/>
  <testcase classname="com.SugarMills.tc.TC004_RAJBasicDetails" name="basicDetails" time="126.807"/>
  <testcase classname="com.SugarMills.tc.TC004_RAJBasicDetails" name="basicDetails" time="127.671"/>
  <testcase classname="com.SugarMills.tc.TC004_RAJBasicDetails" name="basicDetails" time="126.293"/>
  <testcase classname="com.SugarMills.tc.TC004_RAJBasicDetails" name="basicDetails" time="126.683"/>
  <testcase classname="com.SugarMills.tc.TC004_RAJBasicDetails" name="basicDetails" time="128.194"/>
  <testcase classname="com.SugarMills.tc.TC004_RAJBasicDetails" name="basicDetails" time="126.254"/>
  <testcase classname="com.SugarMills.tc.TC004_RAJBasicDetails" name="basicDetails" time="127.323"/>
  <testcase classname="com.SugarMills.tc.TC004_RAJBasicDetails" name="basicDetails" time="126.947"/>
  <testcase classname="com.SugarMills.tc.TC004_RAJBasicDetails" name="basicDetails" time="126.777"/>
  <testcase classname="com.SugarMills.tc.TC004_RAJBasicDetails" name="basicDetails" time="127.305"/>
  <testcase classname="com.SugarMills.tc.TC004_RAJBasicDetails" name="basicDetails" time="125.868"/>
  <testcase classname="com.SugarMills.tc.TC004_RAJBasicDetails" name="basicDetails" time="126.606"/>
  <testcase classname="com.SugarMills.tc.TC004_RAJBasicDetails" name="basicDetails" time="125.928"/>
  <testcase classname="com.SugarMills.tc.TC004_RAJBasicDetails" name="basicDetails" time="126.190"/>
  <testcase classname="com.SugarMills.tc.TC004_RAJBasicDetails" name="basicDetails" time="127.140"/>
  <testcase classname="com.SugarMills.tc.TC004_RAJBasicDetails" name="basicDetails" time="126.305"/>
  <testcase classname="com.SugarMills.tc.TC004_RAJBasicDetails" name="basicDetails" time="126.688"/>
  <testcase classname="com.SugarMills.tc.TC004_RAJBasicDetails" name="basicDetails" time="126.773"/>
  <testcase classname="com.SugarMills.tc.TC004_RAJBasicDetails" name="basicDetails" time="126.497"/>
  <testcase classname="com.SugarMills.tc.TC004_RAJBasicDetails" name="basicDetails" time="127.714"/>
  <testcase classname="com.SugarMills.tc.TC004_RAJBasicDetails" name="basicDetails" time="126.580"/>
  <testcase classname="com.SugarMills.tc.TC004_RAJBasicDetails" name="basicDetails" time="127.418"/>
  <testcase classname="com.SugarMills.tc.TC004_RAJBasicDetails" name="basicDetails" time="126.949"/>
  <testcase classname="com.SugarMills.tc.TC004_RAJBasicDetails" name="basicDetails" time="127.574"/>
  <testcase classname="com.SugarMills.tc.TC004_RAJBasicDetails" name="basicDetails" time="126.311"/>
  <testcase classname="com.SugarMills.tc.TC004_RAJBasicDetails" name="basicDetails" time="127.944"/>
  <testcase classname="com.SugarMills.tc.TC004_RAJBasicDetails" name="basicDetails" time="127.207"/>
  <testcase classname="com.SugarMills.tc.TC004_RAJBasicDetails" name="basicDetails" time="129.037"/>
  <testcase classname="com.SugarMills.tc.TC004_RAJBasicDetails" name="basicDetails" time="126.206"/>
  <testcase classname="com.SugarMills.tc.TC004_RAJBasicDetails" name="basicDetails" time="127.282"/>
  <testcase classname="com.SugarMills.tc.TC004_RAJBasicDetails" name="basicDetails" time="127.546"/>
  <testcase classname="com.SugarMills.tc.TC004_RAJBasicDetails" name="basicDetails" time="127.271"/>
  <testcase classname="com.SugarMills.tc.TC004_RAJBasicDetails" name="basicDetails" time="126.473"/>
  <testcase classname="com.SugarMills.tc.TC004_RAJBasicDetails" name="basicDetails" time="126.582"/>
  <testcase classname="com.SugarMills.tc.TC004_RAJBasicDetails" name="basicDetails" time="126.644"/>
  <testcase classname="com.SugarMills.tc.TC004_RAJBasicDetails" name="basicDetails" time="126.842"/>
  <testcase classname="com.SugarMills.tc.TC004_RAJBasicDetails" name="basicDetails" time="126.856"/>
  <testcase classname="com.SugarMills.tc.TC004_RAJBasicDetails" name="basicDetails" time="126.383"/>
  <testcase classname="com.SugarMills.tc.TC004_RAJBasicDetails" name="basicDetails" time="129.806"/>
  <testcase classname="com.SugarMills.tc.TC004_RAJBasicDetails" name="basicDetails" time="126.515"/>
  <testcase classname="com.SugarMills.tc.TC004_RAJBasicDetails" name="basicDetails" time="126.858"/>
  <testcase classname="com.SugarMills.tc.TC004_RAJBasicDetails" name="basicDetails" time="127.071"/>
  <testcase classname="com.SugarMills.tc.TC004_RAJBasicDetails" name="basicDetails" time="127.137"/>
  <testcase classname="com.SugarMills.tc.TC004_RAJBasicDetails" name="basicDetails" time="125.859"/>
  <testcase classname="com.SugarMills.tc.TC004_RAJBasicDetails" name="basicDetails" time="127.165"/>
  <testcase classname="com.SugarMills.tc.TC004_RAJBasicDetails" name="basicDetails" time="127.620"/>
  <testcase classname="com.SugarMills.tc.TC004_RAJBasicDetails" name="basicDetails" time="139.739"/>
  <testcase classname="com.SugarMills.tc.TC004_RAJBasicDetails" name="basicDetails" time="128.715"/>
</testsuite> <!-- com.SugarMills.tc.TC004_RAJBasicDetails -->
