<?xml version="1.0" encoding="UTF-8"?>
<!-- Generated by org.testng.reporters.JUnitReportReporter -->
<testsuite hostname="MAA011253A" failures="0" tests="1" name="com.MP30.tc.TC002_MPBasicDetails" time="116.421" errors="0" timestamp="2022-01-16T21:25:58 IST" skipped="0">
  <testcase classname="com.MP30.tc.TC002_MPBasicDetails" name="basicDetails" time="116.421"/>
</testsuite> <!-- com.MP30.tc.TC002_MPBasicDetails -->
