<?xml version="1.0" encoding="UTF-8"?>
<!-- Generated by org.testng.reporters.JUnitReportReporter -->
<testsuite skipped="0" hostname="MAA011276B" name="com.OBC.tc.TC001_OBCBasicDetails" tests="134" failures="0" timestamp="24 Jul 2019 13:53:39 GMT" time="10791.736" errors="0">
  <testcase name="basicDetails" time="77.954" classname="com.OBC.tc.TC001_OBCBasicDetails"/>
  <testcase name="basicDetails" time="79.647" classname="com.OBC.tc.TC001_OBCBasicDetails"/>
  <testcase name="basicDetails" time="78.681" classname="com.OBC.tc.TC001_OBCBasicDetails"/>
  <testcase name="basicDetails" time="77.041" classname="com.OBC.tc.TC001_OBCBasicDetails"/>
  <testcase name="basicDetails" time="76.717" classname="com.OBC.tc.TC001_OBCBasicDetails"/>
  <testcase name="basicDetails" time="78.810" classname="com.OBC.tc.TC001_OBCBasicDetails"/>
  <testcase name="basicDetails" time="90.793" classname="com.OBC.tc.TC001_OBCBasicDetails"/>
  <testcase name="basicDetails" time="81.546" classname="com.OBC.tc.TC001_OBCBasicDetails"/>
  <testcase name="basicDetails" time="84.816" classname="com.OBC.tc.TC001_OBCBasicDetails"/>
  <testcase name="basicDetails" time="150.590" classname="com.OBC.tc.TC001_OBCBasicDetails"/>
  <testcase name="basicDetails" time="78.311" classname="com.OBC.tc.TC001_OBCBasicDetails"/>
  <testcase name="basicDetails" time="79.545" classname="com.OBC.tc.TC001_OBCBasicDetails"/>
  <testcase name="basicDetails" time="76.381" classname="com.OBC.tc.TC001_OBCBasicDetails"/>
  <testcase name="basicDetails" time="77.594" classname="com.OBC.tc.TC001_OBCBasicDetails"/>
  <testcase name="basicDetails" time="78.185" classname="com.OBC.tc.TC001_OBCBasicDetails"/>
  <testcase name="basicDetails" time="78.343" classname="com.OBC.tc.TC001_OBCBasicDetails"/>
  <testcase name="basicDetails" time="80.586" classname="com.OBC.tc.TC001_OBCBasicDetails"/>
  <testcase name="basicDetails" time="76.694" classname="com.OBC.tc.TC001_OBCBasicDetails"/>
  <testcase name="basicDetails" time="80.412" classname="com.OBC.tc.TC001_OBCBasicDetails"/>
  <testcase name="basicDetails" time="76.811" classname="com.OBC.tc.TC001_OBCBasicDetails"/>
  <testcase name="basicDetails" time="77.496" classname="com.OBC.tc.TC001_OBCBasicDetails"/>
  <testcase name="basicDetails" time="77.392" classname="com.OBC.tc.TC001_OBCBasicDetails"/>
  <testcase name="basicDetails" time="77.067" classname="com.OBC.tc.TC001_OBCBasicDetails"/>
  <testcase name="basicDetails" time="76.722" classname="com.OBC.tc.TC001_OBCBasicDetails"/>
  <testcase name="basicDetails" time="77.359" classname="com.OBC.tc.TC001_OBCBasicDetails"/>
  <testcase name="basicDetails" time="78.305" classname="com.OBC.tc.TC001_OBCBasicDetails"/>
  <testcase name="basicDetails" time="78.728" classname="com.OBC.tc.TC001_OBCBasicDetails"/>
  <testcase name="basicDetails" time="78.689" classname="com.OBC.tc.TC001_OBCBasicDetails"/>
  <testcase name="basicDetails" time="78.538" classname="com.OBC.tc.TC001_OBCBasicDetails"/>
  <testcase name="basicDetails" time="79.193" classname="com.OBC.tc.TC001_OBCBasicDetails"/>
  <testcase name="basicDetails" time="76.187" classname="com.OBC.tc.TC001_OBCBasicDetails"/>
  <testcase name="basicDetails" time="77.603" classname="com.OBC.tc.TC001_OBCBasicDetails"/>
  <testcase name="basicDetails" time="78.380" classname="com.OBC.tc.TC001_OBCBasicDetails"/>
  <testcase name="basicDetails" time="80.204" classname="com.OBC.tc.TC001_OBCBasicDetails"/>
  <testcase name="basicDetails" time="77.090" classname="com.OBC.tc.TC001_OBCBasicDetails"/>
  <testcase name="basicDetails" time="78.583" classname="com.OBC.tc.TC001_OBCBasicDetails"/>
  <testcase name="basicDetails" time="76.895" classname="com.OBC.tc.TC001_OBCBasicDetails"/>
  <testcase name="basicDetails" time="78.200" classname="com.OBC.tc.TC001_OBCBasicDetails"/>
  <testcase name="basicDetails" time="76.983" classname="com.OBC.tc.TC001_OBCBasicDetails"/>
  <testcase name="basicDetails" time="77.809" classname="com.OBC.tc.TC001_OBCBasicDetails"/>
  <testcase name="basicDetails" time="77.144" classname="com.OBC.tc.TC001_OBCBasicDetails"/>
  <testcase name="basicDetails" time="80.405" classname="com.OBC.tc.TC001_OBCBasicDetails"/>
  <testcase name="basicDetails" time="76.602" classname="com.OBC.tc.TC001_OBCBasicDetails"/>
  <testcase name="basicDetails" time="80.047" classname="com.OBC.tc.TC001_OBCBasicDetails"/>
  <testcase name="basicDetails" time="77.460" classname="com.OBC.tc.TC001_OBCBasicDetails"/>
  <testcase name="basicDetails" time="82.213" classname="com.OBC.tc.TC001_OBCBasicDetails"/>
  <testcase name="basicDetails" time="78.347" classname="com.OBC.tc.TC001_OBCBasicDetails"/>
  <testcase name="basicDetails" time="78.173" classname="com.OBC.tc.TC001_OBCBasicDetails"/>
  <testcase name="basicDetails" time="83.962" classname="com.OBC.tc.TC001_OBCBasicDetails"/>
  <testcase name="basicDetails" time="98.802" classname="com.OBC.tc.TC001_OBCBasicDetails"/>
  <testcase name="basicDetails" time="76.509" classname="com.OBC.tc.TC001_OBCBasicDetails"/>
  <testcase name="basicDetails" time="79.129" classname="com.OBC.tc.TC001_OBCBasicDetails"/>
  <testcase name="basicDetails" time="78.111" classname="com.OBC.tc.TC001_OBCBasicDetails"/>
  <testcase name="basicDetails" time="77.379" classname="com.OBC.tc.TC001_OBCBasicDetails"/>
  <testcase name="basicDetails" time="82.068" classname="com.OBC.tc.TC001_OBCBasicDetails"/>
  <testcase name="basicDetails" time="78.771" classname="com.OBC.tc.TC001_OBCBasicDetails"/>
  <testcase name="basicDetails" time="77.229" classname="com.OBC.tc.TC001_OBCBasicDetails"/>
  <testcase name="basicDetails" time="79.665" classname="com.OBC.tc.TC001_OBCBasicDetails"/>
  <testcase name="basicDetails" time="77.493" classname="com.OBC.tc.TC001_OBCBasicDetails"/>
  <testcase name="basicDetails" time="80.604" classname="com.OBC.tc.TC001_OBCBasicDetails"/>
  <testcase name="basicDetails" time="77.697" classname="com.OBC.tc.TC001_OBCBasicDetails"/>
  <testcase name="basicDetails" time="77.095" classname="com.OBC.tc.TC001_OBCBasicDetails"/>
  <testcase name="basicDetails" time="79.257" classname="com.OBC.tc.TC001_OBCBasicDetails"/>
  <testcase name="basicDetails" time="109.129" classname="com.OBC.tc.TC001_OBCBasicDetails"/>
  <testcase name="basicDetails" time="79.009" classname="com.OBC.tc.TC001_OBCBasicDetails"/>
  <testcase name="basicDetails" time="76.530" classname="com.OBC.tc.TC001_OBCBasicDetails"/>
  <testcase name="basicDetails" time="79.690" classname="com.OBC.tc.TC001_OBCBasicDetails"/>
  <testcase name="basicDetails" time="76.855" classname="com.OBC.tc.TC001_OBCBasicDetails"/>
  <testcase name="basicDetails" time="102.334" classname="com.OBC.tc.TC001_OBCBasicDetails"/>
  <testcase name="basicDetails" time="76.912" classname="com.OBC.tc.TC001_OBCBasicDetails"/>
  <testcase name="basicDetails" time="77.630" classname="com.OBC.tc.TC001_OBCBasicDetails"/>
  <testcase name="basicDetails" time="83.588" classname="com.OBC.tc.TC001_OBCBasicDetails"/>
  <testcase name="basicDetails" time="77.669" classname="com.OBC.tc.TC001_OBCBasicDetails"/>
  <testcase name="basicDetails" time="76.498" classname="com.OBC.tc.TC001_OBCBasicDetails"/>
  <testcase name="basicDetails" time="78.420" classname="com.OBC.tc.TC001_OBCBasicDetails"/>
  <testcase name="basicDetails" time="77.411" classname="com.OBC.tc.TC001_OBCBasicDetails"/>
  <testcase name="basicDetails" time="77.247" classname="com.OBC.tc.TC001_OBCBasicDetails"/>
  <testcase name="basicDetails" time="79.247" classname="com.OBC.tc.TC001_OBCBasicDetails"/>
  <testcase name="basicDetails" time="78.999" classname="com.OBC.tc.TC001_OBCBasicDetails"/>
  <testcase name="basicDetails" time="79.134" classname="com.OBC.tc.TC001_OBCBasicDetails"/>
  <testcase name="basicDetails" time="78.229" classname="com.OBC.tc.TC001_OBCBasicDetails"/>
  <testcase name="basicDetails" time="78.313" classname="com.OBC.tc.TC001_OBCBasicDetails"/>
  <testcase name="basicDetails" time="80.037" classname="com.OBC.tc.TC001_OBCBasicDetails"/>
  <testcase name="basicDetails" time="90.209" classname="com.OBC.tc.TC001_OBCBasicDetails"/>
  <testcase name="basicDetails" time="77.555" classname="com.OBC.tc.TC001_OBCBasicDetails"/>
  <testcase name="basicDetails" time="77.783" classname="com.OBC.tc.TC001_OBCBasicDetails"/>
  <testcase name="basicDetails" time="78.181" classname="com.OBC.tc.TC001_OBCBasicDetails"/>
  <testcase name="basicDetails" time="77.106" classname="com.OBC.tc.TC001_OBCBasicDetails"/>
  <testcase name="basicDetails" time="77.797" classname="com.OBC.tc.TC001_OBCBasicDetails"/>
  <testcase name="basicDetails" time="83.087" classname="com.OBC.tc.TC001_OBCBasicDetails"/>
  <testcase name="basicDetails" time="76.200" classname="com.OBC.tc.TC001_OBCBasicDetails"/>
  <testcase name="basicDetails" time="78.490" classname="com.OBC.tc.TC001_OBCBasicDetails"/>
  <testcase name="basicDetails" time="78.338" classname="com.OBC.tc.TC001_OBCBasicDetails"/>
  <testcase name="basicDetails" time="76.291" classname="com.OBC.tc.TC001_OBCBasicDetails"/>
  <testcase name="basicDetails" time="76.636" classname="com.OBC.tc.TC001_OBCBasicDetails"/>
  <testcase name="basicDetails" time="77.267" classname="com.OBC.tc.TC001_OBCBasicDetails"/>
  <testcase name="basicDetails" time="77.500" classname="com.OBC.tc.TC001_OBCBasicDetails"/>
  <testcase name="basicDetails" time="76.921" classname="com.OBC.tc.TC001_OBCBasicDetails"/>
  <testcase name="basicDetails" time="79.833" classname="com.OBC.tc.TC001_OBCBasicDetails"/>
  <testcase name="basicDetails" time="77.457" classname="com.OBC.tc.TC001_OBCBasicDetails"/>
  <testcase name="basicDetails" time="78.290" classname="com.OBC.tc.TC001_OBCBasicDetails"/>
  <testcase name="basicDetails" time="79.376" classname="com.OBC.tc.TC001_OBCBasicDetails"/>
  <testcase name="basicDetails" time="76.895" classname="com.OBC.tc.TC001_OBCBasicDetails"/>
  <testcase name="basicDetails" time="79.195" classname="com.OBC.tc.TC001_OBCBasicDetails"/>
  <testcase name="basicDetails" time="78.056" classname="com.OBC.tc.TC001_OBCBasicDetails"/>
  <testcase name="basicDetails" time="77.294" classname="com.OBC.tc.TC001_OBCBasicDetails"/>
  <testcase name="basicDetails" time="77.683" classname="com.OBC.tc.TC001_OBCBasicDetails"/>
  <testcase name="basicDetails" time="79.199" classname="com.OBC.tc.TC001_OBCBasicDetails"/>
  <testcase name="basicDetails" time="93.631" classname="com.OBC.tc.TC001_OBCBasicDetails"/>
  <testcase name="basicDetails" time="78.618" classname="com.OBC.tc.TC001_OBCBasicDetails"/>
  <testcase name="basicDetails" time="77.892" classname="com.OBC.tc.TC001_OBCBasicDetails"/>
  <testcase name="basicDetails" time="77.116" classname="com.OBC.tc.TC001_OBCBasicDetails"/>
  <testcase name="basicDetails" time="77.255" classname="com.OBC.tc.TC001_OBCBasicDetails"/>
  <testcase name="basicDetails" time="78.583" classname="com.OBC.tc.TC001_OBCBasicDetails"/>
  <testcase name="basicDetails" time="79.926" classname="com.OBC.tc.TC001_OBCBasicDetails"/>
  <testcase name="basicDetails" time="79.820" classname="com.OBC.tc.TC001_OBCBasicDetails"/>
  <testcase name="basicDetails" time="81.811" classname="com.OBC.tc.TC001_OBCBasicDetails"/>
  <testcase name="basicDetails" time="77.946" classname="com.OBC.tc.TC001_OBCBasicDetails"/>
  <testcase name="basicDetails" time="78.040" classname="com.OBC.tc.TC001_OBCBasicDetails"/>
  <testcase name="basicDetails" time="78.751" classname="com.OBC.tc.TC001_OBCBasicDetails"/>
  <testcase name="basicDetails" time="78.286" classname="com.OBC.tc.TC001_OBCBasicDetails"/>
  <testcase name="basicDetails" time="76.025" classname="com.OBC.tc.TC001_OBCBasicDetails"/>
  <testcase name="basicDetails" time="77.745" classname="com.OBC.tc.TC001_OBCBasicDetails"/>
  <testcase name="basicDetails" time="76.665" classname="com.OBC.tc.TC001_OBCBasicDetails"/>
  <testcase name="basicDetails" time="77.197" classname="com.OBC.tc.TC001_OBCBasicDetails"/>
  <testcase name="basicDetails" time="77.333" classname="com.OBC.tc.TC001_OBCBasicDetails"/>
  <testcase name="basicDetails" time="77.224" classname="com.OBC.tc.TC001_OBCBasicDetails"/>
  <testcase name="basicDetails" time="77.167" classname="com.OBC.tc.TC001_OBCBasicDetails"/>
  <testcase name="basicDetails" time="78.655" classname="com.OBC.tc.TC001_OBCBasicDetails"/>
  <testcase name="basicDetails" time="78.238" classname="com.OBC.tc.TC001_OBCBasicDetails"/>
  <testcase name="basicDetails" time="77.231" classname="com.OBC.tc.TC001_OBCBasicDetails"/>
  <testcase name="basicDetails" time="187.760" classname="com.OBC.tc.TC001_OBCBasicDetails"/>
  <testcase name="basicDetails" time="78.623" classname="com.OBC.tc.TC001_OBCBasicDetails"/>
  <testcase name="basicDetails" time="77.636" classname="com.OBC.tc.TC001_OBCBasicDetails"/>
</testsuite> <!-- com.OBC.tc.TC001_OBCBasicDetails -->
