<?xml version="1.0" encoding="UTF-8"?>
<!-- Generated by org.testng.reporters.JUnitReportReporter -->
<testsuite skipped="0" hostname="MAA015435A" name="com.maha.tc.TC002_MAHABasicDetails" tests="90" failures="0" timestamp="21 Nov 2019 08:39:49 GMT" time="8148.202" errors="1">
  <testcase name="basicDetails" time="89.944" classname="com.maha.tc.TC002_MAHABasicDetails"/>
  <testcase name="basicDetails" time="90.113" classname="com.maha.tc.TC002_MAHABasicDetails"/>
  <testcase name="basicDetails" time="88.001" classname="com.maha.tc.TC002_MAHABasicDetails"/>
  <testcase name="basicDetails" time="89.258" classname="com.maha.tc.TC002_MAHABasicDetails"/>
  <testcase name="basicDetails" time="88.826" classname="com.maha.tc.TC002_MAHABasicDetails"/>
  <testcase name="basicDetails" time="90.162" classname="com.maha.tc.TC002_MAHABasicDetails"/>
  <testcase name="basicDetails" time="90.875" classname="com.maha.tc.TC002_MAHABasicDetails"/>
  <testcase name="basicDetails" time="90.850" classname="com.maha.tc.TC002_MAHABasicDetails"/>
  <testcase name="basicDetails" time="26.742" classname="com.maha.tc.TC002_MAHABasicDetails">
    <error type="java.io.FileNotFoundException" message=".\data\MAHA_2.xlsx (The process cannot access the file because it is being used by another process)">
      <![CDATA[java.io.FileNotFoundException: .\data\MAHA_2.xlsx (The process cannot access the file because it is being used by another process)
at java.io.FileOutputStream.open0(Native Method)
at java.io.FileOutputStream.open(Unknown Source)
at java.io.FileOutputStream.<init>(Unknown Source)
at java.io.FileOutputStream.<init>(Unknown Source)
at lib.selenium.WebDriverServiceImpl.writeDataNoC(WebDriverServiceImpl.java:1323)
at lib.selenium.WebDriverServiceImpl.agevalidator_max(WebDriverServiceImpl.java:849)
at com.ibps.pages.PersonalDetailsPage.ageValidatorMax(PersonalDetailsPage.java:260)
at com.maha.tc.TC002_MAHABasicDetails.basicDetails(TC002_MAHABasicDetails.java:74)
at sun.reflect.GeneratedMethodAccessor88.invoke(Unknown Source)
at sun.reflect.DelegatingMethodAccessorImpl.invoke(Unknown Source)
at java.lang.reflect.Method.invoke(Unknown Source)
at org.testng.internal.MethodInvocationHelper.invokeMethod(MethodInvocationHelper.java:124)
at org.testng.internal.Invoker.invokeMethod(Invoker.java:583)
at org.testng.internal.Invoker.invokeTestMethod(Invoker.java:719)
at org.testng.internal.Invoker.invokeTestMethods(Invoker.java:989)
at org.testng.internal.TestMethodWorker.invokeTestMethods(TestMethodWorker.java:125)
at org.testng.internal.TestMethodWorker.run(TestMethodWorker.java:109)
at java.util.concurrent.ThreadPoolExecutor.runWorker(Unknown Source)
at java.util.concurrent.ThreadPoolExecutor$Worker.run(Unknown Source)
at java.lang.Thread.run(Unknown Source)
]]>
    </error>
  </testcase> <!-- basicDetails -->
  <testcase name="basicDetails" time="89.768" classname="com.maha.tc.TC002_MAHABasicDetails"/>
  <testcase name="basicDetails" time="90.711" classname="com.maha.tc.TC002_MAHABasicDetails"/>
  <testcase name="basicDetails" time="88.832" classname="com.maha.tc.TC002_MAHABasicDetails"/>
  <testcase name="basicDetails" time="89.293" classname="com.maha.tc.TC002_MAHABasicDetails"/>
  <testcase name="basicDetails" time="90.825" classname="com.maha.tc.TC002_MAHABasicDetails"/>
  <testcase name="basicDetails" time="89.287" classname="com.maha.tc.TC002_MAHABasicDetails"/>
  <testcase name="basicDetails" time="89.481" classname="com.maha.tc.TC002_MAHABasicDetails"/>
  <testcase name="basicDetails" time="100.704" classname="com.maha.tc.TC002_MAHABasicDetails"/>
  <testcase name="basicDetails" time="88.747" classname="com.maha.tc.TC002_MAHABasicDetails"/>
  <testcase name="basicDetails" time="89.937" classname="com.maha.tc.TC002_MAHABasicDetails"/>
  <testcase name="basicDetails" time="89.807" classname="com.maha.tc.TC002_MAHABasicDetails"/>
  <testcase name="basicDetails" time="90.366" classname="com.maha.tc.TC002_MAHABasicDetails"/>
  <testcase name="basicDetails" time="89.130" classname="com.maha.tc.TC002_MAHABasicDetails"/>
  <testcase name="basicDetails" time="90.578" classname="com.maha.tc.TC002_MAHABasicDetails"/>
  <testcase name="basicDetails" time="89.875" classname="com.maha.tc.TC002_MAHABasicDetails"/>
  <testcase name="basicDetails" time="89.975" classname="com.maha.tc.TC002_MAHABasicDetails"/>
  <testcase name="basicDetails" time="89.292" classname="com.maha.tc.TC002_MAHABasicDetails"/>
  <testcase name="basicDetails" time="88.361" classname="com.maha.tc.TC002_MAHABasicDetails"/>
  <testcase name="basicDetails" time="104.274" classname="com.maha.tc.TC002_MAHABasicDetails"/>
  <testcase name="basicDetails" time="88.794" classname="com.maha.tc.TC002_MAHABasicDetails"/>
  <testcase name="basicDetails" time="89.840" classname="com.maha.tc.TC002_MAHABasicDetails"/>
  <testcase name="basicDetails" time="91.031" classname="com.maha.tc.TC002_MAHABasicDetails"/>
  <testcase name="basicDetails" time="88.815" classname="com.maha.tc.TC002_MAHABasicDetails"/>
  <testcase name="basicDetails" time="99.157" classname="com.maha.tc.TC002_MAHABasicDetails"/>
  <testcase name="basicDetails" time="100.406" classname="com.maha.tc.TC002_MAHABasicDetails"/>
  <testcase name="basicDetails" time="88.518" classname="com.maha.tc.TC002_MAHABasicDetails"/>
  <testcase name="basicDetails" time="88.850" classname="com.maha.tc.TC002_MAHABasicDetails"/>
  <testcase name="basicDetails" time="89.692" classname="com.maha.tc.TC002_MAHABasicDetails"/>
  <testcase name="basicDetails" time="89.560" classname="com.maha.tc.TC002_MAHABasicDetails"/>
  <testcase name="basicDetails" time="91.858" classname="com.maha.tc.TC002_MAHABasicDetails"/>
  <testcase name="basicDetails" time="89.455" classname="com.maha.tc.TC002_MAHABasicDetails"/>
  <testcase name="basicDetails" time="89.264" classname="com.maha.tc.TC002_MAHABasicDetails"/>
  <testcase name="basicDetails" time="89.301" classname="com.maha.tc.TC002_MAHABasicDetails"/>
  <testcase name="basicDetails" time="90.071" classname="com.maha.tc.TC002_MAHABasicDetails"/>
  <testcase name="basicDetails" time="89.058" classname="com.maha.tc.TC002_MAHABasicDetails"/>
  <testcase name="basicDetails" time="88.661" classname="com.maha.tc.TC002_MAHABasicDetails"/>
  <testcase name="basicDetails" time="88.671" classname="com.maha.tc.TC002_MAHABasicDetails"/>
  <testcase name="basicDetails" time="89.091" classname="com.maha.tc.TC002_MAHABasicDetails"/>
  <testcase name="basicDetails" time="90.492" classname="com.maha.tc.TC002_MAHABasicDetails"/>
  <testcase name="basicDetails" time="100.220" classname="com.maha.tc.TC002_MAHABasicDetails"/>
  <testcase name="basicDetails" time="88.520" classname="com.maha.tc.TC002_MAHABasicDetails"/>
  <testcase name="basicDetails" time="89.787" classname="com.maha.tc.TC002_MAHABasicDetails"/>
  <testcase name="basicDetails" time="89.289" classname="com.maha.tc.TC002_MAHABasicDetails"/>
  <testcase name="basicDetails" time="88.956" classname="com.maha.tc.TC002_MAHABasicDetails"/>
  <testcase name="basicDetails" time="100.155" classname="com.maha.tc.TC002_MAHABasicDetails"/>
  <testcase name="basicDetails" time="89.534" classname="com.maha.tc.TC002_MAHABasicDetails"/>
  <testcase name="basicDetails" time="89.369" classname="com.maha.tc.TC002_MAHABasicDetails"/>
  <testcase name="basicDetails" time="91.565" classname="com.maha.tc.TC002_MAHABasicDetails"/>
  <testcase name="basicDetails" time="89.743" classname="com.maha.tc.TC002_MAHABasicDetails"/>
  <testcase name="basicDetails" time="90.120" classname="com.maha.tc.TC002_MAHABasicDetails"/>
  <testcase name="basicDetails" time="88.355" classname="com.maha.tc.TC002_MAHABasicDetails"/>
  <testcase name="basicDetails" time="88.846" classname="com.maha.tc.TC002_MAHABasicDetails"/>
  <testcase name="basicDetails" time="89.986" classname="com.maha.tc.TC002_MAHABasicDetails"/>
  <testcase name="basicDetails" time="89.831" classname="com.maha.tc.TC002_MAHABasicDetails"/>
  <testcase name="basicDetails" time="89.546" classname="com.maha.tc.TC002_MAHABasicDetails"/>
  <testcase name="basicDetails" time="90.376" classname="com.maha.tc.TC002_MAHABasicDetails"/>
  <testcase name="basicDetails" time="100.696" classname="com.maha.tc.TC002_MAHABasicDetails"/>
  <testcase name="basicDetails" time="90.013" classname="com.maha.tc.TC002_MAHABasicDetails"/>
  <testcase name="basicDetails" time="100.156" classname="com.maha.tc.TC002_MAHABasicDetails"/>
  <testcase name="basicDetails" time="91.044" classname="com.maha.tc.TC002_MAHABasicDetails"/>
  <testcase name="basicDetails" time="88.348" classname="com.maha.tc.TC002_MAHABasicDetails"/>
  <testcase name="basicDetails" time="101.384" classname="com.maha.tc.TC002_MAHABasicDetails"/>
  <testcase name="basicDetails" time="99.006" classname="com.maha.tc.TC002_MAHABasicDetails"/>
  <testcase name="basicDetails" time="88.539" classname="com.maha.tc.TC002_MAHABasicDetails"/>
  <testcase name="basicDetails" time="89.487" classname="com.maha.tc.TC002_MAHABasicDetails"/>
  <testcase name="basicDetails" time="89.283" classname="com.maha.tc.TC002_MAHABasicDetails"/>
  <testcase name="basicDetails" time="98.976" classname="com.maha.tc.TC002_MAHABasicDetails"/>
  <testcase name="basicDetails" time="90.248" classname="com.maha.tc.TC002_MAHABasicDetails"/>
  <testcase name="basicDetails" time="88.410" classname="com.maha.tc.TC002_MAHABasicDetails"/>
  <testcase name="basicDetails" time="99.288" classname="com.maha.tc.TC002_MAHABasicDetails"/>
  <testcase name="basicDetails" time="89.107" classname="com.maha.tc.TC002_MAHABasicDetails"/>
  <testcase name="basicDetails" time="99.309" classname="com.maha.tc.TC002_MAHABasicDetails"/>
  <testcase name="basicDetails" time="88.965" classname="com.maha.tc.TC002_MAHABasicDetails"/>
  <testcase name="basicDetails" time="100.489" classname="com.maha.tc.TC002_MAHABasicDetails"/>
  <testcase name="basicDetails" time="89.676" classname="com.maha.tc.TC002_MAHABasicDetails"/>
  <testcase name="basicDetails" time="89.781" classname="com.maha.tc.TC002_MAHABasicDetails"/>
  <testcase name="basicDetails" time="89.262" classname="com.maha.tc.TC002_MAHABasicDetails"/>
  <testcase name="basicDetails" time="89.728" classname="com.maha.tc.TC002_MAHABasicDetails"/>
  <testcase name="basicDetails" time="91.388" classname="com.maha.tc.TC002_MAHABasicDetails"/>
  <testcase name="basicDetails" time="88.932" classname="com.maha.tc.TC002_MAHABasicDetails"/>
  <testcase name="basicDetails" time="87.890" classname="com.maha.tc.TC002_MAHABasicDetails"/>
</testsuite> <!-- com.maha.tc.TC002_MAHABasicDetails -->
