<?xml version="1.0" encoding="UTF-8"?>
<!-- Generated by org.testng.reporters.JUnitReportReporter -->
<testsuite skipped="0" hostname="MAA014482B" name="com.SPMCIL_May23.tc.TC003_SPMCILBasicDetails" tests="146" failures="0" timestamp="2023-06-29T06:36:40 IST" time="23255.410" errors="0">
  <testcase name="basicDetails" time="158.105" classname="com.SPMCIL_May23.tc.TC003_SPMCILBasicDetails"/>
  <testcase name="basicDetails" time="158.640" classname="com.SPMCIL_May23.tc.TC003_SPMCILBasicDetails"/>
  <testcase name="basicDetails" time="158.001" classname="com.SPMCIL_May23.tc.TC003_SPMCILBasicDetails"/>
  <testcase name="basicDetails" time="158.314" classname="com.SPMCIL_May23.tc.TC003_SPMCILBasicDetails"/>
  <testcase name="basicDetails" time="158.304" classname="com.SPMCIL_May23.tc.TC003_SPMCILBasicDetails"/>
  <testcase name="basicDetails" time="158.641" classname="com.SPMCIL_May23.tc.TC003_SPMCILBasicDetails"/>
  <testcase name="basicDetails" time="158.465" classname="com.SPMCIL_May23.tc.TC003_SPMCILBasicDetails"/>
  <testcase name="basicDetails" time="158.037" classname="com.SPMCIL_May23.tc.TC003_SPMCILBasicDetails"/>
  <testcase name="basicDetails" time="186.322" classname="com.SPMCIL_May23.tc.TC003_SPMCILBasicDetails"/>
  <testcase name="basicDetails" time="157.917" classname="com.SPMCIL_May23.tc.TC003_SPMCILBasicDetails"/>
  <testcase name="basicDetails" time="158.530" classname="com.SPMCIL_May23.tc.TC003_SPMCILBasicDetails"/>
  <testcase name="basicDetails" time="158.687" classname="com.SPMCIL_May23.tc.TC003_SPMCILBasicDetails"/>
  <testcase name="basicDetails" time="158.139" classname="com.SPMCIL_May23.tc.TC003_SPMCILBasicDetails"/>
  <testcase name="basicDetails" time="158.047" classname="com.SPMCIL_May23.tc.TC003_SPMCILBasicDetails"/>
  <testcase name="basicDetails" time="158.279" classname="com.SPMCIL_May23.tc.TC003_SPMCILBasicDetails"/>
  <testcase name="basicDetails" time="185.875" classname="com.SPMCIL_May23.tc.TC003_SPMCILBasicDetails"/>
  <testcase name="basicDetails" time="158.149" classname="com.SPMCIL_May23.tc.TC003_SPMCILBasicDetails"/>
  <testcase name="basicDetails" time="157.829" classname="com.SPMCIL_May23.tc.TC003_SPMCILBasicDetails"/>
  <testcase name="basicDetails" time="158.285" classname="com.SPMCIL_May23.tc.TC003_SPMCILBasicDetails"/>
  <testcase name="basicDetails" time="158.300" classname="com.SPMCIL_May23.tc.TC003_SPMCILBasicDetails"/>
  <testcase name="basicDetails" time="158.517" classname="com.SPMCIL_May23.tc.TC003_SPMCILBasicDetails"/>
  <testcase name="basicDetails" time="158.063" classname="com.SPMCIL_May23.tc.TC003_SPMCILBasicDetails"/>
  <testcase name="basicDetails" time="158.320" classname="com.SPMCIL_May23.tc.TC003_SPMCILBasicDetails"/>
  <testcase name="basicDetails" time="186.256" classname="com.SPMCIL_May23.tc.TC003_SPMCILBasicDetails"/>
  <testcase name="basicDetails" time="158.190" classname="com.SPMCIL_May23.tc.TC003_SPMCILBasicDetails"/>
  <testcase name="basicDetails" time="158.547" classname="com.SPMCIL_May23.tc.TC003_SPMCILBasicDetails"/>
  <testcase name="basicDetails" time="158.278" classname="com.SPMCIL_May23.tc.TC003_SPMCILBasicDetails"/>
  <testcase name="basicDetails" time="158.064" classname="com.SPMCIL_May23.tc.TC003_SPMCILBasicDetails"/>
  <testcase name="basicDetails" time="158.516" classname="com.SPMCIL_May23.tc.TC003_SPMCILBasicDetails"/>
  <testcase name="basicDetails" time="158.189" classname="com.SPMCIL_May23.tc.TC003_SPMCILBasicDetails"/>
  <testcase name="basicDetails" time="158.438" classname="com.SPMCIL_May23.tc.TC003_SPMCILBasicDetails"/>
  <testcase name="basicDetails" time="158.275" classname="com.SPMCIL_May23.tc.TC003_SPMCILBasicDetails"/>
  <testcase name="basicDetails" time="157.813" classname="com.SPMCIL_May23.tc.TC003_SPMCILBasicDetails"/>
  <testcase name="basicDetails" time="158.670" classname="com.SPMCIL_May23.tc.TC003_SPMCILBasicDetails"/>
  <testcase name="basicDetails" time="157.996" classname="com.SPMCIL_May23.tc.TC003_SPMCILBasicDetails"/>
  <testcase name="basicDetails" time="158.124" classname="com.SPMCIL_May23.tc.TC003_SPMCILBasicDetails"/>
  <testcase name="basicDetails" time="158.276" classname="com.SPMCIL_May23.tc.TC003_SPMCILBasicDetails"/>
  <testcase name="basicDetails" time="164.483" classname="com.SPMCIL_May23.tc.TC003_SPMCILBasicDetails"/>
  <testcase name="basicDetails" time="158.027" classname="com.SPMCIL_May23.tc.TC003_SPMCILBasicDetails"/>
  <testcase name="basicDetails" time="158.154" classname="com.SPMCIL_May23.tc.TC003_SPMCILBasicDetails"/>
  <testcase name="basicDetails" time="158.335" classname="com.SPMCIL_May23.tc.TC003_SPMCILBasicDetails"/>
  <testcase name="basicDetails" time="158.491" classname="com.SPMCIL_May23.tc.TC003_SPMCILBasicDetails"/>
  <testcase name="basicDetails" time="158.099" classname="com.SPMCIL_May23.tc.TC003_SPMCILBasicDetails"/>
  <testcase name="basicDetails" time="158.563" classname="com.SPMCIL_May23.tc.TC003_SPMCILBasicDetails"/>
  <testcase name="basicDetails" time="158.216" classname="com.SPMCIL_May23.tc.TC003_SPMCILBasicDetails"/>
  <testcase name="basicDetails" time="157.838" classname="com.SPMCIL_May23.tc.TC003_SPMCILBasicDetails"/>
  <testcase name="basicDetails" time="158.292" classname="com.SPMCIL_May23.tc.TC003_SPMCILBasicDetails"/>
  <testcase name="basicDetails" time="158.435" classname="com.SPMCIL_May23.tc.TC003_SPMCILBasicDetails"/>
  <testcase name="basicDetails" time="158.364" classname="com.SPMCIL_May23.tc.TC003_SPMCILBasicDetails"/>
  <testcase name="basicDetails" time="158.521" classname="com.SPMCIL_May23.tc.TC003_SPMCILBasicDetails"/>
  <testcase name="basicDetails" time="158.141" classname="com.SPMCIL_May23.tc.TC003_SPMCILBasicDetails"/>
  <testcase name="basicDetails" time="158.196" classname="com.SPMCIL_May23.tc.TC003_SPMCILBasicDetails"/>
  <testcase name="basicDetails" time="158.053" classname="com.SPMCIL_May23.tc.TC003_SPMCILBasicDetails"/>
  <testcase name="basicDetails" time="158.383" classname="com.SPMCIL_May23.tc.TC003_SPMCILBasicDetails"/>
  <testcase name="basicDetails" time="158.330" classname="com.SPMCIL_May23.tc.TC003_SPMCILBasicDetails"/>
  <testcase name="basicDetails" time="158.143" classname="com.SPMCIL_May23.tc.TC003_SPMCILBasicDetails"/>
  <testcase name="basicDetails" time="158.122" classname="com.SPMCIL_May23.tc.TC003_SPMCILBasicDetails"/>
  <testcase name="basicDetails" time="158.328" classname="com.SPMCIL_May23.tc.TC003_SPMCILBasicDetails"/>
  <testcase name="basicDetails" time="159.163" classname="com.SPMCIL_May23.tc.TC003_SPMCILBasicDetails"/>
  <testcase name="basicDetails" time="158.572" classname="com.SPMCIL_May23.tc.TC003_SPMCILBasicDetails"/>
  <testcase name="basicDetails" time="158.465" classname="com.SPMCIL_May23.tc.TC003_SPMCILBasicDetails"/>
  <testcase name="basicDetails" time="158.005" classname="com.SPMCIL_May23.tc.TC003_SPMCILBasicDetails"/>
  <testcase name="basicDetails" time="158.623" classname="com.SPMCIL_May23.tc.TC003_SPMCILBasicDetails"/>
  <testcase name="basicDetails" time="158.355" classname="com.SPMCIL_May23.tc.TC003_SPMCILBasicDetails"/>
  <testcase name="basicDetails" time="158.091" classname="com.SPMCIL_May23.tc.TC003_SPMCILBasicDetails"/>
  <testcase name="basicDetails" time="157.814" classname="com.SPMCIL_May23.tc.TC003_SPMCILBasicDetails"/>
  <testcase name="basicDetails" time="158.499" classname="com.SPMCIL_May23.tc.TC003_SPMCILBasicDetails"/>
  <testcase name="basicDetails" time="158.179" classname="com.SPMCIL_May23.tc.TC003_SPMCILBasicDetails"/>
  <testcase name="basicDetails" time="158.212" classname="com.SPMCIL_May23.tc.TC003_SPMCILBasicDetails"/>
  <testcase name="basicDetails" time="158.137" classname="com.SPMCIL_May23.tc.TC003_SPMCILBasicDetails"/>
  <testcase name="basicDetails" time="158.190" classname="com.SPMCIL_May23.tc.TC003_SPMCILBasicDetails"/>
  <testcase name="basicDetails" time="158.539" classname="com.SPMCIL_May23.tc.TC003_SPMCILBasicDetails"/>
  <testcase name="basicDetails" time="157.900" classname="com.SPMCIL_May23.tc.TC003_SPMCILBasicDetails"/>
  <testcase name="basicDetails" time="158.406" classname="com.SPMCIL_May23.tc.TC003_SPMCILBasicDetails"/>
  <testcase name="basicDetails" time="158.276" classname="com.SPMCIL_May23.tc.TC003_SPMCILBasicDetails"/>
  <testcase name="basicDetails" time="185.916" classname="com.SPMCIL_May23.tc.TC003_SPMCILBasicDetails"/>
  <testcase name="basicDetails" time="158.017" classname="com.SPMCIL_May23.tc.TC003_SPMCILBasicDetails"/>
  <testcase name="basicDetails" time="158.668" classname="com.SPMCIL_May23.tc.TC003_SPMCILBasicDetails"/>
  <testcase name="basicDetails" time="158.219" classname="com.SPMCIL_May23.tc.TC003_SPMCILBasicDetails"/>
  <testcase name="basicDetails" time="158.046" classname="com.SPMCIL_May23.tc.TC003_SPMCILBasicDetails"/>
  <testcase name="basicDetails" time="158.619" classname="com.SPMCIL_May23.tc.TC003_SPMCILBasicDetails"/>
  <testcase name="basicDetails" time="157.975" classname="com.SPMCIL_May23.tc.TC003_SPMCILBasicDetails"/>
  <testcase name="basicDetails" time="158.446" classname="com.SPMCIL_May23.tc.TC003_SPMCILBasicDetails"/>
  <testcase name="basicDetails" time="158.382" classname="com.SPMCIL_May23.tc.TC003_SPMCILBasicDetails"/>
  <testcase name="basicDetails" time="158.579" classname="com.SPMCIL_May23.tc.TC003_SPMCILBasicDetails"/>
  <testcase name="basicDetails" time="158.133" classname="com.SPMCIL_May23.tc.TC003_SPMCILBasicDetails"/>
  <testcase name="basicDetails" time="158.176" classname="com.SPMCIL_May23.tc.TC003_SPMCILBasicDetails"/>
  <testcase name="basicDetails" time="158.140" classname="com.SPMCIL_May23.tc.TC003_SPMCILBasicDetails"/>
  <testcase name="basicDetails" time="158.556" classname="com.SPMCIL_May23.tc.TC003_SPMCILBasicDetails"/>
  <testcase name="basicDetails" time="158.695" classname="com.SPMCIL_May23.tc.TC003_SPMCILBasicDetails"/>
  <testcase name="basicDetails" time="158.346" classname="com.SPMCIL_May23.tc.TC003_SPMCILBasicDetails"/>
  <testcase name="basicDetails" time="158.198" classname="com.SPMCIL_May23.tc.TC003_SPMCILBasicDetails"/>
  <testcase name="basicDetails" time="158.374" classname="com.SPMCIL_May23.tc.TC003_SPMCILBasicDetails"/>
  <testcase name="basicDetails" time="158.347" classname="com.SPMCIL_May23.tc.TC003_SPMCILBasicDetails"/>
  <testcase name="basicDetails" time="158.339" classname="com.SPMCIL_May23.tc.TC003_SPMCILBasicDetails"/>
  <testcase name="basicDetails" time="158.370" classname="com.SPMCIL_May23.tc.TC003_SPMCILBasicDetails"/>
  <testcase name="basicDetails" time="158.312" classname="com.SPMCIL_May23.tc.TC003_SPMCILBasicDetails"/>
  <testcase name="basicDetails" time="158.341" classname="com.SPMCIL_May23.tc.TC003_SPMCILBasicDetails"/>
  <testcase name="basicDetails" time="186.438" classname="com.SPMCIL_May23.tc.TC003_SPMCILBasicDetails"/>
  <testcase name="basicDetails" time="158.230" classname="com.SPMCIL_May23.tc.TC003_SPMCILBasicDetails"/>
  <testcase name="basicDetails" time="158.098" classname="com.SPMCIL_May23.tc.TC003_SPMCILBasicDetails"/>
  <testcase name="basicDetails" time="157.996" classname="com.SPMCIL_May23.tc.TC003_SPMCILBasicDetails"/>
  <testcase name="basicDetails" time="158.061" classname="com.SPMCIL_May23.tc.TC003_SPMCILBasicDetails"/>
  <testcase name="basicDetails" time="158.425" classname="com.SPMCIL_May23.tc.TC003_SPMCILBasicDetails"/>
  <testcase name="basicDetails" time="158.338" classname="com.SPMCIL_May23.tc.TC003_SPMCILBasicDetails"/>
  <testcase name="basicDetails" time="158.524" classname="com.SPMCIL_May23.tc.TC003_SPMCILBasicDetails"/>
  <testcase name="basicDetails" time="158.539" classname="com.SPMCIL_May23.tc.TC003_SPMCILBasicDetails"/>
  <testcase name="basicDetails" time="158.490" classname="com.SPMCIL_May23.tc.TC003_SPMCILBasicDetails"/>
  <testcase name="basicDetails" time="158.212" classname="com.SPMCIL_May23.tc.TC003_SPMCILBasicDetails"/>
  <testcase name="basicDetails" time="158.245" classname="com.SPMCIL_May23.tc.TC003_SPMCILBasicDetails"/>
  <testcase name="basicDetails" time="158.313" classname="com.SPMCIL_May23.tc.TC003_SPMCILBasicDetails"/>
  <testcase name="basicDetails" time="158.757" classname="com.SPMCIL_May23.tc.TC003_SPMCILBasicDetails"/>
  <testcase name="basicDetails" time="158.548" classname="com.SPMCIL_May23.tc.TC003_SPMCILBasicDetails"/>
  <testcase name="basicDetails" time="158.362" classname="com.SPMCIL_May23.tc.TC003_SPMCILBasicDetails"/>
  <testcase name="basicDetails" time="158.291" classname="com.SPMCIL_May23.tc.TC003_SPMCILBasicDetails"/>
  <testcase name="basicDetails" time="158.470" classname="com.SPMCIL_May23.tc.TC003_SPMCILBasicDetails"/>
  <testcase name="basicDetails" time="158.446" classname="com.SPMCIL_May23.tc.TC003_SPMCILBasicDetails"/>
  <testcase name="basicDetails" time="157.942" classname="com.SPMCIL_May23.tc.TC003_SPMCILBasicDetails"/>
  <testcase name="basicDetails" time="157.944" classname="com.SPMCIL_May23.tc.TC003_SPMCILBasicDetails"/>
  <testcase name="basicDetails" time="158.773" classname="com.SPMCIL_May23.tc.TC003_SPMCILBasicDetails"/>
  <testcase name="basicDetails" time="157.667" classname="com.SPMCIL_May23.tc.TC003_SPMCILBasicDetails"/>
  <testcase name="basicDetails" time="158.299" classname="com.SPMCIL_May23.tc.TC003_SPMCILBasicDetails"/>
  <testcase name="basicDetails" time="158.352" classname="com.SPMCIL_May23.tc.TC003_SPMCILBasicDetails"/>
  <testcase name="basicDetails" time="158.336" classname="com.SPMCIL_May23.tc.TC003_SPMCILBasicDetails"/>
  <testcase name="basicDetails" time="158.010" classname="com.SPMCIL_May23.tc.TC003_SPMCILBasicDetails"/>
  <testcase name="basicDetails" time="158.450" classname="com.SPMCIL_May23.tc.TC003_SPMCILBasicDetails"/>
  <testcase name="basicDetails" time="158.280" classname="com.SPMCIL_May23.tc.TC003_SPMCILBasicDetails"/>
  <testcase name="basicDetails" time="158.418" classname="com.SPMCIL_May23.tc.TC003_SPMCILBasicDetails"/>
  <testcase name="basicDetails" time="158.587" classname="com.SPMCIL_May23.tc.TC003_SPMCILBasicDetails"/>
  <testcase name="basicDetails" time="158.278" classname="com.SPMCIL_May23.tc.TC003_SPMCILBasicDetails"/>
  <testcase name="basicDetails" time="158.226" classname="com.SPMCIL_May23.tc.TC003_SPMCILBasicDetails"/>
  <testcase name="basicDetails" time="158.722" classname="com.SPMCIL_May23.tc.TC003_SPMCILBasicDetails"/>
  <testcase name="basicDetails" time="158.159" classname="com.SPMCIL_May23.tc.TC003_SPMCILBasicDetails"/>
  <testcase name="basicDetails" time="158.087" classname="com.SPMCIL_May23.tc.TC003_SPMCILBasicDetails"/>
  <testcase name="basicDetails" time="158.535" classname="com.SPMCIL_May23.tc.TC003_SPMCILBasicDetails"/>
  <testcase name="basicDetails" time="157.740" classname="com.SPMCIL_May23.tc.TC003_SPMCILBasicDetails"/>
  <testcase name="basicDetails" time="158.269" classname="com.SPMCIL_May23.tc.TC003_SPMCILBasicDetails"/>
  <testcase name="basicDetails" time="158.387" classname="com.SPMCIL_May23.tc.TC003_SPMCILBasicDetails"/>
  <testcase name="basicDetails" time="158.376" classname="com.SPMCIL_May23.tc.TC003_SPMCILBasicDetails"/>
  <testcase name="basicDetails" time="157.947" classname="com.SPMCIL_May23.tc.TC003_SPMCILBasicDetails"/>
  <testcase name="basicDetails" time="158.570" classname="com.SPMCIL_May23.tc.TC003_SPMCILBasicDetails"/>
  <testcase name="basicDetails" time="158.106" classname="com.SPMCIL_May23.tc.TC003_SPMCILBasicDetails"/>
  <testcase name="basicDetails" time="158.179" classname="com.SPMCIL_May23.tc.TC003_SPMCILBasicDetails"/>
  <testcase name="basicDetails" time="158.197" classname="com.SPMCIL_May23.tc.TC003_SPMCILBasicDetails"/>
  <testcase name="basicDetails" time="158.096" classname="com.SPMCIL_May23.tc.TC003_SPMCILBasicDetails"/>
  <testcase name="basicDetails" time="158.162" classname="com.SPMCIL_May23.tc.TC003_SPMCILBasicDetails"/>
</testsuite> <!-- com.SPMCIL_May23.tc.TC003_SPMCILBasicDetails -->
