<?xml version="1.0" encoding="UTF-8"?>
<!-- Generated by org.testng.reporters.JUnitReportReporter -->
<testsuite skipped="0" hostname="MAA014482B" name="com.NHB_03Jan23.TC001_NHBBasicDetails" tests="26" failures="0" timestamp="2023-01-10T18:23:02 IST" time="4276.477" errors="0">
  <testcase name="basicDetails" time="168.251" classname="com.NHB_03Jan23.TC001_NHBBasicDetails"/>
  <testcase name="basicDetails" time="159.994" classname="com.NHB_03Jan23.TC001_NHBBasicDetails"/>
  <testcase name="basicDetails" time="161.603" classname="com.NHB_03Jan23.TC001_NHBBasicDetails"/>
  <testcase name="basicDetails" time="161.158" classname="com.NHB_03Jan23.TC001_NHBBasicDetails"/>
  <testcase name="basicDetails" time="167.946" classname="com.NHB_03Jan23.TC001_NHBBasicDetails"/>
  <testcase name="basicDetails" time="163.092" classname="com.NHB_03Jan23.TC001_NHBBasicDetails"/>
  <testcase name="basicDetails" time="168.844" classname="com.NHB_03Jan23.TC001_NHBBasicDetails"/>
  <testcase name="basicDetails" time="160.237" classname="com.NHB_03Jan23.TC001_NHBBasicDetails"/>
  <testcase name="basicDetails" time="165.890" classname="com.NHB_03Jan23.TC001_NHBBasicDetails"/>
  <testcase name="basicDetails" time="168.136" classname="com.NHB_03Jan23.TC001_NHBBasicDetails"/>
  <testcase name="basicDetails" time="167.450" classname="com.NHB_03Jan23.TC001_NHBBasicDetails"/>
  <testcase name="basicDetails" time="161.781" classname="com.NHB_03Jan23.TC001_NHBBasicDetails"/>
  <testcase name="basicDetails" time="161.324" classname="com.NHB_03Jan23.TC001_NHBBasicDetails"/>
  <testcase name="basicDetails" time="168.357" classname="com.NHB_03Jan23.TC001_NHBBasicDetails"/>
  <testcase name="basicDetails" time="168.222" classname="com.NHB_03Jan23.TC001_NHBBasicDetails"/>
  <testcase name="basicDetails" time="168.545" classname="com.NHB_03Jan23.TC001_NHBBasicDetails"/>
  <testcase name="basicDetails" time="161.318" classname="com.NHB_03Jan23.TC001_NHBBasicDetails"/>
  <testcase name="basicDetails" time="160.799" classname="com.NHB_03Jan23.TC001_NHBBasicDetails"/>
  <testcase name="basicDetails" time="166.400" classname="com.NHB_03Jan23.TC001_NHBBasicDetails"/>
  <testcase name="basicDetails" time="168.407" classname="com.NHB_03Jan23.TC001_NHBBasicDetails"/>
  <testcase name="basicDetails" time="161.656" classname="com.NHB_03Jan23.TC001_NHBBasicDetails"/>
  <testcase name="basicDetails" time="168.407" classname="com.NHB_03Jan23.TC001_NHBBasicDetails"/>
  <testcase name="basicDetails" time="161.359" classname="com.NHB_03Jan23.TC001_NHBBasicDetails"/>
  <testcase name="basicDetails" time="161.812" classname="com.NHB_03Jan23.TC001_NHBBasicDetails"/>
  <testcase name="basicDetails" time="159.580" classname="com.NHB_03Jan23.TC001_NHBBasicDetails"/>
  <testcase name="basicDetails" time="165.909" classname="com.NHB_03Jan23.TC001_NHBBasicDetails"/>
</testsuite> <!-- com.NHB_03Jan23.TC001_NHBBasicDetails -->
