<?xml version="1.0" encoding="UTF-8"?>
<!-- Generated by org.testng.reporters.JUnitReportReporter -->
<testsuite skipped="0" hostname="MAA014482B" name="com.PNS.tc.TC003_PNBBasicDetails" tests="160" failures="0" timestamp="2023-06-15T00:12:04 IST" time="25310.342" errors="0">
  <testcase name="basicDetails" time="156.328" classname="com.PNS.tc.TC003_PNBBasicDetails"/>
  <testcase name="basicDetails" time="156.043" classname="com.PNS.tc.TC003_PNBBasicDetails"/>
  <testcase name="basicDetails" time="160.490" classname="com.PNS.tc.TC003_PNBBasicDetails"/>
  <testcase name="basicDetails" time="156.333" classname="com.PNS.tc.TC003_PNBBasicDetails"/>
  <testcase name="basicDetails" time="157.311" classname="com.PNS.tc.TC003_PNBBasicDetails"/>
  <testcase name="basicDetails" time="159.766" classname="com.PNS.tc.TC003_PNBBasicDetails"/>
  <testcase name="basicDetails" time="156.047" classname="com.PNS.tc.TC003_PNBBasicDetails"/>
  <testcase name="basicDetails" time="156.868" classname="com.PNS.tc.TC003_PNBBasicDetails"/>
  <testcase name="basicDetails" time="157.471" classname="com.PNS.tc.TC003_PNBBasicDetails"/>
  <testcase name="basicDetails" time="155.960" classname="com.PNS.tc.TC003_PNBBasicDetails"/>
  <testcase name="basicDetails" time="159.308" classname="com.PNS.tc.TC003_PNBBasicDetails"/>
  <testcase name="basicDetails" time="159.408" classname="com.PNS.tc.TC003_PNBBasicDetails"/>
  <testcase name="basicDetails" time="156.864" classname="com.PNS.tc.TC003_PNBBasicDetails"/>
  <testcase name="basicDetails" time="156.332" classname="com.PNS.tc.TC003_PNBBasicDetails"/>
  <testcase name="basicDetails" time="156.073" classname="com.PNS.tc.TC003_PNBBasicDetails"/>
  <testcase name="basicDetails" time="156.858" classname="com.PNS.tc.TC003_PNBBasicDetails"/>
  <testcase name="basicDetails" time="157.250" classname="com.PNS.tc.TC003_PNBBasicDetails"/>
  <testcase name="basicDetails" time="159.258" classname="com.PNS.tc.TC003_PNBBasicDetails"/>
  <testcase name="basicDetails" time="159.680" classname="com.PNS.tc.TC003_PNBBasicDetails"/>
  <testcase name="basicDetails" time="160.310" classname="com.PNS.tc.TC003_PNBBasicDetails"/>
  <testcase name="basicDetails" time="159.062" classname="com.PNS.tc.TC003_PNBBasicDetails"/>
  <testcase name="basicDetails" time="159.076" classname="com.PNS.tc.TC003_PNBBasicDetails"/>
  <testcase name="basicDetails" time="156.094" classname="com.PNS.tc.TC003_PNBBasicDetails"/>
  <testcase name="basicDetails" time="159.265" classname="com.PNS.tc.TC003_PNBBasicDetails"/>
  <testcase name="basicDetails" time="156.317" classname="com.PNS.tc.TC003_PNBBasicDetails"/>
  <testcase name="basicDetails" time="156.228" classname="com.PNS.tc.TC003_PNBBasicDetails"/>
  <testcase name="basicDetails" time="160.035" classname="com.PNS.tc.TC003_PNBBasicDetails"/>
  <testcase name="basicDetails" time="159.256" classname="com.PNS.tc.TC003_PNBBasicDetails"/>
  <testcase name="basicDetails" time="159.128" classname="com.PNS.tc.TC003_PNBBasicDetails"/>
  <testcase name="basicDetails" time="155.769" classname="com.PNS.tc.TC003_PNBBasicDetails"/>
  <testcase name="basicDetails" time="157.317" classname="com.PNS.tc.TC003_PNBBasicDetails"/>
  <testcase name="basicDetails" time="159.250" classname="com.PNS.tc.TC003_PNBBasicDetails"/>
  <testcase name="basicDetails" time="156.859" classname="com.PNS.tc.TC003_PNBBasicDetails"/>
  <testcase name="basicDetails" time="156.084" classname="com.PNS.tc.TC003_PNBBasicDetails"/>
  <testcase name="basicDetails" time="159.378" classname="com.PNS.tc.TC003_PNBBasicDetails"/>
  <testcase name="basicDetails" time="156.345" classname="com.PNS.tc.TC003_PNBBasicDetails"/>
  <testcase name="basicDetails" time="156.761" classname="com.PNS.tc.TC003_PNBBasicDetails"/>
  <testcase name="basicDetails" time="156.905" classname="com.PNS.tc.TC003_PNBBasicDetails"/>
  <testcase name="basicDetails" time="156.264" classname="com.PNS.tc.TC003_PNBBasicDetails"/>
  <testcase name="basicDetails" time="155.917" classname="com.PNS.tc.TC003_PNBBasicDetails"/>
  <testcase name="basicDetails" time="159.129" classname="com.PNS.tc.TC003_PNBBasicDetails"/>
  <testcase name="basicDetails" time="159.345" classname="com.PNS.tc.TC003_PNBBasicDetails"/>
  <testcase name="basicDetails" time="157.115" classname="com.PNS.tc.TC003_PNBBasicDetails"/>
  <testcase name="basicDetails" time="156.337" classname="com.PNS.tc.TC003_PNBBasicDetails"/>
  <testcase name="basicDetails" time="159.383" classname="com.PNS.tc.TC003_PNBBasicDetails"/>
  <testcase name="basicDetails" time="159.470" classname="com.PNS.tc.TC003_PNBBasicDetails"/>
  <testcase name="basicDetails" time="160.214" classname="com.PNS.tc.TC003_PNBBasicDetails"/>
  <testcase name="basicDetails" time="156.917" classname="com.PNS.tc.TC003_PNBBasicDetails"/>
  <testcase name="basicDetails" time="160.150" classname="com.PNS.tc.TC003_PNBBasicDetails"/>
  <testcase name="basicDetails" time="159.436" classname="com.PNS.tc.TC003_PNBBasicDetails"/>
  <testcase name="basicDetails" time="156.053" classname="com.PNS.tc.TC003_PNBBasicDetails"/>
  <testcase name="basicDetails" time="157.500" classname="com.PNS.tc.TC003_PNBBasicDetails"/>
  <testcase name="basicDetails" time="160.405" classname="com.PNS.tc.TC003_PNBBasicDetails"/>
  <testcase name="basicDetails" time="159.113" classname="com.PNS.tc.TC003_PNBBasicDetails"/>
  <testcase name="basicDetails" time="163.609" classname="com.PNS.tc.TC003_PNBBasicDetails"/>
  <testcase name="basicDetails" time="160.480" classname="com.PNS.tc.TC003_PNBBasicDetails"/>
  <testcase name="basicDetails" time="159.747" classname="com.PNS.tc.TC003_PNBBasicDetails"/>
  <testcase name="basicDetails" time="159.476" classname="com.PNS.tc.TC003_PNBBasicDetails"/>
  <testcase name="basicDetails" time="157.059" classname="com.PNS.tc.TC003_PNBBasicDetails"/>
  <testcase name="basicDetails" time="156.349" classname="com.PNS.tc.TC003_PNBBasicDetails"/>
  <testcase name="basicDetails" time="159.451" classname="com.PNS.tc.TC003_PNBBasicDetails"/>
  <testcase name="basicDetails" time="159.426" classname="com.PNS.tc.TC003_PNBBasicDetails"/>
  <testcase name="basicDetails" time="159.252" classname="com.PNS.tc.TC003_PNBBasicDetails"/>
  <testcase name="basicDetails" time="156.188" classname="com.PNS.tc.TC003_PNBBasicDetails"/>
  <testcase name="basicDetails" time="158.971" classname="com.PNS.tc.TC003_PNBBasicDetails"/>
  <testcase name="basicDetails" time="160.075" classname="com.PNS.tc.TC003_PNBBasicDetails"/>
  <testcase name="basicDetails" time="156.146" classname="com.PNS.tc.TC003_PNBBasicDetails"/>
  <testcase name="basicDetails" time="160.148" classname="com.PNS.tc.TC003_PNBBasicDetails"/>
  <testcase name="basicDetails" time="160.228" classname="com.PNS.tc.TC003_PNBBasicDetails"/>
  <testcase name="basicDetails" time="159.761" classname="com.PNS.tc.TC003_PNBBasicDetails"/>
  <testcase name="basicDetails" time="155.995" classname="com.PNS.tc.TC003_PNBBasicDetails"/>
  <testcase name="basicDetails" time="156.656" classname="com.PNS.tc.TC003_PNBBasicDetails"/>
  <testcase name="basicDetails" time="160.743" classname="com.PNS.tc.TC003_PNBBasicDetails"/>
  <testcase name="basicDetails" time="159.397" classname="com.PNS.tc.TC003_PNBBasicDetails"/>
  <testcase name="basicDetails" time="156.919" classname="com.PNS.tc.TC003_PNBBasicDetails"/>
  <testcase name="basicDetails" time="160.633" classname="com.PNS.tc.TC003_PNBBasicDetails"/>
  <testcase name="basicDetails" time="156.087" classname="com.PNS.tc.TC003_PNBBasicDetails"/>
  <testcase name="basicDetails" time="156.258" classname="com.PNS.tc.TC003_PNBBasicDetails"/>
  <testcase name="basicDetails" time="156.138" classname="com.PNS.tc.TC003_PNBBasicDetails"/>
  <testcase name="basicDetails" time="159.105" classname="com.PNS.tc.TC003_PNBBasicDetails"/>
  <testcase name="basicDetails" time="160.426" classname="com.PNS.tc.TC003_PNBBasicDetails"/>
  <testcase name="basicDetails" time="157.363" classname="com.PNS.tc.TC003_PNBBasicDetails"/>
  <testcase name="basicDetails" time="156.244" classname="com.PNS.tc.TC003_PNBBasicDetails"/>
  <testcase name="basicDetails" time="159.181" classname="com.PNS.tc.TC003_PNBBasicDetails"/>
  <testcase name="basicDetails" time="157.156" classname="com.PNS.tc.TC003_PNBBasicDetails"/>
  <testcase name="basicDetails" time="157.153" classname="com.PNS.tc.TC003_PNBBasicDetails"/>
  <testcase name="basicDetails" time="160.556" classname="com.PNS.tc.TC003_PNBBasicDetails"/>
  <testcase name="basicDetails" time="157.486" classname="com.PNS.tc.TC003_PNBBasicDetails"/>
  <testcase name="basicDetails" time="156.581" classname="com.PNS.tc.TC003_PNBBasicDetails"/>
  <testcase name="basicDetails" time="159.548" classname="com.PNS.tc.TC003_PNBBasicDetails"/>
  <testcase name="basicDetails" time="159.667" classname="com.PNS.tc.TC003_PNBBasicDetails"/>
  <testcase name="basicDetails" time="160.255" classname="com.PNS.tc.TC003_PNBBasicDetails"/>
  <testcase name="basicDetails" time="159.809" classname="com.PNS.tc.TC003_PNBBasicDetails"/>
  <testcase name="basicDetails" time="159.260" classname="com.PNS.tc.TC003_PNBBasicDetails"/>
  <testcase name="basicDetails" time="157.163" classname="com.PNS.tc.TC003_PNBBasicDetails"/>
  <testcase name="basicDetails" time="159.705" classname="com.PNS.tc.TC003_PNBBasicDetails"/>
  <testcase name="basicDetails" time="160.685" classname="com.PNS.tc.TC003_PNBBasicDetails"/>
  <testcase name="basicDetails" time="160.136" classname="com.PNS.tc.TC003_PNBBasicDetails"/>
  <testcase name="basicDetails" time="156.876" classname="com.PNS.tc.TC003_PNBBasicDetails"/>
  <testcase name="basicDetails" time="156.121" classname="com.PNS.tc.TC003_PNBBasicDetails"/>
  <testcase name="basicDetails" time="156.115" classname="com.PNS.tc.TC003_PNBBasicDetails"/>
  <testcase name="basicDetails" time="157.180" classname="com.PNS.tc.TC003_PNBBasicDetails"/>
  <testcase name="basicDetails" time="159.977" classname="com.PNS.tc.TC003_PNBBasicDetails"/>
  <testcase name="basicDetails" time="157.211" classname="com.PNS.tc.TC003_PNBBasicDetails"/>
  <testcase name="basicDetails" time="160.332" classname="com.PNS.tc.TC003_PNBBasicDetails"/>
  <testcase name="basicDetails" time="156.401" classname="com.PNS.tc.TC003_PNBBasicDetails"/>
  <testcase name="basicDetails" time="159.965" classname="com.PNS.tc.TC003_PNBBasicDetails"/>
  <testcase name="basicDetails" time="156.909" classname="com.PNS.tc.TC003_PNBBasicDetails"/>
  <testcase name="basicDetails" time="156.252" classname="com.PNS.tc.TC003_PNBBasicDetails"/>
  <testcase name="basicDetails" time="157.243" classname="com.PNS.tc.TC003_PNBBasicDetails"/>
  <testcase name="basicDetails" time="156.203" classname="com.PNS.tc.TC003_PNBBasicDetails"/>
  <testcase name="basicDetails" time="159.521" classname="com.PNS.tc.TC003_PNBBasicDetails"/>
  <testcase name="basicDetails" time="156.521" classname="com.PNS.tc.TC003_PNBBasicDetails"/>
  <testcase name="basicDetails" time="159.364" classname="com.PNS.tc.TC003_PNBBasicDetails"/>
  <testcase name="basicDetails" time="159.299" classname="com.PNS.tc.TC003_PNBBasicDetails"/>
  <testcase name="basicDetails" time="160.334" classname="com.PNS.tc.TC003_PNBBasicDetails"/>
  <testcase name="basicDetails" time="159.774" classname="com.PNS.tc.TC003_PNBBasicDetails"/>
  <testcase name="basicDetails" time="159.982" classname="com.PNS.tc.TC003_PNBBasicDetails"/>
  <testcase name="basicDetails" time="159.224" classname="com.PNS.tc.TC003_PNBBasicDetails"/>
  <testcase name="basicDetails" time="159.605" classname="com.PNS.tc.TC003_PNBBasicDetails"/>
  <testcase name="basicDetails" time="156.248" classname="com.PNS.tc.TC003_PNBBasicDetails"/>
  <testcase name="basicDetails" time="157.676" classname="com.PNS.tc.TC003_PNBBasicDetails"/>
  <testcase name="basicDetails" time="156.024" classname="com.PNS.tc.TC003_PNBBasicDetails"/>
  <testcase name="basicDetails" time="156.383" classname="com.PNS.tc.TC003_PNBBasicDetails"/>
  <testcase name="basicDetails" time="155.987" classname="com.PNS.tc.TC003_PNBBasicDetails"/>
  <testcase name="basicDetails" time="160.207" classname="com.PNS.tc.TC003_PNBBasicDetails"/>
  <testcase name="basicDetails" time="159.980" classname="com.PNS.tc.TC003_PNBBasicDetails"/>
  <testcase name="basicDetails" time="159.843" classname="com.PNS.tc.TC003_PNBBasicDetails"/>
  <testcase name="basicDetails" time="159.312" classname="com.PNS.tc.TC003_PNBBasicDetails"/>
  <testcase name="basicDetails" time="156.342" classname="com.PNS.tc.TC003_PNBBasicDetails"/>
  <testcase name="basicDetails" time="156.956" classname="com.PNS.tc.TC003_PNBBasicDetails"/>
  <testcase name="basicDetails" time="159.140" classname="com.PNS.tc.TC003_PNBBasicDetails"/>
  <testcase name="basicDetails" time="156.761" classname="com.PNS.tc.TC003_PNBBasicDetails"/>
  <testcase name="basicDetails" time="159.247" classname="com.PNS.tc.TC003_PNBBasicDetails"/>
  <testcase name="basicDetails" time="160.225" classname="com.PNS.tc.TC003_PNBBasicDetails"/>
  <testcase name="basicDetails" time="159.598" classname="com.PNS.tc.TC003_PNBBasicDetails"/>
  <testcase name="basicDetails" time="157.091" classname="com.PNS.tc.TC003_PNBBasicDetails"/>
  <testcase name="basicDetails" time="156.468" classname="com.PNS.tc.TC003_PNBBasicDetails"/>
  <testcase name="basicDetails" time="160.039" classname="com.PNS.tc.TC003_PNBBasicDetails"/>
  <testcase name="basicDetails" time="159.387" classname="com.PNS.tc.TC003_PNBBasicDetails"/>
  <testcase name="basicDetails" time="156.185" classname="com.PNS.tc.TC003_PNBBasicDetails"/>
  <testcase name="basicDetails" time="159.399" classname="com.PNS.tc.TC003_PNBBasicDetails"/>
  <testcase name="basicDetails" time="156.074" classname="com.PNS.tc.TC003_PNBBasicDetails"/>
  <testcase name="basicDetails" time="159.369" classname="com.PNS.tc.TC003_PNBBasicDetails"/>
  <testcase name="basicDetails" time="156.435" classname="com.PNS.tc.TC003_PNBBasicDetails"/>
  <testcase name="basicDetails" time="157.577" classname="com.PNS.tc.TC003_PNBBasicDetails"/>
  <testcase name="basicDetails" time="159.151" classname="com.PNS.tc.TC003_PNBBasicDetails"/>
  <testcase name="basicDetails" time="159.326" classname="com.PNS.tc.TC003_PNBBasicDetails"/>
  <testcase name="basicDetails" time="156.150" classname="com.PNS.tc.TC003_PNBBasicDetails"/>
  <testcase name="basicDetails" time="159.368" classname="com.PNS.tc.TC003_PNBBasicDetails"/>
  <testcase name="basicDetails" time="159.308" classname="com.PNS.tc.TC003_PNBBasicDetails"/>
  <testcase name="basicDetails" time="156.416" classname="com.PNS.tc.TC003_PNBBasicDetails"/>
  <testcase name="basicDetails" time="156.914" classname="com.PNS.tc.TC003_PNBBasicDetails"/>
  <testcase name="basicDetails" time="156.758" classname="com.PNS.tc.TC003_PNBBasicDetails"/>
  <testcase name="basicDetails" time="159.564" classname="com.PNS.tc.TC003_PNBBasicDetails"/>
  <testcase name="basicDetails" time="156.402" classname="com.PNS.tc.TC003_PNBBasicDetails"/>
  <testcase name="basicDetails" time="160.734" classname="com.PNS.tc.TC003_PNBBasicDetails"/>
  <testcase name="basicDetails" time="156.354" classname="com.PNS.tc.TC003_PNBBasicDetails"/>
  <testcase name="basicDetails" time="156.391" classname="com.PNS.tc.TC003_PNBBasicDetails"/>
  <testcase name="basicDetails" time="160.630" classname="com.PNS.tc.TC003_PNBBasicDetails"/>
</testsuite> <!-- com.PNS.tc.TC003_PNBBasicDetails -->
