<?xml version="1.0" encoding="UTF-8"?>
<!-- Generated by org.testng.reporters.JUnitReportReporter -->
<testsuite skipped="0" hostname="MAA014482B" name="com.IDBI30May22.tc.TC002_IDBIBasicDetails" tests="162" failures="0" timestamp="2022-06-08T23:13:33 IST" time="20090.887" errors="0">
  <testcase name="basicDetails" time="124.067" classname="com.IDBI30May22.tc.TC002_IDBIBasicDetails"/>
  <testcase name="basicDetails" time="124.501" classname="com.IDBI30May22.tc.TC002_IDBIBasicDetails"/>
  <testcase name="basicDetails" time="124.035" classname="com.IDBI30May22.tc.TC002_IDBIBasicDetails"/>
  <testcase name="basicDetails" time="124.046" classname="com.IDBI30May22.tc.TC002_IDBIBasicDetails"/>
  <testcase name="basicDetails" time="124.518" classname="com.IDBI30May22.tc.TC002_IDBIBasicDetails"/>
  <testcase name="basicDetails" time="123.624" classname="com.IDBI30May22.tc.TC002_IDBIBasicDetails"/>
  <testcase name="basicDetails" time="124.157" classname="com.IDBI30May22.tc.TC002_IDBIBasicDetails"/>
  <testcase name="basicDetails" time="123.780" classname="com.IDBI30May22.tc.TC002_IDBIBasicDetails"/>
  <testcase name="basicDetails" time="123.568" classname="com.IDBI30May22.tc.TC002_IDBIBasicDetails"/>
  <testcase name="basicDetails" time="124.067" classname="com.IDBI30May22.tc.TC002_IDBIBasicDetails"/>
  <testcase name="basicDetails" time="124.188" classname="com.IDBI30May22.tc.TC002_IDBIBasicDetails"/>
  <testcase name="basicDetails" time="123.308" classname="com.IDBI30May22.tc.TC002_IDBIBasicDetails"/>
  <testcase name="basicDetails" time="124.092" classname="com.IDBI30May22.tc.TC002_IDBIBasicDetails"/>
  <testcase name="basicDetails" time="124.099" classname="com.IDBI30May22.tc.TC002_IDBIBasicDetails"/>
  <testcase name="basicDetails" time="123.992" classname="com.IDBI30May22.tc.TC002_IDBIBasicDetails"/>
  <testcase name="basicDetails" time="124.403" classname="com.IDBI30May22.tc.TC002_IDBIBasicDetails"/>
  <testcase name="basicDetails" time="123.933" classname="com.IDBI30May22.tc.TC002_IDBIBasicDetails"/>
  <testcase name="basicDetails" time="123.715" classname="com.IDBI30May22.tc.TC002_IDBIBasicDetails"/>
  <testcase name="basicDetails" time="124.057" classname="com.IDBI30May22.tc.TC002_IDBIBasicDetails"/>
  <testcase name="basicDetails" time="123.826" classname="com.IDBI30May22.tc.TC002_IDBIBasicDetails"/>
  <testcase name="basicDetails" time="124.362" classname="com.IDBI30May22.tc.TC002_IDBIBasicDetails"/>
  <testcase name="basicDetails" time="123.945" classname="com.IDBI30May22.tc.TC002_IDBIBasicDetails"/>
  <testcase name="basicDetails" time="123.875" classname="com.IDBI30May22.tc.TC002_IDBIBasicDetails"/>
  <testcase name="basicDetails" time="124.176" classname="com.IDBI30May22.tc.TC002_IDBIBasicDetails"/>
  <testcase name="basicDetails" time="123.905" classname="com.IDBI30May22.tc.TC002_IDBIBasicDetails"/>
  <testcase name="basicDetails" time="123.051" classname="com.IDBI30May22.tc.TC002_IDBIBasicDetails"/>
  <testcase name="basicDetails" time="124.344" classname="com.IDBI30May22.tc.TC002_IDBIBasicDetails"/>
  <testcase name="basicDetails" time="124.490" classname="com.IDBI30May22.tc.TC002_IDBIBasicDetails"/>
  <testcase name="basicDetails" time="124.125" classname="com.IDBI30May22.tc.TC002_IDBIBasicDetails"/>
  <testcase name="basicDetails" time="124.109" classname="com.IDBI30May22.tc.TC002_IDBIBasicDetails"/>
  <testcase name="basicDetails" time="124.671" classname="com.IDBI30May22.tc.TC002_IDBIBasicDetails"/>
  <testcase name="basicDetails" time="124.424" classname="com.IDBI30May22.tc.TC002_IDBIBasicDetails"/>
  <testcase name="basicDetails" time="124.191" classname="com.IDBI30May22.tc.TC002_IDBIBasicDetails"/>
  <testcase name="basicDetails" time="124.174" classname="com.IDBI30May22.tc.TC002_IDBIBasicDetails"/>
  <testcase name="basicDetails" time="124.322" classname="com.IDBI30May22.tc.TC002_IDBIBasicDetails"/>
  <testcase name="basicDetails" time="123.780" classname="com.IDBI30May22.tc.TC002_IDBIBasicDetails"/>
  <testcase name="basicDetails" time="122.075" classname="com.IDBI30May22.tc.TC002_IDBIBasicDetails"/>
  <testcase name="basicDetails" time="124.443" classname="com.IDBI30May22.tc.TC002_IDBIBasicDetails"/>
  <testcase name="basicDetails" time="124.344" classname="com.IDBI30May22.tc.TC002_IDBIBasicDetails"/>
  <testcase name="basicDetails" time="123.800" classname="com.IDBI30May22.tc.TC002_IDBIBasicDetails"/>
  <testcase name="basicDetails" time="123.648" classname="com.IDBI30May22.tc.TC002_IDBIBasicDetails"/>
  <testcase name="basicDetails" time="126.898" classname="com.IDBI30May22.tc.TC002_IDBIBasicDetails"/>
  <testcase name="basicDetails" time="124.252" classname="com.IDBI30May22.tc.TC002_IDBIBasicDetails"/>
  <testcase name="basicDetails" time="123.737" classname="com.IDBI30May22.tc.TC002_IDBIBasicDetails"/>
  <testcase name="basicDetails" time="122.878" classname="com.IDBI30May22.tc.TC002_IDBIBasicDetails"/>
  <testcase name="basicDetails" time="124.183" classname="com.IDBI30May22.tc.TC002_IDBIBasicDetails"/>
  <testcase name="basicDetails" time="124.217" classname="com.IDBI30May22.tc.TC002_IDBIBasicDetails"/>
  <testcase name="basicDetails" time="123.672" classname="com.IDBI30May22.tc.TC002_IDBIBasicDetails"/>
  <testcase name="basicDetails" time="124.503" classname="com.IDBI30May22.tc.TC002_IDBIBasicDetails"/>
  <testcase name="basicDetails" time="123.802" classname="com.IDBI30May22.tc.TC002_IDBIBasicDetails"/>
  <testcase name="basicDetails" time="123.840" classname="com.IDBI30May22.tc.TC002_IDBIBasicDetails"/>
  <testcase name="basicDetails" time="123.795" classname="com.IDBI30May22.tc.TC002_IDBIBasicDetails"/>
  <testcase name="basicDetails" time="124.000" classname="com.IDBI30May22.tc.TC002_IDBIBasicDetails"/>
  <testcase name="basicDetails" time="124.003" classname="com.IDBI30May22.tc.TC002_IDBIBasicDetails"/>
  <testcase name="basicDetails" time="123.951" classname="com.IDBI30May22.tc.TC002_IDBIBasicDetails"/>
  <testcase name="basicDetails" time="124.071" classname="com.IDBI30May22.tc.TC002_IDBIBasicDetails"/>
  <testcase name="basicDetails" time="123.415" classname="com.IDBI30May22.tc.TC002_IDBIBasicDetails"/>
  <testcase name="basicDetails" time="124.686" classname="com.IDBI30May22.tc.TC002_IDBIBasicDetails"/>
  <testcase name="basicDetails" time="123.739" classname="com.IDBI30May22.tc.TC002_IDBIBasicDetails"/>
  <testcase name="basicDetails" time="123.893" classname="com.IDBI30May22.tc.TC002_IDBIBasicDetails"/>
  <testcase name="basicDetails" time="123.605" classname="com.IDBI30May22.tc.TC002_IDBIBasicDetails"/>
  <testcase name="basicDetails" time="124.504" classname="com.IDBI30May22.tc.TC002_IDBIBasicDetails"/>
  <testcase name="basicDetails" time="124.250" classname="com.IDBI30May22.tc.TC002_IDBIBasicDetails"/>
  <testcase name="basicDetails" time="123.931" classname="com.IDBI30May22.tc.TC002_IDBIBasicDetails"/>
  <testcase name="basicDetails" time="124.196" classname="com.IDBI30May22.tc.TC002_IDBIBasicDetails"/>
  <testcase name="basicDetails" time="122.677" classname="com.IDBI30May22.tc.TC002_IDBIBasicDetails"/>
  <testcase name="basicDetails" time="124.177" classname="com.IDBI30May22.tc.TC002_IDBIBasicDetails"/>
  <testcase name="basicDetails" time="123.799" classname="com.IDBI30May22.tc.TC002_IDBIBasicDetails"/>
  <testcase name="basicDetails" time="123.615" classname="com.IDBI30May22.tc.TC002_IDBIBasicDetails"/>
  <testcase name="basicDetails" time="123.675" classname="com.IDBI30May22.tc.TC002_IDBIBasicDetails"/>
  <testcase name="basicDetails" time="124.008" classname="com.IDBI30May22.tc.TC002_IDBIBasicDetails"/>
  <testcase name="basicDetails" time="124.502" classname="com.IDBI30May22.tc.TC002_IDBIBasicDetails"/>
  <testcase name="basicDetails" time="123.036" classname="com.IDBI30May22.tc.TC002_IDBIBasicDetails"/>
  <testcase name="basicDetails" time="124.279" classname="com.IDBI30May22.tc.TC002_IDBIBasicDetails"/>
  <testcase name="basicDetails" time="124.410" classname="com.IDBI30May22.tc.TC002_IDBIBasicDetails"/>
  <testcase name="basicDetails" time="123.783" classname="com.IDBI30May22.tc.TC002_IDBIBasicDetails"/>
  <testcase name="basicDetails" time="123.885" classname="com.IDBI30May22.tc.TC002_IDBIBasicDetails"/>
  <testcase name="basicDetails" time="124.590" classname="com.IDBI30May22.tc.TC002_IDBIBasicDetails"/>
  <testcase name="basicDetails" time="123.818" classname="com.IDBI30May22.tc.TC002_IDBIBasicDetails"/>
  <testcase name="basicDetails" time="124.519" classname="com.IDBI30May22.tc.TC002_IDBIBasicDetails"/>
  <testcase name="basicDetails" time="123.969" classname="com.IDBI30May22.tc.TC002_IDBIBasicDetails"/>
  <testcase name="basicDetails" time="124.178" classname="com.IDBI30May22.tc.TC002_IDBIBasicDetails"/>
  <testcase name="basicDetails" time="123.795" classname="com.IDBI30May22.tc.TC002_IDBIBasicDetails"/>
  <testcase name="basicDetails" time="124.391" classname="com.IDBI30May22.tc.TC002_IDBIBasicDetails"/>
  <testcase name="basicDetails" time="124.203" classname="com.IDBI30May22.tc.TC002_IDBIBasicDetails"/>
  <testcase name="basicDetails" time="124.122" classname="com.IDBI30May22.tc.TC002_IDBIBasicDetails"/>
  <testcase name="basicDetails" time="123.862" classname="com.IDBI30May22.tc.TC002_IDBIBasicDetails"/>
  <testcase name="basicDetails" time="124.218" classname="com.IDBI30May22.tc.TC002_IDBIBasicDetails"/>
  <testcase name="basicDetails" time="123.820" classname="com.IDBI30May22.tc.TC002_IDBIBasicDetails"/>
  <testcase name="basicDetails" time="123.867" classname="com.IDBI30May22.tc.TC002_IDBIBasicDetails"/>
  <testcase name="basicDetails" time="123.808" classname="com.IDBI30May22.tc.TC002_IDBIBasicDetails"/>
  <testcase name="basicDetails" time="123.989" classname="com.IDBI30May22.tc.TC002_IDBIBasicDetails"/>
  <testcase name="basicDetails" time="123.515" classname="com.IDBI30May22.tc.TC002_IDBIBasicDetails"/>
  <testcase name="basicDetails" time="124.465" classname="com.IDBI30May22.tc.TC002_IDBIBasicDetails"/>
  <testcase name="basicDetails" time="124.116" classname="com.IDBI30May22.tc.TC002_IDBIBasicDetails"/>
  <testcase name="basicDetails" time="123.757" classname="com.IDBI30May22.tc.TC002_IDBIBasicDetails"/>
  <testcase name="basicDetails" time="124.059" classname="com.IDBI30May22.tc.TC002_IDBIBasicDetails"/>
  <testcase name="basicDetails" time="124.321" classname="com.IDBI30May22.tc.TC002_IDBIBasicDetails"/>
  <testcase name="basicDetails" time="124.176" classname="com.IDBI30May22.tc.TC002_IDBIBasicDetails"/>
  <testcase name="basicDetails" time="124.688" classname="com.IDBI30May22.tc.TC002_IDBIBasicDetails"/>
  <testcase name="basicDetails" time="123.691" classname="com.IDBI30May22.tc.TC002_IDBIBasicDetails"/>
  <testcase name="basicDetails" time="123.865" classname="com.IDBI30May22.tc.TC002_IDBIBasicDetails"/>
  <testcase name="basicDetails" time="123.773" classname="com.IDBI30May22.tc.TC002_IDBIBasicDetails"/>
  <testcase name="basicDetails" time="124.102" classname="com.IDBI30May22.tc.TC002_IDBIBasicDetails"/>
  <testcase name="basicDetails" time="124.168" classname="com.IDBI30May22.tc.TC002_IDBIBasicDetails"/>
  <testcase name="basicDetails" time="124.141" classname="com.IDBI30May22.tc.TC002_IDBIBasicDetails"/>
  <testcase name="basicDetails" time="123.630" classname="com.IDBI30May22.tc.TC002_IDBIBasicDetails"/>
  <testcase name="basicDetails" time="123.813" classname="com.IDBI30May22.tc.TC002_IDBIBasicDetails"/>
  <testcase name="basicDetails" time="124.055" classname="com.IDBI30May22.tc.TC002_IDBIBasicDetails"/>
  <testcase name="basicDetails" time="123.929" classname="com.IDBI30May22.tc.TC002_IDBIBasicDetails"/>
  <testcase name="basicDetails" time="123.895" classname="com.IDBI30May22.tc.TC002_IDBIBasicDetails"/>
  <testcase name="basicDetails" time="123.936" classname="com.IDBI30May22.tc.TC002_IDBIBasicDetails"/>
  <testcase name="basicDetails" time="124.129" classname="com.IDBI30May22.tc.TC002_IDBIBasicDetails"/>
  <testcase name="basicDetails" time="123.663" classname="com.IDBI30May22.tc.TC002_IDBIBasicDetails"/>
  <testcase name="basicDetails" time="123.684" classname="com.IDBI30May22.tc.TC002_IDBIBasicDetails"/>
  <testcase name="basicDetails" time="124.475" classname="com.IDBI30May22.tc.TC002_IDBIBasicDetails"/>
  <testcase name="basicDetails" time="123.645" classname="com.IDBI30May22.tc.TC002_IDBIBasicDetails"/>
  <testcase name="basicDetails" time="124.599" classname="com.IDBI30May22.tc.TC002_IDBIBasicDetails"/>
  <testcase name="basicDetails" time="122.924" classname="com.IDBI30May22.tc.TC002_IDBIBasicDetails"/>
  <testcase name="basicDetails" time="124.416" classname="com.IDBI30May22.tc.TC002_IDBIBasicDetails"/>
  <testcase name="basicDetails" time="124.857" classname="com.IDBI30May22.tc.TC002_IDBIBasicDetails"/>
  <testcase name="basicDetails" time="123.836" classname="com.IDBI30May22.tc.TC002_IDBIBasicDetails"/>
  <testcase name="basicDetails" time="123.921" classname="com.IDBI30May22.tc.TC002_IDBIBasicDetails"/>
  <testcase name="basicDetails" time="123.947" classname="com.IDBI30May22.tc.TC002_IDBIBasicDetails"/>
  <testcase name="basicDetails" time="124.010" classname="com.IDBI30May22.tc.TC002_IDBIBasicDetails"/>
  <testcase name="basicDetails" time="123.932" classname="com.IDBI30May22.tc.TC002_IDBIBasicDetails"/>
  <testcase name="basicDetails" time="124.150" classname="com.IDBI30May22.tc.TC002_IDBIBasicDetails"/>
  <testcase name="basicDetails" time="124.513" classname="com.IDBI30May22.tc.TC002_IDBIBasicDetails"/>
  <testcase name="basicDetails" time="123.836" classname="com.IDBI30May22.tc.TC002_IDBIBasicDetails"/>
  <testcase name="basicDetails" time="124.138" classname="com.IDBI30May22.tc.TC002_IDBIBasicDetails"/>
  <testcase name="basicDetails" time="124.054" classname="com.IDBI30May22.tc.TC002_IDBIBasicDetails"/>
  <testcase name="basicDetails" time="123.092" classname="com.IDBI30May22.tc.TC002_IDBIBasicDetails"/>
  <testcase name="basicDetails" time="124.331" classname="com.IDBI30May22.tc.TC002_IDBIBasicDetails"/>
  <testcase name="basicDetails" time="124.155" classname="com.IDBI30May22.tc.TC002_IDBIBasicDetails"/>
  <testcase name="basicDetails" time="123.957" classname="com.IDBI30May22.tc.TC002_IDBIBasicDetails"/>
  <testcase name="basicDetails" time="124.092" classname="com.IDBI30May22.tc.TC002_IDBIBasicDetails"/>
  <testcase name="basicDetails" time="124.577" classname="com.IDBI30May22.tc.TC002_IDBIBasicDetails"/>
  <testcase name="basicDetails" time="124.377" classname="com.IDBI30May22.tc.TC002_IDBIBasicDetails"/>
  <testcase name="basicDetails" time="123.657" classname="com.IDBI30May22.tc.TC002_IDBIBasicDetails"/>
  <testcase name="basicDetails" time="123.844" classname="com.IDBI30May22.tc.TC002_IDBIBasicDetails"/>
  <testcase name="basicDetails" time="123.842" classname="com.IDBI30May22.tc.TC002_IDBIBasicDetails"/>
  <testcase name="basicDetails" time="123.815" classname="com.IDBI30May22.tc.TC002_IDBIBasicDetails"/>
  <testcase name="basicDetails" time="124.131" classname="com.IDBI30May22.tc.TC002_IDBIBasicDetails"/>
  <testcase name="basicDetails" time="123.137" classname="com.IDBI30May22.tc.TC002_IDBIBasicDetails"/>
  <testcase name="basicDetails" time="123.868" classname="com.IDBI30May22.tc.TC002_IDBIBasicDetails"/>
  <testcase name="basicDetails" time="123.888" classname="com.IDBI30May22.tc.TC002_IDBIBasicDetails"/>
  <testcase name="basicDetails" time="124.107" classname="com.IDBI30May22.tc.TC002_IDBIBasicDetails"/>
  <testcase name="basicDetails" time="123.913" classname="com.IDBI30May22.tc.TC002_IDBIBasicDetails"/>
  <testcase name="basicDetails" time="123.846" classname="com.IDBI30May22.tc.TC002_IDBIBasicDetails"/>
  <testcase name="basicDetails" time="124.037" classname="com.IDBI30May22.tc.TC002_IDBIBasicDetails"/>
  <testcase name="basicDetails" time="124.544" classname="com.IDBI30May22.tc.TC002_IDBIBasicDetails"/>
  <testcase name="basicDetails" time="123.918" classname="com.IDBI30May22.tc.TC002_IDBIBasicDetails"/>
  <testcase name="basicDetails" time="124.324" classname="com.IDBI30May22.tc.TC002_IDBIBasicDetails"/>
  <testcase name="basicDetails" time="124.404" classname="com.IDBI30May22.tc.TC002_IDBIBasicDetails"/>
  <testcase name="basicDetails" time="124.278" classname="com.IDBI30May22.tc.TC002_IDBIBasicDetails"/>
  <testcase name="basicDetails" time="123.897" classname="com.IDBI30May22.tc.TC002_IDBIBasicDetails"/>
  <testcase name="basicDetails" time="123.941" classname="com.IDBI30May22.tc.TC002_IDBIBasicDetails"/>
  <testcase name="basicDetails" time="123.948" classname="com.IDBI30May22.tc.TC002_IDBIBasicDetails"/>
  <testcase name="basicDetails" time="124.314" classname="com.IDBI30May22.tc.TC002_IDBIBasicDetails"/>
  <testcase name="basicDetails" time="124.521" classname="com.IDBI30May22.tc.TC002_IDBIBasicDetails"/>
  <testcase name="basicDetails" time="123.962" classname="com.IDBI30May22.tc.TC002_IDBIBasicDetails"/>
  <testcase name="basicDetails" time="124.104" classname="com.IDBI30May22.tc.TC002_IDBIBasicDetails"/>
</testsuite> <!-- com.IDBI30May22.tc.TC002_IDBIBasicDetails -->
