<?xml version="1.0" encoding="UTF-8"?>
<!-- Generated by org.testng.reporters.JUnitReportReporter -->
<testsuite skipped="0" hostname="MAA014482B" name="com.RCF_June23.tc.TC005_RCFBasicDetails" tests="45" failures="0" timestamp="2023-06-16T19:07:41 IST" time="7094.417" errors="0">
  <testcase name="basicDetails" time="157.376" classname="com.RCF_June23.tc.TC005_RCFBasicDetails"/>
  <testcase name="basicDetails" time="157.510" classname="com.RCF_June23.tc.TC005_RCFBasicDetails"/>
  <testcase name="basicDetails" time="157.572" classname="com.RCF_June23.tc.TC005_RCFBasicDetails"/>
  <testcase name="basicDetails" time="157.502" classname="com.RCF_June23.tc.TC005_RCFBasicDetails"/>
  <testcase name="basicDetails" time="157.812" classname="com.RCF_June23.tc.TC005_RCFBasicDetails"/>
  <testcase name="basicDetails" time="157.580" classname="com.RCF_June23.tc.TC005_RCFBasicDetails"/>
  <testcase name="basicDetails" time="157.617" classname="com.RCF_June23.tc.TC005_RCFBasicDetails"/>
  <testcase name="basicDetails" time="157.463" classname="com.RCF_June23.tc.TC005_RCFBasicDetails"/>
  <testcase name="basicDetails" time="157.605" classname="com.RCF_June23.tc.TC005_RCFBasicDetails"/>
  <testcase name="basicDetails" time="157.310" classname="com.RCF_June23.tc.TC005_RCFBasicDetails"/>
  <testcase name="basicDetails" time="157.488" classname="com.RCF_June23.tc.TC005_RCFBasicDetails"/>
  <testcase name="basicDetails" time="157.684" classname="com.RCF_June23.tc.TC005_RCFBasicDetails"/>
  <testcase name="basicDetails" time="157.555" classname="com.RCF_June23.tc.TC005_RCFBasicDetails"/>
  <testcase name="basicDetails" time="157.392" classname="com.RCF_June23.tc.TC005_RCFBasicDetails"/>
  <testcase name="basicDetails" time="157.435" classname="com.RCF_June23.tc.TC005_RCFBasicDetails"/>
  <testcase name="basicDetails" time="157.448" classname="com.RCF_June23.tc.TC005_RCFBasicDetails"/>
  <testcase name="basicDetails" time="157.178" classname="com.RCF_June23.tc.TC005_RCFBasicDetails"/>
  <testcase name="basicDetails" time="157.765" classname="com.RCF_June23.tc.TC005_RCFBasicDetails"/>
  <testcase name="basicDetails" time="157.879" classname="com.RCF_June23.tc.TC005_RCFBasicDetails"/>
  <testcase name="basicDetails" time="157.520" classname="com.RCF_June23.tc.TC005_RCFBasicDetails"/>
  <testcase name="basicDetails" time="157.963" classname="com.RCF_June23.tc.TC005_RCFBasicDetails"/>
  <testcase name="basicDetails" time="157.883" classname="com.RCF_June23.tc.TC005_RCFBasicDetails"/>
  <testcase name="basicDetails" time="157.872" classname="com.RCF_June23.tc.TC005_RCFBasicDetails"/>
  <testcase name="basicDetails" time="156.988" classname="com.RCF_June23.tc.TC005_RCFBasicDetails"/>
  <testcase name="basicDetails" time="157.875" classname="com.RCF_June23.tc.TC005_RCFBasicDetails"/>
  <testcase name="basicDetails" time="157.606" classname="com.RCF_June23.tc.TC005_RCFBasicDetails"/>
  <testcase name="basicDetails" time="157.414" classname="com.RCF_June23.tc.TC005_RCFBasicDetails"/>
  <testcase name="basicDetails" time="157.916" classname="com.RCF_June23.tc.TC005_RCFBasicDetails"/>
  <testcase name="basicDetails" time="157.565" classname="com.RCF_June23.tc.TC005_RCFBasicDetails"/>
  <testcase name="basicDetails" time="157.157" classname="com.RCF_June23.tc.TC005_RCFBasicDetails"/>
  <testcase name="basicDetails" time="159.789" classname="com.RCF_June23.tc.TC005_RCFBasicDetails"/>
  <testcase name="basicDetails" time="157.643" classname="com.RCF_June23.tc.TC005_RCFBasicDetails"/>
  <testcase name="basicDetails" time="157.993" classname="com.RCF_June23.tc.TC005_RCFBasicDetails"/>
  <testcase name="basicDetails" time="157.364" classname="com.RCF_June23.tc.TC005_RCFBasicDetails"/>
  <testcase name="basicDetails" time="157.665" classname="com.RCF_June23.tc.TC005_RCFBasicDetails"/>
  <testcase name="basicDetails" time="157.502" classname="com.RCF_June23.tc.TC005_RCFBasicDetails"/>
  <testcase name="basicDetails" time="157.752" classname="com.RCF_June23.tc.TC005_RCFBasicDetails"/>
  <testcase name="basicDetails" time="157.587" classname="com.RCF_June23.tc.TC005_RCFBasicDetails"/>
  <testcase name="basicDetails" time="157.584" classname="com.RCF_June23.tc.TC005_RCFBasicDetails"/>
  <testcase name="basicDetails" time="157.825" classname="com.RCF_June23.tc.TC005_RCFBasicDetails"/>
  <testcase name="basicDetails" time="157.550" classname="com.RCF_June23.tc.TC005_RCFBasicDetails"/>
  <testcase name="basicDetails" time="157.948" classname="com.RCF_June23.tc.TC005_RCFBasicDetails"/>
  <testcase name="basicDetails" time="157.861" classname="com.RCF_June23.tc.TC005_RCFBasicDetails"/>
  <testcase name="basicDetails" time="157.810" classname="com.RCF_June23.tc.TC005_RCFBasicDetails"/>
  <testcase name="basicDetails" time="157.614" classname="com.RCF_June23.tc.TC005_RCFBasicDetails"/>
</testsuite> <!-- com.RCF_June23.tc.TC005_RCFBasicDetails -->
