<?xml version="1.0" encoding="UTF-8"?>
<!-- Generated by org.testng.reporters.JUnitReportReporter -->
<testsuite hostname="MAA011253A" failures="0" tests="51" name="com.UCO.tc.TC003_UCOBasicDetails" time="6312.215" errors="1" timestamp="2020-10-15T14:29:43 IST" skipped="0">
  <testcase classname="com.UCO.tc.TC003_UCOBasicDetails" name="basicDetails" time="125.222"/>
  <testcase classname="com.UCO.tc.TC003_UCOBasicDetails" name="basicDetails" time="125.683"/>
  <testcase classname="com.UCO.tc.TC003_UCOBasicDetails" name="basicDetails" time="126.930"/>
  <testcase classname="com.UCO.tc.TC003_UCOBasicDetails" name="basicDetails" time="125.474"/>
  <testcase classname="com.UCO.tc.TC003_UCOBasicDetails" name="basicDetails" time="127.358"/>
  <testcase classname="com.UCO.tc.TC003_UCOBasicDetails" name="basicDetails" time="125.402"/>
  <testcase classname="com.UCO.tc.TC003_UCOBasicDetails" name="afterClass" time="1.205">
    <error type="java.lang.NullPointerException">
      <![CDATA[java.lang.NullPointerException
at lib.utils.HTMLReporter.reportStep(HTMLReporter.java:73)
at lib.selenium.WebDriverServiceImpl.closeAllBrowsers(WebDriverServiceImpl.java:495)
at lib.selenium.PreAndPost.afterClass(PreAndPost.java:71)
at java.base/jdk.internal.reflect.NativeMethodAccessorImpl.invoke0(Native Method)
at java.base/jdk.internal.reflect.NativeMethodAccessorImpl.invoke(Unknown Source)
at java.base/jdk.internal.reflect.DelegatingMethodAccessorImpl.invoke(Unknown Source)
at java.base/java.lang.reflect.Method.invoke(Unknown Source)
at org.testng.internal.MethodInvocationHelper.invokeMethod(MethodInvocationHelper.java:133)
at org.testng.internal.MethodInvocationHelper.invokeMethodConsideringTimeout(MethodInvocationHelper.java:62)
at org.testng.internal.ConfigInvoker.invokeConfigurationMethod(ConfigInvoker.java:340)
at org.testng.internal.ConfigInvoker.invokeConfigurations(ConfigInvoker.java:294)
at org.testng.internal.TestMethodWorker.invokeAfterClassMethods(TestMethodWorker.java:217)
at org.testng.internal.TestMethodWorker.run(TestMethodWorker.java:130)
at java.base/java.util.concurrent.ThreadPoolExecutor.runWorker(Unknown Source)
at java.base/java.util.concurrent.ThreadPoolExecutor$Worker.run(Unknown Source)
at java.base/java.lang.Thread.run(Unknown Source)
]]>
    </error>
  </testcase> <!-- afterClass -->
  <testcase classname="com.UCO.tc.TC003_UCOBasicDetails" name="basicDetails" time="125.545"/>
  <testcase classname="com.UCO.tc.TC003_UCOBasicDetails" name="basicDetails" time="125.345"/>
  <testcase classname="com.UCO.tc.TC003_UCOBasicDetails" name="basicDetails" time="125.863"/>
  <testcase classname="com.UCO.tc.TC003_UCOBasicDetails" name="basicDetails" time="125.267"/>
  <testcase classname="com.UCO.tc.TC003_UCOBasicDetails" name="basicDetails" time="125.376"/>
  <testcase classname="com.UCO.tc.TC003_UCOBasicDetails" name="basicDetails" time="125.362"/>
  <testcase classname="com.UCO.tc.TC003_UCOBasicDetails" name="basicDetails" time="125.467"/>
  <testcase classname="com.UCO.tc.TC003_UCOBasicDetails" name="basicDetails" time="125.604"/>
  <testcase classname="com.UCO.tc.TC003_UCOBasicDetails" name="basicDetails" time="125.109"/>
  <testcase classname="com.UCO.tc.TC003_UCOBasicDetails" name="basicDetails" time="125.424"/>
  <testcase classname="com.UCO.tc.TC003_UCOBasicDetails" name="basicDetails" time="128.832"/>
  <testcase classname="com.UCO.tc.TC003_UCOBasicDetails" name="basicDetails" time="125.409"/>
  <testcase classname="com.UCO.tc.TC003_UCOBasicDetails" name="basicDetails" time="125.151"/>
  <testcase classname="com.UCO.tc.TC003_UCOBasicDetails" name="basicDetails" time="125.421"/>
  <testcase classname="com.UCO.tc.TC003_UCOBasicDetails" name="basicDetails" time="126.313"/>
  <testcase classname="com.UCO.tc.TC003_UCOBasicDetails" name="basicDetails" time="127.291"/>
  <testcase classname="com.UCO.tc.TC003_UCOBasicDetails" name="basicDetails" time="125.547"/>
  <testcase classname="com.UCO.tc.TC003_UCOBasicDetails" name="basicDetails" time="136.899"/>
  <testcase classname="com.UCO.tc.TC003_UCOBasicDetails" name="basicDetails" time="125.041"/>
  <testcase classname="com.UCO.tc.TC003_UCOBasicDetails" name="basicDetails" time="125.543"/>
  <testcase classname="com.UCO.tc.TC003_UCOBasicDetails" name="basicDetails" time="127.273"/>
  <testcase classname="com.UCO.tc.TC003_UCOBasicDetails" name="basicDetails" time="125.010"/>
  <testcase classname="com.UCO.tc.TC003_UCOBasicDetails" name="basicDetails" time="125.217"/>
  <testcase classname="com.UCO.tc.TC003_UCOBasicDetails" name="basicDetails" time="125.586"/>
  <testcase classname="com.UCO.tc.TC003_UCOBasicDetails" name="basicDetails" time="125.214"/>
  <testcase classname="com.UCO.tc.TC003_UCOBasicDetails" name="basicDetails" time="126.013"/>
  <testcase classname="com.UCO.tc.TC003_UCOBasicDetails" name="basicDetails" time="125.052"/>
  <testcase classname="com.UCO.tc.TC003_UCOBasicDetails" name="basicDetails" time="124.997"/>
  <testcase classname="com.UCO.tc.TC003_UCOBasicDetails" name="basicDetails" time="128.619"/>
  <testcase classname="com.UCO.tc.TC003_UCOBasicDetails" name="basicDetails" time="125.694"/>
  <testcase classname="com.UCO.tc.TC003_UCOBasicDetails" name="basicDetails" time="126.369"/>
  <testcase classname="com.UCO.tc.TC003_UCOBasicDetails" name="basicDetails" time="125.334"/>
  <testcase classname="com.UCO.tc.TC003_UCOBasicDetails" name="basicDetails" time="127.323"/>
  <testcase classname="com.UCO.tc.TC003_UCOBasicDetails" name="basicDetails" time="125.679"/>
  <testcase classname="com.UCO.tc.TC003_UCOBasicDetails" name="basicDetails" time="125.847"/>
  <testcase classname="com.UCO.tc.TC003_UCOBasicDetails" name="basicDetails" time="127.583"/>
  <testcase classname="com.UCO.tc.TC003_UCOBasicDetails" name="basicDetails" time="125.552"/>
  <testcase classname="com.UCO.tc.TC003_UCOBasicDetails" name="basicDetails" time="125.804"/>
  <testcase classname="com.UCO.tc.TC003_UCOBasicDetails" name="basicDetails" time="125.440"/>
  <testcase classname="com.UCO.tc.TC003_UCOBasicDetails" name="basicDetails" time="133.400"/>
  <testcase classname="com.UCO.tc.TC003_UCOBasicDetails" name="basicDetails" time="125.377"/>
  <testcase classname="com.UCO.tc.TC003_UCOBasicDetails" name="basicDetails" time="125.693"/>
  <testcase classname="com.UCO.tc.TC003_UCOBasicDetails" name="basicDetails" time="125.490"/>
  <testcase classname="com.UCO.tc.TC003_UCOBasicDetails" name="basicDetails" time="125.566"/>
</testsuite> <!-- com.UCO.tc.TC003_UCOBasicDetails -->
