<?xml version="1.0" encoding="UTF-8"?>
<!-- Generated by org.testng.reporters.JUnitReportReporter -->
<testsuite skipped="0" hostname="MAA014482B" name="com.BOMSRO.tc.TC005_BOMBasicDetails" tests="80" failures="0" timestamp="2023-01-04T16:36:52 IST" time="12886.939" errors="0">
  <testcase name="basicDetails" time="162.303" classname="com.BOMSRO.tc.TC005_BOMBasicDetails"/>
  <testcase name="basicDetails" time="159.989" classname="com.BOMSRO.tc.TC005_BOMBasicDetails"/>
  <testcase name="basicDetails" time="160.268" classname="com.BOMSRO.tc.TC005_BOMBasicDetails"/>
  <testcase name="basicDetails" time="160.192" classname="com.BOMSRO.tc.TC005_BOMBasicDetails"/>
  <testcase name="basicDetails" time="161.937" classname="com.BOMSRO.tc.TC005_BOMBasicDetails"/>
  <testcase name="basicDetails" time="159.988" classname="com.BOMSRO.tc.TC005_BOMBasicDetails"/>
  <testcase name="basicDetails" time="159.727" classname="com.BOMSRO.tc.TC005_BOMBasicDetails"/>
  <testcase name="basicDetails" time="159.980" classname="com.BOMSRO.tc.TC005_BOMBasicDetails"/>
  <testcase name="basicDetails" time="162.183" classname="com.BOMSRO.tc.TC005_BOMBasicDetails"/>
  <testcase name="basicDetails" time="164.017" classname="com.BOMSRO.tc.TC005_BOMBasicDetails"/>
  <testcase name="basicDetails" time="162.388" classname="com.BOMSRO.tc.TC005_BOMBasicDetails"/>
  <testcase name="basicDetails" time="162.372" classname="com.BOMSRO.tc.TC005_BOMBasicDetails"/>
  <testcase name="basicDetails" time="162.081" classname="com.BOMSRO.tc.TC005_BOMBasicDetails"/>
  <testcase name="basicDetails" time="162.735" classname="com.BOMSRO.tc.TC005_BOMBasicDetails"/>
  <testcase name="basicDetails" time="160.287" classname="com.BOMSRO.tc.TC005_BOMBasicDetails"/>
  <testcase name="basicDetails" time="160.202" classname="com.BOMSRO.tc.TC005_BOMBasicDetails"/>
  <testcase name="basicDetails" time="159.891" classname="com.BOMSRO.tc.TC005_BOMBasicDetails"/>
  <testcase name="basicDetails" time="159.757" classname="com.BOMSRO.tc.TC005_BOMBasicDetails"/>
  <testcase name="basicDetails" time="159.786" classname="com.BOMSRO.tc.TC005_BOMBasicDetails"/>
  <testcase name="basicDetails" time="160.257" classname="com.BOMSRO.tc.TC005_BOMBasicDetails"/>
  <testcase name="basicDetails" time="162.279" classname="com.BOMSRO.tc.TC005_BOMBasicDetails"/>
  <testcase name="basicDetails" time="162.095" classname="com.BOMSRO.tc.TC005_BOMBasicDetails"/>
  <testcase name="basicDetails" time="159.935" classname="com.BOMSRO.tc.TC005_BOMBasicDetails"/>
  <testcase name="basicDetails" time="162.516" classname="com.BOMSRO.tc.TC005_BOMBasicDetails"/>
  <testcase name="basicDetails" time="160.101" classname="com.BOMSRO.tc.TC005_BOMBasicDetails"/>
  <testcase name="basicDetails" time="162.290" classname="com.BOMSRO.tc.TC005_BOMBasicDetails"/>
  <testcase name="basicDetails" time="160.156" classname="com.BOMSRO.tc.TC005_BOMBasicDetails"/>
  <testcase name="basicDetails" time="162.285" classname="com.BOMSRO.tc.TC005_BOMBasicDetails"/>
  <testcase name="basicDetails" time="159.962" classname="com.BOMSRO.tc.TC005_BOMBasicDetails"/>
  <testcase name="basicDetails" time="160.206" classname="com.BOMSRO.tc.TC005_BOMBasicDetails"/>
  <testcase name="basicDetails" time="160.019" classname="com.BOMSRO.tc.TC005_BOMBasicDetails"/>
  <testcase name="basicDetails" time="161.908" classname="com.BOMSRO.tc.TC005_BOMBasicDetails"/>
  <testcase name="basicDetails" time="162.122" classname="com.BOMSRO.tc.TC005_BOMBasicDetails"/>
  <testcase name="basicDetails" time="161.619" classname="com.BOMSRO.tc.TC005_BOMBasicDetails"/>
  <testcase name="basicDetails" time="160.292" classname="com.BOMSRO.tc.TC005_BOMBasicDetails"/>
  <testcase name="basicDetails" time="162.302" classname="com.BOMSRO.tc.TC005_BOMBasicDetails"/>
  <testcase name="basicDetails" time="162.241" classname="com.BOMSRO.tc.TC005_BOMBasicDetails"/>
  <testcase name="basicDetails" time="162.098" classname="com.BOMSRO.tc.TC005_BOMBasicDetails"/>
  <testcase name="basicDetails" time="160.132" classname="com.BOMSRO.tc.TC005_BOMBasicDetails"/>
  <testcase name="basicDetails" time="161.965" classname="com.BOMSRO.tc.TC005_BOMBasicDetails"/>
  <testcase name="basicDetails" time="161.853" classname="com.BOMSRO.tc.TC005_BOMBasicDetails"/>
  <testcase name="basicDetails" time="162.784" classname="com.BOMSRO.tc.TC005_BOMBasicDetails"/>
  <testcase name="basicDetails" time="160.042" classname="com.BOMSRO.tc.TC005_BOMBasicDetails"/>
  <testcase name="basicDetails" time="162.071" classname="com.BOMSRO.tc.TC005_BOMBasicDetails"/>
  <testcase name="basicDetails" time="162.514" classname="com.BOMSRO.tc.TC005_BOMBasicDetails"/>
  <testcase name="basicDetails" time="162.472" classname="com.BOMSRO.tc.TC005_BOMBasicDetails"/>
  <testcase name="basicDetails" time="162.000" classname="com.BOMSRO.tc.TC005_BOMBasicDetails"/>
  <testcase name="basicDetails" time="162.088" classname="com.BOMSRO.tc.TC005_BOMBasicDetails"/>
  <testcase name="basicDetails" time="160.161" classname="com.BOMSRO.tc.TC005_BOMBasicDetails"/>
  <testcase name="basicDetails" time="159.748" classname="com.BOMSRO.tc.TC005_BOMBasicDetails"/>
  <testcase name="basicDetails" time="160.045" classname="com.BOMSRO.tc.TC005_BOMBasicDetails"/>
  <testcase name="basicDetails" time="162.579" classname="com.BOMSRO.tc.TC005_BOMBasicDetails"/>
  <testcase name="basicDetails" time="160.933" classname="com.BOMSRO.tc.TC005_BOMBasicDetails"/>
  <testcase name="basicDetails" time="162.488" classname="com.BOMSRO.tc.TC005_BOMBasicDetails"/>
  <testcase name="basicDetails" time="160.003" classname="com.BOMSRO.tc.TC005_BOMBasicDetails"/>
  <testcase name="basicDetails" time="162.123" classname="com.BOMSRO.tc.TC005_BOMBasicDetails"/>
  <testcase name="basicDetails" time="160.188" classname="com.BOMSRO.tc.TC005_BOMBasicDetails"/>
  <testcase name="basicDetails" time="162.329" classname="com.BOMSRO.tc.TC005_BOMBasicDetails"/>
  <testcase name="basicDetails" time="157.782" classname="com.BOMSRO.tc.TC005_BOMBasicDetails"/>
  <testcase name="basicDetails" time="162.205" classname="com.BOMSRO.tc.TC005_BOMBasicDetails"/>
  <testcase name="basicDetails" time="159.627" classname="com.BOMSRO.tc.TC005_BOMBasicDetails"/>
  <testcase name="basicDetails" time="162.429" classname="com.BOMSRO.tc.TC005_BOMBasicDetails"/>
  <testcase name="basicDetails" time="157.972" classname="com.BOMSRO.tc.TC005_BOMBasicDetails"/>
  <testcase name="basicDetails" time="160.136" classname="com.BOMSRO.tc.TC005_BOMBasicDetails"/>
  <testcase name="basicDetails" time="160.320" classname="com.BOMSRO.tc.TC005_BOMBasicDetails"/>
  <testcase name="basicDetails" time="162.358" classname="com.BOMSRO.tc.TC005_BOMBasicDetails"/>
  <testcase name="basicDetails" time="162.744" classname="com.BOMSRO.tc.TC005_BOMBasicDetails"/>
  <testcase name="basicDetails" time="157.681" classname="com.BOMSRO.tc.TC005_BOMBasicDetails"/>
  <testcase name="basicDetails" time="160.063" classname="com.BOMSRO.tc.TC005_BOMBasicDetails"/>
  <testcase name="basicDetails" time="160.320" classname="com.BOMSRO.tc.TC005_BOMBasicDetails"/>
  <testcase name="basicDetails" time="160.211" classname="com.BOMSRO.tc.TC005_BOMBasicDetails"/>
  <testcase name="basicDetails" time="162.305" classname="com.BOMSRO.tc.TC005_BOMBasicDetails"/>
  <testcase name="basicDetails" time="160.077" classname="com.BOMSRO.tc.TC005_BOMBasicDetails"/>
  <testcase name="basicDetails" time="162.206" classname="com.BOMSRO.tc.TC005_BOMBasicDetails"/>
  <testcase name="basicDetails" time="162.388" classname="com.BOMSRO.tc.TC005_BOMBasicDetails"/>
  <testcase name="basicDetails" time="160.358" classname="com.BOMSRO.tc.TC005_BOMBasicDetails"/>
  <testcase name="basicDetails" time="160.027" classname="com.BOMSRO.tc.TC005_BOMBasicDetails"/>
  <testcase name="basicDetails" time="162.265" classname="com.BOMSRO.tc.TC005_BOMBasicDetails"/>
  <testcase name="basicDetails" time="159.931" classname="com.BOMSRO.tc.TC005_BOMBasicDetails"/>
  <testcase name="basicDetails" time="160.250" classname="com.BOMSRO.tc.TC005_BOMBasicDetails"/>
</testsuite> <!-- com.BOMSRO.tc.TC005_BOMBasicDetails -->
