<?xml version="1.0" encoding="UTF-8"?>
<!-- Generated by org.testng.reporters.JUnitReportReporter -->
<testsuite skipped="0" hostname="MAA014482B" name="com.DCCB_March23.tc.TC003_DCCBBasicDetails" tests="102" failures="0" timestamp="2023-03-25T01:46:52 IST" time="17381.092" errors="0">
  <testcase name="basicDetails" time="171.420" classname="com.DCCB_March23.tc.TC003_DCCBBasicDetails"/>
  <testcase name="basicDetails" time="169.569" classname="com.DCCB_March23.tc.TC003_DCCBBasicDetails"/>
  <testcase name="basicDetails" time="170.486" classname="com.DCCB_March23.tc.TC003_DCCBBasicDetails"/>
  <testcase name="basicDetails" time="171.126" classname="com.DCCB_March23.tc.TC003_DCCBBasicDetails"/>
  <testcase name="basicDetails" time="169.649" classname="com.DCCB_March23.tc.TC003_DCCBBasicDetails"/>
  <testcase name="basicDetails" time="169.923" classname="com.DCCB_March23.tc.TC003_DCCBBasicDetails"/>
  <testcase name="basicDetails" time="169.977" classname="com.DCCB_March23.tc.TC003_DCCBBasicDetails"/>
  <testcase name="basicDetails" time="170.798" classname="com.DCCB_March23.tc.TC003_DCCBBasicDetails"/>
  <testcase name="basicDetails" time="171.165" classname="com.DCCB_March23.tc.TC003_DCCBBasicDetails"/>
  <testcase name="basicDetails" time="170.699" classname="com.DCCB_March23.tc.TC003_DCCBBasicDetails"/>
  <testcase name="basicDetails" time="169.341" classname="com.DCCB_March23.tc.TC003_DCCBBasicDetails"/>
  <testcase name="basicDetails" time="169.299" classname="com.DCCB_March23.tc.TC003_DCCBBasicDetails"/>
  <testcase name="basicDetails" time="171.870" classname="com.DCCB_March23.tc.TC003_DCCBBasicDetails"/>
  <testcase name="basicDetails" time="170.224" classname="com.DCCB_March23.tc.TC003_DCCBBasicDetails"/>
  <testcase name="basicDetails" time="169.136" classname="com.DCCB_March23.tc.TC003_DCCBBasicDetails"/>
  <testcase name="basicDetails" time="169.119" classname="com.DCCB_March23.tc.TC003_DCCBBasicDetails"/>
  <testcase name="basicDetails" time="170.525" classname="com.DCCB_March23.tc.TC003_DCCBBasicDetails"/>
  <testcase name="basicDetails" time="170.097" classname="com.DCCB_March23.tc.TC003_DCCBBasicDetails"/>
  <testcase name="basicDetails" time="171.409" classname="com.DCCB_March23.tc.TC003_DCCBBasicDetails"/>
  <testcase name="basicDetails" time="171.549" classname="com.DCCB_March23.tc.TC003_DCCBBasicDetails"/>
  <testcase name="basicDetails" time="170.286" classname="com.DCCB_March23.tc.TC003_DCCBBasicDetails"/>
  <testcase name="basicDetails" time="169.681" classname="com.DCCB_March23.tc.TC003_DCCBBasicDetails"/>
  <testcase name="basicDetails" time="169.286" classname="com.DCCB_March23.tc.TC003_DCCBBasicDetails"/>
  <testcase name="basicDetails" time="170.191" classname="com.DCCB_March23.tc.TC003_DCCBBasicDetails"/>
  <testcase name="basicDetails" time="171.429" classname="com.DCCB_March23.tc.TC003_DCCBBasicDetails"/>
  <testcase name="basicDetails" time="170.191" classname="com.DCCB_March23.tc.TC003_DCCBBasicDetails"/>
  <testcase name="basicDetails" time="170.542" classname="com.DCCB_March23.tc.TC003_DCCBBasicDetails"/>
  <testcase name="basicDetails" time="169.738" classname="com.DCCB_March23.tc.TC003_DCCBBasicDetails"/>
  <testcase name="basicDetails" time="170.041" classname="com.DCCB_March23.tc.TC003_DCCBBasicDetails"/>
  <testcase name="basicDetails" time="169.552" classname="com.DCCB_March23.tc.TC003_DCCBBasicDetails"/>
  <testcase name="basicDetails" time="170.991" classname="com.DCCB_March23.tc.TC003_DCCBBasicDetails"/>
  <testcase name="basicDetails" time="171.829" classname="com.DCCB_March23.tc.TC003_DCCBBasicDetails"/>
  <testcase name="basicDetails" time="169.499" classname="com.DCCB_March23.tc.TC003_DCCBBasicDetails"/>
  <testcase name="basicDetails" time="171.278" classname="com.DCCB_March23.tc.TC003_DCCBBasicDetails"/>
  <testcase name="basicDetails" time="170.374" classname="com.DCCB_March23.tc.TC003_DCCBBasicDetails"/>
  <testcase name="basicDetails" time="170.356" classname="com.DCCB_March23.tc.TC003_DCCBBasicDetails"/>
  <testcase name="basicDetails" time="169.971" classname="com.DCCB_March23.tc.TC003_DCCBBasicDetails"/>
  <testcase name="basicDetails" time="170.242" classname="com.DCCB_March23.tc.TC003_DCCBBasicDetails"/>
  <testcase name="basicDetails" time="170.277" classname="com.DCCB_March23.tc.TC003_DCCBBasicDetails"/>
  <testcase name="basicDetails" time="170.507" classname="com.DCCB_March23.tc.TC003_DCCBBasicDetails"/>
  <testcase name="basicDetails" time="170.437" classname="com.DCCB_March23.tc.TC003_DCCBBasicDetails"/>
  <testcase name="basicDetails" time="169.686" classname="com.DCCB_March23.tc.TC003_DCCBBasicDetails"/>
  <testcase name="basicDetails" time="170.609" classname="com.DCCB_March23.tc.TC003_DCCBBasicDetails"/>
  <testcase name="basicDetails" time="170.593" classname="com.DCCB_March23.tc.TC003_DCCBBasicDetails"/>
  <testcase name="basicDetails" time="171.196" classname="com.DCCB_March23.tc.TC003_DCCBBasicDetails"/>
  <testcase name="basicDetails" time="170.841" classname="com.DCCB_March23.tc.TC003_DCCBBasicDetails"/>
  <testcase name="basicDetails" time="169.702" classname="com.DCCB_March23.tc.TC003_DCCBBasicDetails"/>
  <testcase name="basicDetails" time="169.802" classname="com.DCCB_March23.tc.TC003_DCCBBasicDetails"/>
  <testcase name="basicDetails" time="169.361" classname="com.DCCB_March23.tc.TC003_DCCBBasicDetails"/>
  <testcase name="basicDetails" time="171.835" classname="com.DCCB_March23.tc.TC003_DCCBBasicDetails"/>
  <testcase name="basicDetails" time="170.472" classname="com.DCCB_March23.tc.TC003_DCCBBasicDetails"/>
  <testcase name="basicDetails" time="170.420" classname="com.DCCB_March23.tc.TC003_DCCBBasicDetails"/>
  <testcase name="basicDetails" time="170.782" classname="com.DCCB_March23.tc.TC003_DCCBBasicDetails"/>
  <testcase name="basicDetails" time="170.125" classname="com.DCCB_March23.tc.TC003_DCCBBasicDetails"/>
  <testcase name="basicDetails" time="170.872" classname="com.DCCB_March23.tc.TC003_DCCBBasicDetails"/>
  <testcase name="basicDetails" time="170.582" classname="com.DCCB_March23.tc.TC003_DCCBBasicDetails"/>
  <testcase name="basicDetails" time="169.949" classname="com.DCCB_March23.tc.TC003_DCCBBasicDetails"/>
  <testcase name="basicDetails" time="169.535" classname="com.DCCB_March23.tc.TC003_DCCBBasicDetails"/>
  <testcase name="basicDetails" time="169.718" classname="com.DCCB_March23.tc.TC003_DCCBBasicDetails"/>
  <testcase name="basicDetails" time="170.365" classname="com.DCCB_March23.tc.TC003_DCCBBasicDetails"/>
  <testcase name="basicDetails" time="170.961" classname="com.DCCB_March23.tc.TC003_DCCBBasicDetails"/>
  <testcase name="basicDetails" time="171.618" classname="com.DCCB_March23.tc.TC003_DCCBBasicDetails"/>
  <testcase name="basicDetails" time="171.257" classname="com.DCCB_March23.tc.TC003_DCCBBasicDetails"/>
  <testcase name="basicDetails" time="169.265" classname="com.DCCB_March23.tc.TC003_DCCBBasicDetails"/>
  <testcase name="basicDetails" time="171.243" classname="com.DCCB_March23.tc.TC003_DCCBBasicDetails"/>
  <testcase name="basicDetails" time="171.043" classname="com.DCCB_March23.tc.TC003_DCCBBasicDetails"/>
  <testcase name="basicDetails" time="180.569" classname="com.DCCB_March23.tc.TC003_DCCBBasicDetails"/>
  <testcase name="basicDetails" time="170.700" classname="com.DCCB_March23.tc.TC003_DCCBBasicDetails"/>
  <testcase name="basicDetails" time="170.811" classname="com.DCCB_March23.tc.TC003_DCCBBasicDetails"/>
  <testcase name="basicDetails" time="169.992" classname="com.DCCB_March23.tc.TC003_DCCBBasicDetails"/>
  <testcase name="basicDetails" time="170.185" classname="com.DCCB_March23.tc.TC003_DCCBBasicDetails"/>
  <testcase name="basicDetails" time="170.139" classname="com.DCCB_March23.tc.TC003_DCCBBasicDetails"/>
  <testcase name="basicDetails" time="170.517" classname="com.DCCB_March23.tc.TC003_DCCBBasicDetails"/>
  <testcase name="basicDetails" time="170.280" classname="com.DCCB_March23.tc.TC003_DCCBBasicDetails"/>
  <testcase name="basicDetails" time="170.239" classname="com.DCCB_March23.tc.TC003_DCCBBasicDetails"/>
  <testcase name="basicDetails" time="169.814" classname="com.DCCB_March23.tc.TC003_DCCBBasicDetails"/>
  <testcase name="basicDetails" time="169.552" classname="com.DCCB_March23.tc.TC003_DCCBBasicDetails"/>
  <testcase name="basicDetails" time="169.762" classname="com.DCCB_March23.tc.TC003_DCCBBasicDetails"/>
  <testcase name="basicDetails" time="170.389" classname="com.DCCB_March23.tc.TC003_DCCBBasicDetails"/>
  <testcase name="basicDetails" time="169.879" classname="com.DCCB_March23.tc.TC003_DCCBBasicDetails"/>
  <testcase name="basicDetails" time="169.562" classname="com.DCCB_March23.tc.TC003_DCCBBasicDetails"/>
  <testcase name="basicDetails" time="169.410" classname="com.DCCB_March23.tc.TC003_DCCBBasicDetails"/>
  <testcase name="basicDetails" time="169.604" classname="com.DCCB_March23.tc.TC003_DCCBBasicDetails"/>
  <testcase name="basicDetails" time="171.112" classname="com.DCCB_March23.tc.TC003_DCCBBasicDetails"/>
  <testcase name="basicDetails" time="169.887" classname="com.DCCB_March23.tc.TC003_DCCBBasicDetails"/>
  <testcase name="basicDetails" time="170.191" classname="com.DCCB_March23.tc.TC003_DCCBBasicDetails"/>
  <testcase name="basicDetails" time="169.450" classname="com.DCCB_March23.tc.TC003_DCCBBasicDetails"/>
  <testcase name="basicDetails" time="170.810" classname="com.DCCB_March23.tc.TC003_DCCBBasicDetails"/>
  <testcase name="basicDetails" time="170.127" classname="com.DCCB_March23.tc.TC003_DCCBBasicDetails"/>
  <testcase name="basicDetails" time="169.697" classname="com.DCCB_March23.tc.TC003_DCCBBasicDetails"/>
  <testcase name="basicDetails" time="171.187" classname="com.DCCB_March23.tc.TC003_DCCBBasicDetails"/>
  <testcase name="basicDetails" time="170.598" classname="com.DCCB_March23.tc.TC003_DCCBBasicDetails"/>
  <testcase name="basicDetails" time="169.870" classname="com.DCCB_March23.tc.TC003_DCCBBasicDetails"/>
  <testcase name="basicDetails" time="169.707" classname="com.DCCB_March23.tc.TC003_DCCBBasicDetails"/>
  <testcase name="basicDetails" time="170.889" classname="com.DCCB_March23.tc.TC003_DCCBBasicDetails"/>
  <testcase name="basicDetails" time="170.201" classname="com.DCCB_March23.tc.TC003_DCCBBasicDetails"/>
  <testcase name="basicDetails" time="169.283" classname="com.DCCB_March23.tc.TC003_DCCBBasicDetails"/>
  <testcase name="basicDetails" time="170.028" classname="com.DCCB_March23.tc.TC003_DCCBBasicDetails"/>
  <testcase name="basicDetails" time="169.827" classname="com.DCCB_March23.tc.TC003_DCCBBasicDetails"/>
  <testcase name="basicDetails" time="170.035" classname="com.DCCB_March23.tc.TC003_DCCBBasicDetails"/>
  <testcase name="basicDetails" time="170.515" classname="com.DCCB_March23.tc.TC003_DCCBBasicDetails"/>
  <testcase name="basicDetails" time="170.361" classname="com.DCCB_March23.tc.TC003_DCCBBasicDetails"/>
</testsuite> <!-- com.DCCB_March23.tc.TC003_DCCBBasicDetails -->
