<?xml version="1.0" encoding="UTF-8"?>
<!-- Generated by org.testng.reporters.JUnitReportReporter -->
<testsuite skipped="0" hostname="MAA014482B" name="com.Mahatransco_8Dec22.tc.TC001_MAHABasicDetails" tests="18" failures="0" timestamp="2022-12-13T18:02:54 IST" time="2966.048" errors="0">
  <testcase name="basicDetails" time="164.098" classname="com.Mahatransco_8Dec22.tc.TC001_MAHABasicDetails"/>
  <testcase name="basicDetails" time="169.783" classname="com.Mahatransco_8Dec22.tc.TC001_MAHABasicDetails"/>
  <testcase name="basicDetails" time="164.159" classname="com.Mahatransco_8Dec22.tc.TC001_MAHABasicDetails"/>
  <testcase name="basicDetails" time="163.937" classname="com.Mahatransco_8Dec22.tc.TC001_MAHABasicDetails"/>
  <testcase name="basicDetails" time="163.999" classname="com.Mahatransco_8Dec22.tc.TC001_MAHABasicDetails"/>
  <testcase name="basicDetails" time="166.197" classname="com.Mahatransco_8Dec22.tc.TC001_MAHABasicDetails"/>
  <testcase name="basicDetails" time="162.601" classname="com.Mahatransco_8Dec22.tc.TC001_MAHABasicDetails"/>
  <testcase name="basicDetails" time="165.970" classname="com.Mahatransco_8Dec22.tc.TC001_MAHABasicDetails"/>
  <testcase name="basicDetails" time="163.450" classname="com.Mahatransco_8Dec22.tc.TC001_MAHABasicDetails"/>
  <testcase name="basicDetails" time="164.222" classname="com.Mahatransco_8Dec22.tc.TC001_MAHABasicDetails"/>
  <testcase name="basicDetails" time="166.398" classname="com.Mahatransco_8Dec22.tc.TC001_MAHABasicDetails"/>
  <testcase name="basicDetails" time="163.996" classname="com.Mahatransco_8Dec22.tc.TC001_MAHABasicDetails"/>
  <testcase name="basicDetails" time="164.025" classname="com.Mahatransco_8Dec22.tc.TC001_MAHABasicDetails"/>
  <testcase name="basicDetails" time="164.017" classname="com.Mahatransco_8Dec22.tc.TC001_MAHABasicDetails"/>
  <testcase name="basicDetails" time="164.217" classname="com.Mahatransco_8Dec22.tc.TC001_MAHABasicDetails"/>
  <testcase name="basicDetails" time="164.129" classname="com.Mahatransco_8Dec22.tc.TC001_MAHABasicDetails"/>
  <testcase name="basicDetails" time="164.482" classname="com.Mahatransco_8Dec22.tc.TC001_MAHABasicDetails"/>
  <testcase name="basicDetails" time="166.368" classname="com.Mahatransco_8Dec22.tc.TC001_MAHABasicDetails"/>
</testsuite> <!-- com.Mahatransco_8Dec22.tc.TC001_MAHABasicDetails -->
