<?xml version="1.0" encoding="UTF-8"?>
<!-- Generated by org.testng.reporters.JUnitReportReporter -->
<testsuite skipped="0" hostname="MAA014482B" name="com.meghalaya.tc.TC004_MeghalayaBasicDetails" tests="28" failures="0" timestamp="14 Nov 2019 05:43:52 GMT" time="2156.424" errors="0">
  <testcase name="basicDetails" time="76.687" classname="com.meghalaya.tc.TC004_MeghalayaBasicDetails"/>
  <testcase name="basicDetails" time="76.508" classname="com.meghalaya.tc.TC004_MeghalayaBasicDetails"/>
  <testcase name="basicDetails" time="82.563" classname="com.meghalaya.tc.TC004_MeghalayaBasicDetails"/>
  <testcase name="basicDetails" time="76.425" classname="com.meghalaya.tc.TC004_MeghalayaBasicDetails"/>
  <testcase name="basicDetails" time="75.783" classname="com.meghalaya.tc.TC004_MeghalayaBasicDetails"/>
  <testcase name="basicDetails" time="75.495" classname="com.meghalaya.tc.TC004_MeghalayaBasicDetails"/>
  <testcase name="basicDetails" time="76.671" classname="com.meghalaya.tc.TC004_MeghalayaBasicDetails"/>
  <testcase name="basicDetails" time="77.365" classname="com.meghalaya.tc.TC004_MeghalayaBasicDetails"/>
  <testcase name="basicDetails" time="77.722" classname="com.meghalaya.tc.TC004_MeghalayaBasicDetails"/>
  <testcase name="basicDetails" time="76.422" classname="com.meghalaya.tc.TC004_MeghalayaBasicDetails"/>
  <testcase name="basicDetails" time="77.100" classname="com.meghalaya.tc.TC004_MeghalayaBasicDetails"/>
  <testcase name="basicDetails" time="77.211" classname="com.meghalaya.tc.TC004_MeghalayaBasicDetails"/>
  <testcase name="basicDetails" time="78.012" classname="com.meghalaya.tc.TC004_MeghalayaBasicDetails"/>
  <testcase name="basicDetails" time="76.697" classname="com.meghalaya.tc.TC004_MeghalayaBasicDetails"/>
  <testcase name="basicDetails" time="77.417" classname="com.meghalaya.tc.TC004_MeghalayaBasicDetails"/>
  <testcase name="basicDetails" time="76.426" classname="com.meghalaya.tc.TC004_MeghalayaBasicDetails"/>
  <testcase name="basicDetails" time="76.638" classname="com.meghalaya.tc.TC004_MeghalayaBasicDetails"/>
  <testcase name="basicDetails" time="76.270" classname="com.meghalaya.tc.TC004_MeghalayaBasicDetails"/>
  <testcase name="basicDetails" time="79.264" classname="com.meghalaya.tc.TC004_MeghalayaBasicDetails"/>
  <testcase name="basicDetails" time="75.891" classname="com.meghalaya.tc.TC004_MeghalayaBasicDetails"/>
  <testcase name="basicDetails" time="76.429" classname="com.meghalaya.tc.TC004_MeghalayaBasicDetails"/>
  <testcase name="basicDetails" time="77.638" classname="com.meghalaya.tc.TC004_MeghalayaBasicDetails"/>
  <testcase name="basicDetails" time="76.334" classname="com.meghalaya.tc.TC004_MeghalayaBasicDetails"/>
  <testcase name="basicDetails" time="76.489" classname="com.meghalaya.tc.TC004_MeghalayaBasicDetails"/>
  <testcase name="basicDetails" time="77.314" classname="com.meghalaya.tc.TC004_MeghalayaBasicDetails"/>
  <testcase name="basicDetails" time="77.205" classname="com.meghalaya.tc.TC004_MeghalayaBasicDetails"/>
  <testcase name="basicDetails" time="76.725" classname="com.meghalaya.tc.TC004_MeghalayaBasicDetails"/>
  <testcase name="basicDetails" time="75.723" classname="com.meghalaya.tc.TC004_MeghalayaBasicDetails"/>
</testsuite> <!-- com.meghalaya.tc.TC004_MeghalayaBasicDetails -->
