<?xml version="1.0" encoding="UTF-8"?>
<!-- Generated by org.testng.reporters.JUnitReportReporter -->
<testsuite skipped="0" hostname="MAA014482B" name="com.NABARD_27July22.tc.TC001_NABARDBasicDetails" tests="180" failures="0" timestamp="2022-08-30T02:06:39 IST" time="31516.221" errors="1">
  <testcase name="basicDetails" time="175.011" classname="com.NABARD_27July22.tc.TC001_NABARDBasicDetails"/>
  <testcase name="basicDetails" time="174.643" classname="com.NABARD_27July22.tc.TC001_NABARDBasicDetails"/>
  <testcase name="basicDetails" time="175.077" classname="com.NABARD_27July22.tc.TC001_NABARDBasicDetails"/>
  <testcase name="basicDetails" time="174.793" classname="com.NABARD_27July22.tc.TC001_NABARDBasicDetails"/>
  <testcase name="basicDetails" time="174.617" classname="com.NABARD_27July22.tc.TC001_NABARDBasicDetails"/>
  <testcase name="basicDetails" time="174.814" classname="com.NABARD_27July22.tc.TC001_NABARDBasicDetails"/>
  <testcase name="basicDetails" time="180.262" classname="com.NABARD_27July22.tc.TC001_NABARDBasicDetails"/>
  <testcase name="basicDetails" time="179.945" classname="com.NABARD_27July22.tc.TC001_NABARDBasicDetails"/>
  <testcase name="basicDetails" time="180.576" classname="com.NABARD_27July22.tc.TC001_NABARDBasicDetails"/>
  <testcase name="basicDetails" time="174.614" classname="com.NABARD_27July22.tc.TC001_NABARDBasicDetails"/>
  <testcase name="basicDetails" time="174.714" classname="com.NABARD_27July22.tc.TC001_NABARDBasicDetails"/>
  <testcase name="basicDetails" time="175.157" classname="com.NABARD_27July22.tc.TC001_NABARDBasicDetails"/>
  <testcase name="basicDetails" time="180.191" classname="com.NABARD_27July22.tc.TC001_NABARDBasicDetails"/>
  <testcase name="basicDetails" time="174.805" classname="com.NABARD_27July22.tc.TC001_NABARDBasicDetails"/>
  <testcase name="basicDetails" time="174.408" classname="com.NABARD_27July22.tc.TC001_NABARDBasicDetails"/>
  <testcase name="basicDetails" time="174.386" classname="com.NABARD_27July22.tc.TC001_NABARDBasicDetails"/>
  <testcase name="basicDetails" time="174.704" classname="com.NABARD_27July22.tc.TC001_NABARDBasicDetails"/>
  <testcase name="basicDetails" time="175.119" classname="com.NABARD_27July22.tc.TC001_NABARDBasicDetails"/>
  <testcase name="basicDetails" time="180.225" classname="com.NABARD_27July22.tc.TC001_NABARDBasicDetails"/>
  <testcase name="basicDetails" time="175.231" classname="com.NABARD_27July22.tc.TC001_NABARDBasicDetails"/>
  <testcase name="basicDetails" time="180.386" classname="com.NABARD_27July22.tc.TC001_NABARDBasicDetails"/>
  <testcase name="basicDetails" time="174.564" classname="com.NABARD_27July22.tc.TC001_NABARDBasicDetails"/>
  <testcase name="basicDetails" time="174.723" classname="com.NABARD_27July22.tc.TC001_NABARDBasicDetails"/>
  <testcase name="basicDetails" time="174.926" classname="com.NABARD_27July22.tc.TC001_NABARDBasicDetails"/>
  <testcase name="basicDetails" time="180.158" classname="com.NABARD_27July22.tc.TC001_NABARDBasicDetails"/>
  <testcase name="basicDetails" time="175.130" classname="com.NABARD_27July22.tc.TC001_NABARDBasicDetails"/>
  <testcase name="basicDetails" time="174.740" classname="com.NABARD_27July22.tc.TC001_NABARDBasicDetails"/>
  <testcase name="basicDetails" time="174.676" classname="com.NABARD_27July22.tc.TC001_NABARDBasicDetails"/>
  <testcase name="basicDetails" time="179.937" classname="com.NABARD_27July22.tc.TC001_NABARDBasicDetails"/>
  <testcase name="basicDetails" time="174.829" classname="com.NABARD_27July22.tc.TC001_NABARDBasicDetails"/>
  <testcase name="basicDetails" time="174.835" classname="com.NABARD_27July22.tc.TC001_NABARDBasicDetails"/>
  <testcase name="basicDetails" time="180.798" classname="com.NABARD_27July22.tc.TC001_NABARDBasicDetails"/>
  <testcase name="basicDetails" time="175.477" classname="com.NABARD_27July22.tc.TC001_NABARDBasicDetails"/>
  <testcase name="basicDetails" time="174.816" classname="com.NABARD_27July22.tc.TC001_NABARDBasicDetails"/>
  <testcase name="basicDetails" time="175.618" classname="com.NABARD_27July22.tc.TC001_NABARDBasicDetails"/>
  <testcase name="basicDetails" time="174.835" classname="com.NABARD_27July22.tc.TC001_NABARDBasicDetails"/>
  <testcase name="basicDetails" time="180.353" classname="com.NABARD_27July22.tc.TC001_NABARDBasicDetails"/>
  <testcase name="basicDetails" time="175.428" classname="com.NABARD_27July22.tc.TC001_NABARDBasicDetails"/>
  <testcase name="basicDetails" time="174.734" classname="com.NABARD_27July22.tc.TC001_NABARDBasicDetails"/>
  <testcase name="basicDetails" time="175.248" classname="com.NABARD_27July22.tc.TC001_NABARDBasicDetails"/>
  <testcase name="basicDetails" time="175.120" classname="com.NABARD_27July22.tc.TC001_NABARDBasicDetails"/>
  <testcase name="basicDetails" time="180.715" classname="com.NABARD_27July22.tc.TC001_NABARDBasicDetails"/>
  <testcase name="basicDetails" time="175.090" classname="com.NABARD_27July22.tc.TC001_NABARDBasicDetails"/>
  <testcase name="basicDetails" time="175.083" classname="com.NABARD_27July22.tc.TC001_NABARDBasicDetails"/>
  <testcase name="basicDetails" time="174.941" classname="com.NABARD_27July22.tc.TC001_NABARDBasicDetails"/>
  <testcase name="basicDetails" time="174.886" classname="com.NABARD_27July22.tc.TC001_NABARDBasicDetails"/>
  <testcase name="basicDetails" time="175.227" classname="com.NABARD_27July22.tc.TC001_NABARDBasicDetails"/>
  <testcase name="basicDetails" time="175.260" classname="com.NABARD_27July22.tc.TC001_NABARDBasicDetails"/>
  <testcase name="basicDetails" time="174.822" classname="com.NABARD_27July22.tc.TC001_NABARDBasicDetails"/>
  <testcase name="basicDetails" time="175.437" classname="com.NABARD_27July22.tc.TC001_NABARDBasicDetails"/>
  <testcase name="basicDetails" time="174.590" classname="com.NABARD_27July22.tc.TC001_NABARDBasicDetails"/>
  <testcase name="basicDetails" time="174.762" classname="com.NABARD_27July22.tc.TC001_NABARDBasicDetails"/>
  <testcase name="basicDetails" time="179.959" classname="com.NABARD_27July22.tc.TC001_NABARDBasicDetails"/>
  <testcase name="basicDetails" time="175.021" classname="com.NABARD_27July22.tc.TC001_NABARDBasicDetails"/>
  <testcase name="basicDetails" time="174.006" classname="com.NABARD_27July22.tc.TC001_NABARDBasicDetails"/>
  <testcase name="basicDetails" time="175.073" classname="com.NABARD_27July22.tc.TC001_NABARDBasicDetails"/>
  <testcase name="basicDetails" time="180.161" classname="com.NABARD_27July22.tc.TC001_NABARDBasicDetails"/>
  <testcase name="basicDetails" time="175.520" classname="com.NABARD_27July22.tc.TC001_NABARDBasicDetails"/>
  <testcase name="basicDetails" time="174.514" classname="com.NABARD_27July22.tc.TC001_NABARDBasicDetails"/>
  <testcase name="basicDetails" time="174.461" classname="com.NABARD_27July22.tc.TC001_NABARDBasicDetails"/>
  <testcase name="basicDetails" time="175.237" classname="com.NABARD_27July22.tc.TC001_NABARDBasicDetails"/>
  <testcase name="basicDetails" time="174.510" classname="com.NABARD_27July22.tc.TC001_NABARDBasicDetails"/>
  <testcase name="basicDetails" time="175.170" classname="com.NABARD_27July22.tc.TC001_NABARDBasicDetails"/>
  <testcase name="basicDetails" time="174.419" classname="com.NABARD_27July22.tc.TC001_NABARDBasicDetails"/>
  <testcase name="basicDetails" time="175.167" classname="com.NABARD_27July22.tc.TC001_NABARDBasicDetails"/>
  <testcase name="basicDetails" time="179.940" classname="com.NABARD_27July22.tc.TC001_NABARDBasicDetails"/>
  <testcase name="basicDetails" time="174.786" classname="com.NABARD_27July22.tc.TC001_NABARDBasicDetails"/>
  <testcase name="basicDetails" time="180.863" classname="com.NABARD_27July22.tc.TC001_NABARDBasicDetails"/>
  <testcase name="basicDetails" time="175.145" classname="com.NABARD_27July22.tc.TC001_NABARDBasicDetails"/>
  <testcase name="basicDetails" time="174.969" classname="com.NABARD_27July22.tc.TC001_NABARDBasicDetails"/>
  <testcase name="basicDetails" time="174.847" classname="com.NABARD_27July22.tc.TC001_NABARDBasicDetails"/>
  <testcase name="basicDetails" time="174.721" classname="com.NABARD_27July22.tc.TC001_NABARDBasicDetails"/>
  <testcase name="basicDetails" time="175.157" classname="com.NABARD_27July22.tc.TC001_NABARDBasicDetails"/>
  <testcase name="basicDetails" time="175.458" classname="com.NABARD_27July22.tc.TC001_NABARDBasicDetails"/>
  <testcase name="basicDetails" time="180.465" classname="com.NABARD_27July22.tc.TC001_NABARDBasicDetails"/>
  <testcase name="basicDetails" time="174.951" classname="com.NABARD_27July22.tc.TC001_NABARDBasicDetails"/>
  <testcase name="basicDetails" time="174.898" classname="com.NABARD_27July22.tc.TC001_NABARDBasicDetails"/>
  <testcase name="basicDetails" time="180.143" classname="com.NABARD_27July22.tc.TC001_NABARDBasicDetails"/>
  <testcase name="basicDetails" time="175.073" classname="com.NABARD_27July22.tc.TC001_NABARDBasicDetails"/>
  <testcase name="basicDetails" time="179.884" classname="com.NABARD_27July22.tc.TC001_NABARDBasicDetails"/>
  <testcase name="basicDetails" time="175.295" classname="com.NABARD_27July22.tc.TC001_NABARDBasicDetails"/>
  <testcase name="basicDetails" time="180.030" classname="com.NABARD_27July22.tc.TC001_NABARDBasicDetails"/>
  <testcase name="basicDetails" time="175.039" classname="com.NABARD_27July22.tc.TC001_NABARDBasicDetails"/>
  <testcase name="basicDetails" time="180.580" classname="com.NABARD_27July22.tc.TC001_NABARDBasicDetails"/>
  <testcase name="basicDetails" time="174.735" classname="com.NABARD_27July22.tc.TC001_NABARDBasicDetails"/>
  <testcase name="basicDetails" time="174.650" classname="com.NABARD_27July22.tc.TC001_NABARDBasicDetails"/>
  <testcase name="basicDetails" time="173.982" classname="com.NABARD_27July22.tc.TC001_NABARDBasicDetails"/>
  <testcase name="basicDetails" time="175.210" classname="com.NABARD_27July22.tc.TC001_NABARDBasicDetails"/>
  <testcase name="basicDetails" time="175.252" classname="com.NABARD_27July22.tc.TC001_NABARDBasicDetails"/>
  <testcase name="basicDetails" time="175.052" classname="com.NABARD_27July22.tc.TC001_NABARDBasicDetails"/>
  <testcase name="basicDetails" time="179.644" classname="com.NABARD_27July22.tc.TC001_NABARDBasicDetails"/>
  <testcase name="basicDetails" time="175.231" classname="com.NABARD_27July22.tc.TC001_NABARDBasicDetails"/>
  <testcase name="basicDetails" time="174.027" classname="com.NABARD_27July22.tc.TC001_NABARDBasicDetails"/>
  <testcase name="basicDetails" time="174.987" classname="com.NABARD_27July22.tc.TC001_NABARDBasicDetails"/>
  <testcase name="basicDetails" time="179.786" classname="com.NABARD_27July22.tc.TC001_NABARDBasicDetails"/>
  <testcase name="basicDetails" time="174.910" classname="com.NABARD_27July22.tc.TC001_NABARDBasicDetails"/>
  <testcase name="basicDetails" time="175.537" classname="com.NABARD_27July22.tc.TC001_NABARDBasicDetails"/>
  <testcase name="basicDetails" time="175.460" classname="com.NABARD_27July22.tc.TC001_NABARDBasicDetails"/>
  <testcase name="basicDetails" time="180.456" classname="com.NABARD_27July22.tc.TC001_NABARDBasicDetails"/>
  <testcase name="basicDetails" time="174.876" classname="com.NABARD_27July22.tc.TC001_NABARDBasicDetails"/>
  <testcase name="basicDetails" time="174.696" classname="com.NABARD_27July22.tc.TC001_NABARDBasicDetails"/>
  <testcase name="basicDetails" time="180.385" classname="com.NABARD_27July22.tc.TC001_NABARDBasicDetails"/>
  <testcase name="basicDetails" time="174.713" classname="com.NABARD_27July22.tc.TC001_NABARDBasicDetails"/>
  <testcase name="basicDetails" time="174.867" classname="com.NABARD_27July22.tc.TC001_NABARDBasicDetails"/>
  <testcase name="basicDetails" time="174.955" classname="com.NABARD_27July22.tc.TC001_NABARDBasicDetails"/>
  <testcase name="basicDetails" time="174.000" classname="com.NABARD_27July22.tc.TC001_NABARDBasicDetails"/>
  <testcase name="basicDetails" time="175.144" classname="com.NABARD_27July22.tc.TC001_NABARDBasicDetails"/>
  <testcase name="basicDetails" time="174.844" classname="com.NABARD_27July22.tc.TC001_NABARDBasicDetails"/>
  <testcase name="basicDetails" time="174.518" classname="com.NABARD_27July22.tc.TC001_NABARDBasicDetails"/>
  <testcase name="basicDetails" time="175.250" classname="com.NABARD_27July22.tc.TC001_NABARDBasicDetails"/>
  <testcase name="basicDetails" time="174.751" classname="com.NABARD_27July22.tc.TC001_NABARDBasicDetails"/>
  <testcase name="basicDetails" time="174.581" classname="com.NABARD_27July22.tc.TC001_NABARDBasicDetails"/>
  <testcase name="basicDetails" time="174.525" classname="com.NABARD_27July22.tc.TC001_NABARDBasicDetails"/>
  <testcase name="basicDetails" time="175.612" classname="com.NABARD_27July22.tc.TC001_NABARDBasicDetails"/>
  <testcase name="basicDetails" time="180.518" classname="com.NABARD_27July22.tc.TC001_NABARDBasicDetails"/>
  <testcase name="basicDetails" time="174.425" classname="com.NABARD_27July22.tc.TC001_NABARDBasicDetails"/>
  <testcase name="basicDetails" time="174.775" classname="com.NABARD_27July22.tc.TC001_NABARDBasicDetails"/>
  <testcase name="basicDetails" time="174.890" classname="com.NABARD_27July22.tc.TC001_NABARDBasicDetails"/>
  <testcase name="basicDetails" time="174.945" classname="com.NABARD_27July22.tc.TC001_NABARDBasicDetails"/>
  <testcase name="basicDetails" time="175.354" classname="com.NABARD_27July22.tc.TC001_NABARDBasicDetails"/>
  <testcase name="basicDetails" time="175.229" classname="com.NABARD_27July22.tc.TC001_NABARDBasicDetails"/>
  <testcase name="basicDetails" time="178.599" classname="com.NABARD_27July22.tc.TC001_NABARDBasicDetails"/>
  <testcase name="basicDetails" time="174.603" classname="com.NABARD_27July22.tc.TC001_NABARDBasicDetails"/>
  <testcase name="basicDetails" time="174.938" classname="com.NABARD_27July22.tc.TC001_NABARDBasicDetails"/>
  <testcase name="basicDetails" time="174.746" classname="com.NABARD_27July22.tc.TC001_NABARDBasicDetails"/>
  <testcase name="basicDetails" time="180.576" classname="com.NABARD_27July22.tc.TC001_NABARDBasicDetails"/>
  <testcase name="basicDetails" time="174.716" classname="com.NABARD_27July22.tc.TC001_NABARDBasicDetails"/>
  <testcase name="basicDetails" time="175.283" classname="com.NABARD_27July22.tc.TC001_NABARDBasicDetails"/>
  <testcase name="basicDetails" time="174.835" classname="com.NABARD_27July22.tc.TC001_NABARDBasicDetails"/>
  <testcase name="basicDetails" time="175.197" classname="com.NABARD_27July22.tc.TC001_NABARDBasicDetails"/>
  <testcase name="basicDetails" time="175.164" classname="com.NABARD_27July22.tc.TC001_NABARDBasicDetails"/>
  <testcase name="basicDetails" time="174.605" classname="com.NABARD_27July22.tc.TC001_NABARDBasicDetails"/>
  <testcase name="basicDetails" time="174.956" classname="com.NABARD_27July22.tc.TC001_NABARDBasicDetails"/>
  <testcase name="basicDetails" time="175.299" classname="com.NABARD_27July22.tc.TC001_NABARDBasicDetails"/>
  <testcase name="basicDetails" time="180.331" classname="com.NABARD_27July22.tc.TC001_NABARDBasicDetails"/>
  <testcase name="basicDetails" time="174.707" classname="com.NABARD_27July22.tc.TC001_NABARDBasicDetails"/>
  <testcase name="basicDetails" time="174.526" classname="com.NABARD_27July22.tc.TC001_NABARDBasicDetails"/>
  <testcase name="basicDetails" time="175.050" classname="com.NABARD_27July22.tc.TC001_NABARDBasicDetails"/>
  <testcase name="basicDetails" time="175.278" classname="com.NABARD_27July22.tc.TC001_NABARDBasicDetails"/>
  <testcase name="basicDetails" time="175.788" classname="com.NABARD_27July22.tc.TC001_NABARDBasicDetails"/>
  <testcase name="basicDetails" time="175.109" classname="com.NABARD_27July22.tc.TC001_NABARDBasicDetails"/>
  <testcase name="basicDetails" time="174.832" classname="com.NABARD_27July22.tc.TC001_NABARDBasicDetails"/>
  <testcase name="basicDetails" time="175.141" classname="com.NABARD_27July22.tc.TC001_NABARDBasicDetails"/>
  <testcase name="basicDetails" time="175.267" classname="com.NABARD_27July22.tc.TC001_NABARDBasicDetails"/>
  <testcase name="basicDetails" time="174.778" classname="com.NABARD_27July22.tc.TC001_NABARDBasicDetails"/>
  <testcase name="basicDetails" time="174.523" classname="com.NABARD_27July22.tc.TC001_NABARDBasicDetails"/>
  <testcase name="basicDetails" time="173.963" classname="com.NABARD_27July22.tc.TC001_NABARDBasicDetails"/>
  <testcase name="basicDetails" time="180.341" classname="com.NABARD_27July22.tc.TC001_NABARDBasicDetails"/>
  <testcase name="basicDetails" time="174.563" classname="com.NABARD_27July22.tc.TC001_NABARDBasicDetails"/>
  <testcase name="basicDetails" time="174.817" classname="com.NABARD_27July22.tc.TC001_NABARDBasicDetails"/>
  <testcase name="basicDetails" time="174.406" classname="com.NABARD_27July22.tc.TC001_NABARDBasicDetails"/>
  <testcase name="basicDetails" time="174.372" classname="com.NABARD_27July22.tc.TC001_NABARDBasicDetails"/>
  <testcase name="basicDetails" time="174.528" classname="com.NABARD_27July22.tc.TC001_NABARDBasicDetails"/>
  <testcase name="basicDetails" time="174.269" classname="com.NABARD_27July22.tc.TC001_NABARDBasicDetails"/>
  <testcase name="basicDetails" time="175.119" classname="com.NABARD_27July22.tc.TC001_NABARDBasicDetails"/>
  <testcase name="basicDetails" time="175.087" classname="com.NABARD_27July22.tc.TC001_NABARDBasicDetails"/>
  <testcase name="basicDetails" time="174.656" classname="com.NABARD_27July22.tc.TC001_NABARDBasicDetails"/>
  <testcase name="basicDetails" time="174.444" classname="com.NABARD_27July22.tc.TC001_NABARDBasicDetails"/>
  <testcase name="basicDetails" time="175.014" classname="com.NABARD_27July22.tc.TC001_NABARDBasicDetails"/>
  <testcase name="basicDetails" time="174.450" classname="com.NABARD_27July22.tc.TC001_NABARDBasicDetails"/>
  <testcase name="basicDetails" time="174.540" classname="com.NABARD_27July22.tc.TC001_NABARDBasicDetails"/>
  <testcase name="basicDetails" time="175.048" classname="com.NABARD_27July22.tc.TC001_NABARDBasicDetails"/>
  <testcase name="basicDetails" time="180.506" classname="com.NABARD_27July22.tc.TC001_NABARDBasicDetails"/>
  <testcase name="basicDetails" time="174.925" classname="com.NABARD_27July22.tc.TC001_NABARDBasicDetails"/>
  <testcase name="basicDetails" time="174.781" classname="com.NABARD_27July22.tc.TC001_NABARDBasicDetails"/>
  <testcase name="basicDetails" time="174.868" classname="com.NABARD_27July22.tc.TC001_NABARDBasicDetails"/>
  <testcase name="basicDetails" time="174.862" classname="com.NABARD_27July22.tc.TC001_NABARDBasicDetails"/>
  <testcase name="basicDetails" time="174.417" classname="com.NABARD_27July22.tc.TC001_NABARDBasicDetails"/>
  <testcase name="basicDetails" time="174.846" classname="com.NABARD_27July22.tc.TC001_NABARDBasicDetails"/>
  <testcase name="basicDetails" time="180.657" classname="com.NABARD_27July22.tc.TC001_NABARDBasicDetails"/>
  <testcase name="basicDetails" time="175.487" classname="com.NABARD_27July22.tc.TC001_NABARDBasicDetails"/>
  <testcase name="basicDetails" time="174.582" classname="com.NABARD_27July22.tc.TC001_NABARDBasicDetails"/>
  <testcase name="basicDetails" time="174.902" classname="com.NABARD_27July22.tc.TC001_NABARDBasicDetails"/>
  <testcase name="basicDetails" time="174.905" classname="com.NABARD_27July22.tc.TC001_NABARDBasicDetails"/>
  <testcase name="basicDetails" time="174.428" classname="com.NABARD_27July22.tc.TC001_NABARDBasicDetails"/>
  <testcase name="basicDetails" time="175.040" classname="com.NABARD_27July22.tc.TC001_NABARDBasicDetails"/>
  <testcase name="basicDetails" time="174.603" classname="com.NABARD_27July22.tc.TC001_NABARDBasicDetails"/>
  <testcase name="basicDetails" time="47.070" classname="com.NABARD_27July22.tc.TC001_NABARDBasicDetails">
    <error type="org.openqa.selenium.UnhandledAlertException" message="unexpected alert open: {Alert text : Date Of Birth should be between 02/09/1962 to 01/09/2001}
  (Session info: chrome=104.0.5112.102): Date Of Birth should be between 02/09/1962 to 01/09/2001
Build info: version: &#039;3.141.0&#039;, revision: &#039;2ecb7d9a&#039;, time: &#039;2018-10-31T20:09:30&#039;
System info: host: &#039;MAA014482B&#039;, ip: &#039;124.7.228.19&#039;, os.name: &#039;Windows 10&#039;, os.arch: &#039;amd64&#039;, os.version: &#039;10.0&#039;, java.version: &#039;1.8.0_131&#039;
Driver info: org.openqa.selenium.chrome.ChromeDriver
Capabilities {acceptInsecureCerts: false, browserName: chrome, browserVersion: 104.0.5112.102, chrome: {chromedriverVersion: 104.0.5112.79 (3cf3e8c8a07d..., userDataDir: C:\Users\016386\AppData\Loc...}, goog:chromeOptions: {debuggerAddress: localhost:61642}, javascriptEnabled: true, networkConnectionEnabled: false, pageLoadStrategy: normal, platform: WINDOWS, platformName: WINDOWS, proxy: Proxy(), setWindowRect: true, strictFileInteractability: false, timeouts: {implicit: 0, pageLoad: 300000, script: 30000}, unhandledPromptBehavior: dismiss and notify, webauthn:extension:credBlob: true, webauthn:extension:largeBlob: true, webauthn:virtualAuthenticators: true}
Session ID: 777fd17079c3c8b9d74a5afcd35e6690
*** Element info: {Using=xpath, value=.//*[starts-with(@id,&#039;err_seldob&#039;)]}">
      <![CDATA[org.openqa.selenium.UnhandledAlertException: unexpected alert open: {Alert text : Date Of Birth should be between 02/09/1962 to 01/09/2001}
  (Session info: chrome=104.0.5112.102): Date Of Birth should be between 02/09/1962 to 01/09/2001
Build info: version: '3.141.0', revision: '2ecb7d9a', time: '2018-10-31T20:09:30'
System info: host: 'MAA014482B', ip: '124.7.228.19', os.name: 'Windows 10', os.arch: 'amd64', os.version: '10.0', java.version: '1.8.0_131'
Driver info: org.openqa.selenium.chrome.ChromeDriver
Capabilities {acceptInsecureCerts: false, browserName: chrome, browserVersion: 104.0.5112.102, chrome: {chromedriverVersion: 104.0.5112.79 (3cf3e8c8a07d..., userDataDir: C:\Users\016386\AppData\Loc...}, goog:chromeOptions: {debuggerAddress: localhost:61642}, javascriptEnabled: true, networkConnectionEnabled: false, pageLoadStrategy: normal, platform: WINDOWS, platformName: WINDOWS, proxy: Proxy(), setWindowRect: true, strictFileInteractability: false, timeouts: {implicit: 0, pageLoad: 300000, script: 30000}, unhandledPromptBehavior: dismiss and notify, webauthn:extension:credBlob: true, webauthn:extension:largeBlob: true, webauthn:virtualAuthenticators: true}
Session ID: 777fd17079c3c8b9d74a5afcd35e6690
*** Element info: {Using=xpath, value=.//*[starts-with(@id,'err_seldob')]}
at org.openqa.selenium.remote.http.W3CHttpResponseCodec.decode(W3CHttpResponseCodec.java:120)
at org.openqa.selenium.remote.http.W3CHttpResponseCodec.decode(W3CHttpResponseCodec.java:49)
at org.openqa.selenium.remote.HttpCommandExecutor.execute(HttpCommandExecutor.java:158)
at org.openqa.selenium.remote.service.DriverCommandExecutor.execute(DriverCommandExecutor.java:83)
at org.openqa.selenium.remote.RemoteWebDriver.execute(RemoteWebDriver.java:552)
at org.openqa.selenium.remote.RemoteWebDriver.findElements(RemoteWebDriver.java:353)
at org.openqa.selenium.remote.RemoteWebDriver.findElementsByXPath(RemoteWebDriver.java:432)
at org.openqa.selenium.By$ByXPath.findElements(By.java:348)
at org.openqa.selenium.remote.RemoteWebDriver.findElements(RemoteWebDriver.java:311)
at lib.selenium.WebDriverServiceImpl.noagealert(WebDriverServiceImpl.java:766)
at lib.selenium.WebDriverServiceImpl.agevalidator_max(WebDriverServiceImpl.java:857)
at com.ibps.pages.PersonalDetailsPage.ageValidatorMax(PersonalDetailsPage.java:329)
at com.NABARD_27July22.tc.TC001_NABARDBasicDetails.basicDetails(TC001_NABARDBasicDetails.java:74)
at sun.reflect.GeneratedMethodAccessor3.invoke(Unknown Source)
at sun.reflect.DelegatingMethodAccessorImpl.invoke(Unknown Source)
at java.lang.reflect.Method.invoke(Unknown Source)
at org.testng.internal.MethodInvocationHelper.invokeMethod(MethodInvocationHelper.java:133)
at org.testng.internal.TestInvoker.invokeMethod(TestInvoker.java:584)
at org.testng.internal.TestInvoker.invokeTestMethod(TestInvoker.java:172)
at org.testng.internal.MethodRunner.runInSequence(MethodRunner.java:46)
at org.testng.internal.TestInvoker$MethodInvocationAgent.invoke(TestInvoker.java:804)
at org.testng.internal.TestInvoker.invokeTestMethods(TestInvoker.java:145)
at org.testng.internal.TestMethodWorker.invokeTestMethods(TestMethodWorker.java:146)
at org.testng.internal.TestMethodWorker.run(TestMethodWorker.java:128)
at java.util.concurrent.ThreadPoolExecutor.runWorker(Unknown Source)
at java.util.concurrent.ThreadPoolExecutor$Worker.run(Unknown Source)
at java.lang.Thread.run(Unknown Source)
]]>
    </error>
  </testcase> <!-- basicDetails -->
  <testcase name="basicDetails" time="174.504" classname="com.NABARD_27July22.tc.TC001_NABARDBasicDetails"/>
  <testcase name="basicDetails" time="174.689" classname="com.NABARD_27July22.tc.TC001_NABARDBasicDetails"/>
</testsuite> <!-- com.NABARD_27July22.tc.TC001_NABARDBasicDetails -->
