<?xml version="1.0" encoding="UTF-8"?>
<!-- Generated by org.testng.reporters.JUnitReportReporter -->
<testsuite skipped="0" hostname="MAA014482B" name="com.SBI_14Nov22.tc.TC001_SBIBasicDetails" tests="20" failures="0" timestamp="2022-11-14T13:44:47 IST" time="3210.894" errors="0">
  <testcase name="basicDetails" time="161.159" classname="com.SBI_14Nov22.tc.TC001_SBIBasicDetails"/>
  <testcase name="basicDetails" time="160.130" classname="com.SBI_14Nov22.tc.TC001_SBIBasicDetails"/>
  <testcase name="basicDetails" time="160.060" classname="com.SBI_14Nov22.tc.TC001_SBIBasicDetails"/>
  <testcase name="basicDetails" time="158.793" classname="com.SBI_14Nov22.tc.TC001_SBIBasicDetails"/>
  <testcase name="basicDetails" time="159.127" classname="com.SBI_14Nov22.tc.TC001_SBIBasicDetails"/>
  <testcase name="basicDetails" time="160.387" classname="com.SBI_14Nov22.tc.TC001_SBIBasicDetails"/>
  <testcase name="basicDetails" time="160.210" classname="com.SBI_14Nov22.tc.TC001_SBIBasicDetails"/>
  <testcase name="basicDetails" time="161.153" classname="com.SBI_14Nov22.tc.TC001_SBIBasicDetails"/>
  <testcase name="basicDetails" time="161.402" classname="com.SBI_14Nov22.tc.TC001_SBIBasicDetails"/>
  <testcase name="basicDetails" time="159.961" classname="com.SBI_14Nov22.tc.TC001_SBIBasicDetails"/>
  <testcase name="basicDetails" time="160.352" classname="com.SBI_14Nov22.tc.TC001_SBIBasicDetails"/>
  <testcase name="basicDetails" time="159.549" classname="com.SBI_14Nov22.tc.TC001_SBIBasicDetails"/>
  <testcase name="basicDetails" time="166.659" classname="com.SBI_14Nov22.tc.TC001_SBIBasicDetails"/>
  <testcase name="basicDetails" time="160.264" classname="com.SBI_14Nov22.tc.TC001_SBIBasicDetails"/>
  <testcase name="basicDetails" time="161.520" classname="com.SBI_14Nov22.tc.TC001_SBIBasicDetails"/>
  <testcase name="basicDetails" time="159.984" classname="com.SBI_14Nov22.tc.TC001_SBIBasicDetails"/>
  <testcase name="basicDetails" time="160.072" classname="com.SBI_14Nov22.tc.TC001_SBIBasicDetails"/>
  <testcase name="basicDetails" time="160.643" classname="com.SBI_14Nov22.tc.TC001_SBIBasicDetails"/>
  <testcase name="basicDetails" time="159.806" classname="com.SBI_14Nov22.tc.TC001_SBIBasicDetails"/>
  <testcase name="basicDetails" time="159.663" classname="com.SBI_14Nov22.tc.TC001_SBIBasicDetails"/>
</testsuite> <!-- com.SBI_14Nov22.tc.TC001_SBIBasicDetails -->
