<?xml version="1.0" encoding="UTF-8"?>
<!-- Generated by org.testng.reporters.JUnitReportReporter -->
<testsuite skipped="0" hostname="MAA014482B" name="com.IPPB.tc.TC001_IPPBBasicDetails" tests="17" failures="0" timestamp="2022-09-05T16:25:26 IST" time="2767.970" errors="0">
  <testcase name="basicDetails" time="157.703" classname="com.IPPB.tc.TC001_IPPBBasicDetails"/>
  <testcase name="basicDetails" time="156.989" classname="com.IPPB.tc.TC001_IPPBBasicDetails"/>
  <testcase name="basicDetails" time="156.823" classname="com.IPPB.tc.TC001_IPPBBasicDetails"/>
  <testcase name="basicDetails" time="158.037" classname="com.IPPB.tc.TC001_IPPBBasicDetails"/>
  <testcase name="basicDetails" time="186.995" classname="com.IPPB.tc.TC001_IPPBBasicDetails"/>
  <testcase name="basicDetails" time="159.004" classname="com.IPPB.tc.TC001_IPPBBasicDetails"/>
  <testcase name="basicDetails" time="159.608" classname="com.IPPB.tc.TC001_IPPBBasicDetails"/>
  <testcase name="basicDetails" time="159.119" classname="com.IPPB.tc.TC001_IPPBBasicDetails"/>
  <testcase name="basicDetails" time="156.915" classname="com.IPPB.tc.TC001_IPPBBasicDetails"/>
  <testcase name="basicDetails" time="157.122" classname="com.IPPB.tc.TC001_IPPBBasicDetails"/>
  <testcase name="basicDetails" time="156.637" classname="com.IPPB.tc.TC001_IPPBBasicDetails"/>
  <testcase name="basicDetails" time="157.213" classname="com.IPPB.tc.TC001_IPPBBasicDetails"/>
  <testcase name="basicDetails" time="186.623" classname="com.IPPB.tc.TC001_IPPBBasicDetails"/>
  <testcase name="basicDetails" time="184.798" classname="com.IPPB.tc.TC001_IPPBBasicDetails"/>
  <testcase name="basicDetails" time="156.929" classname="com.IPPB.tc.TC001_IPPBBasicDetails"/>
  <testcase name="basicDetails" time="159.412" classname="com.IPPB.tc.TC001_IPPBBasicDetails"/>
  <testcase name="basicDetails" time="158.043" classname="com.IPPB.tc.TC001_IPPBBasicDetails"/>
</testsuite> <!-- com.IPPB.tc.TC001_IPPBBasicDetails -->
