<?xml version="1.0" encoding="UTF-8"?>
<!-- Generated by org.testng.reporters.JUnitReportReporter -->
<testsuite skipped="0" hostname="MAASDS01095B" name="com.ZP_July23.tc.TC001_ZPBasicDetails" tests="1" failures="0" timestamp="2023-08-01T14:04:00 IST" time="84.815" errors="0">
  <testcase name="basicDetails" time="84.815" classname="com.ZP_July23.tc.TC001_ZPBasicDetails"/>
</testsuite> <!-- com.ZP_July23.tc.TC001_ZPBasicDetails -->
