<?xml version="1.0" encoding="UTF-8"?>
<!-- Generated by org.testng.reporters.JUnitReportReporter -->
<testsuite skipped="0" hostname="MAA014482B" name="com.MAHAGEN_2Sep22.tc.TC001_MAHAGENBasicDetails" tests="18" failures="0" timestamp="2022-09-09T15:24:30 IST" time="2779.775" errors="0">
  <testcase name="basicDetails" time="153.035" classname="com.MAHAGEN_2Sep22.tc.TC001_MAHAGENBasicDetails"/>
  <testcase name="basicDetails" time="154.282" classname="com.MAHAGEN_2Sep22.tc.TC001_MAHAGENBasicDetails"/>
  <testcase name="basicDetails" time="156.179" classname="com.MAHAGEN_2Sep22.tc.TC001_MAHAGENBasicDetails"/>
  <testcase name="basicDetails" time="156.753" classname="com.MAHAGEN_2Sep22.tc.TC001_MAHAGENBasicDetails"/>
  <testcase name="basicDetails" time="151.985" classname="com.MAHAGEN_2Sep22.tc.TC001_MAHAGENBasicDetails"/>
  <testcase name="basicDetails" time="151.588" classname="com.MAHAGEN_2Sep22.tc.TC001_MAHAGENBasicDetails"/>
  <testcase name="basicDetails" time="154.237" classname="com.MAHAGEN_2Sep22.tc.TC001_MAHAGENBasicDetails"/>
  <testcase name="basicDetails" time="155.393" classname="com.MAHAGEN_2Sep22.tc.TC001_MAHAGENBasicDetails"/>
  <testcase name="basicDetails" time="153.444" classname="com.MAHAGEN_2Sep22.tc.TC001_MAHAGENBasicDetails"/>
  <testcase name="basicDetails" time="156.301" classname="com.MAHAGEN_2Sep22.tc.TC001_MAHAGENBasicDetails"/>
  <testcase name="basicDetails" time="160.970" classname="com.MAHAGEN_2Sep22.tc.TC001_MAHAGENBasicDetails"/>
  <testcase name="basicDetails" time="151.750" classname="com.MAHAGEN_2Sep22.tc.TC001_MAHAGENBasicDetails"/>
  <testcase name="basicDetails" time="153.587" classname="com.MAHAGEN_2Sep22.tc.TC001_MAHAGENBasicDetails"/>
  <testcase name="basicDetails" time="154.995" classname="com.MAHAGEN_2Sep22.tc.TC001_MAHAGENBasicDetails"/>
  <testcase name="basicDetails" time="153.785" classname="com.MAHAGEN_2Sep22.tc.TC001_MAHAGENBasicDetails"/>
  <testcase name="basicDetails" time="153.924" classname="com.MAHAGEN_2Sep22.tc.TC001_MAHAGENBasicDetails"/>
  <testcase name="basicDetails" time="152.644" classname="com.MAHAGEN_2Sep22.tc.TC001_MAHAGENBasicDetails"/>
  <testcase name="basicDetails" time="154.923" classname="com.MAHAGEN_2Sep22.tc.TC001_MAHAGENBasicDetails"/>
</testsuite> <!-- com.MAHAGEN_2Sep22.tc.TC001_MAHAGENBasicDetails -->
