<?xml version="1.0" encoding="UTF-8"?>
<!-- Generated by org.testng.reporters.JUnitReportReporter -->
<testsuite skipped="0" hostname="MAA011276B" name="test.TC001" tests="1" failures="0" timestamp="19 Jul 2019 05:45:42 GMT" time="9.685" errors="0">
  <testcase name="alertSnap" time="9.685" classname="test.TC001"/>
</testsuite> <!-- test.TC001 -->
