<?xml version="1.0" encoding="UTF-8"?>
<!-- Generated by org.testng.reporters.JUnitReportReporter -->
<testsuite skipped="0" hostname="MAA014482B" name="com.BARC.tc.TC005_BARCBasicDetails" tests="6" failures="0" timestamp="2023-02-03T13:00:30 IST" time="918.576" errors="0">
  <testcase name="basicDetails" time="153.763" classname="com.BARC.tc.TC005_BARCBasicDetails"/>
  <testcase name="basicDetails" time="153.828" classname="com.BARC.tc.TC005_BARCBasicDetails"/>
  <testcase name="basicDetails" time="153.829" classname="com.BARC.tc.TC005_BARCBasicDetails"/>
  <testcase name="basicDetails" time="153.578" classname="com.BARC.tc.TC005_BARCBasicDetails"/>
  <testcase name="basicDetails" time="151.777" classname="com.BARC.tc.TC005_BARCBasicDetails"/>
  <testcase name="basicDetails" time="151.801" classname="com.BARC.tc.TC005_BARCBasicDetails"/>
</testsuite> <!-- com.BARC.tc.TC005_BARCBasicDetails -->
