<?xml version="1.0" encoding="UTF-8"?>
<!-- Generated by org.testng.reporters.JUnitReportReporter -->
<testsuite skipped="0" hostname="MAA014482B" name="com.Mahatransco_8Dec22.tc.TC002_MAHABasicDetails" tests="18" failures="0" timestamp="2022-12-13T18:02:54 IST" time="2964.329" errors="0">
  <testcase name="basicDetails" time="161.837" classname="com.Mahatransco_8Dec22.tc.TC002_MAHABasicDetails"/>
  <testcase name="basicDetails" time="169.526" classname="com.Mahatransco_8Dec22.tc.TC002_MAHABasicDetails"/>
  <testcase name="basicDetails" time="165.538" classname="com.Mahatransco_8Dec22.tc.TC002_MAHABasicDetails"/>
  <testcase name="basicDetails" time="165.808" classname="com.Mahatransco_8Dec22.tc.TC002_MAHABasicDetails"/>
  <testcase name="basicDetails" time="163.885" classname="com.Mahatransco_8Dec22.tc.TC002_MAHABasicDetails"/>
  <testcase name="basicDetails" time="165.652" classname="com.Mahatransco_8Dec22.tc.TC002_MAHABasicDetails"/>
  <testcase name="basicDetails" time="163.954" classname="com.Mahatransco_8Dec22.tc.TC002_MAHABasicDetails"/>
  <testcase name="basicDetails" time="162.485" classname="com.Mahatransco_8Dec22.tc.TC002_MAHABasicDetails"/>
  <testcase name="basicDetails" time="165.859" classname="com.Mahatransco_8Dec22.tc.TC002_MAHABasicDetails"/>
  <testcase name="basicDetails" time="165.988" classname="com.Mahatransco_8Dec22.tc.TC002_MAHABasicDetails"/>
  <testcase name="basicDetails" time="164.497" classname="com.Mahatransco_8Dec22.tc.TC002_MAHABasicDetails"/>
  <testcase name="basicDetails" time="163.716" classname="com.Mahatransco_8Dec22.tc.TC002_MAHABasicDetails"/>
  <testcase name="basicDetails" time="163.538" classname="com.Mahatransco_8Dec22.tc.TC002_MAHABasicDetails"/>
  <testcase name="basicDetails" time="166.139" classname="com.Mahatransco_8Dec22.tc.TC002_MAHABasicDetails"/>
  <testcase name="basicDetails" time="163.991" classname="com.Mahatransco_8Dec22.tc.TC002_MAHABasicDetails"/>
  <testcase name="basicDetails" time="163.925" classname="com.Mahatransco_8Dec22.tc.TC002_MAHABasicDetails"/>
  <testcase name="basicDetails" time="166.115" classname="com.Mahatransco_8Dec22.tc.TC002_MAHABasicDetails"/>
  <testcase name="basicDetails" time="161.876" classname="com.Mahatransco_8Dec22.tc.TC002_MAHABasicDetails"/>
</testsuite> <!-- com.Mahatransco_8Dec22.tc.TC002_MAHABasicDetails -->
