<?xml version="1.0" encoding="UTF-8"?>
<!-- Generated by org.testng.reporters.JUnitReportReporter -->
<testsuite hostname="MAA011253A" failures="0" tests="34" name="com.rbisb.tc.TC003_RBIBasicDetails" time="1418.598" errors="14" timestamp="2020-07-23T14:53:28 IST" skipped="0">
  <testcase classname="com.rbisb.tc.TC003_RBIBasicDetails" name="basicDetails" time="0.155">
    <error type="java.lang.NullPointerException">
      <![CDATA[java.lang.NullPointerException
at com.ibps.pages.PersonalDetailsPage.selectDropDownUsingIndexNew(PersonalDetailsPage.java:300)
at com.rbisb.tc.TC003_RBIBasicDetails.basicDetails(TC003_RBIBasicDetails.java:37)
at jdk.internal.reflect.GeneratedMethodAccessor88.invoke(Unknown Source)
at java.base/jdk.internal.reflect.DelegatingMethodAccessorImpl.invoke(Unknown Source)
at java.base/java.lang.reflect.Method.invoke(Unknown Source)
at org.testng.internal.MethodInvocationHelper.invokeMethod(MethodInvocationHelper.java:133)
at org.testng.internal.TestInvoker.invokeMethod(TestInvoker.java:584)
at org.testng.internal.TestInvoker.invokeTestMethod(TestInvoker.java:172)
at org.testng.internal.MethodRunner.runInSequence(MethodRunner.java:46)
at org.testng.internal.TestInvoker$MethodInvocationAgent.invoke(TestInvoker.java:804)
at org.testng.internal.TestInvoker.invokeTestMethods(TestInvoker.java:145)
at org.testng.internal.TestMethodWorker.invokeTestMethods(TestMethodWorker.java:146)
at org.testng.internal.TestMethodWorker.run(TestMethodWorker.java:128)
at java.base/java.util.concurrent.ThreadPoolExecutor.runWorker(Unknown Source)
at java.base/java.util.concurrent.ThreadPoolExecutor$Worker.run(Unknown Source)
at java.base/java.lang.Thread.run(Unknown Source)
]]>
    </error>
  </testcase> <!-- basicDetails -->
  <testcase classname="com.rbisb.tc.TC003_RBIBasicDetails" name="basicDetails" time="70.642"/>
  <testcase classname="com.rbisb.tc.TC003_RBIBasicDetails" name="basicDetails" time="70.364"/>
  <testcase classname="com.rbisb.tc.TC003_RBIBasicDetails" name="basicDetails" time="70.659"/>
  <testcase classname="com.rbisb.tc.TC003_RBIBasicDetails" name="basicDetails" time="0.115">
    <error type="java.lang.NullPointerException">
      <![CDATA[java.lang.NullPointerException
at com.ibps.pages.PersonalDetailsPage.selectDropDownUsingIndexNew(PersonalDetailsPage.java:300)
at com.rbisb.tc.TC003_RBIBasicDetails.basicDetails(TC003_RBIBasicDetails.java:37)
at jdk.internal.reflect.GeneratedMethodAccessor88.invoke(Unknown Source)
at java.base/jdk.internal.reflect.DelegatingMethodAccessorImpl.invoke(Unknown Source)
at java.base/java.lang.reflect.Method.invoke(Unknown Source)
at org.testng.internal.MethodInvocationHelper.invokeMethod(MethodInvocationHelper.java:133)
at org.testng.internal.TestInvoker.invokeMethod(TestInvoker.java:584)
at org.testng.internal.TestInvoker.invokeTestMethod(TestInvoker.java:172)
at org.testng.internal.MethodRunner.runInSequence(MethodRunner.java:46)
at org.testng.internal.TestInvoker$MethodInvocationAgent.invoke(TestInvoker.java:804)
at org.testng.internal.TestInvoker.invokeTestMethods(TestInvoker.java:145)
at org.testng.internal.TestMethodWorker.invokeTestMethods(TestMethodWorker.java:146)
at org.testng.internal.TestMethodWorker.run(TestMethodWorker.java:128)
at java.base/java.util.concurrent.ThreadPoolExecutor.runWorker(Unknown Source)
at java.base/java.util.concurrent.ThreadPoolExecutor$Worker.run(Unknown Source)
at java.base/java.lang.Thread.run(Unknown Source)
]]>
    </error>
  </testcase> <!-- basicDetails -->
  <testcase classname="com.rbisb.tc.TC003_RBIBasicDetails" name="basicDetails" time="0.116">
    <error type="java.lang.NullPointerException">
      <![CDATA[java.lang.NullPointerException
at com.ibps.pages.PersonalDetailsPage.selectDropDownUsingIndexNew(PersonalDetailsPage.java:300)
at com.rbisb.tc.TC003_RBIBasicDetails.basicDetails(TC003_RBIBasicDetails.java:37)
at jdk.internal.reflect.GeneratedMethodAccessor88.invoke(Unknown Source)
at java.base/jdk.internal.reflect.DelegatingMethodAccessorImpl.invoke(Unknown Source)
at java.base/java.lang.reflect.Method.invoke(Unknown Source)
at org.testng.internal.MethodInvocationHelper.invokeMethod(MethodInvocationHelper.java:133)
at org.testng.internal.TestInvoker.invokeMethod(TestInvoker.java:584)
at org.testng.internal.TestInvoker.invokeTestMethod(TestInvoker.java:172)
at org.testng.internal.MethodRunner.runInSequence(MethodRunner.java:46)
at org.testng.internal.TestInvoker$MethodInvocationAgent.invoke(TestInvoker.java:804)
at org.testng.internal.TestInvoker.invokeTestMethods(TestInvoker.java:145)
at org.testng.internal.TestMethodWorker.invokeTestMethods(TestMethodWorker.java:146)
at org.testng.internal.TestMethodWorker.run(TestMethodWorker.java:128)
at java.base/java.util.concurrent.ThreadPoolExecutor.runWorker(Unknown Source)
at java.base/java.util.concurrent.ThreadPoolExecutor$Worker.run(Unknown Source)
at java.base/java.lang.Thread.run(Unknown Source)
]]>
    </error>
  </testcase> <!-- basicDetails -->
  <testcase classname="com.rbisb.tc.TC003_RBIBasicDetails" name="basicDetails" time="70.803"/>
  <testcase classname="com.rbisb.tc.TC003_RBIBasicDetails" name="basicDetails" time="0.178">
    <error type="java.lang.NullPointerException">
      <![CDATA[java.lang.NullPointerException
at com.ibps.pages.PersonalDetailsPage.selectDropDownUsingIndexNew(PersonalDetailsPage.java:300)
at com.rbisb.tc.TC003_RBIBasicDetails.basicDetails(TC003_RBIBasicDetails.java:37)
at jdk.internal.reflect.GeneratedMethodAccessor88.invoke(Unknown Source)
at java.base/jdk.internal.reflect.DelegatingMethodAccessorImpl.invoke(Unknown Source)
at java.base/java.lang.reflect.Method.invoke(Unknown Source)
at org.testng.internal.MethodInvocationHelper.invokeMethod(MethodInvocationHelper.java:133)
at org.testng.internal.TestInvoker.invokeMethod(TestInvoker.java:584)
at org.testng.internal.TestInvoker.invokeTestMethod(TestInvoker.java:172)
at org.testng.internal.MethodRunner.runInSequence(MethodRunner.java:46)
at org.testng.internal.TestInvoker$MethodInvocationAgent.invoke(TestInvoker.java:804)
at org.testng.internal.TestInvoker.invokeTestMethods(TestInvoker.java:145)
at org.testng.internal.TestMethodWorker.invokeTestMethods(TestMethodWorker.java:146)
at org.testng.internal.TestMethodWorker.run(TestMethodWorker.java:128)
at java.base/java.util.concurrent.ThreadPoolExecutor.runWorker(Unknown Source)
at java.base/java.util.concurrent.ThreadPoolExecutor$Worker.run(Unknown Source)
at java.base/java.lang.Thread.run(Unknown Source)
]]>
    </error>
  </testcase> <!-- basicDetails -->
  <testcase classname="com.rbisb.tc.TC003_RBIBasicDetails" name="basicDetails" time="70.573"/>
  <testcase classname="com.rbisb.tc.TC003_RBIBasicDetails" name="basicDetails" time="70.829"/>
  <testcase classname="com.rbisb.tc.TC003_RBIBasicDetails" name="basicDetails" time="0.113">
    <error type="java.lang.NullPointerException">
      <![CDATA[java.lang.NullPointerException
at com.ibps.pages.PersonalDetailsPage.selectDropDownUsingIndexNew(PersonalDetailsPage.java:300)
at com.rbisb.tc.TC003_RBIBasicDetails.basicDetails(TC003_RBIBasicDetails.java:37)
at jdk.internal.reflect.GeneratedMethodAccessor88.invoke(Unknown Source)
at java.base/jdk.internal.reflect.DelegatingMethodAccessorImpl.invoke(Unknown Source)
at java.base/java.lang.reflect.Method.invoke(Unknown Source)
at org.testng.internal.MethodInvocationHelper.invokeMethod(MethodInvocationHelper.java:133)
at org.testng.internal.TestInvoker.invokeMethod(TestInvoker.java:584)
at org.testng.internal.TestInvoker.invokeTestMethod(TestInvoker.java:172)
at org.testng.internal.MethodRunner.runInSequence(MethodRunner.java:46)
at org.testng.internal.TestInvoker$MethodInvocationAgent.invoke(TestInvoker.java:804)
at org.testng.internal.TestInvoker.invokeTestMethods(TestInvoker.java:145)
at org.testng.internal.TestMethodWorker.invokeTestMethods(TestMethodWorker.java:146)
at org.testng.internal.TestMethodWorker.run(TestMethodWorker.java:128)
at java.base/java.util.concurrent.ThreadPoolExecutor.runWorker(Unknown Source)
at java.base/java.util.concurrent.ThreadPoolExecutor$Worker.run(Unknown Source)
at java.base/java.lang.Thread.run(Unknown Source)
]]>
    </error>
  </testcase> <!-- basicDetails -->
  <testcase classname="com.rbisb.tc.TC003_RBIBasicDetails" name="basicDetails" time="70.515"/>
  <testcase classname="com.rbisb.tc.TC003_RBIBasicDetails" name="basicDetails" time="0.112">
    <error type="java.lang.NullPointerException">
      <![CDATA[java.lang.NullPointerException
at com.ibps.pages.PersonalDetailsPage.selectDropDownUsingIndexNew(PersonalDetailsPage.java:300)
at com.rbisb.tc.TC003_RBIBasicDetails.basicDetails(TC003_RBIBasicDetails.java:37)
at jdk.internal.reflect.GeneratedMethodAccessor88.invoke(Unknown Source)
at java.base/jdk.internal.reflect.DelegatingMethodAccessorImpl.invoke(Unknown Source)
at java.base/java.lang.reflect.Method.invoke(Unknown Source)
at org.testng.internal.MethodInvocationHelper.invokeMethod(MethodInvocationHelper.java:133)
at org.testng.internal.TestInvoker.invokeMethod(TestInvoker.java:584)
at org.testng.internal.TestInvoker.invokeTestMethod(TestInvoker.java:172)
at org.testng.internal.MethodRunner.runInSequence(MethodRunner.java:46)
at org.testng.internal.TestInvoker$MethodInvocationAgent.invoke(TestInvoker.java:804)
at org.testng.internal.TestInvoker.invokeTestMethods(TestInvoker.java:145)
at org.testng.internal.TestMethodWorker.invokeTestMethods(TestMethodWorker.java:146)
at org.testng.internal.TestMethodWorker.run(TestMethodWorker.java:128)
at java.base/java.util.concurrent.ThreadPoolExecutor.runWorker(Unknown Source)
at java.base/java.util.concurrent.ThreadPoolExecutor$Worker.run(Unknown Source)
at java.base/java.lang.Thread.run(Unknown Source)
]]>
    </error>
  </testcase> <!-- basicDetails -->
  <testcase classname="com.rbisb.tc.TC003_RBIBasicDetails" name="basicDetails" time="0.121">
    <error type="java.lang.NullPointerException">
      <![CDATA[java.lang.NullPointerException
at com.ibps.pages.PersonalDetailsPage.selectDropDownUsingIndexNew(PersonalDetailsPage.java:300)
at com.rbisb.tc.TC003_RBIBasicDetails.basicDetails(TC003_RBIBasicDetails.java:37)
at jdk.internal.reflect.GeneratedMethodAccessor88.invoke(Unknown Source)
at java.base/jdk.internal.reflect.DelegatingMethodAccessorImpl.invoke(Unknown Source)
at java.base/java.lang.reflect.Method.invoke(Unknown Source)
at org.testng.internal.MethodInvocationHelper.invokeMethod(MethodInvocationHelper.java:133)
at org.testng.internal.TestInvoker.invokeMethod(TestInvoker.java:584)
at org.testng.internal.TestInvoker.invokeTestMethod(TestInvoker.java:172)
at org.testng.internal.MethodRunner.runInSequence(MethodRunner.java:46)
at org.testng.internal.TestInvoker$MethodInvocationAgent.invoke(TestInvoker.java:804)
at org.testng.internal.TestInvoker.invokeTestMethods(TestInvoker.java:145)
at org.testng.internal.TestMethodWorker.invokeTestMethods(TestMethodWorker.java:146)
at org.testng.internal.TestMethodWorker.run(TestMethodWorker.java:128)
at java.base/java.util.concurrent.ThreadPoolExecutor.runWorker(Unknown Source)
at java.base/java.util.concurrent.ThreadPoolExecutor$Worker.run(Unknown Source)
at java.base/java.lang.Thread.run(Unknown Source)
]]>
    </error>
  </testcase> <!-- basicDetails -->
  <testcase classname="com.rbisb.tc.TC003_RBIBasicDetails" name="basicDetails" time="70.316"/>
  <testcase classname="com.rbisb.tc.TC003_RBIBasicDetails" name="basicDetails" time="69.802"/>
  <testcase classname="com.rbisb.tc.TC003_RBIBasicDetails" name="basicDetails" time="0.123">
    <error type="java.lang.NullPointerException">
      <![CDATA[java.lang.NullPointerException
at com.ibps.pages.PersonalDetailsPage.selectDropDownUsingIndexNew(PersonalDetailsPage.java:300)
at com.rbisb.tc.TC003_RBIBasicDetails.basicDetails(TC003_RBIBasicDetails.java:37)
at jdk.internal.reflect.GeneratedMethodAccessor88.invoke(Unknown Source)
at java.base/jdk.internal.reflect.DelegatingMethodAccessorImpl.invoke(Unknown Source)
at java.base/java.lang.reflect.Method.invoke(Unknown Source)
at org.testng.internal.MethodInvocationHelper.invokeMethod(MethodInvocationHelper.java:133)
at org.testng.internal.TestInvoker.invokeMethod(TestInvoker.java:584)
at org.testng.internal.TestInvoker.invokeTestMethod(TestInvoker.java:172)
at org.testng.internal.MethodRunner.runInSequence(MethodRunner.java:46)
at org.testng.internal.TestInvoker$MethodInvocationAgent.invoke(TestInvoker.java:804)
at org.testng.internal.TestInvoker.invokeTestMethods(TestInvoker.java:145)
at org.testng.internal.TestMethodWorker.invokeTestMethods(TestMethodWorker.java:146)
at org.testng.internal.TestMethodWorker.run(TestMethodWorker.java:128)
at java.base/java.util.concurrent.ThreadPoolExecutor.runWorker(Unknown Source)
at java.base/java.util.concurrent.ThreadPoolExecutor$Worker.run(Unknown Source)
at java.base/java.lang.Thread.run(Unknown Source)
]]>
    </error>
  </testcase> <!-- basicDetails -->
  <testcase classname="com.rbisb.tc.TC003_RBIBasicDetails" name="basicDetails" time="70.723"/>
  <testcase classname="com.rbisb.tc.TC003_RBIBasicDetails" name="basicDetails" time="69.969"/>
  <testcase classname="com.rbisb.tc.TC003_RBIBasicDetails" name="basicDetails" time="70.432"/>
  <testcase classname="com.rbisb.tc.TC003_RBIBasicDetails" name="basicDetails" time="70.859"/>
  <testcase classname="com.rbisb.tc.TC003_RBIBasicDetails" name="basicDetails" time="71.145"/>
  <testcase classname="com.rbisb.tc.TC003_RBIBasicDetails" name="basicDetails" time="0.112">
    <error type="java.lang.NullPointerException">
      <![CDATA[java.lang.NullPointerException
at com.ibps.pages.PersonalDetailsPage.selectDropDownUsingIndexNew(PersonalDetailsPage.java:300)
at com.rbisb.tc.TC003_RBIBasicDetails.basicDetails(TC003_RBIBasicDetails.java:37)
at jdk.internal.reflect.GeneratedMethodAccessor88.invoke(Unknown Source)
at java.base/jdk.internal.reflect.DelegatingMethodAccessorImpl.invoke(Unknown Source)
at java.base/java.lang.reflect.Method.invoke(Unknown Source)
at org.testng.internal.MethodInvocationHelper.invokeMethod(MethodInvocationHelper.java:133)
at org.testng.internal.TestInvoker.invokeMethod(TestInvoker.java:584)
at org.testng.internal.TestInvoker.invokeTestMethod(TestInvoker.java:172)
at org.testng.internal.MethodRunner.runInSequence(MethodRunner.java:46)
at org.testng.internal.TestInvoker$MethodInvocationAgent.invoke(TestInvoker.java:804)
at org.testng.internal.TestInvoker.invokeTestMethods(TestInvoker.java:145)
at org.testng.internal.TestMethodWorker.invokeTestMethods(TestMethodWorker.java:146)
at org.testng.internal.TestMethodWorker.run(TestMethodWorker.java:128)
at java.base/java.util.concurrent.ThreadPoolExecutor.runWorker(Unknown Source)
at java.base/java.util.concurrent.ThreadPoolExecutor$Worker.run(Unknown Source)
at java.base/java.lang.Thread.run(Unknown Source)
]]>
    </error>
  </testcase> <!-- basicDetails -->
  <testcase classname="com.rbisb.tc.TC003_RBIBasicDetails" name="basicDetails" time="0.142">
    <error type="java.lang.NullPointerException">
      <![CDATA[java.lang.NullPointerException
at com.ibps.pages.PersonalDetailsPage.selectDropDownUsingIndexNew(PersonalDetailsPage.java:300)
at com.rbisb.tc.TC003_RBIBasicDetails.basicDetails(TC003_RBIBasicDetails.java:37)
at jdk.internal.reflect.GeneratedMethodAccessor88.invoke(Unknown Source)
at java.base/jdk.internal.reflect.DelegatingMethodAccessorImpl.invoke(Unknown Source)
at java.base/java.lang.reflect.Method.invoke(Unknown Source)
at org.testng.internal.MethodInvocationHelper.invokeMethod(MethodInvocationHelper.java:133)
at org.testng.internal.TestInvoker.invokeMethod(TestInvoker.java:584)
at org.testng.internal.TestInvoker.invokeTestMethod(TestInvoker.java:172)
at org.testng.internal.MethodRunner.runInSequence(MethodRunner.java:46)
at org.testng.internal.TestInvoker$MethodInvocationAgent.invoke(TestInvoker.java:804)
at org.testng.internal.TestInvoker.invokeTestMethods(TestInvoker.java:145)
at org.testng.internal.TestMethodWorker.invokeTestMethods(TestMethodWorker.java:146)
at org.testng.internal.TestMethodWorker.run(TestMethodWorker.java:128)
at java.base/java.util.concurrent.ThreadPoolExecutor.runWorker(Unknown Source)
at java.base/java.util.concurrent.ThreadPoolExecutor$Worker.run(Unknown Source)
at java.base/java.lang.Thread.run(Unknown Source)
]]>
    </error>
  </testcase> <!-- basicDetails -->
  <testcase classname="com.rbisb.tc.TC003_RBIBasicDetails" name="basicDetails" time="76.765"/>
  <testcase classname="com.rbisb.tc.TC003_RBIBasicDetails" name="basicDetails" time="0.124">
    <error type="java.lang.NullPointerException">
      <![CDATA[java.lang.NullPointerException
at com.ibps.pages.PersonalDetailsPage.selectDropDownUsingIndexNew(PersonalDetailsPage.java:300)
at com.rbisb.tc.TC003_RBIBasicDetails.basicDetails(TC003_RBIBasicDetails.java:37)
at jdk.internal.reflect.GeneratedMethodAccessor88.invoke(Unknown Source)
at java.base/jdk.internal.reflect.DelegatingMethodAccessorImpl.invoke(Unknown Source)
at java.base/java.lang.reflect.Method.invoke(Unknown Source)
at org.testng.internal.MethodInvocationHelper.invokeMethod(MethodInvocationHelper.java:133)
at org.testng.internal.TestInvoker.invokeMethod(TestInvoker.java:584)
at org.testng.internal.TestInvoker.invokeTestMethod(TestInvoker.java:172)
at org.testng.internal.MethodRunner.runInSequence(MethodRunner.java:46)
at org.testng.internal.TestInvoker$MethodInvocationAgent.invoke(TestInvoker.java:804)
at org.testng.internal.TestInvoker.invokeTestMethods(TestInvoker.java:145)
at org.testng.internal.TestMethodWorker.invokeTestMethods(TestMethodWorker.java:146)
at org.testng.internal.TestMethodWorker.run(TestMethodWorker.java:128)
at java.base/java.util.concurrent.ThreadPoolExecutor.runWorker(Unknown Source)
at java.base/java.util.concurrent.ThreadPoolExecutor$Worker.run(Unknown Source)
at java.base/java.lang.Thread.run(Unknown Source)
]]>
    </error>
  </testcase> <!-- basicDetails -->
  <testcase classname="com.rbisb.tc.TC003_RBIBasicDetails" name="basicDetails" time="69.793"/>
  <testcase classname="com.rbisb.tc.TC003_RBIBasicDetails" name="basicDetails" time="0.120">
    <error type="java.lang.NullPointerException">
      <![CDATA[java.lang.NullPointerException
at com.ibps.pages.PersonalDetailsPage.selectDropDownUsingIndexNew(PersonalDetailsPage.java:300)
at com.rbisb.tc.TC003_RBIBasicDetails.basicDetails(TC003_RBIBasicDetails.java:37)
at jdk.internal.reflect.GeneratedMethodAccessor88.invoke(Unknown Source)
at java.base/jdk.internal.reflect.DelegatingMethodAccessorImpl.invoke(Unknown Source)
at java.base/java.lang.reflect.Method.invoke(Unknown Source)
at org.testng.internal.MethodInvocationHelper.invokeMethod(MethodInvocationHelper.java:133)
at org.testng.internal.TestInvoker.invokeMethod(TestInvoker.java:584)
at org.testng.internal.TestInvoker.invokeTestMethod(TestInvoker.java:172)
at org.testng.internal.MethodRunner.runInSequence(MethodRunner.java:46)
at org.testng.internal.TestInvoker$MethodInvocationAgent.invoke(TestInvoker.java:804)
at org.testng.internal.TestInvoker.invokeTestMethods(TestInvoker.java:145)
at org.testng.internal.TestMethodWorker.invokeTestMethods(TestMethodWorker.java:146)
at org.testng.internal.TestMethodWorker.run(TestMethodWorker.java:128)
at java.base/java.util.concurrent.ThreadPoolExecutor.runWorker(Unknown Source)
at java.base/java.util.concurrent.ThreadPoolExecutor$Worker.run(Unknown Source)
at java.base/java.lang.Thread.run(Unknown Source)
]]>
    </error>
  </testcase> <!-- basicDetails -->
  <testcase classname="com.rbisb.tc.TC003_RBIBasicDetails" name="basicDetails" time="70.299"/>
  <testcase classname="com.rbisb.tc.TC003_RBIBasicDetails" name="basicDetails" time="71.375"/>
  <testcase classname="com.rbisb.tc.TC003_RBIBasicDetails" name="basicDetails" time="0.112">
    <error type="java.lang.NullPointerException">
      <![CDATA[java.lang.NullPointerException
at com.ibps.pages.PersonalDetailsPage.selectDropDownUsingIndexNew(PersonalDetailsPage.java:300)
at com.rbisb.tc.TC003_RBIBasicDetails.basicDetails(TC003_RBIBasicDetails.java:37)
at jdk.internal.reflect.GeneratedMethodAccessor88.invoke(Unknown Source)
at java.base/jdk.internal.reflect.DelegatingMethodAccessorImpl.invoke(Unknown Source)
at java.base/java.lang.reflect.Method.invoke(Unknown Source)
at org.testng.internal.MethodInvocationHelper.invokeMethod(MethodInvocationHelper.java:133)
at org.testng.internal.TestInvoker.invokeMethod(TestInvoker.java:584)
at org.testng.internal.TestInvoker.invokeTestMethod(TestInvoker.java:172)
at org.testng.internal.MethodRunner.runInSequence(MethodRunner.java:46)
at org.testng.internal.TestInvoker$MethodInvocationAgent.invoke(TestInvoker.java:804)
at org.testng.internal.TestInvoker.invokeTestMethods(TestInvoker.java:145)
at org.testng.internal.TestMethodWorker.invokeTestMethods(TestMethodWorker.java:146)
at org.testng.internal.TestMethodWorker.run(TestMethodWorker.java:128)
at java.base/java.util.concurrent.ThreadPoolExecutor.runWorker(Unknown Source)
at java.base/java.util.concurrent.ThreadPoolExecutor$Worker.run(Unknown Source)
at java.base/java.lang.Thread.run(Unknown Source)
]]>
    </error>
  </testcase> <!-- basicDetails -->
  <testcase classname="com.rbisb.tc.TC003_RBIBasicDetails" name="basicDetails" time="0.124">
    <error type="java.lang.NullPointerException">
      <![CDATA[java.lang.NullPointerException
at com.ibps.pages.PersonalDetailsPage.selectDropDownUsingIndexNew(PersonalDetailsPage.java:300)
at com.rbisb.tc.TC003_RBIBasicDetails.basicDetails(TC003_RBIBasicDetails.java:37)
at jdk.internal.reflect.GeneratedMethodAccessor88.invoke(Unknown Source)
at java.base/jdk.internal.reflect.DelegatingMethodAccessorImpl.invoke(Unknown Source)
at java.base/java.lang.reflect.Method.invoke(Unknown Source)
at org.testng.internal.MethodInvocationHelper.invokeMethod(MethodInvocationHelper.java:133)
at org.testng.internal.TestInvoker.invokeMethod(TestInvoker.java:584)
at org.testng.internal.TestInvoker.invokeTestMethod(TestInvoker.java:172)
at org.testng.internal.MethodRunner.runInSequence(MethodRunner.java:46)
at org.testng.internal.TestInvoker$MethodInvocationAgent.invoke(TestInvoker.java:804)
at org.testng.internal.TestInvoker.invokeTestMethods(TestInvoker.java:145)
at org.testng.internal.TestMethodWorker.invokeTestMethods(TestMethodWorker.java:146)
at org.testng.internal.TestMethodWorker.run(TestMethodWorker.java:128)
at java.base/java.util.concurrent.ThreadPoolExecutor.runWorker(Unknown Source)
at java.base/java.util.concurrent.ThreadPoolExecutor$Worker.run(Unknown Source)
at java.base/java.lang.Thread.run(Unknown Source)
]]>
    </error>
  </testcase> <!-- basicDetails -->
  <testcase classname="com.rbisb.tc.TC003_RBIBasicDetails" name="basicDetails" time="69.889"/>
  <testcase classname="com.rbisb.tc.TC003_RBIBasicDetails" name="basicDetails" time="71.079"/>
</testsuite> <!-- com.rbisb.tc.TC003_RBIBasicDetails -->
