<?xml version="1.0" encoding="UTF-8"?>
<!-- Generated by org.testng.reporters.JUnitReportReporter -->
<testsuite skipped="0" hostname="MAA014482B" name="com.FCSCPD_June23.tc.TC001_FCSBasicDetails" tests="42" failures="0" timestamp="2023-07-07T11:00:58 IST" time="6771.884" errors="0">
  <testcase name="basicDetails" time="160.283" classname="com.FCSCPD_June23.tc.TC001_FCSBasicDetails"/>
  <testcase name="basicDetails" time="163.849" classname="com.FCSCPD_June23.tc.TC001_FCSBasicDetails"/>
  <testcase name="basicDetails" time="160.088" classname="com.FCSCPD_June23.tc.TC001_FCSBasicDetails"/>
  <testcase name="basicDetails" time="160.266" classname="com.FCSCPD_June23.tc.TC001_FCSBasicDetails"/>
  <testcase name="basicDetails" time="160.325" classname="com.FCSCPD_June23.tc.TC001_FCSBasicDetails"/>
  <testcase name="basicDetails" time="160.767" classname="com.FCSCPD_June23.tc.TC001_FCSBasicDetails"/>
  <testcase name="basicDetails" time="160.078" classname="com.FCSCPD_June23.tc.TC001_FCSBasicDetails"/>
  <testcase name="basicDetails" time="159.933" classname="com.FCSCPD_June23.tc.TC001_FCSBasicDetails"/>
  <testcase name="basicDetails" time="159.780" classname="com.FCSCPD_June23.tc.TC001_FCSBasicDetails"/>
  <testcase name="basicDetails" time="160.381" classname="com.FCSCPD_June23.tc.TC001_FCSBasicDetails"/>
  <testcase name="basicDetails" time="187.572" classname="com.FCSCPD_June23.tc.TC001_FCSBasicDetails"/>
  <testcase name="basicDetails" time="160.352" classname="com.FCSCPD_June23.tc.TC001_FCSBasicDetails"/>
  <testcase name="basicDetails" time="159.898" classname="com.FCSCPD_June23.tc.TC001_FCSBasicDetails"/>
  <testcase name="basicDetails" time="163.636" classname="com.FCSCPD_June23.tc.TC001_FCSBasicDetails"/>
  <testcase name="basicDetails" time="160.391" classname="com.FCSCPD_June23.tc.TC001_FCSBasicDetails"/>
  <testcase name="basicDetails" time="160.028" classname="com.FCSCPD_June23.tc.TC001_FCSBasicDetails"/>
  <testcase name="basicDetails" time="159.881" classname="com.FCSCPD_June23.tc.TC001_FCSBasicDetails"/>
  <testcase name="basicDetails" time="159.753" classname="com.FCSCPD_June23.tc.TC001_FCSBasicDetails"/>
  <testcase name="basicDetails" time="160.080" classname="com.FCSCPD_June23.tc.TC001_FCSBasicDetails"/>
  <testcase name="basicDetails" time="160.071" classname="com.FCSCPD_June23.tc.TC001_FCSBasicDetails"/>
  <testcase name="basicDetails" time="160.543" classname="com.FCSCPD_June23.tc.TC001_FCSBasicDetails"/>
  <testcase name="basicDetails" time="160.377" classname="com.FCSCPD_June23.tc.TC001_FCSBasicDetails"/>
  <testcase name="basicDetails" time="163.501" classname="com.FCSCPD_June23.tc.TC001_FCSBasicDetails"/>
  <testcase name="basicDetails" time="163.546" classname="com.FCSCPD_June23.tc.TC001_FCSBasicDetails"/>
  <testcase name="basicDetails" time="160.206" classname="com.FCSCPD_June23.tc.TC001_FCSBasicDetails"/>
  <testcase name="basicDetails" time="160.303" classname="com.FCSCPD_June23.tc.TC001_FCSBasicDetails"/>
  <testcase name="basicDetails" time="163.684" classname="com.FCSCPD_June23.tc.TC001_FCSBasicDetails"/>
  <testcase name="basicDetails" time="160.229" classname="com.FCSCPD_June23.tc.TC001_FCSBasicDetails"/>
  <testcase name="basicDetails" time="160.006" classname="com.FCSCPD_June23.tc.TC001_FCSBasicDetails"/>
  <testcase name="basicDetails" time="160.093" classname="com.FCSCPD_June23.tc.TC001_FCSBasicDetails"/>
  <testcase name="basicDetails" time="159.889" classname="com.FCSCPD_June23.tc.TC001_FCSBasicDetails"/>
  <testcase name="basicDetails" time="160.132" classname="com.FCSCPD_June23.tc.TC001_FCSBasicDetails"/>
  <testcase name="basicDetails" time="160.124" classname="com.FCSCPD_June23.tc.TC001_FCSBasicDetails"/>
  <testcase name="basicDetails" time="160.223" classname="com.FCSCPD_June23.tc.TC001_FCSBasicDetails"/>
  <testcase name="basicDetails" time="160.145" classname="com.FCSCPD_June23.tc.TC001_FCSBasicDetails"/>
  <testcase name="basicDetails" time="160.107" classname="com.FCSCPD_June23.tc.TC001_FCSBasicDetails"/>
  <testcase name="basicDetails" time="160.469" classname="com.FCSCPD_June23.tc.TC001_FCSBasicDetails"/>
  <testcase name="basicDetails" time="160.366" classname="com.FCSCPD_June23.tc.TC001_FCSBasicDetails"/>
  <testcase name="basicDetails" time="160.107" classname="com.FCSCPD_June23.tc.TC001_FCSBasicDetails"/>
  <testcase name="basicDetails" time="160.131" classname="com.FCSCPD_June23.tc.TC001_FCSBasicDetails"/>
  <testcase name="basicDetails" time="160.019" classname="com.FCSCPD_June23.tc.TC001_FCSBasicDetails"/>
  <testcase name="basicDetails" time="160.272" classname="com.FCSCPD_June23.tc.TC001_FCSBasicDetails"/>
</testsuite> <!-- com.FCSCPD_June23.tc.TC001_FCSBasicDetails -->
