<?xml version="1.0" encoding="UTF-8"?>
<!-- Generated by org.testng.reporters.JUnitReportReporter -->
<testsuite skipped="0" hostname="MAA014482B" name="com.IPPB.tc.TC004_IPPBBasicDetails" tests="17" failures="0" timestamp="2022-09-05T16:25:26 IST" time="2688.445" errors="0">
  <testcase name="basicDetails" time="159.091" classname="com.IPPB.tc.TC004_IPPBBasicDetails"/>
  <testcase name="basicDetails" time="157.211" classname="com.IPPB.tc.TC004_IPPBBasicDetails"/>
  <testcase name="basicDetails" time="158.987" classname="com.IPPB.tc.TC004_IPPBBasicDetails"/>
  <testcase name="basicDetails" time="158.953" classname="com.IPPB.tc.TC004_IPPBBasicDetails"/>
  <testcase name="basicDetails" time="158.793" classname="com.IPPB.tc.TC004_IPPBBasicDetails"/>
  <testcase name="basicDetails" time="158.903" classname="com.IPPB.tc.TC004_IPPBBasicDetails"/>
  <testcase name="basicDetails" time="157.077" classname="com.IPPB.tc.TC004_IPPBBasicDetails"/>
  <testcase name="basicDetails" time="157.062" classname="com.IPPB.tc.TC004_IPPBBasicDetails"/>
  <testcase name="basicDetails" time="158.852" classname="com.IPPB.tc.TC004_IPPBBasicDetails"/>
  <testcase name="basicDetails" time="159.061" classname="com.IPPB.tc.TC004_IPPBBasicDetails"/>
  <testcase name="basicDetails" time="158.817" classname="com.IPPB.tc.TC004_IPPBBasicDetails"/>
  <testcase name="basicDetails" time="159.423" classname="com.IPPB.tc.TC004_IPPBBasicDetails"/>
  <testcase name="basicDetails" time="157.105" classname="com.IPPB.tc.TC004_IPPBBasicDetails"/>
  <testcase name="basicDetails" time="157.344" classname="com.IPPB.tc.TC004_IPPBBasicDetails"/>
  <testcase name="basicDetails" time="157.110" classname="com.IPPB.tc.TC004_IPPBBasicDetails"/>
  <testcase name="basicDetails" time="157.360" classname="com.IPPB.tc.TC004_IPPBBasicDetails"/>
  <testcase name="basicDetails" time="157.296" classname="com.IPPB.tc.TC004_IPPBBasicDetails"/>
</testsuite> <!-- com.IPPB.tc.TC004_IPPBBasicDetails -->
