<?xml version="1.0" encoding="UTF-8"?>
<!-- Generated by org.testng.reporters.JUnitReportReporter -->
<testsuite skipped="0" hostname="MAA014482B" name="com.NSFDC.tc.TC003_NSFDCBasicDetails" tests="18" failures="0" timestamp="2022-06-28T23:27:38 IST" time="2552.756" errors="0">
  <testcase name="basicDetails" time="148.368" classname="com.NSFDC.tc.TC003_NSFDCBasicDetails"/>
  <testcase name="basicDetails" time="119.529" classname="com.NSFDC.tc.TC003_NSFDCBasicDetails"/>
  <testcase name="basicDetails" time="147.327" classname="com.NSFDC.tc.TC003_NSFDCBasicDetails"/>
  <testcase name="basicDetails" time="148.297" classname="com.NSFDC.tc.TC003_NSFDCBasicDetails"/>
  <testcase name="basicDetails" time="148.523" classname="com.NSFDC.tc.TC003_NSFDCBasicDetails"/>
  <testcase name="basicDetails" time="147.183" classname="com.NSFDC.tc.TC003_NSFDCBasicDetails"/>
  <testcase name="basicDetails" time="146.907" classname="com.NSFDC.tc.TC003_NSFDCBasicDetails"/>
  <testcase name="basicDetails" time="120.566" classname="com.NSFDC.tc.TC003_NSFDCBasicDetails"/>
  <testcase name="basicDetails" time="148.823" classname="com.NSFDC.tc.TC003_NSFDCBasicDetails"/>
  <testcase name="basicDetails" time="148.341" classname="com.NSFDC.tc.TC003_NSFDCBasicDetails"/>
  <testcase name="basicDetails" time="148.467" classname="com.NSFDC.tc.TC003_NSFDCBasicDetails"/>
  <testcase name="basicDetails" time="122.967" classname="com.NSFDC.tc.TC003_NSFDCBasicDetails"/>
  <testcase name="basicDetails" time="147.477" classname="com.NSFDC.tc.TC003_NSFDCBasicDetails"/>
  <testcase name="basicDetails" time="147.312" classname="com.NSFDC.tc.TC003_NSFDCBasicDetails"/>
  <testcase name="basicDetails" time="147.388" classname="com.NSFDC.tc.TC003_NSFDCBasicDetails"/>
  <testcase name="basicDetails" time="120.472" classname="com.NSFDC.tc.TC003_NSFDCBasicDetails"/>
  <testcase name="basicDetails" time="147.263" classname="com.NSFDC.tc.TC003_NSFDCBasicDetails"/>
  <testcase name="basicDetails" time="147.546" classname="com.NSFDC.tc.TC003_NSFDCBasicDetails"/>
</testsuite> <!-- com.NSFDC.tc.TC003_NSFDCBasicDetails -->
