<?xml version="1.0" encoding="UTF-8"?>
<!-- Generated by org.testng.reporters.JUnitReportReporter -->
<testsuite skipped="0" hostname="MAA015435A" name="com.rbi.tc.TC003_RBIBasicDetails" tests="61" failures="0" timestamp="07 Dec 2019 12:40:53 GMT" time="6122.432" errors="0">
  <testcase name="basicDetails" time="96.720" classname="com.rbi.tc.TC003_RBIBasicDetails"/>
  <testcase name="basicDetails" time="100.304" classname="com.rbi.tc.TC003_RBIBasicDetails"/>
  <testcase name="basicDetails" time="97.549" classname="com.rbi.tc.TC003_RBIBasicDetails"/>
  <testcase name="basicDetails" time="99.529" classname="com.rbi.tc.TC003_RBIBasicDetails"/>
  <testcase name="basicDetails" time="96.746" classname="com.rbi.tc.TC003_RBIBasicDetails"/>
  <testcase name="basicDetails" time="98.962" classname="com.rbi.tc.TC003_RBIBasicDetails"/>
  <testcase name="basicDetails" time="96.418" classname="com.rbi.tc.TC003_RBIBasicDetails"/>
  <testcase name="basicDetails" time="100.758" classname="com.rbi.tc.TC003_RBIBasicDetails"/>
  <testcase name="basicDetails" time="107.403" classname="com.rbi.tc.TC003_RBIBasicDetails"/>
  <testcase name="basicDetails" time="109.836" classname="com.rbi.tc.TC003_RBIBasicDetails"/>
  <testcase name="basicDetails" time="98.787" classname="com.rbi.tc.TC003_RBIBasicDetails"/>
  <testcase name="basicDetails" time="98.248" classname="com.rbi.tc.TC003_RBIBasicDetails"/>
  <testcase name="basicDetails" time="98.618" classname="com.rbi.tc.TC003_RBIBasicDetails"/>
  <testcase name="basicDetails" time="97.743" classname="com.rbi.tc.TC003_RBIBasicDetails"/>
  <testcase name="basicDetails" time="95.678" classname="com.rbi.tc.TC003_RBIBasicDetails"/>
  <testcase name="basicDetails" time="97.479" classname="com.rbi.tc.TC003_RBIBasicDetails"/>
  <testcase name="basicDetails" time="101.804" classname="com.rbi.tc.TC003_RBIBasicDetails"/>
  <testcase name="basicDetails" time="96.674" classname="com.rbi.tc.TC003_RBIBasicDetails"/>
  <testcase name="basicDetails" time="95.395" classname="com.rbi.tc.TC003_RBIBasicDetails"/>
  <testcase name="basicDetails" time="108.425" classname="com.rbi.tc.TC003_RBIBasicDetails"/>
  <testcase name="basicDetails" time="99.409" classname="com.rbi.tc.TC003_RBIBasicDetails"/>
  <testcase name="basicDetails" time="96.449" classname="com.rbi.tc.TC003_RBIBasicDetails"/>
  <testcase name="basicDetails" time="95.656" classname="com.rbi.tc.TC003_RBIBasicDetails"/>
  <testcase name="basicDetails" time="96.517" classname="com.rbi.tc.TC003_RBIBasicDetails"/>
  <testcase name="basicDetails" time="99.649" classname="com.rbi.tc.TC003_RBIBasicDetails"/>
  <testcase name="basicDetails" time="98.800" classname="com.rbi.tc.TC003_RBIBasicDetails"/>
  <testcase name="basicDetails" time="101.324" classname="com.rbi.tc.TC003_RBIBasicDetails"/>
  <testcase name="basicDetails" time="107.658" classname="com.rbi.tc.TC003_RBIBasicDetails"/>
  <testcase name="basicDetails" time="96.977" classname="com.rbi.tc.TC003_RBIBasicDetails"/>
  <testcase name="basicDetails" time="97.568" classname="com.rbi.tc.TC003_RBIBasicDetails"/>
  <testcase name="basicDetails" time="97.989" classname="com.rbi.tc.TC003_RBIBasicDetails"/>
  <testcase name="basicDetails" time="98.641" classname="com.rbi.tc.TC003_RBIBasicDetails"/>
  <testcase name="basicDetails" time="109.076" classname="com.rbi.tc.TC003_RBIBasicDetails"/>
  <testcase name="basicDetails" time="98.212" classname="com.rbi.tc.TC003_RBIBasicDetails"/>
  <testcase name="basicDetails" time="98.171" classname="com.rbi.tc.TC003_RBIBasicDetails"/>
  <testcase name="basicDetails" time="96.152" classname="com.rbi.tc.TC003_RBIBasicDetails"/>
  <testcase name="basicDetails" time="98.475" classname="com.rbi.tc.TC003_RBIBasicDetails"/>
  <testcase name="basicDetails" time="97.684" classname="com.rbi.tc.TC003_RBIBasicDetails"/>
  <testcase name="basicDetails" time="108.417" classname="com.rbi.tc.TC003_RBIBasicDetails"/>
  <testcase name="basicDetails" time="98.360" classname="com.rbi.tc.TC003_RBIBasicDetails"/>
  <testcase name="basicDetails" time="109.388" classname="com.rbi.tc.TC003_RBIBasicDetails"/>
  <testcase name="basicDetails" time="103.424" classname="com.rbi.tc.TC003_RBIBasicDetails"/>
  <testcase name="basicDetails" time="99.584" classname="com.rbi.tc.TC003_RBIBasicDetails"/>
  <testcase name="basicDetails" time="97.923" classname="com.rbi.tc.TC003_RBIBasicDetails"/>
  <testcase name="basicDetails" time="111.918" classname="com.rbi.tc.TC003_RBIBasicDetails"/>
  <testcase name="basicDetails" time="108.580" classname="com.rbi.tc.TC003_RBIBasicDetails"/>
  <testcase name="basicDetails" time="96.063" classname="com.rbi.tc.TC003_RBIBasicDetails"/>
  <testcase name="basicDetails" time="98.637" classname="com.rbi.tc.TC003_RBIBasicDetails"/>
  <testcase name="basicDetails" time="98.453" classname="com.rbi.tc.TC003_RBIBasicDetails"/>
  <testcase name="basicDetails" time="110.131" classname="com.rbi.tc.TC003_RBIBasicDetails"/>
  <testcase name="basicDetails" time="108.996" classname="com.rbi.tc.TC003_RBIBasicDetails"/>
  <testcase name="basicDetails" time="96.387" classname="com.rbi.tc.TC003_RBIBasicDetails"/>
  <testcase name="basicDetails" time="98.023" classname="com.rbi.tc.TC003_RBIBasicDetails"/>
  <testcase name="basicDetails" time="111.840" classname="com.rbi.tc.TC003_RBIBasicDetails"/>
  <testcase name="basicDetails" time="96.062" classname="com.rbi.tc.TC003_RBIBasicDetails"/>
  <testcase name="basicDetails" time="97.557" classname="com.rbi.tc.TC003_RBIBasicDetails"/>
  <testcase name="basicDetails" time="96.498" classname="com.rbi.tc.TC003_RBIBasicDetails"/>
  <testcase name="basicDetails" time="95.757" classname="com.rbi.tc.TC003_RBIBasicDetails"/>
  <testcase name="basicDetails" time="98.162" classname="com.rbi.tc.TC003_RBIBasicDetails"/>
  <testcase name="basicDetails" time="96.366" classname="com.rbi.tc.TC003_RBIBasicDetails"/>
  <testcase name="basicDetails" time="108.423" classname="com.rbi.tc.TC003_RBIBasicDetails"/>
</testsuite> <!-- com.rbi.tc.TC003_RBIBasicDetails -->
