<?xml version="1.0" encoding="UTF-8"?>
<!-- Generated by org.testng.reporters.JUnitReportReporter -->
<testsuite skipped="0" hostname="MAA014482B" name="com.DCCB_15Sep22.tc.TC002_DCCBBasicDetails" tests="17" failures="0" timestamp="2022-09-22T15:33:28 IST" time="2851.078" errors="0">
  <testcase name="basicDetails" time="169.991" classname="com.DCCB_15Sep22.tc.TC002_DCCBBasicDetails"/>
  <testcase name="basicDetails" time="165.242" classname="com.DCCB_15Sep22.tc.TC002_DCCBBasicDetails"/>
  <testcase name="basicDetails" time="169.771" classname="com.DCCB_15Sep22.tc.TC002_DCCBBasicDetails"/>
  <testcase name="basicDetails" time="164.502" classname="com.DCCB_15Sep22.tc.TC002_DCCBBasicDetails"/>
  <testcase name="basicDetails" time="164.131" classname="com.DCCB_15Sep22.tc.TC002_DCCBBasicDetails"/>
  <testcase name="basicDetails" time="164.241" classname="com.DCCB_15Sep22.tc.TC002_DCCBBasicDetails"/>
  <testcase name="basicDetails" time="172.321" classname="com.DCCB_15Sep22.tc.TC002_DCCBBasicDetails"/>
  <testcase name="basicDetails" time="169.584" classname="com.DCCB_15Sep22.tc.TC002_DCCBBasicDetails"/>
  <testcase name="basicDetails" time="169.577" classname="com.DCCB_15Sep22.tc.TC002_DCCBBasicDetails"/>
  <testcase name="basicDetails" time="166.026" classname="com.DCCB_15Sep22.tc.TC002_DCCBBasicDetails"/>
  <testcase name="basicDetails" time="169.545" classname="com.DCCB_15Sep22.tc.TC002_DCCBBasicDetails"/>
  <testcase name="basicDetails" time="163.265" classname="com.DCCB_15Sep22.tc.TC002_DCCBBasicDetails"/>
  <testcase name="basicDetails" time="172.711" classname="com.DCCB_15Sep22.tc.TC002_DCCBBasicDetails"/>
  <testcase name="basicDetails" time="169.574" classname="com.DCCB_15Sep22.tc.TC002_DCCBBasicDetails"/>
  <testcase name="basicDetails" time="166.095" classname="com.DCCB_15Sep22.tc.TC002_DCCBBasicDetails"/>
  <testcase name="basicDetails" time="171.223" classname="com.DCCB_15Sep22.tc.TC002_DCCBBasicDetails"/>
  <testcase name="basicDetails" time="163.279" classname="com.DCCB_15Sep22.tc.TC002_DCCBBasicDetails"/>
</testsuite> <!-- com.DCCB_15Sep22.tc.TC002_DCCBBasicDetails -->
