<?xml version="1.0" encoding="UTF-8"?>
<!-- Generated by org.testng.reporters.JUnitReportReporter -->
<testsuite skipped="0" hostname="MAA014482B" name="com.NHB_03Jan23.TC003_NHBBasicDetails" tests="26" failures="0" timestamp="2023-01-10T18:23:02 IST" time="4272.773" errors="0">
  <testcase name="basicDetails" time="161.281" classname="com.NHB_03Jan23.TC003_NHBBasicDetails"/>
  <testcase name="basicDetails" time="167.466" classname="com.NHB_03Jan23.TC003_NHBBasicDetails"/>
  <testcase name="basicDetails" time="161.231" classname="com.NHB_03Jan23.TC003_NHBBasicDetails"/>
  <testcase name="basicDetails" time="168.277" classname="com.NHB_03Jan23.TC003_NHBBasicDetails"/>
  <testcase name="basicDetails" time="168.047" classname="com.NHB_03Jan23.TC003_NHBBasicDetails"/>
  <testcase name="basicDetails" time="161.120" classname="com.NHB_03Jan23.TC003_NHBBasicDetails"/>
  <testcase name="basicDetails" time="168.194" classname="com.NHB_03Jan23.TC003_NHBBasicDetails"/>
  <testcase name="basicDetails" time="167.756" classname="com.NHB_03Jan23.TC003_NHBBasicDetails"/>
  <testcase name="basicDetails" time="167.973" classname="com.NHB_03Jan23.TC003_NHBBasicDetails"/>
  <testcase name="basicDetails" time="161.321" classname="com.NHB_03Jan23.TC003_NHBBasicDetails"/>
  <testcase name="basicDetails" time="161.151" classname="com.NHB_03Jan23.TC003_NHBBasicDetails"/>
  <testcase name="basicDetails" time="161.239" classname="com.NHB_03Jan23.TC003_NHBBasicDetails"/>
  <testcase name="basicDetails" time="159.648" classname="com.NHB_03Jan23.TC003_NHBBasicDetails"/>
  <testcase name="basicDetails" time="168.151" classname="com.NHB_03Jan23.TC003_NHBBasicDetails"/>
  <testcase name="basicDetails" time="162.884" classname="com.NHB_03Jan23.TC003_NHBBasicDetails"/>
  <testcase name="basicDetails" time="160.115" classname="com.NHB_03Jan23.TC003_NHBBasicDetails"/>
  <testcase name="basicDetails" time="161.446" classname="com.NHB_03Jan23.TC003_NHBBasicDetails"/>
  <testcase name="basicDetails" time="168.204" classname="com.NHB_03Jan23.TC003_NHBBasicDetails"/>
  <testcase name="basicDetails" time="166.100" classname="com.NHB_03Jan23.TC003_NHBBasicDetails"/>
  <testcase name="basicDetails" time="160.661" classname="com.NHB_03Jan23.TC003_NHBBasicDetails"/>
  <testcase name="basicDetails" time="159.934" classname="com.NHB_03Jan23.TC003_NHBBasicDetails"/>
  <testcase name="basicDetails" time="166.128" classname="com.NHB_03Jan23.TC003_NHBBasicDetails"/>
  <testcase name="basicDetails" time="167.990" classname="com.NHB_03Jan23.TC003_NHBBasicDetails"/>
  <testcase name="basicDetails" time="166.366" classname="com.NHB_03Jan23.TC003_NHBBasicDetails"/>
  <testcase name="basicDetails" time="168.389" classname="com.NHB_03Jan23.TC003_NHBBasicDetails"/>
  <testcase name="basicDetails" time="161.701" classname="com.NHB_03Jan23.TC003_NHBBasicDetails"/>
</testsuite> <!-- com.NHB_03Jan23.TC003_NHBBasicDetails -->
