<?xml version="1.0" encoding="UTF-8"?>
<!-- Generated by org.testng.reporters.JUnitReportReporter -->
<testsuite skipped="0" hostname="MAA014482B" name="com.GSD_April23.tc.TC002_GSDBasicDetails" tests="18" failures="0" timestamp="2023-04-18T15:28:53 IST" time="2822.883" errors="0">
  <testcase name="basicDetails" time="158.497" classname="com.GSD_April23.tc.TC002_GSDBasicDetails"/>
  <testcase name="basicDetails" time="154.085" classname="com.GSD_April23.tc.TC002_GSDBasicDetails"/>
  <testcase name="basicDetails" time="153.529" classname="com.GSD_April23.tc.TC002_GSDBasicDetails"/>
  <testcase name="basicDetails" time="153.745" classname="com.GSD_April23.tc.TC002_GSDBasicDetails"/>
  <testcase name="basicDetails" time="159.201" classname="com.GSD_April23.tc.TC002_GSDBasicDetails"/>
  <testcase name="basicDetails" time="153.406" classname="com.GSD_April23.tc.TC002_GSDBasicDetails"/>
  <testcase name="basicDetails" time="153.576" classname="com.GSD_April23.tc.TC002_GSDBasicDetails"/>
  <testcase name="basicDetails" time="159.436" classname="com.GSD_April23.tc.TC002_GSDBasicDetails"/>
  <testcase name="basicDetails" time="153.643" classname="com.GSD_April23.tc.TC002_GSDBasicDetails"/>
  <testcase name="basicDetails" time="159.182" classname="com.GSD_April23.tc.TC002_GSDBasicDetails"/>
  <testcase name="basicDetails" time="161.487" classname="com.GSD_April23.tc.TC002_GSDBasicDetails"/>
  <testcase name="basicDetails" time="153.783" classname="com.GSD_April23.tc.TC002_GSDBasicDetails"/>
  <testcase name="basicDetails" time="159.136" classname="com.GSD_April23.tc.TC002_GSDBasicDetails"/>
  <testcase name="basicDetails" time="159.104" classname="com.GSD_April23.tc.TC002_GSDBasicDetails"/>
  <testcase name="basicDetails" time="159.188" classname="com.GSD_April23.tc.TC002_GSDBasicDetails"/>
  <testcase name="basicDetails" time="159.106" classname="com.GSD_April23.tc.TC002_GSDBasicDetails"/>
  <testcase name="basicDetails" time="153.320" classname="com.GSD_April23.tc.TC002_GSDBasicDetails"/>
  <testcase name="basicDetails" time="159.459" classname="com.GSD_April23.tc.TC002_GSDBasicDetails"/>
</testsuite> <!-- com.GSD_April23.tc.TC002_GSDBasicDetails -->
