<?xml version="1.0" encoding="UTF-8"?>
<!-- Generated by org.testng.reporters.JUnitReportReporter -->
<testsuite skipped="0" hostname="MAA014482B" name="com.RBI9FEB22.tc.TC003_RBI9FEB22BasicDetails" tests="116" failures="0" timestamp="2022-02-21T18:53:29 IST" time="13978.476" errors="0">
  <testcase name="basicDetails" time="120.545" classname="com.RBI9FEB22.tc.TC003_RBI9FEB22BasicDetails"/>
  <testcase name="basicDetails" time="119.979" classname="com.RBI9FEB22.tc.TC003_RBI9FEB22BasicDetails"/>
  <testcase name="basicDetails" time="119.998" classname="com.RBI9FEB22.tc.TC003_RBI9FEB22BasicDetails"/>
  <testcase name="basicDetails" time="120.075" classname="com.RBI9FEB22.tc.TC003_RBI9FEB22BasicDetails"/>
  <testcase name="basicDetails" time="120.305" classname="com.RBI9FEB22.tc.TC003_RBI9FEB22BasicDetails"/>
  <testcase name="basicDetails" time="120.370" classname="com.RBI9FEB22.tc.TC003_RBI9FEB22BasicDetails"/>
  <testcase name="basicDetails" time="120.453" classname="com.RBI9FEB22.tc.TC003_RBI9FEB22BasicDetails"/>
  <testcase name="basicDetails" time="120.535" classname="com.RBI9FEB22.tc.TC003_RBI9FEB22BasicDetails"/>
  <testcase name="basicDetails" time="120.874" classname="com.RBI9FEB22.tc.TC003_RBI9FEB22BasicDetails"/>
  <testcase name="basicDetails" time="122.462" classname="com.RBI9FEB22.tc.TC003_RBI9FEB22BasicDetails"/>
  <testcase name="basicDetails" time="121.014" classname="com.RBI9FEB22.tc.TC003_RBI9FEB22BasicDetails"/>
  <testcase name="basicDetails" time="119.940" classname="com.RBI9FEB22.tc.TC003_RBI9FEB22BasicDetails"/>
  <testcase name="basicDetails" time="120.462" classname="com.RBI9FEB22.tc.TC003_RBI9FEB22BasicDetails"/>
  <testcase name="basicDetails" time="119.827" classname="com.RBI9FEB22.tc.TC003_RBI9FEB22BasicDetails"/>
  <testcase name="basicDetails" time="120.950" classname="com.RBI9FEB22.tc.TC003_RBI9FEB22BasicDetails"/>
  <testcase name="basicDetails" time="120.583" classname="com.RBI9FEB22.tc.TC003_RBI9FEB22BasicDetails"/>
  <testcase name="basicDetails" time="119.838" classname="com.RBI9FEB22.tc.TC003_RBI9FEB22BasicDetails"/>
  <testcase name="basicDetails" time="120.169" classname="com.RBI9FEB22.tc.TC003_RBI9FEB22BasicDetails"/>
  <testcase name="basicDetails" time="120.658" classname="com.RBI9FEB22.tc.TC003_RBI9FEB22BasicDetails"/>
  <testcase name="basicDetails" time="120.442" classname="com.RBI9FEB22.tc.TC003_RBI9FEB22BasicDetails"/>
  <testcase name="basicDetails" time="128.366" classname="com.RBI9FEB22.tc.TC003_RBI9FEB22BasicDetails"/>
  <testcase name="basicDetails" time="119.551" classname="com.RBI9FEB22.tc.TC003_RBI9FEB22BasicDetails"/>
  <testcase name="basicDetails" time="120.317" classname="com.RBI9FEB22.tc.TC003_RBI9FEB22BasicDetails"/>
  <testcase name="basicDetails" time="120.583" classname="com.RBI9FEB22.tc.TC003_RBI9FEB22BasicDetails"/>
  <testcase name="basicDetails" time="120.358" classname="com.RBI9FEB22.tc.TC003_RBI9FEB22BasicDetails"/>
  <testcase name="basicDetails" time="120.178" classname="com.RBI9FEB22.tc.TC003_RBI9FEB22BasicDetails"/>
  <testcase name="basicDetails" time="119.823" classname="com.RBI9FEB22.tc.TC003_RBI9FEB22BasicDetails"/>
  <testcase name="basicDetails" time="120.319" classname="com.RBI9FEB22.tc.TC003_RBI9FEB22BasicDetails"/>
  <testcase name="basicDetails" time="120.327" classname="com.RBI9FEB22.tc.TC003_RBI9FEB22BasicDetails"/>
  <testcase name="basicDetails" time="120.241" classname="com.RBI9FEB22.tc.TC003_RBI9FEB22BasicDetails"/>
  <testcase name="basicDetails" time="120.687" classname="com.RBI9FEB22.tc.TC003_RBI9FEB22BasicDetails"/>
  <testcase name="basicDetails" time="120.128" classname="com.RBI9FEB22.tc.TC003_RBI9FEB22BasicDetails"/>
  <testcase name="basicDetails" time="121.391" classname="com.RBI9FEB22.tc.TC003_RBI9FEB22BasicDetails"/>
  <testcase name="basicDetails" time="120.530" classname="com.RBI9FEB22.tc.TC003_RBI9FEB22BasicDetails"/>
  <testcase name="basicDetails" time="120.581" classname="com.RBI9FEB22.tc.TC003_RBI9FEB22BasicDetails"/>
  <testcase name="basicDetails" time="120.839" classname="com.RBI9FEB22.tc.TC003_RBI9FEB22BasicDetails"/>
  <testcase name="basicDetails" time="119.838" classname="com.RBI9FEB22.tc.TC003_RBI9FEB22BasicDetails"/>
  <testcase name="basicDetails" time="120.505" classname="com.RBI9FEB22.tc.TC003_RBI9FEB22BasicDetails"/>
  <testcase name="basicDetails" time="120.863" classname="com.RBI9FEB22.tc.TC003_RBI9FEB22BasicDetails"/>
  <testcase name="basicDetails" time="120.855" classname="com.RBI9FEB22.tc.TC003_RBI9FEB22BasicDetails"/>
  <testcase name="basicDetails" time="120.176" classname="com.RBI9FEB22.tc.TC003_RBI9FEB22BasicDetails"/>
  <testcase name="basicDetails" time="120.446" classname="com.RBI9FEB22.tc.TC003_RBI9FEB22BasicDetails"/>
  <testcase name="basicDetails" time="120.603" classname="com.RBI9FEB22.tc.TC003_RBI9FEB22BasicDetails"/>
  <testcase name="basicDetails" time="120.213" classname="com.RBI9FEB22.tc.TC003_RBI9FEB22BasicDetails"/>
  <testcase name="basicDetails" time="120.644" classname="com.RBI9FEB22.tc.TC003_RBI9FEB22BasicDetails"/>
  <testcase name="basicDetails" time="119.900" classname="com.RBI9FEB22.tc.TC003_RBI9FEB22BasicDetails"/>
  <testcase name="basicDetails" time="119.899" classname="com.RBI9FEB22.tc.TC003_RBI9FEB22BasicDetails"/>
  <testcase name="basicDetails" time="120.548" classname="com.RBI9FEB22.tc.TC003_RBI9FEB22BasicDetails"/>
  <testcase name="basicDetails" time="120.495" classname="com.RBI9FEB22.tc.TC003_RBI9FEB22BasicDetails"/>
  <testcase name="basicDetails" time="120.307" classname="com.RBI9FEB22.tc.TC003_RBI9FEB22BasicDetails"/>
  <testcase name="basicDetails" time="120.825" classname="com.RBI9FEB22.tc.TC003_RBI9FEB22BasicDetails"/>
  <testcase name="basicDetails" time="120.366" classname="com.RBI9FEB22.tc.TC003_RBI9FEB22BasicDetails"/>
  <testcase name="basicDetails" time="120.601" classname="com.RBI9FEB22.tc.TC003_RBI9FEB22BasicDetails"/>
  <testcase name="basicDetails" time="120.300" classname="com.RBI9FEB22.tc.TC003_RBI9FEB22BasicDetails"/>
  <testcase name="basicDetails" time="120.271" classname="com.RBI9FEB22.tc.TC003_RBI9FEB22BasicDetails"/>
  <testcase name="basicDetails" time="120.430" classname="com.RBI9FEB22.tc.TC003_RBI9FEB22BasicDetails"/>
  <testcase name="basicDetails" time="120.653" classname="com.RBI9FEB22.tc.TC003_RBI9FEB22BasicDetails"/>
  <testcase name="basicDetails" time="120.308" classname="com.RBI9FEB22.tc.TC003_RBI9FEB22BasicDetails"/>
  <testcase name="basicDetails" time="120.407" classname="com.RBI9FEB22.tc.TC003_RBI9FEB22BasicDetails"/>
  <testcase name="basicDetails" time="120.346" classname="com.RBI9FEB22.tc.TC003_RBI9FEB22BasicDetails"/>
  <testcase name="basicDetails" time="120.536" classname="com.RBI9FEB22.tc.TC003_RBI9FEB22BasicDetails"/>
  <testcase name="basicDetails" time="120.296" classname="com.RBI9FEB22.tc.TC003_RBI9FEB22BasicDetails"/>
  <testcase name="basicDetails" time="120.405" classname="com.RBI9FEB22.tc.TC003_RBI9FEB22BasicDetails"/>
  <testcase name="basicDetails" time="120.082" classname="com.RBI9FEB22.tc.TC003_RBI9FEB22BasicDetails"/>
  <testcase name="basicDetails" time="120.814" classname="com.RBI9FEB22.tc.TC003_RBI9FEB22BasicDetails"/>
  <testcase name="basicDetails" time="120.437" classname="com.RBI9FEB22.tc.TC003_RBI9FEB22BasicDetails"/>
  <testcase name="basicDetails" time="120.329" classname="com.RBI9FEB22.tc.TC003_RBI9FEB22BasicDetails"/>
  <testcase name="basicDetails" time="120.777" classname="com.RBI9FEB22.tc.TC003_RBI9FEB22BasicDetails"/>
  <testcase name="basicDetails" time="120.839" classname="com.RBI9FEB22.tc.TC003_RBI9FEB22BasicDetails"/>
  <testcase name="basicDetails" time="120.198" classname="com.RBI9FEB22.tc.TC003_RBI9FEB22BasicDetails"/>
  <testcase name="basicDetails" time="120.210" classname="com.RBI9FEB22.tc.TC003_RBI9FEB22BasicDetails"/>
  <testcase name="basicDetails" time="121.256" classname="com.RBI9FEB22.tc.TC003_RBI9FEB22BasicDetails"/>
  <testcase name="basicDetails" time="121.979" classname="com.RBI9FEB22.tc.TC003_RBI9FEB22BasicDetails"/>
  <testcase name="basicDetails" time="120.239" classname="com.RBI9FEB22.tc.TC003_RBI9FEB22BasicDetails"/>
  <testcase name="basicDetails" time="120.195" classname="com.RBI9FEB22.tc.TC003_RBI9FEB22BasicDetails"/>
  <testcase name="basicDetails" time="120.418" classname="com.RBI9FEB22.tc.TC003_RBI9FEB22BasicDetails"/>
  <testcase name="basicDetails" time="120.944" classname="com.RBI9FEB22.tc.TC003_RBI9FEB22BasicDetails"/>
  <testcase name="basicDetails" time="120.391" classname="com.RBI9FEB22.tc.TC003_RBI9FEB22BasicDetails"/>
  <testcase name="basicDetails" time="120.395" classname="com.RBI9FEB22.tc.TC003_RBI9FEB22BasicDetails"/>
  <testcase name="basicDetails" time="120.590" classname="com.RBI9FEB22.tc.TC003_RBI9FEB22BasicDetails"/>
  <testcase name="basicDetails" time="120.173" classname="com.RBI9FEB22.tc.TC003_RBI9FEB22BasicDetails"/>
  <testcase name="basicDetails" time="119.759" classname="com.RBI9FEB22.tc.TC003_RBI9FEB22BasicDetails"/>
  <testcase name="basicDetails" time="121.657" classname="com.RBI9FEB22.tc.TC003_RBI9FEB22BasicDetails"/>
  <testcase name="basicDetails" time="119.737" classname="com.RBI9FEB22.tc.TC003_RBI9FEB22BasicDetails"/>
  <testcase name="basicDetails" time="120.412" classname="com.RBI9FEB22.tc.TC003_RBI9FEB22BasicDetails"/>
  <testcase name="basicDetails" time="120.780" classname="com.RBI9FEB22.tc.TC003_RBI9FEB22BasicDetails"/>
  <testcase name="basicDetails" time="120.850" classname="com.RBI9FEB22.tc.TC003_RBI9FEB22BasicDetails"/>
  <testcase name="basicDetails" time="120.206" classname="com.RBI9FEB22.tc.TC003_RBI9FEB22BasicDetails"/>
  <testcase name="basicDetails" time="120.252" classname="com.RBI9FEB22.tc.TC003_RBI9FEB22BasicDetails"/>
  <testcase name="basicDetails" time="120.413" classname="com.RBI9FEB22.tc.TC003_RBI9FEB22BasicDetails"/>
  <testcase name="basicDetails" time="120.846" classname="com.RBI9FEB22.tc.TC003_RBI9FEB22BasicDetails"/>
  <testcase name="basicDetails" time="120.388" classname="com.RBI9FEB22.tc.TC003_RBI9FEB22BasicDetails"/>
  <testcase name="basicDetails" time="120.570" classname="com.RBI9FEB22.tc.TC003_RBI9FEB22BasicDetails"/>
  <testcase name="basicDetails" time="120.276" classname="com.RBI9FEB22.tc.TC003_RBI9FEB22BasicDetails"/>
  <testcase name="basicDetails" time="120.520" classname="com.RBI9FEB22.tc.TC003_RBI9FEB22BasicDetails"/>
  <testcase name="basicDetails" time="122.015" classname="com.RBI9FEB22.tc.TC003_RBI9FEB22BasicDetails"/>
  <testcase name="basicDetails" time="120.001" classname="com.RBI9FEB22.tc.TC003_RBI9FEB22BasicDetails"/>
  <testcase name="basicDetails" time="120.368" classname="com.RBI9FEB22.tc.TC003_RBI9FEB22BasicDetails"/>
  <testcase name="basicDetails" time="120.155" classname="com.RBI9FEB22.tc.TC003_RBI9FEB22BasicDetails"/>
  <testcase name="basicDetails" time="119.973" classname="com.RBI9FEB22.tc.TC003_RBI9FEB22BasicDetails"/>
  <testcase name="basicDetails" time="119.065" classname="com.RBI9FEB22.tc.TC003_RBI9FEB22BasicDetails"/>
  <testcase name="basicDetails" time="120.312" classname="com.RBI9FEB22.tc.TC003_RBI9FEB22BasicDetails"/>
  <testcase name="basicDetails" time="120.175" classname="com.RBI9FEB22.tc.TC003_RBI9FEB22BasicDetails"/>
  <testcase name="basicDetails" time="120.418" classname="com.RBI9FEB22.tc.TC003_RBI9FEB22BasicDetails"/>
  <testcase name="basicDetails" time="120.477" classname="com.RBI9FEB22.tc.TC003_RBI9FEB22BasicDetails"/>
  <testcase name="basicDetails" time="120.271" classname="com.RBI9FEB22.tc.TC003_RBI9FEB22BasicDetails"/>
  <testcase name="basicDetails" time="120.496" classname="com.RBI9FEB22.tc.TC003_RBI9FEB22BasicDetails"/>
  <testcase name="basicDetails" time="120.704" classname="com.RBI9FEB22.tc.TC003_RBI9FEB22BasicDetails"/>
  <testcase name="basicDetails" time="120.000" classname="com.RBI9FEB22.tc.TC003_RBI9FEB22BasicDetails"/>
  <testcase name="basicDetails" time="119.583" classname="com.RBI9FEB22.tc.TC003_RBI9FEB22BasicDetails"/>
  <testcase name="basicDetails" time="120.612" classname="com.RBI9FEB22.tc.TC003_RBI9FEB22BasicDetails"/>
  <testcase name="basicDetails" time="120.731" classname="com.RBI9FEB22.tc.TC003_RBI9FEB22BasicDetails"/>
  <testcase name="basicDetails" time="120.157" classname="com.RBI9FEB22.tc.TC003_RBI9FEB22BasicDetails"/>
  <testcase name="basicDetails" time="121.024" classname="com.RBI9FEB22.tc.TC003_RBI9FEB22BasicDetails"/>
  <testcase name="basicDetails" time="120.255" classname="com.RBI9FEB22.tc.TC003_RBI9FEB22BasicDetails"/>
  <testcase name="basicDetails" time="120.018" classname="com.RBI9FEB22.tc.TC003_RBI9FEB22BasicDetails"/>
</testsuite> <!-- com.RBI9FEB22.tc.TC003_RBI9FEB22BasicDetails -->
