<?xml version="1.0" encoding="UTF-8"?>
<!-- Generated by org.testng.reporters.JUnitReportReporter -->
<testsuite hostname="MAA011253A" failures="0" tests="96" name="com.BOI.tc.TC005_BOIBasicDetails" time="6234.093" errors="12" timestamp="2020-09-15T15:11:41 IST" skipped="0">
  <testcase classname="com.BOI.tc.TC005_BOIBasicDetails" name="basicDetails" time="74.837"/>
  <testcase classname="com.BOI.tc.TC005_BOIBasicDetails" name="basicDetails" time="0.147">
    <error type="java.lang.NullPointerException">
      <![CDATA[java.lang.NullPointerException
at com.ibps.pages.PersonalDetailsPage.selectDropDownUsingIndexNew(PersonalDetailsPage.java:314)
at com.BOI.tc.TC005_BOIBasicDetails.basicDetails(TC005_BOIBasicDetails.java:35)
at jdk.internal.reflect.GeneratedMethodAccessor91.invoke(Unknown Source)
at java.base/jdk.internal.reflect.DelegatingMethodAccessorImpl.invoke(Unknown Source)
at java.base/java.lang.reflect.Method.invoke(Unknown Source)
at org.testng.internal.MethodInvocationHelper.invokeMethod(MethodInvocationHelper.java:133)
at org.testng.internal.TestInvoker.invokeMethod(TestInvoker.java:584)
at org.testng.internal.TestInvoker.invokeTestMethod(TestInvoker.java:172)
at org.testng.internal.MethodRunner.runInSequence(MethodRunner.java:46)
at org.testng.internal.TestInvoker$MethodInvocationAgent.invoke(TestInvoker.java:804)
at org.testng.internal.TestInvoker.invokeTestMethods(TestInvoker.java:145)
at org.testng.internal.TestMethodWorker.invokeTestMethods(TestMethodWorker.java:146)
at org.testng.internal.TestMethodWorker.run(TestMethodWorker.java:128)
at java.base/java.util.concurrent.ThreadPoolExecutor.runWorker(Unknown Source)
at java.base/java.util.concurrent.ThreadPoolExecutor$Worker.run(Unknown Source)
at java.base/java.lang.Thread.run(Unknown Source)
]]>
    </error>
  </testcase> <!-- basicDetails -->
  <testcase classname="com.BOI.tc.TC005_BOIBasicDetails" name="basicDetails" time="74.502"/>
  <testcase classname="com.BOI.tc.TC005_BOIBasicDetails" name="basicDetails" time="73.901"/>
  <testcase classname="com.BOI.tc.TC005_BOIBasicDetails" name="basicDetails" time="73.942"/>
  <testcase classname="com.BOI.tc.TC005_BOIBasicDetails" name="basicDetails" time="74.703"/>
  <testcase classname="com.BOI.tc.TC005_BOIBasicDetails" name="basicDetails" time="74.560"/>
  <testcase classname="com.BOI.tc.TC005_BOIBasicDetails" name="basicDetails" time="74.333"/>
  <testcase classname="com.BOI.tc.TC005_BOIBasicDetails" name="basicDetails" time="75.297"/>
  <testcase classname="com.BOI.tc.TC005_BOIBasicDetails" name="basicDetails" time="0.204">
    <error type="java.lang.NullPointerException">
      <![CDATA[java.lang.NullPointerException
at com.ibps.pages.PersonalDetailsPage.selectDropDownUsingIndexNew(PersonalDetailsPage.java:314)
at com.BOI.tc.TC005_BOIBasicDetails.basicDetails(TC005_BOIBasicDetails.java:35)
at jdk.internal.reflect.GeneratedMethodAccessor91.invoke(Unknown Source)
at java.base/jdk.internal.reflect.DelegatingMethodAccessorImpl.invoke(Unknown Source)
at java.base/java.lang.reflect.Method.invoke(Unknown Source)
at org.testng.internal.MethodInvocationHelper.invokeMethod(MethodInvocationHelper.java:133)
at org.testng.internal.TestInvoker.invokeMethod(TestInvoker.java:584)
at org.testng.internal.TestInvoker.invokeTestMethod(TestInvoker.java:172)
at org.testng.internal.MethodRunner.runInSequence(MethodRunner.java:46)
at org.testng.internal.TestInvoker$MethodInvocationAgent.invoke(TestInvoker.java:804)
at org.testng.internal.TestInvoker.invokeTestMethods(TestInvoker.java:145)
at org.testng.internal.TestMethodWorker.invokeTestMethods(TestMethodWorker.java:146)
at org.testng.internal.TestMethodWorker.run(TestMethodWorker.java:128)
at java.base/java.util.concurrent.ThreadPoolExecutor.runWorker(Unknown Source)
at java.base/java.util.concurrent.ThreadPoolExecutor$Worker.run(Unknown Source)
at java.base/java.lang.Thread.run(Unknown Source)
]]>
    </error>
  </testcase> <!-- basicDetails -->
  <testcase classname="com.BOI.tc.TC005_BOIBasicDetails" name="basicDetails" time="77.270"/>
  <testcase classname="com.BOI.tc.TC005_BOIBasicDetails" name="basicDetails" time="73.919"/>
  <testcase classname="com.BOI.tc.TC005_BOIBasicDetails" name="basicDetails" time="73.537"/>
  <testcase classname="com.BOI.tc.TC005_BOIBasicDetails" name="basicDetails" time="74.528"/>
  <testcase classname="com.BOI.tc.TC005_BOIBasicDetails" name="basicDetails" time="73.593"/>
  <testcase classname="com.BOI.tc.TC005_BOIBasicDetails" name="basicDetails" time="74.526"/>
  <testcase classname="com.BOI.tc.TC005_BOIBasicDetails" name="basicDetails" time="73.556"/>
  <testcase classname="com.BOI.tc.TC005_BOIBasicDetails" name="basicDetails" time="73.911"/>
  <testcase classname="com.BOI.tc.TC005_BOIBasicDetails" name="basicDetails" time="0.238">
    <error type="java.lang.NullPointerException">
      <![CDATA[java.lang.NullPointerException
at com.ibps.pages.PersonalDetailsPage.selectDropDownUsingIndexNew(PersonalDetailsPage.java:314)
at com.BOI.tc.TC005_BOIBasicDetails.basicDetails(TC005_BOIBasicDetails.java:35)
at jdk.internal.reflect.GeneratedMethodAccessor91.invoke(Unknown Source)
at java.base/jdk.internal.reflect.DelegatingMethodAccessorImpl.invoke(Unknown Source)
at java.base/java.lang.reflect.Method.invoke(Unknown Source)
at org.testng.internal.MethodInvocationHelper.invokeMethod(MethodInvocationHelper.java:133)
at org.testng.internal.TestInvoker.invokeMethod(TestInvoker.java:584)
at org.testng.internal.TestInvoker.invokeTestMethod(TestInvoker.java:172)
at org.testng.internal.MethodRunner.runInSequence(MethodRunner.java:46)
at org.testng.internal.TestInvoker$MethodInvocationAgent.invoke(TestInvoker.java:804)
at org.testng.internal.TestInvoker.invokeTestMethods(TestInvoker.java:145)
at org.testng.internal.TestMethodWorker.invokeTestMethods(TestMethodWorker.java:146)
at org.testng.internal.TestMethodWorker.run(TestMethodWorker.java:128)
at java.base/java.util.concurrent.ThreadPoolExecutor.runWorker(Unknown Source)
at java.base/java.util.concurrent.ThreadPoolExecutor$Worker.run(Unknown Source)
at java.base/java.lang.Thread.run(Unknown Source)
]]>
    </error>
  </testcase> <!-- basicDetails -->
  <testcase classname="com.BOI.tc.TC005_BOIBasicDetails" name="basicDetails" time="74.088"/>
  <testcase classname="com.BOI.tc.TC005_BOIBasicDetails" name="basicDetails" time="74.049"/>
  <testcase classname="com.BOI.tc.TC005_BOIBasicDetails" name="basicDetails" time="74.139"/>
  <testcase classname="com.BOI.tc.TC005_BOIBasicDetails" name="basicDetails" time="73.705"/>
  <testcase classname="com.BOI.tc.TC005_BOIBasicDetails" name="basicDetails" time="75.484"/>
  <testcase classname="com.BOI.tc.TC005_BOIBasicDetails" name="basicDetails" time="74.621"/>
  <testcase classname="com.BOI.tc.TC005_BOIBasicDetails" name="basicDetails" time="74.071"/>
  <testcase classname="com.BOI.tc.TC005_BOIBasicDetails" name="basicDetails" time="74.183"/>
  <testcase classname="com.BOI.tc.TC005_BOIBasicDetails" name="basicDetails" time="74.297"/>
  <testcase classname="com.BOI.tc.TC005_BOIBasicDetails" name="basicDetails" time="74.795"/>
  <testcase classname="com.BOI.tc.TC005_BOIBasicDetails" name="basicDetails" time="74.503"/>
  <testcase classname="com.BOI.tc.TC005_BOIBasicDetails" name="basicDetails" time="74.167"/>
  <testcase classname="com.BOI.tc.TC005_BOIBasicDetails" name="basicDetails" time="73.793"/>
  <testcase classname="com.BOI.tc.TC005_BOIBasicDetails" name="basicDetails" time="74.110"/>
  <testcase classname="com.BOI.tc.TC005_BOIBasicDetails" name="basicDetails" time="74.328"/>
  <testcase classname="com.BOI.tc.TC005_BOIBasicDetails" name="basicDetails" time="73.189"/>
  <testcase classname="com.BOI.tc.TC005_BOIBasicDetails" name="basicDetails" time="74.247"/>
  <testcase classname="com.BOI.tc.TC005_BOIBasicDetails" name="basicDetails" time="0.318">
    <error type="java.lang.NullPointerException">
      <![CDATA[java.lang.NullPointerException
at com.ibps.pages.PersonalDetailsPage.selectDropDownUsingIndexNew(PersonalDetailsPage.java:314)
at com.BOI.tc.TC005_BOIBasicDetails.basicDetails(TC005_BOIBasicDetails.java:35)
at jdk.internal.reflect.GeneratedMethodAccessor91.invoke(Unknown Source)
at java.base/jdk.internal.reflect.DelegatingMethodAccessorImpl.invoke(Unknown Source)
at java.base/java.lang.reflect.Method.invoke(Unknown Source)
at org.testng.internal.MethodInvocationHelper.invokeMethod(MethodInvocationHelper.java:133)
at org.testng.internal.TestInvoker.invokeMethod(TestInvoker.java:584)
at org.testng.internal.TestInvoker.invokeTestMethod(TestInvoker.java:172)
at org.testng.internal.MethodRunner.runInSequence(MethodRunner.java:46)
at org.testng.internal.TestInvoker$MethodInvocationAgent.invoke(TestInvoker.java:804)
at org.testng.internal.TestInvoker.invokeTestMethods(TestInvoker.java:145)
at org.testng.internal.TestMethodWorker.invokeTestMethods(TestMethodWorker.java:146)
at org.testng.internal.TestMethodWorker.run(TestMethodWorker.java:128)
at java.base/java.util.concurrent.ThreadPoolExecutor.runWorker(Unknown Source)
at java.base/java.util.concurrent.ThreadPoolExecutor$Worker.run(Unknown Source)
at java.base/java.lang.Thread.run(Unknown Source)
]]>
    </error>
  </testcase> <!-- basicDetails -->
  <testcase classname="com.BOI.tc.TC005_BOIBasicDetails" name="basicDetails" time="0.185">
    <error type="java.lang.NullPointerException">
      <![CDATA[java.lang.NullPointerException
at com.ibps.pages.PersonalDetailsPage.selectDropDownUsingIndexNew(PersonalDetailsPage.java:314)
at com.BOI.tc.TC005_BOIBasicDetails.basicDetails(TC005_BOIBasicDetails.java:35)
at jdk.internal.reflect.GeneratedMethodAccessor91.invoke(Unknown Source)
at java.base/jdk.internal.reflect.DelegatingMethodAccessorImpl.invoke(Unknown Source)
at java.base/java.lang.reflect.Method.invoke(Unknown Source)
at org.testng.internal.MethodInvocationHelper.invokeMethod(MethodInvocationHelper.java:133)
at org.testng.internal.TestInvoker.invokeMethod(TestInvoker.java:584)
at org.testng.internal.TestInvoker.invokeTestMethod(TestInvoker.java:172)
at org.testng.internal.MethodRunner.runInSequence(MethodRunner.java:46)
at org.testng.internal.TestInvoker$MethodInvocationAgent.invoke(TestInvoker.java:804)
at org.testng.internal.TestInvoker.invokeTestMethods(TestInvoker.java:145)
at org.testng.internal.TestMethodWorker.invokeTestMethods(TestMethodWorker.java:146)
at org.testng.internal.TestMethodWorker.run(TestMethodWorker.java:128)
at java.base/java.util.concurrent.ThreadPoolExecutor.runWorker(Unknown Source)
at java.base/java.util.concurrent.ThreadPoolExecutor$Worker.run(Unknown Source)
at java.base/java.lang.Thread.run(Unknown Source)
]]>
    </error>
  </testcase> <!-- basicDetails -->
  <testcase classname="com.BOI.tc.TC005_BOIBasicDetails" name="basicDetails" time="73.990"/>
  <testcase classname="com.BOI.tc.TC005_BOIBasicDetails" name="basicDetails" time="74.538"/>
  <testcase classname="com.BOI.tc.TC005_BOIBasicDetails" name="basicDetails" time="73.668"/>
  <testcase classname="com.BOI.tc.TC005_BOIBasicDetails" name="basicDetails" time="73.194"/>
  <testcase classname="com.BOI.tc.TC005_BOIBasicDetails" name="basicDetails" time="74.640"/>
  <testcase classname="com.BOI.tc.TC005_BOIBasicDetails" name="basicDetails" time="0.113">
    <error type="java.lang.NullPointerException">
      <![CDATA[java.lang.NullPointerException
at com.ibps.pages.PersonalDetailsPage.selectDropDownUsingIndexNew(PersonalDetailsPage.java:314)
at com.BOI.tc.TC005_BOIBasicDetails.basicDetails(TC005_BOIBasicDetails.java:35)
at jdk.internal.reflect.GeneratedMethodAccessor91.invoke(Unknown Source)
at java.base/jdk.internal.reflect.DelegatingMethodAccessorImpl.invoke(Unknown Source)
at java.base/java.lang.reflect.Method.invoke(Unknown Source)
at org.testng.internal.MethodInvocationHelper.invokeMethod(MethodInvocationHelper.java:133)
at org.testng.internal.TestInvoker.invokeMethod(TestInvoker.java:584)
at org.testng.internal.TestInvoker.invokeTestMethod(TestInvoker.java:172)
at org.testng.internal.MethodRunner.runInSequence(MethodRunner.java:46)
at org.testng.internal.TestInvoker$MethodInvocationAgent.invoke(TestInvoker.java:804)
at org.testng.internal.TestInvoker.invokeTestMethods(TestInvoker.java:145)
at org.testng.internal.TestMethodWorker.invokeTestMethods(TestMethodWorker.java:146)
at org.testng.internal.TestMethodWorker.run(TestMethodWorker.java:128)
at java.base/java.util.concurrent.ThreadPoolExecutor.runWorker(Unknown Source)
at java.base/java.util.concurrent.ThreadPoolExecutor$Worker.run(Unknown Source)
at java.base/java.lang.Thread.run(Unknown Source)
]]>
    </error>
  </testcase> <!-- basicDetails -->
  <testcase classname="com.BOI.tc.TC005_BOIBasicDetails" name="basicDetails" time="75.283"/>
  <testcase classname="com.BOI.tc.TC005_BOIBasicDetails" name="basicDetails" time="73.196"/>
  <testcase classname="com.BOI.tc.TC005_BOIBasicDetails" name="basicDetails" time="74.785"/>
  <testcase classname="com.BOI.tc.TC005_BOIBasicDetails" name="basicDetails" time="74.598"/>
  <testcase classname="com.BOI.tc.TC005_BOIBasicDetails" name="basicDetails" time="73.085"/>
  <testcase classname="com.BOI.tc.TC005_BOIBasicDetails" name="basicDetails" time="75.290"/>
  <testcase classname="com.BOI.tc.TC005_BOIBasicDetails" name="basicDetails" time="73.436"/>
  <testcase classname="com.BOI.tc.TC005_BOIBasicDetails" name="basicDetails" time="73.493"/>
  <testcase classname="com.BOI.tc.TC005_BOIBasicDetails" name="basicDetails" time="74.620"/>
  <testcase classname="com.BOI.tc.TC005_BOIBasicDetails" name="basicDetails" time="75.022"/>
  <testcase classname="com.BOI.tc.TC005_BOIBasicDetails" name="basicDetails" time="73.386"/>
  <testcase classname="com.BOI.tc.TC005_BOIBasicDetails" name="basicDetails" time="74.123"/>
  <testcase classname="com.BOI.tc.TC005_BOIBasicDetails" name="basicDetails" time="0.159">
    <error type="java.lang.NullPointerException">
      <![CDATA[java.lang.NullPointerException
at com.ibps.pages.PersonalDetailsPage.selectDropDownUsingIndexNew(PersonalDetailsPage.java:314)
at com.BOI.tc.TC005_BOIBasicDetails.basicDetails(TC005_BOIBasicDetails.java:35)
at jdk.internal.reflect.GeneratedMethodAccessor91.invoke(Unknown Source)
at java.base/jdk.internal.reflect.DelegatingMethodAccessorImpl.invoke(Unknown Source)
at java.base/java.lang.reflect.Method.invoke(Unknown Source)
at org.testng.internal.MethodInvocationHelper.invokeMethod(MethodInvocationHelper.java:133)
at org.testng.internal.TestInvoker.invokeMethod(TestInvoker.java:584)
at org.testng.internal.TestInvoker.invokeTestMethod(TestInvoker.java:172)
at org.testng.internal.MethodRunner.runInSequence(MethodRunner.java:46)
at org.testng.internal.TestInvoker$MethodInvocationAgent.invoke(TestInvoker.java:804)
at org.testng.internal.TestInvoker.invokeTestMethods(TestInvoker.java:145)
at org.testng.internal.TestMethodWorker.invokeTestMethods(TestMethodWorker.java:146)
at org.testng.internal.TestMethodWorker.run(TestMethodWorker.java:128)
at java.base/java.util.concurrent.ThreadPoolExecutor.runWorker(Unknown Source)
at java.base/java.util.concurrent.ThreadPoolExecutor$Worker.run(Unknown Source)
at java.base/java.lang.Thread.run(Unknown Source)
]]>
    </error>
  </testcase> <!-- basicDetails -->
  <testcase classname="com.BOI.tc.TC005_BOIBasicDetails" name="basicDetails" time="73.900"/>
  <testcase classname="com.BOI.tc.TC005_BOIBasicDetails" name="basicDetails" time="73.423"/>
  <testcase classname="com.BOI.tc.TC005_BOIBasicDetails" name="basicDetails" time="73.590"/>
  <testcase classname="com.BOI.tc.TC005_BOIBasicDetails" name="basicDetails" time="73.995"/>
  <testcase classname="com.BOI.tc.TC005_BOIBasicDetails" name="basicDetails" time="74.327"/>
  <testcase classname="com.BOI.tc.TC005_BOIBasicDetails" name="basicDetails" time="74.106"/>
  <testcase classname="com.BOI.tc.TC005_BOIBasicDetails" name="basicDetails" time="74.086"/>
  <testcase classname="com.BOI.tc.TC005_BOIBasicDetails" name="basicDetails" time="74.703"/>
  <testcase classname="com.BOI.tc.TC005_BOIBasicDetails" name="basicDetails" time="74.238"/>
  <testcase classname="com.BOI.tc.TC005_BOIBasicDetails" name="basicDetails" time="74.609"/>
  <testcase classname="com.BOI.tc.TC005_BOIBasicDetails" name="basicDetails" time="74.480"/>
  <testcase classname="com.BOI.tc.TC005_BOIBasicDetails" name="basicDetails" time="74.659"/>
  <testcase classname="com.BOI.tc.TC005_BOIBasicDetails" name="basicDetails" time="73.792"/>
  <testcase classname="com.BOI.tc.TC005_BOIBasicDetails" name="basicDetails" time="73.508"/>
  <testcase classname="com.BOI.tc.TC005_BOIBasicDetails" name="basicDetails" time="0.125">
    <error type="java.lang.NullPointerException">
      <![CDATA[java.lang.NullPointerException
at com.ibps.pages.PersonalDetailsPage.selectDropDownUsingIndexNew(PersonalDetailsPage.java:314)
at com.BOI.tc.TC005_BOIBasicDetails.basicDetails(TC005_BOIBasicDetails.java:35)
at jdk.internal.reflect.GeneratedMethodAccessor91.invoke(Unknown Source)
at java.base/jdk.internal.reflect.DelegatingMethodAccessorImpl.invoke(Unknown Source)
at java.base/java.lang.reflect.Method.invoke(Unknown Source)
at org.testng.internal.MethodInvocationHelper.invokeMethod(MethodInvocationHelper.java:133)
at org.testng.internal.TestInvoker.invokeMethod(TestInvoker.java:584)
at org.testng.internal.TestInvoker.invokeTestMethod(TestInvoker.java:172)
at org.testng.internal.MethodRunner.runInSequence(MethodRunner.java:46)
at org.testng.internal.TestInvoker$MethodInvocationAgent.invoke(TestInvoker.java:804)
at org.testng.internal.TestInvoker.invokeTestMethods(TestInvoker.java:145)
at org.testng.internal.TestMethodWorker.invokeTestMethods(TestMethodWorker.java:146)
at org.testng.internal.TestMethodWorker.run(TestMethodWorker.java:128)
at java.base/java.util.concurrent.ThreadPoolExecutor.runWorker(Unknown Source)
at java.base/java.util.concurrent.ThreadPoolExecutor$Worker.run(Unknown Source)
at java.base/java.lang.Thread.run(Unknown Source)
]]>
    </error>
  </testcase> <!-- basicDetails -->
  <testcase classname="com.BOI.tc.TC005_BOIBasicDetails" name="basicDetails" time="0.156">
    <error type="java.lang.NullPointerException">
      <![CDATA[java.lang.NullPointerException
at com.ibps.pages.PersonalDetailsPage.selectDropDownUsingIndexNew(PersonalDetailsPage.java:314)
at com.BOI.tc.TC005_BOIBasicDetails.basicDetails(TC005_BOIBasicDetails.java:35)
at jdk.internal.reflect.GeneratedMethodAccessor91.invoke(Unknown Source)
at java.base/jdk.internal.reflect.DelegatingMethodAccessorImpl.invoke(Unknown Source)
at java.base/java.lang.reflect.Method.invoke(Unknown Source)
at org.testng.internal.MethodInvocationHelper.invokeMethod(MethodInvocationHelper.java:133)
at org.testng.internal.TestInvoker.invokeMethod(TestInvoker.java:584)
at org.testng.internal.TestInvoker.invokeTestMethod(TestInvoker.java:172)
at org.testng.internal.MethodRunner.runInSequence(MethodRunner.java:46)
at org.testng.internal.TestInvoker$MethodInvocationAgent.invoke(TestInvoker.java:804)
at org.testng.internal.TestInvoker.invokeTestMethods(TestInvoker.java:145)
at org.testng.internal.TestMethodWorker.invokeTestMethods(TestMethodWorker.java:146)
at org.testng.internal.TestMethodWorker.run(TestMethodWorker.java:128)
at java.base/java.util.concurrent.ThreadPoolExecutor.runWorker(Unknown Source)
at java.base/java.util.concurrent.ThreadPoolExecutor$Worker.run(Unknown Source)
at java.base/java.lang.Thread.run(Unknown Source)
]]>
    </error>
  </testcase> <!-- basicDetails -->
  <testcase classname="com.BOI.tc.TC005_BOIBasicDetails" name="basicDetails" time="74.894"/>
  <testcase classname="com.BOI.tc.TC005_BOIBasicDetails" name="basicDetails" time="74.348"/>
  <testcase classname="com.BOI.tc.TC005_BOIBasicDetails" name="basicDetails" time="73.791"/>
  <testcase classname="com.BOI.tc.TC005_BOIBasicDetails" name="basicDetails" time="0.129">
    <error type="java.lang.NullPointerException">
      <![CDATA[java.lang.NullPointerException
at com.ibps.pages.PersonalDetailsPage.selectDropDownUsingIndexNew(PersonalDetailsPage.java:314)
at com.BOI.tc.TC005_BOIBasicDetails.basicDetails(TC005_BOIBasicDetails.java:35)
at jdk.internal.reflect.GeneratedMethodAccessor91.invoke(Unknown Source)
at java.base/jdk.internal.reflect.DelegatingMethodAccessorImpl.invoke(Unknown Source)
at java.base/java.lang.reflect.Method.invoke(Unknown Source)
at org.testng.internal.MethodInvocationHelper.invokeMethod(MethodInvocationHelper.java:133)
at org.testng.internal.TestInvoker.invokeMethod(TestInvoker.java:584)
at org.testng.internal.TestInvoker.invokeTestMethod(TestInvoker.java:172)
at org.testng.internal.MethodRunner.runInSequence(MethodRunner.java:46)
at org.testng.internal.TestInvoker$MethodInvocationAgent.invoke(TestInvoker.java:804)
at org.testng.internal.TestInvoker.invokeTestMethods(TestInvoker.java:145)
at org.testng.internal.TestMethodWorker.invokeTestMethods(TestMethodWorker.java:146)
at org.testng.internal.TestMethodWorker.run(TestMethodWorker.java:128)
at java.base/java.util.concurrent.ThreadPoolExecutor.runWorker(Unknown Source)
at java.base/java.util.concurrent.ThreadPoolExecutor$Worker.run(Unknown Source)
at java.base/java.lang.Thread.run(Unknown Source)
]]>
    </error>
  </testcase> <!-- basicDetails -->
  <testcase classname="com.BOI.tc.TC005_BOIBasicDetails" name="basicDetails" time="74.020"/>
  <testcase classname="com.BOI.tc.TC005_BOIBasicDetails" name="basicDetails" time="74.236"/>
  <testcase classname="com.BOI.tc.TC005_BOIBasicDetails" name="basicDetails" time="73.350"/>
  <testcase classname="com.BOI.tc.TC005_BOIBasicDetails" name="basicDetails" time="73.775"/>
  <testcase classname="com.BOI.tc.TC005_BOIBasicDetails" name="basicDetails" time="74.263"/>
  <testcase classname="com.BOI.tc.TC005_BOIBasicDetails" name="basicDetails" time="74.668"/>
  <testcase classname="com.BOI.tc.TC005_BOIBasicDetails" name="basicDetails" time="74.863"/>
  <testcase classname="com.BOI.tc.TC005_BOIBasicDetails" name="basicDetails" time="74.072"/>
  <testcase classname="com.BOI.tc.TC005_BOIBasicDetails" name="basicDetails" time="73.754"/>
  <testcase classname="com.BOI.tc.TC005_BOIBasicDetails" name="basicDetails" time="0.091">
    <error type="java.lang.NullPointerException">
      <![CDATA[java.lang.NullPointerException
at com.ibps.pages.PersonalDetailsPage.selectDropDownUsingIndexNew(PersonalDetailsPage.java:314)
at com.BOI.tc.TC005_BOIBasicDetails.basicDetails(TC005_BOIBasicDetails.java:35)
at jdk.internal.reflect.GeneratedMethodAccessor91.invoke(Unknown Source)
at java.base/jdk.internal.reflect.DelegatingMethodAccessorImpl.invoke(Unknown Source)
at java.base/java.lang.reflect.Method.invoke(Unknown Source)
at org.testng.internal.MethodInvocationHelper.invokeMethod(MethodInvocationHelper.java:133)
at org.testng.internal.TestInvoker.invokeMethod(TestInvoker.java:584)
at org.testng.internal.TestInvoker.invokeTestMethod(TestInvoker.java:172)
at org.testng.internal.MethodRunner.runInSequence(MethodRunner.java:46)
at org.testng.internal.TestInvoker$MethodInvocationAgent.invoke(TestInvoker.java:804)
at org.testng.internal.TestInvoker.invokeTestMethods(TestInvoker.java:145)
at org.testng.internal.TestMethodWorker.invokeTestMethods(TestMethodWorker.java:146)
at org.testng.internal.TestMethodWorker.run(TestMethodWorker.java:128)
at java.base/java.util.concurrent.ThreadPoolExecutor.runWorker(Unknown Source)
at java.base/java.util.concurrent.ThreadPoolExecutor$Worker.run(Unknown Source)
at java.base/java.lang.Thread.run(Unknown Source)
]]>
    </error>
  </testcase> <!-- basicDetails -->
  <testcase classname="com.BOI.tc.TC005_BOIBasicDetails" name="basicDetails" time="74.307"/>
  <testcase classname="com.BOI.tc.TC005_BOIBasicDetails" name="basicDetails" time="74.647"/>
  <testcase classname="com.BOI.tc.TC005_BOIBasicDetails" name="basicDetails" time="73.586"/>
  <testcase classname="com.BOI.tc.TC005_BOIBasicDetails" name="basicDetails" time="0.140">
    <error type="java.lang.NullPointerException">
      <![CDATA[java.lang.NullPointerException
at com.ibps.pages.PersonalDetailsPage.selectDropDownUsingIndexNew(PersonalDetailsPage.java:314)
at com.BOI.tc.TC005_BOIBasicDetails.basicDetails(TC005_BOIBasicDetails.java:35)
at jdk.internal.reflect.GeneratedMethodAccessor91.invoke(Unknown Source)
at java.base/jdk.internal.reflect.DelegatingMethodAccessorImpl.invoke(Unknown Source)
at java.base/java.lang.reflect.Method.invoke(Unknown Source)
at org.testng.internal.MethodInvocationHelper.invokeMethod(MethodInvocationHelper.java:133)
at org.testng.internal.TestInvoker.invokeMethod(TestInvoker.java:584)
at org.testng.internal.TestInvoker.invokeTestMethod(TestInvoker.java:172)
at org.testng.internal.MethodRunner.runInSequence(MethodRunner.java:46)
at org.testng.internal.TestInvoker$MethodInvocationAgent.invoke(TestInvoker.java:804)
at org.testng.internal.TestInvoker.invokeTestMethods(TestInvoker.java:145)
at org.testng.internal.TestMethodWorker.invokeTestMethods(TestMethodWorker.java:146)
at org.testng.internal.TestMethodWorker.run(TestMethodWorker.java:128)
at java.base/java.util.concurrent.ThreadPoolExecutor.runWorker(Unknown Source)
at java.base/java.util.concurrent.ThreadPoolExecutor$Worker.run(Unknown Source)
at java.base/java.lang.Thread.run(Unknown Source)
]]>
    </error>
  </testcase> <!-- basicDetails -->
  <testcase classname="com.BOI.tc.TC005_BOIBasicDetails" name="basicDetails" time="74.041"/>
  <testcase classname="com.BOI.tc.TC005_BOIBasicDetails" name="basicDetails" time="73.481"/>
  <testcase classname="com.BOI.tc.TC005_BOIBasicDetails" name="basicDetails" time="73.434"/>
  <testcase classname="com.BOI.tc.TC005_BOIBasicDetails" name="basicDetails" time="74.418"/>
  <testcase classname="com.BOI.tc.TC005_BOIBasicDetails" name="basicDetails" time="73.693"/>
</testsuite> <!-- com.BOI.tc.TC005_BOIBasicDetails -->
