<?xml version="1.0" encoding="UTF-8"?>
<!-- Generated by org.testng.reporters.JUnitReportReporter -->
<testsuite skipped="0" hostname="MAA014482B" name="com.NSIL_19July22.tc.TC002_NSILBasicDetails" tests="32" failures="0" timestamp="2022-08-23T17:28:14 IST" time="5210.573" errors="0">
  <testcase name="basicDetails" time="158.652" classname="com.NSIL_19July22.tc.TC002_NSILBasicDetails"/>
  <testcase name="basicDetails" time="159.497" classname="com.NSIL_19July22.tc.TC002_NSILBasicDetails"/>
  <testcase name="basicDetails" time="187.359" classname="com.NSIL_19July22.tc.TC002_NSILBasicDetails"/>
  <testcase name="basicDetails" time="160.498" classname="com.NSIL_19July22.tc.TC002_NSILBasicDetails"/>
  <testcase name="basicDetails" time="159.582" classname="com.NSIL_19July22.tc.TC002_NSILBasicDetails"/>
  <testcase name="basicDetails" time="160.348" classname="com.NSIL_19July22.tc.TC002_NSILBasicDetails"/>
  <testcase name="basicDetails" time="158.364" classname="com.NSIL_19July22.tc.TC002_NSILBasicDetails"/>
  <testcase name="basicDetails" time="158.141" classname="com.NSIL_19July22.tc.TC002_NSILBasicDetails"/>
  <testcase name="basicDetails" time="159.582" classname="com.NSIL_19July22.tc.TC002_NSILBasicDetails"/>
  <testcase name="basicDetails" time="158.649" classname="com.NSIL_19July22.tc.TC002_NSILBasicDetails"/>
  <testcase name="basicDetails" time="158.097" classname="com.NSIL_19July22.tc.TC002_NSILBasicDetails"/>
  <testcase name="basicDetails" time="159.539" classname="com.NSIL_19July22.tc.TC002_NSILBasicDetails"/>
  <testcase name="basicDetails" time="160.220" classname="com.NSIL_19July22.tc.TC002_NSILBasicDetails"/>
  <testcase name="basicDetails" time="158.566" classname="com.NSIL_19July22.tc.TC002_NSILBasicDetails"/>
  <testcase name="basicDetails" time="158.474" classname="com.NSIL_19July22.tc.TC002_NSILBasicDetails"/>
  <testcase name="basicDetails" time="159.396" classname="com.NSIL_19July22.tc.TC002_NSILBasicDetails"/>
  <testcase name="basicDetails" time="159.926" classname="com.NSIL_19July22.tc.TC002_NSILBasicDetails"/>
  <testcase name="basicDetails" time="159.604" classname="com.NSIL_19July22.tc.TC002_NSILBasicDetails"/>
  <testcase name="basicDetails" time="159.781" classname="com.NSIL_19July22.tc.TC002_NSILBasicDetails"/>
  <testcase name="basicDetails" time="186.299" classname="com.NSIL_19July22.tc.TC002_NSILBasicDetails"/>
  <testcase name="basicDetails" time="161.205" classname="com.NSIL_19July22.tc.TC002_NSILBasicDetails"/>
  <testcase name="basicDetails" time="186.282" classname="com.NSIL_19July22.tc.TC002_NSILBasicDetails"/>
  <testcase name="basicDetails" time="159.600" classname="com.NSIL_19July22.tc.TC002_NSILBasicDetails"/>
  <testcase name="basicDetails" time="159.543" classname="com.NSIL_19July22.tc.TC002_NSILBasicDetails"/>
  <testcase name="basicDetails" time="160.372" classname="com.NSIL_19July22.tc.TC002_NSILBasicDetails"/>
  <testcase name="basicDetails" time="187.234" classname="com.NSIL_19July22.tc.TC002_NSILBasicDetails"/>
  <testcase name="basicDetails" time="158.499" classname="com.NSIL_19July22.tc.TC002_NSILBasicDetails"/>
  <testcase name="basicDetails" time="158.745" classname="com.NSIL_19July22.tc.TC002_NSILBasicDetails"/>
  <testcase name="basicDetails" time="160.589" classname="com.NSIL_19July22.tc.TC002_NSILBasicDetails"/>
  <testcase name="basicDetails" time="158.232" classname="com.NSIL_19July22.tc.TC002_NSILBasicDetails"/>
  <testcase name="basicDetails" time="159.813" classname="com.NSIL_19July22.tc.TC002_NSILBasicDetails"/>
  <testcase name="basicDetails" time="159.885" classname="com.NSIL_19July22.tc.TC002_NSILBasicDetails"/>
</testsuite> <!-- com.NSIL_19July22.tc.TC002_NSILBasicDetails -->
