<?xml version="1.0" encoding="UTF-8"?>
<!-- Generated by org.testng.reporters.JUnitReportReporter -->
<testsuite skipped="0" hostname="MAA014482B" name="com.NIA_July23.tc.TC005_NIABasicDetails" tests="54" failures="0" timestamp="2023-07-19T02:52:55 IST" time="9053.899" errors="0">
  <testcase name="basicDetails" time="185.686" classname="com.NIA_July23.tc.TC005_NIABasicDetails"/>
  <testcase name="basicDetails" time="186.353" classname="com.NIA_July23.tc.TC005_NIABasicDetails"/>
  <testcase name="basicDetails" time="157.095" classname="com.NIA_July23.tc.TC005_NIABasicDetails"/>
  <testcase name="basicDetails" time="158.048" classname="com.NIA_July23.tc.TC005_NIABasicDetails"/>
  <testcase name="basicDetails" time="185.498" classname="com.NIA_July23.tc.TC005_NIABasicDetails"/>
  <testcase name="basicDetails" time="185.282" classname="com.NIA_July23.tc.TC005_NIABasicDetails"/>
  <testcase name="basicDetails" time="158.171" classname="com.NIA_July23.tc.TC005_NIABasicDetails"/>
  <testcase name="basicDetails" time="158.247" classname="com.NIA_July23.tc.TC005_NIABasicDetails"/>
  <testcase name="basicDetails" time="159.469" classname="com.NIA_July23.tc.TC005_NIABasicDetails"/>
  <testcase name="basicDetails" time="187.227" classname="com.NIA_July23.tc.TC005_NIABasicDetails"/>
  <testcase name="basicDetails" time="185.401" classname="com.NIA_July23.tc.TC005_NIABasicDetails"/>
  <testcase name="basicDetails" time="158.315" classname="com.NIA_July23.tc.TC005_NIABasicDetails"/>
  <testcase name="basicDetails" time="158.034" classname="com.NIA_July23.tc.TC005_NIABasicDetails"/>
  <testcase name="basicDetails" time="159.642" classname="com.NIA_July23.tc.TC005_NIABasicDetails"/>
  <testcase name="basicDetails" time="158.358" classname="com.NIA_July23.tc.TC005_NIABasicDetails"/>
  <testcase name="basicDetails" time="158.488" classname="com.NIA_July23.tc.TC005_NIABasicDetails"/>
  <testcase name="basicDetails" time="158.173" classname="com.NIA_July23.tc.TC005_NIABasicDetails"/>
  <testcase name="basicDetails" time="185.702" classname="com.NIA_July23.tc.TC005_NIABasicDetails"/>
  <testcase name="basicDetails" time="185.734" classname="com.NIA_July23.tc.TC005_NIABasicDetails"/>
  <testcase name="basicDetails" time="159.553" classname="com.NIA_July23.tc.TC005_NIABasicDetails"/>
  <testcase name="basicDetails" time="159.386" classname="com.NIA_July23.tc.TC005_NIABasicDetails"/>
  <testcase name="basicDetails" time="157.980" classname="com.NIA_July23.tc.TC005_NIABasicDetails"/>
  <testcase name="basicDetails" time="158.013" classname="com.NIA_July23.tc.TC005_NIABasicDetails"/>
  <testcase name="basicDetails" time="158.999" classname="com.NIA_July23.tc.TC005_NIABasicDetails"/>
  <testcase name="basicDetails" time="157.140" classname="com.NIA_July23.tc.TC005_NIABasicDetails"/>
  <testcase name="basicDetails" time="157.924" classname="com.NIA_July23.tc.TC005_NIABasicDetails"/>
  <testcase name="basicDetails" time="159.047" classname="com.NIA_July23.tc.TC005_NIABasicDetails"/>
  <testcase name="basicDetails" time="158.550" classname="com.NIA_July23.tc.TC005_NIABasicDetails"/>
  <testcase name="basicDetails" time="185.434" classname="com.NIA_July23.tc.TC005_NIABasicDetails"/>
  <testcase name="basicDetails" time="157.062" classname="com.NIA_July23.tc.TC005_NIABasicDetails"/>
  <testcase name="basicDetails" time="163.792" classname="com.NIA_July23.tc.TC005_NIABasicDetails"/>
  <testcase name="basicDetails" time="157.517" classname="com.NIA_July23.tc.TC005_NIABasicDetails"/>
  <testcase name="basicDetails" time="158.195" classname="com.NIA_July23.tc.TC005_NIABasicDetails"/>
  <testcase name="basicDetails" time="159.102" classname="com.NIA_July23.tc.TC005_NIABasicDetails"/>
  <testcase name="basicDetails" time="156.863" classname="com.NIA_July23.tc.TC005_NIABasicDetails"/>
  <testcase name="basicDetails" time="185.746" classname="com.NIA_July23.tc.TC005_NIABasicDetails"/>
  <testcase name="basicDetails" time="158.051" classname="com.NIA_July23.tc.TC005_NIABasicDetails"/>
  <testcase name="basicDetails" time="158.003" classname="com.NIA_July23.tc.TC005_NIABasicDetails"/>
  <testcase name="basicDetails" time="159.231" classname="com.NIA_July23.tc.TC005_NIABasicDetails"/>
  <testcase name="basicDetails" time="186.630" classname="com.NIA_July23.tc.TC005_NIABasicDetails"/>
  <testcase name="basicDetails" time="159.217" classname="com.NIA_July23.tc.TC005_NIABasicDetails"/>
  <testcase name="basicDetails" time="185.383" classname="com.NIA_July23.tc.TC005_NIABasicDetails"/>
  <testcase name="basicDetails" time="159.535" classname="com.NIA_July23.tc.TC005_NIABasicDetails"/>
  <testcase name="basicDetails" time="186.550" classname="com.NIA_July23.tc.TC005_NIABasicDetails"/>
  <testcase name="basicDetails" time="186.706" classname="com.NIA_July23.tc.TC005_NIABasicDetails"/>
  <testcase name="basicDetails" time="158.423" classname="com.NIA_July23.tc.TC005_NIABasicDetails"/>
  <testcase name="basicDetails" time="158.071" classname="com.NIA_July23.tc.TC005_NIABasicDetails"/>
  <testcase name="basicDetails" time="186.019" classname="com.NIA_July23.tc.TC005_NIABasicDetails"/>
  <testcase name="basicDetails" time="186.170" classname="com.NIA_July23.tc.TC005_NIABasicDetails"/>
  <testcase name="basicDetails" time="185.350" classname="com.NIA_July23.tc.TC005_NIABasicDetails"/>
  <testcase name="basicDetails" time="156.674" classname="com.NIA_July23.tc.TC005_NIABasicDetails"/>
  <testcase name="basicDetails" time="159.338" classname="com.NIA_July23.tc.TC005_NIABasicDetails"/>
  <testcase name="basicDetails" time="185.755" classname="com.NIA_July23.tc.TC005_NIABasicDetails"/>
  <testcase name="basicDetails" time="159.567" classname="com.NIA_July23.tc.TC005_NIABasicDetails"/>
</testsuite> <!-- com.NIA_July23.tc.TC005_NIABasicDetails -->
