<?xml version="1.0" encoding="UTF-8"?>
<!-- Generated by org.testng.reporters.JUnitReportReporter -->
<testsuite skipped="0" hostname="MAA014482B" name="com.RCRB.tc.TC005_RCRBBasicDetails" tests="70" failures="0" timestamp="2022-12-22T21:06:36 IST" time="11622.671" errors="0">
  <testcase name="basicDetails" time="161.819" classname="com.RCRB.tc.TC005_RCRBBasicDetails"/>
  <testcase name="basicDetails" time="192.222" classname="com.RCRB.tc.TC005_RCRBBasicDetails"/>
  <testcase name="basicDetails" time="163.769" classname="com.RCRB.tc.TC005_RCRBBasicDetails"/>
  <testcase name="basicDetails" time="165.068" classname="com.RCRB.tc.TC005_RCRBBasicDetails"/>
  <testcase name="basicDetails" time="189.590" classname="com.RCRB.tc.TC005_RCRBBasicDetails"/>
  <testcase name="basicDetails" time="160.518" classname="com.RCRB.tc.TC005_RCRBBasicDetails"/>
  <testcase name="basicDetails" time="170.763" classname="com.RCRB.tc.TC005_RCRBBasicDetails"/>
  <testcase name="basicDetails" time="164.856" classname="com.RCRB.tc.TC005_RCRBBasicDetails"/>
  <testcase name="basicDetails" time="164.872" classname="com.RCRB.tc.TC005_RCRBBasicDetails"/>
  <testcase name="basicDetails" time="160.570" classname="com.RCRB.tc.TC005_RCRBBasicDetails"/>
  <testcase name="basicDetails" time="160.447" classname="com.RCRB.tc.TC005_RCRBBasicDetails"/>
  <testcase name="basicDetails" time="159.517" classname="com.RCRB.tc.TC005_RCRBBasicDetails"/>
  <testcase name="basicDetails" time="160.539" classname="com.RCRB.tc.TC005_RCRBBasicDetails"/>
  <testcase name="basicDetails" time="163.904" classname="com.RCRB.tc.TC005_RCRBBasicDetails"/>
  <testcase name="basicDetails" time="161.783" classname="com.RCRB.tc.TC005_RCRBBasicDetails"/>
  <testcase name="basicDetails" time="160.428" classname="com.RCRB.tc.TC005_RCRBBasicDetails"/>
  <testcase name="basicDetails" time="163.597" classname="com.RCRB.tc.TC005_RCRBBasicDetails"/>
  <testcase name="basicDetails" time="164.872" classname="com.RCRB.tc.TC005_RCRBBasicDetails"/>
  <testcase name="basicDetails" time="165.128" classname="com.RCRB.tc.TC005_RCRBBasicDetails"/>
  <testcase name="basicDetails" time="192.246" classname="com.RCRB.tc.TC005_RCRBBasicDetails"/>
  <testcase name="basicDetails" time="160.547" classname="com.RCRB.tc.TC005_RCRBBasicDetails"/>
  <testcase name="basicDetails" time="164.557" classname="com.RCRB.tc.TC005_RCRBBasicDetails"/>
  <testcase name="basicDetails" time="164.680" classname="com.RCRB.tc.TC005_RCRBBasicDetails"/>
  <testcase name="basicDetails" time="160.657" classname="com.RCRB.tc.TC005_RCRBBasicDetails"/>
  <testcase name="basicDetails" time="160.480" classname="com.RCRB.tc.TC005_RCRBBasicDetails"/>
  <testcase name="basicDetails" time="187.996" classname="com.RCRB.tc.TC005_RCRBBasicDetails"/>
  <testcase name="basicDetails" time="164.765" classname="com.RCRB.tc.TC005_RCRBBasicDetails"/>
  <testcase name="basicDetails" time="160.521" classname="com.RCRB.tc.TC005_RCRBBasicDetails"/>
  <testcase name="basicDetails" time="164.656" classname="com.RCRB.tc.TC005_RCRBBasicDetails"/>
  <testcase name="basicDetails" time="165.242" classname="com.RCRB.tc.TC005_RCRBBasicDetails"/>
  <testcase name="basicDetails" time="160.983" classname="com.RCRB.tc.TC005_RCRBBasicDetails"/>
  <testcase name="basicDetails" time="164.288" classname="com.RCRB.tc.TC005_RCRBBasicDetails"/>
  <testcase name="basicDetails" time="164.680" classname="com.RCRB.tc.TC005_RCRBBasicDetails"/>
  <testcase name="basicDetails" time="165.138" classname="com.RCRB.tc.TC005_RCRBBasicDetails"/>
  <testcase name="basicDetails" time="163.552" classname="com.RCRB.tc.TC005_RCRBBasicDetails"/>
  <testcase name="basicDetails" time="164.453" classname="com.RCRB.tc.TC005_RCRBBasicDetails"/>
  <testcase name="basicDetails" time="160.385" classname="com.RCRB.tc.TC005_RCRBBasicDetails"/>
  <testcase name="basicDetails" time="160.559" classname="com.RCRB.tc.TC005_RCRBBasicDetails"/>
  <testcase name="basicDetails" time="163.698" classname="com.RCRB.tc.TC005_RCRBBasicDetails"/>
  <testcase name="basicDetails" time="160.341" classname="com.RCRB.tc.TC005_RCRBBasicDetails"/>
  <testcase name="basicDetails" time="164.661" classname="com.RCRB.tc.TC005_RCRBBasicDetails"/>
  <testcase name="basicDetails" time="164.600" classname="com.RCRB.tc.TC005_RCRBBasicDetails"/>
  <testcase name="basicDetails" time="164.765" classname="com.RCRB.tc.TC005_RCRBBasicDetails"/>
  <testcase name="basicDetails" time="164.203" classname="com.RCRB.tc.TC005_RCRBBasicDetails"/>
  <testcase name="basicDetails" time="164.669" classname="com.RCRB.tc.TC005_RCRBBasicDetails"/>
  <testcase name="basicDetails" time="162.102" classname="com.RCRB.tc.TC005_RCRBBasicDetails"/>
  <testcase name="basicDetails" time="188.005" classname="com.RCRB.tc.TC005_RCRBBasicDetails"/>
  <testcase name="basicDetails" time="159.685" classname="com.RCRB.tc.TC005_RCRBBasicDetails"/>
  <testcase name="basicDetails" time="164.778" classname="com.RCRB.tc.TC005_RCRBBasicDetails"/>
  <testcase name="basicDetails" time="165.149" classname="com.RCRB.tc.TC005_RCRBBasicDetails"/>
  <testcase name="basicDetails" time="160.604" classname="com.RCRB.tc.TC005_RCRBBasicDetails"/>
  <testcase name="basicDetails" time="160.434" classname="com.RCRB.tc.TC005_RCRBBasicDetails"/>
  <testcase name="basicDetails" time="192.471" classname="com.RCRB.tc.TC005_RCRBBasicDetails"/>
  <testcase name="basicDetails" time="187.912" classname="com.RCRB.tc.TC005_RCRBBasicDetails"/>
  <testcase name="basicDetails" time="163.649" classname="com.RCRB.tc.TC005_RCRBBasicDetails"/>
  <testcase name="basicDetails" time="187.686" classname="com.RCRB.tc.TC005_RCRBBasicDetails"/>
  <testcase name="basicDetails" time="160.998" classname="com.RCRB.tc.TC005_RCRBBasicDetails"/>
  <testcase name="basicDetails" time="164.974" classname="com.RCRB.tc.TC005_RCRBBasicDetails"/>
  <testcase name="basicDetails" time="164.222" classname="com.RCRB.tc.TC005_RCRBBasicDetails"/>
  <testcase name="basicDetails" time="159.466" classname="com.RCRB.tc.TC005_RCRBBasicDetails"/>
  <testcase name="basicDetails" time="164.804" classname="com.RCRB.tc.TC005_RCRBBasicDetails"/>
  <testcase name="basicDetails" time="162.108" classname="com.RCRB.tc.TC005_RCRBBasicDetails"/>
  <testcase name="basicDetails" time="164.027" classname="com.RCRB.tc.TC005_RCRBBasicDetails"/>
  <testcase name="basicDetails" time="165.443" classname="com.RCRB.tc.TC005_RCRBBasicDetails"/>
  <testcase name="basicDetails" time="165.275" classname="com.RCRB.tc.TC005_RCRBBasicDetails"/>
  <testcase name="basicDetails" time="160.207" classname="com.RCRB.tc.TC005_RCRBBasicDetails"/>
  <testcase name="basicDetails" time="164.973" classname="com.RCRB.tc.TC005_RCRBBasicDetails"/>
  <testcase name="basicDetails" time="160.842" classname="com.RCRB.tc.TC005_RCRBBasicDetails"/>
  <testcase name="basicDetails" time="160.719" classname="com.RCRB.tc.TC005_RCRBBasicDetails"/>
  <testcase name="basicDetails" time="160.554" classname="com.RCRB.tc.TC005_RCRBBasicDetails"/>
</testsuite> <!-- com.RCRB.tc.TC005_RCRBBasicDetails -->
