<?xml version="1.0" encoding="UTF-8"?>
<!-- Generated by org.testng.reporters.JUnitReportReporter -->
<testsuite skipped="0" hostname="MAA014482B" name="com.GIC_June23.tc.TC002_GICBasicDetails" tests="180" failures="0" timestamp="2023-07-09T05:31:03 IST" time="29225.211" errors="0">
  <testcase name="basicDetails" time="163.721" classname="com.GIC_June23.tc.TC002_GICBasicDetails"/>
  <testcase name="basicDetails" time="163.192" classname="com.GIC_June23.tc.TC002_GICBasicDetails"/>
  <testcase name="basicDetails" time="163.693" classname="com.GIC_June23.tc.TC002_GICBasicDetails"/>
  <testcase name="basicDetails" time="161.842" classname="com.GIC_June23.tc.TC002_GICBasicDetails"/>
  <testcase name="basicDetails" time="161.663" classname="com.GIC_June23.tc.TC002_GICBasicDetails"/>
  <testcase name="basicDetails" time="161.695" classname="com.GIC_June23.tc.TC002_GICBasicDetails"/>
  <testcase name="basicDetails" time="164.247" classname="com.GIC_June23.tc.TC002_GICBasicDetails"/>
  <testcase name="basicDetails" time="161.655" classname="com.GIC_June23.tc.TC002_GICBasicDetails"/>
  <testcase name="basicDetails" time="161.301" classname="com.GIC_June23.tc.TC002_GICBasicDetails"/>
  <testcase name="basicDetails" time="161.861" classname="com.GIC_June23.tc.TC002_GICBasicDetails"/>
  <testcase name="basicDetails" time="161.395" classname="com.GIC_June23.tc.TC002_GICBasicDetails"/>
  <testcase name="basicDetails" time="161.515" classname="com.GIC_June23.tc.TC002_GICBasicDetails"/>
  <testcase name="basicDetails" time="161.330" classname="com.GIC_June23.tc.TC002_GICBasicDetails"/>
  <testcase name="basicDetails" time="163.822" classname="com.GIC_June23.tc.TC002_GICBasicDetails"/>
  <testcase name="basicDetails" time="163.684" classname="com.GIC_June23.tc.TC002_GICBasicDetails"/>
  <testcase name="basicDetails" time="161.902" classname="com.GIC_June23.tc.TC002_GICBasicDetails"/>
  <testcase name="basicDetails" time="163.907" classname="com.GIC_June23.tc.TC002_GICBasicDetails"/>
  <testcase name="basicDetails" time="163.310" classname="com.GIC_June23.tc.TC002_GICBasicDetails"/>
  <testcase name="basicDetails" time="161.292" classname="com.GIC_June23.tc.TC002_GICBasicDetails"/>
  <testcase name="basicDetails" time="169.555" classname="com.GIC_June23.tc.TC002_GICBasicDetails"/>
  <testcase name="basicDetails" time="163.801" classname="com.GIC_June23.tc.TC002_GICBasicDetails"/>
  <testcase name="basicDetails" time="161.653" classname="com.GIC_June23.tc.TC002_GICBasicDetails"/>
  <testcase name="basicDetails" time="161.773" classname="com.GIC_June23.tc.TC002_GICBasicDetails"/>
  <testcase name="basicDetails" time="161.120" classname="com.GIC_June23.tc.TC002_GICBasicDetails"/>
  <testcase name="basicDetails" time="163.878" classname="com.GIC_June23.tc.TC002_GICBasicDetails"/>
  <testcase name="basicDetails" time="163.948" classname="com.GIC_June23.tc.TC002_GICBasicDetails"/>
  <testcase name="basicDetails" time="161.518" classname="com.GIC_June23.tc.TC002_GICBasicDetails"/>
  <testcase name="basicDetails" time="163.843" classname="com.GIC_June23.tc.TC002_GICBasicDetails"/>
  <testcase name="basicDetails" time="161.497" classname="com.GIC_June23.tc.TC002_GICBasicDetails"/>
  <testcase name="basicDetails" time="163.769" classname="com.GIC_June23.tc.TC002_GICBasicDetails"/>
  <testcase name="basicDetails" time="163.473" classname="com.GIC_June23.tc.TC002_GICBasicDetails"/>
  <testcase name="basicDetails" time="161.571" classname="com.GIC_June23.tc.TC002_GICBasicDetails"/>
  <testcase name="basicDetails" time="161.263" classname="com.GIC_June23.tc.TC002_GICBasicDetails"/>
  <testcase name="basicDetails" time="161.306" classname="com.GIC_June23.tc.TC002_GICBasicDetails"/>
  <testcase name="basicDetails" time="161.351" classname="com.GIC_June23.tc.TC002_GICBasicDetails"/>
  <testcase name="basicDetails" time="161.401" classname="com.GIC_June23.tc.TC002_GICBasicDetails"/>
  <testcase name="basicDetails" time="163.254" classname="com.GIC_June23.tc.TC002_GICBasicDetails"/>
  <testcase name="basicDetails" time="161.799" classname="com.GIC_June23.tc.TC002_GICBasicDetails"/>
  <testcase name="basicDetails" time="161.181" classname="com.GIC_June23.tc.TC002_GICBasicDetails"/>
  <testcase name="basicDetails" time="163.773" classname="com.GIC_June23.tc.TC002_GICBasicDetails"/>
  <testcase name="basicDetails" time="163.807" classname="com.GIC_June23.tc.TC002_GICBasicDetails"/>
  <testcase name="basicDetails" time="161.609" classname="com.GIC_June23.tc.TC002_GICBasicDetails"/>
  <testcase name="basicDetails" time="161.554" classname="com.GIC_June23.tc.TC002_GICBasicDetails"/>
  <testcase name="basicDetails" time="161.456" classname="com.GIC_June23.tc.TC002_GICBasicDetails"/>
  <testcase name="basicDetails" time="161.655" classname="com.GIC_June23.tc.TC002_GICBasicDetails"/>
  <testcase name="basicDetails" time="163.575" classname="com.GIC_June23.tc.TC002_GICBasicDetails"/>
  <testcase name="basicDetails" time="162.039" classname="com.GIC_June23.tc.TC002_GICBasicDetails"/>
  <testcase name="basicDetails" time="164.083" classname="com.GIC_June23.tc.TC002_GICBasicDetails"/>
  <testcase name="basicDetails" time="161.433" classname="com.GIC_June23.tc.TC002_GICBasicDetails"/>
  <testcase name="basicDetails" time="161.642" classname="com.GIC_June23.tc.TC002_GICBasicDetails"/>
  <testcase name="basicDetails" time="161.460" classname="com.GIC_June23.tc.TC002_GICBasicDetails"/>
  <testcase name="basicDetails" time="161.268" classname="com.GIC_June23.tc.TC002_GICBasicDetails"/>
  <testcase name="basicDetails" time="161.764" classname="com.GIC_June23.tc.TC002_GICBasicDetails"/>
  <testcase name="basicDetails" time="161.665" classname="com.GIC_June23.tc.TC002_GICBasicDetails"/>
  <testcase name="basicDetails" time="163.597" classname="com.GIC_June23.tc.TC002_GICBasicDetails"/>
  <testcase name="basicDetails" time="163.481" classname="com.GIC_June23.tc.TC002_GICBasicDetails"/>
  <testcase name="basicDetails" time="161.198" classname="com.GIC_June23.tc.TC002_GICBasicDetails"/>
  <testcase name="basicDetails" time="163.676" classname="com.GIC_June23.tc.TC002_GICBasicDetails"/>
  <testcase name="basicDetails" time="163.664" classname="com.GIC_June23.tc.TC002_GICBasicDetails"/>
  <testcase name="basicDetails" time="161.363" classname="com.GIC_June23.tc.TC002_GICBasicDetails"/>
  <testcase name="basicDetails" time="161.721" classname="com.GIC_June23.tc.TC002_GICBasicDetails"/>
  <testcase name="basicDetails" time="162.094" classname="com.GIC_June23.tc.TC002_GICBasicDetails"/>
  <testcase name="basicDetails" time="161.395" classname="com.GIC_June23.tc.TC002_GICBasicDetails"/>
  <testcase name="basicDetails" time="163.473" classname="com.GIC_June23.tc.TC002_GICBasicDetails"/>
  <testcase name="basicDetails" time="163.418" classname="com.GIC_June23.tc.TC002_GICBasicDetails"/>
  <testcase name="basicDetails" time="161.350" classname="com.GIC_June23.tc.TC002_GICBasicDetails"/>
  <testcase name="basicDetails" time="163.724" classname="com.GIC_June23.tc.TC002_GICBasicDetails"/>
  <testcase name="basicDetails" time="163.519" classname="com.GIC_June23.tc.TC002_GICBasicDetails"/>
  <testcase name="basicDetails" time="163.512" classname="com.GIC_June23.tc.TC002_GICBasicDetails"/>
  <testcase name="basicDetails" time="161.802" classname="com.GIC_June23.tc.TC002_GICBasicDetails"/>
  <testcase name="basicDetails" time="161.691" classname="com.GIC_June23.tc.TC002_GICBasicDetails"/>
  <testcase name="basicDetails" time="161.657" classname="com.GIC_June23.tc.TC002_GICBasicDetails"/>
  <testcase name="basicDetails" time="163.693" classname="com.GIC_June23.tc.TC002_GICBasicDetails"/>
  <testcase name="basicDetails" time="161.759" classname="com.GIC_June23.tc.TC002_GICBasicDetails"/>
  <testcase name="basicDetails" time="163.130" classname="com.GIC_June23.tc.TC002_GICBasicDetails"/>
  <testcase name="basicDetails" time="163.543" classname="com.GIC_June23.tc.TC002_GICBasicDetails"/>
  <testcase name="basicDetails" time="161.260" classname="com.GIC_June23.tc.TC002_GICBasicDetails"/>
  <testcase name="basicDetails" time="163.596" classname="com.GIC_June23.tc.TC002_GICBasicDetails"/>
  <testcase name="basicDetails" time="163.636" classname="com.GIC_June23.tc.TC002_GICBasicDetails"/>
  <testcase name="basicDetails" time="161.181" classname="com.GIC_June23.tc.TC002_GICBasicDetails"/>
  <testcase name="basicDetails" time="163.628" classname="com.GIC_June23.tc.TC002_GICBasicDetails"/>
  <testcase name="basicDetails" time="161.698" classname="com.GIC_June23.tc.TC002_GICBasicDetails"/>
  <testcase name="basicDetails" time="161.447" classname="com.GIC_June23.tc.TC002_GICBasicDetails"/>
  <testcase name="basicDetails" time="161.292" classname="com.GIC_June23.tc.TC002_GICBasicDetails"/>
  <testcase name="basicDetails" time="161.093" classname="com.GIC_June23.tc.TC002_GICBasicDetails"/>
  <testcase name="basicDetails" time="161.682" classname="com.GIC_June23.tc.TC002_GICBasicDetails"/>
  <testcase name="basicDetails" time="161.366" classname="com.GIC_June23.tc.TC002_GICBasicDetails"/>
  <testcase name="basicDetails" time="163.320" classname="com.GIC_June23.tc.TC002_GICBasicDetails"/>
  <testcase name="basicDetails" time="163.573" classname="com.GIC_June23.tc.TC002_GICBasicDetails"/>
  <testcase name="basicDetails" time="161.617" classname="com.GIC_June23.tc.TC002_GICBasicDetails"/>
  <testcase name="basicDetails" time="161.551" classname="com.GIC_June23.tc.TC002_GICBasicDetails"/>
  <testcase name="basicDetails" time="161.432" classname="com.GIC_June23.tc.TC002_GICBasicDetails"/>
  <testcase name="basicDetails" time="161.075" classname="com.GIC_June23.tc.TC002_GICBasicDetails"/>
  <testcase name="basicDetails" time="161.604" classname="com.GIC_June23.tc.TC002_GICBasicDetails"/>
  <testcase name="basicDetails" time="161.599" classname="com.GIC_June23.tc.TC002_GICBasicDetails"/>
  <testcase name="basicDetails" time="161.874" classname="com.GIC_June23.tc.TC002_GICBasicDetails"/>
  <testcase name="basicDetails" time="161.340" classname="com.GIC_June23.tc.TC002_GICBasicDetails"/>
  <testcase name="basicDetails" time="161.256" classname="com.GIC_June23.tc.TC002_GICBasicDetails"/>
  <testcase name="basicDetails" time="161.179" classname="com.GIC_June23.tc.TC002_GICBasicDetails"/>
  <testcase name="basicDetails" time="163.615" classname="com.GIC_June23.tc.TC002_GICBasicDetails"/>
  <testcase name="basicDetails" time="163.878" classname="com.GIC_June23.tc.TC002_GICBasicDetails"/>
  <testcase name="basicDetails" time="163.780" classname="com.GIC_June23.tc.TC002_GICBasicDetails"/>
  <testcase name="basicDetails" time="161.664" classname="com.GIC_June23.tc.TC002_GICBasicDetails"/>
  <testcase name="basicDetails" time="163.534" classname="com.GIC_June23.tc.TC002_GICBasicDetails"/>
  <testcase name="basicDetails" time="163.649" classname="com.GIC_June23.tc.TC002_GICBasicDetails"/>
  <testcase name="basicDetails" time="161.777" classname="com.GIC_June23.tc.TC002_GICBasicDetails"/>
  <testcase name="basicDetails" time="161.462" classname="com.GIC_June23.tc.TC002_GICBasicDetails"/>
  <testcase name="basicDetails" time="161.627" classname="com.GIC_June23.tc.TC002_GICBasicDetails"/>
  <testcase name="basicDetails" time="161.383" classname="com.GIC_June23.tc.TC002_GICBasicDetails"/>
  <testcase name="basicDetails" time="163.991" classname="com.GIC_June23.tc.TC002_GICBasicDetails"/>
  <testcase name="basicDetails" time="163.467" classname="com.GIC_June23.tc.TC002_GICBasicDetails"/>
  <testcase name="basicDetails" time="163.501" classname="com.GIC_June23.tc.TC002_GICBasicDetails"/>
  <testcase name="basicDetails" time="161.677" classname="com.GIC_June23.tc.TC002_GICBasicDetails"/>
  <testcase name="basicDetails" time="161.550" classname="com.GIC_June23.tc.TC002_GICBasicDetails"/>
  <testcase name="basicDetails" time="161.755" classname="com.GIC_June23.tc.TC002_GICBasicDetails"/>
  <testcase name="basicDetails" time="161.398" classname="com.GIC_June23.tc.TC002_GICBasicDetails"/>
  <testcase name="basicDetails" time="162.036" classname="com.GIC_June23.tc.TC002_GICBasicDetails"/>
  <testcase name="basicDetails" time="163.701" classname="com.GIC_June23.tc.TC002_GICBasicDetails"/>
  <testcase name="basicDetails" time="161.152" classname="com.GIC_June23.tc.TC002_GICBasicDetails"/>
  <testcase name="basicDetails" time="163.689" classname="com.GIC_June23.tc.TC002_GICBasicDetails"/>
  <testcase name="basicDetails" time="161.408" classname="com.GIC_June23.tc.TC002_GICBasicDetails"/>
  <testcase name="basicDetails" time="161.516" classname="com.GIC_June23.tc.TC002_GICBasicDetails"/>
  <testcase name="basicDetails" time="163.771" classname="com.GIC_June23.tc.TC002_GICBasicDetails"/>
  <testcase name="basicDetails" time="163.632" classname="com.GIC_June23.tc.TC002_GICBasicDetails"/>
  <testcase name="basicDetails" time="161.837" classname="com.GIC_June23.tc.TC002_GICBasicDetails"/>
  <testcase name="basicDetails" time="161.105" classname="com.GIC_June23.tc.TC002_GICBasicDetails"/>
  <testcase name="basicDetails" time="163.567" classname="com.GIC_June23.tc.TC002_GICBasicDetails"/>
  <testcase name="basicDetails" time="162.101" classname="com.GIC_June23.tc.TC002_GICBasicDetails"/>
  <testcase name="basicDetails" time="161.304" classname="com.GIC_June23.tc.TC002_GICBasicDetails"/>
  <testcase name="basicDetails" time="161.844" classname="com.GIC_June23.tc.TC002_GICBasicDetails"/>
  <testcase name="basicDetails" time="161.665" classname="com.GIC_June23.tc.TC002_GICBasicDetails"/>
  <testcase name="basicDetails" time="163.727" classname="com.GIC_June23.tc.TC002_GICBasicDetails"/>
  <testcase name="basicDetails" time="161.275" classname="com.GIC_June23.tc.TC002_GICBasicDetails"/>
  <testcase name="basicDetails" time="163.230" classname="com.GIC_June23.tc.TC002_GICBasicDetails"/>
  <testcase name="basicDetails" time="163.394" classname="com.GIC_June23.tc.TC002_GICBasicDetails"/>
  <testcase name="basicDetails" time="162.053" classname="com.GIC_June23.tc.TC002_GICBasicDetails"/>
  <testcase name="basicDetails" time="163.348" classname="com.GIC_June23.tc.TC002_GICBasicDetails"/>
  <testcase name="basicDetails" time="161.889" classname="com.GIC_June23.tc.TC002_GICBasicDetails"/>
  <testcase name="basicDetails" time="161.692" classname="com.GIC_June23.tc.TC002_GICBasicDetails"/>
  <testcase name="basicDetails" time="161.805" classname="com.GIC_June23.tc.TC002_GICBasicDetails"/>
  <testcase name="basicDetails" time="163.430" classname="com.GIC_June23.tc.TC002_GICBasicDetails"/>
  <testcase name="basicDetails" time="163.651" classname="com.GIC_June23.tc.TC002_GICBasicDetails"/>
  <testcase name="basicDetails" time="163.525" classname="com.GIC_June23.tc.TC002_GICBasicDetails"/>
  <testcase name="basicDetails" time="163.577" classname="com.GIC_June23.tc.TC002_GICBasicDetails"/>
  <testcase name="basicDetails" time="161.578" classname="com.GIC_June23.tc.TC002_GICBasicDetails"/>
  <testcase name="basicDetails" time="161.817" classname="com.GIC_June23.tc.TC002_GICBasicDetails"/>
  <testcase name="basicDetails" time="161.661" classname="com.GIC_June23.tc.TC002_GICBasicDetails"/>
  <testcase name="basicDetails" time="163.406" classname="com.GIC_June23.tc.TC002_GICBasicDetails"/>
  <testcase name="basicDetails" time="161.867" classname="com.GIC_June23.tc.TC002_GICBasicDetails"/>
  <testcase name="basicDetails" time="160.957" classname="com.GIC_June23.tc.TC002_GICBasicDetails"/>
  <testcase name="basicDetails" time="161.739" classname="com.GIC_June23.tc.TC002_GICBasicDetails"/>
  <testcase name="basicDetails" time="161.458" classname="com.GIC_June23.tc.TC002_GICBasicDetails"/>
  <testcase name="basicDetails" time="161.618" classname="com.GIC_June23.tc.TC002_GICBasicDetails"/>
  <testcase name="basicDetails" time="164.029" classname="com.GIC_June23.tc.TC002_GICBasicDetails"/>
  <testcase name="basicDetails" time="163.260" classname="com.GIC_June23.tc.TC002_GICBasicDetails"/>
  <testcase name="basicDetails" time="163.597" classname="com.GIC_June23.tc.TC002_GICBasicDetails"/>
  <testcase name="basicDetails" time="163.647" classname="com.GIC_June23.tc.TC002_GICBasicDetails"/>
  <testcase name="basicDetails" time="161.530" classname="com.GIC_June23.tc.TC002_GICBasicDetails"/>
  <testcase name="basicDetails" time="162.067" classname="com.GIC_June23.tc.TC002_GICBasicDetails"/>
  <testcase name="basicDetails" time="161.797" classname="com.GIC_June23.tc.TC002_GICBasicDetails"/>
  <testcase name="basicDetails" time="163.308" classname="com.GIC_June23.tc.TC002_GICBasicDetails"/>
  <testcase name="basicDetails" time="163.192" classname="com.GIC_June23.tc.TC002_GICBasicDetails"/>
  <testcase name="basicDetails" time="161.462" classname="com.GIC_June23.tc.TC002_GICBasicDetails"/>
  <testcase name="basicDetails" time="161.191" classname="com.GIC_June23.tc.TC002_GICBasicDetails"/>
  <testcase name="basicDetails" time="161.305" classname="com.GIC_June23.tc.TC002_GICBasicDetails"/>
  <testcase name="basicDetails" time="161.587" classname="com.GIC_June23.tc.TC002_GICBasicDetails"/>
  <testcase name="basicDetails" time="163.826" classname="com.GIC_June23.tc.TC002_GICBasicDetails"/>
  <testcase name="basicDetails" time="161.448" classname="com.GIC_June23.tc.TC002_GICBasicDetails"/>
  <testcase name="basicDetails" time="161.382" classname="com.GIC_June23.tc.TC002_GICBasicDetails"/>
  <testcase name="basicDetails" time="163.350" classname="com.GIC_June23.tc.TC002_GICBasicDetails"/>
  <testcase name="basicDetails" time="161.997" classname="com.GIC_June23.tc.TC002_GICBasicDetails"/>
  <testcase name="basicDetails" time="161.570" classname="com.GIC_June23.tc.TC002_GICBasicDetails"/>
  <testcase name="basicDetails" time="163.554" classname="com.GIC_June23.tc.TC002_GICBasicDetails"/>
  <testcase name="basicDetails" time="161.648" classname="com.GIC_June23.tc.TC002_GICBasicDetails"/>
  <testcase name="basicDetails" time="161.859" classname="com.GIC_June23.tc.TC002_GICBasicDetails"/>
  <testcase name="basicDetails" time="161.144" classname="com.GIC_June23.tc.TC002_GICBasicDetails"/>
  <testcase name="basicDetails" time="161.766" classname="com.GIC_June23.tc.TC002_GICBasicDetails"/>
  <testcase name="basicDetails" time="161.016" classname="com.GIC_June23.tc.TC002_GICBasicDetails"/>
  <testcase name="basicDetails" time="161.869" classname="com.GIC_June23.tc.TC002_GICBasicDetails"/>
  <testcase name="basicDetails" time="161.562" classname="com.GIC_June23.tc.TC002_GICBasicDetails"/>
</testsuite> <!-- com.GIC_June23.tc.TC002_GICBasicDetails -->
