<?xml version="1.0" encoding="UTF-8"?>
<!-- Generated by org.testng.reporters.JUnitReportReporter -->
<testsuite hostname="MAA011253A" failures="0" tests="51" name="com.sbi.tc.TC002_SBIBasicDetails" time="5958.015" errors="1" timestamp="2020-10-20T00:20:58 IST" skipped="0">
  <testcase classname="com.sbi.tc.TC002_SBIBasicDetails" name="basicDetails" time="119.547"/>
  <testcase classname="com.sbi.tc.TC002_SBIBasicDetails" name="basicDetails" time="119.310"/>
  <testcase classname="com.sbi.tc.TC002_SBIBasicDetails" name="afterClass" time="1.200">
    <error type="java.lang.NullPointerException">
      <![CDATA[java.lang.NullPointerException
at lib.utils.HTMLReporter.reportStep(HTMLReporter.java:73)
at lib.selenium.WebDriverServiceImpl.closeAllBrowsers(WebDriverServiceImpl.java:495)
at lib.selenium.PreAndPost.afterClass(PreAndPost.java:72)
at java.base/jdk.internal.reflect.NativeMethodAccessorImpl.invoke0(Native Method)
at java.base/jdk.internal.reflect.NativeMethodAccessorImpl.invoke(Unknown Source)
at java.base/jdk.internal.reflect.DelegatingMethodAccessorImpl.invoke(Unknown Source)
at java.base/java.lang.reflect.Method.invoke(Unknown Source)
at org.testng.internal.MethodInvocationHelper.invokeMethod(MethodInvocationHelper.java:133)
at org.testng.internal.MethodInvocationHelper.invokeMethodConsideringTimeout(MethodInvocationHelper.java:62)
at org.testng.internal.ConfigInvoker.invokeConfigurationMethod(ConfigInvoker.java:340)
at org.testng.internal.ConfigInvoker.invokeConfigurations(ConfigInvoker.java:294)
at org.testng.internal.TestMethodWorker.invokeAfterClassMethods(TestMethodWorker.java:217)
at org.testng.internal.TestMethodWorker.run(TestMethodWorker.java:130)
at java.base/java.util.concurrent.ThreadPoolExecutor.runWorker(Unknown Source)
at java.base/java.util.concurrent.ThreadPoolExecutor$Worker.run(Unknown Source)
at java.base/java.lang.Thread.run(Unknown Source)
]]>
    </error>
  </testcase> <!-- afterClass -->
  <testcase classname="com.sbi.tc.TC002_SBIBasicDetails" name="basicDetails" time="119.361"/>
  <testcase classname="com.sbi.tc.TC002_SBIBasicDetails" name="basicDetails" time="118.661"/>
  <testcase classname="com.sbi.tc.TC002_SBIBasicDetails" name="basicDetails" time="119.323"/>
  <testcase classname="com.sbi.tc.TC002_SBIBasicDetails" name="basicDetails" time="119.048"/>
  <testcase classname="com.sbi.tc.TC002_SBIBasicDetails" name="basicDetails" time="118.715"/>
  <testcase classname="com.sbi.tc.TC002_SBIBasicDetails" name="basicDetails" time="119.442"/>
  <testcase classname="com.sbi.tc.TC002_SBIBasicDetails" name="basicDetails" time="118.471"/>
  <testcase classname="com.sbi.tc.TC002_SBIBasicDetails" name="basicDetails" time="118.810"/>
  <testcase classname="com.sbi.tc.TC002_SBIBasicDetails" name="basicDetails" time="119.162"/>
  <testcase classname="com.sbi.tc.TC002_SBIBasicDetails" name="basicDetails" time="119.367"/>
  <testcase classname="com.sbi.tc.TC002_SBIBasicDetails" name="basicDetails" time="119.279"/>
  <testcase classname="com.sbi.tc.TC002_SBIBasicDetails" name="basicDetails" time="119.757"/>
  <testcase classname="com.sbi.tc.TC002_SBIBasicDetails" name="basicDetails" time="119.763"/>
  <testcase classname="com.sbi.tc.TC002_SBIBasicDetails" name="basicDetails" time="118.972"/>
  <testcase classname="com.sbi.tc.TC002_SBIBasicDetails" name="basicDetails" time="119.225"/>
  <testcase classname="com.sbi.tc.TC002_SBIBasicDetails" name="basicDetails" time="119.391"/>
  <testcase classname="com.sbi.tc.TC002_SBIBasicDetails" name="basicDetails" time="118.923"/>
  <testcase classname="com.sbi.tc.TC002_SBIBasicDetails" name="basicDetails" time="119.298"/>
  <testcase classname="com.sbi.tc.TC002_SBIBasicDetails" name="basicDetails" time="118.925"/>
  <testcase classname="com.sbi.tc.TC002_SBIBasicDetails" name="basicDetails" time="118.919"/>
  <testcase classname="com.sbi.tc.TC002_SBIBasicDetails" name="basicDetails" time="119.015"/>
  <testcase classname="com.sbi.tc.TC002_SBIBasicDetails" name="basicDetails" time="119.266"/>
  <testcase classname="com.sbi.tc.TC002_SBIBasicDetails" name="basicDetails" time="118.881"/>
  <testcase classname="com.sbi.tc.TC002_SBIBasicDetails" name="basicDetails" time="118.757"/>
  <testcase classname="com.sbi.tc.TC002_SBIBasicDetails" name="basicDetails" time="118.723"/>
  <testcase classname="com.sbi.tc.TC002_SBIBasicDetails" name="basicDetails" time="119.131"/>
  <testcase classname="com.sbi.tc.TC002_SBIBasicDetails" name="basicDetails" time="118.971"/>
  <testcase classname="com.sbi.tc.TC002_SBIBasicDetails" name="basicDetails" time="118.753"/>
  <testcase classname="com.sbi.tc.TC002_SBIBasicDetails" name="basicDetails" time="118.067"/>
  <testcase classname="com.sbi.tc.TC002_SBIBasicDetails" name="basicDetails" time="119.140"/>
  <testcase classname="com.sbi.tc.TC002_SBIBasicDetails" name="basicDetails" time="121.690"/>
  <testcase classname="com.sbi.tc.TC002_SBIBasicDetails" name="basicDetails" time="119.015"/>
  <testcase classname="com.sbi.tc.TC002_SBIBasicDetails" name="basicDetails" time="119.273"/>
  <testcase classname="com.sbi.tc.TC002_SBIBasicDetails" name="basicDetails" time="119.401"/>
  <testcase classname="com.sbi.tc.TC002_SBIBasicDetails" name="basicDetails" time="119.442"/>
  <testcase classname="com.sbi.tc.TC002_SBIBasicDetails" name="basicDetails" time="119.178"/>
  <testcase classname="com.sbi.tc.TC002_SBIBasicDetails" name="basicDetails" time="119.868"/>
  <testcase classname="com.sbi.tc.TC002_SBIBasicDetails" name="basicDetails" time="119.136"/>
  <testcase classname="com.sbi.tc.TC002_SBIBasicDetails" name="basicDetails" time="118.552"/>
  <testcase classname="com.sbi.tc.TC002_SBIBasicDetails" name="basicDetails" time="119.492"/>
  <testcase classname="com.sbi.tc.TC002_SBIBasicDetails" name="basicDetails" time="118.506"/>
  <testcase classname="com.sbi.tc.TC002_SBIBasicDetails" name="basicDetails" time="118.727"/>
  <testcase classname="com.sbi.tc.TC002_SBIBasicDetails" name="basicDetails" time="119.714"/>
  <testcase classname="com.sbi.tc.TC002_SBIBasicDetails" name="basicDetails" time="119.230"/>
  <testcase classname="com.sbi.tc.TC002_SBIBasicDetails" name="basicDetails" time="119.064"/>
  <testcase classname="com.sbi.tc.TC002_SBIBasicDetails" name="basicDetails" time="118.655"/>
  <testcase classname="com.sbi.tc.TC002_SBIBasicDetails" name="basicDetails" time="118.921"/>
  <testcase classname="com.sbi.tc.TC002_SBIBasicDetails" name="basicDetails" time="118.578"/>
</testsuite> <!-- com.sbi.tc.TC002_SBIBasicDetails -->
