<?xml version="1.0" encoding="UTF-8"?>
<!-- Generated by org.testng.reporters.JUnitReportReporter -->
<testsuite hostname="MAA011253A" failures="0" tests="53" name="com.UCO.tc.TC002_UCOBasicDetails" time="6572.673" errors="1" timestamp="2020-10-15T14:29:43 IST" skipped="0">
  <testcase classname="com.UCO.tc.TC002_UCOBasicDetails" name="basicDetails" time="125.990"/>
  <testcase classname="com.UCO.tc.TC002_UCOBasicDetails" name="basicDetails" time="125.600"/>
  <testcase classname="com.UCO.tc.TC002_UCOBasicDetails" name="basicDetails" time="125.497"/>
  <testcase classname="com.UCO.tc.TC002_UCOBasicDetails" name="basicDetails" time="125.631"/>
  <testcase classname="com.UCO.tc.TC002_UCOBasicDetails" name="basicDetails" time="125.982"/>
  <testcase classname="com.UCO.tc.TC002_UCOBasicDetails" name="basicDetails" time="126.442"/>
  <testcase classname="com.UCO.tc.TC002_UCOBasicDetails" name="basicDetails" time="126.147"/>
  <testcase classname="com.UCO.tc.TC002_UCOBasicDetails" name="basicDetails" time="125.587"/>
  <testcase classname="com.UCO.tc.TC002_UCOBasicDetails" name="basicDetails" time="127.898"/>
  <testcase classname="com.UCO.tc.TC002_UCOBasicDetails" name="basicDetails" time="128.272"/>
  <testcase classname="com.UCO.tc.TC002_UCOBasicDetails" name="basicDetails" time="129.252"/>
  <testcase classname="com.UCO.tc.TC002_UCOBasicDetails" name="basicDetails" time="125.565"/>
  <testcase classname="com.UCO.tc.TC002_UCOBasicDetails" name="basicDetails" time="126.210"/>
  <testcase classname="com.UCO.tc.TC002_UCOBasicDetails" name="basicDetails" time="125.450"/>
  <testcase classname="com.UCO.tc.TC002_UCOBasicDetails" name="basicDetails" time="127.404"/>
  <testcase classname="com.UCO.tc.TC002_UCOBasicDetails" name="basicDetails" time="125.809"/>
  <testcase classname="com.UCO.tc.TC002_UCOBasicDetails" name="basicDetails" time="125.663"/>
  <testcase classname="com.UCO.tc.TC002_UCOBasicDetails" name="basicDetails" time="125.399"/>
  <testcase classname="com.UCO.tc.TC002_UCOBasicDetails" name="basicDetails" time="125.301"/>
  <testcase classname="com.UCO.tc.TC002_UCOBasicDetails" name="basicDetails" time="127.959"/>
  <testcase classname="com.UCO.tc.TC002_UCOBasicDetails" name="basicDetails" time="126.106"/>
  <testcase classname="com.UCO.tc.TC002_UCOBasicDetails" name="basicDetails" time="125.877"/>
  <testcase classname="com.UCO.tc.TC002_UCOBasicDetails" name="basicDetails" time="125.779"/>
  <testcase classname="com.UCO.tc.TC002_UCOBasicDetails" name="basicDetails" time="130.273"/>
  <testcase classname="com.UCO.tc.TC002_UCOBasicDetails" name="basicDetails" time="125.913"/>
  <testcase classname="com.UCO.tc.TC002_UCOBasicDetails" name="basicDetails" time="127.249"/>
  <testcase classname="com.UCO.tc.TC002_UCOBasicDetails" name="basicDetails" time="125.625"/>
  <testcase classname="com.UCO.tc.TC002_UCOBasicDetails" name="basicDetails" time="128.065"/>
  <testcase classname="com.UCO.tc.TC002_UCOBasicDetails" name="basicDetails" time="125.580"/>
  <testcase classname="com.UCO.tc.TC002_UCOBasicDetails" name="basicDetails" time="125.147"/>
  <testcase classname="com.UCO.tc.TC002_UCOBasicDetails" name="basicDetails" time="126.129"/>
  <testcase classname="com.UCO.tc.TC002_UCOBasicDetails" name="basicDetails" time="127.849"/>
  <testcase classname="com.UCO.tc.TC002_UCOBasicDetails" name="basicDetails" time="125.664"/>
  <testcase classname="com.UCO.tc.TC002_UCOBasicDetails" name="basicDetails" time="126.023"/>
  <testcase classname="com.UCO.tc.TC002_UCOBasicDetails" name="basicDetails" time="125.884"/>
  <testcase classname="com.UCO.tc.TC002_UCOBasicDetails" name="basicDetails" time="125.962"/>
  <testcase classname="com.UCO.tc.TC002_UCOBasicDetails" name="basicDetails" time="125.821"/>
  <testcase classname="com.UCO.tc.TC002_UCOBasicDetails" name="basicDetails" time="125.795"/>
  <testcase classname="com.UCO.tc.TC002_UCOBasicDetails" name="basicDetails" time="126.418"/>
  <testcase classname="com.UCO.tc.TC002_UCOBasicDetails" name="basicDetails" time="127.855"/>
  <testcase classname="com.UCO.tc.TC002_UCOBasicDetails" name="afterClass" time="0.934">
    <error type="java.lang.NullPointerException">
      <![CDATA[java.lang.NullPointerException
at lib.utils.HTMLReporter.reportStep(HTMLReporter.java:73)
at lib.selenium.WebDriverServiceImpl.closeAllBrowsers(WebDriverServiceImpl.java:495)
at lib.selenium.PreAndPost.afterClass(PreAndPost.java:71)
at java.base/jdk.internal.reflect.NativeMethodAccessorImpl.invoke0(Native Method)
at java.base/jdk.internal.reflect.NativeMethodAccessorImpl.invoke(Unknown Source)
at java.base/jdk.internal.reflect.DelegatingMethodAccessorImpl.invoke(Unknown Source)
at java.base/java.lang.reflect.Method.invoke(Unknown Source)
at org.testng.internal.MethodInvocationHelper.invokeMethod(MethodInvocationHelper.java:133)
at org.testng.internal.MethodInvocationHelper.invokeMethodConsideringTimeout(MethodInvocationHelper.java:62)
at org.testng.internal.ConfigInvoker.invokeConfigurationMethod(ConfigInvoker.java:340)
at org.testng.internal.ConfigInvoker.invokeConfigurations(ConfigInvoker.java:294)
at org.testng.internal.TestMethodWorker.invokeAfterClassMethods(TestMethodWorker.java:217)
at org.testng.internal.TestMethodWorker.run(TestMethodWorker.java:130)
at java.base/java.util.concurrent.ThreadPoolExecutor.runWorker(Unknown Source)
at java.base/java.util.concurrent.ThreadPoolExecutor$Worker.run(Unknown Source)
at java.base/java.lang.Thread.run(Unknown Source)
]]>
    </error>
  </testcase> <!-- afterClass -->
  <testcase classname="com.UCO.tc.TC002_UCOBasicDetails" name="basicDetails" time="125.769"/>
  <testcase classname="com.UCO.tc.TC002_UCOBasicDetails" name="basicDetails" time="125.804"/>
  <testcase classname="com.UCO.tc.TC002_UCOBasicDetails" name="basicDetails" time="132.366"/>
  <testcase classname="com.UCO.tc.TC002_UCOBasicDetails" name="basicDetails" time="125.466"/>
  <testcase classname="com.UCO.tc.TC002_UCOBasicDetails" name="basicDetails" time="125.868"/>
  <testcase classname="com.UCO.tc.TC002_UCOBasicDetails" name="basicDetails" time="125.625"/>
  <testcase classname="com.UCO.tc.TC002_UCOBasicDetails" name="basicDetails" time="125.507"/>
  <testcase classname="com.UCO.tc.TC002_UCOBasicDetails" name="basicDetails" time="125.853"/>
  <testcase classname="com.UCO.tc.TC002_UCOBasicDetails" name="basicDetails" time="124.881"/>
  <testcase classname="com.UCO.tc.TC002_UCOBasicDetails" name="basicDetails" time="125.991"/>
  <testcase classname="com.UCO.tc.TC002_UCOBasicDetails" name="basicDetails" time="126.152"/>
  <testcase classname="com.UCO.tc.TC002_UCOBasicDetails" name="basicDetails" time="126.385"/>
</testsuite> <!-- com.UCO.tc.TC002_UCOBasicDetails -->
