<?xml version="1.0" encoding="UTF-8"?>
<!-- Generated by org.testng.reporters.JUnitReportReporter -->
<testsuite skipped="0" hostname="MAA014482B" name="com.CNP_21Oct22.tc.TC003_CNPBasicDetails" tests="4" failures="0" timestamp="2022-10-27T18:06:33 IST" time="646.308" errors="0">
  <testcase name="basicDetails" time="162.095" classname="com.CNP_21Oct22.tc.TC003_CNPBasicDetails"/>
  <testcase name="basicDetails" time="162.456" classname="com.CNP_21Oct22.tc.TC003_CNPBasicDetails"/>
  <testcase name="basicDetails" time="160.959" classname="com.CNP_21Oct22.tc.TC003_CNPBasicDetails"/>
  <testcase name="basicDetails" time="160.798" classname="com.CNP_21Oct22.tc.TC003_CNPBasicDetails"/>
</testsuite> <!-- com.CNP_21Oct22.tc.TC003_CNPBasicDetails -->
