<?xml version="1.0" encoding="UTF-8"?>
<!-- Generated by org.testng.reporters.JUnitReportReporter -->
<testsuite skipped="0" hostname="MAA015435A" name="com.rbi.tc.TC001_RBIBasicDetails" tests="75" failures="0" timestamp="07 Dec 2019 12:40:53 GMT" time="7196.966" errors="2">
  <testcase name="basicDetails" time="98.552" classname="com.rbi.tc.TC001_RBIBasicDetails"/>
  <testcase name="basicDetails" time="95.639" classname="com.rbi.tc.TC001_RBIBasicDetails"/>
  <testcase name="basicDetails" time="97.027" classname="com.rbi.tc.TC001_RBIBasicDetails"/>
  <testcase name="basicDetails" time="98.062" classname="com.rbi.tc.TC001_RBIBasicDetails"/>
  <testcase name="basicDetails" time="98.051" classname="com.rbi.tc.TC001_RBIBasicDetails"/>
  <testcase name="basicDetails" time="100.392" classname="com.rbi.tc.TC001_RBIBasicDetails"/>
  <testcase name="basicDetails" time="98.688" classname="com.rbi.tc.TC001_RBIBasicDetails"/>
  <testcase name="basicDetails" time="98.994" classname="com.rbi.tc.TC001_RBIBasicDetails"/>
  <testcase name="basicDetails" time="93.099" classname="com.rbi.tc.TC001_RBIBasicDetails"/>
  <testcase name="basicDetails" time="97.966" classname="com.rbi.tc.TC001_RBIBasicDetails"/>
  <testcase name="basicDetails" time="97.846" classname="com.rbi.tc.TC001_RBIBasicDetails"/>
  <testcase name="basicDetails" time="100.182" classname="com.rbi.tc.TC001_RBIBasicDetails"/>
  <testcase name="basicDetails" time="94.509" classname="com.rbi.tc.TC001_RBIBasicDetails"/>
  <testcase name="basicDetails" time="96.099" classname="com.rbi.tc.TC001_RBIBasicDetails"/>
  <testcase name="basicDetails" time="95.458" classname="com.rbi.tc.TC001_RBIBasicDetails"/>
  <testcase name="basicDetails" time="98.805" classname="com.rbi.tc.TC001_RBIBasicDetails"/>
  <testcase name="basicDetails" time="105.854" classname="com.rbi.tc.TC001_RBIBasicDetails"/>
  <testcase name="basicDetails" time="30.782" classname="com.rbi.tc.TC001_RBIBasicDetails">
    <error type="java.io.FileNotFoundException" message=".\data\RBI_1.xlsx (The process cannot access the file because it is being used by another process)">
      <![CDATA[java.io.FileNotFoundException: .\data\RBI_1.xlsx (The process cannot access the file because it is being used by another process)
at java.io.FileOutputStream.open0(Native Method)
at java.io.FileOutputStream.open(Unknown Source)
at java.io.FileOutputStream.<init>(Unknown Source)
at java.io.FileOutputStream.<init>(Unknown Source)
at lib.selenium.WebDriverServiceImpl.writeDataNoC(WebDriverServiceImpl.java:1323)
at lib.selenium.WebDriverServiceImpl.agevalidator_max(WebDriverServiceImpl.java:849)
at com.ibps.pages.PersonalDetailsPage.ageValidatorMax(PersonalDetailsPage.java:260)
at com.rbi.tc.TC001_RBIBasicDetails.basicDetails(TC001_RBIBasicDetails.java:81)
at sun.reflect.GeneratedMethodAccessor88.invoke(Unknown Source)
at sun.reflect.DelegatingMethodAccessorImpl.invoke(Unknown Source)
at java.lang.reflect.Method.invoke(Unknown Source)
at org.testng.internal.MethodInvocationHelper.invokeMethod(MethodInvocationHelper.java:124)
at org.testng.internal.Invoker.invokeMethod(Invoker.java:583)
at org.testng.internal.Invoker.invokeTestMethod(Invoker.java:719)
at org.testng.internal.Invoker.invokeTestMethods(Invoker.java:989)
at org.testng.internal.TestMethodWorker.invokeTestMethods(TestMethodWorker.java:125)
at org.testng.internal.TestMethodWorker.run(TestMethodWorker.java:109)
at java.util.concurrent.ThreadPoolExecutor.runWorker(Unknown Source)
at java.util.concurrent.ThreadPoolExecutor$Worker.run(Unknown Source)
at java.lang.Thread.run(Unknown Source)
]]>
    </error>
  </testcase> <!-- basicDetails -->
  <testcase name="basicDetails" time="98.747" classname="com.rbi.tc.TC001_RBIBasicDetails"/>
  <testcase name="basicDetails" time="95.179" classname="com.rbi.tc.TC001_RBIBasicDetails"/>
  <testcase name="basicDetails" time="98.445" classname="com.rbi.tc.TC001_RBIBasicDetails"/>
  <testcase name="basicDetails" time="94.694" classname="com.rbi.tc.TC001_RBIBasicDetails"/>
  <testcase name="basicDetails" time="102.365" classname="com.rbi.tc.TC001_RBIBasicDetails"/>
  <testcase name="basicDetails" time="97.346" classname="com.rbi.tc.TC001_RBIBasicDetails"/>
  <testcase name="basicDetails" time="96.198" classname="com.rbi.tc.TC001_RBIBasicDetails"/>
  <testcase name="basicDetails" time="100.160" classname="com.rbi.tc.TC001_RBIBasicDetails"/>
  <testcase name="basicDetails" time="97.870" classname="com.rbi.tc.TC001_RBIBasicDetails"/>
  <testcase name="basicDetails" time="94.919" classname="com.rbi.tc.TC001_RBIBasicDetails"/>
  <testcase name="basicDetails" time="96.756" classname="com.rbi.tc.TC001_RBIBasicDetails"/>
  <testcase name="basicDetails" time="101.563" classname="com.rbi.tc.TC001_RBIBasicDetails"/>
  <testcase name="basicDetails" time="94.527" classname="com.rbi.tc.TC001_RBIBasicDetails"/>
  <testcase name="basicDetails" time="97.668" classname="com.rbi.tc.TC001_RBIBasicDetails"/>
  <testcase name="basicDetails" time="100.066" classname="com.rbi.tc.TC001_RBIBasicDetails"/>
  <testcase name="basicDetails" time="94.688" classname="com.rbi.tc.TC001_RBIBasicDetails"/>
  <testcase name="basicDetails" time="93.896" classname="com.rbi.tc.TC001_RBIBasicDetails"/>
  <testcase name="basicDetails" time="96.826" classname="com.rbi.tc.TC001_RBIBasicDetails"/>
  <testcase name="basicDetails" time="97.864" classname="com.rbi.tc.TC001_RBIBasicDetails"/>
  <testcase name="basicDetails" time="99.554" classname="com.rbi.tc.TC001_RBIBasicDetails"/>
  <testcase name="basicDetails" time="96.265" classname="com.rbi.tc.TC001_RBIBasicDetails"/>
  <testcase name="basicDetails" time="95.740" classname="com.rbi.tc.TC001_RBIBasicDetails"/>
  <testcase name="basicDetails" time="97.329" classname="com.rbi.tc.TC001_RBIBasicDetails"/>
  <testcase name="basicDetails" time="97.390" classname="com.rbi.tc.TC001_RBIBasicDetails"/>
  <testcase name="basicDetails" time="96.011" classname="com.rbi.tc.TC001_RBIBasicDetails"/>
  <testcase name="basicDetails" time="97.230" classname="com.rbi.tc.TC001_RBIBasicDetails"/>
  <testcase name="basicDetails" time="97.610" classname="com.rbi.tc.TC001_RBIBasicDetails"/>
  <testcase name="basicDetails" time="104.989" classname="com.rbi.tc.TC001_RBIBasicDetails"/>
  <testcase name="basicDetails" time="94.529" classname="com.rbi.tc.TC001_RBIBasicDetails"/>
  <testcase name="basicDetails" time="97.201" classname="com.rbi.tc.TC001_RBIBasicDetails"/>
  <testcase name="basicDetails" time="99.130" classname="com.rbi.tc.TC001_RBIBasicDetails"/>
  <testcase name="basicDetails" time="96.514" classname="com.rbi.tc.TC001_RBIBasicDetails"/>
  <testcase name="basicDetails" time="100.397" classname="com.rbi.tc.TC001_RBIBasicDetails"/>
  <testcase name="basicDetails" time="96.172" classname="com.rbi.tc.TC001_RBIBasicDetails"/>
  <testcase name="basicDetails" time="94.898" classname="com.rbi.tc.TC001_RBIBasicDetails"/>
  <testcase name="basicDetails" time="95.897" classname="com.rbi.tc.TC001_RBIBasicDetails"/>
  <testcase name="basicDetails" time="100.045" classname="com.rbi.tc.TC001_RBIBasicDetails"/>
  <testcase name="basicDetails" time="99.638" classname="com.rbi.tc.TC001_RBIBasicDetails"/>
  <testcase name="basicDetails" time="98.522" classname="com.rbi.tc.TC001_RBIBasicDetails"/>
  <testcase name="basicDetails" time="101.939" classname="com.rbi.tc.TC001_RBIBasicDetails"/>
  <testcase name="basicDetails" time="95.789" classname="com.rbi.tc.TC001_RBIBasicDetails"/>
  <testcase name="basicDetails" time="101.313" classname="com.rbi.tc.TC001_RBIBasicDetails"/>
  <testcase name="basicDetails" time="94.713" classname="com.rbi.tc.TC001_RBIBasicDetails"/>
  <testcase name="basicDetails" time="25.472" classname="com.rbi.tc.TC001_RBIBasicDetails">
    <error type="java.io.FileNotFoundException" message=".\data\RBI_1.xlsx (The process cannot access the file because it is being used by another process)">
      <![CDATA[java.io.FileNotFoundException: .\data\RBI_1.xlsx (The process cannot access the file because it is being used by another process)
at java.io.FileOutputStream.open0(Native Method)
at java.io.FileOutputStream.open(Unknown Source)
at java.io.FileOutputStream.<init>(Unknown Source)
at java.io.FileOutputStream.<init>(Unknown Source)
at lib.selenium.WebDriverServiceImpl.writeDataNoC(WebDriverServiceImpl.java:1323)
at lib.selenium.WebDriverServiceImpl.agevalidator_max(WebDriverServiceImpl.java:849)
at com.ibps.pages.PersonalDetailsPage.ageValidatorMax(PersonalDetailsPage.java:260)
at com.rbi.tc.TC001_RBIBasicDetails.basicDetails(TC001_RBIBasicDetails.java:81)
at sun.reflect.GeneratedMethodAccessor88.invoke(Unknown Source)
at sun.reflect.DelegatingMethodAccessorImpl.invoke(Unknown Source)
at java.lang.reflect.Method.invoke(Unknown Source)
at org.testng.internal.MethodInvocationHelper.invokeMethod(MethodInvocationHelper.java:124)
at org.testng.internal.Invoker.invokeMethod(Invoker.java:583)
at org.testng.internal.Invoker.invokeTestMethod(Invoker.java:719)
at org.testng.internal.Invoker.invokeTestMethods(Invoker.java:989)
at org.testng.internal.TestMethodWorker.invokeTestMethods(TestMethodWorker.java:125)
at org.testng.internal.TestMethodWorker.run(TestMethodWorker.java:109)
at java.util.concurrent.ThreadPoolExecutor.runWorker(Unknown Source)
at java.util.concurrent.ThreadPoolExecutor$Worker.run(Unknown Source)
at java.lang.Thread.run(Unknown Source)
]]>
    </error>
  </testcase> <!-- basicDetails -->
  <testcase name="basicDetails" time="99.381" classname="com.rbi.tc.TC001_RBIBasicDetails"/>
  <testcase name="basicDetails" time="96.357" classname="com.rbi.tc.TC001_RBIBasicDetails"/>
  <testcase name="basicDetails" time="95.817" classname="com.rbi.tc.TC001_RBIBasicDetails"/>
  <testcase name="basicDetails" time="98.595" classname="com.rbi.tc.TC001_RBIBasicDetails"/>
  <testcase name="basicDetails" time="96.380" classname="com.rbi.tc.TC001_RBIBasicDetails"/>
  <testcase name="basicDetails" time="97.975" classname="com.rbi.tc.TC001_RBIBasicDetails"/>
  <testcase name="basicDetails" time="96.383" classname="com.rbi.tc.TC001_RBIBasicDetails"/>
  <testcase name="basicDetails" time="103.372" classname="com.rbi.tc.TC001_RBIBasicDetails"/>
  <testcase name="basicDetails" time="98.190" classname="com.rbi.tc.TC001_RBIBasicDetails"/>
  <testcase name="basicDetails" time="99.007" classname="com.rbi.tc.TC001_RBIBasicDetails"/>
  <testcase name="basicDetails" time="97.960" classname="com.rbi.tc.TC001_RBIBasicDetails"/>
  <testcase name="basicDetails" time="96.953" classname="com.rbi.tc.TC001_RBIBasicDetails"/>
  <testcase name="basicDetails" time="100.527" classname="com.rbi.tc.TC001_RBIBasicDetails"/>
</testsuite> <!-- com.rbi.tc.TC001_RBIBasicDetails -->
