<?xml version="1.0" encoding="UTF-8"?>
<!-- Generated by org.testng.reporters.JUnitReportReporter -->
<testsuite hostname="MAA011253A" failures="0" tests="2" name="com.BOI.tc.TC001_BOIBasicDetails" time="146.330" errors="0" timestamp="2020-09-15T15:25:17 IST" skipped="0">
  <testcase classname="com.BOI.tc.TC001_BOIBasicDetails" name="basicDetails" time="72.631"/>
  <testcase classname="com.BOI.tc.TC001_BOIBasicDetails" name="basicDetails" time="73.699"/>
</testsuite> <!-- com.BOI.tc.TC001_BOIBasicDetails -->
