<?xml version="1.0" encoding="UTF-8"?>
<!-- Generated by org.testng.reporters.JUnitReportReporter -->
<testsuite skipped="0" hostname="MAA014482B" name="com.DAMBCD_June23.tc.TC004_DAMBasicDetails" tests="180" failures="0" timestamp="2023-07-16T22:57:26 IST" time="32004.207" errors="0">
  <testcase name="basicDetails" time="189.941" classname="com.DAMBCD_June23.tc.TC004_DAMBasicDetails"/>
  <testcase name="basicDetails" time="167.926" classname="com.DAMBCD_June23.tc.TC004_DAMBasicDetails"/>
  <testcase name="basicDetails" time="190.011" classname="com.DAMBCD_June23.tc.TC004_DAMBasicDetails"/>
  <testcase name="basicDetails" time="191.939" classname="com.DAMBCD_June23.tc.TC004_DAMBasicDetails"/>
  <testcase name="basicDetails" time="167.465" classname="com.DAMBCD_June23.tc.TC004_DAMBasicDetails"/>
  <testcase name="basicDetails" time="167.691" classname="com.DAMBCD_June23.tc.TC004_DAMBasicDetails"/>
  <testcase name="basicDetails" time="167.591" classname="com.DAMBCD_June23.tc.TC004_DAMBasicDetails"/>
  <testcase name="basicDetails" time="189.945" classname="com.DAMBCD_June23.tc.TC004_DAMBasicDetails"/>
  <testcase name="basicDetails" time="169.778" classname="com.DAMBCD_June23.tc.TC004_DAMBasicDetails"/>
  <testcase name="basicDetails" time="189.770" classname="com.DAMBCD_June23.tc.TC004_DAMBasicDetails"/>
  <testcase name="basicDetails" time="169.654" classname="com.DAMBCD_June23.tc.TC004_DAMBasicDetails"/>
  <testcase name="basicDetails" time="192.140" classname="com.DAMBCD_June23.tc.TC004_DAMBasicDetails"/>
  <testcase name="basicDetails" time="192.390" classname="com.DAMBCD_June23.tc.TC004_DAMBasicDetails"/>
  <testcase name="basicDetails" time="192.295" classname="com.DAMBCD_June23.tc.TC004_DAMBasicDetails"/>
  <testcase name="basicDetails" time="189.799" classname="com.DAMBCD_June23.tc.TC004_DAMBasicDetails"/>
  <testcase name="basicDetails" time="192.224" classname="com.DAMBCD_June23.tc.TC004_DAMBasicDetails"/>
  <testcase name="basicDetails" time="167.723" classname="com.DAMBCD_June23.tc.TC004_DAMBasicDetails"/>
  <testcase name="basicDetails" time="167.204" classname="com.DAMBCD_June23.tc.TC004_DAMBasicDetails"/>
  <testcase name="basicDetails" time="189.647" classname="com.DAMBCD_June23.tc.TC004_DAMBasicDetails"/>
  <testcase name="basicDetails" time="168.097" classname="com.DAMBCD_June23.tc.TC004_DAMBasicDetails"/>
  <testcase name="basicDetails" time="167.732" classname="com.DAMBCD_June23.tc.TC004_DAMBasicDetails"/>
  <testcase name="basicDetails" time="167.235" classname="com.DAMBCD_June23.tc.TC004_DAMBasicDetails"/>
  <testcase name="basicDetails" time="167.645" classname="com.DAMBCD_June23.tc.TC004_DAMBasicDetails"/>
  <testcase name="basicDetails" time="189.960" classname="com.DAMBCD_June23.tc.TC004_DAMBasicDetails"/>
  <testcase name="basicDetails" time="169.861" classname="com.DAMBCD_June23.tc.TC004_DAMBasicDetails"/>
  <testcase name="basicDetails" time="167.937" classname="com.DAMBCD_June23.tc.TC004_DAMBasicDetails"/>
  <testcase name="basicDetails" time="167.392" classname="com.DAMBCD_June23.tc.TC004_DAMBasicDetails"/>
  <testcase name="basicDetails" time="189.561" classname="com.DAMBCD_June23.tc.TC004_DAMBasicDetails"/>
  <testcase name="basicDetails" time="162.464" classname="com.DAMBCD_June23.tc.TC004_DAMBasicDetails"/>
  <testcase name="basicDetails" time="189.966" classname="com.DAMBCD_June23.tc.TC004_DAMBasicDetails"/>
  <testcase name="basicDetails" time="167.884" classname="com.DAMBCD_June23.tc.TC004_DAMBasicDetails"/>
  <testcase name="basicDetails" time="167.407" classname="com.DAMBCD_June23.tc.TC004_DAMBasicDetails"/>
  <testcase name="basicDetails" time="167.477" classname="com.DAMBCD_June23.tc.TC004_DAMBasicDetails"/>
  <testcase name="basicDetails" time="169.820" classname="com.DAMBCD_June23.tc.TC004_DAMBasicDetails"/>
  <testcase name="basicDetails" time="189.581" classname="com.DAMBCD_June23.tc.TC004_DAMBasicDetails"/>
  <testcase name="basicDetails" time="170.119" classname="com.DAMBCD_June23.tc.TC004_DAMBasicDetails"/>
  <testcase name="basicDetails" time="167.691" classname="com.DAMBCD_June23.tc.TC004_DAMBasicDetails"/>
  <testcase name="basicDetails" time="162.382" classname="com.DAMBCD_June23.tc.TC004_DAMBasicDetails"/>
  <testcase name="basicDetails" time="168.001" classname="com.DAMBCD_June23.tc.TC004_DAMBasicDetails"/>
  <testcase name="basicDetails" time="162.254" classname="com.DAMBCD_June23.tc.TC004_DAMBasicDetails"/>
  <testcase name="basicDetails" time="167.231" classname="com.DAMBCD_June23.tc.TC004_DAMBasicDetails"/>
  <testcase name="basicDetails" time="189.927" classname="com.DAMBCD_June23.tc.TC004_DAMBasicDetails"/>
  <testcase name="basicDetails" time="189.883" classname="com.DAMBCD_June23.tc.TC004_DAMBasicDetails"/>
  <testcase name="basicDetails" time="192.605" classname="com.DAMBCD_June23.tc.TC004_DAMBasicDetails"/>
  <testcase name="basicDetails" time="192.515" classname="com.DAMBCD_June23.tc.TC004_DAMBasicDetails"/>
  <testcase name="basicDetails" time="167.240" classname="com.DAMBCD_June23.tc.TC004_DAMBasicDetails"/>
  <testcase name="basicDetails" time="167.291" classname="com.DAMBCD_June23.tc.TC004_DAMBasicDetails"/>
  <testcase name="basicDetails" time="169.638" classname="com.DAMBCD_June23.tc.TC004_DAMBasicDetails"/>
  <testcase name="basicDetails" time="167.752" classname="com.DAMBCD_June23.tc.TC004_DAMBasicDetails"/>
  <testcase name="basicDetails" time="189.960" classname="com.DAMBCD_June23.tc.TC004_DAMBasicDetails"/>
  <testcase name="basicDetails" time="189.941" classname="com.DAMBCD_June23.tc.TC004_DAMBasicDetails"/>
  <testcase name="basicDetails" time="192.050" classname="com.DAMBCD_June23.tc.TC004_DAMBasicDetails"/>
  <testcase name="basicDetails" time="169.456" classname="com.DAMBCD_June23.tc.TC004_DAMBasicDetails"/>
  <testcase name="basicDetails" time="167.199" classname="com.DAMBCD_June23.tc.TC004_DAMBasicDetails"/>
  <testcase name="basicDetails" time="190.000" classname="com.DAMBCD_June23.tc.TC004_DAMBasicDetails"/>
  <testcase name="basicDetails" time="191.966" classname="com.DAMBCD_June23.tc.TC004_DAMBasicDetails"/>
  <testcase name="basicDetails" time="189.690" classname="com.DAMBCD_June23.tc.TC004_DAMBasicDetails"/>
  <testcase name="basicDetails" time="167.649" classname="com.DAMBCD_June23.tc.TC004_DAMBasicDetails"/>
  <testcase name="basicDetails" time="189.942" classname="com.DAMBCD_June23.tc.TC004_DAMBasicDetails"/>
  <testcase name="basicDetails" time="189.838" classname="com.DAMBCD_June23.tc.TC004_DAMBasicDetails"/>
  <testcase name="basicDetails" time="168.000" classname="com.DAMBCD_June23.tc.TC004_DAMBasicDetails"/>
  <testcase name="basicDetails" time="190.176" classname="com.DAMBCD_June23.tc.TC004_DAMBasicDetails"/>
  <testcase name="basicDetails" time="167.857" classname="com.DAMBCD_June23.tc.TC004_DAMBasicDetails"/>
  <testcase name="basicDetails" time="189.811" classname="com.DAMBCD_June23.tc.TC004_DAMBasicDetails"/>
  <testcase name="basicDetails" time="167.769" classname="com.DAMBCD_June23.tc.TC004_DAMBasicDetails"/>
  <testcase name="basicDetails" time="189.621" classname="com.DAMBCD_June23.tc.TC004_DAMBasicDetails"/>
  <testcase name="basicDetails" time="167.704" classname="com.DAMBCD_June23.tc.TC004_DAMBasicDetails"/>
  <testcase name="basicDetails" time="169.593" classname="com.DAMBCD_June23.tc.TC004_DAMBasicDetails"/>
  <testcase name="basicDetails" time="167.438" classname="com.DAMBCD_June23.tc.TC004_DAMBasicDetails"/>
  <testcase name="basicDetails" time="189.707" classname="com.DAMBCD_June23.tc.TC004_DAMBasicDetails"/>
  <testcase name="basicDetails" time="170.034" classname="com.DAMBCD_June23.tc.TC004_DAMBasicDetails"/>
  <testcase name="basicDetails" time="167.459" classname="com.DAMBCD_June23.tc.TC004_DAMBasicDetails"/>
  <testcase name="basicDetails" time="167.756" classname="com.DAMBCD_June23.tc.TC004_DAMBasicDetails"/>
  <testcase name="basicDetails" time="169.808" classname="com.DAMBCD_June23.tc.TC004_DAMBasicDetails"/>
  <testcase name="basicDetails" time="190.098" classname="com.DAMBCD_June23.tc.TC004_DAMBasicDetails"/>
  <testcase name="basicDetails" time="192.390" classname="com.DAMBCD_June23.tc.TC004_DAMBasicDetails"/>
  <testcase name="basicDetails" time="167.256" classname="com.DAMBCD_June23.tc.TC004_DAMBasicDetails"/>
  <testcase name="basicDetails" time="167.946" classname="com.DAMBCD_June23.tc.TC004_DAMBasicDetails"/>
  <testcase name="basicDetails" time="189.539" classname="com.DAMBCD_June23.tc.TC004_DAMBasicDetails"/>
  <testcase name="basicDetails" time="167.587" classname="com.DAMBCD_June23.tc.TC004_DAMBasicDetails"/>
  <testcase name="basicDetails" time="167.552" classname="com.DAMBCD_June23.tc.TC004_DAMBasicDetails"/>
  <testcase name="basicDetails" time="189.892" classname="com.DAMBCD_June23.tc.TC004_DAMBasicDetails"/>
  <testcase name="basicDetails" time="166.874" classname="com.DAMBCD_June23.tc.TC004_DAMBasicDetails"/>
  <testcase name="basicDetails" time="169.901" classname="com.DAMBCD_June23.tc.TC004_DAMBasicDetails"/>
  <testcase name="basicDetails" time="189.633" classname="com.DAMBCD_June23.tc.TC004_DAMBasicDetails"/>
  <testcase name="basicDetails" time="167.500" classname="com.DAMBCD_June23.tc.TC004_DAMBasicDetails"/>
  <testcase name="basicDetails" time="189.803" classname="com.DAMBCD_June23.tc.TC004_DAMBasicDetails"/>
  <testcase name="basicDetails" time="190.059" classname="com.DAMBCD_June23.tc.TC004_DAMBasicDetails"/>
  <testcase name="basicDetails" time="192.068" classname="com.DAMBCD_June23.tc.TC004_DAMBasicDetails"/>
  <testcase name="basicDetails" time="192.102" classname="com.DAMBCD_June23.tc.TC004_DAMBasicDetails"/>
  <testcase name="basicDetails" time="167.337" classname="com.DAMBCD_June23.tc.TC004_DAMBasicDetails"/>
  <testcase name="basicDetails" time="167.465" classname="com.DAMBCD_June23.tc.TC004_DAMBasicDetails"/>
  <testcase name="basicDetails" time="169.807" classname="com.DAMBCD_June23.tc.TC004_DAMBasicDetails"/>
  <testcase name="basicDetails" time="167.389" classname="com.DAMBCD_June23.tc.TC004_DAMBasicDetails"/>
  <testcase name="basicDetails" time="167.612" classname="com.DAMBCD_June23.tc.TC004_DAMBasicDetails"/>
  <testcase name="basicDetails" time="189.507" classname="com.DAMBCD_June23.tc.TC004_DAMBasicDetails"/>
  <testcase name="basicDetails" time="170.628" classname="com.DAMBCD_June23.tc.TC004_DAMBasicDetails"/>
  <testcase name="basicDetails" time="189.995" classname="com.DAMBCD_June23.tc.TC004_DAMBasicDetails"/>
  <testcase name="basicDetails" time="189.673" classname="com.DAMBCD_June23.tc.TC004_DAMBasicDetails"/>
  <testcase name="basicDetails" time="189.670" classname="com.DAMBCD_June23.tc.TC004_DAMBasicDetails"/>
  <testcase name="basicDetails" time="189.777" classname="com.DAMBCD_June23.tc.TC004_DAMBasicDetails"/>
  <testcase name="basicDetails" time="167.546" classname="com.DAMBCD_June23.tc.TC004_DAMBasicDetails"/>
  <testcase name="basicDetails" time="189.973" classname="com.DAMBCD_June23.tc.TC004_DAMBasicDetails"/>
  <testcase name="basicDetails" time="169.877" classname="com.DAMBCD_June23.tc.TC004_DAMBasicDetails"/>
  <testcase name="basicDetails" time="167.660" classname="com.DAMBCD_June23.tc.TC004_DAMBasicDetails"/>
  <testcase name="basicDetails" time="192.454" classname="com.DAMBCD_June23.tc.TC004_DAMBasicDetails"/>
  <testcase name="basicDetails" time="169.725" classname="com.DAMBCD_June23.tc.TC004_DAMBasicDetails"/>
  <testcase name="basicDetails" time="189.721" classname="com.DAMBCD_June23.tc.TC004_DAMBasicDetails"/>
  <testcase name="basicDetails" time="189.975" classname="com.DAMBCD_June23.tc.TC004_DAMBasicDetails"/>
  <testcase name="basicDetails" time="167.471" classname="com.DAMBCD_June23.tc.TC004_DAMBasicDetails"/>
  <testcase name="basicDetails" time="169.841" classname="com.DAMBCD_June23.tc.TC004_DAMBasicDetails"/>
  <testcase name="basicDetails" time="167.676" classname="com.DAMBCD_June23.tc.TC004_DAMBasicDetails"/>
  <testcase name="basicDetails" time="167.459" classname="com.DAMBCD_June23.tc.TC004_DAMBasicDetails"/>
  <testcase name="basicDetails" time="189.809" classname="com.DAMBCD_June23.tc.TC004_DAMBasicDetails"/>
  <testcase name="basicDetails" time="173.354" classname="com.DAMBCD_June23.tc.TC004_DAMBasicDetails"/>
  <testcase name="basicDetails" time="190.032" classname="com.DAMBCD_June23.tc.TC004_DAMBasicDetails"/>
  <testcase name="basicDetails" time="169.609" classname="com.DAMBCD_June23.tc.TC004_DAMBasicDetails"/>
  <testcase name="basicDetails" time="169.761" classname="com.DAMBCD_June23.tc.TC004_DAMBasicDetails"/>
  <testcase name="basicDetails" time="167.508" classname="com.DAMBCD_June23.tc.TC004_DAMBasicDetails"/>
  <testcase name="basicDetails" time="167.438" classname="com.DAMBCD_June23.tc.TC004_DAMBasicDetails"/>
  <testcase name="basicDetails" time="170.191" classname="com.DAMBCD_June23.tc.TC004_DAMBasicDetails"/>
  <testcase name="basicDetails" time="189.725" classname="com.DAMBCD_June23.tc.TC004_DAMBasicDetails"/>
  <testcase name="basicDetails" time="169.595" classname="com.DAMBCD_June23.tc.TC004_DAMBasicDetails"/>
  <testcase name="basicDetails" time="189.643" classname="com.DAMBCD_June23.tc.TC004_DAMBasicDetails"/>
  <testcase name="basicDetails" time="167.396" classname="com.DAMBCD_June23.tc.TC004_DAMBasicDetails"/>
  <testcase name="basicDetails" time="167.817" classname="com.DAMBCD_June23.tc.TC004_DAMBasicDetails"/>
  <testcase name="basicDetails" time="167.317" classname="com.DAMBCD_June23.tc.TC004_DAMBasicDetails"/>
  <testcase name="basicDetails" time="167.584" classname="com.DAMBCD_June23.tc.TC004_DAMBasicDetails"/>
  <testcase name="basicDetails" time="167.368" classname="com.DAMBCD_June23.tc.TC004_DAMBasicDetails"/>
  <testcase name="basicDetails" time="189.769" classname="com.DAMBCD_June23.tc.TC004_DAMBasicDetails"/>
  <testcase name="basicDetails" time="162.027" classname="com.DAMBCD_June23.tc.TC004_DAMBasicDetails"/>
  <testcase name="basicDetails" time="170.068" classname="com.DAMBCD_June23.tc.TC004_DAMBasicDetails"/>
  <testcase name="basicDetails" time="167.147" classname="com.DAMBCD_June23.tc.TC004_DAMBasicDetails"/>
  <testcase name="basicDetails" time="168.703" classname="com.DAMBCD_June23.tc.TC004_DAMBasicDetails"/>
  <testcase name="basicDetails" time="167.575" classname="com.DAMBCD_June23.tc.TC004_DAMBasicDetails"/>
  <testcase name="basicDetails" time="167.213" classname="com.DAMBCD_June23.tc.TC004_DAMBasicDetails"/>
  <testcase name="basicDetails" time="169.944" classname="com.DAMBCD_June23.tc.TC004_DAMBasicDetails"/>
  <testcase name="basicDetails" time="192.105" classname="com.DAMBCD_June23.tc.TC004_DAMBasicDetails"/>
  <testcase name="basicDetails" time="169.742" classname="com.DAMBCD_June23.tc.TC004_DAMBasicDetails"/>
  <testcase name="basicDetails" time="167.249" classname="com.DAMBCD_June23.tc.TC004_DAMBasicDetails"/>
  <testcase name="basicDetails" time="189.735" classname="com.DAMBCD_June23.tc.TC004_DAMBasicDetails"/>
  <testcase name="basicDetails" time="170.038" classname="com.DAMBCD_June23.tc.TC004_DAMBasicDetails"/>
  <testcase name="basicDetails" time="189.662" classname="com.DAMBCD_June23.tc.TC004_DAMBasicDetails"/>
  <testcase name="basicDetails" time="167.516" classname="com.DAMBCD_June23.tc.TC004_DAMBasicDetails"/>
  <testcase name="basicDetails" time="189.990" classname="com.DAMBCD_June23.tc.TC004_DAMBasicDetails"/>
  <testcase name="basicDetails" time="192.793" classname="com.DAMBCD_June23.tc.TC004_DAMBasicDetails"/>
  <testcase name="basicDetails" time="167.407" classname="com.DAMBCD_June23.tc.TC004_DAMBasicDetails"/>
  <testcase name="basicDetails" time="167.949" classname="com.DAMBCD_June23.tc.TC004_DAMBasicDetails"/>
  <testcase name="basicDetails" time="167.593" classname="com.DAMBCD_June23.tc.TC004_DAMBasicDetails"/>
  <testcase name="basicDetails" time="170.078" classname="com.DAMBCD_June23.tc.TC004_DAMBasicDetails"/>
  <testcase name="basicDetails" time="189.908" classname="com.DAMBCD_June23.tc.TC004_DAMBasicDetails"/>
  <testcase name="basicDetails" time="189.685" classname="com.DAMBCD_June23.tc.TC004_DAMBasicDetails"/>
  <testcase name="basicDetails" time="169.856" classname="com.DAMBCD_June23.tc.TC004_DAMBasicDetails"/>
  <testcase name="basicDetails" time="192.027" classname="com.DAMBCD_June23.tc.TC004_DAMBasicDetails"/>
  <testcase name="basicDetails" time="169.945" classname="com.DAMBCD_June23.tc.TC004_DAMBasicDetails"/>
  <testcase name="basicDetails" time="169.663" classname="com.DAMBCD_June23.tc.TC004_DAMBasicDetails"/>
  <testcase name="basicDetails" time="167.800" classname="com.DAMBCD_June23.tc.TC004_DAMBasicDetails"/>
  <testcase name="basicDetails" time="167.373" classname="com.DAMBCD_June23.tc.TC004_DAMBasicDetails"/>
  <testcase name="basicDetails" time="192.021" classname="com.DAMBCD_June23.tc.TC004_DAMBasicDetails"/>
  <testcase name="basicDetails" time="189.915" classname="com.DAMBCD_June23.tc.TC004_DAMBasicDetails"/>
  <testcase name="basicDetails" time="167.329" classname="com.DAMBCD_June23.tc.TC004_DAMBasicDetails"/>
  <testcase name="basicDetails" time="170.186" classname="com.DAMBCD_June23.tc.TC004_DAMBasicDetails"/>
  <testcase name="basicDetails" time="189.857" classname="com.DAMBCD_June23.tc.TC004_DAMBasicDetails"/>
  <testcase name="basicDetails" time="189.913" classname="com.DAMBCD_June23.tc.TC004_DAMBasicDetails"/>
  <testcase name="basicDetails" time="167.761" classname="com.DAMBCD_June23.tc.TC004_DAMBasicDetails"/>
  <testcase name="basicDetails" time="192.176" classname="com.DAMBCD_June23.tc.TC004_DAMBasicDetails"/>
  <testcase name="basicDetails" time="190.162" classname="com.DAMBCD_June23.tc.TC004_DAMBasicDetails"/>
  <testcase name="basicDetails" time="167.278" classname="com.DAMBCD_June23.tc.TC004_DAMBasicDetails"/>
  <testcase name="basicDetails" time="189.901" classname="com.DAMBCD_June23.tc.TC004_DAMBasicDetails"/>
  <testcase name="basicDetails" time="190.321" classname="com.DAMBCD_June23.tc.TC004_DAMBasicDetails"/>
  <testcase name="basicDetails" time="192.210" classname="com.DAMBCD_June23.tc.TC004_DAMBasicDetails"/>
  <testcase name="basicDetails" time="169.246" classname="com.DAMBCD_June23.tc.TC004_DAMBasicDetails"/>
  <testcase name="basicDetails" time="189.894" classname="com.DAMBCD_June23.tc.TC004_DAMBasicDetails"/>
  <testcase name="basicDetails" time="190.028" classname="com.DAMBCD_June23.tc.TC004_DAMBasicDetails"/>
  <testcase name="basicDetails" time="190.146" classname="com.DAMBCD_June23.tc.TC004_DAMBasicDetails"/>
  <testcase name="basicDetails" time="189.986" classname="com.DAMBCD_June23.tc.TC004_DAMBasicDetails"/>
  <testcase name="basicDetails" time="170.386" classname="com.DAMBCD_June23.tc.TC004_DAMBasicDetails"/>
  <testcase name="basicDetails" time="192.156" classname="com.DAMBCD_June23.tc.TC004_DAMBasicDetails"/>
  <testcase name="basicDetails" time="190.138" classname="com.DAMBCD_June23.tc.TC004_DAMBasicDetails"/>
  <testcase name="basicDetails" time="189.946" classname="com.DAMBCD_June23.tc.TC004_DAMBasicDetails"/>
</testsuite> <!-- com.DAMBCD_June23.tc.TC004_DAMBasicDetails -->
