<?xml version="1.0" encoding="UTF-8"?>
<!-- Generated by org.testng.reporters.JUnitReportReporter -->
<testsuite skipped="0" hostname="MAA014482B" name="com.BMC_April23.tc.TC004_BMCBasicDetails" tests="180" failures="0" timestamp="2023-05-05T23:31:22 IST" time="27835.287" errors="0">
  <testcase name="basicDetails" time="154.578" classname="com.BMC_April23.tc.TC004_BMCBasicDetails"/>
  <testcase name="basicDetails" time="154.710" classname="com.BMC_April23.tc.TC004_BMCBasicDetails"/>
  <testcase name="basicDetails" time="154.335" classname="com.BMC_April23.tc.TC004_BMCBasicDetails"/>
  <testcase name="basicDetails" time="154.584" classname="com.BMC_April23.tc.TC004_BMCBasicDetails"/>
  <testcase name="basicDetails" time="154.592" classname="com.BMC_April23.tc.TC004_BMCBasicDetails"/>
  <testcase name="basicDetails" time="154.780" classname="com.BMC_April23.tc.TC004_BMCBasicDetails"/>
  <testcase name="basicDetails" time="154.853" classname="com.BMC_April23.tc.TC004_BMCBasicDetails"/>
  <testcase name="basicDetails" time="154.840" classname="com.BMC_April23.tc.TC004_BMCBasicDetails"/>
  <testcase name="basicDetails" time="154.594" classname="com.BMC_April23.tc.TC004_BMCBasicDetails"/>
  <testcase name="basicDetails" time="154.891" classname="com.BMC_April23.tc.TC004_BMCBasicDetails"/>
  <testcase name="basicDetails" time="154.537" classname="com.BMC_April23.tc.TC004_BMCBasicDetails"/>
  <testcase name="basicDetails" time="155.080" classname="com.BMC_April23.tc.TC004_BMCBasicDetails"/>
  <testcase name="basicDetails" time="154.526" classname="com.BMC_April23.tc.TC004_BMCBasicDetails"/>
  <testcase name="basicDetails" time="154.594" classname="com.BMC_April23.tc.TC004_BMCBasicDetails"/>
  <testcase name="basicDetails" time="154.647" classname="com.BMC_April23.tc.TC004_BMCBasicDetails"/>
  <testcase name="basicDetails" time="154.286" classname="com.BMC_April23.tc.TC004_BMCBasicDetails"/>
  <testcase name="basicDetails" time="154.892" classname="com.BMC_April23.tc.TC004_BMCBasicDetails"/>
  <testcase name="basicDetails" time="154.604" classname="com.BMC_April23.tc.TC004_BMCBasicDetails"/>
  <testcase name="basicDetails" time="154.786" classname="com.BMC_April23.tc.TC004_BMCBasicDetails"/>
  <testcase name="basicDetails" time="154.643" classname="com.BMC_April23.tc.TC004_BMCBasicDetails"/>
  <testcase name="basicDetails" time="154.662" classname="com.BMC_April23.tc.TC004_BMCBasicDetails"/>
  <testcase name="basicDetails" time="154.502" classname="com.BMC_April23.tc.TC004_BMCBasicDetails"/>
  <testcase name="basicDetails" time="154.209" classname="com.BMC_April23.tc.TC004_BMCBasicDetails"/>
  <testcase name="basicDetails" time="154.401" classname="com.BMC_April23.tc.TC004_BMCBasicDetails"/>
  <testcase name="basicDetails" time="154.411" classname="com.BMC_April23.tc.TC004_BMCBasicDetails"/>
  <testcase name="basicDetails" time="159.053" classname="com.BMC_April23.tc.TC004_BMCBasicDetails"/>
  <testcase name="basicDetails" time="154.501" classname="com.BMC_April23.tc.TC004_BMCBasicDetails"/>
  <testcase name="basicDetails" time="155.135" classname="com.BMC_April23.tc.TC004_BMCBasicDetails"/>
  <testcase name="basicDetails" time="154.812" classname="com.BMC_April23.tc.TC004_BMCBasicDetails"/>
  <testcase name="basicDetails" time="154.536" classname="com.BMC_April23.tc.TC004_BMCBasicDetails"/>
  <testcase name="basicDetails" time="154.980" classname="com.BMC_April23.tc.TC004_BMCBasicDetails"/>
  <testcase name="basicDetails" time="154.714" classname="com.BMC_April23.tc.TC004_BMCBasicDetails"/>
  <testcase name="basicDetails" time="154.433" classname="com.BMC_April23.tc.TC004_BMCBasicDetails"/>
  <testcase name="basicDetails" time="154.732" classname="com.BMC_April23.tc.TC004_BMCBasicDetails"/>
  <testcase name="basicDetails" time="154.399" classname="com.BMC_April23.tc.TC004_BMCBasicDetails"/>
  <testcase name="basicDetails" time="154.680" classname="com.BMC_April23.tc.TC004_BMCBasicDetails"/>
  <testcase name="basicDetails" time="154.589" classname="com.BMC_April23.tc.TC004_BMCBasicDetails"/>
  <testcase name="basicDetails" time="154.294" classname="com.BMC_April23.tc.TC004_BMCBasicDetails"/>
  <testcase name="basicDetails" time="153.968" classname="com.BMC_April23.tc.TC004_BMCBasicDetails"/>
  <testcase name="basicDetails" time="154.588" classname="com.BMC_April23.tc.TC004_BMCBasicDetails"/>
  <testcase name="basicDetails" time="154.340" classname="com.BMC_April23.tc.TC004_BMCBasicDetails"/>
  <testcase name="basicDetails" time="154.522" classname="com.BMC_April23.tc.TC004_BMCBasicDetails"/>
  <testcase name="basicDetails" time="156.068" classname="com.BMC_April23.tc.TC004_BMCBasicDetails"/>
  <testcase name="basicDetails" time="154.991" classname="com.BMC_April23.tc.TC004_BMCBasicDetails"/>
  <testcase name="basicDetails" time="154.910" classname="com.BMC_April23.tc.TC004_BMCBasicDetails"/>
  <testcase name="basicDetails" time="154.472" classname="com.BMC_April23.tc.TC004_BMCBasicDetails"/>
  <testcase name="basicDetails" time="154.764" classname="com.BMC_April23.tc.TC004_BMCBasicDetails"/>
  <testcase name="basicDetails" time="154.985" classname="com.BMC_April23.tc.TC004_BMCBasicDetails"/>
  <testcase name="basicDetails" time="154.706" classname="com.BMC_April23.tc.TC004_BMCBasicDetails"/>
  <testcase name="basicDetails" time="154.712" classname="com.BMC_April23.tc.TC004_BMCBasicDetails"/>
  <testcase name="basicDetails" time="154.780" classname="com.BMC_April23.tc.TC004_BMCBasicDetails"/>
  <testcase name="basicDetails" time="154.593" classname="com.BMC_April23.tc.TC004_BMCBasicDetails"/>
  <testcase name="basicDetails" time="154.351" classname="com.BMC_April23.tc.TC004_BMCBasicDetails"/>
  <testcase name="basicDetails" time="154.407" classname="com.BMC_April23.tc.TC004_BMCBasicDetails"/>
  <testcase name="basicDetails" time="154.060" classname="com.BMC_April23.tc.TC004_BMCBasicDetails"/>
  <testcase name="basicDetails" time="155.056" classname="com.BMC_April23.tc.TC004_BMCBasicDetails"/>
  <testcase name="basicDetails" time="154.440" classname="com.BMC_April23.tc.TC004_BMCBasicDetails"/>
  <testcase name="basicDetails" time="154.798" classname="com.BMC_April23.tc.TC004_BMCBasicDetails"/>
  <testcase name="basicDetails" time="154.453" classname="com.BMC_April23.tc.TC004_BMCBasicDetails"/>
  <testcase name="basicDetails" time="153.821" classname="com.BMC_April23.tc.TC004_BMCBasicDetails"/>
  <testcase name="basicDetails" time="154.273" classname="com.BMC_April23.tc.TC004_BMCBasicDetails"/>
  <testcase name="basicDetails" time="154.572" classname="com.BMC_April23.tc.TC004_BMCBasicDetails"/>
  <testcase name="basicDetails" time="154.606" classname="com.BMC_April23.tc.TC004_BMCBasicDetails"/>
  <testcase name="basicDetails" time="154.630" classname="com.BMC_April23.tc.TC004_BMCBasicDetails"/>
  <testcase name="basicDetails" time="154.624" classname="com.BMC_April23.tc.TC004_BMCBasicDetails"/>
  <testcase name="basicDetails" time="154.604" classname="com.BMC_April23.tc.TC004_BMCBasicDetails"/>
  <testcase name="basicDetails" time="154.925" classname="com.BMC_April23.tc.TC004_BMCBasicDetails"/>
  <testcase name="basicDetails" time="154.688" classname="com.BMC_April23.tc.TC004_BMCBasicDetails"/>
  <testcase name="basicDetails" time="154.791" classname="com.BMC_April23.tc.TC004_BMCBasicDetails"/>
  <testcase name="basicDetails" time="154.465" classname="com.BMC_April23.tc.TC004_BMCBasicDetails"/>
  <testcase name="basicDetails" time="154.730" classname="com.BMC_April23.tc.TC004_BMCBasicDetails"/>
  <testcase name="basicDetails" time="154.433" classname="com.BMC_April23.tc.TC004_BMCBasicDetails"/>
  <testcase name="basicDetails" time="154.519" classname="com.BMC_April23.tc.TC004_BMCBasicDetails"/>
  <testcase name="basicDetails" time="154.756" classname="com.BMC_April23.tc.TC004_BMCBasicDetails"/>
  <testcase name="basicDetails" time="154.607" classname="com.BMC_April23.tc.TC004_BMCBasicDetails"/>
  <testcase name="basicDetails" time="154.621" classname="com.BMC_April23.tc.TC004_BMCBasicDetails"/>
  <testcase name="basicDetails" time="154.320" classname="com.BMC_April23.tc.TC004_BMCBasicDetails"/>
  <testcase name="basicDetails" time="155.467" classname="com.BMC_April23.tc.TC004_BMCBasicDetails"/>
  <testcase name="basicDetails" time="154.480" classname="com.BMC_April23.tc.TC004_BMCBasicDetails"/>
  <testcase name="basicDetails" time="154.460" classname="com.BMC_April23.tc.TC004_BMCBasicDetails"/>
  <testcase name="basicDetails" time="154.755" classname="com.BMC_April23.tc.TC004_BMCBasicDetails"/>
  <testcase name="basicDetails" time="154.595" classname="com.BMC_April23.tc.TC004_BMCBasicDetails"/>
  <testcase name="basicDetails" time="154.695" classname="com.BMC_April23.tc.TC004_BMCBasicDetails"/>
  <testcase name="basicDetails" time="154.638" classname="com.BMC_April23.tc.TC004_BMCBasicDetails"/>
  <testcase name="basicDetails" time="154.738" classname="com.BMC_April23.tc.TC004_BMCBasicDetails"/>
  <testcase name="basicDetails" time="154.206" classname="com.BMC_April23.tc.TC004_BMCBasicDetails"/>
  <testcase name="basicDetails" time="154.975" classname="com.BMC_April23.tc.TC004_BMCBasicDetails"/>
  <testcase name="basicDetails" time="154.906" classname="com.BMC_April23.tc.TC004_BMCBasicDetails"/>
  <testcase name="basicDetails" time="154.218" classname="com.BMC_April23.tc.TC004_BMCBasicDetails"/>
  <testcase name="basicDetails" time="154.689" classname="com.BMC_April23.tc.TC004_BMCBasicDetails"/>
  <testcase name="basicDetails" time="154.403" classname="com.BMC_April23.tc.TC004_BMCBasicDetails"/>
  <testcase name="basicDetails" time="154.809" classname="com.BMC_April23.tc.TC004_BMCBasicDetails"/>
  <testcase name="basicDetails" time="154.342" classname="com.BMC_April23.tc.TC004_BMCBasicDetails"/>
  <testcase name="basicDetails" time="154.743" classname="com.BMC_April23.tc.TC004_BMCBasicDetails"/>
  <testcase name="basicDetails" time="154.706" classname="com.BMC_April23.tc.TC004_BMCBasicDetails"/>
  <testcase name="basicDetails" time="155.772" classname="com.BMC_April23.tc.TC004_BMCBasicDetails"/>
  <testcase name="basicDetails" time="154.643" classname="com.BMC_April23.tc.TC004_BMCBasicDetails"/>
  <testcase name="basicDetails" time="154.332" classname="com.BMC_April23.tc.TC004_BMCBasicDetails"/>
  <testcase name="basicDetails" time="155.042" classname="com.BMC_April23.tc.TC004_BMCBasicDetails"/>
  <testcase name="basicDetails" time="154.751" classname="com.BMC_April23.tc.TC004_BMCBasicDetails"/>
  <testcase name="basicDetails" time="154.447" classname="com.BMC_April23.tc.TC004_BMCBasicDetails"/>
  <testcase name="basicDetails" time="154.805" classname="com.BMC_April23.tc.TC004_BMCBasicDetails"/>
  <testcase name="basicDetails" time="154.182" classname="com.BMC_April23.tc.TC004_BMCBasicDetails"/>
  <testcase name="basicDetails" time="154.581" classname="com.BMC_April23.tc.TC004_BMCBasicDetails"/>
  <testcase name="basicDetails" time="155.041" classname="com.BMC_April23.tc.TC004_BMCBasicDetails"/>
  <testcase name="basicDetails" time="154.100" classname="com.BMC_April23.tc.TC004_BMCBasicDetails"/>
  <testcase name="basicDetails" time="154.387" classname="com.BMC_April23.tc.TC004_BMCBasicDetails"/>
  <testcase name="basicDetails" time="154.814" classname="com.BMC_April23.tc.TC004_BMCBasicDetails"/>
  <testcase name="basicDetails" time="154.703" classname="com.BMC_April23.tc.TC004_BMCBasicDetails"/>
  <testcase name="basicDetails" time="154.097" classname="com.BMC_April23.tc.TC004_BMCBasicDetails"/>
  <testcase name="basicDetails" time="154.313" classname="com.BMC_April23.tc.TC004_BMCBasicDetails"/>
  <testcase name="basicDetails" time="154.603" classname="com.BMC_April23.tc.TC004_BMCBasicDetails"/>
  <testcase name="basicDetails" time="154.818" classname="com.BMC_April23.tc.TC004_BMCBasicDetails"/>
  <testcase name="basicDetails" time="154.510" classname="com.BMC_April23.tc.TC004_BMCBasicDetails"/>
  <testcase name="basicDetails" time="154.291" classname="com.BMC_April23.tc.TC004_BMCBasicDetails"/>
  <testcase name="basicDetails" time="154.575" classname="com.BMC_April23.tc.TC004_BMCBasicDetails"/>
  <testcase name="basicDetails" time="154.892" classname="com.BMC_April23.tc.TC004_BMCBasicDetails"/>
  <testcase name="basicDetails" time="154.468" classname="com.BMC_April23.tc.TC004_BMCBasicDetails"/>
  <testcase name="basicDetails" time="155.374" classname="com.BMC_April23.tc.TC004_BMCBasicDetails"/>
  <testcase name="basicDetails" time="155.155" classname="com.BMC_April23.tc.TC004_BMCBasicDetails"/>
  <testcase name="basicDetails" time="154.979" classname="com.BMC_April23.tc.TC004_BMCBasicDetails"/>
  <testcase name="basicDetails" time="154.258" classname="com.BMC_April23.tc.TC004_BMCBasicDetails"/>
  <testcase name="basicDetails" time="154.773" classname="com.BMC_April23.tc.TC004_BMCBasicDetails"/>
  <testcase name="basicDetails" time="154.468" classname="com.BMC_April23.tc.TC004_BMCBasicDetails"/>
  <testcase name="basicDetails" time="154.336" classname="com.BMC_April23.tc.TC004_BMCBasicDetails"/>
  <testcase name="basicDetails" time="154.484" classname="com.BMC_April23.tc.TC004_BMCBasicDetails"/>
  <testcase name="basicDetails" time="154.437" classname="com.BMC_April23.tc.TC004_BMCBasicDetails"/>
  <testcase name="basicDetails" time="154.883" classname="com.BMC_April23.tc.TC004_BMCBasicDetails"/>
  <testcase name="basicDetails" time="154.747" classname="com.BMC_April23.tc.TC004_BMCBasicDetails"/>
  <testcase name="basicDetails" time="153.789" classname="com.BMC_April23.tc.TC004_BMCBasicDetails"/>
  <testcase name="basicDetails" time="154.797" classname="com.BMC_April23.tc.TC004_BMCBasicDetails"/>
  <testcase name="basicDetails" time="154.917" classname="com.BMC_April23.tc.TC004_BMCBasicDetails"/>
  <testcase name="basicDetails" time="154.350" classname="com.BMC_April23.tc.TC004_BMCBasicDetails"/>
  <testcase name="basicDetails" time="154.438" classname="com.BMC_April23.tc.TC004_BMCBasicDetails"/>
  <testcase name="basicDetails" time="154.591" classname="com.BMC_April23.tc.TC004_BMCBasicDetails"/>
  <testcase name="basicDetails" time="154.317" classname="com.BMC_April23.tc.TC004_BMCBasicDetails"/>
  <testcase name="basicDetails" time="154.781" classname="com.BMC_April23.tc.TC004_BMCBasicDetails"/>
  <testcase name="basicDetails" time="154.188" classname="com.BMC_April23.tc.TC004_BMCBasicDetails"/>
  <testcase name="basicDetails" time="154.549" classname="com.BMC_April23.tc.TC004_BMCBasicDetails"/>
  <testcase name="basicDetails" time="154.623" classname="com.BMC_April23.tc.TC004_BMCBasicDetails"/>
  <testcase name="basicDetails" time="154.682" classname="com.BMC_April23.tc.TC004_BMCBasicDetails"/>
  <testcase name="basicDetails" time="154.663" classname="com.BMC_April23.tc.TC004_BMCBasicDetails"/>
  <testcase name="basicDetails" time="154.791" classname="com.BMC_April23.tc.TC004_BMCBasicDetails"/>
  <testcase name="basicDetails" time="154.749" classname="com.BMC_April23.tc.TC004_BMCBasicDetails"/>
  <testcase name="basicDetails" time="154.548" classname="com.BMC_April23.tc.TC004_BMCBasicDetails"/>
  <testcase name="basicDetails" time="155.671" classname="com.BMC_April23.tc.TC004_BMCBasicDetails"/>
  <testcase name="basicDetails" time="154.527" classname="com.BMC_April23.tc.TC004_BMCBasicDetails"/>
  <testcase name="basicDetails" time="154.718" classname="com.BMC_April23.tc.TC004_BMCBasicDetails"/>
  <testcase name="basicDetails" time="154.602" classname="com.BMC_April23.tc.TC004_BMCBasicDetails"/>
  <testcase name="basicDetails" time="154.782" classname="com.BMC_April23.tc.TC004_BMCBasicDetails"/>
  <testcase name="basicDetails" time="154.387" classname="com.BMC_April23.tc.TC004_BMCBasicDetails"/>
  <testcase name="basicDetails" time="154.471" classname="com.BMC_April23.tc.TC004_BMCBasicDetails"/>
  <testcase name="basicDetails" time="154.566" classname="com.BMC_April23.tc.TC004_BMCBasicDetails"/>
  <testcase name="basicDetails" time="154.053" classname="com.BMC_April23.tc.TC004_BMCBasicDetails"/>
  <testcase name="basicDetails" time="154.560" classname="com.BMC_April23.tc.TC004_BMCBasicDetails"/>
  <testcase name="basicDetails" time="154.924" classname="com.BMC_April23.tc.TC004_BMCBasicDetails"/>
  <testcase name="basicDetails" time="154.678" classname="com.BMC_April23.tc.TC004_BMCBasicDetails"/>
  <testcase name="basicDetails" time="154.651" classname="com.BMC_April23.tc.TC004_BMCBasicDetails"/>
  <testcase name="basicDetails" time="154.620" classname="com.BMC_April23.tc.TC004_BMCBasicDetails"/>
  <testcase name="basicDetails" time="154.654" classname="com.BMC_April23.tc.TC004_BMCBasicDetails"/>
  <testcase name="basicDetails" time="154.557" classname="com.BMC_April23.tc.TC004_BMCBasicDetails"/>
  <testcase name="basicDetails" time="154.701" classname="com.BMC_April23.tc.TC004_BMCBasicDetails"/>
  <testcase name="basicDetails" time="154.566" classname="com.BMC_April23.tc.TC004_BMCBasicDetails"/>
  <testcase name="basicDetails" time="154.970" classname="com.BMC_April23.tc.TC004_BMCBasicDetails"/>
  <testcase name="basicDetails" time="153.678" classname="com.BMC_April23.tc.TC004_BMCBasicDetails"/>
  <testcase name="basicDetails" time="154.525" classname="com.BMC_April23.tc.TC004_BMCBasicDetails"/>
  <testcase name="basicDetails" time="154.298" classname="com.BMC_April23.tc.TC004_BMCBasicDetails"/>
  <testcase name="basicDetails" time="154.710" classname="com.BMC_April23.tc.TC004_BMCBasicDetails"/>
  <testcase name="basicDetails" time="154.466" classname="com.BMC_April23.tc.TC004_BMCBasicDetails"/>
  <testcase name="basicDetails" time="154.475" classname="com.BMC_April23.tc.TC004_BMCBasicDetails"/>
  <testcase name="basicDetails" time="154.116" classname="com.BMC_April23.tc.TC004_BMCBasicDetails"/>
  <testcase name="basicDetails" time="154.688" classname="com.BMC_April23.tc.TC004_BMCBasicDetails"/>
  <testcase name="basicDetails" time="154.421" classname="com.BMC_April23.tc.TC004_BMCBasicDetails"/>
  <testcase name="basicDetails" time="154.114" classname="com.BMC_April23.tc.TC004_BMCBasicDetails"/>
  <testcase name="basicDetails" time="154.255" classname="com.BMC_April23.tc.TC004_BMCBasicDetails"/>
  <testcase name="basicDetails" time="154.536" classname="com.BMC_April23.tc.TC004_BMCBasicDetails"/>
  <testcase name="basicDetails" time="154.891" classname="com.BMC_April23.tc.TC004_BMCBasicDetails"/>
  <testcase name="basicDetails" time="154.944" classname="com.BMC_April23.tc.TC004_BMCBasicDetails"/>
  <testcase name="basicDetails" time="154.626" classname="com.BMC_April23.tc.TC004_BMCBasicDetails"/>
  <testcase name="basicDetails" time="154.885" classname="com.BMC_April23.tc.TC004_BMCBasicDetails"/>
</testsuite> <!-- com.BMC_April23.tc.TC004_BMCBasicDetails -->
