<?xml version="1.0" encoding="UTF-8"?>
<!-- Generated by org.testng.reporters.JUnitReportReporter -->
<testsuite hostname="MAA011253A" failures="0" tests="17" name="com.idbi.tc.TC004_IDBIBasicDetails" time="1923.049" errors="1" timestamp="2020-12-04T11:01:20 IST" skipped="0">
  <testcase classname="com.idbi.tc.TC004_IDBIBasicDetails" name="basicDetails" time="118.729"/>
  <testcase classname="com.idbi.tc.TC004_IDBIBasicDetails" name="basicDetails" time="118.614"/>
  <testcase classname="com.idbi.tc.TC004_IDBIBasicDetails" name="basicDetails" time="119.927"/>
  <testcase classname="com.idbi.tc.TC004_IDBIBasicDetails" name="basicDetails" time="120.634"/>
  <testcase classname="com.idbi.tc.TC004_IDBIBasicDetails" name="basicDetails" time="118.815"/>
  <testcase classname="com.idbi.tc.TC004_IDBIBasicDetails" name="basicDetails" time="118.793"/>
  <testcase classname="com.idbi.tc.TC004_IDBIBasicDetails" name="basicDetails" time="120.221"/>
  <testcase classname="com.idbi.tc.TC004_IDBIBasicDetails" name="basicDetails" time="128.472"/>
  <testcase classname="com.idbi.tc.TC004_IDBIBasicDetails" name="basicDetails" time="118.739"/>
  <testcase classname="com.idbi.tc.TC004_IDBIBasicDetails" name="basicDetails" time="119.370"/>
  <testcase classname="com.idbi.tc.TC004_IDBIBasicDetails" name="basicDetails" time="120.590"/>
  <testcase classname="com.idbi.tc.TC004_IDBIBasicDetails" name="afterClass" time="1.603">
    <error type="java.lang.NullPointerException">
      <![CDATA[java.lang.NullPointerException
at lib.utils.HTMLReporter.reportStep(HTMLReporter.java:73)
at lib.selenium.WebDriverServiceImpl.closeAllBrowsers(WebDriverServiceImpl.java:495)
at lib.selenium.PreAndPost.afterClass(PreAndPost.java:72)
at java.base/jdk.internal.reflect.NativeMethodAccessorImpl.invoke0(Native Method)
at java.base/jdk.internal.reflect.NativeMethodAccessorImpl.invoke(Unknown Source)
at java.base/jdk.internal.reflect.DelegatingMethodAccessorImpl.invoke(Unknown Source)
at java.base/java.lang.reflect.Method.invoke(Unknown Source)
at org.testng.internal.MethodInvocationHelper.invokeMethod(MethodInvocationHelper.java:133)
at org.testng.internal.MethodInvocationHelper.invokeMethodConsideringTimeout(MethodInvocationHelper.java:62)
at org.testng.internal.ConfigInvoker.invokeConfigurationMethod(ConfigInvoker.java:340)
at org.testng.internal.ConfigInvoker.invokeConfigurations(ConfigInvoker.java:294)
at org.testng.internal.TestMethodWorker.invokeAfterClassMethods(TestMethodWorker.java:217)
at org.testng.internal.TestMethodWorker.run(TestMethodWorker.java:130)
at java.base/java.util.concurrent.ThreadPoolExecutor.runWorker(Unknown Source)
at java.base/java.util.concurrent.ThreadPoolExecutor$Worker.run(Unknown Source)
at java.base/java.lang.Thread.run(Unknown Source)
]]>
    </error>
  </testcase> <!-- afterClass -->
  <testcase classname="com.idbi.tc.TC004_IDBIBasicDetails" name="basicDetails" time="118.888"/>
  <testcase classname="com.idbi.tc.TC004_IDBIBasicDetails" name="basicDetails" time="120.090"/>
  <testcase classname="com.idbi.tc.TC004_IDBIBasicDetails" name="basicDetails" time="120.466"/>
  <testcase classname="com.idbi.tc.TC004_IDBIBasicDetails" name="basicDetails" time="120.504"/>
  <testcase classname="com.idbi.tc.TC004_IDBIBasicDetails" name="basicDetails" time="118.594"/>
</testsuite> <!-- com.idbi.tc.TC004_IDBIBasicDetails -->
