<?xml version="1.0" encoding="UTF-8"?>
<!-- Generated by org.testng.reporters.JUnitReportReporter -->
<testsuite skipped="0" hostname="MAA014482B" name="com.FCSCPD_June23.tc.TC002_FCSBasicDetails" tests="42" failures="0" timestamp="2023-07-07T11:00:58 IST" time="6771.892" errors="0">
  <testcase name="basicDetails" time="160.241" classname="com.FCSCPD_June23.tc.TC002_FCSBasicDetails"/>
  <testcase name="basicDetails" time="163.791" classname="com.FCSCPD_June23.tc.TC002_FCSBasicDetails"/>
  <testcase name="basicDetails" time="160.294" classname="com.FCSCPD_June23.tc.TC002_FCSBasicDetails"/>
  <testcase name="basicDetails" time="160.045" classname="com.FCSCPD_June23.tc.TC002_FCSBasicDetails"/>
  <testcase name="basicDetails" time="160.100" classname="com.FCSCPD_June23.tc.TC002_FCSBasicDetails"/>
  <testcase name="basicDetails" time="160.576" classname="com.FCSCPD_June23.tc.TC002_FCSBasicDetails"/>
  <testcase name="basicDetails" time="163.191" classname="com.FCSCPD_June23.tc.TC002_FCSBasicDetails"/>
  <testcase name="basicDetails" time="159.939" classname="com.FCSCPD_June23.tc.TC002_FCSBasicDetails"/>
  <testcase name="basicDetails" time="160.310" classname="com.FCSCPD_June23.tc.TC002_FCSBasicDetails"/>
  <testcase name="basicDetails" time="159.934" classname="com.FCSCPD_June23.tc.TC002_FCSBasicDetails"/>
  <testcase name="basicDetails" time="159.816" classname="com.FCSCPD_June23.tc.TC002_FCSBasicDetails"/>
  <testcase name="basicDetails" time="160.713" classname="com.FCSCPD_June23.tc.TC002_FCSBasicDetails"/>
  <testcase name="basicDetails" time="160.446" classname="com.FCSCPD_June23.tc.TC002_FCSBasicDetails"/>
  <testcase name="basicDetails" time="160.250" classname="com.FCSCPD_June23.tc.TC002_FCSBasicDetails"/>
  <testcase name="basicDetails" time="160.233" classname="com.FCSCPD_June23.tc.TC002_FCSBasicDetails"/>
  <testcase name="basicDetails" time="159.813" classname="com.FCSCPD_June23.tc.TC002_FCSBasicDetails"/>
  <testcase name="basicDetails" time="160.070" classname="com.FCSCPD_June23.tc.TC002_FCSBasicDetails"/>
  <testcase name="basicDetails" time="160.475" classname="com.FCSCPD_June23.tc.TC002_FCSBasicDetails"/>
  <testcase name="basicDetails" time="160.235" classname="com.FCSCPD_June23.tc.TC002_FCSBasicDetails"/>
  <testcase name="basicDetails" time="160.186" classname="com.FCSCPD_June23.tc.TC002_FCSBasicDetails"/>
  <testcase name="basicDetails" time="163.771" classname="com.FCSCPD_June23.tc.TC002_FCSBasicDetails"/>
  <testcase name="basicDetails" time="160.291" classname="com.FCSCPD_June23.tc.TC002_FCSBasicDetails"/>
  <testcase name="basicDetails" time="160.170" classname="com.FCSCPD_June23.tc.TC002_FCSBasicDetails"/>
  <testcase name="basicDetails" time="160.131" classname="com.FCSCPD_June23.tc.TC002_FCSBasicDetails"/>
  <testcase name="basicDetails" time="160.377" classname="com.FCSCPD_June23.tc.TC002_FCSBasicDetails"/>
  <testcase name="basicDetails" time="160.277" classname="com.FCSCPD_June23.tc.TC002_FCSBasicDetails"/>
  <testcase name="basicDetails" time="160.073" classname="com.FCSCPD_June23.tc.TC002_FCSBasicDetails"/>
  <testcase name="basicDetails" time="187.596" classname="com.FCSCPD_June23.tc.TC002_FCSBasicDetails"/>
  <testcase name="basicDetails" time="160.277" classname="com.FCSCPD_June23.tc.TC002_FCSBasicDetails"/>
  <testcase name="basicDetails" time="160.439" classname="com.FCSCPD_June23.tc.TC002_FCSBasicDetails"/>
  <testcase name="basicDetails" time="159.837" classname="com.FCSCPD_June23.tc.TC002_FCSBasicDetails"/>
  <testcase name="basicDetails" time="163.688" classname="com.FCSCPD_June23.tc.TC002_FCSBasicDetails"/>
  <testcase name="basicDetails" time="160.637" classname="com.FCSCPD_June23.tc.TC002_FCSBasicDetails"/>
  <testcase name="basicDetails" time="160.112" classname="com.FCSCPD_June23.tc.TC002_FCSBasicDetails"/>
  <testcase name="basicDetails" time="160.393" classname="com.FCSCPD_June23.tc.TC002_FCSBasicDetails"/>
  <testcase name="basicDetails" time="160.916" classname="com.FCSCPD_June23.tc.TC002_FCSBasicDetails"/>
  <testcase name="basicDetails" time="160.512" classname="com.FCSCPD_June23.tc.TC002_FCSBasicDetails"/>
  <testcase name="basicDetails" time="160.956" classname="com.FCSCPD_June23.tc.TC002_FCSBasicDetails"/>
  <testcase name="basicDetails" time="160.270" classname="com.FCSCPD_June23.tc.TC002_FCSBasicDetails"/>
  <testcase name="basicDetails" time="159.909" classname="com.FCSCPD_June23.tc.TC002_FCSBasicDetails"/>
  <testcase name="basicDetails" time="160.131" classname="com.FCSCPD_June23.tc.TC002_FCSBasicDetails"/>
  <testcase name="basicDetails" time="160.471" classname="com.FCSCPD_June23.tc.TC002_FCSBasicDetails"/>
</testsuite> <!-- com.FCSCPD_June23.tc.TC002_FCSBasicDetails -->
