<?xml version="1.0" encoding="UTF-8"?>
<!-- Generated by org.testng.reporters.JUnitReportReporter -->
<testsuite skipped="0" hostname="MAA014482B" name="com.RCF_June23.tc.TC003_RCFBasicDetails" tests="47" failures="0" timestamp="2023-06-16T19:07:41 IST" time="7819.471" errors="0">
  <testcase name="basicDetails" time="157.333" classname="com.RCF_June23.tc.TC003_RCFBasicDetails"/>
  <testcase name="basicDetails" time="157.631" classname="com.RCF_June23.tc.TC003_RCFBasicDetails"/>
  <testcase name="basicDetails" time="157.951" classname="com.RCF_June23.tc.TC003_RCFBasicDetails"/>
  <testcase name="basicDetails" time="157.508" classname="com.RCF_June23.tc.TC003_RCFBasicDetails"/>
  <testcase name="basicDetails" time="157.730" classname="com.RCF_June23.tc.TC003_RCFBasicDetails"/>
  <testcase name="basicDetails" time="185.053" classname="com.RCF_June23.tc.TC003_RCFBasicDetails"/>
  <testcase name="basicDetails" time="157.459" classname="com.RCF_June23.tc.TC003_RCFBasicDetails"/>
  <testcase name="basicDetails" time="187.262" classname="com.RCF_June23.tc.TC003_RCFBasicDetails"/>
  <testcase name="basicDetails" time="187.282" classname="com.RCF_June23.tc.TC003_RCFBasicDetails"/>
  <testcase name="basicDetails" time="157.446" classname="com.RCF_June23.tc.TC003_RCFBasicDetails"/>
  <testcase name="basicDetails" time="185.424" classname="com.RCF_June23.tc.TC003_RCFBasicDetails"/>
  <testcase name="basicDetails" time="187.575" classname="com.RCF_June23.tc.TC003_RCFBasicDetails"/>
  <testcase name="basicDetails" time="157.468" classname="com.RCF_June23.tc.TC003_RCFBasicDetails"/>
  <testcase name="basicDetails" time="185.453" classname="com.RCF_June23.tc.TC003_RCFBasicDetails"/>
  <testcase name="basicDetails" time="157.593" classname="com.RCF_June23.tc.TC003_RCFBasicDetails"/>
  <testcase name="basicDetails" time="157.881" classname="com.RCF_June23.tc.TC003_RCFBasicDetails"/>
  <testcase name="basicDetails" time="157.063" classname="com.RCF_June23.tc.TC003_RCFBasicDetails"/>
  <testcase name="basicDetails" time="157.468" classname="com.RCF_June23.tc.TC003_RCFBasicDetails"/>
  <testcase name="basicDetails" time="158.053" classname="com.RCF_June23.tc.TC003_RCFBasicDetails"/>
  <testcase name="basicDetails" time="187.398" classname="com.RCF_June23.tc.TC003_RCFBasicDetails"/>
  <testcase name="basicDetails" time="157.361" classname="com.RCF_June23.tc.TC003_RCFBasicDetails"/>
  <testcase name="basicDetails" time="184.917" classname="com.RCF_June23.tc.TC003_RCFBasicDetails"/>
  <testcase name="basicDetails" time="157.366" classname="com.RCF_June23.tc.TC003_RCFBasicDetails"/>
  <testcase name="basicDetails" time="187.388" classname="com.RCF_June23.tc.TC003_RCFBasicDetails"/>
  <testcase name="basicDetails" time="185.149" classname="com.RCF_June23.tc.TC003_RCFBasicDetails"/>
  <testcase name="basicDetails" time="159.036" classname="com.RCF_June23.tc.TC003_RCFBasicDetails"/>
  <testcase name="basicDetails" time="157.325" classname="com.RCF_June23.tc.TC003_RCFBasicDetails"/>
  <testcase name="basicDetails" time="159.914" classname="com.RCF_June23.tc.TC003_RCFBasicDetails"/>
  <testcase name="basicDetails" time="187.526" classname="com.RCF_June23.tc.TC003_RCFBasicDetails"/>
  <testcase name="basicDetails" time="157.887" classname="com.RCF_June23.tc.TC003_RCFBasicDetails"/>
  <testcase name="basicDetails" time="187.071" classname="com.RCF_June23.tc.TC003_RCFBasicDetails"/>
  <testcase name="basicDetails" time="157.529" classname="com.RCF_June23.tc.TC003_RCFBasicDetails"/>
  <testcase name="basicDetails" time="159.885" classname="com.RCF_June23.tc.TC003_RCFBasicDetails"/>
  <testcase name="basicDetails" time="157.840" classname="com.RCF_June23.tc.TC003_RCFBasicDetails"/>
  <testcase name="basicDetails" time="157.382" classname="com.RCF_June23.tc.TC003_RCFBasicDetails"/>
  <testcase name="basicDetails" time="185.026" classname="com.RCF_June23.tc.TC003_RCFBasicDetails"/>
  <testcase name="basicDetails" time="157.170" classname="com.RCF_June23.tc.TC003_RCFBasicDetails"/>
  <testcase name="basicDetails" time="159.424" classname="com.RCF_June23.tc.TC003_RCFBasicDetails"/>
  <testcase name="basicDetails" time="157.764" classname="com.RCF_June23.tc.TC003_RCFBasicDetails"/>
  <testcase name="basicDetails" time="157.493" classname="com.RCF_June23.tc.TC003_RCFBasicDetails"/>
  <testcase name="basicDetails" time="157.352" classname="com.RCF_June23.tc.TC003_RCFBasicDetails"/>
  <testcase name="basicDetails" time="157.521" classname="com.RCF_June23.tc.TC003_RCFBasicDetails"/>
  <testcase name="basicDetails" time="158.002" classname="com.RCF_June23.tc.TC003_RCFBasicDetails"/>
  <testcase name="basicDetails" time="161.862" classname="com.RCF_June23.tc.TC003_RCFBasicDetails"/>
  <testcase name="basicDetails" time="157.390" classname="com.RCF_June23.tc.TC003_RCFBasicDetails"/>
  <testcase name="basicDetails" time="185.231" classname="com.RCF_June23.tc.TC003_RCFBasicDetails"/>
  <testcase name="basicDetails" time="157.629" classname="com.RCF_June23.tc.TC003_RCFBasicDetails"/>
</testsuite> <!-- com.RCF_June23.tc.TC003_RCFBasicDetails -->
