<?xml version="1.0" encoding="UTF-8"?>
<!-- Generated by org.testng.reporters.JUnitReportReporter -->
<testsuite skipped="0" hostname="MAA011276B" name="com.nehru.tc.TC002_NehruBasicDetails" tests="120" failures="0" timestamp="22 Jul 2019 08:39:20 GMT" time="9741.349" errors="0">
  <testcase name="basicDetails" time="79.157" classname="com.nehru.tc.TC002_NehruBasicDetails"/>
  <testcase name="basicDetails" time="79.482" classname="com.nehru.tc.TC002_NehruBasicDetails"/>
  <testcase name="basicDetails" time="78.298" classname="com.nehru.tc.TC002_NehruBasicDetails"/>
  <testcase name="basicDetails" time="78.354" classname="com.nehru.tc.TC002_NehruBasicDetails"/>
  <testcase name="basicDetails" time="78.452" classname="com.nehru.tc.TC002_NehruBasicDetails"/>
  <testcase name="basicDetails" time="78.278" classname="com.nehru.tc.TC002_NehruBasicDetails"/>
  <testcase name="basicDetails" time="78.177" classname="com.nehru.tc.TC002_NehruBasicDetails"/>
  <testcase name="basicDetails" time="77.091" classname="com.nehru.tc.TC002_NehruBasicDetails"/>
  <testcase name="basicDetails" time="76.455" classname="com.nehru.tc.TC002_NehruBasicDetails"/>
  <testcase name="basicDetails" time="76.667" classname="com.nehru.tc.TC002_NehruBasicDetails"/>
  <testcase name="basicDetails" time="78.425" classname="com.nehru.tc.TC002_NehruBasicDetails"/>
  <testcase name="basicDetails" time="100.557" classname="com.nehru.tc.TC002_NehruBasicDetails"/>
  <testcase name="basicDetails" time="78.639" classname="com.nehru.tc.TC002_NehruBasicDetails"/>
  <testcase name="basicDetails" time="78.791" classname="com.nehru.tc.TC002_NehruBasicDetails"/>
  <testcase name="basicDetails" time="77.255" classname="com.nehru.tc.TC002_NehruBasicDetails"/>
  <testcase name="basicDetails" time="77.267" classname="com.nehru.tc.TC002_NehruBasicDetails"/>
  <testcase name="basicDetails" time="76.718" classname="com.nehru.tc.TC002_NehruBasicDetails"/>
  <testcase name="basicDetails" time="100.713" classname="com.nehru.tc.TC002_NehruBasicDetails"/>
  <testcase name="basicDetails" time="77.413" classname="com.nehru.tc.TC002_NehruBasicDetails"/>
  <testcase name="basicDetails" time="81.064" classname="com.nehru.tc.TC002_NehruBasicDetails"/>
  <testcase name="basicDetails" time="78.730" classname="com.nehru.tc.TC002_NehruBasicDetails"/>
  <testcase name="basicDetails" time="93.593" classname="com.nehru.tc.TC002_NehruBasicDetails"/>
  <testcase name="basicDetails" time="77.959" classname="com.nehru.tc.TC002_NehruBasicDetails"/>
  <testcase name="basicDetails" time="83.074" classname="com.nehru.tc.TC002_NehruBasicDetails"/>
  <testcase name="basicDetails" time="78.747" classname="com.nehru.tc.TC002_NehruBasicDetails"/>
  <testcase name="basicDetails" time="80.862" classname="com.nehru.tc.TC002_NehruBasicDetails"/>
  <testcase name="basicDetails" time="91.636" classname="com.nehru.tc.TC002_NehruBasicDetails"/>
  <testcase name="basicDetails" time="80.279" classname="com.nehru.tc.TC002_NehruBasicDetails"/>
  <testcase name="basicDetails" time="79.873" classname="com.nehru.tc.TC002_NehruBasicDetails"/>
  <testcase name="basicDetails" time="78.895" classname="com.nehru.tc.TC002_NehruBasicDetails"/>
  <testcase name="basicDetails" time="82.928" classname="com.nehru.tc.TC002_NehruBasicDetails"/>
  <testcase name="basicDetails" time="78.255" classname="com.nehru.tc.TC002_NehruBasicDetails"/>
  <testcase name="basicDetails" time="81.210" classname="com.nehru.tc.TC002_NehruBasicDetails"/>
  <testcase name="basicDetails" time="77.501" classname="com.nehru.tc.TC002_NehruBasicDetails"/>
  <testcase name="basicDetails" time="77.967" classname="com.nehru.tc.TC002_NehruBasicDetails"/>
  <testcase name="basicDetails" time="77.881" classname="com.nehru.tc.TC002_NehruBasicDetails"/>
  <testcase name="basicDetails" time="188.461" classname="com.nehru.tc.TC002_NehruBasicDetails"/>
  <testcase name="basicDetails" time="98.258" classname="com.nehru.tc.TC002_NehruBasicDetails"/>
  <testcase name="basicDetails" time="77.625" classname="com.nehru.tc.TC002_NehruBasicDetails"/>
  <testcase name="basicDetails" time="77.963" classname="com.nehru.tc.TC002_NehruBasicDetails"/>
  <testcase name="basicDetails" time="77.951" classname="com.nehru.tc.TC002_NehruBasicDetails"/>
  <testcase name="basicDetails" time="77.413" classname="com.nehru.tc.TC002_NehruBasicDetails"/>
  <testcase name="basicDetails" time="86.118" classname="com.nehru.tc.TC002_NehruBasicDetails"/>
  <testcase name="basicDetails" time="78.625" classname="com.nehru.tc.TC002_NehruBasicDetails"/>
  <testcase name="basicDetails" time="80.598" classname="com.nehru.tc.TC002_NehruBasicDetails"/>
  <testcase name="basicDetails" time="77.370" classname="com.nehru.tc.TC002_NehruBasicDetails"/>
  <testcase name="basicDetails" time="76.972" classname="com.nehru.tc.TC002_NehruBasicDetails"/>
  <testcase name="basicDetails" time="78.056" classname="com.nehru.tc.TC002_NehruBasicDetails"/>
  <testcase name="basicDetails" time="79.801" classname="com.nehru.tc.TC002_NehruBasicDetails"/>
  <testcase name="basicDetails" time="85.518" classname="com.nehru.tc.TC002_NehruBasicDetails"/>
  <testcase name="basicDetails" time="79.107" classname="com.nehru.tc.TC002_NehruBasicDetails"/>
  <testcase name="basicDetails" time="80.090" classname="com.nehru.tc.TC002_NehruBasicDetails"/>
  <testcase name="basicDetails" time="80.560" classname="com.nehru.tc.TC002_NehruBasicDetails"/>
  <testcase name="basicDetails" time="78.052" classname="com.nehru.tc.TC002_NehruBasicDetails"/>
  <testcase name="basicDetails" time="78.045" classname="com.nehru.tc.TC002_NehruBasicDetails"/>
  <testcase name="basicDetails" time="88.221" classname="com.nehru.tc.TC002_NehruBasicDetails"/>
  <testcase name="basicDetails" time="78.481" classname="com.nehru.tc.TC002_NehruBasicDetails"/>
  <testcase name="basicDetails" time="77.484" classname="com.nehru.tc.TC002_NehruBasicDetails"/>
  <testcase name="basicDetails" time="89.054" classname="com.nehru.tc.TC002_NehruBasicDetails"/>
  <testcase name="basicDetails" time="77.814" classname="com.nehru.tc.TC002_NehruBasicDetails"/>
  <testcase name="basicDetails" time="77.438" classname="com.nehru.tc.TC002_NehruBasicDetails"/>
  <testcase name="basicDetails" time="77.907" classname="com.nehru.tc.TC002_NehruBasicDetails"/>
  <testcase name="basicDetails" time="77.989" classname="com.nehru.tc.TC002_NehruBasicDetails"/>
  <testcase name="basicDetails" time="78.051" classname="com.nehru.tc.TC002_NehruBasicDetails"/>
  <testcase name="basicDetails" time="77.602" classname="com.nehru.tc.TC002_NehruBasicDetails"/>
  <testcase name="basicDetails" time="78.344" classname="com.nehru.tc.TC002_NehruBasicDetails"/>
  <testcase name="basicDetails" time="77.358" classname="com.nehru.tc.TC002_NehruBasicDetails"/>
  <testcase name="basicDetails" time="79.538" classname="com.nehru.tc.TC002_NehruBasicDetails"/>
  <testcase name="basicDetails" time="89.104" classname="com.nehru.tc.TC002_NehruBasicDetails"/>
  <testcase name="basicDetails" time="78.143" classname="com.nehru.tc.TC002_NehruBasicDetails"/>
  <testcase name="basicDetails" time="77.925" classname="com.nehru.tc.TC002_NehruBasicDetails"/>
  <testcase name="basicDetails" time="77.758" classname="com.nehru.tc.TC002_NehruBasicDetails"/>
  <testcase name="basicDetails" time="80.167" classname="com.nehru.tc.TC002_NehruBasicDetails"/>
  <testcase name="basicDetails" time="82.102" classname="com.nehru.tc.TC002_NehruBasicDetails"/>
  <testcase name="basicDetails" time="77.194" classname="com.nehru.tc.TC002_NehruBasicDetails"/>
  <testcase name="basicDetails" time="80.677" classname="com.nehru.tc.TC002_NehruBasicDetails"/>
  <testcase name="basicDetails" time="77.906" classname="com.nehru.tc.TC002_NehruBasicDetails"/>
  <testcase name="basicDetails" time="87.329" classname="com.nehru.tc.TC002_NehruBasicDetails"/>
  <testcase name="basicDetails" time="79.475" classname="com.nehru.tc.TC002_NehruBasicDetails"/>
  <testcase name="basicDetails" time="77.357" classname="com.nehru.tc.TC002_NehruBasicDetails"/>
  <testcase name="basicDetails" time="77.180" classname="com.nehru.tc.TC002_NehruBasicDetails"/>
  <testcase name="basicDetails" time="77.864" classname="com.nehru.tc.TC002_NehruBasicDetails"/>
  <testcase name="basicDetails" time="78.514" classname="com.nehru.tc.TC002_NehruBasicDetails"/>
  <testcase name="basicDetails" time="77.561" classname="com.nehru.tc.TC002_NehruBasicDetails"/>
  <testcase name="basicDetails" time="77.116" classname="com.nehru.tc.TC002_NehruBasicDetails"/>
  <testcase name="basicDetails" time="76.615" classname="com.nehru.tc.TC002_NehruBasicDetails"/>
  <testcase name="basicDetails" time="76.944" classname="com.nehru.tc.TC002_NehruBasicDetails"/>
  <testcase name="basicDetails" time="77.488" classname="com.nehru.tc.TC002_NehruBasicDetails"/>
  <testcase name="basicDetails" time="77.891" classname="com.nehru.tc.TC002_NehruBasicDetails"/>
  <testcase name="basicDetails" time="78.649" classname="com.nehru.tc.TC002_NehruBasicDetails"/>
  <testcase name="basicDetails" time="77.829" classname="com.nehru.tc.TC002_NehruBasicDetails"/>
  <testcase name="basicDetails" time="78.720" classname="com.nehru.tc.TC002_NehruBasicDetails"/>
  <testcase name="basicDetails" time="78.098" classname="com.nehru.tc.TC002_NehruBasicDetails"/>
  <testcase name="basicDetails" time="78.852" classname="com.nehru.tc.TC002_NehruBasicDetails"/>
  <testcase name="basicDetails" time="77.975" classname="com.nehru.tc.TC002_NehruBasicDetails"/>
  <testcase name="basicDetails" time="78.492" classname="com.nehru.tc.TC002_NehruBasicDetails"/>
  <testcase name="basicDetails" time="80.905" classname="com.nehru.tc.TC002_NehruBasicDetails"/>
  <testcase name="basicDetails" time="76.854" classname="com.nehru.tc.TC002_NehruBasicDetails"/>
  <testcase name="basicDetails" time="77.858" classname="com.nehru.tc.TC002_NehruBasicDetails"/>
  <testcase name="basicDetails" time="79.651" classname="com.nehru.tc.TC002_NehruBasicDetails"/>
  <testcase name="basicDetails" time="79.604" classname="com.nehru.tc.TC002_NehruBasicDetails"/>
  <testcase name="basicDetails" time="77.196" classname="com.nehru.tc.TC002_NehruBasicDetails"/>
  <testcase name="basicDetails" time="76.443" classname="com.nehru.tc.TC002_NehruBasicDetails"/>
  <testcase name="basicDetails" time="90.214" classname="com.nehru.tc.TC002_NehruBasicDetails"/>
  <testcase name="basicDetails" time="78.198" classname="com.nehru.tc.TC002_NehruBasicDetails"/>
  <testcase name="basicDetails" time="78.095" classname="com.nehru.tc.TC002_NehruBasicDetails"/>
  <testcase name="basicDetails" time="77.603" classname="com.nehru.tc.TC002_NehruBasicDetails"/>
  <testcase name="basicDetails" time="79.670" classname="com.nehru.tc.TC002_NehruBasicDetails"/>
  <testcase name="basicDetails" time="78.108" classname="com.nehru.tc.TC002_NehruBasicDetails"/>
  <testcase name="basicDetails" time="78.875" classname="com.nehru.tc.TC002_NehruBasicDetails"/>
  <testcase name="basicDetails" time="77.346" classname="com.nehru.tc.TC002_NehruBasicDetails"/>
  <testcase name="basicDetails" time="77.911" classname="com.nehru.tc.TC002_NehruBasicDetails"/>
  <testcase name="basicDetails" time="78.020" classname="com.nehru.tc.TC002_NehruBasicDetails"/>
  <testcase name="basicDetails" time="78.251" classname="com.nehru.tc.TC002_NehruBasicDetails"/>
  <testcase name="basicDetails" time="78.541" classname="com.nehru.tc.TC002_NehruBasicDetails"/>
  <testcase name="basicDetails" time="78.872" classname="com.nehru.tc.TC002_NehruBasicDetails"/>
  <testcase name="basicDetails" time="79.420" classname="com.nehru.tc.TC002_NehruBasicDetails"/>
  <testcase name="basicDetails" time="79.985" classname="com.nehru.tc.TC002_NehruBasicDetails"/>
  <testcase name="basicDetails" time="134.837" classname="com.nehru.tc.TC002_NehruBasicDetails"/>
  <testcase name="basicDetails" time="79.460" classname="com.nehru.tc.TC002_NehruBasicDetails"/>
</testsuite> <!-- com.nehru.tc.TC002_NehruBasicDetails -->
