<?xml version="1.0" encoding="UTF-8"?>
<!-- Generated by org.testng.reporters.JUnitReportReporter -->
<testsuite hostname="MAA011253A" failures="0" tests="48" name="com.CRP.tc.TC003_CRPBasicDetails" time="5702.693" errors="0" timestamp="2021-09-06T17:14:36 IST" skipped="0">
  <testcase classname="com.CRP.tc.TC003_CRPBasicDetails" name="basicDetails" time="118.490"/>
  <testcase classname="com.CRP.tc.TC003_CRPBasicDetails" name="basicDetails" time="119.063"/>
  <testcase classname="com.CRP.tc.TC003_CRPBasicDetails" name="basicDetails" time="117.843"/>
  <testcase classname="com.CRP.tc.TC003_CRPBasicDetails" name="basicDetails" time="119.181"/>
  <testcase classname="com.CRP.tc.TC003_CRPBasicDetails" name="basicDetails" time="118.018"/>
  <testcase classname="com.CRP.tc.TC003_CRPBasicDetails" name="basicDetails" time="119.651"/>
  <testcase classname="com.CRP.tc.TC003_CRPBasicDetails" name="basicDetails" time="118.265"/>
  <testcase classname="com.CRP.tc.TC003_CRPBasicDetails" name="basicDetails" time="119.040"/>
  <testcase classname="com.CRP.tc.TC003_CRPBasicDetails" name="basicDetails" time="117.753"/>
  <testcase classname="com.CRP.tc.TC003_CRPBasicDetails" name="basicDetails" time="119.352"/>
  <testcase classname="com.CRP.tc.TC003_CRPBasicDetails" name="basicDetails" time="119.629"/>
  <testcase classname="com.CRP.tc.TC003_CRPBasicDetails" name="basicDetails" time="117.428"/>
  <testcase classname="com.CRP.tc.TC003_CRPBasicDetails" name="basicDetails" time="118.079"/>
  <testcase classname="com.CRP.tc.TC003_CRPBasicDetails" name="basicDetails" time="119.289"/>
  <testcase classname="com.CRP.tc.TC003_CRPBasicDetails" name="basicDetails" time="118.777"/>
  <testcase classname="com.CRP.tc.TC003_CRPBasicDetails" name="basicDetails" time="119.800"/>
  <testcase classname="com.CRP.tc.TC003_CRPBasicDetails" name="basicDetails" time="118.279"/>
  <testcase classname="com.CRP.tc.TC003_CRPBasicDetails" name="basicDetails" time="119.898"/>
  <testcase classname="com.CRP.tc.TC003_CRPBasicDetails" name="basicDetails" time="117.881"/>
  <testcase classname="com.CRP.tc.TC003_CRPBasicDetails" name="basicDetails" time="118.447"/>
  <testcase classname="com.CRP.tc.TC003_CRPBasicDetails" name="basicDetails" time="119.168"/>
  <testcase classname="com.CRP.tc.TC003_CRPBasicDetails" name="basicDetails" time="119.398"/>
  <testcase classname="com.CRP.tc.TC003_CRPBasicDetails" name="basicDetails" time="119.116"/>
  <testcase classname="com.CRP.tc.TC003_CRPBasicDetails" name="basicDetails" time="119.566"/>
  <testcase classname="com.CRP.tc.TC003_CRPBasicDetails" name="basicDetails" time="118.198"/>
  <testcase classname="com.CRP.tc.TC003_CRPBasicDetails" name="basicDetails" time="119.115"/>
  <testcase classname="com.CRP.tc.TC003_CRPBasicDetails" name="basicDetails" time="119.436"/>
  <testcase classname="com.CRP.tc.TC003_CRPBasicDetails" name="basicDetails" time="118.986"/>
  <testcase classname="com.CRP.tc.TC003_CRPBasicDetails" name="basicDetails" time="120.018"/>
  <testcase classname="com.CRP.tc.TC003_CRPBasicDetails" name="basicDetails" time="118.699"/>
  <testcase classname="com.CRP.tc.TC003_CRPBasicDetails" name="basicDetails" time="118.640"/>
  <testcase classname="com.CRP.tc.TC003_CRPBasicDetails" name="basicDetails" time="117.955"/>
  <testcase classname="com.CRP.tc.TC003_CRPBasicDetails" name="basicDetails" time="117.866"/>
  <testcase classname="com.CRP.tc.TC003_CRPBasicDetails" name="basicDetails" time="118.201"/>
  <testcase classname="com.CRP.tc.TC003_CRPBasicDetails" name="basicDetails" time="119.423"/>
  <testcase classname="com.CRP.tc.TC003_CRPBasicDetails" name="basicDetails" time="118.060"/>
  <testcase classname="com.CRP.tc.TC003_CRPBasicDetails" name="basicDetails" time="119.497"/>
  <testcase classname="com.CRP.tc.TC003_CRPBasicDetails" name="basicDetails" time="118.161"/>
  <testcase classname="com.CRP.tc.TC003_CRPBasicDetails" name="basicDetails" time="118.066"/>
  <testcase classname="com.CRP.tc.TC003_CRPBasicDetails" name="basicDetails" time="121.511"/>
  <testcase classname="com.CRP.tc.TC003_CRPBasicDetails" name="basicDetails" time="119.071"/>
  <testcase classname="com.CRP.tc.TC003_CRPBasicDetails" name="basicDetails" time="119.168"/>
  <testcase classname="com.CRP.tc.TC003_CRPBasicDetails" name="basicDetails" time="119.283"/>
  <testcase classname="com.CRP.tc.TC003_CRPBasicDetails" name="basicDetails" time="117.996"/>
  <testcase classname="com.CRP.tc.TC003_CRPBasicDetails" name="basicDetails" time="117.937"/>
  <testcase classname="com.CRP.tc.TC003_CRPBasicDetails" name="basicDetails" time="118.291"/>
  <testcase classname="com.CRP.tc.TC003_CRPBasicDetails" name="basicDetails" time="118.371"/>
  <testcase classname="com.CRP.tc.TC003_CRPBasicDetails" name="basicDetails" time="119.333"/>
</testsuite> <!-- com.CRP.tc.TC003_CRPBasicDetails -->
