<?xml version="1.0" encoding="UTF-8"?>
<!-- Generated by org.testng.reporters.JUnitReportReporter -->
<testsuite skipped="0" hostname="MAA014482B" name="com.CIDCO_April23.tc.TC004_CIDCOBasicDetails" tests="136" failures="0" timestamp="2023-06-16T06:07:59 IST" time="23849.178" errors="0">
  <testcase name="basicDetails" time="168.281" classname="com.CIDCO_April23.tc.TC004_CIDCOBasicDetails"/>
  <testcase name="basicDetails" time="179.500" classname="com.CIDCO_April23.tc.TC004_CIDCOBasicDetails"/>
  <testcase name="basicDetails" time="179.837" classname="com.CIDCO_April23.tc.TC004_CIDCOBasicDetails"/>
  <testcase name="basicDetails" time="179.461" classname="com.CIDCO_April23.tc.TC004_CIDCOBasicDetails"/>
  <testcase name="basicDetails" time="179.554" classname="com.CIDCO_April23.tc.TC004_CIDCOBasicDetails"/>
  <testcase name="basicDetails" time="179.594" classname="com.CIDCO_April23.tc.TC004_CIDCOBasicDetails"/>
  <testcase name="basicDetails" time="168.374" classname="com.CIDCO_April23.tc.TC004_CIDCOBasicDetails"/>
  <testcase name="basicDetails" time="179.831" classname="com.CIDCO_April23.tc.TC004_CIDCOBasicDetails"/>
  <testcase name="basicDetails" time="168.794" classname="com.CIDCO_April23.tc.TC004_CIDCOBasicDetails"/>
  <testcase name="basicDetails" time="168.464" classname="com.CIDCO_April23.tc.TC004_CIDCOBasicDetails"/>
  <testcase name="basicDetails" time="168.794" classname="com.CIDCO_April23.tc.TC004_CIDCOBasicDetails"/>
  <testcase name="basicDetails" time="168.117" classname="com.CIDCO_April23.tc.TC004_CIDCOBasicDetails"/>
  <testcase name="basicDetails" time="179.624" classname="com.CIDCO_April23.tc.TC004_CIDCOBasicDetails"/>
  <testcase name="basicDetails" time="168.254" classname="com.CIDCO_April23.tc.TC004_CIDCOBasicDetails"/>
  <testcase name="basicDetails" time="168.366" classname="com.CIDCO_April23.tc.TC004_CIDCOBasicDetails"/>
  <testcase name="basicDetails" time="180.146" classname="com.CIDCO_April23.tc.TC004_CIDCOBasicDetails"/>
  <testcase name="basicDetails" time="168.201" classname="com.CIDCO_April23.tc.TC004_CIDCOBasicDetails"/>
  <testcase name="basicDetails" time="168.255" classname="com.CIDCO_April23.tc.TC004_CIDCOBasicDetails"/>
  <testcase name="basicDetails" time="179.983" classname="com.CIDCO_April23.tc.TC004_CIDCOBasicDetails"/>
  <testcase name="basicDetails" time="168.642" classname="com.CIDCO_April23.tc.TC004_CIDCOBasicDetails"/>
  <testcase name="basicDetails" time="179.610" classname="com.CIDCO_April23.tc.TC004_CIDCOBasicDetails"/>
  <testcase name="basicDetails" time="168.116" classname="com.CIDCO_April23.tc.TC004_CIDCOBasicDetails"/>
  <testcase name="basicDetails" time="187.433" classname="com.CIDCO_April23.tc.TC004_CIDCOBasicDetails"/>
  <testcase name="basicDetails" time="180.076" classname="com.CIDCO_April23.tc.TC004_CIDCOBasicDetails"/>
  <testcase name="basicDetails" time="179.503" classname="com.CIDCO_April23.tc.TC004_CIDCOBasicDetails"/>
  <testcase name="basicDetails" time="180.106" classname="com.CIDCO_April23.tc.TC004_CIDCOBasicDetails"/>
  <testcase name="basicDetails" time="168.422" classname="com.CIDCO_April23.tc.TC004_CIDCOBasicDetails"/>
  <testcase name="basicDetails" time="168.628" classname="com.CIDCO_April23.tc.TC004_CIDCOBasicDetails"/>
  <testcase name="basicDetails" time="180.240" classname="com.CIDCO_April23.tc.TC004_CIDCOBasicDetails"/>
  <testcase name="basicDetails" time="179.399" classname="com.CIDCO_April23.tc.TC004_CIDCOBasicDetails"/>
  <testcase name="basicDetails" time="179.289" classname="com.CIDCO_April23.tc.TC004_CIDCOBasicDetails"/>
  <testcase name="basicDetails" time="195.858" classname="com.CIDCO_April23.tc.TC004_CIDCOBasicDetails"/>
  <testcase name="basicDetails" time="168.497" classname="com.CIDCO_April23.tc.TC004_CIDCOBasicDetails"/>
  <testcase name="basicDetails" time="179.639" classname="com.CIDCO_April23.tc.TC004_CIDCOBasicDetails"/>
  <testcase name="basicDetails" time="179.320" classname="com.CIDCO_April23.tc.TC004_CIDCOBasicDetails"/>
  <testcase name="basicDetails" time="179.694" classname="com.CIDCO_April23.tc.TC004_CIDCOBasicDetails"/>
  <testcase name="basicDetails" time="168.472" classname="com.CIDCO_April23.tc.TC004_CIDCOBasicDetails"/>
  <testcase name="basicDetails" time="168.374" classname="com.CIDCO_April23.tc.TC004_CIDCOBasicDetails"/>
  <testcase name="basicDetails" time="168.631" classname="com.CIDCO_April23.tc.TC004_CIDCOBasicDetails"/>
  <testcase name="basicDetails" time="179.811" classname="com.CIDCO_April23.tc.TC004_CIDCOBasicDetails"/>
  <testcase name="basicDetails" time="179.898" classname="com.CIDCO_April23.tc.TC004_CIDCOBasicDetails"/>
  <testcase name="basicDetails" time="179.444" classname="com.CIDCO_April23.tc.TC004_CIDCOBasicDetails"/>
  <testcase name="basicDetails" time="179.578" classname="com.CIDCO_April23.tc.TC004_CIDCOBasicDetails"/>
  <testcase name="basicDetails" time="168.392" classname="com.CIDCO_April23.tc.TC004_CIDCOBasicDetails"/>
  <testcase name="basicDetails" time="179.941" classname="com.CIDCO_April23.tc.TC004_CIDCOBasicDetails"/>
  <testcase name="basicDetails" time="168.434" classname="com.CIDCO_April23.tc.TC004_CIDCOBasicDetails"/>
  <testcase name="basicDetails" time="168.398" classname="com.CIDCO_April23.tc.TC004_CIDCOBasicDetails"/>
  <testcase name="basicDetails" time="168.268" classname="com.CIDCO_April23.tc.TC004_CIDCOBasicDetails"/>
  <testcase name="basicDetails" time="179.735" classname="com.CIDCO_April23.tc.TC004_CIDCOBasicDetails"/>
  <testcase name="basicDetails" time="168.793" classname="com.CIDCO_April23.tc.TC004_CIDCOBasicDetails"/>
  <testcase name="basicDetails" time="179.598" classname="com.CIDCO_April23.tc.TC004_CIDCOBasicDetails"/>
  <testcase name="basicDetails" time="179.522" classname="com.CIDCO_April23.tc.TC004_CIDCOBasicDetails"/>
  <testcase name="basicDetails" time="179.644" classname="com.CIDCO_April23.tc.TC004_CIDCOBasicDetails"/>
  <testcase name="basicDetails" time="180.113" classname="com.CIDCO_April23.tc.TC004_CIDCOBasicDetails"/>
  <testcase name="basicDetails" time="180.281" classname="com.CIDCO_April23.tc.TC004_CIDCOBasicDetails"/>
  <testcase name="basicDetails" time="179.161" classname="com.CIDCO_April23.tc.TC004_CIDCOBasicDetails"/>
  <testcase name="basicDetails" time="179.839" classname="com.CIDCO_April23.tc.TC004_CIDCOBasicDetails"/>
  <testcase name="basicDetails" time="179.293" classname="com.CIDCO_April23.tc.TC004_CIDCOBasicDetails"/>
  <testcase name="basicDetails" time="168.311" classname="com.CIDCO_April23.tc.TC004_CIDCOBasicDetails"/>
  <testcase name="basicDetails" time="179.664" classname="com.CIDCO_April23.tc.TC004_CIDCOBasicDetails"/>
  <testcase name="basicDetails" time="179.280" classname="com.CIDCO_April23.tc.TC004_CIDCOBasicDetails"/>
  <testcase name="basicDetails" time="179.338" classname="com.CIDCO_April23.tc.TC004_CIDCOBasicDetails"/>
  <testcase name="basicDetails" time="179.606" classname="com.CIDCO_April23.tc.TC004_CIDCOBasicDetails"/>
  <testcase name="basicDetails" time="168.305" classname="com.CIDCO_April23.tc.TC004_CIDCOBasicDetails"/>
  <testcase name="basicDetails" time="179.500" classname="com.CIDCO_April23.tc.TC004_CIDCOBasicDetails"/>
  <testcase name="basicDetails" time="168.669" classname="com.CIDCO_April23.tc.TC004_CIDCOBasicDetails"/>
  <testcase name="basicDetails" time="168.446" classname="com.CIDCO_April23.tc.TC004_CIDCOBasicDetails"/>
  <testcase name="basicDetails" time="168.557" classname="com.CIDCO_April23.tc.TC004_CIDCOBasicDetails"/>
  <testcase name="basicDetails" time="179.501" classname="com.CIDCO_April23.tc.TC004_CIDCOBasicDetails"/>
  <testcase name="basicDetails" time="168.329" classname="com.CIDCO_April23.tc.TC004_CIDCOBasicDetails"/>
  <testcase name="basicDetails" time="179.741" classname="com.CIDCO_April23.tc.TC004_CIDCOBasicDetails"/>
  <testcase name="basicDetails" time="179.462" classname="com.CIDCO_April23.tc.TC004_CIDCOBasicDetails"/>
  <testcase name="basicDetails" time="179.688" classname="com.CIDCO_April23.tc.TC004_CIDCOBasicDetails"/>
  <testcase name="basicDetails" time="167.851" classname="com.CIDCO_April23.tc.TC004_CIDCOBasicDetails"/>
  <testcase name="basicDetails" time="168.710" classname="com.CIDCO_April23.tc.TC004_CIDCOBasicDetails"/>
  <testcase name="basicDetails" time="180.127" classname="com.CIDCO_April23.tc.TC004_CIDCOBasicDetails"/>
  <testcase name="basicDetails" time="168.500" classname="com.CIDCO_April23.tc.TC004_CIDCOBasicDetails"/>
  <testcase name="basicDetails" time="179.627" classname="com.CIDCO_April23.tc.TC004_CIDCOBasicDetails"/>
  <testcase name="basicDetails" time="168.200" classname="com.CIDCO_April23.tc.TC004_CIDCOBasicDetails"/>
  <testcase name="basicDetails" time="179.791" classname="com.CIDCO_April23.tc.TC004_CIDCOBasicDetails"/>
  <testcase name="basicDetails" time="168.141" classname="com.CIDCO_April23.tc.TC004_CIDCOBasicDetails"/>
  <testcase name="basicDetails" time="180.079" classname="com.CIDCO_April23.tc.TC004_CIDCOBasicDetails"/>
  <testcase name="basicDetails" time="179.499" classname="com.CIDCO_April23.tc.TC004_CIDCOBasicDetails"/>
  <testcase name="basicDetails" time="168.527" classname="com.CIDCO_April23.tc.TC004_CIDCOBasicDetails"/>
  <testcase name="basicDetails" time="180.123" classname="com.CIDCO_April23.tc.TC004_CIDCOBasicDetails"/>
  <testcase name="basicDetails" time="179.620" classname="com.CIDCO_April23.tc.TC004_CIDCOBasicDetails"/>
  <testcase name="basicDetails" time="168.210" classname="com.CIDCO_April23.tc.TC004_CIDCOBasicDetails"/>
  <testcase name="basicDetails" time="179.789" classname="com.CIDCO_April23.tc.TC004_CIDCOBasicDetails"/>
  <testcase name="basicDetails" time="168.342" classname="com.CIDCO_April23.tc.TC004_CIDCOBasicDetails"/>
  <testcase name="basicDetails" time="179.756" classname="com.CIDCO_April23.tc.TC004_CIDCOBasicDetails"/>
  <testcase name="basicDetails" time="180.771" classname="com.CIDCO_April23.tc.TC004_CIDCOBasicDetails"/>
  <testcase name="basicDetails" time="168.339" classname="com.CIDCO_April23.tc.TC004_CIDCOBasicDetails"/>
  <testcase name="basicDetails" time="179.722" classname="com.CIDCO_April23.tc.TC004_CIDCOBasicDetails"/>
  <testcase name="basicDetails" time="179.516" classname="com.CIDCO_April23.tc.TC004_CIDCOBasicDetails"/>
  <testcase name="basicDetails" time="179.816" classname="com.CIDCO_April23.tc.TC004_CIDCOBasicDetails"/>
  <testcase name="basicDetails" time="168.274" classname="com.CIDCO_April23.tc.TC004_CIDCOBasicDetails"/>
  <testcase name="basicDetails" time="168.764" classname="com.CIDCO_April23.tc.TC004_CIDCOBasicDetails"/>
  <testcase name="basicDetails" time="179.705" classname="com.CIDCO_April23.tc.TC004_CIDCOBasicDetails"/>
  <testcase name="basicDetails" time="179.765" classname="com.CIDCO_April23.tc.TC004_CIDCOBasicDetails"/>
  <testcase name="basicDetails" time="168.211" classname="com.CIDCO_April23.tc.TC004_CIDCOBasicDetails"/>
  <testcase name="basicDetails" time="179.667" classname="com.CIDCO_April23.tc.TC004_CIDCOBasicDetails"/>
  <testcase name="basicDetails" time="179.314" classname="com.CIDCO_April23.tc.TC004_CIDCOBasicDetails"/>
  <testcase name="basicDetails" time="179.911" classname="com.CIDCO_April23.tc.TC004_CIDCOBasicDetails"/>
  <testcase name="basicDetails" time="168.651" classname="com.CIDCO_April23.tc.TC004_CIDCOBasicDetails"/>
  <testcase name="basicDetails" time="169.067" classname="com.CIDCO_April23.tc.TC004_CIDCOBasicDetails"/>
  <testcase name="basicDetails" time="179.506" classname="com.CIDCO_April23.tc.TC004_CIDCOBasicDetails"/>
  <testcase name="basicDetails" time="195.984" classname="com.CIDCO_April23.tc.TC004_CIDCOBasicDetails"/>
  <testcase name="basicDetails" time="168.990" classname="com.CIDCO_April23.tc.TC004_CIDCOBasicDetails"/>
  <testcase name="basicDetails" time="168.683" classname="com.CIDCO_April23.tc.TC004_CIDCOBasicDetails"/>
  <testcase name="basicDetails" time="168.576" classname="com.CIDCO_April23.tc.TC004_CIDCOBasicDetails"/>
  <testcase name="basicDetails" time="179.720" classname="com.CIDCO_April23.tc.TC004_CIDCOBasicDetails"/>
  <testcase name="basicDetails" time="168.051" classname="com.CIDCO_April23.tc.TC004_CIDCOBasicDetails"/>
  <testcase name="basicDetails" time="179.386" classname="com.CIDCO_April23.tc.TC004_CIDCOBasicDetails"/>
  <testcase name="basicDetails" time="179.769" classname="com.CIDCO_April23.tc.TC004_CIDCOBasicDetails"/>
  <testcase name="basicDetails" time="168.379" classname="com.CIDCO_April23.tc.TC004_CIDCOBasicDetails"/>
  <testcase name="basicDetails" time="168.465" classname="com.CIDCO_April23.tc.TC004_CIDCOBasicDetails"/>
  <testcase name="basicDetails" time="168.411" classname="com.CIDCO_April23.tc.TC004_CIDCOBasicDetails"/>
  <testcase name="basicDetails" time="179.423" classname="com.CIDCO_April23.tc.TC004_CIDCOBasicDetails"/>
  <testcase name="basicDetails" time="168.320" classname="com.CIDCO_April23.tc.TC004_CIDCOBasicDetails"/>
  <testcase name="basicDetails" time="180.193" classname="com.CIDCO_April23.tc.TC004_CIDCOBasicDetails"/>
  <testcase name="basicDetails" time="180.455" classname="com.CIDCO_April23.tc.TC004_CIDCOBasicDetails"/>
  <testcase name="basicDetails" time="168.379" classname="com.CIDCO_April23.tc.TC004_CIDCOBasicDetails"/>
  <testcase name="basicDetails" time="168.864" classname="com.CIDCO_April23.tc.TC004_CIDCOBasicDetails"/>
  <testcase name="basicDetails" time="168.537" classname="com.CIDCO_April23.tc.TC004_CIDCOBasicDetails"/>
  <testcase name="basicDetails" time="169.811" classname="com.CIDCO_April23.tc.TC004_CIDCOBasicDetails"/>
  <testcase name="basicDetails" time="183.238" classname="com.CIDCO_April23.tc.TC004_CIDCOBasicDetails"/>
  <testcase name="basicDetails" time="179.679" classname="com.CIDCO_April23.tc.TC004_CIDCOBasicDetails"/>
  <testcase name="basicDetails" time="179.577" classname="com.CIDCO_April23.tc.TC004_CIDCOBasicDetails"/>
  <testcase name="basicDetails" time="168.453" classname="com.CIDCO_April23.tc.TC004_CIDCOBasicDetails"/>
  <testcase name="basicDetails" time="179.623" classname="com.CIDCO_April23.tc.TC004_CIDCOBasicDetails"/>
  <testcase name="basicDetails" time="180.280" classname="com.CIDCO_April23.tc.TC004_CIDCOBasicDetails"/>
  <testcase name="basicDetails" time="179.651" classname="com.CIDCO_April23.tc.TC004_CIDCOBasicDetails"/>
  <testcase name="basicDetails" time="168.160" classname="com.CIDCO_April23.tc.TC004_CIDCOBasicDetails"/>
  <testcase name="basicDetails" time="179.675" classname="com.CIDCO_April23.tc.TC004_CIDCOBasicDetails"/>
  <testcase name="basicDetails" time="196.117" classname="com.CIDCO_April23.tc.TC004_CIDCOBasicDetails"/>
  <testcase name="basicDetails" time="168.514" classname="com.CIDCO_April23.tc.TC004_CIDCOBasicDetails"/>
</testsuite> <!-- com.CIDCO_April23.tc.TC004_CIDCOBasicDetails -->
