<?xml version="1.0" encoding="UTF-8"?>
<!-- Generated by org.testng.reporters.JUnitReportReporter -->
<testsuite hostname="MAA011253A" failures="0" tests="12" name="com.NPS.tc.TC005_NPSBasicDetails" time="1392.624" errors="0" timestamp="2020-12-23T18:05:03 IST" skipped="0">
  <testcase classname="com.NPS.tc.TC005_NPSBasicDetails" name="basicDetails" time="116.661"/>
  <testcase classname="com.NPS.tc.TC005_NPSBasicDetails" name="basicDetails" time="116.071"/>
  <testcase classname="com.NPS.tc.TC005_NPSBasicDetails" name="basicDetails" time="116.218"/>
  <testcase classname="com.NPS.tc.TC005_NPSBasicDetails" name="basicDetails" time="115.589"/>
  <testcase classname="com.NPS.tc.TC005_NPSBasicDetails" name="basicDetails" time="116.582"/>
  <testcase classname="com.NPS.tc.TC005_NPSBasicDetails" name="basicDetails" time="116.249"/>
  <testcase classname="com.NPS.tc.TC005_NPSBasicDetails" name="basicDetails" time="115.426"/>
  <testcase classname="com.NPS.tc.TC005_NPSBasicDetails" name="basicDetails" time="115.893"/>
  <testcase classname="com.NPS.tc.TC005_NPSBasicDetails" name="basicDetails" time="115.927"/>
  <testcase classname="com.NPS.tc.TC005_NPSBasicDetails" name="basicDetails" time="116.358"/>
  <testcase classname="com.NPS.tc.TC005_NPSBasicDetails" name="basicDetails" time="116.509"/>
  <testcase classname="com.NPS.tc.TC005_NPSBasicDetails" name="basicDetails" time="115.141"/>
</testsuite> <!-- com.NPS.tc.TC005_NPSBasicDetails -->
