<?xml version="1.0" encoding="UTF-8"?>
<!-- Generated by org.testng.reporters.JUnitReportReporter -->
<testsuite skipped="0" hostname="MAA015435A" name="com.rbi.tc.TC005_RBIBasicDetails" tests="66" failures="0" timestamp="07 Dec 2019 12:40:53 GMT" time="6665.904" errors="1">
  <testcase name="basicDetails" time="98.274" classname="com.rbi.tc.TC005_RBIBasicDetails"/>
  <testcase name="basicDetails" time="104.279" classname="com.rbi.tc.TC005_RBIBasicDetails"/>
  <testcase name="basicDetails" time="99.080" classname="com.rbi.tc.TC005_RBIBasicDetails"/>
  <testcase name="basicDetails" time="95.667" classname="com.rbi.tc.TC005_RBIBasicDetails"/>
  <testcase name="basicDetails" time="97.599" classname="com.rbi.tc.TC005_RBIBasicDetails"/>
  <testcase name="basicDetails" time="96.999" classname="com.rbi.tc.TC005_RBIBasicDetails"/>
  <testcase name="basicDetails" time="96.330" classname="com.rbi.tc.TC005_RBIBasicDetails"/>
  <testcase name="basicDetails" time="110.471" classname="com.rbi.tc.TC005_RBIBasicDetails"/>
  <testcase name="basicDetails" time="99.001" classname="com.rbi.tc.TC005_RBIBasicDetails"/>
  <testcase name="basicDetails" time="96.979" classname="com.rbi.tc.TC005_RBIBasicDetails"/>
  <testcase name="basicDetails" time="97.737" classname="com.rbi.tc.TC005_RBIBasicDetails"/>
  <testcase name="basicDetails" time="108.387" classname="com.rbi.tc.TC005_RBIBasicDetails"/>
  <testcase name="basicDetails" time="99.322" classname="com.rbi.tc.TC005_RBIBasicDetails"/>
  <testcase name="basicDetails" time="100.030" classname="com.rbi.tc.TC005_RBIBasicDetails"/>
  <testcase name="basicDetails" time="97.744" classname="com.rbi.tc.TC005_RBIBasicDetails"/>
  <testcase name="basicDetails" time="104.412" classname="com.rbi.tc.TC005_RBIBasicDetails"/>
  <testcase name="basicDetails" time="107.858" classname="com.rbi.tc.TC005_RBIBasicDetails"/>
  <testcase name="basicDetails" time="100.167" classname="com.rbi.tc.TC005_RBIBasicDetails"/>
  <testcase name="basicDetails" time="107.560" classname="com.rbi.tc.TC005_RBIBasicDetails"/>
  <testcase name="basicDetails" time="107.560" classname="com.rbi.tc.TC005_RBIBasicDetails"/>
  <testcase name="basicDetails" time="95.641" classname="com.rbi.tc.TC005_RBIBasicDetails"/>
  <testcase name="basicDetails" time="97.329" classname="com.rbi.tc.TC005_RBIBasicDetails"/>
  <testcase name="basicDetails" time="99.947" classname="com.rbi.tc.TC005_RBIBasicDetails"/>
  <testcase name="basicDetails" time="107.436" classname="com.rbi.tc.TC005_RBIBasicDetails"/>
  <testcase name="basicDetails" time="96.987" classname="com.rbi.tc.TC005_RBIBasicDetails"/>
  <testcase name="basicDetails" time="110.372" classname="com.rbi.tc.TC005_RBIBasicDetails"/>
  <testcase name="basicDetails" time="101.022" classname="com.rbi.tc.TC005_RBIBasicDetails"/>
  <testcase name="basicDetails" time="96.183" classname="com.rbi.tc.TC005_RBIBasicDetails"/>
  <testcase name="basicDetails" time="97.353" classname="com.rbi.tc.TC005_RBIBasicDetails"/>
  <testcase name="basicDetails" time="104.002" classname="com.rbi.tc.TC005_RBIBasicDetails"/>
  <testcase name="basicDetails" time="96.602" classname="com.rbi.tc.TC005_RBIBasicDetails"/>
  <testcase name="basicDetails" time="108.561" classname="com.rbi.tc.TC005_RBIBasicDetails"/>
  <testcase name="basicDetails" time="107.073" classname="com.rbi.tc.TC005_RBIBasicDetails"/>
  <testcase name="basicDetails" time="96.977" classname="com.rbi.tc.TC005_RBIBasicDetails"/>
  <testcase name="basicDetails" time="100.439" classname="com.rbi.tc.TC005_RBIBasicDetails"/>
  <testcase name="basicDetails" time="107.099" classname="com.rbi.tc.TC005_RBIBasicDetails"/>
  <testcase name="basicDetails" time="98.305" classname="com.rbi.tc.TC005_RBIBasicDetails"/>
  <testcase name="basicDetails" time="110.226" classname="com.rbi.tc.TC005_RBIBasicDetails"/>
  <testcase name="basicDetails" time="108.088" classname="com.rbi.tc.TC005_RBIBasicDetails"/>
  <testcase name="basicDetails" time="106.695" classname="com.rbi.tc.TC005_RBIBasicDetails"/>
  <testcase name="basicDetails" time="107.899" classname="com.rbi.tc.TC005_RBIBasicDetails"/>
  <testcase name="basicDetails" time="100.749" classname="com.rbi.tc.TC005_RBIBasicDetails"/>
  <testcase name="basicDetails" time="97.827" classname="com.rbi.tc.TC005_RBIBasicDetails"/>
  <testcase name="basicDetails" time="99.523" classname="com.rbi.tc.TC005_RBIBasicDetails"/>
  <testcase name="basicDetails" time="96.884" classname="com.rbi.tc.TC005_RBIBasicDetails"/>
  <testcase name="basicDetails" time="108.385" classname="com.rbi.tc.TC005_RBIBasicDetails"/>
  <testcase name="basicDetails" time="108.293" classname="com.rbi.tc.TC005_RBIBasicDetails"/>
  <testcase name="basicDetails" time="97.198" classname="com.rbi.tc.TC005_RBIBasicDetails"/>
  <testcase name="basicDetails" time="98.454" classname="com.rbi.tc.TC005_RBIBasicDetails"/>
  <testcase name="basicDetails" time="98.658" classname="com.rbi.tc.TC005_RBIBasicDetails"/>
  <testcase name="basicDetails" time="96.318" classname="com.rbi.tc.TC005_RBIBasicDetails"/>
  <testcase name="basicDetails" time="97.359" classname="com.rbi.tc.TC005_RBIBasicDetails"/>
  <testcase name="basicDetails" time="100.034" classname="com.rbi.tc.TC005_RBIBasicDetails"/>
  <testcase name="basicDetails" time="99.630" classname="com.rbi.tc.TC005_RBIBasicDetails"/>
  <testcase name="basicDetails" time="59.947" classname="com.rbi.tc.TC005_RBIBasicDetails">
    <error type="java.io.FileNotFoundException" message=".\data\RBI_5.xlsx (The process cannot access the file because it is being used by another process)">
      <![CDATA[java.io.FileNotFoundException: .\data\RBI_5.xlsx (The process cannot access the file because it is being used by another process)
at java.io.FileOutputStream.open0(Native Method)
at java.io.FileOutputStream.open(Unknown Source)
at java.io.FileOutputStream.<init>(Unknown Source)
at java.io.FileOutputStream.<init>(Unknown Source)
at lib.selenium.WebDriverServiceImpl.writeDataNoC(WebDriverServiceImpl.java:1323)
at lib.selenium.WebDriverServiceImpl.agevalidator_min(WebDriverServiceImpl.java:924)
at com.ibps.pages.PersonalDetailsPage.ageValidatorMin(PersonalDetailsPage.java:264)
at com.rbi.tc.TC005_RBIBasicDetails.basicDetails(TC005_RBIBasicDetails.java:82)
at sun.reflect.GeneratedMethodAccessor91.invoke(Unknown Source)
at sun.reflect.DelegatingMethodAccessorImpl.invoke(Unknown Source)
at java.lang.reflect.Method.invoke(Unknown Source)
at org.testng.internal.MethodInvocationHelper.invokeMethod(MethodInvocationHelper.java:124)
at org.testng.internal.Invoker.invokeMethod(Invoker.java:583)
at org.testng.internal.Invoker.invokeTestMethod(Invoker.java:719)
at org.testng.internal.Invoker.invokeTestMethods(Invoker.java:989)
at org.testng.internal.TestMethodWorker.invokeTestMethods(TestMethodWorker.java:125)
at org.testng.internal.TestMethodWorker.run(TestMethodWorker.java:109)
at java.util.concurrent.ThreadPoolExecutor.runWorker(Unknown Source)
at java.util.concurrent.ThreadPoolExecutor$Worker.run(Unknown Source)
at java.lang.Thread.run(Unknown Source)
]]>
    </error>
  </testcase> <!-- basicDetails -->
  <testcase name="basicDetails" time="107.794" classname="com.rbi.tc.TC005_RBIBasicDetails"/>
  <testcase name="basicDetails" time="99.388" classname="com.rbi.tc.TC005_RBIBasicDetails"/>
  <testcase name="basicDetails" time="107.273" classname="com.rbi.tc.TC005_RBIBasicDetails"/>
  <testcase name="basicDetails" time="106.588" classname="com.rbi.tc.TC005_RBIBasicDetails"/>
  <testcase name="basicDetails" time="106.876" classname="com.rbi.tc.TC005_RBIBasicDetails"/>
  <testcase name="basicDetails" time="97.377" classname="com.rbi.tc.TC005_RBIBasicDetails"/>
  <testcase name="basicDetails" time="108.684" classname="com.rbi.tc.TC005_RBIBasicDetails"/>
  <testcase name="basicDetails" time="96.906" classname="com.rbi.tc.TC005_RBIBasicDetails"/>
  <testcase name="basicDetails" time="99.803" classname="com.rbi.tc.TC005_RBIBasicDetails"/>
  <testcase name="basicDetails" time="98.636" classname="com.rbi.tc.TC005_RBIBasicDetails"/>
  <testcase name="basicDetails" time="97.628" classname="com.rbi.tc.TC005_RBIBasicDetails"/>
</testsuite> <!-- com.rbi.tc.TC005_RBIBasicDetails -->
