<?xml version="1.0" encoding="UTF-8"?>
<!-- Generated by org.testng.reporters.JUnitReportReporter -->
<testsuite skipped="0" hostname="MAA014482B" name="com.DES_April23.tc.TC005_DESBasicDetails" tests="180" failures="0" timestamp="2023-04-26T07:38:00 IST" time="29138.996" errors="0">
  <testcase name="basicDetails" time="161.381" classname="com.DES_April23.tc.TC005_DESBasicDetails"/>
  <testcase name="basicDetails" time="161.654" classname="com.DES_April23.tc.TC005_DESBasicDetails"/>
  <testcase name="basicDetails" time="161.489" classname="com.DES_April23.tc.TC005_DESBasicDetails"/>
  <testcase name="basicDetails" time="172.935" classname="com.DES_April23.tc.TC005_DESBasicDetails"/>
  <testcase name="basicDetails" time="164.853" classname="com.DES_April23.tc.TC005_DESBasicDetails"/>
  <testcase name="basicDetails" time="160.927" classname="com.DES_April23.tc.TC005_DESBasicDetails"/>
  <testcase name="basicDetails" time="160.987" classname="com.DES_April23.tc.TC005_DESBasicDetails"/>
  <testcase name="basicDetails" time="160.710" classname="com.DES_April23.tc.TC005_DESBasicDetails"/>
  <testcase name="basicDetails" time="161.118" classname="com.DES_April23.tc.TC005_DESBasicDetails"/>
  <testcase name="basicDetails" time="161.053" classname="com.DES_April23.tc.TC005_DESBasicDetails"/>
  <testcase name="basicDetails" time="160.803" classname="com.DES_April23.tc.TC005_DESBasicDetails"/>
  <testcase name="basicDetails" time="161.322" classname="com.DES_April23.tc.TC005_DESBasicDetails"/>
  <testcase name="basicDetails" time="161.617" classname="com.DES_April23.tc.TC005_DESBasicDetails"/>
  <testcase name="basicDetails" time="161.277" classname="com.DES_April23.tc.TC005_DESBasicDetails"/>
  <testcase name="basicDetails" time="161.140" classname="com.DES_April23.tc.TC005_DESBasicDetails"/>
  <testcase name="basicDetails" time="160.627" classname="com.DES_April23.tc.TC005_DESBasicDetails"/>
  <testcase name="basicDetails" time="160.675" classname="com.DES_April23.tc.TC005_DESBasicDetails"/>
  <testcase name="basicDetails" time="164.630" classname="com.DES_April23.tc.TC005_DESBasicDetails"/>
  <testcase name="basicDetails" time="160.898" classname="com.DES_April23.tc.TC005_DESBasicDetails"/>
  <testcase name="basicDetails" time="160.709" classname="com.DES_April23.tc.TC005_DESBasicDetails"/>
  <testcase name="basicDetails" time="161.289" classname="com.DES_April23.tc.TC005_DESBasicDetails"/>
  <testcase name="basicDetails" time="161.246" classname="com.DES_April23.tc.TC005_DESBasicDetails"/>
  <testcase name="basicDetails" time="161.514" classname="com.DES_April23.tc.TC005_DESBasicDetails"/>
  <testcase name="basicDetails" time="160.973" classname="com.DES_April23.tc.TC005_DESBasicDetails"/>
  <testcase name="basicDetails" time="160.937" classname="com.DES_April23.tc.TC005_DESBasicDetails"/>
  <testcase name="basicDetails" time="161.272" classname="com.DES_April23.tc.TC005_DESBasicDetails"/>
  <testcase name="basicDetails" time="160.855" classname="com.DES_April23.tc.TC005_DESBasicDetails"/>
  <testcase name="basicDetails" time="161.378" classname="com.DES_April23.tc.TC005_DESBasicDetails"/>
  <testcase name="basicDetails" time="161.169" classname="com.DES_April23.tc.TC005_DESBasicDetails"/>
  <testcase name="basicDetails" time="161.311" classname="com.DES_April23.tc.TC005_DESBasicDetails"/>
  <testcase name="basicDetails" time="164.471" classname="com.DES_April23.tc.TC005_DESBasicDetails"/>
  <testcase name="basicDetails" time="160.954" classname="com.DES_April23.tc.TC005_DESBasicDetails"/>
  <testcase name="basicDetails" time="164.314" classname="com.DES_April23.tc.TC005_DESBasicDetails"/>
  <testcase name="basicDetails" time="161.026" classname="com.DES_April23.tc.TC005_DESBasicDetails"/>
  <testcase name="basicDetails" time="164.770" classname="com.DES_April23.tc.TC005_DESBasicDetails"/>
  <testcase name="basicDetails" time="161.234" classname="com.DES_April23.tc.TC005_DESBasicDetails"/>
  <testcase name="basicDetails" time="160.786" classname="com.DES_April23.tc.TC005_DESBasicDetails"/>
  <testcase name="basicDetails" time="164.446" classname="com.DES_April23.tc.TC005_DESBasicDetails"/>
  <testcase name="basicDetails" time="161.237" classname="com.DES_April23.tc.TC005_DESBasicDetails"/>
  <testcase name="basicDetails" time="161.353" classname="com.DES_April23.tc.TC005_DESBasicDetails"/>
  <testcase name="basicDetails" time="160.937" classname="com.DES_April23.tc.TC005_DESBasicDetails"/>
  <testcase name="basicDetails" time="161.651" classname="com.DES_April23.tc.TC005_DESBasicDetails"/>
  <testcase name="basicDetails" time="161.066" classname="com.DES_April23.tc.TC005_DESBasicDetails"/>
  <testcase name="basicDetails" time="164.055" classname="com.DES_April23.tc.TC005_DESBasicDetails"/>
  <testcase name="basicDetails" time="161.432" classname="com.DES_April23.tc.TC005_DESBasicDetails"/>
  <testcase name="basicDetails" time="170.359" classname="com.DES_April23.tc.TC005_DESBasicDetails"/>
  <testcase name="basicDetails" time="160.963" classname="com.DES_April23.tc.TC005_DESBasicDetails"/>
  <testcase name="basicDetails" time="161.461" classname="com.DES_April23.tc.TC005_DESBasicDetails"/>
  <testcase name="basicDetails" time="160.789" classname="com.DES_April23.tc.TC005_DESBasicDetails"/>
  <testcase name="basicDetails" time="161.659" classname="com.DES_April23.tc.TC005_DESBasicDetails"/>
  <testcase name="basicDetails" time="164.896" classname="com.DES_April23.tc.TC005_DESBasicDetails"/>
  <testcase name="basicDetails" time="160.895" classname="com.DES_April23.tc.TC005_DESBasicDetails"/>
  <testcase name="basicDetails" time="164.583" classname="com.DES_April23.tc.TC005_DESBasicDetails"/>
  <testcase name="basicDetails" time="160.890" classname="com.DES_April23.tc.TC005_DESBasicDetails"/>
  <testcase name="basicDetails" time="161.496" classname="com.DES_April23.tc.TC005_DESBasicDetails"/>
  <testcase name="basicDetails" time="161.087" classname="com.DES_April23.tc.TC005_DESBasicDetails"/>
  <testcase name="basicDetails" time="161.401" classname="com.DES_April23.tc.TC005_DESBasicDetails"/>
  <testcase name="basicDetails" time="164.270" classname="com.DES_April23.tc.TC005_DESBasicDetails"/>
  <testcase name="basicDetails" time="164.185" classname="com.DES_April23.tc.TC005_DESBasicDetails"/>
  <testcase name="basicDetails" time="164.164" classname="com.DES_April23.tc.TC005_DESBasicDetails"/>
  <testcase name="basicDetails" time="161.728" classname="com.DES_April23.tc.TC005_DESBasicDetails"/>
  <testcase name="basicDetails" time="164.426" classname="com.DES_April23.tc.TC005_DESBasicDetails"/>
  <testcase name="basicDetails" time="160.971" classname="com.DES_April23.tc.TC005_DESBasicDetails"/>
  <testcase name="basicDetails" time="160.952" classname="com.DES_April23.tc.TC005_DESBasicDetails"/>
  <testcase name="basicDetails" time="160.786" classname="com.DES_April23.tc.TC005_DESBasicDetails"/>
  <testcase name="basicDetails" time="161.144" classname="com.DES_April23.tc.TC005_DESBasicDetails"/>
  <testcase name="basicDetails" time="160.837" classname="com.DES_April23.tc.TC005_DESBasicDetails"/>
  <testcase name="basicDetails" time="161.178" classname="com.DES_April23.tc.TC005_DESBasicDetails"/>
  <testcase name="basicDetails" time="161.076" classname="com.DES_April23.tc.TC005_DESBasicDetails"/>
  <testcase name="basicDetails" time="161.483" classname="com.DES_April23.tc.TC005_DESBasicDetails"/>
  <testcase name="basicDetails" time="161.237" classname="com.DES_April23.tc.TC005_DESBasicDetails"/>
  <testcase name="basicDetails" time="161.122" classname="com.DES_April23.tc.TC005_DESBasicDetails"/>
  <testcase name="basicDetails" time="161.033" classname="com.DES_April23.tc.TC005_DESBasicDetails"/>
  <testcase name="basicDetails" time="160.872" classname="com.DES_April23.tc.TC005_DESBasicDetails"/>
  <testcase name="basicDetails" time="161.215" classname="com.DES_April23.tc.TC005_DESBasicDetails"/>
  <testcase name="basicDetails" time="161.188" classname="com.DES_April23.tc.TC005_DESBasicDetails"/>
  <testcase name="basicDetails" time="160.933" classname="com.DES_April23.tc.TC005_DESBasicDetails"/>
  <testcase name="basicDetails" time="160.925" classname="com.DES_April23.tc.TC005_DESBasicDetails"/>
  <testcase name="basicDetails" time="161.416" classname="com.DES_April23.tc.TC005_DESBasicDetails"/>
  <testcase name="basicDetails" time="161.185" classname="com.DES_April23.tc.TC005_DESBasicDetails"/>
  <testcase name="basicDetails" time="161.058" classname="com.DES_April23.tc.TC005_DESBasicDetails"/>
  <testcase name="basicDetails" time="161.076" classname="com.DES_April23.tc.TC005_DESBasicDetails"/>
  <testcase name="basicDetails" time="160.774" classname="com.DES_April23.tc.TC005_DESBasicDetails"/>
  <testcase name="basicDetails" time="160.866" classname="com.DES_April23.tc.TC005_DESBasicDetails"/>
  <testcase name="basicDetails" time="161.209" classname="com.DES_April23.tc.TC005_DESBasicDetails"/>
  <testcase name="basicDetails" time="161.298" classname="com.DES_April23.tc.TC005_DESBasicDetails"/>
  <testcase name="basicDetails" time="164.955" classname="com.DES_April23.tc.TC005_DESBasicDetails"/>
  <testcase name="basicDetails" time="160.932" classname="com.DES_April23.tc.TC005_DESBasicDetails"/>
  <testcase name="basicDetails" time="160.904" classname="com.DES_April23.tc.TC005_DESBasicDetails"/>
  <testcase name="basicDetails" time="160.818" classname="com.DES_April23.tc.TC005_DESBasicDetails"/>
  <testcase name="basicDetails" time="161.251" classname="com.DES_April23.tc.TC005_DESBasicDetails"/>
  <testcase name="basicDetails" time="164.407" classname="com.DES_April23.tc.TC005_DESBasicDetails"/>
  <testcase name="basicDetails" time="161.317" classname="com.DES_April23.tc.TC005_DESBasicDetails"/>
  <testcase name="basicDetails" time="161.070" classname="com.DES_April23.tc.TC005_DESBasicDetails"/>
  <testcase name="basicDetails" time="160.977" classname="com.DES_April23.tc.TC005_DESBasicDetails"/>
  <testcase name="basicDetails" time="160.906" classname="com.DES_April23.tc.TC005_DESBasicDetails"/>
  <testcase name="basicDetails" time="161.300" classname="com.DES_April23.tc.TC005_DESBasicDetails"/>
  <testcase name="basicDetails" time="165.018" classname="com.DES_April23.tc.TC005_DESBasicDetails"/>
  <testcase name="basicDetails" time="160.892" classname="com.DES_April23.tc.TC005_DESBasicDetails"/>
  <testcase name="basicDetails" time="161.169" classname="com.DES_April23.tc.TC005_DESBasicDetails"/>
  <testcase name="basicDetails" time="161.354" classname="com.DES_April23.tc.TC005_DESBasicDetails"/>
  <testcase name="basicDetails" time="160.909" classname="com.DES_April23.tc.TC005_DESBasicDetails"/>
  <testcase name="basicDetails" time="161.480" classname="com.DES_April23.tc.TC005_DESBasicDetails"/>
  <testcase name="basicDetails" time="164.278" classname="com.DES_April23.tc.TC005_DESBasicDetails"/>
  <testcase name="basicDetails" time="160.625" classname="com.DES_April23.tc.TC005_DESBasicDetails"/>
  <testcase name="basicDetails" time="161.013" classname="com.DES_April23.tc.TC005_DESBasicDetails"/>
  <testcase name="basicDetails" time="161.060" classname="com.DES_April23.tc.TC005_DESBasicDetails"/>
  <testcase name="basicDetails" time="160.984" classname="com.DES_April23.tc.TC005_DESBasicDetails"/>
  <testcase name="basicDetails" time="161.148" classname="com.DES_April23.tc.TC005_DESBasicDetails"/>
  <testcase name="basicDetails" time="173.536" classname="com.DES_April23.tc.TC005_DESBasicDetails"/>
  <testcase name="basicDetails" time="161.290" classname="com.DES_April23.tc.TC005_DESBasicDetails"/>
  <testcase name="basicDetails" time="161.382" classname="com.DES_April23.tc.TC005_DESBasicDetails"/>
  <testcase name="basicDetails" time="160.494" classname="com.DES_April23.tc.TC005_DESBasicDetails"/>
  <testcase name="basicDetails" time="161.160" classname="com.DES_April23.tc.TC005_DESBasicDetails"/>
  <testcase name="basicDetails" time="161.228" classname="com.DES_April23.tc.TC005_DESBasicDetails"/>
  <testcase name="basicDetails" time="161.378" classname="com.DES_April23.tc.TC005_DESBasicDetails"/>
  <testcase name="basicDetails" time="173.087" classname="com.DES_April23.tc.TC005_DESBasicDetails"/>
  <testcase name="basicDetails" time="161.455" classname="com.DES_April23.tc.TC005_DESBasicDetails"/>
  <testcase name="basicDetails" time="161.225" classname="com.DES_April23.tc.TC005_DESBasicDetails"/>
  <testcase name="basicDetails" time="161.906" classname="com.DES_April23.tc.TC005_DESBasicDetails"/>
  <testcase name="basicDetails" time="160.704" classname="com.DES_April23.tc.TC005_DESBasicDetails"/>
  <testcase name="basicDetails" time="161.423" classname="com.DES_April23.tc.TC005_DESBasicDetails"/>
  <testcase name="basicDetails" time="160.993" classname="com.DES_April23.tc.TC005_DESBasicDetails"/>
  <testcase name="basicDetails" time="160.798" classname="com.DES_April23.tc.TC005_DESBasicDetails"/>
  <testcase name="basicDetails" time="161.366" classname="com.DES_April23.tc.TC005_DESBasicDetails"/>
  <testcase name="basicDetails" time="161.027" classname="com.DES_April23.tc.TC005_DESBasicDetails"/>
  <testcase name="basicDetails" time="161.105" classname="com.DES_April23.tc.TC005_DESBasicDetails"/>
  <testcase name="basicDetails" time="161.262" classname="com.DES_April23.tc.TC005_DESBasicDetails"/>
  <testcase name="basicDetails" time="161.253" classname="com.DES_April23.tc.TC005_DESBasicDetails"/>
  <testcase name="basicDetails" time="173.537" classname="com.DES_April23.tc.TC005_DESBasicDetails"/>
  <testcase name="basicDetails" time="161.361" classname="com.DES_April23.tc.TC005_DESBasicDetails"/>
  <testcase name="basicDetails" time="160.792" classname="com.DES_April23.tc.TC005_DESBasicDetails"/>
  <testcase name="basicDetails" time="161.150" classname="com.DES_April23.tc.TC005_DESBasicDetails"/>
  <testcase name="basicDetails" time="161.395" classname="com.DES_April23.tc.TC005_DESBasicDetails"/>
  <testcase name="basicDetails" time="161.289" classname="com.DES_April23.tc.TC005_DESBasicDetails"/>
  <testcase name="basicDetails" time="160.983" classname="com.DES_April23.tc.TC005_DESBasicDetails"/>
  <testcase name="basicDetails" time="160.718" classname="com.DES_April23.tc.TC005_DESBasicDetails"/>
  <testcase name="basicDetails" time="161.258" classname="com.DES_April23.tc.TC005_DESBasicDetails"/>
  <testcase name="basicDetails" time="161.356" classname="com.DES_April23.tc.TC005_DESBasicDetails"/>
  <testcase name="basicDetails" time="161.612" classname="com.DES_April23.tc.TC005_DESBasicDetails"/>
  <testcase name="basicDetails" time="161.302" classname="com.DES_April23.tc.TC005_DESBasicDetails"/>
  <testcase name="basicDetails" time="160.941" classname="com.DES_April23.tc.TC005_DESBasicDetails"/>
  <testcase name="basicDetails" time="161.242" classname="com.DES_April23.tc.TC005_DESBasicDetails"/>
  <testcase name="basicDetails" time="161.238" classname="com.DES_April23.tc.TC005_DESBasicDetails"/>
  <testcase name="basicDetails" time="161.020" classname="com.DES_April23.tc.TC005_DESBasicDetails"/>
  <testcase name="basicDetails" time="160.939" classname="com.DES_April23.tc.TC005_DESBasicDetails"/>
  <testcase name="basicDetails" time="164.676" classname="com.DES_April23.tc.TC005_DESBasicDetails"/>
  <testcase name="basicDetails" time="161.027" classname="com.DES_April23.tc.TC005_DESBasicDetails"/>
  <testcase name="basicDetails" time="161.332" classname="com.DES_April23.tc.TC005_DESBasicDetails"/>
  <testcase name="basicDetails" time="164.497" classname="com.DES_April23.tc.TC005_DESBasicDetails"/>
  <testcase name="basicDetails" time="161.415" classname="com.DES_April23.tc.TC005_DESBasicDetails"/>
  <testcase name="basicDetails" time="160.958" classname="com.DES_April23.tc.TC005_DESBasicDetails"/>
  <testcase name="basicDetails" time="161.668" classname="com.DES_April23.tc.TC005_DESBasicDetails"/>
  <testcase name="basicDetails" time="164.387" classname="com.DES_April23.tc.TC005_DESBasicDetails"/>
  <testcase name="basicDetails" time="161.505" classname="com.DES_April23.tc.TC005_DESBasicDetails"/>
  <testcase name="basicDetails" time="161.346" classname="com.DES_April23.tc.TC005_DESBasicDetails"/>
  <testcase name="basicDetails" time="161.164" classname="com.DES_April23.tc.TC005_DESBasicDetails"/>
  <testcase name="basicDetails" time="161.188" classname="com.DES_April23.tc.TC005_DESBasicDetails"/>
  <testcase name="basicDetails" time="161.473" classname="com.DES_April23.tc.TC005_DESBasicDetails"/>
  <testcase name="basicDetails" time="161.047" classname="com.DES_April23.tc.TC005_DESBasicDetails"/>
  <testcase name="basicDetails" time="161.213" classname="com.DES_April23.tc.TC005_DESBasicDetails"/>
  <testcase name="basicDetails" time="161.208" classname="com.DES_April23.tc.TC005_DESBasicDetails"/>
  <testcase name="basicDetails" time="161.657" classname="com.DES_April23.tc.TC005_DESBasicDetails"/>
  <testcase name="basicDetails" time="161.169" classname="com.DES_April23.tc.TC005_DESBasicDetails"/>
  <testcase name="basicDetails" time="164.470" classname="com.DES_April23.tc.TC005_DESBasicDetails"/>
  <testcase name="basicDetails" time="161.022" classname="com.DES_April23.tc.TC005_DESBasicDetails"/>
  <testcase name="basicDetails" time="161.394" classname="com.DES_April23.tc.TC005_DESBasicDetails"/>
  <testcase name="basicDetails" time="161.277" classname="com.DES_April23.tc.TC005_DESBasicDetails"/>
  <testcase name="basicDetails" time="161.430" classname="com.DES_April23.tc.TC005_DESBasicDetails"/>
  <testcase name="basicDetails" time="161.063" classname="com.DES_April23.tc.TC005_DESBasicDetails"/>
  <testcase name="basicDetails" time="161.458" classname="com.DES_April23.tc.TC005_DESBasicDetails"/>
  <testcase name="basicDetails" time="160.785" classname="com.DES_April23.tc.TC005_DESBasicDetails"/>
  <testcase name="basicDetails" time="164.284" classname="com.DES_April23.tc.TC005_DESBasicDetails"/>
  <testcase name="basicDetails" time="161.144" classname="com.DES_April23.tc.TC005_DESBasicDetails"/>
  <testcase name="basicDetails" time="160.895" classname="com.DES_April23.tc.TC005_DESBasicDetails"/>
  <testcase name="basicDetails" time="161.317" classname="com.DES_April23.tc.TC005_DESBasicDetails"/>
  <testcase name="basicDetails" time="160.994" classname="com.DES_April23.tc.TC005_DESBasicDetails"/>
  <testcase name="basicDetails" time="161.373" classname="com.DES_April23.tc.TC005_DESBasicDetails"/>
  <testcase name="basicDetails" time="161.179" classname="com.DES_April23.tc.TC005_DESBasicDetails"/>
  <testcase name="basicDetails" time="161.444" classname="com.DES_April23.tc.TC005_DESBasicDetails"/>
</testsuite> <!-- com.DES_April23.tc.TC005_DESBasicDetails -->
