<?xml version="1.0" encoding="UTF-8"?>
<!-- Generated by org.testng.reporters.JUnitReportReporter -->
<testsuite hostname="MAA011253A" failures="0" tests="20" name="com.SBIPHARMACIST.tc.TC001_SBIBasicDetails" time="2539.549" errors="0" timestamp="2021-03-25T17:41:50 IST" skipped="0">
  <testcase classname="com.SBIPHARMACIST.tc.TC001_SBIBasicDetails" name="basicDetails" time="126.703"/>
  <testcase classname="com.SBIPHARMACIST.tc.TC001_SBIBasicDetails" name="basicDetails" time="127.469"/>
  <testcase classname="com.SBIPHARMACIST.tc.TC001_SBIBasicDetails" name="basicDetails" time="126.423"/>
  <testcase classname="com.SBIPHARMACIST.tc.TC001_SBIBasicDetails" name="basicDetails" time="126.780"/>
  <testcase classname="com.SBIPHARMACIST.tc.TC001_SBIBasicDetails" name="basicDetails" time="127.162"/>
  <testcase classname="com.SBIPHARMACIST.tc.TC001_SBIBasicDetails" name="basicDetails" time="126.983"/>
  <testcase classname="com.SBIPHARMACIST.tc.TC001_SBIBasicDetails" name="basicDetails" time="131.019"/>
  <testcase classname="com.SBIPHARMACIST.tc.TC001_SBIBasicDetails" name="basicDetails" time="126.384"/>
  <testcase classname="com.SBIPHARMACIST.tc.TC001_SBIBasicDetails" name="basicDetails" time="126.438"/>
  <testcase classname="com.SBIPHARMACIST.tc.TC001_SBIBasicDetails" name="basicDetails" time="126.342"/>
  <testcase classname="com.SBIPHARMACIST.tc.TC001_SBIBasicDetails" name="basicDetails" time="126.887"/>
  <testcase classname="com.SBIPHARMACIST.tc.TC001_SBIBasicDetails" name="basicDetails" time="126.634"/>
  <testcase classname="com.SBIPHARMACIST.tc.TC001_SBIBasicDetails" name="basicDetails" time="126.655"/>
  <testcase classname="com.SBIPHARMACIST.tc.TC001_SBIBasicDetails" name="basicDetails" time="126.606"/>
  <testcase classname="com.SBIPHARMACIST.tc.TC001_SBIBasicDetails" name="basicDetails" time="126.936"/>
  <testcase classname="com.SBIPHARMACIST.tc.TC001_SBIBasicDetails" name="basicDetails" time="126.567"/>
  <testcase classname="com.SBIPHARMACIST.tc.TC001_SBIBasicDetails" name="basicDetails" time="126.753"/>
  <testcase classname="com.SBIPHARMACIST.tc.TC001_SBIBasicDetails" name="basicDetails" time="126.915"/>
  <testcase classname="com.SBIPHARMACIST.tc.TC001_SBIBasicDetails" name="basicDetails" time="127.041"/>
  <testcase classname="com.SBIPHARMACIST.tc.TC001_SBIBasicDetails" name="basicDetails" time="126.852"/>
</testsuite> <!-- com.SBIPHARMACIST.tc.TC001_SBIBasicDetails -->
