<?xml version="1.0" encoding="UTF-8"?>
<!-- Generated by org.testng.reporters.JUnitReportReporter -->
<testsuite hostname="MAA011253A" failures="0" tests="2" name="com.CRP.tc.TC001_CRPBasicDetails" time="239.245" errors="0" timestamp="2021-09-06T17:30:42 IST" skipped="0">
  <testcase classname="com.CRP.tc.TC001_CRPBasicDetails" name="basicDetails" time="119.383"/>
  <testcase classname="com.CRP.tc.TC001_CRPBasicDetails" name="basicDetails" time="119.862"/>
</testsuite> <!-- com.CRP.tc.TC001_CRPBasicDetails -->
