<?xml version="1.0" encoding="UTF-8"?>
<!-- Generated by org.testng.reporters.JUnitReportReporter -->
<testsuite skipped="0" hostname="MAA014482B" name="com.IDBIRSCO.tc.TC001_IDBIRSCOBasicDetails" tests="50" failures="0" timestamp="2023-05-25T14:51:24 IST" time="8074.387" errors="0">
  <testcase name="basicDetails" time="162.109" classname="com.IDBIRSCO.tc.TC001_IDBIRSCOBasicDetails"/>
  <testcase name="basicDetails" time="162.199" classname="com.IDBIRSCO.tc.TC001_IDBIRSCOBasicDetails"/>
  <testcase name="basicDetails" time="161.200" classname="com.IDBIRSCO.tc.TC001_IDBIRSCOBasicDetails"/>
  <testcase name="basicDetails" time="161.203" classname="com.IDBIRSCO.tc.TC001_IDBIRSCOBasicDetails"/>
  <testcase name="basicDetails" time="161.484" classname="com.IDBIRSCO.tc.TC001_IDBIRSCOBasicDetails"/>
  <testcase name="basicDetails" time="161.162" classname="com.IDBIRSCO.tc.TC001_IDBIRSCOBasicDetails"/>
  <testcase name="basicDetails" time="160.560" classname="com.IDBIRSCO.tc.TC001_IDBIRSCOBasicDetails"/>
  <testcase name="basicDetails" time="161.101" classname="com.IDBIRSCO.tc.TC001_IDBIRSCOBasicDetails"/>
  <testcase name="basicDetails" time="160.310" classname="com.IDBIRSCO.tc.TC001_IDBIRSCOBasicDetails"/>
  <testcase name="basicDetails" time="160.619" classname="com.IDBIRSCO.tc.TC001_IDBIRSCOBasicDetails"/>
  <testcase name="basicDetails" time="162.572" classname="com.IDBIRSCO.tc.TC001_IDBIRSCOBasicDetails"/>
  <testcase name="basicDetails" time="162.615" classname="com.IDBIRSCO.tc.TC001_IDBIRSCOBasicDetails"/>
  <testcase name="basicDetails" time="162.635" classname="com.IDBIRSCO.tc.TC001_IDBIRSCOBasicDetails"/>
  <testcase name="basicDetails" time="160.658" classname="com.IDBIRSCO.tc.TC001_IDBIRSCOBasicDetails"/>
  <testcase name="basicDetails" time="161.055" classname="com.IDBIRSCO.tc.TC001_IDBIRSCOBasicDetails"/>
  <testcase name="basicDetails" time="161.201" classname="com.IDBIRSCO.tc.TC001_IDBIRSCOBasicDetails"/>
  <testcase name="basicDetails" time="161.478" classname="com.IDBIRSCO.tc.TC001_IDBIRSCOBasicDetails"/>
  <testcase name="basicDetails" time="160.103" classname="com.IDBIRSCO.tc.TC001_IDBIRSCOBasicDetails"/>
  <testcase name="basicDetails" time="162.363" classname="com.IDBIRSCO.tc.TC001_IDBIRSCOBasicDetails"/>
  <testcase name="basicDetails" time="161.201" classname="com.IDBIRSCO.tc.TC001_IDBIRSCOBasicDetails"/>
  <testcase name="basicDetails" time="161.605" classname="com.IDBIRSCO.tc.TC001_IDBIRSCOBasicDetails"/>
  <testcase name="basicDetails" time="162.446" classname="com.IDBIRSCO.tc.TC001_IDBIRSCOBasicDetails"/>
  <testcase name="basicDetails" time="161.062" classname="com.IDBIRSCO.tc.TC001_IDBIRSCOBasicDetails"/>
  <testcase name="basicDetails" time="161.917" classname="com.IDBIRSCO.tc.TC001_IDBIRSCOBasicDetails"/>
  <testcase name="basicDetails" time="160.763" classname="com.IDBIRSCO.tc.TC001_IDBIRSCOBasicDetails"/>
  <testcase name="basicDetails" time="161.390" classname="com.IDBIRSCO.tc.TC001_IDBIRSCOBasicDetails"/>
  <testcase name="basicDetails" time="161.776" classname="com.IDBIRSCO.tc.TC001_IDBIRSCOBasicDetails"/>
  <testcase name="basicDetails" time="160.175" classname="com.IDBIRSCO.tc.TC001_IDBIRSCOBasicDetails"/>
  <testcase name="basicDetails" time="160.512" classname="com.IDBIRSCO.tc.TC001_IDBIRSCOBasicDetails"/>
  <testcase name="basicDetails" time="162.535" classname="com.IDBIRSCO.tc.TC001_IDBIRSCOBasicDetails"/>
  <testcase name="basicDetails" time="160.569" classname="com.IDBIRSCO.tc.TC001_IDBIRSCOBasicDetails"/>
  <testcase name="basicDetails" time="160.610" classname="com.IDBIRSCO.tc.TC001_IDBIRSCOBasicDetails"/>
  <testcase name="basicDetails" time="161.495" classname="com.IDBIRSCO.tc.TC001_IDBIRSCOBasicDetails"/>
  <testcase name="basicDetails" time="162.516" classname="com.IDBIRSCO.tc.TC001_IDBIRSCOBasicDetails"/>
  <testcase name="basicDetails" time="162.244" classname="com.IDBIRSCO.tc.TC001_IDBIRSCOBasicDetails"/>
  <testcase name="basicDetails" time="160.734" classname="com.IDBIRSCO.tc.TC001_IDBIRSCOBasicDetails"/>
  <testcase name="basicDetails" time="161.958" classname="com.IDBIRSCO.tc.TC001_IDBIRSCOBasicDetails"/>
  <testcase name="basicDetails" time="162.048" classname="com.IDBIRSCO.tc.TC001_IDBIRSCOBasicDetails"/>
  <testcase name="basicDetails" time="161.982" classname="com.IDBIRSCO.tc.TC001_IDBIRSCOBasicDetails"/>
  <testcase name="basicDetails" time="160.568" classname="com.IDBIRSCO.tc.TC001_IDBIRSCOBasicDetails"/>
  <testcase name="basicDetails" time="162.279" classname="com.IDBIRSCO.tc.TC001_IDBIRSCOBasicDetails"/>
  <testcase name="basicDetails" time="161.579" classname="com.IDBIRSCO.tc.TC001_IDBIRSCOBasicDetails"/>
  <testcase name="basicDetails" time="160.761" classname="com.IDBIRSCO.tc.TC001_IDBIRSCOBasicDetails"/>
  <testcase name="basicDetails" time="160.937" classname="com.IDBIRSCO.tc.TC001_IDBIRSCOBasicDetails"/>
  <testcase name="basicDetails" time="166.909" classname="com.IDBIRSCO.tc.TC001_IDBIRSCOBasicDetails"/>
  <testcase name="basicDetails" time="160.760" classname="com.IDBIRSCO.tc.TC001_IDBIRSCOBasicDetails"/>
  <testcase name="basicDetails" time="161.451" classname="com.IDBIRSCO.tc.TC001_IDBIRSCOBasicDetails"/>
  <testcase name="basicDetails" time="160.676" classname="com.IDBIRSCO.tc.TC001_IDBIRSCOBasicDetails"/>
  <testcase name="basicDetails" time="161.572" classname="com.IDBIRSCO.tc.TC001_IDBIRSCOBasicDetails"/>
  <testcase name="basicDetails" time="160.730" classname="com.IDBIRSCO.tc.TC001_IDBIRSCOBasicDetails"/>
</testsuite> <!-- com.IDBIRSCO.tc.TC001_IDBIRSCOBasicDetails -->
