<?xml version="1.0" encoding="UTF-8"?>
<!-- Generated by org.testng.reporters.JUnitReportReporter -->
<testsuite skipped="0" hostname="MAA014482B" name="com.MPRSB_06022023.tc.TC005_MPRSBBasicDetails" tests="8" failures="0" timestamp="2023-03-09T12:21:36 IST" time="1322.717" errors="0">
  <testcase name="basicDetails" time="159.776" classname="com.MPRSB_06022023.tc.TC005_MPRSBBasicDetails"/>
  <testcase name="basicDetails" time="189.924" classname="com.MPRSB_06022023.tc.TC005_MPRSBBasicDetails"/>
  <testcase name="basicDetails" time="168.381" classname="com.MPRSB_06022023.tc.TC005_MPRSBBasicDetails"/>
  <testcase name="basicDetails" time="161.867" classname="com.MPRSB_06022023.tc.TC005_MPRSBBasicDetails"/>
  <testcase name="basicDetails" time="159.574" classname="com.MPRSB_06022023.tc.TC005_MPRSBBasicDetails"/>
  <testcase name="basicDetails" time="162.204" classname="com.MPRSB_06022023.tc.TC005_MPRSBBasicDetails"/>
  <testcase name="basicDetails" time="161.606" classname="com.MPRSB_06022023.tc.TC005_MPRSBBasicDetails"/>
  <testcase name="basicDetails" time="159.385" classname="com.MPRSB_06022023.tc.TC005_MPRSBBasicDetails"/>
</testsuite> <!-- com.MPRSB_06022023.tc.TC005_MPRSBBasicDetails -->
