<?xml version="1.0" encoding="UTF-8"?>
<!-- Generated by org.testng.reporters.JUnitReportReporter -->
<testsuite skipped="0" hostname="MAA014482B" name="com.MSPGCT.tc.TC002_MSPGCTBasicDetails" tests="16" failures="0" timestamp="2023-06-28T17:31:00 IST" time="2583.946" errors="0">
  <testcase name="basicDetails" time="160.575" classname="com.MSPGCT.tc.TC002_MSPGCTBasicDetails"/>
  <testcase name="basicDetails" time="160.704" classname="com.MSPGCT.tc.TC002_MSPGCTBasicDetails"/>
  <testcase name="basicDetails" time="161.258" classname="com.MSPGCT.tc.TC002_MSPGCTBasicDetails"/>
  <testcase name="basicDetails" time="160.404" classname="com.MSPGCT.tc.TC002_MSPGCTBasicDetails"/>
  <testcase name="basicDetails" time="161.405" classname="com.MSPGCT.tc.TC002_MSPGCTBasicDetails"/>
  <testcase name="basicDetails" time="160.754" classname="com.MSPGCT.tc.TC002_MSPGCTBasicDetails"/>
  <testcase name="basicDetails" time="160.564" classname="com.MSPGCT.tc.TC002_MSPGCTBasicDetails"/>
  <testcase name="basicDetails" time="171.804" classname="com.MSPGCT.tc.TC002_MSPGCTBasicDetails"/>
  <testcase name="basicDetails" time="160.777" classname="com.MSPGCT.tc.TC002_MSPGCTBasicDetails"/>
  <testcase name="basicDetails" time="160.700" classname="com.MSPGCT.tc.TC002_MSPGCTBasicDetails"/>
  <testcase name="basicDetails" time="160.413" classname="com.MSPGCT.tc.TC002_MSPGCTBasicDetails"/>
  <testcase name="basicDetails" time="160.576" classname="com.MSPGCT.tc.TC002_MSPGCTBasicDetails"/>
  <testcase name="basicDetails" time="160.827" classname="com.MSPGCT.tc.TC002_MSPGCTBasicDetails"/>
  <testcase name="basicDetails" time="161.361" classname="com.MSPGCT.tc.TC002_MSPGCTBasicDetails"/>
  <testcase name="basicDetails" time="161.163" classname="com.MSPGCT.tc.TC002_MSPGCTBasicDetails"/>
  <testcase name="basicDetails" time="160.661" classname="com.MSPGCT.tc.TC002_MSPGCTBasicDetails"/>
</testsuite> <!-- com.MSPGCT.tc.TC002_MSPGCTBasicDetails -->
