<?xml version="1.0" encoding="UTF-8"?>
<!-- Generated by org.testng.reporters.JUnitReportReporter -->
<testsuite hostname="MAA011253A" failures="0" tests="51" name="com.UCO.tc.TC004_UCOBasicDetails" time="6314.674" errors="1" timestamp="2020-10-15T14:29:43 IST" skipped="0">
  <testcase classname="com.UCO.tc.TC004_UCOBasicDetails" name="basicDetails" time="125.837"/>
  <testcase classname="com.UCO.tc.TC004_UCOBasicDetails" name="basicDetails" time="125.630"/>
  <testcase classname="com.UCO.tc.TC004_UCOBasicDetails" name="basicDetails" time="125.722"/>
  <testcase classname="com.UCO.tc.TC004_UCOBasicDetails" name="basicDetails" time="125.346"/>
  <testcase classname="com.UCO.tc.TC004_UCOBasicDetails" name="basicDetails" time="125.402"/>
  <testcase classname="com.UCO.tc.TC004_UCOBasicDetails" name="basicDetails" time="134.360"/>
  <testcase classname="com.UCO.tc.TC004_UCOBasicDetails" name="basicDetails" time="125.367"/>
  <testcase classname="com.UCO.tc.TC004_UCOBasicDetails" name="basicDetails" time="127.284"/>
  <testcase classname="com.UCO.tc.TC004_UCOBasicDetails" name="basicDetails" time="125.444"/>
  <testcase classname="com.UCO.tc.TC004_UCOBasicDetails" name="basicDetails" time="125.198"/>
  <testcase classname="com.UCO.tc.TC004_UCOBasicDetails" name="basicDetails" time="126.116"/>
  <testcase classname="com.UCO.tc.TC004_UCOBasicDetails" name="basicDetails" time="125.477"/>
  <testcase classname="com.UCO.tc.TC004_UCOBasicDetails" name="basicDetails" time="125.675"/>
  <testcase classname="com.UCO.tc.TC004_UCOBasicDetails" name="basicDetails" time="125.967"/>
  <testcase classname="com.UCO.tc.TC004_UCOBasicDetails" name="basicDetails" time="125.121"/>
  <testcase classname="com.UCO.tc.TC004_UCOBasicDetails" name="basicDetails" time="127.776"/>
  <testcase classname="com.UCO.tc.TC004_UCOBasicDetails" name="basicDetails" time="126.284"/>
  <testcase classname="com.UCO.tc.TC004_UCOBasicDetails" name="basicDetails" time="125.706"/>
  <testcase classname="com.UCO.tc.TC004_UCOBasicDetails" name="basicDetails" time="125.784"/>
  <testcase classname="com.UCO.tc.TC004_UCOBasicDetails" name="basicDetails" time="125.684"/>
  <testcase classname="com.UCO.tc.TC004_UCOBasicDetails" name="basicDetails" time="128.947"/>
  <testcase classname="com.UCO.tc.TC004_UCOBasicDetails" name="basicDetails" time="126.696"/>
  <testcase classname="com.UCO.tc.TC004_UCOBasicDetails" name="afterClass" time="1.309">
    <error type="java.lang.NullPointerException">
      <![CDATA[java.lang.NullPointerException
at lib.utils.HTMLReporter.reportStep(HTMLReporter.java:73)
at lib.selenium.WebDriverServiceImpl.closeAllBrowsers(WebDriverServiceImpl.java:495)
at lib.selenium.PreAndPost.afterClass(PreAndPost.java:71)
at java.base/jdk.internal.reflect.NativeMethodAccessorImpl.invoke0(Native Method)
at java.base/jdk.internal.reflect.NativeMethodAccessorImpl.invoke(Unknown Source)
at java.base/jdk.internal.reflect.DelegatingMethodAccessorImpl.invoke(Unknown Source)
at java.base/java.lang.reflect.Method.invoke(Unknown Source)
at org.testng.internal.MethodInvocationHelper.invokeMethod(MethodInvocationHelper.java:133)
at org.testng.internal.MethodInvocationHelper.invokeMethodConsideringTimeout(MethodInvocationHelper.java:62)
at org.testng.internal.ConfigInvoker.invokeConfigurationMethod(ConfigInvoker.java:340)
at org.testng.internal.ConfigInvoker.invokeConfigurations(ConfigInvoker.java:294)
at org.testng.internal.TestMethodWorker.invokeAfterClassMethods(TestMethodWorker.java:217)
at org.testng.internal.TestMethodWorker.run(TestMethodWorker.java:130)
at java.base/java.util.concurrent.ThreadPoolExecutor.runWorker(Unknown Source)
at java.base/java.util.concurrent.ThreadPoolExecutor$Worker.run(Unknown Source)
at java.base/java.lang.Thread.run(Unknown Source)
]]>
    </error>
  </testcase> <!-- afterClass -->
  <testcase classname="com.UCO.tc.TC004_UCOBasicDetails" name="basicDetails" time="125.823"/>
  <testcase classname="com.UCO.tc.TC004_UCOBasicDetails" name="basicDetails" time="127.524"/>
  <testcase classname="com.UCO.tc.TC004_UCOBasicDetails" name="basicDetails" time="125.612"/>
  <testcase classname="com.UCO.tc.TC004_UCOBasicDetails" name="basicDetails" time="127.756"/>
  <testcase classname="com.UCO.tc.TC004_UCOBasicDetails" name="basicDetails" time="127.526"/>
  <testcase classname="com.UCO.tc.TC004_UCOBasicDetails" name="basicDetails" time="125.341"/>
  <testcase classname="com.UCO.tc.TC004_UCOBasicDetails" name="basicDetails" time="125.866"/>
  <testcase classname="com.UCO.tc.TC004_UCOBasicDetails" name="basicDetails" time="128.427"/>
  <testcase classname="com.UCO.tc.TC004_UCOBasicDetails" name="basicDetails" time="125.287"/>
  <testcase classname="com.UCO.tc.TC004_UCOBasicDetails" name="basicDetails" time="125.423"/>
  <testcase classname="com.UCO.tc.TC004_UCOBasicDetails" name="basicDetails" time="125.376"/>
  <testcase classname="com.UCO.tc.TC004_UCOBasicDetails" name="basicDetails" time="125.406"/>
  <testcase classname="com.UCO.tc.TC004_UCOBasicDetails" name="basicDetails" time="126.221"/>
  <testcase classname="com.UCO.tc.TC004_UCOBasicDetails" name="basicDetails" time="125.818"/>
  <testcase classname="com.UCO.tc.TC004_UCOBasicDetails" name="basicDetails" time="125.306"/>
  <testcase classname="com.UCO.tc.TC004_UCOBasicDetails" name="basicDetails" time="127.301"/>
  <testcase classname="com.UCO.tc.TC004_UCOBasicDetails" name="basicDetails" time="125.484"/>
  <testcase classname="com.UCO.tc.TC004_UCOBasicDetails" name="basicDetails" time="125.885"/>
  <testcase classname="com.UCO.tc.TC004_UCOBasicDetails" name="basicDetails" time="125.340"/>
  <testcase classname="com.UCO.tc.TC004_UCOBasicDetails" name="basicDetails" time="125.621"/>
  <testcase classname="com.UCO.tc.TC004_UCOBasicDetails" name="basicDetails" time="125.502"/>
  <testcase classname="com.UCO.tc.TC004_UCOBasicDetails" name="basicDetails" time="125.090"/>
  <testcase classname="com.UCO.tc.TC004_UCOBasicDetails" name="basicDetails" time="125.131"/>
  <testcase classname="com.UCO.tc.TC004_UCOBasicDetails" name="basicDetails" time="125.757"/>
  <testcase classname="com.UCO.tc.TC004_UCOBasicDetails" name="basicDetails" time="126.055"/>
  <testcase classname="com.UCO.tc.TC004_UCOBasicDetails" name="basicDetails" time="127.916"/>
  <testcase classname="com.UCO.tc.TC004_UCOBasicDetails" name="basicDetails" time="125.839"/>
  <testcase classname="com.UCO.tc.TC004_UCOBasicDetails" name="basicDetails" time="128.909"/>
</testsuite> <!-- com.UCO.tc.TC004_UCOBasicDetails -->
