<?xml version="1.0" encoding="UTF-8"?>
<!-- Generated by org.testng.reporters.JUnitReportReporter -->
<testsuite skipped="0" hostname="MAA014482B" name="com.BMC_April23.tc.TC005_BMCBasicDetails" tests="180" failures="0" timestamp="2023-05-05T23:31:22 IST" time="27855.980" errors="0">
  <testcase name="basicDetails" time="155.118" classname="com.BMC_April23.tc.TC005_BMCBasicDetails"/>
  <testcase name="basicDetails" time="155.350" classname="com.BMC_April23.tc.TC005_BMCBasicDetails"/>
  <testcase name="basicDetails" time="154.705" classname="com.BMC_April23.tc.TC005_BMCBasicDetails"/>
  <testcase name="basicDetails" time="155.326" classname="com.BMC_April23.tc.TC005_BMCBasicDetails"/>
  <testcase name="basicDetails" time="154.674" classname="com.BMC_April23.tc.TC005_BMCBasicDetails"/>
  <testcase name="basicDetails" time="154.679" classname="com.BMC_April23.tc.TC005_BMCBasicDetails"/>
  <testcase name="basicDetails" time="154.438" classname="com.BMC_April23.tc.TC005_BMCBasicDetails"/>
  <testcase name="basicDetails" time="154.302" classname="com.BMC_April23.tc.TC005_BMCBasicDetails"/>
  <testcase name="basicDetails" time="155.414" classname="com.BMC_April23.tc.TC005_BMCBasicDetails"/>
  <testcase name="basicDetails" time="154.391" classname="com.BMC_April23.tc.TC005_BMCBasicDetails"/>
  <testcase name="basicDetails" time="154.820" classname="com.BMC_April23.tc.TC005_BMCBasicDetails"/>
  <testcase name="basicDetails" time="154.686" classname="com.BMC_April23.tc.TC005_BMCBasicDetails"/>
  <testcase name="basicDetails" time="154.451" classname="com.BMC_April23.tc.TC005_BMCBasicDetails"/>
  <testcase name="basicDetails" time="154.711" classname="com.BMC_April23.tc.TC005_BMCBasicDetails"/>
  <testcase name="basicDetails" time="154.661" classname="com.BMC_April23.tc.TC005_BMCBasicDetails"/>
  <testcase name="basicDetails" time="154.287" classname="com.BMC_April23.tc.TC005_BMCBasicDetails"/>
  <testcase name="basicDetails" time="154.584" classname="com.BMC_April23.tc.TC005_BMCBasicDetails"/>
  <testcase name="basicDetails" time="154.917" classname="com.BMC_April23.tc.TC005_BMCBasicDetails"/>
  <testcase name="basicDetails" time="155.897" classname="com.BMC_April23.tc.TC005_BMCBasicDetails"/>
  <testcase name="basicDetails" time="154.417" classname="com.BMC_April23.tc.TC005_BMCBasicDetails"/>
  <testcase name="basicDetails" time="155.309" classname="com.BMC_April23.tc.TC005_BMCBasicDetails"/>
  <testcase name="basicDetails" time="154.745" classname="com.BMC_April23.tc.TC005_BMCBasicDetails"/>
  <testcase name="basicDetails" time="155.132" classname="com.BMC_April23.tc.TC005_BMCBasicDetails"/>
  <testcase name="basicDetails" time="154.663" classname="com.BMC_April23.tc.TC005_BMCBasicDetails"/>
  <testcase name="basicDetails" time="154.819" classname="com.BMC_April23.tc.TC005_BMCBasicDetails"/>
  <testcase name="basicDetails" time="154.487" classname="com.BMC_April23.tc.TC005_BMCBasicDetails"/>
  <testcase name="basicDetails" time="154.569" classname="com.BMC_April23.tc.TC005_BMCBasicDetails"/>
  <testcase name="basicDetails" time="154.540" classname="com.BMC_April23.tc.TC005_BMCBasicDetails"/>
  <testcase name="basicDetails" time="154.459" classname="com.BMC_April23.tc.TC005_BMCBasicDetails"/>
  <testcase name="basicDetails" time="154.802" classname="com.BMC_April23.tc.TC005_BMCBasicDetails"/>
  <testcase name="basicDetails" time="158.948" classname="com.BMC_April23.tc.TC005_BMCBasicDetails"/>
  <testcase name="basicDetails" time="154.179" classname="com.BMC_April23.tc.TC005_BMCBasicDetails"/>
  <testcase name="basicDetails" time="154.989" classname="com.BMC_April23.tc.TC005_BMCBasicDetails"/>
  <testcase name="basicDetails" time="154.791" classname="com.BMC_April23.tc.TC005_BMCBasicDetails"/>
  <testcase name="basicDetails" time="154.761" classname="com.BMC_April23.tc.TC005_BMCBasicDetails"/>
  <testcase name="basicDetails" time="154.531" classname="com.BMC_April23.tc.TC005_BMCBasicDetails"/>
  <testcase name="basicDetails" time="154.498" classname="com.BMC_April23.tc.TC005_BMCBasicDetails"/>
  <testcase name="basicDetails" time="154.324" classname="com.BMC_April23.tc.TC005_BMCBasicDetails"/>
  <testcase name="basicDetails" time="154.265" classname="com.BMC_April23.tc.TC005_BMCBasicDetails"/>
  <testcase name="basicDetails" time="154.756" classname="com.BMC_April23.tc.TC005_BMCBasicDetails"/>
  <testcase name="basicDetails" time="155.128" classname="com.BMC_April23.tc.TC005_BMCBasicDetails"/>
  <testcase name="basicDetails" time="154.894" classname="com.BMC_April23.tc.TC005_BMCBasicDetails"/>
  <testcase name="basicDetails" time="154.583" classname="com.BMC_April23.tc.TC005_BMCBasicDetails"/>
  <testcase name="basicDetails" time="154.151" classname="com.BMC_April23.tc.TC005_BMCBasicDetails"/>
  <testcase name="basicDetails" time="154.684" classname="com.BMC_April23.tc.TC005_BMCBasicDetails"/>
  <testcase name="basicDetails" time="154.968" classname="com.BMC_April23.tc.TC005_BMCBasicDetails"/>
  <testcase name="basicDetails" time="154.746" classname="com.BMC_April23.tc.TC005_BMCBasicDetails"/>
  <testcase name="basicDetails" time="154.866" classname="com.BMC_April23.tc.TC005_BMCBasicDetails"/>
  <testcase name="basicDetails" time="155.202" classname="com.BMC_April23.tc.TC005_BMCBasicDetails"/>
  <testcase name="basicDetails" time="154.902" classname="com.BMC_April23.tc.TC005_BMCBasicDetails"/>
  <testcase name="basicDetails" time="155.149" classname="com.BMC_April23.tc.TC005_BMCBasicDetails"/>
  <testcase name="basicDetails" time="155.370" classname="com.BMC_April23.tc.TC005_BMCBasicDetails"/>
  <testcase name="basicDetails" time="154.116" classname="com.BMC_April23.tc.TC005_BMCBasicDetails"/>
  <testcase name="basicDetails" time="154.872" classname="com.BMC_April23.tc.TC005_BMCBasicDetails"/>
  <testcase name="basicDetails" time="155.188" classname="com.BMC_April23.tc.TC005_BMCBasicDetails"/>
  <testcase name="basicDetails" time="154.680" classname="com.BMC_April23.tc.TC005_BMCBasicDetails"/>
  <testcase name="basicDetails" time="155.026" classname="com.BMC_April23.tc.TC005_BMCBasicDetails"/>
  <testcase name="basicDetails" time="154.792" classname="com.BMC_April23.tc.TC005_BMCBasicDetails"/>
  <testcase name="basicDetails" time="155.007" classname="com.BMC_April23.tc.TC005_BMCBasicDetails"/>
  <testcase name="basicDetails" time="154.489" classname="com.BMC_April23.tc.TC005_BMCBasicDetails"/>
  <testcase name="basicDetails" time="154.618" classname="com.BMC_April23.tc.TC005_BMCBasicDetails"/>
  <testcase name="basicDetails" time="155.394" classname="com.BMC_April23.tc.TC005_BMCBasicDetails"/>
  <testcase name="basicDetails" time="154.052" classname="com.BMC_April23.tc.TC005_BMCBasicDetails"/>
  <testcase name="basicDetails" time="155.161" classname="com.BMC_April23.tc.TC005_BMCBasicDetails"/>
  <testcase name="basicDetails" time="154.792" classname="com.BMC_April23.tc.TC005_BMCBasicDetails"/>
  <testcase name="basicDetails" time="154.802" classname="com.BMC_April23.tc.TC005_BMCBasicDetails"/>
  <testcase name="basicDetails" time="154.563" classname="com.BMC_April23.tc.TC005_BMCBasicDetails"/>
  <testcase name="basicDetails" time="154.348" classname="com.BMC_April23.tc.TC005_BMCBasicDetails"/>
  <testcase name="basicDetails" time="154.428" classname="com.BMC_April23.tc.TC005_BMCBasicDetails"/>
  <testcase name="basicDetails" time="154.782" classname="com.BMC_April23.tc.TC005_BMCBasicDetails"/>
  <testcase name="basicDetails" time="154.857" classname="com.BMC_April23.tc.TC005_BMCBasicDetails"/>
  <testcase name="basicDetails" time="155.167" classname="com.BMC_April23.tc.TC005_BMCBasicDetails"/>
  <testcase name="basicDetails" time="154.673" classname="com.BMC_April23.tc.TC005_BMCBasicDetails"/>
  <testcase name="basicDetails" time="156.230" classname="com.BMC_April23.tc.TC005_BMCBasicDetails"/>
  <testcase name="basicDetails" time="155.354" classname="com.BMC_April23.tc.TC005_BMCBasicDetails"/>
  <testcase name="basicDetails" time="154.834" classname="com.BMC_April23.tc.TC005_BMCBasicDetails"/>
  <testcase name="basicDetails" time="154.851" classname="com.BMC_April23.tc.TC005_BMCBasicDetails"/>
  <testcase name="basicDetails" time="155.301" classname="com.BMC_April23.tc.TC005_BMCBasicDetails"/>
  <testcase name="basicDetails" time="154.328" classname="com.BMC_April23.tc.TC005_BMCBasicDetails"/>
  <testcase name="basicDetails" time="154.682" classname="com.BMC_April23.tc.TC005_BMCBasicDetails"/>
  <testcase name="basicDetails" time="154.209" classname="com.BMC_April23.tc.TC005_BMCBasicDetails"/>
  <testcase name="basicDetails" time="154.358" classname="com.BMC_April23.tc.TC005_BMCBasicDetails"/>
  <testcase name="basicDetails" time="155.326" classname="com.BMC_April23.tc.TC005_BMCBasicDetails"/>
  <testcase name="basicDetails" time="154.653" classname="com.BMC_April23.tc.TC005_BMCBasicDetails"/>
  <testcase name="basicDetails" time="155.173" classname="com.BMC_April23.tc.TC005_BMCBasicDetails"/>
  <testcase name="basicDetails" time="154.861" classname="com.BMC_April23.tc.TC005_BMCBasicDetails"/>
  <testcase name="basicDetails" time="154.525" classname="com.BMC_April23.tc.TC005_BMCBasicDetails"/>
  <testcase name="basicDetails" time="154.603" classname="com.BMC_April23.tc.TC005_BMCBasicDetails"/>
  <testcase name="basicDetails" time="155.212" classname="com.BMC_April23.tc.TC005_BMCBasicDetails"/>
  <testcase name="basicDetails" time="155.623" classname="com.BMC_April23.tc.TC005_BMCBasicDetails"/>
  <testcase name="basicDetails" time="154.431" classname="com.BMC_April23.tc.TC005_BMCBasicDetails"/>
  <testcase name="basicDetails" time="154.716" classname="com.BMC_April23.tc.TC005_BMCBasicDetails"/>
  <testcase name="basicDetails" time="155.163" classname="com.BMC_April23.tc.TC005_BMCBasicDetails"/>
  <testcase name="basicDetails" time="154.510" classname="com.BMC_April23.tc.TC005_BMCBasicDetails"/>
  <testcase name="basicDetails" time="154.162" classname="com.BMC_April23.tc.TC005_BMCBasicDetails"/>
  <testcase name="basicDetails" time="155.444" classname="com.BMC_April23.tc.TC005_BMCBasicDetails"/>
  <testcase name="basicDetails" time="154.193" classname="com.BMC_April23.tc.TC005_BMCBasicDetails"/>
  <testcase name="basicDetails" time="154.650" classname="com.BMC_April23.tc.TC005_BMCBasicDetails"/>
  <testcase name="basicDetails" time="154.893" classname="com.BMC_April23.tc.TC005_BMCBasicDetails"/>
  <testcase name="basicDetails" time="154.320" classname="com.BMC_April23.tc.TC005_BMCBasicDetails"/>
  <testcase name="basicDetails" time="154.349" classname="com.BMC_April23.tc.TC005_BMCBasicDetails"/>
  <testcase name="basicDetails" time="155.125" classname="com.BMC_April23.tc.TC005_BMCBasicDetails"/>
  <testcase name="basicDetails" time="154.512" classname="com.BMC_April23.tc.TC005_BMCBasicDetails"/>
  <testcase name="basicDetails" time="154.690" classname="com.BMC_April23.tc.TC005_BMCBasicDetails"/>
  <testcase name="basicDetails" time="154.797" classname="com.BMC_April23.tc.TC005_BMCBasicDetails"/>
  <testcase name="basicDetails" time="154.151" classname="com.BMC_April23.tc.TC005_BMCBasicDetails"/>
  <testcase name="basicDetails" time="155.456" classname="com.BMC_April23.tc.TC005_BMCBasicDetails"/>
  <testcase name="basicDetails" time="154.642" classname="com.BMC_April23.tc.TC005_BMCBasicDetails"/>
  <testcase name="basicDetails" time="154.802" classname="com.BMC_April23.tc.TC005_BMCBasicDetails"/>
  <testcase name="basicDetails" time="154.821" classname="com.BMC_April23.tc.TC005_BMCBasicDetails"/>
  <testcase name="basicDetails" time="154.640" classname="com.BMC_April23.tc.TC005_BMCBasicDetails"/>
  <testcase name="basicDetails" time="154.434" classname="com.BMC_April23.tc.TC005_BMCBasicDetails"/>
  <testcase name="basicDetails" time="154.631" classname="com.BMC_April23.tc.TC005_BMCBasicDetails"/>
  <testcase name="basicDetails" time="154.312" classname="com.BMC_April23.tc.TC005_BMCBasicDetails"/>
  <testcase name="basicDetails" time="154.957" classname="com.BMC_April23.tc.TC005_BMCBasicDetails"/>
  <testcase name="basicDetails" time="154.854" classname="com.BMC_April23.tc.TC005_BMCBasicDetails"/>
  <testcase name="basicDetails" time="155.175" classname="com.BMC_April23.tc.TC005_BMCBasicDetails"/>
  <testcase name="basicDetails" time="154.936" classname="com.BMC_April23.tc.TC005_BMCBasicDetails"/>
  <testcase name="basicDetails" time="155.080" classname="com.BMC_April23.tc.TC005_BMCBasicDetails"/>
  <testcase name="basicDetails" time="154.405" classname="com.BMC_April23.tc.TC005_BMCBasicDetails"/>
  <testcase name="basicDetails" time="154.806" classname="com.BMC_April23.tc.TC005_BMCBasicDetails"/>
  <testcase name="basicDetails" time="154.450" classname="com.BMC_April23.tc.TC005_BMCBasicDetails"/>
  <testcase name="basicDetails" time="154.707" classname="com.BMC_April23.tc.TC005_BMCBasicDetails"/>
  <testcase name="basicDetails" time="154.352" classname="com.BMC_April23.tc.TC005_BMCBasicDetails"/>
  <testcase name="basicDetails" time="154.703" classname="com.BMC_April23.tc.TC005_BMCBasicDetails"/>
  <testcase name="basicDetails" time="154.505" classname="com.BMC_April23.tc.TC005_BMCBasicDetails"/>
  <testcase name="basicDetails" time="155.207" classname="com.BMC_April23.tc.TC005_BMCBasicDetails"/>
  <testcase name="basicDetails" time="154.835" classname="com.BMC_April23.tc.TC005_BMCBasicDetails"/>
  <testcase name="basicDetails" time="154.622" classname="com.BMC_April23.tc.TC005_BMCBasicDetails"/>
  <testcase name="basicDetails" time="154.307" classname="com.BMC_April23.tc.TC005_BMCBasicDetails"/>
  <testcase name="basicDetails" time="154.287" classname="com.BMC_April23.tc.TC005_BMCBasicDetails"/>
  <testcase name="basicDetails" time="154.497" classname="com.BMC_April23.tc.TC005_BMCBasicDetails"/>
  <testcase name="basicDetails" time="154.208" classname="com.BMC_April23.tc.TC005_BMCBasicDetails"/>
  <testcase name="basicDetails" time="154.515" classname="com.BMC_April23.tc.TC005_BMCBasicDetails"/>
  <testcase name="basicDetails" time="154.883" classname="com.BMC_April23.tc.TC005_BMCBasicDetails"/>
  <testcase name="basicDetails" time="154.674" classname="com.BMC_April23.tc.TC005_BMCBasicDetails"/>
  <testcase name="basicDetails" time="155.292" classname="com.BMC_April23.tc.TC005_BMCBasicDetails"/>
  <testcase name="basicDetails" time="154.610" classname="com.BMC_April23.tc.TC005_BMCBasicDetails"/>
  <testcase name="basicDetails" time="155.100" classname="com.BMC_April23.tc.TC005_BMCBasicDetails"/>
  <testcase name="basicDetails" time="154.729" classname="com.BMC_April23.tc.TC005_BMCBasicDetails"/>
  <testcase name="basicDetails" time="154.376" classname="com.BMC_April23.tc.TC005_BMCBasicDetails"/>
  <testcase name="basicDetails" time="154.564" classname="com.BMC_April23.tc.TC005_BMCBasicDetails"/>
  <testcase name="basicDetails" time="155.227" classname="com.BMC_April23.tc.TC005_BMCBasicDetails"/>
  <testcase name="basicDetails" time="154.650" classname="com.BMC_April23.tc.TC005_BMCBasicDetails"/>
  <testcase name="basicDetails" time="154.376" classname="com.BMC_April23.tc.TC005_BMCBasicDetails"/>
  <testcase name="basicDetails" time="153.858" classname="com.BMC_April23.tc.TC005_BMCBasicDetails"/>
  <testcase name="basicDetails" time="154.577" classname="com.BMC_April23.tc.TC005_BMCBasicDetails"/>
  <testcase name="basicDetails" time="154.608" classname="com.BMC_April23.tc.TC005_BMCBasicDetails"/>
  <testcase name="basicDetails" time="154.415" classname="com.BMC_April23.tc.TC005_BMCBasicDetails"/>
  <testcase name="basicDetails" time="154.348" classname="com.BMC_April23.tc.TC005_BMCBasicDetails"/>
  <testcase name="basicDetails" time="154.643" classname="com.BMC_April23.tc.TC005_BMCBasicDetails"/>
  <testcase name="basicDetails" time="155.508" classname="com.BMC_April23.tc.TC005_BMCBasicDetails"/>
  <testcase name="basicDetails" time="154.539" classname="com.BMC_April23.tc.TC005_BMCBasicDetails"/>
  <testcase name="basicDetails" time="155.298" classname="com.BMC_April23.tc.TC005_BMCBasicDetails"/>
  <testcase name="basicDetails" time="154.378" classname="com.BMC_April23.tc.TC005_BMCBasicDetails"/>
  <testcase name="basicDetails" time="155.302" classname="com.BMC_April23.tc.TC005_BMCBasicDetails"/>
  <testcase name="basicDetails" time="154.868" classname="com.BMC_April23.tc.TC005_BMCBasicDetails"/>
  <testcase name="basicDetails" time="154.291" classname="com.BMC_April23.tc.TC005_BMCBasicDetails"/>
  <testcase name="basicDetails" time="154.827" classname="com.BMC_April23.tc.TC005_BMCBasicDetails"/>
  <testcase name="basicDetails" time="154.496" classname="com.BMC_April23.tc.TC005_BMCBasicDetails"/>
  <testcase name="basicDetails" time="154.528" classname="com.BMC_April23.tc.TC005_BMCBasicDetails"/>
  <testcase name="basicDetails" time="154.493" classname="com.BMC_April23.tc.TC005_BMCBasicDetails"/>
  <testcase name="basicDetails" time="154.763" classname="com.BMC_April23.tc.TC005_BMCBasicDetails"/>
  <testcase name="basicDetails" time="154.464" classname="com.BMC_April23.tc.TC005_BMCBasicDetails"/>
  <testcase name="basicDetails" time="154.744" classname="com.BMC_April23.tc.TC005_BMCBasicDetails"/>
  <testcase name="basicDetails" time="154.923" classname="com.BMC_April23.tc.TC005_BMCBasicDetails"/>
  <testcase name="basicDetails" time="154.379" classname="com.BMC_April23.tc.TC005_BMCBasicDetails"/>
  <testcase name="basicDetails" time="154.711" classname="com.BMC_April23.tc.TC005_BMCBasicDetails"/>
  <testcase name="basicDetails" time="154.657" classname="com.BMC_April23.tc.TC005_BMCBasicDetails"/>
  <testcase name="basicDetails" time="154.666" classname="com.BMC_April23.tc.TC005_BMCBasicDetails"/>
  <testcase name="basicDetails" time="154.277" classname="com.BMC_April23.tc.TC005_BMCBasicDetails"/>
  <testcase name="basicDetails" time="154.807" classname="com.BMC_April23.tc.TC005_BMCBasicDetails"/>
  <testcase name="basicDetails" time="154.289" classname="com.BMC_April23.tc.TC005_BMCBasicDetails"/>
  <testcase name="basicDetails" time="154.399" classname="com.BMC_April23.tc.TC005_BMCBasicDetails"/>
  <testcase name="basicDetails" time="154.581" classname="com.BMC_April23.tc.TC005_BMCBasicDetails"/>
  <testcase name="basicDetails" time="154.934" classname="com.BMC_April23.tc.TC005_BMCBasicDetails"/>
  <testcase name="basicDetails" time="155.023" classname="com.BMC_April23.tc.TC005_BMCBasicDetails"/>
  <testcase name="basicDetails" time="154.559" classname="com.BMC_April23.tc.TC005_BMCBasicDetails"/>
  <testcase name="basicDetails" time="154.828" classname="com.BMC_April23.tc.TC005_BMCBasicDetails"/>
  <testcase name="basicDetails" time="154.293" classname="com.BMC_April23.tc.TC005_BMCBasicDetails"/>
</testsuite> <!-- com.BMC_April23.tc.TC005_BMCBasicDetails -->
