<?xml version="1.0" encoding="UTF-8"?>
<!-- Generated by org.testng.reporters.JUnitReportReporter -->
<testsuite skipped="0" hostname="MAA014482B" name="com.PMC_Nagarshiv_May23.tc.TC002_PMCBasicDetails" tests="126" failures="0" timestamp="2023-05-21T04:25:21 IST" time="19414.531" errors="0">
  <testcase name="basicDetails" time="156.752" classname="com.PMC_Nagarshiv_May23.tc.TC002_PMCBasicDetails"/>
  <testcase name="basicDetails" time="153.649" classname="com.PMC_Nagarshiv_May23.tc.TC002_PMCBasicDetails"/>
  <testcase name="basicDetails" time="153.352" classname="com.PMC_Nagarshiv_May23.tc.TC002_PMCBasicDetails"/>
  <testcase name="basicDetails" time="157.302" classname="com.PMC_Nagarshiv_May23.tc.TC002_PMCBasicDetails"/>
  <testcase name="basicDetails" time="156.595" classname="com.PMC_Nagarshiv_May23.tc.TC002_PMCBasicDetails"/>
  <testcase name="basicDetails" time="153.317" classname="com.PMC_Nagarshiv_May23.tc.TC002_PMCBasicDetails"/>
  <testcase name="basicDetails" time="153.711" classname="com.PMC_Nagarshiv_May23.tc.TC002_PMCBasicDetails"/>
  <testcase name="basicDetails" time="153.430" classname="com.PMC_Nagarshiv_May23.tc.TC002_PMCBasicDetails"/>
  <testcase name="basicDetails" time="153.240" classname="com.PMC_Nagarshiv_May23.tc.TC002_PMCBasicDetails"/>
  <testcase name="basicDetails" time="156.778" classname="com.PMC_Nagarshiv_May23.tc.TC002_PMCBasicDetails"/>
  <testcase name="basicDetails" time="153.770" classname="com.PMC_Nagarshiv_May23.tc.TC002_PMCBasicDetails"/>
  <testcase name="basicDetails" time="153.767" classname="com.PMC_Nagarshiv_May23.tc.TC002_PMCBasicDetails"/>
  <testcase name="basicDetails" time="153.898" classname="com.PMC_Nagarshiv_May23.tc.TC002_PMCBasicDetails"/>
  <testcase name="basicDetails" time="153.408" classname="com.PMC_Nagarshiv_May23.tc.TC002_PMCBasicDetails"/>
  <testcase name="basicDetails" time="153.648" classname="com.PMC_Nagarshiv_May23.tc.TC002_PMCBasicDetails"/>
  <testcase name="basicDetails" time="157.218" classname="com.PMC_Nagarshiv_May23.tc.TC002_PMCBasicDetails"/>
  <testcase name="basicDetails" time="153.108" classname="com.PMC_Nagarshiv_May23.tc.TC002_PMCBasicDetails"/>
  <testcase name="basicDetails" time="153.232" classname="com.PMC_Nagarshiv_May23.tc.TC002_PMCBasicDetails"/>
  <testcase name="basicDetails" time="154.070" classname="com.PMC_Nagarshiv_May23.tc.TC002_PMCBasicDetails"/>
  <testcase name="basicDetails" time="156.523" classname="com.PMC_Nagarshiv_May23.tc.TC002_PMCBasicDetails"/>
  <testcase name="basicDetails" time="153.620" classname="com.PMC_Nagarshiv_May23.tc.TC002_PMCBasicDetails"/>
  <testcase name="basicDetails" time="153.399" classname="com.PMC_Nagarshiv_May23.tc.TC002_PMCBasicDetails"/>
  <testcase name="basicDetails" time="153.807" classname="com.PMC_Nagarshiv_May23.tc.TC002_PMCBasicDetails"/>
  <testcase name="basicDetails" time="153.587" classname="com.PMC_Nagarshiv_May23.tc.TC002_PMCBasicDetails"/>
  <testcase name="basicDetails" time="153.836" classname="com.PMC_Nagarshiv_May23.tc.TC002_PMCBasicDetails"/>
  <testcase name="basicDetails" time="153.103" classname="com.PMC_Nagarshiv_May23.tc.TC002_PMCBasicDetails"/>
  <testcase name="basicDetails" time="153.555" classname="com.PMC_Nagarshiv_May23.tc.TC002_PMCBasicDetails"/>
  <testcase name="basicDetails" time="153.524" classname="com.PMC_Nagarshiv_May23.tc.TC002_PMCBasicDetails"/>
  <testcase name="basicDetails" time="152.459" classname="com.PMC_Nagarshiv_May23.tc.TC002_PMCBasicDetails"/>
  <testcase name="basicDetails" time="153.435" classname="com.PMC_Nagarshiv_May23.tc.TC002_PMCBasicDetails"/>
  <testcase name="basicDetails" time="157.138" classname="com.PMC_Nagarshiv_May23.tc.TC002_PMCBasicDetails"/>
  <testcase name="basicDetails" time="153.472" classname="com.PMC_Nagarshiv_May23.tc.TC002_PMCBasicDetails"/>
  <testcase name="basicDetails" time="157.033" classname="com.PMC_Nagarshiv_May23.tc.TC002_PMCBasicDetails"/>
  <testcase name="basicDetails" time="153.652" classname="com.PMC_Nagarshiv_May23.tc.TC002_PMCBasicDetails"/>
  <testcase name="basicDetails" time="152.579" classname="com.PMC_Nagarshiv_May23.tc.TC002_PMCBasicDetails"/>
  <testcase name="basicDetails" time="152.217" classname="com.PMC_Nagarshiv_May23.tc.TC002_PMCBasicDetails"/>
  <testcase name="basicDetails" time="153.650" classname="com.PMC_Nagarshiv_May23.tc.TC002_PMCBasicDetails"/>
  <testcase name="basicDetails" time="153.545" classname="com.PMC_Nagarshiv_May23.tc.TC002_PMCBasicDetails"/>
  <testcase name="basicDetails" time="153.273" classname="com.PMC_Nagarshiv_May23.tc.TC002_PMCBasicDetails"/>
  <testcase name="basicDetails" time="153.653" classname="com.PMC_Nagarshiv_May23.tc.TC002_PMCBasicDetails"/>
  <testcase name="basicDetails" time="152.525" classname="com.PMC_Nagarshiv_May23.tc.TC002_PMCBasicDetails"/>
  <testcase name="basicDetails" time="157.053" classname="com.PMC_Nagarshiv_May23.tc.TC002_PMCBasicDetails"/>
  <testcase name="basicDetails" time="152.597" classname="com.PMC_Nagarshiv_May23.tc.TC002_PMCBasicDetails"/>
  <testcase name="basicDetails" time="152.287" classname="com.PMC_Nagarshiv_May23.tc.TC002_PMCBasicDetails"/>
  <testcase name="basicDetails" time="153.721" classname="com.PMC_Nagarshiv_May23.tc.TC002_PMCBasicDetails"/>
  <testcase name="basicDetails" time="158.809" classname="com.PMC_Nagarshiv_May23.tc.TC002_PMCBasicDetails"/>
  <testcase name="basicDetails" time="153.745" classname="com.PMC_Nagarshiv_May23.tc.TC002_PMCBasicDetails"/>
  <testcase name="basicDetails" time="153.570" classname="com.PMC_Nagarshiv_May23.tc.TC002_PMCBasicDetails"/>
  <testcase name="basicDetails" time="153.787" classname="com.PMC_Nagarshiv_May23.tc.TC002_PMCBasicDetails"/>
  <testcase name="basicDetails" time="153.376" classname="com.PMC_Nagarshiv_May23.tc.TC002_PMCBasicDetails"/>
  <testcase name="basicDetails" time="152.369" classname="com.PMC_Nagarshiv_May23.tc.TC002_PMCBasicDetails"/>
  <testcase name="basicDetails" time="153.754" classname="com.PMC_Nagarshiv_May23.tc.TC002_PMCBasicDetails"/>
  <testcase name="basicDetails" time="153.910" classname="com.PMC_Nagarshiv_May23.tc.TC002_PMCBasicDetails"/>
  <testcase name="basicDetails" time="152.613" classname="com.PMC_Nagarshiv_May23.tc.TC002_PMCBasicDetails"/>
  <testcase name="basicDetails" time="153.285" classname="com.PMC_Nagarshiv_May23.tc.TC002_PMCBasicDetails"/>
  <testcase name="basicDetails" time="153.601" classname="com.PMC_Nagarshiv_May23.tc.TC002_PMCBasicDetails"/>
  <testcase name="basicDetails" time="152.186" classname="com.PMC_Nagarshiv_May23.tc.TC002_PMCBasicDetails"/>
  <testcase name="basicDetails" time="153.423" classname="com.PMC_Nagarshiv_May23.tc.TC002_PMCBasicDetails"/>
  <testcase name="basicDetails" time="153.597" classname="com.PMC_Nagarshiv_May23.tc.TC002_PMCBasicDetails"/>
  <testcase name="basicDetails" time="153.819" classname="com.PMC_Nagarshiv_May23.tc.TC002_PMCBasicDetails"/>
  <testcase name="basicDetails" time="157.117" classname="com.PMC_Nagarshiv_May23.tc.TC002_PMCBasicDetails"/>
  <testcase name="basicDetails" time="153.785" classname="com.PMC_Nagarshiv_May23.tc.TC002_PMCBasicDetails"/>
  <testcase name="basicDetails" time="153.081" classname="com.PMC_Nagarshiv_May23.tc.TC002_PMCBasicDetails"/>
  <testcase name="basicDetails" time="153.416" classname="com.PMC_Nagarshiv_May23.tc.TC002_PMCBasicDetails"/>
  <testcase name="basicDetails" time="155.866" classname="com.PMC_Nagarshiv_May23.tc.TC002_PMCBasicDetails"/>
  <testcase name="basicDetails" time="153.643" classname="com.PMC_Nagarshiv_May23.tc.TC002_PMCBasicDetails"/>
  <testcase name="basicDetails" time="153.546" classname="com.PMC_Nagarshiv_May23.tc.TC002_PMCBasicDetails"/>
  <testcase name="basicDetails" time="153.517" classname="com.PMC_Nagarshiv_May23.tc.TC002_PMCBasicDetails"/>
  <testcase name="basicDetails" time="153.550" classname="com.PMC_Nagarshiv_May23.tc.TC002_PMCBasicDetails"/>
  <testcase name="basicDetails" time="153.915" classname="com.PMC_Nagarshiv_May23.tc.TC002_PMCBasicDetails"/>
  <testcase name="basicDetails" time="153.528" classname="com.PMC_Nagarshiv_May23.tc.TC002_PMCBasicDetails"/>
  <testcase name="basicDetails" time="153.471" classname="com.PMC_Nagarshiv_May23.tc.TC002_PMCBasicDetails"/>
  <testcase name="basicDetails" time="153.823" classname="com.PMC_Nagarshiv_May23.tc.TC002_PMCBasicDetails"/>
  <testcase name="basicDetails" time="153.454" classname="com.PMC_Nagarshiv_May23.tc.TC002_PMCBasicDetails"/>
  <testcase name="basicDetails" time="154.084" classname="com.PMC_Nagarshiv_May23.tc.TC002_PMCBasicDetails"/>
  <testcase name="basicDetails" time="153.642" classname="com.PMC_Nagarshiv_May23.tc.TC002_PMCBasicDetails"/>
  <testcase name="basicDetails" time="153.324" classname="com.PMC_Nagarshiv_May23.tc.TC002_PMCBasicDetails"/>
  <testcase name="basicDetails" time="170.505" classname="com.PMC_Nagarshiv_May23.tc.TC002_PMCBasicDetails"/>
  <testcase name="basicDetails" time="153.686" classname="com.PMC_Nagarshiv_May23.tc.TC002_PMCBasicDetails"/>
  <testcase name="basicDetails" time="153.167" classname="com.PMC_Nagarshiv_May23.tc.TC002_PMCBasicDetails"/>
  <testcase name="basicDetails" time="153.659" classname="com.PMC_Nagarshiv_May23.tc.TC002_PMCBasicDetails"/>
  <testcase name="basicDetails" time="156.562" classname="com.PMC_Nagarshiv_May23.tc.TC002_PMCBasicDetails"/>
  <testcase name="basicDetails" time="153.483" classname="com.PMC_Nagarshiv_May23.tc.TC002_PMCBasicDetails"/>
  <testcase name="basicDetails" time="153.644" classname="com.PMC_Nagarshiv_May23.tc.TC002_PMCBasicDetails"/>
  <testcase name="basicDetails" time="153.671" classname="com.PMC_Nagarshiv_May23.tc.TC002_PMCBasicDetails"/>
  <testcase name="basicDetails" time="152.103" classname="com.PMC_Nagarshiv_May23.tc.TC002_PMCBasicDetails"/>
  <testcase name="basicDetails" time="152.492" classname="com.PMC_Nagarshiv_May23.tc.TC002_PMCBasicDetails"/>
  <testcase name="basicDetails" time="156.947" classname="com.PMC_Nagarshiv_May23.tc.TC002_PMCBasicDetails"/>
  <testcase name="basicDetails" time="152.691" classname="com.PMC_Nagarshiv_May23.tc.TC002_PMCBasicDetails"/>
  <testcase name="basicDetails" time="153.948" classname="com.PMC_Nagarshiv_May23.tc.TC002_PMCBasicDetails"/>
  <testcase name="basicDetails" time="152.727" classname="com.PMC_Nagarshiv_May23.tc.TC002_PMCBasicDetails"/>
  <testcase name="basicDetails" time="153.538" classname="com.PMC_Nagarshiv_May23.tc.TC002_PMCBasicDetails"/>
  <testcase name="basicDetails" time="152.494" classname="com.PMC_Nagarshiv_May23.tc.TC002_PMCBasicDetails"/>
  <testcase name="basicDetails" time="153.519" classname="com.PMC_Nagarshiv_May23.tc.TC002_PMCBasicDetails"/>
  <testcase name="basicDetails" time="156.786" classname="com.PMC_Nagarshiv_May23.tc.TC002_PMCBasicDetails"/>
  <testcase name="basicDetails" time="152.344" classname="com.PMC_Nagarshiv_May23.tc.TC002_PMCBasicDetails"/>
  <testcase name="basicDetails" time="153.929" classname="com.PMC_Nagarshiv_May23.tc.TC002_PMCBasicDetails"/>
  <testcase name="basicDetails" time="153.900" classname="com.PMC_Nagarshiv_May23.tc.TC002_PMCBasicDetails"/>
  <testcase name="basicDetails" time="152.989" classname="com.PMC_Nagarshiv_May23.tc.TC002_PMCBasicDetails"/>
  <testcase name="basicDetails" time="153.737" classname="com.PMC_Nagarshiv_May23.tc.TC002_PMCBasicDetails"/>
  <testcase name="basicDetails" time="153.049" classname="com.PMC_Nagarshiv_May23.tc.TC002_PMCBasicDetails"/>
  <testcase name="basicDetails" time="153.520" classname="com.PMC_Nagarshiv_May23.tc.TC002_PMCBasicDetails"/>
  <testcase name="basicDetails" time="155.882" classname="com.PMC_Nagarshiv_May23.tc.TC002_PMCBasicDetails"/>
  <testcase name="basicDetails" time="153.761" classname="com.PMC_Nagarshiv_May23.tc.TC002_PMCBasicDetails"/>
  <testcase name="basicDetails" time="154.053" classname="com.PMC_Nagarshiv_May23.tc.TC002_PMCBasicDetails"/>
  <testcase name="basicDetails" time="153.766" classname="com.PMC_Nagarshiv_May23.tc.TC002_PMCBasicDetails"/>
  <testcase name="basicDetails" time="153.657" classname="com.PMC_Nagarshiv_May23.tc.TC002_PMCBasicDetails"/>
  <testcase name="basicDetails" time="153.020" classname="com.PMC_Nagarshiv_May23.tc.TC002_PMCBasicDetails"/>
  <testcase name="basicDetails" time="153.826" classname="com.PMC_Nagarshiv_May23.tc.TC002_PMCBasicDetails"/>
  <testcase name="basicDetails" time="153.078" classname="com.PMC_Nagarshiv_May23.tc.TC002_PMCBasicDetails"/>
  <testcase name="basicDetails" time="153.932" classname="com.PMC_Nagarshiv_May23.tc.TC002_PMCBasicDetails"/>
  <testcase name="basicDetails" time="153.672" classname="com.PMC_Nagarshiv_May23.tc.TC002_PMCBasicDetails"/>
  <testcase name="basicDetails" time="153.555" classname="com.PMC_Nagarshiv_May23.tc.TC002_PMCBasicDetails"/>
  <testcase name="basicDetails" time="156.647" classname="com.PMC_Nagarshiv_May23.tc.TC002_PMCBasicDetails"/>
  <testcase name="basicDetails" time="153.881" classname="com.PMC_Nagarshiv_May23.tc.TC002_PMCBasicDetails"/>
  <testcase name="basicDetails" time="152.258" classname="com.PMC_Nagarshiv_May23.tc.TC002_PMCBasicDetails"/>
  <testcase name="basicDetails" time="156.672" classname="com.PMC_Nagarshiv_May23.tc.TC002_PMCBasicDetails"/>
  <testcase name="basicDetails" time="153.386" classname="com.PMC_Nagarshiv_May23.tc.TC002_PMCBasicDetails"/>
  <testcase name="basicDetails" time="153.496" classname="com.PMC_Nagarshiv_May23.tc.TC002_PMCBasicDetails"/>
  <testcase name="basicDetails" time="153.571" classname="com.PMC_Nagarshiv_May23.tc.TC002_PMCBasicDetails"/>
  <testcase name="basicDetails" time="154.016" classname="com.PMC_Nagarshiv_May23.tc.TC002_PMCBasicDetails"/>
  <testcase name="basicDetails" time="152.554" classname="com.PMC_Nagarshiv_May23.tc.TC002_PMCBasicDetails"/>
  <testcase name="basicDetails" time="152.812" classname="com.PMC_Nagarshiv_May23.tc.TC002_PMCBasicDetails"/>
  <testcase name="basicDetails" time="156.994" classname="com.PMC_Nagarshiv_May23.tc.TC002_PMCBasicDetails"/>
  <testcase name="basicDetails" time="153.752" classname="com.PMC_Nagarshiv_May23.tc.TC002_PMCBasicDetails"/>
  <testcase name="basicDetails" time="157.107" classname="com.PMC_Nagarshiv_May23.tc.TC002_PMCBasicDetails"/>
</testsuite> <!-- com.PMC_Nagarshiv_May23.tc.TC002_PMCBasicDetails -->
