<?xml version="1.0" encoding="UTF-8"?>
<!-- Generated by org.testng.reporters.JUnitReportReporter -->
<testsuite hostname="MAA011253A" failures="0" tests="21" name="com.EXIM.tc.TC005_EXIMBasicDetails" time="2314.970" errors="1" timestamp="2020-12-15T11:59:05 IST" skipped="0">
  <testcase classname="com.EXIM.tc.TC005_EXIMBasicDetails" name="basicDetails" time="115.461"/>
  <testcase classname="com.EXIM.tc.TC005_EXIMBasicDetails" name="basicDetails" time="115.093"/>
  <testcase classname="com.EXIM.tc.TC005_EXIMBasicDetails" name="basicDetails" time="116.719"/>
  <testcase classname="com.EXIM.tc.TC005_EXIMBasicDetails" name="basicDetails" time="117.752"/>
  <testcase classname="com.EXIM.tc.TC005_EXIMBasicDetails" name="basicDetails" time="116.033"/>
  <testcase classname="com.EXIM.tc.TC005_EXIMBasicDetails" name="basicDetails" time="115.555"/>
  <testcase classname="com.EXIM.tc.TC005_EXIMBasicDetails" name="basicDetails" time="115.020"/>
  <testcase classname="com.EXIM.tc.TC005_EXIMBasicDetails" name="basicDetails" time="114.741"/>
  <testcase classname="com.EXIM.tc.TC005_EXIMBasicDetails" name="basicDetails" time="115.939"/>
  <testcase classname="com.EXIM.tc.TC005_EXIMBasicDetails" name="basicDetails" time="115.877"/>
  <testcase classname="com.EXIM.tc.TC005_EXIMBasicDetails" name="basicDetails" time="115.404"/>
  <testcase classname="com.EXIM.tc.TC005_EXIMBasicDetails" name="basicDetails" time="115.448"/>
  <testcase classname="com.EXIM.tc.TC005_EXIMBasicDetails" name="basicDetails" time="115.436"/>
  <testcase classname="com.EXIM.tc.TC005_EXIMBasicDetails" name="basicDetails" time="115.424"/>
  <testcase classname="com.EXIM.tc.TC005_EXIMBasicDetails" name="basicDetails" time="115.298"/>
  <testcase classname="com.EXIM.tc.TC005_EXIMBasicDetails" name="basicDetails" time="115.667"/>
  <testcase classname="com.EXIM.tc.TC005_EXIMBasicDetails" name="basicDetails" time="115.287"/>
  <testcase classname="com.EXIM.tc.TC005_EXIMBasicDetails" name="afterClass" time="1.697">
    <error type="java.lang.NullPointerException">
      <![CDATA[java.lang.NullPointerException
at lib.utils.HTMLReporter.reportStep(HTMLReporter.java:73)
at lib.selenium.WebDriverServiceImpl.closeAllBrowsers(WebDriverServiceImpl.java:495)
at lib.selenium.PreAndPost.afterClass(PreAndPost.java:72)
at java.base/jdk.internal.reflect.NativeMethodAccessorImpl.invoke0(Native Method)
at java.base/jdk.internal.reflect.NativeMethodAccessorImpl.invoke(Unknown Source)
at java.base/jdk.internal.reflect.DelegatingMethodAccessorImpl.invoke(Unknown Source)
at java.base/java.lang.reflect.Method.invoke(Unknown Source)
at org.testng.internal.MethodInvocationHelper.invokeMethod(MethodInvocationHelper.java:133)
at org.testng.internal.MethodInvocationHelper.invokeMethodConsideringTimeout(MethodInvocationHelper.java:62)
at org.testng.internal.ConfigInvoker.invokeConfigurationMethod(ConfigInvoker.java:340)
at org.testng.internal.ConfigInvoker.invokeConfigurations(ConfigInvoker.java:294)
at org.testng.internal.TestMethodWorker.invokeAfterClassMethods(TestMethodWorker.java:217)
at org.testng.internal.TestMethodWorker.run(TestMethodWorker.java:130)
at java.base/java.util.concurrent.ThreadPoolExecutor.runWorker(Unknown Source)
at java.base/java.util.concurrent.ThreadPoolExecutor$Worker.run(Unknown Source)
at java.base/java.lang.Thread.run(Unknown Source)
]]>
    </error>
  </testcase> <!-- afterClass -->
  <testcase classname="com.EXIM.tc.TC005_EXIMBasicDetails" name="basicDetails" time="116.289"/>
  <testcase classname="com.EXIM.tc.TC005_EXIMBasicDetails" name="basicDetails" time="115.564"/>
  <testcase classname="com.EXIM.tc.TC005_EXIMBasicDetails" name="basicDetails" time="115.266"/>
</testsuite> <!-- com.EXIM.tc.TC005_EXIMBasicDetails -->
