<?xml version="1.0" encoding="UTF-8"?>
<!-- Generated by org.testng.reporters.JUnitReportReporter -->
<testsuite skipped="0" hostname="MAA014482B" name="com.CRRB_27May22.tc.TC004_CRRBBasicDetails" tests="27" failures="0" timestamp="2022-05-30T12:02:39 IST" time="3239.245" errors="0">
  <testcase name="basicDetails" time="121.142" classname="com.CRRB_27May22.tc.TC004_CRRBBasicDetails"/>
  <testcase name="basicDetails" time="120.846" classname="com.CRRB_27May22.tc.TC004_CRRBBasicDetails"/>
  <testcase name="basicDetails" time="118.818" classname="com.CRRB_27May22.tc.TC004_CRRBBasicDetails"/>
  <testcase name="basicDetails" time="118.566" classname="com.CRRB_27May22.tc.TC004_CRRBBasicDetails"/>
  <testcase name="basicDetails" time="120.975" classname="com.CRRB_27May22.tc.TC004_CRRBBasicDetails"/>
  <testcase name="basicDetails" time="120.775" classname="com.CRRB_27May22.tc.TC004_CRRBBasicDetails"/>
  <testcase name="basicDetails" time="120.804" classname="com.CRRB_27May22.tc.TC004_CRRBBasicDetails"/>
  <testcase name="basicDetails" time="121.113" classname="com.CRRB_27May22.tc.TC004_CRRBBasicDetails"/>
  <testcase name="basicDetails" time="120.719" classname="com.CRRB_27May22.tc.TC004_CRRBBasicDetails"/>
  <testcase name="basicDetails" time="118.382" classname="com.CRRB_27May22.tc.TC004_CRRBBasicDetails"/>
  <testcase name="basicDetails" time="119.091" classname="com.CRRB_27May22.tc.TC004_CRRBBasicDetails"/>
  <testcase name="basicDetails" time="121.002" classname="com.CRRB_27May22.tc.TC004_CRRBBasicDetails"/>
  <testcase name="basicDetails" time="118.867" classname="com.CRRB_27May22.tc.TC004_CRRBBasicDetails"/>
  <testcase name="basicDetails" time="121.786" classname="com.CRRB_27May22.tc.TC004_CRRBBasicDetails"/>
  <testcase name="basicDetails" time="119.007" classname="com.CRRB_27May22.tc.TC004_CRRBBasicDetails"/>
  <testcase name="basicDetails" time="120.730" classname="com.CRRB_27May22.tc.TC004_CRRBBasicDetails"/>
  <testcase name="basicDetails" time="118.824" classname="com.CRRB_27May22.tc.TC004_CRRBBasicDetails"/>
  <testcase name="basicDetails" time="118.941" classname="com.CRRB_27May22.tc.TC004_CRRBBasicDetails"/>
  <testcase name="basicDetails" time="120.903" classname="com.CRRB_27May22.tc.TC004_CRRBBasicDetails"/>
  <testcase name="basicDetails" time="118.777" classname="com.CRRB_27May22.tc.TC004_CRRBBasicDetails"/>
  <testcase name="basicDetails" time="121.085" classname="com.CRRB_27May22.tc.TC004_CRRBBasicDetails"/>
  <testcase name="basicDetails" time="118.689" classname="com.CRRB_27May22.tc.TC004_CRRBBasicDetails"/>
  <testcase name="basicDetails" time="120.621" classname="com.CRRB_27May22.tc.TC004_CRRBBasicDetails"/>
  <testcase name="basicDetails" time="118.267" classname="com.CRRB_27May22.tc.TC004_CRRBBasicDetails"/>
  <testcase name="basicDetails" time="120.500" classname="com.CRRB_27May22.tc.TC004_CRRBBasicDetails"/>
  <testcase name="basicDetails" time="121.647" classname="com.CRRB_27May22.tc.TC004_CRRBBasicDetails"/>
  <testcase name="basicDetails" time="118.368" classname="com.CRRB_27May22.tc.TC004_CRRBBasicDetails"/>
</testsuite> <!-- com.CRRB_27May22.tc.TC004_CRRBBasicDetails -->
