<?xml version="1.0" encoding="UTF-8"?>
<!-- Generated by org.testng.reporters.JUnitReportReporter -->
<testsuite skipped="0" hostname="MAA014482B" name="com.PNB_May23.tc.TC005_PNBBasicDetails" tests="44" failures="0" timestamp="2023-05-16T14:41:00 IST" time="7163.687" errors="0">
  <testcase name="basicDetails" time="161.844" classname="com.PNB_May23.tc.TC005_PNBBasicDetails"/>
  <testcase name="basicDetails" time="163.573" classname="com.PNB_May23.tc.TC005_PNBBasicDetails"/>
  <testcase name="basicDetails" time="162.117" classname="com.PNB_May23.tc.TC005_PNBBasicDetails"/>
  <testcase name="basicDetails" time="161.750" classname="com.PNB_May23.tc.TC005_PNBBasicDetails"/>
  <testcase name="basicDetails" time="163.076" classname="com.PNB_May23.tc.TC005_PNBBasicDetails"/>
  <testcase name="basicDetails" time="161.991" classname="com.PNB_May23.tc.TC005_PNBBasicDetails"/>
  <testcase name="basicDetails" time="161.754" classname="com.PNB_May23.tc.TC005_PNBBasicDetails"/>
  <testcase name="basicDetails" time="170.722" classname="com.PNB_May23.tc.TC005_PNBBasicDetails"/>
  <testcase name="basicDetails" time="165.260" classname="com.PNB_May23.tc.TC005_PNBBasicDetails"/>
  <testcase name="basicDetails" time="163.304" classname="com.PNB_May23.tc.TC005_PNBBasicDetails"/>
  <testcase name="basicDetails" time="161.615" classname="com.PNB_May23.tc.TC005_PNBBasicDetails"/>
  <testcase name="basicDetails" time="163.031" classname="com.PNB_May23.tc.TC005_PNBBasicDetails"/>
  <testcase name="basicDetails" time="163.377" classname="com.PNB_May23.tc.TC005_PNBBasicDetails"/>
  <testcase name="basicDetails" time="161.439" classname="com.PNB_May23.tc.TC005_PNBBasicDetails"/>
  <testcase name="basicDetails" time="163.419" classname="com.PNB_May23.tc.TC005_PNBBasicDetails"/>
  <testcase name="basicDetails" time="161.847" classname="com.PNB_May23.tc.TC005_PNBBasicDetails"/>
  <testcase name="basicDetails" time="163.241" classname="com.PNB_May23.tc.TC005_PNBBasicDetails"/>
  <testcase name="basicDetails" time="161.989" classname="com.PNB_May23.tc.TC005_PNBBasicDetails"/>
  <testcase name="basicDetails" time="163.125" classname="com.PNB_May23.tc.TC005_PNBBasicDetails"/>
  <testcase name="basicDetails" time="163.451" classname="com.PNB_May23.tc.TC005_PNBBasicDetails"/>
  <testcase name="basicDetails" time="163.406" classname="com.PNB_May23.tc.TC005_PNBBasicDetails"/>
  <testcase name="basicDetails" time="163.306" classname="com.PNB_May23.tc.TC005_PNBBasicDetails"/>
  <testcase name="basicDetails" time="161.679" classname="com.PNB_May23.tc.TC005_PNBBasicDetails"/>
  <testcase name="basicDetails" time="162.075" classname="com.PNB_May23.tc.TC005_PNBBasicDetails"/>
  <testcase name="basicDetails" time="162.179" classname="com.PNB_May23.tc.TC005_PNBBasicDetails"/>
  <testcase name="basicDetails" time="163.175" classname="com.PNB_May23.tc.TC005_PNBBasicDetails"/>
  <testcase name="basicDetails" time="162.206" classname="com.PNB_May23.tc.TC005_PNBBasicDetails"/>
  <testcase name="basicDetails" time="163.737" classname="com.PNB_May23.tc.TC005_PNBBasicDetails"/>
  <testcase name="basicDetails" time="163.293" classname="com.PNB_May23.tc.TC005_PNBBasicDetails"/>
  <testcase name="basicDetails" time="163.374" classname="com.PNB_May23.tc.TC005_PNBBasicDetails"/>
  <testcase name="basicDetails" time="163.561" classname="com.PNB_May23.tc.TC005_PNBBasicDetails"/>
  <testcase name="basicDetails" time="161.806" classname="com.PNB_May23.tc.TC005_PNBBasicDetails"/>
  <testcase name="basicDetails" time="161.921" classname="com.PNB_May23.tc.TC005_PNBBasicDetails"/>
  <testcase name="basicDetails" time="161.983" classname="com.PNB_May23.tc.TC005_PNBBasicDetails"/>
  <testcase name="basicDetails" time="161.861" classname="com.PNB_May23.tc.TC005_PNBBasicDetails"/>
  <testcase name="basicDetails" time="163.373" classname="com.PNB_May23.tc.TC005_PNBBasicDetails"/>
  <testcase name="basicDetails" time="162.995" classname="com.PNB_May23.tc.TC005_PNBBasicDetails"/>
  <testcase name="basicDetails" time="162.221" classname="com.PNB_May23.tc.TC005_PNBBasicDetails"/>
  <testcase name="basicDetails" time="164.038" classname="com.PNB_May23.tc.TC005_PNBBasicDetails"/>
  <testcase name="basicDetails" time="162.211" classname="com.PNB_May23.tc.TC005_PNBBasicDetails"/>
  <testcase name="basicDetails" time="161.772" classname="com.PNB_May23.tc.TC005_PNBBasicDetails"/>
  <testcase name="basicDetails" time="161.746" classname="com.PNB_May23.tc.TC005_PNBBasicDetails"/>
  <testcase name="basicDetails" time="161.887" classname="com.PNB_May23.tc.TC005_PNBBasicDetails"/>
  <testcase name="basicDetails" time="161.957" classname="com.PNB_May23.tc.TC005_PNBBasicDetails"/>
</testsuite> <!-- com.PNB_May23.tc.TC005_PNBBasicDetails -->
