<?xml version="1.0" encoding="UTF-8"?>
<!-- Generated by org.testng.reporters.JUnitReportReporter -->
<testsuite skipped="0" hostname="MAA014482B" name="com.DCCB.tc.TC005_DCCBBasicDetails" tests="116" failures="0" timestamp="2022-08-04T05:35:40 IST" time="15209.793" errors="0">
  <testcase name="basicDetails" time="131.295" classname="com.DCCB.tc.TC005_DCCBBasicDetails"/>
  <testcase name="basicDetails" time="131.848" classname="com.DCCB.tc.TC005_DCCBBasicDetails"/>
  <testcase name="basicDetails" time="130.763" classname="com.DCCB.tc.TC005_DCCBBasicDetails"/>
  <testcase name="basicDetails" time="130.939" classname="com.DCCB.tc.TC005_DCCBBasicDetails"/>
  <testcase name="basicDetails" time="130.872" classname="com.DCCB.tc.TC005_DCCBBasicDetails"/>
  <testcase name="basicDetails" time="130.841" classname="com.DCCB.tc.TC005_DCCBBasicDetails"/>
  <testcase name="basicDetails" time="131.101" classname="com.DCCB.tc.TC005_DCCBBasicDetails"/>
  <testcase name="basicDetails" time="130.910" classname="com.DCCB.tc.TC005_DCCBBasicDetails"/>
  <testcase name="basicDetails" time="131.296" classname="com.DCCB.tc.TC005_DCCBBasicDetails"/>
  <testcase name="basicDetails" time="131.076" classname="com.DCCB.tc.TC005_DCCBBasicDetails"/>
  <testcase name="basicDetails" time="131.055" classname="com.DCCB.tc.TC005_DCCBBasicDetails"/>
  <testcase name="basicDetails" time="130.718" classname="com.DCCB.tc.TC005_DCCBBasicDetails"/>
  <testcase name="basicDetails" time="131.171" classname="com.DCCB.tc.TC005_DCCBBasicDetails"/>
  <testcase name="basicDetails" time="131.147" classname="com.DCCB.tc.TC005_DCCBBasicDetails"/>
  <testcase name="basicDetails" time="130.974" classname="com.DCCB.tc.TC005_DCCBBasicDetails"/>
  <testcase name="basicDetails" time="130.567" classname="com.DCCB.tc.TC005_DCCBBasicDetails"/>
  <testcase name="basicDetails" time="130.986" classname="com.DCCB.tc.TC005_DCCBBasicDetails"/>
  <testcase name="basicDetails" time="131.076" classname="com.DCCB.tc.TC005_DCCBBasicDetails"/>
  <testcase name="basicDetails" time="131.438" classname="com.DCCB.tc.TC005_DCCBBasicDetails"/>
  <testcase name="basicDetails" time="131.092" classname="com.DCCB.tc.TC005_DCCBBasicDetails"/>
  <testcase name="basicDetails" time="130.875" classname="com.DCCB.tc.TC005_DCCBBasicDetails"/>
  <testcase name="basicDetails" time="131.529" classname="com.DCCB.tc.TC005_DCCBBasicDetails"/>
  <testcase name="basicDetails" time="131.284" classname="com.DCCB.tc.TC005_DCCBBasicDetails"/>
  <testcase name="basicDetails" time="131.256" classname="com.DCCB.tc.TC005_DCCBBasicDetails"/>
  <testcase name="basicDetails" time="131.238" classname="com.DCCB.tc.TC005_DCCBBasicDetails"/>
  <testcase name="basicDetails" time="131.169" classname="com.DCCB.tc.TC005_DCCBBasicDetails"/>
  <testcase name="basicDetails" time="131.103" classname="com.DCCB.tc.TC005_DCCBBasicDetails"/>
  <testcase name="basicDetails" time="131.123" classname="com.DCCB.tc.TC005_DCCBBasicDetails"/>
  <testcase name="basicDetails" time="131.054" classname="com.DCCB.tc.TC005_DCCBBasicDetails"/>
  <testcase name="basicDetails" time="131.135" classname="com.DCCB.tc.TC005_DCCBBasicDetails"/>
  <testcase name="basicDetails" time="130.955" classname="com.DCCB.tc.TC005_DCCBBasicDetails"/>
  <testcase name="basicDetails" time="131.103" classname="com.DCCB.tc.TC005_DCCBBasicDetails"/>
  <testcase name="basicDetails" time="131.027" classname="com.DCCB.tc.TC005_DCCBBasicDetails"/>
  <testcase name="basicDetails" time="130.574" classname="com.DCCB.tc.TC005_DCCBBasicDetails"/>
  <testcase name="basicDetails" time="130.915" classname="com.DCCB.tc.TC005_DCCBBasicDetails"/>
  <testcase name="basicDetails" time="131.154" classname="com.DCCB.tc.TC005_DCCBBasicDetails"/>
  <testcase name="basicDetails" time="131.051" classname="com.DCCB.tc.TC005_DCCBBasicDetails"/>
  <testcase name="basicDetails" time="135.116" classname="com.DCCB.tc.TC005_DCCBBasicDetails"/>
  <testcase name="basicDetails" time="131.357" classname="com.DCCB.tc.TC005_DCCBBasicDetails"/>
  <testcase name="basicDetails" time="131.040" classname="com.DCCB.tc.TC005_DCCBBasicDetails"/>
  <testcase name="basicDetails" time="131.046" classname="com.DCCB.tc.TC005_DCCBBasicDetails"/>
  <testcase name="basicDetails" time="131.225" classname="com.DCCB.tc.TC005_DCCBBasicDetails"/>
  <testcase name="basicDetails" time="131.402" classname="com.DCCB.tc.TC005_DCCBBasicDetails"/>
  <testcase name="basicDetails" time="130.913" classname="com.DCCB.tc.TC005_DCCBBasicDetails"/>
  <testcase name="basicDetails" time="131.513" classname="com.DCCB.tc.TC005_DCCBBasicDetails"/>
  <testcase name="basicDetails" time="131.173" classname="com.DCCB.tc.TC005_DCCBBasicDetails"/>
  <testcase name="basicDetails" time="130.750" classname="com.DCCB.tc.TC005_DCCBBasicDetails"/>
  <testcase name="basicDetails" time="130.842" classname="com.DCCB.tc.TC005_DCCBBasicDetails"/>
  <testcase name="basicDetails" time="131.124" classname="com.DCCB.tc.TC005_DCCBBasicDetails"/>
  <testcase name="basicDetails" time="130.952" classname="com.DCCB.tc.TC005_DCCBBasicDetails"/>
  <testcase name="basicDetails" time="130.846" classname="com.DCCB.tc.TC005_DCCBBasicDetails"/>
  <testcase name="basicDetails" time="130.970" classname="com.DCCB.tc.TC005_DCCBBasicDetails"/>
  <testcase name="basicDetails" time="131.662" classname="com.DCCB.tc.TC005_DCCBBasicDetails"/>
  <testcase name="basicDetails" time="130.981" classname="com.DCCB.tc.TC005_DCCBBasicDetails"/>
  <testcase name="basicDetails" time="131.122" classname="com.DCCB.tc.TC005_DCCBBasicDetails"/>
  <testcase name="basicDetails" time="131.011" classname="com.DCCB.tc.TC005_DCCBBasicDetails"/>
  <testcase name="basicDetails" time="130.956" classname="com.DCCB.tc.TC005_DCCBBasicDetails"/>
  <testcase name="basicDetails" time="130.999" classname="com.DCCB.tc.TC005_DCCBBasicDetails"/>
  <testcase name="basicDetails" time="131.327" classname="com.DCCB.tc.TC005_DCCBBasicDetails"/>
  <testcase name="basicDetails" time="131.244" classname="com.DCCB.tc.TC005_DCCBBasicDetails"/>
  <testcase name="basicDetails" time="131.323" classname="com.DCCB.tc.TC005_DCCBBasicDetails"/>
  <testcase name="basicDetails" time="131.164" classname="com.DCCB.tc.TC005_DCCBBasicDetails"/>
  <testcase name="basicDetails" time="131.357" classname="com.DCCB.tc.TC005_DCCBBasicDetails"/>
  <testcase name="basicDetails" time="131.253" classname="com.DCCB.tc.TC005_DCCBBasicDetails"/>
  <testcase name="basicDetails" time="131.156" classname="com.DCCB.tc.TC005_DCCBBasicDetails"/>
  <testcase name="basicDetails" time="130.945" classname="com.DCCB.tc.TC005_DCCBBasicDetails"/>
  <testcase name="basicDetails" time="130.725" classname="com.DCCB.tc.TC005_DCCBBasicDetails"/>
  <testcase name="basicDetails" time="130.920" classname="com.DCCB.tc.TC005_DCCBBasicDetails"/>
  <testcase name="basicDetails" time="130.991" classname="com.DCCB.tc.TC005_DCCBBasicDetails"/>
  <testcase name="basicDetails" time="131.101" classname="com.DCCB.tc.TC005_DCCBBasicDetails"/>
  <testcase name="basicDetails" time="131.161" classname="com.DCCB.tc.TC005_DCCBBasicDetails"/>
  <testcase name="basicDetails" time="130.908" classname="com.DCCB.tc.TC005_DCCBBasicDetails"/>
  <testcase name="basicDetails" time="130.827" classname="com.DCCB.tc.TC005_DCCBBasicDetails"/>
  <testcase name="basicDetails" time="131.202" classname="com.DCCB.tc.TC005_DCCBBasicDetails"/>
  <testcase name="basicDetails" time="131.421" classname="com.DCCB.tc.TC005_DCCBBasicDetails"/>
  <testcase name="basicDetails" time="131.343" classname="com.DCCB.tc.TC005_DCCBBasicDetails"/>
  <testcase name="basicDetails" time="131.333" classname="com.DCCB.tc.TC005_DCCBBasicDetails"/>
  <testcase name="basicDetails" time="131.206" classname="com.DCCB.tc.TC005_DCCBBasicDetails"/>
  <testcase name="basicDetails" time="131.392" classname="com.DCCB.tc.TC005_DCCBBasicDetails"/>
  <testcase name="basicDetails" time="131.317" classname="com.DCCB.tc.TC005_DCCBBasicDetails"/>
  <testcase name="basicDetails" time="131.387" classname="com.DCCB.tc.TC005_DCCBBasicDetails"/>
  <testcase name="basicDetails" time="131.146" classname="com.DCCB.tc.TC005_DCCBBasicDetails"/>
  <testcase name="basicDetails" time="130.929" classname="com.DCCB.tc.TC005_DCCBBasicDetails"/>
  <testcase name="basicDetails" time="130.933" classname="com.DCCB.tc.TC005_DCCBBasicDetails"/>
  <testcase name="basicDetails" time="131.211" classname="com.DCCB.tc.TC005_DCCBBasicDetails"/>
  <testcase name="basicDetails" time="130.797" classname="com.DCCB.tc.TC005_DCCBBasicDetails"/>
  <testcase name="basicDetails" time="130.831" classname="com.DCCB.tc.TC005_DCCBBasicDetails"/>
  <testcase name="basicDetails" time="131.402" classname="com.DCCB.tc.TC005_DCCBBasicDetails"/>
  <testcase name="basicDetails" time="131.055" classname="com.DCCB.tc.TC005_DCCBBasicDetails"/>
  <testcase name="basicDetails" time="130.945" classname="com.DCCB.tc.TC005_DCCBBasicDetails"/>
  <testcase name="basicDetails" time="130.854" classname="com.DCCB.tc.TC005_DCCBBasicDetails"/>
  <testcase name="basicDetails" time="131.077" classname="com.DCCB.tc.TC005_DCCBBasicDetails"/>
  <testcase name="basicDetails" time="131.183" classname="com.DCCB.tc.TC005_DCCBBasicDetails"/>
  <testcase name="basicDetails" time="131.161" classname="com.DCCB.tc.TC005_DCCBBasicDetails"/>
  <testcase name="basicDetails" time="131.175" classname="com.DCCB.tc.TC005_DCCBBasicDetails"/>
  <testcase name="basicDetails" time="131.073" classname="com.DCCB.tc.TC005_DCCBBasicDetails"/>
  <testcase name="basicDetails" time="131.026" classname="com.DCCB.tc.TC005_DCCBBasicDetails"/>
  <testcase name="basicDetails" time="131.085" classname="com.DCCB.tc.TC005_DCCBBasicDetails"/>
  <testcase name="basicDetails" time="130.975" classname="com.DCCB.tc.TC005_DCCBBasicDetails"/>
  <testcase name="basicDetails" time="131.080" classname="com.DCCB.tc.TC005_DCCBBasicDetails"/>
  <testcase name="basicDetails" time="130.597" classname="com.DCCB.tc.TC005_DCCBBasicDetails"/>
  <testcase name="basicDetails" time="131.026" classname="com.DCCB.tc.TC005_DCCBBasicDetails"/>
  <testcase name="basicDetails" time="131.168" classname="com.DCCB.tc.TC005_DCCBBasicDetails"/>
  <testcase name="basicDetails" time="130.778" classname="com.DCCB.tc.TC005_DCCBBasicDetails"/>
  <testcase name="basicDetails" time="131.199" classname="com.DCCB.tc.TC005_DCCBBasicDetails"/>
  <testcase name="basicDetails" time="130.932" classname="com.DCCB.tc.TC005_DCCBBasicDetails"/>
  <testcase name="basicDetails" time="131.262" classname="com.DCCB.tc.TC005_DCCBBasicDetails"/>
  <testcase name="basicDetails" time="131.042" classname="com.DCCB.tc.TC005_DCCBBasicDetails"/>
  <testcase name="basicDetails" time="131.019" classname="com.DCCB.tc.TC005_DCCBBasicDetails"/>
  <testcase name="basicDetails" time="130.769" classname="com.DCCB.tc.TC005_DCCBBasicDetails"/>
  <testcase name="basicDetails" time="130.993" classname="com.DCCB.tc.TC005_DCCBBasicDetails"/>
  <testcase name="basicDetails" time="131.094" classname="com.DCCB.tc.TC005_DCCBBasicDetails"/>
  <testcase name="basicDetails" time="130.567" classname="com.DCCB.tc.TC005_DCCBBasicDetails"/>
  <testcase name="basicDetails" time="130.856" classname="com.DCCB.tc.TC005_DCCBBasicDetails"/>
  <testcase name="basicDetails" time="131.094" classname="com.DCCB.tc.TC005_DCCBBasicDetails"/>
  <testcase name="basicDetails" time="131.746" classname="com.DCCB.tc.TC005_DCCBBasicDetails"/>
</testsuite> <!-- com.DCCB.tc.TC005_DCCBBasicDetails -->
