<?xml version="1.0" encoding="UTF-8"?>
<!-- Generated by org.testng.reporters.JUnitReportReporter -->
<testsuite skipped="0" hostname="MAA014482B" name="com.CBI_Jan23.tc.TC003_CBIBasicDetails" tests="83" failures="0" timestamp="2023-02-09T21:28:32 IST" time="14025.291" errors="0">
  <testcase name="basicDetails" time="170.765" classname="com.CBI_Jan23.tc.TC003_CBIBasicDetails"/>
  <testcase name="basicDetails" time="167.647" classname="com.CBI_Jan23.tc.TC003_CBIBasicDetails"/>
  <testcase name="basicDetails" time="167.567" classname="com.CBI_Jan23.tc.TC003_CBIBasicDetails"/>
  <testcase name="basicDetails" time="167.332" classname="com.CBI_Jan23.tc.TC003_CBIBasicDetails"/>
  <testcase name="basicDetails" time="170.557" classname="com.CBI_Jan23.tc.TC003_CBIBasicDetails"/>
  <testcase name="basicDetails" time="167.473" classname="com.CBI_Jan23.tc.TC003_CBIBasicDetails"/>
  <testcase name="basicDetails" time="170.878" classname="com.CBI_Jan23.tc.TC003_CBIBasicDetails"/>
  <testcase name="basicDetails" time="167.668" classname="com.CBI_Jan23.tc.TC003_CBIBasicDetails"/>
  <testcase name="basicDetails" time="167.955" classname="com.CBI_Jan23.tc.TC003_CBIBasicDetails"/>
  <testcase name="basicDetails" time="170.593" classname="com.CBI_Jan23.tc.TC003_CBIBasicDetails"/>
  <testcase name="basicDetails" time="169.264" classname="com.CBI_Jan23.tc.TC003_CBIBasicDetails"/>
  <testcase name="basicDetails" time="169.059" classname="com.CBI_Jan23.tc.TC003_CBIBasicDetails"/>
  <testcase name="basicDetails" time="169.361" classname="com.CBI_Jan23.tc.TC003_CBIBasicDetails"/>
  <testcase name="basicDetails" time="170.419" classname="com.CBI_Jan23.tc.TC003_CBIBasicDetails"/>
  <testcase name="basicDetails" time="167.419" classname="com.CBI_Jan23.tc.TC003_CBIBasicDetails"/>
  <testcase name="basicDetails" time="170.820" classname="com.CBI_Jan23.tc.TC003_CBIBasicDetails"/>
  <testcase name="basicDetails" time="170.801" classname="com.CBI_Jan23.tc.TC003_CBIBasicDetails"/>
  <testcase name="basicDetails" time="167.757" classname="com.CBI_Jan23.tc.TC003_CBIBasicDetails"/>
  <testcase name="basicDetails" time="170.561" classname="com.CBI_Jan23.tc.TC003_CBIBasicDetails"/>
  <testcase name="basicDetails" time="170.509" classname="com.CBI_Jan23.tc.TC003_CBIBasicDetails"/>
  <testcase name="basicDetails" time="170.726" classname="com.CBI_Jan23.tc.TC003_CBIBasicDetails"/>
  <testcase name="basicDetails" time="167.750" classname="com.CBI_Jan23.tc.TC003_CBIBasicDetails"/>
  <testcase name="basicDetails" time="167.553" classname="com.CBI_Jan23.tc.TC003_CBIBasicDetails"/>
  <testcase name="basicDetails" time="167.474" classname="com.CBI_Jan23.tc.TC003_CBIBasicDetails"/>
  <testcase name="basicDetails" time="168.084" classname="com.CBI_Jan23.tc.TC003_CBIBasicDetails"/>
  <testcase name="basicDetails" time="167.746" classname="com.CBI_Jan23.tc.TC003_CBIBasicDetails"/>
  <testcase name="basicDetails" time="167.532" classname="com.CBI_Jan23.tc.TC003_CBIBasicDetails"/>
  <testcase name="basicDetails" time="167.631" classname="com.CBI_Jan23.tc.TC003_CBIBasicDetails"/>
  <testcase name="basicDetails" time="170.845" classname="com.CBI_Jan23.tc.TC003_CBIBasicDetails"/>
  <testcase name="basicDetails" time="167.664" classname="com.CBI_Jan23.tc.TC003_CBIBasicDetails"/>
  <testcase name="basicDetails" time="167.887" classname="com.CBI_Jan23.tc.TC003_CBIBasicDetails"/>
  <testcase name="basicDetails" time="170.849" classname="com.CBI_Jan23.tc.TC003_CBIBasicDetails"/>
  <testcase name="basicDetails" time="170.593" classname="com.CBI_Jan23.tc.TC003_CBIBasicDetails"/>
  <testcase name="basicDetails" time="167.506" classname="com.CBI_Jan23.tc.TC003_CBIBasicDetails"/>
  <testcase name="basicDetails" time="167.945" classname="com.CBI_Jan23.tc.TC003_CBIBasicDetails"/>
  <testcase name="basicDetails" time="170.844" classname="com.CBI_Jan23.tc.TC003_CBIBasicDetails"/>
  <testcase name="basicDetails" time="170.639" classname="com.CBI_Jan23.tc.TC003_CBIBasicDetails"/>
  <testcase name="basicDetails" time="165.994" classname="com.CBI_Jan23.tc.TC003_CBIBasicDetails"/>
  <testcase name="basicDetails" time="170.883" classname="com.CBI_Jan23.tc.TC003_CBIBasicDetails"/>
  <testcase name="basicDetails" time="167.932" classname="com.CBI_Jan23.tc.TC003_CBIBasicDetails"/>
  <testcase name="basicDetails" time="167.953" classname="com.CBI_Jan23.tc.TC003_CBIBasicDetails"/>
  <testcase name="basicDetails" time="171.163" classname="com.CBI_Jan23.tc.TC003_CBIBasicDetails"/>
  <testcase name="basicDetails" time="167.870" classname="com.CBI_Jan23.tc.TC003_CBIBasicDetails"/>
  <testcase name="basicDetails" time="170.433" classname="com.CBI_Jan23.tc.TC003_CBIBasicDetails"/>
  <testcase name="basicDetails" time="167.258" classname="com.CBI_Jan23.tc.TC003_CBIBasicDetails"/>
  <testcase name="basicDetails" time="171.051" classname="com.CBI_Jan23.tc.TC003_CBIBasicDetails"/>
  <testcase name="basicDetails" time="167.433" classname="com.CBI_Jan23.tc.TC003_CBIBasicDetails"/>
  <testcase name="basicDetails" time="170.521" classname="com.CBI_Jan23.tc.TC003_CBIBasicDetails"/>
  <testcase name="basicDetails" time="167.552" classname="com.CBI_Jan23.tc.TC003_CBIBasicDetails"/>
  <testcase name="basicDetails" time="167.704" classname="com.CBI_Jan23.tc.TC003_CBIBasicDetails"/>
  <testcase name="basicDetails" time="170.622" classname="com.CBI_Jan23.tc.TC003_CBIBasicDetails"/>
  <testcase name="basicDetails" time="167.677" classname="com.CBI_Jan23.tc.TC003_CBIBasicDetails"/>
  <testcase name="basicDetails" time="167.338" classname="com.CBI_Jan23.tc.TC003_CBIBasicDetails"/>
  <testcase name="basicDetails" time="170.460" classname="com.CBI_Jan23.tc.TC003_CBIBasicDetails"/>
  <testcase name="basicDetails" time="170.800" classname="com.CBI_Jan23.tc.TC003_CBIBasicDetails"/>
  <testcase name="basicDetails" time="166.001" classname="com.CBI_Jan23.tc.TC003_CBIBasicDetails"/>
  <testcase name="basicDetails" time="170.690" classname="com.CBI_Jan23.tc.TC003_CBIBasicDetails"/>
  <testcase name="basicDetails" time="170.644" classname="com.CBI_Jan23.tc.TC003_CBIBasicDetails"/>
  <testcase name="basicDetails" time="170.992" classname="com.CBI_Jan23.tc.TC003_CBIBasicDetails"/>
  <testcase name="basicDetails" time="167.592" classname="com.CBI_Jan23.tc.TC003_CBIBasicDetails"/>
  <testcase name="basicDetails" time="167.972" classname="com.CBI_Jan23.tc.TC003_CBIBasicDetails"/>
  <testcase name="basicDetails" time="167.398" classname="com.CBI_Jan23.tc.TC003_CBIBasicDetails"/>
  <testcase name="basicDetails" time="170.825" classname="com.CBI_Jan23.tc.TC003_CBIBasicDetails"/>
  <testcase name="basicDetails" time="177.471" classname="com.CBI_Jan23.tc.TC003_CBIBasicDetails"/>
  <testcase name="basicDetails" time="170.446" classname="com.CBI_Jan23.tc.TC003_CBIBasicDetails"/>
  <testcase name="basicDetails" time="167.638" classname="com.CBI_Jan23.tc.TC003_CBIBasicDetails"/>
  <testcase name="basicDetails" time="167.797" classname="com.CBI_Jan23.tc.TC003_CBIBasicDetails"/>
  <testcase name="basicDetails" time="166.153" classname="com.CBI_Jan23.tc.TC003_CBIBasicDetails"/>
  <testcase name="basicDetails" time="170.823" classname="com.CBI_Jan23.tc.TC003_CBIBasicDetails"/>
  <testcase name="basicDetails" time="170.781" classname="com.CBI_Jan23.tc.TC003_CBIBasicDetails"/>
  <testcase name="basicDetails" time="167.419" classname="com.CBI_Jan23.tc.TC003_CBIBasicDetails"/>
  <testcase name="basicDetails" time="170.499" classname="com.CBI_Jan23.tc.TC003_CBIBasicDetails"/>
  <testcase name="basicDetails" time="167.450" classname="com.CBI_Jan23.tc.TC003_CBIBasicDetails"/>
  <testcase name="basicDetails" time="167.905" classname="com.CBI_Jan23.tc.TC003_CBIBasicDetails"/>
  <testcase name="basicDetails" time="167.668" classname="com.CBI_Jan23.tc.TC003_CBIBasicDetails"/>
  <testcase name="basicDetails" time="170.676" classname="com.CBI_Jan23.tc.TC003_CBIBasicDetails"/>
  <testcase name="basicDetails" time="170.736" classname="com.CBI_Jan23.tc.TC003_CBIBasicDetails"/>
  <testcase name="basicDetails" time="167.775" classname="com.CBI_Jan23.tc.TC003_CBIBasicDetails"/>
  <testcase name="basicDetails" time="167.315" classname="com.CBI_Jan23.tc.TC003_CBIBasicDetails"/>
  <testcase name="basicDetails" time="167.481" classname="com.CBI_Jan23.tc.TC003_CBIBasicDetails"/>
  <testcase name="basicDetails" time="167.608" classname="com.CBI_Jan23.tc.TC003_CBIBasicDetails"/>
  <testcase name="basicDetails" time="167.595" classname="com.CBI_Jan23.tc.TC003_CBIBasicDetails"/>
  <testcase name="basicDetails" time="167.624" classname="com.CBI_Jan23.tc.TC003_CBIBasicDetails"/>
</testsuite> <!-- com.CBI_Jan23.tc.TC003_CBIBasicDetails -->
