<?xml version="1.0" encoding="UTF-8"?>
<!-- Generated by org.testng.reporters.JUnitReportReporter -->
<testsuite skipped="0" hostname="MAA014482B" name="com.MCGAD_April23.tc.TC003_MCGADBasicDetails" tests="32" failures="0" timestamp="2023-05-11T16:48:53 IST" time="4921.945" errors="0">
  <testcase name="basicDetails" time="152.906" classname="com.MCGAD_April23.tc.TC003_MCGADBasicDetails"/>
  <testcase name="basicDetails" time="153.138" classname="com.MCGAD_April23.tc.TC003_MCGADBasicDetails"/>
  <testcase name="basicDetails" time="153.012" classname="com.MCGAD_April23.tc.TC003_MCGADBasicDetails"/>
  <testcase name="basicDetails" time="154.426" classname="com.MCGAD_April23.tc.TC003_MCGADBasicDetails"/>
  <testcase name="basicDetails" time="154.027" classname="com.MCGAD_April23.tc.TC003_MCGADBasicDetails"/>
  <testcase name="basicDetails" time="161.830" classname="com.MCGAD_April23.tc.TC003_MCGADBasicDetails"/>
  <testcase name="basicDetails" time="153.464" classname="com.MCGAD_April23.tc.TC003_MCGADBasicDetails"/>
  <testcase name="basicDetails" time="155.203" classname="com.MCGAD_April23.tc.TC003_MCGADBasicDetails"/>
  <testcase name="basicDetails" time="152.760" classname="com.MCGAD_April23.tc.TC003_MCGADBasicDetails"/>
  <testcase name="basicDetails" time="153.531" classname="com.MCGAD_April23.tc.TC003_MCGADBasicDetails"/>
  <testcase name="basicDetails" time="153.759" classname="com.MCGAD_April23.tc.TC003_MCGADBasicDetails"/>
  <testcase name="basicDetails" time="154.665" classname="com.MCGAD_April23.tc.TC003_MCGADBasicDetails"/>
  <testcase name="basicDetails" time="154.484" classname="com.MCGAD_April23.tc.TC003_MCGADBasicDetails"/>
  <testcase name="basicDetails" time="153.001" classname="com.MCGAD_April23.tc.TC003_MCGADBasicDetails"/>
  <testcase name="basicDetails" time="152.994" classname="com.MCGAD_April23.tc.TC003_MCGADBasicDetails"/>
  <testcase name="basicDetails" time="153.092" classname="com.MCGAD_April23.tc.TC003_MCGADBasicDetails"/>
  <testcase name="basicDetails" time="154.446" classname="com.MCGAD_April23.tc.TC003_MCGADBasicDetails"/>
  <testcase name="basicDetails" time="154.398" classname="com.MCGAD_April23.tc.TC003_MCGADBasicDetails"/>
  <testcase name="basicDetails" time="153.373" classname="com.MCGAD_April23.tc.TC003_MCGADBasicDetails"/>
  <testcase name="basicDetails" time="152.680" classname="com.MCGAD_April23.tc.TC003_MCGADBasicDetails"/>
  <testcase name="basicDetails" time="154.131" classname="com.MCGAD_April23.tc.TC003_MCGADBasicDetails"/>
  <testcase name="basicDetails" time="153.074" classname="com.MCGAD_April23.tc.TC003_MCGADBasicDetails"/>
  <testcase name="basicDetails" time="153.485" classname="com.MCGAD_April23.tc.TC003_MCGADBasicDetails"/>
  <testcase name="basicDetails" time="153.109" classname="com.MCGAD_April23.tc.TC003_MCGADBasicDetails"/>
  <testcase name="basicDetails" time="152.810" classname="com.MCGAD_April23.tc.TC003_MCGADBasicDetails"/>
  <testcase name="basicDetails" time="153.170" classname="com.MCGAD_April23.tc.TC003_MCGADBasicDetails"/>
  <testcase name="basicDetails" time="154.636" classname="com.MCGAD_April23.tc.TC003_MCGADBasicDetails"/>
  <testcase name="basicDetails" time="154.112" classname="com.MCGAD_April23.tc.TC003_MCGADBasicDetails"/>
  <testcase name="basicDetails" time="152.964" classname="com.MCGAD_April23.tc.TC003_MCGADBasicDetails"/>
  <testcase name="basicDetails" time="153.234" classname="com.MCGAD_April23.tc.TC003_MCGADBasicDetails"/>
  <testcase name="basicDetails" time="153.313" classname="com.MCGAD_April23.tc.TC003_MCGADBasicDetails"/>
  <testcase name="basicDetails" time="152.718" classname="com.MCGAD_April23.tc.TC003_MCGADBasicDetails"/>
</testsuite> <!-- com.MCGAD_April23.tc.TC003_MCGADBasicDetails -->
