<?xml version="1.0" encoding="UTF-8"?>
<!-- Generated by org.testng.reporters.JUnitReportReporter -->
<testsuite skipped="0" hostname="MAA014482B" name="com.BOI24Feb22.tc.TC003_BOIBasicDetails" tests="57" failures="0" timestamp="2022-03-11T16:58:11 IST" time="6691.541" errors="0">
  <testcase name="basicDetails" time="117.576" classname="com.BOI24Feb22.tc.TC003_BOIBasicDetails"/>
  <testcase name="basicDetails" time="118.389" classname="com.BOI24Feb22.tc.TC003_BOIBasicDetails"/>
  <testcase name="basicDetails" time="116.512" classname="com.BOI24Feb22.tc.TC003_BOIBasicDetails"/>
  <testcase name="basicDetails" time="116.490" classname="com.BOI24Feb22.tc.TC003_BOIBasicDetails"/>
  <testcase name="basicDetails" time="116.871" classname="com.BOI24Feb22.tc.TC003_BOIBasicDetails"/>
  <testcase name="basicDetails" time="116.299" classname="com.BOI24Feb22.tc.TC003_BOIBasicDetails"/>
  <testcase name="basicDetails" time="117.507" classname="com.BOI24Feb22.tc.TC003_BOIBasicDetails"/>
  <testcase name="basicDetails" time="116.458" classname="com.BOI24Feb22.tc.TC003_BOIBasicDetails"/>
  <testcase name="basicDetails" time="118.335" classname="com.BOI24Feb22.tc.TC003_BOIBasicDetails"/>
  <testcase name="basicDetails" time="116.303" classname="com.BOI24Feb22.tc.TC003_BOIBasicDetails"/>
  <testcase name="basicDetails" time="118.436" classname="com.BOI24Feb22.tc.TC003_BOIBasicDetails"/>
  <testcase name="basicDetails" time="116.674" classname="com.BOI24Feb22.tc.TC003_BOIBasicDetails"/>
  <testcase name="basicDetails" time="117.860" classname="com.BOI24Feb22.tc.TC003_BOIBasicDetails"/>
  <testcase name="basicDetails" time="117.132" classname="com.BOI24Feb22.tc.TC003_BOIBasicDetails"/>
  <testcase name="basicDetails" time="116.482" classname="com.BOI24Feb22.tc.TC003_BOIBasicDetails"/>
  <testcase name="basicDetails" time="116.361" classname="com.BOI24Feb22.tc.TC003_BOIBasicDetails"/>
  <testcase name="basicDetails" time="117.642" classname="com.BOI24Feb22.tc.TC003_BOIBasicDetails"/>
  <testcase name="basicDetails" time="118.126" classname="com.BOI24Feb22.tc.TC003_BOIBasicDetails"/>
  <testcase name="basicDetails" time="117.632" classname="com.BOI24Feb22.tc.TC003_BOIBasicDetails"/>
  <testcase name="basicDetails" time="118.137" classname="com.BOI24Feb22.tc.TC003_BOIBasicDetails"/>
  <testcase name="basicDetails" time="118.168" classname="com.BOI24Feb22.tc.TC003_BOIBasicDetails"/>
  <testcase name="basicDetails" time="117.698" classname="com.BOI24Feb22.tc.TC003_BOIBasicDetails"/>
  <testcase name="basicDetails" time="116.928" classname="com.BOI24Feb22.tc.TC003_BOIBasicDetails"/>
  <testcase name="basicDetails" time="116.458" classname="com.BOI24Feb22.tc.TC003_BOIBasicDetails"/>
  <testcase name="basicDetails" time="118.179" classname="com.BOI24Feb22.tc.TC003_BOIBasicDetails"/>
  <testcase name="basicDetails" time="116.415" classname="com.BOI24Feb22.tc.TC003_BOIBasicDetails"/>
  <testcase name="basicDetails" time="118.055" classname="com.BOI24Feb22.tc.TC003_BOIBasicDetails"/>
  <testcase name="basicDetails" time="118.094" classname="com.BOI24Feb22.tc.TC003_BOIBasicDetails"/>
  <testcase name="basicDetails" time="116.727" classname="com.BOI24Feb22.tc.TC003_BOIBasicDetails"/>
  <testcase name="basicDetails" time="117.235" classname="com.BOI24Feb22.tc.TC003_BOIBasicDetails"/>
  <testcase name="basicDetails" time="117.791" classname="com.BOI24Feb22.tc.TC003_BOIBasicDetails"/>
  <testcase name="basicDetails" time="118.603" classname="com.BOI24Feb22.tc.TC003_BOIBasicDetails"/>
  <testcase name="basicDetails" time="116.858" classname="com.BOI24Feb22.tc.TC003_BOIBasicDetails"/>
  <testcase name="basicDetails" time="118.824" classname="com.BOI24Feb22.tc.TC003_BOIBasicDetails"/>
  <testcase name="basicDetails" time="116.799" classname="com.BOI24Feb22.tc.TC003_BOIBasicDetails"/>
  <testcase name="basicDetails" time="116.586" classname="com.BOI24Feb22.tc.TC003_BOIBasicDetails"/>
  <testcase name="basicDetails" time="116.487" classname="com.BOI24Feb22.tc.TC003_BOIBasicDetails"/>
  <testcase name="basicDetails" time="117.184" classname="com.BOI24Feb22.tc.TC003_BOIBasicDetails"/>
  <testcase name="basicDetails" time="116.333" classname="com.BOI24Feb22.tc.TC003_BOIBasicDetails"/>
  <testcase name="basicDetails" time="117.138" classname="com.BOI24Feb22.tc.TC003_BOIBasicDetails"/>
  <testcase name="basicDetails" time="117.929" classname="com.BOI24Feb22.tc.TC003_BOIBasicDetails"/>
  <testcase name="basicDetails" time="118.191" classname="com.BOI24Feb22.tc.TC003_BOIBasicDetails"/>
  <testcase name="basicDetails" time="118.679" classname="com.BOI24Feb22.tc.TC003_BOIBasicDetails"/>
  <testcase name="basicDetails" time="117.038" classname="com.BOI24Feb22.tc.TC003_BOIBasicDetails"/>
  <testcase name="basicDetails" time="117.114" classname="com.BOI24Feb22.tc.TC003_BOIBasicDetails"/>
  <testcase name="basicDetails" time="117.663" classname="com.BOI24Feb22.tc.TC003_BOIBasicDetails"/>
  <testcase name="basicDetails" time="116.021" classname="com.BOI24Feb22.tc.TC003_BOIBasicDetails"/>
  <testcase name="basicDetails" time="117.540" classname="com.BOI24Feb22.tc.TC003_BOIBasicDetails"/>
  <testcase name="basicDetails" time="116.471" classname="com.BOI24Feb22.tc.TC003_BOIBasicDetails"/>
  <testcase name="basicDetails" time="117.477" classname="com.BOI24Feb22.tc.TC003_BOIBasicDetails"/>
  <testcase name="basicDetails" time="117.778" classname="com.BOI24Feb22.tc.TC003_BOIBasicDetails"/>
  <testcase name="basicDetails" time="117.124" classname="com.BOI24Feb22.tc.TC003_BOIBasicDetails"/>
  <testcase name="basicDetails" time="119.118" classname="com.BOI24Feb22.tc.TC003_BOIBasicDetails"/>
  <testcase name="basicDetails" time="117.760" classname="com.BOI24Feb22.tc.TC003_BOIBasicDetails"/>
  <testcase name="basicDetails" time="116.983" classname="com.BOI24Feb22.tc.TC003_BOIBasicDetails"/>
  <testcase name="basicDetails" time="118.645" classname="com.BOI24Feb22.tc.TC003_BOIBasicDetails"/>
  <testcase name="basicDetails" time="118.228" classname="com.BOI24Feb22.tc.TC003_BOIBasicDetails"/>
</testsuite> <!-- com.BOI24Feb22.tc.TC003_BOIBasicDetails -->
