<?xml version="1.0" encoding="UTF-8"?>
<!-- Generated by org.testng.reporters.JUnitReportReporter -->
<testsuite skipped="0" hostname="MAA014482B" name="com.NABARD_27July22.tc.TC004_NABARDBasicDetails" tests="180" failures="0" timestamp="2022-08-30T02:06:39 IST" time="31592.736" errors="0">
  <testcase name="basicDetails" time="174.380" classname="com.NABARD_27July22.tc.TC004_NABARDBasicDetails"/>
  <testcase name="basicDetails" time="174.237" classname="com.NABARD_27July22.tc.TC004_NABARDBasicDetails"/>
  <testcase name="basicDetails" time="180.048" classname="com.NABARD_27July22.tc.TC004_NABARDBasicDetails"/>
  <testcase name="basicDetails" time="180.211" classname="com.NABARD_27July22.tc.TC004_NABARDBasicDetails"/>
  <testcase name="basicDetails" time="174.420" classname="com.NABARD_27July22.tc.TC004_NABARDBasicDetails"/>
  <testcase name="basicDetails" time="180.694" classname="com.NABARD_27July22.tc.TC004_NABARDBasicDetails"/>
  <testcase name="basicDetails" time="174.673" classname="com.NABARD_27July22.tc.TC004_NABARDBasicDetails"/>
  <testcase name="basicDetails" time="174.494" classname="com.NABARD_27July22.tc.TC004_NABARDBasicDetails"/>
  <testcase name="basicDetails" time="174.763" classname="com.NABARD_27July22.tc.TC004_NABARDBasicDetails"/>
  <testcase name="basicDetails" time="174.553" classname="com.NABARD_27July22.tc.TC004_NABARDBasicDetails"/>
  <testcase name="basicDetails" time="175.355" classname="com.NABARD_27July22.tc.TC004_NABARDBasicDetails"/>
  <testcase name="basicDetails" time="174.601" classname="com.NABARD_27July22.tc.TC004_NABARDBasicDetails"/>
  <testcase name="basicDetails" time="179.928" classname="com.NABARD_27July22.tc.TC004_NABARDBasicDetails"/>
  <testcase name="basicDetails" time="174.375" classname="com.NABARD_27July22.tc.TC004_NABARDBasicDetails"/>
  <testcase name="basicDetails" time="174.644" classname="com.NABARD_27July22.tc.TC004_NABARDBasicDetails"/>
  <testcase name="basicDetails" time="174.893" classname="com.NABARD_27July22.tc.TC004_NABARDBasicDetails"/>
  <testcase name="basicDetails" time="174.000" classname="com.NABARD_27July22.tc.TC004_NABARDBasicDetails"/>
  <testcase name="basicDetails" time="174.599" classname="com.NABARD_27July22.tc.TC004_NABARDBasicDetails"/>
  <testcase name="basicDetails" time="174.263" classname="com.NABARD_27July22.tc.TC004_NABARDBasicDetails"/>
  <testcase name="basicDetails" time="174.319" classname="com.NABARD_27July22.tc.TC004_NABARDBasicDetails"/>
  <testcase name="basicDetails" time="174.206" classname="com.NABARD_27July22.tc.TC004_NABARDBasicDetails"/>
  <testcase name="basicDetails" time="175.149" classname="com.NABARD_27July22.tc.TC004_NABARDBasicDetails"/>
  <testcase name="basicDetails" time="174.598" classname="com.NABARD_27July22.tc.TC004_NABARDBasicDetails"/>
  <testcase name="basicDetails" time="174.044" classname="com.NABARD_27July22.tc.TC004_NABARDBasicDetails"/>
  <testcase name="basicDetails" time="174.676" classname="com.NABARD_27July22.tc.TC004_NABARDBasicDetails"/>
  <testcase name="basicDetails" time="175.319" classname="com.NABARD_27July22.tc.TC004_NABARDBasicDetails"/>
  <testcase name="basicDetails" time="179.880" classname="com.NABARD_27July22.tc.TC004_NABARDBasicDetails"/>
  <testcase name="basicDetails" time="179.999" classname="com.NABARD_27July22.tc.TC004_NABARDBasicDetails"/>
  <testcase name="basicDetails" time="174.773" classname="com.NABARD_27July22.tc.TC004_NABARDBasicDetails"/>
  <testcase name="basicDetails" time="177.980" classname="com.NABARD_27July22.tc.TC004_NABARDBasicDetails"/>
  <testcase name="basicDetails" time="179.968" classname="com.NABARD_27July22.tc.TC004_NABARDBasicDetails"/>
  <testcase name="basicDetails" time="179.860" classname="com.NABARD_27July22.tc.TC004_NABARDBasicDetails"/>
  <testcase name="basicDetails" time="174.458" classname="com.NABARD_27July22.tc.TC004_NABARDBasicDetails"/>
  <testcase name="basicDetails" time="174.972" classname="com.NABARD_27July22.tc.TC004_NABARDBasicDetails"/>
  <testcase name="basicDetails" time="174.610" classname="com.NABARD_27July22.tc.TC004_NABARDBasicDetails"/>
  <testcase name="basicDetails" time="174.606" classname="com.NABARD_27July22.tc.TC004_NABARDBasicDetails"/>
  <testcase name="basicDetails" time="174.387" classname="com.NABARD_27July22.tc.TC004_NABARDBasicDetails"/>
  <testcase name="basicDetails" time="179.820" classname="com.NABARD_27July22.tc.TC004_NABARDBasicDetails"/>
  <testcase name="basicDetails" time="179.935" classname="com.NABARD_27July22.tc.TC004_NABARDBasicDetails"/>
  <testcase name="basicDetails" time="174.468" classname="com.NABARD_27July22.tc.TC004_NABARDBasicDetails"/>
  <testcase name="basicDetails" time="174.251" classname="com.NABARD_27July22.tc.TC004_NABARDBasicDetails"/>
  <testcase name="basicDetails" time="174.049" classname="com.NABARD_27July22.tc.TC004_NABARDBasicDetails"/>
  <testcase name="basicDetails" time="174.567" classname="com.NABARD_27July22.tc.TC004_NABARDBasicDetails"/>
  <testcase name="basicDetails" time="174.296" classname="com.NABARD_27July22.tc.TC004_NABARDBasicDetails"/>
  <testcase name="basicDetails" time="174.716" classname="com.NABARD_27July22.tc.TC004_NABARDBasicDetails"/>
  <testcase name="basicDetails" time="174.679" classname="com.NABARD_27July22.tc.TC004_NABARDBasicDetails"/>
  <testcase name="basicDetails" time="174.898" classname="com.NABARD_27July22.tc.TC004_NABARDBasicDetails"/>
  <testcase name="basicDetails" time="180.051" classname="com.NABARD_27July22.tc.TC004_NABARDBasicDetails"/>
  <testcase name="basicDetails" time="174.688" classname="com.NABARD_27July22.tc.TC004_NABARDBasicDetails"/>
  <testcase name="basicDetails" time="174.719" classname="com.NABARD_27July22.tc.TC004_NABARDBasicDetails"/>
  <testcase name="basicDetails" time="179.357" classname="com.NABARD_27July22.tc.TC004_NABARDBasicDetails"/>
  <testcase name="basicDetails" time="174.821" classname="com.NABARD_27July22.tc.TC004_NABARDBasicDetails"/>
  <testcase name="basicDetails" time="174.530" classname="com.NABARD_27July22.tc.TC004_NABARDBasicDetails"/>
  <testcase name="basicDetails" time="174.327" classname="com.NABARD_27July22.tc.TC004_NABARDBasicDetails"/>
  <testcase name="basicDetails" time="174.567" classname="com.NABARD_27July22.tc.TC004_NABARDBasicDetails"/>
  <testcase name="basicDetails" time="174.997" classname="com.NABARD_27July22.tc.TC004_NABARDBasicDetails"/>
  <testcase name="basicDetails" time="174.034" classname="com.NABARD_27July22.tc.TC004_NABARDBasicDetails"/>
  <testcase name="basicDetails" time="174.348" classname="com.NABARD_27July22.tc.TC004_NABARDBasicDetails"/>
  <testcase name="basicDetails" time="174.510" classname="com.NABARD_27July22.tc.TC004_NABARDBasicDetails"/>
  <testcase name="basicDetails" time="175.044" classname="com.NABARD_27July22.tc.TC004_NABARDBasicDetails"/>
  <testcase name="basicDetails" time="174.927" classname="com.NABARD_27July22.tc.TC004_NABARDBasicDetails"/>
  <testcase name="basicDetails" time="180.079" classname="com.NABARD_27July22.tc.TC004_NABARDBasicDetails"/>
  <testcase name="basicDetails" time="174.140" classname="com.NABARD_27July22.tc.TC004_NABARDBasicDetails"/>
  <testcase name="basicDetails" time="174.695" classname="com.NABARD_27July22.tc.TC004_NABARDBasicDetails"/>
  <testcase name="basicDetails" time="174.421" classname="com.NABARD_27July22.tc.TC004_NABARDBasicDetails"/>
  <testcase name="basicDetails" time="174.544" classname="com.NABARD_27July22.tc.TC004_NABARDBasicDetails"/>
  <testcase name="basicDetails" time="174.449" classname="com.NABARD_27July22.tc.TC004_NABARDBasicDetails"/>
  <testcase name="basicDetails" time="174.642" classname="com.NABARD_27July22.tc.TC004_NABARDBasicDetails"/>
  <testcase name="basicDetails" time="180.154" classname="com.NABARD_27July22.tc.TC004_NABARDBasicDetails"/>
  <testcase name="basicDetails" time="174.308" classname="com.NABARD_27July22.tc.TC004_NABARDBasicDetails"/>
  <testcase name="basicDetails" time="174.617" classname="com.NABARD_27July22.tc.TC004_NABARDBasicDetails"/>
  <testcase name="basicDetails" time="174.206" classname="com.NABARD_27July22.tc.TC004_NABARDBasicDetails"/>
  <testcase name="basicDetails" time="174.642" classname="com.NABARD_27July22.tc.TC004_NABARDBasicDetails"/>
  <testcase name="basicDetails" time="174.532" classname="com.NABARD_27July22.tc.TC004_NABARDBasicDetails"/>
  <testcase name="basicDetails" time="174.571" classname="com.NABARD_27July22.tc.TC004_NABARDBasicDetails"/>
  <testcase name="basicDetails" time="174.553" classname="com.NABARD_27July22.tc.TC004_NABARDBasicDetails"/>
  <testcase name="basicDetails" time="180.340" classname="com.NABARD_27July22.tc.TC004_NABARDBasicDetails"/>
  <testcase name="basicDetails" time="174.410" classname="com.NABARD_27July22.tc.TC004_NABARDBasicDetails"/>
  <testcase name="basicDetails" time="174.738" classname="com.NABARD_27July22.tc.TC004_NABARDBasicDetails"/>
  <testcase name="basicDetails" time="174.710" classname="com.NABARD_27July22.tc.TC004_NABARDBasicDetails"/>
  <testcase name="basicDetails" time="174.455" classname="com.NABARD_27July22.tc.TC004_NABARDBasicDetails"/>
  <testcase name="basicDetails" time="174.551" classname="com.NABARD_27July22.tc.TC004_NABARDBasicDetails"/>
  <testcase name="basicDetails" time="174.873" classname="com.NABARD_27July22.tc.TC004_NABARDBasicDetails"/>
  <testcase name="basicDetails" time="174.935" classname="com.NABARD_27July22.tc.TC004_NABARDBasicDetails"/>
  <testcase name="basicDetails" time="179.988" classname="com.NABARD_27July22.tc.TC004_NABARDBasicDetails"/>
  <testcase name="basicDetails" time="174.797" classname="com.NABARD_27July22.tc.TC004_NABARDBasicDetails"/>
  <testcase name="basicDetails" time="174.456" classname="com.NABARD_27July22.tc.TC004_NABARDBasicDetails"/>
  <testcase name="basicDetails" time="174.737" classname="com.NABARD_27July22.tc.TC004_NABARDBasicDetails"/>
  <testcase name="basicDetails" time="179.346" classname="com.NABARD_27July22.tc.TC004_NABARDBasicDetails"/>
  <testcase name="basicDetails" time="174.687" classname="com.NABARD_27July22.tc.TC004_NABARDBasicDetails"/>
  <testcase name="basicDetails" time="174.619" classname="com.NABARD_27July22.tc.TC004_NABARDBasicDetails"/>
  <testcase name="basicDetails" time="174.466" classname="com.NABARD_27July22.tc.TC004_NABARDBasicDetails"/>
  <testcase name="basicDetails" time="174.809" classname="com.NABARD_27July22.tc.TC004_NABARDBasicDetails"/>
  <testcase name="basicDetails" time="173.778" classname="com.NABARD_27July22.tc.TC004_NABARDBasicDetails"/>
  <testcase name="basicDetails" time="174.917" classname="com.NABARD_27July22.tc.TC004_NABARDBasicDetails"/>
  <testcase name="basicDetails" time="174.184" classname="com.NABARD_27July22.tc.TC004_NABARDBasicDetails"/>
  <testcase name="basicDetails" time="174.682" classname="com.NABARD_27July22.tc.TC004_NABARDBasicDetails"/>
  <testcase name="basicDetails" time="174.513" classname="com.NABARD_27July22.tc.TC004_NABARDBasicDetails"/>
  <testcase name="basicDetails" time="174.758" classname="com.NABARD_27July22.tc.TC004_NABARDBasicDetails"/>
  <testcase name="basicDetails" time="174.489" classname="com.NABARD_27July22.tc.TC004_NABARDBasicDetails"/>
  <testcase name="basicDetails" time="180.289" classname="com.NABARD_27July22.tc.TC004_NABARDBasicDetails"/>
  <testcase name="basicDetails" time="175.548" classname="com.NABARD_27July22.tc.TC004_NABARDBasicDetails"/>
  <testcase name="basicDetails" time="174.656" classname="com.NABARD_27July22.tc.TC004_NABARDBasicDetails"/>
  <testcase name="basicDetails" time="174.751" classname="com.NABARD_27July22.tc.TC004_NABARDBasicDetails"/>
  <testcase name="basicDetails" time="179.915" classname="com.NABARD_27July22.tc.TC004_NABARDBasicDetails"/>
  <testcase name="basicDetails" time="179.687" classname="com.NABARD_27July22.tc.TC004_NABARDBasicDetails"/>
  <testcase name="basicDetails" time="174.590" classname="com.NABARD_27July22.tc.TC004_NABARDBasicDetails"/>
  <testcase name="basicDetails" time="174.845" classname="com.NABARD_27July22.tc.TC004_NABARDBasicDetails"/>
  <testcase name="basicDetails" time="174.566" classname="com.NABARD_27July22.tc.TC004_NABARDBasicDetails"/>
  <testcase name="basicDetails" time="174.391" classname="com.NABARD_27July22.tc.TC004_NABARDBasicDetails"/>
  <testcase name="basicDetails" time="174.193" classname="com.NABARD_27July22.tc.TC004_NABARDBasicDetails"/>
  <testcase name="basicDetails" time="174.676" classname="com.NABARD_27July22.tc.TC004_NABARDBasicDetails"/>
  <testcase name="basicDetails" time="174.322" classname="com.NABARD_27July22.tc.TC004_NABARDBasicDetails"/>
  <testcase name="basicDetails" time="174.604" classname="com.NABARD_27July22.tc.TC004_NABARDBasicDetails"/>
  <testcase name="basicDetails" time="174.732" classname="com.NABARD_27July22.tc.TC004_NABARDBasicDetails"/>
  <testcase name="basicDetails" time="180.061" classname="com.NABARD_27July22.tc.TC004_NABARDBasicDetails"/>
  <testcase name="basicDetails" time="174.418" classname="com.NABARD_27July22.tc.TC004_NABARDBasicDetails"/>
  <testcase name="basicDetails" time="174.344" classname="com.NABARD_27July22.tc.TC004_NABARDBasicDetails"/>
  <testcase name="basicDetails" time="174.851" classname="com.NABARD_27July22.tc.TC004_NABARDBasicDetails"/>
  <testcase name="basicDetails" time="174.780" classname="com.NABARD_27July22.tc.TC004_NABARDBasicDetails"/>
  <testcase name="basicDetails" time="174.933" classname="com.NABARD_27July22.tc.TC004_NABARDBasicDetails"/>
  <testcase name="basicDetails" time="174.580" classname="com.NABARD_27July22.tc.TC004_NABARDBasicDetails"/>
  <testcase name="basicDetails" time="174.342" classname="com.NABARD_27July22.tc.TC004_NABARDBasicDetails"/>
  <testcase name="basicDetails" time="174.745" classname="com.NABARD_27July22.tc.TC004_NABARDBasicDetails"/>
  <testcase name="basicDetails" time="174.290" classname="com.NABARD_27July22.tc.TC004_NABARDBasicDetails"/>
  <testcase name="basicDetails" time="179.614" classname="com.NABARD_27July22.tc.TC004_NABARDBasicDetails"/>
  <testcase name="basicDetails" time="174.876" classname="com.NABARD_27July22.tc.TC004_NABARDBasicDetails"/>
  <testcase name="basicDetails" time="179.745" classname="com.NABARD_27July22.tc.TC004_NABARDBasicDetails"/>
  <testcase name="basicDetails" time="174.749" classname="com.NABARD_27July22.tc.TC004_NABARDBasicDetails"/>
  <testcase name="basicDetails" time="174.328" classname="com.NABARD_27July22.tc.TC004_NABARDBasicDetails"/>
  <testcase name="basicDetails" time="174.329" classname="com.NABARD_27July22.tc.TC004_NABARDBasicDetails"/>
  <testcase name="basicDetails" time="174.436" classname="com.NABARD_27July22.tc.TC004_NABARDBasicDetails"/>
  <testcase name="basicDetails" time="174.105" classname="com.NABARD_27July22.tc.TC004_NABARDBasicDetails"/>
  <testcase name="basicDetails" time="174.400" classname="com.NABARD_27July22.tc.TC004_NABARDBasicDetails"/>
  <testcase name="basicDetails" time="180.137" classname="com.NABARD_27July22.tc.TC004_NABARDBasicDetails"/>
  <testcase name="basicDetails" time="174.418" classname="com.NABARD_27July22.tc.TC004_NABARDBasicDetails"/>
  <testcase name="basicDetails" time="174.644" classname="com.NABARD_27July22.tc.TC004_NABARDBasicDetails"/>
  <testcase name="basicDetails" time="174.693" classname="com.NABARD_27July22.tc.TC004_NABARDBasicDetails"/>
  <testcase name="basicDetails" time="174.264" classname="com.NABARD_27July22.tc.TC004_NABARDBasicDetails"/>
  <testcase name="basicDetails" time="174.973" classname="com.NABARD_27July22.tc.TC004_NABARDBasicDetails"/>
  <testcase name="basicDetails" time="174.870" classname="com.NABARD_27July22.tc.TC004_NABARDBasicDetails"/>
  <testcase name="basicDetails" time="178.301" classname="com.NABARD_27July22.tc.TC004_NABARDBasicDetails"/>
  <testcase name="basicDetails" time="174.944" classname="com.NABARD_27July22.tc.TC004_NABARDBasicDetails"/>
  <testcase name="basicDetails" time="174.653" classname="com.NABARD_27July22.tc.TC004_NABARDBasicDetails"/>
  <testcase name="basicDetails" time="174.653" classname="com.NABARD_27July22.tc.TC004_NABARDBasicDetails"/>
  <testcase name="basicDetails" time="174.990" classname="com.NABARD_27July22.tc.TC004_NABARDBasicDetails"/>
  <testcase name="basicDetails" time="174.726" classname="com.NABARD_27July22.tc.TC004_NABARDBasicDetails"/>
  <testcase name="basicDetails" time="174.370" classname="com.NABARD_27July22.tc.TC004_NABARDBasicDetails"/>
  <testcase name="basicDetails" time="179.705" classname="com.NABARD_27July22.tc.TC004_NABARDBasicDetails"/>
  <testcase name="basicDetails" time="174.745" classname="com.NABARD_27July22.tc.TC004_NABARDBasicDetails"/>
  <testcase name="basicDetails" time="174.553" classname="com.NABARD_27July22.tc.TC004_NABARDBasicDetails"/>
  <testcase name="basicDetails" time="174.326" classname="com.NABARD_27July22.tc.TC004_NABARDBasicDetails"/>
  <testcase name="basicDetails" time="174.312" classname="com.NABARD_27July22.tc.TC004_NABARDBasicDetails"/>
  <testcase name="basicDetails" time="174.675" classname="com.NABARD_27July22.tc.TC004_NABARDBasicDetails"/>
  <testcase name="basicDetails" time="174.963" classname="com.NABARD_27July22.tc.TC004_NABARDBasicDetails"/>
  <testcase name="basicDetails" time="175.022" classname="com.NABARD_27July22.tc.TC004_NABARDBasicDetails"/>
  <testcase name="basicDetails" time="174.758" classname="com.NABARD_27July22.tc.TC004_NABARDBasicDetails"/>
  <testcase name="basicDetails" time="174.250" classname="com.NABARD_27July22.tc.TC004_NABARDBasicDetails"/>
  <testcase name="basicDetails" time="179.941" classname="com.NABARD_27July22.tc.TC004_NABARDBasicDetails"/>
  <testcase name="basicDetails" time="174.424" classname="com.NABARD_27July22.tc.TC004_NABARDBasicDetails"/>
  <testcase name="basicDetails" time="180.012" classname="com.NABARD_27July22.tc.TC004_NABARDBasicDetails"/>
  <testcase name="basicDetails" time="174.599" classname="com.NABARD_27July22.tc.TC004_NABARDBasicDetails"/>
  <testcase name="basicDetails" time="174.527" classname="com.NABARD_27July22.tc.TC004_NABARDBasicDetails"/>
  <testcase name="basicDetails" time="174.361" classname="com.NABARD_27July22.tc.TC004_NABARDBasicDetails"/>
  <testcase name="basicDetails" time="174.588" classname="com.NABARD_27July22.tc.TC004_NABARDBasicDetails"/>
  <testcase name="basicDetails" time="174.440" classname="com.NABARD_27July22.tc.TC004_NABARDBasicDetails"/>
  <testcase name="basicDetails" time="174.200" classname="com.NABARD_27July22.tc.TC004_NABARDBasicDetails"/>
  <testcase name="basicDetails" time="179.863" classname="com.NABARD_27July22.tc.TC004_NABARDBasicDetails"/>
  <testcase name="basicDetails" time="174.650" classname="com.NABARD_27July22.tc.TC004_NABARDBasicDetails"/>
  <testcase name="basicDetails" time="180.801" classname="com.NABARD_27July22.tc.TC004_NABARDBasicDetails"/>
  <testcase name="basicDetails" time="174.564" classname="com.NABARD_27July22.tc.TC004_NABARDBasicDetails"/>
  <testcase name="basicDetails" time="174.780" classname="com.NABARD_27July22.tc.TC004_NABARDBasicDetails"/>
  <testcase name="basicDetails" time="174.482" classname="com.NABARD_27July22.tc.TC004_NABARDBasicDetails"/>
  <testcase name="basicDetails" time="174.739" classname="com.NABARD_27July22.tc.TC004_NABARDBasicDetails"/>
  <testcase name="basicDetails" time="174.041" classname="com.NABARD_27July22.tc.TC004_NABARDBasicDetails"/>
  <testcase name="basicDetails" time="174.236" classname="com.NABARD_27July22.tc.TC004_NABARDBasicDetails"/>
  <testcase name="basicDetails" time="174.504" classname="com.NABARD_27July22.tc.TC004_NABARDBasicDetails"/>
  <testcase name="basicDetails" time="179.932" classname="com.NABARD_27July22.tc.TC004_NABARDBasicDetails"/>
  <testcase name="basicDetails" time="174.806" classname="com.NABARD_27July22.tc.TC004_NABARDBasicDetails"/>
  <testcase name="basicDetails" time="174.285" classname="com.NABARD_27July22.tc.TC004_NABARDBasicDetails"/>
</testsuite> <!-- com.NABARD_27July22.tc.TC004_NABARDBasicDetails -->
