<?xml version="1.0" encoding="UTF-8"?>
<!-- Generated by org.testng.reporters.JUnitReportReporter -->
<testsuite skipped="0" hostname="MAA014482B" name="com.CBI_8Sep22.tc.TC005_CBIBasicDetails" tests="1" failures="0" timestamp="2022-09-22T18:17:20 IST" time="157.365" errors="0">
  <testcase name="basicDetails" time="157.365" classname="com.CBI_8Sep22.tc.TC005_CBIBasicDetails"/>
</testsuite> <!-- com.CBI_8Sep22.tc.TC005_CBIBasicDetails -->
