<?xml version="1.0" encoding="UTF-8"?>
<!-- Generated by org.testng.reporters.JUnitReportReporter -->
<testsuite skipped="0" hostname="MAA014482B" name="com.NIA_July23.tc.TC004_NIABasicDetails" tests="54" failures="0" timestamp="2023-07-19T02:52:55 IST" time="9054.589" errors="0">
  <testcase name="basicDetails" time="158.001" classname="com.NIA_July23.tc.TC004_NIABasicDetails"/>
  <testcase name="basicDetails" time="158.423" classname="com.NIA_July23.tc.TC004_NIABasicDetails"/>
  <testcase name="basicDetails" time="186.222" classname="com.NIA_July23.tc.TC004_NIABasicDetails"/>
  <testcase name="basicDetails" time="185.324" classname="com.NIA_July23.tc.TC004_NIABasicDetails"/>
  <testcase name="basicDetails" time="158.996" classname="com.NIA_July23.tc.TC004_NIABasicDetails"/>
  <testcase name="basicDetails" time="157.708" classname="com.NIA_July23.tc.TC004_NIABasicDetails"/>
  <testcase name="basicDetails" time="158.189" classname="com.NIA_July23.tc.TC004_NIABasicDetails"/>
  <testcase name="basicDetails" time="159.774" classname="com.NIA_July23.tc.TC004_NIABasicDetails"/>
  <testcase name="basicDetails" time="158.397" classname="com.NIA_July23.tc.TC004_NIABasicDetails"/>
  <testcase name="basicDetails" time="159.563" classname="com.NIA_July23.tc.TC004_NIABasicDetails"/>
  <testcase name="basicDetails" time="156.809" classname="com.NIA_July23.tc.TC004_NIABasicDetails"/>
  <testcase name="basicDetails" time="186.284" classname="com.NIA_July23.tc.TC004_NIABasicDetails"/>
  <testcase name="basicDetails" time="186.982" classname="com.NIA_July23.tc.TC004_NIABasicDetails"/>
  <testcase name="basicDetails" time="158.281" classname="com.NIA_July23.tc.TC004_NIABasicDetails"/>
  <testcase name="basicDetails" time="185.466" classname="com.NIA_July23.tc.TC004_NIABasicDetails"/>
  <testcase name="basicDetails" time="158.371" classname="com.NIA_July23.tc.TC004_NIABasicDetails"/>
  <testcase name="basicDetails" time="186.723" classname="com.NIA_July23.tc.TC004_NIABasicDetails"/>
  <testcase name="basicDetails" time="156.905" classname="com.NIA_July23.tc.TC004_NIABasicDetails"/>
  <testcase name="basicDetails" time="185.710" classname="com.NIA_July23.tc.TC004_NIABasicDetails"/>
  <testcase name="basicDetails" time="158.234" classname="com.NIA_July23.tc.TC004_NIABasicDetails"/>
  <testcase name="basicDetails" time="185.497" classname="com.NIA_July23.tc.TC004_NIABasicDetails"/>
  <testcase name="basicDetails" time="158.515" classname="com.NIA_July23.tc.TC004_NIABasicDetails"/>
  <testcase name="basicDetails" time="185.649" classname="com.NIA_July23.tc.TC004_NIABasicDetails"/>
  <testcase name="basicDetails" time="159.574" classname="com.NIA_July23.tc.TC004_NIABasicDetails"/>
  <testcase name="basicDetails" time="157.927" classname="com.NIA_July23.tc.TC004_NIABasicDetails"/>
  <testcase name="basicDetails" time="157.638" classname="com.NIA_July23.tc.TC004_NIABasicDetails"/>
  <testcase name="basicDetails" time="185.899" classname="com.NIA_July23.tc.TC004_NIABasicDetails"/>
  <testcase name="basicDetails" time="185.649" classname="com.NIA_July23.tc.TC004_NIABasicDetails"/>
  <testcase name="basicDetails" time="159.482" classname="com.NIA_July23.tc.TC004_NIABasicDetails"/>
  <testcase name="basicDetails" time="159.209" classname="com.NIA_July23.tc.TC004_NIABasicDetails"/>
  <testcase name="basicDetails" time="159.679" classname="com.NIA_July23.tc.TC004_NIABasicDetails"/>
  <testcase name="basicDetails" time="157.070" classname="com.NIA_July23.tc.TC004_NIABasicDetails"/>
  <testcase name="basicDetails" time="158.548" classname="com.NIA_July23.tc.TC004_NIABasicDetails"/>
  <testcase name="basicDetails" time="186.607" classname="com.NIA_July23.tc.TC004_NIABasicDetails"/>
  <testcase name="basicDetails" time="185.298" classname="com.NIA_July23.tc.TC004_NIABasicDetails"/>
  <testcase name="basicDetails" time="185.265" classname="com.NIA_July23.tc.TC004_NIABasicDetails"/>
  <testcase name="basicDetails" time="185.791" classname="com.NIA_July23.tc.TC004_NIABasicDetails"/>
  <testcase name="basicDetails" time="158.062" classname="com.NIA_July23.tc.TC004_NIABasicDetails"/>
  <testcase name="basicDetails" time="159.323" classname="com.NIA_July23.tc.TC004_NIABasicDetails"/>
  <testcase name="basicDetails" time="158.970" classname="com.NIA_July23.tc.TC004_NIABasicDetails"/>
  <testcase name="basicDetails" time="158.173" classname="com.NIA_July23.tc.TC004_NIABasicDetails"/>
  <testcase name="basicDetails" time="157.151" classname="com.NIA_July23.tc.TC004_NIABasicDetails"/>
  <testcase name="basicDetails" time="185.420" classname="com.NIA_July23.tc.TC004_NIABasicDetails"/>
  <testcase name="basicDetails" time="158.025" classname="com.NIA_July23.tc.TC004_NIABasicDetails"/>
  <testcase name="basicDetails" time="163.978" classname="com.NIA_July23.tc.TC004_NIABasicDetails"/>
  <testcase name="basicDetails" time="159.394" classname="com.NIA_July23.tc.TC004_NIABasicDetails"/>
  <testcase name="basicDetails" time="159.238" classname="com.NIA_July23.tc.TC004_NIABasicDetails"/>
  <testcase name="basicDetails" time="186.779" classname="com.NIA_July23.tc.TC004_NIABasicDetails"/>
  <testcase name="basicDetails" time="158.449" classname="com.NIA_July23.tc.TC004_NIABasicDetails"/>
  <testcase name="basicDetails" time="156.916" classname="com.NIA_July23.tc.TC004_NIABasicDetails"/>
  <testcase name="basicDetails" time="159.100" classname="com.NIA_July23.tc.TC004_NIABasicDetails"/>
  <testcase name="basicDetails" time="185.761" classname="com.NIA_July23.tc.TC004_NIABasicDetails"/>
  <testcase name="basicDetails" time="158.046" classname="com.NIA_July23.tc.TC004_NIABasicDetails"/>
  <testcase name="basicDetails" time="158.145" classname="com.NIA_July23.tc.TC004_NIABasicDetails"/>
</testsuite> <!-- com.NIA_July23.tc.TC004_NIABasicDetails -->
