<?xml version="1.0" encoding="UTF-8"?>
<!-- Generated by org.testng.reporters.JUnitReportReporter -->
<testsuite skipped="0" hostname="MAA014482B" name="com.DCCB_March23.tc.TC004_DCCBBasicDetails" tests="102" failures="0" timestamp="2023-03-25T01:46:51 IST" time="17356.359" errors="0">
  <testcase name="basicDetails" time="171.276" classname="com.DCCB_March23.tc.TC004_DCCBBasicDetails"/>
  <testcase name="basicDetails" time="170.332" classname="com.DCCB_March23.tc.TC004_DCCBBasicDetails"/>
  <testcase name="basicDetails" time="170.341" classname="com.DCCB_March23.tc.TC004_DCCBBasicDetails"/>
  <testcase name="basicDetails" time="170.368" classname="com.DCCB_March23.tc.TC004_DCCBBasicDetails"/>
  <testcase name="basicDetails" time="170.135" classname="com.DCCB_March23.tc.TC004_DCCBBasicDetails"/>
  <testcase name="basicDetails" time="170.243" classname="com.DCCB_March23.tc.TC004_DCCBBasicDetails"/>
  <testcase name="basicDetails" time="170.986" classname="com.DCCB_March23.tc.TC004_DCCBBasicDetails"/>
  <testcase name="basicDetails" time="170.243" classname="com.DCCB_March23.tc.TC004_DCCBBasicDetails"/>
  <testcase name="basicDetails" time="170.210" classname="com.DCCB_March23.tc.TC004_DCCBBasicDetails"/>
  <testcase name="basicDetails" time="169.686" classname="com.DCCB_March23.tc.TC004_DCCBBasicDetails"/>
  <testcase name="basicDetails" time="169.798" classname="com.DCCB_March23.tc.TC004_DCCBBasicDetails"/>
  <testcase name="basicDetails" time="169.911" classname="com.DCCB_March23.tc.TC004_DCCBBasicDetails"/>
  <testcase name="basicDetails" time="171.419" classname="com.DCCB_March23.tc.TC004_DCCBBasicDetails"/>
  <testcase name="basicDetails" time="169.750" classname="com.DCCB_March23.tc.TC004_DCCBBasicDetails"/>
  <testcase name="basicDetails" time="169.818" classname="com.DCCB_March23.tc.TC004_DCCBBasicDetails"/>
  <testcase name="basicDetails" time="169.604" classname="com.DCCB_March23.tc.TC004_DCCBBasicDetails"/>
  <testcase name="basicDetails" time="169.926" classname="com.DCCB_March23.tc.TC004_DCCBBasicDetails"/>
  <testcase name="basicDetails" time="169.728" classname="com.DCCB_March23.tc.TC004_DCCBBasicDetails"/>
  <testcase name="basicDetails" time="170.526" classname="com.DCCB_March23.tc.TC004_DCCBBasicDetails"/>
  <testcase name="basicDetails" time="169.440" classname="com.DCCB_March23.tc.TC004_DCCBBasicDetails"/>
  <testcase name="basicDetails" time="169.977" classname="com.DCCB_March23.tc.TC004_DCCBBasicDetails"/>
  <testcase name="basicDetails" time="170.277" classname="com.DCCB_March23.tc.TC004_DCCBBasicDetails"/>
  <testcase name="basicDetails" time="169.799" classname="com.DCCB_March23.tc.TC004_DCCBBasicDetails"/>
  <testcase name="basicDetails" time="170.444" classname="com.DCCB_March23.tc.TC004_DCCBBasicDetails"/>
  <testcase name="basicDetails" time="170.469" classname="com.DCCB_March23.tc.TC004_DCCBBasicDetails"/>
  <testcase name="basicDetails" time="170.619" classname="com.DCCB_March23.tc.TC004_DCCBBasicDetails"/>
  <testcase name="basicDetails" time="169.615" classname="com.DCCB_March23.tc.TC004_DCCBBasicDetails"/>
  <testcase name="basicDetails" time="169.650" classname="com.DCCB_March23.tc.TC004_DCCBBasicDetails"/>
  <testcase name="basicDetails" time="169.846" classname="com.DCCB_March23.tc.TC004_DCCBBasicDetails"/>
  <testcase name="basicDetails" time="169.390" classname="com.DCCB_March23.tc.TC004_DCCBBasicDetails"/>
  <testcase name="basicDetails" time="169.329" classname="com.DCCB_March23.tc.TC004_DCCBBasicDetails"/>
  <testcase name="basicDetails" time="170.169" classname="com.DCCB_March23.tc.TC004_DCCBBasicDetails"/>
  <testcase name="basicDetails" time="170.194" classname="com.DCCB_March23.tc.TC004_DCCBBasicDetails"/>
  <testcase name="basicDetails" time="170.698" classname="com.DCCB_March23.tc.TC004_DCCBBasicDetails"/>
  <testcase name="basicDetails" time="170.405" classname="com.DCCB_March23.tc.TC004_DCCBBasicDetails"/>
  <testcase name="basicDetails" time="170.320" classname="com.DCCB_March23.tc.TC004_DCCBBasicDetails"/>
  <testcase name="basicDetails" time="170.009" classname="com.DCCB_March23.tc.TC004_DCCBBasicDetails"/>
  <testcase name="basicDetails" time="169.683" classname="com.DCCB_March23.tc.TC004_DCCBBasicDetails"/>
  <testcase name="basicDetails" time="170.293" classname="com.DCCB_March23.tc.TC004_DCCBBasicDetails"/>
  <testcase name="basicDetails" time="169.614" classname="com.DCCB_March23.tc.TC004_DCCBBasicDetails"/>
  <testcase name="basicDetails" time="169.917" classname="com.DCCB_March23.tc.TC004_DCCBBasicDetails"/>
  <testcase name="basicDetails" time="170.684" classname="com.DCCB_March23.tc.TC004_DCCBBasicDetails"/>
  <testcase name="basicDetails" time="169.676" classname="com.DCCB_March23.tc.TC004_DCCBBasicDetails"/>
  <testcase name="basicDetails" time="170.290" classname="com.DCCB_March23.tc.TC004_DCCBBasicDetails"/>
  <testcase name="basicDetails" time="170.548" classname="com.DCCB_March23.tc.TC004_DCCBBasicDetails"/>
  <testcase name="basicDetails" time="169.920" classname="com.DCCB_March23.tc.TC004_DCCBBasicDetails"/>
  <testcase name="basicDetails" time="169.792" classname="com.DCCB_March23.tc.TC004_DCCBBasicDetails"/>
  <testcase name="basicDetails" time="170.030" classname="com.DCCB_March23.tc.TC004_DCCBBasicDetails"/>
  <testcase name="basicDetails" time="171.055" classname="com.DCCB_March23.tc.TC004_DCCBBasicDetails"/>
  <testcase name="basicDetails" time="171.146" classname="com.DCCB_March23.tc.TC004_DCCBBasicDetails"/>
  <testcase name="basicDetails" time="170.259" classname="com.DCCB_March23.tc.TC004_DCCBBasicDetails"/>
  <testcase name="basicDetails" time="169.561" classname="com.DCCB_March23.tc.TC004_DCCBBasicDetails"/>
  <testcase name="basicDetails" time="171.068" classname="com.DCCB_March23.tc.TC004_DCCBBasicDetails"/>
  <testcase name="basicDetails" time="170.388" classname="com.DCCB_March23.tc.TC004_DCCBBasicDetails"/>
  <testcase name="basicDetails" time="170.372" classname="com.DCCB_March23.tc.TC004_DCCBBasicDetails"/>
  <testcase name="basicDetails" time="169.569" classname="com.DCCB_March23.tc.TC004_DCCBBasicDetails"/>
  <testcase name="basicDetails" time="169.545" classname="com.DCCB_March23.tc.TC004_DCCBBasicDetails"/>
  <testcase name="basicDetails" time="169.555" classname="com.DCCB_March23.tc.TC004_DCCBBasicDetails"/>
  <testcase name="basicDetails" time="170.391" classname="com.DCCB_March23.tc.TC004_DCCBBasicDetails"/>
  <testcase name="basicDetails" time="170.249" classname="com.DCCB_March23.tc.TC004_DCCBBasicDetails"/>
  <testcase name="basicDetails" time="169.789" classname="com.DCCB_March23.tc.TC004_DCCBBasicDetails"/>
  <testcase name="basicDetails" time="169.993" classname="com.DCCB_March23.tc.TC004_DCCBBasicDetails"/>
  <testcase name="basicDetails" time="169.546" classname="com.DCCB_March23.tc.TC004_DCCBBasicDetails"/>
  <testcase name="basicDetails" time="171.229" classname="com.DCCB_March23.tc.TC004_DCCBBasicDetails"/>
  <testcase name="basicDetails" time="169.378" classname="com.DCCB_March23.tc.TC004_DCCBBasicDetails"/>
  <testcase name="basicDetails" time="169.985" classname="com.DCCB_March23.tc.TC004_DCCBBasicDetails"/>
  <testcase name="basicDetails" time="170.686" classname="com.DCCB_March23.tc.TC004_DCCBBasicDetails"/>
  <testcase name="basicDetails" time="169.642" classname="com.DCCB_March23.tc.TC004_DCCBBasicDetails"/>
  <testcase name="basicDetails" time="169.641" classname="com.DCCB_March23.tc.TC004_DCCBBasicDetails"/>
  <testcase name="basicDetails" time="180.178" classname="com.DCCB_March23.tc.TC004_DCCBBasicDetails"/>
  <testcase name="basicDetails" time="170.885" classname="com.DCCB_March23.tc.TC004_DCCBBasicDetails"/>
  <testcase name="basicDetails" time="170.370" classname="com.DCCB_March23.tc.TC004_DCCBBasicDetails"/>
  <testcase name="basicDetails" time="170.184" classname="com.DCCB_March23.tc.TC004_DCCBBasicDetails"/>
  <testcase name="basicDetails" time="169.535" classname="com.DCCB_March23.tc.TC004_DCCBBasicDetails"/>
  <testcase name="basicDetails" time="170.579" classname="com.DCCB_March23.tc.TC004_DCCBBasicDetails"/>
  <testcase name="basicDetails" time="170.008" classname="com.DCCB_March23.tc.TC004_DCCBBasicDetails"/>
  <testcase name="basicDetails" time="170.186" classname="com.DCCB_March23.tc.TC004_DCCBBasicDetails"/>
  <testcase name="basicDetails" time="170.265" classname="com.DCCB_March23.tc.TC004_DCCBBasicDetails"/>
  <testcase name="basicDetails" time="169.910" classname="com.DCCB_March23.tc.TC004_DCCBBasicDetails"/>
  <testcase name="basicDetails" time="169.425" classname="com.DCCB_March23.tc.TC004_DCCBBasicDetails"/>
  <testcase name="basicDetails" time="170.091" classname="com.DCCB_March23.tc.TC004_DCCBBasicDetails"/>
  <testcase name="basicDetails" time="169.566" classname="com.DCCB_March23.tc.TC004_DCCBBasicDetails"/>
  <testcase name="basicDetails" time="169.396" classname="com.DCCB_March23.tc.TC004_DCCBBasicDetails"/>
  <testcase name="basicDetails" time="169.710" classname="com.DCCB_March23.tc.TC004_DCCBBasicDetails"/>
  <testcase name="basicDetails" time="169.452" classname="com.DCCB_March23.tc.TC004_DCCBBasicDetails"/>
  <testcase name="basicDetails" time="170.442" classname="com.DCCB_March23.tc.TC004_DCCBBasicDetails"/>
  <testcase name="basicDetails" time="169.991" classname="com.DCCB_March23.tc.TC004_DCCBBasicDetails"/>
  <testcase name="basicDetails" time="169.891" classname="com.DCCB_March23.tc.TC004_DCCBBasicDetails"/>
  <testcase name="basicDetails" time="169.964" classname="com.DCCB_March23.tc.TC004_DCCBBasicDetails"/>
  <testcase name="basicDetails" time="170.602" classname="com.DCCB_March23.tc.TC004_DCCBBasicDetails"/>
  <testcase name="basicDetails" time="169.826" classname="com.DCCB_March23.tc.TC004_DCCBBasicDetails"/>
  <testcase name="basicDetails" time="170.364" classname="com.DCCB_March23.tc.TC004_DCCBBasicDetails"/>
  <testcase name="basicDetails" time="169.497" classname="com.DCCB_March23.tc.TC004_DCCBBasicDetails"/>
  <testcase name="basicDetails" time="169.947" classname="com.DCCB_March23.tc.TC004_DCCBBasicDetails"/>
  <testcase name="basicDetails" time="169.194" classname="com.DCCB_March23.tc.TC004_DCCBBasicDetails"/>
  <testcase name="basicDetails" time="169.264" classname="com.DCCB_March23.tc.TC004_DCCBBasicDetails"/>
  <testcase name="basicDetails" time="170.735" classname="com.DCCB_March23.tc.TC004_DCCBBasicDetails"/>
  <testcase name="basicDetails" time="169.779" classname="com.DCCB_March23.tc.TC004_DCCBBasicDetails"/>
  <testcase name="basicDetails" time="169.491" classname="com.DCCB_March23.tc.TC004_DCCBBasicDetails"/>
  <testcase name="basicDetails" time="169.431" classname="com.DCCB_March23.tc.TC004_DCCBBasicDetails"/>
  <testcase name="basicDetails" time="169.965" classname="com.DCCB_March23.tc.TC004_DCCBBasicDetails"/>
  <testcase name="basicDetails" time="169.792" classname="com.DCCB_March23.tc.TC004_DCCBBasicDetails"/>
</testsuite> <!-- com.DCCB_March23.tc.TC004_DCCBBasicDetails -->
