<?xml version="1.0" encoding="UTF-8"?>
<!-- Generated by org.testng.reporters.JUnitReportReporter -->
<testsuite skipped="0" hostname="MAA014482B" name="com.PMC_Nagarshiv_May23.tc.TC005_PMCBasicDetails" tests="126" failures="0" timestamp="2023-05-21T04:25:21 IST" time="19378.141" errors="0">
  <testcase name="basicDetails" time="153.546" classname="com.PMC_Nagarshiv_May23.tc.TC005_PMCBasicDetails"/>
  <testcase name="basicDetails" time="156.802" classname="com.PMC_Nagarshiv_May23.tc.TC005_PMCBasicDetails"/>
  <testcase name="basicDetails" time="152.792" classname="com.PMC_Nagarshiv_May23.tc.TC005_PMCBasicDetails"/>
  <testcase name="basicDetails" time="157.866" classname="com.PMC_Nagarshiv_May23.tc.TC005_PMCBasicDetails"/>
  <testcase name="basicDetails" time="153.495" classname="com.PMC_Nagarshiv_May23.tc.TC005_PMCBasicDetails"/>
  <testcase name="basicDetails" time="152.056" classname="com.PMC_Nagarshiv_May23.tc.TC005_PMCBasicDetails"/>
  <testcase name="basicDetails" time="153.424" classname="com.PMC_Nagarshiv_May23.tc.TC005_PMCBasicDetails"/>
  <testcase name="basicDetails" time="153.584" classname="com.PMC_Nagarshiv_May23.tc.TC005_PMCBasicDetails"/>
  <testcase name="basicDetails" time="153.200" classname="com.PMC_Nagarshiv_May23.tc.TC005_PMCBasicDetails"/>
  <testcase name="basicDetails" time="153.492" classname="com.PMC_Nagarshiv_May23.tc.TC005_PMCBasicDetails"/>
  <testcase name="basicDetails" time="153.014" classname="com.PMC_Nagarshiv_May23.tc.TC005_PMCBasicDetails"/>
  <testcase name="basicDetails" time="153.335" classname="com.PMC_Nagarshiv_May23.tc.TC005_PMCBasicDetails"/>
  <testcase name="basicDetails" time="153.451" classname="com.PMC_Nagarshiv_May23.tc.TC005_PMCBasicDetails"/>
  <testcase name="basicDetails" time="156.557" classname="com.PMC_Nagarshiv_May23.tc.TC005_PMCBasicDetails"/>
  <testcase name="basicDetails" time="153.154" classname="com.PMC_Nagarshiv_May23.tc.TC005_PMCBasicDetails"/>
  <testcase name="basicDetails" time="152.961" classname="com.PMC_Nagarshiv_May23.tc.TC005_PMCBasicDetails"/>
  <testcase name="basicDetails" time="153.284" classname="com.PMC_Nagarshiv_May23.tc.TC005_PMCBasicDetails"/>
  <testcase name="basicDetails" time="153.234" classname="com.PMC_Nagarshiv_May23.tc.TC005_PMCBasicDetails"/>
  <testcase name="basicDetails" time="153.074" classname="com.PMC_Nagarshiv_May23.tc.TC005_PMCBasicDetails"/>
  <testcase name="basicDetails" time="153.147" classname="com.PMC_Nagarshiv_May23.tc.TC005_PMCBasicDetails"/>
  <testcase name="basicDetails" time="153.485" classname="com.PMC_Nagarshiv_May23.tc.TC005_PMCBasicDetails"/>
  <testcase name="basicDetails" time="153.215" classname="com.PMC_Nagarshiv_May23.tc.TC005_PMCBasicDetails"/>
  <testcase name="basicDetails" time="153.455" classname="com.PMC_Nagarshiv_May23.tc.TC005_PMCBasicDetails"/>
  <testcase name="basicDetails" time="152.133" classname="com.PMC_Nagarshiv_May23.tc.TC005_PMCBasicDetails"/>
  <testcase name="basicDetails" time="153.019" classname="com.PMC_Nagarshiv_May23.tc.TC005_PMCBasicDetails"/>
  <testcase name="basicDetails" time="156.563" classname="com.PMC_Nagarshiv_May23.tc.TC005_PMCBasicDetails"/>
  <testcase name="basicDetails" time="153.340" classname="com.PMC_Nagarshiv_May23.tc.TC005_PMCBasicDetails"/>
  <testcase name="basicDetails" time="153.475" classname="com.PMC_Nagarshiv_May23.tc.TC005_PMCBasicDetails"/>
  <testcase name="basicDetails" time="153.162" classname="com.PMC_Nagarshiv_May23.tc.TC005_PMCBasicDetails"/>
  <testcase name="basicDetails" time="153.329" classname="com.PMC_Nagarshiv_May23.tc.TC005_PMCBasicDetails"/>
  <testcase name="basicDetails" time="152.951" classname="com.PMC_Nagarshiv_May23.tc.TC005_PMCBasicDetails"/>
  <testcase name="basicDetails" time="152.943" classname="com.PMC_Nagarshiv_May23.tc.TC005_PMCBasicDetails"/>
  <testcase name="basicDetails" time="153.143" classname="com.PMC_Nagarshiv_May23.tc.TC005_PMCBasicDetails"/>
  <testcase name="basicDetails" time="156.636" classname="com.PMC_Nagarshiv_May23.tc.TC005_PMCBasicDetails"/>
  <testcase name="basicDetails" time="153.262" classname="com.PMC_Nagarshiv_May23.tc.TC005_PMCBasicDetails"/>
  <testcase name="basicDetails" time="153.152" classname="com.PMC_Nagarshiv_May23.tc.TC005_PMCBasicDetails"/>
  <testcase name="basicDetails" time="153.363" classname="com.PMC_Nagarshiv_May23.tc.TC005_PMCBasicDetails"/>
  <testcase name="basicDetails" time="156.574" classname="com.PMC_Nagarshiv_May23.tc.TC005_PMCBasicDetails"/>
  <testcase name="basicDetails" time="153.070" classname="com.PMC_Nagarshiv_May23.tc.TC005_PMCBasicDetails"/>
  <testcase name="basicDetails" time="156.652" classname="com.PMC_Nagarshiv_May23.tc.TC005_PMCBasicDetails"/>
  <testcase name="basicDetails" time="151.794" classname="com.PMC_Nagarshiv_May23.tc.TC005_PMCBasicDetails"/>
  <testcase name="basicDetails" time="151.918" classname="com.PMC_Nagarshiv_May23.tc.TC005_PMCBasicDetails"/>
  <testcase name="basicDetails" time="153.368" classname="com.PMC_Nagarshiv_May23.tc.TC005_PMCBasicDetails"/>
  <testcase name="basicDetails" time="153.182" classname="com.PMC_Nagarshiv_May23.tc.TC005_PMCBasicDetails"/>
  <testcase name="basicDetails" time="153.555" classname="com.PMC_Nagarshiv_May23.tc.TC005_PMCBasicDetails"/>
  <testcase name="basicDetails" time="153.332" classname="com.PMC_Nagarshiv_May23.tc.TC005_PMCBasicDetails"/>
  <testcase name="basicDetails" time="153.587" classname="com.PMC_Nagarshiv_May23.tc.TC005_PMCBasicDetails"/>
  <testcase name="basicDetails" time="153.088" classname="com.PMC_Nagarshiv_May23.tc.TC005_PMCBasicDetails"/>
  <testcase name="basicDetails" time="153.544" classname="com.PMC_Nagarshiv_May23.tc.TC005_PMCBasicDetails"/>
  <testcase name="basicDetails" time="153.094" classname="com.PMC_Nagarshiv_May23.tc.TC005_PMCBasicDetails"/>
  <testcase name="basicDetails" time="153.512" classname="com.PMC_Nagarshiv_May23.tc.TC005_PMCBasicDetails"/>
  <testcase name="basicDetails" time="152.443" classname="com.PMC_Nagarshiv_May23.tc.TC005_PMCBasicDetails"/>
  <testcase name="basicDetails" time="153.065" classname="com.PMC_Nagarshiv_May23.tc.TC005_PMCBasicDetails"/>
  <testcase name="basicDetails" time="153.037" classname="com.PMC_Nagarshiv_May23.tc.TC005_PMCBasicDetails"/>
  <testcase name="basicDetails" time="152.157" classname="com.PMC_Nagarshiv_May23.tc.TC005_PMCBasicDetails"/>
  <testcase name="basicDetails" time="152.296" classname="com.PMC_Nagarshiv_May23.tc.TC005_PMCBasicDetails"/>
  <testcase name="basicDetails" time="153.298" classname="com.PMC_Nagarshiv_May23.tc.TC005_PMCBasicDetails"/>
  <testcase name="basicDetails" time="156.622" classname="com.PMC_Nagarshiv_May23.tc.TC005_PMCBasicDetails"/>
  <testcase name="basicDetails" time="153.037" classname="com.PMC_Nagarshiv_May23.tc.TC005_PMCBasicDetails"/>
  <testcase name="basicDetails" time="153.009" classname="com.PMC_Nagarshiv_May23.tc.TC005_PMCBasicDetails"/>
  <testcase name="basicDetails" time="152.889" classname="com.PMC_Nagarshiv_May23.tc.TC005_PMCBasicDetails"/>
  <testcase name="basicDetails" time="153.564" classname="com.PMC_Nagarshiv_May23.tc.TC005_PMCBasicDetails"/>
  <testcase name="basicDetails" time="153.244" classname="com.PMC_Nagarshiv_May23.tc.TC005_PMCBasicDetails"/>
  <testcase name="basicDetails" time="153.229" classname="com.PMC_Nagarshiv_May23.tc.TC005_PMCBasicDetails"/>
  <testcase name="basicDetails" time="170.008" classname="com.PMC_Nagarshiv_May23.tc.TC005_PMCBasicDetails"/>
  <testcase name="basicDetails" time="156.928" classname="com.PMC_Nagarshiv_May23.tc.TC005_PMCBasicDetails"/>
  <testcase name="basicDetails" time="153.085" classname="com.PMC_Nagarshiv_May23.tc.TC005_PMCBasicDetails"/>
  <testcase name="basicDetails" time="153.082" classname="com.PMC_Nagarshiv_May23.tc.TC005_PMCBasicDetails"/>
  <testcase name="basicDetails" time="152.874" classname="com.PMC_Nagarshiv_May23.tc.TC005_PMCBasicDetails"/>
  <testcase name="basicDetails" time="153.310" classname="com.PMC_Nagarshiv_May23.tc.TC005_PMCBasicDetails"/>
  <testcase name="basicDetails" time="153.359" classname="com.PMC_Nagarshiv_May23.tc.TC005_PMCBasicDetails"/>
  <testcase name="basicDetails" time="153.185" classname="com.PMC_Nagarshiv_May23.tc.TC005_PMCBasicDetails"/>
  <testcase name="basicDetails" time="153.273" classname="com.PMC_Nagarshiv_May23.tc.TC005_PMCBasicDetails"/>
  <testcase name="basicDetails" time="152.210" classname="com.PMC_Nagarshiv_May23.tc.TC005_PMCBasicDetails"/>
  <testcase name="basicDetails" time="152.083" classname="com.PMC_Nagarshiv_May23.tc.TC005_PMCBasicDetails"/>
  <testcase name="basicDetails" time="156.823" classname="com.PMC_Nagarshiv_May23.tc.TC005_PMCBasicDetails"/>
  <testcase name="basicDetails" time="153.097" classname="com.PMC_Nagarshiv_May23.tc.TC005_PMCBasicDetails"/>
  <testcase name="basicDetails" time="153.386" classname="com.PMC_Nagarshiv_May23.tc.TC005_PMCBasicDetails"/>
  <testcase name="basicDetails" time="151.961" classname="com.PMC_Nagarshiv_May23.tc.TC005_PMCBasicDetails"/>
  <testcase name="basicDetails" time="152.175" classname="com.PMC_Nagarshiv_May23.tc.TC005_PMCBasicDetails"/>
  <testcase name="basicDetails" time="153.588" classname="com.PMC_Nagarshiv_May23.tc.TC005_PMCBasicDetails"/>
  <testcase name="basicDetails" time="153.345" classname="com.PMC_Nagarshiv_May23.tc.TC005_PMCBasicDetails"/>
  <testcase name="basicDetails" time="153.427" classname="com.PMC_Nagarshiv_May23.tc.TC005_PMCBasicDetails"/>
  <testcase name="basicDetails" time="153.534" classname="com.PMC_Nagarshiv_May23.tc.TC005_PMCBasicDetails"/>
  <testcase name="basicDetails" time="153.333" classname="com.PMC_Nagarshiv_May23.tc.TC005_PMCBasicDetails"/>
  <testcase name="basicDetails" time="153.646" classname="com.PMC_Nagarshiv_May23.tc.TC005_PMCBasicDetails"/>
  <testcase name="basicDetails" time="153.646" classname="com.PMC_Nagarshiv_May23.tc.TC005_PMCBasicDetails"/>
  <testcase name="basicDetails" time="153.333" classname="com.PMC_Nagarshiv_May23.tc.TC005_PMCBasicDetails"/>
  <testcase name="basicDetails" time="153.386" classname="com.PMC_Nagarshiv_May23.tc.TC005_PMCBasicDetails"/>
  <testcase name="basicDetails" time="153.027" classname="com.PMC_Nagarshiv_May23.tc.TC005_PMCBasicDetails"/>
  <testcase name="basicDetails" time="153.332" classname="com.PMC_Nagarshiv_May23.tc.TC005_PMCBasicDetails"/>
  <testcase name="basicDetails" time="152.917" classname="com.PMC_Nagarshiv_May23.tc.TC005_PMCBasicDetails"/>
  <testcase name="basicDetails" time="153.350" classname="com.PMC_Nagarshiv_May23.tc.TC005_PMCBasicDetails"/>
  <testcase name="basicDetails" time="153.472" classname="com.PMC_Nagarshiv_May23.tc.TC005_PMCBasicDetails"/>
  <testcase name="basicDetails" time="156.880" classname="com.PMC_Nagarshiv_May23.tc.TC005_PMCBasicDetails"/>
  <testcase name="basicDetails" time="152.052" classname="com.PMC_Nagarshiv_May23.tc.TC005_PMCBasicDetails"/>
  <testcase name="basicDetails" time="156.718" classname="com.PMC_Nagarshiv_May23.tc.TC005_PMCBasicDetails"/>
  <testcase name="basicDetails" time="153.544" classname="com.PMC_Nagarshiv_May23.tc.TC005_PMCBasicDetails"/>
  <testcase name="basicDetails" time="156.666" classname="com.PMC_Nagarshiv_May23.tc.TC005_PMCBasicDetails"/>
  <testcase name="basicDetails" time="156.892" classname="com.PMC_Nagarshiv_May23.tc.TC005_PMCBasicDetails"/>
  <testcase name="basicDetails" time="156.655" classname="com.PMC_Nagarshiv_May23.tc.TC005_PMCBasicDetails"/>
  <testcase name="basicDetails" time="153.528" classname="com.PMC_Nagarshiv_May23.tc.TC005_PMCBasicDetails"/>
  <testcase name="basicDetails" time="156.607" classname="com.PMC_Nagarshiv_May23.tc.TC005_PMCBasicDetails"/>
  <testcase name="basicDetails" time="153.630" classname="com.PMC_Nagarshiv_May23.tc.TC005_PMCBasicDetails"/>
  <testcase name="basicDetails" time="153.530" classname="com.PMC_Nagarshiv_May23.tc.TC005_PMCBasicDetails"/>
  <testcase name="basicDetails" time="153.560" classname="com.PMC_Nagarshiv_May23.tc.TC005_PMCBasicDetails"/>
  <testcase name="basicDetails" time="153.374" classname="com.PMC_Nagarshiv_May23.tc.TC005_PMCBasicDetails"/>
  <testcase name="basicDetails" time="152.413" classname="com.PMC_Nagarshiv_May23.tc.TC005_PMCBasicDetails"/>
  <testcase name="basicDetails" time="151.619" classname="com.PMC_Nagarshiv_May23.tc.TC005_PMCBasicDetails"/>
  <testcase name="basicDetails" time="153.559" classname="com.PMC_Nagarshiv_May23.tc.TC005_PMCBasicDetails"/>
  <testcase name="basicDetails" time="152.017" classname="com.PMC_Nagarshiv_May23.tc.TC005_PMCBasicDetails"/>
  <testcase name="basicDetails" time="152.386" classname="com.PMC_Nagarshiv_May23.tc.TC005_PMCBasicDetails"/>
  <testcase name="basicDetails" time="152.693" classname="com.PMC_Nagarshiv_May23.tc.TC005_PMCBasicDetails"/>
  <testcase name="basicDetails" time="153.540" classname="com.PMC_Nagarshiv_May23.tc.TC005_PMCBasicDetails"/>
  <testcase name="basicDetails" time="155.491" classname="com.PMC_Nagarshiv_May23.tc.TC005_PMCBasicDetails"/>
  <testcase name="basicDetails" time="153.302" classname="com.PMC_Nagarshiv_May23.tc.TC005_PMCBasicDetails"/>
  <testcase name="basicDetails" time="153.837" classname="com.PMC_Nagarshiv_May23.tc.TC005_PMCBasicDetails"/>
  <testcase name="basicDetails" time="153.530" classname="com.PMC_Nagarshiv_May23.tc.TC005_PMCBasicDetails"/>
  <testcase name="basicDetails" time="151.897" classname="com.PMC_Nagarshiv_May23.tc.TC005_PMCBasicDetails"/>
  <testcase name="basicDetails" time="153.330" classname="com.PMC_Nagarshiv_May23.tc.TC005_PMCBasicDetails"/>
  <testcase name="basicDetails" time="156.526" classname="com.PMC_Nagarshiv_May23.tc.TC005_PMCBasicDetails"/>
  <testcase name="basicDetails" time="153.262" classname="com.PMC_Nagarshiv_May23.tc.TC005_PMCBasicDetails"/>
  <testcase name="basicDetails" time="153.216" classname="com.PMC_Nagarshiv_May23.tc.TC005_PMCBasicDetails"/>
  <testcase name="basicDetails" time="156.747" classname="com.PMC_Nagarshiv_May23.tc.TC005_PMCBasicDetails"/>
  <testcase name="basicDetails" time="152.900" classname="com.PMC_Nagarshiv_May23.tc.TC005_PMCBasicDetails"/>
  <testcase name="basicDetails" time="155.807" classname="com.PMC_Nagarshiv_May23.tc.TC005_PMCBasicDetails"/>
</testsuite> <!-- com.PMC_Nagarshiv_May23.tc.TC005_PMCBasicDetails -->
