<?xml version="1.0" encoding="UTF-8"?>
<!-- Generated by org.testng.reporters.JUnitReportReporter -->
<testsuite skipped="0" hostname="MAA014482B" name="com.HP.tc.TC003_HPBasicDetails" tests="19" failures="0" timestamp="2022-08-02T13:31:36 IST" time="2246.537" errors="0">
  <testcase name="basicDetails" time="115.823" classname="com.HP.tc.TC003_HPBasicDetails"/>
  <testcase name="basicDetails" time="116.127" classname="com.HP.tc.TC003_HPBasicDetails"/>
  <testcase name="basicDetails" time="121.432" classname="com.HP.tc.TC003_HPBasicDetails"/>
  <testcase name="basicDetails" time="116.891" classname="com.HP.tc.TC003_HPBasicDetails"/>
  <testcase name="basicDetails" time="121.550" classname="com.HP.tc.TC003_HPBasicDetails"/>
  <testcase name="basicDetails" time="121.642" classname="com.HP.tc.TC003_HPBasicDetails"/>
  <testcase name="basicDetails" time="121.114" classname="com.HP.tc.TC003_HPBasicDetails"/>
  <testcase name="basicDetails" time="116.061" classname="com.HP.tc.TC003_HPBasicDetails"/>
  <testcase name="basicDetails" time="116.427" classname="com.HP.tc.TC003_HPBasicDetails"/>
  <testcase name="basicDetails" time="115.844" classname="com.HP.tc.TC003_HPBasicDetails"/>
  <testcase name="basicDetails" time="115.775" classname="com.HP.tc.TC003_HPBasicDetails"/>
  <testcase name="basicDetails" time="120.920" classname="com.HP.tc.TC003_HPBasicDetails"/>
  <testcase name="basicDetails" time="115.688" classname="com.HP.tc.TC003_HPBasicDetails"/>
  <testcase name="basicDetails" time="121.192" classname="com.HP.tc.TC003_HPBasicDetails"/>
  <testcase name="basicDetails" time="115.849" classname="com.HP.tc.TC003_HPBasicDetails"/>
  <testcase name="basicDetails" time="121.120" classname="com.HP.tc.TC003_HPBasicDetails"/>
  <testcase name="basicDetails" time="115.907" classname="com.HP.tc.TC003_HPBasicDetails"/>
  <testcase name="basicDetails" time="115.800" classname="com.HP.tc.TC003_HPBasicDetails"/>
  <testcase name="basicDetails" time="121.375" classname="com.HP.tc.TC003_HPBasicDetails"/>
</testsuite> <!-- com.HP.tc.TC003_HPBasicDetails -->
