<?xml version="1.0" encoding="UTF-8"?>
<!-- Generated by org.testng.reporters.JUnitReportReporter -->
<testsuite skipped="0" hostname="MAA014482B" name="com.NSIL_19July22.tc.TC004_NSILBasicDetails" tests="32" failures="0" timestamp="2022-08-23T17:28:14 IST" time="5378.861" errors="0">
  <testcase name="basicDetails" time="158.354" classname="com.NSIL_19July22.tc.TC004_NSILBasicDetails"/>
  <testcase name="basicDetails" time="185.978" classname="com.NSIL_19July22.tc.TC004_NSILBasicDetails"/>
  <testcase name="basicDetails" time="185.932" classname="com.NSIL_19July22.tc.TC004_NSILBasicDetails"/>
  <testcase name="basicDetails" time="158.141" classname="com.NSIL_19July22.tc.TC004_NSILBasicDetails"/>
  <testcase name="basicDetails" time="158.443" classname="com.NSIL_19July22.tc.TC004_NSILBasicDetails"/>
  <testcase name="basicDetails" time="158.067" classname="com.NSIL_19July22.tc.TC004_NSILBasicDetails"/>
  <testcase name="basicDetails" time="186.379" classname="com.NSIL_19July22.tc.TC004_NSILBasicDetails"/>
  <testcase name="basicDetails" time="158.751" classname="com.NSIL_19July22.tc.TC004_NSILBasicDetails"/>
  <testcase name="basicDetails" time="158.021" classname="com.NSIL_19July22.tc.TC004_NSILBasicDetails"/>
  <testcase name="basicDetails" time="186.007" classname="com.NSIL_19July22.tc.TC004_NSILBasicDetails"/>
  <testcase name="basicDetails" time="158.223" classname="com.NSIL_19July22.tc.TC004_NSILBasicDetails"/>
  <testcase name="basicDetails" time="158.520" classname="com.NSIL_19July22.tc.TC004_NSILBasicDetails"/>
  <testcase name="basicDetails" time="158.401" classname="com.NSIL_19July22.tc.TC004_NSILBasicDetails"/>
  <testcase name="basicDetails" time="161.318" classname="com.NSIL_19July22.tc.TC004_NSILBasicDetails"/>
  <testcase name="basicDetails" time="186.943" classname="com.NSIL_19July22.tc.TC004_NSILBasicDetails"/>
  <testcase name="basicDetails" time="159.233" classname="com.NSIL_19July22.tc.TC004_NSILBasicDetails"/>
  <testcase name="basicDetails" time="185.925" classname="com.NSIL_19July22.tc.TC004_NSILBasicDetails"/>
  <testcase name="basicDetails" time="186.910" classname="com.NSIL_19July22.tc.TC004_NSILBasicDetails"/>
  <testcase name="basicDetails" time="158.429" classname="com.NSIL_19July22.tc.TC004_NSILBasicDetails"/>
  <testcase name="basicDetails" time="158.578" classname="com.NSIL_19July22.tc.TC004_NSILBasicDetails"/>
  <testcase name="basicDetails" time="186.208" classname="com.NSIL_19July22.tc.TC004_NSILBasicDetails"/>
  <testcase name="basicDetails" time="157.714" classname="com.NSIL_19July22.tc.TC004_NSILBasicDetails"/>
  <testcase name="basicDetails" time="185.928" classname="com.NSIL_19July22.tc.TC004_NSILBasicDetails"/>
  <testcase name="basicDetails" time="157.801" classname="com.NSIL_19July22.tc.TC004_NSILBasicDetails"/>
  <testcase name="basicDetails" time="158.371" classname="com.NSIL_19July22.tc.TC004_NSILBasicDetails"/>
  <testcase name="basicDetails" time="158.079" classname="com.NSIL_19July22.tc.TC004_NSILBasicDetails"/>
  <testcase name="basicDetails" time="186.080" classname="com.NSIL_19July22.tc.TC004_NSILBasicDetails"/>
  <testcase name="basicDetails" time="159.166" classname="com.NSIL_19July22.tc.TC004_NSILBasicDetails"/>
  <testcase name="basicDetails" time="186.219" classname="com.NSIL_19July22.tc.TC004_NSILBasicDetails"/>
  <testcase name="basicDetails" time="159.005" classname="com.NSIL_19July22.tc.TC004_NSILBasicDetails"/>
  <testcase name="basicDetails" time="159.460" classname="com.NSIL_19July22.tc.TC004_NSILBasicDetails"/>
  <testcase name="basicDetails" time="158.277" classname="com.NSIL_19July22.tc.TC004_NSILBasicDetails"/>
</testsuite> <!-- com.NSIL_19July22.tc.TC004_NSILBasicDetails -->
