<?xml version="1.0" encoding="UTF-8"?>
<!-- Generated by org.testng.reporters.JUnitReportReporter -->
<testsuite skipped="0" hostname="MAA014482B" name="com.APSFC_March23.tc.TC004_APSFCBasicDetails" tests="36" failures="0" timestamp="2023-04-03T15:32:42 IST" time="5886.568" errors="0">
  <testcase name="basicDetails" time="162.744" classname="com.APSFC_March23.tc.TC004_APSFCBasicDetails"/>
  <testcase name="basicDetails" time="164.224" classname="com.APSFC_March23.tc.TC004_APSFCBasicDetails"/>
  <testcase name="basicDetails" time="162.174" classname="com.APSFC_March23.tc.TC004_APSFCBasicDetails"/>
  <testcase name="basicDetails" time="164.775" classname="com.APSFC_March23.tc.TC004_APSFCBasicDetails"/>
  <testcase name="basicDetails" time="164.190" classname="com.APSFC_March23.tc.TC004_APSFCBasicDetails"/>
  <testcase name="basicDetails" time="164.459" classname="com.APSFC_March23.tc.TC004_APSFCBasicDetails"/>
  <testcase name="basicDetails" time="164.064" classname="com.APSFC_March23.tc.TC004_APSFCBasicDetails"/>
  <testcase name="basicDetails" time="162.911" classname="com.APSFC_March23.tc.TC004_APSFCBasicDetails"/>
  <testcase name="basicDetails" time="162.820" classname="com.APSFC_March23.tc.TC004_APSFCBasicDetails"/>
  <testcase name="basicDetails" time="163.546" classname="com.APSFC_March23.tc.TC004_APSFCBasicDetails"/>
  <testcase name="basicDetails" time="163.263" classname="com.APSFC_March23.tc.TC004_APSFCBasicDetails"/>
  <testcase name="basicDetails" time="163.450" classname="com.APSFC_March23.tc.TC004_APSFCBasicDetails"/>
  <testcase name="basicDetails" time="164.301" classname="com.APSFC_March23.tc.TC004_APSFCBasicDetails"/>
  <testcase name="basicDetails" time="161.889" classname="com.APSFC_March23.tc.TC004_APSFCBasicDetails"/>
  <testcase name="basicDetails" time="162.885" classname="com.APSFC_March23.tc.TC004_APSFCBasicDetails"/>
  <testcase name="basicDetails" time="161.604" classname="com.APSFC_March23.tc.TC004_APSFCBasicDetails"/>
  <testcase name="basicDetails" time="164.055" classname="com.APSFC_March23.tc.TC004_APSFCBasicDetails"/>
  <testcase name="basicDetails" time="163.227" classname="com.APSFC_March23.tc.TC004_APSFCBasicDetails"/>
  <testcase name="basicDetails" time="162.582" classname="com.APSFC_March23.tc.TC004_APSFCBasicDetails"/>
  <testcase name="basicDetails" time="165.369" classname="com.APSFC_March23.tc.TC004_APSFCBasicDetails"/>
  <testcase name="basicDetails" time="162.254" classname="com.APSFC_March23.tc.TC004_APSFCBasicDetails"/>
  <testcase name="basicDetails" time="163.845" classname="com.APSFC_March23.tc.TC004_APSFCBasicDetails"/>
  <testcase name="basicDetails" time="163.150" classname="com.APSFC_March23.tc.TC004_APSFCBasicDetails"/>
  <testcase name="basicDetails" time="163.223" classname="com.APSFC_March23.tc.TC004_APSFCBasicDetails"/>
  <testcase name="basicDetails" time="161.873" classname="com.APSFC_March23.tc.TC004_APSFCBasicDetails"/>
  <testcase name="basicDetails" time="163.020" classname="com.APSFC_March23.tc.TC004_APSFCBasicDetails"/>
  <testcase name="basicDetails" time="164.272" classname="com.APSFC_March23.tc.TC004_APSFCBasicDetails"/>
  <testcase name="basicDetails" time="164.094" classname="com.APSFC_March23.tc.TC004_APSFCBasicDetails"/>
  <testcase name="basicDetails" time="164.506" classname="com.APSFC_March23.tc.TC004_APSFCBasicDetails"/>
  <testcase name="basicDetails" time="162.147" classname="com.APSFC_March23.tc.TC004_APSFCBasicDetails"/>
  <testcase name="basicDetails" time="162.641" classname="com.APSFC_March23.tc.TC004_APSFCBasicDetails"/>
  <testcase name="basicDetails" time="164.162" classname="com.APSFC_March23.tc.TC004_APSFCBasicDetails"/>
  <testcase name="basicDetails" time="168.250" classname="com.APSFC_March23.tc.TC004_APSFCBasicDetails"/>
  <testcase name="basicDetails" time="163.627" classname="com.APSFC_March23.tc.TC004_APSFCBasicDetails"/>
  <testcase name="basicDetails" time="164.470" classname="com.APSFC_March23.tc.TC004_APSFCBasicDetails"/>
  <testcase name="basicDetails" time="162.502" classname="com.APSFC_March23.tc.TC004_APSFCBasicDetails"/>
</testsuite> <!-- com.APSFC_March23.tc.TC004_APSFCBasicDetails -->
