<?xml version="1.0" encoding="UTF-8"?>
<!-- Generated by org.testng.reporters.JUnitReportReporter -->
<testsuite skipped="0" hostname="MAA014482B" name="com.CSMC_Aug23.tc.TC003_CSMCBasicDetails" tests="180" failures="0" timestamp="2023-07-09T20:56:27 IST" time="29220.631" errors="0">
  <testcase name="basicDetails" time="160.206" classname="com.CSMC_Aug23.tc.TC003_CSMCBasicDetails"/>
  <testcase name="basicDetails" time="159.783" classname="com.CSMC_Aug23.tc.TC003_CSMCBasicDetails"/>
  <testcase name="basicDetails" time="160.148" classname="com.CSMC_Aug23.tc.TC003_CSMCBasicDetails"/>
  <testcase name="basicDetails" time="160.265" classname="com.CSMC_Aug23.tc.TC003_CSMCBasicDetails"/>
  <testcase name="basicDetails" time="160.553" classname="com.CSMC_Aug23.tc.TC003_CSMCBasicDetails"/>
  <testcase name="basicDetails" time="160.570" classname="com.CSMC_Aug23.tc.TC003_CSMCBasicDetails"/>
  <testcase name="basicDetails" time="160.447" classname="com.CSMC_Aug23.tc.TC003_CSMCBasicDetails"/>
  <testcase name="basicDetails" time="160.743" classname="com.CSMC_Aug23.tc.TC003_CSMCBasicDetails"/>
  <testcase name="basicDetails" time="160.497" classname="com.CSMC_Aug23.tc.TC003_CSMCBasicDetails"/>
  <testcase name="basicDetails" time="160.343" classname="com.CSMC_Aug23.tc.TC003_CSMCBasicDetails"/>
  <testcase name="basicDetails" time="160.509" classname="com.CSMC_Aug23.tc.TC003_CSMCBasicDetails"/>
  <testcase name="basicDetails" time="187.491" classname="com.CSMC_Aug23.tc.TC003_CSMCBasicDetails"/>
  <testcase name="basicDetails" time="160.630" classname="com.CSMC_Aug23.tc.TC003_CSMCBasicDetails"/>
  <testcase name="basicDetails" time="159.952" classname="com.CSMC_Aug23.tc.TC003_CSMCBasicDetails"/>
  <testcase name="basicDetails" time="160.691" classname="com.CSMC_Aug23.tc.TC003_CSMCBasicDetails"/>
  <testcase name="basicDetails" time="160.463" classname="com.CSMC_Aug23.tc.TC003_CSMCBasicDetails"/>
  <testcase name="basicDetails" time="160.502" classname="com.CSMC_Aug23.tc.TC003_CSMCBasicDetails"/>
  <testcase name="basicDetails" time="160.799" classname="com.CSMC_Aug23.tc.TC003_CSMCBasicDetails"/>
  <testcase name="basicDetails" time="160.422" classname="com.CSMC_Aug23.tc.TC003_CSMCBasicDetails"/>
  <testcase name="basicDetails" time="160.377" classname="com.CSMC_Aug23.tc.TC003_CSMCBasicDetails"/>
  <testcase name="basicDetails" time="159.779" classname="com.CSMC_Aug23.tc.TC003_CSMCBasicDetails"/>
  <testcase name="basicDetails" time="160.470" classname="com.CSMC_Aug23.tc.TC003_CSMCBasicDetails"/>
  <testcase name="basicDetails" time="160.483" classname="com.CSMC_Aug23.tc.TC003_CSMCBasicDetails"/>
  <testcase name="basicDetails" time="187.898" classname="com.CSMC_Aug23.tc.TC003_CSMCBasicDetails"/>
  <testcase name="basicDetails" time="160.532" classname="com.CSMC_Aug23.tc.TC003_CSMCBasicDetails"/>
  <testcase name="basicDetails" time="160.529" classname="com.CSMC_Aug23.tc.TC003_CSMCBasicDetails"/>
  <testcase name="basicDetails" time="159.926" classname="com.CSMC_Aug23.tc.TC003_CSMCBasicDetails"/>
  <testcase name="basicDetails" time="160.698" classname="com.CSMC_Aug23.tc.TC003_CSMCBasicDetails"/>
  <testcase name="basicDetails" time="160.433" classname="com.CSMC_Aug23.tc.TC003_CSMCBasicDetails"/>
  <testcase name="basicDetails" time="160.344" classname="com.CSMC_Aug23.tc.TC003_CSMCBasicDetails"/>
  <testcase name="basicDetails" time="160.807" classname="com.CSMC_Aug23.tc.TC003_CSMCBasicDetails"/>
  <testcase name="basicDetails" time="160.423" classname="com.CSMC_Aug23.tc.TC003_CSMCBasicDetails"/>
  <testcase name="basicDetails" time="160.234" classname="com.CSMC_Aug23.tc.TC003_CSMCBasicDetails"/>
  <testcase name="basicDetails" time="160.390" classname="com.CSMC_Aug23.tc.TC003_CSMCBasicDetails"/>
  <testcase name="basicDetails" time="160.748" classname="com.CSMC_Aug23.tc.TC003_CSMCBasicDetails"/>
  <testcase name="basicDetails" time="160.655" classname="com.CSMC_Aug23.tc.TC003_CSMCBasicDetails"/>
  <testcase name="basicDetails" time="160.429" classname="com.CSMC_Aug23.tc.TC003_CSMCBasicDetails"/>
  <testcase name="basicDetails" time="160.729" classname="com.CSMC_Aug23.tc.TC003_CSMCBasicDetails"/>
  <testcase name="basicDetails" time="187.712" classname="com.CSMC_Aug23.tc.TC003_CSMCBasicDetails"/>
  <testcase name="basicDetails" time="160.742" classname="com.CSMC_Aug23.tc.TC003_CSMCBasicDetails"/>
  <testcase name="basicDetails" time="160.173" classname="com.CSMC_Aug23.tc.TC003_CSMCBasicDetails"/>
  <testcase name="basicDetails" time="187.732" classname="com.CSMC_Aug23.tc.TC003_CSMCBasicDetails"/>
  <testcase name="basicDetails" time="160.328" classname="com.CSMC_Aug23.tc.TC003_CSMCBasicDetails"/>
  <testcase name="basicDetails" time="160.304" classname="com.CSMC_Aug23.tc.TC003_CSMCBasicDetails"/>
  <testcase name="basicDetails" time="187.956" classname="com.CSMC_Aug23.tc.TC003_CSMCBasicDetails"/>
  <testcase name="basicDetails" time="160.086" classname="com.CSMC_Aug23.tc.TC003_CSMCBasicDetails"/>
  <testcase name="basicDetails" time="160.855" classname="com.CSMC_Aug23.tc.TC003_CSMCBasicDetails"/>
  <testcase name="basicDetails" time="160.125" classname="com.CSMC_Aug23.tc.TC003_CSMCBasicDetails"/>
  <testcase name="basicDetails" time="160.471" classname="com.CSMC_Aug23.tc.TC003_CSMCBasicDetails"/>
  <testcase name="basicDetails" time="161.019" classname="com.CSMC_Aug23.tc.TC003_CSMCBasicDetails"/>
  <testcase name="basicDetails" time="160.387" classname="com.CSMC_Aug23.tc.TC003_CSMCBasicDetails"/>
  <testcase name="basicDetails" time="160.629" classname="com.CSMC_Aug23.tc.TC003_CSMCBasicDetails"/>
  <testcase name="basicDetails" time="160.450" classname="com.CSMC_Aug23.tc.TC003_CSMCBasicDetails"/>
  <testcase name="basicDetails" time="160.269" classname="com.CSMC_Aug23.tc.TC003_CSMCBasicDetails"/>
  <testcase name="basicDetails" time="160.461" classname="com.CSMC_Aug23.tc.TC003_CSMCBasicDetails"/>
  <testcase name="basicDetails" time="160.641" classname="com.CSMC_Aug23.tc.TC003_CSMCBasicDetails"/>
  <testcase name="basicDetails" time="160.445" classname="com.CSMC_Aug23.tc.TC003_CSMCBasicDetails"/>
  <testcase name="basicDetails" time="158.993" classname="com.CSMC_Aug23.tc.TC003_CSMCBasicDetails"/>
  <testcase name="basicDetails" time="160.174" classname="com.CSMC_Aug23.tc.TC003_CSMCBasicDetails"/>
  <testcase name="basicDetails" time="160.487" classname="com.CSMC_Aug23.tc.TC003_CSMCBasicDetails"/>
  <testcase name="basicDetails" time="160.548" classname="com.CSMC_Aug23.tc.TC003_CSMCBasicDetails"/>
  <testcase name="basicDetails" time="160.449" classname="com.CSMC_Aug23.tc.TC003_CSMCBasicDetails"/>
  <testcase name="basicDetails" time="160.714" classname="com.CSMC_Aug23.tc.TC003_CSMCBasicDetails"/>
  <testcase name="basicDetails" time="160.404" classname="com.CSMC_Aug23.tc.TC003_CSMCBasicDetails"/>
  <testcase name="basicDetails" time="160.858" classname="com.CSMC_Aug23.tc.TC003_CSMCBasicDetails"/>
  <testcase name="basicDetails" time="188.006" classname="com.CSMC_Aug23.tc.TC003_CSMCBasicDetails"/>
  <testcase name="basicDetails" time="160.268" classname="com.CSMC_Aug23.tc.TC003_CSMCBasicDetails"/>
  <testcase name="basicDetails" time="160.525" classname="com.CSMC_Aug23.tc.TC003_CSMCBasicDetails"/>
  <testcase name="basicDetails" time="160.376" classname="com.CSMC_Aug23.tc.TC003_CSMCBasicDetails"/>
  <testcase name="basicDetails" time="160.111" classname="com.CSMC_Aug23.tc.TC003_CSMCBasicDetails"/>
  <testcase name="basicDetails" time="160.491" classname="com.CSMC_Aug23.tc.TC003_CSMCBasicDetails"/>
  <testcase name="basicDetails" time="160.363" classname="com.CSMC_Aug23.tc.TC003_CSMCBasicDetails"/>
  <testcase name="basicDetails" time="160.193" classname="com.CSMC_Aug23.tc.TC003_CSMCBasicDetails"/>
  <testcase name="basicDetails" time="160.469" classname="com.CSMC_Aug23.tc.TC003_CSMCBasicDetails"/>
  <testcase name="basicDetails" time="160.428" classname="com.CSMC_Aug23.tc.TC003_CSMCBasicDetails"/>
  <testcase name="basicDetails" time="160.113" classname="com.CSMC_Aug23.tc.TC003_CSMCBasicDetails"/>
  <testcase name="basicDetails" time="160.189" classname="com.CSMC_Aug23.tc.TC003_CSMCBasicDetails"/>
  <testcase name="basicDetails" time="160.367" classname="com.CSMC_Aug23.tc.TC003_CSMCBasicDetails"/>
  <testcase name="basicDetails" time="160.631" classname="com.CSMC_Aug23.tc.TC003_CSMCBasicDetails"/>
  <testcase name="basicDetails" time="160.321" classname="com.CSMC_Aug23.tc.TC003_CSMCBasicDetails"/>
  <testcase name="basicDetails" time="160.407" classname="com.CSMC_Aug23.tc.TC003_CSMCBasicDetails"/>
  <testcase name="basicDetails" time="160.472" classname="com.CSMC_Aug23.tc.TC003_CSMCBasicDetails"/>
  <testcase name="basicDetails" time="160.211" classname="com.CSMC_Aug23.tc.TC003_CSMCBasicDetails"/>
  <testcase name="basicDetails" time="160.891" classname="com.CSMC_Aug23.tc.TC003_CSMCBasicDetails"/>
  <testcase name="basicDetails" time="160.774" classname="com.CSMC_Aug23.tc.TC003_CSMCBasicDetails"/>
  <testcase name="basicDetails" time="160.371" classname="com.CSMC_Aug23.tc.TC003_CSMCBasicDetails"/>
  <testcase name="basicDetails" time="160.043" classname="com.CSMC_Aug23.tc.TC003_CSMCBasicDetails"/>
  <testcase name="basicDetails" time="165.989" classname="com.CSMC_Aug23.tc.TC003_CSMCBasicDetails"/>
  <testcase name="basicDetails" time="160.121" classname="com.CSMC_Aug23.tc.TC003_CSMCBasicDetails"/>
  <testcase name="basicDetails" time="163.747" classname="com.CSMC_Aug23.tc.TC003_CSMCBasicDetails"/>
  <testcase name="basicDetails" time="160.197" classname="com.CSMC_Aug23.tc.TC003_CSMCBasicDetails"/>
  <testcase name="basicDetails" time="160.409" classname="com.CSMC_Aug23.tc.TC003_CSMCBasicDetails"/>
  <testcase name="basicDetails" time="160.527" classname="com.CSMC_Aug23.tc.TC003_CSMCBasicDetails"/>
  <testcase name="basicDetails" time="160.229" classname="com.CSMC_Aug23.tc.TC003_CSMCBasicDetails"/>
  <testcase name="basicDetails" time="161.004" classname="com.CSMC_Aug23.tc.TC003_CSMCBasicDetails"/>
  <testcase name="basicDetails" time="160.562" classname="com.CSMC_Aug23.tc.TC003_CSMCBasicDetails"/>
  <testcase name="basicDetails" time="160.594" classname="com.CSMC_Aug23.tc.TC003_CSMCBasicDetails"/>
  <testcase name="basicDetails" time="160.474" classname="com.CSMC_Aug23.tc.TC003_CSMCBasicDetails"/>
  <testcase name="basicDetails" time="160.848" classname="com.CSMC_Aug23.tc.TC003_CSMCBasicDetails"/>
  <testcase name="basicDetails" time="160.040" classname="com.CSMC_Aug23.tc.TC003_CSMCBasicDetails"/>
  <testcase name="basicDetails" time="160.338" classname="com.CSMC_Aug23.tc.TC003_CSMCBasicDetails"/>
  <testcase name="basicDetails" time="159.042" classname="com.CSMC_Aug23.tc.TC003_CSMCBasicDetails"/>
  <testcase name="basicDetails" time="160.459" classname="com.CSMC_Aug23.tc.TC003_CSMCBasicDetails"/>
  <testcase name="basicDetails" time="187.746" classname="com.CSMC_Aug23.tc.TC003_CSMCBasicDetails"/>
  <testcase name="basicDetails" time="160.392" classname="com.CSMC_Aug23.tc.TC003_CSMCBasicDetails"/>
  <testcase name="basicDetails" time="160.464" classname="com.CSMC_Aug23.tc.TC003_CSMCBasicDetails"/>
  <testcase name="basicDetails" time="160.306" classname="com.CSMC_Aug23.tc.TC003_CSMCBasicDetails"/>
  <testcase name="basicDetails" time="160.194" classname="com.CSMC_Aug23.tc.TC003_CSMCBasicDetails"/>
  <testcase name="basicDetails" time="160.340" classname="com.CSMC_Aug23.tc.TC003_CSMCBasicDetails"/>
  <testcase name="basicDetails" time="188.368" classname="com.CSMC_Aug23.tc.TC003_CSMCBasicDetails"/>
  <testcase name="basicDetails" time="160.601" classname="com.CSMC_Aug23.tc.TC003_CSMCBasicDetails"/>
  <testcase name="basicDetails" time="160.524" classname="com.CSMC_Aug23.tc.TC003_CSMCBasicDetails"/>
  <testcase name="basicDetails" time="160.513" classname="com.CSMC_Aug23.tc.TC003_CSMCBasicDetails"/>
  <testcase name="basicDetails" time="160.293" classname="com.CSMC_Aug23.tc.TC003_CSMCBasicDetails"/>
  <testcase name="basicDetails" time="160.982" classname="com.CSMC_Aug23.tc.TC003_CSMCBasicDetails"/>
  <testcase name="basicDetails" time="160.149" classname="com.CSMC_Aug23.tc.TC003_CSMCBasicDetails"/>
  <testcase name="basicDetails" time="160.734" classname="com.CSMC_Aug23.tc.TC003_CSMCBasicDetails"/>
  <testcase name="basicDetails" time="160.388" classname="com.CSMC_Aug23.tc.TC003_CSMCBasicDetails"/>
  <testcase name="basicDetails" time="160.348" classname="com.CSMC_Aug23.tc.TC003_CSMCBasicDetails"/>
  <testcase name="basicDetails" time="160.521" classname="com.CSMC_Aug23.tc.TC003_CSMCBasicDetails"/>
  <testcase name="basicDetails" time="160.182" classname="com.CSMC_Aug23.tc.TC003_CSMCBasicDetails"/>
  <testcase name="basicDetails" time="159.204" classname="com.CSMC_Aug23.tc.TC003_CSMCBasicDetails"/>
  <testcase name="basicDetails" time="160.095" classname="com.CSMC_Aug23.tc.TC003_CSMCBasicDetails"/>
  <testcase name="basicDetails" time="160.124" classname="com.CSMC_Aug23.tc.TC003_CSMCBasicDetails"/>
  <testcase name="basicDetails" time="160.399" classname="com.CSMC_Aug23.tc.TC003_CSMCBasicDetails"/>
  <testcase name="basicDetails" time="160.129" classname="com.CSMC_Aug23.tc.TC003_CSMCBasicDetails"/>
  <testcase name="basicDetails" time="160.651" classname="com.CSMC_Aug23.tc.TC003_CSMCBasicDetails"/>
  <testcase name="basicDetails" time="160.224" classname="com.CSMC_Aug23.tc.TC003_CSMCBasicDetails"/>
  <testcase name="basicDetails" time="160.298" classname="com.CSMC_Aug23.tc.TC003_CSMCBasicDetails"/>
  <testcase name="basicDetails" time="163.933" classname="com.CSMC_Aug23.tc.TC003_CSMCBasicDetails"/>
  <testcase name="basicDetails" time="160.830" classname="com.CSMC_Aug23.tc.TC003_CSMCBasicDetails"/>
  <testcase name="basicDetails" time="160.725" classname="com.CSMC_Aug23.tc.TC003_CSMCBasicDetails"/>
  <testcase name="basicDetails" time="160.638" classname="com.CSMC_Aug23.tc.TC003_CSMCBasicDetails"/>
  <testcase name="basicDetails" time="160.215" classname="com.CSMC_Aug23.tc.TC003_CSMCBasicDetails"/>
  <testcase name="basicDetails" time="160.940" classname="com.CSMC_Aug23.tc.TC003_CSMCBasicDetails"/>
  <testcase name="basicDetails" time="160.734" classname="com.CSMC_Aug23.tc.TC003_CSMCBasicDetails"/>
  <testcase name="basicDetails" time="160.243" classname="com.CSMC_Aug23.tc.TC003_CSMCBasicDetails"/>
  <testcase name="basicDetails" time="160.741" classname="com.CSMC_Aug23.tc.TC003_CSMCBasicDetails"/>
  <testcase name="basicDetails" time="187.707" classname="com.CSMC_Aug23.tc.TC003_CSMCBasicDetails"/>
  <testcase name="basicDetails" time="160.273" classname="com.CSMC_Aug23.tc.TC003_CSMCBasicDetails"/>
  <testcase name="basicDetails" time="160.661" classname="com.CSMC_Aug23.tc.TC003_CSMCBasicDetails"/>
  <testcase name="basicDetails" time="160.608" classname="com.CSMC_Aug23.tc.TC003_CSMCBasicDetails"/>
  <testcase name="basicDetails" time="187.933" classname="com.CSMC_Aug23.tc.TC003_CSMCBasicDetails"/>
  <testcase name="basicDetails" time="160.284" classname="com.CSMC_Aug23.tc.TC003_CSMCBasicDetails"/>
  <testcase name="basicDetails" time="160.662" classname="com.CSMC_Aug23.tc.TC003_CSMCBasicDetails"/>
  <testcase name="basicDetails" time="160.263" classname="com.CSMC_Aug23.tc.TC003_CSMCBasicDetails"/>
  <testcase name="basicDetails" time="160.222" classname="com.CSMC_Aug23.tc.TC003_CSMCBasicDetails"/>
  <testcase name="basicDetails" time="160.389" classname="com.CSMC_Aug23.tc.TC003_CSMCBasicDetails"/>
  <testcase name="basicDetails" time="187.622" classname="com.CSMC_Aug23.tc.TC003_CSMCBasicDetails"/>
  <testcase name="basicDetails" time="187.983" classname="com.CSMC_Aug23.tc.TC003_CSMCBasicDetails"/>
  <testcase name="basicDetails" time="160.575" classname="com.CSMC_Aug23.tc.TC003_CSMCBasicDetails"/>
  <testcase name="basicDetails" time="160.544" classname="com.CSMC_Aug23.tc.TC003_CSMCBasicDetails"/>
  <testcase name="basicDetails" time="163.285" classname="com.CSMC_Aug23.tc.TC003_CSMCBasicDetails"/>
  <testcase name="basicDetails" time="160.421" classname="com.CSMC_Aug23.tc.TC003_CSMCBasicDetails"/>
  <testcase name="basicDetails" time="160.809" classname="com.CSMC_Aug23.tc.TC003_CSMCBasicDetails"/>
  <testcase name="basicDetails" time="160.409" classname="com.CSMC_Aug23.tc.TC003_CSMCBasicDetails"/>
  <testcase name="basicDetails" time="160.508" classname="com.CSMC_Aug23.tc.TC003_CSMCBasicDetails"/>
  <testcase name="basicDetails" time="161.093" classname="com.CSMC_Aug23.tc.TC003_CSMCBasicDetails"/>
  <testcase name="basicDetails" time="160.310" classname="com.CSMC_Aug23.tc.TC003_CSMCBasicDetails"/>
  <testcase name="basicDetails" time="160.796" classname="com.CSMC_Aug23.tc.TC003_CSMCBasicDetails"/>
  <testcase name="basicDetails" time="160.279" classname="com.CSMC_Aug23.tc.TC003_CSMCBasicDetails"/>
  <testcase name="basicDetails" time="160.959" classname="com.CSMC_Aug23.tc.TC003_CSMCBasicDetails"/>
  <testcase name="basicDetails" time="160.814" classname="com.CSMC_Aug23.tc.TC003_CSMCBasicDetails"/>
  <testcase name="basicDetails" time="160.339" classname="com.CSMC_Aug23.tc.TC003_CSMCBasicDetails"/>
  <testcase name="basicDetails" time="160.657" classname="com.CSMC_Aug23.tc.TC003_CSMCBasicDetails"/>
  <testcase name="basicDetails" time="160.710" classname="com.CSMC_Aug23.tc.TC003_CSMCBasicDetails"/>
  <testcase name="basicDetails" time="160.540" classname="com.CSMC_Aug23.tc.TC003_CSMCBasicDetails"/>
  <testcase name="basicDetails" time="160.371" classname="com.CSMC_Aug23.tc.TC003_CSMCBasicDetails"/>
  <testcase name="basicDetails" time="160.370" classname="com.CSMC_Aug23.tc.TC003_CSMCBasicDetails"/>
  <testcase name="basicDetails" time="160.010" classname="com.CSMC_Aug23.tc.TC003_CSMCBasicDetails"/>
  <testcase name="basicDetails" time="160.306" classname="com.CSMC_Aug23.tc.TC003_CSMCBasicDetails"/>
  <testcase name="basicDetails" time="160.693" classname="com.CSMC_Aug23.tc.TC003_CSMCBasicDetails"/>
  <testcase name="basicDetails" time="160.417" classname="com.CSMC_Aug23.tc.TC003_CSMCBasicDetails"/>
  <testcase name="basicDetails" time="160.735" classname="com.CSMC_Aug23.tc.TC003_CSMCBasicDetails"/>
  <testcase name="basicDetails" time="160.679" classname="com.CSMC_Aug23.tc.TC003_CSMCBasicDetails"/>
  <testcase name="basicDetails" time="160.524" classname="com.CSMC_Aug23.tc.TC003_CSMCBasicDetails"/>
  <testcase name="basicDetails" time="160.156" classname="com.CSMC_Aug23.tc.TC003_CSMCBasicDetails"/>
  <testcase name="basicDetails" time="160.228" classname="com.CSMC_Aug23.tc.TC003_CSMCBasicDetails"/>
  <testcase name="basicDetails" time="160.225" classname="com.CSMC_Aug23.tc.TC003_CSMCBasicDetails"/>
  <testcase name="basicDetails" time="160.194" classname="com.CSMC_Aug23.tc.TC003_CSMCBasicDetails"/>
</testsuite> <!-- com.CSMC_Aug23.tc.TC003_CSMCBasicDetails -->
