<?xml version="1.0" encoding="UTF-8"?>
<!-- Generated by org.testng.reporters.JUnitReportReporter -->
<testsuite hostname="MAA011253A" failures="0" tests="20" name="com.SBIPHARMACIST.tc.TC003_SBIBasicDetails" time="2553.881" errors="0" timestamp="2021-03-25T17:41:50 IST" skipped="0">
  <testcase classname="com.SBIPHARMACIST.tc.TC003_SBIBasicDetails" name="basicDetails" time="128.429"/>
  <testcase classname="com.SBIPHARMACIST.tc.TC003_SBIBasicDetails" name="basicDetails" time="126.704"/>
  <testcase classname="com.SBIPHARMACIST.tc.TC003_SBIBasicDetails" name="basicDetails" time="126.902"/>
  <testcase classname="com.SBIPHARMACIST.tc.TC003_SBIBasicDetails" name="basicDetails" time="127.747"/>
  <testcase classname="com.SBIPHARMACIST.tc.TC003_SBIBasicDetails" name="basicDetails" time="126.755"/>
  <testcase classname="com.SBIPHARMACIST.tc.TC003_SBIBasicDetails" name="basicDetails" time="127.407"/>
  <testcase classname="com.SBIPHARMACIST.tc.TC003_SBIBasicDetails" name="basicDetails" time="131.584"/>
  <testcase classname="com.SBIPHARMACIST.tc.TC003_SBIBasicDetails" name="basicDetails" time="127.605"/>
  <testcase classname="com.SBIPHARMACIST.tc.TC003_SBIBasicDetails" name="basicDetails" time="127.348"/>
  <testcase classname="com.SBIPHARMACIST.tc.TC003_SBIBasicDetails" name="basicDetails" time="127.272"/>
  <testcase classname="com.SBIPHARMACIST.tc.TC003_SBIBasicDetails" name="basicDetails" time="127.860"/>
  <testcase classname="com.SBIPHARMACIST.tc.TC003_SBIBasicDetails" name="basicDetails" time="127.232"/>
  <testcase classname="com.SBIPHARMACIST.tc.TC003_SBIBasicDetails" name="basicDetails" time="128.000"/>
  <testcase classname="com.SBIPHARMACIST.tc.TC003_SBIBasicDetails" name="basicDetails" time="127.755"/>
  <testcase classname="com.SBIPHARMACIST.tc.TC003_SBIBasicDetails" name="basicDetails" time="127.050"/>
  <testcase classname="com.SBIPHARMACIST.tc.TC003_SBIBasicDetails" name="basicDetails" time="127.460"/>
  <testcase classname="com.SBIPHARMACIST.tc.TC003_SBIBasicDetails" name="basicDetails" time="127.067"/>
  <testcase classname="com.SBIPHARMACIST.tc.TC003_SBIBasicDetails" name="basicDetails" time="127.981"/>
  <testcase classname="com.SBIPHARMACIST.tc.TC003_SBIBasicDetails" name="basicDetails" time="127.710"/>
  <testcase classname="com.SBIPHARMACIST.tc.TC003_SBIBasicDetails" name="basicDetails" time="128.013"/>
</testsuite> <!-- com.SBIPHARMACIST.tc.TC003_SBIBasicDetails -->
