<?xml version="1.0" encoding="UTF-8"?>
<!-- Generated by org.testng.reporters.JUnitReportReporter -->
<testsuite skipped="0" hostname="MAA015435A" name="com.maha.tc.TC003_MAHABasicDetails" tests="90" failures="0" timestamp="21 Nov 2019 08:39:49 GMT" time="8161.719" errors="2">
  <testcase name="basicDetails" time="98.861" classname="com.maha.tc.TC003_MAHABasicDetails"/>
  <testcase name="basicDetails" time="90.487" classname="com.maha.tc.TC003_MAHABasicDetails"/>
  <testcase name="basicDetails" time="89.447" classname="com.maha.tc.TC003_MAHABasicDetails"/>
  <testcase name="basicDetails" time="100.232" classname="com.maha.tc.TC003_MAHABasicDetails"/>
  <testcase name="basicDetails" time="89.348" classname="com.maha.tc.TC003_MAHABasicDetails"/>
  <testcase name="basicDetails" time="98.634" classname="com.maha.tc.TC003_MAHABasicDetails"/>
  <testcase name="basicDetails" time="90.619" classname="com.maha.tc.TC003_MAHABasicDetails"/>
  <testcase name="basicDetails" time="27.339" classname="com.maha.tc.TC003_MAHABasicDetails">
    <error type="java.io.FileNotFoundException" message=".\data\MAHA_3.xlsx (The process cannot access the file because it is being used by another process)">
      <![CDATA[java.io.FileNotFoundException: .\data\MAHA_3.xlsx (The process cannot access the file because it is being used by another process)
at java.io.FileOutputStream.open0(Native Method)
at java.io.FileOutputStream.open(Unknown Source)
at java.io.FileOutputStream.<init>(Unknown Source)
at java.io.FileOutputStream.<init>(Unknown Source)
at lib.selenium.WebDriverServiceImpl.writeDataNoC(WebDriverServiceImpl.java:1323)
at lib.selenium.WebDriverServiceImpl.agevalidator_max(WebDriverServiceImpl.java:849)
at com.ibps.pages.PersonalDetailsPage.ageValidatorMax(PersonalDetailsPage.java:260)
at com.maha.tc.TC003_MAHABasicDetails.basicDetails(TC003_MAHABasicDetails.java:74)
at sun.reflect.GeneratedMethodAccessor90.invoke(Unknown Source)
at sun.reflect.DelegatingMethodAccessorImpl.invoke(Unknown Source)
at java.lang.reflect.Method.invoke(Unknown Source)
at org.testng.internal.MethodInvocationHelper.invokeMethod(MethodInvocationHelper.java:124)
at org.testng.internal.Invoker.invokeMethod(Invoker.java:583)
at org.testng.internal.Invoker.invokeTestMethod(Invoker.java:719)
at org.testng.internal.Invoker.invokeTestMethods(Invoker.java:989)
at org.testng.internal.TestMethodWorker.invokeTestMethods(TestMethodWorker.java:125)
at org.testng.internal.TestMethodWorker.run(TestMethodWorker.java:109)
at java.util.concurrent.ThreadPoolExecutor.runWorker(Unknown Source)
at java.util.concurrent.ThreadPoolExecutor$Worker.run(Unknown Source)
at java.lang.Thread.run(Unknown Source)
]]>
    </error>
  </testcase> <!-- basicDetails -->
  <testcase name="basicDetails" time="88.919" classname="com.maha.tc.TC003_MAHABasicDetails"/>
  <testcase name="basicDetails" time="89.964" classname="com.maha.tc.TC003_MAHABasicDetails"/>
  <testcase name="basicDetails" time="89.522" classname="com.maha.tc.TC003_MAHABasicDetails"/>
  <testcase name="basicDetails" time="89.795" classname="com.maha.tc.TC003_MAHABasicDetails"/>
  <testcase name="basicDetails" time="90.624" classname="com.maha.tc.TC003_MAHABasicDetails"/>
  <testcase name="basicDetails" time="88.410" classname="com.maha.tc.TC003_MAHABasicDetails"/>
  <testcase name="basicDetails" time="89.943" classname="com.maha.tc.TC003_MAHABasicDetails"/>
  <testcase name="basicDetails" time="89.517" classname="com.maha.tc.TC003_MAHABasicDetails"/>
  <testcase name="basicDetails" time="88.730" classname="com.maha.tc.TC003_MAHABasicDetails"/>
  <testcase name="basicDetails" time="87.900" classname="com.maha.tc.TC003_MAHABasicDetails"/>
  <testcase name="basicDetails" time="89.926" classname="com.maha.tc.TC003_MAHABasicDetails"/>
  <testcase name="basicDetails" time="89.253" classname="com.maha.tc.TC003_MAHABasicDetails"/>
  <testcase name="basicDetails" time="88.905" classname="com.maha.tc.TC003_MAHABasicDetails"/>
  <testcase name="basicDetails" time="89.416" classname="com.maha.tc.TC003_MAHABasicDetails"/>
  <testcase name="basicDetails" time="89.739" classname="com.maha.tc.TC003_MAHABasicDetails"/>
  <testcase name="basicDetails" time="88.497" classname="com.maha.tc.TC003_MAHABasicDetails"/>
  <testcase name="basicDetails" time="89.140" classname="com.maha.tc.TC003_MAHABasicDetails"/>
  <testcase name="basicDetails" time="88.793" classname="com.maha.tc.TC003_MAHABasicDetails"/>
  <testcase name="basicDetails" time="88.672" classname="com.maha.tc.TC003_MAHABasicDetails"/>
  <testcase name="basicDetails" time="90.885" classname="com.maha.tc.TC003_MAHABasicDetails"/>
  <testcase name="basicDetails" time="90.764" classname="com.maha.tc.TC003_MAHABasicDetails"/>
  <testcase name="basicDetails" time="88.410" classname="com.maha.tc.TC003_MAHABasicDetails"/>
  <testcase name="basicDetails" time="75.459" classname="com.maha.tc.TC003_MAHABasicDetails">
    <error type="java.io.FileNotFoundException" message=".\data\MAHA_3.xlsx (The process cannot access the file because it is being used by another process)">
      <![CDATA[java.io.FileNotFoundException: .\data\MAHA_3.xlsx (The process cannot access the file because it is being used by another process)
at java.io.FileOutputStream.open0(Native Method)
at java.io.FileOutputStream.open(Unknown Source)
at java.io.FileOutputStream.<init>(Unknown Source)
at java.io.FileOutputStream.<init>(Unknown Source)
at lib.selenium.WebDriverServiceImpl.writeDataNoC(WebDriverServiceImpl.java:1323)
at lib.selenium.WebDriverServiceImpl.agevalidator_asondate(WebDriverServiceImpl.java:1154)
at com.ibps.pages.PersonalDetailsPage.ageValidatorAsOnDate(PersonalDetailsPage.java:273)
at com.maha.tc.TC003_MAHABasicDetails.basicDetails(TC003_MAHABasicDetails.java:76)
at sun.reflect.GeneratedMethodAccessor90.invoke(Unknown Source)
at sun.reflect.DelegatingMethodAccessorImpl.invoke(Unknown Source)
at java.lang.reflect.Method.invoke(Unknown Source)
at org.testng.internal.MethodInvocationHelper.invokeMethod(MethodInvocationHelper.java:124)
at org.testng.internal.Invoker.invokeMethod(Invoker.java:583)
at org.testng.internal.Invoker.invokeTestMethod(Invoker.java:719)
at org.testng.internal.Invoker.invokeTestMethods(Invoker.java:989)
at org.testng.internal.TestMethodWorker.invokeTestMethods(TestMethodWorker.java:125)
at org.testng.internal.TestMethodWorker.run(TestMethodWorker.java:109)
at java.util.concurrent.ThreadPoolExecutor.runWorker(Unknown Source)
at java.util.concurrent.ThreadPoolExecutor$Worker.run(Unknown Source)
at java.lang.Thread.run(Unknown Source)
]]>
    </error>
  </testcase> <!-- basicDetails -->
  <testcase name="basicDetails" time="91.325" classname="com.maha.tc.TC003_MAHABasicDetails"/>
  <testcase name="basicDetails" time="90.280" classname="com.maha.tc.TC003_MAHABasicDetails"/>
  <testcase name="basicDetails" time="88.012" classname="com.maha.tc.TC003_MAHABasicDetails"/>
  <testcase name="basicDetails" time="89.837" classname="com.maha.tc.TC003_MAHABasicDetails"/>
  <testcase name="basicDetails" time="88.807" classname="com.maha.tc.TC003_MAHABasicDetails"/>
  <testcase name="basicDetails" time="101.482" classname="com.maha.tc.TC003_MAHABasicDetails"/>
  <testcase name="basicDetails" time="89.480" classname="com.maha.tc.TC003_MAHABasicDetails"/>
  <testcase name="basicDetails" time="89.446" classname="com.maha.tc.TC003_MAHABasicDetails"/>
  <testcase name="basicDetails" time="89.399" classname="com.maha.tc.TC003_MAHABasicDetails"/>
  <testcase name="basicDetails" time="88.158" classname="com.maha.tc.TC003_MAHABasicDetails"/>
  <testcase name="basicDetails" time="90.473" classname="com.maha.tc.TC003_MAHABasicDetails"/>
  <testcase name="basicDetails" time="90.187" classname="com.maha.tc.TC003_MAHABasicDetails"/>
  <testcase name="basicDetails" time="89.087" classname="com.maha.tc.TC003_MAHABasicDetails"/>
  <testcase name="basicDetails" time="89.163" classname="com.maha.tc.TC003_MAHABasicDetails"/>
  <testcase name="basicDetails" time="91.780" classname="com.maha.tc.TC003_MAHABasicDetails"/>
  <testcase name="basicDetails" time="93.070" classname="com.maha.tc.TC003_MAHABasicDetails"/>
  <testcase name="basicDetails" time="99.504" classname="com.maha.tc.TC003_MAHABasicDetails"/>
  <testcase name="basicDetails" time="89.782" classname="com.maha.tc.TC003_MAHABasicDetails"/>
  <testcase name="basicDetails" time="89.428" classname="com.maha.tc.TC003_MAHABasicDetails"/>
  <testcase name="basicDetails" time="88.566" classname="com.maha.tc.TC003_MAHABasicDetails"/>
  <testcase name="basicDetails" time="100.259" classname="com.maha.tc.TC003_MAHABasicDetails"/>
  <testcase name="basicDetails" time="90.022" classname="com.maha.tc.TC003_MAHABasicDetails"/>
  <testcase name="basicDetails" time="88.237" classname="com.maha.tc.TC003_MAHABasicDetails"/>
  <testcase name="basicDetails" time="99.818" classname="com.maha.tc.TC003_MAHABasicDetails"/>
  <testcase name="basicDetails" time="89.360" classname="com.maha.tc.TC003_MAHABasicDetails"/>
  <testcase name="basicDetails" time="89.400" classname="com.maha.tc.TC003_MAHABasicDetails"/>
  <testcase name="basicDetails" time="89.363" classname="com.maha.tc.TC003_MAHABasicDetails"/>
  <testcase name="basicDetails" time="89.664" classname="com.maha.tc.TC003_MAHABasicDetails"/>
  <testcase name="basicDetails" time="101.448" classname="com.maha.tc.TC003_MAHABasicDetails"/>
  <testcase name="basicDetails" time="89.831" classname="com.maha.tc.TC003_MAHABasicDetails"/>
  <testcase name="basicDetails" time="89.417" classname="com.maha.tc.TC003_MAHABasicDetails"/>
  <testcase name="basicDetails" time="89.088" classname="com.maha.tc.TC003_MAHABasicDetails"/>
  <testcase name="basicDetails" time="88.936" classname="com.maha.tc.TC003_MAHABasicDetails"/>
  <testcase name="basicDetails" time="89.481" classname="com.maha.tc.TC003_MAHABasicDetails"/>
  <testcase name="basicDetails" time="90.136" classname="com.maha.tc.TC003_MAHABasicDetails"/>
  <testcase name="basicDetails" time="89.575" classname="com.maha.tc.TC003_MAHABasicDetails"/>
  <testcase name="basicDetails" time="92.211" classname="com.maha.tc.TC003_MAHABasicDetails"/>
  <testcase name="basicDetails" time="91.146" classname="com.maha.tc.TC003_MAHABasicDetails"/>
  <testcase name="basicDetails" time="89.630" classname="com.maha.tc.TC003_MAHABasicDetails"/>
  <testcase name="basicDetails" time="89.722" classname="com.maha.tc.TC003_MAHABasicDetails"/>
  <testcase name="basicDetails" time="100.191" classname="com.maha.tc.TC003_MAHABasicDetails"/>
  <testcase name="basicDetails" time="100.168" classname="com.maha.tc.TC003_MAHABasicDetails"/>
  <testcase name="basicDetails" time="89.647" classname="com.maha.tc.TC003_MAHABasicDetails"/>
  <testcase name="basicDetails" time="89.783" classname="com.maha.tc.TC003_MAHABasicDetails"/>
  <testcase name="basicDetails" time="87.923" classname="com.maha.tc.TC003_MAHABasicDetails"/>
  <testcase name="basicDetails" time="99.455" classname="com.maha.tc.TC003_MAHABasicDetails"/>
  <testcase name="basicDetails" time="88.341" classname="com.maha.tc.TC003_MAHABasicDetails"/>
  <testcase name="basicDetails" time="101.612" classname="com.maha.tc.TC003_MAHABasicDetails"/>
  <testcase name="basicDetails" time="91.275" classname="com.maha.tc.TC003_MAHABasicDetails"/>
  <testcase name="basicDetails" time="99.699" classname="com.maha.tc.TC003_MAHABasicDetails"/>
  <testcase name="basicDetails" time="89.091" classname="com.maha.tc.TC003_MAHABasicDetails"/>
  <testcase name="basicDetails" time="91.914" classname="com.maha.tc.TC003_MAHABasicDetails"/>
  <testcase name="basicDetails" time="101.080" classname="com.maha.tc.TC003_MAHABasicDetails"/>
  <testcase name="basicDetails" time="99.623" classname="com.maha.tc.TC003_MAHABasicDetails"/>
  <testcase name="basicDetails" time="102.779" classname="com.maha.tc.TC003_MAHABasicDetails"/>
  <testcase name="basicDetails" time="87.903" classname="com.maha.tc.TC003_MAHABasicDetails"/>
  <testcase name="basicDetails" time="90.142" classname="com.maha.tc.TC003_MAHABasicDetails"/>
  <testcase name="basicDetails" time="90.795" classname="com.maha.tc.TC003_MAHABasicDetails"/>
  <testcase name="basicDetails" time="90.138" classname="com.maha.tc.TC003_MAHABasicDetails"/>
</testsuite> <!-- com.maha.tc.TC003_MAHABasicDetails -->
