<?xml version="1.0" encoding="UTF-8"?>
<!-- Generated by org.testng.reporters.JUnitReportReporter -->
<testsuite skipped="0" hostname="MAA014482B" name="com.IDBI30May22.tc.TC005_IDBIBasicDetails" tests="162" failures="0" timestamp="2022-06-08T23:13:32 IST" time="20105.588" errors="0">
  <testcase name="basicDetails" time="124.200" classname="com.IDBI30May22.tc.TC005_IDBIBasicDetails"/>
  <testcase name="basicDetails" time="123.909" classname="com.IDBI30May22.tc.TC005_IDBIBasicDetails"/>
  <testcase name="basicDetails" time="124.266" classname="com.IDBI30May22.tc.TC005_IDBIBasicDetails"/>
  <testcase name="basicDetails" time="124.351" classname="com.IDBI30May22.tc.TC005_IDBIBasicDetails"/>
  <testcase name="basicDetails" time="123.786" classname="com.IDBI30May22.tc.TC005_IDBIBasicDetails"/>
  <testcase name="basicDetails" time="124.012" classname="com.IDBI30May22.tc.TC005_IDBIBasicDetails"/>
  <testcase name="basicDetails" time="124.548" classname="com.IDBI30May22.tc.TC005_IDBIBasicDetails"/>
  <testcase name="basicDetails" time="124.673" classname="com.IDBI30May22.tc.TC005_IDBIBasicDetails"/>
  <testcase name="basicDetails" time="124.446" classname="com.IDBI30May22.tc.TC005_IDBIBasicDetails"/>
  <testcase name="basicDetails" time="124.039" classname="com.IDBI30May22.tc.TC005_IDBIBasicDetails"/>
  <testcase name="basicDetails" time="124.477" classname="com.IDBI30May22.tc.TC005_IDBIBasicDetails"/>
  <testcase name="basicDetails" time="124.531" classname="com.IDBI30May22.tc.TC005_IDBIBasicDetails"/>
  <testcase name="basicDetails" time="123.789" classname="com.IDBI30May22.tc.TC005_IDBIBasicDetails"/>
  <testcase name="basicDetails" time="124.074" classname="com.IDBI30May22.tc.TC005_IDBIBasicDetails"/>
  <testcase name="basicDetails" time="123.793" classname="com.IDBI30May22.tc.TC005_IDBIBasicDetails"/>
  <testcase name="basicDetails" time="123.416" classname="com.IDBI30May22.tc.TC005_IDBIBasicDetails"/>
  <testcase name="basicDetails" time="124.183" classname="com.IDBI30May22.tc.TC005_IDBIBasicDetails"/>
  <testcase name="basicDetails" time="124.029" classname="com.IDBI30May22.tc.TC005_IDBIBasicDetails"/>
  <testcase name="basicDetails" time="123.981" classname="com.IDBI30May22.tc.TC005_IDBIBasicDetails"/>
  <testcase name="basicDetails" time="124.572" classname="com.IDBI30May22.tc.TC005_IDBIBasicDetails"/>
  <testcase name="basicDetails" time="124.453" classname="com.IDBI30May22.tc.TC005_IDBIBasicDetails"/>
  <testcase name="basicDetails" time="123.020" classname="com.IDBI30May22.tc.TC005_IDBIBasicDetails"/>
  <testcase name="basicDetails" time="124.512" classname="com.IDBI30May22.tc.TC005_IDBIBasicDetails"/>
  <testcase name="basicDetails" time="123.849" classname="com.IDBI30May22.tc.TC005_IDBIBasicDetails"/>
  <testcase name="basicDetails" time="124.907" classname="com.IDBI30May22.tc.TC005_IDBIBasicDetails"/>
  <testcase name="basicDetails" time="124.052" classname="com.IDBI30May22.tc.TC005_IDBIBasicDetails"/>
  <testcase name="basicDetails" time="124.615" classname="com.IDBI30May22.tc.TC005_IDBIBasicDetails"/>
  <testcase name="basicDetails" time="124.306" classname="com.IDBI30May22.tc.TC005_IDBIBasicDetails"/>
  <testcase name="basicDetails" time="124.164" classname="com.IDBI30May22.tc.TC005_IDBIBasicDetails"/>
  <testcase name="basicDetails" time="123.701" classname="com.IDBI30May22.tc.TC005_IDBIBasicDetails"/>
  <testcase name="basicDetails" time="124.560" classname="com.IDBI30May22.tc.TC005_IDBIBasicDetails"/>
  <testcase name="basicDetails" time="123.552" classname="com.IDBI30May22.tc.TC005_IDBIBasicDetails"/>
  <testcase name="basicDetails" time="123.989" classname="com.IDBI30May22.tc.TC005_IDBIBasicDetails"/>
  <testcase name="basicDetails" time="123.725" classname="com.IDBI30May22.tc.TC005_IDBIBasicDetails"/>
  <testcase name="basicDetails" time="124.297" classname="com.IDBI30May22.tc.TC005_IDBIBasicDetails"/>
  <testcase name="basicDetails" time="123.821" classname="com.IDBI30May22.tc.TC005_IDBIBasicDetails"/>
  <testcase name="basicDetails" time="123.787" classname="com.IDBI30May22.tc.TC005_IDBIBasicDetails"/>
  <testcase name="basicDetails" time="124.463" classname="com.IDBI30May22.tc.TC005_IDBIBasicDetails"/>
  <testcase name="basicDetails" time="123.937" classname="com.IDBI30May22.tc.TC005_IDBIBasicDetails"/>
  <testcase name="basicDetails" time="123.774" classname="com.IDBI30May22.tc.TC005_IDBIBasicDetails"/>
  <testcase name="basicDetails" time="123.771" classname="com.IDBI30May22.tc.TC005_IDBIBasicDetails"/>
  <testcase name="basicDetails" time="124.370" classname="com.IDBI30May22.tc.TC005_IDBIBasicDetails"/>
  <testcase name="basicDetails" time="123.174" classname="com.IDBI30May22.tc.TC005_IDBIBasicDetails"/>
  <testcase name="basicDetails" time="124.451" classname="com.IDBI30May22.tc.TC005_IDBIBasicDetails"/>
  <testcase name="basicDetails" time="124.579" classname="com.IDBI30May22.tc.TC005_IDBIBasicDetails"/>
  <testcase name="basicDetails" time="124.324" classname="com.IDBI30May22.tc.TC005_IDBIBasicDetails"/>
  <testcase name="basicDetails" time="124.324" classname="com.IDBI30May22.tc.TC005_IDBIBasicDetails"/>
  <testcase name="basicDetails" time="123.770" classname="com.IDBI30May22.tc.TC005_IDBIBasicDetails"/>
  <testcase name="basicDetails" time="124.811" classname="com.IDBI30May22.tc.TC005_IDBIBasicDetails"/>
  <testcase name="basicDetails" time="124.144" classname="com.IDBI30May22.tc.TC005_IDBIBasicDetails"/>
  <testcase name="basicDetails" time="123.909" classname="com.IDBI30May22.tc.TC005_IDBIBasicDetails"/>
  <testcase name="basicDetails" time="124.479" classname="com.IDBI30May22.tc.TC005_IDBIBasicDetails"/>
  <testcase name="basicDetails" time="123.924" classname="com.IDBI30May22.tc.TC005_IDBIBasicDetails"/>
  <testcase name="basicDetails" time="124.187" classname="com.IDBI30May22.tc.TC005_IDBIBasicDetails"/>
  <testcase name="basicDetails" time="124.479" classname="com.IDBI30May22.tc.TC005_IDBIBasicDetails"/>
  <testcase name="basicDetails" time="123.362" classname="com.IDBI30May22.tc.TC005_IDBIBasicDetails"/>
  <testcase name="basicDetails" time="123.700" classname="com.IDBI30May22.tc.TC005_IDBIBasicDetails"/>
  <testcase name="basicDetails" time="123.964" classname="com.IDBI30May22.tc.TC005_IDBIBasicDetails"/>
  <testcase name="basicDetails" time="124.663" classname="com.IDBI30May22.tc.TC005_IDBIBasicDetails"/>
  <testcase name="basicDetails" time="124.507" classname="com.IDBI30May22.tc.TC005_IDBIBasicDetails"/>
  <testcase name="basicDetails" time="124.348" classname="com.IDBI30May22.tc.TC005_IDBIBasicDetails"/>
  <testcase name="basicDetails" time="123.370" classname="com.IDBI30May22.tc.TC005_IDBIBasicDetails"/>
  <testcase name="basicDetails" time="124.518" classname="com.IDBI30May22.tc.TC005_IDBIBasicDetails"/>
  <testcase name="basicDetails" time="123.682" classname="com.IDBI30May22.tc.TC005_IDBIBasicDetails"/>
  <testcase name="basicDetails" time="124.155" classname="com.IDBI30May22.tc.TC005_IDBIBasicDetails"/>
  <testcase name="basicDetails" time="124.307" classname="com.IDBI30May22.tc.TC005_IDBIBasicDetails"/>
  <testcase name="basicDetails" time="124.131" classname="com.IDBI30May22.tc.TC005_IDBIBasicDetails"/>
  <testcase name="basicDetails" time="124.164" classname="com.IDBI30May22.tc.TC005_IDBIBasicDetails"/>
  <testcase name="basicDetails" time="122.340" classname="com.IDBI30May22.tc.TC005_IDBIBasicDetails"/>
  <testcase name="basicDetails" time="123.939" classname="com.IDBI30May22.tc.TC005_IDBIBasicDetails"/>
  <testcase name="basicDetails" time="124.154" classname="com.IDBI30May22.tc.TC005_IDBIBasicDetails"/>
  <testcase name="basicDetails" time="124.278" classname="com.IDBI30May22.tc.TC005_IDBIBasicDetails"/>
  <testcase name="basicDetails" time="123.664" classname="com.IDBI30May22.tc.TC005_IDBIBasicDetails"/>
  <testcase name="basicDetails" time="124.542" classname="com.IDBI30May22.tc.TC005_IDBIBasicDetails"/>
  <testcase name="basicDetails" time="123.448" classname="com.IDBI30May22.tc.TC005_IDBIBasicDetails"/>
  <testcase name="basicDetails" time="123.629" classname="com.IDBI30May22.tc.TC005_IDBIBasicDetails"/>
  <testcase name="basicDetails" time="123.992" classname="com.IDBI30May22.tc.TC005_IDBIBasicDetails"/>
  <testcase name="basicDetails" time="124.068" classname="com.IDBI30May22.tc.TC005_IDBIBasicDetails"/>
  <testcase name="basicDetails" time="123.796" classname="com.IDBI30May22.tc.TC005_IDBIBasicDetails"/>
  <testcase name="basicDetails" time="124.079" classname="com.IDBI30May22.tc.TC005_IDBIBasicDetails"/>
  <testcase name="basicDetails" time="124.427" classname="com.IDBI30May22.tc.TC005_IDBIBasicDetails"/>
  <testcase name="basicDetails" time="124.049" classname="com.IDBI30May22.tc.TC005_IDBIBasicDetails"/>
  <testcase name="basicDetails" time="124.214" classname="com.IDBI30May22.tc.TC005_IDBIBasicDetails"/>
  <testcase name="basicDetails" time="123.307" classname="com.IDBI30May22.tc.TC005_IDBIBasicDetails"/>
  <testcase name="basicDetails" time="124.435" classname="com.IDBI30May22.tc.TC005_IDBIBasicDetails"/>
  <testcase name="basicDetails" time="124.495" classname="com.IDBI30May22.tc.TC005_IDBIBasicDetails"/>
  <testcase name="basicDetails" time="124.220" classname="com.IDBI30May22.tc.TC005_IDBIBasicDetails"/>
  <testcase name="basicDetails" time="123.760" classname="com.IDBI30May22.tc.TC005_IDBIBasicDetails"/>
  <testcase name="basicDetails" time="124.241" classname="com.IDBI30May22.tc.TC005_IDBIBasicDetails"/>
  <testcase name="basicDetails" time="124.575" classname="com.IDBI30May22.tc.TC005_IDBIBasicDetails"/>
  <testcase name="basicDetails" time="124.439" classname="com.IDBI30May22.tc.TC005_IDBIBasicDetails"/>
  <testcase name="basicDetails" time="123.280" classname="com.IDBI30May22.tc.TC005_IDBIBasicDetails"/>
  <testcase name="basicDetails" time="124.228" classname="com.IDBI30May22.tc.TC005_IDBIBasicDetails"/>
  <testcase name="basicDetails" time="124.470" classname="com.IDBI30May22.tc.TC005_IDBIBasicDetails"/>
  <testcase name="basicDetails" time="124.435" classname="com.IDBI30May22.tc.TC005_IDBIBasicDetails"/>
  <testcase name="basicDetails" time="124.032" classname="com.IDBI30May22.tc.TC005_IDBIBasicDetails"/>
  <testcase name="basicDetails" time="124.247" classname="com.IDBI30May22.tc.TC005_IDBIBasicDetails"/>
  <testcase name="basicDetails" time="123.965" classname="com.IDBI30May22.tc.TC005_IDBIBasicDetails"/>
  <testcase name="basicDetails" time="124.251" classname="com.IDBI30May22.tc.TC005_IDBIBasicDetails"/>
  <testcase name="basicDetails" time="123.855" classname="com.IDBI30May22.tc.TC005_IDBIBasicDetails"/>
  <testcase name="basicDetails" time="124.405" classname="com.IDBI30May22.tc.TC005_IDBIBasicDetails"/>
  <testcase name="basicDetails" time="123.955" classname="com.IDBI30May22.tc.TC005_IDBIBasicDetails"/>
  <testcase name="basicDetails" time="124.719" classname="com.IDBI30May22.tc.TC005_IDBIBasicDetails"/>
  <testcase name="basicDetails" time="123.949" classname="com.IDBI30May22.tc.TC005_IDBIBasicDetails"/>
  <testcase name="basicDetails" time="124.320" classname="com.IDBI30May22.tc.TC005_IDBIBasicDetails"/>
  <testcase name="basicDetails" time="124.096" classname="com.IDBI30May22.tc.TC005_IDBIBasicDetails"/>
  <testcase name="basicDetails" time="124.094" classname="com.IDBI30May22.tc.TC005_IDBIBasicDetails"/>
  <testcase name="basicDetails" time="124.191" classname="com.IDBI30May22.tc.TC005_IDBIBasicDetails"/>
  <testcase name="basicDetails" time="124.297" classname="com.IDBI30May22.tc.TC005_IDBIBasicDetails"/>
  <testcase name="basicDetails" time="123.866" classname="com.IDBI30May22.tc.TC005_IDBIBasicDetails"/>
  <testcase name="basicDetails" time="123.588" classname="com.IDBI30May22.tc.TC005_IDBIBasicDetails"/>
  <testcase name="basicDetails" time="123.814" classname="com.IDBI30May22.tc.TC005_IDBIBasicDetails"/>
  <testcase name="basicDetails" time="124.068" classname="com.IDBI30May22.tc.TC005_IDBIBasicDetails"/>
  <testcase name="basicDetails" time="124.548" classname="com.IDBI30May22.tc.TC005_IDBIBasicDetails"/>
  <testcase name="basicDetails" time="124.483" classname="com.IDBI30May22.tc.TC005_IDBIBasicDetails"/>
  <testcase name="basicDetails" time="124.714" classname="com.IDBI30May22.tc.TC005_IDBIBasicDetails"/>
  <testcase name="basicDetails" time="124.667" classname="com.IDBI30May22.tc.TC005_IDBIBasicDetails"/>
  <testcase name="basicDetails" time="123.931" classname="com.IDBI30May22.tc.TC005_IDBIBasicDetails"/>
  <testcase name="basicDetails" time="123.763" classname="com.IDBI30May22.tc.TC005_IDBIBasicDetails"/>
  <testcase name="basicDetails" time="123.988" classname="com.IDBI30May22.tc.TC005_IDBIBasicDetails"/>
  <testcase name="basicDetails" time="124.216" classname="com.IDBI30May22.tc.TC005_IDBIBasicDetails"/>
  <testcase name="basicDetails" time="123.497" classname="com.IDBI30May22.tc.TC005_IDBIBasicDetails"/>
  <testcase name="basicDetails" time="124.417" classname="com.IDBI30May22.tc.TC005_IDBIBasicDetails"/>
  <testcase name="basicDetails" time="123.711" classname="com.IDBI30May22.tc.TC005_IDBIBasicDetails"/>
  <testcase name="basicDetails" time="124.271" classname="com.IDBI30May22.tc.TC005_IDBIBasicDetails"/>
  <testcase name="basicDetails" time="123.804" classname="com.IDBI30May22.tc.TC005_IDBIBasicDetails"/>
  <testcase name="basicDetails" time="127.285" classname="com.IDBI30May22.tc.TC005_IDBIBasicDetails"/>
  <testcase name="basicDetails" time="124.513" classname="com.IDBI30May22.tc.TC005_IDBIBasicDetails"/>
  <testcase name="basicDetails" time="124.162" classname="com.IDBI30May22.tc.TC005_IDBIBasicDetails"/>
  <testcase name="basicDetails" time="124.091" classname="com.IDBI30May22.tc.TC005_IDBIBasicDetails"/>
  <testcase name="basicDetails" time="124.437" classname="com.IDBI30May22.tc.TC005_IDBIBasicDetails"/>
  <testcase name="basicDetails" time="124.071" classname="com.IDBI30May22.tc.TC005_IDBIBasicDetails"/>
  <testcase name="basicDetails" time="124.040" classname="com.IDBI30May22.tc.TC005_IDBIBasicDetails"/>
  <testcase name="basicDetails" time="124.171" classname="com.IDBI30May22.tc.TC005_IDBIBasicDetails"/>
  <testcase name="basicDetails" time="124.442" classname="com.IDBI30May22.tc.TC005_IDBIBasicDetails"/>
  <testcase name="basicDetails" time="123.979" classname="com.IDBI30May22.tc.TC005_IDBIBasicDetails"/>
  <testcase name="basicDetails" time="124.091" classname="com.IDBI30May22.tc.TC005_IDBIBasicDetails"/>
  <testcase name="basicDetails" time="123.735" classname="com.IDBI30May22.tc.TC005_IDBIBasicDetails"/>
  <testcase name="basicDetails" time="124.307" classname="com.IDBI30May22.tc.TC005_IDBIBasicDetails"/>
  <testcase name="basicDetails" time="124.049" classname="com.IDBI30May22.tc.TC005_IDBIBasicDetails"/>
  <testcase name="basicDetails" time="123.947" classname="com.IDBI30May22.tc.TC005_IDBIBasicDetails"/>
  <testcase name="basicDetails" time="124.112" classname="com.IDBI30May22.tc.TC005_IDBIBasicDetails"/>
  <testcase name="basicDetails" time="124.642" classname="com.IDBI30May22.tc.TC005_IDBIBasicDetails"/>
  <testcase name="basicDetails" time="124.053" classname="com.IDBI30May22.tc.TC005_IDBIBasicDetails"/>
  <testcase name="basicDetails" time="124.106" classname="com.IDBI30May22.tc.TC005_IDBIBasicDetails"/>
  <testcase name="basicDetails" time="123.998" classname="com.IDBI30May22.tc.TC005_IDBIBasicDetails"/>
  <testcase name="basicDetails" time="123.967" classname="com.IDBI30May22.tc.TC005_IDBIBasicDetails"/>
  <testcase name="basicDetails" time="123.819" classname="com.IDBI30May22.tc.TC005_IDBIBasicDetails"/>
  <testcase name="basicDetails" time="123.593" classname="com.IDBI30May22.tc.TC005_IDBIBasicDetails"/>
  <testcase name="basicDetails" time="123.710" classname="com.IDBI30May22.tc.TC005_IDBIBasicDetails"/>
  <testcase name="basicDetails" time="123.985" classname="com.IDBI30May22.tc.TC005_IDBIBasicDetails"/>
  <testcase name="basicDetails" time="124.212" classname="com.IDBI30May22.tc.TC005_IDBIBasicDetails"/>
  <testcase name="basicDetails" time="124.409" classname="com.IDBI30May22.tc.TC005_IDBIBasicDetails"/>
  <testcase name="basicDetails" time="123.184" classname="com.IDBI30May22.tc.TC005_IDBIBasicDetails"/>
  <testcase name="basicDetails" time="124.553" classname="com.IDBI30May22.tc.TC005_IDBIBasicDetails"/>
  <testcase name="basicDetails" time="124.425" classname="com.IDBI30May22.tc.TC005_IDBIBasicDetails"/>
  <testcase name="basicDetails" time="123.660" classname="com.IDBI30May22.tc.TC005_IDBIBasicDetails"/>
  <testcase name="basicDetails" time="123.786" classname="com.IDBI30May22.tc.TC005_IDBIBasicDetails"/>
  <testcase name="basicDetails" time="123.805" classname="com.IDBI30May22.tc.TC005_IDBIBasicDetails"/>
  <testcase name="basicDetails" time="123.738" classname="com.IDBI30May22.tc.TC005_IDBIBasicDetails"/>
  <testcase name="basicDetails" time="124.302" classname="com.IDBI30May22.tc.TC005_IDBIBasicDetails"/>
  <testcase name="basicDetails" time="123.853" classname="com.IDBI30May22.tc.TC005_IDBIBasicDetails"/>
</testsuite> <!-- com.IDBI30May22.tc.TC005_IDBIBasicDetails -->
