<?xml version="1.0" encoding="UTF-8"?>
<!-- Generated by org.testng.reporters.JUnitReportReporter -->
<testsuite skipped="0" hostname="MAA014482B" name="com.MAHAGEN_16Nov22.tc.TC001_MAHAGENBasicDetails" tests="24" failures="0" timestamp="2022-11-16T17:59:48 IST" time="3793.540" errors="0">
  <testcase name="basicDetails" time="160.004" classname="com.MAHAGEN_16Nov22.tc.TC001_MAHAGENBasicDetails"/>
  <testcase name="basicDetails" time="157.285" classname="com.MAHAGEN_16Nov22.tc.TC001_MAHAGENBasicDetails"/>
  <testcase name="basicDetails" time="156.096" classname="com.MAHAGEN_16Nov22.tc.TC001_MAHAGENBasicDetails"/>
  <testcase name="basicDetails" time="158.087" classname="com.MAHAGEN_16Nov22.tc.TC001_MAHAGENBasicDetails"/>
  <testcase name="basicDetails" time="157.791" classname="com.MAHAGEN_16Nov22.tc.TC001_MAHAGENBasicDetails"/>
  <testcase name="basicDetails" time="159.793" classname="com.MAHAGEN_16Nov22.tc.TC001_MAHAGENBasicDetails"/>
  <testcase name="basicDetails" time="159.198" classname="com.MAHAGEN_16Nov22.tc.TC001_MAHAGENBasicDetails"/>
  <testcase name="basicDetails" time="156.198" classname="com.MAHAGEN_16Nov22.tc.TC001_MAHAGENBasicDetails"/>
  <testcase name="basicDetails" time="160.046" classname="com.MAHAGEN_16Nov22.tc.TC001_MAHAGENBasicDetails"/>
  <testcase name="basicDetails" time="159.913" classname="com.MAHAGEN_16Nov22.tc.TC001_MAHAGENBasicDetails"/>
  <testcase name="basicDetails" time="157.816" classname="com.MAHAGEN_16Nov22.tc.TC001_MAHAGENBasicDetails"/>
  <testcase name="basicDetails" time="158.039" classname="com.MAHAGEN_16Nov22.tc.TC001_MAHAGENBasicDetails"/>
  <testcase name="basicDetails" time="160.053" classname="com.MAHAGEN_16Nov22.tc.TC001_MAHAGENBasicDetails"/>
  <testcase name="basicDetails" time="155.995" classname="com.MAHAGEN_16Nov22.tc.TC001_MAHAGENBasicDetails"/>
  <testcase name="basicDetails" time="155.996" classname="com.MAHAGEN_16Nov22.tc.TC001_MAHAGENBasicDetails"/>
  <testcase name="basicDetails" time="157.817" classname="com.MAHAGEN_16Nov22.tc.TC001_MAHAGENBasicDetails"/>
  <testcase name="basicDetails" time="158.672" classname="com.MAHAGEN_16Nov22.tc.TC001_MAHAGENBasicDetails"/>
  <testcase name="basicDetails" time="155.963" classname="com.MAHAGEN_16Nov22.tc.TC001_MAHAGENBasicDetails"/>
  <testcase name="basicDetails" time="156.164" classname="com.MAHAGEN_16Nov22.tc.TC001_MAHAGENBasicDetails"/>
  <testcase name="basicDetails" time="159.913" classname="com.MAHAGEN_16Nov22.tc.TC001_MAHAGENBasicDetails"/>
  <testcase name="basicDetails" time="157.880" classname="com.MAHAGEN_16Nov22.tc.TC001_MAHAGENBasicDetails"/>
  <testcase name="basicDetails" time="157.581" classname="com.MAHAGEN_16Nov22.tc.TC001_MAHAGENBasicDetails"/>
  <testcase name="basicDetails" time="157.637" classname="com.MAHAGEN_16Nov22.tc.TC001_MAHAGENBasicDetails"/>
  <testcase name="basicDetails" time="159.603" classname="com.MAHAGEN_16Nov22.tc.TC001_MAHAGENBasicDetails"/>
</testsuite> <!-- com.MAHAGEN_16Nov22.tc.TC001_MAHAGENBasicDetails -->
