<?xml version="1.0" encoding="UTF-8"?>
<!-- Generated by org.testng.reporters.JUnitReportReporter -->
<testsuite skipped="0" hostname="MAA014482B" name="com.BOMSRO.tc.TC001_BOMBasicDetails" tests="80" failures="0" timestamp="2023-01-04T16:36:52 IST" time="12868.286" errors="0">
  <testcase name="basicDetails" time="159.689" classname="com.BOMSRO.tc.TC001_BOMBasicDetails"/>
  <testcase name="basicDetails" time="161.967" classname="com.BOMSRO.tc.TC001_BOMBasicDetails"/>
  <testcase name="basicDetails" time="162.071" classname="com.BOMSRO.tc.TC001_BOMBasicDetails"/>
  <testcase name="basicDetails" time="162.431" classname="com.BOMSRO.tc.TC001_BOMBasicDetails"/>
  <testcase name="basicDetails" time="159.976" classname="com.BOMSRO.tc.TC001_BOMBasicDetails"/>
  <testcase name="basicDetails" time="161.800" classname="com.BOMSRO.tc.TC001_BOMBasicDetails"/>
  <testcase name="basicDetails" time="160.043" classname="com.BOMSRO.tc.TC001_BOMBasicDetails"/>
  <testcase name="basicDetails" time="159.906" classname="com.BOMSRO.tc.TC001_BOMBasicDetails"/>
  <testcase name="basicDetails" time="160.095" classname="com.BOMSRO.tc.TC001_BOMBasicDetails"/>
  <testcase name="basicDetails" time="159.638" classname="com.BOMSRO.tc.TC001_BOMBasicDetails"/>
  <testcase name="basicDetails" time="161.053" classname="com.BOMSRO.tc.TC001_BOMBasicDetails"/>
  <testcase name="basicDetails" time="159.642" classname="com.BOMSRO.tc.TC001_BOMBasicDetails"/>
  <testcase name="basicDetails" time="162.018" classname="com.BOMSRO.tc.TC001_BOMBasicDetails"/>
  <testcase name="basicDetails" time="159.847" classname="com.BOMSRO.tc.TC001_BOMBasicDetails"/>
  <testcase name="basicDetails" time="159.413" classname="com.BOMSRO.tc.TC001_BOMBasicDetails"/>
  <testcase name="basicDetails" time="162.227" classname="com.BOMSRO.tc.TC001_BOMBasicDetails"/>
  <testcase name="basicDetails" time="159.558" classname="com.BOMSRO.tc.TC001_BOMBasicDetails"/>
  <testcase name="basicDetails" time="161.997" classname="com.BOMSRO.tc.TC001_BOMBasicDetails"/>
  <testcase name="basicDetails" time="159.805" classname="com.BOMSRO.tc.TC001_BOMBasicDetails"/>
  <testcase name="basicDetails" time="160.075" classname="com.BOMSRO.tc.TC001_BOMBasicDetails"/>
  <testcase name="basicDetails" time="161.989" classname="com.BOMSRO.tc.TC001_BOMBasicDetails"/>
  <testcase name="basicDetails" time="161.927" classname="com.BOMSRO.tc.TC001_BOMBasicDetails"/>
  <testcase name="basicDetails" time="160.533" classname="com.BOMSRO.tc.TC001_BOMBasicDetails"/>
  <testcase name="basicDetails" time="159.492" classname="com.BOMSRO.tc.TC001_BOMBasicDetails"/>
  <testcase name="basicDetails" time="162.646" classname="com.BOMSRO.tc.TC001_BOMBasicDetails"/>
  <testcase name="basicDetails" time="159.523" classname="com.BOMSRO.tc.TC001_BOMBasicDetails"/>
  <testcase name="basicDetails" time="159.713" classname="com.BOMSRO.tc.TC001_BOMBasicDetails"/>
  <testcase name="basicDetails" time="162.145" classname="com.BOMSRO.tc.TC001_BOMBasicDetails"/>
  <testcase name="basicDetails" time="159.850" classname="com.BOMSRO.tc.TC001_BOMBasicDetails"/>
  <testcase name="basicDetails" time="159.801" classname="com.BOMSRO.tc.TC001_BOMBasicDetails"/>
  <testcase name="basicDetails" time="161.674" classname="com.BOMSRO.tc.TC001_BOMBasicDetails"/>
  <testcase name="basicDetails" time="159.777" classname="com.BOMSRO.tc.TC001_BOMBasicDetails"/>
  <testcase name="basicDetails" time="159.769" classname="com.BOMSRO.tc.TC001_BOMBasicDetails"/>
  <testcase name="basicDetails" time="160.176" classname="com.BOMSRO.tc.TC001_BOMBasicDetails"/>
  <testcase name="basicDetails" time="159.502" classname="com.BOMSRO.tc.TC001_BOMBasicDetails"/>
  <testcase name="basicDetails" time="161.834" classname="com.BOMSRO.tc.TC001_BOMBasicDetails"/>
  <testcase name="basicDetails" time="161.888" classname="com.BOMSRO.tc.TC001_BOMBasicDetails"/>
  <testcase name="basicDetails" time="162.285" classname="com.BOMSRO.tc.TC001_BOMBasicDetails"/>
  <testcase name="basicDetails" time="160.879" classname="com.BOMSRO.tc.TC001_BOMBasicDetails"/>
  <testcase name="basicDetails" time="159.545" classname="com.BOMSRO.tc.TC001_BOMBasicDetails"/>
  <testcase name="basicDetails" time="162.193" classname="com.BOMSRO.tc.TC001_BOMBasicDetails"/>
  <testcase name="basicDetails" time="159.730" classname="com.BOMSRO.tc.TC001_BOMBasicDetails"/>
  <testcase name="basicDetails" time="162.166" classname="com.BOMSRO.tc.TC001_BOMBasicDetails"/>
  <testcase name="basicDetails" time="162.117" classname="com.BOMSRO.tc.TC001_BOMBasicDetails"/>
  <testcase name="basicDetails" time="162.446" classname="com.BOMSRO.tc.TC001_BOMBasicDetails"/>
  <testcase name="basicDetails" time="160.140" classname="com.BOMSRO.tc.TC001_BOMBasicDetails"/>
  <testcase name="basicDetails" time="162.284" classname="com.BOMSRO.tc.TC001_BOMBasicDetails"/>
  <testcase name="basicDetails" time="158.957" classname="com.BOMSRO.tc.TC001_BOMBasicDetails"/>
  <testcase name="basicDetails" time="157.545" classname="com.BOMSRO.tc.TC001_BOMBasicDetails"/>
  <testcase name="basicDetails" time="159.923" classname="com.BOMSRO.tc.TC001_BOMBasicDetails"/>
  <testcase name="basicDetails" time="161.905" classname="com.BOMSRO.tc.TC001_BOMBasicDetails"/>
  <testcase name="basicDetails" time="159.534" classname="com.BOMSRO.tc.TC001_BOMBasicDetails"/>
  <testcase name="basicDetails" time="162.420" classname="com.BOMSRO.tc.TC001_BOMBasicDetails"/>
  <testcase name="basicDetails" time="162.213" classname="com.BOMSRO.tc.TC001_BOMBasicDetails"/>
  <testcase name="basicDetails" time="162.410" classname="com.BOMSRO.tc.TC001_BOMBasicDetails"/>
  <testcase name="basicDetails" time="161.992" classname="com.BOMSRO.tc.TC001_BOMBasicDetails"/>
  <testcase name="basicDetails" time="161.845" classname="com.BOMSRO.tc.TC001_BOMBasicDetails"/>
  <testcase name="basicDetails" time="159.869" classname="com.BOMSRO.tc.TC001_BOMBasicDetails"/>
  <testcase name="basicDetails" time="162.214" classname="com.BOMSRO.tc.TC001_BOMBasicDetails"/>
  <testcase name="basicDetails" time="162.194" classname="com.BOMSRO.tc.TC001_BOMBasicDetails"/>
  <testcase name="basicDetails" time="159.507" classname="com.BOMSRO.tc.TC001_BOMBasicDetails"/>
  <testcase name="basicDetails" time="159.806" classname="com.BOMSRO.tc.TC001_BOMBasicDetails"/>
  <testcase name="basicDetails" time="162.026" classname="com.BOMSRO.tc.TC001_BOMBasicDetails"/>
  <testcase name="basicDetails" time="161.956" classname="com.BOMSRO.tc.TC001_BOMBasicDetails"/>
  <testcase name="basicDetails" time="162.101" classname="com.BOMSRO.tc.TC001_BOMBasicDetails"/>
  <testcase name="basicDetails" time="159.719" classname="com.BOMSRO.tc.TC001_BOMBasicDetails"/>
  <testcase name="basicDetails" time="159.989" classname="com.BOMSRO.tc.TC001_BOMBasicDetails"/>
  <testcase name="basicDetails" time="162.037" classname="com.BOMSRO.tc.TC001_BOMBasicDetails"/>
  <testcase name="basicDetails" time="161.761" classname="com.BOMSRO.tc.TC001_BOMBasicDetails"/>
  <testcase name="basicDetails" time="159.651" classname="com.BOMSRO.tc.TC001_BOMBasicDetails"/>
  <testcase name="basicDetails" time="159.638" classname="com.BOMSRO.tc.TC001_BOMBasicDetails"/>
  <testcase name="basicDetails" time="160.174" classname="com.BOMSRO.tc.TC001_BOMBasicDetails"/>
  <testcase name="basicDetails" time="159.672" classname="com.BOMSRO.tc.TC001_BOMBasicDetails"/>
  <testcase name="basicDetails" time="162.152" classname="com.BOMSRO.tc.TC001_BOMBasicDetails"/>
  <testcase name="basicDetails" time="159.852" classname="com.BOMSRO.tc.TC001_BOMBasicDetails"/>
  <testcase name="basicDetails" time="159.671" classname="com.BOMSRO.tc.TC001_BOMBasicDetails"/>
  <testcase name="basicDetails" time="162.076" classname="com.BOMSRO.tc.TC001_BOMBasicDetails"/>
  <testcase name="basicDetails" time="160.146" classname="com.BOMSRO.tc.TC001_BOMBasicDetails"/>
  <testcase name="basicDetails" time="162.117" classname="com.BOMSRO.tc.TC001_BOMBasicDetails"/>
  <testcase name="basicDetails" time="161.939" classname="com.BOMSRO.tc.TC001_BOMBasicDetails"/>
</testsuite> <!-- com.BOMSRO.tc.TC001_BOMBasicDetails -->
