<?xml version="1.0" encoding="UTF-8"?>
<!-- Generated by org.testng.reporters.JUnitReportReporter -->
<testsuite skipped="0" hostname="MAA014482B" name="com.Mahatransco_8Dec22.tc.TC003_MAHABasicDetails" tests="18" failures="0" timestamp="2022-12-13T18:02:54 IST" time="2961.452" errors="0">
  <testcase name="basicDetails" time="166.882" classname="com.Mahatransco_8Dec22.tc.TC003_MAHABasicDetails"/>
  <testcase name="basicDetails" time="163.614" classname="com.Mahatransco_8Dec22.tc.TC003_MAHABasicDetails"/>
  <testcase name="basicDetails" time="164.385" classname="com.Mahatransco_8Dec22.tc.TC003_MAHABasicDetails"/>
  <testcase name="basicDetails" time="163.930" classname="com.Mahatransco_8Dec22.tc.TC003_MAHABasicDetails"/>
  <testcase name="basicDetails" time="161.698" classname="com.Mahatransco_8Dec22.tc.TC003_MAHABasicDetails"/>
  <testcase name="basicDetails" time="163.359" classname="com.Mahatransco_8Dec22.tc.TC003_MAHABasicDetails"/>
  <testcase name="basicDetails" time="162.668" classname="com.Mahatransco_8Dec22.tc.TC003_MAHABasicDetails"/>
  <testcase name="basicDetails" time="167.246" classname="com.Mahatransco_8Dec22.tc.TC003_MAHABasicDetails"/>
  <testcase name="basicDetails" time="165.644" classname="com.Mahatransco_8Dec22.tc.TC003_MAHABasicDetails"/>
  <testcase name="basicDetails" time="163.044" classname="com.Mahatransco_8Dec22.tc.TC003_MAHABasicDetails"/>
  <testcase name="basicDetails" time="163.924" classname="com.Mahatransco_8Dec22.tc.TC003_MAHABasicDetails"/>
  <testcase name="basicDetails" time="165.797" classname="com.Mahatransco_8Dec22.tc.TC003_MAHABasicDetails"/>
  <testcase name="basicDetails" time="164.140" classname="com.Mahatransco_8Dec22.tc.TC003_MAHABasicDetails"/>
  <testcase name="basicDetails" time="165.576" classname="com.Mahatransco_8Dec22.tc.TC003_MAHABasicDetails"/>
  <testcase name="basicDetails" time="163.967" classname="com.Mahatransco_8Dec22.tc.TC003_MAHABasicDetails"/>
  <testcase name="basicDetails" time="165.945" classname="com.Mahatransco_8Dec22.tc.TC003_MAHABasicDetails"/>
  <testcase name="basicDetails" time="163.805" classname="com.Mahatransco_8Dec22.tc.TC003_MAHABasicDetails"/>
  <testcase name="basicDetails" time="165.828" classname="com.Mahatransco_8Dec22.tc.TC003_MAHABasicDetails"/>
</testsuite> <!-- com.Mahatransco_8Dec22.tc.TC003_MAHABasicDetails -->
