<?xml version="1.0" encoding="UTF-8"?>
<!-- Generated by org.testng.reporters.JUnitReportReporter -->
<testsuite skipped="0" hostname="MAA014482B" name="com.GSD_April23.tc.TC004_GSDBasicDetails" tests="18" failures="0" timestamp="2023-04-18T15:28:53 IST" time="2820.049" errors="0">
  <testcase name="basicDetails" time="159.131" classname="com.GSD_April23.tc.TC004_GSDBasicDetails"/>
  <testcase name="basicDetails" time="153.718" classname="com.GSD_April23.tc.TC004_GSDBasicDetails"/>
  <testcase name="basicDetails" time="162.894" classname="com.GSD_April23.tc.TC004_GSDBasicDetails"/>
  <testcase name="basicDetails" time="159.445" classname="com.GSD_April23.tc.TC004_GSDBasicDetails"/>
  <testcase name="basicDetails" time="153.737" classname="com.GSD_April23.tc.TC004_GSDBasicDetails"/>
  <testcase name="basicDetails" time="154.043" classname="com.GSD_April23.tc.TC004_GSDBasicDetails"/>
  <testcase name="basicDetails" time="159.540" classname="com.GSD_April23.tc.TC004_GSDBasicDetails"/>
  <testcase name="basicDetails" time="153.676" classname="com.GSD_April23.tc.TC004_GSDBasicDetails"/>
  <testcase name="basicDetails" time="158.981" classname="com.GSD_April23.tc.TC004_GSDBasicDetails"/>
  <testcase name="basicDetails" time="153.699" classname="com.GSD_April23.tc.TC004_GSDBasicDetails"/>
  <testcase name="basicDetails" time="153.261" classname="com.GSD_April23.tc.TC004_GSDBasicDetails"/>
  <testcase name="basicDetails" time="159.409" classname="com.GSD_April23.tc.TC004_GSDBasicDetails"/>
  <testcase name="basicDetails" time="153.957" classname="com.GSD_April23.tc.TC004_GSDBasicDetails"/>
  <testcase name="basicDetails" time="159.698" classname="com.GSD_April23.tc.TC004_GSDBasicDetails"/>
  <testcase name="basicDetails" time="153.413" classname="com.GSD_April23.tc.TC004_GSDBasicDetails"/>
  <testcase name="basicDetails" time="159.072" classname="com.GSD_April23.tc.TC004_GSDBasicDetails"/>
  <testcase name="basicDetails" time="153.661" classname="com.GSD_April23.tc.TC004_GSDBasicDetails"/>
  <testcase name="basicDetails" time="158.714" classname="com.GSD_April23.tc.TC004_GSDBasicDetails"/>
</testsuite> <!-- com.GSD_April23.tc.TC004_GSDBasicDetails -->
