<?xml version="1.0" encoding="UTF-8"?>
<!-- Generated by org.testng.reporters.JUnitReportReporter -->
<testsuite skipped="0" hostname="MAA015435A" name="com.mum.tc.TC003_MUMBasicDetails" tests="2" failures="0" timestamp="29 Nov 2019 10:11:52 GMT" time="176.943" errors="0">
  <testcase name="basicDetails" time="93.327" classname="com.mum.tc.TC003_MUMBasicDetails"/>
  <testcase name="basicDetails" time="83.616" classname="com.mum.tc.TC003_MUMBasicDetails"/>
</testsuite> <!-- com.mum.tc.TC003_MUMBasicDetails -->
