<?xml version="1.0" encoding="UTF-8"?>
<!-- Generated by org.testng.reporters.JUnitReportReporter -->
<testsuite skipped="0" hostname="MAA014482B" name="com.NHBCOX_17Oct22.tc.TC001_NHBCOXBasicDetails" tests="4" failures="0" timestamp="2022-10-20T13:19:57 IST" time="640.155" errors="0">
  <testcase name="basicDetails" time="160.867" classname="com.NHBCOX_17Oct22.tc.TC001_NHBCOXBasicDetails"/>
  <testcase name="basicDetails" time="160.534" classname="com.NHBCOX_17Oct22.tc.TC001_NHBCOXBasicDetails"/>
  <testcase name="basicDetails" time="160.087" classname="com.NHBCOX_17Oct22.tc.TC001_NHBCOXBasicDetails"/>
  <testcase name="basicDetails" time="158.667" classname="com.NHBCOX_17Oct22.tc.TC001_NHBCOXBasicDetails"/>
</testsuite> <!-- com.NHBCOX_17Oct22.tc.TC001_NHBCOXBasicDetails -->
