<?xml version="1.0" encoding="UTF-8"?>
<!-- Generated by org.testng.reporters.JUnitReportReporter -->
<testsuite skipped="0" hostname="MAA014482B" name="com.IGM_Kolkata_2_May23.tc.TC004_IGMBasicDetails" tests="172" failures="0" timestamp="2023-06-05T20:24:20 IST" time="28089.744" errors="1">
  <testcase name="basicDetails" time="163.078" classname="com.IGM_Kolkata_2_May23.tc.TC004_IGMBasicDetails"/>
  <testcase name="basicDetails" time="162.041" classname="com.IGM_Kolkata_2_May23.tc.TC004_IGMBasicDetails"/>
  <testcase name="basicDetails" time="162.383" classname="com.IGM_Kolkata_2_May23.tc.TC004_IGMBasicDetails"/>
  <testcase name="basicDetails" time="163.029" classname="com.IGM_Kolkata_2_May23.tc.TC004_IGMBasicDetails"/>
  <testcase name="basicDetails" time="162.814" classname="com.IGM_Kolkata_2_May23.tc.TC004_IGMBasicDetails"/>
  <testcase name="basicDetails" time="162.989" classname="com.IGM_Kolkata_2_May23.tc.TC004_IGMBasicDetails"/>
  <testcase name="basicDetails" time="162.589" classname="com.IGM_Kolkata_2_May23.tc.TC004_IGMBasicDetails"/>
  <testcase name="basicDetails" time="166.783" classname="com.IGM_Kolkata_2_May23.tc.TC004_IGMBasicDetails"/>
  <testcase name="basicDetails" time="162.638" classname="com.IGM_Kolkata_2_May23.tc.TC004_IGMBasicDetails"/>
  <testcase name="basicDetails" time="165.927" classname="com.IGM_Kolkata_2_May23.tc.TC004_IGMBasicDetails"/>
  <testcase name="basicDetails" time="165.530" classname="com.IGM_Kolkata_2_May23.tc.TC004_IGMBasicDetails"/>
  <testcase name="basicDetails" time="162.850" classname="com.IGM_Kolkata_2_May23.tc.TC004_IGMBasicDetails"/>
  <testcase name="basicDetails" time="190.144" classname="com.IGM_Kolkata_2_May23.tc.TC004_IGMBasicDetails"/>
  <testcase name="basicDetails" time="165.416" classname="com.IGM_Kolkata_2_May23.tc.TC004_IGMBasicDetails"/>
  <testcase name="basicDetails" time="161.948" classname="com.IGM_Kolkata_2_May23.tc.TC004_IGMBasicDetails"/>
  <testcase name="basicDetails" time="166.046" classname="com.IGM_Kolkata_2_May23.tc.TC004_IGMBasicDetails"/>
  <testcase name="basicDetails" time="165.743" classname="com.IGM_Kolkata_2_May23.tc.TC004_IGMBasicDetails"/>
  <testcase name="basicDetails" time="162.562" classname="com.IGM_Kolkata_2_May23.tc.TC004_IGMBasicDetails"/>
  <testcase name="basicDetails" time="162.509" classname="com.IGM_Kolkata_2_May23.tc.TC004_IGMBasicDetails"/>
  <testcase name="basicDetails" time="162.834" classname="com.IGM_Kolkata_2_May23.tc.TC004_IGMBasicDetails"/>
  <testcase name="basicDetails" time="165.727" classname="com.IGM_Kolkata_2_May23.tc.TC004_IGMBasicDetails"/>
  <testcase name="basicDetails" time="165.855" classname="com.IGM_Kolkata_2_May23.tc.TC004_IGMBasicDetails"/>
  <testcase name="basicDetails" time="162.525" classname="com.IGM_Kolkata_2_May23.tc.TC004_IGMBasicDetails"/>
  <testcase name="basicDetails" time="162.283" classname="com.IGM_Kolkata_2_May23.tc.TC004_IGMBasicDetails"/>
  <testcase name="basicDetails" time="162.659" classname="com.IGM_Kolkata_2_May23.tc.TC004_IGMBasicDetails"/>
  <testcase name="basicDetails" time="165.763" classname="com.IGM_Kolkata_2_May23.tc.TC004_IGMBasicDetails"/>
  <testcase name="basicDetails" time="162.501" classname="com.IGM_Kolkata_2_May23.tc.TC004_IGMBasicDetails"/>
  <testcase name="basicDetails" time="162.545" classname="com.IGM_Kolkata_2_May23.tc.TC004_IGMBasicDetails"/>
  <testcase name="basicDetails" time="162.206" classname="com.IGM_Kolkata_2_May23.tc.TC004_IGMBasicDetails"/>
  <testcase name="basicDetails" time="162.304" classname="com.IGM_Kolkata_2_May23.tc.TC004_IGMBasicDetails"/>
  <testcase name="basicDetails" time="162.582" classname="com.IGM_Kolkata_2_May23.tc.TC004_IGMBasicDetails"/>
  <testcase name="basicDetails" time="166.154" classname="com.IGM_Kolkata_2_May23.tc.TC004_IGMBasicDetails"/>
  <testcase name="basicDetails" time="162.187" classname="com.IGM_Kolkata_2_May23.tc.TC004_IGMBasicDetails"/>
  <testcase name="basicDetails" time="162.584" classname="com.IGM_Kolkata_2_May23.tc.TC004_IGMBasicDetails"/>
  <testcase name="basicDetails" time="165.753" classname="com.IGM_Kolkata_2_May23.tc.TC004_IGMBasicDetails"/>
  <testcase name="basicDetails" time="190.176" classname="com.IGM_Kolkata_2_May23.tc.TC004_IGMBasicDetails"/>
  <testcase name="basicDetails" time="162.535" classname="com.IGM_Kolkata_2_May23.tc.TC004_IGMBasicDetails"/>
  <testcase name="basicDetails" time="162.348" classname="com.IGM_Kolkata_2_May23.tc.TC004_IGMBasicDetails"/>
  <testcase name="basicDetails" time="165.630" classname="com.IGM_Kolkata_2_May23.tc.TC004_IGMBasicDetails"/>
  <testcase name="basicDetails" time="165.528" classname="com.IGM_Kolkata_2_May23.tc.TC004_IGMBasicDetails"/>
  <testcase name="basicDetails" time="165.699" classname="com.IGM_Kolkata_2_May23.tc.TC004_IGMBasicDetails"/>
  <testcase name="basicDetails" time="162.705" classname="com.IGM_Kolkata_2_May23.tc.TC004_IGMBasicDetails"/>
  <testcase name="basicDetails" time="162.773" classname="com.IGM_Kolkata_2_May23.tc.TC004_IGMBasicDetails"/>
  <testcase name="basicDetails" time="162.487" classname="com.IGM_Kolkata_2_May23.tc.TC004_IGMBasicDetails"/>
  <testcase name="basicDetails" time="161.937" classname="com.IGM_Kolkata_2_May23.tc.TC004_IGMBasicDetails"/>
  <testcase name="basicDetails" time="162.934" classname="com.IGM_Kolkata_2_May23.tc.TC004_IGMBasicDetails"/>
  <testcase name="basicDetails" time="162.470" classname="com.IGM_Kolkata_2_May23.tc.TC004_IGMBasicDetails"/>
  <testcase name="basicDetails" time="166.391" classname="com.IGM_Kolkata_2_May23.tc.TC004_IGMBasicDetails"/>
  <testcase name="basicDetails" time="162.452" classname="com.IGM_Kolkata_2_May23.tc.TC004_IGMBasicDetails"/>
  <testcase name="basicDetails" time="165.727" classname="com.IGM_Kolkata_2_May23.tc.TC004_IGMBasicDetails"/>
  <testcase name="basicDetails" time="162.534" classname="com.IGM_Kolkata_2_May23.tc.TC004_IGMBasicDetails"/>
  <testcase name="basicDetails" time="165.857" classname="com.IGM_Kolkata_2_May23.tc.TC004_IGMBasicDetails"/>
  <testcase name="basicDetails" time="162.341" classname="com.IGM_Kolkata_2_May23.tc.TC004_IGMBasicDetails"/>
  <testcase name="basicDetails" time="165.763" classname="com.IGM_Kolkata_2_May23.tc.TC004_IGMBasicDetails"/>
  <testcase name="basicDetails" time="166.011" classname="com.IGM_Kolkata_2_May23.tc.TC004_IGMBasicDetails"/>
  <testcase name="basicDetails" time="38.736" classname="com.IGM_Kolkata_2_May23.tc.TC004_IGMBasicDetails">
    <error type="org.openqa.selenium.UnhandledAlertException" message="unexpected alert open: {Alert text : Date Of Birth should be between 16/07/1973 to 15/07/2005}
  (Session info: chrome=113.0.5672.92): Date Of Birth should be between 16/07/1973 to 15/07/2005
Build info: version: &#039;3.141.0&#039;, revision: &#039;2ecb7d9a&#039;, time: &#039;2018-10-31T20:09:30&#039;
System info: host: &#039;MAA014482B&#039;, ip: &#039;124.7.228.19&#039;, os.name: &#039;Windows 10&#039;, os.arch: &#039;amd64&#039;, os.version: &#039;10.0&#039;, java.version: &#039;1.8.0_131&#039;
Driver info: org.openqa.selenium.chrome.ChromeDriver
Capabilities {acceptInsecureCerts: false, browserName: chrome, browserVersion: 113.0.5672.92, chrome: {chromedriverVersion: 112.0.5615.49 (bd2a7bcb881c..., userDataDir: C:\Users\016386\AppData\Loc...}, goog:chromeOptions: {debuggerAddress: localhost:50059}, javascriptEnabled: true, networkConnectionEnabled: false, pageLoadStrategy: normal, platform: WINDOWS, platformName: WINDOWS, proxy: Proxy(), setWindowRect: true, strictFileInteractability: false, timeouts: {implicit: 0, pageLoad: 300000, script: 30000}, unhandledPromptBehavior: dismiss and notify, webauthn:extension:credBlob: true, webauthn:extension:largeBlob: true, webauthn:extension:minPinLength: true, webauthn:extension:prf: true, webauthn:virtualAuthenticators: true}
Session ID: f4b98399e20e22ec2d57665a31c9d113">
      <![CDATA[org.openqa.selenium.UnhandledAlertException: unexpected alert open: {Alert text : Date Of Birth should be between 16/07/1973 to 15/07/2005}
  (Session info: chrome=113.0.5672.92): Date Of Birth should be between 16/07/1973 to 15/07/2005
Build info: version: '3.141.0', revision: '2ecb7d9a', time: '2018-10-31T20:09:30'
System info: host: 'MAA014482B', ip: '124.7.228.19', os.name: 'Windows 10', os.arch: 'amd64', os.version: '10.0', java.version: '1.8.0_131'
Driver info: org.openqa.selenium.chrome.ChromeDriver
Capabilities {acceptInsecureCerts: false, browserName: chrome, browserVersion: 113.0.5672.92, chrome: {chromedriverVersion: 112.0.5615.49 (bd2a7bcb881c..., userDataDir: C:\Users\016386\AppData\Loc...}, goog:chromeOptions: {debuggerAddress: localhost:50059}, javascriptEnabled: true, networkConnectionEnabled: false, pageLoadStrategy: normal, platform: WINDOWS, platformName: WINDOWS, proxy: Proxy(), setWindowRect: true, strictFileInteractability: false, timeouts: {implicit: 0, pageLoad: 300000, script: 30000}, unhandledPromptBehavior: dismiss and notify, webauthn:extension:credBlob: true, webauthn:extension:largeBlob: true, webauthn:extension:minPinLength: true, webauthn:extension:prf: true, webauthn:virtualAuthenticators: true}
Session ID: f4b98399e20e22ec2d57665a31c9d113
at org.openqa.selenium.remote.http.W3CHttpResponseCodec.decode(W3CHttpResponseCodec.java:120)
at org.openqa.selenium.remote.http.W3CHttpResponseCodec.decode(W3CHttpResponseCodec.java:49)
at org.openqa.selenium.remote.HttpCommandExecutor.execute(HttpCommandExecutor.java:158)
at org.openqa.selenium.remote.service.DriverCommandExecutor.execute(DriverCommandExecutor.java:83)
at org.openqa.selenium.remote.RemoteWebDriver.execute(RemoteWebDriver.java:552)
at org.openqa.selenium.remote.RemoteWebElement.execute(RemoteWebElement.java:285)
at org.openqa.selenium.remote.RemoteWebElement.click(RemoteWebElement.java:84)
at lib.selenium.WebDriverServiceImpl.agevalidator_max(WebDriverServiceImpl.java:855)
at com.ibps.pages.PersonalDetailsPage.ageValidatorMax(PersonalDetailsPage.java:330)
at com.IGM_Kolkata_2_May23.tc.TC004_IGMBasicDetails.basicDetails(TC004_IGMBasicDetails.java:57)
at sun.reflect.NativeMethodAccessorImpl.invoke0(Native Method)
at sun.reflect.NativeMethodAccessorImpl.invoke(Unknown Source)
at sun.reflect.DelegatingMethodAccessorImpl.invoke(Unknown Source)
at java.lang.reflect.Method.invoke(Unknown Source)
at org.testng.internal.MethodInvocationHelper.invokeMethod(MethodInvocationHelper.java:133)
at org.testng.internal.TestInvoker.invokeMethod(TestInvoker.java:584)
at org.testng.internal.TestInvoker.invokeTestMethod(TestInvoker.java:172)
at org.testng.internal.MethodRunner.runInSequence(MethodRunner.java:46)
at org.testng.internal.TestInvoker$MethodInvocationAgent.invoke(TestInvoker.java:804)
at org.testng.internal.TestInvoker.invokeTestMethods(TestInvoker.java:145)
at org.testng.internal.TestMethodWorker.invokeTestMethods(TestMethodWorker.java:146)
at org.testng.internal.TestMethodWorker.run(TestMethodWorker.java:128)
at java.util.concurrent.ThreadPoolExecutor.runWorker(Unknown Source)
at java.util.concurrent.ThreadPoolExecutor$Worker.run(Unknown Source)
at java.lang.Thread.run(Unknown Source)
]]>
    </error>
  </testcase> <!-- basicDetails -->
  <testcase name="basicDetails" time="162.664" classname="com.IGM_Kolkata_2_May23.tc.TC004_IGMBasicDetails"/>
  <testcase name="basicDetails" time="162.531" classname="com.IGM_Kolkata_2_May23.tc.TC004_IGMBasicDetails"/>
  <testcase name="basicDetails" time="165.865" classname="com.IGM_Kolkata_2_May23.tc.TC004_IGMBasicDetails"/>
  <testcase name="basicDetails" time="165.176" classname="com.IGM_Kolkata_2_May23.tc.TC004_IGMBasicDetails"/>
  <testcase name="basicDetails" time="162.517" classname="com.IGM_Kolkata_2_May23.tc.TC004_IGMBasicDetails"/>
  <testcase name="basicDetails" time="162.381" classname="com.IGM_Kolkata_2_May23.tc.TC004_IGMBasicDetails"/>
  <testcase name="basicDetails" time="162.508" classname="com.IGM_Kolkata_2_May23.tc.TC004_IGMBasicDetails"/>
  <testcase name="basicDetails" time="162.666" classname="com.IGM_Kolkata_2_May23.tc.TC004_IGMBasicDetails"/>
  <testcase name="basicDetails" time="162.080" classname="com.IGM_Kolkata_2_May23.tc.TC004_IGMBasicDetails"/>
  <testcase name="basicDetails" time="163.361" classname="com.IGM_Kolkata_2_May23.tc.TC004_IGMBasicDetails"/>
  <testcase name="basicDetails" time="165.481" classname="com.IGM_Kolkata_2_May23.tc.TC004_IGMBasicDetails"/>
  <testcase name="basicDetails" time="162.516" classname="com.IGM_Kolkata_2_May23.tc.TC004_IGMBasicDetails"/>
  <testcase name="basicDetails" time="162.443" classname="com.IGM_Kolkata_2_May23.tc.TC004_IGMBasicDetails"/>
  <testcase name="basicDetails" time="162.924" classname="com.IGM_Kolkata_2_May23.tc.TC004_IGMBasicDetails"/>
  <testcase name="basicDetails" time="161.933" classname="com.IGM_Kolkata_2_May23.tc.TC004_IGMBasicDetails"/>
  <testcase name="basicDetails" time="162.402" classname="com.IGM_Kolkata_2_May23.tc.TC004_IGMBasicDetails"/>
  <testcase name="basicDetails" time="162.221" classname="com.IGM_Kolkata_2_May23.tc.TC004_IGMBasicDetails"/>
  <testcase name="basicDetails" time="165.812" classname="com.IGM_Kolkata_2_May23.tc.TC004_IGMBasicDetails"/>
  <testcase name="basicDetails" time="162.460" classname="com.IGM_Kolkata_2_May23.tc.TC004_IGMBasicDetails"/>
  <testcase name="basicDetails" time="162.587" classname="com.IGM_Kolkata_2_May23.tc.TC004_IGMBasicDetails"/>
  <testcase name="basicDetails" time="162.265" classname="com.IGM_Kolkata_2_May23.tc.TC004_IGMBasicDetails"/>
  <testcase name="basicDetails" time="163.080" classname="com.IGM_Kolkata_2_May23.tc.TC004_IGMBasicDetails"/>
  <testcase name="basicDetails" time="162.542" classname="com.IGM_Kolkata_2_May23.tc.TC004_IGMBasicDetails"/>
  <testcase name="basicDetails" time="162.598" classname="com.IGM_Kolkata_2_May23.tc.TC004_IGMBasicDetails"/>
  <testcase name="basicDetails" time="165.546" classname="com.IGM_Kolkata_2_May23.tc.TC004_IGMBasicDetails"/>
  <testcase name="basicDetails" time="165.768" classname="com.IGM_Kolkata_2_May23.tc.TC004_IGMBasicDetails"/>
  <testcase name="basicDetails" time="162.789" classname="com.IGM_Kolkata_2_May23.tc.TC004_IGMBasicDetails"/>
  <testcase name="basicDetails" time="162.428" classname="com.IGM_Kolkata_2_May23.tc.TC004_IGMBasicDetails"/>
  <testcase name="basicDetails" time="162.646" classname="com.IGM_Kolkata_2_May23.tc.TC004_IGMBasicDetails"/>
  <testcase name="basicDetails" time="162.520" classname="com.IGM_Kolkata_2_May23.tc.TC004_IGMBasicDetails"/>
  <testcase name="basicDetails" time="162.346" classname="com.IGM_Kolkata_2_May23.tc.TC004_IGMBasicDetails"/>
  <testcase name="basicDetails" time="162.784" classname="com.IGM_Kolkata_2_May23.tc.TC004_IGMBasicDetails"/>
  <testcase name="basicDetails" time="165.919" classname="com.IGM_Kolkata_2_May23.tc.TC004_IGMBasicDetails"/>
  <testcase name="basicDetails" time="162.441" classname="com.IGM_Kolkata_2_May23.tc.TC004_IGMBasicDetails"/>
  <testcase name="basicDetails" time="165.607" classname="com.IGM_Kolkata_2_May23.tc.TC004_IGMBasicDetails"/>
  <testcase name="basicDetails" time="162.551" classname="com.IGM_Kolkata_2_May23.tc.TC004_IGMBasicDetails"/>
  <testcase name="basicDetails" time="162.792" classname="com.IGM_Kolkata_2_May23.tc.TC004_IGMBasicDetails"/>
  <testcase name="basicDetails" time="162.939" classname="com.IGM_Kolkata_2_May23.tc.TC004_IGMBasicDetails"/>
  <testcase name="basicDetails" time="165.791" classname="com.IGM_Kolkata_2_May23.tc.TC004_IGMBasicDetails"/>
  <testcase name="basicDetails" time="162.730" classname="com.IGM_Kolkata_2_May23.tc.TC004_IGMBasicDetails"/>
  <testcase name="basicDetails" time="165.506" classname="com.IGM_Kolkata_2_May23.tc.TC004_IGMBasicDetails"/>
  <testcase name="basicDetails" time="165.560" classname="com.IGM_Kolkata_2_May23.tc.TC004_IGMBasicDetails"/>
  <testcase name="basicDetails" time="162.244" classname="com.IGM_Kolkata_2_May23.tc.TC004_IGMBasicDetails"/>
  <testcase name="basicDetails" time="166.005" classname="com.IGM_Kolkata_2_May23.tc.TC004_IGMBasicDetails"/>
  <testcase name="basicDetails" time="165.954" classname="com.IGM_Kolkata_2_May23.tc.TC004_IGMBasicDetails"/>
  <testcase name="basicDetails" time="162.462" classname="com.IGM_Kolkata_2_May23.tc.TC004_IGMBasicDetails"/>
  <testcase name="basicDetails" time="162.131" classname="com.IGM_Kolkata_2_May23.tc.TC004_IGMBasicDetails"/>
  <testcase name="basicDetails" time="165.939" classname="com.IGM_Kolkata_2_May23.tc.TC004_IGMBasicDetails"/>
  <testcase name="basicDetails" time="162.470" classname="com.IGM_Kolkata_2_May23.tc.TC004_IGMBasicDetails"/>
  <testcase name="basicDetails" time="162.363" classname="com.IGM_Kolkata_2_May23.tc.TC004_IGMBasicDetails"/>
  <testcase name="basicDetails" time="165.994" classname="com.IGM_Kolkata_2_May23.tc.TC004_IGMBasicDetails"/>
  <testcase name="basicDetails" time="162.541" classname="com.IGM_Kolkata_2_May23.tc.TC004_IGMBasicDetails"/>
  <testcase name="basicDetails" time="161.791" classname="com.IGM_Kolkata_2_May23.tc.TC004_IGMBasicDetails"/>
  <testcase name="basicDetails" time="166.113" classname="com.IGM_Kolkata_2_May23.tc.TC004_IGMBasicDetails"/>
  <testcase name="basicDetails" time="162.696" classname="com.IGM_Kolkata_2_May23.tc.TC004_IGMBasicDetails"/>
  <testcase name="basicDetails" time="162.876" classname="com.IGM_Kolkata_2_May23.tc.TC004_IGMBasicDetails"/>
  <testcase name="basicDetails" time="166.103" classname="com.IGM_Kolkata_2_May23.tc.TC004_IGMBasicDetails"/>
  <testcase name="basicDetails" time="162.417" classname="com.IGM_Kolkata_2_May23.tc.TC004_IGMBasicDetails"/>
  <testcase name="basicDetails" time="162.978" classname="com.IGM_Kolkata_2_May23.tc.TC004_IGMBasicDetails"/>
  <testcase name="basicDetails" time="165.592" classname="com.IGM_Kolkata_2_May23.tc.TC004_IGMBasicDetails"/>
  <testcase name="basicDetails" time="165.495" classname="com.IGM_Kolkata_2_May23.tc.TC004_IGMBasicDetails"/>
  <testcase name="basicDetails" time="162.437" classname="com.IGM_Kolkata_2_May23.tc.TC004_IGMBasicDetails"/>
  <testcase name="basicDetails" time="163.316" classname="com.IGM_Kolkata_2_May23.tc.TC004_IGMBasicDetails"/>
  <testcase name="basicDetails" time="162.794" classname="com.IGM_Kolkata_2_May23.tc.TC004_IGMBasicDetails"/>
  <testcase name="basicDetails" time="165.610" classname="com.IGM_Kolkata_2_May23.tc.TC004_IGMBasicDetails"/>
  <testcase name="basicDetails" time="162.364" classname="com.IGM_Kolkata_2_May23.tc.TC004_IGMBasicDetails"/>
  <testcase name="basicDetails" time="165.894" classname="com.IGM_Kolkata_2_May23.tc.TC004_IGMBasicDetails"/>
  <testcase name="basicDetails" time="162.362" classname="com.IGM_Kolkata_2_May23.tc.TC004_IGMBasicDetails"/>
  <testcase name="basicDetails" time="165.338" classname="com.IGM_Kolkata_2_May23.tc.TC004_IGMBasicDetails"/>
  <testcase name="basicDetails" time="166.538" classname="com.IGM_Kolkata_2_May23.tc.TC004_IGMBasicDetails"/>
  <testcase name="basicDetails" time="165.646" classname="com.IGM_Kolkata_2_May23.tc.TC004_IGMBasicDetails"/>
  <testcase name="basicDetails" time="162.516" classname="com.IGM_Kolkata_2_May23.tc.TC004_IGMBasicDetails"/>
  <testcase name="basicDetails" time="162.496" classname="com.IGM_Kolkata_2_May23.tc.TC004_IGMBasicDetails"/>
  <testcase name="basicDetails" time="162.900" classname="com.IGM_Kolkata_2_May23.tc.TC004_IGMBasicDetails"/>
  <testcase name="basicDetails" time="162.149" classname="com.IGM_Kolkata_2_May23.tc.TC004_IGMBasicDetails"/>
  <testcase name="basicDetails" time="162.729" classname="com.IGM_Kolkata_2_May23.tc.TC004_IGMBasicDetails"/>
  <testcase name="basicDetails" time="162.355" classname="com.IGM_Kolkata_2_May23.tc.TC004_IGMBasicDetails"/>
  <testcase name="basicDetails" time="162.550" classname="com.IGM_Kolkata_2_May23.tc.TC004_IGMBasicDetails"/>
  <testcase name="basicDetails" time="165.697" classname="com.IGM_Kolkata_2_May23.tc.TC004_IGMBasicDetails"/>
  <testcase name="basicDetails" time="162.662" classname="com.IGM_Kolkata_2_May23.tc.TC004_IGMBasicDetails"/>
  <testcase name="basicDetails" time="162.696" classname="com.IGM_Kolkata_2_May23.tc.TC004_IGMBasicDetails"/>
  <testcase name="basicDetails" time="162.699" classname="com.IGM_Kolkata_2_May23.tc.TC004_IGMBasicDetails"/>
  <testcase name="basicDetails" time="165.782" classname="com.IGM_Kolkata_2_May23.tc.TC004_IGMBasicDetails"/>
  <testcase name="basicDetails" time="162.399" classname="com.IGM_Kolkata_2_May23.tc.TC004_IGMBasicDetails"/>
  <testcase name="basicDetails" time="162.427" classname="com.IGM_Kolkata_2_May23.tc.TC004_IGMBasicDetails"/>
  <testcase name="basicDetails" time="165.987" classname="com.IGM_Kolkata_2_May23.tc.TC004_IGMBasicDetails"/>
  <testcase name="basicDetails" time="165.641" classname="com.IGM_Kolkata_2_May23.tc.TC004_IGMBasicDetails"/>
  <testcase name="basicDetails" time="162.508" classname="com.IGM_Kolkata_2_May23.tc.TC004_IGMBasicDetails"/>
  <testcase name="basicDetails" time="162.602" classname="com.IGM_Kolkata_2_May23.tc.TC004_IGMBasicDetails"/>
  <testcase name="basicDetails" time="162.270" classname="com.IGM_Kolkata_2_May23.tc.TC004_IGMBasicDetails"/>
  <testcase name="basicDetails" time="163.434" classname="com.IGM_Kolkata_2_May23.tc.TC004_IGMBasicDetails"/>
  <testcase name="basicDetails" time="162.551" classname="com.IGM_Kolkata_2_May23.tc.TC004_IGMBasicDetails"/>
  <testcase name="basicDetails" time="162.661" classname="com.IGM_Kolkata_2_May23.tc.TC004_IGMBasicDetails"/>
  <testcase name="basicDetails" time="162.259" classname="com.IGM_Kolkata_2_May23.tc.TC004_IGMBasicDetails"/>
  <testcase name="basicDetails" time="162.287" classname="com.IGM_Kolkata_2_May23.tc.TC004_IGMBasicDetails"/>
  <testcase name="basicDetails" time="162.488" classname="com.IGM_Kolkata_2_May23.tc.TC004_IGMBasicDetails"/>
  <testcase name="basicDetails" time="162.091" classname="com.IGM_Kolkata_2_May23.tc.TC004_IGMBasicDetails"/>
  <testcase name="basicDetails" time="162.701" classname="com.IGM_Kolkata_2_May23.tc.TC004_IGMBasicDetails"/>
  <testcase name="basicDetails" time="162.535" classname="com.IGM_Kolkata_2_May23.tc.TC004_IGMBasicDetails"/>
  <testcase name="basicDetails" time="163.327" classname="com.IGM_Kolkata_2_May23.tc.TC004_IGMBasicDetails"/>
  <testcase name="basicDetails" time="166.093" classname="com.IGM_Kolkata_2_May23.tc.TC004_IGMBasicDetails"/>
  <testcase name="basicDetails" time="165.749" classname="com.IGM_Kolkata_2_May23.tc.TC004_IGMBasicDetails"/>
  <testcase name="basicDetails" time="162.883" classname="com.IGM_Kolkata_2_May23.tc.TC004_IGMBasicDetails"/>
  <testcase name="basicDetails" time="165.734" classname="com.IGM_Kolkata_2_May23.tc.TC004_IGMBasicDetails"/>
  <testcase name="basicDetails" time="162.768" classname="com.IGM_Kolkata_2_May23.tc.TC004_IGMBasicDetails"/>
  <testcase name="basicDetails" time="165.803" classname="com.IGM_Kolkata_2_May23.tc.TC004_IGMBasicDetails"/>
  <testcase name="basicDetails" time="161.895" classname="com.IGM_Kolkata_2_May23.tc.TC004_IGMBasicDetails"/>
  <testcase name="basicDetails" time="162.749" classname="com.IGM_Kolkata_2_May23.tc.TC004_IGMBasicDetails"/>
  <testcase name="basicDetails" time="162.470" classname="com.IGM_Kolkata_2_May23.tc.TC004_IGMBasicDetails"/>
  <testcase name="basicDetails" time="162.737" classname="com.IGM_Kolkata_2_May23.tc.TC004_IGMBasicDetails"/>
  <testcase name="basicDetails" time="165.878" classname="com.IGM_Kolkata_2_May23.tc.TC004_IGMBasicDetails"/>
  <testcase name="basicDetails" time="190.173" classname="com.IGM_Kolkata_2_May23.tc.TC004_IGMBasicDetails"/>
  <testcase name="basicDetails" time="162.524" classname="com.IGM_Kolkata_2_May23.tc.TC004_IGMBasicDetails"/>
  <testcase name="basicDetails" time="161.879" classname="com.IGM_Kolkata_2_May23.tc.TC004_IGMBasicDetails"/>
  <testcase name="basicDetails" time="165.687" classname="com.IGM_Kolkata_2_May23.tc.TC004_IGMBasicDetails"/>
  <testcase name="basicDetails" time="162.663" classname="com.IGM_Kolkata_2_May23.tc.TC004_IGMBasicDetails"/>
</testsuite> <!-- com.IGM_Kolkata_2_May23.tc.TC004_IGMBasicDetails -->
