<?xml version="1.0" encoding="UTF-8"?>
<!-- Generated by org.testng.reporters.JUnitReportReporter -->
<testsuite skipped="0" hostname="MAA014482B" name="com.NBRD.tc.TC002_NABARDBasicDetails" tests="104" failures="0" timestamp="2022-07-07T13:50:15 IST" time="13258.277" errors="0">
  <testcase name="basicDetails" time="125.853" classname="com.NBRD.tc.TC002_NABARDBasicDetails"/>
  <testcase name="basicDetails" time="129.173" classname="com.NBRD.tc.TC002_NABARDBasicDetails"/>
  <testcase name="basicDetails" time="125.828" classname="com.NBRD.tc.TC002_NABARDBasicDetails"/>
  <testcase name="basicDetails" time="125.620" classname="com.NBRD.tc.TC002_NABARDBasicDetails"/>
  <testcase name="basicDetails" time="129.945" classname="com.NBRD.tc.TC002_NABARDBasicDetails"/>
  <testcase name="basicDetails" time="125.644" classname="com.NBRD.tc.TC002_NABARDBasicDetails"/>
  <testcase name="basicDetails" time="128.600" classname="com.NBRD.tc.TC002_NABARDBasicDetails"/>
  <testcase name="basicDetails" time="128.875" classname="com.NBRD.tc.TC002_NABARDBasicDetails"/>
  <testcase name="basicDetails" time="129.155" classname="com.NBRD.tc.TC002_NABARDBasicDetails"/>
  <testcase name="basicDetails" time="125.614" classname="com.NBRD.tc.TC002_NABARDBasicDetails"/>
  <testcase name="basicDetails" time="128.976" classname="com.NBRD.tc.TC002_NABARDBasicDetails"/>
  <testcase name="basicDetails" time="129.043" classname="com.NBRD.tc.TC002_NABARDBasicDetails"/>
  <testcase name="basicDetails" time="129.372" classname="com.NBRD.tc.TC002_NABARDBasicDetails"/>
  <testcase name="basicDetails" time="125.849" classname="com.NBRD.tc.TC002_NABARDBasicDetails"/>
  <testcase name="basicDetails" time="129.405" classname="com.NBRD.tc.TC002_NABARDBasicDetails"/>
  <testcase name="basicDetails" time="129.423" classname="com.NBRD.tc.TC002_NABARDBasicDetails"/>
  <testcase name="basicDetails" time="129.398" classname="com.NBRD.tc.TC002_NABARDBasicDetails"/>
  <testcase name="basicDetails" time="126.118" classname="com.NBRD.tc.TC002_NABARDBasicDetails"/>
  <testcase name="basicDetails" time="128.816" classname="com.NBRD.tc.TC002_NABARDBasicDetails"/>
  <testcase name="basicDetails" time="124.928" classname="com.NBRD.tc.TC002_NABARDBasicDetails"/>
  <testcase name="basicDetails" time="125.995" classname="com.NBRD.tc.TC002_NABARDBasicDetails"/>
  <testcase name="basicDetails" time="125.510" classname="com.NBRD.tc.TC002_NABARDBasicDetails"/>
  <testcase name="basicDetails" time="129.412" classname="com.NBRD.tc.TC002_NABARDBasicDetails"/>
  <testcase name="basicDetails" time="129.197" classname="com.NBRD.tc.TC002_NABARDBasicDetails"/>
  <testcase name="basicDetails" time="125.635" classname="com.NBRD.tc.TC002_NABARDBasicDetails"/>
  <testcase name="basicDetails" time="125.864" classname="com.NBRD.tc.TC002_NABARDBasicDetails"/>
  <testcase name="basicDetails" time="128.695" classname="com.NBRD.tc.TC002_NABARDBasicDetails"/>
  <testcase name="basicDetails" time="128.865" classname="com.NBRD.tc.TC002_NABARDBasicDetails"/>
  <testcase name="basicDetails" time="129.258" classname="com.NBRD.tc.TC002_NABARDBasicDetails"/>
  <testcase name="basicDetails" time="126.016" classname="com.NBRD.tc.TC002_NABARDBasicDetails"/>
  <testcase name="basicDetails" time="126.049" classname="com.NBRD.tc.TC002_NABARDBasicDetails"/>
  <testcase name="basicDetails" time="125.480" classname="com.NBRD.tc.TC002_NABARDBasicDetails"/>
  <testcase name="basicDetails" time="125.799" classname="com.NBRD.tc.TC002_NABARDBasicDetails"/>
  <testcase name="basicDetails" time="129.240" classname="com.NBRD.tc.TC002_NABARDBasicDetails"/>
  <testcase name="basicDetails" time="129.259" classname="com.NBRD.tc.TC002_NABARDBasicDetails"/>
  <testcase name="basicDetails" time="129.274" classname="com.NBRD.tc.TC002_NABARDBasicDetails"/>
  <testcase name="basicDetails" time="126.113" classname="com.NBRD.tc.TC002_NABARDBasicDetails"/>
  <testcase name="basicDetails" time="129.293" classname="com.NBRD.tc.TC002_NABARDBasicDetails"/>
  <testcase name="basicDetails" time="129.009" classname="com.NBRD.tc.TC002_NABARDBasicDetails"/>
  <testcase name="basicDetails" time="126.549" classname="com.NBRD.tc.TC002_NABARDBasicDetails"/>
  <testcase name="basicDetails" time="129.315" classname="com.NBRD.tc.TC002_NABARDBasicDetails"/>
  <testcase name="basicDetails" time="128.757" classname="com.NBRD.tc.TC002_NABARDBasicDetails"/>
  <testcase name="basicDetails" time="126.100" classname="com.NBRD.tc.TC002_NABARDBasicDetails"/>
  <testcase name="basicDetails" time="125.721" classname="com.NBRD.tc.TC002_NABARDBasicDetails"/>
  <testcase name="basicDetails" time="125.897" classname="com.NBRD.tc.TC002_NABARDBasicDetails"/>
  <testcase name="basicDetails" time="129.229" classname="com.NBRD.tc.TC002_NABARDBasicDetails"/>
  <testcase name="basicDetails" time="126.065" classname="com.NBRD.tc.TC002_NABARDBasicDetails"/>
  <testcase name="basicDetails" time="129.447" classname="com.NBRD.tc.TC002_NABARDBasicDetails"/>
  <testcase name="basicDetails" time="126.071" classname="com.NBRD.tc.TC002_NABARDBasicDetails"/>
  <testcase name="basicDetails" time="129.247" classname="com.NBRD.tc.TC002_NABARDBasicDetails"/>
  <testcase name="basicDetails" time="125.287" classname="com.NBRD.tc.TC002_NABARDBasicDetails"/>
  <testcase name="basicDetails" time="125.743" classname="com.NBRD.tc.TC002_NABARDBasicDetails"/>
  <testcase name="basicDetails" time="125.437" classname="com.NBRD.tc.TC002_NABARDBasicDetails"/>
  <testcase name="basicDetails" time="125.841" classname="com.NBRD.tc.TC002_NABARDBasicDetails"/>
  <testcase name="basicDetails" time="129.384" classname="com.NBRD.tc.TC002_NABARDBasicDetails"/>
  <testcase name="basicDetails" time="129.141" classname="com.NBRD.tc.TC002_NABARDBasicDetails"/>
  <testcase name="basicDetails" time="129.308" classname="com.NBRD.tc.TC002_NABARDBasicDetails"/>
  <testcase name="basicDetails" time="129.323" classname="com.NBRD.tc.TC002_NABARDBasicDetails"/>
  <testcase name="basicDetails" time="129.496" classname="com.NBRD.tc.TC002_NABARDBasicDetails"/>
  <testcase name="basicDetails" time="125.964" classname="com.NBRD.tc.TC002_NABARDBasicDetails"/>
  <testcase name="basicDetails" time="129.024" classname="com.NBRD.tc.TC002_NABARDBasicDetails"/>
  <testcase name="basicDetails" time="125.714" classname="com.NBRD.tc.TC002_NABARDBasicDetails"/>
  <testcase name="basicDetails" time="125.954" classname="com.NBRD.tc.TC002_NABARDBasicDetails"/>
  <testcase name="basicDetails" time="126.038" classname="com.NBRD.tc.TC002_NABARDBasicDetails"/>
  <testcase name="basicDetails" time="129.036" classname="com.NBRD.tc.TC002_NABARDBasicDetails"/>
  <testcase name="basicDetails" time="126.285" classname="com.NBRD.tc.TC002_NABARDBasicDetails"/>
  <testcase name="basicDetails" time="129.046" classname="com.NBRD.tc.TC002_NABARDBasicDetails"/>
  <testcase name="basicDetails" time="125.800" classname="com.NBRD.tc.TC002_NABARDBasicDetails"/>
  <testcase name="basicDetails" time="129.357" classname="com.NBRD.tc.TC002_NABARDBasicDetails"/>
  <testcase name="basicDetails" time="129.040" classname="com.NBRD.tc.TC002_NABARDBasicDetails"/>
  <testcase name="basicDetails" time="126.405" classname="com.NBRD.tc.TC002_NABARDBasicDetails"/>
  <testcase name="basicDetails" time="125.662" classname="com.NBRD.tc.TC002_NABARDBasicDetails"/>
  <testcase name="basicDetails" time="125.811" classname="com.NBRD.tc.TC002_NABARDBasicDetails"/>
  <testcase name="basicDetails" time="126.066" classname="com.NBRD.tc.TC002_NABARDBasicDetails"/>
  <testcase name="basicDetails" time="125.585" classname="com.NBRD.tc.TC002_NABARDBasicDetails"/>
  <testcase name="basicDetails" time="126.115" classname="com.NBRD.tc.TC002_NABARDBasicDetails"/>
  <testcase name="basicDetails" time="125.519" classname="com.NBRD.tc.TC002_NABARDBasicDetails"/>
  <testcase name="basicDetails" time="129.279" classname="com.NBRD.tc.TC002_NABARDBasicDetails"/>
  <testcase name="basicDetails" time="125.932" classname="com.NBRD.tc.TC002_NABARDBasicDetails"/>
  <testcase name="basicDetails" time="126.562" classname="com.NBRD.tc.TC002_NABARDBasicDetails"/>
  <testcase name="basicDetails" time="129.486" classname="com.NBRD.tc.TC002_NABARDBasicDetails"/>
  <testcase name="basicDetails" time="129.063" classname="com.NBRD.tc.TC002_NABARDBasicDetails"/>
  <testcase name="basicDetails" time="125.716" classname="com.NBRD.tc.TC002_NABARDBasicDetails"/>
  <testcase name="basicDetails" time="125.767" classname="com.NBRD.tc.TC002_NABARDBasicDetails"/>
  <testcase name="basicDetails" time="129.554" classname="com.NBRD.tc.TC002_NABARDBasicDetails"/>
  <testcase name="basicDetails" time="125.488" classname="com.NBRD.tc.TC002_NABARDBasicDetails"/>
  <testcase name="basicDetails" time="129.087" classname="com.NBRD.tc.TC002_NABARDBasicDetails"/>
  <testcase name="basicDetails" time="126.563" classname="com.NBRD.tc.TC002_NABARDBasicDetails"/>
  <testcase name="basicDetails" time="129.296" classname="com.NBRD.tc.TC002_NABARDBasicDetails"/>
  <testcase name="basicDetails" time="126.381" classname="com.NBRD.tc.TC002_NABARDBasicDetails"/>
  <testcase name="basicDetails" time="129.253" classname="com.NBRD.tc.TC002_NABARDBasicDetails"/>
  <testcase name="basicDetails" time="125.993" classname="com.NBRD.tc.TC002_NABARDBasicDetails"/>
  <testcase name="basicDetails" time="126.144" classname="com.NBRD.tc.TC002_NABARDBasicDetails"/>
  <testcase name="basicDetails" time="129.731" classname="com.NBRD.tc.TC002_NABARDBasicDetails"/>
  <testcase name="basicDetails" time="126.089" classname="com.NBRD.tc.TC002_NABARDBasicDetails"/>
  <testcase name="basicDetails" time="129.364" classname="com.NBRD.tc.TC002_NABARDBasicDetails"/>
  <testcase name="basicDetails" time="125.602" classname="com.NBRD.tc.TC002_NABARDBasicDetails"/>
  <testcase name="basicDetails" time="129.498" classname="com.NBRD.tc.TC002_NABARDBasicDetails"/>
  <testcase name="basicDetails" time="128.676" classname="com.NBRD.tc.TC002_NABARDBasicDetails"/>
  <testcase name="basicDetails" time="125.605" classname="com.NBRD.tc.TC002_NABARDBasicDetails"/>
  <testcase name="basicDetails" time="128.812" classname="com.NBRD.tc.TC002_NABARDBasicDetails"/>
  <testcase name="basicDetails" time="129.211" classname="com.NBRD.tc.TC002_NABARDBasicDetails"/>
  <testcase name="basicDetails" time="126.095" classname="com.NBRD.tc.TC002_NABARDBasicDetails"/>
  <testcase name="basicDetails" time="126.653" classname="com.NBRD.tc.TC002_NABARDBasicDetails"/>
</testsuite> <!-- com.NBRD.tc.TC002_NABARDBasicDetails -->
