<?xml version="1.0" encoding="UTF-8"?>
<!-- Generated by org.testng.reporters.JUnitReportReporter -->
<testsuite skipped="0" hostname="MAA014482B" name="com.RCF.tc.TC001_RCFBasicDetails" tests="21" failures="0" timestamp="2022-12-20T17:38:06 IST" time="3314.184" errors="0">
  <testcase name="basicDetails" time="157.367" classname="com.RCF.tc.TC001_RCFBasicDetails"/>
  <testcase name="basicDetails" time="157.724" classname="com.RCF.tc.TC001_RCFBasicDetails"/>
  <testcase name="basicDetails" time="161.470" classname="com.RCF.tc.TC001_RCFBasicDetails"/>
  <testcase name="basicDetails" time="157.414" classname="com.RCF.tc.TC001_RCFBasicDetails"/>
  <testcase name="basicDetails" time="158.105" classname="com.RCF.tc.TC001_RCFBasicDetails"/>
  <testcase name="basicDetails" time="157.218" classname="com.RCF.tc.TC001_RCFBasicDetails"/>
  <testcase name="basicDetails" time="157.816" classname="com.RCF.tc.TC001_RCFBasicDetails"/>
  <testcase name="basicDetails" time="157.423" classname="com.RCF.tc.TC001_RCFBasicDetails"/>
  <testcase name="basicDetails" time="157.582" classname="com.RCF.tc.TC001_RCFBasicDetails"/>
  <testcase name="basicDetails" time="157.539" classname="com.RCF.tc.TC001_RCFBasicDetails"/>
  <testcase name="basicDetails" time="157.746" classname="com.RCF.tc.TC001_RCFBasicDetails"/>
  <testcase name="basicDetails" time="157.531" classname="com.RCF.tc.TC001_RCFBasicDetails"/>
  <testcase name="basicDetails" time="157.553" classname="com.RCF.tc.TC001_RCFBasicDetails"/>
  <testcase name="basicDetails" time="157.603" classname="com.RCF.tc.TC001_RCFBasicDetails"/>
  <testcase name="basicDetails" time="157.897" classname="com.RCF.tc.TC001_RCFBasicDetails"/>
  <testcase name="basicDetails" time="157.521" classname="com.RCF.tc.TC001_RCFBasicDetails"/>
  <testcase name="basicDetails" time="157.571" classname="com.RCF.tc.TC001_RCFBasicDetails"/>
  <testcase name="basicDetails" time="157.890" classname="com.RCF.tc.TC001_RCFBasicDetails"/>
  <testcase name="basicDetails" time="157.902" classname="com.RCF.tc.TC001_RCFBasicDetails"/>
  <testcase name="basicDetails" time="157.776" classname="com.RCF.tc.TC001_RCFBasicDetails"/>
  <testcase name="basicDetails" time="157.536" classname="com.RCF.tc.TC001_RCFBasicDetails"/>
</testsuite> <!-- com.RCF.tc.TC001_RCFBasicDetails -->
