<?xml version="1.0" encoding="UTF-8"?>
<!-- Generated by org.testng.reporters.JUnitReportReporter -->
<testsuite skipped="0" hostname="MAA014482B" name="com.PNB_May23.tc.TC001_PNBBasicDetails" tests="44" failures="0" timestamp="2023-05-16T14:41:00 IST" time="7163.601" errors="0">
  <testcase name="basicDetails" time="161.881" classname="com.PNB_May23.tc.TC001_PNBBasicDetails"/>
  <testcase name="basicDetails" time="161.972" classname="com.PNB_May23.tc.TC001_PNBBasicDetails"/>
  <testcase name="basicDetails" time="161.648" classname="com.PNB_May23.tc.TC001_PNBBasicDetails"/>
  <testcase name="basicDetails" time="163.710" classname="com.PNB_May23.tc.TC001_PNBBasicDetails"/>
  <testcase name="basicDetails" time="161.663" classname="com.PNB_May23.tc.TC001_PNBBasicDetails"/>
  <testcase name="basicDetails" time="163.316" classname="com.PNB_May23.tc.TC001_PNBBasicDetails"/>
  <testcase name="basicDetails" time="161.891" classname="com.PNB_May23.tc.TC001_PNBBasicDetails"/>
  <testcase name="basicDetails" time="163.810" classname="com.PNB_May23.tc.TC001_PNBBasicDetails"/>
  <testcase name="basicDetails" time="164.889" classname="com.PNB_May23.tc.TC001_PNBBasicDetails"/>
  <testcase name="basicDetails" time="162.042" classname="com.PNB_May23.tc.TC001_PNBBasicDetails"/>
  <testcase name="basicDetails" time="161.809" classname="com.PNB_May23.tc.TC001_PNBBasicDetails"/>
  <testcase name="basicDetails" time="161.753" classname="com.PNB_May23.tc.TC001_PNBBasicDetails"/>
  <testcase name="basicDetails" time="163.067" classname="com.PNB_May23.tc.TC001_PNBBasicDetails"/>
  <testcase name="basicDetails" time="163.317" classname="com.PNB_May23.tc.TC001_PNBBasicDetails"/>
  <testcase name="basicDetails" time="163.322" classname="com.PNB_May23.tc.TC001_PNBBasicDetails"/>
  <testcase name="basicDetails" time="163.379" classname="com.PNB_May23.tc.TC001_PNBBasicDetails"/>
  <testcase name="basicDetails" time="161.987" classname="com.PNB_May23.tc.TC001_PNBBasicDetails"/>
  <testcase name="basicDetails" time="161.746" classname="com.PNB_May23.tc.TC001_PNBBasicDetails"/>
  <testcase name="basicDetails" time="161.445" classname="com.PNB_May23.tc.TC001_PNBBasicDetails"/>
  <testcase name="basicDetails" time="162.949" classname="com.PNB_May23.tc.TC001_PNBBasicDetails"/>
  <testcase name="basicDetails" time="164.348" classname="com.PNB_May23.tc.TC001_PNBBasicDetails"/>
  <testcase name="basicDetails" time="161.984" classname="com.PNB_May23.tc.TC001_PNBBasicDetails"/>
  <testcase name="basicDetails" time="161.926" classname="com.PNB_May23.tc.TC001_PNBBasicDetails"/>
  <testcase name="basicDetails" time="162.013" classname="com.PNB_May23.tc.TC001_PNBBasicDetails"/>
  <testcase name="basicDetails" time="161.946" classname="com.PNB_May23.tc.TC001_PNBBasicDetails"/>
  <testcase name="basicDetails" time="162.116" classname="com.PNB_May23.tc.TC001_PNBBasicDetails"/>
  <testcase name="basicDetails" time="170.933" classname="com.PNB_May23.tc.TC001_PNBBasicDetails"/>
  <testcase name="basicDetails" time="161.735" classname="com.PNB_May23.tc.TC001_PNBBasicDetails"/>
  <testcase name="basicDetails" time="162.114" classname="com.PNB_May23.tc.TC001_PNBBasicDetails"/>
  <testcase name="basicDetails" time="163.240" classname="com.PNB_May23.tc.TC001_PNBBasicDetails"/>
  <testcase name="basicDetails" time="162.120" classname="com.PNB_May23.tc.TC001_PNBBasicDetails"/>
  <testcase name="basicDetails" time="162.026" classname="com.PNB_May23.tc.TC001_PNBBasicDetails"/>
  <testcase name="basicDetails" time="163.000" classname="com.PNB_May23.tc.TC001_PNBBasicDetails"/>
  <testcase name="basicDetails" time="163.561" classname="com.PNB_May23.tc.TC001_PNBBasicDetails"/>
  <testcase name="basicDetails" time="163.204" classname="com.PNB_May23.tc.TC001_PNBBasicDetails"/>
  <testcase name="basicDetails" time="161.829" classname="com.PNB_May23.tc.TC001_PNBBasicDetails"/>
  <testcase name="basicDetails" time="163.459" classname="com.PNB_May23.tc.TC001_PNBBasicDetails"/>
  <testcase name="basicDetails" time="163.448" classname="com.PNB_May23.tc.TC001_PNBBasicDetails"/>
  <testcase name="basicDetails" time="161.764" classname="com.PNB_May23.tc.TC001_PNBBasicDetails"/>
  <testcase name="basicDetails" time="163.120" classname="com.PNB_May23.tc.TC001_PNBBasicDetails"/>
  <testcase name="basicDetails" time="163.447" classname="com.PNB_May23.tc.TC001_PNBBasicDetails"/>
  <testcase name="basicDetails" time="163.220" classname="com.PNB_May23.tc.TC001_PNBBasicDetails"/>
  <testcase name="basicDetails" time="162.072" classname="com.PNB_May23.tc.TC001_PNBBasicDetails"/>
  <testcase name="basicDetails" time="163.380" classname="com.PNB_May23.tc.TC001_PNBBasicDetails"/>
</testsuite> <!-- com.PNB_May23.tc.TC001_PNBBasicDetails -->
