<?xml version="1.0" encoding="UTF-8"?>
<!-- Generated by org.testng.reporters.JUnitReportReporter -->
<testsuite skipped="0" hostname="MAA015435A" name="com.rbi.tc.TC002_RBIBasicDetails" tests="61" failures="0" timestamp="07 Dec 2019 12:40:53 GMT" time="5894.488" errors="1">
  <testcase name="basicDetails" time="96.234" classname="com.rbi.tc.TC002_RBIBasicDetails"/>
  <testcase name="basicDetails" time="96.546" classname="com.rbi.tc.TC002_RBIBasicDetails"/>
  <testcase name="basicDetails" time="98.189" classname="com.rbi.tc.TC002_RBIBasicDetails"/>
  <testcase name="basicDetails" time="97.616" classname="com.rbi.tc.TC002_RBIBasicDetails"/>
  <testcase name="basicDetails" time="105.910" classname="com.rbi.tc.TC002_RBIBasicDetails"/>
  <testcase name="basicDetails" time="95.325" classname="com.rbi.tc.TC002_RBIBasicDetails"/>
  <testcase name="basicDetails" time="99.138" classname="com.rbi.tc.TC002_RBIBasicDetails"/>
  <testcase name="basicDetails" time="96.368" classname="com.rbi.tc.TC002_RBIBasicDetails"/>
  <testcase name="basicDetails" time="98.748" classname="com.rbi.tc.TC002_RBIBasicDetails"/>
  <testcase name="basicDetails" time="99.190" classname="com.rbi.tc.TC002_RBIBasicDetails"/>
  <testcase name="basicDetails" time="100.613" classname="com.rbi.tc.TC002_RBIBasicDetails"/>
  <testcase name="basicDetails" time="99.659" classname="com.rbi.tc.TC002_RBIBasicDetails"/>
  <testcase name="basicDetails" time="99.943" classname="com.rbi.tc.TC002_RBIBasicDetails"/>
  <testcase name="basicDetails" time="96.057" classname="com.rbi.tc.TC002_RBIBasicDetails"/>
  <testcase name="basicDetails" time="98.099" classname="com.rbi.tc.TC002_RBIBasicDetails"/>
  <testcase name="basicDetails" time="96.589" classname="com.rbi.tc.TC002_RBIBasicDetails"/>
  <testcase name="basicDetails" time="98.394" classname="com.rbi.tc.TC002_RBIBasicDetails"/>
  <testcase name="basicDetails" time="97.871" classname="com.rbi.tc.TC002_RBIBasicDetails"/>
  <testcase name="basicDetails" time="99.876" classname="com.rbi.tc.TC002_RBIBasicDetails"/>
  <testcase name="basicDetails" time="97.556" classname="com.rbi.tc.TC002_RBIBasicDetails"/>
  <testcase name="basicDetails" time="99.312" classname="com.rbi.tc.TC002_RBIBasicDetails"/>
  <testcase name="basicDetails" time="99.041" classname="com.rbi.tc.TC002_RBIBasicDetails"/>
  <testcase name="basicDetails" time="97.788" classname="com.rbi.tc.TC002_RBIBasicDetails"/>
  <testcase name="basicDetails" time="95.971" classname="com.rbi.tc.TC002_RBIBasicDetails"/>
  <testcase name="basicDetails" time="97.552" classname="com.rbi.tc.TC002_RBIBasicDetails"/>
  <testcase name="basicDetails" time="96.066" classname="com.rbi.tc.TC002_RBIBasicDetails"/>
  <testcase name="basicDetails" time="99.739" classname="com.rbi.tc.TC002_RBIBasicDetails"/>
  <testcase name="basicDetails" time="97.633" classname="com.rbi.tc.TC002_RBIBasicDetails"/>
  <testcase name="basicDetails" time="96.621" classname="com.rbi.tc.TC002_RBIBasicDetails"/>
  <testcase name="basicDetails" time="95.650" classname="com.rbi.tc.TC002_RBIBasicDetails"/>
  <testcase name="basicDetails" time="99.827" classname="com.rbi.tc.TC002_RBIBasicDetails"/>
  <testcase name="basicDetails" time="95.810" classname="com.rbi.tc.TC002_RBIBasicDetails"/>
  <testcase name="basicDetails" time="94.451" classname="com.rbi.tc.TC002_RBIBasicDetails"/>
  <testcase name="basicDetails" time="97.886" classname="com.rbi.tc.TC002_RBIBasicDetails"/>
  <testcase name="basicDetails" time="95.979" classname="com.rbi.tc.TC002_RBIBasicDetails"/>
  <testcase name="basicDetails" time="96.279" classname="com.rbi.tc.TC002_RBIBasicDetails"/>
  <testcase name="basicDetails" time="94.485" classname="com.rbi.tc.TC002_RBIBasicDetails"/>
  <testcase name="basicDetails" time="98.293" classname="com.rbi.tc.TC002_RBIBasicDetails"/>
  <testcase name="basicDetails" time="26.964" classname="com.rbi.tc.TC002_RBIBasicDetails">
    <error type="java.lang.NullPointerException">
      <![CDATA[java.lang.NullPointerException
at com.aventstack.extentreports.ExtentTest.log(ExtentTest.java:303)
at com.aventstack.extentreports.ExtentTest.pass(ExtentTest.java:524)
at lib.utils.HTMLReporter.reportStep(HTMLReporter.java:61)
at lib.utils.HTMLReporter.reportStep(HTMLReporter.java:73)
at lib.selenium.WebDriverServiceImpl.fromtodatespliter(WebDriverServiceImpl.java:722)
at lib.selenium.WebDriverServiceImpl.agevalidator_max(WebDriverServiceImpl.java:791)
at com.ibps.pages.PersonalDetailsPage.ageValidatorMax(PersonalDetailsPage.java:260)
at com.rbi.tc.TC002_RBIBasicDetails.basicDetails(TC002_RBIBasicDetails.java:81)
at sun.reflect.NativeMethodAccessorImpl.invoke0(Native Method)
at sun.reflect.NativeMethodAccessorImpl.invoke(Unknown Source)
at sun.reflect.DelegatingMethodAccessorImpl.invoke(Unknown Source)
at java.lang.reflect.Method.invoke(Unknown Source)
at org.testng.internal.MethodInvocationHelper.invokeMethod(MethodInvocationHelper.java:124)
at org.testng.internal.Invoker.invokeMethod(Invoker.java:583)
at org.testng.internal.Invoker.invokeTestMethod(Invoker.java:719)
at org.testng.internal.Invoker.invokeTestMethods(Invoker.java:989)
at org.testng.internal.TestMethodWorker.invokeTestMethods(TestMethodWorker.java:125)
at org.testng.internal.TestMethodWorker.run(TestMethodWorker.java:109)
at java.util.concurrent.ThreadPoolExecutor.runWorker(Unknown Source)
at java.util.concurrent.ThreadPoolExecutor$Worker.run(Unknown Source)
at java.lang.Thread.run(Unknown Source)
]]>
    </error>
  </testcase> <!-- basicDetails -->
  <testcase name="basicDetails" time="97.480" classname="com.rbi.tc.TC002_RBIBasicDetails"/>
  <testcase name="basicDetails" time="97.011" classname="com.rbi.tc.TC002_RBIBasicDetails"/>
  <testcase name="basicDetails" time="99.141" classname="com.rbi.tc.TC002_RBIBasicDetails"/>
  <testcase name="basicDetails" time="99.806" classname="com.rbi.tc.TC002_RBIBasicDetails"/>
  <testcase name="basicDetails" time="96.509" classname="com.rbi.tc.TC002_RBIBasicDetails"/>
  <testcase name="basicDetails" time="98.963" classname="com.rbi.tc.TC002_RBIBasicDetails"/>
  <testcase name="basicDetails" time="101.823" classname="com.rbi.tc.TC002_RBIBasicDetails"/>
  <testcase name="basicDetails" time="95.378" classname="com.rbi.tc.TC002_RBIBasicDetails"/>
  <testcase name="basicDetails" time="100.841" classname="com.rbi.tc.TC002_RBIBasicDetails"/>
  <testcase name="basicDetails" time="95.651" classname="com.rbi.tc.TC002_RBIBasicDetails"/>
  <testcase name="basicDetails" time="96.105" classname="com.rbi.tc.TC002_RBIBasicDetails"/>
  <testcase name="basicDetails" time="97.545" classname="com.rbi.tc.TC002_RBIBasicDetails"/>
  <testcase name="basicDetails" time="99.210" classname="com.rbi.tc.TC002_RBIBasicDetails"/>
  <testcase name="basicDetails" time="97.661" classname="com.rbi.tc.TC002_RBIBasicDetails"/>
  <testcase name="basicDetails" time="98.875" classname="com.rbi.tc.TC002_RBIBasicDetails"/>
  <testcase name="basicDetails" time="96.256" classname="com.rbi.tc.TC002_RBIBasicDetails"/>
  <testcase name="basicDetails" time="98.889" classname="com.rbi.tc.TC002_RBIBasicDetails"/>
  <testcase name="basicDetails" time="94.666" classname="com.rbi.tc.TC002_RBIBasicDetails"/>
  <testcase name="basicDetails" time="101.234" classname="com.rbi.tc.TC002_RBIBasicDetails"/>
  <testcase name="basicDetails" time="97.060" classname="com.rbi.tc.TC002_RBIBasicDetails"/>
  <testcase name="basicDetails" time="96.265" classname="com.rbi.tc.TC002_RBIBasicDetails"/>
  <testcase name="basicDetails" time="94.851" classname="com.rbi.tc.TC002_RBIBasicDetails"/>
</testsuite> <!-- com.rbi.tc.TC002_RBIBasicDetails -->
