<?xml version="1.0" encoding="UTF-8"?>
<!-- Generated by org.testng.reporters.JUnitReportReporter -->
<testsuite skipped="0" hostname="MAA014482B" name="com.DRDO.tc.TC003_DRDOBasicDetails" tests="40" failures="0" timestamp="2022-08-19T23:09:19 IST" time="6978.966" errors="0">
  <testcase name="basicDetails" time="177.414" classname="com.DRDO.tc.TC003_DRDOBasicDetails"/>
  <testcase name="basicDetails" time="172.096" classname="com.DRDO.tc.TC003_DRDOBasicDetails"/>
  <testcase name="basicDetails" time="176.057" classname="com.DRDO.tc.TC003_DRDOBasicDetails"/>
  <testcase name="basicDetails" time="176.134" classname="com.DRDO.tc.TC003_DRDOBasicDetails"/>
  <testcase name="basicDetails" time="174.706" classname="com.DRDO.tc.TC003_DRDOBasicDetails"/>
  <testcase name="basicDetails" time="179.028" classname="com.DRDO.tc.TC003_DRDOBasicDetails"/>
  <testcase name="basicDetails" time="172.725" classname="com.DRDO.tc.TC003_DRDOBasicDetails"/>
  <testcase name="basicDetails" time="171.305" classname="com.DRDO.tc.TC003_DRDOBasicDetails"/>
  <testcase name="basicDetails" time="175.087" classname="com.DRDO.tc.TC003_DRDOBasicDetails"/>
  <testcase name="basicDetails" time="171.630" classname="com.DRDO.tc.TC003_DRDOBasicDetails"/>
  <testcase name="basicDetails" time="171.929" classname="com.DRDO.tc.TC003_DRDOBasicDetails"/>
  <testcase name="basicDetails" time="172.062" classname="com.DRDO.tc.TC003_DRDOBasicDetails"/>
  <testcase name="basicDetails" time="174.752" classname="com.DRDO.tc.TC003_DRDOBasicDetails"/>
  <testcase name="basicDetails" time="174.015" classname="com.DRDO.tc.TC003_DRDOBasicDetails"/>
  <testcase name="basicDetails" time="176.392" classname="com.DRDO.tc.TC003_DRDOBasicDetails"/>
  <testcase name="basicDetails" time="172.257" classname="com.DRDO.tc.TC003_DRDOBasicDetails"/>
  <testcase name="basicDetails" time="172.258" classname="com.DRDO.tc.TC003_DRDOBasicDetails"/>
  <testcase name="basicDetails" time="174.567" classname="com.DRDO.tc.TC003_DRDOBasicDetails"/>
  <testcase name="basicDetails" time="174.723" classname="com.DRDO.tc.TC003_DRDOBasicDetails"/>
  <testcase name="basicDetails" time="174.287" classname="com.DRDO.tc.TC003_DRDOBasicDetails"/>
  <testcase name="basicDetails" time="176.784" classname="com.DRDO.tc.TC003_DRDOBasicDetails"/>
  <testcase name="basicDetails" time="176.408" classname="com.DRDO.tc.TC003_DRDOBasicDetails"/>
  <testcase name="basicDetails" time="171.777" classname="com.DRDO.tc.TC003_DRDOBasicDetails"/>
  <testcase name="basicDetails" time="177.713" classname="com.DRDO.tc.TC003_DRDOBasicDetails"/>
  <testcase name="basicDetails" time="171.711" classname="com.DRDO.tc.TC003_DRDOBasicDetails"/>
  <testcase name="basicDetails" time="173.945" classname="com.DRDO.tc.TC003_DRDOBasicDetails"/>
  <testcase name="basicDetails" time="174.477" classname="com.DRDO.tc.TC003_DRDOBasicDetails"/>
  <testcase name="basicDetails" time="172.115" classname="com.DRDO.tc.TC003_DRDOBasicDetails"/>
  <testcase name="basicDetails" time="176.399" classname="com.DRDO.tc.TC003_DRDOBasicDetails"/>
  <testcase name="basicDetails" time="174.243" classname="com.DRDO.tc.TC003_DRDOBasicDetails"/>
  <testcase name="basicDetails" time="176.402" classname="com.DRDO.tc.TC003_DRDOBasicDetails"/>
  <testcase name="basicDetails" time="172.190" classname="com.DRDO.tc.TC003_DRDOBasicDetails"/>
  <testcase name="basicDetails" time="176.460" classname="com.DRDO.tc.TC003_DRDOBasicDetails"/>
  <testcase name="basicDetails" time="172.268" classname="com.DRDO.tc.TC003_DRDOBasicDetails"/>
  <testcase name="basicDetails" time="174.703" classname="com.DRDO.tc.TC003_DRDOBasicDetails"/>
  <testcase name="basicDetails" time="173.960" classname="com.DRDO.tc.TC003_DRDOBasicDetails"/>
  <testcase name="basicDetails" time="172.011" classname="com.DRDO.tc.TC003_DRDOBasicDetails"/>
  <testcase name="basicDetails" time="177.139" classname="com.DRDO.tc.TC003_DRDOBasicDetails"/>
  <testcase name="basicDetails" time="178.861" classname="com.DRDO.tc.TC003_DRDOBasicDetails"/>
  <testcase name="basicDetails" time="175.976" classname="com.DRDO.tc.TC003_DRDOBasicDetails"/>
</testsuite> <!-- com.DRDO.tc.TC003_DRDOBasicDetails -->
