<?xml version="1.0" encoding="UTF-8"?>
<!-- Generated by org.testng.reporters.JUnitReportReporter -->
<testsuite skipped="0" hostname="MAA014482B" name="com.APSFC_March23.tc.TC003_APSFCBasicDetails" tests="36" failures="0" timestamp="2023-04-03T15:32:42 IST" time="5886.565" errors="0">
  <testcase name="basicDetails" time="163.464" classname="com.APSFC_March23.tc.TC003_APSFCBasicDetails"/>
  <testcase name="basicDetails" time="164.657" classname="com.APSFC_March23.tc.TC003_APSFCBasicDetails"/>
  <testcase name="basicDetails" time="164.181" classname="com.APSFC_March23.tc.TC003_APSFCBasicDetails"/>
  <testcase name="basicDetails" time="162.736" classname="com.APSFC_March23.tc.TC003_APSFCBasicDetails"/>
  <testcase name="basicDetails" time="164.529" classname="com.APSFC_March23.tc.TC003_APSFCBasicDetails"/>
  <testcase name="basicDetails" time="163.241" classname="com.APSFC_March23.tc.TC003_APSFCBasicDetails"/>
  <testcase name="basicDetails" time="164.393" classname="com.APSFC_March23.tc.TC003_APSFCBasicDetails"/>
  <testcase name="basicDetails" time="163.605" classname="com.APSFC_March23.tc.TC003_APSFCBasicDetails"/>
  <testcase name="basicDetails" time="164.830" classname="com.APSFC_March23.tc.TC003_APSFCBasicDetails"/>
  <testcase name="basicDetails" time="163.206" classname="com.APSFC_March23.tc.TC003_APSFCBasicDetails"/>
  <testcase name="basicDetails" time="162.422" classname="com.APSFC_March23.tc.TC003_APSFCBasicDetails"/>
  <testcase name="basicDetails" time="163.482" classname="com.APSFC_March23.tc.TC003_APSFCBasicDetails"/>
  <testcase name="basicDetails" time="162.490" classname="com.APSFC_March23.tc.TC003_APSFCBasicDetails"/>
  <testcase name="basicDetails" time="164.202" classname="com.APSFC_March23.tc.TC003_APSFCBasicDetails"/>
  <testcase name="basicDetails" time="164.591" classname="com.APSFC_March23.tc.TC003_APSFCBasicDetails"/>
  <testcase name="basicDetails" time="162.400" classname="com.APSFC_March23.tc.TC003_APSFCBasicDetails"/>
  <testcase name="basicDetails" time="161.934" classname="com.APSFC_March23.tc.TC003_APSFCBasicDetails"/>
  <testcase name="basicDetails" time="163.591" classname="com.APSFC_March23.tc.TC003_APSFCBasicDetails"/>
  <testcase name="basicDetails" time="163.093" classname="com.APSFC_March23.tc.TC003_APSFCBasicDetails"/>
  <testcase name="basicDetails" time="163.458" classname="com.APSFC_March23.tc.TC003_APSFCBasicDetails"/>
  <testcase name="basicDetails" time="163.899" classname="com.APSFC_March23.tc.TC003_APSFCBasicDetails"/>
  <testcase name="basicDetails" time="161.691" classname="com.APSFC_March23.tc.TC003_APSFCBasicDetails"/>
  <testcase name="basicDetails" time="164.296" classname="com.APSFC_March23.tc.TC003_APSFCBasicDetails"/>
  <testcase name="basicDetails" time="161.583" classname="com.APSFC_March23.tc.TC003_APSFCBasicDetails"/>
  <testcase name="basicDetails" time="161.895" classname="com.APSFC_March23.tc.TC003_APSFCBasicDetails"/>
  <testcase name="basicDetails" time="163.398" classname="com.APSFC_March23.tc.TC003_APSFCBasicDetails"/>
  <testcase name="basicDetails" time="163.062" classname="com.APSFC_March23.tc.TC003_APSFCBasicDetails"/>
  <testcase name="basicDetails" time="164.331" classname="com.APSFC_March23.tc.TC003_APSFCBasicDetails"/>
  <testcase name="basicDetails" time="163.481" classname="com.APSFC_March23.tc.TC003_APSFCBasicDetails"/>
  <testcase name="basicDetails" time="163.182" classname="com.APSFC_March23.tc.TC003_APSFCBasicDetails"/>
  <testcase name="basicDetails" time="163.400" classname="com.APSFC_March23.tc.TC003_APSFCBasicDetails"/>
  <testcase name="basicDetails" time="164.177" classname="com.APSFC_March23.tc.TC003_APSFCBasicDetails"/>
  <testcase name="basicDetails" time="163.682" classname="com.APSFC_March23.tc.TC003_APSFCBasicDetails"/>
  <testcase name="basicDetails" time="168.287" classname="com.APSFC_March23.tc.TC003_APSFCBasicDetails"/>
  <testcase name="basicDetails" time="162.343" classname="com.APSFC_March23.tc.TC003_APSFCBasicDetails"/>
  <testcase name="basicDetails" time="163.353" classname="com.APSFC_March23.tc.TC003_APSFCBasicDetails"/>
</testsuite> <!-- com.APSFC_March23.tc.TC003_APSFCBasicDetails -->
