<?xml version="1.0" encoding="UTF-8"?>
<!-- Generated by org.testng.reporters.JUnitReportReporter -->
<testsuite skipped="0" hostname="MAA014482B" name="com.DRDO.tc.TC001_DRDOBasicDetails" tests="35" failures="0" timestamp="2022-08-19T23:09:19 IST" time="6110.026" errors="0">
  <testcase name="basicDetails" time="171.926" classname="com.DRDO.tc.TC001_DRDOBasicDetails"/>
  <testcase name="basicDetails" time="174.226" classname="com.DRDO.tc.TC001_DRDOBasicDetails"/>
  <testcase name="basicDetails" time="171.927" classname="com.DRDO.tc.TC001_DRDOBasicDetails"/>
  <testcase name="basicDetails" time="171.954" classname="com.DRDO.tc.TC001_DRDOBasicDetails"/>
  <testcase name="basicDetails" time="171.800" classname="com.DRDO.tc.TC001_DRDOBasicDetails"/>
  <testcase name="basicDetails" time="178.635" classname="com.DRDO.tc.TC001_DRDOBasicDetails"/>
  <testcase name="basicDetails" time="176.088" classname="com.DRDO.tc.TC001_DRDOBasicDetails"/>
  <testcase name="basicDetails" time="174.187" classname="com.DRDO.tc.TC001_DRDOBasicDetails"/>
  <testcase name="basicDetails" time="170.939" classname="com.DRDO.tc.TC001_DRDOBasicDetails"/>
  <testcase name="basicDetails" time="172.310" classname="com.DRDO.tc.TC001_DRDOBasicDetails"/>
  <testcase name="basicDetails" time="177.617" classname="com.DRDO.tc.TC001_DRDOBasicDetails"/>
  <testcase name="basicDetails" time="178.987" classname="com.DRDO.tc.TC001_DRDOBasicDetails"/>
  <testcase name="basicDetails" time="171.700" classname="com.DRDO.tc.TC001_DRDOBasicDetails"/>
  <testcase name="basicDetails" time="172.181" classname="com.DRDO.tc.TC001_DRDOBasicDetails"/>
  <testcase name="basicDetails" time="172.190" classname="com.DRDO.tc.TC001_DRDOBasicDetails"/>
  <testcase name="basicDetails" time="176.116" classname="com.DRDO.tc.TC001_DRDOBasicDetails"/>
  <testcase name="basicDetails" time="176.688" classname="com.DRDO.tc.TC001_DRDOBasicDetails"/>
  <testcase name="basicDetails" time="174.550" classname="com.DRDO.tc.TC001_DRDOBasicDetails"/>
  <testcase name="basicDetails" time="173.941" classname="com.DRDO.tc.TC001_DRDOBasicDetails"/>
  <testcase name="basicDetails" time="172.290" classname="com.DRDO.tc.TC001_DRDOBasicDetails"/>
  <testcase name="basicDetails" time="172.388" classname="com.DRDO.tc.TC001_DRDOBasicDetails"/>
  <testcase name="basicDetails" time="174.090" classname="com.DRDO.tc.TC001_DRDOBasicDetails"/>
  <testcase name="basicDetails" time="176.362" classname="com.DRDO.tc.TC001_DRDOBasicDetails"/>
  <testcase name="basicDetails" time="174.072" classname="com.DRDO.tc.TC001_DRDOBasicDetails"/>
  <testcase name="basicDetails" time="178.418" classname="com.DRDO.tc.TC001_DRDOBasicDetails"/>
  <testcase name="basicDetails" time="176.042" classname="com.DRDO.tc.TC001_DRDOBasicDetails"/>
  <testcase name="basicDetails" time="177.461" classname="com.DRDO.tc.TC001_DRDOBasicDetails"/>
  <testcase name="basicDetails" time="176.207" classname="com.DRDO.tc.TC001_DRDOBasicDetails"/>
  <testcase name="basicDetails" time="173.862" classname="com.DRDO.tc.TC001_DRDOBasicDetails"/>
  <testcase name="basicDetails" time="177.596" classname="com.DRDO.tc.TC001_DRDOBasicDetails"/>
  <testcase name="basicDetails" time="174.270" classname="com.DRDO.tc.TC001_DRDOBasicDetails"/>
  <testcase name="basicDetails" time="175.850" classname="com.DRDO.tc.TC001_DRDOBasicDetails"/>
  <testcase name="basicDetails" time="176.360" classname="com.DRDO.tc.TC001_DRDOBasicDetails"/>
  <testcase name="basicDetails" time="173.446" classname="com.DRDO.tc.TC001_DRDOBasicDetails"/>
  <testcase name="basicDetails" time="173.350" classname="com.DRDO.tc.TC001_DRDOBasicDetails"/>
</testsuite> <!-- com.DRDO.tc.TC001_DRDOBasicDetails -->
