<?xml version="1.0" encoding="UTF-8"?>
<!-- Generated by org.testng.reporters.JUnitReportReporter -->
<testsuite skipped="0" hostname="MAA014482B" name="com.FCI_3_18Aug22.tc.TC004_FCIIIBasicDetails" tests="65" failures="0" timestamp="2022-09-05T14:38:23 IST" time="10494.115" errors="0">
  <testcase name="basicDetails" time="160.788" classname="com.FCI_3_18Aug22.tc.TC004_FCIIIBasicDetails"/>
  <testcase name="basicDetails" time="161.038" classname="com.FCI_3_18Aug22.tc.TC004_FCIIIBasicDetails"/>
  <testcase name="basicDetails" time="161.781" classname="com.FCI_3_18Aug22.tc.TC004_FCIIIBasicDetails"/>
  <testcase name="basicDetails" time="160.894" classname="com.FCI_3_18Aug22.tc.TC004_FCIIIBasicDetails"/>
  <testcase name="basicDetails" time="160.273" classname="com.FCI_3_18Aug22.tc.TC004_FCIIIBasicDetails"/>
  <testcase name="basicDetails" time="160.707" classname="com.FCI_3_18Aug22.tc.TC004_FCIIIBasicDetails"/>
  <testcase name="basicDetails" time="161.714" classname="com.FCI_3_18Aug22.tc.TC004_FCIIIBasicDetails"/>
  <testcase name="basicDetails" time="160.763" classname="com.FCI_3_18Aug22.tc.TC004_FCIIIBasicDetails"/>
  <testcase name="basicDetails" time="160.894" classname="com.FCI_3_18Aug22.tc.TC004_FCIIIBasicDetails"/>
  <testcase name="basicDetails" time="162.002" classname="com.FCI_3_18Aug22.tc.TC004_FCIIIBasicDetails"/>
  <testcase name="basicDetails" time="161.098" classname="com.FCI_3_18Aug22.tc.TC004_FCIIIBasicDetails"/>
  <testcase name="basicDetails" time="161.718" classname="com.FCI_3_18Aug22.tc.TC004_FCIIIBasicDetails"/>
  <testcase name="basicDetails" time="160.598" classname="com.FCI_3_18Aug22.tc.TC004_FCIIIBasicDetails"/>
  <testcase name="basicDetails" time="160.501" classname="com.FCI_3_18Aug22.tc.TC004_FCIIIBasicDetails"/>
  <testcase name="basicDetails" time="162.676" classname="com.FCI_3_18Aug22.tc.TC004_FCIIIBasicDetails"/>
  <testcase name="basicDetails" time="161.704" classname="com.FCI_3_18Aug22.tc.TC004_FCIIIBasicDetails"/>
  <testcase name="basicDetails" time="161.359" classname="com.FCI_3_18Aug22.tc.TC004_FCIIIBasicDetails"/>
  <testcase name="basicDetails" time="160.803" classname="com.FCI_3_18Aug22.tc.TC004_FCIIIBasicDetails"/>
  <testcase name="basicDetails" time="161.121" classname="com.FCI_3_18Aug22.tc.TC004_FCIIIBasicDetails"/>
  <testcase name="basicDetails" time="161.179" classname="com.FCI_3_18Aug22.tc.TC004_FCIIIBasicDetails"/>
  <testcase name="basicDetails" time="161.420" classname="com.FCI_3_18Aug22.tc.TC004_FCIIIBasicDetails"/>
  <testcase name="basicDetails" time="160.847" classname="com.FCI_3_18Aug22.tc.TC004_FCIIIBasicDetails"/>
  <testcase name="basicDetails" time="160.773" classname="com.FCI_3_18Aug22.tc.TC004_FCIIIBasicDetails"/>
  <testcase name="basicDetails" time="162.060" classname="com.FCI_3_18Aug22.tc.TC004_FCIIIBasicDetails"/>
  <testcase name="basicDetails" time="160.964" classname="com.FCI_3_18Aug22.tc.TC004_FCIIIBasicDetails"/>
  <testcase name="basicDetails" time="160.704" classname="com.FCI_3_18Aug22.tc.TC004_FCIIIBasicDetails"/>
  <testcase name="basicDetails" time="162.096" classname="com.FCI_3_18Aug22.tc.TC004_FCIIIBasicDetails"/>
  <testcase name="basicDetails" time="160.803" classname="com.FCI_3_18Aug22.tc.TC004_FCIIIBasicDetails"/>
  <testcase name="basicDetails" time="160.600" classname="com.FCI_3_18Aug22.tc.TC004_FCIIIBasicDetails"/>
  <testcase name="basicDetails" time="162.390" classname="com.FCI_3_18Aug22.tc.TC004_FCIIIBasicDetails"/>
  <testcase name="basicDetails" time="162.119" classname="com.FCI_3_18Aug22.tc.TC004_FCIIIBasicDetails"/>
  <testcase name="basicDetails" time="162.197" classname="com.FCI_3_18Aug22.tc.TC004_FCIIIBasicDetails"/>
  <testcase name="basicDetails" time="161.846" classname="com.FCI_3_18Aug22.tc.TC004_FCIIIBasicDetails"/>
  <testcase name="basicDetails" time="162.541" classname="com.FCI_3_18Aug22.tc.TC004_FCIIIBasicDetails"/>
  <testcase name="basicDetails" time="162.547" classname="com.FCI_3_18Aug22.tc.TC004_FCIIIBasicDetails"/>
  <testcase name="basicDetails" time="160.625" classname="com.FCI_3_18Aug22.tc.TC004_FCIIIBasicDetails"/>
  <testcase name="basicDetails" time="161.453" classname="com.FCI_3_18Aug22.tc.TC004_FCIIIBasicDetails"/>
  <testcase name="basicDetails" time="160.713" classname="com.FCI_3_18Aug22.tc.TC004_FCIIIBasicDetails"/>
  <testcase name="basicDetails" time="162.899" classname="com.FCI_3_18Aug22.tc.TC004_FCIIIBasicDetails"/>
  <testcase name="basicDetails" time="161.035" classname="com.FCI_3_18Aug22.tc.TC004_FCIIIBasicDetails"/>
  <testcase name="basicDetails" time="161.128" classname="com.FCI_3_18Aug22.tc.TC004_FCIIIBasicDetails"/>
  <testcase name="basicDetails" time="161.925" classname="com.FCI_3_18Aug22.tc.TC004_FCIIIBasicDetails"/>
  <testcase name="basicDetails" time="160.605" classname="com.FCI_3_18Aug22.tc.TC004_FCIIIBasicDetails"/>
  <testcase name="basicDetails" time="162.503" classname="com.FCI_3_18Aug22.tc.TC004_FCIIIBasicDetails"/>
  <testcase name="basicDetails" time="161.717" classname="com.FCI_3_18Aug22.tc.TC004_FCIIIBasicDetails"/>
  <testcase name="basicDetails" time="161.465" classname="com.FCI_3_18Aug22.tc.TC004_FCIIIBasicDetails"/>
  <testcase name="basicDetails" time="160.904" classname="com.FCI_3_18Aug22.tc.TC004_FCIIIBasicDetails"/>
  <testcase name="basicDetails" time="162.317" classname="com.FCI_3_18Aug22.tc.TC004_FCIIIBasicDetails"/>
  <testcase name="basicDetails" time="163.040" classname="com.FCI_3_18Aug22.tc.TC004_FCIIIBasicDetails"/>
  <testcase name="basicDetails" time="160.890" classname="com.FCI_3_18Aug22.tc.TC004_FCIIIBasicDetails"/>
  <testcase name="basicDetails" time="161.272" classname="com.FCI_3_18Aug22.tc.TC004_FCIIIBasicDetails"/>
  <testcase name="basicDetails" time="161.870" classname="com.FCI_3_18Aug22.tc.TC004_FCIIIBasicDetails"/>
  <testcase name="basicDetails" time="162.323" classname="com.FCI_3_18Aug22.tc.TC004_FCIIIBasicDetails"/>
  <testcase name="basicDetails" time="162.557" classname="com.FCI_3_18Aug22.tc.TC004_FCIIIBasicDetails"/>
  <testcase name="basicDetails" time="161.351" classname="com.FCI_3_18Aug22.tc.TC004_FCIIIBasicDetails"/>
  <testcase name="basicDetails" time="160.762" classname="com.FCI_3_18Aug22.tc.TC004_FCIIIBasicDetails"/>
  <testcase name="basicDetails" time="161.486" classname="com.FCI_3_18Aug22.tc.TC004_FCIIIBasicDetails"/>
  <testcase name="basicDetails" time="160.993" classname="com.FCI_3_18Aug22.tc.TC004_FCIIIBasicDetails"/>
  <testcase name="basicDetails" time="161.580" classname="com.FCI_3_18Aug22.tc.TC004_FCIIIBasicDetails"/>
  <testcase name="basicDetails" time="161.066" classname="com.FCI_3_18Aug22.tc.TC004_FCIIIBasicDetails"/>
  <testcase name="basicDetails" time="160.533" classname="com.FCI_3_18Aug22.tc.TC004_FCIIIBasicDetails"/>
  <testcase name="basicDetails" time="161.829" classname="com.FCI_3_18Aug22.tc.TC004_FCIIIBasicDetails"/>
  <testcase name="basicDetails" time="163.239" classname="com.FCI_3_18Aug22.tc.TC004_FCIIIBasicDetails"/>
  <testcase name="basicDetails" time="162.257" classname="com.FCI_3_18Aug22.tc.TC004_FCIIIBasicDetails"/>
  <testcase name="basicDetails" time="160.260" classname="com.FCI_3_18Aug22.tc.TC004_FCIIIBasicDetails"/>
</testsuite> <!-- com.FCI_3_18Aug22.tc.TC004_FCIIIBasicDetails -->
