<?xml version="1.0" encoding="UTF-8"?>
<!-- Generated by org.testng.reporters.JUnitReportReporter -->
<testsuite skipped="0" hostname="MAASDS01095B" name="com.ZP_July23.tc.TC003_ZPBasicDetails" tests="2" failures="0" timestamp="2023-08-20T16:24:23 IST" time="93.428" errors="0">
  <testcase name="basicDetails" time="48.539" classname="com.ZP_July23.tc.TC003_ZPBasicDetails"/>
  <testcase name="basicDetails" time="44.889" classname="com.ZP_July23.tc.TC003_ZPBasicDetails"/>
</testsuite> <!-- com.ZP_July23.tc.TC003_ZPBasicDetails -->
