<?xml version="1.0" encoding="UTF-8"?>
<!-- Generated by org.testng.reporters.JUnitReportReporter -->
<testsuite skipped="0" hostname="MAA014482B" name="com.NHBCOX_17Oct22.tc.TC004_NHBCOXBasicDetails" tests="12" failures="0" timestamp="2022-10-20T12:55:47 IST" time="1914.080" errors="0">
  <testcase name="basicDetails" time="159.340" classname="com.NHBCOX_17Oct22.tc.TC004_NHBCOXBasicDetails"/>
  <testcase name="basicDetails" time="162.902" classname="com.NHBCOX_17Oct22.tc.TC004_NHBCOXBasicDetails"/>
  <testcase name="basicDetails" time="157.210" classname="com.NHBCOX_17Oct22.tc.TC004_NHBCOXBasicDetails"/>
  <testcase name="basicDetails" time="159.014" classname="com.NHBCOX_17Oct22.tc.TC004_NHBCOXBasicDetails"/>
  <testcase name="basicDetails" time="159.025" classname="com.NHBCOX_17Oct22.tc.TC004_NHBCOXBasicDetails"/>
  <testcase name="basicDetails" time="158.799" classname="com.NHBCOX_17Oct22.tc.TC004_NHBCOXBasicDetails"/>
  <testcase name="basicDetails" time="160.896" classname="com.NHBCOX_17Oct22.tc.TC004_NHBCOXBasicDetails"/>
  <testcase name="basicDetails" time="159.987" classname="com.NHBCOX_17Oct22.tc.TC004_NHBCOXBasicDetails"/>
  <testcase name="basicDetails" time="159.398" classname="com.NHBCOX_17Oct22.tc.TC004_NHBCOXBasicDetails"/>
  <testcase name="basicDetails" time="158.560" classname="com.NHBCOX_17Oct22.tc.TC004_NHBCOXBasicDetails"/>
  <testcase name="basicDetails" time="161.041" classname="com.NHBCOX_17Oct22.tc.TC004_NHBCOXBasicDetails"/>
  <testcase name="basicDetails" time="157.908" classname="com.NHBCOX_17Oct22.tc.TC004_NHBCOXBasicDetails"/>
</testsuite> <!-- com.NHBCOX_17Oct22.tc.TC004_NHBCOXBasicDetails -->
