<?xml version="1.0" encoding="UTF-8"?>
<!-- Generated by org.testng.reporters.JUnitReportReporter -->
<testsuite hostname="MAA011253A" failures="0" tests="71" name="com.SugarMills.tc.TC002_RAJBasicDetails" time="9003.964" errors="0" timestamp="2021-01-06T19:18:43 IST" skipped="0">
  <testcase classname="com.SugarMills.tc.TC002_RAJBasicDetails" name="basicDetails" time="127.312"/>
  <testcase classname="com.SugarMills.tc.TC002_RAJBasicDetails" name="basicDetails" time="126.410"/>
  <testcase classname="com.SugarMills.tc.TC002_RAJBasicDetails" name="basicDetails" time="127.324"/>
  <testcase classname="com.SugarMills.tc.TC002_RAJBasicDetails" name="basicDetails" time="127.286"/>
  <testcase classname="com.SugarMills.tc.TC002_RAJBasicDetails" name="basicDetails" time="126.102"/>
  <testcase classname="com.SugarMills.tc.TC002_RAJBasicDetails" name="basicDetails" time="126.888"/>
  <testcase classname="com.SugarMills.tc.TC002_RAJBasicDetails" name="basicDetails" time="126.468"/>
  <testcase classname="com.SugarMills.tc.TC002_RAJBasicDetails" name="basicDetails" time="125.894"/>
  <testcase classname="com.SugarMills.tc.TC002_RAJBasicDetails" name="basicDetails" time="126.054"/>
  <testcase classname="com.SugarMills.tc.TC002_RAJBasicDetails" name="basicDetails" time="126.836"/>
  <testcase classname="com.SugarMills.tc.TC002_RAJBasicDetails" name="basicDetails" time="127.253"/>
  <testcase classname="com.SugarMills.tc.TC002_RAJBasicDetails" name="basicDetails" time="127.714"/>
  <testcase classname="com.SugarMills.tc.TC002_RAJBasicDetails" name="basicDetails" time="126.475"/>
  <testcase classname="com.SugarMills.tc.TC002_RAJBasicDetails" name="basicDetails" time="126.279"/>
  <testcase classname="com.SugarMills.tc.TC002_RAJBasicDetails" name="basicDetails" time="126.655"/>
  <testcase classname="com.SugarMills.tc.TC002_RAJBasicDetails" name="basicDetails" time="126.910"/>
  <testcase classname="com.SugarMills.tc.TC002_RAJBasicDetails" name="basicDetails" time="126.777"/>
  <testcase classname="com.SugarMills.tc.TC002_RAJBasicDetails" name="basicDetails" time="126.903"/>
  <testcase classname="com.SugarMills.tc.TC002_RAJBasicDetails" name="basicDetails" time="130.384"/>
  <testcase classname="com.SugarMills.tc.TC002_RAJBasicDetails" name="basicDetails" time="126.133"/>
  <testcase classname="com.SugarMills.tc.TC002_RAJBasicDetails" name="basicDetails" time="126.116"/>
  <testcase classname="com.SugarMills.tc.TC002_RAJBasicDetails" name="basicDetails" time="127.404"/>
  <testcase classname="com.SugarMills.tc.TC002_RAJBasicDetails" name="basicDetails" time="126.585"/>
  <testcase classname="com.SugarMills.tc.TC002_RAJBasicDetails" name="basicDetails" time="125.986"/>
  <testcase classname="com.SugarMills.tc.TC002_RAJBasicDetails" name="basicDetails" time="126.995"/>
  <testcase classname="com.SugarMills.tc.TC002_RAJBasicDetails" name="basicDetails" time="127.220"/>
  <testcase classname="com.SugarMills.tc.TC002_RAJBasicDetails" name="basicDetails" time="126.742"/>
  <testcase classname="com.SugarMills.tc.TC002_RAJBasicDetails" name="basicDetails" time="126.614"/>
  <testcase classname="com.SugarMills.tc.TC002_RAJBasicDetails" name="basicDetails" time="126.525"/>
  <testcase classname="com.SugarMills.tc.TC002_RAJBasicDetails" name="basicDetails" time="126.942"/>
  <testcase classname="com.SugarMills.tc.TC002_RAJBasicDetails" name="basicDetails" time="126.558"/>
  <testcase classname="com.SugarMills.tc.TC002_RAJBasicDetails" name="basicDetails" time="126.890"/>
  <testcase classname="com.SugarMills.tc.TC002_RAJBasicDetails" name="basicDetails" time="127.095"/>
  <testcase classname="com.SugarMills.tc.TC002_RAJBasicDetails" name="basicDetails" time="126.036"/>
  <testcase classname="com.SugarMills.tc.TC002_RAJBasicDetails" name="basicDetails" time="127.136"/>
  <testcase classname="com.SugarMills.tc.TC002_RAJBasicDetails" name="basicDetails" time="126.964"/>
  <testcase classname="com.SugarMills.tc.TC002_RAJBasicDetails" name="basicDetails" time="126.486"/>
  <testcase classname="com.SugarMills.tc.TC002_RAJBasicDetails" name="basicDetails" time="127.222"/>
  <testcase classname="com.SugarMills.tc.TC002_RAJBasicDetails" name="basicDetails" time="126.796"/>
  <testcase classname="com.SugarMills.tc.TC002_RAJBasicDetails" name="basicDetails" time="126.659"/>
  <testcase classname="com.SugarMills.tc.TC002_RAJBasicDetails" name="basicDetails" time="126.862"/>
  <testcase classname="com.SugarMills.tc.TC002_RAJBasicDetails" name="basicDetails" time="126.896"/>
  <testcase classname="com.SugarMills.tc.TC002_RAJBasicDetails" name="basicDetails" time="126.250"/>
  <testcase classname="com.SugarMills.tc.TC002_RAJBasicDetails" name="basicDetails" time="126.858"/>
  <testcase classname="com.SugarMills.tc.TC002_RAJBasicDetails" name="basicDetails" time="126.397"/>
  <testcase classname="com.SugarMills.tc.TC002_RAJBasicDetails" name="basicDetails" time="126.222"/>
  <testcase classname="com.SugarMills.tc.TC002_RAJBasicDetails" name="basicDetails" time="125.971"/>
  <testcase classname="com.SugarMills.tc.TC002_RAJBasicDetails" name="basicDetails" time="126.441"/>
  <testcase classname="com.SugarMills.tc.TC002_RAJBasicDetails" name="basicDetails" time="133.252"/>
  <testcase classname="com.SugarMills.tc.TC002_RAJBasicDetails" name="basicDetails" time="128.426"/>
  <testcase classname="com.SugarMills.tc.TC002_RAJBasicDetails" name="basicDetails" time="126.529"/>
  <testcase classname="com.SugarMills.tc.TC002_RAJBasicDetails" name="basicDetails" time="126.916"/>
  <testcase classname="com.SugarMills.tc.TC002_RAJBasicDetails" name="basicDetails" time="126.769"/>
  <testcase classname="com.SugarMills.tc.TC002_RAJBasicDetails" name="basicDetails" time="126.571"/>
  <testcase classname="com.SugarMills.tc.TC002_RAJBasicDetails" name="basicDetails" time="126.459"/>
  <testcase classname="com.SugarMills.tc.TC002_RAJBasicDetails" name="basicDetails" time="126.913"/>
  <testcase classname="com.SugarMills.tc.TC002_RAJBasicDetails" name="basicDetails" time="126.317"/>
  <testcase classname="com.SugarMills.tc.TC002_RAJBasicDetails" name="basicDetails" time="126.814"/>
  <testcase classname="com.SugarMills.tc.TC002_RAJBasicDetails" name="basicDetails" time="126.614"/>
  <testcase classname="com.SugarMills.tc.TC002_RAJBasicDetails" name="basicDetails" time="125.961"/>
  <testcase classname="com.SugarMills.tc.TC002_RAJBasicDetails" name="basicDetails" time="126.391"/>
  <testcase classname="com.SugarMills.tc.TC002_RAJBasicDetails" name="basicDetails" time="126.632"/>
  <testcase classname="com.SugarMills.tc.TC002_RAJBasicDetails" name="basicDetails" time="126.380"/>
  <testcase classname="com.SugarMills.tc.TC002_RAJBasicDetails" name="basicDetails" time="126.292"/>
  <testcase classname="com.SugarMills.tc.TC002_RAJBasicDetails" name="basicDetails" time="127.507"/>
  <testcase classname="com.SugarMills.tc.TC002_RAJBasicDetails" name="basicDetails" time="126.162"/>
  <testcase classname="com.SugarMills.tc.TC002_RAJBasicDetails" name="basicDetails" time="126.142"/>
  <testcase classname="com.SugarMills.tc.TC002_RAJBasicDetails" name="basicDetails" time="126.677"/>
  <testcase classname="com.SugarMills.tc.TC002_RAJBasicDetails" name="basicDetails" time="126.901"/>
  <testcase classname="com.SugarMills.tc.TC002_RAJBasicDetails" name="basicDetails" time="126.017"/>
  <testcase classname="com.SugarMills.tc.TC002_RAJBasicDetails" name="basicDetails" time="126.397"/>
</testsuite> <!-- com.SugarMills.tc.TC002_RAJBasicDetails -->
