<?xml version="1.0" encoding="UTF-8"?>
<!-- Generated by org.testng.reporters.JUnitReportReporter -->
<testsuite skipped="0" hostname="MAA015435A" name="com.mum.tc.TC005_MUMBasicDetails" tests="2" failures="0" timestamp="29 Nov 2019 10:11:52 GMT" time="176.150" errors="0">
  <testcase name="basicDetails" time="81.694" classname="com.mum.tc.TC005_MUMBasicDetails"/>
  <testcase name="basicDetails" time="94.456" classname="com.mum.tc.TC005_MUMBasicDetails"/>
</testsuite> <!-- com.mum.tc.TC005_MUMBasicDetails -->
