<?xml version="1.0" encoding="UTF-8"?>
<!-- Generated by org.testng.reporters.JUnitReportReporter -->
<testsuite skipped="0" hostname="MAA014482B" name="com.SPMCIL_May23.tc.TC005_SPMCILBasicDetails" tests="144" failures="0" timestamp="2023-06-29T06:36:40 IST" time="22891.225" errors="0">
  <testcase name="basicDetails" time="158.467" classname="com.SPMCIL_May23.tc.TC005_SPMCILBasicDetails"/>
  <testcase name="basicDetails" time="158.291" classname="com.SPMCIL_May23.tc.TC005_SPMCILBasicDetails"/>
  <testcase name="basicDetails" time="158.470" classname="com.SPMCIL_May23.tc.TC005_SPMCILBasicDetails"/>
  <testcase name="basicDetails" time="158.344" classname="com.SPMCIL_May23.tc.TC005_SPMCILBasicDetails"/>
  <testcase name="basicDetails" time="158.069" classname="com.SPMCIL_May23.tc.TC005_SPMCILBasicDetails"/>
  <testcase name="basicDetails" time="158.171" classname="com.SPMCIL_May23.tc.TC005_SPMCILBasicDetails"/>
  <testcase name="basicDetails" time="158.316" classname="com.SPMCIL_May23.tc.TC005_SPMCILBasicDetails"/>
  <testcase name="basicDetails" time="158.384" classname="com.SPMCIL_May23.tc.TC005_SPMCILBasicDetails"/>
  <testcase name="basicDetails" time="164.972" classname="com.SPMCIL_May23.tc.TC005_SPMCILBasicDetails"/>
  <testcase name="basicDetails" time="158.426" classname="com.SPMCIL_May23.tc.TC005_SPMCILBasicDetails"/>
  <testcase name="basicDetails" time="158.371" classname="com.SPMCIL_May23.tc.TC005_SPMCILBasicDetails"/>
  <testcase name="basicDetails" time="158.573" classname="com.SPMCIL_May23.tc.TC005_SPMCILBasicDetails"/>
  <testcase name="basicDetails" time="158.544" classname="com.SPMCIL_May23.tc.TC005_SPMCILBasicDetails"/>
  <testcase name="basicDetails" time="158.418" classname="com.SPMCIL_May23.tc.TC005_SPMCILBasicDetails"/>
  <testcase name="basicDetails" time="158.694" classname="com.SPMCIL_May23.tc.TC005_SPMCILBasicDetails"/>
  <testcase name="basicDetails" time="158.165" classname="com.SPMCIL_May23.tc.TC005_SPMCILBasicDetails"/>
  <testcase name="basicDetails" time="158.230" classname="com.SPMCIL_May23.tc.TC005_SPMCILBasicDetails"/>
  <testcase name="basicDetails" time="158.152" classname="com.SPMCIL_May23.tc.TC005_SPMCILBasicDetails"/>
  <testcase name="basicDetails" time="158.540" classname="com.SPMCIL_May23.tc.TC005_SPMCILBasicDetails"/>
  <testcase name="basicDetails" time="158.377" classname="com.SPMCIL_May23.tc.TC005_SPMCILBasicDetails"/>
  <testcase name="basicDetails" time="158.969" classname="com.SPMCIL_May23.tc.TC005_SPMCILBasicDetails"/>
  <testcase name="basicDetails" time="157.854" classname="com.SPMCIL_May23.tc.TC005_SPMCILBasicDetails"/>
  <testcase name="basicDetails" time="158.611" classname="com.SPMCIL_May23.tc.TC005_SPMCILBasicDetails"/>
  <testcase name="basicDetails" time="157.993" classname="com.SPMCIL_May23.tc.TC005_SPMCILBasicDetails"/>
  <testcase name="basicDetails" time="158.518" classname="com.SPMCIL_May23.tc.TC005_SPMCILBasicDetails"/>
  <testcase name="basicDetails" time="158.078" classname="com.SPMCIL_May23.tc.TC005_SPMCILBasicDetails"/>
  <testcase name="basicDetails" time="158.656" classname="com.SPMCIL_May23.tc.TC005_SPMCILBasicDetails"/>
  <testcase name="basicDetails" time="158.124" classname="com.SPMCIL_May23.tc.TC005_SPMCILBasicDetails"/>
  <testcase name="basicDetails" time="158.509" classname="com.SPMCIL_May23.tc.TC005_SPMCILBasicDetails"/>
  <testcase name="basicDetails" time="158.036" classname="com.SPMCIL_May23.tc.TC005_SPMCILBasicDetails"/>
  <testcase name="basicDetails" time="158.679" classname="com.SPMCIL_May23.tc.TC005_SPMCILBasicDetails"/>
  <testcase name="basicDetails" time="158.655" classname="com.SPMCIL_May23.tc.TC005_SPMCILBasicDetails"/>
  <testcase name="basicDetails" time="157.926" classname="com.SPMCIL_May23.tc.TC005_SPMCILBasicDetails"/>
  <testcase name="basicDetails" time="158.666" classname="com.SPMCIL_May23.tc.TC005_SPMCILBasicDetails"/>
  <testcase name="basicDetails" time="158.458" classname="com.SPMCIL_May23.tc.TC005_SPMCILBasicDetails"/>
  <testcase name="basicDetails" time="158.301" classname="com.SPMCIL_May23.tc.TC005_SPMCILBasicDetails"/>
  <testcase name="basicDetails" time="158.424" classname="com.SPMCIL_May23.tc.TC005_SPMCILBasicDetails"/>
  <testcase name="basicDetails" time="158.390" classname="com.SPMCIL_May23.tc.TC005_SPMCILBasicDetails"/>
  <testcase name="basicDetails" time="158.237" classname="com.SPMCIL_May23.tc.TC005_SPMCILBasicDetails"/>
  <testcase name="basicDetails" time="158.266" classname="com.SPMCIL_May23.tc.TC005_SPMCILBasicDetails"/>
  <testcase name="basicDetails" time="158.330" classname="com.SPMCIL_May23.tc.TC005_SPMCILBasicDetails"/>
  <testcase name="basicDetails" time="158.066" classname="com.SPMCIL_May23.tc.TC005_SPMCILBasicDetails"/>
  <testcase name="basicDetails" time="158.452" classname="com.SPMCIL_May23.tc.TC005_SPMCILBasicDetails"/>
  <testcase name="basicDetails" time="158.187" classname="com.SPMCIL_May23.tc.TC005_SPMCILBasicDetails"/>
  <testcase name="basicDetails" time="158.177" classname="com.SPMCIL_May23.tc.TC005_SPMCILBasicDetails"/>
  <testcase name="basicDetails" time="185.972" classname="com.SPMCIL_May23.tc.TC005_SPMCILBasicDetails"/>
  <testcase name="basicDetails" time="158.568" classname="com.SPMCIL_May23.tc.TC005_SPMCILBasicDetails"/>
  <testcase name="basicDetails" time="158.366" classname="com.SPMCIL_May23.tc.TC005_SPMCILBasicDetails"/>
  <testcase name="basicDetails" time="157.904" classname="com.SPMCIL_May23.tc.TC005_SPMCILBasicDetails"/>
  <testcase name="basicDetails" time="157.922" classname="com.SPMCIL_May23.tc.TC005_SPMCILBasicDetails"/>
  <testcase name="basicDetails" time="158.295" classname="com.SPMCIL_May23.tc.TC005_SPMCILBasicDetails"/>
  <testcase name="basicDetails" time="158.551" classname="com.SPMCIL_May23.tc.TC005_SPMCILBasicDetails"/>
  <testcase name="basicDetails" time="158.103" classname="com.SPMCIL_May23.tc.TC005_SPMCILBasicDetails"/>
  <testcase name="basicDetails" time="158.479" classname="com.SPMCIL_May23.tc.TC005_SPMCILBasicDetails"/>
  <testcase name="basicDetails" time="158.399" classname="com.SPMCIL_May23.tc.TC005_SPMCILBasicDetails"/>
  <testcase name="basicDetails" time="158.688" classname="com.SPMCIL_May23.tc.TC005_SPMCILBasicDetails"/>
  <testcase name="basicDetails" time="158.646" classname="com.SPMCIL_May23.tc.TC005_SPMCILBasicDetails"/>
  <testcase name="basicDetails" time="158.221" classname="com.SPMCIL_May23.tc.TC005_SPMCILBasicDetails"/>
  <testcase name="basicDetails" time="158.413" classname="com.SPMCIL_May23.tc.TC005_SPMCILBasicDetails"/>
  <testcase name="basicDetails" time="158.132" classname="com.SPMCIL_May23.tc.TC005_SPMCILBasicDetails"/>
  <testcase name="basicDetails" time="157.908" classname="com.SPMCIL_May23.tc.TC005_SPMCILBasicDetails"/>
  <testcase name="basicDetails" time="158.560" classname="com.SPMCIL_May23.tc.TC005_SPMCILBasicDetails"/>
  <testcase name="basicDetails" time="158.811" classname="com.SPMCIL_May23.tc.TC005_SPMCILBasicDetails"/>
  <testcase name="basicDetails" time="158.414" classname="com.SPMCIL_May23.tc.TC005_SPMCILBasicDetails"/>
  <testcase name="basicDetails" time="158.406" classname="com.SPMCIL_May23.tc.TC005_SPMCILBasicDetails"/>
  <testcase name="basicDetails" time="159.126" classname="com.SPMCIL_May23.tc.TC005_SPMCILBasicDetails"/>
  <testcase name="basicDetails" time="158.122" classname="com.SPMCIL_May23.tc.TC005_SPMCILBasicDetails"/>
  <testcase name="basicDetails" time="158.364" classname="com.SPMCIL_May23.tc.TC005_SPMCILBasicDetails"/>
  <testcase name="basicDetails" time="158.225" classname="com.SPMCIL_May23.tc.TC005_SPMCILBasicDetails"/>
  <testcase name="basicDetails" time="158.321" classname="com.SPMCIL_May23.tc.TC005_SPMCILBasicDetails"/>
  <testcase name="basicDetails" time="158.868" classname="com.SPMCIL_May23.tc.TC005_SPMCILBasicDetails"/>
  <testcase name="basicDetails" time="158.684" classname="com.SPMCIL_May23.tc.TC005_SPMCILBasicDetails"/>
  <testcase name="basicDetails" time="158.272" classname="com.SPMCIL_May23.tc.TC005_SPMCILBasicDetails"/>
  <testcase name="basicDetails" time="158.388" classname="com.SPMCIL_May23.tc.TC005_SPMCILBasicDetails"/>
  <testcase name="basicDetails" time="158.131" classname="com.SPMCIL_May23.tc.TC005_SPMCILBasicDetails"/>
  <testcase name="basicDetails" time="158.171" classname="com.SPMCIL_May23.tc.TC005_SPMCILBasicDetails"/>
  <testcase name="basicDetails" time="158.200" classname="com.SPMCIL_May23.tc.TC005_SPMCILBasicDetails"/>
  <testcase name="basicDetails" time="158.305" classname="com.SPMCIL_May23.tc.TC005_SPMCILBasicDetails"/>
  <testcase name="basicDetails" time="158.385" classname="com.SPMCIL_May23.tc.TC005_SPMCILBasicDetails"/>
  <testcase name="basicDetails" time="186.273" classname="com.SPMCIL_May23.tc.TC005_SPMCILBasicDetails"/>
  <testcase name="basicDetails" time="185.949" classname="com.SPMCIL_May23.tc.TC005_SPMCILBasicDetails"/>
  <testcase name="basicDetails" time="158.346" classname="com.SPMCIL_May23.tc.TC005_SPMCILBasicDetails"/>
  <testcase name="basicDetails" time="157.975" classname="com.SPMCIL_May23.tc.TC005_SPMCILBasicDetails"/>
  <testcase name="basicDetails" time="158.396" classname="com.SPMCIL_May23.tc.TC005_SPMCILBasicDetails"/>
  <testcase name="basicDetails" time="158.537" classname="com.SPMCIL_May23.tc.TC005_SPMCILBasicDetails"/>
  <testcase name="basicDetails" time="158.072" classname="com.SPMCIL_May23.tc.TC005_SPMCILBasicDetails"/>
  <testcase name="basicDetails" time="158.215" classname="com.SPMCIL_May23.tc.TC005_SPMCILBasicDetails"/>
  <testcase name="basicDetails" time="158.273" classname="com.SPMCIL_May23.tc.TC005_SPMCILBasicDetails"/>
  <testcase name="basicDetails" time="158.528" classname="com.SPMCIL_May23.tc.TC005_SPMCILBasicDetails"/>
  <testcase name="basicDetails" time="158.628" classname="com.SPMCIL_May23.tc.TC005_SPMCILBasicDetails"/>
  <testcase name="basicDetails" time="158.348" classname="com.SPMCIL_May23.tc.TC005_SPMCILBasicDetails"/>
  <testcase name="basicDetails" time="158.220" classname="com.SPMCIL_May23.tc.TC005_SPMCILBasicDetails"/>
  <testcase name="basicDetails" time="158.110" classname="com.SPMCIL_May23.tc.TC005_SPMCILBasicDetails"/>
  <testcase name="basicDetails" time="158.318" classname="com.SPMCIL_May23.tc.TC005_SPMCILBasicDetails"/>
  <testcase name="basicDetails" time="158.685" classname="com.SPMCIL_May23.tc.TC005_SPMCILBasicDetails"/>
  <testcase name="basicDetails" time="158.476" classname="com.SPMCIL_May23.tc.TC005_SPMCILBasicDetails"/>
  <testcase name="basicDetails" time="158.508" classname="com.SPMCIL_May23.tc.TC005_SPMCILBasicDetails"/>
  <testcase name="basicDetails" time="157.903" classname="com.SPMCIL_May23.tc.TC005_SPMCILBasicDetails"/>
  <testcase name="basicDetails" time="158.346" classname="com.SPMCIL_May23.tc.TC005_SPMCILBasicDetails"/>
  <testcase name="basicDetails" time="157.930" classname="com.SPMCIL_May23.tc.TC005_SPMCILBasicDetails"/>
  <testcase name="basicDetails" time="158.057" classname="com.SPMCIL_May23.tc.TC005_SPMCILBasicDetails"/>
  <testcase name="basicDetails" time="158.204" classname="com.SPMCIL_May23.tc.TC005_SPMCILBasicDetails"/>
  <testcase name="basicDetails" time="158.281" classname="com.SPMCIL_May23.tc.TC005_SPMCILBasicDetails"/>
  <testcase name="basicDetails" time="158.755" classname="com.SPMCIL_May23.tc.TC005_SPMCILBasicDetails"/>
  <testcase name="basicDetails" time="158.719" classname="com.SPMCIL_May23.tc.TC005_SPMCILBasicDetails"/>
  <testcase name="basicDetails" time="158.244" classname="com.SPMCIL_May23.tc.TC005_SPMCILBasicDetails"/>
  <testcase name="basicDetails" time="158.241" classname="com.SPMCIL_May23.tc.TC005_SPMCILBasicDetails"/>
  <testcase name="basicDetails" time="158.314" classname="com.SPMCIL_May23.tc.TC005_SPMCILBasicDetails"/>
  <testcase name="basicDetails" time="158.480" classname="com.SPMCIL_May23.tc.TC005_SPMCILBasicDetails"/>
  <testcase name="basicDetails" time="158.581" classname="com.SPMCIL_May23.tc.TC005_SPMCILBasicDetails"/>
  <testcase name="basicDetails" time="158.148" classname="com.SPMCIL_May23.tc.TC005_SPMCILBasicDetails"/>
  <testcase name="basicDetails" time="158.135" classname="com.SPMCIL_May23.tc.TC005_SPMCILBasicDetails"/>
  <testcase name="basicDetails" time="158.105" classname="com.SPMCIL_May23.tc.TC005_SPMCILBasicDetails"/>
  <testcase name="basicDetails" time="158.452" classname="com.SPMCIL_May23.tc.TC005_SPMCILBasicDetails"/>
  <testcase name="basicDetails" time="158.175" classname="com.SPMCIL_May23.tc.TC005_SPMCILBasicDetails"/>
  <testcase name="basicDetails" time="158.480" classname="com.SPMCIL_May23.tc.TC005_SPMCILBasicDetails"/>
  <testcase name="basicDetails" time="158.367" classname="com.SPMCIL_May23.tc.TC005_SPMCILBasicDetails"/>
  <testcase name="basicDetails" time="158.378" classname="com.SPMCIL_May23.tc.TC005_SPMCILBasicDetails"/>
  <testcase name="basicDetails" time="158.213" classname="com.SPMCIL_May23.tc.TC005_SPMCILBasicDetails"/>
  <testcase name="basicDetails" time="158.192" classname="com.SPMCIL_May23.tc.TC005_SPMCILBasicDetails"/>
  <testcase name="basicDetails" time="158.395" classname="com.SPMCIL_May23.tc.TC005_SPMCILBasicDetails"/>
  <testcase name="basicDetails" time="157.995" classname="com.SPMCIL_May23.tc.TC005_SPMCILBasicDetails"/>
  <testcase name="basicDetails" time="158.554" classname="com.SPMCIL_May23.tc.TC005_SPMCILBasicDetails"/>
  <testcase name="basicDetails" time="158.312" classname="com.SPMCIL_May23.tc.TC005_SPMCILBasicDetails"/>
  <testcase name="basicDetails" time="158.162" classname="com.SPMCIL_May23.tc.TC005_SPMCILBasicDetails"/>
  <testcase name="basicDetails" time="158.473" classname="com.SPMCIL_May23.tc.TC005_SPMCILBasicDetails"/>
  <testcase name="basicDetails" time="158.471" classname="com.SPMCIL_May23.tc.TC005_SPMCILBasicDetails"/>
  <testcase name="basicDetails" time="158.130" classname="com.SPMCIL_May23.tc.TC005_SPMCILBasicDetails"/>
  <testcase name="basicDetails" time="158.043" classname="com.SPMCIL_May23.tc.TC005_SPMCILBasicDetails"/>
  <testcase name="basicDetails" time="158.659" classname="com.SPMCIL_May23.tc.TC005_SPMCILBasicDetails"/>
  <testcase name="basicDetails" time="158.200" classname="com.SPMCIL_May23.tc.TC005_SPMCILBasicDetails"/>
  <testcase name="basicDetails" time="158.391" classname="com.SPMCIL_May23.tc.TC005_SPMCILBasicDetails"/>
  <testcase name="basicDetails" time="158.165" classname="com.SPMCIL_May23.tc.TC005_SPMCILBasicDetails"/>
  <testcase name="basicDetails" time="158.108" classname="com.SPMCIL_May23.tc.TC005_SPMCILBasicDetails"/>
  <testcase name="basicDetails" time="158.028" classname="com.SPMCIL_May23.tc.TC005_SPMCILBasicDetails"/>
  <testcase name="basicDetails" time="158.372" classname="com.SPMCIL_May23.tc.TC005_SPMCILBasicDetails"/>
  <testcase name="basicDetails" time="158.558" classname="com.SPMCIL_May23.tc.TC005_SPMCILBasicDetails"/>
  <testcase name="basicDetails" time="157.909" classname="com.SPMCIL_May23.tc.TC005_SPMCILBasicDetails"/>
  <testcase name="basicDetails" time="158.635" classname="com.SPMCIL_May23.tc.TC005_SPMCILBasicDetails"/>
  <testcase name="basicDetails" time="158.487" classname="com.SPMCIL_May23.tc.TC005_SPMCILBasicDetails"/>
  <testcase name="basicDetails" time="158.547" classname="com.SPMCIL_May23.tc.TC005_SPMCILBasicDetails"/>
  <testcase name="basicDetails" time="158.341" classname="com.SPMCIL_May23.tc.TC005_SPMCILBasicDetails"/>
  <testcase name="basicDetails" time="158.402" classname="com.SPMCIL_May23.tc.TC005_SPMCILBasicDetails"/>
  <testcase name="basicDetails" time="158.466" classname="com.SPMCIL_May23.tc.TC005_SPMCILBasicDetails"/>
</testsuite> <!-- com.SPMCIL_May23.tc.TC005_SPMCILBasicDetails -->
