<?xml version="1.0" encoding="UTF-8"?>
<!-- Generated by org.testng.reporters.JUnitReportReporter -->
<testsuite skipped="0" hostname="MAA015435A" name="com.mint.tc.TC005_MintBasicDetails" tests="6" failures="0" timestamp="10 Dec 2019 06:57:38 GMT" time="534.760" errors="0">
  <testcase name="basicDetails" time="88.787" classname="com.mint.tc.TC005_MintBasicDetails"/>
  <testcase name="basicDetails" time="86.613" classname="com.mint.tc.TC005_MintBasicDetails"/>
  <testcase name="basicDetails" time="88.780" classname="com.mint.tc.TC005_MintBasicDetails"/>
  <testcase name="basicDetails" time="88.028" classname="com.mint.tc.TC005_MintBasicDetails"/>
  <testcase name="basicDetails" time="89.526" classname="com.mint.tc.TC005_MintBasicDetails"/>
  <testcase name="basicDetails" time="93.026" classname="com.mint.tc.TC005_MintBasicDetails"/>
</testsuite> <!-- com.mint.tc.TC005_MintBasicDetails -->
