<?xml version="1.0" encoding="UTF-8"?>
<!-- Generated by org.testng.reporters.JUnitReportReporter -->
<testsuite hostname="MAA011253A" failures="0" tests="13" name="com.RBIJE.tc.TC002_RBIJEBasicDetails" time="1564.940" errors="0" timestamp="2021-01-27T10:10:10 IST" skipped="0">
  <testcase classname="com.RBIJE.tc.TC002_RBIJEBasicDetails" name="basicDetails" time="119.372"/>
  <testcase classname="com.RBIJE.tc.TC002_RBIJEBasicDetails" name="basicDetails" time="119.224"/>
  <testcase classname="com.RBIJE.tc.TC002_RBIJEBasicDetails" name="basicDetails" time="119.047"/>
  <testcase classname="com.RBIJE.tc.TC002_RBIJEBasicDetails" name="basicDetails" time="119.545"/>
  <testcase classname="com.RBIJE.tc.TC002_RBIJEBasicDetails" name="basicDetails" time="119.612"/>
  <testcase classname="com.RBIJE.tc.TC002_RBIJEBasicDetails" name="basicDetails" time="119.487"/>
  <testcase classname="com.RBIJE.tc.TC002_RBIJEBasicDetails" name="basicDetails" time="130.250"/>
  <testcase classname="com.RBIJE.tc.TC002_RBIJEBasicDetails" name="basicDetails" time="119.626"/>
  <testcase classname="com.RBIJE.tc.TC002_RBIJEBasicDetails" name="basicDetails" time="119.954"/>
  <testcase classname="com.RBIJE.tc.TC002_RBIJEBasicDetails" name="basicDetails" time="119.357"/>
  <testcase classname="com.RBIJE.tc.TC002_RBIJEBasicDetails" name="basicDetails" time="120.265"/>
  <testcase classname="com.RBIJE.tc.TC002_RBIJEBasicDetails" name="basicDetails" time="119.606"/>
  <testcase classname="com.RBIJE.tc.TC002_RBIJEBasicDetails" name="basicDetails" time="119.595"/>
</testsuite> <!-- com.RBIJE.tc.TC002_RBIJEBasicDetails -->
