<?xml version="1.0" encoding="UTF-8"?>
<!-- Generated by org.testng.reporters.JUnitReportReporter -->
<testsuite skipped="0" hostname="MAA014482B" name="com.FCI_3_18Aug22.tc.TC002_FCIIIBasicDetails" tests="65" failures="0" timestamp="2022-09-05T14:38:23 IST" time="10485.145" errors="0">
  <testcase name="basicDetails" time="162.059" classname="com.FCI_3_18Aug22.tc.TC002_FCIIIBasicDetails"/>
  <testcase name="basicDetails" time="161.622" classname="com.FCI_3_18Aug22.tc.TC002_FCIIIBasicDetails"/>
  <testcase name="basicDetails" time="161.197" classname="com.FCI_3_18Aug22.tc.TC002_FCIIIBasicDetails"/>
  <testcase name="basicDetails" time="161.215" classname="com.FCI_3_18Aug22.tc.TC002_FCIIIBasicDetails"/>
  <testcase name="basicDetails" time="160.584" classname="com.FCI_3_18Aug22.tc.TC002_FCIIIBasicDetails"/>
  <testcase name="basicDetails" time="161.186" classname="com.FCI_3_18Aug22.tc.TC002_FCIIIBasicDetails"/>
  <testcase name="basicDetails" time="160.969" classname="com.FCI_3_18Aug22.tc.TC002_FCIIIBasicDetails"/>
  <testcase name="basicDetails" time="161.087" classname="com.FCI_3_18Aug22.tc.TC002_FCIIIBasicDetails"/>
  <testcase name="basicDetails" time="161.148" classname="com.FCI_3_18Aug22.tc.TC002_FCIIIBasicDetails"/>
  <testcase name="basicDetails" time="161.270" classname="com.FCI_3_18Aug22.tc.TC002_FCIIIBasicDetails"/>
  <testcase name="basicDetails" time="162.291" classname="com.FCI_3_18Aug22.tc.TC002_FCIIIBasicDetails"/>
  <testcase name="basicDetails" time="161.006" classname="com.FCI_3_18Aug22.tc.TC002_FCIIIBasicDetails"/>
  <testcase name="basicDetails" time="161.162" classname="com.FCI_3_18Aug22.tc.TC002_FCIIIBasicDetails"/>
  <testcase name="basicDetails" time="161.389" classname="com.FCI_3_18Aug22.tc.TC002_FCIIIBasicDetails"/>
  <testcase name="basicDetails" time="160.738" classname="com.FCI_3_18Aug22.tc.TC002_FCIIIBasicDetails"/>
  <testcase name="basicDetails" time="160.885" classname="com.FCI_3_18Aug22.tc.TC002_FCIIIBasicDetails"/>
  <testcase name="basicDetails" time="161.298" classname="com.FCI_3_18Aug22.tc.TC002_FCIIIBasicDetails"/>
  <testcase name="basicDetails" time="160.529" classname="com.FCI_3_18Aug22.tc.TC002_FCIIIBasicDetails"/>
  <testcase name="basicDetails" time="161.107" classname="com.FCI_3_18Aug22.tc.TC002_FCIIIBasicDetails"/>
  <testcase name="basicDetails" time="161.401" classname="com.FCI_3_18Aug22.tc.TC002_FCIIIBasicDetails"/>
  <testcase name="basicDetails" time="163.241" classname="com.FCI_3_18Aug22.tc.TC002_FCIIIBasicDetails"/>
  <testcase name="basicDetails" time="161.965" classname="com.FCI_3_18Aug22.tc.TC002_FCIIIBasicDetails"/>
  <testcase name="basicDetails" time="160.882" classname="com.FCI_3_18Aug22.tc.TC002_FCIIIBasicDetails"/>
  <testcase name="basicDetails" time="160.532" classname="com.FCI_3_18Aug22.tc.TC002_FCIIIBasicDetails"/>
  <testcase name="basicDetails" time="161.008" classname="com.FCI_3_18Aug22.tc.TC002_FCIIIBasicDetails"/>
  <testcase name="basicDetails" time="162.212" classname="com.FCI_3_18Aug22.tc.TC002_FCIIIBasicDetails"/>
  <testcase name="basicDetails" time="161.689" classname="com.FCI_3_18Aug22.tc.TC002_FCIIIBasicDetails"/>
  <testcase name="basicDetails" time="160.479" classname="com.FCI_3_18Aug22.tc.TC002_FCIIIBasicDetails"/>
  <testcase name="basicDetails" time="161.188" classname="com.FCI_3_18Aug22.tc.TC002_FCIIIBasicDetails"/>
  <testcase name="basicDetails" time="160.395" classname="com.FCI_3_18Aug22.tc.TC002_FCIIIBasicDetails"/>
  <testcase name="basicDetails" time="161.750" classname="com.FCI_3_18Aug22.tc.TC002_FCIIIBasicDetails"/>
  <testcase name="basicDetails" time="160.943" classname="com.FCI_3_18Aug22.tc.TC002_FCIIIBasicDetails"/>
  <testcase name="basicDetails" time="161.992" classname="com.FCI_3_18Aug22.tc.TC002_FCIIIBasicDetails"/>
  <testcase name="basicDetails" time="160.565" classname="com.FCI_3_18Aug22.tc.TC002_FCIIIBasicDetails"/>
  <testcase name="basicDetails" time="161.837" classname="com.FCI_3_18Aug22.tc.TC002_FCIIIBasicDetails"/>
  <testcase name="basicDetails" time="162.451" classname="com.FCI_3_18Aug22.tc.TC002_FCIIIBasicDetails"/>
  <testcase name="basicDetails" time="161.068" classname="com.FCI_3_18Aug22.tc.TC002_FCIIIBasicDetails"/>
  <testcase name="basicDetails" time="161.506" classname="com.FCI_3_18Aug22.tc.TC002_FCIIIBasicDetails"/>
  <testcase name="basicDetails" time="160.826" classname="com.FCI_3_18Aug22.tc.TC002_FCIIIBasicDetails"/>
  <testcase name="basicDetails" time="161.864" classname="com.FCI_3_18Aug22.tc.TC002_FCIIIBasicDetails"/>
  <testcase name="basicDetails" time="162.014" classname="com.FCI_3_18Aug22.tc.TC002_FCIIIBasicDetails"/>
  <testcase name="basicDetails" time="161.737" classname="com.FCI_3_18Aug22.tc.TC002_FCIIIBasicDetails"/>
  <testcase name="basicDetails" time="161.156" classname="com.FCI_3_18Aug22.tc.TC002_FCIIIBasicDetails"/>
  <testcase name="basicDetails" time="161.782" classname="com.FCI_3_18Aug22.tc.TC002_FCIIIBasicDetails"/>
  <testcase name="basicDetails" time="161.966" classname="com.FCI_3_18Aug22.tc.TC002_FCIIIBasicDetails"/>
  <testcase name="basicDetails" time="161.570" classname="com.FCI_3_18Aug22.tc.TC002_FCIIIBasicDetails"/>
  <testcase name="basicDetails" time="161.013" classname="com.FCI_3_18Aug22.tc.TC002_FCIIIBasicDetails"/>
  <testcase name="basicDetails" time="161.395" classname="com.FCI_3_18Aug22.tc.TC002_FCIIIBasicDetails"/>
  <testcase name="basicDetails" time="160.640" classname="com.FCI_3_18Aug22.tc.TC002_FCIIIBasicDetails"/>
  <testcase name="basicDetails" time="160.847" classname="com.FCI_3_18Aug22.tc.TC002_FCIIIBasicDetails"/>
  <testcase name="basicDetails" time="160.986" classname="com.FCI_3_18Aug22.tc.TC002_FCIIIBasicDetails"/>
  <testcase name="basicDetails" time="160.385" classname="com.FCI_3_18Aug22.tc.TC002_FCIIIBasicDetails"/>
  <testcase name="basicDetails" time="161.121" classname="com.FCI_3_18Aug22.tc.TC002_FCIIIBasicDetails"/>
  <testcase name="basicDetails" time="160.967" classname="com.FCI_3_18Aug22.tc.TC002_FCIIIBasicDetails"/>
  <testcase name="basicDetails" time="160.753" classname="com.FCI_3_18Aug22.tc.TC002_FCIIIBasicDetails"/>
  <testcase name="basicDetails" time="160.240" classname="com.FCI_3_18Aug22.tc.TC002_FCIIIBasicDetails"/>
  <testcase name="basicDetails" time="161.990" classname="com.FCI_3_18Aug22.tc.TC002_FCIIIBasicDetails"/>
  <testcase name="basicDetails" time="163.175" classname="com.FCI_3_18Aug22.tc.TC002_FCIIIBasicDetails"/>
  <testcase name="basicDetails" time="162.005" classname="com.FCI_3_18Aug22.tc.TC002_FCIIIBasicDetails"/>
  <testcase name="basicDetails" time="160.858" classname="com.FCI_3_18Aug22.tc.TC002_FCIIIBasicDetails"/>
  <testcase name="basicDetails" time="161.207" classname="com.FCI_3_18Aug22.tc.TC002_FCIIIBasicDetails"/>
  <testcase name="basicDetails" time="160.677" classname="com.FCI_3_18Aug22.tc.TC002_FCIIIBasicDetails"/>
  <testcase name="basicDetails" time="161.839" classname="com.FCI_3_18Aug22.tc.TC002_FCIIIBasicDetails"/>
  <testcase name="basicDetails" time="161.230" classname="com.FCI_3_18Aug22.tc.TC002_FCIIIBasicDetails"/>
  <testcase name="basicDetails" time="161.056" classname="com.FCI_3_18Aug22.tc.TC002_FCIIIBasicDetails"/>
</testsuite> <!-- com.FCI_3_18Aug22.tc.TC002_FCIIIBasicDetails -->
