<?xml version="1.0" encoding="UTF-8"?>
<!-- Generated by org.testng.reporters.JUnitReportReporter -->
<testsuite skipped="0" hostname="MAA014482B" name="com.DCCB_15Sep22.tc.TC003_DCCBBasicDetails" tests="17" failures="0" timestamp="2022-09-22T15:33:28 IST" time="2853.137" errors="0">
  <testcase name="basicDetails" time="163.039" classname="com.DCCB_15Sep22.tc.TC003_DCCBBasicDetails"/>
  <testcase name="basicDetails" time="169.383" classname="com.DCCB_15Sep22.tc.TC003_DCCBBasicDetails"/>
  <testcase name="basicDetails" time="170.854" classname="com.DCCB_15Sep22.tc.TC003_DCCBBasicDetails"/>
  <testcase name="basicDetails" time="164.975" classname="com.DCCB_15Sep22.tc.TC003_DCCBBasicDetails"/>
  <testcase name="basicDetails" time="172.864" classname="com.DCCB_15Sep22.tc.TC003_DCCBBasicDetails"/>
  <testcase name="basicDetails" time="171.173" classname="com.DCCB_15Sep22.tc.TC003_DCCBBasicDetails"/>
  <testcase name="basicDetails" time="164.520" classname="com.DCCB_15Sep22.tc.TC003_DCCBBasicDetails"/>
  <testcase name="basicDetails" time="164.455" classname="com.DCCB_15Sep22.tc.TC003_DCCBBasicDetails"/>
  <testcase name="basicDetails" time="174.157" classname="com.DCCB_15Sep22.tc.TC003_DCCBBasicDetails"/>
  <testcase name="basicDetails" time="169.575" classname="com.DCCB_15Sep22.tc.TC003_DCCBBasicDetails"/>
  <testcase name="basicDetails" time="169.774" classname="com.DCCB_15Sep22.tc.TC003_DCCBBasicDetails"/>
  <testcase name="basicDetails" time="164.482" classname="com.DCCB_15Sep22.tc.TC003_DCCBBasicDetails"/>
  <testcase name="basicDetails" time="164.518" classname="com.DCCB_15Sep22.tc.TC003_DCCBBasicDetails"/>
  <testcase name="basicDetails" time="164.149" classname="com.DCCB_15Sep22.tc.TC003_DCCBBasicDetails"/>
  <testcase name="basicDetails" time="169.520" classname="com.DCCB_15Sep22.tc.TC003_DCCBBasicDetails"/>
  <testcase name="basicDetails" time="165.713" classname="com.DCCB_15Sep22.tc.TC003_DCCBBasicDetails"/>
  <testcase name="basicDetails" time="169.986" classname="com.DCCB_15Sep22.tc.TC003_DCCBBasicDetails"/>
</testsuite> <!-- com.DCCB_15Sep22.tc.TC003_DCCBBasicDetails -->
