<?xml version="1.0" encoding="UTF-8"?>
<!-- Generated by org.testng.reporters.JUnitReportReporter -->
<testsuite skipped="0" hostname="MAA014482B" name="com.GSD_April23.tc.TC003_GSDBasicDetails" tests="18" failures="0" timestamp="2023-04-18T15:28:53 IST" time="2788.945" errors="0">
  <testcase name="basicDetails" time="154.215" classname="com.GSD_April23.tc.TC003_GSDBasicDetails"/>
  <testcase name="basicDetails" time="154.661" classname="com.GSD_April23.tc.TC003_GSDBasicDetails"/>
  <testcase name="basicDetails" time="154.151" classname="com.GSD_April23.tc.TC003_GSDBasicDetails"/>
  <testcase name="basicDetails" time="154.193" classname="com.GSD_April23.tc.TC003_GSDBasicDetails"/>
  <testcase name="basicDetails" time="153.756" classname="com.GSD_April23.tc.TC003_GSDBasicDetails"/>
  <testcase name="basicDetails" time="159.549" classname="com.GSD_April23.tc.TC003_GSDBasicDetails"/>
  <testcase name="basicDetails" time="154.431" classname="com.GSD_April23.tc.TC003_GSDBasicDetails"/>
  <testcase name="basicDetails" time="159.268" classname="com.GSD_April23.tc.TC003_GSDBasicDetails"/>
  <testcase name="basicDetails" time="153.344" classname="com.GSD_April23.tc.TC003_GSDBasicDetails"/>
  <testcase name="basicDetails" time="154.189" classname="com.GSD_April23.tc.TC003_GSDBasicDetails"/>
  <testcase name="basicDetails" time="154.319" classname="com.GSD_April23.tc.TC003_GSDBasicDetails"/>
  <testcase name="basicDetails" time="153.410" classname="com.GSD_April23.tc.TC003_GSDBasicDetails"/>
  <testcase name="basicDetails" time="154.380" classname="com.GSD_April23.tc.TC003_GSDBasicDetails"/>
  <testcase name="basicDetails" time="153.695" classname="com.GSD_April23.tc.TC003_GSDBasicDetails"/>
  <testcase name="basicDetails" time="159.319" classname="com.GSD_April23.tc.TC003_GSDBasicDetails"/>
  <testcase name="basicDetails" time="154.010" classname="com.GSD_April23.tc.TC003_GSDBasicDetails"/>
  <testcase name="basicDetails" time="154.240" classname="com.GSD_April23.tc.TC003_GSDBasicDetails"/>
  <testcase name="basicDetails" time="153.815" classname="com.GSD_April23.tc.TC003_GSDBasicDetails"/>
</testsuite> <!-- com.GSD_April23.tc.TC003_GSDBasicDetails -->
