<?xml version="1.0" encoding="UTF-8"?>
<!-- Generated by org.testng.reporters.JUnitReportReporter -->
<testsuite skipped="0" hostname="MAA014482B" name="com.SBI_20July22.tc.TC002_SBIBasicDetails" tests="124" failures="0" timestamp="2022-07-29T02:06:47 IST" time="16008.176" errors="0">
  <testcase name="basicDetails" time="127.461" classname="com.SBI_20July22.tc.TC002_SBIBasicDetails"/>
  <testcase name="basicDetails" time="130.710" classname="com.SBI_20July22.tc.TC002_SBIBasicDetails"/>
  <testcase name="basicDetails" time="127.540" classname="com.SBI_20July22.tc.TC002_SBIBasicDetails"/>
  <testcase name="basicDetails" time="130.636" classname="com.SBI_20July22.tc.TC002_SBIBasicDetails"/>
  <testcase name="basicDetails" time="128.188" classname="com.SBI_20July22.tc.TC002_SBIBasicDetails"/>
  <testcase name="basicDetails" time="127.726" classname="com.SBI_20July22.tc.TC002_SBIBasicDetails"/>
  <testcase name="basicDetails" time="127.701" classname="com.SBI_20July22.tc.TC002_SBIBasicDetails"/>
  <testcase name="basicDetails" time="130.792" classname="com.SBI_20July22.tc.TC002_SBIBasicDetails"/>
  <testcase name="basicDetails" time="127.457" classname="com.SBI_20July22.tc.TC002_SBIBasicDetails"/>
  <testcase name="basicDetails" time="130.753" classname="com.SBI_20July22.tc.TC002_SBIBasicDetails"/>
  <testcase name="basicDetails" time="127.318" classname="com.SBI_20July22.tc.TC002_SBIBasicDetails"/>
  <testcase name="basicDetails" time="127.211" classname="com.SBI_20July22.tc.TC002_SBIBasicDetails"/>
  <testcase name="basicDetails" time="130.849" classname="com.SBI_20July22.tc.TC002_SBIBasicDetails"/>
  <testcase name="basicDetails" time="127.376" classname="com.SBI_20July22.tc.TC002_SBIBasicDetails"/>
  <testcase name="basicDetails" time="127.466" classname="com.SBI_20July22.tc.TC002_SBIBasicDetails"/>
  <testcase name="basicDetails" time="127.537" classname="com.SBI_20July22.tc.TC002_SBIBasicDetails"/>
  <testcase name="basicDetails" time="130.783" classname="com.SBI_20July22.tc.TC002_SBIBasicDetails"/>
  <testcase name="basicDetails" time="130.589" classname="com.SBI_20July22.tc.TC002_SBIBasicDetails"/>
  <testcase name="basicDetails" time="130.575" classname="com.SBI_20July22.tc.TC002_SBIBasicDetails"/>
  <testcase name="basicDetails" time="131.021" classname="com.SBI_20July22.tc.TC002_SBIBasicDetails"/>
  <testcase name="basicDetails" time="127.318" classname="com.SBI_20July22.tc.TC002_SBIBasicDetails"/>
  <testcase name="basicDetails" time="130.766" classname="com.SBI_20July22.tc.TC002_SBIBasicDetails"/>
  <testcase name="basicDetails" time="127.460" classname="com.SBI_20July22.tc.TC002_SBIBasicDetails"/>
  <testcase name="basicDetails" time="127.409" classname="com.SBI_20July22.tc.TC002_SBIBasicDetails"/>
  <testcase name="basicDetails" time="127.219" classname="com.SBI_20July22.tc.TC002_SBIBasicDetails"/>
  <testcase name="basicDetails" time="127.728" classname="com.SBI_20July22.tc.TC002_SBIBasicDetails"/>
  <testcase name="basicDetails" time="128.300" classname="com.SBI_20July22.tc.TC002_SBIBasicDetails"/>
  <testcase name="basicDetails" time="127.752" classname="com.SBI_20July22.tc.TC002_SBIBasicDetails"/>
  <testcase name="basicDetails" time="127.737" classname="com.SBI_20July22.tc.TC002_SBIBasicDetails"/>
  <testcase name="basicDetails" time="130.899" classname="com.SBI_20July22.tc.TC002_SBIBasicDetails"/>
  <testcase name="basicDetails" time="130.526" classname="com.SBI_20July22.tc.TC002_SBIBasicDetails"/>
  <testcase name="basicDetails" time="130.887" classname="com.SBI_20July22.tc.TC002_SBIBasicDetails"/>
  <testcase name="basicDetails" time="127.561" classname="com.SBI_20July22.tc.TC002_SBIBasicDetails"/>
  <testcase name="basicDetails" time="127.309" classname="com.SBI_20July22.tc.TC002_SBIBasicDetails"/>
  <testcase name="basicDetails" time="130.451" classname="com.SBI_20July22.tc.TC002_SBIBasicDetails"/>
  <testcase name="basicDetails" time="130.647" classname="com.SBI_20July22.tc.TC002_SBIBasicDetails"/>
  <testcase name="basicDetails" time="130.348" classname="com.SBI_20July22.tc.TC002_SBIBasicDetails"/>
  <testcase name="basicDetails" time="130.511" classname="com.SBI_20July22.tc.TC002_SBIBasicDetails"/>
  <testcase name="basicDetails" time="130.696" classname="com.SBI_20July22.tc.TC002_SBIBasicDetails"/>
  <testcase name="basicDetails" time="130.908" classname="com.SBI_20July22.tc.TC002_SBIBasicDetails"/>
  <testcase name="basicDetails" time="130.837" classname="com.SBI_20July22.tc.TC002_SBIBasicDetails"/>
  <testcase name="basicDetails" time="127.482" classname="com.SBI_20July22.tc.TC002_SBIBasicDetails"/>
  <testcase name="basicDetails" time="126.782" classname="com.SBI_20July22.tc.TC002_SBIBasicDetails"/>
  <testcase name="basicDetails" time="127.322" classname="com.SBI_20July22.tc.TC002_SBIBasicDetails"/>
  <testcase name="basicDetails" time="130.844" classname="com.SBI_20July22.tc.TC002_SBIBasicDetails"/>
  <testcase name="basicDetails" time="127.661" classname="com.SBI_20July22.tc.TC002_SBIBasicDetails"/>
  <testcase name="basicDetails" time="129.005" classname="com.SBI_20July22.tc.TC002_SBIBasicDetails"/>
  <testcase name="basicDetails" time="130.929" classname="com.SBI_20July22.tc.TC002_SBIBasicDetails"/>
  <testcase name="basicDetails" time="127.536" classname="com.SBI_20July22.tc.TC002_SBIBasicDetails"/>
  <testcase name="basicDetails" time="127.462" classname="com.SBI_20July22.tc.TC002_SBIBasicDetails"/>
  <testcase name="basicDetails" time="130.211" classname="com.SBI_20July22.tc.TC002_SBIBasicDetails"/>
  <testcase name="basicDetails" time="127.551" classname="com.SBI_20July22.tc.TC002_SBIBasicDetails"/>
  <testcase name="basicDetails" time="130.456" classname="com.SBI_20July22.tc.TC002_SBIBasicDetails"/>
  <testcase name="basicDetails" time="127.235" classname="com.SBI_20July22.tc.TC002_SBIBasicDetails"/>
  <testcase name="basicDetails" time="130.744" classname="com.SBI_20July22.tc.TC002_SBIBasicDetails"/>
  <testcase name="basicDetails" time="127.690" classname="com.SBI_20July22.tc.TC002_SBIBasicDetails"/>
  <testcase name="basicDetails" time="127.498" classname="com.SBI_20July22.tc.TC002_SBIBasicDetails"/>
  <testcase name="basicDetails" time="130.672" classname="com.SBI_20July22.tc.TC002_SBIBasicDetails"/>
  <testcase name="basicDetails" time="130.991" classname="com.SBI_20July22.tc.TC002_SBIBasicDetails"/>
  <testcase name="basicDetails" time="127.392" classname="com.SBI_20July22.tc.TC002_SBIBasicDetails"/>
  <testcase name="basicDetails" time="127.268" classname="com.SBI_20July22.tc.TC002_SBIBasicDetails"/>
  <testcase name="basicDetails" time="130.923" classname="com.SBI_20July22.tc.TC002_SBIBasicDetails"/>
  <testcase name="basicDetails" time="128.029" classname="com.SBI_20July22.tc.TC002_SBIBasicDetails"/>
  <testcase name="basicDetails" time="127.920" classname="com.SBI_20July22.tc.TC002_SBIBasicDetails"/>
  <testcase name="basicDetails" time="127.408" classname="com.SBI_20July22.tc.TC002_SBIBasicDetails"/>
  <testcase name="basicDetails" time="131.033" classname="com.SBI_20July22.tc.TC002_SBIBasicDetails"/>
  <testcase name="basicDetails" time="131.112" classname="com.SBI_20July22.tc.TC002_SBIBasicDetails"/>
  <testcase name="basicDetails" time="126.920" classname="com.SBI_20July22.tc.TC002_SBIBasicDetails"/>
  <testcase name="basicDetails" time="131.232" classname="com.SBI_20July22.tc.TC002_SBIBasicDetails"/>
  <testcase name="basicDetails" time="127.390" classname="com.SBI_20July22.tc.TC002_SBIBasicDetails"/>
  <testcase name="basicDetails" time="130.743" classname="com.SBI_20July22.tc.TC002_SBIBasicDetails"/>
  <testcase name="basicDetails" time="130.883" classname="com.SBI_20July22.tc.TC002_SBIBasicDetails"/>
  <testcase name="basicDetails" time="130.537" classname="com.SBI_20July22.tc.TC002_SBIBasicDetails"/>
  <testcase name="basicDetails" time="130.749" classname="com.SBI_20July22.tc.TC002_SBIBasicDetails"/>
  <testcase name="basicDetails" time="130.842" classname="com.SBI_20July22.tc.TC002_SBIBasicDetails"/>
  <testcase name="basicDetails" time="131.150" classname="com.SBI_20July22.tc.TC002_SBIBasicDetails"/>
  <testcase name="basicDetails" time="127.555" classname="com.SBI_20July22.tc.TC002_SBIBasicDetails"/>
  <testcase name="basicDetails" time="127.520" classname="com.SBI_20July22.tc.TC002_SBIBasicDetails"/>
  <testcase name="basicDetails" time="127.659" classname="com.SBI_20July22.tc.TC002_SBIBasicDetails"/>
  <testcase name="basicDetails" time="127.669" classname="com.SBI_20July22.tc.TC002_SBIBasicDetails"/>
  <testcase name="basicDetails" time="127.686" classname="com.SBI_20July22.tc.TC002_SBIBasicDetails"/>
  <testcase name="basicDetails" time="127.420" classname="com.SBI_20July22.tc.TC002_SBIBasicDetails"/>
  <testcase name="basicDetails" time="131.015" classname="com.SBI_20July22.tc.TC002_SBIBasicDetails"/>
  <testcase name="basicDetails" time="127.256" classname="com.SBI_20July22.tc.TC002_SBIBasicDetails"/>
  <testcase name="basicDetails" time="130.513" classname="com.SBI_20July22.tc.TC002_SBIBasicDetails"/>
  <testcase name="basicDetails" time="130.578" classname="com.SBI_20July22.tc.TC002_SBIBasicDetails"/>
  <testcase name="basicDetails" time="127.439" classname="com.SBI_20July22.tc.TC002_SBIBasicDetails"/>
  <testcase name="basicDetails" time="131.248" classname="com.SBI_20July22.tc.TC002_SBIBasicDetails"/>
  <testcase name="basicDetails" time="127.288" classname="com.SBI_20July22.tc.TC002_SBIBasicDetails"/>
  <testcase name="basicDetails" time="130.670" classname="com.SBI_20July22.tc.TC002_SBIBasicDetails"/>
  <testcase name="basicDetails" time="130.619" classname="com.SBI_20July22.tc.TC002_SBIBasicDetails"/>
  <testcase name="basicDetails" time="127.265" classname="com.SBI_20July22.tc.TC002_SBIBasicDetails"/>
  <testcase name="basicDetails" time="130.842" classname="com.SBI_20July22.tc.TC002_SBIBasicDetails"/>
  <testcase name="basicDetails" time="130.768" classname="com.SBI_20July22.tc.TC002_SBIBasicDetails"/>
  <testcase name="basicDetails" time="127.657" classname="com.SBI_20July22.tc.TC002_SBIBasicDetails"/>
  <testcase name="basicDetails" time="127.288" classname="com.SBI_20July22.tc.TC002_SBIBasicDetails"/>
  <testcase name="basicDetails" time="130.451" classname="com.SBI_20July22.tc.TC002_SBIBasicDetails"/>
  <testcase name="basicDetails" time="130.644" classname="com.SBI_20July22.tc.TC002_SBIBasicDetails"/>
  <testcase name="basicDetails" time="127.371" classname="com.SBI_20July22.tc.TC002_SBIBasicDetails"/>
  <testcase name="basicDetails" time="130.556" classname="com.SBI_20July22.tc.TC002_SBIBasicDetails"/>
  <testcase name="basicDetails" time="127.406" classname="com.SBI_20July22.tc.TC002_SBIBasicDetails"/>
  <testcase name="basicDetails" time="127.119" classname="com.SBI_20July22.tc.TC002_SBIBasicDetails"/>
  <testcase name="basicDetails" time="131.043" classname="com.SBI_20July22.tc.TC002_SBIBasicDetails"/>
  <testcase name="basicDetails" time="130.786" classname="com.SBI_20July22.tc.TC002_SBIBasicDetails"/>
  <testcase name="basicDetails" time="130.609" classname="com.SBI_20July22.tc.TC002_SBIBasicDetails"/>
  <testcase name="basicDetails" time="127.539" classname="com.SBI_20July22.tc.TC002_SBIBasicDetails"/>
  <testcase name="basicDetails" time="127.258" classname="com.SBI_20July22.tc.TC002_SBIBasicDetails"/>
  <testcase name="basicDetails" time="127.464" classname="com.SBI_20July22.tc.TC002_SBIBasicDetails"/>
  <testcase name="basicDetails" time="130.307" classname="com.SBI_20July22.tc.TC002_SBIBasicDetails"/>
  <testcase name="basicDetails" time="127.312" classname="com.SBI_20July22.tc.TC002_SBIBasicDetails"/>
  <testcase name="basicDetails" time="130.664" classname="com.SBI_20July22.tc.TC002_SBIBasicDetails"/>
  <testcase name="basicDetails" time="130.760" classname="com.SBI_20July22.tc.TC002_SBIBasicDetails"/>
  <testcase name="basicDetails" time="127.523" classname="com.SBI_20July22.tc.TC002_SBIBasicDetails"/>
  <testcase name="basicDetails" time="130.680" classname="com.SBI_20July22.tc.TC002_SBIBasicDetails"/>
  <testcase name="basicDetails" time="130.456" classname="com.SBI_20July22.tc.TC002_SBIBasicDetails"/>
  <testcase name="basicDetails" time="127.180" classname="com.SBI_20July22.tc.TC002_SBIBasicDetails"/>
  <testcase name="basicDetails" time="130.695" classname="com.SBI_20July22.tc.TC002_SBIBasicDetails"/>
  <testcase name="basicDetails" time="127.291" classname="com.SBI_20July22.tc.TC002_SBIBasicDetails"/>
  <testcase name="basicDetails" time="127.381" classname="com.SBI_20July22.tc.TC002_SBIBasicDetails"/>
  <testcase name="basicDetails" time="127.974" classname="com.SBI_20July22.tc.TC002_SBIBasicDetails"/>
  <testcase name="basicDetails" time="130.976" classname="com.SBI_20July22.tc.TC002_SBIBasicDetails"/>
  <testcase name="basicDetails" time="130.569" classname="com.SBI_20July22.tc.TC002_SBIBasicDetails"/>
  <testcase name="basicDetails" time="131.210" classname="com.SBI_20July22.tc.TC002_SBIBasicDetails"/>
  <testcase name="basicDetails" time="130.437" classname="com.SBI_20July22.tc.TC002_SBIBasicDetails"/>
</testsuite> <!-- com.SBI_20July22.tc.TC002_SBIBasicDetails -->
