<?xml version="1.0" encoding="UTF-8"?>
<!-- Generated by org.testng.reporters.JUnitReportReporter -->
<testsuite skipped="0" hostname="MAA014482B" name="com.DCCB.tc.TC004_DCCBBasicDetails" tests="118" failures="0" timestamp="2022-08-04T05:35:40 IST" time="15360.383" errors="1">
  <testcase name="basicDetails" time="132.122" classname="com.DCCB.tc.TC004_DCCBBasicDetails"/>
  <testcase name="basicDetails" time="124.635" classname="com.DCCB.tc.TC004_DCCBBasicDetails"/>
  <testcase name="basicDetails" time="131.076" classname="com.DCCB.tc.TC004_DCCBBasicDetails"/>
  <testcase name="basicDetails" time="152.198" classname="com.DCCB.tc.TC004_DCCBBasicDetails"/>
  <testcase name="basicDetails" time="131.168" classname="com.DCCB.tc.TC004_DCCBBasicDetails"/>
  <testcase name="basicDetails" time="131.136" classname="com.DCCB.tc.TC004_DCCBBasicDetails"/>
  <testcase name="basicDetails" time="124.597" classname="com.DCCB.tc.TC004_DCCBBasicDetails"/>
  <testcase name="basicDetails" time="124.689" classname="com.DCCB.tc.TC004_DCCBBasicDetails"/>
  <testcase name="basicDetails" time="124.590" classname="com.DCCB.tc.TC004_DCCBBasicDetails"/>
  <testcase name="basicDetails" time="124.592" classname="com.DCCB.tc.TC004_DCCBBasicDetails"/>
  <testcase name="basicDetails" time="125.810" classname="com.DCCB.tc.TC004_DCCBBasicDetails"/>
  <testcase name="basicDetails" time="131.177" classname="com.DCCB.tc.TC004_DCCBBasicDetails"/>
  <testcase name="basicDetails" time="131.050" classname="com.DCCB.tc.TC004_DCCBBasicDetails"/>
  <testcase name="basicDetails" time="152.641" classname="com.DCCB.tc.TC004_DCCBBasicDetails"/>
  <testcase name="basicDetails" time="131.225" classname="com.DCCB.tc.TC004_DCCBBasicDetails"/>
  <testcase name="basicDetails" time="152.478" classname="com.DCCB.tc.TC004_DCCBBasicDetails"/>
  <testcase name="basicDetails" time="125.885" classname="com.DCCB.tc.TC004_DCCBBasicDetails"/>
  <testcase name="basicDetails" time="131.315" classname="com.DCCB.tc.TC004_DCCBBasicDetails"/>
  <testcase name="basicDetails" time="132.616" classname="com.DCCB.tc.TC004_DCCBBasicDetails"/>
  <testcase name="basicDetails" time="131.111" classname="com.DCCB.tc.TC004_DCCBBasicDetails"/>
  <testcase name="basicDetails" time="125.964" classname="com.DCCB.tc.TC004_DCCBBasicDetails"/>
  <testcase name="basicDetails" time="124.724" classname="com.DCCB.tc.TC004_DCCBBasicDetails"/>
  <testcase name="basicDetails" time="124.713" classname="com.DCCB.tc.TC004_DCCBBasicDetails"/>
  <testcase name="basicDetails" time="131.231" classname="com.DCCB.tc.TC004_DCCBBasicDetails"/>
  <testcase name="basicDetails" time="124.414" classname="com.DCCB.tc.TC004_DCCBBasicDetails"/>
  <testcase name="basicDetails" time="125.685" classname="com.DCCB.tc.TC004_DCCBBasicDetails"/>
  <testcase name="basicDetails" time="124.759" classname="com.DCCB.tc.TC004_DCCBBasicDetails"/>
  <testcase name="basicDetails" time="125.988" classname="com.DCCB.tc.TC004_DCCBBasicDetails"/>
  <testcase name="basicDetails" time="125.788" classname="com.DCCB.tc.TC004_DCCBBasicDetails"/>
  <testcase name="basicDetails" time="131.376" classname="com.DCCB.tc.TC004_DCCBBasicDetails"/>
  <testcase name="basicDetails" time="152.549" classname="com.DCCB.tc.TC004_DCCBBasicDetails"/>
  <testcase name="basicDetails" time="124.641" classname="com.DCCB.tc.TC004_DCCBBasicDetails"/>
  <testcase name="basicDetails" time="124.559" classname="com.DCCB.tc.TC004_DCCBBasicDetails"/>
  <testcase name="basicDetails" time="131.364" classname="com.DCCB.tc.TC004_DCCBBasicDetails"/>
  <testcase name="basicDetails" time="124.614" classname="com.DCCB.tc.TC004_DCCBBasicDetails"/>
  <testcase name="basicDetails" time="124.979" classname="com.DCCB.tc.TC004_DCCBBasicDetails"/>
  <testcase name="basicDetails" time="131.057" classname="com.DCCB.tc.TC004_DCCBBasicDetails"/>
  <testcase name="basicDetails" time="131.275" classname="com.DCCB.tc.TC004_DCCBBasicDetails"/>
  <testcase name="basicDetails" time="131.157" classname="com.DCCB.tc.TC004_DCCBBasicDetails"/>
  <testcase name="basicDetails" time="131.299" classname="com.DCCB.tc.TC004_DCCBBasicDetails"/>
  <testcase name="basicDetails" time="124.568" classname="com.DCCB.tc.TC004_DCCBBasicDetails"/>
  <testcase name="basicDetails" time="124.742" classname="com.DCCB.tc.TC004_DCCBBasicDetails"/>
  <testcase name="basicDetails" time="132.574" classname="com.DCCB.tc.TC004_DCCBBasicDetails"/>
  <testcase name="basicDetails" time="125.106" classname="com.DCCB.tc.TC004_DCCBBasicDetails"/>
  <testcase name="basicDetails" time="130.882" classname="com.DCCB.tc.TC004_DCCBBasicDetails"/>
  <testcase name="basicDetails" time="124.343" classname="com.DCCB.tc.TC004_DCCBBasicDetails"/>
  <testcase name="basicDetails" time="124.462" classname="com.DCCB.tc.TC004_DCCBBasicDetails"/>
  <testcase name="basicDetails" time="125.920" classname="com.DCCB.tc.TC004_DCCBBasicDetails"/>
  <testcase name="basicDetails" time="132.301" classname="com.DCCB.tc.TC004_DCCBBasicDetails"/>
  <testcase name="basicDetails" time="31.814" classname="com.DCCB.tc.TC004_DCCBBasicDetails">
    <error type="org.openqa.selenium.UnhandledAlertException" message="unexpected alert open: {Alert text : Date Of Birth should be between 02/07/1982 to 01/07/2004}
  (Session info: chrome=103.0.5060.134): Date Of Birth should be between 02/07/1982 to 01/07/2004
Build info: version: &#039;3.141.0&#039;, revision: &#039;2ecb7d9a&#039;, time: &#039;2018-10-31T20:09:30&#039;
System info: host: &#039;MAA014482B&#039;, ip: &#039;124.7.228.19&#039;, os.name: &#039;Windows 10&#039;, os.arch: &#039;amd64&#039;, os.version: &#039;10.0&#039;, java.version: &#039;1.8.0_131&#039;
Driver info: org.openqa.selenium.chrome.ChromeDriver
Capabilities {acceptInsecureCerts: false, browserName: chrome, browserVersion: 103.0.5060.134, chrome: {chromedriverVersion: 103.0.5060.53 (a1711811edd7..., userDataDir: C:\Users\016386\AppData\Loc...}, goog:chromeOptions: {debuggerAddress: localhost:50711}, javascriptEnabled: true, networkConnectionEnabled: false, pageLoadStrategy: normal, platform: WINDOWS, platformName: WINDOWS, proxy: Proxy(), setWindowRect: true, strictFileInteractability: false, timeouts: {implicit: 0, pageLoad: 300000, script: 30000}, unhandledPromptBehavior: dismiss and notify, webauthn:extension:credBlob: true, webauthn:extension:largeBlob: true, webauthn:virtualAuthenticators: true}
Session ID: 5b039fac23ecdf2b7bc2aadd394fc1f1
*** Element info: {Using=xpath, value=.//*[starts-with(@id,&#039;err_seldob&#039;)]}">
      <![CDATA[org.openqa.selenium.UnhandledAlertException: unexpected alert open: {Alert text : Date Of Birth should be between 02/07/1982 to 01/07/2004}
  (Session info: chrome=103.0.5060.134): Date Of Birth should be between 02/07/1982 to 01/07/2004
Build info: version: '3.141.0', revision: '2ecb7d9a', time: '2018-10-31T20:09:30'
System info: host: 'MAA014482B', ip: '124.7.228.19', os.name: 'Windows 10', os.arch: 'amd64', os.version: '10.0', java.version: '1.8.0_131'
Driver info: org.openqa.selenium.chrome.ChromeDriver
Capabilities {acceptInsecureCerts: false, browserName: chrome, browserVersion: 103.0.5060.134, chrome: {chromedriverVersion: 103.0.5060.53 (a1711811edd7..., userDataDir: C:\Users\016386\AppData\Loc...}, goog:chromeOptions: {debuggerAddress: localhost:50711}, javascriptEnabled: true, networkConnectionEnabled: false, pageLoadStrategy: normal, platform: WINDOWS, platformName: WINDOWS, proxy: Proxy(), setWindowRect: true, strictFileInteractability: false, timeouts: {implicit: 0, pageLoad: 300000, script: 30000}, unhandledPromptBehavior: dismiss and notify, webauthn:extension:credBlob: true, webauthn:extension:largeBlob: true, webauthn:virtualAuthenticators: true}
Session ID: 5b039fac23ecdf2b7bc2aadd394fc1f1
*** Element info: {Using=xpath, value=.//*[starts-with(@id,'err_seldob')]}
at org.openqa.selenium.remote.http.W3CHttpResponseCodec.decode(W3CHttpResponseCodec.java:120)
at org.openqa.selenium.remote.http.W3CHttpResponseCodec.decode(W3CHttpResponseCodec.java:49)
at org.openqa.selenium.remote.HttpCommandExecutor.execute(HttpCommandExecutor.java:158)
at org.openqa.selenium.remote.service.DriverCommandExecutor.execute(DriverCommandExecutor.java:83)
at org.openqa.selenium.remote.RemoteWebDriver.execute(RemoteWebDriver.java:552)
at org.openqa.selenium.remote.RemoteWebDriver.findElements(RemoteWebDriver.java:353)
at org.openqa.selenium.remote.RemoteWebDriver.findElementsByXPath(RemoteWebDriver.java:432)
at org.openqa.selenium.By$ByXPath.findElements(By.java:348)
at org.openqa.selenium.remote.RemoteWebDriver.findElements(RemoteWebDriver.java:311)
at lib.selenium.WebDriverServiceImpl.noagealert(WebDriverServiceImpl.java:761)
at lib.selenium.WebDriverServiceImpl.agevalidator_max(WebDriverServiceImpl.java:848)
at com.ibps.pages.PersonalDetailsPage.ageValidatorMax(PersonalDetailsPage.java:329)
at com.DCCB.tc.TC004_DCCBBasicDetails.basicDetails(TC004_DCCBBasicDetails.java:63)
at sun.reflect.NativeMethodAccessorImpl.invoke0(Native Method)
at sun.reflect.NativeMethodAccessorImpl.invoke(Unknown Source)
at sun.reflect.DelegatingMethodAccessorImpl.invoke(Unknown Source)
at java.lang.reflect.Method.invoke(Unknown Source)
at org.testng.internal.MethodInvocationHelper.invokeMethod(MethodInvocationHelper.java:133)
at org.testng.internal.TestInvoker.invokeMethod(TestInvoker.java:584)
at org.testng.internal.TestInvoker.invokeTestMethod(TestInvoker.java:172)
at org.testng.internal.MethodRunner.runInSequence(MethodRunner.java:46)
at org.testng.internal.TestInvoker$MethodInvocationAgent.invoke(TestInvoker.java:804)
at org.testng.internal.TestInvoker.invokeTestMethods(TestInvoker.java:145)
at org.testng.internal.TestMethodWorker.invokeTestMethods(TestMethodWorker.java:146)
at org.testng.internal.TestMethodWorker.run(TestMethodWorker.java:128)
at java.util.concurrent.ThreadPoolExecutor.runWorker(Unknown Source)
at java.util.concurrent.ThreadPoolExecutor$Worker.run(Unknown Source)
at java.lang.Thread.run(Unknown Source)
]]>
    </error>
  </testcase> <!-- basicDetails -->
  <testcase name="basicDetails" time="131.359" classname="com.DCCB.tc.TC004_DCCBBasicDetails"/>
  <testcase name="basicDetails" time="124.567" classname="com.DCCB.tc.TC004_DCCBBasicDetails"/>
  <testcase name="basicDetails" time="132.352" classname="com.DCCB.tc.TC004_DCCBBasicDetails"/>
  <testcase name="basicDetails" time="132.477" classname="com.DCCB.tc.TC004_DCCBBasicDetails"/>
  <testcase name="basicDetails" time="152.347" classname="com.DCCB.tc.TC004_DCCBBasicDetails"/>
  <testcase name="basicDetails" time="124.077" classname="com.DCCB.tc.TC004_DCCBBasicDetails"/>
  <testcase name="basicDetails" time="131.083" classname="com.DCCB.tc.TC004_DCCBBasicDetails"/>
  <testcase name="basicDetails" time="131.009" classname="com.DCCB.tc.TC004_DCCBBasicDetails"/>
  <testcase name="basicDetails" time="124.402" classname="com.DCCB.tc.TC004_DCCBBasicDetails"/>
  <testcase name="basicDetails" time="131.101" classname="com.DCCB.tc.TC004_DCCBBasicDetails"/>
  <testcase name="basicDetails" time="152.257" classname="com.DCCB.tc.TC004_DCCBBasicDetails"/>
  <testcase name="basicDetails" time="131.263" classname="com.DCCB.tc.TC004_DCCBBasicDetails"/>
  <testcase name="basicDetails" time="131.292" classname="com.DCCB.tc.TC004_DCCBBasicDetails"/>
  <testcase name="basicDetails" time="124.638" classname="com.DCCB.tc.TC004_DCCBBasicDetails"/>
  <testcase name="basicDetails" time="131.064" classname="com.DCCB.tc.TC004_DCCBBasicDetails"/>
  <testcase name="basicDetails" time="131.060" classname="com.DCCB.tc.TC004_DCCBBasicDetails"/>
  <testcase name="basicDetails" time="131.232" classname="com.DCCB.tc.TC004_DCCBBasicDetails"/>
  <testcase name="basicDetails" time="130.958" classname="com.DCCB.tc.TC004_DCCBBasicDetails"/>
  <testcase name="basicDetails" time="152.305" classname="com.DCCB.tc.TC004_DCCBBasicDetails"/>
  <testcase name="basicDetails" time="131.227" classname="com.DCCB.tc.TC004_DCCBBasicDetails"/>
  <testcase name="basicDetails" time="124.764" classname="com.DCCB.tc.TC004_DCCBBasicDetails"/>
  <testcase name="basicDetails" time="131.465" classname="com.DCCB.tc.TC004_DCCBBasicDetails"/>
  <testcase name="basicDetails" time="132.227" classname="com.DCCB.tc.TC004_DCCBBasicDetails"/>
  <testcase name="basicDetails" time="124.612" classname="com.DCCB.tc.TC004_DCCBBasicDetails"/>
  <testcase name="basicDetails" time="152.416" classname="com.DCCB.tc.TC004_DCCBBasicDetails"/>
  <testcase name="basicDetails" time="131.060" classname="com.DCCB.tc.TC004_DCCBBasicDetails"/>
  <testcase name="basicDetails" time="152.331" classname="com.DCCB.tc.TC004_DCCBBasicDetails"/>
  <testcase name="basicDetails" time="131.157" classname="com.DCCB.tc.TC004_DCCBBasicDetails"/>
  <testcase name="basicDetails" time="124.251" classname="com.DCCB.tc.TC004_DCCBBasicDetails"/>
  <testcase name="basicDetails" time="152.566" classname="com.DCCB.tc.TC004_DCCBBasicDetails"/>
  <testcase name="basicDetails" time="125.019" classname="com.DCCB.tc.TC004_DCCBBasicDetails"/>
  <testcase name="basicDetails" time="125.399" classname="com.DCCB.tc.TC004_DCCBBasicDetails"/>
  <testcase name="basicDetails" time="127.627" classname="com.DCCB.tc.TC004_DCCBBasicDetails"/>
  <testcase name="basicDetails" time="124.566" classname="com.DCCB.tc.TC004_DCCBBasicDetails"/>
  <testcase name="basicDetails" time="152.533" classname="com.DCCB.tc.TC004_DCCBBasicDetails"/>
  <testcase name="basicDetails" time="131.137" classname="com.DCCB.tc.TC004_DCCBBasicDetails"/>
  <testcase name="basicDetails" time="131.222" classname="com.DCCB.tc.TC004_DCCBBasicDetails"/>
  <testcase name="basicDetails" time="131.507" classname="com.DCCB.tc.TC004_DCCBBasicDetails"/>
  <testcase name="basicDetails" time="133.081" classname="com.DCCB.tc.TC004_DCCBBasicDetails"/>
  <testcase name="basicDetails" time="131.411" classname="com.DCCB.tc.TC004_DCCBBasicDetails"/>
  <testcase name="basicDetails" time="152.373" classname="com.DCCB.tc.TC004_DCCBBasicDetails"/>
  <testcase name="basicDetails" time="132.222" classname="com.DCCB.tc.TC004_DCCBBasicDetails"/>
  <testcase name="basicDetails" time="131.419" classname="com.DCCB.tc.TC004_DCCBBasicDetails"/>
  <testcase name="basicDetails" time="130.628" classname="com.DCCB.tc.TC004_DCCBBasicDetails"/>
  <testcase name="basicDetails" time="124.423" classname="com.DCCB.tc.TC004_DCCBBasicDetails"/>
  <testcase name="basicDetails" time="131.561" classname="com.DCCB.tc.TC004_DCCBBasicDetails"/>
  <testcase name="basicDetails" time="124.488" classname="com.DCCB.tc.TC004_DCCBBasicDetails"/>
  <testcase name="basicDetails" time="124.833" classname="com.DCCB.tc.TC004_DCCBBasicDetails"/>
  <testcase name="basicDetails" time="124.328" classname="com.DCCB.tc.TC004_DCCBBasicDetails"/>
  <testcase name="basicDetails" time="131.083" classname="com.DCCB.tc.TC004_DCCBBasicDetails"/>
  <testcase name="basicDetails" time="124.435" classname="com.DCCB.tc.TC004_DCCBBasicDetails"/>
  <testcase name="basicDetails" time="131.643" classname="com.DCCB.tc.TC004_DCCBBasicDetails"/>
  <testcase name="basicDetails" time="124.908" classname="com.DCCB.tc.TC004_DCCBBasicDetails"/>
  <testcase name="basicDetails" time="124.722" classname="com.DCCB.tc.TC004_DCCBBasicDetails"/>
  <testcase name="basicDetails" time="131.312" classname="com.DCCB.tc.TC004_DCCBBasicDetails"/>
  <testcase name="basicDetails" time="131.479" classname="com.DCCB.tc.TC004_DCCBBasicDetails"/>
  <testcase name="basicDetails" time="125.302" classname="com.DCCB.tc.TC004_DCCBBasicDetails"/>
  <testcase name="basicDetails" time="131.572" classname="com.DCCB.tc.TC004_DCCBBasicDetails"/>
  <testcase name="basicDetails" time="131.373" classname="com.DCCB.tc.TC004_DCCBBasicDetails"/>
  <testcase name="basicDetails" time="130.940" classname="com.DCCB.tc.TC004_DCCBBasicDetails"/>
  <testcase name="basicDetails" time="131.289" classname="com.DCCB.tc.TC004_DCCBBasicDetails"/>
  <testcase name="basicDetails" time="131.459" classname="com.DCCB.tc.TC004_DCCBBasicDetails"/>
  <testcase name="basicDetails" time="131.165" classname="com.DCCB.tc.TC004_DCCBBasicDetails"/>
  <testcase name="basicDetails" time="124.360" classname="com.DCCB.tc.TC004_DCCBBasicDetails"/>
  <testcase name="basicDetails" time="131.362" classname="com.DCCB.tc.TC004_DCCBBasicDetails"/>
  <testcase name="basicDetails" time="124.575" classname="com.DCCB.tc.TC004_DCCBBasicDetails"/>
  <testcase name="basicDetails" time="131.442" classname="com.DCCB.tc.TC004_DCCBBasicDetails"/>
  <testcase name="basicDetails" time="132.307" classname="com.DCCB.tc.TC004_DCCBBasicDetails"/>
</testsuite> <!-- com.DCCB.tc.TC004_DCCBBasicDetails -->
