<?xml version="1.0" encoding="UTF-8"?>
<!-- Generated by org.testng.reporters.JUnitReportReporter -->
<testsuite skipped="0" hostname="MAA014482B" name="com.RCF.tc.TC005_RCFBasicDetails" tests="21" failures="0" timestamp="2022-12-20T17:38:06 IST" time="3312.487" errors="0">
  <testcase name="basicDetails" time="157.433" classname="com.RCF.tc.TC005_RCFBasicDetails"/>
  <testcase name="basicDetails" time="157.739" classname="com.RCF.tc.TC005_RCFBasicDetails"/>
  <testcase name="basicDetails" time="157.605" classname="com.RCF.tc.TC005_RCFBasicDetails"/>
  <testcase name="basicDetails" time="157.744" classname="com.RCF.tc.TC005_RCFBasicDetails"/>
  <testcase name="basicDetails" time="157.856" classname="com.RCF.tc.TC005_RCFBasicDetails"/>
  <testcase name="basicDetails" time="157.501" classname="com.RCF.tc.TC005_RCFBasicDetails"/>
  <testcase name="basicDetails" time="157.410" classname="com.RCF.tc.TC005_RCFBasicDetails"/>
  <testcase name="basicDetails" time="158.329" classname="com.RCF.tc.TC005_RCFBasicDetails"/>
  <testcase name="basicDetails" time="157.840" classname="com.RCF.tc.TC005_RCFBasicDetails"/>
  <testcase name="basicDetails" time="157.827" classname="com.RCF.tc.TC005_RCFBasicDetails"/>
  <testcase name="basicDetails" time="157.605" classname="com.RCF.tc.TC005_RCFBasicDetails"/>
  <testcase name="basicDetails" time="157.371" classname="com.RCF.tc.TC005_RCFBasicDetails"/>
  <testcase name="basicDetails" time="157.738" classname="com.RCF.tc.TC005_RCFBasicDetails"/>
  <testcase name="basicDetails" time="157.621" classname="com.RCF.tc.TC005_RCFBasicDetails"/>
  <testcase name="basicDetails" time="157.404" classname="com.RCF.tc.TC005_RCFBasicDetails"/>
  <testcase name="basicDetails" time="157.651" classname="com.RCF.tc.TC005_RCFBasicDetails"/>
  <testcase name="basicDetails" time="157.677" classname="com.RCF.tc.TC005_RCFBasicDetails"/>
  <testcase name="basicDetails" time="157.360" classname="com.RCF.tc.TC005_RCFBasicDetails"/>
  <testcase name="basicDetails" time="157.419" classname="com.RCF.tc.TC005_RCFBasicDetails"/>
  <testcase name="basicDetails" time="157.737" classname="com.RCF.tc.TC005_RCFBasicDetails"/>
  <testcase name="basicDetails" time="159.620" classname="com.RCF.tc.TC005_RCFBasicDetails"/>
</testsuite> <!-- com.RCF.tc.TC005_RCFBasicDetails -->
