<?xml version="1.0" encoding="UTF-8"?>
<!-- Generated by org.testng.reporters.JUnitReportReporter -->
<testsuite skipped="0" hostname="MAA014482B" name="com.BOKARO.tc.TC003_BSPBasicDetails" tests="100" failures="0" timestamp="2023-03-22T01:51:27 IST" time="16175.136" errors="1">
  <testcase name="basicDetails" time="160.885" classname="com.BOKARO.tc.TC003_BSPBasicDetails"/>
  <testcase name="basicDetails" time="161.179" classname="com.BOKARO.tc.TC003_BSPBasicDetails"/>
  <testcase name="basicDetails" time="162.816" classname="com.BOKARO.tc.TC003_BSPBasicDetails"/>
  <testcase name="basicDetails" time="162.224" classname="com.BOKARO.tc.TC003_BSPBasicDetails"/>
  <testcase name="basicDetails" time="162.321" classname="com.BOKARO.tc.TC003_BSPBasicDetails"/>
  <testcase name="basicDetails" time="162.703" classname="com.BOKARO.tc.TC003_BSPBasicDetails"/>
  <testcase name="basicDetails" time="162.002" classname="com.BOKARO.tc.TC003_BSPBasicDetails"/>
  <testcase name="basicDetails" time="162.966" classname="com.BOKARO.tc.TC003_BSPBasicDetails"/>
  <testcase name="basicDetails" time="162.390" classname="com.BOKARO.tc.TC003_BSPBasicDetails"/>
  <testcase name="basicDetails" time="162.938" classname="com.BOKARO.tc.TC003_BSPBasicDetails"/>
  <testcase name="basicDetails" time="161.950" classname="com.BOKARO.tc.TC003_BSPBasicDetails"/>
  <testcase name="basicDetails" time="162.289" classname="com.BOKARO.tc.TC003_BSPBasicDetails"/>
  <testcase name="basicDetails" time="161.909" classname="com.BOKARO.tc.TC003_BSPBasicDetails"/>
  <testcase name="basicDetails" time="162.160" classname="com.BOKARO.tc.TC003_BSPBasicDetails"/>
  <testcase name="basicDetails" time="162.179" classname="com.BOKARO.tc.TC003_BSPBasicDetails"/>
  <testcase name="basicDetails" time="161.121" classname="com.BOKARO.tc.TC003_BSPBasicDetails"/>
  <testcase name="basicDetails" time="162.219" classname="com.BOKARO.tc.TC003_BSPBasicDetails"/>
  <testcase name="basicDetails" time="162.568" classname="com.BOKARO.tc.TC003_BSPBasicDetails"/>
  <testcase name="basicDetails" time="162.112" classname="com.BOKARO.tc.TC003_BSPBasicDetails"/>
  <testcase name="basicDetails" time="162.510" classname="com.BOKARO.tc.TC003_BSPBasicDetails"/>
  <testcase name="basicDetails" time="162.662" classname="com.BOKARO.tc.TC003_BSPBasicDetails"/>
  <testcase name="basicDetails" time="162.549" classname="com.BOKARO.tc.TC003_BSPBasicDetails"/>
  <testcase name="basicDetails" time="162.625" classname="com.BOKARO.tc.TC003_BSPBasicDetails"/>
  <testcase name="basicDetails" time="162.913" classname="com.BOKARO.tc.TC003_BSPBasicDetails"/>
  <testcase name="basicDetails" time="161.621" classname="com.BOKARO.tc.TC003_BSPBasicDetails"/>
  <testcase name="basicDetails" time="162.232" classname="com.BOKARO.tc.TC003_BSPBasicDetails"/>
  <testcase name="basicDetails" time="162.296" classname="com.BOKARO.tc.TC003_BSPBasicDetails"/>
  <testcase name="basicDetails" time="162.989" classname="com.BOKARO.tc.TC003_BSPBasicDetails"/>
  <testcase name="basicDetails" time="161.663" classname="com.BOKARO.tc.TC003_BSPBasicDetails"/>
  <testcase name="basicDetails" time="158.921" classname="com.BOKARO.tc.TC003_BSPBasicDetails"/>
  <testcase name="basicDetails" time="162.356" classname="com.BOKARO.tc.TC003_BSPBasicDetails"/>
  <testcase name="basicDetails" time="162.979" classname="com.BOKARO.tc.TC003_BSPBasicDetails"/>
  <testcase name="basicDetails" time="161.199" classname="com.BOKARO.tc.TC003_BSPBasicDetails"/>
  <testcase name="basicDetails" time="162.250" classname="com.BOKARO.tc.TC003_BSPBasicDetails"/>
  <testcase name="basicDetails" time="146.028" classname="com.BOKARO.tc.TC003_BSPBasicDetails">
    <error type="org.openqa.selenium.UnhandledAlertException" message="unexpected alert open: {Alert text : Date Of Birth should be between 08/04/1972 to 07/04/2005}
  (Session info: chrome=110.0.5481.178): Date Of Birth should be between 08/04/1972 to 07/04/2005
Build info: version: &#039;3.141.0&#039;, revision: &#039;2ecb7d9a&#039;, time: &#039;2018-10-31T20:09:30&#039;
System info: host: &#039;MAA014482B&#039;, ip: &#039;124.7.228.19&#039;, os.name: &#039;Windows 10&#039;, os.arch: &#039;amd64&#039;, os.version: &#039;10.0&#039;, java.version: &#039;1.8.0_131&#039;
Driver info: org.openqa.selenium.chrome.ChromeDriver
Capabilities {acceptInsecureCerts: false, browserName: chrome, browserVersion: 110.0.5481.178, chrome: {chromedriverVersion: 110.0.5481.77 (65ed616c6e8e..., userDataDir: C:\Users\016386\AppData\Loc...}, goog:chromeOptions: {debuggerAddress: localhost:60190}, javascriptEnabled: true, networkConnectionEnabled: false, pageLoadStrategy: normal, platform: WINDOWS, platformName: WINDOWS, proxy: Proxy(), setWindowRect: true, strictFileInteractability: false, timeouts: {implicit: 0, pageLoad: 300000, script: 30000}, unhandledPromptBehavior: dismiss and notify, webauthn:extension:credBlob: true, webauthn:extension:largeBlob: true, webauthn:virtualAuthenticators: true}
Session ID: 4f7146c40b0ec73108646ee928548a07
*** Element info: {Using=id, value=txtage}">
      <![CDATA[org.openqa.selenium.UnhandledAlertException: unexpected alert open: {Alert text : Date Of Birth should be between 08/04/1972 to 07/04/2005}
  (Session info: chrome=110.0.5481.178): Date Of Birth should be between 08/04/1972 to 07/04/2005
Build info: version: '3.141.0', revision: '2ecb7d9a', time: '2018-10-31T20:09:30'
System info: host: 'MAA014482B', ip: '124.7.228.19', os.name: 'Windows 10', os.arch: 'amd64', os.version: '10.0', java.version: '1.8.0_131'
Driver info: org.openqa.selenium.chrome.ChromeDriver
Capabilities {acceptInsecureCerts: false, browserName: chrome, browserVersion: 110.0.5481.178, chrome: {chromedriverVersion: 110.0.5481.77 (65ed616c6e8e..., userDataDir: C:\Users\016386\AppData\Loc...}, goog:chromeOptions: {debuggerAddress: localhost:60190}, javascriptEnabled: true, networkConnectionEnabled: false, pageLoadStrategy: normal, platform: WINDOWS, platformName: WINDOWS, proxy: Proxy(), setWindowRect: true, strictFileInteractability: false, timeouts: {implicit: 0, pageLoad: 300000, script: 30000}, unhandledPromptBehavior: dismiss and notify, webauthn:extension:credBlob: true, webauthn:extension:largeBlob: true, webauthn:virtualAuthenticators: true}
Session ID: 4f7146c40b0ec73108646ee928548a07
*** Element info: {Using=id, value=txtage}
at org.openqa.selenium.remote.http.W3CHttpResponseCodec.decode(W3CHttpResponseCodec.java:120)
at org.openqa.selenium.remote.http.W3CHttpResponseCodec.decode(W3CHttpResponseCodec.java:49)
at org.openqa.selenium.remote.HttpCommandExecutor.execute(HttpCommandExecutor.java:158)
at org.openqa.selenium.remote.service.DriverCommandExecutor.execute(DriverCommandExecutor.java:83)
at org.openqa.selenium.remote.RemoteWebDriver.execute(RemoteWebDriver.java:552)
at org.openqa.selenium.remote.RemoteWebDriver.findElement(RemoteWebDriver.java:323)
at org.openqa.selenium.remote.RemoteWebDriver.findElementById(RemoteWebDriver.java:372)
at org.openqa.selenium.By$ById.findElement(By.java:188)
at org.openqa.selenium.remote.RemoteWebDriver.findElement(RemoteWebDriver.java:315)
at lib.selenium.WebDriverServiceImpl.agevalidator_asondate(WebDriverServiceImpl.java:1249)
at com.ibps.pages.PersonalDetailsPage.ageValidatorAsOnDate(PersonalDetailsPage.java:343)
at com.BOKARO.tc.TC003_BSPBasicDetails.basicDetails(TC003_BSPBasicDetails.java:62)
at sun.reflect.GeneratedMethodAccessor4.invoke(Unknown Source)
at sun.reflect.DelegatingMethodAccessorImpl.invoke(Unknown Source)
at java.lang.reflect.Method.invoke(Unknown Source)
at org.testng.internal.MethodInvocationHelper.invokeMethod(MethodInvocationHelper.java:133)
at org.testng.internal.TestInvoker.invokeMethod(TestInvoker.java:584)
at org.testng.internal.TestInvoker.invokeTestMethod(TestInvoker.java:172)
at org.testng.internal.MethodRunner.runInSequence(MethodRunner.java:46)
at org.testng.internal.TestInvoker$MethodInvocationAgent.invoke(TestInvoker.java:804)
at org.testng.internal.TestInvoker.invokeTestMethods(TestInvoker.java:145)
at org.testng.internal.TestMethodWorker.invokeTestMethods(TestMethodWorker.java:146)
at org.testng.internal.TestMethodWorker.run(TestMethodWorker.java:128)
at java.util.concurrent.ThreadPoolExecutor.runWorker(Unknown Source)
at java.util.concurrent.ThreadPoolExecutor$Worker.run(Unknown Source)
at java.lang.Thread.run(Unknown Source)
]]>
    </error>
  </testcase> <!-- basicDetails -->
  <testcase name="basicDetails" time="161.249" classname="com.BOKARO.tc.TC003_BSPBasicDetails"/>
  <testcase name="basicDetails" time="161.173" classname="com.BOKARO.tc.TC003_BSPBasicDetails"/>
  <testcase name="basicDetails" time="162.544" classname="com.BOKARO.tc.TC003_BSPBasicDetails"/>
  <testcase name="basicDetails" time="160.071" classname="com.BOKARO.tc.TC003_BSPBasicDetails"/>
  <testcase name="basicDetails" time="162.662" classname="com.BOKARO.tc.TC003_BSPBasicDetails"/>
  <testcase name="basicDetails" time="163.129" classname="com.BOKARO.tc.TC003_BSPBasicDetails"/>
  <testcase name="basicDetails" time="161.784" classname="com.BOKARO.tc.TC003_BSPBasicDetails"/>
  <testcase name="basicDetails" time="159.006" classname="com.BOKARO.tc.TC003_BSPBasicDetails"/>
  <testcase name="basicDetails" time="163.083" classname="com.BOKARO.tc.TC003_BSPBasicDetails"/>
  <testcase name="basicDetails" time="158.351" classname="com.BOKARO.tc.TC003_BSPBasicDetails"/>
  <testcase name="basicDetails" time="161.252" classname="com.BOKARO.tc.TC003_BSPBasicDetails"/>
  <testcase name="basicDetails" time="158.555" classname="com.BOKARO.tc.TC003_BSPBasicDetails"/>
  <testcase name="basicDetails" time="162.351" classname="com.BOKARO.tc.TC003_BSPBasicDetails"/>
  <testcase name="basicDetails" time="162.371" classname="com.BOKARO.tc.TC003_BSPBasicDetails"/>
  <testcase name="basicDetails" time="162.930" classname="com.BOKARO.tc.TC003_BSPBasicDetails"/>
  <testcase name="basicDetails" time="161.727" classname="com.BOKARO.tc.TC003_BSPBasicDetails"/>
  <testcase name="basicDetails" time="162.178" classname="com.BOKARO.tc.TC003_BSPBasicDetails"/>
  <testcase name="basicDetails" time="162.238" classname="com.BOKARO.tc.TC003_BSPBasicDetails"/>
  <testcase name="basicDetails" time="160.355" classname="com.BOKARO.tc.TC003_BSPBasicDetails"/>
  <testcase name="basicDetails" time="162.117" classname="com.BOKARO.tc.TC003_BSPBasicDetails"/>
  <testcase name="basicDetails" time="161.633" classname="com.BOKARO.tc.TC003_BSPBasicDetails"/>
  <testcase name="basicDetails" time="162.337" classname="com.BOKARO.tc.TC003_BSPBasicDetails"/>
  <testcase name="basicDetails" time="161.935" classname="com.BOKARO.tc.TC003_BSPBasicDetails"/>
  <testcase name="basicDetails" time="162.351" classname="com.BOKARO.tc.TC003_BSPBasicDetails"/>
  <testcase name="basicDetails" time="162.300" classname="com.BOKARO.tc.TC003_BSPBasicDetails"/>
  <testcase name="basicDetails" time="162.766" classname="com.BOKARO.tc.TC003_BSPBasicDetails"/>
  <testcase name="basicDetails" time="161.132" classname="com.BOKARO.tc.TC003_BSPBasicDetails"/>
  <testcase name="basicDetails" time="162.572" classname="com.BOKARO.tc.TC003_BSPBasicDetails"/>
  <testcase name="basicDetails" time="163.399" classname="com.BOKARO.tc.TC003_BSPBasicDetails"/>
  <testcase name="basicDetails" time="162.431" classname="com.BOKARO.tc.TC003_BSPBasicDetails"/>
  <testcase name="basicDetails" time="161.671" classname="com.BOKARO.tc.TC003_BSPBasicDetails"/>
  <testcase name="basicDetails" time="162.690" classname="com.BOKARO.tc.TC003_BSPBasicDetails"/>
  <testcase name="basicDetails" time="160.474" classname="com.BOKARO.tc.TC003_BSPBasicDetails"/>
  <testcase name="basicDetails" time="162.138" classname="com.BOKARO.tc.TC003_BSPBasicDetails"/>
  <testcase name="basicDetails" time="162.554" classname="com.BOKARO.tc.TC003_BSPBasicDetails"/>
  <testcase name="basicDetails" time="162.350" classname="com.BOKARO.tc.TC003_BSPBasicDetails"/>
  <testcase name="basicDetails" time="162.534" classname="com.BOKARO.tc.TC003_BSPBasicDetails"/>
  <testcase name="basicDetails" time="160.201" classname="com.BOKARO.tc.TC003_BSPBasicDetails"/>
  <testcase name="basicDetails" time="161.795" classname="com.BOKARO.tc.TC003_BSPBasicDetails"/>
  <testcase name="basicDetails" time="162.385" classname="com.BOKARO.tc.TC003_BSPBasicDetails"/>
  <testcase name="basicDetails" time="162.537" classname="com.BOKARO.tc.TC003_BSPBasicDetails"/>
  <testcase name="basicDetails" time="162.310" classname="com.BOKARO.tc.TC003_BSPBasicDetails"/>
  <testcase name="basicDetails" time="160.711" classname="com.BOKARO.tc.TC003_BSPBasicDetails"/>
  <testcase name="basicDetails" time="161.363" classname="com.BOKARO.tc.TC003_BSPBasicDetails"/>
  <testcase name="basicDetails" time="161.976" classname="com.BOKARO.tc.TC003_BSPBasicDetails"/>
  <testcase name="basicDetails" time="161.622" classname="com.BOKARO.tc.TC003_BSPBasicDetails"/>
  <testcase name="basicDetails" time="158.566" classname="com.BOKARO.tc.TC003_BSPBasicDetails"/>
  <testcase name="basicDetails" time="163.319" classname="com.BOKARO.tc.TC003_BSPBasicDetails"/>
  <testcase name="basicDetails" time="161.858" classname="com.BOKARO.tc.TC003_BSPBasicDetails"/>
  <testcase name="basicDetails" time="162.908" classname="com.BOKARO.tc.TC003_BSPBasicDetails"/>
  <testcase name="basicDetails" time="162.019" classname="com.BOKARO.tc.TC003_BSPBasicDetails"/>
  <testcase name="basicDetails" time="162.431" classname="com.BOKARO.tc.TC003_BSPBasicDetails"/>
  <testcase name="basicDetails" time="158.669" classname="com.BOKARO.tc.TC003_BSPBasicDetails"/>
  <testcase name="basicDetails" time="162.029" classname="com.BOKARO.tc.TC003_BSPBasicDetails"/>
  <testcase name="basicDetails" time="161.982" classname="com.BOKARO.tc.TC003_BSPBasicDetails"/>
  <testcase name="basicDetails" time="161.851" classname="com.BOKARO.tc.TC003_BSPBasicDetails"/>
  <testcase name="basicDetails" time="161.696" classname="com.BOKARO.tc.TC003_BSPBasicDetails"/>
  <testcase name="basicDetails" time="162.077" classname="com.BOKARO.tc.TC003_BSPBasicDetails"/>
  <testcase name="basicDetails" time="162.352" classname="com.BOKARO.tc.TC003_BSPBasicDetails"/>
  <testcase name="basicDetails" time="162.598" classname="com.BOKARO.tc.TC003_BSPBasicDetails"/>
  <testcase name="basicDetails" time="162.045" classname="com.BOKARO.tc.TC003_BSPBasicDetails"/>
  <testcase name="basicDetails" time="161.957" classname="com.BOKARO.tc.TC003_BSPBasicDetails"/>
  <testcase name="basicDetails" time="162.427" classname="com.BOKARO.tc.TC003_BSPBasicDetails"/>
  <testcase name="basicDetails" time="161.702" classname="com.BOKARO.tc.TC003_BSPBasicDetails"/>
  <testcase name="basicDetails" time="162.633" classname="com.BOKARO.tc.TC003_BSPBasicDetails"/>
</testsuite> <!-- com.BOKARO.tc.TC003_BSPBasicDetails -->
