<?xml version="1.0" encoding="UTF-8"?>
<!-- Generated by org.testng.reporters.JUnitReportReporter -->
<testsuite skipped="0" hostname="MAA011276B" name="com.nehru.tc.TC005_NehruBasicDetails" tests="120" failures="0" timestamp="22 Jul 2019 08:39:20 GMT" time="9697.862" errors="1">
  <testcase name="basicDetails" time="77.064" classname="com.nehru.tc.TC005_NehruBasicDetails"/>
  <testcase name="basicDetails" time="77.605" classname="com.nehru.tc.TC005_NehruBasicDetails"/>
  <testcase name="basicDetails" time="76.736" classname="com.nehru.tc.TC005_NehruBasicDetails"/>
  <testcase name="basicDetails" time="76.754" classname="com.nehru.tc.TC005_NehruBasicDetails"/>
  <testcase name="basicDetails" time="76.518" classname="com.nehru.tc.TC005_NehruBasicDetails"/>
  <testcase name="basicDetails" time="77.898" classname="com.nehru.tc.TC005_NehruBasicDetails"/>
  <testcase name="basicDetails" time="76.150" classname="com.nehru.tc.TC005_NehruBasicDetails"/>
  <testcase name="basicDetails" time="80.530" classname="com.nehru.tc.TC005_NehruBasicDetails"/>
  <testcase name="basicDetails" time="77.598" classname="com.nehru.tc.TC005_NehruBasicDetails"/>
  <testcase name="basicDetails" time="76.436" classname="com.nehru.tc.TC005_NehruBasicDetails"/>
  <testcase name="basicDetails" time="78.850" classname="com.nehru.tc.TC005_NehruBasicDetails"/>
  <testcase name="basicDetails" time="87.643" classname="com.nehru.tc.TC005_NehruBasicDetails"/>
  <testcase name="basicDetails" time="77.325" classname="com.nehru.tc.TC005_NehruBasicDetails"/>
  <testcase name="basicDetails" time="79.676" classname="com.nehru.tc.TC005_NehruBasicDetails"/>
  <testcase name="basicDetails" time="78.308" classname="com.nehru.tc.TC005_NehruBasicDetails"/>
  <testcase name="basicDetails" time="77.750" classname="com.nehru.tc.TC005_NehruBasicDetails"/>
  <testcase name="basicDetails" time="77.624" classname="com.nehru.tc.TC005_NehruBasicDetails"/>
  <testcase name="basicDetails" time="94.547" classname="com.nehru.tc.TC005_NehruBasicDetails"/>
  <testcase name="basicDetails" time="100.592" classname="com.nehru.tc.TC005_NehruBasicDetails"/>
  <testcase name="basicDetails" time="79.729" classname="com.nehru.tc.TC005_NehruBasicDetails"/>
  <testcase name="basicDetails" time="78.057" classname="com.nehru.tc.TC005_NehruBasicDetails"/>
  <testcase name="basicDetails" time="77.146" classname="com.nehru.tc.TC005_NehruBasicDetails"/>
  <testcase name="basicDetails" time="78.283" classname="com.nehru.tc.TC005_NehruBasicDetails"/>
  <testcase name="basicDetails" time="89.442" classname="com.nehru.tc.TC005_NehruBasicDetails"/>
  <testcase name="basicDetails" time="77.018" classname="com.nehru.tc.TC005_NehruBasicDetails"/>
  <testcase name="basicDetails" time="92.356" classname="com.nehru.tc.TC005_NehruBasicDetails"/>
  <testcase name="basicDetails" time="77.758" classname="com.nehru.tc.TC005_NehruBasicDetails"/>
  <testcase name="basicDetails" time="76.554" classname="com.nehru.tc.TC005_NehruBasicDetails"/>
  <testcase name="basicDetails" time="77.935" classname="com.nehru.tc.TC005_NehruBasicDetails"/>
  <testcase name="basicDetails" time="78.484" classname="com.nehru.tc.TC005_NehruBasicDetails"/>
  <testcase name="basicDetails" time="77.699" classname="com.nehru.tc.TC005_NehruBasicDetails"/>
  <testcase name="basicDetails" time="88.349" classname="com.nehru.tc.TC005_NehruBasicDetails"/>
  <testcase name="basicDetails" time="77.376" classname="com.nehru.tc.TC005_NehruBasicDetails"/>
  <testcase name="basicDetails" time="77.805" classname="com.nehru.tc.TC005_NehruBasicDetails"/>
  <testcase name="basicDetails" time="77.633" classname="com.nehru.tc.TC005_NehruBasicDetails"/>
  <testcase name="basicDetails" time="77.211" classname="com.nehru.tc.TC005_NehruBasicDetails"/>
  <testcase name="basicDetails" time="77.662" classname="com.nehru.tc.TC005_NehruBasicDetails"/>
  <testcase name="basicDetails" time="78.450" classname="com.nehru.tc.TC005_NehruBasicDetails"/>
  <testcase name="basicDetails" time="77.971" classname="com.nehru.tc.TC005_NehruBasicDetails"/>
  <testcase name="basicDetails" time="76.606" classname="com.nehru.tc.TC005_NehruBasicDetails"/>
  <testcase name="basicDetails" time="76.954" classname="com.nehru.tc.TC005_NehruBasicDetails"/>
  <testcase name="basicDetails" time="77.389" classname="com.nehru.tc.TC005_NehruBasicDetails"/>
  <testcase name="basicDetails" time="83.178" classname="com.nehru.tc.TC005_NehruBasicDetails"/>
  <testcase name="basicDetails" time="77.639" classname="com.nehru.tc.TC005_NehruBasicDetails"/>
  <testcase name="basicDetails" time="78.524" classname="com.nehru.tc.TC005_NehruBasicDetails"/>
  <testcase name="basicDetails" time="76.286" classname="com.nehru.tc.TC005_NehruBasicDetails"/>
  <testcase name="basicDetails" time="76.509" classname="com.nehru.tc.TC005_NehruBasicDetails"/>
  <testcase name="basicDetails" time="76.826" classname="com.nehru.tc.TC005_NehruBasicDetails"/>
  <testcase name="basicDetails" time="76.963" classname="com.nehru.tc.TC005_NehruBasicDetails"/>
  <testcase name="basicDetails" time="78.805" classname="com.nehru.tc.TC005_NehruBasicDetails"/>
  <testcase name="basicDetails" time="77.783" classname="com.nehru.tc.TC005_NehruBasicDetails"/>
  <testcase name="basicDetails" time="77.753" classname="com.nehru.tc.TC005_NehruBasicDetails"/>
  <testcase name="basicDetails" time="77.837" classname="com.nehru.tc.TC005_NehruBasicDetails"/>
  <testcase name="basicDetails" time="76.553" classname="com.nehru.tc.TC005_NehruBasicDetails"/>
  <testcase name="basicDetails" time="78.067" classname="com.nehru.tc.TC005_NehruBasicDetails"/>
  <testcase name="basicDetails" time="82.294" classname="com.nehru.tc.TC005_NehruBasicDetails"/>
  <testcase name="basicDetails" time="76.689" classname="com.nehru.tc.TC005_NehruBasicDetails"/>
  <testcase name="basicDetails" time="76.937" classname="com.nehru.tc.TC005_NehruBasicDetails"/>
  <testcase name="basicDetails" time="81.056" classname="com.nehru.tc.TC005_NehruBasicDetails"/>
  <testcase name="basicDetails" time="76.650" classname="com.nehru.tc.TC005_NehruBasicDetails"/>
  <testcase name="basicDetails" time="82.214" classname="com.nehru.tc.TC005_NehruBasicDetails"/>
  <testcase name="basicDetails" time="79.222" classname="com.nehru.tc.TC005_NehruBasicDetails"/>
  <testcase name="basicDetails" time="80.410" classname="com.nehru.tc.TC005_NehruBasicDetails"/>
  <testcase name="basicDetails" time="78.476" classname="com.nehru.tc.TC005_NehruBasicDetails"/>
  <testcase name="basicDetails" time="77.021" classname="com.nehru.tc.TC005_NehruBasicDetails"/>
  <testcase name="basicDetails" time="77.194" classname="com.nehru.tc.TC005_NehruBasicDetails"/>
  <testcase name="basicDetails" time="77.220" classname="com.nehru.tc.TC005_NehruBasicDetails"/>
  <testcase name="basicDetails" time="76.871" classname="com.nehru.tc.TC005_NehruBasicDetails"/>
  <testcase name="basicDetails" time="76.724" classname="com.nehru.tc.TC005_NehruBasicDetails"/>
  <testcase name="basicDetails" time="77.703" classname="com.nehru.tc.TC005_NehruBasicDetails"/>
  <testcase name="basicDetails" time="77.338" classname="com.nehru.tc.TC005_NehruBasicDetails"/>
  <testcase name="basicDetails" time="76.860" classname="com.nehru.tc.TC005_NehruBasicDetails"/>
  <testcase name="basicDetails" time="77.688" classname="com.nehru.tc.TC005_NehruBasicDetails"/>
  <testcase name="basicDetails" time="107.709" classname="com.nehru.tc.TC005_NehruBasicDetails"/>
  <testcase name="basicDetails" time="76.568" classname="com.nehru.tc.TC005_NehruBasicDetails"/>
  <testcase name="basicDetails" time="78.934" classname="com.nehru.tc.TC005_NehruBasicDetails"/>
  <testcase name="basicDetails" time="77.832" classname="com.nehru.tc.TC005_NehruBasicDetails"/>
  <testcase name="basicDetails" time="89.509" classname="com.nehru.tc.TC005_NehruBasicDetails"/>
  <testcase name="basicDetails" time="88.680" classname="com.nehru.tc.TC005_NehruBasicDetails"/>
  <testcase name="basicDetails" time="77.588" classname="com.nehru.tc.TC005_NehruBasicDetails"/>
  <testcase name="basicDetails" time="76.968" classname="com.nehru.tc.TC005_NehruBasicDetails"/>
  <testcase name="basicDetails" time="78.304" classname="com.nehru.tc.TC005_NehruBasicDetails"/>
  <testcase name="basicDetails" time="78.194" classname="com.nehru.tc.TC005_NehruBasicDetails"/>
  <testcase name="basicDetails" time="130.493" classname="com.nehru.tc.TC005_NehruBasicDetails"/>
  <testcase name="basicDetails" time="91.340" classname="com.nehru.tc.TC005_NehruBasicDetails"/>
  <testcase name="basicDetails" time="78.483" classname="com.nehru.tc.TC005_NehruBasicDetails"/>
  <testcase name="basicDetails" time="77.496" classname="com.nehru.tc.TC005_NehruBasicDetails"/>
  <testcase name="basicDetails" time="76.335" classname="com.nehru.tc.TC005_NehruBasicDetails"/>
  <testcase name="basicDetails" time="78.248" classname="com.nehru.tc.TC005_NehruBasicDetails"/>
  <testcase name="basicDetails" time="76.268" classname="com.nehru.tc.TC005_NehruBasicDetails"/>
  <testcase name="basicDetails" time="79.838" classname="com.nehru.tc.TC005_NehruBasicDetails"/>
  <testcase name="basicDetails" time="77.753" classname="com.nehru.tc.TC005_NehruBasicDetails"/>
  <testcase name="basicDetails" time="77.652" classname="com.nehru.tc.TC005_NehruBasicDetails"/>
  <testcase name="basicDetails" time="79.118" classname="com.nehru.tc.TC005_NehruBasicDetails"/>
  <testcase name="basicDetails" time="83.245" classname="com.nehru.tc.TC005_NehruBasicDetails"/>
  <testcase name="basicDetails" time="77.751" classname="com.nehru.tc.TC005_NehruBasicDetails"/>
  <testcase name="basicDetails" time="78.938" classname="com.nehru.tc.TC005_NehruBasicDetails"/>
  <testcase name="basicDetails" time="78.374" classname="com.nehru.tc.TC005_NehruBasicDetails"/>
  <testcase name="basicDetails" time="77.768" classname="com.nehru.tc.TC005_NehruBasicDetails"/>
  <testcase name="basicDetails" time="191.808" classname="com.nehru.tc.TC005_NehruBasicDetails"/>
  <testcase name="basicDetails" time="77.939" classname="com.nehru.tc.TC005_NehruBasicDetails"/>
  <testcase name="basicDetails" time="76.900" classname="com.nehru.tc.TC005_NehruBasicDetails"/>
  <testcase name="basicDetails" time="77.743" classname="com.nehru.tc.TC005_NehruBasicDetails"/>
  <testcase name="basicDetails" time="78.273" classname="com.nehru.tc.TC005_NehruBasicDetails"/>
  <testcase name="basicDetails" time="81.769" classname="com.nehru.tc.TC005_NehruBasicDetails"/>
  <testcase name="basicDetails" time="78.164" classname="com.nehru.tc.TC005_NehruBasicDetails"/>
  <testcase name="basicDetails" time="77.363" classname="com.nehru.tc.TC005_NehruBasicDetails"/>
  <testcase name="basicDetails" time="77.949" classname="com.nehru.tc.TC005_NehruBasicDetails"/>
  <testcase name="basicDetails" time="76.551" classname="com.nehru.tc.TC005_NehruBasicDetails"/>
  <testcase name="basicDetails" time="76.200" classname="com.nehru.tc.TC005_NehruBasicDetails"/>
  <testcase name="basicDetails" time="87.257" classname="com.nehru.tc.TC005_NehruBasicDetails">
    <error type="java.lang.RuntimeException">
      <![CDATA[java.lang.RuntimeException
at lib.utils.HTMLReporter.reportStep(HTMLReporter.java:73)
at lib.utils.HTMLReporter.reportStep(HTMLReporter.java:82)
at lib.selenium.WebDriverServiceImpl.agevalidator_asondate(WebDriverServiceImpl.java:1124)
at com.ibps.pages.PersonalDetailsPage.ageValidatorAsOnDate(PersonalDetailsPage.java:187)
at com.nehru.tc.TC005_NehruBasicDetails.basicDetails(TC005_NehruBasicDetails.java:62)
at sun.reflect.GeneratedMethodAccessor89.invoke(Unknown Source)
at sun.reflect.DelegatingMethodAccessorImpl.invoke(DelegatingMethodAccessorImpl.java:43)
at java.lang.reflect.Method.invoke(Method.java:498)
at org.testng.internal.MethodInvocationHelper.invokeMethod(MethodInvocationHelper.java:124)
at org.testng.internal.Invoker.invokeMethod(Invoker.java:583)
at org.testng.internal.Invoker.invokeTestMethod(Invoker.java:719)
at org.testng.internal.Invoker.invokeTestMethods(Invoker.java:989)
at org.testng.internal.TestMethodWorker.invokeTestMethods(TestMethodWorker.java:125)
at org.testng.internal.TestMethodWorker.run(TestMethodWorker.java:109)
at java.util.concurrent.ThreadPoolExecutor.runWorker(ThreadPoolExecutor.java:1149)
at java.util.concurrent.ThreadPoolExecutor$Worker.run(ThreadPoolExecutor.java:624)
at java.lang.Thread.run(Thread.java:748)
]]>
    </error>
  </testcase> <!-- basicDetails -->
  <testcase name="basicDetails" time="76.464" classname="com.nehru.tc.TC005_NehruBasicDetails"/>
  <testcase name="basicDetails" time="78.573" classname="com.nehru.tc.TC005_NehruBasicDetails"/>
  <testcase name="basicDetails" time="77.652" classname="com.nehru.tc.TC005_NehruBasicDetails"/>
  <testcase name="basicDetails" time="77.137" classname="com.nehru.tc.TC005_NehruBasicDetails"/>
  <testcase name="basicDetails" time="78.164" classname="com.nehru.tc.TC005_NehruBasicDetails"/>
  <testcase name="basicDetails" time="77.983" classname="com.nehru.tc.TC005_NehruBasicDetails"/>
  <testcase name="basicDetails" time="78.828" classname="com.nehru.tc.TC005_NehruBasicDetails"/>
  <testcase name="basicDetails" time="78.943" classname="com.nehru.tc.TC005_NehruBasicDetails"/>
  <testcase name="basicDetails" time="96.055" classname="com.nehru.tc.TC005_NehruBasicDetails"/>
</testsuite> <!-- com.nehru.tc.TC005_NehruBasicDetails -->
