<?xml version="1.0" encoding="UTF-8"?>
<!-- Generated by org.testng.reporters.JUnitReportReporter -->
<testsuite skipped="0" hostname="MAA014482B" name="com.BOB_March23.tc.TC003_BOBBasicDetails" tests="40" failures="0" timestamp="2023-04-25T16:16:13 IST" time="6489.887" errors="0">
  <testcase name="basicDetails" time="160.859" classname="com.BOB_March23.tc.TC003_BOBBasicDetails"/>
  <testcase name="basicDetails" time="161.969" classname="com.BOB_March23.tc.TC003_BOBBasicDetails"/>
  <testcase name="basicDetails" time="161.421" classname="com.BOB_March23.tc.TC003_BOBBasicDetails"/>
  <testcase name="basicDetails" time="177.378" classname="com.BOB_March23.tc.TC003_BOBBasicDetails"/>
  <testcase name="basicDetails" time="161.622" classname="com.BOB_March23.tc.TC003_BOBBasicDetails"/>
  <testcase name="basicDetails" time="161.710" classname="com.BOB_March23.tc.TC003_BOBBasicDetails"/>
  <testcase name="basicDetails" time="161.648" classname="com.BOB_March23.tc.TC003_BOBBasicDetails"/>
  <testcase name="basicDetails" time="161.770" classname="com.BOB_March23.tc.TC003_BOBBasicDetails"/>
  <testcase name="basicDetails" time="162.891" classname="com.BOB_March23.tc.TC003_BOBBasicDetails"/>
  <testcase name="basicDetails" time="161.746" classname="com.BOB_March23.tc.TC003_BOBBasicDetails"/>
  <testcase name="basicDetails" time="162.251" classname="com.BOB_March23.tc.TC003_BOBBasicDetails"/>
  <testcase name="basicDetails" time="161.145" classname="com.BOB_March23.tc.TC003_BOBBasicDetails"/>
  <testcase name="basicDetails" time="161.799" classname="com.BOB_March23.tc.TC003_BOBBasicDetails"/>
  <testcase name="basicDetails" time="162.092" classname="com.BOB_March23.tc.TC003_BOBBasicDetails"/>
  <testcase name="basicDetails" time="161.329" classname="com.BOB_March23.tc.TC003_BOBBasicDetails"/>
  <testcase name="basicDetails" time="161.063" classname="com.BOB_March23.tc.TC003_BOBBasicDetails"/>
  <testcase name="basicDetails" time="162.473" classname="com.BOB_March23.tc.TC003_BOBBasicDetails"/>
  <testcase name="basicDetails" time="161.556" classname="com.BOB_March23.tc.TC003_BOBBasicDetails"/>
  <testcase name="basicDetails" time="162.912" classname="com.BOB_March23.tc.TC003_BOBBasicDetails"/>
  <testcase name="basicDetails" time="162.570" classname="com.BOB_March23.tc.TC003_BOBBasicDetails"/>
  <testcase name="basicDetails" time="161.227" classname="com.BOB_March23.tc.TC003_BOBBasicDetails"/>
  <testcase name="basicDetails" time="161.589" classname="com.BOB_March23.tc.TC003_BOBBasicDetails"/>
  <testcase name="basicDetails" time="161.552" classname="com.BOB_March23.tc.TC003_BOBBasicDetails"/>
  <testcase name="basicDetails" time="163.052" classname="com.BOB_March23.tc.TC003_BOBBasicDetails"/>
  <testcase name="basicDetails" time="161.837" classname="com.BOB_March23.tc.TC003_BOBBasicDetails"/>
  <testcase name="basicDetails" time="161.335" classname="com.BOB_March23.tc.TC003_BOBBasicDetails"/>
  <testcase name="basicDetails" time="161.873" classname="com.BOB_March23.tc.TC003_BOBBasicDetails"/>
  <testcase name="basicDetails" time="162.560" classname="com.BOB_March23.tc.TC003_BOBBasicDetails"/>
  <testcase name="basicDetails" time="162.749" classname="com.BOB_March23.tc.TC003_BOBBasicDetails"/>
  <testcase name="basicDetails" time="162.144" classname="com.BOB_March23.tc.TC003_BOBBasicDetails"/>
  <testcase name="basicDetails" time="161.261" classname="com.BOB_March23.tc.TC003_BOBBasicDetails"/>
  <testcase name="basicDetails" time="161.465" classname="com.BOB_March23.tc.TC003_BOBBasicDetails"/>
  <testcase name="basicDetails" time="160.876" classname="com.BOB_March23.tc.TC003_BOBBasicDetails"/>
  <testcase name="basicDetails" time="161.968" classname="com.BOB_March23.tc.TC003_BOBBasicDetails"/>
  <testcase name="basicDetails" time="162.851" classname="com.BOB_March23.tc.TC003_BOBBasicDetails"/>
  <testcase name="basicDetails" time="161.633" classname="com.BOB_March23.tc.TC003_BOBBasicDetails"/>
  <testcase name="basicDetails" time="161.570" classname="com.BOB_March23.tc.TC003_BOBBasicDetails"/>
  <testcase name="basicDetails" time="162.054" classname="com.BOB_March23.tc.TC003_BOBBasicDetails"/>
  <testcase name="basicDetails" time="161.848" classname="com.BOB_March23.tc.TC003_BOBBasicDetails"/>
  <testcase name="basicDetails" time="162.239" classname="com.BOB_March23.tc.TC003_BOBBasicDetails"/>
</testsuite> <!-- com.BOB_March23.tc.TC003_BOBBasicDetails -->
